cuda memory allocated: 5478912
n_trainable_params: 482603, n_nontrainable_params: 882400
> training arguments:
>>> model_name: gc_ian
>>> model_ver: 3
>>> dataset: restaurant
>>> optimizer: <class 'torch.optim.adam.Adam'>
>>> initializer: <function xavier_uniform_ at 0x7f6dbb7d0ae8>
>>> learning_rate: 0.001
>>> momentum: 0.95
>>> dropout: 0.5
>>> l2reg: 5e-05
>>> num_epoch: 50
>>> batch_size: 32
>>> log_step: 5
>>> embed_dim: 200
>>> hidden_dim: 300
>>> bert_dim: 768
>>> pretrained_bert_name: bert-base-uncased
>>> embeddings: gd
>>> max_seq_len: 80
>>> polarities_dim: 3
>>> hops: 3
>>> device: cuda
>>> seed: 0
>>> valset_ratio: 0
>>> num_layers: 1
>>> in_channels: 50
>>> out_channels: 1
>>> downbot: 20
>>> kernel_size: 3
>>> glove_path: ./embeddings/glove.840B.300d.txt
>>> embedding_matrix_path: gen_data/embeddings/200_restaurant_glove_domain_embedding_matrix.dat
>>> model_class: <class 'models.gc_ian.GC_IAN3'>
>>> dataset_file: {'train': './datasets/semeval14/Restaurants_Train.xml.seg', 'test': './datasets/semeval14/Restaurants_Test_Gold.xml.seg'}
>>> inputs_cols: ['text_raw_indices', 'aspect_indices']
>>>>>>>>>>>>>>>>>>>>>>>>>>>>>>>>>>>>>>>>>>>>>>>>>>>>>>>>>>>>>>>>>>>>>>>>>>>>>>>>>>>>>>>>>>>>>>>>>>>>
epoch: 0
loss: 1.0004, acc: 0.5500
loss: 0.9828, acc: 0.5531
loss: 0.9458, acc: 0.5771
loss: 0.9228, acc: 0.5984
loss: 0.9356, acc: 0.5900
loss: 0.9408, acc: 0.5885
loss: 0.9348, acc: 0.5946
loss: 0.9279, acc: 0.5953
loss: 0.9200, acc: 0.6000
loss: 0.9185, acc: 0.6006
loss: 0.9115, acc: 0.5977
loss: 0.9082, acc: 0.5990
loss: 0.8954, acc: 0.6043
loss: 0.8990, acc: 0.5982
loss: 0.8893, acc: 0.6050
loss: 0.8857, acc: 0.6074
loss: 0.8792, acc: 0.6092
loss: 0.8727, acc: 0.6108
loss: 0.8674, acc: 0.6145
loss: 0.8631, acc: 0.6169
loss: 0.8513, acc: 0.6250
loss: 0.8468, acc: 0.6273
> val_acc: 0.7268, val_f1: 0.4955
>> saved: state_dict/gc_ian_restaurant_val_acc0.7268
>>>>>>>>>>>>>>>>>>>>>>>>>>>>>>>>>>>>>>>>>>>>>>>>>>>>>>>>>>>>>>>>>>>>>>>>>>>>>>>>>>>>>>>>>>>>>>>>>>>>
epoch: 1
loss: 0.6638, acc: 0.7656
loss: 0.6389, acc: 0.7723
loss: 0.6555, acc: 0.7526
loss: 0.6409, acc: 0.7592
loss: 0.6389, acc: 0.7642
loss: 0.6381, acc: 0.7627
loss: 0.6281, acc: 0.7686
loss: 0.6221, acc: 0.7703
loss: 0.6111, acc: 0.7708
loss: 0.6208, acc: 0.7600
loss: 0.6232, acc: 0.7554
loss: 0.6264, acc: 0.7538
loss: 0.6286, acc: 0.7520
loss: 0.6274, acc: 0.7528
loss: 0.6312, acc: 0.7500
loss: 0.6352, acc: 0.7488
loss: 0.6326, acc: 0.7477
loss: 0.6383, acc: 0.7450
loss: 0.6308, acc: 0.7493
loss: 0.6273, acc: 0.7510
loss: 0.6255, acc: 0.7515
loss: 0.6252, acc: 0.7500
loss: 0.6260, acc: 0.7500
> val_acc: 0.7723, val_f1: 0.6257
>> saved: state_dict/gc_ian_restaurant_val_acc0.7723
>>>>>>>>>>>>>>>>>>>>>>>>>>>>>>>>>>>>>>>>>>>>>>>>>>>>>>>>>>>>>>>>>>>>>>>>>>>>>>>>>>>>>>>>>>>>>>>>>>>>
epoch: 2
loss: 0.5902, acc: 0.7812
loss: 0.5289, acc: 0.7951
loss: 0.5318, acc: 0.8036
loss: 0.5416, acc: 0.8010
loss: 0.5410, acc: 0.8047
loss: 0.5206, acc: 0.8136
loss: 0.5223, acc: 0.8088
loss: 0.5198, acc: 0.8061
loss: 0.5250, acc: 0.8026
loss: 0.5279, acc: 0.8004
loss: 0.5262, acc: 0.7992
loss: 0.5298, acc: 0.7961
loss: 0.5281, acc: 0.7974
loss: 0.5252, acc: 0.7989
loss: 0.5287, acc: 0.7965
loss: 0.5282, acc: 0.7967
loss: 0.5327, acc: 0.7943
loss: 0.5314, acc: 0.7939
loss: 0.5338, acc: 0.7926
loss: 0.5353, acc: 0.7920
loss: 0.5357, acc: 0.7918
loss: 0.5380, acc: 0.7901
> val_acc: 0.7920, val_f1: 0.6722
>> saved: state_dict/gc_ian_restaurant_val_acc0.792
>>>>>>>>>>>>>>>>>>>>>>>>>>>>>>>>>>>>>>>>>>>>>>>>>>>>>>>>>>>>>>>>>>>>>>>>>>>>>>>>>>>>>>>>>>>>>>>>>>>>
epoch: 3
loss: 0.3987, acc: 0.8750
loss: 0.4566, acc: 0.8125
loss: 0.4498, acc: 0.8239
loss: 0.4767, acc: 0.8164
loss: 0.4580, acc: 0.8289
loss: 0.4567, acc: 0.8329
loss: 0.4609, acc: 0.8276
loss: 0.4670, acc: 0.8247
loss: 0.4754, acc: 0.8209
loss: 0.4719, acc: 0.8213
loss: 0.4709, acc: 0.8217
loss: 0.4737, acc: 0.8220
loss: 0.4808, acc: 0.8145
loss: 0.4868, acc: 0.8120
loss: 0.4873, acc: 0.8121
loss: 0.4813, acc: 0.8141
loss: 0.4753, acc: 0.8164
loss: 0.4740, acc: 0.8172
loss: 0.4751, acc: 0.8159
loss: 0.4760, acc: 0.8151
loss: 0.4749, acc: 0.8168
loss: 0.4740, acc: 0.8178
loss: 0.4782, acc: 0.8176
> val_acc: 0.7866, val_f1: 0.6581
>>>>>>>>>>>>>>>>>>>>>>>>>>>>>>>>>>>>>>>>>>>>>>>>>>>>>>>>>>>>>>>>>>>>>>>>>>>>>>>>>>>>>>>>>>>>>>>>>>>>
epoch: 4
loss: 0.3871, acc: 0.8542
loss: 0.4154, acc: 0.8320
loss: 0.4134, acc: 0.8510
loss: 0.3972, acc: 0.8576
loss: 0.4142, acc: 0.8451
loss: 0.4129, acc: 0.8516
loss: 0.4127, acc: 0.8523
loss: 0.4044, acc: 0.8569
loss: 0.4157, acc: 0.8503
loss: 0.4175, acc: 0.8470
loss: 0.4117, acc: 0.8479
loss: 0.4084, acc: 0.8486
loss: 0.4171, acc: 0.8447
loss: 0.4214, acc: 0.8424
loss: 0.4225, acc: 0.8433
loss: 0.4221, acc: 0.8429
loss: 0.4231, acc: 0.8441
loss: 0.4222, acc: 0.8452
loss: 0.4257, acc: 0.8417
loss: 0.4261, acc: 0.8415
loss: 0.4272, acc: 0.8410
loss: 0.4269, acc: 0.8411
loss: 0.4253, acc: 0.8428
> val_acc: 0.7812, val_f1: 0.6377
>>>>>>>>>>>>>>>>>>>>>>>>>>>>>>>>>>>>>>>>>>>>>>>>>>>>>>>>>>>>>>>>>>>>>>>>>>>>>>>>>>>>>>>>>>>>>>>>>>>>
epoch: 5
loss: 0.3247, acc: 0.8750
loss: 0.3823, acc: 0.8500
loss: 0.3370, acc: 0.8688
loss: 0.3495, acc: 0.8656
loss: 0.3693, acc: 0.8550
loss: 0.3731, acc: 0.8552
loss: 0.3843, acc: 0.8500
loss: 0.3824, acc: 0.8539
loss: 0.3803, acc: 0.8562
loss: 0.3828, acc: 0.8538
loss: 0.3804, acc: 0.8557
loss: 0.3798, acc: 0.8568
loss: 0.3744, acc: 0.8596
loss: 0.3858, acc: 0.8522
loss: 0.3894, acc: 0.8492
loss: 0.3937, acc: 0.8480
loss: 0.3942, acc: 0.8471
loss: 0.3941, acc: 0.8479
loss: 0.3952, acc: 0.8477
loss: 0.3944, acc: 0.8481
loss: 0.3944, acc: 0.8467
loss: 0.3936, acc: 0.8486
> val_acc: 0.7866, val_f1: 0.6670
>>>>>>>>>>>>>>>>>>>>>>>>>>>>>>>>>>>>>>>>>>>>>>>>>>>>>>>>>>>>>>>>>>>>>>>>>>>>>>>>>>>>>>>>>>>>>>>>>>>>
epoch: 6
loss: 0.3717, acc: 0.8750
loss: 0.3417, acc: 0.8839
loss: 0.3425, acc: 0.8828
loss: 0.3557, acc: 0.8768
loss: 0.3619, acc: 0.8679
loss: 0.3532, acc: 0.8692
loss: 0.3454, acc: 0.8730
loss: 0.3448, acc: 0.8716
loss: 0.3537, acc: 0.8661
loss: 0.3573, acc: 0.8617
loss: 0.3615, acc: 0.8594
loss: 0.3632, acc: 0.8596
loss: 0.3557, acc: 0.8649
loss: 0.3577, acc: 0.8638
loss: 0.3554, acc: 0.8650
loss: 0.3540, acc: 0.8649
loss: 0.3521, acc: 0.8647
loss: 0.3506, acc: 0.8667
loss: 0.3538, acc: 0.8655
loss: 0.3570, acc: 0.8637
loss: 0.3607, acc: 0.8631
loss: 0.3640, acc: 0.8601
loss: 0.3622, acc: 0.8602
> val_acc: 0.7759, val_f1: 0.6210
>>>>>>>>>>>>>>>>>>>>>>>>>>>>>>>>>>>>>>>>>>>>>>>>>>>>>>>>>>>>>>>>>>>>>>>>>>>>>>>>>>>>>>>>>>>>>>>>>>>>
epoch: 7
loss: 0.3282, acc: 0.8516
loss: 0.3284, acc: 0.8646
loss: 0.3130, acc: 0.8839
loss: 0.3057, acc: 0.8947
loss: 0.3102, acc: 0.8906
loss: 0.3018, acc: 0.8933
loss: 0.3077, acc: 0.8879
loss: 0.3051, acc: 0.8878
loss: 0.3113, acc: 0.8857
loss: 0.3144, acc: 0.8833
loss: 0.3180, acc: 0.8843
loss: 0.3205, acc: 0.8808
loss: 0.3168, acc: 0.8823
loss: 0.3185, acc: 0.8804
loss: 0.3220, acc: 0.8771
loss: 0.3275, acc: 0.8762
loss: 0.3304, acc: 0.8754
loss: 0.3348, acc: 0.8725
loss: 0.3364, acc: 0.8717
loss: 0.3373, acc: 0.8712
loss: 0.3398, acc: 0.8693
loss: 0.3432, acc: 0.8684
> val_acc: 0.7839, val_f1: 0.6728
>>>>>>>>>>>>>>>>>>>>>>>>>>>>>>>>>>>>>>>>>>>>>>>>>>>>>>>>>>>>>>>>>>>>>>>>>>>>>>>>>>>>>>>>>>>>>>>>>>>>
epoch: 8
loss: 0.2180, acc: 1.0000
loss: 0.3028, acc: 0.9219
loss: 0.3027, acc: 0.9062
loss: 0.3077, acc: 0.9004
loss: 0.2998, acc: 0.9003
loss: 0.3055, acc: 0.8906
loss: 0.3032, acc: 0.8901
loss: 0.3012, acc: 0.8906
loss: 0.3043, acc: 0.8895
loss: 0.3097, acc: 0.8852
loss: 0.3111, acc: 0.8830
loss: 0.3072, acc: 0.8845
loss: 0.3106, acc: 0.8832
loss: 0.3165, acc: 0.8793
loss: 0.3195, acc: 0.8794
loss: 0.3223, acc: 0.8791
loss: 0.3222, acc: 0.8804
loss: 0.3188, acc: 0.8815
loss: 0.3214, acc: 0.8812
loss: 0.3238, acc: 0.8799
loss: 0.3244, acc: 0.8793
loss: 0.3275, acc: 0.8785
loss: 0.3263, acc: 0.8784
> val_acc: 0.7830, val_f1: 0.6444
>>>>>>>>>>>>>>>>>>>>>>>>>>>>>>>>>>>>>>>>>>>>>>>>>>>>>>>>>>>>>>>>>>>>>>>>>>>>>>>>>>>>>>>>>>>>>>>>>>>>
epoch: 9
loss: 0.2942, acc: 0.9062
loss: 0.2627, acc: 0.9062
loss: 0.2640, acc: 0.9062
loss: 0.2575, acc: 0.9097
loss: 0.2899, acc: 0.8940
loss: 0.2818, acc: 0.8996
loss: 0.2901, acc: 0.8939
loss: 0.2974, acc: 0.8898
loss: 0.3028, acc: 0.8859
loss: 0.2972, acc: 0.8893
loss: 0.2989, acc: 0.8868
loss: 0.2969, acc: 0.8863
loss: 0.3019, acc: 0.8849
loss: 0.3024, acc: 0.8851
loss: 0.3042, acc: 0.8844
loss: 0.3081, acc: 0.8826
loss: 0.3157, acc: 0.8799
loss: 0.3168, acc: 0.8786
loss: 0.3171, acc: 0.8794
loss: 0.3177, acc: 0.8804
loss: 0.3184, acc: 0.8796
loss: 0.3205, acc: 0.8779
loss: 0.3215, acc: 0.8775
> val_acc: 0.7866, val_f1: 0.6803
>>>>>>>>>>>>>>>>>>>>>>>>>>>>>>>>>>>>>>>>>>>>>>>>>>>>>>>>>>>>>>>>>>>>>>>>>>>>>>>>>>>>>>>>>>>>>>>>>>>>
epoch: 10
loss: 0.2524, acc: 0.9187
loss: 0.2659, acc: 0.9031
loss: 0.2516, acc: 0.9021
loss: 0.2518, acc: 0.9047
loss: 0.2489, acc: 0.9087
loss: 0.2528, acc: 0.9083
loss: 0.2515, acc: 0.9125
loss: 0.2458, acc: 0.9164
loss: 0.2458, acc: 0.9153
loss: 0.2483, acc: 0.9131
loss: 0.2486, acc: 0.9148
loss: 0.2546, acc: 0.9125
loss: 0.2557, acc: 0.9111
loss: 0.2599, acc: 0.9076
loss: 0.2651, acc: 0.9058
loss: 0.2719, acc: 0.9023
loss: 0.2714, acc: 0.9018
loss: 0.2764, acc: 0.8997
loss: 0.2777, acc: 0.8974
loss: 0.2758, acc: 0.8981
loss: 0.2807, acc: 0.8955
loss: 0.2828, acc: 0.8938
> val_acc: 0.7884, val_f1: 0.6553
>>>>>>>>>>>>>>>>>>>>>>>>>>>>>>>>>>>>>>>>>>>>>>>>>>>>>>>>>>>>>>>>>>>>>>>>>>>>>>>>>>>>>>>>>>>>>>>>>>>>
epoch: 11
loss: 0.1679, acc: 0.9375
loss: 0.2097, acc: 0.9375
loss: 0.2051, acc: 0.9401
loss: 0.2110, acc: 0.9338
loss: 0.2246, acc: 0.9290
loss: 0.2309, acc: 0.9259
loss: 0.2448, acc: 0.9199
loss: 0.2482, acc: 0.9172
loss: 0.2386, acc: 0.9204
loss: 0.2386, acc: 0.9182
loss: 0.2396, acc: 0.9189
loss: 0.2437, acc: 0.9172
loss: 0.2454, acc: 0.9173
loss: 0.2432, acc: 0.9184
loss: 0.2514, acc: 0.9154
loss: 0.2573, acc: 0.9123
loss: 0.2582, acc: 0.9116
loss: 0.2593, acc: 0.9091
loss: 0.2606, acc: 0.9083
loss: 0.2632, acc: 0.9072
loss: 0.2640, acc: 0.9069
loss: 0.2627, acc: 0.9062
loss: 0.2613, acc: 0.9062
> val_acc: 0.7786, val_f1: 0.6566
>>>>>>>>>>>>>>>>>>>>>>>>>>>>>>>>>>>>>>>>>>>>>>>>>>>>>>>>>>>>>>>>>>>>>>>>>>>>>>>>>>>>>>>>>>>>>>>>>>>>
epoch: 12
loss: 0.1675, acc: 0.9609
loss: 0.1725, acc: 0.9444
loss: 0.1847, acc: 0.9420
loss: 0.1951, acc: 0.9375
loss: 0.2003, acc: 0.9336
loss: 0.2072, acc: 0.9310
loss: 0.2094, acc: 0.9292
loss: 0.2180, acc: 0.9247
loss: 0.2303, acc: 0.9197
loss: 0.2326, acc: 0.9171
loss: 0.2341, acc: 0.9155
loss: 0.2424, acc: 0.9100
loss: 0.2437, acc: 0.9106
loss: 0.2440, acc: 0.9090
loss: 0.2429, acc: 0.9092
loss: 0.2453, acc: 0.9074
loss: 0.2476, acc: 0.9066
loss: 0.2462, acc: 0.9077
loss: 0.2493, acc: 0.9062
loss: 0.2467, acc: 0.9072
loss: 0.2511, acc: 0.9062
loss: 0.2492, acc: 0.9068
> val_acc: 0.7866, val_f1: 0.6553
>>>>>>>>>>>>>>>>>>>>>>>>>>>>>>>>>>>>>>>>>>>>>>>>>>>>>>>>>>>>>>>>>>>>>>>>>>>>>>>>>>>>>>>>>>>>>>>>>>>>
epoch: 13
loss: 0.2600, acc: 0.9375
loss: 0.2049, acc: 0.9479
loss: 0.2012, acc: 0.9460
loss: 0.1936, acc: 0.9473
loss: 0.1964, acc: 0.9435
loss: 0.1922, acc: 0.9459
loss: 0.1941, acc: 0.9425
loss: 0.1984, acc: 0.9384
loss: 0.2059, acc: 0.9337
loss: 0.2131, acc: 0.9314
loss: 0.2159, acc: 0.9283
loss: 0.2221, acc: 0.9241
loss: 0.2183, acc: 0.9273
loss: 0.2170, acc: 0.9285
loss: 0.2215, acc: 0.9269
loss: 0.2241, acc: 0.9260
loss: 0.2222, acc: 0.9279
loss: 0.2186, acc: 0.9288
loss: 0.2208, acc: 0.9282
loss: 0.2191, acc: 0.9287
loss: 0.2227, acc: 0.9267
loss: 0.2217, acc: 0.9266
loss: 0.2236, acc: 0.9251
> val_acc: 0.7848, val_f1: 0.6587
>>>>>>>>>>>>>>>>>>>>>>>>>>>>>>>>>>>>>>>>>>>>>>>>>>>>>>>>>>>>>>>>>>>>>>>>>>>>>>>>>>>>>>>>>>>>>>>>>>>>
epoch: 14
loss: 0.1518, acc: 0.9479
loss: 0.1852, acc: 0.9414
loss: 0.1772, acc: 0.9447
loss: 0.1812, acc: 0.9392
loss: 0.1817, acc: 0.9375
loss: 0.1828, acc: 0.9375
loss: 0.1879, acc: 0.9356
loss: 0.1932, acc: 0.9326
loss: 0.2009, acc: 0.9288
loss: 0.2048, acc: 0.9277
loss: 0.2166, acc: 0.9239
loss: 0.2178, acc: 0.9219
loss: 0.2219, acc: 0.9201
loss: 0.2234, acc: 0.9187
loss: 0.2265, acc: 0.9165
loss: 0.2321, acc: 0.9155
loss: 0.2301, acc: 0.9172
loss: 0.2329, acc: 0.9162
loss: 0.2353, acc: 0.9153
loss: 0.2386, acc: 0.9133
loss: 0.2400, acc: 0.9126
loss: 0.2388, acc: 0.9144
loss: 0.2409, acc: 0.9132
> val_acc: 0.7848, val_f1: 0.6556
>>>>>>>>>>>>>>>>>>>>>>>>>>>>>>>>>>>>>>>>>>>>>>>>>>>>>>>>>>>>>>>>>>>>>>>>>>>>>>>>>>>>>>>>>>>>>>>>>>>>
epoch: 15
loss: 0.2168, acc: 0.9313
loss: 0.2148, acc: 0.9125
loss: 0.2214, acc: 0.9104
loss: 0.2041, acc: 0.9219
loss: 0.2092, acc: 0.9200
loss: 0.2170, acc: 0.9177
loss: 0.2190, acc: 0.9143
loss: 0.2188, acc: 0.9125
loss: 0.2237, acc: 0.9069
loss: 0.2239, acc: 0.9100
loss: 0.2239, acc: 0.9102
loss: 0.2232, acc: 0.9115
loss: 0.2243, acc: 0.9096
loss: 0.2262, acc: 0.9089
loss: 0.2274, acc: 0.9087
loss: 0.2280, acc: 0.9086
loss: 0.2252, acc: 0.9103
loss: 0.2274, acc: 0.9101
loss: 0.2274, acc: 0.9102
loss: 0.2274, acc: 0.9100
loss: 0.2277, acc: 0.9110
loss: 0.2298, acc: 0.9114
> val_acc: 0.7821, val_f1: 0.6494
>>>>>>>>>>>>>>>>>>>>>>>>>>>>>>>>>>>>>>>>>>>>>>>>>>>>>>>>>>>>>>>>>>>>>>>>>>>>>>>>>>>>>>>>>>>>>>>>>>>>
epoch: 16
loss: 0.0894, acc: 0.9844
loss: 0.1971, acc: 0.9286
loss: 0.2099, acc: 0.9245
loss: 0.1939, acc: 0.9338
loss: 0.1847, acc: 0.9361
loss: 0.1869, acc: 0.9363
loss: 0.1926, acc: 0.9365
loss: 0.1996, acc: 0.9350
loss: 0.2105, acc: 0.9323
loss: 0.2155, acc: 0.9282
loss: 0.2153, acc: 0.9291
loss: 0.2129, acc: 0.9276
loss: 0.2123, acc: 0.9259
loss: 0.2145, acc: 0.9249
loss: 0.2156, acc: 0.9236
loss: 0.2213, acc: 0.9213
loss: 0.2197, acc: 0.9226
loss: 0.2232, acc: 0.9199
loss: 0.2263, acc: 0.9185
loss: 0.2247, acc: 0.9195
loss: 0.2277, acc: 0.9182
loss: 0.2300, acc: 0.9176
loss: 0.2309, acc: 0.9169
> val_acc: 0.7732, val_f1: 0.6478
>>>>>>>>>>>>>>>>>>>>>>>>>>>>>>>>>>>>>>>>>>>>>>>>>>>>>>>>>>>>>>>>>>>>>>>>>>>>>>>>>>>>>>>>>>>>>>>>>>>>
epoch: 17
loss: 0.2150, acc: 0.9219
loss: 0.2086, acc: 0.9271
loss: 0.2087, acc: 0.9263
loss: 0.1957, acc: 0.9276
loss: 0.2084, acc: 0.9206
loss: 0.2025, acc: 0.9256
loss: 0.2034, acc: 0.9219
loss: 0.2064, acc: 0.9207
loss: 0.2150, acc: 0.9169
loss: 0.2200, acc: 0.9139
loss: 0.2191, acc: 0.9144
loss: 0.2184, acc: 0.9142
loss: 0.2180, acc: 0.9146
loss: 0.2187, acc: 0.9126
loss: 0.2181, acc: 0.9117
loss: 0.2201, acc: 0.9110
loss: 0.2192, acc: 0.9122
loss: 0.2191, acc: 0.9133
loss: 0.2181, acc: 0.9139
loss: 0.2201, acc: 0.9135
loss: 0.2213, acc: 0.9135
loss: 0.2272, acc: 0.9097
> val_acc: 0.7795, val_f1: 0.6500
>>>>>>>>>>>>>>>>>>>>>>>>>>>>>>>>>>>>>>>>>>>>>>>>>>>>>>>>>>>>>>>>>>>>>>>>>>>>>>>>>>>>>>>>>>>>>>>>>>>>
epoch: 18
loss: 0.2010, acc: 0.9688
loss: 0.1977, acc: 0.9062
loss: 0.2059, acc: 0.9148
loss: 0.2022, acc: 0.9258
loss: 0.1986, acc: 0.9256
loss: 0.2000, acc: 0.9255
loss: 0.2059, acc: 0.9254
loss: 0.2013, acc: 0.9262
loss: 0.2047, acc: 0.9245
loss: 0.2097, acc: 0.9212
loss: 0.2074, acc: 0.9222
loss: 0.2080, acc: 0.9213
loss: 0.2096, acc: 0.9221
loss: 0.2121, acc: 0.9214
loss: 0.2075, acc: 0.9234
loss: 0.2074, acc: 0.9231
loss: 0.2108, acc: 0.9217
loss: 0.2116, acc: 0.9211
loss: 0.2095, acc: 0.9224
loss: 0.2129, acc: 0.9202
loss: 0.2132, acc: 0.9202
loss: 0.2131, acc: 0.9201
loss: 0.2132, acc: 0.9209
> val_acc: 0.7732, val_f1: 0.6279
>>>>>>>>>>>>>>>>>>>>>>>>>>>>>>>>>>>>>>>>>>>>>>>>>>>>>>>>>>>>>>>>>>>>>>>>>>>>>>>>>>>>>>>>>>>>>>>>>>>>
epoch: 19
loss: 0.2620, acc: 0.8958
loss: 0.2213, acc: 0.9062
loss: 0.1851, acc: 0.9231
loss: 0.1843, acc: 0.9288
loss: 0.1862, acc: 0.9334
loss: 0.1848, acc: 0.9364
loss: 0.1936, acc: 0.9318
loss: 0.1946, acc: 0.9309
loss: 0.1957, acc: 0.9310
loss: 0.1963, acc: 0.9284
loss: 0.1936, acc: 0.9292
loss: 0.1912, acc: 0.9294
loss: 0.1953, acc: 0.9291
loss: 0.1915, acc: 0.9301
loss: 0.1895, acc: 0.9302
loss: 0.1903, acc: 0.9299
loss: 0.1920, acc: 0.9300
loss: 0.1932, acc: 0.9308
loss: 0.1952, acc: 0.9304
loss: 0.1993, acc: 0.9273
loss: 0.2000, acc: 0.9272
loss: 0.2005, acc: 0.9268
loss: 0.2005, acc: 0.9266
> val_acc: 0.7759, val_f1: 0.6254
>>>>>>>>>>>>>>>>>>>>>>>>>>>>>>>>>>>>>>>>>>>>>>>>>>>>>>>>>>>>>>>>>>>>>>>>>>>>>>>>>>>>>>>>>>>>>>>>>>>>
epoch: 20
loss: 0.2344, acc: 0.9313
loss: 0.2066, acc: 0.9313
loss: 0.2079, acc: 0.9292
loss: 0.1991, acc: 0.9344
loss: 0.2053, acc: 0.9325
