cuda memory allocated: 2388480
n_trainable_params: 149203, n_nontrainable_params: 441200
> training arguments:
>>> model_name: gc_ian
>>> model_ver: 3
>>> dataset: restaurant
>>> optimizer: <class 'torch.optim.adamax.Adamax'>
>>> initializer: <function xavier_uniform_ at 0x7f6119811ae8>
>>> learning_rate: 0.001
>>> momentum: 0.95
>>> dropout: 0.6
>>> l2reg: 5e-05
>>> num_epoch: 50
>>> batch_size: 32
>>> log_step: 5
>>> embed_dim: 100
>>> hidden_dim: 300
>>> bert_dim: 768
>>> pretrained_bert_name: bert-base-uncased
>>> embeddings: d
>>> max_seq_len: 80
>>> polarities_dim: 3
>>> hops: 3
>>> device: cuda
>>> seed: 0
>>> valset_ratio: 0
>>> num_layers: 1
>>> in_channels: 25
>>> out_channels: 1
>>> downbot: 20
>>> kernel_size: 3
>>> glove_path: ./embeddings/glove.840B.300d.txt
>>> embedding_matrix_path: gen_data/embeddings/100_restaurant_domain_embedding_matrix.dat
>>> model_class: <class 'models.gc_ian.GC_IAN3'>
>>> dataset_file: {'train': './datasets/semeval14/Restaurants_Train.xml.seg', 'test': './datasets/semeval14/Restaurants_Test_Gold.xml.seg'}
>>> inputs_cols: ['text_raw_indices', 'aspect_indices']
>>>>>>>>>>>>>>>>>>>>>>>>>>>>>>>>>>>>>>>>>>>>>>>>>>>>>>>>>>>>>>>>>>>>>>>>>>>>>>>>>>>>>>>>>>>>>>>>>>>>
epoch: 0
loss: 1.2132, acc: 0.3500
loss: 1.1469, acc: 0.3906
loss: 1.1234, acc: 0.4167
loss: 1.0910, acc: 0.4516
loss: 1.0776, acc: 0.4688
loss: 1.0731, acc: 0.4833
loss: 1.0625, acc: 0.4973
loss: 1.0473, acc: 0.5141
loss: 1.0395, acc: 0.5250
loss: 1.0283, acc: 0.5344
loss: 1.0282, acc: 0.5358
loss: 1.0232, acc: 0.5396
loss: 1.0160, acc: 0.5457
loss: 1.0110, acc: 0.5491
loss: 1.0164, acc: 0.5458
loss: 1.0134, acc: 0.5488
loss: 1.0114, acc: 0.5489
loss: 1.0095, acc: 0.5517
loss: 1.0062, acc: 0.5546
loss: 1.0065, acc: 0.5550
loss: 1.0061, acc: 0.5551
loss: 1.0042, acc: 0.5551
> val_acc: 0.6500, val_f1: 0.2626
>> saved: state_dict/gc_ian_restaurant_val_acc0.65
>>>>>>>>>>>>>>>>>>>>>>>>>>>>>>>>>>>>>>>>>>>>>>>>>>>>>>>>>>>>>>>>>>>>>>>>>>>>>>>>>>>>>>>>>>>>>>>>>>>>
epoch: 1
loss: 0.9164, acc: 0.6094
loss: 0.9495, acc: 0.6250
loss: 0.9654, acc: 0.5990
loss: 0.9534, acc: 0.5974
loss: 0.9632, acc: 0.5938
loss: 0.9860, acc: 0.5694
loss: 0.9709, acc: 0.5752
loss: 0.9718, acc: 0.5752
loss: 0.9681, acc: 0.5774
loss: 0.9634, acc: 0.5765
loss: 0.9642, acc: 0.5745
loss: 0.9622, acc: 0.5795
loss: 0.9644, acc: 0.5781
loss: 0.9602, acc: 0.5770
loss: 0.9555, acc: 0.5777
loss: 0.9572, acc: 0.5775
loss: 0.9504, acc: 0.5812
loss: 0.9513, acc: 0.5819
loss: 0.9465, acc: 0.5842
loss: 0.9429, acc: 0.5870
loss: 0.9396, acc: 0.5892
loss: 0.9352, acc: 0.5911
loss: 0.9350, acc: 0.5912
> val_acc: 0.6696, val_f1: 0.3339
>> saved: state_dict/gc_ian_restaurant_val_acc0.6696
>>>>>>>>>>>>>>>>>>>>>>>>>>>>>>>>>>>>>>>>>>>>>>>>>>>>>>>>>>>>>>>>>>>>>>>>>>>>>>>>>>>>>>>>>>>>>>>>>>>>
epoch: 2
loss: 0.9460, acc: 0.5859
loss: 0.8897, acc: 0.6215
loss: 0.8384, acc: 0.6496
loss: 0.8517, acc: 0.6349
loss: 0.8616, acc: 0.6328
loss: 0.8719, acc: 0.6207
loss: 0.8798, acc: 0.6103
loss: 0.8702, acc: 0.6170
loss: 0.8695, acc: 0.6158
loss: 0.8651, acc: 0.6224
loss: 0.8619, acc: 0.6250
loss: 0.8647, acc: 0.6224
loss: 0.8667, acc: 0.6206
loss: 0.8579, acc: 0.6282
loss: 0.8593, acc: 0.6263
loss: 0.8590, acc: 0.6246
loss: 0.8588, acc: 0.6250
loss: 0.8590, acc: 0.6243
loss: 0.8612, acc: 0.6220
loss: 0.8623, acc: 0.6222
loss: 0.8605, acc: 0.6223
loss: 0.8595, acc: 0.6230
> val_acc: 0.7045, val_f1: 0.4416
>> saved: state_dict/gc_ian_restaurant_val_acc0.7045
>>>>>>>>>>>>>>>>>>>>>>>>>>>>>>>>>>>>>>>>>>>>>>>>>>>>>>>>>>>>>>>>>>>>>>>>>>>>>>>>>>>>>>>>>>>>>>>>>>>>
epoch: 3
loss: 0.8463, acc: 0.7188
loss: 0.7872, acc: 0.6510
loss: 0.7836, acc: 0.6591
loss: 0.7756, acc: 0.6699
loss: 0.8033, acc: 0.6503
loss: 0.8144, acc: 0.6430
loss: 0.8191, acc: 0.6371
loss: 0.8271, acc: 0.6233
loss: 0.8308, acc: 0.6242
loss: 0.8221, acc: 0.6345
loss: 0.8182, acc: 0.6415
loss: 0.8164, acc: 0.6406
loss: 0.8180, acc: 0.6388
loss: 0.8133, acc: 0.6420
loss: 0.8196, acc: 0.6378
loss: 0.8254, acc: 0.6349
loss: 0.8257, acc: 0.6366
loss: 0.8233, acc: 0.6377
loss: 0.8231, acc: 0.6360
loss: 0.8241, acc: 0.6357
loss: 0.8181, acc: 0.6383
loss: 0.8178, acc: 0.6392
loss: 0.8162, acc: 0.6408
> val_acc: 0.7429, val_f1: 0.5329
>> saved: state_dict/gc_ian_restaurant_val_acc0.7429
>>>>>>>>>>>>>>>>>>>>>>>>>>>>>>>>>>>>>>>>>>>>>>>>>>>>>>>>>>>>>>>>>>>>>>>>>>>>>>>>>>>>>>>>>>>>>>>>>>>>
epoch: 4
loss: 0.8135, acc: 0.5833
loss: 0.8346, acc: 0.6133
loss: 0.8198, acc: 0.6370
loss: 0.8055, acc: 0.6458
loss: 0.8063, acc: 0.6413
loss: 0.7980, acc: 0.6484
loss: 0.7877, acc: 0.6629
loss: 0.7785, acc: 0.6694
loss: 0.7771, acc: 0.6693
loss: 0.7885, acc: 0.6621
loss: 0.7843, acc: 0.6627
loss: 0.7752, acc: 0.6686
loss: 0.7815, acc: 0.6662
loss: 0.7777, acc: 0.6710
loss: 0.7749, acc: 0.6712
loss: 0.7816, acc: 0.6647
loss: 0.7776, acc: 0.6664
loss: 0.7719, acc: 0.6690
loss: 0.7648, acc: 0.6727
loss: 0.7655, acc: 0.6709
loss: 0.7626, acc: 0.6726
loss: 0.7644, acc: 0.6719
loss: 0.7664, acc: 0.6696
> val_acc: 0.7688, val_f1: 0.6174
>> saved: state_dict/gc_ian_restaurant_val_acc0.7688
>>>>>>>>>>>>>>>>>>>>>>>>>>>>>>>>>>>>>>>>>>>>>>>>>>>>>>>>>>>>>>>>>>>>>>>>>>>>>>>>>>>>>>>>>>>>>>>>>>>>
epoch: 5
loss: 0.7492, acc: 0.6813
loss: 0.7453, acc: 0.6687
loss: 0.7299, acc: 0.6792
loss: 0.7619, acc: 0.6672
loss: 0.7708, acc: 0.6613
loss: 0.7513, acc: 0.6740
loss: 0.7541, acc: 0.6759
loss: 0.7507, acc: 0.6727
loss: 0.7534, acc: 0.6681
loss: 0.7560, acc: 0.6669
loss: 0.7504, acc: 0.6699
loss: 0.7459, acc: 0.6677
loss: 0.7396, acc: 0.6707
loss: 0.7377, acc: 0.6750
loss: 0.7319, acc: 0.6800
loss: 0.7363, acc: 0.6793
loss: 0.7399, acc: 0.6772
loss: 0.7374, acc: 0.6819
loss: 0.7338, acc: 0.6842
loss: 0.7360, acc: 0.6822
loss: 0.7361, acc: 0.6827
loss: 0.7354, acc: 0.6832
> val_acc: 0.7696, val_f1: 0.6005
>> saved: state_dict/gc_ian_restaurant_val_acc0.7696
>>>>>>>>>>>>>>>>>>>>>>>>>>>>>>>>>>>>>>>>>>>>>>>>>>>>>>>>>>>>>>>>>>>>>>>>>>>>>>>>>>>>>>>>>>>>>>>>>>>>
epoch: 6
loss: 0.7699, acc: 0.6719
loss: 0.7270, acc: 0.7143
loss: 0.6866, acc: 0.7318
loss: 0.6839, acc: 0.7279
loss: 0.6786, acc: 0.7273
loss: 0.6864, acc: 0.7188
loss: 0.6906, acc: 0.7197
loss: 0.6814, acc: 0.7221
loss: 0.6898, acc: 0.7150
loss: 0.6978, acc: 0.7108
loss: 0.6908, acc: 0.7133
loss: 0.6953, acc: 0.7094
loss: 0.6954, acc: 0.7082
loss: 0.7051, acc: 0.7015
loss: 0.7008, acc: 0.7040
loss: 0.7048, acc: 0.7021
loss: 0.7071, acc: 0.7005
loss: 0.7035, acc: 0.7022
loss: 0.7004, acc: 0.7062
loss: 0.7020, acc: 0.7026
loss: 0.7038, acc: 0.6973
loss: 0.7063, acc: 0.6942
loss: 0.7076, acc: 0.6948
> val_acc: 0.7804, val_f1: 0.6491
>> saved: state_dict/gc_ian_restaurant_val_acc0.7804
>>>>>>>>>>>>>>>>>>>>>>>>>>>>>>>>>>>>>>>>>>>>>>>>>>>>>>>>>>>>>>>>>>>>>>>>>>>>>>>>>>>>>>>>>>>>>>>>>>>>
epoch: 7
loss: 0.7432, acc: 0.7031
loss: 0.6982, acc: 0.7118
loss: 0.6785, acc: 0.7254
loss: 0.6744, acc: 0.7286
loss: 0.6690, acc: 0.7318
loss: 0.6771, acc: 0.7252
loss: 0.6774, acc: 0.7243
loss: 0.6826, acc: 0.7155
loss: 0.7008, acc: 0.7074
loss: 0.6994, acc: 0.7034
loss: 0.6892, acc: 0.7089
loss: 0.6914, acc: 0.7076
loss: 0.6901, acc: 0.7100
loss: 0.6872, acc: 0.7129
loss: 0.6866, acc: 0.7128
loss: 0.6901, acc: 0.7116
loss: 0.6907, acc: 0.7132
loss: 0.6882, acc: 0.7145
loss: 0.6857, acc: 0.7158
loss: 0.6853, acc: 0.7153
loss: 0.6871, acc: 0.7127
loss: 0.6877, acc: 0.7101
> val_acc: 0.7777, val_f1: 0.6237
>>>>>>>>>>>>>>>>>>>>>>>>>>>>>>>>>>>>>>>>>>>>>>>>>>>>>>>>>>>>>>>>>>>>>>>>>>>>>>>>>>>>>>>>>>>>>>>>>>>>
epoch: 8
loss: 0.7116, acc: 0.7812
loss: 0.6922, acc: 0.7292
loss: 0.6729, acc: 0.7415
loss: 0.6661, acc: 0.7520
loss: 0.6866, acc: 0.7426
loss: 0.6697, acc: 0.7416
loss: 0.6584, acc: 0.7450
loss: 0.6725, acc: 0.7413
loss: 0.6704, acc: 0.7378
loss: 0.6647, acc: 0.7385
loss: 0.6671, acc: 0.7316
loss: 0.6656, acc: 0.7305
loss: 0.6645, acc: 0.7316
loss: 0.6687, acc: 0.7273
loss: 0.6658, acc: 0.7284
loss: 0.6704, acc: 0.7249
loss: 0.6735, acc: 0.7226
loss: 0.6726, acc: 0.7220
loss: 0.6712, acc: 0.7218
loss: 0.6750, acc: 0.7194
loss: 0.6751, acc: 0.7197
loss: 0.6727, acc: 0.7208
loss: 0.6731, acc: 0.7210
> val_acc: 0.7884, val_f1: 0.6557
>> saved: state_dict/gc_ian_restaurant_val_acc0.7884
>>>>>>>>>>>>>>>>>>>>>>>>>>>>>>>>>>>>>>>>>>>>>>>>>>>>>>>>>>>>>>>>>>>>>>>>>>>>>>>>>>>>>>>>>>>>>>>>>>>>
epoch: 9
loss: 0.6768, acc: 0.7292
loss: 0.6929, acc: 0.6992
loss: 0.6697, acc: 0.7188
loss: 0.6564, acc: 0.7309
loss: 0.6536, acc: 0.7296
loss: 0.6630, acc: 0.7266
loss: 0.6523, acc: 0.7311
loss: 0.6450, acc: 0.7327
loss: 0.6483, acc: 0.7318
loss: 0.6626, acc: 0.7259
loss: 0.6607, acc: 0.7258
loss: 0.6640, acc: 0.7225
loss: 0.6741, acc: 0.7183
loss: 0.6629, acc: 0.7247
loss: 0.6623, acc: 0.7256
loss: 0.6668, acc: 0.7224
loss: 0.6718, acc: 0.7233
loss: 0.6799, acc: 0.7184
loss: 0.6794, acc: 0.7184
loss: 0.6756, acc: 0.7191
loss: 0.6815, acc: 0.7175
loss: 0.6802, acc: 0.7185
loss: 0.6785, acc: 0.7195
> val_acc: 0.7804, val_f1: 0.6512
>>>>>>>>>>>>>>>>>>>>>>>>>>>>>>>>>>>>>>>>>>>>>>>>>>>>>>>>>>>>>>>>>>>>>>>>>>>>>>>>>>>>>>>>>>>>>>>>>>>>
epoch: 10
loss: 0.6824, acc: 0.7250
loss: 0.7038, acc: 0.7125
loss: 0.6696, acc: 0.7375
loss: 0.6492, acc: 0.7375
loss: 0.6622, acc: 0.7300
loss: 0.6501, acc: 0.7396
loss: 0.6455, acc: 0.7420
loss: 0.6429, acc: 0.7367
loss: 0.6419, acc: 0.7375
loss: 0.6412, acc: 0.7400
loss: 0.6454, acc: 0.7398
loss: 0.6499, acc: 0.7359
loss: 0.6493, acc: 0.7346
loss: 0.6538, acc: 0.7312
loss: 0.6511, acc: 0.7321
loss: 0.6524, acc: 0.7340
loss: 0.6489, acc: 0.7357
loss: 0.6529, acc: 0.7333
loss: 0.6536, acc: 0.7322
loss: 0.6542, acc: 0.7312
loss: 0.6517, acc: 0.7333
loss: 0.6498, acc: 0.7338
> val_acc: 0.7911, val_f1: 0.6673
>> saved: state_dict/gc_ian_restaurant_val_acc0.7911
>>>>>>>>>>>>>>>>>>>>>>>>>>>>>>>>>>>>>>>>>>>>>>>>>>>>>>>>>>>>>>>>>>>>>>>>>>>>>>>>>>>>>>>>>>>>>>>>>>>>
epoch: 11
loss: 0.6038, acc: 0.7031
loss: 0.6524, acc: 0.7277
loss: 0.6431, acc: 0.7396
loss: 0.6599, acc: 0.7316
loss: 0.6695, acc: 0.7273
loss: 0.6699, acc: 0.7245
loss: 0.6726, acc: 0.7227
loss: 0.6545, acc: 0.7314
loss: 0.6561, acc: 0.7359
loss: 0.6565, acc: 0.7334
loss: 0.6614, acc: 0.7314
loss: 0.6545, acc: 0.7336
loss: 0.6559, acc: 0.7319
loss: 0.6559, acc: 0.7309
loss: 0.6531, acc: 0.7331
loss: 0.6527, acc: 0.7313
loss: 0.6526, acc: 0.7313
loss: 0.6565, acc: 0.7288
loss: 0.6521, acc: 0.7296
loss: 0.6524, acc: 0.7291
loss: 0.6497, acc: 0.7313
loss: 0.6488, acc: 0.7301
loss: 0.6532, acc: 0.7288
> val_acc: 0.7902, val_f1: 0.6599
>>>>>>>>>>>>>>>>>>>>>>>>>>>>>>>>>>>>>>>>>>>>>>>>>>>>>>>>>>>>>>>>>>>>>>>>>>>>>>>>>>>>>>>>>>>>>>>>>>>>
epoch: 12
loss: 0.8056, acc: 0.6797
loss: 0.7117, acc: 0.6944
loss: 0.6831, acc: 0.7210
loss: 0.6571, acc: 0.7336
loss: 0.6561, acc: 0.7357
loss: 0.6530, acc: 0.7403
loss: 0.6517, acc: 0.7426
loss: 0.6553, acc: 0.7396
loss: 0.6565, acc: 0.7358
loss: 0.6532, acc: 0.7366
loss: 0.6436, acc: 0.7413
loss: 0.6397, acc: 0.7426
loss: 0.6379, acc: 0.7432
loss: 0.6312, acc: 0.7473
loss: 0.6314, acc: 0.7454
loss: 0.6386, acc: 0.7421
loss: 0.6356, acc: 0.7433
loss: 0.6350, acc: 0.7430
loss: 0.6339, acc: 0.7443
loss: 0.6320, acc: 0.7446
loss: 0.6300, acc: 0.7449
loss: 0.6296, acc: 0.7460
> val_acc: 0.7893, val_f1: 0.6628
>>>>>>>>>>>>>>>>>>>>>>>>>>>>>>>>>>>>>>>>>>>>>>>>>>>>>>>>>>>>>>>>>>>>>>>>>>>>>>>>>>>>>>>>>>>>>>>>>>>>
epoch: 13
loss: 1.0124, acc: 0.6250
loss: 0.6816, acc: 0.7135
loss: 0.6936, acc: 0.7159
loss: 0.6339, acc: 0.7402
loss: 0.6477, acc: 0.7321
loss: 0.6336, acc: 0.7404
loss: 0.6531, acc: 0.7339
loss: 0.6538, acc: 0.7335
loss: 0.6554, acc: 0.7309
loss: 0.6560, acc: 0.7310
loss: 0.6559, acc: 0.7316
loss: 0.6536, acc: 0.7338
loss: 0.6478, acc: 0.7372
loss: 0.6445, acc: 0.7358
loss: 0.6433, acc: 0.7372
loss: 0.6409, acc: 0.7377
loss: 0.6357, acc: 0.7404
loss: 0.6333, acc: 0.7387
loss: 0.6343, acc: 0.7394
loss: 0.6337, acc: 0.7396
loss: 0.6391, acc: 0.7386
loss: 0.6382, acc: 0.7385
loss: 0.6393, acc: 0.7379
> val_acc: 0.7946, val_f1: 0.6743
>> saved: state_dict/gc_ian_restaurant_val_acc0.7946
>>>>>>>>>>>>>>>>>>>>>>>>>>>>>>>>>>>>>>>>>>>>>>>>>>>>>>>>>>>>>>>>>>>>>>>>>>>>>>>>>>>>>>>>>>>>>>>>>>>>
epoch: 14
loss: 0.6971, acc: 0.7500
loss: 0.6067, acc: 0.7578
loss: 0.6223, acc: 0.7428
loss: 0.6158, acc: 0.7517
loss: 0.6325, acc: 0.7446
loss: 0.6313, acc: 0.7444
loss: 0.6273, acc: 0.7491
loss: 0.6198, acc: 0.7500
loss: 0.6113, acc: 0.7551
loss: 0.6016, acc: 0.7591
loss: 0.6091, acc: 0.7571
loss: 0.6095, acc: 0.7554
loss: 0.6061, acc: 0.7564
loss: 0.6080, acc: 0.7555
loss: 0.6121, acc: 0.7530
loss: 0.6157, acc: 0.7480
loss: 0.6184, acc: 0.7466
loss: 0.6233, acc: 0.7443
loss: 0.6222, acc: 0.7443
loss: 0.6246, acc: 0.7449
loss: 0.6244, acc: 0.7451
loss: 0.6259, acc: 0.7442
loss: 0.6271, acc: 0.7428
> val_acc: 0.7911, val_f1: 0.6745
>>>>>>>>>>>>>>>>>>>>>>>>>>>>>>>>>>>>>>>>>>>>>>>>>>>>>>>>>>>>>>>>>>>>>>>>>>>>>>>>>>>>>>>>>>>>>>>>>>>>
epoch: 15
loss: 0.5650, acc: 0.7688
loss: 0.6013, acc: 0.7500
loss: 0.6027, acc: 0.7583
loss: 0.5998, acc: 0.7562
loss: 0.6022, acc: 0.7600
loss: 0.5954, acc: 0.7656
loss: 0.5951, acc: 0.7643
loss: 0.5910, acc: 0.7648
loss: 0.6103, acc: 0.7549
loss: 0.6023, acc: 0.7594
loss: 0.6035, acc: 0.7580
loss: 0.6185, acc: 0.7490
loss: 0.6220, acc: 0.7490
loss: 0.6252, acc: 0.7469
loss: 0.6275, acc: 0.7475
loss: 0.6274, acc: 0.7473
loss: 0.6240, acc: 0.7478
loss: 0.6207, acc: 0.7486
loss: 0.6276, acc: 0.7464
loss: 0.6283, acc: 0.7469
loss: 0.6271, acc: 0.7482
loss: 0.6252, acc: 0.7497
> val_acc: 0.7839, val_f1: 0.6582
>>>>>>>>>>>>>>>>>>>>>>>>>>>>>>>>>>>>>>>>>>>>>>>>>>>>>>>>>>>>>>>>>>>>>>>>>>>>>>>>>>>>>>>>>>>>>>>>>>>>
epoch: 16
loss: 0.7700, acc: 0.7188
loss: 0.6505, acc: 0.7500
loss: 0.6255, acc: 0.7578
loss: 0.6297, acc: 0.7500
loss: 0.6209, acc: 0.7571
loss: 0.6207, acc: 0.7477
loss: 0.6224, acc: 0.7422
loss: 0.6156, acc: 0.7492
loss: 0.6195, acc: 0.7493
loss: 0.6109, acc: 0.7507
loss: 0.6063, acc: 0.7494
loss: 0.6228, acc: 0.7412
loss: 0.6181, acc: 0.7434
loss: 0.6136, acc: 0.7467
loss: 0.6120, acc: 0.7465
loss: 0.6103, acc: 0.7468
loss: 0.6042, acc: 0.7492
loss: 0.6122, acc: 0.7464
loss: 0.6105, acc: 0.7469
loss: 0.6176, acc: 0.7471
loss: 0.6187, acc: 0.7460
loss: 0.6246, acc: 0.7436
loss: 0.6234, acc: 0.7444
> val_acc: 0.7911, val_f1: 0.6796
>>>>>>>>>>>>>>>>>>>>>>>>>>>>>>>>>>>>>>>>>>>>>>>>>>>>>>>>>>>>>>>>>>>>>>>>>>>>>>>>>>>>>>>>>>>>>>>>>>>>
epoch: 17
loss: 0.5315, acc: 0.7734
loss: 0.6326, acc: 0.7431
loss: 0.6234, acc: 0.7366
loss: 0.6100, acc: 0.7418
loss: 0.5992, acc: 0.7435
loss: 0.5944, acc: 0.7414
loss: 0.6048, acc: 0.7371
loss: 0.6062, acc: 0.7396
loss: 0.6121, acc: 0.7365
loss: 0.6141, acc: 0.7334
loss: 0.6095, acc: 0.7384
loss: 0.6021, acc: 0.7436
loss: 0.6007, acc: 0.7446
loss: 0.6000, acc: 0.7477
loss: 0.5970, acc: 0.7504
loss: 0.6028, acc: 0.7472
loss: 0.6079, acc: 0.7448
loss: 0.6050, acc: 0.7468
loss: 0.6040, acc: 0.7477
loss: 0.6036, acc: 0.7478
loss: 0.6014, acc: 0.7503
loss: 0.6034, acc: 0.7480
> val_acc: 0.7795, val_f1: 0.6641
>>>>>>>>>>>>>>>>>>>>>>>>>>>>>>>>>>>>>>>>>>>>>>>>>>>>>>>>>>>>>>>>>>>>>>>>>>>>>>>>>>>>>>>>>>>>>>>>>>>>
epoch: 18
loss: 0.7353, acc: 0.7500
loss: 0.6889, acc: 0.6771
loss: 0.6450, acc: 0.7301
loss: 0.6189, acc: 0.7344
loss: 0.6158, acc: 0.7366
loss: 0.5979, acc: 0.7512
loss: 0.5950, acc: 0.7540
loss: 0.5945, acc: 0.7535
loss: 0.5832, acc: 0.7584
loss: 0.5868, acc: 0.7588
loss: 0.5931, acc: 0.7567
loss: 0.5917, acc: 0.7573
loss: 0.5931, acc: 0.7592
loss: 0.5999, acc: 0.7566
loss: 0.6002, acc: 0.7601
loss: 0.6008, acc: 0.7595
loss: 0.6036, acc: 0.7593
loss: 0.6037, acc: 0.7591
loss: 0.6049, acc: 0.7600
loss: 0.6034, acc: 0.7614
loss: 0.6050, acc: 0.7590
loss: 0.6044, acc: 0.7583
loss: 0.6073, acc: 0.7556
> val_acc: 0.7920, val_f1: 0.6803
>>>>>>>>>>>>>>>>>>>>>>>>>>>>>>>>>>>>>>>>>>>>>>>>>>>>>>>>>>>>>>>>>>>>>>>>>>>>>>>>>>>>>>>>>>>>>>>>>>>>
epoch: 19
loss: 0.7565, acc: 0.6771
loss: 0.6360, acc: 0.7422
loss: 0.6061, acc: 0.7644
loss: 0.5804, acc: 0.7743
loss: 0.5960, acc: 0.7636
loss: 0.5928, acc: 0.7589
loss: 0.5948, acc: 0.7595
loss: 0.6073, acc: 0.7508
loss: 0.5982, acc: 0.7558
loss: 0.6039, acc: 0.7585
loss: 0.6005, acc: 0.7600
loss: 0.6060, acc: 0.7559
loss: 0.6046, acc: 0.7545
loss: 0.6000, acc: 0.7574
loss: 0.5976, acc: 0.7603
loss: 0.5940, acc: 0.7632
loss: 0.5945, acc: 0.7624
loss: 0.5992, acc: 0.7589
loss: 0.6008, acc: 0.7597
loss: 0.5979, acc: 0.7624
loss: 0.5940, acc: 0.7646
loss: 0.5907, acc: 0.7659
loss: 0.5957, acc: 0.7633
> val_acc: 0.7937, val_f1: 0.6765
>>>>>>>>>>>>>>>>>>>>>>>>>>>>>>>>>>>>>>>>>>>>>>>>>>>>>>>>>>>>>>>>>>>>>>>>>>>>>>>>>>>>>>>>>>>>>>>>>>>>
epoch: 20
loss: 0.7344, acc: 0.6875
loss: 0.6704, acc: 0.7000
loss: 0.6654, acc: 0.7083
loss: 0.6502, acc: 0.7156
loss: 0.6305, acc: 0.7288
loss: 0.6253, acc: 0.7333
loss: 0.6060, acc: 0.7464
loss: 0.6101, acc: 0.7445
loss: 0.6179, acc: 0.7444
loss: 0.6166, acc: 0.7462
loss: 0.6137, acc: 0.7477
loss: 0.6107, acc: 0.7505
loss: 0.6108, acc: 0.7519
loss: 0.6133, acc: 0.7522
loss: 0.6135, acc: 0.7504
loss: 0.6117, acc: 0.7520
loss: 0.6091, acc: 0.7540
loss: 0.6023, acc: 0.7573
loss: 0.5976, acc: 0.7599
loss: 0.5938, acc: 0.7625
loss: 0.5977, acc: 0.7607
loss: 0.5969, acc: 0.7614
> val_acc: 0.7839, val_f1: 0.6659
>>>>>>>>>>>>>>>>>>>>>>>>>>>>>>>>>>>>>>>>>>>>>>>>>>>>>>>>>>>>>>>>>>>>>>>>>>>>>>>>>>>>>>>>>>>>>>>>>>>>
epoch: 21
loss: 0.6811, acc: 0.6875
loss: 0.6358, acc: 0.7321
loss: 0.6200, acc: 0.7344
loss: 0.6228, acc: 0.7482
loss: 0.6340, acc: 0.7528
loss: 0.6173, acc: 0.7569
loss: 0.6042, acc: 0.7637
loss: 0.6001, acc: 0.7610
loss: 0.5976, acc: 0.7597
loss: 0.5892, acc: 0.7620
loss: 0.5832, acc: 0.7656
loss: 0.5830, acc: 0.7654
loss: 0.5838, acc: 0.7636
loss: 0.5841, acc: 0.7631
loss: 0.5825, acc: 0.7630
loss: 0.5858, acc: 0.7606
loss: 0.5870, acc: 0.7603
loss: 0.5901, acc: 0.7579
loss: 0.5931, acc: 0.7558
loss: 0.5900, acc: 0.7571
loss: 0.5916, acc: 0.7561
loss: 0.5906, acc: 0.7564
loss: 0.5882, acc: 0.7575
> val_acc: 0.7946, val_f1: 0.6762
>>>>>>>>>>>>>>>>>>>>>>>>>>>>>>>>>>>>>>>>>>>>>>>>>>>>>>>>>>>>>>>>>>>>>>>>>>>>>>>>>>>>>>>>>>>>>>>>>>>>
epoch: 22
loss: 0.5624, acc: 0.7812
loss: 0.5746, acc: 0.7604
loss: 0.6093, acc: 0.7634
loss: 0.6064, acc: 0.7632
loss: 0.6128, acc: 0.7578
loss: 0.6214, acc: 0.7532
loss: 0.6213, acc: 0.7500
loss: 0.6117, acc: 0.7548
loss: 0.6225, acc: 0.7507
loss: 0.6166, acc: 0.7513
loss: 0.6214, acc: 0.7494
loss: 0.6091, acc: 0.7569
loss: 0.6085, acc: 0.7583
loss: 0.6029, acc: 0.7613
loss: 0.6064, acc: 0.7580
loss: 0.6019, acc: 0.7599
loss: 0.6013, acc: 0.7593
loss: 0.5980, acc: 0.7609
loss: 0.5972, acc: 0.7623
loss: 0.5937, acc: 0.7648
loss: 0.5939, acc: 0.7656
loss: 0.5899, acc: 0.7683
> val_acc: 0.7893, val_f1: 0.6632
>>>>>>>>>>>>>>>>>>>>>>>>>>>>>>>>>>>>>>>>>>>>>>>>>>>>>>>>>>>>>>>>>>>>>>>>>>>>>>>>>>>>>>>>>>>>>>>>>>>>
epoch: 23
loss: 0.3774, acc: 0.8750
loss: 0.3997, acc: 0.8438
loss: 0.4866, acc: 0.8097
loss: 0.5243, acc: 0.8008
loss: 0.5227, acc: 0.8006
loss: 0.5348, acc: 0.7981
loss: 0.5458, acc: 0.7974
loss: 0.5642, acc: 0.7847
loss: 0.5659, acc: 0.7820
loss: 0.5737, acc: 0.7806
loss: 0.5832, acc: 0.7770
loss: 0.5795, acc: 0.7768
loss: 0.5784, acc: 0.7731
loss: 0.5852, acc: 0.7699
loss: 0.5828, acc: 0.7720
loss: 0.5838, acc: 0.7706
loss: 0.5832, acc: 0.7693
loss: 0.5868, acc: 0.7689
loss: 0.5881, acc: 0.7651
loss: 0.5888, acc: 0.7643
loss: 0.5853, acc: 0.7658
loss: 0.5897, acc: 0.7627
loss: 0.5888, acc: 0.7635
> val_acc: 0.7946, val_f1: 0.6853
>>>>>>>>>>>>>>>>>>>>>>>>>>>>>>>>>>>>>>>>>>>>>>>>>>>>>>>>>>>>>>>>>>>>>>>>>>>>>>>>>>>>>>>>>>>>>>>>>>>>
epoch: 24
loss: 0.4794, acc: 0.8125
loss: 0.5585, acc: 0.7656
loss: 0.5571, acc: 0.7837
loss: 0.5773, acc: 0.7830
loss: 0.5929, acc: 0.7758
loss: 0.5889, acc: 0.7768
loss: 0.5926, acc: 0.7727
loss: 0.5909, acc: 0.7722
loss: 0.5899, acc: 0.7696
loss: 0.5932, acc: 0.7669
loss: 0.5955, acc: 0.7683
loss: 0.5986, acc: 0.7656
loss: 0.5943, acc: 0.7659
loss: 0.5962, acc: 0.7629
loss: 0.5940, acc: 0.7654
loss: 0.5910, acc: 0.7648
loss: 0.5857, acc: 0.7654
loss: 0.5832, acc: 0.7670
loss: 0.5812, acc: 0.7695
loss: 0.5753, acc: 0.7736
loss: 0.5757, acc: 0.7749
loss: 0.5808, acc: 0.7729
loss: 0.5798, acc: 0.7741
> val_acc: 0.7937, val_f1: 0.6765
>>>>>>>>>>>>>>>>>>>>>>>>>>>>>>>>>>>>>>>>>>>>>>>>>>>>>>>>>>>>>>>>>>>>>>>>>>>>>>>>>>>>>>>>>>>>>>>>>>>>
epoch: 25
loss: 0.5182, acc: 0.8000
loss: 0.5387, acc: 0.7969
loss: 0.5708, acc: 0.7896
loss: 0.5751, acc: 0.7891
loss: 0.5757, acc: 0.7875
loss: 0.5606, acc: 0.7948
loss: 0.5462, acc: 0.7991
loss: 0.5545, acc: 0.7961
loss: 0.5603, acc: 0.7875
loss: 0.5575, acc: 0.7900
loss: 0.5640, acc: 0.7881
loss: 0.5611, acc: 0.7880
loss: 0.5628, acc: 0.7861
loss: 0.5623, acc: 0.7857
loss: 0.5663, acc: 0.7833
loss: 0.5760, acc: 0.7773
loss: 0.5717, acc: 0.7776
loss: 0.5691, acc: 0.7785
loss: 0.5703, acc: 0.7780
loss: 0.5686, acc: 0.7778
loss: 0.5663, acc: 0.7777
loss: 0.5702, acc: 0.7761
> val_acc: 0.7911, val_f1: 0.6627
>>>>>>>>>>>>>>>>>>>>>>>>>>>>>>>>>>>>>>>>>>>>>>>>>>>>>>>>>>>>>>>>>>>>>>>>>>>>>>>>>>>>>>>>>>>>>>>>>>>>
epoch: 26
loss: 0.5123, acc: 0.8281
loss: 0.5146, acc: 0.8125
loss: 0.5456, acc: 0.7812
loss: 0.5535, acc: 0.7812
loss: 0.5568, acc: 0.7784
loss: 0.5484, acc: 0.7789
loss: 0.5467, acc: 0.7773
loss: 0.5542, acc: 0.7804
loss: 0.5466, acc: 0.7805
loss: 0.5477, acc: 0.7826
loss: 0.5557, acc: 0.7812
loss: 0.5595, acc: 0.7791
loss: 0.5611, acc: 0.7772
loss: 0.5626, acc: 0.7789
loss: 0.5646, acc: 0.7795
loss: 0.5654, acc: 0.7788
loss: 0.5640, acc: 0.7786
loss: 0.5622, acc: 0.7795
loss: 0.5612, acc: 0.7796
loss: 0.5638, acc: 0.7787
loss: 0.5627, acc: 0.7788
loss: 0.5649, acc: 0.7763
loss: 0.5674, acc: 0.7751
> val_acc: 0.7759, val_f1: 0.6758
>>>>>>>>>>>>>>>>>>>>>>>>>>>>>>>>>>>>>>>>>>>>>>>>>>>>>>>>>>>>>>>>>>>>>>>>>>>>>>>>>>>>>>>>>>>>>>>>>>>>
epoch: 27
loss: 0.5651, acc: 0.8047
loss: 0.6055, acc: 0.7743
loss: 0.5861, acc: 0.7902
loss: 0.5698, acc: 0.7895
loss: 0.5668, acc: 0.7839
loss: 0.5616, acc: 0.7845
loss: 0.5612, acc: 0.7849
loss: 0.5610, acc: 0.7829
loss: 0.5551, acc: 0.7884
loss: 0.5516, acc: 0.7889
loss: 0.5522, acc: 0.7853
loss: 0.5527, acc: 0.7844
loss: 0.5509, acc: 0.7842
loss: 0.5457, acc: 0.7844
loss: 0.5491, acc: 0.7812
loss: 0.5514, acc: 0.7793
loss: 0.5537, acc: 0.7786
loss: 0.5513, acc: 0.7795
loss: 0.5581, acc: 0.7773
loss: 0.5584, acc: 0.7778
loss: 0.5590, acc: 0.7755
loss: 0.5653, acc: 0.7744
> val_acc: 0.7937, val_f1: 0.6811
>>>>>>>>>>>>>>>>>>>>>>>>>>>>>>>>>>>>>>>>>>>>>>>>>>>>>>>>>>>>>>>>>>>>>>>>>>>>>>>>>>>>>>>>>>>>>>>>>>>>
epoch: 28
loss: 0.5498, acc: 0.7188
loss: 0.5051, acc: 0.8177
loss: 0.5367, acc: 0.7898
loss: 0.5479, acc: 0.7812
loss: 0.5433, acc: 0.7887
loss: 0.5457, acc: 0.7873
loss: 0.5618, acc: 0.7823
loss: 0.5694, acc: 0.7726
loss: 0.5614, acc: 0.7759
loss: 0.5521, acc: 0.7812
loss: 0.5408, acc: 0.7880
loss: 0.5470, acc: 0.7857
loss: 0.5334, acc: 0.7930
loss: 0.5390, acc: 0.7893
loss: 0.5400, acc: 0.7892
loss: 0.5452, acc: 0.7858
loss: 0.5480, acc: 0.7851
loss: 0.5478, acc: 0.7852
loss: 0.5506, acc: 0.7830
loss: 0.5572, acc: 0.7786
loss: 0.5589, acc: 0.7797
loss: 0.5611, acc: 0.7792
loss: 0.5649, acc: 0.7770
> val_acc: 0.7821, val_f1: 0.6814
>>>>>>>>>>>>>>>>>>>>>>>>>>>>>>>>>>>>>>>>>>>>>>>>>>>>>>>>>>>>>>>>>>>>>>>>>>>>>>>>>>>>>>>>>>>>>>>>>>>>
epoch: 29
loss: 0.5601, acc: 0.7917
loss: 0.5253, acc: 0.7930
loss: 0.5380, acc: 0.7812
loss: 0.5332, acc: 0.7847
loss: 0.5063, acc: 0.7976
loss: 0.5143, acc: 0.7935
loss: 0.5077, acc: 0.7973
loss: 0.5086, acc: 0.7944
loss: 0.5167, acc: 0.7951
loss: 0.5286, acc: 0.7871
loss: 0.5319, acc: 0.7866
loss: 0.5278, acc: 0.7877
loss: 0.5313, acc: 0.7867
loss: 0.5413, acc: 0.7840
loss: 0.5447, acc: 0.7830
loss: 0.5492, acc: 0.7829
loss: 0.5525, acc: 0.7797
loss: 0.5540, acc: 0.7788
loss: 0.5557, acc: 0.7769
loss: 0.5509, acc: 0.7793
loss: 0.5486, acc: 0.7803
loss: 0.5504, acc: 0.7810
loss: 0.5552, acc: 0.7788
> val_acc: 0.7804, val_f1: 0.6636
>>>>>>>>>>>>>>>>>>>>>>>>>>>>>>>>>>>>>>>>>>>>>>>>>>>>>>>>>>>>>>>>>>>>>>>>>>>>>>>>>>>>>>>>>>>>>>>>>>>>
epoch: 30
loss: 0.5559, acc: 0.8250
loss: 0.6038, acc: 0.7875
loss: 0.5964, acc: 0.7812
loss: 0.5666, acc: 0.7891
loss: 0.5667, acc: 0.7825
loss: 0.5502, acc: 0.7906
loss: 0.5372, acc: 0.7991
loss: 0.5315, acc: 0.8047
loss: 0.5313, acc: 0.8021
loss: 0.5254, acc: 0.8044
loss: 0.5265, acc: 0.8017
loss: 0.5229, acc: 0.7995
loss: 0.5309, acc: 0.7937
loss: 0.5368, acc: 0.7906
loss: 0.5469, acc: 0.7867
loss: 0.5409, acc: 0.7898
loss: 0.5406, acc: 0.7908
loss: 0.5405, acc: 0.7917
loss: 0.5417, acc: 0.7911
loss: 0.5448, acc: 0.7906
loss: 0.5432, acc: 0.7905
loss: 0.5424, acc: 0.7898
> val_acc: 0.7955, val_f1: 0.6831
>> saved: state_dict/gc_ian_restaurant_val_acc0.7955
>>>>>>>>>>>>>>>>>>>>>>>>>>>>>>>>>>>>>>>>>>>>>>>>>>>>>>>>>>>>>>>>>>>>>>>>>>>>>>>>>>>>>>>>>>>>>>>>>>>>
epoch: 31
loss: 0.5046, acc: 0.8125
loss: 0.5025, acc: 0.8259
loss: 0.5250, acc: 0.8151
loss: 0.5371, acc: 0.7978
loss: 0.5591, acc: 0.7841
loss: 0.5439, acc: 0.7940
loss: 0.5544, acc: 0.7861
loss: 0.5646, acc: 0.7796
loss: 0.5550, acc: 0.7827
loss: 0.5488, acc: 0.7872
loss: 0.5525, acc: 0.7849
loss: 0.5501, acc: 0.7834
loss: 0.5458, acc: 0.7858
loss: 0.5550, acc: 0.7780
loss: 0.5534, acc: 0.7799
loss: 0.5461, acc: 0.7821
loss: 0.5462, acc: 0.7805
loss: 0.5497, acc: 0.7777
loss: 0.5458, acc: 0.7819
loss: 0.5451, acc: 0.7832
loss: 0.5459, acc: 0.7825
loss: 0.5441, acc: 0.7839
loss: 0.5468, acc: 0.7826
> val_acc: 0.7929, val_f1: 0.6858
>>>>>>>>>>>>>>>>>>>>>>>>>>>>>>>>>>>>>>>>>>>>>>>>>>>>>>>>>>>>>>>>>>>>>>>>>>>>>>>>>>>>>>>>>>>>>>>>>>>>
epoch: 32
loss: 0.5923, acc: 0.7656
loss: 0.5154, acc: 0.8056
loss: 0.5020, acc: 0.8013
loss: 0.4924, acc: 0.8109
loss: 0.4896, acc: 0.8125
loss: 0.4917, acc: 0.8082
loss: 0.4864, acc: 0.8107
loss: 0.4912, acc: 0.8069
loss: 0.4900, acc: 0.8089
loss: 0.5008, acc: 0.8017
loss: 0.5024, acc: 0.8032
loss: 0.5025, acc: 0.8014
loss: 0.5166, acc: 0.7944
loss: 0.5236, acc: 0.7930
loss: 0.5246, acc: 0.7935
loss: 0.5254, acc: 0.7915
loss: 0.5258, acc: 0.7935
loss: 0.5264, acc: 0.7939
loss: 0.5274, acc: 0.7939
loss: 0.5319, acc: 0.7929
loss: 0.5348, acc: 0.7915
loss: 0.5354, acc: 0.7916
> val_acc: 0.7955, val_f1: 0.6817
>>>>>>>>>>>>>>>>>>>>>>>>>>>>>>>>>>>>>>>>>>>>>>>>>>>>>>>>>>>>>>>>>>>>>>>>>>>>>>>>>>>>>>>>>>>>>>>>>>>>
epoch: 33
loss: 0.3529, acc: 0.9062
loss: 0.5064, acc: 0.8073
loss: 0.5176, acc: 0.7926
loss: 0.5284, acc: 0.7871
loss: 0.5207, acc: 0.7946
loss: 0.5152, acc: 0.8017
loss: 0.5192, acc: 0.7974
loss: 0.5122, acc: 0.8012
loss: 0.5101, acc: 0.7995
loss: 0.5218, acc: 0.7935
loss: 0.5183, acc: 0.7923
loss: 0.5213, acc: 0.7930
loss: 0.5224, acc: 0.7910
loss: 0.5248, acc: 0.7907
loss: 0.5253, acc: 0.7927
loss: 0.5291, acc: 0.7919
loss: 0.5280, acc: 0.7924
loss: 0.5253, acc: 0.7951
loss: 0.5264, acc: 0.7950
loss: 0.5299, acc: 0.7943
loss: 0.5291, acc: 0.7939
loss: 0.5324, acc: 0.7907
loss: 0.5309, acc: 0.7908
> val_acc: 0.7830, val_f1: 0.6735
>>>>>>>>>>>>>>>>>>>>>>>>>>>>>>>>>>>>>>>>>>>>>>>>>>>>>>>>>>>>>>>>>>>>>>>>>>>>>>>>>>>>>>>>>>>>>>>>>>>>
epoch: 34
loss: 0.4723, acc: 0.8125
loss: 0.5183, acc: 0.8047
loss: 0.5284, acc: 0.8029
loss: 0.5346, acc: 0.7969
loss: 0.5276, acc: 0.8003
loss: 0.5205, acc: 0.8069
loss: 0.5232, acc: 0.8125
loss: 0.5211, acc: 0.8141
loss: 0.5233, acc: 0.8125
loss: 0.5245, acc: 0.8099
loss: 0.5251, acc: 0.8107
loss: 0.5294, acc: 0.8082
loss: 0.5280, acc: 0.8095
loss: 0.5301, acc: 0.8074
loss: 0.5372, acc: 0.8035
loss: 0.5357, acc: 0.8021
loss: 0.5393, acc: 0.8016
loss: 0.5392, acc: 0.8022
loss: 0.5383, acc: 0.8038
loss: 0.5379, acc: 0.8020
loss: 0.5341, acc: 0.8007
loss: 0.5313, acc: 0.8006
loss: 0.5381, acc: 0.7968
> val_acc: 0.7830, val_f1: 0.6651
>>>>>>>>>>>>>>>>>>>>>>>>>>>>>>>>>>>>>>>>>>>>>>>>>>>>>>>>>>>>>>>>>>>>>>>>>>>>>>>>>>>>>>>>>>>>>>>>>>>>
epoch: 35
loss: 0.4943, acc: 0.8375
loss: 0.4988, acc: 0.8281
loss: 0.5028, acc: 0.8208
loss: 0.4989, acc: 0.8187
loss: 0.5453, acc: 0.7950
loss: 0.5386, acc: 0.7917
loss: 0.5399, acc: 0.7920
loss: 0.5348, acc: 0.7945
loss: 0.5302, acc: 0.7965
loss: 0.5367, acc: 0.7931
loss: 0.5421, acc: 0.7898
loss: 0.5427, acc: 0.7906
loss: 0.5456, acc: 0.7923
loss: 0.5374, acc: 0.7924
loss: 0.5399, acc: 0.7887
loss: 0.5364, acc: 0.7910
loss: 0.5393, acc: 0.7904
loss: 0.5411, acc: 0.7885
loss: 0.5435, acc: 0.7872
loss: 0.5438, acc: 0.7872
loss: 0.5452, acc: 0.7866
loss: 0.5436, acc: 0.7852
> val_acc: 0.7875, val_f1: 0.6785
>>>>>>>>>>>>>>>>>>>>>>>>>>>>>>>>>>>>>>>>>>>>>>>>>>>>>>>>>>>>>>>>>>>>>>>>>>>>>>>>>>>>>>>>>>>>>>>>>>>>
epoch: 36
loss: 0.4025, acc: 0.8438
loss: 0.5069, acc: 0.7991
loss: 0.5273, acc: 0.8021
loss: 0.5286, acc: 0.7923
loss: 0.5238, acc: 0.7997
loss: 0.5214, acc: 0.8021
loss: 0.5135, acc: 0.8057
loss: 0.5285, acc: 0.8041
loss: 0.5327, acc: 0.8006
loss: 0.5329, acc: 0.8019
loss: 0.5376, acc: 0.7957
loss: 0.5408, acc: 0.7955
loss: 0.5410, acc: 0.7908
loss: 0.5387, acc: 0.7929
loss: 0.5342, acc: 0.7938
loss: 0.5275, acc: 0.7963
loss: 0.5329, acc: 0.7942
loss: 0.5325, acc: 0.7931
loss: 0.5317, acc: 0.7935
loss: 0.5338, acc: 0.7928
loss: 0.5382, acc: 0.7917
loss: 0.5390, acc: 0.7915
loss: 0.5371, acc: 0.7924
> val_acc: 0.7804, val_f1: 0.6751
>>>>>>>>>>>>>>>>>>>>>>>>>>>>>>>>>>>>>>>>>>>>>>>>>>>>>>>>>>>>>>>>>>>>>>>>>>>>>>>>>>>>>>>>>>>>>>>>>>>>
epoch: 37
loss: 0.4737, acc: 0.7812
loss: 0.5413, acc: 0.7639
loss: 0.5116, acc: 0.7879
loss: 0.5211, acc: 0.7829
loss: 0.5226, acc: 0.7852
loss: 0.5172, acc: 0.7942
loss: 0.5314, acc: 0.7858
loss: 0.5342, acc: 0.7845
loss: 0.5377, acc: 0.7848
loss: 0.5394, acc: 0.7857
loss: 0.5390, acc: 0.7876
loss: 0.5383, acc: 0.7865
loss: 0.5395, acc: 0.7866
loss: 0.5345, acc: 0.7894
loss: 0.5334, acc: 0.7893
loss: 0.5294, acc: 0.7900
loss: 0.5361, acc: 0.7879
loss: 0.5365, acc: 0.7879
loss: 0.5333, acc: 0.7896
loss: 0.5298, acc: 0.7907
loss: 0.5299, acc: 0.7909
loss: 0.5281, acc: 0.7933
> val_acc: 0.7804, val_f1: 0.6788
>>>>>>>>>>>>>>>>>>>>>>>>>>>>>>>>>>>>>>>>>>>>>>>>>>>>>>>>>>>>>>>>>>>>>>>>>>>>>>>>>>>>>>>>>>>>>>>>>>>>
epoch: 38
loss: 0.4539, acc: 0.8438
loss: 0.5535, acc: 0.8021
loss: 0.5026, acc: 0.8153
loss: 0.5039, acc: 0.8164
loss: 0.5024, acc: 0.8229
loss: 0.5252, acc: 0.8101
loss: 0.5335, acc: 0.8014
loss: 0.5430, acc: 0.8003
loss: 0.5393, acc: 0.7950
loss: 0.5333, acc: 0.8003
loss: 0.5357, acc: 0.7984
loss: 0.5282, acc: 0.8025
loss: 0.5200, acc: 0.8069
loss: 0.5225, acc: 0.8045
loss: 0.5199, acc: 0.8033
loss: 0.5226, acc: 0.8006
loss: 0.5270, acc: 0.7975
loss: 0.5254, acc: 0.7980
loss: 0.5236, acc: 0.7977
loss: 0.5277, acc: 0.7926
loss: 0.5272, acc: 0.7924
loss: 0.5246, acc: 0.7925
loss: 0.5258, acc: 0.7914
> val_acc: 0.7795, val_f1: 0.6725
>>>>>>>>>>>>>>>>>>>>>>>>>>>>>>>>>>>>>>>>>>>>>>>>>>>>>>>>>>>>>>>>>>>>>>>>>>>>>>>>>>>>>>>>>>>>>>>>>>>>
epoch: 39
loss: 0.6158, acc: 0.7812
loss: 0.4960, acc: 0.8008
loss: 0.5149, acc: 0.8005
loss: 0.5380, acc: 0.7899
loss: 0.5448, acc: 0.7826
loss: 0.5376, acc: 0.7891
loss: 0.5372, acc: 0.7860
loss: 0.5320, acc: 0.7895
loss: 0.5239, acc: 0.7943
loss: 0.5206, acc: 0.7969
loss: 0.5214, acc: 0.7948
loss: 0.5125, acc: 0.8023
loss: 0.5174, acc: 0.8006
loss: 0.5207, acc: 0.7992
loss: 0.5194, acc: 0.8005
loss: 0.5155, acc: 0.8005
loss: 0.5157, acc: 0.7993
loss: 0.5187, acc: 0.7990
loss: 0.5147, acc: 0.8011
loss: 0.5158, acc: 0.7997
loss: 0.5202, acc: 0.7976
loss: 0.5209, acc: 0.7975
loss: 0.5198, acc: 0.7966
> val_acc: 0.7804, val_f1: 0.6740
>>>>>>>>>>>>>>>>>>>>>>>>>>>>>>>>>>>>>>>>>>>>>>>>>>>>>>>>>>>>>>>>>>>>>>>>>>>>>>>>>>>>>>>>>>>>>>>>>>>>
epoch: 40
loss: 0.4265, acc: 0.8250
loss: 0.4906, acc: 0.7781
loss: 0.4968, acc: 0.7812
loss: 0.4947, acc: 0.7844
loss: 0.5177, acc: 0.7837
loss: 0.4996, acc: 0.7979
loss: 0.5014, acc: 0.7982
loss: 0.5116, acc: 0.7961
loss: 0.5246, acc: 0.7910
loss: 0.5136, acc: 0.7963
loss: 0.5075, acc: 0.7983
loss: 0.5136, acc: 0.7974
loss: 0.5063, acc: 0.8010
loss: 0.5079, acc: 0.8013
loss: 0.5043, acc: 0.8008
loss: 0.5107, acc: 0.8004
loss: 0.5149, acc: 0.8011
loss: 0.5191, acc: 0.7997
loss: 0.5169, acc: 0.7993
loss: 0.5164, acc: 0.7987
loss: 0.5183, acc: 0.7973
loss: 0.5208, acc: 0.7955
> val_acc: 0.7884, val_f1: 0.6800
>>>>>>>>>>>>>>>>>>>>>>>>>>>>>>>>>>>>>>>>>>>>>>>>>>>>>>>>>>>>>>>>>>>>>>>>>>>>>>>>>>>>>>>>>>>>>>>>>>>>
epoch: 41
loss: 0.5653, acc: 0.7969
loss: 0.4966, acc: 0.8304
loss: 0.5088, acc: 0.8073
loss: 0.5176, acc: 0.8015
loss: 0.5202, acc: 0.7926
loss: 0.5259, acc: 0.7870
loss: 0.5157, acc: 0.7959
loss: 0.5118, acc: 0.8007
loss: 0.4961, acc: 0.8065
loss: 0.5067, acc: 0.7999
loss: 0.5122, acc: 0.7987
loss: 0.5102, acc: 0.7993
loss: 0.5136, acc: 0.7974
loss: 0.5131, acc: 0.7976
loss: 0.5146, acc: 0.7977
loss: 0.5131, acc: 0.7995
loss: 0.5091, acc: 0.8003
loss: 0.5035, acc: 0.8021
loss: 0.5077, acc: 0.8003
loss: 0.5108, acc: 0.7986
loss: 0.5134, acc: 0.7975
loss: 0.5129, acc: 0.7988
loss: 0.5161, acc: 0.7983
> val_acc: 0.7777, val_f1: 0.6787
>>>>>>>>>>>>>>>>>>>>>>>>>>>>>>>>>>>>>>>>>>>>>>>>>>>>>>>>>>>>>>>>>>>>>>>>>>>>>>>>>>>>>>>>>>>>>>>>>>>>
epoch: 42
loss: 0.5280, acc: 0.7812
loss: 0.5014, acc: 0.7917
loss: 0.4851, acc: 0.7991
loss: 0.4802, acc: 0.8076
loss: 0.4864, acc: 0.8047
loss: 0.4956, acc: 0.7985
loss: 0.5060, acc: 0.7877
loss: 0.5006, acc: 0.7941
loss: 0.5039, acc: 0.7933
loss: 0.5036, acc: 0.7959
loss: 0.5060, acc: 0.7946
loss: 0.5116, acc: 0.7924
loss: 0.5108, acc: 0.7930
loss: 0.5089, acc: 0.7944
loss: 0.5125, acc: 0.7927
loss: 0.5155, acc: 0.7935
loss: 0.5140, acc: 0.7932
loss: 0.5151, acc: 0.7939
loss: 0.5119, acc: 0.7962
loss: 0.5112, acc: 0.7958
loss: 0.5112, acc: 0.7969
loss: 0.5106, acc: 0.7979
> val_acc: 0.7929, val_f1: 0.6757
>>>>>>>>>>>>>>>>>>>>>>>>>>>>>>>>>>>>>>>>>>>>>>>>>>>>>>>>>>>>>>>>>>>>>>>>>>>>>>>>>>>>>>>>>>>>>>>>>>>>
epoch: 43
loss: 0.5914, acc: 0.7812
loss: 0.5135, acc: 0.7865
loss: 0.4636, acc: 0.8040
loss: 0.4856, acc: 0.8027
loss: 0.5226, acc: 0.7902
loss: 0.5123, acc: 0.7945
loss: 0.5091, acc: 0.7984
loss: 0.5085, acc: 0.7977
loss: 0.4965, acc: 0.8034
loss: 0.5038, acc: 0.8003
loss: 0.5107, acc: 0.7960
loss: 0.5199, acc: 0.7946
loss: 0.5126, acc: 0.7997
loss: 0.5065, acc: 0.8016
loss: 0.5042, acc: 0.8002
loss: 0.5050, acc: 0.8010
loss: 0.4994, acc: 0.8032
loss: 0.5006, acc: 0.8027
loss: 0.5058, acc: 0.7988
loss: 0.5056, acc: 0.8001
loss: 0.5115, acc: 0.7967
loss: 0.5088, acc: 0.7989
loss: 0.5087, acc: 0.7993
> val_acc: 0.7884, val_f1: 0.6746
>>>>>>>>>>>>>>>>>>>>>>>>>>>>>>>>>>>>>>>>>>>>>>>>>>>>>>>>>>>>>>>>>>>>>>>>>>>>>>>>>>>>>>>>>>>>>>>>>>>>
epoch: 44
loss: 0.4845, acc: 0.7917
loss: 0.4540, acc: 0.8086
loss: 0.4831, acc: 0.7957
loss: 0.4759, acc: 0.7951
loss: 0.4925, acc: 0.7921
loss: 0.4865, acc: 0.7991
loss: 0.4801, acc: 0.8040
loss: 0.4878, acc: 0.8018
loss: 0.4901, acc: 0.8016
loss: 0.5091, acc: 0.7936
loss: 0.5087, acc: 0.7960
loss: 0.5062, acc: 0.7953
loss: 0.5088, acc: 0.7946
loss: 0.5029, acc: 0.7978
loss: 0.5049, acc: 0.7997
loss: 0.5044, acc: 0.8013
loss: 0.5126, acc: 0.7978
loss: 0.5155, acc: 0.7951
loss: 0.5227, acc: 0.7917
loss: 0.5166, acc: 0.7956
loss: 0.5165, acc: 0.7955
loss: 0.5180, acc: 0.7946
loss: 0.5146, acc: 0.7971
> val_acc: 0.7830, val_f1: 0.6702
>>>>>>>>>>>>>>>>>>>>>>>>>>>>>>>>>>>>>>>>>>>>>>>>>>>>>>>>>>>>>>>>>>>>>>>>>>>>>>>>>>>>>>>>>>>>>>>>>>>>
epoch: 45
loss: 0.5864, acc: 0.7312
loss: 0.5132, acc: 0.7781
loss: 0.5126, acc: 0.7812
loss: 0.5201, acc: 0.7812
loss: 0.4975, acc: 0.7925
loss: 0.4956, acc: 0.7979
loss: 0.5117, acc: 0.7946
loss: 0.5151, acc: 0.7945
loss: 0.5165, acc: 0.7937
loss: 0.5251, acc: 0.7919
loss: 0.5138, acc: 0.7983
loss: 0.5130, acc: 0.7974
loss: 0.5226, acc: 0.7947
loss: 0.5181, acc: 0.7946
loss: 0.5221, acc: 0.7954
loss: 0.5246, acc: 0.7918
loss: 0.5244, acc: 0.7904
loss: 0.5232, acc: 0.7892
loss: 0.5145, acc: 0.7931
loss: 0.5139, acc: 0.7934
loss: 0.5126, acc: 0.7937
loss: 0.5093, acc: 0.7952
> val_acc: 0.7804, val_f1: 0.6692
>>>>>>>>>>>>>>>>>>>>>>>>>>>>>>>>>>>>>>>>>>>>>>>>>>>>>>>>>>>>>>>>>>>>>>>>>>>>>>>>>>>>>>>>>>>>>>>>>>>>
epoch: 46
loss: 0.6468, acc: 0.7188
loss: 0.5539, acc: 0.7768
loss: 0.5475, acc: 0.7865
loss: 0.5549, acc: 0.7904
loss: 0.5182, acc: 0.8054
loss: 0.5269, acc: 0.8021
loss: 0.5244, acc: 0.8047
loss: 0.5217, acc: 0.8057
loss: 0.5259, acc: 0.8028
loss: 0.5131, acc: 0.8072
loss: 0.5230, acc: 0.8023
loss: 0.5231, acc: 0.8010
loss: 0.5229, acc: 0.8004
loss: 0.5208, acc: 0.7999
loss: 0.5214, acc: 0.7995
loss: 0.5178, acc: 0.8007
loss: 0.5094, acc: 0.8041
loss: 0.5099, acc: 0.8050
loss: 0.5082, acc: 0.8054
loss: 0.5039, acc: 0.8067
loss: 0.5036, acc: 0.8055
loss: 0.5060, acc: 0.8052
loss: 0.5058, acc: 0.8052
> val_acc: 0.7857, val_f1: 0.6689
>>>>>>>>>>>>>>>>>>>>>>>>>>>>>>>>>>>>>>>>>>>>>>>>>>>>>>>>>>>>>>>>>>>>>>>>>>>>>>>>>>>>>>>>>>>>>>>>>>>>
epoch: 47
loss: 0.5538, acc: 0.7891
loss: 0.5126, acc: 0.7986
loss: 0.5247, acc: 0.7924
loss: 0.5132, acc: 0.8010
loss: 0.5002, acc: 0.8073
loss: 0.4904, acc: 0.8125
loss: 0.4991, acc: 0.8088
loss: 0.5013, acc: 0.8053
loss: 0.4894, acc: 0.8061
loss: 0.4900, acc: 0.8074
loss: 0.4908, acc: 0.8084
loss: 0.4816, acc: 0.8114
loss: 0.4811, acc: 0.8154
loss: 0.4796, acc: 0.8166
loss: 0.4840, acc: 0.8133
loss: 0.4893, acc: 0.8081
loss: 0.4849, acc: 0.8114
loss: 0.4850, acc: 0.8125
loss: 0.4849, acc: 0.8125
loss: 0.4833, acc: 0.8134
loss: 0.4894, acc: 0.8125
loss: 0.4905, acc: 0.8128
> val_acc: 0.7821, val_f1: 0.6667
>>>>>>>>>>>>>>>>>>>>>>>>>>>>>>>>>>>>>>>>>>>>>>>>>>>>>>>>>>>>>>>>>>>>>>>>>>>>>>>>>>>>>>>>>>>>>>>>>>>>
epoch: 48
loss: 0.4651, acc: 0.9375
loss: 0.5137, acc: 0.7917
loss: 0.4768, acc: 0.8125
loss: 0.4907, acc: 0.8086
loss: 0.4870, acc: 0.8170
loss: 0.4871, acc: 0.8125
loss: 0.4886, acc: 0.8105
loss: 0.5157, acc: 0.7977
loss: 0.5032, acc: 0.8087
loss: 0.5014, acc: 0.8057
loss: 0.5042, acc: 0.8027
loss: 0.5023, acc: 0.8025
loss: 0.4948, acc: 0.8058
loss: 0.4872, acc: 0.8101
loss: 0.4863, acc: 0.8094
loss: 0.4868, acc: 0.8092
loss: 0.4901, acc: 0.8083
loss: 0.4937, acc: 0.8074
loss: 0.4941, acc: 0.8070
loss: 0.4945, acc: 0.8066
loss: 0.4969, acc: 0.8051
loss: 0.4962, acc: 0.8057
loss: 0.4967, acc: 0.8052
> val_acc: 0.7804, val_f1: 0.6766
>>>>>>>>>>>>>>>>>>>>>>>>>>>>>>>>>>>>>>>>>>>>>>>>>>>>>>>>>>>>>>>>>>>>>>>>>>>>>>>>>>>>>>>>>>>>>>>>>>>>
epoch: 49
loss: 0.4061, acc: 0.8125
loss: 0.4443, acc: 0.7852
loss: 0.4561, acc: 0.7957
loss: 0.4417, acc: 0.8038
loss: 0.4643, acc: 0.7935
loss: 0.4673, acc: 0.7969
loss: 0.4972, acc: 0.7917
loss: 0.4877, acc: 0.7985
loss: 0.4871, acc: 0.8016
loss: 0.4856, acc: 0.8001
loss: 0.4933, acc: 0.7995
loss: 0.4979, acc: 0.7990
loss: 0.4962, acc: 0.7966
loss: 0.4920, acc: 0.8001
loss: 0.4916, acc: 0.8009
loss: 0.4966, acc: 0.7997
loss: 0.5004, acc: 0.7989
loss: 0.5001, acc: 0.7979
loss: 0.4990, acc: 0.7997
loss: 0.5025, acc: 0.7988
loss: 0.4980, acc: 0.7998
loss: 0.4997, acc: 0.7989
loss: 0.5029, acc: 0.7968
> val_acc: 0.7857, val_f1: 0.6736
>> test_acc: 0.7955, test_f1: 0.6831
