cuda memory allocated: 16861696
n_trainable_params: 2891403, n_nontrainable_params: 1323600
> training arguments:
>>> model_name: aoa
>>> dataset: restaurant
>>> optimizer: <class 'torch.optim.adagrad.Adagrad'>
>>> initializer: <function xavier_uniform_ at 0x00000252E1F49730>
>>> learning_rate: 0.001
>>> dropout: 0.2
>>> l2reg: 0.0001
>>> num_epoch: 50
>>> batch_size: 25
>>> log_step: 5
>>> embed_dim: 300
>>> hidden_dim: 300
>>> bert_dim: 768
>>> pretrained_bert_name: bert-base-uncased
>>> max_seq_len: 80
>>> polarities_dim: 3
>>> hops: 3
>>> device: cuda
>>> seed: None
>>> valset_ratio: 0.2
>>> glove_path: ./glove/glove.840B.300d.txt
>>> model_class: <class 'models.aoa.AOA'>
>>> dataset_file: {'train': './datasets/semeval14/Restaurants_Train.xml.seg', 'test': './datasets/semeval14/Restaurants_Test_Gold.xml.seg'}
>>> inputs_cols: ['text_raw_indices', 'aspect_indices']
>>>>>>>>>>>>>>>>>>>>>>>>>>>>>>>>>>>>>>>>>>>>>>>>>>>>>>>>>>>>>>>>>>>>>>>>>>>>>>>>>>>>>>>>>>>>>>>>>>>>
epoch: 0
loss: 1.0625, acc: 0.4640
loss: 1.0540, acc: 0.4840
loss: 1.0274, acc: 0.5253
cuda memory allocated: 16861696
n_trainable_params: 2891403, n_nontrainable_params: 1323600
> training arguments:
>>> model_name: aoa
>>> dataset: restaurant
>>> optimizer: <class 'torch.optim.adam.Adam'>
>>> initializer: <function xavier_uniform_ at 0x000001B6BDE79730>
>>> learning_rate: 0.001
>>> dropout: 0.2
>>> l2reg: 0.0001
>>> num_epoch: 50
>>> batch_size: 25
>>> log_step: 5
>>> embed_dim: 300
>>> hidden_dim: 300
>>> bert_dim: 768
>>> pretrained_bert_name: bert-base-uncased
>>> max_seq_len: 80
>>> polarities_dim: 3
>>> hops: 3
>>> device: cuda
>>> seed: None
>>> valset_ratio: 0.2
>>> glove_path: ./glove/glove.840B.300d.txt
>>> model_class: <class 'models.aoa.AOA'>
>>> dataset_file: {'train': './datasets/semeval14/Restaurants_Train.xml.seg', 'test': './datasets/semeval14/Restaurants_Test_Gold.xml.seg'}
>>> inputs_cols: ['text_raw_indices', 'aspect_indices']
>>>>>>>>>>>>>>>>>>>>>>>>>>>>>>>>>>>>>>>>>>>>>>>>>>>>>>>>>>>>>>>>>>>>>>>>>>>>>>>>>>>>>>>>>>>>>>>>>>>>
epoch: 0
loss: 1.0234, acc: 0.5120
loss: 0.9696, acc: 0.5800
loss: 0.9469, acc: 0.5973
loss: 0.9334, acc: 0.6060
loss: 0.9081, acc: 0.6240
loss: 0.9136, acc: 0.6213
loss: 0.9009, acc: 0.6194
loss: 0.8988, acc: 0.6170
loss: 0.8961, acc: 0.6160
loss: 0.8956, acc: 0.6144
loss: 0.8875, acc: 0.6145
loss: 0.8854, acc: 0.6193
loss: 0.8724, acc: 0.6265
loss: 0.8685, acc: 0.6309
loss: 0.8602, acc: 0.6320
loss: 0.8496, acc: 0.6340
loss: 0.8422, acc: 0.6344
loss: 0.8374, acc: 0.6382
loss: 0.8331, acc: 0.6413
loss: 0.8271, acc: 0.6436
loss: 0.8266, acc: 0.6434
loss: 0.8205, acc: 0.6473
loss: 0.8117, acc: 0.6511
> val_acc: 0.6963, val_f1: 0.5294
>> saved: state_dict/aoa_restaurant_val_acc0.6963
>>>>>>>>>>>>>>>>>>>>>>>>>>>>>>>>>>>>>>>>>>>>>>>>>>>>>>>>>>>>>>>>>>>>>>>>>>>>>>>>>>>>>>>>>>>>>>>>>>>>
epoch: 1
loss: 0.6500, acc: 0.7600
loss: 0.6481, acc: 0.7467
loss: 0.7078, acc: 0.7143
loss: 0.7076, acc: 0.7053
loss: 0.6998, acc: 0.7033
loss: 0.6899, acc: 0.7145
loss: 0.6832, acc: 0.7224
loss: 0.6837, acc: 0.7241
loss: 0.6798, acc: 0.7255
loss: 0.6940, acc: 0.7176
loss: 0.6922, acc: 0.7163
loss: 0.6963, acc: 0.7139
loss: 0.6946, acc: 0.7150
loss: 0.6984, acc: 0.7154
loss: 0.6915, acc: 0.7168
loss: 0.6840, acc: 0.7205
loss: 0.6835, acc: 0.7205
loss: 0.6843, acc: 0.7191
loss: 0.6862, acc: 0.7170
loss: 0.6872, acc: 0.7139
loss: 0.6841, acc: 0.7135
loss: 0.6848, acc: 0.7130
loss: 0.6851, acc: 0.7137
> val_acc: 0.6921, val_f1: 0.5481
>>>>>>>>>>>>>>>>>>>>>>>>>>>>>>>>>>>>>>>>>>>>>>>>>>>>>>>>>>>>>>>>>>>>>>>>>>>>>>>>>>>>>>>>>>>>>>>>>>>>
epoch: 2
loss: 0.7097, acc: 0.6533
loss: 0.6450, acc: 0.7300
loss: 0.6480, acc: 0.7323
loss: 0.6841, acc: 0.7133
loss: 0.6501, acc: 0.7409
loss: 0.6370, acc: 0.7486
loss: 0.6316, acc: 0.7527
loss: 0.6318, acc: 0.7505
loss: 0.6308, acc: 0.7498
loss: 0.6245, acc: 0.7525
loss: 0.6261, acc: 0.7494
loss: 0.6250, acc: 0.7483
loss: 0.6242, acc: 0.7486
loss: 0.6293, acc: 0.7447
loss: 0.6279, acc: 0.7463
loss: 0.6244, acc: 0.7508
loss: 0.6307, acc: 0.7446
loss: 0.6324, acc: 0.7450
loss: 0.6355, acc: 0.7411
loss: 0.6326, acc: 0.7445
loss: 0.6296, acc: 0.7476
loss: 0.6298, acc: 0.7474
loss: 0.6267, acc: 0.7490
> val_acc: 0.7198, val_f1: 0.5977
>> saved: state_dict/aoa_restaurant_val_acc0.7198
>>>>>>>>>>>>>>>>>>>>>>>>>>>>>>>>>>>>>>>>>>>>>>>>>>>>>>>>>>>>>>>>>>>>>>>>>>>>>>>>>>>>>>>>>>>>>>>>>>>>
epoch: 3
loss: 0.5265, acc: 0.7200
loss: 0.5595, acc: 0.7429
loss: 0.5364, acc: 0.7733
loss: 0.5299, acc: 0.7835
loss: 0.5308, acc: 0.7818
loss: 0.5406, acc: 0.7778
loss: 0.5345, acc: 0.7775
loss: 0.5444, acc: 0.7795
loss: 0.5326, acc: 0.7838
loss: 0.5311, acc: 0.7830
loss: 0.5415, acc: 0.7777
loss: 0.5440, acc: 0.7775
loss: 0.5452, acc: 0.7761
loss: 0.5480, acc: 0.7755
loss: 0.5525, acc: 0.7772
loss: 0.5554, acc: 0.7740
loss: 0.5562, acc: 0.7761
loss: 0.5601, acc: 0.7733
loss: 0.5636, acc: 0.7713
loss: 0.5703, acc: 0.7662
loss: 0.5709, acc: 0.7655
loss: 0.5693, acc: 0.7660
loss: 0.5713, acc: 0.7646
> val_acc: 0.7323, val_f1: 0.6223
>> saved: state_dict/aoa_restaurant_val_acc0.7323
>>>>>>>>>>>>>>>>>>>>>>>>>>>>>>>>>>>>>>>>>>>>>>>>>>>>>>>>>>>>>>>>>>>>>>>>>>>>>>>>>>>>>>>>>>>>>>>>>>>>
epoch: 4
loss: 0.6089, acc: 0.8400
loss: 0.4365, acc: 0.8667
loss: 0.4875, acc: 0.8364
loss: 0.4947, acc: 0.8250
loss: 0.4767, acc: 0.8324
loss: 0.4723, acc: 0.8308
loss: 0.4693, acc: 0.8245
loss: 0.4666, acc: 0.8267
loss: 0.4668, acc: 0.8244
loss: 0.4724, acc: 0.8191
loss: 0.4721, acc: 0.8173
loss: 0.4768, acc: 0.8157
loss: 0.4766, acc: 0.8157
loss: 0.4859, acc: 0.8109
loss: 0.4798, acc: 0.8141
loss: 0.4804, acc: 0.8142
loss: 0.4818, acc: 0.8133
loss: 0.4842, acc: 0.8112
loss: 0.4850, acc: 0.8119
loss: 0.4879, acc: 0.8117
loss: 0.4873, acc: 0.8119
loss: 0.4938, acc: 0.8075
loss: 0.4967, acc: 0.8058
loss: 0.4958, acc: 0.8060
> val_acc: 0.7129, val_f1: 0.5746
>>>>>>>>>>>>>>>>>>>>>>>>>>>>>>>>>>>>>>>>>>>>>>>>>>>>>>>>>>>>>>>>>>>>>>>>>>>>>>>>>>>>>>>>>>>>>>>>>>>>
epoch: 5
loss: 0.3879, acc: 0.8800
loss: 0.4665, acc: 0.8080
loss: 0.4578, acc: 0.8267
loss: 0.4478, acc: 0.8300
loss: 0.4463, acc: 0.8288
loss: 0.4276, acc: 0.8440
loss: 0.4331, acc: 0.8411
loss: 0.4170, acc: 0.8490
loss: 0.4204, acc: 0.8471
loss: 0.4199, acc: 0.8464
loss: 0.4235, acc: 0.8444
loss: 0.4292, acc: 0.8400
loss: 0.4277, acc: 0.8406
loss: 0.4321, acc: 0.8366
loss: 0.4320, acc: 0.8368
loss: 0.4337, acc: 0.8335
loss: 0.4330, acc: 0.8362
loss: 0.4321, acc: 0.8396
loss: 0.4311, acc: 0.8392
loss: 0.4351, acc: 0.8356
loss: 0.4407, acc: 0.8331
loss: 0.4409, acc: 0.8324
loss: 0.4372, acc: 0.8327
> val_acc: 0.7157, val_f1: 0.5970
>>>>>>>>>>>>>>>>>>>>>>>>>>>>>>>>>>>>>>>>>>>>>>>>>>>>>>>>>>>>>>>>>>>>>>>>>>>>>>>>>>>>>>>>>>>>>>>>>>>>
epoch: 6
loss: 0.4352, acc: 0.8900
loss: 0.3923, acc: 0.8933
loss: 0.4264, acc: 0.8686
loss: 0.4269, acc: 0.8526
loss: 0.4280, acc: 0.8517
loss: 0.4268, acc: 0.8510
loss: 0.4160, acc: 0.8565
loss: 0.4052, acc: 0.8585
loss: 0.4193, acc: 0.8545
loss: 0.4205, acc: 0.8522
loss: 0.4155, acc: 0.8556
loss: 0.4259, acc: 0.8475
loss: 0.4338, acc: 0.8431
loss: 0.4292, acc: 0.8464
loss: 0.4296, acc: 0.8438
loss: 0.4307, acc: 0.8435
loss: 0.4286, acc: 0.8443
loss: 0.4255, acc: 0.8449
loss: 0.4276, acc: 0.8438
loss: 0.4341, acc: 0.8416
loss: 0.4298, acc: 0.8423
loss: 0.4283, acc: 0.8418
loss: 0.4311, acc: 0.8404
> val_acc: 0.7254, val_f1: 0.6269
>>>>>>>>>>>>>>>>>>>>>>>>>>>>>>>>>>>>>>>>>>>>>>>>>>>>>>>>>>>>>>>>>>>>>>>>>>>>>>>>>>>>>>>>>>>>>>>>>>>>
epoch: 7
loss: 0.3824, acc: 0.8667
loss: 0.3579, acc: 0.8750
loss: 0.3569, acc: 0.8646
loss: 0.3583, acc: 0.8644
loss: 0.3336, acc: 0.8713
loss: 0.3365, acc: 0.8671
loss: 0.3393, acc: 0.8715
loss: 0.3397, acc: 0.8779
loss: 0.3508, acc: 0.8735
loss: 0.3558, acc: 0.8700
loss: 0.3578, acc: 0.8694
loss: 0.3753, acc: 0.8634
loss: 0.3764, acc: 0.8654
loss: 0.3750, acc: 0.8665
loss: 0.3770, acc: 0.8636
loss: 0.3748, acc: 0.8641
loss: 0.3703, acc: 0.8675
loss: 0.3621, acc: 0.8709
loss: 0.3635, acc: 0.8684
loss: 0.3660, acc: 0.8665
loss: 0.3689, acc: 0.8660
loss: 0.3669, acc: 0.8659
loss: 0.3680, acc: 0.8644
> val_acc: 0.7323, val_f1: 0.6484
>>>>>>>>>>>>>>>>>>>>>>>>>>>>>>>>>>>>>>>>>>>>>>>>>>>>>>>>>>>>>>>>>>>>>>>>>>>>>>>>>>>>>>>>>>>>>>>>>>>>
epoch: 8
loss: 0.2680, acc: 0.8800
loss: 0.3205, acc: 0.8743
loss: 0.3401, acc: 0.8700
loss: 0.3755, acc: 0.8565
loss: 0.3648, acc: 0.8618
loss: 0.3534, acc: 0.8578
loss: 0.3394, acc: 0.8600
loss: 0.3392, acc: 0.8616
loss: 0.3431, acc: 0.8629
loss: 0.3393, acc: 0.8630
loss: 0.3334, acc: 0.8677
loss: 0.3335, acc: 0.8688
loss: 0.3354, acc: 0.8677
loss: 0.3364, acc: 0.8675
loss: 0.3378, acc: 0.8672
loss: 0.3359, acc: 0.8706
loss: 0.3309, acc: 0.8741
loss: 0.3373, acc: 0.8726
loss: 0.3325, acc: 0.8739
loss: 0.3270, acc: 0.8759
loss: 0.3285, acc: 0.8757
loss: 0.3285, acc: 0.8751
loss: 0.3301, acc: 0.8732
> val_acc: 0.7531, val_f1: 0.6650
>> saved: state_dict/aoa_restaurant_val_acc0.7531
>>>>>>>>>>>>>>>>>>>>>>>>>>>>>>>>>>>>>>>>>>>>>>>>>>>>>>>>>>>>>>>>>>>>>>>>>>>>>>>>>>>>>>>>>>>>>>>>>>>>
epoch: 9
loss: 0.1911, acc: 0.9200
loss: 0.2961, acc: 0.8933
loss: 0.2831, acc: 0.8982
loss: 0.2714, acc: 0.9025
loss: 0.2607, acc: 0.9067
loss: 0.2625, acc: 0.9077
loss: 0.2790, acc: 0.8981
loss: 0.2853, acc: 0.8956
loss: 0.2788, acc: 0.8966
loss: 0.2725, acc: 0.8965
loss: 0.2747, acc: 0.8957
loss: 0.2808, acc: 0.8964
loss: 0.2868, acc: 0.8925
loss: 0.2895, acc: 0.8915
loss: 0.2940, acc: 0.8901
loss: 0.2926, acc: 0.8921
loss: 0.2962, acc: 0.8904
loss: 0.3010, acc: 0.8902
loss: 0.3007, acc: 0.8905
loss: 0.3039, acc: 0.8896
loss: 0.3059, acc: 0.8895
loss: 0.3068, acc: 0.8887
loss: 0.3059, acc: 0.8890
loss: 0.3057, acc: 0.8871
> val_acc: 0.7365, val_f1: 0.6599
>>>>>>>>>>>>>>>>>>>>>>>>>>>>>>>>>>>>>>>>>>>>>>>>>>>>>>>>>>>>>>>>>>>>>>>>>>>>>>>>>>>>>>>>>>>>>>>>>>>>
epoch: 10
loss: 0.1971, acc: 0.9280
loss: 0.2161, acc: 0.9320
loss: 0.2150, acc: 0.9227
loss: 0.2095, acc: 0.9260
loss: 0.2216, acc: 0.9216
loss: 0.2321, acc: 0.9160
loss: 0.2378, acc: 0.9120
loss: 0.2363, acc: 0.9140
loss: 0.2495, acc: 0.9093
loss: 0.2537, acc: 0.9112
loss: 0.2507, acc: 0.9113
loss: 0.2513, acc: 0.9100
loss: 0.2482, acc: 0.9095
loss: 0.2446, acc: 0.9109
loss: 0.2457, acc: 0.9093
loss: 0.2416, acc: 0.9115
loss: 0.2362, acc: 0.9139
loss: 0.2412, acc: 0.9124
loss: 0.2413, acc: 0.9120
loss: 0.2404, acc: 0.9120
loss: 0.2424, acc: 0.9097
loss: 0.2425, acc: 0.9084
loss: 0.2435, acc: 0.9082
> val_acc: 0.7462, val_f1: 0.6780
>>>>>>>>>>>>>>>>>>>>>>>>>>>>>>>>>>>>>>>>>>>>>>>>>>>>>>>>>>>>>>>>>>>>>>>>>>>>>>>>>>>>>>>>>>>>>>>>>>>>
epoch: 11
loss: 0.1651, acc: 0.9500
loss: 0.1888, acc: 0.9378
loss: 0.1666, acc: 0.9486
loss: 0.1705, acc: 0.9389
loss: 0.1631, acc: 0.9417
loss: 0.1620, acc: 0.9421
loss: 0.1533, acc: 0.9471
loss: 0.1578, acc: 0.9497
loss: 0.1596, acc: 0.9482
loss: 0.1565, acc: 0.9494
loss: 0.1631, acc: 0.9489
loss: 0.1693, acc: 0.9471
loss: 0.1783, acc: 0.9419
loss: 0.1737, acc: 0.9420
loss: 0.1737, acc: 0.9405
loss: 0.1796, acc: 0.9382
loss: 0.1789, acc: 0.9381
loss: 0.1819, acc: 0.9375
loss: 0.1908, acc: 0.9336
loss: 0.1970, acc: 0.9321
loss: 0.2024, acc: 0.9285
loss: 0.2006, acc: 0.9284
loss: 0.2005, acc: 0.9291
> val_acc: 0.7614, val_f1: 0.6783
>> saved: state_dict/aoa_restaurant_val_acc0.7614
>>>>>>>>>>>>>>>>>>>>>>>>>>>>>>>>>>>>>>>>>>>>>>>>>>>>>>>>>>>>>>>>>>>>>>>>>>>>>>>>>>>>>>>>>>>>>>>>>>>>
epoch: 12
loss: 0.1402, acc: 0.9600
loss: 0.1707, acc: 0.9400
loss: 0.1672, acc: 0.9477
loss: 0.1733, acc: 0.9467
loss: 0.1661, acc: 0.9496
loss: 0.1689, acc: 0.9514
loss: 0.1949, acc: 0.9430
loss: 0.1916, acc: 0.9421
loss: 0.1928, acc: 0.9395
loss: 0.1890, acc: 0.9408
loss: 0.1956, acc: 0.9389
loss: 0.1984, acc: 0.9386
loss: 0.2013, acc: 0.9359
loss: 0.2005, acc: 0.9347
loss: 0.2040, acc: 0.9332
loss: 0.2084, acc: 0.9313
loss: 0.2055, acc: 0.9325
loss: 0.2032, acc: 0.9323
loss: 0.2043, acc: 0.9316
loss: 0.2042, acc: 0.9302
loss: 0.2013, acc: 0.9309
loss: 0.1997, acc: 0.9311
loss: 0.2006, acc: 0.9310
> val_acc: 0.7587, val_f1: 0.6692
>>>>>>>>>>>>>>>>>>>>>>>>>>>>>>>>>>>>>>>>>>>>>>>>>>>>>>>>>>>>>>>>>>>>>>>>>>>>>>>>>>>>>>>>>>>>>>>>>>>>
epoch: 13
loss: 0.1410, acc: 0.9400
loss: 0.1786, acc: 0.9429
loss: 0.1623, acc: 0.9467
loss: 0.1628, acc: 0.9482
loss: 0.1722, acc: 0.9418
loss: 0.1732, acc: 0.9393
loss: 0.1644, acc: 0.9425
loss: 0.1585, acc: 0.9459
loss: 0.1587, acc: 0.9476
loss: 0.1534, acc: 0.9506
loss: 0.1580, acc: 0.9477
loss: 0.1599, acc: 0.9474
loss: 0.1614, acc: 0.9458
loss: 0.1587, acc: 0.9469
loss: 0.1596, acc: 0.9467
loss: 0.1624, acc: 0.9449
loss: 0.1653, acc: 0.9415
loss: 0.1654, acc: 0.9407
loss: 0.1652, acc: 0.9404
loss: 0.1664, acc: 0.9402
loss: 0.1680, acc: 0.9408
loss: 0.1671, acc: 0.9413
loss: 0.1681, acc: 0.9400
> val_acc: 0.7476, val_f1: 0.6551
>>>>>>>>>>>>>>>>>>>>>>>>>>>>>>>>>>>>>>>>>>>>>>>>>>>>>>>>>>>>>>>>>>>>>>>>>>>>>>>>>>>>>>>>>>>>>>>>>>>>
epoch: 14
loss: 0.2372, acc: 0.9200
loss: 0.1786, acc: 0.9333
loss: 0.1695, acc: 0.9491
loss: 0.1528, acc: 0.9575
loss: 0.1488, acc: 0.9581
loss: 0.1583, acc: 0.9554
loss: 0.1839, acc: 0.9484
loss: 0.1721, acc: 0.9500
loss: 0.1799, acc: 0.9463
loss: 0.1829, acc: 0.9443
loss: 0.1843, acc: 0.9443
loss: 0.1892, acc: 0.9400
loss: 0.1905, acc: 0.9410
loss: 0.1854, acc: 0.9430
loss: 0.1903, acc: 0.9414
loss: 0.1879, acc: 0.9421
loss: 0.1878, acc: 0.9432
loss: 0.1901, acc: 0.9428
loss: 0.1891, acc: 0.9429
loss: 0.1903, acc: 0.9421
loss: 0.1932, acc: 0.9402
loss: 0.1953, acc: 0.9392
loss: 0.1970, acc: 0.9391
loss: 0.2021, acc: 0.9370
> val_acc: 0.7573, val_f1: 0.6857
>>>>>>>>>>>>>>>>>>>>>>>>>>>>>>>>>>>>>>>>>>>>>>>>>>>>>>>>>>>>>>>>>>>>>>>>>>>>>>>>>>>>>>>>>>>>>>>>>>>>
epoch: 15
loss: 0.0907, acc: 0.9840
loss: 0.1236, acc: 0.9760
loss: 0.1220, acc: 0.9733
loss: 0.1158, acc: 0.9740
loss: 0.1286, acc: 0.9680
loss: 0.1379, acc: 0.9627
loss: 0.1319, acc: 0.9646
loss: 0.1308, acc: 0.9640
loss: 0.1290, acc: 0.9644
loss: 0.1354, acc: 0.9632
loss: 0.1456, acc: 0.9615
loss: 0.1451, acc: 0.9593
loss: 0.1506, acc: 0.9569
loss: 0.1540, acc: 0.9543
loss: 0.1649, acc: 0.9509
loss: 0.1620, acc: 0.9520
loss: 0.1624, acc: 0.9520
loss: 0.1624, acc: 0.9520
loss: 0.1612, acc: 0.9520
loss: 0.1582, acc: 0.9532
loss: 0.1584, acc: 0.9528
loss: 0.1624, acc: 0.9524
loss: 0.1622, acc: 0.9523
> val_acc: 0.7545, val_f1: 0.6845
>>>>>>>>>>>>>>>>>>>>>>>>>>>>>>>>>>>>>>>>>>>>>>>>>>>>>>>>>>>>>>>>>>>>>>>>>>>>>>>>>>>>>>>>>>>>>>>>>>>>
epoch: 16
loss: 0.1290, acc: 0.9500
loss: 0.0918, acc: 0.9733
loss: 0.1038, acc: 0.9686
loss: 0.1421, acc: 0.9642
loss: 0.1269, acc: 0.9650
loss: 0.1255, acc: 0.9641
loss: 0.1337, acc: 0.9624
loss: 0.1314, acc: 0.9621
loss: 0.1339, acc: 0.9591
loss: 0.1348, acc: 0.9584
loss: 0.1264, acc: 0.9615
loss: 0.1255, acc: 0.9607
loss: 0.1233, acc: 0.9613
loss: 0.1190, acc: 0.9623
loss: 0.1160, acc: 0.9632
loss: 0.1173, acc: 0.9625
loss: 0.1223, acc: 0.9614
loss: 0.1221, acc: 0.9613
loss: 0.1256, acc: 0.9600
loss: 0.1261, acc: 0.9596
loss: 0.1335, acc: 0.9577
loss: 0.1357, acc: 0.9578
loss: 0.1381, acc: 0.9568
> val_acc: 0.7379, val_f1: 0.6510
>>>>>>>>>>>>>>>>>>>>>>>>>>>>>>>>>>>>>>>>>>>>>>>>>>>>>>>>>>>>>>>>>>>>>>>>>>>>>>>>>>>>>>>>>>>>>>>>>>>>
epoch: 17
loss: 0.0938, acc: 0.9867
loss: 0.1348, acc: 0.9650
loss: 0.1318, acc: 0.9631
loss: 0.1498, acc: 0.9600
loss: 0.1574, acc: 0.9496
loss: 0.1840, acc: 0.9386
loss: 0.1813, acc: 0.9418
loss: 0.1780, acc: 0.9389
loss: 0.1686, acc: 0.9414
loss: 0.1613, acc: 0.9433
loss: 0.1561, acc: 0.9464
loss: 0.1491, acc: 0.9497
loss: 0.1445, acc: 0.9517
loss: 0.1448, acc: 0.9524
loss: 0.1388, acc: 0.9545
loss: 0.1387, acc: 0.9538
loss: 0.1375, acc: 0.9542
loss: 0.1414, acc: 0.9532
loss: 0.1395, acc: 0.9535
loss: 0.1406, acc: 0.9535
loss: 0.1423, acc: 0.9518
loss: 0.1404, acc: 0.9522
loss: 0.1413, acc: 0.9526
> val_acc: 0.7393, val_f1: 0.6677
>>>>>>>>>>>>>>>>>>>>>>>>>>>>>>>>>>>>>>>>>>>>>>>>>>>>>>>>>>>>>>>>>>>>>>>>>>>>>>>>>>>>>>>>>>>>>>>>>>>>
epoch: 18
loss: 0.1192, acc: 0.9600
loss: 0.1091, acc: 0.9600
loss: 0.1036, acc: 0.9667
loss: 0.1025, acc: 0.9694
loss: 0.0938, acc: 0.9745
loss: 0.0932, acc: 0.9748
loss: 0.0894, acc: 0.9750
loss: 0.0894, acc: 0.9741
loss: 0.0904, acc: 0.9733
loss: 0.0988, acc: 0.9685
loss: 0.1101, acc: 0.9638
loss: 0.1100, acc: 0.9642
loss: 0.1114, acc: 0.9639
loss: 0.1096, acc: 0.9654
loss: 0.1112, acc: 0.9644
loss: 0.1119, acc: 0.9631
loss: 0.1124, acc: 0.9615
loss: 0.1131, acc: 0.9618
loss: 0.1124, acc: 0.9617
loss: 0.1100, acc: 0.9625
loss: 0.1075, acc: 0.9635
loss: 0.1045, acc: 0.9645
loss: 0.1069, acc: 0.9639
> val_acc: 0.7420, val_f1: 0.6655
>>>>>>>>>>>>>>>>>>>>>>>>>>>>>>>>>>>>>>>>>>>>>>>>>>>>>>>>>>>>>>>>>>>>>>>>>>>>>>>>>>>>>>>>>>>>>>>>>>>>
epoch: 19
loss: 0.0622, acc: 1.0000
loss: 0.0412, acc: 0.9933
loss: 0.0547, acc: 0.9855
loss: 0.0527, acc: 0.9900
loss: 0.0609, acc: 0.9829
loss: 0.0632, acc: 0.9815
loss: 0.0617, acc: 0.9845
loss: 0.0585, acc: 0.9844
loss: 0.0732, acc: 0.9776
loss: 0.0705, acc: 0.9783
loss: 0.0760, acc: 0.9757
loss: 0.0781, acc: 0.9743
loss: 0.0760, acc: 0.9751
loss: 0.0778, acc: 0.9752
loss: 0.0798, acc: 0.9746
loss: 0.0800, acc: 0.9742
loss: 0.0846, acc: 0.9733
loss: 0.0872, acc: 0.9716
loss: 0.0874, acc: 0.9723
loss: 0.0871, acc: 0.9729
loss: 0.0895, acc: 0.9707
loss: 0.0906, acc: 0.9706
loss: 0.0903, acc: 0.9705
loss: 0.0920, acc: 0.9699
> val_acc: 0.7462, val_f1: 0.6597
>>>>>>>>>>>>>>>>>>>>>>>>>>>>>>>>>>>>>>>>>>>>>>>>>>>>>>>>>>>>>>>>>>>>>>>>>>>>>>>>>>>>>>>>>>>>>>>>>>>>
epoch: 20
loss: 0.0602, acc: 0.9840
loss: 0.0614, acc: 0.9880
loss: 0.0737, acc: 0.9813
loss: 0.0728, acc: 0.9800
loss: 0.0746, acc: 0.9792
loss: 0.0817, acc: 0.9787
loss: 0.0788, acc: 0.9783
loss: 0.0825, acc: 0.9770
loss: 0.0804, acc: 0.9778
loss: 0.0810, acc: 0.9776
loss: 0.0827, acc: 0.9760
loss: 0.0864, acc: 0.9747
loss: 0.0934, acc: 0.9723
loss: 0.0952, acc: 0.9714
loss: 0.0981, acc: 0.9696
loss: 0.1024, acc: 0.9670
loss: 0.1043, acc: 0.9652
loss: 0.1051, acc: 0.9649
loss: 0.1041, acc: 0.9655
loss: 0.1049, acc: 0.9648
loss: 0.1053, acc: 0.9642
loss: 0.1062, acc: 0.9644
loss: 0.1059, acc: 0.9649
> val_acc: 0.7614, val_f1: 0.6774
>>>>>>>>>>>>>>>>>>>>>>>>>>>>>>>>>>>>>>>>>>>>>>>>>>>>>>>>>>>>>>>>>>>>>>>>>>>>>>>>>>>>>>>>>>>>>>>>>>>>
epoch: 21
loss: 0.0831, acc: 0.9700
loss: 0.0712, acc: 0.9822
loss: 0.1010, acc: 0.9743
loss: 0.0957, acc: 0.9747
loss: 0.1039, acc: 0.9717
loss: 0.1292, acc: 0.9628
loss: 0.1194, acc: 0.9647
loss: 0.1155, acc: 0.9662
loss: 0.1087, acc: 0.9682
loss: 0.1157, acc: 0.9657
loss: 0.1090, acc: 0.9681
loss: 0.1073, acc: 0.9688
loss: 0.1026, acc: 0.9706
loss: 0.0988, acc: 0.9722
loss: 0.0963, acc: 0.9724
loss: 0.0986, acc: 0.9711
loss: 0.0955, acc: 0.9724
loss: 0.0966, acc: 0.9708
loss: 0.0977, acc: 0.9706
loss: 0.0967, acc: 0.9713
loss: 0.0977, acc: 0.9704
loss: 0.0991, acc: 0.9699
loss: 0.0975, acc: 0.9705
> val_acc: 0.7420, val_f1: 0.6623
>>>>>>>>>>>>>>>>>>>>>>>>>>>>>>>>>>>>>>>>>>>>>>>>>>>>>>>>>>>>>>>>>>>>>>>>>>>>>>>>>>>>>>>>>>>>>>>>>>>>
epoch: 22
loss: 0.0582, acc: 0.9733
loss: 0.1025, acc: 0.9700
loss: 0.0853, acc: 0.9723
loss: 0.0802, acc: 0.9733
loss: 0.0915, acc: 0.9687
loss: 0.0875, acc: 0.9714
loss: 0.0814, acc: 0.9745
loss: 0.0788, acc: 0.9758
loss: 0.0805, acc: 0.9758
loss: 0.0757, acc: 0.9783
loss: 0.0823, acc: 0.9766
loss: 0.0817, acc: 0.9766
loss: 0.0777, acc: 0.9784
loss: 0.0748, acc: 0.9794
loss: 0.0752, acc: 0.9781
loss: 0.0744, acc: 0.9790
loss: 0.0743, acc: 0.9788
loss: 0.0751, acc: 0.9786
loss: 0.0763, acc: 0.9789
loss: 0.0774, acc: 0.9780
loss: 0.0762, acc: 0.9783
loss: 0.0762, acc: 0.9774
loss: 0.0778, acc: 0.9763
> val_acc: 0.7434, val_f1: 0.6761
>>>>>>>>>>>>>>>>>>>>>>>>>>>>>>>>>>>>>>>>>>>>>>>>>>>>>>>>>>>>>>>>>>>>>>>>>>>>>>>>>>>>>>>>>>>>>>>>>>>>
epoch: 23
loss: 0.0688, acc: 0.9800
loss: 0.0409, acc: 0.9943
loss: 0.0783, acc: 0.9833
loss: 0.0873, acc: 0.9765
loss: 0.0869, acc: 0.9764
loss: 0.0892, acc: 0.9778
loss: 0.0866, acc: 0.9775
loss: 0.0841, acc: 0.9795
loss: 0.0838, acc: 0.9781
loss: 0.0844, acc: 0.9770
loss: 0.0861, acc: 0.9754
loss: 0.0816, acc: 0.9775
loss: 0.0825, acc: 0.9768
loss: 0.0861, acc: 0.9755
loss: 0.0871, acc: 0.9761
loss: 0.0900, acc: 0.9761
loss: 0.0882, acc: 0.9766
loss: 0.0919, acc: 0.9756
loss: 0.0935, acc: 0.9735
loss: 0.0900, acc: 0.9748
loss: 0.0909, acc: 0.9737
loss: 0.0906, acc: 0.9738
loss: 0.0893, acc: 0.9739
> val_acc: 0.7323, val_f1: 0.6517
>>>>>>>>>>>>>>>>>>>>>>>>>>>>>>>>>>>>>>>>>>>>>>>>>>>>>>>>>>>>>>>>>>>>>>>>>>>>>>>>>>>>>>>>>>>>>>>>>>>>
epoch: 24
loss: 0.0391, acc: 1.0000
loss: 0.0328, acc: 0.9933
loss: 0.0761, acc: 0.9782
loss: 0.0713, acc: 0.9800
loss: 0.0693, acc: 0.9810
loss: 0.0722, acc: 0.9769
loss: 0.0675, acc: 0.9781
loss: 0.0653, acc: 0.9789
loss: 0.0675, acc: 0.9785
loss: 0.0664, acc: 0.9791
loss: 0.0687, acc: 0.9788
loss: 0.0695, acc: 0.9793
loss: 0.0663, acc: 0.9797
loss: 0.0681, acc: 0.9800
loss: 0.0670, acc: 0.9808
loss: 0.0698, acc: 0.9805
loss: 0.0710, acc: 0.9798
loss: 0.0677, acc: 0.9809
loss: 0.0675, acc: 0.9807
loss: 0.0655, acc: 0.9812
loss: 0.0727, acc: 0.9786
loss: 0.0738, acc: 0.9777
loss: 0.0731, acc: 0.9769
loss: 0.0728, acc: 0.9775
> val_acc: 0.7503, val_f1: 0.6775
>>>>>>>>>>>>>>>>>>>>>>>>>>>>>>>>>>>>>>>>>>>>>>>>>>>>>>>>>>>>>>>>>>>>>>>>>>>>>>>>>>>>>>>>>>>>>>>>>>>>
epoch: 25
loss: 0.0742, acc: 0.9760
loss: 0.0834, acc: 0.9760
loss: 0.0652, acc: 0.9813
loss: 0.0717, acc: 0.9760
loss: 0.0740, acc: 0.9728
loss: 0.0691, acc: 0.9760
loss: 0.0637, acc: 0.9794
loss: 0.0680, acc: 0.9800
loss: 0.0694, acc: 0.9778
loss: 0.0692, acc: 0.9784
loss: 0.0682, acc: 0.9789
loss: 0.0677, acc: 0.9787
loss: 0.0645, acc: 0.9797
loss: 0.0633, acc: 0.9794
loss: 0.0617, acc: 0.9808
loss: 0.0640, acc: 0.9790
loss: 0.0630, acc: 0.9793
loss: 0.0623, acc: 0.9787
loss: 0.0640, acc: 0.9777
loss: 0.0641, acc: 0.9784
loss: 0.0657, acc: 0.9783
loss: 0.0638, acc: 0.9789
loss: 0.0650, acc: 0.9788
> val_acc: 0.7420, val_f1: 0.6711
>>>>>>>>>>>>>>>>>>>>>>>>>>>>>>>>>>>>>>>>>>>>>>>>>>>>>>>>>>>>>>>>>>>>>>>>>>>>>>>>>>>>>>>>>>>>>>>>>>>>
epoch: 26
loss: 0.0627, acc: 0.9800
loss: 0.0594, acc: 0.9778
loss: 0.0515, acc: 0.9800
loss: 0.0507, acc: 0.9789
loss: 0.0520, acc: 0.9817
loss: 0.0471, acc: 0.9834
loss: 0.0511, acc: 0.9824
loss: 0.0490, acc: 0.9836
loss: 0.0536, acc: 0.9827
loss: 0.0582, acc: 0.9812
loss: 0.0591, acc: 0.9807
loss: 0.0578, acc: 0.9803
loss: 0.0584, acc: 0.9800
loss: 0.0564, acc: 0.9814
loss: 0.0548, acc: 0.9822
loss: 0.0530, acc: 0.9828
loss: 0.0523, acc: 0.9833
loss: 0.0500, acc: 0.9843
loss: 0.0480, acc: 0.9851
loss: 0.0462, acc: 0.9859
loss: 0.0465, acc: 0.9854
loss: 0.0458, acc: 0.9857
loss: 0.0494, acc: 0.9842
> val_acc: 0.7406, val_f1: 0.6610
>>>>>>>>>>>>>>>>>>>>>>>>>>>>>>>>>>>>>>>>>>>>>>>>>>>>>>>>>>>>>>>>>>>>>>>>>>>>>>>>>>>>>>>>>>>>>>>>>>>>
epoch: 27
loss: 0.0247, acc: 1.0000
loss: 0.0234, acc: 0.9950
loss: 0.0302, acc: 0.9938
loss: 0.0285, acc: 0.9933
loss: 0.0309, acc: 0.9930
loss: 0.0304, acc: 0.9929
loss: 0.0295, acc: 0.9927
loss: 0.0291, acc: 0.9916
loss: 0.0324, acc: 0.9907
loss: 0.0316, acc: 0.9908
loss: 0.0312, acc: 0.9909
loss: 0.0350, acc: 0.9903
loss: 0.0358, acc: 0.9892
loss: 0.0354, acc: 0.9888
loss: 0.0361, acc: 0.9890
loss: 0.0359, acc: 0.9887
loss: 0.0376, acc: 0.9889
loss: 0.0385, acc: 0.9882
loss: 0.0391, acc: 0.9880
loss: 0.0396, acc: 0.9882
loss: 0.0396, acc: 0.9880
loss: 0.0393, acc: 0.9881
loss: 0.0388, acc: 0.9883
> val_acc: 0.7601, val_f1: 0.6853
>>>>>>>>>>>>>>>>>>>>>>>>>>>>>>>>>>>>>>>>>>>>>>>>>>>>>>>>>>>>>>>>>>>>>>>>>>>>>>>>>>>>>>>>>>>>>>>>>>>>
epoch: 28
loss: 0.0263, acc: 0.9800
loss: 0.0284, acc: 0.9886
loss: 0.0322, acc: 0.9867
loss: 0.0390, acc: 0.9882
loss: 0.0371, acc: 0.9891
loss: 0.0380, acc: 0.9896
loss: 0.0340, acc: 0.9900
loss: 0.0303, acc: 0.9914
loss: 0.0288, acc: 0.9914
loss: 0.0279, acc: 0.9915
loss: 0.0305, acc: 0.9908
loss: 0.0328, acc: 0.9909
loss: 0.0336, acc: 0.9897
loss: 0.0323, acc: 0.9904
loss: 0.0337, acc: 0.9900
loss: 0.0341, acc: 0.9901
loss: 0.0353, acc: 0.9893
loss: 0.0356, acc: 0.9894
loss: 0.0386, acc: 0.9887
loss: 0.0383, acc: 0.9889
loss: 0.0395, acc: 0.9882
loss: 0.0389, acc: 0.9884
loss: 0.0400, acc: 0.9882
> val_acc: 0.7462, val_f1: 0.6698
>>>>>>>>>>>>>>>>>>>>>>>>>>>>>>>>>>>>>>>>>>>>>>>>>>>>>>>>>>>>>>>>>>>>>>>>>>>>>>>>>>>>>>>>>>>>>>>>>>>>
epoch: 29
loss: 0.1399, acc: 0.9200
loss: 0.0792, acc: 0.9733
loss: 0.0628, acc: 0.9745
loss: 0.0683, acc: 0.9750
loss: 0.0785, acc: 0.9733
loss: 0.0690, acc: 0.9769
loss: 0.0693, acc: 0.9794
loss: 0.0684, acc: 0.9800
loss: 0.0792, acc: 0.9756
loss: 0.0844, acc: 0.9748
loss: 0.0849, acc: 0.9757
loss: 0.0848, acc: 0.9757
loss: 0.0858, acc: 0.9751
loss: 0.0874, acc: 0.9745
loss: 0.0883, acc: 0.9741
loss: 0.0893, acc: 0.9737
loss: 0.0862, acc: 0.9753
loss: 0.0958, acc: 0.9735
loss: 0.0963, acc: 0.9736
loss: 0.0995, acc: 0.9712
loss: 0.0997, acc: 0.9703
loss: 0.1016, acc: 0.9691
loss: 0.1005, acc: 0.9690
loss: 0.1031, acc: 0.9678
> val_acc: 0.7545, val_f1: 0.6807
>>>>>>>>>>>>>>>>>>>>>>>>>>>>>>>>>>>>>>>>>>>>>>>>>>>>>>>>>>>>>>>>>>>>>>>>>>>>>>>>>>>>>>>>>>>>>>>>>>>>
epoch: 30
loss: 0.1319, acc: 0.9520
loss: 0.0989, acc: 0.9720
loss: 0.0832, acc: 0.9760
loss: 0.0763, acc: 0.9800
loss: 0.0706, acc: 0.9824
loss: 0.0768, acc: 0.9813
loss: 0.0747, acc: 0.9806
loss: 0.0879, acc: 0.9770
loss: 0.0985, acc: 0.9733
loss: 0.1000, acc: 0.9720
loss: 0.1025, acc: 0.9709
loss: 0.1027, acc: 0.9687
loss: 0.0995, acc: 0.9705
loss: 0.1040, acc: 0.9669
loss: 0.1025, acc: 0.9669
loss: 0.1046, acc: 0.9665
loss: 0.1031, acc: 0.9675
loss: 0.1033, acc: 0.9680
loss: 0.1032, acc: 0.9676
loss: 0.1027, acc: 0.9672
loss: 0.1029, acc: 0.9676
loss: 0.1014, acc: 0.9680
loss: 0.0985, acc: 0.9690
> val_acc: 0.7559, val_f1: 0.6784
>>>>>>>>>>>>>>>>>>>>>>>>>>>>>>>>>>>>>>>>>>>>>>>>>>>>>>>>>>>>>>>>>>>>>>>>>>>>>>>>>>>>>>>>>>>>>>>>>>>>
epoch: 31
loss: 0.0487, acc: 0.9800
loss: 0.0416, acc: 0.9867
loss: 0.0537, acc: 0.9857
loss: 0.0525, acc: 0.9853
loss: 0.0465, acc: 0.9883
loss: 0.0434, acc: 0.9903
loss: 0.0509, acc: 0.9859
loss: 0.0516, acc: 0.9846
loss: 0.0530, acc: 0.9845
loss: 0.0547, acc: 0.9837
loss: 0.0543, acc: 0.9844
loss: 0.0625, acc: 0.9810
loss: 0.0625, acc: 0.9812
loss: 0.0664, acc: 0.9797
loss: 0.0656, acc: 0.9811
loss: 0.0677, acc: 0.9797
loss: 0.0721, acc: 0.9781
loss: 0.0754, acc: 0.9775
loss: 0.0782, acc: 0.9757
loss: 0.0793, acc: 0.9754
loss: 0.0827, acc: 0.9746
loss: 0.0846, acc: 0.9736
loss: 0.0858, acc: 0.9737
> val_acc: 0.7503, val_f1: 0.6689
>>>>>>>>>>>>>>>>>>>>>>>>>>>>>>>>>>>>>>>>>>>>>>>>>>>>>>>>>>>>>>>>>>>>>>>>>>>>>>>>>>>>>>>>>>>>>>>>>>>>
epoch: 32
loss: 0.1523, acc: 0.9467
loss: 0.1084, acc: 0.9650
loss: 0.0845, acc: 0.9723
loss: 0.1042, acc: 0.9667
loss: 0.0941, acc: 0.9722
loss: 0.1147, acc: 0.9700
loss: 0.1067, acc: 0.9733
loss: 0.1169, acc: 0.9705
loss: 0.1180, acc: 0.9702
loss: 0.1203, acc: 0.9708
loss: 0.1209, acc: 0.9721
loss: 0.1183, acc: 0.9710
loss: 0.1126, acc: 0.9721
loss: 0.1105, acc: 0.9718
loss: 0.1087, acc: 0.9715
loss: 0.1071, acc: 0.9708
loss: 0.1086, acc: 0.9701
loss: 0.1060, acc: 0.9705
loss: 0.1067, acc: 0.9703
loss: 0.1041, acc: 0.9714
loss: 0.1034, acc: 0.9717
loss: 0.1037, acc: 0.9711
loss: 0.1032, acc: 0.9717
> val_acc: 0.7490, val_f1: 0.6743
>>>>>>>>>>>>>>>>>>>>>>>>>>>>>>>>>>>>>>>>>>>>>>>>>>>>>>>>>>>>>>>>>>>>>>>>>>>>>>>>>>>>>>>>>>>>>>>>>>>>
epoch: 33
loss: 0.0285, acc: 0.9800
loss: 0.0344, acc: 0.9943
loss: 0.0396, acc: 0.9933
loss: 0.0430, acc: 0.9906
loss: 0.0458, acc: 0.9891
loss: 0.0543, acc: 0.9881
loss: 0.0584, acc: 0.9838
loss: 0.0589, acc: 0.9838
loss: 0.0684, acc: 0.9810
loss: 0.0724, acc: 0.9813
loss: 0.0721, acc: 0.9808
loss: 0.0696, acc: 0.9825
loss: 0.0719, acc: 0.9819
loss: 0.0745, acc: 0.9803
loss: 0.0717, acc: 0.9806
loss: 0.0707, acc: 0.9808
loss: 0.0716, acc: 0.9815
loss: 0.0697, acc: 0.9821
loss: 0.0717, acc: 0.9809
loss: 0.0731, acc: 0.9794
loss: 0.0721, acc: 0.9800
loss: 0.0711, acc: 0.9802
loss: 0.0727, acc: 0.9796
> val_acc: 0.7434, val_f1: 0.6561
>>>>>>>>>>>>>>>>>>>>>>>>>>>>>>>>>>>>>>>>>>>>>>>>>>>>>>>>>>>>>>>>>>>>>>>>>>>>>>>>>>>>>>>>>>>>>>>>>>>>
epoch: 34
loss: 0.0101, acc: 1.0000
loss: 0.0568, acc: 0.9867
loss: 0.0699, acc: 0.9745
loss: 0.0558, acc: 0.9825
loss: 0.0523, acc: 0.9848
loss: 0.0497, acc: 0.9862
loss: 0.0521, acc: 0.9858
loss: 0.0557, acc: 0.9822
loss: 0.0552, acc: 0.9824
loss: 0.0527, acc: 0.9835
loss: 0.0510, acc: 0.9843
loss: 0.0568, acc: 0.9829
loss: 0.0580, acc: 0.9830
loss: 0.0576, acc: 0.9836
loss: 0.0591, acc: 0.9837
loss: 0.0593, acc: 0.9832
loss: 0.0614, acc: 0.9822
loss: 0.0649, acc: 0.9819
loss: 0.0653, acc: 0.9815
loss: 0.0636, acc: 0.9825
loss: 0.0630, acc: 0.9826
loss: 0.0622, acc: 0.9826
loss: 0.0618, acc: 0.9831
loss: 0.0636, acc: 0.9820
> val_acc: 0.7490, val_f1: 0.6720
>>>>>>>>>>>>>>>>>>>>>>>>>>>>>>>>>>>>>>>>>>>>>>>>>>>>>>>>>>>>>>>>>>>>>>>>>>>>>>>>>>>>>>>>>>>>>>>>>>>>
epoch: 35
loss: 0.0434, acc: 0.9840
loss: 0.0487, acc: 0.9840
loss: 0.0406, acc: 0.9867
loss: 0.0393, acc: 0.9880
loss: 0.0553, acc: 0.9840
loss: 0.0534, acc: 0.9840
loss: 0.0500, acc: 0.9863
loss: 0.0472, acc: 0.9870
loss: 0.0488, acc: 0.9858
loss: 0.0475, acc: 0.9864
loss: 0.0489, acc: 0.9847
loss: 0.0551, acc: 0.9833
loss: 0.0551, acc: 0.9834
loss: 0.0535, acc: 0.9846
loss: 0.0558, acc: 0.9835
loss: 0.0542, acc: 0.9840
loss: 0.0537, acc: 0.9840
loss: 0.0604, acc: 0.9822
loss: 0.0630, acc: 0.9823
loss: 0.0652, acc: 0.9820
loss: 0.0647, acc: 0.9817
loss: 0.0642, acc: 0.9818
loss: 0.0630, acc: 0.9823
> val_acc: 0.7601, val_f1: 0.6837
>>>>>>>>>>>>>>>>>>>>>>>>>>>>>>>>>>>>>>>>>>>>>>>>>>>>>>>>>>>>>>>>>>>>>>>>>>>>>>>>>>>>>>>>>>>>>>>>>>>>
epoch: 36
loss: 0.0327, acc: 0.9900
loss: 0.0292, acc: 0.9956
loss: 0.0334, acc: 0.9943
loss: 0.0414, acc: 0.9937
loss: 0.0353, acc: 0.9950
loss: 0.0670, acc: 0.9903
loss: 0.0661, acc: 0.9882
loss: 0.0742, acc: 0.9877
loss: 0.0719, acc: 0.9882
loss: 0.0693, acc: 0.9886
loss: 0.0649, acc: 0.9896
loss: 0.0645, acc: 0.9892
loss: 0.0628, acc: 0.9900
loss: 0.0604, acc: 0.9901
loss: 0.0597, acc: 0.9897
loss: 0.0582, acc: 0.9894
loss: 0.0579, acc: 0.9890
loss: 0.0563, acc: 0.9897
loss: 0.0548, acc: 0.9894
loss: 0.0537, acc: 0.9891
loss: 0.0535, acc: 0.9888
loss: 0.0530, acc: 0.9886
loss: 0.0519, acc: 0.9888
> val_acc: 0.7559, val_f1: 0.6744
>>>>>>>>>>>>>>>>>>>>>>>>>>>>>>>>>>>>>>>>>>>>>>>>>>>>>>>>>>>>>>>>>>>>>>>>>>>>>>>>>>>>>>>>>>>>>>>>>>>>
epoch: 37
loss: 0.0083, acc: 1.0000
loss: 0.0290, acc: 1.0000
loss: 0.0353, acc: 0.9969
loss: 0.0409, acc: 0.9956
loss: 0.0353, acc: 0.9948
loss: 0.0352, acc: 0.9929
loss: 0.0311, acc: 0.9939
loss: 0.0337, acc: 0.9937
loss: 0.0322, acc: 0.9935
loss: 0.0321, acc: 0.9925
loss: 0.0353, acc: 0.9925
loss: 0.0349, acc: 0.9924
loss: 0.0331, acc: 0.9930
loss: 0.0316, acc: 0.9935
loss: 0.0306, acc: 0.9940
loss: 0.0292, acc: 0.9944
loss: 0.0297, acc: 0.9937
loss: 0.0286, acc: 0.9941
loss: 0.0284, acc: 0.9940
loss: 0.0275, acc: 0.9943
loss: 0.0293, acc: 0.9934
loss: 0.0339, acc: 0.9926
loss: 0.0346, acc: 0.9926
> val_acc: 0.7531, val_f1: 0.6713
>>>>>>>>>>>>>>>>>>>>>>>>>>>>>>>>>>>>>>>>>>>>>>>>>>>>>>>>>>>>>>>>>>>>>>>>>>>>>>>>>>>>>>>>>>>>>>>>>>>>
epoch: 38
loss: 0.1126, acc: 0.9800
loss: 0.0577, acc: 0.9886
loss: 0.0398, acc: 0.9933
loss: 0.0321, acc: 0.9953
loss: 0.0272, acc: 0.9964
loss: 0.0236, acc: 0.9970
loss: 0.0219, acc: 0.9975
loss: 0.0206, acc: 0.9968
loss: 0.0234, acc: 0.9962
loss: 0.0231, acc: 0.9957
loss: 0.0222, acc: 0.9962
loss: 0.0230, acc: 0.9958
loss: 0.0276, acc: 0.9942
loss: 0.0311, acc: 0.9922
loss: 0.0404, acc: 0.9900
loss: 0.0399, acc: 0.9901
loss: 0.0414, acc: 0.9898
loss: 0.0416, acc: 0.9899
loss: 0.0402, acc: 0.9904
loss: 0.0406, acc: 0.9901
loss: 0.0397, acc: 0.9902
loss: 0.0390, acc: 0.9907
loss: 0.0379, acc: 0.9911
> val_acc: 0.7545, val_f1: 0.6713
>>>>>>>>>>>>>>>>>>>>>>>>>>>>>>>>>>>>>>>>>>>>>>>>>>>>>>>>>>>>>>>>>>>>>>>>>>>>>>>>>>>>>>>>>>>>>>>>>>>>
epoch: 39
loss: 0.1287, acc: 0.9600
loss: 0.0761, acc: 0.9733
loss: 0.0571, acc: 0.9818
loss: 0.0451, acc: 0.9875
loss: 0.0422, acc: 0.9886
loss: 0.0392, acc: 0.9892
loss: 0.0370, acc: 0.9897
loss: 0.0363, acc: 0.9900
loss: 0.0347, acc: 0.9902
loss: 0.0336, acc: 0.9904
loss: 0.0339, acc: 0.9906
loss: 0.0315, acc: 0.9914
loss: 0.0314, acc: 0.9908
loss: 0.0299, acc: 0.9915
loss: 0.0338, acc: 0.9915
loss: 0.0334, acc: 0.9916
loss: 0.0316, acc: 0.9921
loss: 0.0310, acc: 0.9921
loss: 0.0297, acc: 0.9925
loss: 0.0309, acc: 0.9917
loss: 0.0298, acc: 0.9921
loss: 0.0290, acc: 0.9925
loss: 0.0289, acc: 0.9924
loss: 0.0281, acc: 0.9927
> val_acc: 0.7517, val_f1: 0.6752
>>>>>>>>>>>>>>>>>>>>>>>>>>>>>>>>>>>>>>>>>>>>>>>>>>>>>>>>>>>>>>>>>>>>>>>>>>>>>>>>>>>>>>>>>>>>>>>>>>>>
epoch: 40
loss: 0.0228, acc: 0.9920
loss: 0.0372, acc: 0.9880
loss: 0.0392, acc: 0.9840
loss: 0.0376, acc: 0.9840
loss: 0.0332, acc: 0.9856
loss: 0.0303, acc: 0.9867
loss: 0.0289, acc: 0.9874
loss: 0.0282, acc: 0.9880
loss: 0.0257, acc: 0.9893
loss: 0.0266, acc: 0.9888
loss: 0.0247, acc: 0.9898
loss: 0.0257, acc: 0.9907
loss: 0.0250, acc: 0.9908
loss: 0.0240, acc: 0.9914
loss: 0.0240, acc: 0.9909
loss: 0.0258, acc: 0.9910
loss: 0.0251, acc: 0.9915
loss: 0.0242, acc: 0.9920
loss: 0.0248, acc: 0.9916
loss: 0.0246, acc: 0.9916
loss: 0.0262, acc: 0.9909
loss: 0.0259, acc: 0.9909
loss: 0.0254, acc: 0.9913
> val_acc: 0.7531, val_f1: 0.6775
>>>>>>>>>>>>>>>>>>>>>>>>>>>>>>>>>>>>>>>>>>>>>>>>>>>>>>>>>>>>>>>>>>>>>>>>>>>>>>>>>>>>>>>>>>>>>>>>>>>>
epoch: 41
loss: 0.0508, acc: 0.9700
loss: 0.0263, acc: 0.9867
loss: 0.0253, acc: 0.9886
loss: 0.0197, acc: 0.9916
loss: 0.0174, acc: 0.9933
loss: 0.0160, acc: 0.9945
loss: 0.0209, acc: 0.9918
loss: 0.0203, acc: 0.9928
loss: 0.0227, acc: 0.9927
loss: 0.0255, acc: 0.9918
loss: 0.0234, acc: 0.9926
loss: 0.0219, acc: 0.9932
loss: 0.0243, acc: 0.9925
loss: 0.0246, acc: 0.9919
loss: 0.0238, acc: 0.9924
loss: 0.0266, acc: 0.9919
loss: 0.0274, acc: 0.9914
loss: 0.0265, acc: 0.9919
loss: 0.0261, acc: 0.9919
loss: 0.0278, acc: 0.9907
loss: 0.0275, acc: 0.9912
loss: 0.0295, acc: 0.9905
loss: 0.0302, acc: 0.9898
> val_acc: 0.7573, val_f1: 0.6722
>>>>>>>>>>>>>>>>>>>>>>>>>>>>>>>>>>>>>>>>>>>>>>>>>>>>>>>>>>>>>>>>>>>>>>>>>>>>>>>>>>>>>>>>>>>>>>>>>>>>
epoch: 42
loss: 0.0390, acc: 0.9867
loss: 0.0711, acc: 0.9750
loss: 0.0617, acc: 0.9815
loss: 0.0536, acc: 0.9867
loss: 0.0481, acc: 0.9878
loss: 0.0413, acc: 0.9900
loss: 0.0476, acc: 0.9903
loss: 0.0456, acc: 0.9905
loss: 0.0462, acc: 0.9907
loss: 0.0459, acc: 0.9908
loss: 0.0436, acc: 0.9909
loss: 0.0516, acc: 0.9890
loss: 0.0509, acc: 0.9892
loss: 0.0483, acc: 0.9900
loss: 0.0483, acc: 0.9890
loss: 0.0486, acc: 0.9887
loss: 0.0489, acc: 0.9884
loss: 0.0491, acc: 0.9877
loss: 0.0497, acc: 0.9867
loss: 0.0593, acc: 0.9853
loss: 0.0658, acc: 0.9841
loss: 0.0707, acc: 0.9830
loss: 0.0707, acc: 0.9827
> val_acc: 0.7503, val_f1: 0.6695
>>>>>>>>>>>>>>>>>>>>>>>>>>>>>>>>>>>>>>>>>>>>>>>>>>>>>>>>>>>>>>>>>>>>>>>>>>>>>>>>>>>>>>>>>>>>>>>>>>>>
epoch: 43
loss: 0.0485, acc: 1.0000
loss: 0.0863, acc: 0.9714
loss: 0.0893, acc: 0.9700
loss: 0.0748, acc: 0.9765
loss: 0.0764, acc: 0.9745
loss: 0.0788, acc: 0.9733
loss: 0.0719, acc: 0.9750
loss: 0.0680, acc: 0.9751
loss: 0.0743, acc: 0.9733
loss: 0.0769, acc: 0.9736
loss: 0.0746, acc: 0.9746
loss: 0.0749, acc: 0.9733
loss: 0.0924, acc: 0.9703
loss: 0.0955, acc: 0.9707
loss: 0.0955, acc: 0.9700
loss: 0.0952, acc: 0.9688
loss: 0.0967, acc: 0.9693
loss: 0.1032, acc: 0.9687
loss: 0.1064, acc: 0.9683
loss: 0.1057, acc: 0.9678
loss: 0.1025, acc: 0.9694
loss: 0.1046, acc: 0.9682
loss: 0.1114, acc: 0.9675
> val_acc: 0.7379, val_f1: 0.6592
>>>>>>>>>>>>>>>>>>>>>>>>>>>>>>>>>>>>>>>>>>>>>>>>>>>>>>>>>>>>>>>>>>>>>>>>>>>>>>>>>>>>>>>>>>>>>>>>>>>>
epoch: 44
loss: 0.0654, acc: 0.9600
loss: 0.0922, acc: 0.9600
loss: 0.0723, acc: 0.9709
loss: 0.0692, acc: 0.9750
loss: 0.0852, acc: 0.9695
loss: 0.0819, acc: 0.9708
loss: 0.0820, acc: 0.9703
loss: 0.0747, acc: 0.9733
loss: 0.0772, acc: 0.9727
loss: 0.0826, acc: 0.9730
loss: 0.0798, acc: 0.9741
loss: 0.0819, acc: 0.9736
loss: 0.0852, acc: 0.9731
loss: 0.0845, acc: 0.9727
loss: 0.0833, acc: 0.9741
loss: 0.0805, acc: 0.9753
loss: 0.0818, acc: 0.9748
loss: 0.0834, acc: 0.9749
loss: 0.0811, acc: 0.9749
loss: 0.0793, acc: 0.9754
loss: 0.0818, acc: 0.9743
loss: 0.0807, acc: 0.9747
loss: 0.0796, acc: 0.9751
loss: 0.0779, acc: 0.9758
> val_acc: 0.7628, val_f1: 0.6790
>> saved: state_dict/aoa_restaurant_val_acc0.7628
>>>>>>>>>>>>>>>>>>>>>>>>>>>>>>>>>>>>>>>>>>>>>>>>>>>>>>>>>>>>>>>>>>>>>>>>>>>>>>>>>>>>>>>>>>>>>>>>>>>>
epoch: 45
loss: 0.0447, acc: 0.9840
loss: 0.0445, acc: 0.9840
loss: 0.0445, acc: 0.9840
loss: 0.0359, acc: 0.9880
loss: 0.0419, acc: 0.9856
loss: 0.0402, acc: 0.9880
loss: 0.0362, acc: 0.9897
loss: 0.0366, acc: 0.9900
loss: 0.0370, acc: 0.9893
loss: 0.0389, acc: 0.9896
loss: 0.0390, acc: 0.9891
loss: 0.0373, acc: 0.9893
loss: 0.0364, acc: 0.9902
loss: 0.0356, acc: 0.9903
loss: 0.0382, acc: 0.9883
loss: 0.0413, acc: 0.9880
loss: 0.0426, acc: 0.9878
loss: 0.0411, acc: 0.9884
loss: 0.0448, acc: 0.9874
loss: 0.0462, acc: 0.9868
loss: 0.0464, acc: 0.9867
loss: 0.0496, acc: 0.9858
loss: 0.0542, acc: 0.9847
> val_acc: 0.7406, val_f1: 0.6742
>>>>>>>>>>>>>>>>>>>>>>>>>>>>>>>>>>>>>>>>>>>>>>>>>>>>>>>>>>>>>>>>>>>>>>>>>>>>>>>>>>>>>>>>>>>>>>>>>>>>
epoch: 46
loss: 0.0343, acc: 0.9900
loss: 0.0640, acc: 0.9867
loss: 0.0582, acc: 0.9886
loss: 0.0503, acc: 0.9916
loss: 0.0650, acc: 0.9850
loss: 0.0614, acc: 0.9862
loss: 0.0558, acc: 0.9871
loss: 0.0525, acc: 0.9877
loss: 0.0505, acc: 0.9891
loss: 0.0476, acc: 0.9902
loss: 0.0482, acc: 0.9896
loss: 0.0480, acc: 0.9898
loss: 0.0490, acc: 0.9888
loss: 0.0465, acc: 0.9896
loss: 0.0465, acc: 0.9897
loss: 0.0488, acc: 0.9889
loss: 0.0474, acc: 0.9890
loss: 0.0471, acc: 0.9883
loss: 0.0480, acc: 0.9877
loss: 0.0474, acc: 0.9875
loss: 0.0471, acc: 0.9873
loss: 0.0465, acc: 0.9872
loss: 0.0467, acc: 0.9874
> val_acc: 0.7670, val_f1: 0.6968
>> saved: state_dict/aoa_restaurant_val_acc0.767
>>>>>>>>>>>>>>>>>>>>>>>>>>>>>>>>>>>>>>>>>>>>>>>>>>>>>>>>>>>>>>>>>>>>>>>>>>>>>>>>>>>>>>>>>>>>>>>>>>>>
epoch: 47
loss: 0.0339, acc: 0.9867
loss: 0.0195, acc: 0.9950
loss: 0.0248, acc: 0.9938
loss: 0.0447, acc: 0.9844
loss: 0.0387, acc: 0.9878
loss: 0.0336, acc: 0.9900
loss: 0.0310, acc: 0.9915
loss: 0.0349, acc: 0.9895
loss: 0.0316, acc: 0.9907
loss: 0.0340, acc: 0.9900
loss: 0.0348, acc: 0.9902
loss: 0.0350, acc: 0.9903
loss: 0.0340, acc: 0.9911
loss: 0.0328, acc: 0.9918
loss: 0.0333, acc: 0.9912
loss: 0.0317, acc: 0.9918
loss: 0.0322, acc: 0.9913
loss: 0.0319, acc: 0.9914
loss: 0.0307, acc: 0.9918
loss: 0.0312, acc: 0.9914
loss: 0.0306, acc: 0.9915
loss: 0.0299, acc: 0.9919
loss: 0.0298, acc: 0.9915
> val_acc: 0.7698, val_f1: 0.6962
>> saved: state_dict/aoa_restaurant_val_acc0.7698
>>>>>>>>>>>>>>>>>>>>>>>>>>>>>>>>>>>>>>>>>>>>>>>>>>>>>>>>>>>>>>>>>>>>>>>>>>>>>>>>>>>>>>>>>>>>>>>>>>>>
epoch: 48
loss: 0.0023, acc: 1.0000
loss: 0.0059, acc: 1.0000
loss: 0.0089, acc: 0.9967
loss: 0.0075, acc: 0.9976
loss: 0.0151, acc: 0.9945
loss: 0.0175, acc: 0.9941
loss: 0.0161, acc: 0.9950
loss: 0.0178, acc: 0.9935
loss: 0.0171, acc: 0.9933
loss: 0.0159, acc: 0.9940
loss: 0.0160, acc: 0.9938
loss: 0.0170, acc: 0.9930
loss: 0.0194, acc: 0.9929
loss: 0.0198, acc: 0.9928
loss: 0.0205, acc: 0.9928
loss: 0.0222, acc: 0.9922
loss: 0.0223, acc: 0.9927
loss: 0.0233, acc: 0.9922
loss: 0.0236, acc: 0.9917
loss: 0.0226, acc: 0.9922
loss: 0.0219, acc: 0.9925
loss: 0.0239, acc: 0.9918
loss: 0.0231, acc: 0.9921
> val_acc: 0.7587, val_f1: 0.6858
>>>>>>>>>>>>>>>>>>>>>>>>>>>>>>>>>>>>>>>>>>>>>>>>>>>>>>>>>>>>>>>>>>>>>>>>>>>>>>>>>>>>>>>>>>>>>>>>>>>>
epoch: 49
loss: 0.0046, acc: 1.0000
loss: 0.0221, acc: 0.9933
loss: 0.0269, acc: 0.9891
loss: 0.0250, acc: 0.9900
loss: 0.0221, acc: 0.9905
loss: 0.0187, acc: 0.9923
loss: 0.0282, acc: 0.9923
loss: 0.0266, acc: 0.9922
loss: 0.0243, acc: 0.9932
loss: 0.0226, acc: 0.9939
loss: 0.0224, acc: 0.9937
loss: 0.0221, acc: 0.9943
loss: 0.0216, acc: 0.9941
loss: 0.0202, acc: 0.9945
loss: 0.0197, acc: 0.9944
loss: 0.0204, acc: 0.9942
loss: 0.0200, acc: 0.9941
loss: 0.0204, acc: 0.9935
loss: 0.0203, acc: 0.9938
loss: 0.0203, acc: 0.9938
loss: 0.0206, acc: 0.9937
loss: 0.0199, acc: 0.9940
loss: 0.0237, acc: 0.9935
loss: 0.0239, acc: 0.9934
> val_acc: 0.7559, val_f1: 0.6831
>> test_acc: 0.7482, test_f1: 0.6199
