cuda memory allocated: 15306752
n_trainable_params: 2891403, n_nontrainable_params: 934800
> training arguments:
>>> model_name: aoa
>>> dataset: laptop
>>> optimizer: <class 'torch.optim.adagrad.Adagrad'>
>>> initializer: <function xavier_uniform_ at 0x00000165FF508730>
>>> learning_rate: 0.001
>>> dropout: 0.1
>>> l2reg: 0.01
>>> num_epoch: 50
>>> batch_size: 64
>>> log_step: 5
>>> embed_dim: 300
>>> hidden_dim: 300
>>> bert_dim: 768
>>> pretrained_bert_name: bert-base-uncased
>>> max_seq_len: 80
>>> polarities_dim: 3
>>> hops: 3
>>> device: cuda
>>> seed: None
>>> valset_ratio: 0
>>> glove_path: ./glove/glove.840B.300d.txt
>>> model_class: <class 'models.aoa.AOA'>
>>> dataset_file: {'train': './datasets/semeval14/Laptops_Train.xml.seg', 'test': './datasets/semeval14/Laptops_Test_Gold.xml.seg'}
>>> inputs_cols: ['text_raw_indices', 'aspect_indices']
>>>>>>>>>>>>>>>>>>>>>>>>>>>>>>>>>>>>>>>>>>>>>>>>>>>>>>>>>>>>>>>>>>>>>>>>>>>>>>>>>>>>>>>>>>>>>>>>>>>>
epoch: 0
loss: 1.0662, acc: 0.4531
loss: 1.0709, acc: 0.4250
loss: 1.0623, acc: 0.4500
loss: 1.0643, acc: 0.4422
loss: 1.0619, acc: 0.4456
loss: 1.0607, acc: 0.4542
loss: 1.0583, acc: 0.4571
> val_acc: 0.5439, val_f1: 0.3313
>> saved: state_dict/aoa_laptop_val_acc0.5439
>>>>>>>>>>>>>>>>>>>>>>>>>>>>>>>>>>>>>>>>>>>>>>>>>>>>>>>>>>>>>>>>>>>>>>>>>>>>>>>>>>>>>>>>>>>>>>>>>>>>
epoch: 1
loss: 1.0654, acc: 0.4792
loss: 1.0505, acc: 0.5000
loss: 1.0513, acc: 0.4904
loss: 1.0457, acc: 0.4983
loss: 1.0444, acc: 0.4959
loss: 1.0467, acc: 0.4939
loss: 1.0461, acc: 0.4957
> val_acc: 0.5486, val_f1: 0.3455
>> saved: state_dict/aoa_laptop_val_acc0.5486
>>>>>>>>>>>>>>>>>>>>>>>>>>>>>>>>>>>>>>>>>>>>>>>>>>>>>>>>>>>>>>>>>>>>>>>>>>>>>>>>>>>>>>>>>>>>>>>>>>>>
epoch: 2
loss: 1.0394, acc: 0.4844
loss: 1.0411, acc: 0.5156
loss: 1.0426, acc: 0.5142
loss: 1.0422, acc: 0.5078
loss: 1.0389, acc: 0.5074
loss: 1.0415, acc: 0.4982
loss: 1.0412, acc: 0.4990
loss: 1.0404, acc: 0.5013
> val_acc: 0.5266, val_f1: 0.3579
>>>>>>>>>>>>>>>>>>>>>>>>>>>>>>>>>>>>>>>>>>>>>>>>>>>>>>>>>>>>>>>>>>>>>>>>>>>>>>>>>>>>>>>>>>>>>>>>>>>>
epoch: 3
loss: 1.0351, acc: 0.5859
loss: 1.0229, acc: 0.5660
loss: 1.0319, acc: 0.5379
loss: 1.0317, acc: 0.5362
loss: 1.0325, acc: 0.5365
loss: 1.0359, acc: 0.5286
loss: 1.0355, acc: 0.5294
> val_acc: 0.5470, val_f1: 0.3408
>>>>>>>>>>>>>>>>>>>>>>>>>>>>>>>>>>>>>>>>>>>>>>>>>>>>>>>>>>>>>>>>>>>>>>>>>>>>>>>>>>>>>>>>>>>>>>>>>>>>
epoch: 4
loss: 1.0418, acc: 0.5312
loss: 1.0347, acc: 0.5402
loss: 1.0211, acc: 0.5521
loss: 1.0258, acc: 0.5340
loss: 1.0263, acc: 0.5355
loss: 1.0279, acc: 0.5312
loss: 1.0272, acc: 0.5381
loss: 1.0280, acc: 0.5335
> val_acc: 0.5502, val_f1: 0.3635
>> saved: state_dict/aoa_laptop_val_acc0.5502
>>>>>>>>>>>>>>>>>>>>>>>>>>>>>>>>>>>>>>>>>>>>>>>>>>>>>>>>>>>>>>>>>>>>>>>>>>>>>>>>>>>>>>>>>>>>>>>>>>>>
epoch: 5
loss: 1.0192, acc: 0.5531
loss: 1.0170, acc: 0.5484
loss: 1.0209, acc: 0.5469
loss: 1.0237, acc: 0.5492
loss: 1.0207, acc: 0.5544
loss: 1.0212, acc: 0.5474
loss: 1.0210, acc: 0.5487
> val_acc: 0.5439, val_f1: 0.3801
>>>>>>>>>>>>>>>>>>>>>>>>>>>>>>>>>>>>>>>>>>>>>>>>>>>>>>>>>>>>>>>>>>>>>>>>>>>>>>>>>>>>>>>>>>>>>>>>>>>>
epoch: 6
loss: 1.0392, acc: 0.5000
loss: 1.0278, acc: 0.5547
loss: 1.0202, acc: 0.5577
loss: 1.0223, acc: 0.5590
loss: 1.0179, acc: 0.5673
loss: 1.0158, acc: 0.5664
loss: 1.0135, acc: 0.5663
> val_acc: 0.5517, val_f1: 0.3796
>> saved: state_dict/aoa_laptop_val_acc0.5517
>>>>>>>>>>>>>>>>>>>>>>>>>>>>>>>>>>>>>>>>>>>>>>>>>>>>>>>>>>>>>>>>>>>>>>>>>>>>>>>>>>>>>>>>>>>>>>>>>>>>
epoch: 7
loss: 0.9964, acc: 0.5938
loss: 1.0055, acc: 0.5807
loss: 1.0166, acc: 0.5526
loss: 1.0113, acc: 0.5674
loss: 1.0111, acc: 0.5685
loss: 1.0065, acc: 0.5769
loss: 1.0056, acc: 0.5791
loss: 1.0032, acc: 0.5812
> val_acc: 0.5533, val_f1: 0.3736
>> saved: state_dict/aoa_laptop_val_acc0.5533
>>>>>>>>>>>>>>>>>>>>>>>>>>>>>>>>>>>>>>>>>>>>>>>>>>>>>>>>>>>>>>>>>>>>>>>>>>>>>>>>>>>>>>>>>>>>>>>>>>>>
epoch: 8
loss: 1.0085, acc: 0.5898
loss: 1.0041, acc: 0.5885
loss: 0.9877, acc: 0.5960
loss: 0.9932, acc: 0.5946
loss: 0.9919, acc: 0.5970
loss: 0.9922, acc: 0.5970
loss: 0.9912, acc: 0.5947
> val_acc: 0.5674, val_f1: 0.3837
>> saved: state_dict/aoa_laptop_val_acc0.5674
>>>>>>>>>>>>>>>>>>>>>>>>>>>>>>>>>>>>>>>>>>>>>>>>>>>>>>>>>>>>>>>>>>>>>>>>>>>>>>>>>>>>>>>>>>>>>>>>>>>>
epoch: 9
loss: 1.0002, acc: 0.6172
loss: 0.9917, acc: 0.6027
loss: 0.9837, acc: 0.6042
loss: 0.9853, acc: 0.5965
loss: 0.9765, acc: 0.6087
loss: 0.9753, acc: 0.6076
loss: 0.9733, acc: 0.6064
loss: 0.9693, acc: 0.6125
> val_acc: 0.5658, val_f1: 0.3788
>>>>>>>>>>>>>>>>>>>>>>>>>>>>>>>>>>>>>>>>>>>>>>>>>>>>>>>>>>>>>>>>>>>>>>>>>>>>>>>>>>>>>>>>>>>>>>>>>>>>
epoch: 10
loss: 0.9502, acc: 0.6188
loss: 0.9458, acc: 0.6266
loss: 0.9415, acc: 0.6229
loss: 0.9455, acc: 0.6180
loss: 0.9420, acc: 0.6162
loss: 0.9395, acc: 0.6172
loss: 0.9367, acc: 0.6174
> val_acc: 0.5580, val_f1: 0.3915
>>>>>>>>>>>>>>>>>>>>>>>>>>>>>>>>>>>>>>>>>>>>>>>>>>>>>>>>>>>>>>>>>>>>>>>>>>>>>>>>>>>>>>>>>>>>>>>>>>>>
epoch: 11
loss: 0.8996, acc: 0.5781
loss: 0.9155, acc: 0.5820
loss: 0.9182, acc: 0.5986
loss: 0.9174, acc: 0.6076
loss: 0.9165, acc: 0.6101
loss: 0.9166, acc: 0.6110
loss: 0.9086, acc: 0.6165
> val_acc: 0.5705, val_f1: 0.3773
>> saved: state_dict/aoa_laptop_val_acc0.5705
>>>>>>>>>>>>>>>>>>>>>>>>>>>>>>>>>>>>>>>>>>>>>>>>>>>>>>>>>>>>>>>>>>>>>>>>>>>>>>>>>>>>>>>>>>>>>>>>>>>>
epoch: 12
loss: 0.9254, acc: 0.6094
loss: 0.8703, acc: 0.6562
loss: 0.8805, acc: 0.6449
loss: 0.8807, acc: 0.6367
loss: 0.8864, acc: 0.6317
loss: 0.8932, acc: 0.6262
loss: 0.8925, acc: 0.6265
loss: 0.8926, acc: 0.6254
> val_acc: 0.5690, val_f1: 0.3969
>>>>>>>>>>>>>>>>>>>>>>>>>>>>>>>>>>>>>>>>>>>>>>>>>>>>>>>>>>>>>>>>>>>>>>>>>>>>>>>>>>>>>>>>>>>>>>>>>>>>
epoch: 13
loss: 0.9059, acc: 0.6094
loss: 0.8921, acc: 0.6285
loss: 0.9036, acc: 0.6127
loss: 0.8934, acc: 0.6225
loss: 0.8891, acc: 0.6283
loss: 0.8836, acc: 0.6288
loss: 0.8854, acc: 0.6264
> val_acc: 0.5799, val_f1: 0.3987
>> saved: state_dict/aoa_laptop_val_acc0.5799
>>>>>>>>>>>>>>>>>>>>>>>>>>>>>>>>>>>>>>>>>>>>>>>>>>>>>>>>>>>>>>>>>>>>>>>>>>>>>>>>>>>>>>>>>>>>>>>>>>>>
epoch: 14
loss: 0.8626, acc: 0.6406
loss: 0.8576, acc: 0.6362
loss: 0.8719, acc: 0.6354
loss: 0.8670, acc: 0.6351
loss: 0.8663, acc: 0.6321
loss: 0.8606, acc: 0.6360
loss: 0.8672, acc: 0.6353
loss: 0.8679, acc: 0.6340
> val_acc: 0.5831, val_f1: 0.4045
>> saved: state_dict/aoa_laptop_val_acc0.5831
>>>>>>>>>>>>>>>>>>>>>>>>>>>>>>>>>>>>>>>>>>>>>>>>>>>>>>>>>>>>>>>>>>>>>>>>>>>>>>>>>>>>>>>>>>>>>>>>>>>>
epoch: 15
loss: 0.8751, acc: 0.6125
loss: 0.8905, acc: 0.6141
loss: 0.8743, acc: 0.6354
loss: 0.8663, acc: 0.6422
loss: 0.8696, acc: 0.6331
loss: 0.8649, acc: 0.6333
loss: 0.8627, acc: 0.6330
> val_acc: 0.5768, val_f1: 0.4151
>>>>>>>>>>>>>>>>>>>>>>>>>>>>>>>>>>>>>>>>>>>>>>>>>>>>>>>>>>>>>>>>>>>>>>>>>>>>>>>>>>>>>>>>>>>>>>>>>>>>
epoch: 16
loss: 0.8417, acc: 0.6406
loss: 0.8549, acc: 0.6406
loss: 0.8660, acc: 0.6346
loss: 0.8641, acc: 0.6311
loss: 0.8531, acc: 0.6379
loss: 0.8526, acc: 0.6395
loss: 0.8494, acc: 0.6392
> val_acc: 0.5893, val_f1: 0.4117
>> saved: state_dict/aoa_laptop_val_acc0.5893
>>>>>>>>>>>>>>>>>>>>>>>>>>>>>>>>>>>>>>>>>>>>>>>>>>>>>>>>>>>>>>>>>>>>>>>>>>>>>>>>>>>>>>>>>>>>>>>>>>>>
epoch: 17
loss: 0.9030, acc: 0.5469
loss: 0.8687, acc: 0.6354
loss: 0.8495, acc: 0.6477
loss: 0.8642, acc: 0.6338
loss: 0.8579, acc: 0.6376
loss: 0.8524, acc: 0.6424
loss: 0.8455, acc: 0.6472
loss: 0.8473, acc: 0.6445
> val_acc: 0.5940, val_f1: 0.4275
>> saved: state_dict/aoa_laptop_val_acc0.594
>>>>>>>>>>>>>>>>>>>>>>>>>>>>>>>>>>>>>>>>>>>>>>>>>>>>>>>>>>>>>>>>>>>>>>>>>>>>>>>>>>>>>>>>>>>>>>>>>>>>
epoch: 18
loss: 0.8253, acc: 0.6367
loss: 0.8516, acc: 0.6267
loss: 0.8375, acc: 0.6395
loss: 0.8314, acc: 0.6439
loss: 0.8384, acc: 0.6400
loss: 0.8349, acc: 0.6476
loss: 0.8375, acc: 0.6475
> val_acc: 0.5909, val_f1: 0.4142
>>>>>>>>>>>>>>>>>>>>>>>>>>>>>>>>>>>>>>>>>>>>>>>>>>>>>>>>>>>>>>>>>>>>>>>>>>>>>>>>>>>>>>>>>>>>>>>>>>>>
epoch: 19
loss: 0.8629, acc: 0.6406
loss: 0.8424, acc: 0.6362
loss: 0.8432, acc: 0.6380
loss: 0.8325, acc: 0.6461
loss: 0.8262, acc: 0.6491
loss: 0.8247, acc: 0.6516
loss: 0.8259, acc: 0.6553
loss: 0.8283, acc: 0.6559
> val_acc: 0.5815, val_f1: 0.4447
>>>>>>>>>>>>>>>>>>>>>>>>>>>>>>>>>>>>>>>>>>>>>>>>>>>>>>>>>>>>>>>>>>>>>>>>>>>>>>>>>>>>>>>>>>>>>>>>>>>>
epoch: 20
loss: 0.8076, acc: 0.6656
loss: 0.8062, acc: 0.6672
loss: 0.8081, acc: 0.6635
loss: 0.8066, acc: 0.6672
loss: 0.8110, acc: 0.6650
loss: 0.8209, acc: 0.6568
loss: 0.8236, acc: 0.6571
> val_acc: 0.5909, val_f1: 0.4405
>>>>>>>>>>>>>>>>>>>>>>>>>>>>>>>>>>>>>>>>>>>>>>>>>>>>>>>>>>>>>>>>>>>>>>>>>>>>>>>>>>>>>>>>>>>>>>>>>>>>
epoch: 21
loss: 0.7773, acc: 0.6562
loss: 0.8156, acc: 0.6465
loss: 0.8170, acc: 0.6430
loss: 0.8123, acc: 0.6484
loss: 0.8120, acc: 0.6569
loss: 0.8243, acc: 0.6512
loss: 0.8241, acc: 0.6529
> val_acc: 0.5925, val_f1: 0.4173
>>>>>>>>>>>>>>>>>>>>>>>>>>>>>>>>>>>>>>>>>>>>>>>>>>>>>>>>>>>>>>>>>>>>>>>>>>>>>>>>>>>>>>>>>>>>>>>>>>>>
epoch: 22
loss: 0.7399, acc: 0.7031
loss: 0.8004, acc: 0.6641
loss: 0.8133, acc: 0.6648
loss: 0.8193, acc: 0.6602
loss: 0.8001, acc: 0.6711
loss: 0.8006, acc: 0.6695
loss: 0.8099, acc: 0.6593
loss: 0.8108, acc: 0.6623
> val_acc: 0.5940, val_f1: 0.4267
>>>>>>>>>>>>>>>>>>>>>>>>>>>>>>>>>>>>>>>>>>>>>>>>>>>>>>>>>>>>>>>>>>>>>>>>>>>>>>>>>>>>>>>>>>>>>>>>>>>>
epoch: 23
loss: 0.8237, acc: 0.6680
loss: 0.8078, acc: 0.6806
loss: 0.8117, acc: 0.6708
loss: 0.8077, acc: 0.6743
loss: 0.7980, acc: 0.6751
loss: 0.8075, acc: 0.6708
loss: 0.8068, acc: 0.6742
> val_acc: 0.5987, val_f1: 0.4400
>> saved: state_dict/aoa_laptop_val_acc0.5987
>>>>>>>>>>>>>>>>>>>>>>>>>>>>>>>>>>>>>>>>>>>>>>>>>>>>>>>>>>>>>>>>>>>>>>>>>>>>>>>>>>>>>>>>>>>>>>>>>>>>
epoch: 24
loss: 0.7924, acc: 0.6719
loss: 0.8284, acc: 0.6719
loss: 0.8148, acc: 0.6719
loss: 0.7914, acc: 0.6820
loss: 0.7980, acc: 0.6804
loss: 0.7963, acc: 0.6794
loss: 0.7953, acc: 0.6787
loss: 0.8039, acc: 0.6744
> val_acc: 0.5972, val_f1: 0.4424
>>>>>>>>>>>>>>>>>>>>>>>>>>>>>>>>>>>>>>>>>>>>>>>>>>>>>>>>>>>>>>>>>>>>>>>>>>>>>>>>>>>>>>>>>>>>>>>>>>>>
epoch: 25
loss: 0.8219, acc: 0.6594
loss: 0.7986, acc: 0.6781
loss: 0.8015, acc: 0.6740
loss: 0.7966, acc: 0.6797
loss: 0.7955, acc: 0.6863
loss: 0.7993, acc: 0.6786
loss: 0.8003, acc: 0.6768
> val_acc: 0.5956, val_f1: 0.4433
>>>>>>>>>>>>>>>>>>>>>>>>>>>>>>>>>>>>>>>>>>>>>>>>>>>>>>>>>>>>>>>>>>>>>>>>>>>>>>>>>>>>>>>>>>>>>>>>>>>>
epoch: 26
loss: 0.8169, acc: 0.6510
loss: 0.8292, acc: 0.6523
loss: 0.8133, acc: 0.6623
loss: 0.8141, acc: 0.6536
loss: 0.8002, acc: 0.6671
loss: 0.7981, acc: 0.6680
loss: 0.7979, acc: 0.6705
> val_acc: 0.5940, val_f1: 0.4408
>>>>>>>>>>>>>>>>>>>>>>>>>>>>>>>>>>>>>>>>>>>>>>>>>>>>>>>>>>>>>>>>>>>>>>>>>>>>>>>>>>>>>>>>>>>>>>>>>>>>
epoch: 27
loss: 0.7357, acc: 0.7031
loss: 0.7925, acc: 0.6927
loss: 0.8030, acc: 0.6847
loss: 0.8023, acc: 0.6787
loss: 0.7975, acc: 0.6808
loss: 0.8040, acc: 0.6713
loss: 0.7969, acc: 0.6779
loss: 0.7959, acc: 0.6806
> val_acc: 0.6144, val_f1: 0.4609
>> saved: state_dict/aoa_laptop_val_acc0.6144
>>>>>>>>>>>>>>>>>>>>>>>>>>>>>>>>>>>>>>>>>>>>>>>>>>>>>>>>>>>>>>>>>>>>>>>>>>>>>>>>>>>>>>>>>>>>>>>>>>>>
epoch: 28
loss: 0.7802, acc: 0.6953
loss: 0.7710, acc: 0.6823
loss: 0.7821, acc: 0.6752
loss: 0.7841, acc: 0.6809
loss: 0.7786, acc: 0.6842
loss: 0.7920, acc: 0.6773
loss: 0.7887, acc: 0.6788
> val_acc: 0.5940, val_f1: 0.4435
>>>>>>>>>>>>>>>>>>>>>>>>>>>>>>>>>>>>>>>>>>>>>>>>>>>>>>>>>>>>>>>>>>>>>>>>>>>>>>>>>>>>>>>>>>>>>>>>>>>>
epoch: 29
loss: 0.8191, acc: 0.6719
loss: 0.8011, acc: 0.6741
loss: 0.7861, acc: 0.6732
loss: 0.7808, acc: 0.6801
loss: 0.7811, acc: 0.6861
loss: 0.7885, acc: 0.6777
loss: 0.7912, acc: 0.6782
loss: 0.7878, acc: 0.6804
> val_acc: 0.6254, val_f1: 0.4834
>> saved: state_dict/aoa_laptop_val_acc0.6254
>>>>>>>>>>>>>>>>>>>>>>>>>>>>>>>>>>>>>>>>>>>>>>>>>>>>>>>>>>>>>>>>>>>>>>>>>>>>>>>>>>>>>>>>>>>>>>>>>>>>
epoch: 30
loss: 0.7194, acc: 0.7219
loss: 0.7580, acc: 0.6984
loss: 0.7785, acc: 0.6917
loss: 0.7802, acc: 0.6867
loss: 0.7884, acc: 0.6837
loss: 0.7854, acc: 0.6865
loss: 0.7848, acc: 0.6839
> val_acc: 0.6050, val_f1: 0.4598
>>>>>>>>>>>>>>>>>>>>>>>>>>>>>>>>>>>>>>>>>>>>>>>>>>>>>>>>>>>>>>>>>>>>>>>>>>>>>>>>>>>>>>>>>>>>>>>>>>>>
epoch: 31
loss: 0.7699, acc: 0.6979
loss: 0.7847, acc: 0.6758
loss: 0.7799, acc: 0.6803
loss: 0.7942, acc: 0.6693
loss: 0.7914, acc: 0.6746
loss: 0.7797, acc: 0.6842
loss: 0.7777, acc: 0.6847
> val_acc: 0.6207, val_f1: 0.4847
>>>>>>>>>>>>>>>>>>>>>>>>>>>>>>>>>>>>>>>>>>>>>>>>>>>>>>>>>>>>>>>>>>>>>>>>>>>>>>>>>>>>>>>>>>>>>>>>>>>>
epoch: 32
loss: 0.7664, acc: 0.7031
loss: 0.7821, acc: 0.6849
loss: 0.7768, acc: 0.6918
loss: 0.7844, acc: 0.6895
loss: 0.7840, acc: 0.6905
loss: 0.7779, acc: 0.6965
loss: 0.7816, acc: 0.6946
loss: 0.7795, acc: 0.6936
> val_acc: 0.6270, val_f1: 0.4840
>> saved: state_dict/aoa_laptop_val_acc0.627
>>>>>>>>>>>>>>>>>>>>>>>>>>>>>>>>>>>>>>>>>>>>>>>>>>>>>>>>>>>>>>>>>>>>>>>>>>>>>>>>>>>>>>>>>>>>>>>>>>>>
epoch: 33
loss: 0.7704, acc: 0.6641
loss: 0.7694, acc: 0.6632
loss: 0.7676, acc: 0.6752
loss: 0.7839, acc: 0.6719
loss: 0.7882, acc: 0.6725
loss: 0.7798, acc: 0.6789
loss: 0.7725, acc: 0.6866
> val_acc: 0.6176, val_f1: 0.4785
>>>>>>>>>>>>>>>>>>>>>>>>>>>>>>>>>>>>>>>>>>>>>>>>>>>>>>>>>>>>>>>>>>>>>>>>>>>>>>>>>>>>>>>>>>>>>>>>>>>>
epoch: 34
loss: 0.7531, acc: 0.7109
loss: 0.7607, acc: 0.7054
loss: 0.7676, acc: 0.6940
loss: 0.7585, acc: 0.6893
loss: 0.7669, acc: 0.6896
loss: 0.7714, acc: 0.6904
loss: 0.7776, acc: 0.6846
loss: 0.7698, acc: 0.6894
> val_acc: 0.6254, val_f1: 0.4961
>>>>>>>>>>>>>>>>>>>>>>>>>>>>>>>>>>>>>>>>>>>>>>>>>>>>>>>>>>>>>>>>>>>>>>>>>>>>>>>>>>>>>>>>>>>>>>>>>>>>
epoch: 35
loss: 0.7586, acc: 0.6969
loss: 0.7794, acc: 0.6797
loss: 0.7722, acc: 0.6896
loss: 0.7615, acc: 0.6922
loss: 0.7591, acc: 0.6937
loss: 0.7649, acc: 0.6958
loss: 0.7674, acc: 0.6920
> val_acc: 0.6332, val_f1: 0.5117
>> saved: state_dict/aoa_laptop_val_acc0.6332
>>>>>>>>>>>>>>>>>>>>>>>>>>>>>>>>>>>>>>>>>>>>>>>>>>>>>>>>>>>>>>>>>>>>>>>>>>>>>>>>>>>>>>>>>>>>>>>>>>>>
epoch: 36
loss: 0.7696, acc: 0.6771
loss: 0.7522, acc: 0.6875
loss: 0.7590, acc: 0.6899
loss: 0.7709, acc: 0.6806
loss: 0.7688, acc: 0.6855
loss: 0.7702, acc: 0.6875
loss: 0.7659, acc: 0.6932
> val_acc: 0.6270, val_f1: 0.5008
>>>>>>>>>>>>>>>>>>>>>>>>>>>>>>>>>>>>>>>>>>>>>>>>>>>>>>>>>>>>>>>>>>>>>>>>>>>>>>>>>>>>>>>>>>>>>>>>>>>>
epoch: 37
loss: 0.6685, acc: 0.7500
loss: 0.7340, acc: 0.7188
loss: 0.7362, acc: 0.7159
loss: 0.7472, acc: 0.7070
loss: 0.7561, acc: 0.7024
loss: 0.7487, acc: 0.7049
loss: 0.7594, acc: 0.6956
loss: 0.7624, acc: 0.6957
> val_acc: 0.6254, val_f1: 0.4848
>>>>>>>>>>>>>>>>>>>>>>>>>>>>>>>>>>>>>>>>>>>>>>>>>>>>>>>>>>>>>>>>>>>>>>>>>>>>>>>>>>>>>>>>>>>>>>>>>>>>
epoch: 38
loss: 0.7712, acc: 0.7070
loss: 0.7590, acc: 0.6927
loss: 0.7323, acc: 0.7143
loss: 0.7553, acc: 0.6998
loss: 0.7587, acc: 0.6979
loss: 0.7635, acc: 0.6934
loss: 0.7621, acc: 0.6958
> val_acc: 0.6317, val_f1: 0.4955
>>>>>>>>>>>>>>>>>>>>>>>>>>>>>>>>>>>>>>>>>>>>>>>>>>>>>>>>>>>>>>>>>>>>>>>>>>>>>>>>>>>>>>>>>>>>>>>>>>>>
epoch: 39
loss: 0.7775, acc: 0.7188
loss: 0.8132, acc: 0.6964
loss: 0.7939, acc: 0.6888
loss: 0.7720, acc: 0.6994
loss: 0.7684, acc: 0.6996
loss: 0.7587, acc: 0.7025
loss: 0.7588, acc: 0.6992
loss: 0.7605, acc: 0.6976
> val_acc: 0.6364, val_f1: 0.5193
>> saved: state_dict/aoa_laptop_val_acc0.6364
>>>>>>>>>>>>>>>>>>>>>>>>>>>>>>>>>>>>>>>>>>>>>>>>>>>>>>>>>>>>>>>>>>>>>>>>>>>>>>>>>>>>>>>>>>>>>>>>>>>>
epoch: 40
loss: 0.7565, acc: 0.6937
loss: 0.7490, acc: 0.6953
loss: 0.7519, acc: 0.6948
loss: 0.7587, acc: 0.6945
loss: 0.7637, acc: 0.6894
loss: 0.7550, acc: 0.6984
loss: 0.7538, acc: 0.7013
> val_acc: 0.6395, val_f1: 0.5296
>> saved: state_dict/aoa_laptop_val_acc0.6395
>>>>>>>>>>>>>>>>>>>>>>>>>>>>>>>>>>>>>>>>>>>>>>>>>>>>>>>>>>>>>>>>>>>>>>>>>>>>>>>>>>>>>>>>>>>>>>>>>>>>
epoch: 41
loss: 0.7742, acc: 0.6615
loss: 0.7436, acc: 0.6816
loss: 0.7448, acc: 0.6875
loss: 0.7566, acc: 0.6849
loss: 0.7636, acc: 0.6821
loss: 0.7606, acc: 0.6908
loss: 0.7592, acc: 0.6927
> val_acc: 0.6379, val_f1: 0.5191
>>>>>>>>>>>>>>>>>>>>>>>>>>>>>>>>>>>>>>>>>>>>>>>>>>>>>>>>>>>>>>>>>>>>>>>>>>>>>>>>>>>>>>>>>>>>>>>>>>>>
epoch: 42
loss: 0.7189, acc: 0.6562
loss: 0.7694, acc: 0.6615
loss: 0.7459, acc: 0.6861
loss: 0.7566, acc: 0.6934
loss: 0.7504, acc: 0.7054
loss: 0.7514, acc: 0.7055
loss: 0.7477, acc: 0.7077
loss: 0.7504, acc: 0.7049
> val_acc: 0.6395, val_f1: 0.5272
>>>>>>>>>>>>>>>>>>>>>>>>>>>>>>>>>>>>>>>>>>>>>>>>>>>>>>>>>>>>>>>>>>>>>>>>>>>>>>>>>>>>>>>>>>>>>>>>>>>>
epoch: 43
loss: 0.7647, acc: 0.6836
loss: 0.7495, acc: 0.7153
loss: 0.7473, acc: 0.7042
loss: 0.7473, acc: 0.6974
loss: 0.7500, acc: 0.6973
loss: 0.7500, acc: 0.6940
loss: 0.7526, acc: 0.6930
> val_acc: 0.6364, val_f1: 0.5181
>>>>>>>>>>>>>>>>>>>>>>>>>>>>>>>>>>>>>>>>>>>>>>>>>>>>>>>>>>>>>>>>>>>>>>>>>>>>>>>>>>>>>>>>>>>>>>>>>>>>
epoch: 44
loss: 0.7262, acc: 0.7109
loss: 0.7498, acc: 0.7121
loss: 0.7470, acc: 0.7109
loss: 0.7499, acc: 0.7040
loss: 0.7401, acc: 0.7074
loss: 0.7458, acc: 0.7043
loss: 0.7445, acc: 0.6997
loss: 0.7472, acc: 0.6980
> val_acc: 0.6458, val_f1: 0.5423
>> saved: state_dict/aoa_laptop_val_acc0.6458
>>>>>>>>>>>>>>>>>>>>>>>>>>>>>>>>>>>>>>>>>>>>>>>>>>>>>>>>>>>>>>>>>>>>>>>>>>>>>>>>>>>>>>>>>>>>>>>>>>>>
epoch: 45
loss: 0.8090, acc: 0.6469
loss: 0.7706, acc: 0.6828
loss: 0.7580, acc: 0.6969
loss: 0.7543, acc: 0.6977
loss: 0.7460, acc: 0.7044
loss: 0.7484, acc: 0.7005
loss: 0.7423, acc: 0.7031
> val_acc: 0.6411, val_f1: 0.5200
>>>>>>>>>>>>>>>>>>>>>>>>>>>>>>>>>>>>>>>>>>>>>>>>>>>>>>>>>>>>>>>>>>>>>>>>>>>>>>>>>>>>>>>>>>>>>>>>>>>>
epoch: 46
loss: 0.7227, acc: 0.7396
loss: 0.7012, acc: 0.7363
loss: 0.7035, acc: 0.7248
loss: 0.7265, acc: 0.7135
loss: 0.7286, acc: 0.7126
loss: 0.7257, acc: 0.7087
loss: 0.7269, acc: 0.7131
> val_acc: 0.6395, val_f1: 0.5217
>>>>>>>>>>>>>>>>>>>>>>>>>>>>>>>>>>>>>>>>>>>>>>>>>>>>>>>>>>>>>>>>>>>>>>>>>>>>>>>>>>>>>>>>>>>>>>>>>>>>
epoch: 47
loss: 0.8405, acc: 0.6094
loss: 0.7522, acc: 0.6484
loss: 0.7336, acc: 0.6847
loss: 0.7272, acc: 0.7002
loss: 0.7265, acc: 0.7068
loss: 0.7241, acc: 0.7079
loss: 0.7295, acc: 0.7077
loss: 0.7322, acc: 0.7036
> val_acc: 0.6489, val_f1: 0.5440
>> saved: state_dict/aoa_laptop_val_acc0.6489
>>>>>>>>>>>>>>>>>>>>>>>>>>>>>>>>>>>>>>>>>>>>>>>>>>>>>>>>>>>>>>>>>>>>>>>>>>>>>>>>>>>>>>>>>>>>>>>>>>>>
epoch: 48
loss: 0.7573, acc: 0.7031
loss: 0.7282, acc: 0.6997
loss: 0.7466, acc: 0.6998
loss: 0.7396, acc: 0.7056
loss: 0.7415, acc: 0.7018
loss: 0.7335, acc: 0.7074
loss: 0.7289, acc: 0.7096
> val_acc: 0.6395, val_f1: 0.5283
>>>>>>>>>>>>>>>>>>>>>>>>>>>>>>>>>>>>>>>>>>>>>>>>>>>>>>>>>>>>>>>>>>>>>>>>>>>>>>>>>>>>>>>>>>>>>>>>>>>>
epoch: 49
loss: 0.7694, acc: 0.6094
loss: 0.7603, acc: 0.6875
loss: 0.7325, acc: 0.6979
loss: 0.7342, acc: 0.6985
loss: 0.7317, acc: 0.7095
loss: 0.7280, acc: 0.7066
loss: 0.7275, acc: 0.7100
loss: 0.7299, acc: 0.7079
> val_acc: 0.6301, val_f1: 0.5079
>> test_acc: 0.6489, test_f1: 0.5440
