cuda memory allocated: 13960192
n_trainable_params: 2165703, n_nontrainable_params: 1323600
> training arguments:
>>> model_name: at_lstm
>>> dataset: restaurant
>>> optimizer: <class 'torch.optim.adagrad.Adagrad'>
>>> initializer: <function xavier_uniform_ at 0x00000208CEAB8730>
>>> learning_rate: 0.001
>>> dropout: 0.1
>>> l2reg: 0.01
>>> num_epoch: 50
>>> batch_size: 64
>>> log_step: 5
>>> embed_dim: 300
>>> hidden_dim: 300
>>> bert_dim: 768
>>> pretrained_bert_name: bert-base-uncased
>>> max_seq_len: 80
>>> polarities_dim: 3
>>> hops: 3
>>> device: cuda
>>> seed: None
>>> valset_ratio: 0
>>> glove_path: ./glove/glove.840B.300d.txt
>>> model_class: <class 'models.at_lstm.AT_LSTM'>
>>> dataset_file: {'train': './datasets/semeval14/Restaurants_Train.xml.seg', 'test': './datasets/semeval14/Restaurants_Test_Gold.xml.seg'}
>>> inputs_cols: ['text_raw_indices', 'aspect_indices']
>>>>>>>>>>>>>>>>>>>>>>>>>>>>>>>>>>>>>>>>>>>>>>>>>>>>>>>>>>>>>>>>>>>>>>>>>>>>>>>>>>>>>>>>>>>>>>>>>>>>
epoch: 0
loss: 1.0383, acc: 0.5687
loss: 1.0236, acc: 0.5813
loss: 0.9952, acc: 0.5885
loss: 0.9676, acc: 0.5992
loss: 0.9557, acc: 0.5975
loss: 0.9454, acc: 0.5958
loss: 0.9368, acc: 0.5951
loss: 0.9295, acc: 0.5922
loss: 0.9230, acc: 0.5899
loss: 0.9157, acc: 0.5922
loss: 0.9052, acc: 0.5974
> val_acc: 0.6625, val_f1: 0.3227
>> saved: state_dict/at_lstm_restaurant_val_acc0.6625
>>>>>>>>>>>>>>>>>>>>>>>>>>>>>>>>>>>>>>>>>>>>>>>>>>>>>>>>>>>>>>>>>>>>>>>>>>>>>>>>>>>>>>>>>>>>>>>>>>>>
epoch: 1
loss: 0.7860, acc: 0.6198
loss: 0.8045, acc: 0.6113
loss: 0.8169, acc: 0.6046
loss: 0.8072, acc: 0.6198
loss: 0.8075, acc: 0.6155
loss: 0.8047, acc: 0.6228
loss: 0.8168, acc: 0.6184
loss: 0.8121, acc: 0.6234
loss: 0.8092, acc: 0.6254
loss: 0.7991, acc: 0.6328
loss: 0.7982, acc: 0.6341
> val_acc: 0.6839, val_f1: 0.3899
>> saved: state_dict/at_lstm_restaurant_val_acc0.6839
>>>>>>>>>>>>>>>>>>>>>>>>>>>>>>>>>>>>>>>>>>>>>>>>>>>>>>>>>>>>>>>>>>>>>>>>>>>>>>>>>>>>>>>>>>>>>>>>>>>>
epoch: 2
loss: 0.7484, acc: 0.6719
loss: 0.7628, acc: 0.6536
loss: 0.7678, acc: 0.6605
loss: 0.7703, acc: 0.6562
loss: 0.7712, acc: 0.6570
loss: 0.7731, acc: 0.6611
loss: 0.7641, acc: 0.6653
loss: 0.7640, acc: 0.6658
loss: 0.7637, acc: 0.6662
loss: 0.7655, acc: 0.6624
loss: 0.7601, acc: 0.6664
loss: 0.7565, acc: 0.6680
> val_acc: 0.7063, val_f1: 0.4417
>> saved: state_dict/at_lstm_restaurant_val_acc0.7063
>>>>>>>>>>>>>>>>>>>>>>>>>>>>>>>>>>>>>>>>>>>>>>>>>>>>>>>>>>>>>>>>>>>>>>>>>>>>>>>>>>>>>>>>>>>>>>>>>>>>
epoch: 3
loss: 0.7420, acc: 0.6836
loss: 0.7341, acc: 0.6806
loss: 0.7508, acc: 0.6618
loss: 0.7660, acc: 0.6620
loss: 0.7548, acc: 0.6641
loss: 0.7556, acc: 0.6692
loss: 0.7444, acc: 0.6742
loss: 0.7427, acc: 0.6747
loss: 0.7409, acc: 0.6776
loss: 0.7390, acc: 0.6798
loss: 0.7373, acc: 0.6806
> val_acc: 0.7286, val_f1: 0.5002
>> saved: state_dict/at_lstm_restaurant_val_acc0.7286
>>>>>>>>>>>>>>>>>>>>>>>>>>>>>>>>>>>>>>>>>>>>>>>>>>>>>>>>>>>>>>>>>>>>>>>>>>>>>>>>>>>>>>>>>>>>>>>>>>>>
epoch: 4
loss: 0.7604, acc: 0.6953
loss: 0.6974, acc: 0.7121
loss: 0.6869, acc: 0.7044
loss: 0.6794, acc: 0.7059
loss: 0.6922, acc: 0.6996
loss: 0.7180, acc: 0.6887
loss: 0.7177, acc: 0.6880
loss: 0.7160, acc: 0.6883
loss: 0.7173, acc: 0.6886
loss: 0.7163, acc: 0.6878
loss: 0.7244, acc: 0.6854
loss: 0.7199, acc: 0.6874
> val_acc: 0.7241, val_f1: 0.4808
>>>>>>>>>>>>>>>>>>>>>>>>>>>>>>>>>>>>>>>>>>>>>>>>>>>>>>>>>>>>>>>>>>>>>>>>>>>>>>>>>>>>>>>>>>>>>>>>>>>>
epoch: 5
loss: 0.6855, acc: 0.7250
loss: 0.6971, acc: 0.7000
loss: 0.6948, acc: 0.7073
loss: 0.6964, acc: 0.7039
loss: 0.6916, acc: 0.7081
loss: 0.6957, acc: 0.7026
loss: 0.6969, acc: 0.7022
loss: 0.7067, acc: 0.6969
loss: 0.7125, acc: 0.6948
loss: 0.7156, acc: 0.6934
loss: 0.7096, acc: 0.6969
> val_acc: 0.7312, val_f1: 0.5045
>> saved: state_dict/at_lstm_restaurant_val_acc0.7312
>>>>>>>>>>>>>>>>>>>>>>>>>>>>>>>>>>>>>>>>>>>>>>>>>>>>>>>>>>>>>>>>>>>>>>>>>>>>>>>>>>>>>>>>>>>>>>>>>>>>
epoch: 6
loss: 0.7422, acc: 0.7135
loss: 0.7163, acc: 0.6855
loss: 0.7106, acc: 0.6947
loss: 0.7097, acc: 0.6944
loss: 0.6992, acc: 0.7058
loss: 0.7000, acc: 0.7026
loss: 0.7028, acc: 0.7031
loss: 0.7014, acc: 0.7035
loss: 0.7047, acc: 0.6999
loss: 0.7001, acc: 0.7044
loss: 0.7022, acc: 0.7055
> val_acc: 0.7393, val_f1: 0.5372
>> saved: state_dict/at_lstm_restaurant_val_acc0.7393
>>>>>>>>>>>>>>>>>>>>>>>>>>>>>>>>>>>>>>>>>>>>>>>>>>>>>>>>>>>>>>>>>>>>>>>>>>>>>>>>>>>>>>>>>>>>>>>>>>>>
epoch: 7
loss: 0.7479, acc: 0.7031
loss: 0.7310, acc: 0.6693
loss: 0.6885, acc: 0.7003
loss: 0.6847, acc: 0.7100
loss: 0.6914, acc: 0.7068
loss: 0.6866, acc: 0.7121
loss: 0.6954, acc: 0.7021
loss: 0.6958, acc: 0.7027
loss: 0.6878, acc: 0.7107
loss: 0.6873, acc: 0.7123
loss: 0.6889, acc: 0.7117
loss: 0.6898, acc: 0.7101
> val_acc: 0.7455, val_f1: 0.5486
>> saved: state_dict/at_lstm_restaurant_val_acc0.7455
>>>>>>>>>>>>>>>>>>>>>>>>>>>>>>>>>>>>>>>>>>>>>>>>>>>>>>>>>>>>>>>>>>>>>>>>>>>>>>>>>>>>>>>>>>>>>>>>>>>>
epoch: 8
loss: 0.7477, acc: 0.6875
loss: 0.7052, acc: 0.7066
loss: 0.7172, acc: 0.6953
loss: 0.7034, acc: 0.7039
loss: 0.6969, acc: 0.7064
loss: 0.6916, acc: 0.7107
loss: 0.6864, acc: 0.7119
loss: 0.6898, acc: 0.7095
loss: 0.6853, acc: 0.7113
loss: 0.6834, acc: 0.7130
loss: 0.6816, acc: 0.7133
> val_acc: 0.7473, val_f1: 0.5429
>> saved: state_dict/at_lstm_restaurant_val_acc0.7473
>>>>>>>>>>>>>>>>>>>>>>>>>>>>>>>>>>>>>>>>>>>>>>>>>>>>>>>>>>>>>>>>>>>>>>>>>>>>>>>>>>>>>>>>>>>>>>>>>>>>
epoch: 9
loss: 0.6452, acc: 0.7656
loss: 0.6441, acc: 0.7478
loss: 0.6598, acc: 0.7370
loss: 0.6680, acc: 0.7215
loss: 0.6728, acc: 0.7152
loss: 0.6777, acc: 0.7106
loss: 0.6691, acc: 0.7183
loss: 0.6679, acc: 0.7213
loss: 0.6722, acc: 0.7191
loss: 0.6783, acc: 0.7181
loss: 0.6791, acc: 0.7191
loss: 0.6766, acc: 0.7198
> val_acc: 0.7527, val_f1: 0.5682
>> saved: state_dict/at_lstm_restaurant_val_acc0.7527
>>>>>>>>>>>>>>>>>>>>>>>>>>>>>>>>>>>>>>>>>>>>>>>>>>>>>>>>>>>>>>>>>>>>>>>>>>>>>>>>>>>>>>>>>>>>>>>>>>>>
epoch: 10
loss: 0.7897, acc: 0.6562
loss: 0.7147, acc: 0.6891
loss: 0.7032, acc: 0.6896
loss: 0.6850, acc: 0.7031
loss: 0.6867, acc: 0.7075
loss: 0.6727, acc: 0.7193
loss: 0.6754, acc: 0.7179
loss: 0.6736, acc: 0.7207
loss: 0.6706, acc: 0.7215
loss: 0.6751, acc: 0.7206
loss: 0.6728, acc: 0.7244
> val_acc: 0.7330, val_f1: 0.5060
>>>>>>>>>>>>>>>>>>>>>>>>>>>>>>>>>>>>>>>>>>>>>>>>>>>>>>>>>>>>>>>>>>>>>>>>>>>>>>>>>>>>>>>>>>>>>>>>>>>>
epoch: 11
loss: 0.6242, acc: 0.7292
loss: 0.6900, acc: 0.6992
loss: 0.7024, acc: 0.7007
loss: 0.6864, acc: 0.7040
loss: 0.6758, acc: 0.7045
loss: 0.6674, acc: 0.7104
loss: 0.6637, acc: 0.7192
loss: 0.6680, acc: 0.7200
loss: 0.6726, acc: 0.7184
loss: 0.6677, acc: 0.7227
loss: 0.6697, acc: 0.7214
> val_acc: 0.7411, val_f1: 0.5290
>>>>>>>>>>>>>>>>>>>>>>>>>>>>>>>>>>>>>>>>>>>>>>>>>>>>>>>>>>>>>>>>>>>>>>>>>>>>>>>>>>>>>>>>>>>>>>>>>>>>
epoch: 12
loss: 0.7199, acc: 0.6719
loss: 0.6609, acc: 0.7318
loss: 0.6500, acc: 0.7301
loss: 0.6627, acc: 0.7236
loss: 0.6579, acc: 0.7254
loss: 0.6457, acc: 0.7368
loss: 0.6574, acc: 0.7334
loss: 0.6605, acc: 0.7331
loss: 0.6686, acc: 0.7283
loss: 0.6598, acc: 0.7347
loss: 0.6617, acc: 0.7335
loss: 0.6661, acc: 0.7277
> val_acc: 0.7357, val_f1: 0.5572
>>>>>>>>>>>>>>>>>>>>>>>>>>>>>>>>>>>>>>>>>>>>>>>>>>>>>>>>>>>>>>>>>>>>>>>>>>>>>>>>>>>>>>>>>>>>>>>>>>>>
epoch: 13
loss: 0.7691, acc: 0.6797
loss: 0.7115, acc: 0.7101
loss: 0.7016, acc: 0.7121
loss: 0.6897, acc: 0.7204
loss: 0.6907, acc: 0.7181
loss: 0.6873, acc: 0.7166
loss: 0.6743, acc: 0.7220
loss: 0.6810, acc: 0.7192
loss: 0.6796, acc: 0.7191
loss: 0.6778, acc: 0.7213
loss: 0.6679, acc: 0.7260
> val_acc: 0.7527, val_f1: 0.5678
>>>>>>>>>>>>>>>>>>>>>>>>>>>>>>>>>>>>>>>>>>>>>>>>>>>>>>>>>>>>>>>>>>>>>>>>>>>>>>>>>>>>>>>>>>>>>>>>>>>>
epoch: 14
loss: 0.7250, acc: 0.6797
loss: 0.6663, acc: 0.7232
loss: 0.6777, acc: 0.7253
loss: 0.6702, acc: 0.7316
loss: 0.6542, acc: 0.7365
loss: 0.6514, acc: 0.7355
loss: 0.6539, acc: 0.7324
loss: 0.6576, acc: 0.7280
loss: 0.6587, acc: 0.7269
loss: 0.6635, acc: 0.7254
loss: 0.6595, acc: 0.7293
loss: 0.6600, acc: 0.7298
> val_acc: 0.7634, val_f1: 0.5909
>> saved: state_dict/at_lstm_restaurant_val_acc0.7634
>>>>>>>>>>>>>>>>>>>>>>>>>>>>>>>>>>>>>>>>>>>>>>>>>>>>>>>>>>>>>>>>>>>>>>>>>>>>>>>>>>>>>>>>>>>>>>>>>>>>
epoch: 15
loss: 0.6244, acc: 0.7406
loss: 0.6723, acc: 0.7188
loss: 0.6807, acc: 0.7271
loss: 0.6797, acc: 0.7266
loss: 0.6735, acc: 0.7312
loss: 0.6753, acc: 0.7292
loss: 0.6670, acc: 0.7335
loss: 0.6644, acc: 0.7320
loss: 0.6641, acc: 0.7323
loss: 0.6600, acc: 0.7341
loss: 0.6578, acc: 0.7344
> val_acc: 0.7545, val_f1: 0.5698
>>>>>>>>>>>>>>>>>>>>>>>>>>>>>>>>>>>>>>>>>>>>>>>>>>>>>>>>>>>>>>>>>>>>>>>>>>>>>>>>>>>>>>>>>>>>>>>>>>>>
epoch: 16
loss: 0.6233, acc: 0.7448
loss: 0.6396, acc: 0.7402
loss: 0.6390, acc: 0.7380
loss: 0.6574, acc: 0.7300
loss: 0.6565, acc: 0.7289
loss: 0.6567, acc: 0.7271
loss: 0.6544, acc: 0.7306
loss: 0.6569, acc: 0.7286
loss: 0.6593, acc: 0.7275
loss: 0.6573, acc: 0.7301
loss: 0.6557, acc: 0.7332
> val_acc: 0.7562, val_f1: 0.5854
>>>>>>>>>>>>>>>>>>>>>>>>>>>>>>>>>>>>>>>>>>>>>>>>>>>>>>>>>>>>>>>>>>>>>>>>>>>>>>>>>>>>>>>>>>>>>>>>>>>>
epoch: 17
loss: 0.7805, acc: 0.7031
loss: 0.6384, acc: 0.7500
loss: 0.6506, acc: 0.7543
loss: 0.6584, acc: 0.7344
loss: 0.6529, acc: 0.7388
loss: 0.6502, acc: 0.7386
loss: 0.6421, acc: 0.7440
loss: 0.6456, acc: 0.7405
loss: 0.6443, acc: 0.7409
loss: 0.6480, acc: 0.7378
loss: 0.6522, acc: 0.7359
loss: 0.6537, acc: 0.7335
> val_acc: 0.7571, val_f1: 0.5794
>>>>>>>>>>>>>>>>>>>>>>>>>>>>>>>>>>>>>>>>>>>>>>>>>>>>>>>>>>>>>>>>>>>>>>>>>>>>>>>>>>>>>>>>>>>>>>>>>>>>
epoch: 18
loss: 0.6547, acc: 0.7383
loss: 0.5982, acc: 0.7691
loss: 0.6045, acc: 0.7656
loss: 0.6223, acc: 0.7558
loss: 0.6339, acc: 0.7454
loss: 0.6365, acc: 0.7430
loss: 0.6422, acc: 0.7408
loss: 0.6473, acc: 0.7412
loss: 0.6496, acc: 0.7408
loss: 0.6503, acc: 0.7388
loss: 0.6512, acc: 0.7361
> val_acc: 0.7446, val_f1: 0.5461
>>>>>>>>>>>>>>>>>>>>>>>>>>>>>>>>>>>>>>>>>>>>>>>>>>>>>>>>>>>>>>>>>>>>>>>>>>>>>>>>>>>>>>>>>>>>>>>>>>>>
epoch: 19
loss: 0.7004, acc: 0.7109
loss: 0.6684, acc: 0.7210
loss: 0.6458, acc: 0.7279
loss: 0.6632, acc: 0.7224
loss: 0.6586, acc: 0.7244
loss: 0.6563, acc: 0.7274
loss: 0.6562, acc: 0.7363
loss: 0.6518, acc: 0.7382
loss: 0.6514, acc: 0.7377
loss: 0.6499, acc: 0.7370
loss: 0.6520, acc: 0.7344
loss: 0.6495, acc: 0.7384
> val_acc: 0.7607, val_f1: 0.5838
>>>>>>>>>>>>>>>>>>>>>>>>>>>>>>>>>>>>>>>>>>>>>>>>>>>>>>>>>>>>>>>>>>>>>>>>>>>>>>>>>>>>>>>>>>>>>>>>>>>>
epoch: 20
loss: 0.6606, acc: 0.7312
loss: 0.6471, acc: 0.7328
loss: 0.6416, acc: 0.7406
loss: 0.6526, acc: 0.7328
loss: 0.6502, acc: 0.7331
loss: 0.6460, acc: 0.7354
loss: 0.6463, acc: 0.7362
loss: 0.6379, acc: 0.7418
loss: 0.6355, acc: 0.7417
loss: 0.6437, acc: 0.7384
loss: 0.6482, acc: 0.7378
> val_acc: 0.7580, val_f1: 0.5842
>>>>>>>>>>>>>>>>>>>>>>>>>>>>>>>>>>>>>>>>>>>>>>>>>>>>>>>>>>>>>>>>>>>>>>>>>>>>>>>>>>>>>>>>>>>>>>>>>>>>
epoch: 21
loss: 0.6565, acc: 0.7500
loss: 0.6406, acc: 0.7578
loss: 0.6239, acc: 0.7560
loss: 0.6320, acc: 0.7509
loss: 0.6313, acc: 0.7480
loss: 0.6369, acc: 0.7411
loss: 0.6406, acc: 0.7410
loss: 0.6429, acc: 0.7422
loss: 0.6442, acc: 0.7413
loss: 0.6432, acc: 0.7415
loss: 0.6442, acc: 0.7394
> val_acc: 0.7545, val_f1: 0.5788
>>>>>>>>>>>>>>>>>>>>>>>>>>>>>>>>>>>>>>>>>>>>>>>>>>>>>>>>>>>>>>>>>>>>>>>>>>>>>>>>>>>>>>>>>>>>>>>>>>>>
epoch: 22
loss: 0.6841, acc: 0.7656
loss: 0.6508, acc: 0.7604
loss: 0.6409, acc: 0.7386
loss: 0.6475, acc: 0.7344
loss: 0.6405, acc: 0.7344
loss: 0.6489, acc: 0.7374
loss: 0.6425, acc: 0.7414
loss: 0.6481, acc: 0.7348
loss: 0.6459, acc: 0.7397
loss: 0.6523, acc: 0.7371
loss: 0.6475, acc: 0.7396
loss: 0.6442, acc: 0.7402
> val_acc: 0.7580, val_f1: 0.5828
>>>>>>>>>>>>>>>>>>>>>>>>>>>>>>>>>>>>>>>>>>>>>>>>>>>>>>>>>>>>>>>>>>>>>>>>>>>>>>>>>>>>>>>>>>>>>>>>>>>>
epoch: 23
loss: 0.6354, acc: 0.7383
loss: 0.6334, acc: 0.7483
loss: 0.6249, acc: 0.7500
loss: 0.6265, acc: 0.7484
loss: 0.6409, acc: 0.7415
loss: 0.6448, acc: 0.7419
loss: 0.6445, acc: 0.7376
loss: 0.6410, acc: 0.7396
loss: 0.6428, acc: 0.7386
loss: 0.6435, acc: 0.7398
loss: 0.6469, acc: 0.7399
> val_acc: 0.7527, val_f1: 0.5806
>>>>>>>>>>>>>>>>>>>>>>>>>>>>>>>>>>>>>>>>>>>>>>>>>>>>>>>>>>>>>>>>>>>>>>>>>>>>>>>>>>>>>>>>>>>>>>>>>>>>
epoch: 24
loss: 0.7503, acc: 0.6797
loss: 0.6364, acc: 0.7455
loss: 0.6321, acc: 0.7331
loss: 0.6160, acc: 0.7555
loss: 0.6190, acc: 0.7543
loss: 0.6340, acc: 0.7431
loss: 0.6353, acc: 0.7407
loss: 0.6414, acc: 0.7411
loss: 0.6417, acc: 0.7396
loss: 0.6384, acc: 0.7404
loss: 0.6342, acc: 0.7434
loss: 0.6408, acc: 0.7392
> val_acc: 0.7571, val_f1: 0.5829
>>>>>>>>>>>>>>>>>>>>>>>>>>>>>>>>>>>>>>>>>>>>>>>>>>>>>>>>>>>>>>>>>>>>>>>>>>>>>>>>>>>>>>>>>>>>>>>>>>>>
epoch: 25
loss: 0.6408, acc: 0.7531
loss: 0.6574, acc: 0.7422
loss: 0.6352, acc: 0.7458
loss: 0.6160, acc: 0.7562
loss: 0.6111, acc: 0.7575
loss: 0.6121, acc: 0.7557
loss: 0.6267, acc: 0.7424
loss: 0.6360, acc: 0.7402
loss: 0.6337, acc: 0.7427
loss: 0.6330, acc: 0.7416
loss: 0.6353, acc: 0.7406
> val_acc: 0.7554, val_f1: 0.5894
>>>>>>>>>>>>>>>>>>>>>>>>>>>>>>>>>>>>>>>>>>>>>>>>>>>>>>>>>>>>>>>>>>>>>>>>>>>>>>>>>>>>>>>>>>>>>>>>>>>>
epoch: 26
loss: 0.6567, acc: 0.7031
loss: 0.6380, acc: 0.7422
loss: 0.6713, acc: 0.7272
loss: 0.6604, acc: 0.7309
loss: 0.6566, acc: 0.7310
loss: 0.6539, acc: 0.7299
loss: 0.6555, acc: 0.7259
loss: 0.6509, acc: 0.7331
loss: 0.6440, acc: 0.7355
loss: 0.6429, acc: 0.7360
loss: 0.6416, acc: 0.7385
> val_acc: 0.7545, val_f1: 0.5797
>>>>>>>>>>>>>>>>>>>>>>>>>>>>>>>>>>>>>>>>>>>>>>>>>>>>>>>>>>>>>>>>>>>>>>>>>>>>>>>>>>>>>>>>>>>>>>>>>>>>
epoch: 27
loss: 0.6434, acc: 0.7344
loss: 0.6426, acc: 0.7344
loss: 0.6460, acc: 0.7358
loss: 0.6180, acc: 0.7539
loss: 0.6419, acc: 0.7493
loss: 0.6462, acc: 0.7482
loss: 0.6345, acc: 0.7525
loss: 0.6385, acc: 0.7474
loss: 0.6359, acc: 0.7477
loss: 0.6334, acc: 0.7466
loss: 0.6362, acc: 0.7463
loss: 0.6352, acc: 0.7455
> val_acc: 0.7554, val_f1: 0.5852
>>>>>>>>>>>>>>>>>>>>>>>>>>>>>>>>>>>>>>>>>>>>>>>>>>>>>>>>>>>>>>>>>>>>>>>>>>>>>>>>>>>>>>>>>>>>>>>>>>>>
epoch: 28
loss: 0.6261, acc: 0.7461
loss: 0.6473, acc: 0.7309
loss: 0.6543, acc: 0.7310
loss: 0.6447, acc: 0.7352
loss: 0.6488, acc: 0.7279
loss: 0.6425, acc: 0.7333
loss: 0.6423, acc: 0.7358
loss: 0.6500, acc: 0.7312
loss: 0.6457, acc: 0.7344
loss: 0.6393, acc: 0.7404
loss: 0.6330, acc: 0.7445
> val_acc: 0.7536, val_f1: 0.5854
>>>>>>>>>>>>>>>>>>>>>>>>>>>>>>>>>>>>>>>>>>>>>>>>>>>>>>>>>>>>>>>>>>>>>>>>>>>>>>>>>>>>>>>>>>>>>>>>>>>>
epoch: 29
loss: 0.5873, acc: 0.7500
loss: 0.6200, acc: 0.7478
loss: 0.6235, acc: 0.7539
loss: 0.6297, acc: 0.7463
loss: 0.6464, acc: 0.7315
loss: 0.6418, acc: 0.7344
loss: 0.6449, acc: 0.7334
loss: 0.6400, acc: 0.7386
loss: 0.6362, acc: 0.7414
loss: 0.6350, acc: 0.7434
loss: 0.6369, acc: 0.7407
loss: 0.6344, acc: 0.7420
> val_acc: 0.7473, val_f1: 0.5588
>>>>>>>>>>>>>>>>>>>>>>>>>>>>>>>>>>>>>>>>>>>>>>>>>>>>>>>>>>>>>>>>>>>>>>>>>>>>>>>>>>>>>>>>>>>>>>>>>>>>
epoch: 30
loss: 0.6800, acc: 0.7281
loss: 0.6582, acc: 0.7484
loss: 0.6591, acc: 0.7333
loss: 0.6518, acc: 0.7352
loss: 0.6507, acc: 0.7375
loss: 0.6476, acc: 0.7385
loss: 0.6353, acc: 0.7464
loss: 0.6372, acc: 0.7449
loss: 0.6353, acc: 0.7483
loss: 0.6375, acc: 0.7478
loss: 0.6346, acc: 0.7489
> val_acc: 0.7562, val_f1: 0.5764
>>>>>>>>>>>>>>>>>>>>>>>>>>>>>>>>>>>>>>>>>>>>>>>>>>>>>>>>>>>>>>>>>>>>>>>>>>>>>>>>>>>>>>>>>>>>>>>>>>>>
epoch: 31
loss: 0.6205, acc: 0.7188
loss: 0.6339, acc: 0.7324
loss: 0.6001, acc: 0.7536
loss: 0.6246, acc: 0.7439
loss: 0.6225, acc: 0.7452
loss: 0.6292, acc: 0.7478
loss: 0.6269, acc: 0.7505
loss: 0.6319, acc: 0.7479
loss: 0.6318, acc: 0.7482
loss: 0.6301, acc: 0.7487
loss: 0.6300, acc: 0.7473
> val_acc: 0.7518, val_f1: 0.5661
>>>>>>>>>>>>>>>>>>>>>>>>>>>>>>>>>>>>>>>>>>>>>>>>>>>>>>>>>>>>>>>>>>>>>>>>>>>>>>>>>>>>>>>>>>>>>>>>>>>>
epoch: 32
loss: 0.7409, acc: 0.6719
loss: 0.6498, acc: 0.7344
loss: 0.6509, acc: 0.7301
loss: 0.6569, acc: 0.7383
loss: 0.6338, acc: 0.7500
loss: 0.6300, acc: 0.7506
loss: 0.6324, acc: 0.7480
loss: 0.6281, acc: 0.7496
loss: 0.6256, acc: 0.7504
loss: 0.6245, acc: 0.7531
loss: 0.6328, acc: 0.7475
loss: 0.6310, acc: 0.7478
> val_acc: 0.7545, val_f1: 0.5894
>>>>>>>>>>>>>>>>>>>>>>>>>>>>>>>>>>>>>>>>>>>>>>>>>>>>>>>>>>>>>>>>>>>>>>>>>>>>>>>>>>>>>>>>>>>>>>>>>>>>
epoch: 33
loss: 0.6858, acc: 0.7109
loss: 0.6545, acc: 0.7274
loss: 0.6419, acc: 0.7333
loss: 0.6253, acc: 0.7426
loss: 0.6149, acc: 0.7474
loss: 0.6142, acc: 0.7511
loss: 0.6225, acc: 0.7500
loss: 0.6244, acc: 0.7460
loss: 0.6264, acc: 0.7443
loss: 0.6279, acc: 0.7459
loss: 0.6292, acc: 0.7465
> val_acc: 0.7562, val_f1: 0.5769
>>>>>>>>>>>>>>>>>>>>>>>>>>>>>>>>>>>>>>>>>>>>>>>>>>>>>>>>>>>>>>>>>>>>>>>>>>>>>>>>>>>>>>>>>>>>>>>>>>>>
epoch: 34
loss: 0.7724, acc: 0.6562
loss: 0.6631, acc: 0.7388
loss: 0.6674, acc: 0.7344
loss: 0.6718, acc: 0.7270
loss: 0.6462, acc: 0.7422
loss: 0.6324, acc: 0.7500
loss: 0.6325, acc: 0.7485
loss: 0.6295, acc: 0.7530
loss: 0.6294, acc: 0.7511
loss: 0.6299, acc: 0.7513
loss: 0.6278, acc: 0.7509
loss: 0.6288, acc: 0.7489
> val_acc: 0.7536, val_f1: 0.5760
>>>>>>>>>>>>>>>>>>>>>>>>>>>>>>>>>>>>>>>>>>>>>>>>>>>>>>>>>>>>>>>>>>>>>>>>>>>>>>>>>>>>>>>>>>>>>>>>>>>>
epoch: 35
loss: 0.6972, acc: 0.7312
loss: 0.6103, acc: 0.7703
loss: 0.6012, acc: 0.7635
loss: 0.6107, acc: 0.7562
loss: 0.6149, acc: 0.7544
loss: 0.6147, acc: 0.7552
loss: 0.6126, acc: 0.7554
loss: 0.6196, acc: 0.7500
loss: 0.6218, acc: 0.7493
loss: 0.6232, acc: 0.7484
loss: 0.6271, acc: 0.7469
> val_acc: 0.7554, val_f1: 0.5859
>>>>>>>>>>>>>>>>>>>>>>>>>>>>>>>>>>>>>>>>>>>>>>>>>>>>>>>>>>>>>>>>>>>>>>>>>>>>>>>>>>>>>>>>>>>>>>>>>>>>
epoch: 36
loss: 0.6007, acc: 0.7396
loss: 0.5777, acc: 0.7617
loss: 0.6051, acc: 0.7572
loss: 0.6104, acc: 0.7535
loss: 0.6310, acc: 0.7432
loss: 0.6224, acc: 0.7478
loss: 0.6238, acc: 0.7486
loss: 0.6201, acc: 0.7475
loss: 0.6325, acc: 0.7424
loss: 0.6306, acc: 0.7432
loss: 0.6275, acc: 0.7438
> val_acc: 0.7554, val_f1: 0.5855
>>>>>>>>>>>>>>>>>>>>>>>>>>>>>>>>>>>>>>>>>>>>>>>>>>>>>>>>>>>>>>>>>>>>>>>>>>>>>>>>>>>>>>>>>>>>>>>>>>>>
epoch: 37
loss: 0.6279, acc: 0.7812
loss: 0.6021, acc: 0.7552
loss: 0.6355, acc: 0.7273
loss: 0.6463, acc: 0.7354
loss: 0.6423, acc: 0.7351
loss: 0.6349, acc: 0.7398
loss: 0.6295, acc: 0.7409
loss: 0.6277, acc: 0.7422
loss: 0.6219, acc: 0.7466
loss: 0.6245, acc: 0.7473
loss: 0.6262, acc: 0.7485
loss: 0.6247, acc: 0.7503
> val_acc: 0.7562, val_f1: 0.5809
>>>>>>>>>>>>>>>>>>>>>>>>>>>>>>>>>>>>>>>>>>>>>>>>>>>>>>>>>>>>>>>>>>>>>>>>>>>>>>>>>>>>>>>>>>>>>>>>>>>>
epoch: 38
loss: 0.6299, acc: 0.7227
loss: 0.6323, acc: 0.7413
loss: 0.6170, acc: 0.7500
loss: 0.6082, acc: 0.7566
loss: 0.6176, acc: 0.7513
loss: 0.6203, acc: 0.7462
loss: 0.6166, acc: 0.7509
loss: 0.6186, acc: 0.7520
loss: 0.6148, acc: 0.7564
loss: 0.6218, acc: 0.7538
loss: 0.6226, acc: 0.7526
> val_acc: 0.7571, val_f1: 0.6001
>>>>>>>>>>>>>>>>>>>>>>>>>>>>>>>>>>>>>>>>>>>>>>>>>>>>>>>>>>>>>>>>>>>>>>>>>>>>>>>>>>>>>>>>>>>>>>>>>>>>
epoch: 39
loss: 0.6481, acc: 0.7656
loss: 0.6714, acc: 0.7321
loss: 0.6141, acc: 0.7552
loss: 0.6083, acc: 0.7583
loss: 0.6030, acc: 0.7599
loss: 0.6147, acc: 0.7546
loss: 0.6233, acc: 0.7500
loss: 0.6227, acc: 0.7496
loss: 0.6221, acc: 0.7515
loss: 0.6229, acc: 0.7517
loss: 0.6247, acc: 0.7518
loss: 0.6237, acc: 0.7514
> val_acc: 0.7562, val_f1: 0.5878
>>>>>>>>>>>>>>>>>>>>>>>>>>>>>>>>>>>>>>>>>>>>>>>>>>>>>>>>>>>>>>>>>>>>>>>>>>>>>>>>>>>>>>>>>>>>>>>>>>>>
epoch: 40
loss: 0.6393, acc: 0.7344
loss: 0.6418, acc: 0.7500
loss: 0.6460, acc: 0.7385
loss: 0.6316, acc: 0.7445
loss: 0.6305, acc: 0.7438
loss: 0.6309, acc: 0.7417
loss: 0.6285, acc: 0.7451
loss: 0.6281, acc: 0.7469
loss: 0.6212, acc: 0.7514
loss: 0.6257, acc: 0.7481
loss: 0.6220, acc: 0.7509
> val_acc: 0.7527, val_f1: 0.5889
>>>>>>>>>>>>>>>>>>>>>>>>>>>>>>>>>>>>>>>>>>>>>>>>>>>>>>>>>>>>>>>>>>>>>>>>>>>>>>>>>>>>>>>>>>>>>>>>>>>>
epoch: 41
loss: 0.6509, acc: 0.7552
loss: 0.6205, acc: 0.7578
loss: 0.6065, acc: 0.7692
loss: 0.5993, acc: 0.7726
loss: 0.6030, acc: 0.7683
loss: 0.6163, acc: 0.7556
loss: 0.6097, acc: 0.7543
loss: 0.6149, acc: 0.7512
loss: 0.6166, acc: 0.7525
loss: 0.6215, acc: 0.7490
loss: 0.6224, acc: 0.7485
> val_acc: 0.7607, val_f1: 0.5957
>>>>>>>>>>>>>>>>>>>>>>>>>>>>>>>>>>>>>>>>>>>>>>>>>>>>>>>>>>>>>>>>>>>>>>>>>>>>>>>>>>>>>>>>>>>>>>>>>>>>
epoch: 42
loss: 0.6796, acc: 0.7031
loss: 0.6502, acc: 0.7396
loss: 0.6190, acc: 0.7557
loss: 0.6228, acc: 0.7588
loss: 0.6214, acc: 0.7560
loss: 0.6224, acc: 0.7524
loss: 0.6216, acc: 0.7520
loss: 0.6271, acc: 0.7504
loss: 0.6339, acc: 0.7443
loss: 0.6267, acc: 0.7486
loss: 0.6223, acc: 0.7500
loss: 0.6216, acc: 0.7500
> val_acc: 0.7562, val_f1: 0.5870
>>>>>>>>>>>>>>>>>>>>>>>>>>>>>>>>>>>>>>>>>>>>>>>>>>>>>>>>>>>>>>>>>>>>>>>>>>>>>>>>>>>>>>>>>>>>>>>>>>>>
epoch: 43
loss: 0.6009, acc: 0.7617
loss: 0.5894, acc: 0.7622
loss: 0.5887, acc: 0.7656
loss: 0.6036, acc: 0.7599
loss: 0.6071, acc: 0.7604
loss: 0.6088, acc: 0.7581
loss: 0.6033, acc: 0.7619
loss: 0.6096, acc: 0.7580
loss: 0.6073, acc: 0.7596
loss: 0.6078, acc: 0.7599
loss: 0.6144, acc: 0.7555
> val_acc: 0.7554, val_f1: 0.5871
>>>>>>>>>>>>>>>>>>>>>>>>>>>>>>>>>>>>>>>>>>>>>>>>>>>>>>>>>>>>>>>>>>>>>>>>>>>>>>>>>>>>>>>>>>>>>>>>>>>>
epoch: 44
loss: 0.7504, acc: 0.6875
loss: 0.6505, acc: 0.7321
loss: 0.6181, acc: 0.7513
loss: 0.6360, acc: 0.7417
loss: 0.6382, acc: 0.7422
loss: 0.6290, acc: 0.7459
loss: 0.6343, acc: 0.7441
loss: 0.6268, acc: 0.7487
loss: 0.6243, acc: 0.7489
loss: 0.6223, acc: 0.7513
loss: 0.6154, acc: 0.7563
loss: 0.6200, acc: 0.7522
> val_acc: 0.7500, val_f1: 0.5835
>>>>>>>>>>>>>>>>>>>>>>>>>>>>>>>>>>>>>>>>>>>>>>>>>>>>>>>>>>>>>>>>>>>>>>>>>>>>>>>>>>>>>>>>>>>>>>>>>>>>
epoch: 45
loss: 0.5729, acc: 0.7688
loss: 0.5803, acc: 0.7672
loss: 0.5913, acc: 0.7583
loss: 0.5974, acc: 0.7594
loss: 0.6147, acc: 0.7556
loss: 0.6174, acc: 0.7510
loss: 0.6130, acc: 0.7518
loss: 0.6180, acc: 0.7500
loss: 0.6208, acc: 0.7503
loss: 0.6256, acc: 0.7462
loss: 0.6199, acc: 0.7486
> val_acc: 0.7536, val_f1: 0.5820
>>>>>>>>>>>>>>>>>>>>>>>>>>>>>>>>>>>>>>>>>>>>>>>>>>>>>>>>>>>>>>>>>>>>>>>>>>>>>>>>>>>>>>>>>>>>>>>>>>>>
epoch: 46
loss: 0.6021, acc: 0.7344
loss: 0.5893, acc: 0.7539
loss: 0.6013, acc: 0.7548
loss: 0.6185, acc: 0.7474
loss: 0.6217, acc: 0.7486
loss: 0.6228, acc: 0.7500
loss: 0.6144, acc: 0.7519
loss: 0.6108, acc: 0.7521
loss: 0.6162, acc: 0.7518
loss: 0.6167, acc: 0.7523
loss: 0.6218, acc: 0.7485
> val_acc: 0.7527, val_f1: 0.5850
>>>>>>>>>>>>>>>>>>>>>>>>>>>>>>>>>>>>>>>>>>>>>>>>>>>>>>>>>>>>>>>>>>>>>>>>>>>>>>>>>>>>>>>>>>>>>>>>>>>>
epoch: 47
loss: 0.6358, acc: 0.7656
loss: 0.5731, acc: 0.7734
loss: 0.6090, acc: 0.7514
loss: 0.6067, acc: 0.7510
loss: 0.6231, acc: 0.7433
loss: 0.6178, acc: 0.7464
loss: 0.6166, acc: 0.7485
loss: 0.6181, acc: 0.7496
loss: 0.6171, acc: 0.7527
loss: 0.6139, acc: 0.7578
loss: 0.6163, acc: 0.7540
loss: 0.6174, acc: 0.7522
> val_acc: 0.7562, val_f1: 0.5804
>>>>>>>>>>>>>>>>>>>>>>>>>>>>>>>>>>>>>>>>>>>>>>>>>>>>>>>>>>>>>>>>>>>>>>>>>>>>>>>>>>>>>>>>>>>>>>>>>>>>
epoch: 48
loss: 0.5536, acc: 0.7969
loss: 0.6017, acc: 0.7604
loss: 0.5976, acc: 0.7656
loss: 0.6044, acc: 0.7632
loss: 0.6104, acc: 0.7552
loss: 0.6160, acc: 0.7516
loss: 0.6159, acc: 0.7500
loss: 0.6109, acc: 0.7544
loss: 0.6168, acc: 0.7489
loss: 0.6109, acc: 0.7535
loss: 0.6123, acc: 0.7514
> val_acc: 0.7562, val_f1: 0.5904
>>>>>>>>>>>>>>>>>>>>>>>>>>>>>>>>>>>>>>>>>>>>>>>>>>>>>>>>>>>>>>>>>>>>>>>>>>>>>>>>>>>>>>>>>>>>>>>>>>>>
epoch: 49
loss: 0.5953, acc: 0.7734
loss: 0.6543, acc: 0.7433
loss: 0.6296, acc: 0.7513
loss: 0.6230, acc: 0.7546
loss: 0.6284, acc: 0.7521
loss: 0.6105, acc: 0.7587
loss: 0.6130, acc: 0.7578
loss: 0.6140, acc: 0.7559
loss: 0.6165, acc: 0.7545
loss: 0.6167, acc: 0.7530
loss: 0.6179, acc: 0.7524
loss: 0.6163, acc: 0.7550
> val_acc: 0.7562, val_f1: 0.6016
>> test_acc: 0.7634, test_f1: 0.5909
