cuda memory allocated: 13845504
n_trainable_params: 2525703, n_nontrainable_params: 934800
> training arguments:
>>> model_name: at_lstm
>>> dataset: laptop
>>> optimizer: <class 'torch.optim.adagrad.Adagrad'>
>>> initializer: <function xavier_uniform_ at 0x000001D5F8268730>
>>> learning_rate: 0.001
>>> dropout: 0.1
>>> l2reg: 0.01
>>> num_epoch: 50
>>> batch_size: 64
>>> log_step: 5
>>> embed_dim: 300
>>> hidden_dim: 300
>>> bert_dim: 768
>>> pretrained_bert_name: bert-base-uncased
>>> max_seq_len: 80
>>> polarities_dim: 3
>>> hops: 3
>>> device: cuda
>>> seed: None
>>> valset_ratio: 0
>>> glove_path: ./glove/glove.840B.300d.txt
>>> model_class: <class 'models.at_lstm.AT_LSTM'>
>>> dataset_file: {'train': './datasets/semeval14/Laptops_Train.xml.seg', 'test': './datasets/semeval14/Laptops_Test_Gold.xml.seg'}
>>> inputs_cols: ['text_raw_indices', 'aspect_indices']
>>>>>>>>>>>>>>>>>>>>>>>>>>>>>>>>>>>>>>>>>>>>>>>>>>>>>>>>>>>>>>>>>>>>>>>>>>>>>>>>>>>>>>>>>>>>>>>>>>>>
epoch: 0
cuda memory allocated: 12405248
n_trainable_params: 2165703, n_nontrainable_params: 934800
> training arguments:
>>> model_name: at_lstm
>>> dataset: laptop
>>> optimizer: <class 'torch.optim.adagrad.Adagrad'>
>>> initializer: <function xavier_uniform_ at 0x000001CEBEA88730>
>>> learning_rate: 0.001
>>> dropout: 0.1
>>> l2reg: 0.01
>>> num_epoch: 50
>>> batch_size: 64
>>> log_step: 5
>>> embed_dim: 300
>>> hidden_dim: 300
>>> bert_dim: 768
>>> pretrained_bert_name: bert-base-uncased
>>> max_seq_len: 80
>>> polarities_dim: 3
>>> hops: 3
>>> device: cuda
>>> seed: None
>>> valset_ratio: 0
>>> glove_path: ./glove/glove.840B.300d.txt
>>> model_class: <class 'models.at_lstm.AT_LSTM'>
>>> dataset_file: {'train': './datasets/semeval14/Laptops_Train.xml.seg', 'test': './datasets/semeval14/Laptops_Test_Gold.xml.seg'}
>>> inputs_cols: ['text_raw_indices', 'aspect_indices']
>>>>>>>>>>>>>>>>>>>>>>>>>>>>>>>>>>>>>>>>>>>>>>>>>>>>>>>>>>>>>>>>>>>>>>>>>>>>>>>>>>>>>>>>>>>>>>>>>>>>
epoch: 0
loss: 1.1725, acc: 0.2250
loss: 1.1063, acc: 0.3375
loss: 1.0825, acc: 0.4229
loss: 1.0700, acc: 0.4539
loss: 1.0541, acc: 0.4756
loss: 1.0338, acc: 0.4995
loss: 1.0191, acc: 0.5179
> val_acc: 0.5925, val_f1: 0.4224
>> saved: state_dict/at_lstm_laptop_val_acc0.5925
>>>>>>>>>>>>>>>>>>>>>>>>>>>>>>>>>>>>>>>>>>>>>>>>>>>>>>>>>>>>>>>>>>>>>>>>>>>>>>>>>>>>>>>>>>>>>>>>>>>>
epoch: 1
loss: 0.9262, acc: 0.5625
loss: 0.9385, acc: 0.5742
loss: 0.9363, acc: 0.5950
loss: 0.9134, acc: 0.6120
loss: 0.9015, acc: 0.6223
loss: 0.8956, acc: 0.6278
loss: 0.8860, acc: 0.6312
> val_acc: 0.6050, val_f1: 0.4821
>> saved: state_dict/at_lstm_laptop_val_acc0.605
>>>>>>>>>>>>>>>>>>>>>>>>>>>>>>>>>>>>>>>>>>>>>>>>>>>>>>>>>>>>>>>>>>>>>>>>>>>>>>>>>>>>>>>>>>>>>>>>>>>>
epoch: 2
loss: 0.9294, acc: 0.5156
loss: 0.8672, acc: 0.6068
loss: 0.8487, acc: 0.6364
loss: 0.8300, acc: 0.6465
loss: 0.8222, acc: 0.6503
loss: 0.8206, acc: 0.6544
loss: 0.8272, acc: 0.6512
loss: 0.8241, acc: 0.6519
> val_acc: 0.6207, val_f1: 0.4791
>> saved: state_dict/at_lstm_laptop_val_acc0.6207
>>>>>>>>>>>>>>>>>>>>>>>>>>>>>>>>>>>>>>>>>>>>>>>>>>>>>>>>>>>>>>>>>>>>>>>>>>>>>>>>>>>>>>>>>>>>>>>>>>>>
epoch: 3
loss: 0.7376, acc: 0.6680
loss: 0.7673, acc: 0.6615
loss: 0.7967, acc: 0.6395
loss: 0.7936, acc: 0.6497
loss: 0.7900, acc: 0.6582
loss: 0.7902, acc: 0.6638
loss: 0.7953, acc: 0.6641
> val_acc: 0.6285, val_f1: 0.4983
>> saved: state_dict/at_lstm_laptop_val_acc0.6285
>>>>>>>>>>>>>>>>>>>>>>>>>>>>>>>>>>>>>>>>>>>>>>>>>>>>>>>>>>>>>>>>>>>>>>>>>>>>>>>>>>>>>>>>>>>>>>>>>>>>
epoch: 4
loss: 0.7487, acc: 0.6875
loss: 0.7369, acc: 0.7031
loss: 0.7614, acc: 0.6888
loss: 0.7797, acc: 0.6746
loss: 0.7692, acc: 0.6783
loss: 0.7701, acc: 0.6736
loss: 0.7650, acc: 0.6787
loss: 0.7732, acc: 0.6740
> val_acc: 0.6317, val_f1: 0.5035
>> saved: state_dict/at_lstm_laptop_val_acc0.6317
>>>>>>>>>>>>>>>>>>>>>>>>>>>>>>>>>>>>>>>>>>>>>>>>>>>>>>>>>>>>>>>>>>>>>>>>>>>>>>>>>>>>>>>>>>>>>>>>>>>>
epoch: 5
loss: 0.7849, acc: 0.6750
loss: 0.7894, acc: 0.6609
loss: 0.7653, acc: 0.6802
loss: 0.7725, acc: 0.6805
loss: 0.7590, acc: 0.6887
loss: 0.7615, acc: 0.6839
loss: 0.7604, acc: 0.6853
> val_acc: 0.6223, val_f1: 0.5059
>>>>>>>>>>>>>>>>>>>>>>>>>>>>>>>>>>>>>>>>>>>>>>>>>>>>>>>>>>>>>>>>>>>>>>>>>>>>>>>>>>>>>>>>>>>>>>>>>>>>
epoch: 6
loss: 0.8188, acc: 0.6250
loss: 0.7801, acc: 0.6543
loss: 0.7571, acc: 0.6827
loss: 0.7462, acc: 0.6953
loss: 0.7490, acc: 0.6889
loss: 0.7458, acc: 0.6897
loss: 0.7430, acc: 0.6918
> val_acc: 0.6395, val_f1: 0.5367
>> saved: state_dict/at_lstm_laptop_val_acc0.6395
>>>>>>>>>>>>>>>>>>>>>>>>>>>>>>>>>>>>>>>>>>>>>>>>>>>>>>>>>>>>>>>>>>>>>>>>>>>>>>>>>>>>>>>>>>>>>>>>>>>>
epoch: 7
loss: 0.7062, acc: 0.7188
loss: 0.7177, acc: 0.7109
loss: 0.7392, acc: 0.6960
loss: 0.7553, acc: 0.6836
loss: 0.7540, acc: 0.6875
loss: 0.7558, acc: 0.6917
loss: 0.7448, acc: 0.6996
loss: 0.7416, acc: 0.7010
> val_acc: 0.6426, val_f1: 0.5229
>> saved: state_dict/at_lstm_laptop_val_acc0.6426
>>>>>>>>>>>>>>>>>>>>>>>>>>>>>>>>>>>>>>>>>>>>>>>>>>>>>>>>>>>>>>>>>>>>>>>>>>>>>>>>>>>>>>>>>>>>>>>>>>>>
epoch: 8
loss: 0.7328, acc: 0.6953
loss: 0.7349, acc: 0.7083
loss: 0.7134, acc: 0.7154
loss: 0.7300, acc: 0.7039
loss: 0.7387, acc: 0.6934
loss: 0.7306, acc: 0.6988
loss: 0.7351, acc: 0.6985
> val_acc: 0.6473, val_f1: 0.5304
>> saved: state_dict/at_lstm_laptop_val_acc0.6473
>>>>>>>>>>>>>>>>>>>>>>>>>>>>>>>>>>>>>>>>>>>>>>>>>>>>>>>>>>>>>>>>>>>>>>>>>>>>>>>>>>>>>>>>>>>>>>>>>>>>
epoch: 9
loss: 0.7404, acc: 0.6953
loss: 0.7425, acc: 0.6875
loss: 0.7354, acc: 0.7031
loss: 0.7517, acc: 0.6903
loss: 0.7449, acc: 0.6989
loss: 0.7408, acc: 0.7008
loss: 0.7281, acc: 0.7124
loss: 0.7278, acc: 0.7096
> val_acc: 0.6489, val_f1: 0.5397
>> saved: state_dict/at_lstm_laptop_val_acc0.6489
>>>>>>>>>>>>>>>>>>>>>>>>>>>>>>>>>>>>>>>>>>>>>>>>>>>>>>>>>>>>>>>>>>>>>>>>>>>>>>>>>>>>>>>>>>>>>>>>>>>>
epoch: 10
loss: 0.7283, acc: 0.7094
loss: 0.7090, acc: 0.7109
loss: 0.7125, acc: 0.7083
loss: 0.7180, acc: 0.7000
loss: 0.7123, acc: 0.7075
loss: 0.7188, acc: 0.7094
loss: 0.7132, acc: 0.7121
> val_acc: 0.6473, val_f1: 0.5339
>>>>>>>>>>>>>>>>>>>>>>>>>>>>>>>>>>>>>>>>>>>>>>>>>>>>>>>>>>>>>>>>>>>>>>>>>>>>>>>>>>>>>>>>>>>>>>>>>>>>
epoch: 11
loss: 0.6990, acc: 0.7396
loss: 0.7272, acc: 0.7285
loss: 0.7253, acc: 0.7139
loss: 0.7314, acc: 0.7040
loss: 0.7302, acc: 0.7086
loss: 0.7240, acc: 0.7093
loss: 0.7185, acc: 0.7121
> val_acc: 0.6348, val_f1: 0.5157
>>>>>>>>>>>>>>>>>>>>>>>>>>>>>>>>>>>>>>>>>>>>>>>>>>>>>>>>>>>>>>>>>>>>>>>>>>>>>>>>>>>>>>>>>>>>>>>>>>>>
epoch: 12
loss: 0.7898, acc: 0.6406
loss: 0.6966, acc: 0.7266
loss: 0.6888, acc: 0.7244
loss: 0.6930, acc: 0.7227
loss: 0.7004, acc: 0.7210
loss: 0.7017, acc: 0.7212
loss: 0.7070, acc: 0.7188
loss: 0.7096, acc: 0.7161
> val_acc: 0.6552, val_f1: 0.5564
>> saved: state_dict/at_lstm_laptop_val_acc0.6552
>>>>>>>>>>>>>>>>>>>>>>>>>>>>>>>>>>>>>>>>>>>>>>>>>>>>>>>>>>>>>>>>>>>>>>>>>>>>>>>>>>>>>>>>>>>>>>>>>>>>
epoch: 13
loss: 0.7269, acc: 0.6953
loss: 0.7227, acc: 0.7014
loss: 0.7239, acc: 0.7042
loss: 0.7241, acc: 0.7081
loss: 0.7308, acc: 0.7038
loss: 0.7136, acc: 0.7150
loss: 0.7094, acc: 0.7160
> val_acc: 0.6473, val_f1: 0.5352
>>>>>>>>>>>>>>>>>>>>>>>>>>>>>>>>>>>>>>>>>>>>>>>>>>>>>>>>>>>>>>>>>>>>>>>>>>>>>>>>>>>>>>>>>>>>>>>>>>>>
epoch: 14
loss: 0.7180, acc: 0.7422
loss: 0.7022, acc: 0.7344
loss: 0.6948, acc: 0.7318
loss: 0.7015, acc: 0.7206
loss: 0.7031, acc: 0.7152
loss: 0.6932, acc: 0.7205
loss: 0.6994, acc: 0.7144
loss: 0.7008, acc: 0.7131
> val_acc: 0.6505, val_f1: 0.5437
>>>>>>>>>>>>>>>>>>>>>>>>>>>>>>>>>>>>>>>>>>>>>>>>>>>>>>>>>>>>>>>>>>>>>>>>>>>>>>>>>>>>>>>>>>>>>>>>>>>>
epoch: 15
loss: 0.6885, acc: 0.7375
loss: 0.6737, acc: 0.7422
loss: 0.6616, acc: 0.7500
loss: 0.6789, acc: 0.7320
loss: 0.6864, acc: 0.7288
loss: 0.6785, acc: 0.7339
loss: 0.6938, acc: 0.7214
> val_acc: 0.6614, val_f1: 0.5693
>> saved: state_dict/at_lstm_laptop_val_acc0.6614
>>>>>>>>>>>>>>>>>>>>>>>>>>>>>>>>>>>>>>>>>>>>>>>>>>>>>>>>>>>>>>>>>>>>>>>>>>>>>>>>>>>>>>>>>>>>>>>>>>>>
epoch: 16
loss: 0.6989, acc: 0.7188
loss: 0.6869, acc: 0.7363
loss: 0.6945, acc: 0.7392
loss: 0.6970, acc: 0.7344
loss: 0.6944, acc: 0.7283
loss: 0.6906, acc: 0.7294
loss: 0.6891, acc: 0.7287
> val_acc: 0.6646, val_f1: 0.5766
>> saved: state_dict/at_lstm_laptop_val_acc0.6646
>>>>>>>>>>>>>>>>>>>>>>>>>>>>>>>>>>>>>>>>>>>>>>>>>>>>>>>>>>>>>>>>>>>>>>>>>>>>>>>>>>>>>>>>>>>>>>>>>>>>
epoch: 17
loss: 0.6453, acc: 0.7500
loss: 0.6918, acc: 0.7318
loss: 0.7032, acc: 0.7188
loss: 0.7022, acc: 0.7178
loss: 0.7012, acc: 0.7150
loss: 0.7035, acc: 0.7206
loss: 0.6943, acc: 0.7248
loss: 0.6900, acc: 0.7279
> val_acc: 0.6661, val_f1: 0.5731
>> saved: state_dict/at_lstm_laptop_val_acc0.6661
>>>>>>>>>>>>>>>>>>>>>>>>>>>>>>>>>>>>>>>>>>>>>>>>>>>>>>>>>>>>>>>>>>>>>>>>>>>>>>>>>>>>>>>>>>>>>>>>>>>>
epoch: 18
loss: 0.6914, acc: 0.7266
loss: 0.6783, acc: 0.7344
loss: 0.6780, acc: 0.7299
loss: 0.6782, acc: 0.7278
loss: 0.6792, acc: 0.7337
loss: 0.6795, acc: 0.7333
loss: 0.6811, acc: 0.7307
> val_acc: 0.6677, val_f1: 0.5804
>> saved: state_dict/at_lstm_laptop_val_acc0.6677
>>>>>>>>>>>>>>>>>>>>>>>>>>>>>>>>>>>>>>>>>>>>>>>>>>>>>>>>>>>>>>>>>>>>>>>>>>>>>>>>>>>>>>>>>>>>>>>>>>>>
epoch: 19
loss: 0.6220, acc: 0.7812
loss: 0.6578, acc: 0.7589
loss: 0.6634, acc: 0.7513
loss: 0.6695, acc: 0.7491
loss: 0.6833, acc: 0.7393
loss: 0.6832, acc: 0.7361
loss: 0.6835, acc: 0.7378
loss: 0.6846, acc: 0.7324
> val_acc: 0.6677, val_f1: 0.5794
>>>>>>>>>>>>>>>>>>>>>>>>>>>>>>>>>>>>>>>>>>>>>>>>>>>>>>>>>>>>>>>>>>>>>>>>>>>>>>>>>>>>>>>>>>>>>>>>>>>>
epoch: 20
loss: 0.6611, acc: 0.7438
loss: 0.6492, acc: 0.7469
loss: 0.6460, acc: 0.7458
loss: 0.6656, acc: 0.7359
loss: 0.6702, acc: 0.7356
loss: 0.6696, acc: 0.7365
loss: 0.6780, acc: 0.7304
> val_acc: 0.6708, val_f1: 0.5872
>> saved: state_dict/at_lstm_laptop_val_acc0.6708
>>>>>>>>>>>>>>>>>>>>>>>>>>>>>>>>>>>>>>>>>>>>>>>>>>>>>>>>>>>>>>>>>>>>>>>>>>>>>>>>>>>>>>>>>>>>>>>>>>>>
epoch: 21
loss: 0.6389, acc: 0.7708
loss: 0.6674, acc: 0.7520
loss: 0.6692, acc: 0.7476
loss: 0.6724, acc: 0.7422
loss: 0.6705, acc: 0.7452
loss: 0.6765, acc: 0.7344
loss: 0.6772, acc: 0.7325
> val_acc: 0.6458, val_f1: 0.5463
>>>>>>>>>>>>>>>>>>>>>>>>>>>>>>>>>>>>>>>>>>>>>>>>>>>>>>>>>>>>>>>>>>>>>>>>>>>>>>>>>>>>>>>>>>>>>>>>>>>>
epoch: 22
loss: 0.7131, acc: 0.7188
loss: 0.6777, acc: 0.7188
loss: 0.6708, acc: 0.7344
loss: 0.6722, acc: 0.7305
loss: 0.6787, acc: 0.7269
loss: 0.6779, acc: 0.7296
loss: 0.6785, acc: 0.7324
loss: 0.6721, acc: 0.7361
> val_acc: 0.6803, val_f1: 0.6004
>> saved: state_dict/at_lstm_laptop_val_acc0.6803
>>>>>>>>>>>>>>>>>>>>>>>>>>>>>>>>>>>>>>>>>>>>>>>>>>>>>>>>>>>>>>>>>>>>>>>>>>>>>>>>>>>>>>>>>>>>>>>>>>>>
epoch: 23
loss: 0.6559, acc: 0.7500
loss: 0.6859, acc: 0.7309
loss: 0.6710, acc: 0.7344
loss: 0.6746, acc: 0.7401
loss: 0.6679, acc: 0.7428
loss: 0.6659, acc: 0.7419
loss: 0.6672, acc: 0.7403
> val_acc: 0.6708, val_f1: 0.5816
>>>>>>>>>>>>>>>>>>>>>>>>>>>>>>>>>>>>>>>>>>>>>>>>>>>>>>>>>>>>>>>>>>>>>>>>>>>>>>>>>>>>>>>>>>>>>>>>>>>>
epoch: 24
loss: 0.5991, acc: 0.7578
loss: 0.6379, acc: 0.7500
loss: 0.6623, acc: 0.7435
loss: 0.6545, acc: 0.7518
loss: 0.6470, acc: 0.7507
loss: 0.6608, acc: 0.7413
loss: 0.6621, acc: 0.7451
loss: 0.6671, acc: 0.7418
> val_acc: 0.6661, val_f1: 0.5886
>>>>>>>>>>>>>>>>>>>>>>>>>>>>>>>>>>>>>>>>>>>>>>>>>>>>>>>>>>>>>>>>>>>>>>>>>>>>>>>>>>>>>>>>>>>>>>>>>>>>
epoch: 25
loss: 0.6962, acc: 0.7281
loss: 0.6940, acc: 0.7281
loss: 0.6758, acc: 0.7417
loss: 0.6679, acc: 0.7539
loss: 0.6724, acc: 0.7450
loss: 0.6698, acc: 0.7422
loss: 0.6683, acc: 0.7411
> val_acc: 0.6818, val_f1: 0.6007
>> saved: state_dict/at_lstm_laptop_val_acc0.6818
>>>>>>>>>>>>>>>>>>>>>>>>>>>>>>>>>>>>>>>>>>>>>>>>>>>>>>>>>>>>>>>>>>>>>>>>>>>>>>>>>>>>>>>>>>>>>>>>>>>>
epoch: 26
loss: 0.7376, acc: 0.6771
loss: 0.6580, acc: 0.7402
loss: 0.6627, acc: 0.7284
loss: 0.6777, acc: 0.7257
loss: 0.6789, acc: 0.7289
loss: 0.6728, acc: 0.7321
loss: 0.6683, acc: 0.7334
> val_acc: 0.6724, val_f1: 0.5867
>>>>>>>>>>>>>>>>>>>>>>>>>>>>>>>>>>>>>>>>>>>>>>>>>>>>>>>>>>>>>>>>>>>>>>>>>>>>>>>>>>>>>>>>>>>>>>>>>>>>
epoch: 27
loss: 0.6635, acc: 0.7500
loss: 0.7351, acc: 0.6979
loss: 0.6932, acc: 0.7131
loss: 0.6626, acc: 0.7285
loss: 0.6661, acc: 0.7336
loss: 0.6702, acc: 0.7332
loss: 0.6644, acc: 0.7379
loss: 0.6609, acc: 0.7431
> val_acc: 0.6693, val_f1: 0.5814
>>>>>>>>>>>>>>>>>>>>>>>>>>>>>>>>>>>>>>>>>>>>>>>>>>>>>>>>>>>>>>>>>>>>>>>>>>>>>>>>>>>>>>>>>>>>>>>>>>>>
epoch: 28
loss: 0.6148, acc: 0.7578
loss: 0.6397, acc: 0.7552
loss: 0.6486, acc: 0.7489
loss: 0.6527, acc: 0.7516
loss: 0.6533, acc: 0.7428
loss: 0.6515, acc: 0.7457
loss: 0.6578, acc: 0.7426
> val_acc: 0.6755, val_f1: 0.5936
>>>>>>>>>>>>>>>>>>>>>>>>>>>>>>>>>>>>>>>>>>>>>>>>>>>>>>>>>>>>>>>>>>>>>>>>>>>>>>>>>>>>>>>>>>>>>>>>>>>>
epoch: 29
loss: 0.6091, acc: 0.8125
loss: 0.6609, acc: 0.7634
loss: 0.6556, acc: 0.7604
loss: 0.6519, acc: 0.7583
loss: 0.6452, acc: 0.7607
loss: 0.6539, acc: 0.7506
loss: 0.6559, acc: 0.7461
loss: 0.6536, acc: 0.7474
> val_acc: 0.6646, val_f1: 0.5850
>>>>>>>>>>>>>>>>>>>>>>>>>>>>>>>>>>>>>>>>>>>>>>>>>>>>>>>>>>>>>>>>>>>>>>>>>>>>>>>>>>>>>>>>>>>>>>>>>>>>
epoch: 30
loss: 0.6696, acc: 0.7063
loss: 0.6491, acc: 0.7422
loss: 0.6527, acc: 0.7375
loss: 0.6400, acc: 0.7477
loss: 0.6290, acc: 0.7556
loss: 0.6368, acc: 0.7531
loss: 0.6465, acc: 0.7482
> val_acc: 0.6724, val_f1: 0.5949
>>>>>>>>>>>>>>>>>>>>>>>>>>>>>>>>>>>>>>>>>>>>>>>>>>>>>>>>>>>>>>>>>>>>>>>>>>>>>>>>>>>>>>>>>>>>>>>>>>>>
epoch: 31
loss: 0.7071, acc: 0.6875
loss: 0.6762, acc: 0.7188
loss: 0.6708, acc: 0.7248
loss: 0.6711, acc: 0.7335
loss: 0.6655, acc: 0.7371
loss: 0.6557, acc: 0.7422
loss: 0.6528, acc: 0.7448
> val_acc: 0.6536, val_f1: 0.5706
>>>>>>>>>>>>>>>>>>>>>>>>>>>>>>>>>>>>>>>>>>>>>>>>>>>>>>>>>>>>>>>>>>>>>>>>>>>>>>>>>>>>>>>>>>>>>>>>>>>>
epoch: 32
loss: 0.5411, acc: 0.8125
loss: 0.6405, acc: 0.7474
loss: 0.6473, acc: 0.7486
loss: 0.6516, acc: 0.7490
loss: 0.6296, acc: 0.7634
loss: 0.6401, acc: 0.7560
loss: 0.6395, acc: 0.7535
loss: 0.6438, acc: 0.7522
> val_acc: 0.6661, val_f1: 0.5890
>>>>>>>>>>>>>>>>>>>>>>>>>>>>>>>>>>>>>>>>>>>>>>>>>>>>>>>>>>>>>>>>>>>>>>>>>>>>>>>>>>>>>>>>>>>>>>>>>>>>
epoch: 33
loss: 0.6065, acc: 0.7578
loss: 0.6490, acc: 0.7552
loss: 0.6457, acc: 0.7667
loss: 0.6610, acc: 0.7533
loss: 0.6544, acc: 0.7474
loss: 0.6483, acc: 0.7522
loss: 0.6490, acc: 0.7482
> val_acc: 0.6708, val_f1: 0.5928
>>>>>>>>>>>>>>>>>>>>>>>>>>>>>>>>>>>>>>>>>>>>>>>>>>>>>>>>>>>>>>>>>>>>>>>>>>>>>>>>>>>>>>>>>>>>>>>>>>>>
epoch: 34
loss: 0.7074, acc: 0.7109
loss: 0.6519, acc: 0.7455
loss: 0.6507, acc: 0.7357
loss: 0.6537, acc: 0.7335
loss: 0.6426, acc: 0.7436
loss: 0.6439, acc: 0.7488
loss: 0.6463, acc: 0.7480
loss: 0.6409, acc: 0.7509
> val_acc: 0.6567, val_f1: 0.5891
>>>>>>>>>>>>>>>>>>>>>>>>>>>>>>>>>>>>>>>>>>>>>>>>>>>>>>>>>>>>>>>>>>>>>>>>>>>>>>>>>>>>>>>>>>>>>>>>>>>>
epoch: 35
loss: 0.5942, acc: 0.7656
loss: 0.5952, acc: 0.7797
loss: 0.6133, acc: 0.7688
loss: 0.6316, acc: 0.7539
loss: 0.6391, acc: 0.7506
loss: 0.6420, acc: 0.7510
loss: 0.6387, acc: 0.7540
> val_acc: 0.6646, val_f1: 0.5846
>>>>>>>>>>>>>>>>>>>>>>>>>>>>>>>>>>>>>>>>>>>>>>>>>>>>>>>>>>>>>>>>>>>>>>>>>>>>>>>>>>>>>>>>>>>>>>>>>>>>
epoch: 36
loss: 0.6280, acc: 0.7604
loss: 0.6341, acc: 0.7500
loss: 0.6427, acc: 0.7392
loss: 0.6470, acc: 0.7413
loss: 0.6421, acc: 0.7459
loss: 0.6390, acc: 0.7461
loss: 0.6335, acc: 0.7495
> val_acc: 0.6740, val_f1: 0.6050
>>>>>>>>>>>>>>>>>>>>>>>>>>>>>>>>>>>>>>>>>>>>>>>>>>>>>>>>>>>>>>>>>>>>>>>>>>>>>>>>>>>>>>>>>>>>>>>>>>>>
epoch: 37
loss: 0.6317, acc: 0.7656
loss: 0.6496, acc: 0.7370
loss: 0.6445, acc: 0.7443
loss: 0.6394, acc: 0.7490
loss: 0.6349, acc: 0.7560
loss: 0.6200, acc: 0.7626
loss: 0.6184, acc: 0.7641
loss: 0.6317, acc: 0.7569
> val_acc: 0.6599, val_f1: 0.5849
>>>>>>>>>>>>>>>>>>>>>>>>>>>>>>>>>>>>>>>>>>>>>>>>>>>>>>>>>>>>>>>>>>>>>>>>>>>>>>>>>>>>>>>>>>>>>>>>>>>>
epoch: 38
loss: 0.6776, acc: 0.7109
loss: 0.6506, acc: 0.7483
loss: 0.6427, acc: 0.7522
loss: 0.6273, acc: 0.7582
loss: 0.6247, acc: 0.7604
loss: 0.6321, acc: 0.7548
loss: 0.6294, acc: 0.7551
> val_acc: 0.6693, val_f1: 0.5971
>>>>>>>>>>>>>>>>>>>>>>>>>>>>>>>>>>>>>>>>>>>>>>>>>>>>>>>>>>>>>>>>>>>>>>>>>>>>>>>>>>>>>>>>>>>>>>>>>>>>
epoch: 39
loss: 0.6290, acc: 0.7422
loss: 0.6700, acc: 0.7545
loss: 0.6386, acc: 0.7643
loss: 0.6371, acc: 0.7574
loss: 0.6293, acc: 0.7557
loss: 0.6236, acc: 0.7581
loss: 0.6237, acc: 0.7573
loss: 0.6299, acc: 0.7534
> val_acc: 0.6661, val_f1: 0.5929
>>>>>>>>>>>>>>>>>>>>>>>>>>>>>>>>>>>>>>>>>>>>>>>>>>>>>>>>>>>>>>>>>>>>>>>>>>>>>>>>>>>>>>>>>>>>>>>>>>>>
epoch: 40
loss: 0.6357, acc: 0.7594
loss: 0.6346, acc: 0.7484
loss: 0.6416, acc: 0.7469
loss: 0.6309, acc: 0.7531
loss: 0.6243, acc: 0.7556
loss: 0.6302, acc: 0.7526
loss: 0.6250, acc: 0.7562
> val_acc: 0.6630, val_f1: 0.5826
>>>>>>>>>>>>>>>>>>>>>>>>>>>>>>>>>>>>>>>>>>>>>>>>>>>>>>>>>>>>>>>>>>>>>>>>>>>>>>>>>>>>>>>>>>>>>>>>>>>>
epoch: 41
loss: 0.6508, acc: 0.7135
loss: 0.6048, acc: 0.7617
loss: 0.6179, acc: 0.7488
loss: 0.6133, acc: 0.7569
loss: 0.6246, acc: 0.7554
loss: 0.6181, acc: 0.7600
loss: 0.6178, acc: 0.7599
> val_acc: 0.6599, val_f1: 0.5867
>>>>>>>>>>>>>>>>>>>>>>>>>>>>>>>>>>>>>>>>>>>>>>>>>>>>>>>>>>>>>>>>>>>>>>>>>>>>>>>>>>>>>>>>>>>>>>>>>>>>
epoch: 42
loss: 0.6115, acc: 0.7969
loss: 0.6170, acc: 0.7760
loss: 0.5826, acc: 0.7955
loss: 0.5973, acc: 0.7812
loss: 0.6034, acc: 0.7716
loss: 0.6100, acc: 0.7638
loss: 0.6158, acc: 0.7611
loss: 0.6233, acc: 0.7569
> val_acc: 0.6677, val_f1: 0.5961
>>>>>>>>>>>>>>>>>>>>>>>>>>>>>>>>>>>>>>>>>>>>>>>>>>>>>>>>>>>>>>>>>>>>>>>>>>>>>>>>>>>>>>>>>>>>>>>>>>>>
epoch: 43
loss: 0.6218, acc: 0.7617
loss: 0.6152, acc: 0.7674
loss: 0.6259, acc: 0.7589
loss: 0.6157, acc: 0.7738
loss: 0.6127, acc: 0.7695
loss: 0.6167, acc: 0.7662
loss: 0.6260, acc: 0.7569
> val_acc: 0.6755, val_f1: 0.6012
>>>>>>>>>>>>>>>>>>>>>>>>>>>>>>>>>>>>>>>>>>>>>>>>>>>>>>>>>>>>>>>>>>>>>>>>>>>>>>>>>>>>>>>>>>>>>>>>>>>>
epoch: 44
loss: 0.4902, acc: 0.8203
loss: 0.5724, acc: 0.7768
loss: 0.5799, acc: 0.7773
loss: 0.5840, acc: 0.7739
loss: 0.5930, acc: 0.7685
loss: 0.6018, acc: 0.7627
loss: 0.6114, acc: 0.7568
loss: 0.6172, acc: 0.7564
> val_acc: 0.6755, val_f1: 0.6148
>>>>>>>>>>>>>>>>>>>>>>>>>>>>>>>>>>>>>>>>>>>>>>>>>>>>>>>>>>>>>>>>>>>>>>>>>>>>>>>>>>>>>>>>>>>>>>>>>>>>
epoch: 45
loss: 0.6660, acc: 0.7531
loss: 0.6475, acc: 0.7469
loss: 0.6313, acc: 0.7562
loss: 0.6191, acc: 0.7578
loss: 0.6101, acc: 0.7594
loss: 0.6108, acc: 0.7630
loss: 0.6145, acc: 0.7629
> val_acc: 0.6740, val_f1: 0.6045
>>>>>>>>>>>>>>>>>>>>>>>>>>>>>>>>>>>>>>>>>>>>>>>>>>>>>>>>>>>>>>>>>>>>>>>>>>>>>>>>>>>>>>>>>>>>>>>>>>>>
epoch: 46
loss: 0.5733, acc: 0.7865
loss: 0.6287, acc: 0.7441
loss: 0.6236, acc: 0.7476
loss: 0.6139, acc: 0.7595
loss: 0.6157, acc: 0.7588
loss: 0.6113, acc: 0.7606
loss: 0.6158, acc: 0.7576
> val_acc: 0.6646, val_f1: 0.5865
>>>>>>>>>>>>>>>>>>>>>>>>>>>>>>>>>>>>>>>>>>>>>>>>>>>>>>>>>>>>>>>>>>>>>>>>>>>>>>>>>>>>>>>>>>>>>>>>>>>>
epoch: 47
loss: 0.5647, acc: 0.7969
loss: 0.6173, acc: 0.7708
loss: 0.5911, acc: 0.7784
loss: 0.5947, acc: 0.7764
loss: 0.5909, acc: 0.7671
loss: 0.5910, acc: 0.7686
loss: 0.6015, acc: 0.7626
loss: 0.6086, acc: 0.7600
> val_acc: 0.6755, val_f1: 0.6115
>>>>>>>>>>>>>>>>>>>>>>>>>>>>>>>>>>>>>>>>>>>>>>>>>>>>>>>>>>>>>>>>>>>>>>>>>>>>>>>>>>>>>>>>>>>>>>>>>>>>
epoch: 48
loss: 0.6607, acc: 0.7227
loss: 0.6314, acc: 0.7465
loss: 0.6404, acc: 0.7467
loss: 0.6293, acc: 0.7541
loss: 0.6178, acc: 0.7669
loss: 0.6143, acc: 0.7667
loss: 0.6125, acc: 0.7642
> val_acc: 0.6646, val_f1: 0.5894
>>>>>>>>>>>>>>>>>>>>>>>>>>>>>>>>>>>>>>>>>>>>>>>>>>>>>>>>>>>>>>>>>>>>>>>>>>>>>>>>>>>>>>>>>>>>>>>>>>>>
epoch: 49
loss: 0.5492, acc: 0.7656
loss: 0.5826, acc: 0.7567
loss: 0.6206, acc: 0.7539
loss: 0.6211, acc: 0.7564
loss: 0.6038, acc: 0.7670
loss: 0.6033, acc: 0.7656
loss: 0.6108, acc: 0.7607
loss: 0.6076, acc: 0.7633
> val_acc: 0.6614, val_f1: 0.5789
>> test_acc: 0.6818, test_f1: 0.6007
