cuda memory allocated: 15400448
n_trainable_params: 2525703, n_nontrainable_params: 1323600
> training arguments:
>>> model_name: atae_lstm
>>> dataset: restaurant
>>> optimizer: <class 'torch.optim.adam.Adam'>
>>> initializer: <function xavier_uniform_ at 0x000002255AAB66A8>
>>> learning_rate: 0.0003
>>> momentum: 0.95
>>> dropout: 0.5
>>> l2reg: 5e-05
>>> num_epoch: 10
>>> batch_size: 32
>>> log_step: 5
>>> embed_dim: 300
>>> hidden_dim: 300
>>> bert_dim: 768
>>> pretrained_bert_name: bert-base-uncased
>>> max_seq_len: 80
>>> polarities_dim: 3
>>> hops: 3
>>> device: cuda
>>> seed: None
>>> valset_ratio: 0
>>> num_layers: 2
>>> in_channels: 600
>>> out_channels: 2
>>> downbot: 20
>>> kernel_size: 3
>>> glove_path: ./glove/glove.840B.300d.txt
>>> model_class: <class 'models.atae_lstm.ATAE_LSTM'>
>>> dataset_file: {'train': './datasets/semeval14/Restaurants_Train.xml.seg', 'test': './datasets/semeval14/Restaurants_Test_Gold.xml.seg'}
>>> inputs_cols: ['text_raw_indices', 'aspect_indices']
>>>>>>>>>>>>>>>>>>>>>>>>>>>>>>>>>>>>>>>>>>>>>>>>>>>>>>>>>>>>>>>>>>>>>>>>>>>>>>>>>>>>>>>>>>>>>>>>>>>>
epoch: 0
loss: 1.1652, acc: 0.2750
loss: 1.1110, acc: 0.4062
loss: 1.0391, acc: 0.4833
loss: 1.0083, acc: 0.5031
loss: 0.9763, acc: 0.5337
loss: 0.9553, acc: 0.5479
loss: 0.9440, acc: 0.5536
loss: 0.9290, acc: 0.5617
loss: 0.9231, acc: 0.5660
loss: 0.9094, acc: 0.5737
loss: 0.8916, acc: 0.5847
loss: 0.8809, acc: 0.5906
loss: 0.8777, acc: 0.5957
loss: 0.8747, acc: 0.6004
loss: 0.8673, acc: 0.6050
