cuda memory allocated: 6892544
n_trainable_params: 1372003, n_nontrainable_params: 347432
> training arguments:
>>> model_name: gc_embed
>>> model_ver: 3
>>> dataset: laptop
>>> optimizer: <class 'torch.optim.adam.Adam'>
>>> initializer: <function xavier_uniform_ at 0x00000280EA162E18>
>>> learning_rate: 0.0003
>>> momentum: 0.95
>>> dropout: 0.6
>>> l2reg: 5e-05
>>> num_epoch: 50
>>> batch_size: 32
>>> log_step: 5
>>> embed_dim: 136
>>> hidden_dim: 300
>>> bert_dim: 768
>>> pretrained_bert_name: bert-base-uncased
>>> embeddings: d
>>> max_seq_len: 80
>>> polarities_dim: 3
>>> hops: 3
>>> device: cuda
>>> seed: 0
>>> valset_ratio: 0
>>> num_layers: 1
>>> in_channels: 100
>>> out_channels: 1
>>> downbot: 20
>>> kernel_size: 3
>>> position_dim: 100
>>> stanford_pos_model: C:/NLP_Programs/stanford-postagger-2018-10-16/models/english-bidirectional-distsim.tagger
>>> stanford_pos_jar: C:/NLP_Programs/stanford-postagger-2018-10-16/stanford-postagger.jar
>>> glove_path: ./embeddings/glove.840B.300d.txt
>>> embedding_matrix_path: gen_data/embeddings/100_laptop_domain_embedding_matrix.dat
>>> model_class: <class 'models.gc_embed.GC_EMBED3'>
>>> dataset_file: {'train': './datasets/semeval14/Laptops_Train.xml.seg', 'test': './datasets/semeval14/Laptops_Test_Gold.xml.seg'}
>>> inputs_cols: ['text_raw_indices', 'aspect_indices', 'pos_indices', 'aspect_pos_indices', 'position_indices']
>>>>>>>>>>>>>>>>>>>>>>>>>>>>>>>>>>>>>>>>>>>>>>>>>>>>>>>>>>>>>>>>>>>>>>>>>>>>>>>>>>>>>>>>>>>>>>>>>>>>
epoch: 0
loss: 1.1232, acc: 0.3625
loss: 1.1203, acc: 0.3906
loss: 1.1170, acc: 0.3896
loss: 1.1047, acc: 0.3969
loss: 1.0975, acc: 0.4025
loss: 1.0865, acc: 0.4188
loss: 1.0752, acc: 0.4339
loss: 1.0672, acc: 0.4391
loss: 1.0590, acc: 0.4493
loss: 1.0536, acc: 0.4600
loss: 1.0490, acc: 0.4653
loss: 1.0460, acc: 0.4719
loss: 1.0385, acc: 0.4817
loss: 1.0329, acc: 0.4853
