n_trainable_params: 1213603, n_nontrainable_params: 347432
> training arguments:
>>> model_name: gc_embed
>>> model_ver: 2
>>> dataset: laptop
>>> optimizer: <class 'torch.optim.adam.Adam'>
>>> initializer: <function xavier_uniform_ at 0x0000024E904F1E18>
>>> learning_rate: 0.0003
>>> momentum: 0.95
>>> dropout: 0.6
>>> l2reg: 5e-05
>>> num_epoch: 50
>>> batch_size: 32
>>> log_step: 5
>>> embed_dim: 100
>>> hidden_dim: 300
>>> bert_dim: 768
>>> pretrained_bert_name: bert-base-uncased
>>> embeddings: d
>>> max_seq_len: 80
>>> polarities_dim: 3
>>> hops: 3
>>> device: cpu
>>> seed: 0
>>> valset_ratio: 0
>>> num_layers: 1
>>> in_channels: 100
>>> out_channels: 1
>>> downbot: 20
>>> kernel_size: 3
>>> position_dim: 100
>>> stanford_pos_model: C:/NLP_Programs/stanford-postagger-2018-10-16/models/english-bidirectional-distsim.tagger
>>> stanford_pos_jar: C:/NLP_Programs/stanford-postagger-2018-10-16/stanford-postagger.jar
>>> glove_path: ./embeddings/glove.840B.300d.txt
>>> embedding_matrix_path: gen_data/embeddings/100_laptop_domain_embedding_matrix.dat
>>> model_class: <class 'models.gc_embed.GC_EMBED2'>
>>> dataset_file: {'train': './datasets/semeval14/Laptops_Train.xml.seg', 'test': './datasets/semeval14/Laptops_Test_Gold.xml.seg'}
>>> inputs_cols: ['text_raw_indices', 'aspect_indices', 'pos_indices', 'aspect_pos_indices', 'position_indices']
>>>>>>>>>>>>>>>>>>>>>>>>>>>>>>>>>>>>>>>>>>>>>>>>>>>>>>>>>>>>>>>>>>>>>>>>>>>>>>>>>>>>>>>>>>>>>>>>>>>>
epoch: 0
loss: 1.2007, acc: 0.2750
loss: 1.1494, acc: 0.3094
loss: 1.1178, acc: 0.3479
loss: 1.1129, acc: 0.3781
loss: 1.1097, acc: 0.3937
loss: 1.0949, acc: 0.4052
loss: 1.0901, acc: 0.4125
loss: 1.0792, acc: 0.4273
loss: 1.0779, acc: 0.4271
loss: 1.0767, acc: 0.4288
loss: 1.0720, acc: 0.4330
loss: 1.0713, acc: 0.4375
loss: 1.0690, acc: 0.4423
loss: 1.0670, acc: 0.4455
