cuda memory allocated: 4866560
n_trainable_params: 772003, n_nontrainable_params: 442532
> training arguments:
>>> model_name: gc_embed
>>> model_ver: 2
>>> dataset: restaurant
>>> optimizer: <class 'torch.optim.adam.Adam'>
>>> initializer: <function xavier_uniform_ at 0x0000024D1D782E18>
>>> learning_rate: 0.0003
>>> momentum: 0.95
>>> dropout: 0.6
>>> l2reg: 5e-05
>>> num_epoch: 50
>>> batch_size: 32
>>> log_step: 5
>>> embed_dim: 100
>>> hidden_dim: 300
>>> bert_dim: 768
>>> pretrained_bert_name: bert-base-uncased
>>> embeddings: d
>>> max_seq_len: 80
>>> polarities_dim: 3
>>> hops: 3
>>> device: cuda
>>> seed: 0
>>> valset_ratio: 0
>>> num_layers: 1
>>> in_channels: 100
>>> out_channels: 1
>>> downbot: 20
>>> kernel_size: 3
>>> position_dim: 100
>>> stanford_pos_model: ./stanford-postagger-2018-10-16/models/english-bidirectional-distsim.tagger
>>> stanford_pos_jar: ./stanford-postagger-2018-10-16/stanford-postagger.jar
>>> glove_path: ./embeddings/glove.840B.300d.txt
>>> embedding_matrix_path: gen_data/embeddings/100_restaurant_domain_embedding_matrix.dat
>>> model_class: <class 'models.gc_embed.GC_EMBED2'>
>>> dataset_file: {'train': './datasets/semeval14/Restaurants_Train.xml.seg', 'test': './datasets/semeval14/Restaurants_Test_Gold.xml.seg'}
>>> inputs_cols: ['text_raw_indices', 'aspect_indices', 'pos_indices', 'aspect_pos_indices', 'position_indices']
>>>>>>>>>>>>>>>>>>>>>>>>>>>>>>>>>>>>>>>>>>>>>>>>>>>>>>>>>>>>>>>>>>>>>>>>>>>>>>>>>>>>>>>>>>>>>>>>>>>>
epoch: 0
loss: 1.0876, acc: 0.4125
loss: 1.0394, acc: 0.4938
loss: 1.0153, acc: 0.5271
loss: 0.9733, acc: 0.5672
loss: 0.9609, acc: 0.5787
loss: 0.9716, acc: 0.5771
loss: 0.9751, acc: 0.5741
loss: 0.9667, acc: 0.5789
loss: 0.9689, acc: 0.5729
loss: 0.9606, acc: 0.5787
loss: 0.9597, acc: 0.5773
loss: 0.9553, acc: 0.5802
loss: 0.9499, acc: 0.5851
loss: 0.9418, acc: 0.5888
loss: 0.9369, acc: 0.5908
loss: 0.9398, acc: 0.5879
loss: 0.9368, acc: 0.5901
loss: 0.9348, acc: 0.5910
loss: 0.9318, acc: 0.5921
loss: 0.9294, acc: 0.5909
