cuda memory allocated: 3806720
n_trainable_params: 602403, n_nontrainable_params: 347432
> training arguments:
>>> model_name: gc_embed
>>> model_ver: 1
>>> dataset: laptop
>>> optimizer: <class 'torch.optim.adam.Adam'>
>>> initializer: <function xavier_uniform_ at 0x000001E0FEB03E18>
>>> learning_rate: 0.0003
>>> momentum: 0.95
>>> dropout: 0.6
>>> l2reg: 5e-05
>>> num_epoch: 50
>>> batch_size: 32
>>> log_step: 5
>>> embed_dim: 136
>>> hidden_dim: 300
>>> bert_dim: 768
>>> pretrained_bert_name: bert-base-uncased
>>> embeddings: d
>>> max_seq_len: 80
>>> polarities_dim: 3
>>> hops: 3
>>> device: cuda
>>> seed: 0
>>> valset_ratio: 0
>>> num_layers: 1
>>> in_channels: 100
>>> out_channels: 1
>>> downbot: 20
>>> kernel_size: 3
>>> position_dim: 100
>>> stanford_pos_model: C:/NLP_Programs/stanford-postagger-2018-10-16/models/english-bidirectional-distsim.tagger
>>> stanford_pos_jar: C:/NLP_Programs/stanford-postagger-2018-10-16/stanford-postagger.jar
>>> glove_path: ./embeddings/glove.840B.300d.txt
>>> embedding_matrix_path: gen_data/embeddings/100_laptop_domain_embedding_matrix.dat
>>> model_class: <class 'models.gc_embed.GC_EMBED1'>
>>> dataset_file: {'train': './datasets/semeval14/Laptops_Train.xml.seg', 'test': './datasets/semeval14/Laptops_Test_Gold.xml.seg'}
>>> inputs_cols: ['text_raw_indices', 'aspect_indices', 'pos_indices', 'aspect_pos_indices', 'position_indices']
>>>>>>>>>>>>>>>>>>>>>>>>>>>>>>>>>>>>>>>>>>>>>>>>>>>>>>>>>>>>>>>>>>>>>>>>>>>>>>>>>>>>>>>>>>>>>>>>>>>>
epoch: 0
loss: 1.1191, acc: 0.4062
loss: 1.1016, acc: 0.4156
loss: 1.0870, acc: 0.4375
loss: 1.0711, acc: 0.4531
loss: 1.0592, acc: 0.4575
loss: 1.0592, acc: 0.4510
loss: 1.0549, acc: 0.4607
loss: 1.0440, acc: 0.4727
loss: 1.0412, acc: 0.4743
loss: 1.0400, acc: 0.4744
loss: 1.0348, acc: 0.4818
loss: 1.0274, acc: 0.4906
loss: 1.0200, acc: 0.4995
loss: 1.0116, acc: 0.5076
> val_acc: 0.5972, val_f1: 0.4134
>> saved: state_dict/gc_embed_laptop_val_acc0.5972
>>>>>>>>>>>>>>>>>>>>>>>>>>>>>>>>>>>>>>>>>>>>>>>>>>>>>>>>>>>>>>>>>>>>>>>>>>>>>>>>>>>>>>>>>>>>>>>>>>>>
epoch: 1
loss: 0.9655, acc: 0.5781
loss: 0.9602, acc: 0.5580
loss: 0.9288, acc: 0.5911
loss: 0.9281, acc: 0.5827
loss: 0.9209, acc: 0.6051
loss: 0.9114, acc: 0.6088
loss: 0.9090, acc: 0.6055
loss: 0.9015, acc: 0.6090
loss: 0.8975, acc: 0.6183
loss: 0.8983, acc: 0.6150
loss: 0.8924, acc: 0.6172
loss: 0.8905, acc: 0.6168
loss: 0.8871, acc: 0.6164
loss: 0.8827, acc: 0.6236
loss: 0.8827, acc: 0.6228
> val_acc: 0.6097, val_f1: 0.4251
>> saved: state_dict/gc_embed_laptop_val_acc0.6097
>>>>>>>>>>>>>>>>>>>>>>>>>>>>>>>>>>>>>>>>>>>>>>>>>>>>>>>>>>>>>>>>>>>>>>>>>>>>>>>>>>>>>>>>>>>>>>>>>>>>
epoch: 2
loss: 0.8705, acc: 0.6328
loss: 0.8731, acc: 0.6250
loss: 0.8605, acc: 0.6183
loss: 0.8344, acc: 0.6480
loss: 0.8334, acc: 0.6471
loss: 0.8254, acc: 0.6541
loss: 0.8164, acc: 0.6608
loss: 0.8109, acc: 0.6675
loss: 0.8106, acc: 0.6619
loss: 0.8068, acc: 0.6639
loss: 0.8094, acc: 0.6603
loss: 0.8049, acc: 0.6653
loss: 0.8009, acc: 0.6675
loss: 0.7983, acc: 0.6689
> val_acc: 0.6238, val_f1: 0.4598
>> saved: state_dict/gc_embed_laptop_val_acc0.6238
>>>>>>>>>>>>>>>>>>>>>>>>>>>>>>>>>>>>>>>>>>>>>>>>>>>>>>>>>>>>>>>>>>>>>>>>>>>>>>>>>>>>>>>>>>>>>>>>>>>>
epoch: 3
loss: 0.7525, acc: 0.7188
loss: 0.7161, acc: 0.7344
loss: 0.7033, acc: 0.7386
loss: 0.7072, acc: 0.7324
loss: 0.7130, acc: 0.7217
loss: 0.7241, acc: 0.7127
loss: 0.7272, acc: 0.7117
loss: 0.7296, acc: 0.7083
loss: 0.7317, acc: 0.7050
loss: 0.7321, acc: 0.7031
loss: 0.7330, acc: 0.6991
loss: 0.7334, acc: 0.6987
loss: 0.7287, acc: 0.6998
loss: 0.7288, acc: 0.7027
loss: 0.7274, acc: 0.7020
> val_acc: 0.6458, val_f1: 0.5129
>> saved: state_dict/gc_embed_laptop_val_acc0.6458
>>>>>>>>>>>>>>>>>>>>>>>>>>>>>>>>>>>>>>>>>>>>>>>>>>>>>>>>>>>>>>>>>>>>>>>>>>>>>>>>>>>>>>>>>>>>>>>>>>>>
epoch: 4
loss: 0.6995, acc: 0.7188
loss: 0.7006, acc: 0.6992
loss: 0.6817, acc: 0.7284
loss: 0.6955, acc: 0.7188
loss: 0.6859, acc: 0.7269
loss: 0.6761, acc: 0.7355
loss: 0.6720, acc: 0.7358
loss: 0.6702, acc: 0.7368
loss: 0.6694, acc: 0.7376
loss: 0.6763, acc: 0.7350
loss: 0.6768, acc: 0.7347
loss: 0.6763, acc: 0.7381
loss: 0.6735, acc: 0.7366
loss: 0.6702, acc: 0.7390
loss: 0.6662, acc: 0.7410
> val_acc: 0.6552, val_f1: 0.5201
>> saved: state_dict/gc_embed_laptop_val_acc0.6552
>>>>>>>>>>>>>>>>>>>>>>>>>>>>>>>>>>>>>>>>>>>>>>>>>>>>>>>>>>>>>>>>>>>>>>>>>>>>>>>>>>>>>>>>>>>>>>>>>>>>
epoch: 5
loss: 0.6622, acc: 0.7438
loss: 0.6327, acc: 0.7500
loss: 0.6109, acc: 0.7604
loss: 0.6198, acc: 0.7547
loss: 0.6227, acc: 0.7550
loss: 0.6166, acc: 0.7552
loss: 0.6191, acc: 0.7554
loss: 0.6201, acc: 0.7570
loss: 0.6163, acc: 0.7625
loss: 0.6214, acc: 0.7594
loss: 0.6189, acc: 0.7614
loss: 0.6141, acc: 0.7583
loss: 0.6131, acc: 0.7582
loss: 0.6148, acc: 0.7567
> val_acc: 0.6834, val_f1: 0.5796
>> saved: state_dict/gc_embed_laptop_val_acc0.6834
>>>>>>>>>>>>>>>>>>>>>>>>>>>>>>>>>>>>>>>>>>>>>>>>>>>>>>>>>>>>>>>>>>>>>>>>>>>>>>>>>>>>>>>>>>>>>>>>>>>>
epoch: 6
loss: 0.5008, acc: 0.8594
loss: 0.5277, acc: 0.7991
loss: 0.5525, acc: 0.7943
loss: 0.5555, acc: 0.7978
loss: 0.5675, acc: 0.7869
loss: 0.5783, acc: 0.7824
loss: 0.5731, acc: 0.7852
loss: 0.5741, acc: 0.7855
loss: 0.5733, acc: 0.7857
loss: 0.5762, acc: 0.7799
loss: 0.5797, acc: 0.7794
loss: 0.5771, acc: 0.7812
loss: 0.5780, acc: 0.7797
loss: 0.5780, acc: 0.7817
loss: 0.5819, acc: 0.7799
> val_acc: 0.6912, val_f1: 0.6024
>> saved: state_dict/gc_embed_laptop_val_acc0.6912
>>>>>>>>>>>>>>>>>>>>>>>>>>>>>>>>>>>>>>>>>>>>>>>>>>>>>>>>>>>>>>>>>>>>>>>>>>>>>>>>>>>>>>>>>>>>>>>>>>>>
epoch: 7
loss: 0.5190, acc: 0.8047
loss: 0.5780, acc: 0.7847
loss: 0.5609, acc: 0.7835
loss: 0.5634, acc: 0.7928
loss: 0.5553, acc: 0.7930
loss: 0.5366, acc: 0.8060
loss: 0.5351, acc: 0.8097
loss: 0.5346, acc: 0.8053
loss: 0.5303, acc: 0.8040
loss: 0.5367, acc: 0.7978
loss: 0.5378, acc: 0.7992
loss: 0.5391, acc: 0.7982
loss: 0.5369, acc: 0.7983
loss: 0.5367, acc: 0.7962
> val_acc: 0.6897, val_f1: 0.5955
>>>>>>>>>>>>>>>>>>>>>>>>>>>>>>>>>>>>>>>>>>>>>>>>>>>>>>>>>>>>>>>>>>>>>>>>>>>>>>>>>>>>>>>>>>>>>>>>>>>>
epoch: 8
loss: 0.4064, acc: 0.8438
loss: 0.4530, acc: 0.8542
loss: 0.4766, acc: 0.8409
loss: 0.4727, acc: 0.8438
loss: 0.4868, acc: 0.8304
loss: 0.4785, acc: 0.8365
loss: 0.4778, acc: 0.8397
loss: 0.4866, acc: 0.8333
loss: 0.4917, acc: 0.8300
loss: 0.4988, acc: 0.8261
loss: 0.5019, acc: 0.8211
loss: 0.4987, acc: 0.8242
loss: 0.4945, acc: 0.8258
loss: 0.4938, acc: 0.8281
loss: 0.4985, acc: 0.8235
> val_acc: 0.6928, val_f1: 0.5927
>> saved: state_dict/gc_embed_laptop_val_acc0.6928
>>>>>>>>>>>>>>>>>>>>>>>>>>>>>>>>>>>>>>>>>>>>>>>>>>>>>>>>>>>>>>>>>>>>>>>>>>>>>>>>>>>>>>>>>>>>>>>>>>>>
epoch: 9
loss: 0.4451, acc: 0.8958
loss: 0.4352, acc: 0.8594
loss: 0.4570, acc: 0.8462
loss: 0.4585, acc: 0.8385
loss: 0.4507, acc: 0.8370
loss: 0.4534, acc: 0.8393
loss: 0.4621, acc: 0.8371
loss: 0.4604, acc: 0.8347
loss: 0.4663, acc: 0.8328
loss: 0.4736, acc: 0.8307
loss: 0.4680, acc: 0.8331
loss: 0.4683, acc: 0.8324
loss: 0.4712, acc: 0.8274
loss: 0.4711, acc: 0.8281
loss: 0.4695, acc: 0.8282
> val_acc: 0.6928, val_f1: 0.5975
>>>>>>>>>>>>>>>>>>>>>>>>>>>>>>>>>>>>>>>>>>>>>>>>>>>>>>>>>>>>>>>>>>>>>>>>>>>>>>>>>>>>>>>>>>>>>>>>>>>>
epoch: 10
loss: 0.3986, acc: 0.8625
loss: 0.4280, acc: 0.8500
loss: 0.4266, acc: 0.8521
loss: 0.4338, acc: 0.8469
loss: 0.4236, acc: 0.8525
loss: 0.4276, acc: 0.8542
loss: 0.4349, acc: 0.8455
loss: 0.4385, acc: 0.8469
loss: 0.4325, acc: 0.8507
loss: 0.4310, acc: 0.8512
loss: 0.4338, acc: 0.8477
loss: 0.4402, acc: 0.8443
loss: 0.4406, acc: 0.8462
loss: 0.4408, acc: 0.8442
> val_acc: 0.6944, val_f1: 0.6027
>> saved: state_dict/gc_embed_laptop_val_acc0.6944
>>>>>>>>>>>>>>>>>>>>>>>>>>>>>>>>>>>>>>>>>>>>>>>>>>>>>>>>>>>>>>>>>>>>>>>>>>>>>>>>>>>>>>>>>>>>>>>>>>>>
epoch: 11
loss: 0.3981, acc: 0.8438
loss: 0.4256, acc: 0.8571
loss: 0.4153, acc: 0.8698
loss: 0.4215, acc: 0.8621
loss: 0.4315, acc: 0.8494
loss: 0.4208, acc: 0.8542
loss: 0.4182, acc: 0.8564
loss: 0.4158, acc: 0.8581
loss: 0.4162, acc: 0.8586
loss: 0.4080, acc: 0.8630
loss: 0.4153, acc: 0.8558
loss: 0.4160, acc: 0.8558
loss: 0.4175, acc: 0.8538
loss: 0.4166, acc: 0.8549
loss: 0.4198, acc: 0.8507
> val_acc: 0.6991, val_f1: 0.6047
>> saved: state_dict/gc_embed_laptop_val_acc0.6991
>>>>>>>>>>>>>>>>>>>>>>>>>>>>>>>>>>>>>>>>>>>>>>>>>>>>>>>>>>>>>>>>>>>>>>>>>>>>>>>>>>>>>>>>>>>>>>>>>>>>
epoch: 12
loss: 0.4460, acc: 0.8594
loss: 0.4009, acc: 0.8611
loss: 0.3738, acc: 0.8772
loss: 0.3700, acc: 0.8799
loss: 0.3856, acc: 0.8685
loss: 0.3985, acc: 0.8621
loss: 0.3931, acc: 0.8667
loss: 0.3984, acc: 0.8622
loss: 0.4013, acc: 0.8587
loss: 0.4013, acc: 0.8578
loss: 0.3999, acc: 0.8571
loss: 0.3988, acc: 0.8586
loss: 0.3970, acc: 0.8589
loss: 0.3978, acc: 0.8587
> val_acc: 0.6944, val_f1: 0.6032
>>>>>>>>>>>>>>>>>>>>>>>>>>>>>>>>>>>>>>>>>>>>>>>>>>>>>>>>>>>>>>>>>>>>>>>>>>>>>>>>>>>>>>>>>>>>>>>>>>>>
epoch: 13
loss: 0.2631, acc: 0.9375
loss: 0.3072, acc: 0.9062
loss: 0.3573, acc: 0.8693
loss: 0.3329, acc: 0.8848
loss: 0.3305, acc: 0.8958
loss: 0.3361, acc: 0.8906
loss: 0.3442, acc: 0.8861
loss: 0.3566, acc: 0.8811
loss: 0.3590, acc: 0.8788
loss: 0.3625, acc: 0.8743
loss: 0.3640, acc: 0.8750
loss: 0.3611, acc: 0.8772
loss: 0.3657, acc: 0.8735
loss: 0.3634, acc: 0.8769
loss: 0.3619, acc: 0.8768
> val_acc: 0.6975, val_f1: 0.6083
>>>>>>>>>>>>>>>>>>>>>>>>>>>>>>>>>>>>>>>>>>>>>>>>>>>>>>>>>>>>>>>>>>>>>>>>>>>>>>>>>>>>>>>>>>>>>>>>>>>>
epoch: 14
loss: 0.2889, acc: 0.9167
loss: 0.3367, acc: 0.8945
loss: 0.3306, acc: 0.8990
loss: 0.3423, acc: 0.8889
loss: 0.3524, acc: 0.8832
loss: 0.3496, acc: 0.8862
loss: 0.3454, acc: 0.8873
loss: 0.3474, acc: 0.8865
loss: 0.3494, acc: 0.8830
loss: 0.3493, acc: 0.8854
loss: 0.3522, acc: 0.8815
loss: 0.3474, acc: 0.8836
loss: 0.3497, acc: 0.8824
loss: 0.3508, acc: 0.8824
loss: 0.3517, acc: 0.8819
> val_acc: 0.6975, val_f1: 0.6085
>>>>>>>>>>>>>>>>>>>>>>>>>>>>>>>>>>>>>>>>>>>>>>>>>>>>>>>>>>>>>>>>>>>>>>>>>>>>>>>>>>>>>>>>>>>>>>>>>>>>
epoch: 15
loss: 0.3639, acc: 0.8562
loss: 0.3235, acc: 0.8875
loss: 0.3319, acc: 0.8771
loss: 0.3167, acc: 0.8922
loss: 0.3194, acc: 0.8900
loss: 0.3252, acc: 0.8906
loss: 0.3328, acc: 0.8830
loss: 0.3316, acc: 0.8859
loss: 0.3286, acc: 0.8882
loss: 0.3322, acc: 0.8862
loss: 0.3363, acc: 0.8824
loss: 0.3335, acc: 0.8833
loss: 0.3342, acc: 0.8822
loss: 0.3358, acc: 0.8835
> val_acc: 0.7022, val_f1: 0.6201
>> saved: state_dict/gc_embed_laptop_val_acc0.7022
>>>>>>>>>>>>>>>>>>>>>>>>>>>>>>>>>>>>>>>>>>>>>>>>>>>>>>>>>>>>>>>>>>>>>>>>>>>>>>>>>>>>>>>>>>>>>>>>>>>>
epoch: 16
loss: 0.2250, acc: 0.9375
loss: 0.2715, acc: 0.9107
loss: 0.2630, acc: 0.9193
loss: 0.2732, acc: 0.9062
loss: 0.2950, acc: 0.8963
loss: 0.2906, acc: 0.9005
loss: 0.2856, acc: 0.9023
loss: 0.2922, acc: 0.9020
loss: 0.2916, acc: 0.9033
loss: 0.2926, acc: 0.9043
loss: 0.3002, acc: 0.8996
loss: 0.3027, acc: 0.8975
loss: 0.3020, acc: 0.8987
loss: 0.3068, acc: 0.8955
loss: 0.3101, acc: 0.8932
> val_acc: 0.6991, val_f1: 0.6184
>>>>>>>>>>>>>>>>>>>>>>>>>>>>>>>>>>>>>>>>>>>>>>>>>>>>>>>>>>>>>>>>>>>>>>>>>>>>>>>>>>>>>>>>>>>>>>>>>>>>
epoch: 17
loss: 0.3158, acc: 0.8672
loss: 0.2711, acc: 0.9097
loss: 0.2754, acc: 0.9040
loss: 0.2964, acc: 0.8931
loss: 0.2949, acc: 0.8945
loss: 0.2987, acc: 0.8955
loss: 0.3016, acc: 0.8925
loss: 0.2969, acc: 0.8958
loss: 0.3020, acc: 0.8920
loss: 0.3047, acc: 0.8897
loss: 0.3060, acc: 0.8872
loss: 0.3018, acc: 0.8904
loss: 0.3033, acc: 0.8882
loss: 0.3016, acc: 0.8909
> val_acc: 0.6928, val_f1: 0.5987
>>>>>>>>>>>>>>>>>>>>>>>>>>>>>>>>>>>>>>>>>>>>>>>>>>>>>>>>>>>>>>>>>>>>>>>>>>>>>>>>>>>>>>>>>>>>>>>>>>>>
epoch: 18
loss: 0.2888, acc: 0.9375
loss: 0.3134, acc: 0.8906
loss: 0.2921, acc: 0.8977
loss: 0.2881, acc: 0.8945
loss: 0.2770, acc: 0.9033
loss: 0.2718, acc: 0.9087
loss: 0.2655, acc: 0.9133
loss: 0.2640, acc: 0.9115
loss: 0.2640, acc: 0.9131
loss: 0.2729, acc: 0.9076
loss: 0.2829, acc: 0.9013
loss: 0.2802, acc: 0.9035
loss: 0.2812, acc: 0.9037
loss: 0.2820, acc: 0.9044
loss: 0.2828, acc: 0.9045
> val_acc: 0.6740, val_f1: 0.5610
>>>>>>>>>>>>>>>>>>>>>>>>>>>>>>>>>>>>>>>>>>>>>>>>>>>>>>>>>>>>>>>>>>>>>>>>>>>>>>>>>>>>>>>>>>>>>>>>>>>>
epoch: 19
loss: 0.1733, acc: 0.9792
loss: 0.2265, acc: 0.9375
loss: 0.2490, acc: 0.9279
loss: 0.2509, acc: 0.9306
loss: 0.2517, acc: 0.9293
loss: 0.2561, acc: 0.9263
loss: 0.2631, acc: 0.9205
loss: 0.2679, acc: 0.9186
loss: 0.2718, acc: 0.9172
loss: 0.2698, acc: 0.9186
loss: 0.2757, acc: 0.9121
loss: 0.2758, acc: 0.9122
loss: 0.2748, acc: 0.9122
loss: 0.2757, acc: 0.9118
loss: 0.2753, acc: 0.9119
> val_acc: 0.6755, val_f1: 0.5774
>>>>>>>>>>>>>>>>>>>>>>>>>>>>>>>>>>>>>>>>>>>>>>>>>>>>>>>>>>>>>>>>>>>>>>>>>>>>>>>>>>>>>>>>>>>>>>>>>>>>
epoch: 20
loss: 0.2560, acc: 0.9062
loss: 0.2566, acc: 0.9219
loss: 0.2468, acc: 0.9229
loss: 0.2488, acc: 0.9172
loss: 0.2590, acc: 0.9163
loss: 0.2623, acc: 0.9135
loss: 0.2633, acc: 0.9116
loss: 0.2641, acc: 0.9102
loss: 0.2627, acc: 0.9104
loss: 0.2674, acc: 0.9056
loss: 0.2628, acc: 0.9114
loss: 0.2646, acc: 0.9109
loss: 0.2639, acc: 0.9106
loss: 0.2670, acc: 0.9094
> val_acc: 0.6928, val_f1: 0.5969
>>>>>>>>>>>>>>>>>>>>>>>>>>>>>>>>>>>>>>>>>>>>>>>>>>>>>>>>>>>>>>>>>>>>>>>>>>>>>>>>>>>>>>>>>>>>>>>>>>>>
epoch: 21
loss: 0.2067, acc: 0.9219
loss: 0.2381, acc: 0.9196
loss: 0.2272, acc: 0.9323
loss: 0.2197, acc: 0.9338
loss: 0.2331, acc: 0.9332
loss: 0.2385, acc: 0.9282
loss: 0.2393, acc: 0.9258
loss: 0.2376, acc: 0.9257
loss: 0.2334, acc: 0.9293
loss: 0.2350, acc: 0.9295
loss: 0.2359, acc: 0.9303
loss: 0.2373, acc: 0.9287
loss: 0.2443, acc: 0.9244
loss: 0.2453, acc: 0.9221
loss: 0.2490, acc: 0.9214
> val_acc: 0.6912, val_f1: 0.6012
>>>>>>>>>>>>>>>>>>>>>>>>>>>>>>>>>>>>>>>>>>>>>>>>>>>>>>>>>>>>>>>>>>>>>>>>>>>>>>>>>>>>>>>>>>>>>>>>>>>>
epoch: 22
loss: 0.2174, acc: 0.9375
loss: 0.2328, acc: 0.9201
loss: 0.2447, acc: 0.9152
loss: 0.2489, acc: 0.9161
loss: 0.2493, acc: 0.9154
loss: 0.2521, acc: 0.9170
loss: 0.2478, acc: 0.9182
loss: 0.2438, acc: 0.9183
loss: 0.2445, acc: 0.9155
loss: 0.2456, acc: 0.9152
loss: 0.2461, acc: 0.9144
loss: 0.2400, acc: 0.9179
loss: 0.2415, acc: 0.9170
loss: 0.2377, acc: 0.9198
> val_acc: 0.7038, val_f1: 0.6253
>> saved: state_dict/gc_embed_laptop_val_acc0.7038
>>>>>>>>>>>>>>>>>>>>>>>>>>>>>>>>>>>>>>>>>>>>>>>>>>>>>>>>>>>>>>>>>>>>>>>>>>>>>>>>>>>>>>>>>>>>>>>>>>>>
epoch: 23
loss: 0.2368, acc: 0.9375
loss: 0.2415, acc: 0.9062
loss: 0.2564, acc: 0.9119
loss: 0.2640, acc: 0.9121
loss: 0.2537, acc: 0.9182
loss: 0.2480, acc: 0.9219
loss: 0.2439, acc: 0.9234
loss: 0.2346, acc: 0.9262
loss: 0.2347, acc: 0.9268
loss: 0.2335, acc: 0.9280
loss: 0.2324, acc: 0.9265
loss: 0.2374, acc: 0.9213
loss: 0.2390, acc: 0.9201
loss: 0.2380, acc: 0.9195
loss: 0.2366, acc: 0.9203
> val_acc: 0.6881, val_f1: 0.5958
>>>>>>>>>>>>>>>>>>>>>>>>>>>>>>>>>>>>>>>>>>>>>>>>>>>>>>>>>>>>>>>>>>>>>>>>>>>>>>>>>>>>>>>>>>>>>>>>>>>>
epoch: 24
loss: 0.1579, acc: 0.9583
loss: 0.1987, acc: 0.9414
loss: 0.1967, acc: 0.9351
loss: 0.1973, acc: 0.9358
loss: 0.2040, acc: 0.9375
loss: 0.2135, acc: 0.9330
loss: 0.2237, acc: 0.9280
loss: 0.2235, acc: 0.9293
loss: 0.2205, acc: 0.9288
loss: 0.2205, acc: 0.9277
loss: 0.2194, acc: 0.9275
loss: 0.2223, acc: 0.9256
loss: 0.2197, acc: 0.9271
loss: 0.2241, acc: 0.9242
loss: 0.2243, acc: 0.9240
> val_acc: 0.6991, val_f1: 0.6224
>>>>>>>>>>>>>>>>>>>>>>>>>>>>>>>>>>>>>>>>>>>>>>>>>>>>>>>>>>>>>>>>>>>>>>>>>>>>>>>>>>>>>>>>>>>>>>>>>>>>
epoch: 25
loss: 0.1787, acc: 0.9500
loss: 0.1994, acc: 0.9344
loss: 0.2102, acc: 0.9250
loss: 0.2106, acc: 0.9250
loss: 0.2064, acc: 0.9275
loss: 0.2046, acc: 0.9281
loss: 0.2108, acc: 0.9259
loss: 0.2180, acc: 0.9211
loss: 0.2201, acc: 0.9222
loss: 0.2223, acc: 0.9219
loss: 0.2262, acc: 0.9199
loss: 0.2242, acc: 0.9208
loss: 0.2232, acc: 0.9212
loss: 0.2199, acc: 0.9232
> val_acc: 0.6818, val_f1: 0.5828
>>>>>>>>>>>>>>>>>>>>>>>>>>>>>>>>>>>>>>>>>>>>>>>>>>>>>>>>>>>>>>>>>>>>>>>>>>>>>>>>>>>>>>>>>>>>>>>>>>>>
epoch: 26
loss: 0.2822, acc: 0.8750
loss: 0.2193, acc: 0.9420
loss: 0.2128, acc: 0.9375
loss: 0.2089, acc: 0.9375
loss: 0.2104, acc: 0.9375
loss: 0.2087, acc: 0.9363
loss: 0.2067, acc: 0.9385
loss: 0.2056, acc: 0.9392
loss: 0.2049, acc: 0.9397
loss: 0.2027, acc: 0.9388
loss: 0.2050, acc: 0.9381
loss: 0.2093, acc: 0.9359
loss: 0.2099, acc: 0.9365
loss: 0.2119, acc: 0.9352
loss: 0.2090, acc: 0.9358
> val_acc: 0.6991, val_f1: 0.6207
>>>>>>>>>>>>>>>>>>>>>>>>>>>>>>>>>>>>>>>>>>>>>>>>>>>>>>>>>>>>>>>>>>>>>>>>>>>>>>>>>>>>>>>>>>>>>>>>>>>>
epoch: 27
loss: 0.1835, acc: 0.9297
loss: 0.1747, acc: 0.9514
loss: 0.1815, acc: 0.9442
loss: 0.1849, acc: 0.9441
loss: 0.1944, acc: 0.9388
loss: 0.1931, acc: 0.9364
loss: 0.1967, acc: 0.9329
loss: 0.1917, acc: 0.9367
loss: 0.1904, acc: 0.9389
loss: 0.1906, acc: 0.9375
loss: 0.1899, acc: 0.9369
loss: 0.1933, acc: 0.9354
loss: 0.1941, acc: 0.9355
loss: 0.1955, acc: 0.9343
> val_acc: 0.6693, val_f1: 0.5630
>>>>>>>>>>>>>>>>>>>>>>>>>>>>>>>>>>>>>>>>>>>>>>>>>>>>>>>>>>>>>>>>>>>>>>>>>>>>>>>>>>>>>>>>>>>>>>>>>>>>
epoch: 28
loss: 0.1805, acc: 0.9375
loss: 0.2240, acc: 0.9115
loss: 0.2040, acc: 0.9290
loss: 0.2159, acc: 0.9297
loss: 0.2021, acc: 0.9360
loss: 0.1953, acc: 0.9387
loss: 0.1971, acc: 0.9375
loss: 0.1983, acc: 0.9366
loss: 0.1939, acc: 0.9383
loss: 0.1962, acc: 0.9375
loss: 0.1955, acc: 0.9381
loss: 0.1944, acc: 0.9369
loss: 0.1937, acc: 0.9375
loss: 0.1961, acc: 0.9380
loss: 0.1964, acc: 0.9371
> val_acc: 0.7022, val_f1: 0.6240
>>>>>>>>>>>>>>>>>>>>>>>>>>>>>>>>>>>>>>>>>>>>>>>>>>>>>>>>>>>>>>>>>>>>>>>>>>>>>>>>>>>>>>>>>>>>>>>>>>>>
epoch: 29
loss: 0.2236, acc: 0.9167
loss: 0.1914, acc: 0.9297
loss: 0.1892, acc: 0.9423
loss: 0.1943, acc: 0.9358
loss: 0.1878, acc: 0.9429
loss: 0.1909, acc: 0.9397
loss: 0.1879, acc: 0.9384
loss: 0.1888, acc: 0.9375
loss: 0.1887, acc: 0.9368
loss: 0.1873, acc: 0.9395
loss: 0.1851, acc: 0.9410
loss: 0.1827, acc: 0.9429
loss: 0.1815, acc: 0.9430
loss: 0.1824, acc: 0.9421
loss: 0.1880, acc: 0.9373
> val_acc: 0.6897, val_f1: 0.6030
>>>>>>>>>>>>>>>>>>>>>>>>>>>>>>>>>>>>>>>>>>>>>>>>>>>>>>>>>>>>>>>>>>>>>>>>>>>>>>>>>>>>>>>>>>>>>>>>>>>>
epoch: 30
loss: 0.1796, acc: 0.9375
loss: 0.1774, acc: 0.9469
loss: 0.1858, acc: 0.9354
loss: 0.1862, acc: 0.9375
loss: 0.1791, acc: 0.9450
loss: 0.1842, acc: 0.9406
loss: 0.1874, acc: 0.9357
loss: 0.1854, acc: 0.9359
loss: 0.1838, acc: 0.9389
loss: 0.1836, acc: 0.9375
loss: 0.1842, acc: 0.9369
loss: 0.1868, acc: 0.9349
loss: 0.1845, acc: 0.9370
loss: 0.1838, acc: 0.9375
> val_acc: 0.6803, val_f1: 0.5891
>>>>>>>>>>>>>>>>>>>>>>>>>>>>>>>>>>>>>>>>>>>>>>>>>>>>>>>>>>>>>>>>>>>>>>>>>>>>>>>>>>>>>>>>>>>>>>>>>>>>
epoch: 31
loss: 0.1884, acc: 0.9375
loss: 0.1808, acc: 0.9375
loss: 0.1814, acc: 0.9453
loss: 0.1727, acc: 0.9412
loss: 0.1704, acc: 0.9432
loss: 0.1744, acc: 0.9398
loss: 0.1757, acc: 0.9395
loss: 0.1753, acc: 0.9392
loss: 0.1769, acc: 0.9382
loss: 0.1779, acc: 0.9368
loss: 0.1781, acc: 0.9369
loss: 0.1834, acc: 0.9348
loss: 0.1815, acc: 0.9350
loss: 0.1814, acc: 0.9366
loss: 0.1796, acc: 0.9379
> val_acc: 0.6865, val_f1: 0.6007
>>>>>>>>>>>>>>>>>>>>>>>>>>>>>>>>>>>>>>>>>>>>>>>>>>>>>>>>>>>>>>>>>>>>>>>>>>>>>>>>>>>>>>>>>>>>>>>>>>>>
epoch: 32
loss: 0.1663, acc: 0.9609
loss: 0.1788, acc: 0.9444
loss: 0.1727, acc: 0.9509
loss: 0.1862, acc: 0.9441
loss: 0.1728, acc: 0.9466
loss: 0.1697, acc: 0.9483
loss: 0.1713, acc: 0.9467
loss: 0.1728, acc: 0.9463
loss: 0.1717, acc: 0.9474
loss: 0.1706, acc: 0.9471
loss: 0.1750, acc: 0.9427
loss: 0.1732, acc: 0.9444
loss: 0.1800, acc: 0.9409
loss: 0.1803, acc: 0.9402
> val_acc: 0.6755, val_f1: 0.5770
>>>>>>>>>>>>>>>>>>>>>>>>>>>>>>>>>>>>>>>>>>>>>>>>>>>>>>>>>>>>>>>>>>>>>>>>>>>>>>>>>>>>>>>>>>>>>>>>>>>>
epoch: 33
loss: 0.1209, acc: 0.9688
loss: 0.1545, acc: 0.9479
loss: 0.1764, acc: 0.9489
loss: 0.1655, acc: 0.9512
loss: 0.1566, acc: 0.9509
loss: 0.1530, acc: 0.9543
loss: 0.1559, acc: 0.9526
loss: 0.1552, acc: 0.9540
loss: 0.1558, acc: 0.9512
loss: 0.1590, acc: 0.9470
loss: 0.1579, acc: 0.9485
loss: 0.1577, acc: 0.9498
loss: 0.1603, acc: 0.9483
loss: 0.1639, acc: 0.9470
loss: 0.1664, acc: 0.9472
> val_acc: 0.7006, val_f1: 0.6367
>>>>>>>>>>>>>>>>>>>>>>>>>>>>>>>>>>>>>>>>>>>>>>>>>>>>>>>>>>>>>>>>>>>>>>>>>>>>>>>>>>>>>>>>>>>>>>>>>>>>
epoch: 34
loss: 0.1775, acc: 0.9375
loss: 0.1661, acc: 0.9492
loss: 0.1648, acc: 0.9495
loss: 0.1639, acc: 0.9514
loss: 0.1653, acc: 0.9497
loss: 0.1685, acc: 0.9498
loss: 0.1673, acc: 0.9460
loss: 0.1639, acc: 0.9465
loss: 0.1600, acc: 0.9491
loss: 0.1653, acc: 0.9466
loss: 0.1694, acc: 0.9428
loss: 0.1676, acc: 0.9440
loss: 0.1688, acc: 0.9415
loss: 0.1700, acc: 0.9412
loss: 0.1705, acc: 0.9416
> val_acc: 0.6803, val_f1: 0.5875
>>>>>>>>>>>>>>>>>>>>>>>>>>>>>>>>>>>>>>>>>>>>>>>>>>>>>>>>>>>>>>>>>>>>>>>>>>>>>>>>>>>>>>>>>>>>>>>>>>>>
epoch: 35
loss: 0.1497, acc: 0.9625
loss: 0.1792, acc: 0.9437
loss: 0.1689, acc: 0.9521
loss: 0.1724, acc: 0.9422
loss: 0.1706, acc: 0.9450
loss: 0.1688, acc: 0.9448
loss: 0.1705, acc: 0.9429
loss: 0.1688, acc: 0.9406
loss: 0.1719, acc: 0.9389
loss: 0.1680, acc: 0.9406
loss: 0.1693, acc: 0.9409
loss: 0.1696, acc: 0.9432
loss: 0.1729, acc: 0.9409
loss: 0.1695, acc: 0.9429
> val_acc: 0.6944, val_f1: 0.6231
>>>>>>>>>>>>>>>>>>>>>>>>>>>>>>>>>>>>>>>>>>>>>>>>>>>>>>>>>>>>>>>>>>>>>>>>>>>>>>>>>>>>>>>>>>>>>>>>>>>>
epoch: 36
loss: 0.1146, acc: 0.9844
loss: 0.1372, acc: 0.9643
loss: 0.1518, acc: 0.9609
loss: 0.1454, acc: 0.9669
loss: 0.1479, acc: 0.9631
loss: 0.1475, acc: 0.9606
loss: 0.1542, acc: 0.9570
loss: 0.1556, acc: 0.9527
loss: 0.1573, acc: 0.9516
loss: 0.1642, acc: 0.9448
loss: 0.1646, acc: 0.9459
loss: 0.1646, acc: 0.9463
loss: 0.1643, acc: 0.9476
loss: 0.1670, acc: 0.9450
loss: 0.1652, acc: 0.9453
> val_acc: 0.6928, val_f1: 0.6132
>>>>>>>>>>>>>>>>>>>>>>>>>>>>>>>>>>>>>>>>>>>>>>>>>>>>>>>>>>>>>>>>>>>>>>>>>>>>>>>>>>>>>>>>>>>>>>>>>>>>
epoch: 37
loss: 0.1720, acc: 0.9297
loss: 0.1641, acc: 0.9410
loss: 0.1508, acc: 0.9509
loss: 0.1445, acc: 0.9523
loss: 0.1573, acc: 0.9453
loss: 0.1501, acc: 0.9472
loss: 0.1487, acc: 0.9476
loss: 0.1454, acc: 0.9487
loss: 0.1466, acc: 0.9489
loss: 0.1504, acc: 0.9458
loss: 0.1583, acc: 0.9421
loss: 0.1594, acc: 0.9417
loss: 0.1584, acc: 0.9438
loss: 0.1582, acc: 0.9429
> val_acc: 0.6755, val_f1: 0.5797
>>>>>>>>>>>>>>>>>>>>>>>>>>>>>>>>>>>>>>>>>>>>>>>>>>>>>>>>>>>>>>>>>>>>>>>>>>>>>>>>>>>>>>>>>>>>>>>>>>>>
epoch: 38
loss: 0.1901, acc: 0.9688
loss: 0.1365, acc: 0.9740
loss: 0.1341, acc: 0.9659
loss: 0.1384, acc: 0.9629
loss: 0.1358, acc: 0.9628
loss: 0.1344, acc: 0.9615
loss: 0.1350, acc: 0.9607
loss: 0.1392, acc: 0.9575
loss: 0.1465, acc: 0.9527
loss: 0.1497, acc: 0.9511
loss: 0.1486, acc: 0.9522
loss: 0.1520, acc: 0.9515
loss: 0.1508, acc: 0.9518
loss: 0.1572, acc: 0.9484
loss: 0.1551, acc: 0.9494
> val_acc: 0.6834, val_f1: 0.6015
>>>>>>>>>>>>>>>>>>>>>>>>>>>>>>>>>>>>>>>>>>>>>>>>>>>>>>>>>>>>>>>>>>>>>>>>>>>>>>>>>>>>>>>>>>>>>>>>>>>>
epoch: 39
loss: 0.1223, acc: 0.9792
loss: 0.1369, acc: 0.9609
loss: 0.1498, acc: 0.9591
loss: 0.1523, acc: 0.9549
loss: 0.1506, acc: 0.9524
loss: 0.1505, acc: 0.9498
loss: 0.1476, acc: 0.9527
loss: 0.1455, acc: 0.9531
loss: 0.1467, acc: 0.9513
loss: 0.1442, acc: 0.9525
loss: 0.1458, acc: 0.9522
loss: 0.1466, acc: 0.9510
loss: 0.1491, acc: 0.9489
loss: 0.1491, acc: 0.9508
loss: 0.1476, acc: 0.9523
> val_acc: 0.7022, val_f1: 0.6339
>>>>>>>>>>>>>>>>>>>>>>>>>>>>>>>>>>>>>>>>>>>>>>>>>>>>>>>>>>>>>>>>>>>>>>>>>>>>>>>>>>>>>>>>>>>>>>>>>>>>
epoch: 40
loss: 0.1583, acc: 0.9625
loss: 0.1627, acc: 0.9469
loss: 0.1614, acc: 0.9521
loss: 0.1468, acc: 0.9594
loss: 0.1466, acc: 0.9563
loss: 0.1495, acc: 0.9521
loss: 0.1483, acc: 0.9536
loss: 0.1427, acc: 0.9570
loss: 0.1422, acc: 0.9563
loss: 0.1497, acc: 0.9537
loss: 0.1495, acc: 0.9545
loss: 0.1471, acc: 0.9568
loss: 0.1455, acc: 0.9567
loss: 0.1469, acc: 0.9554
> val_acc: 0.6834, val_f1: 0.6008
>>>>>>>>>>>>>>>>>>>>>>>>>>>>>>>>>>>>>>>>>>>>>>>>>>>>>>>>>>>>>>>>>>>>>>>>>>>>>>>>>>>>>>>>>>>>>>>>>>>>
epoch: 41
loss: 0.0789, acc: 0.9844
loss: 0.1089, acc: 0.9688
loss: 0.1096, acc: 0.9688
loss: 0.1256, acc: 0.9596
loss: 0.1271, acc: 0.9616
loss: 0.1291, acc: 0.9618
loss: 0.1310, acc: 0.9600
loss: 0.1282, acc: 0.9611
loss: 0.1306, acc: 0.9583
loss: 0.1385, acc: 0.9535
loss: 0.1398, acc: 0.9531
loss: 0.1419, acc: 0.9529
loss: 0.1426, acc: 0.9521
loss: 0.1477, acc: 0.9492
loss: 0.1474, acc: 0.9492
> val_acc: 0.6803, val_f1: 0.5878
>>>>>>>>>>>>>>>>>>>>>>>>>>>>>>>>>>>>>>>>>>>>>>>>>>>>>>>>>>>>>>>>>>>>>>>>>>>>>>>>>>>>>>>>>>>>>>>>>>>>
epoch: 42
loss: 0.1088, acc: 0.9609
loss: 0.1246, acc: 0.9549
loss: 0.1247, acc: 0.9621
loss: 0.1344, acc: 0.9572
loss: 0.1366, acc: 0.9531
loss: 0.1349, acc: 0.9526
loss: 0.1393, acc: 0.9522
loss: 0.1390, acc: 0.9519
loss: 0.1431, acc: 0.9503
loss: 0.1440, acc: 0.9509
loss: 0.1461, acc: 0.9497
loss: 0.1442, acc: 0.9513
loss: 0.1456, acc: 0.9492
loss: 0.1459, acc: 0.9488
> val_acc: 0.6834, val_f1: 0.5984
>>>>>>>>>>>>>>>>>>>>>>>>>>>>>>>>>>>>>>>>>>>>>>>>>>>>>>>>>>>>>>>>>>>>>>>>>>>>>>>>>>>>>>>>>>>>>>>>>>>>
epoch: 43
loss: 0.1336, acc: 0.9688
loss: 0.1868, acc: 0.9271
loss: 0.1552, acc: 0.9432
loss: 0.1514, acc: 0.9492
loss: 0.1438, acc: 0.9524
loss: 0.1407, acc: 0.9531
loss: 0.1368, acc: 0.9556
loss: 0.1387, acc: 0.9540
loss: 0.1344, acc: 0.9558
loss: 0.1338, acc: 0.9565
loss: 0.1327, acc: 0.9571
loss: 0.1340, acc: 0.9570
loss: 0.1349, acc: 0.9575
loss: 0.1358, acc: 0.9569
loss: 0.1357, acc: 0.9573
> val_acc: 0.6928, val_f1: 0.6126
>>>>>>>>>>>>>>>>>>>>>>>>>>>>>>>>>>>>>>>>>>>>>>>>>>>>>>>>>>>>>>>>>>>>>>>>>>>>>>>>>>>>>>>>>>>>>>>>>>>>
epoch: 44
loss: 0.1016, acc: 0.9688
loss: 0.1161, acc: 0.9727
loss: 0.1224, acc: 0.9712
loss: 0.1186, acc: 0.9670
loss: 0.1290, acc: 0.9633
loss: 0.1330, acc: 0.9587
loss: 0.1317, acc: 0.9574
loss: 0.1327, acc: 0.9572
loss: 0.1357, acc: 0.9549
loss: 0.1402, acc: 0.9531
loss: 0.1423, acc: 0.9522
loss: 0.1404, acc: 0.9542
loss: 0.1392, acc: 0.9549
loss: 0.1383, acc: 0.9559
loss: 0.1403, acc: 0.9545
> val_acc: 0.6834, val_f1: 0.5905
>>>>>>>>>>>>>>>>>>>>>>>>>>>>>>>>>>>>>>>>>>>>>>>>>>>>>>>>>>>>>>>>>>>>>>>>>>>>>>>>>>>>>>>>>>>>>>>>>>>>
epoch: 45
loss: 0.1136, acc: 0.9688
loss: 0.1075, acc: 0.9750
loss: 0.1044, acc: 0.9771
loss: 0.1144, acc: 0.9719
loss: 0.1166, acc: 0.9688
loss: 0.1134, acc: 0.9708
loss: 0.1160, acc: 0.9652
loss: 0.1199, acc: 0.9625
loss: 0.1188, acc: 0.9632
loss: 0.1203, acc: 0.9637
loss: 0.1205, acc: 0.9636
loss: 0.1202, acc: 0.9635
loss: 0.1272, acc: 0.9596
loss: 0.1305, acc: 0.9571
> val_acc: 0.6834, val_f1: 0.6004
>>>>>>>>>>>>>>>>>>>>>>>>>>>>>>>>>>>>>>>>>>>>>>>>>>>>>>>>>>>>>>>>>>>>>>>>>>>>>>>>>>>>>>>>>>>>>>>>>>>>
epoch: 46
loss: 0.1146, acc: 0.9375
loss: 0.1264, acc: 0.9598
loss: 0.1339, acc: 0.9531
loss: 0.1246, acc: 0.9614
loss: 0.1248, acc: 0.9588
loss: 0.1305, acc: 0.9572
loss: 0.1331, acc: 0.9541
loss: 0.1355, acc: 0.9519
loss: 0.1351, acc: 0.9509
loss: 0.1318, acc: 0.9528
loss: 0.1307, acc: 0.9537
loss: 0.1314, acc: 0.9550
loss: 0.1330, acc: 0.9546
loss: 0.1356, acc: 0.9543
loss: 0.1352, acc: 0.9544
> val_acc: 0.6708, val_f1: 0.5693
>>>>>>>>>>>>>>>>>>>>>>>>>>>>>>>>>>>>>>>>>>>>>>>>>>>>>>>>>>>>>>>>>>>>>>>>>>>>>>>>>>>>>>>>>>>>>>>>>>>>
epoch: 47
loss: 0.1264, acc: 0.9531
loss: 0.1331, acc: 0.9479
loss: 0.1350, acc: 0.9487
loss: 0.1295, acc: 0.9523
loss: 0.1324, acc: 0.9544
loss: 0.1340, acc: 0.9537
loss: 0.1311, acc: 0.9559
loss: 0.1339, acc: 0.9543
loss: 0.1326, acc: 0.9545
loss: 0.1339, acc: 0.9528
loss: 0.1347, acc: 0.9525
loss: 0.1319, acc: 0.9539
loss: 0.1296, acc: 0.9561
loss: 0.1286, acc: 0.9570
> val_acc: 0.6834, val_f1: 0.6042
>>>>>>>>>>>>>>>>>>>>>>>>>>>>>>>>>>>>>>>>>>>>>>>>>>>>>>>>>>>>>>>>>>>>>>>>>>>>>>>>>>>>>>>>>>>>>>>>>>>>
epoch: 48
loss: 0.1924, acc: 0.9688
loss: 0.1424, acc: 0.9635
loss: 0.1238, acc: 0.9659
loss: 0.1338, acc: 0.9590
loss: 0.1196, acc: 0.9643
loss: 0.1219, acc: 0.9639
loss: 0.1210, acc: 0.9637
loss: 0.1214, acc: 0.9618
loss: 0.1197, acc: 0.9627
loss: 0.1187, acc: 0.9613
loss: 0.1171, acc: 0.9626
loss: 0.1225, acc: 0.9593
loss: 0.1234, acc: 0.9590
loss: 0.1239, acc: 0.9588
loss: 0.1244, acc: 0.9582
> val_acc: 0.6912, val_f1: 0.6130
>>>>>>>>>>>>>>>>>>>>>>>>>>>>>>>>>>>>>>>>>>>>>>>>>>>>>>>>>>>>>>>>>>>>>>>>>>>>>>>>>>>>>>>>>>>>>>>>>>>>
epoch: 49
loss: 0.1006, acc: 0.9792
loss: 0.1288, acc: 0.9570
loss: 0.1208, acc: 0.9591
loss: 0.1149, acc: 0.9618
loss: 0.1188, acc: 0.9579
loss: 0.1137, acc: 0.9621
loss: 0.1134, acc: 0.9631
loss: 0.1165, acc: 0.9613
loss: 0.1216, acc: 0.9578
loss: 0.1224, acc: 0.9564
loss: 0.1264, acc: 0.9534
loss: 0.1281, acc: 0.9531
loss: 0.1293, acc: 0.9524
loss: 0.1298, acc: 0.9531
loss: 0.1284, acc: 0.9545
> val_acc: 0.6787, val_f1: 0.5936
>> test_acc: 0.7038, test_f1: 0.6253
