cuda memory allocated: 7062528
n_trainable_params: 1414203, n_nontrainable_params: 347432
> training arguments:
>>> model_name: gc_embed
>>> model_ver: 3
>>> dataset: laptop
>>> optimizer: <class 'torch.optim.adamax.Adamax'>
>>> initializer: <function xavier_uniform_ at 0x7f5f8a35de18>
>>> learning_rate: 0.002
>>> momentum: 0.95
>>> dropout: 0.35
>>> l2reg: 5e-05
>>> num_epoch: 30
>>> batch_size: 32
>>> log_step: 5
>>> embed_dim: 136
>>> hidden_dim: 300
>>> bert_dim: 768
>>> pretrained_bert_name: bert-base-uncased
>>> embeddings: d
>>> max_seq_len: 300
>>> polarities_dim: 3
>>> hops: 3
>>> device: cuda
>>> seed: 0
>>> valset_ratio: 0
>>> num_layers: 1
>>> in_channels: 100
>>> out_channels: 1
>>> downbot: 20
>>> kernel_size: 3
>>> position_dim: 100
>>> gating: GTU
>>> stanford_pos_model: C:/NLP_Programs/stanford-postagger-2018-10-16/models/english-bidirectional-distsim.tagger
>>> stanford_pos_jar: C:/NLP_Programs/stanford-postagger-2018-10-16/stanford-postagger.jar
>>> glove_path: ./embeddings/glove.840B.300d.txt
>>> embedding_matrix_path: gen_data/embeddings/100_laptop_domain_embedding_matrix.dat
>>> model_class: <class 'models.gc_embed.GC_EMBED3'>
>>> dataset_file: {'train': './datasets/semeval14/Laptops_Train.xml.seg', 'test': './datasets/semeval14/Laptops_Test_Gold.xml.seg'}
>>> inputs_cols: ['text_raw_indices', 'aspect_indices', 'pos_indices', 'aspect_pos_indices', 'position_indices']
>>>>>>>>>>>>>>>>>>>>>>>>>>>>>>>>>>>>>>>>>>>>>>>>>>>>>>>>>>>>>>>>>>>>>>>>>>>>>>>>>>>>>>>>>>>>>>>>>>>>
epoch: 0
loss: 1.1077, acc: 0.3875
loss: 1.0964, acc: 0.4031
loss: 1.0819, acc: 0.4083
loss: 1.0835, acc: 0.4109
loss: 1.0629, acc: 0.4338
loss: 1.0514, acc: 0.4375
loss: 1.0415, acc: 0.4518
loss: 1.0277, acc: 0.4656
loss: 1.0188, acc: 0.4729
loss: 1.0032, acc: 0.4869
loss: 0.9913, acc: 0.4989
loss: 0.9719, acc: 0.5125
loss: 0.9600, acc: 0.5240
loss: 0.9548, acc: 0.5299
> val_acc: 0.6599, val_f1: 0.5687
> best_val_acc: 0.0000, best_val_f1: 0.0000
>> saved: state_dict/gc_embed_laptop_val_acc0.6599
>>>>>>>>>>>>>>>>>>>>>>>>>>>>>>>>>>>>>>>>>>>>>>>>>>>>>>>>>>>>>>>>>>>>>>>>>>>>>>>>>>>>>>>>>>>>>>>>>>>>
epoch: 1
loss: 0.6851, acc: 0.7031
loss: 0.7159, acc: 0.6920
loss: 0.7019, acc: 0.7135
loss: 0.7136, acc: 0.6985
loss: 0.7091, acc: 0.7003
loss: 0.7149, acc: 0.6921
loss: 0.7207, acc: 0.6885
loss: 0.7264, acc: 0.6858
loss: 0.7230, acc: 0.6942
loss: 0.7173, acc: 0.6961
loss: 0.7071, acc: 0.7007
loss: 0.7010, acc: 0.7067
loss: 0.7061, acc: 0.7031
loss: 0.7043, acc: 0.7043
loss: 0.7086, acc: 0.7040
> val_acc: 0.6630, val_f1: 0.5702
> best_val_acc: 0.6599, best_val_f1: 0.5687
>> saved: state_dict/gc_embed_laptop_val_acc0.663
>>>>>>>>>>>>>>>>>>>>>>>>>>>>>>>>>>>>>>>>>>>>>>>>>>>>>>>>>>>>>>>>>>>>>>>>>>>>>>>>>>>>>>>>>>>>>>>>>>>>
epoch: 2
loss: 0.5995, acc: 0.7734
loss: 0.6247, acc: 0.7500
loss: 0.6165, acc: 0.7656
loss: 0.5917, acc: 0.7681
loss: 0.5843, acc: 0.7747
loss: 0.5916, acc: 0.7716
loss: 0.5926, acc: 0.7702
loss: 0.5854, acc: 0.7716
loss: 0.5889, acc: 0.7685
loss: 0.5905, acc: 0.7704
loss: 0.5927, acc: 0.7656
loss: 0.5935, acc: 0.7632
loss: 0.5938, acc: 0.7612
loss: 0.5989, acc: 0.7582
> val_acc: 0.6755, val_f1: 0.5720
> best_val_acc: 0.6630, best_val_f1: 0.5702
>> saved: state_dict/gc_embed_laptop_val_acc0.6755
>>>>>>>>>>>>>>>>>>>>>>>>>>>>>>>>>>>>>>>>>>>>>>>>>>>>>>>>>>>>>>>>>>>>>>>>>>>>>>>>>>>>>>>>>>>>>>>>>>>>
epoch: 3
loss: 0.5466, acc: 0.7812
loss: 0.5521, acc: 0.7760
loss: 0.5448, acc: 0.7869
loss: 0.5446, acc: 0.7852
loss: 0.5527, acc: 0.7783
loss: 0.5623, acc: 0.7680
loss: 0.5616, acc: 0.7762
loss: 0.5475, acc: 0.7804
loss: 0.5450, acc: 0.7812
loss: 0.5471, acc: 0.7779
loss: 0.5540, acc: 0.7733
loss: 0.5543, acc: 0.7746
loss: 0.5505, acc: 0.7756
loss: 0.5468, acc: 0.7746
loss: 0.5444, acc: 0.7746
> val_acc: 0.6567, val_f1: 0.5560
> best_val_acc: 0.6755, best_val_f1: 0.5720
>>>>>>>>>>>>>>>>>>>>>>>>>>>>>>>>>>>>>>>>>>>>>>>>>>>>>>>>>>>>>>>>>>>>>>>>>>>>>>>>>>>>>>>>>>>>>>>>>>>>
epoch: 4
loss: 0.5271, acc: 0.8021
loss: 0.4775, acc: 0.8125
loss: 0.4938, acc: 0.7933
loss: 0.4821, acc: 0.7986
loss: 0.4686, acc: 0.8098
loss: 0.4579, acc: 0.8125
loss: 0.4621, acc: 0.8097
loss: 0.4584, acc: 0.8109
loss: 0.4708, acc: 0.8089
loss: 0.4642, acc: 0.8158
loss: 0.4614, acc: 0.8143
loss: 0.4642, acc: 0.8141
loss: 0.4679, acc: 0.8135
loss: 0.4750, acc: 0.8107
loss: 0.4702, acc: 0.8110
> val_acc: 0.6599, val_f1: 0.5648
> best_val_acc: 0.6755, best_val_f1: 0.5720
>>>>>>>>>>>>>>>>>>>>>>>>>>>>>>>>>>>>>>>>>>>>>>>>>>>>>>>>>>>>>>>>>>>>>>>>>>>>>>>>>>>>>>>>>>>>>>>>>>>>
epoch: 5
loss: 0.4328, acc: 0.8812
loss: 0.4051, acc: 0.8656
loss: 0.4134, acc: 0.8458
loss: 0.4048, acc: 0.8500
loss: 0.3989, acc: 0.8562
loss: 0.3995, acc: 0.8573
loss: 0.3880, acc: 0.8634
loss: 0.3866, acc: 0.8633
loss: 0.3855, acc: 0.8653
loss: 0.3851, acc: 0.8638
loss: 0.3889, acc: 0.8591
loss: 0.3893, acc: 0.8562
loss: 0.4001, acc: 0.8505
loss: 0.3956, acc: 0.8509
> val_acc: 0.6677, val_f1: 0.5760
> best_val_acc: 0.6755, best_val_f1: 0.5720
>>>>>>>>>>>>>>>>>>>>>>>>>>>>>>>>>>>>>>>>>>>>>>>>>>>>>>>>>>>>>>>>>>>>>>>>>>>>>>>>>>>>>>>>>>>>>>>>>>>>
epoch: 6
loss: 0.3548, acc: 0.8906
loss: 0.3227, acc: 0.8884
loss: 0.3123, acc: 0.8932
loss: 0.3203, acc: 0.8952
loss: 0.3150, acc: 0.8977
loss: 0.3150, acc: 0.8981
loss: 0.3069, acc: 0.9023
loss: 0.3114, acc: 0.8986
loss: 0.3078, acc: 0.9003
loss: 0.3192, acc: 0.8936
loss: 0.3167, acc: 0.8930
loss: 0.3243, acc: 0.8876
loss: 0.3224, acc: 0.8901
loss: 0.3218, acc: 0.8895
loss: 0.3225, acc: 0.8889
> val_acc: 0.6959, val_f1: 0.6494
> best_val_acc: 0.6755, best_val_f1: 0.5760
>> saved: state_dict/gc_embed_laptop_val_acc0.6959
>>>>>>>>>>>>>>>>>>>>>>>>>>>>>>>>>>>>>>>>>>>>>>>>>>>>>>>>>>>>>>>>>>>>>>>>>>>>>>>>>>>>>>>>>>>>>>>>>>>>
epoch: 7
loss: 0.2908, acc: 0.9297
loss: 0.3446, acc: 0.8924
loss: 0.3251, acc: 0.8929
loss: 0.3021, acc: 0.9046
loss: 0.2911, acc: 0.9102
loss: 0.2949, acc: 0.9062
loss: 0.2862, acc: 0.9081
loss: 0.2802, acc: 0.9119
loss: 0.2735, acc: 0.9155
loss: 0.2758, acc: 0.9152
loss: 0.2734, acc: 0.9132
loss: 0.2730, acc: 0.9137
loss: 0.2773, acc: 0.9126
loss: 0.2778, acc: 0.9117
> val_acc: 0.6834, val_f1: 0.6025
> best_val_acc: 0.6959, best_val_f1: 0.6494
>>>>>>>>>>>>>>>>>>>>>>>>>>>>>>>>>>>>>>>>>>>>>>>>>>>>>>>>>>>>>>>>>>>>>>>>>>>>>>>>>>>>>>>>>>>>>>>>>>>>
epoch: 8
loss: 0.2271, acc: 0.8750
loss: 0.2231, acc: 0.9167
loss: 0.2298, acc: 0.9233
loss: 0.2183, acc: 0.9336
loss: 0.2240, acc: 0.9330
loss: 0.2148, acc: 0.9375
loss: 0.2251, acc: 0.9325
loss: 0.2311, acc: 0.9306
loss: 0.2292, acc: 0.9306
loss: 0.2308, acc: 0.9273
loss: 0.2289, acc: 0.9271
loss: 0.2262, acc: 0.9269
loss: 0.2233, acc: 0.9278
loss: 0.2229, acc: 0.9280
loss: 0.2220, acc: 0.9287
> val_acc: 0.6771, val_f1: 0.6040
> best_val_acc: 0.6959, best_val_f1: 0.6494
>>>>>>>>>>>>>>>>>>>>>>>>>>>>>>>>>>>>>>>>>>>>>>>>>>>>>>>>>>>>>>>>>>>>>>>>>>>>>>>>>>>>>>>>>>>>>>>>>>>>
epoch: 9
loss: 0.1469, acc: 0.9792
loss: 0.1383, acc: 0.9766
loss: 0.1560, acc: 0.9543
loss: 0.1568, acc: 0.9549
loss: 0.1693, acc: 0.9470
loss: 0.1748, acc: 0.9453
loss: 0.1762, acc: 0.9460
loss: 0.1745, acc: 0.9465
loss: 0.1732, acc: 0.9491
loss: 0.1702, acc: 0.9499
loss: 0.1712, acc: 0.9481
loss: 0.1742, acc: 0.9450
loss: 0.1760, acc: 0.9439
loss: 0.1824, acc: 0.9407
loss: 0.1880, acc: 0.9377
> val_acc: 0.6834, val_f1: 0.5976
> best_val_acc: 0.6959, best_val_f1: 0.6494
>>>>>>>>>>>>>>>>>>>>>>>>>>>>>>>>>>>>>>>>>>>>>>>>>>>>>>>>>>>>>>>>>>>>>>>>>>>>>>>>>>>>>>>>>>>>>>>>>>>>
epoch: 10
loss: 0.1820, acc: 0.9187
loss: 0.1648, acc: 0.9375
loss: 0.1751, acc: 0.9375
loss: 0.1697, acc: 0.9422
loss: 0.1682, acc: 0.9450
loss: 0.1688, acc: 0.9479
loss: 0.1655, acc: 0.9500
loss: 0.1667, acc: 0.9461
loss: 0.1599, acc: 0.9486
loss: 0.1569, acc: 0.9513
loss: 0.1557, acc: 0.9506
loss: 0.1543, acc: 0.9510
loss: 0.1550, acc: 0.9500
loss: 0.1596, acc: 0.9478
> val_acc: 0.6693, val_f1: 0.5774
> best_val_acc: 0.6959, best_val_f1: 0.6494
>>>>>>>>>>>>>>>>>>>>>>>>>>>>>>>>>>>>>>>>>>>>>>>>>>>>>>>>>>>>>>>>>>>>>>>>>>>>>>>>>>>>>>>>>>>>>>>>>>>>
epoch: 11
loss: 0.1548, acc: 0.9219
loss: 0.1262, acc: 0.9509
loss: 0.1293, acc: 0.9531
loss: 0.1292, acc: 0.9522
loss: 0.1254, acc: 0.9560
loss: 0.1304, acc: 0.9583
loss: 0.1358, acc: 0.9561
loss: 0.1359, acc: 0.9569
loss: 0.1373, acc: 0.9561
loss: 0.1415, acc: 0.9528
loss: 0.1385, acc: 0.9555
loss: 0.1388, acc: 0.9545
loss: 0.1381, acc: 0.9556
loss: 0.1369, acc: 0.9557
loss: 0.1365, acc: 0.9562
> val_acc: 0.6614, val_f1: 0.5751
> best_val_acc: 0.6959, best_val_f1: 0.6494
>>>>>>>>>>>>>>>>>>>>>>>>>>>>>>>>>>>>>>>>>>>>>>>>>>>>>>>>>>>>>>>>>>>>>>>>>>>>>>>>>>>>>>>>>>>>>>>>>>>>
epoch: 12
loss: 0.0819, acc: 0.9922
loss: 0.0846, acc: 0.9896
loss: 0.0955, acc: 0.9844
loss: 0.0926, acc: 0.9836
loss: 0.0912, acc: 0.9844
loss: 0.0925, acc: 0.9817
loss: 0.0954, acc: 0.9798
loss: 0.0921, acc: 0.9816
loss: 0.0982, acc: 0.9780
loss: 0.1010, acc: 0.9777
loss: 0.1006, acc: 0.9763
loss: 0.1002, acc: 0.9767
loss: 0.0996, acc: 0.9766
loss: 0.1019, acc: 0.9764
> val_acc: 0.6787, val_f1: 0.6085
> best_val_acc: 0.6959, best_val_f1: 0.6494
>>>>>>>>>>>>>>>>>>>>>>>>>>>>>>>>>>>>>>>>>>>>>>>>>>>>>>>>>>>>>>>>>>>>>>>>>>>>>>>>>>>>>>>>>>>>>>>>>>>>
epoch: 13
loss: 0.0591, acc: 0.9688
loss: 0.0701, acc: 0.9792
loss: 0.0604, acc: 0.9858
loss: 0.0676, acc: 0.9805
loss: 0.0684, acc: 0.9836
loss: 0.0759, acc: 0.9796
loss: 0.0832, acc: 0.9758
loss: 0.0831, acc: 0.9766
loss: 0.0808, acc: 0.9794
loss: 0.0791, acc: 0.9803
loss: 0.0792, acc: 0.9792
loss: 0.0786, acc: 0.9799
loss: 0.0809, acc: 0.9795
loss: 0.0793, acc: 0.9806
loss: 0.0787, acc: 0.9806
> val_acc: 0.6724, val_f1: 0.6070
> best_val_acc: 0.6959, best_val_f1: 0.6494
>>>>>>>>>>>>>>>>>>>>>>>>>>>>>>>>>>>>>>>>>>>>>>>>>>>>>>>>>>>>>>>>>>>>>>>>>>>>>>>>>>>>>>>>>>>>>>>>>>>>
epoch: 14
loss: 0.0483, acc: 0.9896
loss: 0.0599, acc: 0.9922
loss: 0.0643, acc: 0.9880
loss: 0.0667, acc: 0.9861
loss: 0.0713, acc: 0.9851
loss: 0.0712, acc: 0.9855
loss: 0.0679, acc: 0.9858
loss: 0.0666, acc: 0.9852
loss: 0.0697, acc: 0.9826
loss: 0.0664, acc: 0.9844
loss: 0.0671, acc: 0.9841
loss: 0.0677, acc: 0.9838
loss: 0.0672, acc: 0.9841
loss: 0.0679, acc: 0.9839
loss: 0.0692, acc: 0.9832
> val_acc: 0.6771, val_f1: 0.6047
> best_val_acc: 0.6959, best_val_f1: 0.6494
>>>>>>>>>>>>>>>>>>>>>>>>>>>>>>>>>>>>>>>>>>>>>>>>>>>>>>>>>>>>>>>>>>>>>>>>>>>>>>>>>>>>>>>>>>>>>>>>>>>>
epoch: 15
loss: 0.0699, acc: 0.9812
loss: 0.0679, acc: 0.9844
loss: 0.0609, acc: 0.9875
loss: 0.0609, acc: 0.9859
loss: 0.0570, acc: 0.9888
loss: 0.0553, acc: 0.9885
loss: 0.0575, acc: 0.9866
loss: 0.0579, acc: 0.9883
loss: 0.0592, acc: 0.9868
loss: 0.0584, acc: 0.9869
loss: 0.0574, acc: 0.9881
loss: 0.0573, acc: 0.9885
loss: 0.0583, acc: 0.9880
loss: 0.0569, acc: 0.9884
> val_acc: 0.6818, val_f1: 0.6167
> best_val_acc: 0.6959, best_val_f1: 0.6494
>>>>>>>>>>>>>>>>>>>>>>>>>>>>>>>>>>>>>>>>>>>>>>>>>>>>>>>>>>>>>>>>>>>>>>>>>>>>>>>>>>>>>>>>>>>>>>>>>>>>
epoch: 16
loss: 0.0194, acc: 1.0000
loss: 0.0247, acc: 1.0000
loss: 0.0383, acc: 0.9922
loss: 0.0397, acc: 0.9890
loss: 0.0412, acc: 0.9872
loss: 0.0428, acc: 0.9884
loss: 0.0400, acc: 0.9893
loss: 0.0403, acc: 0.9899
loss: 0.0412, acc: 0.9903
loss: 0.0407, acc: 0.9914
loss: 0.0403, acc: 0.9916
loss: 0.0414, acc: 0.9918
loss: 0.0413, acc: 0.9914
loss: 0.0461, acc: 0.9888
loss: 0.0478, acc: 0.9878
> val_acc: 0.6740, val_f1: 0.6046
> best_val_acc: 0.6959, best_val_f1: 0.6494
>>>>>>>>>>>>>>>>>>>>>>>>>>>>>>>>>>>>>>>>>>>>>>>>>>>>>>>>>>>>>>>>>>>>>>>>>>>>>>>>>>>>>>>>>>>>>>>>>>>>
epoch: 17
loss: 0.0544, acc: 0.9766
loss: 0.0453, acc: 0.9861
loss: 0.0454, acc: 0.9866
loss: 0.0424, acc: 0.9901
loss: 0.0379, acc: 0.9922
loss: 0.0375, acc: 0.9925
loss: 0.0369, acc: 0.9936
loss: 0.0399, acc: 0.9920
loss: 0.0437, acc: 0.9901
loss: 0.0414, acc: 0.9911
loss: 0.0419, acc: 0.9902
loss: 0.0426, acc: 0.9905
loss: 0.0414, acc: 0.9912
loss: 0.0416, acc: 0.9909
> val_acc: 0.6724, val_f1: 0.5987
> best_val_acc: 0.6959, best_val_f1: 0.6494
>>>>>>>>>>>>>>>>>>>>>>>>>>>>>>>>>>>>>>>>>>>>>>>>>>>>>>>>>>>>>>>>>>>>>>>>>>>>>>>>>>>>>>>>>>>>>>>>>>>>
epoch: 18
loss: 0.0126, acc: 1.0000
loss: 0.0255, acc: 0.9948
loss: 0.0311, acc: 0.9915
loss: 0.0343, acc: 0.9902
loss: 0.0370, acc: 0.9881
loss: 0.0360, acc: 0.9892
loss: 0.0350, acc: 0.9899
loss: 0.0348, acc: 0.9905
loss: 0.0390, acc: 0.9878
loss: 0.0378, acc: 0.9891
loss: 0.0365, acc: 0.9902
loss: 0.0360, acc: 0.9905
loss: 0.0354, acc: 0.9903
loss: 0.0361, acc: 0.9905
loss: 0.0349, acc: 0.9912
> val_acc: 0.6724, val_f1: 0.5965
> best_val_acc: 0.6959, best_val_f1: 0.6494
>>>>>>>>>>>>>>>>>>>>>>>>>>>>>>>>>>>>>>>>>>>>>>>>>>>>>>>>>>>>>>>>>>>>>>>>>>>>>>>>>>>>>>>>>>>>>>>>>>>>
epoch: 19
loss: 0.0523, acc: 0.9896
loss: 0.0353, acc: 0.9922
loss: 0.0359, acc: 0.9928
loss: 0.0355, acc: 0.9896
loss: 0.0335, acc: 0.9891
loss: 0.0309, acc: 0.9911
loss: 0.0330, acc: 0.9915
loss: 0.0308, acc: 0.9926
loss: 0.0288, acc: 0.9935
loss: 0.0287, acc: 0.9941
loss: 0.0283, acc: 0.9947
loss: 0.0277, acc: 0.9952
loss: 0.0280, acc: 0.9955
loss: 0.0278, acc: 0.9954
loss: 0.0280, acc: 0.9953
> val_acc: 0.6755, val_f1: 0.6099
> best_val_acc: 0.6959, best_val_f1: 0.6494
>>>>>>>>>>>>>>>>>>>>>>>>>>>>>>>>>>>>>>>>>>>>>>>>>>>>>>>>>>>>>>>>>>>>>>>>>>>>>>>>>>>>>>>>>>>>>>>>>>>>
epoch: 20
loss: 0.0110, acc: 1.0000
loss: 0.0186, acc: 1.0000
loss: 0.0173, acc: 1.0000
loss: 0.0155, acc: 1.0000
loss: 0.0166, acc: 1.0000
loss: 0.0158, acc: 1.0000
loss: 0.0184, acc: 0.9991
loss: 0.0208, acc: 0.9969
loss: 0.0218, acc: 0.9958
loss: 0.0215, acc: 0.9956
loss: 0.0217, acc: 0.9955
loss: 0.0249, acc: 0.9943
loss: 0.0254, acc: 0.9942
loss: 0.0250, acc: 0.9946
> val_acc: 0.6818, val_f1: 0.6295
> best_val_acc: 0.6959, best_val_f1: 0.6494
>>>>>>>>>>>>>>>>>>>>>>>>>>>>>>>>>>>>>>>>>>>>>>>>>>>>>>>>>>>>>>>>>>>>>>>>>>>>>>>>>>>>>>>>>>>>>>>>>>>>
epoch: 21
loss: 0.0121, acc: 1.0000
loss: 0.0224, acc: 1.0000
loss: 0.0191, acc: 0.9974
loss: 0.0222, acc: 0.9963
loss: 0.0198, acc: 0.9972
loss: 0.0192, acc: 0.9965
loss: 0.0194, acc: 0.9961
loss: 0.0225, acc: 0.9949
loss: 0.0226, acc: 0.9948
loss: 0.0212, acc: 0.9953
loss: 0.0209, acc: 0.9958
loss: 0.0205, acc: 0.9962
loss: 0.0199, acc: 0.9965
loss: 0.0197, acc: 0.9967
loss: 0.0194, acc: 0.9970
> val_acc: 0.6755, val_f1: 0.6121
> best_val_acc: 0.6959, best_val_f1: 0.6494
>>>>>>>>>>>>>>>>>>>>>>>>>>>>>>>>>>>>>>>>>>>>>>>>>>>>>>>>>>>>>>>>>>>>>>>>>>>>>>>>>>>>>>>>>>>>>>>>>>>>
epoch: 22
loss: 0.0279, acc: 0.9922
loss: 0.0216, acc: 0.9931
loss: 0.0213, acc: 0.9933
loss: 0.0205, acc: 0.9934
loss: 0.0197, acc: 0.9948
loss: 0.0211, acc: 0.9935
loss: 0.0217, acc: 0.9945
loss: 0.0226, acc: 0.9936
loss: 0.0224, acc: 0.9929
loss: 0.0218, acc: 0.9930
loss: 0.0222, acc: 0.9936
loss: 0.0229, acc: 0.9931
loss: 0.0234, acc: 0.9927
loss: 0.0251, acc: 0.9923
> val_acc: 0.6787, val_f1: 0.6158
> best_val_acc: 0.6959, best_val_f1: 0.6494
>>>>>>>>>>>>>>>>>>>>>>>>>>>>>>>>>>>>>>>>>>>>>>>>>>>>>>>>>>>>>>>>>>>>>>>>>>>>>>>>>>>>>>>>>>>>>>>>>>>>
epoch: 23
loss: 0.0133, acc: 1.0000
loss: 0.0180, acc: 1.0000
loss: 0.0171, acc: 1.0000
loss: 0.0191, acc: 0.9980
loss: 0.0166, acc: 0.9985
loss: 0.0169, acc: 0.9976
loss: 0.0183, acc: 0.9960
loss: 0.0181, acc: 0.9965
loss: 0.0194, acc: 0.9954
loss: 0.0183, acc: 0.9959
loss: 0.0191, acc: 0.9957
loss: 0.0199, acc: 0.9955
loss: 0.0196, acc: 0.9959
loss: 0.0189, acc: 0.9962
loss: 0.0181, acc: 0.9965
> val_acc: 0.6834, val_f1: 0.6107
> best_val_acc: 0.6959, best_val_f1: 0.6494
>>>>>>>>>>>>>>>>>>>>>>>>>>>>>>>>>>>>>>>>>>>>>>>>>>>>>>>>>>>>>>>>>>>>>>>>>>>>>>>>>>>>>>>>>>>>>>>>>>>>
epoch: 24
loss: 0.0229, acc: 0.9896
loss: 0.0137, acc: 0.9961
loss: 0.0123, acc: 0.9976
loss: 0.0109, acc: 0.9983
loss: 0.0103, acc: 0.9986
loss: 0.0109, acc: 0.9989
loss: 0.0129, acc: 0.9972
loss: 0.0135, acc: 0.9975
loss: 0.0140, acc: 0.9978
loss: 0.0144, acc: 0.9980
loss: 0.0139, acc: 0.9982
loss: 0.0141, acc: 0.9984
loss: 0.0149, acc: 0.9980
loss: 0.0150, acc: 0.9977
loss: 0.0150, acc: 0.9974
> val_acc: 0.6975, val_f1: 0.6509
> best_val_acc: 0.6959, best_val_f1: 0.6494
>> saved: state_dict/gc_embed_laptop_val_acc0.6975
>>>>>>>>>>>>>>>>>>>>>>>>>>>>>>>>>>>>>>>>>>>>>>>>>>>>>>>>>>>>>>>>>>>>>>>>>>>>>>>>>>>>>>>>>>>>>>>>>>>>
epoch: 25
loss: 0.0152, acc: 1.0000
loss: 0.0139, acc: 1.0000
loss: 0.0137, acc: 1.0000
loss: 0.0122, acc: 1.0000
loss: 0.0121, acc: 1.0000
loss: 0.0112, acc: 1.0000
loss: 0.0107, acc: 1.0000
loss: 0.0100, acc: 1.0000
loss: 0.0104, acc: 1.0000
loss: 0.0099, acc: 1.0000
loss: 0.0119, acc: 0.9989
loss: 0.0134, acc: 0.9984
loss: 0.0133, acc: 0.9986
loss: 0.0136, acc: 0.9982
> val_acc: 0.6803, val_f1: 0.6113
> best_val_acc: 0.6975, best_val_f1: 0.6509
>>>>>>>>>>>>>>>>>>>>>>>>>>>>>>>>>>>>>>>>>>>>>>>>>>>>>>>>>>>>>>>>>>>>>>>>>>>>>>>>>>>>>>>>>>>>>>>>>>>>
epoch: 26
loss: 0.0061, acc: 1.0000
loss: 0.0370, acc: 0.9866
loss: 0.0321, acc: 0.9922
loss: 0.0262, acc: 0.9945
loss: 0.0226, acc: 0.9957
loss: 0.0205, acc: 0.9965
loss: 0.0208, acc: 0.9951
loss: 0.0209, acc: 0.9949
loss: 0.0240, acc: 0.9948
loss: 0.0270, acc: 0.9927
loss: 0.0272, acc: 0.9922
loss: 0.0263, acc: 0.9923
loss: 0.0252, acc: 0.9929
loss: 0.0250, acc: 0.9930
loss: 0.0254, acc: 0.9926
> val_acc: 0.6740, val_f1: 0.6104
> best_val_acc: 0.6975, best_val_f1: 0.6509
>>>>>>>>>>>>>>>>>>>>>>>>>>>>>>>>>>>>>>>>>>>>>>>>>>>>>>>>>>>>>>>>>>>>>>>>>>>>>>>>>>>>>>>>>>>>>>>>>>>>
epoch: 27
loss: 0.0122, acc: 1.0000
loss: 0.0196, acc: 0.9965
loss: 0.0223, acc: 0.9933
loss: 0.0198, acc: 0.9951
loss: 0.0189, acc: 0.9961
loss: 0.0167, acc: 0.9968
loss: 0.0190, acc: 0.9954
loss: 0.0204, acc: 0.9944
loss: 0.0194, acc: 0.9950
loss: 0.0239, acc: 0.9943
loss: 0.0228, acc: 0.9948
loss: 0.0221, acc: 0.9952
loss: 0.0226, acc: 0.9946
loss: 0.0235, acc: 0.9941
> val_acc: 0.6724, val_f1: 0.5977
> best_val_acc: 0.6975, best_val_f1: 0.6509
>>>>>>>>>>>>>>>>>>>>>>>>>>>>>>>>>>>>>>>>>>>>>>>>>>>>>>>>>>>>>>>>>>>>>>>>>>>>>>>>>>>>>>>>>>>>>>>>>>>>
epoch: 28
loss: 0.0007, acc: 1.0000
loss: 0.0126, acc: 1.0000
loss: 0.0142, acc: 1.0000
loss: 0.0145, acc: 1.0000
loss: 0.0134, acc: 1.0000
loss: 0.0130, acc: 1.0000
loss: 0.0128, acc: 1.0000
loss: 0.0123, acc: 1.0000
loss: 0.0120, acc: 1.0000
loss: 0.0117, acc: 1.0000
loss: 0.0114, acc: 1.0000
loss: 0.0113, acc: 1.0000
loss: 0.0108, acc: 1.0000
loss: 0.0105, acc: 1.0000
loss: 0.0108, acc: 1.0000
> val_acc: 0.6740, val_f1: 0.6006
> best_val_acc: 0.6975, best_val_f1: 0.6509
>>>>>>>>>>>>>>>>>>>>>>>>>>>>>>>>>>>>>>>>>>>>>>>>>>>>>>>>>>>>>>>>>>>>>>>>>>>>>>>>>>>>>>>>>>>>>>>>>>>>
epoch: 29
loss: 0.0129, acc: 1.0000
loss: 0.0076, acc: 1.0000
loss: 0.0070, acc: 1.0000
loss: 0.0073, acc: 1.0000
loss: 0.0073, acc: 1.0000
loss: 0.0072, acc: 1.0000
loss: 0.0069, acc: 1.0000
loss: 0.0072, acc: 1.0000
loss: 0.0069, acc: 1.0000
loss: 0.0071, acc: 0.9993
loss: 0.0069, acc: 0.9994
loss: 0.0069, acc: 0.9995
loss: 0.0065, acc: 0.9995
loss: 0.0068, acc: 0.9991
loss: 0.0070, acc: 0.9991
> val_acc: 0.6850, val_f1: 0.6225
> best_val_acc: 0.6975, best_val_f1: 0.6509
>> test_acc: 0.6975, test_f1: 0.6509
