cuda memory allocated: 9150976
n_trainable_params: 963203, n_nontrainable_params: 1323600
> training arguments:
>>> model_name: gc_ian
>>> dataset: restaurant
>>> optimizer: <class 'torch.optim.adagrad.Adagrad'>
>>> initializer: <function xavier_uniform_ at 0x000001E2B8767620>
>>> learning_rate: 0.01
>>> momentum: 0.95
>>> dropout: 0.5
>>> l2reg: 5e-05
>>> num_epoch: 30
>>> batch_size: 32
>>> log_step: 5
>>> embed_dim: 300
>>> hidden_dim: 300
>>> bert_dim: 768
>>> pretrained_bert_name: bert-base-uncased
>>> max_seq_len: 80
>>> polarities_dim: 3
>>> hops: 3
>>> device: cuda
>>> seed: 10
>>> valset_ratio: 0
>>> num_layers: 1
>>> in_channels: 100
>>> out_channels: 1
>>> downbot: 20
>>> kernel_size: 3
>>> glove_path: ./glove/glove.840B.300d.txt
>>> model_class: <class 'models.gc_ian.GC_IAN'>
>>> dataset_file: {'train': './datasets/semeval14/Restaurants_Train.xml.seg', 'test': './datasets/semeval14/Restaurants_Test_Gold.xml.seg'}
>>> inputs_cols: ['text_raw_indices', 'aspect_indices']
>>>>>>>>>>>>>>>>>>>>>>>>>>>>>>>>>>>>>>>>>>>>>>>>>>>>>>>>>>>>>>>>>>>>>>>>>>>>>>>>>>>>>>>>>>>>>>>>>>>>
epoch: 0
cuda memory allocated: 9146368
n_trainable_params: 962003, n_nontrainable_params: 1323600
> training arguments:
>>> model_name: gc_ian
>>> dataset: restaurant
>>> optimizer: <class 'torch.optim.adagrad.Adagrad'>
>>> initializer: <function xavier_uniform_ at 0x000002090ADB7620>
>>> learning_rate: 0.01
>>> momentum: 0.95
>>> dropout: 0.5
>>> l2reg: 5e-05
>>> num_epoch: 30
>>> batch_size: 32
>>> log_step: 5
>>> embed_dim: 300
>>> hidden_dim: 300
>>> bert_dim: 768
>>> pretrained_bert_name: bert-base-uncased
>>> max_seq_len: 80
>>> polarities_dim: 3
>>> hops: 3
>>> device: cuda
>>> seed: 10
>>> valset_ratio: 0
>>> num_layers: 1
>>> in_channels: 100
>>> out_channels: 1
>>> downbot: 20
>>> kernel_size: 3
>>> glove_path: ./glove/glove.840B.300d.txt
>>> model_class: <class 'models.gc_ian.GC_IAN'>
>>> dataset_file: {'train': './datasets/semeval14/Restaurants_Train.xml.seg', 'test': './datasets/semeval14/Restaurants_Test_Gold.xml.seg'}
>>> inputs_cols: ['text_raw_indices', 'aspect_indices']
>>>>>>>>>>>>>>>>>>>>>>>>>>>>>>>>>>>>>>>>>>>>>>>>>>>>>>>>>>>>>>>>>>>>>>>>>>>>>>>>>>>>>>>>>>>>>>>>>>>>
epoch: 0
loss: 1.7519, acc: 0.6000
loss: 1.4792, acc: 0.5719
loss: 1.3276, acc: 0.5729
loss: 1.2688, acc: 0.5656
loss: 1.1947, acc: 0.5800
loss: 1.1474, acc: 0.5823
loss: 1.1333, acc: 0.5804
loss: 1.0977, acc: 0.5859
loss: 1.0611, acc: 0.5944
loss: 1.0452, acc: 0.5938
loss: 1.0263, acc: 0.5989
loss: 1.0020, acc: 0.6078
loss: 0.9885, acc: 0.6125
loss: 0.9758, acc: 0.6138
loss: 0.9552, acc: 0.6208
loss: 0.9454, acc: 0.6238
loss: 0.9429, acc: 0.6202
loss: 0.9367, acc: 0.6219
loss: 0.9284, acc: 0.6247
loss: 0.9291, acc: 0.6225
loss: 0.9217, acc: 0.6274
loss: 0.9127, acc: 0.6312
> val_acc: 0.7455, val_f1: 0.5630
>> saved: state_dict/gc_ian_restaurant_val_acc0.7455
>>>>>>>>>>>>>>>>>>>>>>>>>>>>>>>>>>>>>>>>>>>>>>>>>>>>>>>>>>>>>>>>>>>>>>>>>>>>>>>>>>>>>>>>>>>>>>>>>>>>
epoch: 1
loss: 0.6772, acc: 0.7500
loss: 0.6402, acc: 0.7366
loss: 0.6016, acc: 0.7526
loss: 0.5787, acc: 0.7665
loss: 0.5941, acc: 0.7656
loss: 0.6065, acc: 0.7558
loss: 0.6060, acc: 0.7520
loss: 0.6060, acc: 0.7483
loss: 0.6114, acc: 0.7493
loss: 0.6031, acc: 0.7527
loss: 0.5967, acc: 0.7566
loss: 0.5996, acc: 0.7555
loss: 0.6033, acc: 0.7535
loss: 0.6017, acc: 0.7561
loss: 0.6048, acc: 0.7552
loss: 0.6088, acc: 0.7532
loss: 0.6073, acc: 0.7534
loss: 0.6078, acc: 0.7518
loss: 0.6054, acc: 0.7517
loss: 0.6059, acc: 0.7510
loss: 0.6100, acc: 0.7491
loss: 0.6044, acc: 0.7526
loss: 0.6062, acc: 0.7508
> val_acc: 0.7634, val_f1: 0.6230
>> saved: state_dict/gc_ian_restaurant_val_acc0.7634
>>>>>>>>>>>>>>>>>>>>>>>>>>>>>>>>>>>>>>>>>>>>>>>>>>>>>>>>>>>>>>>>>>>>>>>>>>>>>>>>>>>>>>>>>>>>>>>>>>>>
epoch: 2
loss: 0.5076, acc: 0.8047
loss: 0.5172, acc: 0.7847
loss: 0.5155, acc: 0.7969
loss: 0.4841, acc: 0.8207
loss: 0.5051, acc: 0.8021
loss: 0.4998, acc: 0.8028
loss: 0.5046, acc: 0.8015
loss: 0.5112, acc: 0.8013
loss: 0.5097, acc: 0.8004
loss: 0.5117, acc: 0.7985
loss: 0.5117, acc: 0.7986
loss: 0.5101, acc: 0.7987
loss: 0.5022, acc: 0.8032
loss: 0.4997, acc: 0.8034
loss: 0.5010, acc: 0.8045
loss: 0.5063, acc: 0.8018
loss: 0.5046, acc: 0.8039
loss: 0.4992, acc: 0.8069
loss: 0.5063, acc: 0.8029
loss: 0.5074, acc: 0.8024
loss: 0.5062, acc: 0.8026
loss: 0.5082, acc: 0.8025
> val_acc: 0.7580, val_f1: 0.5980
>>>>>>>>>>>>>>>>>>>>>>>>>>>>>>>>>>>>>>>>>>>>>>>>>>>>>>>>>>>>>>>>>>>>>>>>>>>>>>>>>>>>>>>>>>>>>>>>>>>>
epoch: 3
loss: 0.3002, acc: 0.9688
loss: 0.3505, acc: 0.8958
loss: 0.3649, acc: 0.8722
loss: 0.3805, acc: 0.8672
loss: 0.4101, acc: 0.8512
loss: 0.4150, acc: 0.8534
loss: 0.4266, acc: 0.8448
loss: 0.4245, acc: 0.8429
loss: 0.4223, acc: 0.8453
loss: 0.4203, acc: 0.8478
loss: 0.4227, acc: 0.8480
loss: 0.4249, acc: 0.8465
loss: 0.4270, acc: 0.8438
loss: 0.4266, acc: 0.8428
loss: 0.4269, acc: 0.8424
loss: 0.4320, acc: 0.8409
loss: 0.4357, acc: 0.8372
loss: 0.4384, acc: 0.8350
loss: 0.4434, acc: 0.8328
loss: 0.4427, acc: 0.8343
loss: 0.4414, acc: 0.8345
loss: 0.4404, acc: 0.8352
loss: 0.4407, acc: 0.8336
> val_acc: 0.7652, val_f1: 0.6210
>> saved: state_dict/gc_ian_restaurant_val_acc0.7652
>>>>>>>>>>>>>>>>>>>>>>>>>>>>>>>>>>>>>>>>>>>>>>>>>>>>>>>>>>>>>>>>>>>>>>>>>>>>>>>>>>>>>>>>>>>>>>>>>>>>
epoch: 4
loss: 0.3856, acc: 0.8438
loss: 0.4190, acc: 0.8438
loss: 0.3763, acc: 0.8582
loss: 0.3706, acc: 0.8646
loss: 0.3699, acc: 0.8668
loss: 0.3736, acc: 0.8672
loss: 0.3782, acc: 0.8674
loss: 0.3767, acc: 0.8676
loss: 0.3746, acc: 0.8656
loss: 0.3755, acc: 0.8646
loss: 0.3778, acc: 0.8603
loss: 0.3791, acc: 0.8583
loss: 0.3756, acc: 0.8601
loss: 0.3837, acc: 0.8562
loss: 0.3862, acc: 0.8536
loss: 0.3900, acc: 0.8518
loss: 0.3919, acc: 0.8502
loss: 0.3960, acc: 0.8484
loss: 0.4000, acc: 0.8478
loss: 0.3986, acc: 0.8492
loss: 0.4000, acc: 0.8483
loss: 0.3987, acc: 0.8501
loss: 0.4008, acc: 0.8492
> val_acc: 0.7643, val_f1: 0.6066
>>>>>>>>>>>>>>>>>>>>>>>>>>>>>>>>>>>>>>>>>>>>>>>>>>>>>>>>>>>>>>>>>>>>>>>>>>>>>>>>>>>>>>>>>>>>>>>>>>>>
epoch: 5
loss: 0.4058, acc: 0.8125
loss: 0.4049, acc: 0.8219
loss: 0.3768, acc: 0.8604
loss: 0.3704, acc: 0.8656
loss: 0.3736, acc: 0.8638
loss: 0.3667, acc: 0.8635
loss: 0.3719, acc: 0.8607
loss: 0.3594, acc: 0.8680
loss: 0.3581, acc: 0.8701
loss: 0.3611, acc: 0.8694
loss: 0.3624, acc: 0.8699
loss: 0.3635, acc: 0.8708
loss: 0.3610, acc: 0.8712
loss: 0.3605, acc: 0.8714
loss: 0.3617, acc: 0.8708
loss: 0.3614, acc: 0.8707
loss: 0.3605, acc: 0.8710
loss: 0.3615, acc: 0.8719
loss: 0.3638, acc: 0.8697
loss: 0.3641, acc: 0.8703
loss: 0.3676, acc: 0.8696
loss: 0.3677, acc: 0.8690
> val_acc: 0.7607, val_f1: 0.6048
>>>>>>>>>>>>>>>>>>>>>>>>>>>>>>>>>>>>>>>>>>>>>>>>>>>>>>>>>>>>>>>>>>>>>>>>>>>>>>>>>>>>>>>>>>>>>>>>>>>>
epoch: 6
loss: 0.2291, acc: 0.9531
loss: 0.3032, acc: 0.9062
loss: 0.3203, acc: 0.9036
loss: 0.3275, acc: 0.8952
loss: 0.3276, acc: 0.8906
loss: 0.3304, acc: 0.8900
loss: 0.3222, acc: 0.8975
loss: 0.3252, acc: 0.8936
loss: 0.3232, acc: 0.8936
loss: 0.3233, acc: 0.8910
loss: 0.3276, acc: 0.8900
loss: 0.3220, acc: 0.8920
loss: 0.3195, acc: 0.8931
loss: 0.3209, acc: 0.8918
loss: 0.3188, acc: 0.8911
loss: 0.3219, acc: 0.8896
loss: 0.3261, acc: 0.8891
loss: 0.3279, acc: 0.8883
loss: 0.3288, acc: 0.8879
loss: 0.3292, acc: 0.8863
loss: 0.3298, acc: 0.8854
loss: 0.3315, acc: 0.8855
loss: 0.3297, acc: 0.8862
> val_acc: 0.7643, val_f1: 0.6103
>>>>>>>>>>>>>>>>>>>>>>>>>>>>>>>>>>>>>>>>>>>>>>>>>>>>>>>>>>>>>>>>>>>>>>>>>>>>>>>>>>>>>>>>>>>>>>>>>>>>
epoch: 7
loss: 0.1960, acc: 0.9609
loss: 0.2231, acc: 0.9375
loss: 0.2351, acc: 0.9308
loss: 0.2389, acc: 0.9293
loss: 0.2504, acc: 0.9219
loss: 0.2498, acc: 0.9224
loss: 0.2659, acc: 0.9164
loss: 0.2705, acc: 0.9127
loss: 0.2754, acc: 0.9070
loss: 0.2824, acc: 0.9043
loss: 0.2867, acc: 0.9034
loss: 0.2918, acc: 0.9020
loss: 0.2945, acc: 0.9009
loss: 0.2940, acc: 0.9008
loss: 0.2929, acc: 0.9008
loss: 0.2894, acc: 0.9019
loss: 0.2896, acc: 0.9014
loss: 0.2940, acc: 0.8989
loss: 0.2972, acc: 0.8983
loss: 0.2975, acc: 0.8984
loss: 0.3009, acc: 0.8978
loss: 0.3003, acc: 0.8988
> val_acc: 0.7625, val_f1: 0.6079
>>>>>>>>>>>>>>>>>>>>>>>>>>>>>>>>>>>>>>>>>>>>>>>>>>>>>>>>>>>>>>>>>>>>>>>>>>>>>>>>>>>>>>>>>>>>>>>>>>>>
epoch: 8
loss: 0.1664, acc: 0.9688
loss: 0.2714, acc: 0.9010
loss: 0.2777, acc: 0.9062
loss: 0.2923, acc: 0.8965
loss: 0.2915, acc: 0.9018
loss: 0.2894, acc: 0.9050
loss: 0.2894, acc: 0.9042
loss: 0.2883, acc: 0.9028
loss: 0.2863, acc: 0.9055
loss: 0.2880, acc: 0.9056
loss: 0.2830, acc: 0.9075
loss: 0.2827, acc: 0.9051
loss: 0.2886, acc: 0.9016
loss: 0.2885, acc: 0.9010
loss: 0.2811, acc: 0.9054
loss: 0.2809, acc: 0.9034
loss: 0.2811, acc: 0.9047
loss: 0.2788, acc: 0.9059
loss: 0.2841, acc: 0.9028
loss: 0.2850, acc: 0.9033
loss: 0.2882, acc: 0.9022
loss: 0.2888, acc: 0.9018
loss: 0.2897, acc: 0.9017
> val_acc: 0.7652, val_f1: 0.6270
>>>>>>>>>>>>>>>>>>>>>>>>>>>>>>>>>>>>>>>>>>>>>>>>>>>>>>>>>>>>>>>>>>>>>>>>>>>>>>>>>>>>>>>>>>>>>>>>>>>>
epoch: 9
loss: 0.2584, acc: 0.9479
loss: 0.2592, acc: 0.9297
loss: 0.2586, acc: 0.9159
loss: 0.2571, acc: 0.9219
loss: 0.2539, acc: 0.9280
loss: 0.2520, acc: 0.9275
loss: 0.2528, acc: 0.9271
loss: 0.2543, acc: 0.9268
loss: 0.2522, acc: 0.9266
loss: 0.2544, acc: 0.9225
loss: 0.2537, acc: 0.9210
loss: 0.2557, acc: 0.9192
loss: 0.2548, acc: 0.9196
loss: 0.2562, acc: 0.9187
loss: 0.2530, acc: 0.9217
loss: 0.2532, acc: 0.9211
loss: 0.2583, acc: 0.9191
loss: 0.2585, acc: 0.9197
loss: 0.2554, acc: 0.9214
loss: 0.2540, acc: 0.9219
loss: 0.2535, acc: 0.9214
loss: 0.2529, acc: 0.9207
loss: 0.2575, acc: 0.9191
> val_acc: 0.7688, val_f1: 0.6318
>> saved: state_dict/gc_ian_restaurant_val_acc0.7688
>>>>>>>>>>>>>>>>>>>>>>>>>>>>>>>>>>>>>>>>>>>>>>>>>>>>>>>>>>>>>>>>>>>>>>>>>>>>>>>>>>>>>>>>>>>>>>>>>>>>
epoch: 10
loss: 0.2478, acc: 0.9375
loss: 0.2646, acc: 0.9281
loss: 0.2485, acc: 0.9313
loss: 0.2460, acc: 0.9281
loss: 0.2459, acc: 0.9287
loss: 0.2575, acc: 0.9208
loss: 0.2532, acc: 0.9214
loss: 0.2511, acc: 0.9258
loss: 0.2484, acc: 0.9271
loss: 0.2461, acc: 0.9269
loss: 0.2453, acc: 0.9284
loss: 0.2448, acc: 0.9271
loss: 0.2453, acc: 0.9250
loss: 0.2453, acc: 0.9246
loss: 0.2468, acc: 0.9237
loss: 0.2451, acc: 0.9250
loss: 0.2461, acc: 0.9239
loss: 0.2467, acc: 0.9233
loss: 0.2460, acc: 0.9237
loss: 0.2466, acc: 0.9225
loss: 0.2456, acc: 0.9235
loss: 0.2454, acc: 0.9239
> val_acc: 0.7732, val_f1: 0.6294
>> saved: state_dict/gc_ian_restaurant_val_acc0.7732
>>>>>>>>>>>>>>>>>>>>>>>>>>>>>>>>>>>>>>>>>>>>>>>>>>>>>>>>>>>>>>>>>>>>>>>>>>>>>>>>>>>>>>>>>>>>>>>>>>>>
epoch: 11
loss: 0.2455, acc: 0.9062
loss: 0.2322, acc: 0.9330
loss: 0.2221, acc: 0.9271
loss: 0.2141, acc: 0.9265
loss: 0.2093, acc: 0.9332
loss: 0.2217, acc: 0.9259
loss: 0.2261, acc: 0.9229
loss: 0.2231, acc: 0.9248
loss: 0.2224, acc: 0.9271
loss: 0.2299, acc: 0.9222
loss: 0.2318, acc: 0.9207
loss: 0.2307, acc: 0.9243
loss: 0.2309, acc: 0.9244
loss: 0.2280, acc: 0.9268
loss: 0.2296, acc: 0.9258
loss: 0.2330, acc: 0.9233
loss: 0.2324, acc: 0.9242
loss: 0.2328, acc: 0.9246
loss: 0.2350, acc: 0.9243
loss: 0.2336, acc: 0.9256
loss: 0.2322, acc: 0.9265
loss: 0.2314, acc: 0.9258
loss: 0.2339, acc: 0.9244
> val_acc: 0.7643, val_f1: 0.6181
>>>>>>>>>>>>>>>>>>>>>>>>>>>>>>>>>>>>>>>>>>>>>>>>>>>>>>>>>>>>>>>>>>>>>>>>>>>>>>>>>>>>>>>>>>>>>>>>>>>>
epoch: 12
loss: 0.2487, acc: 0.9219
loss: 0.2272, acc: 0.9444
loss: 0.2172, acc: 0.9397
loss: 0.2064, acc: 0.9441
loss: 0.2111, acc: 0.9323
loss: 0.2087, acc: 0.9321
loss: 0.2069, acc: 0.9347
loss: 0.2057, acc: 0.9359
loss: 0.2114, acc: 0.9347
loss: 0.2119, acc: 0.9343
loss: 0.2129, acc: 0.9340
loss: 0.2129, acc: 0.9349
loss: 0.2200, acc: 0.9307
loss: 0.2230, acc: 0.9298
loss: 0.2239, acc: 0.9295
loss: 0.2265, acc: 0.9284
loss: 0.2247, acc: 0.9282
loss: 0.2233, acc: 0.9270
loss: 0.2274, acc: 0.9245
loss: 0.2282, acc: 0.9246
loss: 0.2303, acc: 0.9231
loss: 0.2299, acc: 0.9232
> val_acc: 0.7652, val_f1: 0.6236
>>>>>>>>>>>>>>>>>>>>>>>>>>>>>>>>>>>>>>>>>>>>>>>>>>>>>>>>>>>>>>>>>>>>>>>>>>>>>>>>>>>>>>>>>>>>>>>>>>>>
epoch: 13
loss: 0.1744, acc: 0.9375
loss: 0.1889, acc: 0.9323
loss: 0.1862, acc: 0.9403
loss: 0.1906, acc: 0.9473
loss: 0.2034, acc: 0.9390
loss: 0.2019, acc: 0.9387
loss: 0.2009, acc: 0.9405
loss: 0.2068, acc: 0.9349
loss: 0.2020, acc: 0.9367
loss: 0.2040, acc: 0.9368
loss: 0.2042, acc: 0.9375
loss: 0.2009, acc: 0.9397
loss: 0.2011, acc: 0.9390
loss: 0.2011, acc: 0.9389
loss: 0.2004, acc: 0.9397
loss: 0.2023, acc: 0.9375
loss: 0.2042, acc: 0.9363
loss: 0.2040, acc: 0.9371
loss: 0.2053, acc: 0.9375
loss: 0.2048, acc: 0.9378
loss: 0.2043, acc: 0.9381
loss: 0.2038, acc: 0.9381
loss: 0.2072, acc: 0.9358
> val_acc: 0.7643, val_f1: 0.6120
>>>>>>>>>>>>>>>>>>>>>>>>>>>>>>>>>>>>>>>>>>>>>>>>>>>>>>>>>>>>>>>>>>>>>>>>>>>>>>>>>>>>>>>>>>>>>>>>>>>>
epoch: 14
loss: 0.1957, acc: 0.9479
loss: 0.1860, acc: 0.9492
loss: 0.1731, acc: 0.9591
loss: 0.1765, acc: 0.9549
loss: 0.1752, acc: 0.9552
loss: 0.1761, acc: 0.9554
loss: 0.1767, acc: 0.9545
loss: 0.1836, acc: 0.9498
loss: 0.1875, acc: 0.9491
loss: 0.1928, acc: 0.9453
loss: 0.1932, acc: 0.9458
loss: 0.1879, acc: 0.9494
loss: 0.1910, acc: 0.9469
loss: 0.1894, acc: 0.9472
loss: 0.1883, acc: 0.9478
loss: 0.1875, acc: 0.9479
loss: 0.1886, acc: 0.9462
loss: 0.1890, acc: 0.9460
loss: 0.1887, acc: 0.9469
loss: 0.1884, acc: 0.9471
loss: 0.1887, acc: 0.9463
loss: 0.1893, acc: 0.9453
loss: 0.1887, acc: 0.9460
> val_acc: 0.7741, val_f1: 0.6425
>> saved: state_dict/gc_ian_restaurant_val_acc0.7741
>>>>>>>>>>>>>>>>>>>>>>>>>>>>>>>>>>>>>>>>>>>>>>>>>>>>>>>>>>>>>>>>>>>>>>>>>>>>>>>>>>>>>>>>>>>>>>>>>>>>
epoch: 15
loss: 0.1473, acc: 0.9688
loss: 0.1517, acc: 0.9625
loss: 0.1419, acc: 0.9625
loss: 0.1699, acc: 0.9500
loss: 0.1590, acc: 0.9563
loss: 0.1634, acc: 0.9531
loss: 0.1658, acc: 0.9545
loss: 0.1711, acc: 0.9508
loss: 0.1708, acc: 0.9514
loss: 0.1744, acc: 0.9487
loss: 0.1744, acc: 0.9483
loss: 0.1795, acc: 0.9464
loss: 0.1792, acc: 0.9476
loss: 0.1781, acc: 0.9478
loss: 0.1787, acc: 0.9471
loss: 0.1746, acc: 0.9492
loss: 0.1775, acc: 0.9485
loss: 0.1782, acc: 0.9483
loss: 0.1780, acc: 0.9484
loss: 0.1785, acc: 0.9478
loss: 0.1805, acc: 0.9467
loss: 0.1803, acc: 0.9480
> val_acc: 0.7679, val_f1: 0.6147
>>>>>>>>>>>>>>>>>>>>>>>>>>>>>>>>>>>>>>>>>>>>>>>>>>>>>>>>>>>>>>>>>>>>>>>>>>>>>>>>>>>>>>>>>>>>>>>>>>>>
epoch: 16
loss: 0.1729, acc: 0.9531
loss: 0.1789, acc: 0.9509
loss: 0.1815, acc: 0.9531
loss: 0.1837, acc: 0.9467
loss: 0.1800, acc: 0.9503
loss: 0.1741, acc: 0.9537
loss: 0.1765, acc: 0.9502
loss: 0.1782, acc: 0.9485
loss: 0.1809, acc: 0.9464
loss: 0.1782, acc: 0.9468
loss: 0.1797, acc: 0.9477
loss: 0.1760, acc: 0.9496
loss: 0.1717, acc: 0.9516
loss: 0.1723, acc: 0.9510
loss: 0.1747, acc: 0.9505
loss: 0.1728, acc: 0.9513
loss: 0.1731, acc: 0.9512
loss: 0.1742, acc: 0.9515
loss: 0.1766, acc: 0.9497
loss: 0.1770, acc: 0.9494
loss: 0.1764, acc: 0.9498
loss: 0.1767, acc: 0.9486
loss: 0.1796, acc: 0.9461
> val_acc: 0.7688, val_f1: 0.6225
>>>>>>>>>>>>>>>>>>>>>>>>>>>>>>>>>>>>>>>>>>>>>>>>>>>>>>>>>>>>>>>>>>>>>>>>>>>>>>>>>>>>>>>>>>>>>>>>>>>>
epoch: 17
loss: 0.1662, acc: 0.9531
loss: 0.1620, acc: 0.9618
loss: 0.1612, acc: 0.9576
loss: 0.1637, acc: 0.9589
loss: 0.1667, acc: 0.9544
loss: 0.1720, acc: 0.9483
loss: 0.1685, acc: 0.9476
loss: 0.1678, acc: 0.9487
loss: 0.1687, acc: 0.9474
loss: 0.1688, acc: 0.9477
loss: 0.1702, acc: 0.9479
loss: 0.1726, acc: 0.9460
loss: 0.1682, acc: 0.9482
loss: 0.1658, acc: 0.9506
loss: 0.1638, acc: 0.9510
loss: 0.1644, acc: 0.9506
loss: 0.1634, acc: 0.9513
loss: 0.1639, acc: 0.9494
loss: 0.1659, acc: 0.9475
loss: 0.1650, acc: 0.9473
loss: 0.1680, acc: 0.9465
loss: 0.1682, acc: 0.9461
> val_acc: 0.7705, val_f1: 0.6366
>>>>>>>>>>>>>>>>>>>>>>>>>>>>>>>>>>>>>>>>>>>>>>>>>>>>>>>>>>>>>>>>>>>>>>>>>>>>>>>>>>>>>>>>>>>>>>>>>>>>
epoch: 18
loss: 0.1540, acc: 0.9688
loss: 0.1251, acc: 0.9740
loss: 0.1509, acc: 0.9574
loss: 0.1334, acc: 0.9688
loss: 0.1441, acc: 0.9628
loss: 0.1504, acc: 0.9615
loss: 0.1574, acc: 0.9567
loss: 0.1624, acc: 0.9549
loss: 0.1582, acc: 0.9566
loss: 0.1567, acc: 0.9572
loss: 0.1592, acc: 0.9577
loss: 0.1584, acc: 0.9576
loss: 0.1587, acc: 0.9554
loss: 0.1575, acc: 0.9555
loss: 0.1604, acc: 0.9538
loss: 0.1621, acc: 0.9539
loss: 0.1627, acc: 0.9541
loss: 0.1617, acc: 0.9535
loss: 0.1652, acc: 0.9516
loss: 0.1645, acc: 0.9508
loss: 0.1637, acc: 0.9514
loss: 0.1638, acc: 0.9511
loss: 0.1629, acc: 0.9513
> val_acc: 0.7670, val_f1: 0.6313
>>>>>>>>>>>>>>>>>>>>>>>>>>>>>>>>>>>>>>>>>>>>>>>>>>>>>>>>>>>>>>>>>>>>>>>>>>>>>>>>>>>>>>>>>>>>>>>>>>>>
epoch: 19
loss: 0.1398, acc: 0.9792
loss: 0.1425, acc: 0.9648
loss: 0.1476, acc: 0.9567
loss: 0.1482, acc: 0.9531
loss: 0.1527, acc: 0.9524
loss: 0.1510, acc: 0.9531
loss: 0.1521, acc: 0.9536
loss: 0.1504, acc: 0.9572
loss: 0.1526, acc: 0.9557
loss: 0.1564, acc: 0.9538
loss: 0.1540, acc: 0.9564
loss: 0.1577, acc: 0.9537
loss: 0.1535, acc: 0.9559
loss: 0.1524, acc: 0.9568
loss: 0.1532, acc: 0.9568
loss: 0.1535, acc: 0.9575
loss: 0.1539, acc: 0.9575
loss: 0.1564, acc: 0.9553
loss: 0.1579, acc: 0.9546
loss: 0.1578, acc: 0.9547
loss: 0.1588, acc: 0.9548
loss: 0.1587, acc: 0.9543
loss: 0.1587, acc: 0.9545
> val_acc: 0.7643, val_f1: 0.6168
>>>>>>>>>>>>>>>>>>>>>>>>>>>>>>>>>>>>>>>>>>>>>>>>>>>>>>>>>>>>>>>>>>>>>>>>>>>>>>>>>>>>>>>>>>>>>>>>>>>>
epoch: 20
loss: 0.1516, acc: 0.9563
loss: 0.1537, acc: 0.9531
loss: 0.1419, acc: 0.9604
loss: 0.1417, acc: 0.9609
loss: 0.1333, acc: 0.9675
loss: 0.1368, acc: 0.9625
loss: 0.1389, acc: 0.9616
loss: 0.1372, acc: 0.9625
loss: 0.1436, acc: 0.9597
loss: 0.1468, acc: 0.9594
loss: 0.1524, acc: 0.9563
loss: 0.1505, acc: 0.9563
loss: 0.1487, acc: 0.9572
loss: 0.1498, acc: 0.9558
loss: 0.1501, acc: 0.9558
loss: 0.1500, acc: 0.9551
loss: 0.1514, acc: 0.9548
loss: 0.1500, acc: 0.9552
loss: 0.1501, acc: 0.9556
loss: 0.1493, acc: 0.9550
loss: 0.1488, acc: 0.9560
loss: 0.1481, acc: 0.9574
> val_acc: 0.7670, val_f1: 0.6289
>>>>>>>>>>>>>>>>>>>>>>>>>>>>>>>>>>>>>>>>>>>>>>>>>>>>>>>>>>>>>>>>>>>>>>>>>>>>>>>>>>>>>>>>>>>>>>>>>>>>
epoch: 21
loss: 0.2045, acc: 0.9219
loss: 0.1573, acc: 0.9464
loss: 0.1352, acc: 0.9609
loss: 0.1371, acc: 0.9632
loss: 0.1405, acc: 0.9602
loss: 0.1312, acc: 0.9630
loss: 0.1398, acc: 0.9580
loss: 0.1394, acc: 0.9603
loss: 0.1364, acc: 0.9635
loss: 0.1338, acc: 0.9661
loss: 0.1351, acc: 0.9657
loss: 0.1352, acc: 0.9644
loss: 0.1341, acc: 0.9647
loss: 0.1316, acc: 0.9660
loss: 0.1350, acc: 0.9640
loss: 0.1357, acc: 0.9627
loss: 0.1381, acc: 0.9615
loss: 0.1408, acc: 0.9605
loss: 0.1402, acc: 0.9613
loss: 0.1417, acc: 0.9604
loss: 0.1416, acc: 0.9605
loss: 0.1405, acc: 0.9614
loss: 0.1424, acc: 0.9601
> val_acc: 0.7670, val_f1: 0.6213
>>>>>>>>>>>>>>>>>>>>>>>>>>>>>>>>>>>>>>>>>>>>>>>>>>>>>>>>>>>>>>>>>>>>>>>>>>>>>>>>>>>>>>>>>>>>>>>>>>>>
epoch: 22
loss: 0.1288, acc: 0.9609
loss: 0.1444, acc: 0.9583
loss: 0.1438, acc: 0.9598
loss: 0.1475, acc: 0.9539
loss: 0.1449, acc: 0.9557
loss: 0.1468, acc: 0.9558
loss: 0.1495, acc: 0.9550
loss: 0.1490, acc: 0.9543
loss: 0.1474, acc: 0.9553
loss: 0.1435, acc: 0.9573
loss: 0.1404, acc: 0.9583
loss: 0.1425, acc: 0.9571
loss: 0.1410, acc: 0.9590
loss: 0.1435, acc: 0.9588
loss: 0.1437, acc: 0.9582
loss: 0.1465, acc: 0.9561
loss: 0.1437, acc: 0.9576
loss: 0.1449, acc: 0.9568
loss: 0.1446, acc: 0.9568
loss: 0.1434, acc: 0.9571
loss: 0.1444, acc: 0.9576
loss: 0.1439, acc: 0.9579
> val_acc: 0.7670, val_f1: 0.6120
>>>>>>>>>>>>>>>>>>>>>>>>>>>>>>>>>>>>>>>>>>>>>>>>>>>>>>>>>>>>>>>>>>>>>>>>>>>>>>>>>>>>>>>>>>>>>>>>>>>>
epoch: 23
loss: 0.1757, acc: 0.9062
loss: 0.0995, acc: 0.9688
loss: 0.1059, acc: 0.9631
loss: 0.1140, acc: 0.9609
loss: 0.1210, acc: 0.9628
loss: 0.1223, acc: 0.9627
loss: 0.1255, acc: 0.9627
loss: 0.1266, acc: 0.9601
loss: 0.1358, acc: 0.9543
loss: 0.1357, acc: 0.9531
loss: 0.1342, acc: 0.9553
loss: 0.1332, acc: 0.9559
loss: 0.1435, acc: 0.9513
loss: 0.1402, acc: 0.9536
loss: 0.1404, acc: 0.9529
loss: 0.1379, acc: 0.9544
loss: 0.1364, acc: 0.9556
loss: 0.1368, acc: 0.9546
loss: 0.1388, acc: 0.9536
loss: 0.1380, acc: 0.9544
loss: 0.1384, acc: 0.9551
loss: 0.1385, acc: 0.9549
loss: 0.1385, acc: 0.9550
> val_acc: 0.7670, val_f1: 0.6294
>>>>>>>>>>>>>>>>>>>>>>>>>>>>>>>>>>>>>>>>>>>>>>>>>>>>>>>>>>>>>>>>>>>>>>>>>>>>>>>>>>>>>>>>>>>>>>>>>>>>
epoch: 24
loss: 0.0973, acc: 0.9896
loss: 0.0923, acc: 0.9844
loss: 0.0965, acc: 0.9832
loss: 0.1198, acc: 0.9705
loss: 0.1151, acc: 0.9728
loss: 0.1223, acc: 0.9665
loss: 0.1289, acc: 0.9612
loss: 0.1311, acc: 0.9605
loss: 0.1255, acc: 0.9637
loss: 0.1253, acc: 0.9642
loss: 0.1242, acc: 0.9658
loss: 0.1283, acc: 0.9628
loss: 0.1297, acc: 0.9623
loss: 0.1294, acc: 0.9623
loss: 0.1281, acc: 0.9619
loss: 0.1296, acc: 0.9607
loss: 0.1342, acc: 0.9590
loss: 0.1324, acc: 0.9592
loss: 0.1344, acc: 0.9583
loss: 0.1344, acc: 0.9592
loss: 0.1344, acc: 0.9587
loss: 0.1338, acc: 0.9589
loss: 0.1334, acc: 0.9598
> val_acc: 0.7696, val_f1: 0.6224
>>>>>>>>>>>>>>>>>>>>>>>>>>>>>>>>>>>>>>>>>>>>>>>>>>>>>>>>>>>>>>>>>>>>>>>>>>>>>>>>>>>>>>>>>>>>>>>>>>>>
epoch: 25
loss: 0.1457, acc: 0.9500
loss: 0.1272, acc: 0.9688
loss: 0.1224, acc: 0.9708
loss: 0.1226, acc: 0.9672
loss: 0.1340, acc: 0.9600
loss: 0.1318, acc: 0.9604
loss: 0.1323, acc: 0.9580
loss: 0.1338, acc: 0.9594
loss: 0.1335, acc: 0.9590
loss: 0.1341, acc: 0.9600
loss: 0.1312, acc: 0.9608
loss: 0.1314, acc: 0.9609
loss: 0.1322, acc: 0.9611
loss: 0.1317, acc: 0.9607
loss: 0.1326, acc: 0.9600
loss: 0.1351, acc: 0.9578
loss: 0.1339, acc: 0.9588
loss: 0.1330, acc: 0.9597
loss: 0.1326, acc: 0.9602
loss: 0.1319, acc: 0.9597
loss: 0.1319, acc: 0.9604
loss: 0.1321, acc: 0.9605
> val_acc: 0.7679, val_f1: 0.6257
>>>>>>>>>>>>>>>>>>>>>>>>>>>>>>>>>>>>>>>>>>>>>>>>>>>>>>>>>>>>>>>>>>>>>>>>>>>>>>>>>>>>>>>>>>>>>>>>>>>>
epoch: 26
loss: 0.1299, acc: 0.9844
loss: 0.1169, acc: 0.9821
loss: 0.1098, acc: 0.9792
loss: 0.1254, acc: 0.9724
loss: 0.1251, acc: 0.9744
loss: 0.1192, acc: 0.9757
loss: 0.1191, acc: 0.9756
loss: 0.1181, acc: 0.9738
loss: 0.1192, acc: 0.9740
loss: 0.1197, acc: 0.9727
loss: 0.1225, acc: 0.9706
loss: 0.1225, acc: 0.9693
loss: 0.1215, acc: 0.9698
loss: 0.1225, acc: 0.9692
loss: 0.1222, acc: 0.9696
loss: 0.1269, acc: 0.9679
loss: 0.1257, acc: 0.9688
loss: 0.1255, acc: 0.9677
loss: 0.1252, acc: 0.9671
loss: 0.1261, acc: 0.9671
loss: 0.1259, acc: 0.9672
loss: 0.1246, acc: 0.9670
loss: 0.1246, acc: 0.9671
> val_acc: 0.7661, val_f1: 0.6210
>>>>>>>>>>>>>>>>>>>>>>>>>>>>>>>>>>>>>>>>>>>>>>>>>>>>>>>>>>>>>>>>>>>>>>>>>>>>>>>>>>>>>>>>>>>>>>>>>>>>
epoch: 27
loss: 0.1101, acc: 0.9688
loss: 0.1035, acc: 0.9722
loss: 0.1190, acc: 0.9688
loss: 0.1193, acc: 0.9688
loss: 0.1155, acc: 0.9740
loss: 0.1083, acc: 0.9763
loss: 0.1184, acc: 0.9715
loss: 0.1160, acc: 0.9704
loss: 0.1131, acc: 0.9723
loss: 0.1123, acc: 0.9732
loss: 0.1133, acc: 0.9734
loss: 0.1138, acc: 0.9725
loss: 0.1174, acc: 0.9717
loss: 0.1165, acc: 0.9724
loss: 0.1165, acc: 0.9726
loss: 0.1166, acc: 0.9731
loss: 0.1172, acc: 0.9717
loss: 0.1160, acc: 0.9723
loss: 0.1160, acc: 0.9714
loss: 0.1171, acc: 0.9710
loss: 0.1179, acc: 0.9694
loss: 0.1205, acc: 0.9682
> val_acc: 0.7714, val_f1: 0.6251
>>>>>>>>>>>>>>>>>>>>>>>>>>>>>>>>>>>>>>>>>>>>>>>>>>>>>>>>>>>>>>>>>>>>>>>>>>>>>>>>>>>>>>>>>>>>>>>>>>>>
epoch: 28
loss: 0.1264, acc: 0.9375
loss: 0.0926, acc: 0.9792
loss: 0.0888, acc: 0.9773
loss: 0.0946, acc: 0.9707
loss: 0.1013, acc: 0.9702
loss: 0.1042, acc: 0.9700
loss: 0.1038, acc: 0.9708
loss: 0.1050, acc: 0.9705
loss: 0.1063, acc: 0.9695
loss: 0.1021, acc: 0.9715
loss: 0.1031, acc: 0.9718
loss: 0.1045, acc: 0.9721
loss: 0.1062, acc: 0.9713
loss: 0.1071, acc: 0.9711
loss: 0.1071, acc: 0.9710
loss: 0.1098, acc: 0.9704
loss: 0.1143, acc: 0.9676
loss: 0.1164, acc: 0.9655
loss: 0.1180, acc: 0.9646
loss: 0.1196, acc: 0.9639
loss: 0.1196, acc: 0.9650
loss: 0.1191, acc: 0.9652
loss: 0.1182, acc: 0.9659
> val_acc: 0.7705, val_f1: 0.6277
>>>>>>>>>>>>>>>>>>>>>>>>>>>>>>>>>>>>>>>>>>>>>>>>>>>>>>>>>>>>>>>>>>>>>>>>>>>>>>>>>>>>>>>>>>>>>>>>>>>>
epoch: 29
loss: 0.0859, acc: 0.9792
loss: 0.1041, acc: 0.9727
loss: 0.1035, acc: 0.9736
loss: 0.1030, acc: 0.9722
loss: 0.0984, acc: 0.9755
loss: 0.1022, acc: 0.9754
loss: 0.1101, acc: 0.9697
loss: 0.1094, acc: 0.9712
loss: 0.1109, acc: 0.9702
loss: 0.1132, acc: 0.9681
loss: 0.1128, acc: 0.9693
loss: 0.1101, acc: 0.9709
loss: 0.1076, acc: 0.9717
loss: 0.1099, acc: 0.9706
loss: 0.1076, acc: 0.9717
loss: 0.1079, acc: 0.9724
loss: 0.1088, acc: 0.9718
loss: 0.1110, acc: 0.9702
loss: 0.1111, acc: 0.9694
loss: 0.1099, acc: 0.9697
loss: 0.1109, acc: 0.9691
loss: 0.1096, acc: 0.9696
loss: 0.1099, acc: 0.9695
> val_acc: 0.7670, val_f1: 0.6099
>> test_acc: 0.7741, test_f1: 0.6425
