cuda memory allocated: 8187392
n_trainable_params: 722403, n_nontrainable_params: 1323600
> training arguments:
>>> model_name: gc_ian
>>> dataset: restaurant
>>> optimizer: <class 'torch.optim.adagrad.Adagrad'>
>>> initializer: <function xavier_uniform_ at 0x000002CFA0D67620>
>>> learning_rate: 0.01
>>> momentum: 0.95
>>> dropout: 0.5
>>> l2reg: 5e-05
>>> num_epoch: 20
>>> batch_size: 32
>>> log_step: 5
>>> embed_dim: 300
>>> hidden_dim: 300
>>> bert_dim: 768
>>> pretrained_bert_name: bert-base-uncased
>>> max_seq_len: 80
>>> polarities_dim: 3
>>> hops: 3
>>> device: cuda
>>> seed: 10
>>> valset_ratio: 0
>>> num_layers: 1
>>> in_channels: 100
>>> out_channels: 1
>>> downbot: 20
>>> kernel_size: 3
>>> glove_path: ./glove/glove.840B.300d.txt
>>> model_class: <class 'models.gc_ian.GC_IAN'>
>>> dataset_file: {'train': './datasets/semeval14/Restaurants_Train.xml.seg', 'test': './datasets/semeval14/Restaurants_Test_Gold.xml.seg'}
>>> inputs_cols: ['text_raw_indices', 'aspect_indices']
>>>>>>>>>>>>>>>>>>>>>>>>>>>>>>>>>>>>>>>>>>>>>>>>>>>>>>>>>>>>>>>>>>>>>>>>>>>>>>>>>>>>>>>>>>>>>>>>>>>>
epoch: 0
loss: 2.5487, acc: 0.4562
loss: 2.1484, acc: 0.4906
loss: 1.9614, acc: 0.4938
loss: 1.7180, acc: 0.5203
loss: 1.5924, acc: 0.5300
loss: 1.4773, acc: 0.5500
loss: 1.4053, acc: 0.5571
loss: 1.3471, acc: 0.5625
loss: 1.3011, acc: 0.5674
loss: 1.2468, acc: 0.5794
loss: 1.2248, acc: 0.5813
loss: 1.1963, acc: 0.5833
loss: 1.1665, acc: 0.5875
loss: 1.1393, acc: 0.5933
loss: 1.1189, acc: 0.6008
loss: 1.0902, acc: 0.6078
loss: 1.0737, acc: 0.6110
loss: 1.0578, acc: 0.6122
loss: 1.0398, acc: 0.6161
loss: 1.0253, acc: 0.6222
loss: 1.0077, acc: 0.6259
loss: 0.9965, acc: 0.6284
> val_acc: 0.7455, val_f1: 0.5863
>> saved: state_dict/gc_ian_restaurant_val_acc0.7455
>>>>>>>>>>>>>>>>>>>>>>>>>>>>>>>>>>>>>>>>>>>>>>>>>>>>>>>>>>>>>>>>>>>>>>>>>>>>>>>>>>>>>>>>>>>>>>>>>>>>
epoch: 1
loss: 0.6685, acc: 0.6719
loss: 0.5314, acc: 0.7902
loss: 0.5444, acc: 0.7839
loss: 0.5541, acc: 0.7757
loss: 0.5724, acc: 0.7699
loss: 0.5577, acc: 0.7789
loss: 0.5601, acc: 0.7764
loss: 0.5629, acc: 0.7753
loss: 0.5612, acc: 0.7723
loss: 0.5601, acc: 0.7713
loss: 0.5635, acc: 0.7722
loss: 0.5649, acc: 0.7708
loss: 0.5595, acc: 0.7742
loss: 0.5605, acc: 0.7743
loss: 0.5603, acc: 0.7773
loss: 0.5582, acc: 0.7780
loss: 0.5622, acc: 0.7778
loss: 0.5579, acc: 0.7798
loss: 0.5561, acc: 0.7809
loss: 0.5515, acc: 0.7835
loss: 0.5531, acc: 0.7834
loss: 0.5520, acc: 0.7845
loss: 0.5513, acc: 0.7857
> val_acc: 0.7482, val_f1: 0.6351
>> saved: state_dict/gc_ian_restaurant_val_acc0.7482
>>>>>>>>>>>>>>>>>>>>>>>>>>>>>>>>>>>>>>>>>>>>>>>>>>>>>>>>>>>>>>>>>>>>>>>>>>>>>>>>>>>>>>>>>>>>>>>>>>>>
epoch: 2
loss: 0.4012, acc: 0.8516
loss: 0.4261, acc: 0.8438
loss: 0.4288, acc: 0.8348
loss: 0.4093, acc: 0.8470
loss: 0.4161, acc: 0.8438
loss: 0.4079, acc: 0.8459
loss: 0.4096, acc: 0.8447
loss: 0.4080, acc: 0.8462
loss: 0.4217, acc: 0.8366
loss: 0.4247, acc: 0.8355
loss: 0.4342, acc: 0.8304
loss: 0.4268, acc: 0.8342
loss: 0.4290, acc: 0.8325
loss: 0.4271, acc: 0.8347
loss: 0.4318, acc: 0.8345
loss: 0.4366, acc: 0.8327
loss: 0.4413, acc: 0.8307
loss: 0.4433, acc: 0.8297
loss: 0.4444, acc: 0.8285
loss: 0.4435, acc: 0.8292
loss: 0.4405, acc: 0.8308
loss: 0.4420, acc: 0.8303
> val_acc: 0.7589, val_f1: 0.5998
>> saved: state_dict/gc_ian_restaurant_val_acc0.7589
>>>>>>>>>>>>>>>>>>>>>>>>>>>>>>>>>>>>>>>>>>>>>>>>>>>>>>>>>>>>>>>>>>>>>>>>>>>>>>>>>>>>>>>>>>>>>>>>>>>>
epoch: 3
loss: 0.4365, acc: 0.8438
loss: 0.4630, acc: 0.8177
loss: 0.4195, acc: 0.8438
loss: 0.4205, acc: 0.8535
loss: 0.4143, acc: 0.8497
loss: 0.4030, acc: 0.8498
loss: 0.3938, acc: 0.8548
loss: 0.4022, acc: 0.8498
loss: 0.4023, acc: 0.8506
loss: 0.4062, acc: 0.8499
loss: 0.4051, acc: 0.8499
loss: 0.4046, acc: 0.8504
loss: 0.4070, acc: 0.8484
loss: 0.3998, acc: 0.8513
loss: 0.3955, acc: 0.8534
loss: 0.3960, acc: 0.8528
loss: 0.3940, acc: 0.8538
loss: 0.3967, acc: 0.8521
loss: 0.3971, acc: 0.8520
loss: 0.3926, acc: 0.8545
loss: 0.3918, acc: 0.8533
loss: 0.3889, acc: 0.8538
loss: 0.3910, acc: 0.8528
> val_acc: 0.7616, val_f1: 0.6382
>> saved: state_dict/gc_ian_restaurant_val_acc0.7616
>>>>>>>>>>>>>>>>>>>>>>>>>>>>>>>>>>>>>>>>>>>>>>>>>>>>>>>>>>>>>>>>>>>>>>>>>>>>>>>>>>>>>>>>>>>>>>>>>>>>
epoch: 4
loss: 0.2882, acc: 0.8750
loss: 0.3425, acc: 0.8555
loss: 0.3188, acc: 0.8630
loss: 0.3208, acc: 0.8750
loss: 0.3179, acc: 0.8791
loss: 0.3106, acc: 0.8839
loss: 0.3101, acc: 0.8883
loss: 0.3100, acc: 0.8882
loss: 0.3121, acc: 0.8881
loss: 0.3154, acc: 0.8900
loss: 0.3122, acc: 0.8921
loss: 0.3199, acc: 0.8895
loss: 0.3174, acc: 0.8909
loss: 0.3189, acc: 0.8897
loss: 0.3268, acc: 0.8831
loss: 0.3290, acc: 0.8826
loss: 0.3257, acc: 0.8825
loss: 0.3327, acc: 0.8807
loss: 0.3383, acc: 0.8787
loss: 0.3374, acc: 0.8795
loss: 0.3362, acc: 0.8792
loss: 0.3336, acc: 0.8819
loss: 0.3348, acc: 0.8811
> val_acc: 0.7634, val_f1: 0.6229
>> saved: state_dict/gc_ian_restaurant_val_acc0.7634
>>>>>>>>>>>>>>>>>>>>>>>>>>>>>>>>>>>>>>>>>>>>>>>>>>>>>>>>>>>>>>>>>>>>>>>>>>>>>>>>>>>>>>>>>>>>>>>>>>>>
epoch: 5
loss: 0.2619, acc: 0.9125
loss: 0.2508, acc: 0.9125
loss: 0.2543, acc: 0.9042
loss: 0.2663, acc: 0.9000
loss: 0.2755, acc: 0.8938
loss: 0.2693, acc: 0.8969
loss: 0.2633, acc: 0.9018
loss: 0.2722, acc: 0.8984
loss: 0.2728, acc: 0.9014
loss: 0.2712, acc: 0.9012
loss: 0.2696, acc: 0.9034
loss: 0.2697, acc: 0.9047
loss: 0.2721, acc: 0.9043
loss: 0.2723, acc: 0.9040
loss: 0.2717, acc: 0.9050
loss: 0.2719, acc: 0.9047
loss: 0.2755, acc: 0.9029
loss: 0.2763, acc: 0.9028
loss: 0.2835, acc: 0.8984
loss: 0.2863, acc: 0.8956
loss: 0.2876, acc: 0.8958
loss: 0.2920, acc: 0.8938
> val_acc: 0.7670, val_f1: 0.6310
>> saved: state_dict/gc_ian_restaurant_val_acc0.767
>>>>>>>>>>>>>>>>>>>>>>>>>>>>>>>>>>>>>>>>>>>>>>>>>>>>>>>>>>>>>>>>>>>>>>>>>>>>>>>>>>>>>>>>>>>>>>>>>>>>
epoch: 6
loss: 0.2062, acc: 0.9375
loss: 0.2350, acc: 0.9152
loss: 0.2367, acc: 0.9193
loss: 0.2357, acc: 0.9173
loss: 0.2540, acc: 0.9091
loss: 0.2526, acc: 0.9086
loss: 0.2496, acc: 0.9102
loss: 0.2535, acc: 0.9105
loss: 0.2491, acc: 0.9144
loss: 0.2512, acc: 0.9142
loss: 0.2489, acc: 0.9123
loss: 0.2469, acc: 0.9134
loss: 0.2438, acc: 0.9153
loss: 0.2443, acc: 0.9142
loss: 0.2519, acc: 0.9115
loss: 0.2559, acc: 0.9107
loss: 0.2553, acc: 0.9101
loss: 0.2570, acc: 0.9077
loss: 0.2602, acc: 0.9073
loss: 0.2641, acc: 0.9056
loss: 0.2645, acc: 0.9056
loss: 0.2653, acc: 0.9048
loss: 0.2680, acc: 0.9049
> val_acc: 0.7696, val_f1: 0.6208
>> saved: state_dict/gc_ian_restaurant_val_acc0.7696
>>>>>>>>>>>>>>>>>>>>>>>>>>>>>>>>>>>>>>>>>>>>>>>>>>>>>>>>>>>>>>>>>>>>>>>>>>>>>>>>>>>>>>>>>>>>>>>>>>>>
epoch: 7
loss: 0.1710, acc: 0.9766
loss: 0.1923, acc: 0.9618
loss: 0.1908, acc: 0.9509
loss: 0.1961, acc: 0.9507
loss: 0.2131, acc: 0.9388
loss: 0.2171, acc: 0.9397
loss: 0.2305, acc: 0.9329
loss: 0.2364, acc: 0.9287
loss: 0.2288, acc: 0.9339
loss: 0.2228, acc: 0.9362
loss: 0.2237, acc: 0.9329
loss: 0.2288, acc: 0.9285
loss: 0.2331, acc: 0.9248
loss: 0.2411, acc: 0.9230
loss: 0.2392, acc: 0.9236
loss: 0.2397, acc: 0.9221
loss: 0.2421, acc: 0.9215
loss: 0.2438, acc: 0.9210
loss: 0.2428, acc: 0.9205
loss: 0.2431, acc: 0.9201
loss: 0.2432, acc: 0.9195
loss: 0.2426, acc: 0.9194
> val_acc: 0.7732, val_f1: 0.6383
>> saved: state_dict/gc_ian_restaurant_val_acc0.7732
>>>>>>>>>>>>>>>>>>>>>>>>>>>>>>>>>>>>>>>>>>>>>>>>>>>>>>>>>>>>>>>>>>>>>>>>>>>>>>>>>>>>>>>>>>>>>>>>>>>>
epoch: 8
loss: 0.1786, acc: 0.9688
loss: 0.2029, acc: 0.9271
loss: 0.2012, acc: 0.9290
loss: 0.2185, acc: 0.9258
loss: 0.2154, acc: 0.9271
loss: 0.2122, acc: 0.9231
loss: 0.2107, acc: 0.9264
loss: 0.2168, acc: 0.9219
loss: 0.2126, acc: 0.9268
loss: 0.2171, acc: 0.9239
loss: 0.2159, acc: 0.9240
loss: 0.2187, acc: 0.9258
loss: 0.2218, acc: 0.9252
loss: 0.2258, acc: 0.9242
loss: 0.2260, acc: 0.9243
loss: 0.2248, acc: 0.9252
loss: 0.2245, acc: 0.9244
loss: 0.2257, acc: 0.9237
loss: 0.2225, acc: 0.9255
loss: 0.2200, acc: 0.9268
loss: 0.2177, acc: 0.9279
loss: 0.2176, acc: 0.9284
loss: 0.2191, acc: 0.9276
> val_acc: 0.7705, val_f1: 0.6190
>>>>>>>>>>>>>>>>>>>>>>>>>>>>>>>>>>>>>>>>>>>>>>>>>>>>>>>>>>>>>>>>>>>>>>>>>>>>>>>>>>>>>>>>>>>>>>>>>>>>
epoch: 9
loss: 0.1524, acc: 0.9479
loss: 0.1750, acc: 0.9414
loss: 0.1742, acc: 0.9375
loss: 0.1852, acc: 0.9323
loss: 0.1768, acc: 0.9402
loss: 0.1841, acc: 0.9364
loss: 0.1839, acc: 0.9375
loss: 0.1839, acc: 0.9383
loss: 0.1816, acc: 0.9390
loss: 0.1785, acc: 0.9408
loss: 0.1796, acc: 0.9410
loss: 0.1776, acc: 0.9418
loss: 0.1780, acc: 0.9425
loss: 0.1812, acc: 0.9412
loss: 0.1824, acc: 0.9405
loss: 0.1828, acc: 0.9399
loss: 0.1878, acc: 0.9379
loss: 0.1893, acc: 0.9364
loss: 0.1905, acc: 0.9372
loss: 0.1923, acc: 0.9359
loss: 0.1923, acc: 0.9366
loss: 0.1936, acc: 0.9355
loss: 0.1948, acc: 0.9346
> val_acc: 0.7536, val_f1: 0.5780
>>>>>>>>>>>>>>>>>>>>>>>>>>>>>>>>>>>>>>>>>>>>>>>>>>>>>>>>>>>>>>>>>>>>>>>>>>>>>>>>>>>>>>>>>>>>>>>>>>>>
epoch: 10
loss: 0.1653, acc: 0.9437
loss: 0.1587, acc: 0.9469
loss: 0.1533, acc: 0.9563
loss: 0.1588, acc: 0.9547
loss: 0.1541, acc: 0.9587
loss: 0.1660, acc: 0.9490
loss: 0.1639, acc: 0.9491
loss: 0.1654, acc: 0.9477
loss: 0.1706, acc: 0.9465
loss: 0.1757, acc: 0.9450
loss: 0.1744, acc: 0.9437
loss: 0.1762, acc: 0.9448
loss: 0.1732, acc: 0.9466
loss: 0.1721, acc: 0.9469
loss: 0.1710, acc: 0.9471
loss: 0.1736, acc: 0.9457
loss: 0.1784, acc: 0.9434
loss: 0.1766, acc: 0.9441
loss: 0.1780, acc: 0.9428
loss: 0.1767, acc: 0.9431
loss: 0.1778, acc: 0.9417
loss: 0.1781, acc: 0.9412
> val_acc: 0.7688, val_f1: 0.6349
>>>>>>>>>>>>>>>>>>>>>>>>>>>>>>>>>>>>>>>>>>>>>>>>>>>>>>>>>>>>>>>>>>>>>>>>>>>>>>>>>>>>>>>>>>>>>>>>>>>>
epoch: 11
loss: 0.1681, acc: 0.9688
loss: 0.1564, acc: 0.9688
loss: 0.1726, acc: 0.9479
loss: 0.1732, acc: 0.9449
loss: 0.1738, acc: 0.9432
loss: 0.1783, acc: 0.9433
loss: 0.1780, acc: 0.9404
loss: 0.1699, acc: 0.9451
loss: 0.1718, acc: 0.9442
loss: 0.1712, acc: 0.9428
loss: 0.1711, acc: 0.9417
loss: 0.1691, acc: 0.9435
loss: 0.1671, acc: 0.9446
loss: 0.1703, acc: 0.9417
loss: 0.1741, acc: 0.9405
loss: 0.1705, acc: 0.9420
loss: 0.1676, acc: 0.9436
loss: 0.1666, acc: 0.9443
loss: 0.1654, acc: 0.9440
loss: 0.1662, acc: 0.9439
loss: 0.1638, acc: 0.9449
loss: 0.1636, acc: 0.9445
loss: 0.1673, acc: 0.9431
> val_acc: 0.7688, val_f1: 0.6340
>>>>>>>>>>>>>>>>>>>>>>>>>>>>>>>>>>>>>>>>>>>>>>>>>>>>>>>>>>>>>>>>>>>>>>>>>>>>>>>>>>>>>>>>>>>>>>>>>>>>
epoch: 12
loss: 0.1465, acc: 0.9531
loss: 0.1401, acc: 0.9618
loss: 0.1478, acc: 0.9621
loss: 0.1530, acc: 0.9556
loss: 0.1569, acc: 0.9531
loss: 0.1590, acc: 0.9537
loss: 0.1537, acc: 0.9559
loss: 0.1558, acc: 0.9519
loss: 0.1523, acc: 0.9524
loss: 0.1531, acc: 0.9534
loss: 0.1517, acc: 0.9549
loss: 0.1518, acc: 0.9544
loss: 0.1524, acc: 0.9541
loss: 0.1527, acc: 0.9538
loss: 0.1521, acc: 0.9531
loss: 0.1537, acc: 0.9517
loss: 0.1535, acc: 0.9520
loss: 0.1529, acc: 0.9526
loss: 0.1534, acc: 0.9515
loss: 0.1525, acc: 0.9517
loss: 0.1506, acc: 0.9528
loss: 0.1508, acc: 0.9524
> val_acc: 0.7705, val_f1: 0.6252
>>>>>>>>>>>>>>>>>>>>>>>>>>>>>>>>>>>>>>>>>>>>>>>>>>>>>>>>>>>>>>>>>>>>>>>>>>>>>>>>>>>>>>>>>>>>>>>>>>>>
epoch: 13
loss: 0.1743, acc: 0.9375
loss: 0.1113, acc: 0.9792
loss: 0.1094, acc: 0.9744
loss: 0.1303, acc: 0.9590
loss: 0.1374, acc: 0.9539
loss: 0.1286, acc: 0.9555
loss: 0.1239, acc: 0.9567
loss: 0.1233, acc: 0.9575
loss: 0.1255, acc: 0.9581
loss: 0.1249, acc: 0.9599
loss: 0.1291, acc: 0.9577
loss: 0.1265, acc: 0.9587
loss: 0.1276, acc: 0.9580
loss: 0.1288, acc: 0.9574
loss: 0.1324, acc: 0.9569
loss: 0.1338, acc: 0.9564
loss: 0.1350, acc: 0.9552
loss: 0.1378, acc: 0.9535
loss: 0.1374, acc: 0.9540
loss: 0.1406, acc: 0.9528
loss: 0.1397, acc: 0.9533
loss: 0.1414, acc: 0.9528
loss: 0.1423, acc: 0.9530
> val_acc: 0.7679, val_f1: 0.6056
>>>>>>>>>>>>>>>>>>>>>>>>>>>>>>>>>>>>>>>>>>>>>>>>>>>>>>>>>>>>>>>>>>>>>>>>>>>>>>>>>>>>>>>>>>>>>>>>>>>>
epoch: 14
loss: 0.1381, acc: 0.9583
loss: 0.1807, acc: 0.9414
loss: 0.1531, acc: 0.9519
loss: 0.1388, acc: 0.9566
loss: 0.1331, acc: 0.9592
loss: 0.1261, acc: 0.9621
loss: 0.1223, acc: 0.9650
loss: 0.1220, acc: 0.9655
loss: 0.1304, acc: 0.9600
loss: 0.1277, acc: 0.9616
loss: 0.1292, acc: 0.9611
loss: 0.1296, acc: 0.9617
loss: 0.1277, acc: 0.9623
loss: 0.1289, acc: 0.9609
loss: 0.1283, acc: 0.9615
loss: 0.1323, acc: 0.9607
loss: 0.1330, acc: 0.9605
loss: 0.1336, acc: 0.9606
loss: 0.1333, acc: 0.9603
loss: 0.1326, acc: 0.9608
loss: 0.1370, acc: 0.9584
loss: 0.1393, acc: 0.9578
loss: 0.1388, acc: 0.9581
> val_acc: 0.7652, val_f1: 0.6179
>>>>>>>>>>>>>>>>>>>>>>>>>>>>>>>>>>>>>>>>>>>>>>>>>>>>>>>>>>>>>>>>>>>>>>>>>>>>>>>>>>>>>>>>>>>>>>>>>>>>
epoch: 15
loss: 0.0901, acc: 0.9750
loss: 0.1004, acc: 0.9688
loss: 0.1052, acc: 0.9646
loss: 0.1041, acc: 0.9672
loss: 0.1094, acc: 0.9688
loss: 0.1082, acc: 0.9677
loss: 0.1056, acc: 0.9705
loss: 0.1075, acc: 0.9703
loss: 0.1125, acc: 0.9715
loss: 0.1167, acc: 0.9706
loss: 0.1176, acc: 0.9699
loss: 0.1183, acc: 0.9677
loss: 0.1182, acc: 0.9678
loss: 0.1163, acc: 0.9679
loss: 0.1163, acc: 0.9683
loss: 0.1189, acc: 0.9672
loss: 0.1199, acc: 0.9673
loss: 0.1200, acc: 0.9670
loss: 0.1235, acc: 0.9658
loss: 0.1238, acc: 0.9650
loss: 0.1241, acc: 0.9655
loss: 0.1251, acc: 0.9659
> val_acc: 0.7643, val_f1: 0.6064
>>>>>>>>>>>>>>>>>>>>>>>>>>>>>>>>>>>>>>>>>>>>>>>>>>>>>>>>>>>>>>>>>>>>>>>>>>>>>>>>>>>>>>>>>>>>>>>>>>>>
epoch: 16
loss: 0.0799, acc: 0.9844
loss: 0.0987, acc: 0.9643
loss: 0.1010, acc: 0.9714
loss: 0.0992, acc: 0.9761
loss: 0.1030, acc: 0.9759
loss: 0.1067, acc: 0.9745
loss: 0.1091, acc: 0.9697
loss: 0.1065, acc: 0.9713
loss: 0.1042, acc: 0.9725
loss: 0.1042, acc: 0.9727
loss: 0.1043, acc: 0.9730
loss: 0.1058, acc: 0.9726
loss: 0.1091, acc: 0.9698
loss: 0.1107, acc: 0.9683
loss: 0.1136, acc: 0.9670
loss: 0.1115, acc: 0.9683
loss: 0.1133, acc: 0.9680
loss: 0.1113, acc: 0.9688
loss: 0.1127, acc: 0.9688
loss: 0.1137, acc: 0.9678
loss: 0.1154, acc: 0.9672
loss: 0.1148, acc: 0.9676
loss: 0.1152, acc: 0.9676
> val_acc: 0.7634, val_f1: 0.6211
>>>>>>>>>>>>>>>>>>>>>>>>>>>>>>>>>>>>>>>>>>>>>>>>>>>>>>>>>>>>>>>>>>>>>>>>>>>>>>>>>>>>>>>>>>>>>>>>>>>>
epoch: 17
loss: 0.0724, acc: 0.9766
loss: 0.0716, acc: 0.9826
loss: 0.0772, acc: 0.9821
loss: 0.0830, acc: 0.9803
loss: 0.0906, acc: 0.9779
loss: 0.0923, acc: 0.9774
loss: 0.0938, acc: 0.9779
loss: 0.0961, acc: 0.9768
loss: 0.0952, acc: 0.9773
loss: 0.0950, acc: 0.9764
loss: 0.0946, acc: 0.9757
loss: 0.0924, acc: 0.9762
loss: 0.0981, acc: 0.9736
loss: 0.0990, acc: 0.9724
loss: 0.0995, acc: 0.9721
loss: 0.0998, acc: 0.9715
loss: 0.1013, acc: 0.9710
loss: 0.0990, acc: 0.9723
loss: 0.0982, acc: 0.9727
loss: 0.0987, acc: 0.9722
loss: 0.1002, acc: 0.9721
loss: 0.1016, acc: 0.9719
> val_acc: 0.7589, val_f1: 0.5960
>>>>>>>>>>>>>>>>>>>>>>>>>>>>>>>>>>>>>>>>>>>>>>>>>>>>>>>>>>>>>>>>>>>>>>>>>>>>>>>>>>>>>>>>>>>>>>>>>>>>
epoch: 18
loss: 0.0224, acc: 1.0000
loss: 0.0958, acc: 0.9635
loss: 0.1136, acc: 0.9631
loss: 0.1040, acc: 0.9668
loss: 0.1119, acc: 0.9658
loss: 0.1092, acc: 0.9663
loss: 0.1125, acc: 0.9627
loss: 0.1125, acc: 0.9609
loss: 0.1104, acc: 0.9627
loss: 0.1090, acc: 0.9647
loss: 0.1059, acc: 0.9669
loss: 0.1049, acc: 0.9676
loss: 0.1044, acc: 0.9688
loss: 0.1040, acc: 0.9683
loss: 0.1047, acc: 0.9679
loss: 0.1039, acc: 0.9679
loss: 0.1030, acc: 0.9680
loss: 0.1033, acc: 0.9669
loss: 0.1022, acc: 0.9674
loss: 0.1039, acc: 0.9671
loss: 0.1033, acc: 0.9678
loss: 0.1043, acc: 0.9685
loss: 0.1044, acc: 0.9685
> val_acc: 0.7714, val_f1: 0.6260
>>>>>>>>>>>>>>>>>>>>>>>>>>>>>>>>>>>>>>>>>>>>>>>>>>>>>>>>>>>>>>>>>>>>>>>>>>>>>>>>>>>>>>>>>>>>>>>>>>>>
epoch: 19
loss: 0.1084, acc: 0.9688
loss: 0.0911, acc: 0.9766
loss: 0.0852, acc: 0.9784
loss: 0.0833, acc: 0.9774
loss: 0.0810, acc: 0.9796
loss: 0.0829, acc: 0.9799
loss: 0.0834, acc: 0.9811
loss: 0.0844, acc: 0.9794
loss: 0.0882, acc: 0.9782
loss: 0.0922, acc: 0.9759
loss: 0.0946, acc: 0.9741
loss: 0.0944, acc: 0.9752
loss: 0.0939, acc: 0.9747
loss: 0.0973, acc: 0.9743
loss: 0.0991, acc: 0.9735
loss: 0.1002, acc: 0.9728
loss: 0.1018, acc: 0.9721
loss: 0.1026, acc: 0.9712
loss: 0.1021, acc: 0.9711
loss: 0.1047, acc: 0.9707
loss: 0.1061, acc: 0.9703
loss: 0.1049, acc: 0.9711
loss: 0.1054, acc: 0.9712
> val_acc: 0.7688, val_f1: 0.6130
>> test_acc: 0.7732, test_f1: 0.6383
