cuda memory allocated: 7395840
n_trainable_params: 963203, n_nontrainable_params: 882400
> training arguments:
>>> model_name: gc_ian
>>> model_ver: 3
>>> dataset: restaurant
>>> optimizer: <class 'torch.optim.adagrad.Adagrad'>
>>> initializer: <function xavier_uniform_ at 0x7f90ea753ae8>
>>> learning_rate: 0.01
>>> momentum: 0.95
>>> dropout: 0.5
>>> l2reg: 5e-05
>>> num_epoch: 30
>>> batch_size: 32
>>> log_step: 5
>>> embed_dim: 200
>>> hidden_dim: 300
>>> bert_dim: 768
>>> pretrained_bert_name: bert-base-uncased
>>> embeddings: gd
>>> max_seq_len: 80
>>> polarities_dim: 3
>>> hops: 3
>>> device: cuda
>>> seed: 10
>>> valset_ratio: 0
>>> num_layers: 1
>>> in_channels: 50
>>> out_channels: 1
>>> downbot: 20
>>> kernel_size: 3
>>> glove_path: ./embeddings/glove.840B.300d.txt
>>> embedding_matrix_path: gen_data/embeddings/200_restaurant_glove_domain_embedding_matrix.dat
>>> model_class: <class 'models.gc_ian.GC_IAN3'>
>>> dataset_file: {'train': './datasets/semeval14/Restaurants_Train.xml.seg', 'test': './datasets/semeval14/Restaurants_Test_Gold.xml.seg'}
>>> inputs_cols: ['text_raw_indices', 'aspect_indices']
>>>>>>>>>>>>>>>>>>>>>>>>>>>>>>>>>>>>>>>>>>>>>>>>>>>>>>>>>>>>>>>>>>>>>>>>>>>>>>>>>>>>>>>>>>>>>>>>>>>>
epoch: 0
loss: 1.4414, acc: 0.5375
loss: 1.1588, acc: 0.5719
loss: 1.0759, acc: 0.5729
loss: 1.0106, acc: 0.5938
loss: 0.9813, acc: 0.5988
loss: 0.9654, acc: 0.6031
loss: 0.9496, acc: 0.6071
loss: 0.9400, acc: 0.6047
loss: 0.9165, acc: 0.6153
loss: 0.9023, acc: 0.6169
loss: 0.8924, acc: 0.6216
loss: 0.8819, acc: 0.6286
loss: 0.8740, acc: 0.6327
loss: 0.8637, acc: 0.6375
loss: 0.8548, acc: 0.6371
loss: 0.8437, acc: 0.6418
loss: 0.8329, acc: 0.6482
loss: 0.8300, acc: 0.6503
loss: 0.8284, acc: 0.6487
loss: 0.8224, acc: 0.6519
loss: 0.8123, acc: 0.6586
loss: 0.8057, acc: 0.6628
> val_acc: 0.7429, val_f1: 0.5448
>> saved: state_dict/gc_ian_restaurant_val_acc0.7429
>>>>>>>>>>>>>>>>>>>>>>>>>>>>>>>>>>>>>>>>>>>>>>>>>>>>>>>>>>>>>>>>>>>>>>>>>>>>>>>>>>>>>>>>>>>>>>>>>>>>
epoch: 1
loss: 0.6527, acc: 0.7031
loss: 0.6175, acc: 0.7545
loss: 0.5887, acc: 0.7812
loss: 0.5617, acc: 0.7923
loss: 0.5621, acc: 0.7940
loss: 0.5858, acc: 0.7789
loss: 0.5743, acc: 0.7871
loss: 0.5597, acc: 0.7981
loss: 0.5586, acc: 0.7961
loss: 0.5558, acc: 0.7945
loss: 0.5567, acc: 0.7927
loss: 0.5589, acc: 0.7900
loss: 0.5595, acc: 0.7913
loss: 0.5602, acc: 0.7892
loss: 0.5684, acc: 0.7856
loss: 0.5722, acc: 0.7829
loss: 0.5710, acc: 0.7839
loss: 0.5743, acc: 0.7827
loss: 0.5722, acc: 0.7823
loss: 0.5786, acc: 0.7800
loss: 0.5722, acc: 0.7816
loss: 0.5749, acc: 0.7777
loss: 0.5724, acc: 0.7785
> val_acc: 0.7848, val_f1: 0.6676
>> saved: state_dict/gc_ian_restaurant_val_acc0.7848
>>>>>>>>>>>>>>>>>>>>>>>>>>>>>>>>>>>>>>>>>>>>>>>>>>>>>>>>>>>>>>>>>>>>>>>>>>>>>>>>>>>>>>>>>>>>>>>>>>>>
epoch: 2
loss: 0.5465, acc: 0.7578
loss: 0.5192, acc: 0.7986
loss: 0.5046, acc: 0.8036
loss: 0.5093, acc: 0.8010
loss: 0.5104, acc: 0.7982
loss: 0.5132, acc: 0.7974
loss: 0.5069, acc: 0.7978
loss: 0.5028, acc: 0.7981
loss: 0.4921, acc: 0.8068
loss: 0.4826, acc: 0.8106
loss: 0.4799, acc: 0.8119
loss: 0.4893, acc: 0.8088
loss: 0.4939, acc: 0.8062
loss: 0.4922, acc: 0.8053
loss: 0.4906, acc: 0.8053
loss: 0.4929, acc: 0.8050
loss: 0.4924, acc: 0.8043
loss: 0.4958, acc: 0.8044
loss: 0.4937, acc: 0.8055
loss: 0.4944, acc: 0.8068
loss: 0.4927, acc: 0.8092
loss: 0.4945, acc: 0.8091
> val_acc: 0.7777, val_f1: 0.6254
>>>>>>>>>>>>>>>>>>>>>>>>>>>>>>>>>>>>>>>>>>>>>>>>>>>>>>>>>>>>>>>>>>>>>>>>>>>>>>>>>>>>>>>>>>>>>>>>>>>>
epoch: 3
loss: 0.3909, acc: 0.8438
loss: 0.4047, acc: 0.8542
loss: 0.4024, acc: 0.8580
loss: 0.4084, acc: 0.8496
loss: 0.4236, acc: 0.8408
loss: 0.4332, acc: 0.8377
loss: 0.4323, acc: 0.8347
loss: 0.4341, acc: 0.8325
loss: 0.4261, acc: 0.8361
loss: 0.4259, acc: 0.8342
loss: 0.4190, acc: 0.8382
loss: 0.4250, acc: 0.8354
loss: 0.4301, acc: 0.8350
loss: 0.4309, acc: 0.8333
loss: 0.4363, acc: 0.8310
loss: 0.4385, acc: 0.8277
loss: 0.4425, acc: 0.8272
loss: 0.4460, acc: 0.8256
loss: 0.4476, acc: 0.8242
loss: 0.4493, acc: 0.8236
loss: 0.4493, acc: 0.8249
loss: 0.4467, acc: 0.8272
loss: 0.4427, acc: 0.8297
> val_acc: 0.7821, val_f1: 0.6303
>>>>>>>>>>>>>>>>>>>>>>>>>>>>>>>>>>>>>>>>>>>>>>>>>>>>>>>>>>>>>>>>>>>>>>>>>>>>>>>>>>>>>>>>>>>>>>>>>>>>
epoch: 4
loss: 0.4206, acc: 0.8229
loss: 0.4734, acc: 0.8125
loss: 0.4560, acc: 0.8125
loss: 0.4480, acc: 0.8194
loss: 0.4299, acc: 0.8370
loss: 0.4225, acc: 0.8382
loss: 0.4332, acc: 0.8333
loss: 0.4272, acc: 0.8372
loss: 0.4171, acc: 0.8445
loss: 0.4159, acc: 0.8457
loss: 0.4165, acc: 0.8443
loss: 0.4142, acc: 0.8448
loss: 0.4111, acc: 0.8457
loss: 0.4125, acc: 0.8460
loss: 0.4092, acc: 0.8467
loss: 0.4053, acc: 0.8482
loss: 0.4037, acc: 0.8498
loss: 0.4017, acc: 0.8516
loss: 0.4005, acc: 0.8515
loss: 0.4009, acc: 0.8511
loss: 0.3962, acc: 0.8532
loss: 0.3983, acc: 0.8510
loss: 0.3962, acc: 0.8520
> val_acc: 0.7929, val_f1: 0.6733
>> saved: state_dict/gc_ian_restaurant_val_acc0.7929
>>>>>>>>>>>>>>>>>>>>>>>>>>>>>>>>>>>>>>>>>>>>>>>>>>>>>>>>>>>>>>>>>>>>>>>>>>>>>>>>>>>>>>>>>>>>>>>>>>>>
epoch: 5
loss: 0.3116, acc: 0.9250
loss: 0.4036, acc: 0.8562
loss: 0.3829, acc: 0.8688
loss: 0.3945, acc: 0.8531
loss: 0.3903, acc: 0.8525
loss: 0.3820, acc: 0.8562
loss: 0.3687, acc: 0.8643
loss: 0.3733, acc: 0.8602
loss: 0.3703, acc: 0.8639
loss: 0.3697, acc: 0.8612
loss: 0.3686, acc: 0.8614
loss: 0.3717, acc: 0.8594
loss: 0.3752, acc: 0.8577
loss: 0.3675, acc: 0.8629
loss: 0.3709, acc: 0.8621
loss: 0.3729, acc: 0.8598
loss: 0.3706, acc: 0.8610
loss: 0.3702, acc: 0.8611
loss: 0.3729, acc: 0.8599
loss: 0.3731, acc: 0.8594
loss: 0.3707, acc: 0.8607
loss: 0.3727, acc: 0.8599
> val_acc: 0.7946, val_f1: 0.6834
>> saved: state_dict/gc_ian_restaurant_val_acc0.7946
>>>>>>>>>>>>>>>>>>>>>>>>>>>>>>>>>>>>>>>>>>>>>>>>>>>>>>>>>>>>>>>>>>>>>>>>>>>>>>>>>>>>>>>>>>>>>>>>>>>>
epoch: 6
loss: 0.3161, acc: 0.8906
loss: 0.3487, acc: 0.8482
loss: 0.3243, acc: 0.8698
loss: 0.3283, acc: 0.8658
loss: 0.3411, acc: 0.8693
loss: 0.3341, acc: 0.8750
loss: 0.3351, acc: 0.8750
loss: 0.3406, acc: 0.8767
loss: 0.3375, acc: 0.8787
loss: 0.3370, acc: 0.8803
loss: 0.3405, acc: 0.8810
loss: 0.3433, acc: 0.8805
loss: 0.3414, acc: 0.8790
loss: 0.3385, acc: 0.8797
loss: 0.3448, acc: 0.8772
loss: 0.3431, acc: 0.8791
loss: 0.3413, acc: 0.8796
loss: 0.3455, acc: 0.8764
loss: 0.3539, acc: 0.8726
loss: 0.3523, acc: 0.8727
loss: 0.3537, acc: 0.8719
loss: 0.3556, acc: 0.8700
loss: 0.3512, acc: 0.8725
> val_acc: 0.7893, val_f1: 0.6629
>>>>>>>>>>>>>>>>>>>>>>>>>>>>>>>>>>>>>>>>>>>>>>>>>>>>>>>>>>>>>>>>>>>>>>>>>>>>>>>>>>>>>>>>>>>>>>>>>>>>
epoch: 7
loss: 0.2470, acc: 0.9297
loss: 0.2824, acc: 0.9132
loss: 0.3157, acc: 0.8862
loss: 0.3086, acc: 0.8914
loss: 0.3193, acc: 0.8828
loss: 0.3136, acc: 0.8869
loss: 0.3102, acc: 0.8906
loss: 0.3093, acc: 0.8894
loss: 0.3136, acc: 0.8864
loss: 0.3245, acc: 0.8839
loss: 0.3262, acc: 0.8843
loss: 0.3275, acc: 0.8856
loss: 0.3291, acc: 0.8833
loss: 0.3289, acc: 0.8827
loss: 0.3290, acc: 0.8826
loss: 0.3314, acc: 0.8825
loss: 0.3318, acc: 0.8824
loss: 0.3329, acc: 0.8810
loss: 0.3305, acc: 0.8810
loss: 0.3278, acc: 0.8816
loss: 0.3263, acc: 0.8831
loss: 0.3256, acc: 0.8830
> val_acc: 0.7911, val_f1: 0.6605
>>>>>>>>>>>>>>>>>>>>>>>>>>>>>>>>>>>>>>>>>>>>>>>>>>>>>>>>>>>>>>>>>>>>>>>>>>>>>>>>>>>>>>>>>>>>>>>>>>>>
epoch: 8
loss: 0.4830, acc: 0.8438
loss: 0.3308, acc: 0.8802
loss: 0.3379, acc: 0.8636
loss: 0.3197, acc: 0.8789
loss: 0.3264, acc: 0.8765
loss: 0.3213, acc: 0.8834
loss: 0.3242, acc: 0.8831
loss: 0.3270, acc: 0.8828
loss: 0.3239, acc: 0.8849
loss: 0.3193, acc: 0.8859
loss: 0.3128, acc: 0.8891
loss: 0.3120, acc: 0.8890
loss: 0.3142, acc: 0.8893
loss: 0.3163, acc: 0.8878
loss: 0.3164, acc: 0.8864
loss: 0.3169, acc: 0.8849
loss: 0.3143, acc: 0.8862
loss: 0.3153, acc: 0.8863
loss: 0.3124, acc: 0.8874
loss: 0.3092, acc: 0.8896
loss: 0.3090, acc: 0.8908
loss: 0.3064, acc: 0.8909
loss: 0.3068, acc: 0.8908
> val_acc: 0.7902, val_f1: 0.6590
>>>>>>>>>>>>>>>>>>>>>>>>>>>>>>>>>>>>>>>>>>>>>>>>>>>>>>>>>>>>>>>>>>>>>>>>>>>>>>>>>>>>>>>>>>>>>>>>>>>>
epoch: 9
loss: 0.3357, acc: 0.8854
loss: 0.3003, acc: 0.8945
loss: 0.2871, acc: 0.8918
loss: 0.2957, acc: 0.8906
loss: 0.2920, acc: 0.8927
loss: 0.2882, acc: 0.8940
loss: 0.2857, acc: 0.8968
loss: 0.2909, acc: 0.8956
loss: 0.3001, acc: 0.8903
loss: 0.2968, acc: 0.8913
loss: 0.2963, acc: 0.8945
loss: 0.2928, acc: 0.8955
loss: 0.2893, acc: 0.8968
loss: 0.2890, acc: 0.8952
loss: 0.2896, acc: 0.8943
loss: 0.2849, acc: 0.8978
loss: 0.2878, acc: 0.8953
loss: 0.2891, acc: 0.8967
loss: 0.2853, acc: 0.8978
loss: 0.2873, acc: 0.8976
loss: 0.2856, acc: 0.8984
loss: 0.2860, acc: 0.8984
loss: 0.2842, acc: 0.8994
> val_acc: 0.7902, val_f1: 0.6703
>>>>>>>>>>>>>>>>>>>>>>>>>>>>>>>>>>>>>>>>>>>>>>>>>>>>>>>>>>>>>>>>>>>>>>>>>>>>>>>>>>>>>>>>>>>>>>>>>>>>
epoch: 10
loss: 0.2606, acc: 0.9375
loss: 0.2680, acc: 0.9281
loss: 0.2680, acc: 0.9250
loss: 0.2807, acc: 0.9094
loss: 0.2761, acc: 0.9150
loss: 0.2781, acc: 0.9135
loss: 0.2757, acc: 0.9125
loss: 0.2802, acc: 0.9094
loss: 0.2803, acc: 0.9083
loss: 0.2847, acc: 0.9056
loss: 0.2824, acc: 0.9068
loss: 0.2772, acc: 0.9094
loss: 0.2779, acc: 0.9072
loss: 0.2783, acc: 0.9054
loss: 0.2732, acc: 0.9071
loss: 0.2692, acc: 0.9090
loss: 0.2676, acc: 0.9099
loss: 0.2658, acc: 0.9101
loss: 0.2681, acc: 0.9089
loss: 0.2636, acc: 0.9109
loss: 0.2657, acc: 0.9092
loss: 0.2682, acc: 0.9080
> val_acc: 0.7920, val_f1: 0.6643
>>>>>>>>>>>>>>>>>>>>>>>>>>>>>>>>>>>>>>>>>>>>>>>>>>>>>>>>>>>>>>>>>>>>>>>>>>>>>>>>>>>>>>>>>>>>>>>>>>>>
epoch: 11
loss: 0.2804, acc: 0.8906
loss: 0.3116, acc: 0.8839
loss: 0.2701, acc: 0.9036
loss: 0.2789, acc: 0.9007
loss: 0.2673, acc: 0.9119
loss: 0.2603, acc: 0.9144
loss: 0.2588, acc: 0.9150
loss: 0.2595, acc: 0.9130
loss: 0.2595, acc: 0.9122
loss: 0.2613, acc: 0.9129
loss: 0.2563, acc: 0.9147
loss: 0.2576, acc: 0.9117
loss: 0.2576, acc: 0.9108
loss: 0.2547, acc: 0.9109
loss: 0.2599, acc: 0.9097
loss: 0.2562, acc: 0.9119
loss: 0.2605, acc: 0.9104
loss: 0.2623, acc: 0.9084
loss: 0.2637, acc: 0.9079
loss: 0.2642, acc: 0.9072
loss: 0.2623, acc: 0.9087
loss: 0.2647, acc: 0.9077
loss: 0.2617, acc: 0.9102
> val_acc: 0.7839, val_f1: 0.6439
>>>>>>>>>>>>>>>>>>>>>>>>>>>>>>>>>>>>>>>>>>>>>>>>>>>>>>>>>>>>>>>>>>>>>>>>>>>>>>>>>>>>>>>>>>>>>>>>>>>>
epoch: 12
loss: 0.2055, acc: 0.9141
loss: 0.2462, acc: 0.9062
loss: 0.2457, acc: 0.9085
loss: 0.2441, acc: 0.9079
loss: 0.2351, acc: 0.9180
loss: 0.2340, acc: 0.9224
loss: 0.2393, acc: 0.9191
loss: 0.2410, acc: 0.9167
loss: 0.2423, acc: 0.9155
loss: 0.2369, acc: 0.9184
loss: 0.2429, acc: 0.9149
loss: 0.2492, acc: 0.9121
loss: 0.2501, acc: 0.9116
loss: 0.2500, acc: 0.9121
loss: 0.2509, acc: 0.9130
loss: 0.2558, acc: 0.9098
loss: 0.2536, acc: 0.9118
loss: 0.2519, acc: 0.9129
loss: 0.2526, acc: 0.9129
loss: 0.2532, acc: 0.9122
loss: 0.2556, acc: 0.9105
loss: 0.2542, acc: 0.9108
> val_acc: 0.7902, val_f1: 0.6711
>>>>>>>>>>>>>>>>>>>>>>>>>>>>>>>>>>>>>>>>>>>>>>>>>>>>>>>>>>>>>>>>>>>>>>>>>>>>>>>>>>>>>>>>>>>>>>>>>>>>
epoch: 13
loss: 0.2206, acc: 0.9062
loss: 0.2431, acc: 0.8958
loss: 0.2298, acc: 0.9091
loss: 0.2338, acc: 0.9121
loss: 0.2348, acc: 0.9107
loss: 0.2238, acc: 0.9231
loss: 0.2191, acc: 0.9254
loss: 0.2185, acc: 0.9253
loss: 0.2190, acc: 0.9261
loss: 0.2225, acc: 0.9239
loss: 0.2307, acc: 0.9216
loss: 0.2330, acc: 0.9174
loss: 0.2350, acc: 0.9170
loss: 0.2338, acc: 0.9171
loss: 0.2345, acc: 0.9173
loss: 0.2351, acc: 0.9157
loss: 0.2354, acc: 0.9167
loss: 0.2350, acc: 0.9164
loss: 0.2373, acc: 0.9159
loss: 0.2375, acc: 0.9163
loss: 0.2391, acc: 0.9152
loss: 0.2380, acc: 0.9166
loss: 0.2394, acc: 0.9167
> val_acc: 0.7830, val_f1: 0.6494
>>>>>>>>>>>>>>>>>>>>>>>>>>>>>>>>>>>>>>>>>>>>>>>>>>>>>>>>>>>>>>>>>>>>>>>>>>>>>>>>>>>>>>>>>>>>>>>>>>>>
epoch: 14
loss: 0.1901, acc: 0.9375
loss: 0.2308, acc: 0.9180
loss: 0.2158, acc: 0.9279
loss: 0.2254, acc: 0.9271
loss: 0.2307, acc: 0.9226
loss: 0.2405, acc: 0.9174
loss: 0.2451, acc: 0.9157
loss: 0.2423, acc: 0.9194
loss: 0.2423, acc: 0.9201
loss: 0.2437, acc: 0.9186
loss: 0.2501, acc: 0.9163
loss: 0.2493, acc: 0.9170
loss: 0.2525, acc: 0.9152
loss: 0.2503, acc: 0.9150
loss: 0.2481, acc: 0.9174
loss: 0.2452, acc: 0.9187
loss: 0.2410, acc: 0.9206
loss: 0.2393, acc: 0.9208
loss: 0.2371, acc: 0.9217
loss: 0.2371, acc: 0.9216
loss: 0.2351, acc: 0.9220
loss: 0.2347, acc: 0.9219
loss: 0.2342, acc: 0.9221
> val_acc: 0.7875, val_f1: 0.6604
>>>>>>>>>>>>>>>>>>>>>>>>>>>>>>>>>>>>>>>>>>>>>>>>>>>>>>>>>>>>>>>>>>>>>>>>>>>>>>>>>>>>>>>>>>>>>>>>>>>>
epoch: 15
loss: 0.2213, acc: 0.9187
loss: 0.2363, acc: 0.9313
loss: 0.2231, acc: 0.9333
loss: 0.2268, acc: 0.9313
loss: 0.2230, acc: 0.9313
loss: 0.2343, acc: 0.9219
loss: 0.2240, acc: 0.9250
loss: 0.2256, acc: 0.9250
loss: 0.2297, acc: 0.9236
loss: 0.2273, acc: 0.9250
loss: 0.2297, acc: 0.9233
loss: 0.2301, acc: 0.9229
loss: 0.2305, acc: 0.9231
loss: 0.2321, acc: 0.9241
loss: 0.2305, acc: 0.9246
loss: 0.2279, acc: 0.9254
loss: 0.2245, acc: 0.9257
loss: 0.2248, acc: 0.9264
loss: 0.2257, acc: 0.9257
loss: 0.2260, acc: 0.9247
loss: 0.2244, acc: 0.9259
loss: 0.2269, acc: 0.9244
> val_acc: 0.7884, val_f1: 0.6564
>>>>>>>>>>>>>>>>>>>>>>>>>>>>>>>>>>>>>>>>>>>>>>>>>>>>>>>>>>>>>>>>>>>>>>>>>>>>>>>>>>>>>>>>>>>>>>>>>>>>
epoch: 16
loss: 0.3293, acc: 0.8750
loss: 0.2549, acc: 0.9018
loss: 0.2364, acc: 0.9089
loss: 0.2230, acc: 0.9154
loss: 0.2299, acc: 0.9205
loss: 0.2248, acc: 0.9213
loss: 0.2233, acc: 0.9248
loss: 0.2210, acc: 0.9240
loss: 0.2155, acc: 0.9286
loss: 0.2152, acc: 0.9309
loss: 0.2179, acc: 0.9261
loss: 0.2159, acc: 0.9276
loss: 0.2149, acc: 0.9289
loss: 0.2158, acc: 0.9291
loss: 0.2173, acc: 0.9275
loss: 0.2217, acc: 0.9265
loss: 0.2252, acc: 0.9242
loss: 0.2257, acc: 0.9239
loss: 0.2259, acc: 0.9236
loss: 0.2227, acc: 0.9256
loss: 0.2218, acc: 0.9256
loss: 0.2214, acc: 0.9252
loss: 0.2203, acc: 0.9258
> val_acc: 0.7839, val_f1: 0.6530
>>>>>>>>>>>>>>>>>>>>>>>>>>>>>>>>>>>>>>>>>>>>>>>>>>>>>>>>>>>>>>>>>>>>>>>>>>>>>>>>>>>>>>>>>>>>>>>>>>>>
epoch: 17
loss: 0.2172, acc: 0.9297
loss: 0.1948, acc: 0.9340
loss: 0.2067, acc: 0.9308
loss: 0.2250, acc: 0.9227
loss: 0.2114, acc: 0.9310
loss: 0.2033, acc: 0.9353
loss: 0.2066, acc: 0.9320
loss: 0.1990, acc: 0.9367
loss: 0.1987, acc: 0.9354
loss: 0.1909, acc: 0.9388
loss: 0.1939, acc: 0.9392
loss: 0.1980, acc: 0.9364
loss: 0.1999, acc: 0.9360
loss: 0.2041, acc: 0.9343
loss: 0.2046, acc: 0.9337
loss: 0.2079, acc: 0.9316
loss: 0.2071, acc: 0.9312
loss: 0.2083, acc: 0.9305
loss: 0.2105, acc: 0.9292
loss: 0.2112, acc: 0.9280
loss: 0.2103, acc: 0.9285
loss: 0.2107, acc: 0.9280
> val_acc: 0.7902, val_f1: 0.6628
>>>>>>>>>>>>>>>>>>>>>>>>>>>>>>>>>>>>>>>>>>>>>>>>>>>>>>>>>>>>>>>>>>>>>>>>>>>>>>>>>>>>>>>>>>>>>>>>>>>>
epoch: 18
loss: 0.1537, acc: 0.9688
loss: 0.2108, acc: 0.9219
loss: 0.2179, acc: 0.9119
loss: 0.2246, acc: 0.9082
loss: 0.2175, acc: 0.9152
loss: 0.2086, acc: 0.9171
loss: 0.2155, acc: 0.9153
loss: 0.2158, acc: 0.9175
loss: 0.2167, acc: 0.9177
loss: 0.2166, acc: 0.9171
loss: 0.2168, acc: 0.9179
loss: 0.2146, acc: 0.9202
loss: 0.2166, acc: 0.9196
loss: 0.2202, acc: 0.9181
loss: 0.2183, acc: 0.9186
loss: 0.2187, acc: 0.9182
loss: 0.2178, acc: 0.9186
loss: 0.2186, acc: 0.9175
loss: 0.2174, acc: 0.9190
loss: 0.2158, acc: 0.9202
loss: 0.2154, acc: 0.9211
loss: 0.2164, acc: 0.9210
loss: 0.2162, acc: 0.9215
> val_acc: 0.7893, val_f1: 0.6671
>>>>>>>>>>>>>>>>>>>>>>>>>>>>>>>>>>>>>>>>>>>>>>>>>>>>>>>>>>>>>>>>>>>>>>>>>>>>>>>>>>>>>>>>>>>>>>>>>>>>
epoch: 19
loss: 0.2175, acc: 0.9167
loss: 0.1934, acc: 0.9492
loss: 0.1860, acc: 0.9471
loss: 0.1855, acc: 0.9462
loss: 0.1882, acc: 0.9457
loss: 0.1900, acc: 0.9431
loss: 0.1841, acc: 0.9451
loss: 0.1783, acc: 0.9465
loss: 0.1785, acc: 0.9455
loss: 0.1825, acc: 0.9414
loss: 0.1857, acc: 0.9416
loss: 0.1872, acc: 0.9391
loss: 0.1880, acc: 0.9380
loss: 0.1881, acc: 0.9380
loss: 0.1918, acc: 0.9379
loss: 0.1929, acc: 0.9379
loss: 0.1969, acc: 0.9364
loss: 0.1963, acc: 0.9368
loss: 0.1921, acc: 0.9392
loss: 0.1920, acc: 0.9381
loss: 0.1936, acc: 0.9369
loss: 0.1916, acc: 0.9378
loss: 0.1934, acc: 0.9368
> val_acc: 0.7902, val_f1: 0.6596
>>>>>>>>>>>>>>>>>>>>>>>>>>>>>>>>>>>>>>>>>>>>>>>>>>>>>>>>>>>>>>>>>>>>>>>>>>>>>>>>>>>>>>>>>>>>>>>>>>>>
epoch: 20
loss: 0.1633, acc: 0.9625
loss: 0.1889, acc: 0.9437
loss: 0.1740, acc: 0.9542
loss: 0.1742, acc: 0.9563
loss: 0.1892, acc: 0.9475
loss: 0.1852, acc: 0.9469
loss: 0.1816, acc: 0.9482
loss: 0.1828, acc: 0.9453
loss: 0.1823, acc: 0.9458
loss: 0.1806, acc: 0.9475
loss: 0.1845, acc: 0.9432
loss: 0.1848, acc: 0.9437
loss: 0.1852, acc: 0.9437
loss: 0.1881, acc: 0.9406
loss: 0.1875, acc: 0.9417
loss: 0.1875, acc: 0.9426
loss: 0.1870, acc: 0.9423
loss: 0.1871, acc: 0.9420
loss: 0.1884, acc: 0.9401
loss: 0.1892, acc: 0.9400
loss: 0.1904, acc: 0.9396
loss: 0.1917, acc: 0.9392
> val_acc: 0.7946, val_f1: 0.6688
>>>>>>>>>>>>>>>>>>>>>>>>>>>>>>>>>>>>>>>>>>>>>>>>>>>>>>>>>>>>>>>>>>>>>>>>>>>>>>>>>>>>>>>>>>>>>>>>>>>>
epoch: 21
loss: 0.1275, acc: 0.9375
loss: 0.1607, acc: 0.9464
loss: 0.1524, acc: 0.9505
loss: 0.1519, acc: 0.9540
loss: 0.1549, acc: 0.9560
loss: 0.1718, acc: 0.9479
loss: 0.1712, acc: 0.9482
loss: 0.1740, acc: 0.9468
loss: 0.1702, acc: 0.9487
loss: 0.1685, acc: 0.9488
loss: 0.1706, acc: 0.9477
loss: 0.1774, acc: 0.9435
loss: 0.1750, acc: 0.9435
loss: 0.1764, acc: 0.9440
loss: 0.1772, acc: 0.9431
loss: 0.1766, acc: 0.9424
loss: 0.1757, acc: 0.9421
loss: 0.1791, acc: 0.9404
loss: 0.1831, acc: 0.9395
loss: 0.1855, acc: 0.9378
loss: 0.1858, acc: 0.9375
loss: 0.1855, acc: 0.9378
loss: 0.1840, acc: 0.9386
> val_acc: 0.7929, val_f1: 0.6786
>>>>>>>>>>>>>>>>>>>>>>>>>>>>>>>>>>>>>>>>>>>>>>>>>>>>>>>>>>>>>>>>>>>>>>>>>>>>>>>>>>>>>>>>>>>>>>>>>>>>
epoch: 22
loss: 0.2682, acc: 0.9062
loss: 0.2369, acc: 0.9271
loss: 0.2281, acc: 0.9241
loss: 0.2234, acc: 0.9260
loss: 0.2093, acc: 0.9323
loss: 0.2068, acc: 0.9310
loss: 0.1989, acc: 0.9357
loss: 0.1971, acc: 0.9351
loss: 0.1896, acc: 0.9396
loss: 0.1866, acc: 0.9413
loss: 0.1851, acc: 0.9410
loss: 0.1833, acc: 0.9412
loss: 0.1820, acc: 0.9399
loss: 0.1841, acc: 0.9389
loss: 0.1865, acc: 0.9367
loss: 0.1836, acc: 0.9375
loss: 0.1876, acc: 0.9345
loss: 0.1850, acc: 0.9364
loss: 0.1869, acc: 0.9358
loss: 0.1891, acc: 0.9340
loss: 0.1879, acc: 0.9345
loss: 0.1884, acc: 0.9346
> val_acc: 0.7884, val_f1: 0.6595
>>>>>>>>>>>>>>>>>>>>>>>>>>>>>>>>>>>>>>>>>>>>>>>>>>>>>>>>>>>>>>>>>>>>>>>>>>>>>>>>>>>>>>>>>>>>>>>>>>>>
epoch: 23
loss: 0.1737, acc: 0.9375
loss: 0.1819, acc: 0.9375
loss: 0.1774, acc: 0.9460
loss: 0.1862, acc: 0.9316
loss: 0.1948, acc: 0.9345
loss: 0.1906, acc: 0.9375
loss: 0.1878, acc: 0.9355
loss: 0.1884, acc: 0.9332
loss: 0.1878, acc: 0.9306
loss: 0.1835, acc: 0.9334
loss: 0.1868, acc: 0.9332
loss: 0.1890, acc: 0.9314
loss: 0.1855, acc: 0.9344
loss: 0.1843, acc: 0.9332
loss: 0.1816, acc: 0.9353
loss: 0.1821, acc: 0.9350
loss: 0.1818, acc: 0.9352
loss: 0.1822, acc: 0.9357
loss: 0.1843, acc: 0.9354
loss: 0.1838, acc: 0.9362
loss: 0.1838, acc: 0.9356
loss: 0.1830, acc: 0.9366
loss: 0.1845, acc: 0.9364
> val_acc: 0.7920, val_f1: 0.6677
>>>>>>>>>>>>>>>>>>>>>>>>>>>>>>>>>>>>>>>>>>>>>>>>>>>>>>>>>>>>>>>>>>>>>>>>>>>>>>>>>>>>>>>>>>>>>>>>>>>>
epoch: 24
loss: 0.1283, acc: 0.9688
loss: 0.1769, acc: 0.9375
loss: 0.1707, acc: 0.9423
loss: 0.1948, acc: 0.9323
loss: 0.1842, acc: 0.9389
loss: 0.1905, acc: 0.9386
loss: 0.1886, acc: 0.9403
loss: 0.1795, acc: 0.9457
loss: 0.1752, acc: 0.9477
loss: 0.1726, acc: 0.9499
loss: 0.1736, acc: 0.9487
loss: 0.1755, acc: 0.9472
loss: 0.1838, acc: 0.9449
loss: 0.1862, acc: 0.9430
loss: 0.1817, acc: 0.9448
loss: 0.1807, acc: 0.9447
loss: 0.1796, acc: 0.9450
loss: 0.1822, acc: 0.9428
loss: 0.1803, acc: 0.9442
loss: 0.1807, acc: 0.9442
loss: 0.1816, acc: 0.9436
loss: 0.1798, acc: 0.9439
loss: 0.1813, acc: 0.9435
> val_acc: 0.7902, val_f1: 0.6566
>>>>>>>>>>>>>>>>>>>>>>>>>>>>>>>>>>>>>>>>>>>>>>>>>>>>>>>>>>>>>>>>>>>>>>>>>>>>>>>>>>>>>>>>>>>>>>>>>>>>
epoch: 25
loss: 0.2198, acc: 0.9000
loss: 0.1823, acc: 0.9250
loss: 0.1748, acc: 0.9292
loss: 0.1717, acc: 0.9344
loss: 0.1629, acc: 0.9413
loss: 0.1606, acc: 0.9427
loss: 0.1638, acc: 0.9411
loss: 0.1694, acc: 0.9406
loss: 0.1742, acc: 0.9354
loss: 0.1723, acc: 0.9369
loss: 0.1714, acc: 0.9381
loss: 0.1751, acc: 0.9354
loss: 0.1757, acc: 0.9361
loss: 0.1719, acc: 0.9384
loss: 0.1709, acc: 0.9400
loss: 0.1721, acc: 0.9406
loss: 0.1723, acc: 0.9397
loss: 0.1741, acc: 0.9392
loss: 0.1776, acc: 0.9382
loss: 0.1742, acc: 0.9400
loss: 0.1753, acc: 0.9396
loss: 0.1753, acc: 0.9395
> val_acc: 0.7848, val_f1: 0.6566
>>>>>>>>>>>>>>>>>>>>>>>>>>>>>>>>>>>>>>>>>>>>>>>>>>>>>>>>>>>>>>>>>>>>>>>>>>>>>>>>>>>>>>>>>>>>>>>>>>>>
epoch: 26
loss: 0.1693, acc: 0.9531
loss: 0.2096, acc: 0.9107
loss: 0.1997, acc: 0.9245
loss: 0.1895, acc: 0.9357
loss: 0.1888, acc: 0.9361
loss: 0.1889, acc: 0.9340
loss: 0.1811, acc: 0.9375
loss: 0.1758, acc: 0.9375
loss: 0.1742, acc: 0.9375
loss: 0.1731, acc: 0.9375
loss: 0.1703, acc: 0.9393
loss: 0.1651, acc: 0.9419
loss: 0.1672, acc: 0.9410
loss: 0.1678, acc: 0.9412
loss: 0.1665, acc: 0.9431
loss: 0.1656, acc: 0.9428
loss: 0.1653, acc: 0.9428
loss: 0.1666, acc: 0.9429
loss: 0.1672, acc: 0.9423
loss: 0.1667, acc: 0.9427
loss: 0.1676, acc: 0.9424
loss: 0.1706, acc: 0.9410
loss: 0.1722, acc: 0.9408
> val_acc: 0.7875, val_f1: 0.6616
>>>>>>>>>>>>>>>>>>>>>>>>>>>>>>>>>>>>>>>>>>>>>>>>>>>>>>>>>>>>>>>>>>>>>>>>>>>>>>>>>>>>>>>>>>>>>>>>>>>>
epoch: 27
loss: 0.0922, acc: 0.9922
loss: 0.1200, acc: 0.9792
loss: 0.1394, acc: 0.9643
loss: 0.1393, acc: 0.9638
loss: 0.1400, acc: 0.9622
loss: 0.1417, acc: 0.9634
loss: 0.1381, acc: 0.9651
loss: 0.1384, acc: 0.9663
loss: 0.1396, acc: 0.9631
loss: 0.1392, acc: 0.9611
loss: 0.1393, acc: 0.9612
loss: 0.1431, acc: 0.9571
loss: 0.1451, acc: 0.9561
loss: 0.1449, acc: 0.9570
loss: 0.1482, acc: 0.9548
loss: 0.1502, acc: 0.9537
loss: 0.1548, acc: 0.9513
loss: 0.1567, acc: 0.9505
loss: 0.1589, acc: 0.9498
loss: 0.1608, acc: 0.9482
loss: 0.1613, acc: 0.9480
loss: 0.1605, acc: 0.9478
> val_acc: 0.7893, val_f1: 0.6651
>>>>>>>>>>>>>>>>>>>>>>>>>>>>>>>>>>>>>>>>>>>>>>>>>>>>>>>>>>>>>>>>>>>>>>>>>>>>>>>>>>>>>>>>>>>>>>>>>>>>
epoch: 28
loss: 0.0695, acc: 1.0000
loss: 0.1255, acc: 0.9635
loss: 0.1349, acc: 0.9545
loss: 0.1423, acc: 0.9531
loss: 0.1415, acc: 0.9539
loss: 0.1411, acc: 0.9495
loss: 0.1460, acc: 0.9486
loss: 0.1489, acc: 0.9497
loss: 0.1485, acc: 0.9505
loss: 0.1482, acc: 0.9504
loss: 0.1503, acc: 0.9491
loss: 0.1488, acc: 0.9515
loss: 0.1496, acc: 0.9518
loss: 0.1524, acc: 0.9512
loss: 0.1572, acc: 0.9485
loss: 0.1578, acc: 0.9486
loss: 0.1562, acc: 0.9495
loss: 0.1555, acc: 0.9499
loss: 0.1542, acc: 0.9505
loss: 0.1559, acc: 0.9502
loss: 0.1590, acc: 0.9486
loss: 0.1600, acc: 0.9481
loss: 0.1615, acc: 0.9474
> val_acc: 0.7884, val_f1: 0.6590
>>>>>>>>>>>>>>>>>>>>>>>>>>>>>>>>>>>>>>>>>>>>>>>>>>>>>>>>>>>>>>>>>>>>>>>>>>>>>>>>>>>>>>>>>>>>>>>>>>>>
epoch: 29
loss: 0.1161, acc: 0.9792
loss: 0.1662, acc: 0.9531
loss: 0.1589, acc: 0.9543
loss: 0.1676, acc: 0.9497
loss: 0.1535, acc: 0.9552
loss: 0.1535, acc: 0.9542
loss: 0.1562, acc: 0.9517
loss: 0.1562, acc: 0.9515
loss: 0.1522, acc: 0.9528
loss: 0.1511, acc: 0.9531
loss: 0.1492, acc: 0.9540
loss: 0.1531, acc: 0.9520
loss: 0.1525, acc: 0.9519
loss: 0.1569, acc: 0.9494
loss: 0.1552, acc: 0.9499
loss: 0.1551, acc: 0.9499
loss: 0.1577, acc: 0.9480
loss: 0.1587, acc: 0.9474
loss: 0.1558, acc: 0.9496
loss: 0.1559, acc: 0.9503
loss: 0.1564, acc: 0.9499
loss: 0.1553, acc: 0.9505
loss: 0.1553, acc: 0.9501
> val_acc: 0.7839, val_f1: 0.6528
>> test_acc: 0.7946, test_f1: 0.6834
