cuda memory allocated: 27204096
n_trainable_params: 5472543, n_nontrainable_params: 1323600
> training arguments:
>>> model_name: gc_ian
>>> dataset: restaurant
>>> optimizer: <class 'torch.optim.adam.Adam'>
>>> initializer: <function xavier_uniform_ at 0x0000028290947620>
>>> learning_rate: 0.0003
>>> momentum: 0.95
>>> dropout: 0.2
>>> l2reg: 5e-05
>>> num_epoch: 30
>>> batch_size: 32
>>> log_step: 5
>>> embed_dim: 300
>>> hidden_dim: 300
>>> bert_dim: 768
>>> pretrained_bert_name: bert-base-uncased
>>> max_seq_len: 80
>>> polarities_dim: 3
>>> hops: 3
>>> device: cuda
>>> seed: 10
>>> valset_ratio: 0
>>> num_layers: 1
>>> in_channels: 600
>>> out_channels: 1
>>> downbot: 20
>>> kernel_size: 3
>>> glove_path: ./glove/glove.840B.300d.txt
>>> model_class: <class 'models.gc_ian.GC_IAN'>
>>> dataset_file: {'train': './datasets/semeval14/Restaurants_Train.xml.seg', 'test': './datasets/semeval14/Restaurants_Test_Gold.xml.seg'}
>>> inputs_cols: ['text_raw_indices', 'aspect_indices']
>>>>>>>>>>>>>>>>>>>>>>>>>>>>>>>>>>>>>>>>>>>>>>>>>>>>>>>>>>>>>>>>>>>>>>>>>>>>>>>>>>>>>>>>>>>>>>>>>>>>
epoch: 0
loss: 0.8828, acc: 0.5813
loss: 0.9369, acc: 0.5875
loss: 0.9489, acc: 0.5979
loss: 0.9365, acc: 0.6125
loss: 0.9493, acc: 0.5988
loss: 0.9526, acc: 0.6000
loss: 0.9472, acc: 0.6009
loss: 0.9455, acc: 0.6016
loss: 0.9510, acc: 0.5896
loss: 0.9444, acc: 0.5900
loss: 0.9377, acc: 0.5943
loss: 0.9366, acc: 0.5917
loss: 0.9320, acc: 0.5928
loss: 0.9269, acc: 0.5920
loss: 0.9242, acc: 0.5921
loss: 0.9215, acc: 0.5941
loss: 0.9169, acc: 0.5960
loss: 0.9119, acc: 0.5983
loss: 0.9080, acc: 0.6000
loss: 0.9069, acc: 0.6003
loss: 0.9012, acc: 0.6039
loss: 0.8938, acc: 0.6077
> val_acc: 0.7009, val_f1: 0.4626
>> saved: state_dict/gc_ian_restaurant_val_acc0.7009
>>>>>>>>>>>>>>>>>>>>>>>>>>>>>>>>>>>>>>>>>>>>>>>>>>>>>>>>>>>>>>>>>>>>>>>>>>>>>>>>>>>>>>>>>>>>>>>>>>>>
epoch: 1
loss: 0.7637, acc: 0.6875
loss: 0.7776, acc: 0.6741
loss: 0.8108, acc: 0.6562
loss: 0.8095, acc: 0.6526
loss: 0.7772, acc: 0.6733
loss: 0.7826, acc: 0.6690
loss: 0.7871, acc: 0.6680
loss: 0.7826, acc: 0.6689
loss: 0.7723, acc: 0.6726
loss: 0.7669, acc: 0.6762
loss: 0.7610, acc: 0.6767
loss: 0.7582, acc: 0.6765
loss: 0.7595, acc: 0.6784
loss: 0.7481, acc: 0.6847
loss: 0.7457, acc: 0.6858
loss: 0.7514, acc: 0.6822
loss: 0.7550, acc: 0.6803
loss: 0.7575, acc: 0.6789
loss: 0.7624, acc: 0.6763
loss: 0.7663, acc: 0.6749
loss: 0.7623, acc: 0.6765
loss: 0.7606, acc: 0.6764
loss: 0.7598, acc: 0.6763
> val_acc: 0.7089, val_f1: 0.4652
>> saved: state_dict/gc_ian_restaurant_val_acc0.7089
>>>>>>>>>>>>>>>>>>>>>>>>>>>>>>>>>>>>>>>>>>>>>>>>>>>>>>>>>>>>>>>>>>>>>>>>>>>>>>>>>>>>>>>>>>>>>>>>>>>>
epoch: 2
loss: 0.7574, acc: 0.6875
loss: 0.7529, acc: 0.6701
loss: 0.7493, acc: 0.6786
loss: 0.7409, acc: 0.6842
loss: 0.7457, acc: 0.6784
loss: 0.7277, acc: 0.6950
loss: 0.7334, acc: 0.6903
loss: 0.7256, acc: 0.6955
loss: 0.7098, acc: 0.7024
loss: 0.7089, acc: 0.7028
loss: 0.7120, acc: 0.7031
loss: 0.7228, acc: 0.6960
loss: 0.7242, acc: 0.6963
loss: 0.7289, acc: 0.6943
loss: 0.7337, acc: 0.6926
loss: 0.7342, acc: 0.6926
loss: 0.7339, acc: 0.6931
loss: 0.7352, acc: 0.6917
loss: 0.7271, acc: 0.6981
loss: 0.7268, acc: 0.6995
loss: 0.7260, acc: 0.6980
loss: 0.7221, acc: 0.6998
> val_acc: 0.7152, val_f1: 0.5145
>> saved: state_dict/gc_ian_restaurant_val_acc0.7152
>>>>>>>>>>>>>>>>>>>>>>>>>>>>>>>>>>>>>>>>>>>>>>>>>>>>>>>>>>>>>>>>>>>>>>>>>>>>>>>>>>>>>>>>>>>>>>>>>>>>
epoch: 3
loss: 0.7253, acc: 0.6250
loss: 0.6609, acc: 0.7240
loss: 0.6228, acc: 0.7386
loss: 0.6455, acc: 0.7246
loss: 0.6639, acc: 0.7217
loss: 0.6519, acc: 0.7248
loss: 0.6660, acc: 0.7298
loss: 0.6576, acc: 0.7361
loss: 0.6594, acc: 0.7370
loss: 0.6583, acc: 0.7378
loss: 0.6619, acc: 0.7328
loss: 0.6635, acc: 0.7299
loss: 0.6714, acc: 0.7254
loss: 0.6706, acc: 0.7240
loss: 0.6672, acc: 0.7240
loss: 0.6750, acc: 0.7229
loss: 0.6753, acc: 0.7218
loss: 0.6756, acc: 0.7224
loss: 0.6711, acc: 0.7246
loss: 0.6753, acc: 0.7223
loss: 0.6775, acc: 0.7218
loss: 0.6789, acc: 0.7220
loss: 0.6848, acc: 0.7179
> val_acc: 0.7071, val_f1: 0.5690
>>>>>>>>>>>>>>>>>>>>>>>>>>>>>>>>>>>>>>>>>>>>>>>>>>>>>>>>>>>>>>>>>>>>>>>>>>>>>>>>>>>>>>>>>>>>>>>>>>>>
epoch: 4
loss: 0.6463, acc: 0.7292
loss: 0.6267, acc: 0.7539
loss: 0.6114, acc: 0.7524
loss: 0.6280, acc: 0.7378
loss: 0.6284, acc: 0.7446
loss: 0.6278, acc: 0.7422
loss: 0.6394, acc: 0.7348
loss: 0.6512, acc: 0.7262
loss: 0.6428, acc: 0.7333
loss: 0.6473, acc: 0.7311
loss: 0.6470, acc: 0.7288
loss: 0.6433, acc: 0.7311
loss: 0.6341, acc: 0.7351
loss: 0.6424, acc: 0.7325
loss: 0.6394, acc: 0.7333
loss: 0.6452, acc: 0.7332
loss: 0.6416, acc: 0.7353
loss: 0.6395, acc: 0.7383
loss: 0.6366, acc: 0.7389
loss: 0.6382, acc: 0.7376
loss: 0.6453, acc: 0.7345
loss: 0.6474, acc: 0.7350
loss: 0.6498, acc: 0.7339
> val_acc: 0.7250, val_f1: 0.5449
>> saved: state_dict/gc_ian_restaurant_val_acc0.725
>>>>>>>>>>>>>>>>>>>>>>>>>>>>>>>>>>>>>>>>>>>>>>>>>>>>>>>>>>>>>>>>>>>>>>>>>>>>>>>>>>>>>>>>>>>>>>>>>>>>
epoch: 5
loss: 0.6240, acc: 0.7562
loss: 0.6628, acc: 0.7344
loss: 0.6337, acc: 0.7396
loss: 0.6486, acc: 0.7312
loss: 0.6305, acc: 0.7400
loss: 0.6373, acc: 0.7417
loss: 0.6156, acc: 0.7536
loss: 0.6146, acc: 0.7492
loss: 0.6112, acc: 0.7535
loss: 0.6099, acc: 0.7538
loss: 0.6216, acc: 0.7506
loss: 0.6257, acc: 0.7469
loss: 0.6230, acc: 0.7481
loss: 0.6230, acc: 0.7482
loss: 0.6195, acc: 0.7512
loss: 0.6224, acc: 0.7492
loss: 0.6213, acc: 0.7478
loss: 0.6181, acc: 0.7493
loss: 0.6217, acc: 0.7487
loss: 0.6201, acc: 0.7488
loss: 0.6241, acc: 0.7467
loss: 0.6291, acc: 0.7438
> val_acc: 0.7277, val_f1: 0.5879
>> saved: state_dict/gc_ian_restaurant_val_acc0.7277
>>>>>>>>>>>>>>>>>>>>>>>>>>>>>>>>>>>>>>>>>>>>>>>>>>>>>>>>>>>>>>>>>>>>>>>>>>>>>>>>>>>>>>>>>>>>>>>>>>>>
epoch: 6
loss: 0.4588, acc: 0.8438
loss: 0.5376, acc: 0.7857
loss: 0.5815, acc: 0.7708
loss: 0.5660, acc: 0.7757
loss: 0.5511, acc: 0.7798
loss: 0.5623, acc: 0.7743
loss: 0.5748, acc: 0.7725
loss: 0.5658, acc: 0.7812
loss: 0.5647, acc: 0.7805
loss: 0.5782, acc: 0.7719
loss: 0.5805, acc: 0.7734
loss: 0.5877, acc: 0.7719
loss: 0.5858, acc: 0.7712
loss: 0.5902, acc: 0.7687
loss: 0.5937, acc: 0.7669
loss: 0.5966, acc: 0.7646
loss: 0.5970, acc: 0.7671
loss: 0.5993, acc: 0.7658
loss: 0.5992, acc: 0.7646
loss: 0.5997, acc: 0.7635
loss: 0.6046, acc: 0.7629
loss: 0.6053, acc: 0.7620
loss: 0.6055, acc: 0.7609
> val_acc: 0.7054, val_f1: 0.5609
>>>>>>>>>>>>>>>>>>>>>>>>>>>>>>>>>>>>>>>>>>>>>>>>>>>>>>>>>>>>>>>>>>>>>>>>>>>>>>>>>>>>>>>>>>>>>>>>>>>>
epoch: 7
loss: 0.5924, acc: 0.7578
loss: 0.5940, acc: 0.7604
loss: 0.5886, acc: 0.7701
loss: 0.5660, acc: 0.7796
loss: 0.5857, acc: 0.7682
loss: 0.5822, acc: 0.7694
loss: 0.5833, acc: 0.7702
loss: 0.5826, acc: 0.7740
loss: 0.5852, acc: 0.7713
loss: 0.5961, acc: 0.7634
loss: 0.5999, acc: 0.7610
loss: 0.6022, acc: 0.7606
loss: 0.6094, acc: 0.7588
loss: 0.6064, acc: 0.7618
loss: 0.6100, acc: 0.7593
loss: 0.6051, acc: 0.7631
loss: 0.6031, acc: 0.7645
loss: 0.6034, acc: 0.7640
loss: 0.5979, acc: 0.7660
loss: 0.5961, acc: 0.7655
loss: 0.5932, acc: 0.7665
loss: 0.5914, acc: 0.7661
> val_acc: 0.7277, val_f1: 0.5864
>>>>>>>>>>>>>>>>>>>>>>>>>>>>>>>>>>>>>>>>>>>>>>>>>>>>>>>>>>>>>>>>>>>>>>>>>>>>>>>>>>>>>>>>>>>>>>>>>>>>
epoch: 8
loss: 0.6981, acc: 0.7188
loss: 0.5674, acc: 0.7656
loss: 0.5718, acc: 0.7670
loss: 0.5520, acc: 0.7734
loss: 0.5485, acc: 0.7768
loss: 0.5451, acc: 0.7825
loss: 0.5436, acc: 0.7802
loss: 0.5598, acc: 0.7717
loss: 0.5654, acc: 0.7744
loss: 0.5653, acc: 0.7751
loss: 0.5726, acc: 0.7702
loss: 0.5694, acc: 0.7701
loss: 0.5724, acc: 0.7664
loss: 0.5791, acc: 0.7609
loss: 0.5730, acc: 0.7636
loss: 0.5742, acc: 0.7615
loss: 0.5732, acc: 0.7631
loss: 0.5758, acc: 0.7605
loss: 0.5744, acc: 0.7617
loss: 0.5775, acc: 0.7611
loss: 0.5780, acc: 0.7605
loss: 0.5801, acc: 0.7585
loss: 0.5801, acc: 0.7596
> val_acc: 0.7107, val_f1: 0.5634
>>>>>>>>>>>>>>>>>>>>>>>>>>>>>>>>>>>>>>>>>>>>>>>>>>>>>>>>>>>>>>>>>>>>>>>>>>>>>>>>>>>>>>>>>>>>>>>>>>>>
epoch: 9
loss: 0.5136, acc: 0.8229
loss: 0.5789, acc: 0.7812
loss: 0.5484, acc: 0.8005
loss: 0.5596, acc: 0.7917
loss: 0.5423, acc: 0.7921
loss: 0.5165, acc: 0.8002
loss: 0.5297, acc: 0.7936
loss: 0.5324, acc: 0.7944
loss: 0.5487, acc: 0.7892
loss: 0.5466, acc: 0.7871
loss: 0.5529, acc: 0.7854
loss: 0.5536, acc: 0.7845
loss: 0.5546, acc: 0.7837
loss: 0.5504, acc: 0.7854
loss: 0.5426, acc: 0.7864
loss: 0.5413, acc: 0.7873
loss: 0.5461, acc: 0.7835
loss: 0.5462, acc: 0.7809
loss: 0.5472, acc: 0.7799
loss: 0.5469, acc: 0.7797
loss: 0.5525, acc: 0.7761
loss: 0.5560, acc: 0.7746
loss: 0.5573, acc: 0.7741
> val_acc: 0.7080, val_f1: 0.5227
>>>>>>>>>>>>>>>>>>>>>>>>>>>>>>>>>>>>>>>>>>>>>>>>>>>>>>>>>>>>>>>>>>>>>>>>>>>>>>>>>>>>>>>>>>>>>>>>>>>>
epoch: 10
loss: 0.4907, acc: 0.7750
loss: 0.4810, acc: 0.8094
loss: 0.4788, acc: 0.8146
loss: 0.5283, acc: 0.7937
loss: 0.5499, acc: 0.7788
loss: 0.5328, acc: 0.7875
loss: 0.5397, acc: 0.7821
loss: 0.5365, acc: 0.7859
loss: 0.5318, acc: 0.7861
loss: 0.5362, acc: 0.7869
loss: 0.5331, acc: 0.7898
loss: 0.5305, acc: 0.7896
loss: 0.5349, acc: 0.7856
loss: 0.5319, acc: 0.7853
loss: 0.5264, acc: 0.7883
loss: 0.5286, acc: 0.7871
loss: 0.5392, acc: 0.7827
loss: 0.5350, acc: 0.7851
loss: 0.5403, acc: 0.7822
loss: 0.5417, acc: 0.7812
loss: 0.5463, acc: 0.7792
loss: 0.5463, acc: 0.7795
> val_acc: 0.7196, val_f1: 0.5602
>>>>>>>>>>>>>>>>>>>>>>>>>>>>>>>>>>>>>>>>>>>>>>>>>>>>>>>>>>>>>>>>>>>>>>>>>>>>>>>>>>>>>>>>>>>>>>>>>>>>
epoch: 11
loss: 0.4683, acc: 0.7969
loss: 0.4868, acc: 0.7768
loss: 0.5075, acc: 0.7865
loss: 0.5195, acc: 0.7831
loss: 0.5043, acc: 0.7969
loss: 0.4969, acc: 0.7963
loss: 0.4940, acc: 0.7910
loss: 0.5017, acc: 0.7922
loss: 0.5077, acc: 0.7894
loss: 0.5155, acc: 0.7919
loss: 0.5180, acc: 0.7897
loss: 0.5218, acc: 0.7873
loss: 0.5278, acc: 0.7863
loss: 0.5298, acc: 0.7850
loss: 0.5335, acc: 0.7843
loss: 0.5420, acc: 0.7788
loss: 0.5459, acc: 0.7771
loss: 0.5485, acc: 0.7784
loss: 0.5478, acc: 0.7802
loss: 0.5460, acc: 0.7806
loss: 0.5438, acc: 0.7822
loss: 0.5433, acc: 0.7836
loss: 0.5428, acc: 0.7835
> val_acc: 0.7143, val_f1: 0.5376
>>>>>>>>>>>>>>>>>>>>>>>>>>>>>>>>>>>>>>>>>>>>>>>>>>>>>>>>>>>>>>>>>>>>>>>>>>>>>>>>>>>>>>>>>>>>>>>>>>>>
epoch: 12
loss: 0.5127, acc: 0.8047
loss: 0.5113, acc: 0.8021
loss: 0.4920, acc: 0.8192
loss: 0.4762, acc: 0.8289
loss: 0.4821, acc: 0.8229
loss: 0.4857, acc: 0.8244
loss: 0.4864, acc: 0.8199
loss: 0.4802, acc: 0.8221
loss: 0.4714, acc: 0.8274
loss: 0.4680, acc: 0.8265
loss: 0.4830, acc: 0.8189
loss: 0.4914, acc: 0.8183
loss: 0.4961, acc: 0.8154
loss: 0.4936, acc: 0.8152
loss: 0.4953, acc: 0.8138
loss: 0.4998, acc: 0.8101
loss: 0.4923, acc: 0.8129
loss: 0.4960, acc: 0.8118
loss: 0.4999, acc: 0.8092
loss: 0.5079, acc: 0.8052
loss: 0.5172, acc: 0.8005
loss: 0.5145, acc: 0.8010
> val_acc: 0.6804, val_f1: 0.5468
>>>>>>>>>>>>>>>>>>>>>>>>>>>>>>>>>>>>>>>>>>>>>>>>>>>>>>>>>>>>>>>>>>>>>>>>>>>>>>>>>>>>>>>>>>>>>>>>>>>>
epoch: 13
loss: 0.6015, acc: 0.7812
loss: 0.5627, acc: 0.7812
loss: 0.5536, acc: 0.7784
loss: 0.5223, acc: 0.7891
loss: 0.5108, acc: 0.7932
loss: 0.5102, acc: 0.7945
loss: 0.5113, acc: 0.7954
loss: 0.5115, acc: 0.7969
loss: 0.5282, acc: 0.7896
loss: 0.5416, acc: 0.7806
loss: 0.5360, acc: 0.7849
loss: 0.5297, acc: 0.7896
loss: 0.5356, acc: 0.7864
loss: 0.5364, acc: 0.7865
loss: 0.5319, acc: 0.7887
loss: 0.5402, acc: 0.7850
loss: 0.5363, acc: 0.7882
loss: 0.5349, acc: 0.7892
loss: 0.5328, acc: 0.7905
loss: 0.5304, acc: 0.7930
loss: 0.5325, acc: 0.7921
loss: 0.5301, acc: 0.7942
loss: 0.5304, acc: 0.7934
> val_acc: 0.7116, val_f1: 0.5621
>>>>>>>>>>>>>>>>>>>>>>>>>>>>>>>>>>>>>>>>>>>>>>>>>>>>>>>>>>>>>>>>>>>>>>>>>>>>>>>>>>>>>>>>>>>>>>>>>>>>
epoch: 14
loss: 0.4184, acc: 0.8646
loss: 0.4340, acc: 0.8398
loss: 0.4341, acc: 0.8317
loss: 0.4530, acc: 0.8212
loss: 0.4772, acc: 0.8111
loss: 0.4805, acc: 0.8103
loss: 0.5094, acc: 0.7983
loss: 0.5119, acc: 0.7952
loss: 0.5164, acc: 0.7951
loss: 0.5208, acc: 0.7930
loss: 0.5173, acc: 0.7925
loss: 0.5176, acc: 0.7915
loss: 0.5118, acc: 0.7946
loss: 0.5078, acc: 0.7932
loss: 0.4968, acc: 0.7971
loss: 0.5042, acc: 0.7953
loss: 0.5031, acc: 0.7959
loss: 0.5058, acc: 0.7947
loss: 0.4980, acc: 0.7977
loss: 0.5027, acc: 0.7959
loss: 0.5047, acc: 0.7955
loss: 0.5033, acc: 0.7951
loss: 0.5037, acc: 0.7957
> val_acc: 0.6955, val_f1: 0.5567
>>>>>>>>>>>>>>>>>>>>>>>>>>>>>>>>>>>>>>>>>>>>>>>>>>>>>>>>>>>>>>>>>>>>>>>>>>>>>>>>>>>>>>>>>>>>>>>>>>>>
epoch: 15
loss: 0.4386, acc: 0.8313
loss: 0.4522, acc: 0.8156
loss: 0.4511, acc: 0.8271
loss: 0.4552, acc: 0.8187
loss: 0.4405, acc: 0.8287
loss: 0.4651, acc: 0.8146
loss: 0.4627, acc: 0.8152
loss: 0.4589, acc: 0.8187
loss: 0.4636, acc: 0.8187
loss: 0.4741, acc: 0.8181
loss: 0.4711, acc: 0.8176
loss: 0.4785, acc: 0.8146
loss: 0.4744, acc: 0.8163
loss: 0.4775, acc: 0.8161
loss: 0.4827, acc: 0.8137
loss: 0.4760, acc: 0.8156
loss: 0.4717, acc: 0.8169
loss: 0.4736, acc: 0.8156
loss: 0.4786, acc: 0.8128
loss: 0.4822, acc: 0.8116
loss: 0.4801, acc: 0.8131
loss: 0.4781, acc: 0.8145
> val_acc: 0.6991, val_f1: 0.5434
>>>>>>>>>>>>>>>>>>>>>>>>>>>>>>>>>>>>>>>>>>>>>>>>>>>>>>>>>>>>>>>>>>>>>>>>>>>>>>>>>>>>>>>>>>>>>>>>>>>>
epoch: 16
loss: 0.3551, acc: 0.9062
loss: 0.3737, acc: 0.8571
loss: 0.3618, acc: 0.8646
loss: 0.3701, acc: 0.8640
loss: 0.3723, acc: 0.8608
loss: 0.4023, acc: 0.8472
loss: 0.4082, acc: 0.8408
loss: 0.4013, acc: 0.8429
loss: 0.4188, acc: 0.8356
loss: 0.4207, acc: 0.8338
loss: 0.4182, acc: 0.8329
loss: 0.4302, acc: 0.8273
loss: 0.4471, acc: 0.8216
loss: 0.4570, acc: 0.8190
loss: 0.4647, acc: 0.8134
loss: 0.4690, acc: 0.8117
loss: 0.4721, acc: 0.8095
loss: 0.4707, acc: 0.8111
loss: 0.4729, acc: 0.8111
loss: 0.4765, acc: 0.8109
loss: 0.4734, acc: 0.8128
loss: 0.4753, acc: 0.8128
loss: 0.4771, acc: 0.8105
> val_acc: 0.6920, val_f1: 0.5618
>>>>>>>>>>>>>>>>>>>>>>>>>>>>>>>>>>>>>>>>>>>>>>>>>>>>>>>>>>>>>>>>>>>>>>>>>>>>>>>>>>>>>>>>>>>>>>>>>>>>
epoch: 17
loss: 0.4399, acc: 0.8359
loss: 0.4586, acc: 0.8090
loss: 0.4309, acc: 0.8237
loss: 0.4541, acc: 0.8207
loss: 0.4489, acc: 0.8190
loss: 0.4548, acc: 0.8157
loss: 0.4590, acc: 0.8143
loss: 0.4650, acc: 0.8133
loss: 0.4760, acc: 0.8111
loss: 0.4834, acc: 0.8068
loss: 0.4922, acc: 0.8027
loss: 0.4893, acc: 0.8061
loss: 0.4938, acc: 0.8076
loss: 0.4980, acc: 0.8039
loss: 0.5020, acc: 0.8024
loss: 0.5078, acc: 0.8006
loss: 0.5160, acc: 0.7946
loss: 0.5176, acc: 0.7939
loss: 0.5218, acc: 0.7929
loss: 0.5208, acc: 0.7932
loss: 0.5225, acc: 0.7939
loss: 0.5268, acc: 0.7944
> val_acc: 0.6839, val_f1: 0.5306
>>>>>>>>>>>>>>>>>>>>>>>>>>>>>>>>>>>>>>>>>>>>>>>>>>>>>>>>>>>>>>>>>>>>>>>>>>>>>>>>>>>>>>>>>>>>>>>>>>>>
epoch: 18
loss: 0.4463, acc: 0.8438
loss: 0.4730, acc: 0.8229
loss: 0.4834, acc: 0.8182
loss: 0.4716, acc: 0.8184
loss: 0.4615, acc: 0.8274
loss: 0.4928, acc: 0.8101
loss: 0.4851, acc: 0.8165
loss: 0.4904, acc: 0.8151
loss: 0.5001, acc: 0.8110
loss: 0.5020, acc: 0.8071
loss: 0.5092, acc: 0.8033
loss: 0.5143, acc: 0.8030
loss: 0.5149, acc: 0.8028
loss: 0.5223, acc: 0.7973
loss: 0.5285, acc: 0.7914
loss: 0.5248, acc: 0.7936
loss: 0.5207, acc: 0.7944
loss: 0.5228, acc: 0.7932
loss: 0.5193, acc: 0.7960
loss: 0.5156, acc: 0.7982
loss: 0.5184, acc: 0.7967
loss: 0.5132, acc: 0.7989
loss: 0.5153, acc: 0.7970
> val_acc: 0.7054, val_f1: 0.5760
>>>>>>>>>>>>>>>>>>>>>>>>>>>>>>>>>>>>>>>>>>>>>>>>>>>>>>>>>>>>>>>>>>>>>>>>>>>>>>>>>>>>>>>>>>>>>>>>>>>>
epoch: 19
loss: 0.4942, acc: 0.8125
loss: 0.4427, acc: 0.8242
loss: 0.4606, acc: 0.8125
loss: 0.4566, acc: 0.8160
loss: 0.4536, acc: 0.8234
loss: 0.4635, acc: 0.8170
loss: 0.4564, acc: 0.8191
loss: 0.4486, acc: 0.8248
loss: 0.4555, acc: 0.8227
loss: 0.4507, acc: 0.8223
loss: 0.4500, acc: 0.8237
loss: 0.4608, acc: 0.8217
loss: 0.4665, acc: 0.8180
loss: 0.4731, acc: 0.8157
loss: 0.4745, acc: 0.8142
loss: 0.4713, acc: 0.8129
loss: 0.4838, acc: 0.8106
loss: 0.4868, acc: 0.8079
loss: 0.4877, acc: 0.8068
loss: 0.4926, acc: 0.8042
loss: 0.4990, acc: 0.8016
loss: 0.5012, acc: 0.8009
loss: 0.5049, acc: 0.7993
> val_acc: 0.7188, val_f1: 0.5735
>>>>>>>>>>>>>>>>>>>>>>>>>>>>>>>>>>>>>>>>>>>>>>>>>>>>>>>>>>>>>>>>>>>>>>>>>>>>>>>>>>>>>>>>>>>>>>>>>>>>
epoch: 20
loss: 0.4881, acc: 0.8313
loss: 0.4466, acc: 0.8500
loss: 0.4240, acc: 0.8521
loss: 0.4525, acc: 0.8250
loss: 0.4513, acc: 0.8213
loss: 0.4533, acc: 0.8208
loss: 0.4464, acc: 0.8277
loss: 0.4457, acc: 0.8297
loss: 0.4520, acc: 0.8264
loss: 0.4521, acc: 0.8256
loss: 0.4589, acc: 0.8244
loss: 0.4547, acc: 0.8245
loss: 0.4535, acc: 0.8269
loss: 0.4566, acc: 0.8272
loss: 0.4642, acc: 0.8237
loss: 0.4687, acc: 0.8215
loss: 0.4766, acc: 0.8191
loss: 0.4817, acc: 0.8184
loss: 0.4856, acc: 0.8155
loss: 0.4896, acc: 0.8134
loss: 0.4881, acc: 0.8149
loss: 0.4898, acc: 0.8139
> val_acc: 0.7170, val_f1: 0.5744
>>>>>>>>>>>>>>>>>>>>>>>>>>>>>>>>>>>>>>>>>>>>>>>>>>>>>>>>>>>>>>>>>>>>>>>>>>>>>>>>>>>>>>>>>>>>>>>>>>>>
epoch: 21
loss: 0.5551, acc: 0.7656
loss: 0.5542, acc: 0.8080
loss: 0.5191, acc: 0.8099
loss: 0.4996, acc: 0.8107
loss: 0.4845, acc: 0.8139
loss: 0.4620, acc: 0.8275
loss: 0.4561, acc: 0.8291
loss: 0.4538, acc: 0.8277
loss: 0.4563, acc: 0.8266
loss: 0.4486, acc: 0.8298
loss: 0.4385, acc: 0.8353
loss: 0.4517, acc: 0.8300
loss: 0.4629, acc: 0.8266
loss: 0.4600, acc: 0.8302
loss: 0.4616, acc: 0.8281
loss: 0.4621, acc: 0.8271
loss: 0.4653, acc: 0.8243
loss: 0.4715, acc: 0.8211
loss: 0.4716, acc: 0.8196
loss: 0.4753, acc: 0.8170
loss: 0.4779, acc: 0.8153
loss: 0.4807, acc: 0.8145
loss: 0.4811, acc: 0.8142
> val_acc: 0.7196, val_f1: 0.5592
>>>>>>>>>>>>>>>>>>>>>>>>>>>>>>>>>>>>>>>>>>>>>>>>>>>>>>>>>>>>>>>>>>>>>>>>>>>>>>>>>>>>>>>>>>>>>>>>>>>>
epoch: 22
loss: 0.4154, acc: 0.8750
loss: 0.4592, acc: 0.8368
loss: 0.4368, acc: 0.8304
loss: 0.4334, acc: 0.8372
loss: 0.4403, acc: 0.8372
loss: 0.4453, acc: 0.8319
loss: 0.4599, acc: 0.8189
loss: 0.4687, acc: 0.8157
loss: 0.4625, acc: 0.8175
loss: 0.4683, acc: 0.8163
loss: 0.4688, acc: 0.8148
loss: 0.4593, acc: 0.8194
loss: 0.4619, acc: 0.8193
loss: 0.4670, acc: 0.8166
loss: 0.4635, acc: 0.8184
loss: 0.4575, acc: 0.8232
loss: 0.4616, acc: 0.8218
loss: 0.4617, acc: 0.8216
loss: 0.4646, acc: 0.8215
loss: 0.4659, acc: 0.8204
loss: 0.4654, acc: 0.8215
loss: 0.4679, acc: 0.8202
> val_acc: 0.7098, val_f1: 0.5652
>>>>>>>>>>>>>>>>>>>>>>>>>>>>>>>>>>>>>>>>>>>>>>>>>>>>>>>>>>>>>>>>>>>>>>>>>>>>>>>>>>>>>>>>>>>>>>>>>>>>
epoch: 23
loss: 0.2751, acc: 0.9375
loss: 0.4059, acc: 0.8542
loss: 0.3962, acc: 0.8523
loss: 0.3958, acc: 0.8496
loss: 0.4145, acc: 0.8452
loss: 0.4014, acc: 0.8438
loss: 0.4217, acc: 0.8296
loss: 0.4276, acc: 0.8290
loss: 0.4288, acc: 0.8262
loss: 0.4291, acc: 0.8268
loss: 0.4204, acc: 0.8297
loss: 0.4286, acc: 0.8259
loss: 0.4356, acc: 0.8233
loss: 0.4381, acc: 0.8210
loss: 0.4437, acc: 0.8187
loss: 0.4482, acc: 0.8166
loss: 0.4454, acc: 0.8175
loss: 0.4520, acc: 0.8143
loss: 0.4623, acc: 0.8115
loss: 0.4634, acc: 0.8115
loss: 0.4692, acc: 0.8113
loss: 0.4669, acc: 0.8131
loss: 0.4688, acc: 0.8122
> val_acc: 0.7018, val_f1: 0.5668
>>>>>>>>>>>>>>>>>>>>>>>>>>>>>>>>>>>>>>>>>>>>>>>>>>>>>>>>>>>>>>>>>>>>>>>>>>>>>>>>>>>>>>>>>>>>>>>>>>>>
epoch: 24
loss: 0.4806, acc: 0.8542
loss: 0.4777, acc: 0.8242
loss: 0.5129, acc: 0.8077
loss: 0.5253, acc: 0.7951
loss: 0.4944, acc: 0.8111
loss: 0.4777, acc: 0.8192
loss: 0.4744, acc: 0.8144
loss: 0.4653, acc: 0.8133
loss: 0.4650, acc: 0.8118
loss: 0.4715, acc: 0.8092
loss: 0.4686, acc: 0.8090
loss: 0.4730, acc: 0.8066
loss: 0.4722, acc: 0.8061
loss: 0.4699, acc: 0.8065
loss: 0.4649, acc: 0.8074
loss: 0.4693, acc: 0.8085
loss: 0.4887, acc: 0.7986
loss: 0.4917, acc: 0.7976
loss: 0.4979, acc: 0.7947
loss: 0.4977, acc: 0.7956
loss: 0.5065, acc: 0.7931
loss: 0.5138, acc: 0.7920
loss: 0.5160, acc: 0.7899
> val_acc: 0.6643, val_f1: 0.5129
>>>>>>>>>>>>>>>>>>>>>>>>>>>>>>>>>>>>>>>>>>>>>>>>>>>>>>>>>>>>>>>>>>>>>>>>>>>>>>>>>>>>>>>>>>>>>>>>>>>>
epoch: 25
loss: 0.5616, acc: 0.7375
loss: 0.5579, acc: 0.7406
loss: 0.5570, acc: 0.7542
loss: 0.5331, acc: 0.7703
loss: 0.5259, acc: 0.7750
loss: 0.5321, acc: 0.7760
loss: 0.5379, acc: 0.7777
loss: 0.5346, acc: 0.7805
loss: 0.5350, acc: 0.7806
loss: 0.5409, acc: 0.7800
loss: 0.5381, acc: 0.7801
loss: 0.5331, acc: 0.7818
loss: 0.5378, acc: 0.7793
loss: 0.5311, acc: 0.7839
loss: 0.5374, acc: 0.7792
loss: 0.5396, acc: 0.7785
loss: 0.5421, acc: 0.7776
loss: 0.5420, acc: 0.7774
loss: 0.5407, acc: 0.7770
loss: 0.5423, acc: 0.7775
loss: 0.5407, acc: 0.7795
loss: 0.5356, acc: 0.7818
> val_acc: 0.7116, val_f1: 0.5544
>>>>>>>>>>>>>>>>>>>>>>>>>>>>>>>>>>>>>>>>>>>>>>>>>>>>>>>>>>>>>>>>>>>>>>>>>>>>>>>>>>>>>>>>>>>>>>>>>>>>
epoch: 26
loss: 0.4114, acc: 0.7812
loss: 0.5417, acc: 0.7723
loss: 0.4792, acc: 0.7995
loss: 0.4809, acc: 0.7960
loss: 0.4512, acc: 0.8139
loss: 0.4573, acc: 0.8137
loss: 0.4484, acc: 0.8164
loss: 0.4593, acc: 0.8117
loss: 0.4652, acc: 0.8073
loss: 0.4681, acc: 0.8039
loss: 0.4627, acc: 0.8077
loss: 0.4693, acc: 0.8059
loss: 0.4737, acc: 0.8049
loss: 0.4683, acc: 0.8060
loss: 0.4665, acc: 0.8086
loss: 0.4678, acc: 0.8097
loss: 0.4743, acc: 0.8083
loss: 0.4820, acc: 0.8057
loss: 0.4803, acc: 0.8077
loss: 0.4850, acc: 0.8067
loss: 0.4971, acc: 0.8009
loss: 0.4977, acc: 0.8011
loss: 0.5028, acc: 0.7997
> val_acc: 0.7188, val_f1: 0.5644
>>>>>>>>>>>>>>>>>>>>>>>>>>>>>>>>>>>>>>>>>>>>>>>>>>>>>>>>>>>>>>>>>>>>>>>>>>>>>>>>>>>>>>>>>>>>>>>>>>>>
epoch: 27
loss: 0.4896, acc: 0.8047
loss: 0.4928, acc: 0.7951
loss: 0.5292, acc: 0.7879
loss: 0.5029, acc: 0.7993
loss: 0.4891, acc: 0.8034
loss: 0.4858, acc: 0.8082
loss: 0.4711, acc: 0.8097
loss: 0.4832, acc: 0.8069
loss: 0.4880, acc: 0.8054
loss: 0.4863, acc: 0.8080
loss: 0.4907, acc: 0.8067
loss: 0.4898, acc: 0.8061
loss: 0.5062, acc: 0.8003
loss: 0.5034, acc: 0.8003
loss: 0.4982, acc: 0.8024
loss: 0.4953, acc: 0.8042
loss: 0.4950, acc: 0.8047
loss: 0.4928, acc: 0.8069
loss: 0.4940, acc: 0.8062
loss: 0.4957, acc: 0.8065
loss: 0.4956, acc: 0.8074
loss: 0.4939, acc: 0.8088
> val_acc: 0.7080, val_f1: 0.5513
>>>>>>>>>>>>>>>>>>>>>>>>>>>>>>>>>>>>>>>>>>>>>>>>>>>>>>>>>>>>>>>>>>>>>>>>>>>>>>>>>>>>>>>>>>>>>>>>>>>>
epoch: 28
loss: 0.6298, acc: 0.6250
loss: 0.3903, acc: 0.8333
loss: 0.4056, acc: 0.8324
loss: 0.4215, acc: 0.8281
loss: 0.4282, acc: 0.8214
loss: 0.4200, acc: 0.8221
loss: 0.4361, acc: 0.8125
loss: 0.4493, acc: 0.8099
loss: 0.4511, acc: 0.8117
loss: 0.4558, acc: 0.8091
loss: 0.4693, acc: 0.8033
loss: 0.4732, acc: 0.8052
loss: 0.4747, acc: 0.8079
loss: 0.4753, acc: 0.8087
loss: 0.4711, acc: 0.8112
loss: 0.4749, acc: 0.8084
loss: 0.4757, acc: 0.8098
loss: 0.4753, acc: 0.8110
loss: 0.4761, acc: 0.8101
loss: 0.4744, acc: 0.8109
loss: 0.4769, acc: 0.8091
loss: 0.4718, acc: 0.8116
loss: 0.4780, acc: 0.8088
> val_acc: 0.7071, val_f1: 0.5706
>>>>>>>>>>>>>>>>>>>>>>>>>>>>>>>>>>>>>>>>>>>>>>>>>>>>>>>>>>>>>>>>>>>>>>>>>>>>>>>>>>>>>>>>>>>>>>>>>>>>
epoch: 29
loss: 0.5364, acc: 0.8333
loss: 0.4607, acc: 0.8242
loss: 0.4980, acc: 0.8053
loss: 0.4569, acc: 0.8281
loss: 0.4440, acc: 0.8302
loss: 0.4688, acc: 0.8225
loss: 0.4608, acc: 0.8191
loss: 0.4594, acc: 0.8215
loss: 0.4509, acc: 0.8249
loss: 0.4580, acc: 0.8190
loss: 0.4669, acc: 0.8154
loss: 0.4567, acc: 0.8200
loss: 0.4601, acc: 0.8165
loss: 0.4581, acc: 0.8180
loss: 0.4579, acc: 0.8193
loss: 0.4583, acc: 0.8181
loss: 0.4670, acc: 0.8159
loss: 0.4670, acc: 0.8153
loss: 0.4717, acc: 0.8135
loss: 0.4692, acc: 0.8144
loss: 0.4681, acc: 0.8143
loss: 0.4657, acc: 0.8157
loss: 0.4682, acc: 0.8137
> val_acc: 0.6973, val_f1: 0.5653
>> test_acc: 0.7277, test_f1: 0.5879
