cuda memory allocated: 14283264
n_trainable_params: 2245603, n_nontrainable_params: 1323600
> training arguments:
>>> model_name: gc_ian
>>> dataset: restaurant
>>> optimizer: <class 'torch.optim.adagrad.Adagrad'>
>>> initializer: <function xavier_uniform_ at 0x000002702D967620>
>>> learning_rate: 0.01
>>> momentum: 0.95
>>> dropout: 0.5
>>> l2reg: 5e-05
>>> num_epoch: 30
>>> batch_size: 32
>>> log_step: 5
>>> embed_dim: 300
>>> hidden_dim: 300
>>> bert_dim: 768
>>> pretrained_bert_name: bert-base-uncased
>>> max_seq_len: 80
>>> polarities_dim: 3
>>> hops: 3
>>> device: cuda
>>> seed: 10
>>> valset_ratio: 0
>>> num_layers: 1
>>> in_channels: 100
>>> out_channels: 1
>>> downbot: 20
>>> kernel_size: 3
>>> glove_path: ./glove/glove.840B.300d.txt
>>> model_class: <class 'models.gc_ian.GC_IAN'>
>>> dataset_file: {'train': './datasets/semeval14/Restaurants_Train.xml.seg', 'test': './datasets/semeval14/Restaurants_Test_Gold.xml.seg'}
>>> inputs_cols: ['text_raw_indices', 'aspect_indices']
>>>>>>>>>>>>>>>>>>>>>>>>>>>>>>>>>>>>>>>>>>>>>>>>>>>>>>>>>>>>>>>>>>>>>>>>>>>>>>>>>>>>>>>>>>>>>>>>>>>>
epoch: 0
loss: 1.4193, acc: 0.5250
loss: 1.1709, acc: 0.5594
loss: 1.0826, acc: 0.5750
loss: 1.0487, acc: 0.5750
loss: 1.0112, acc: 0.5850
loss: 0.9943, acc: 0.5854
loss: 0.9827, acc: 0.5857
loss: 0.9843, acc: 0.5820
loss: 0.9509, acc: 0.6014
loss: 0.9321, acc: 0.6112
loss: 0.9237, acc: 0.6119
loss: 0.9105, acc: 0.6161
loss: 0.9081, acc: 0.6144
loss: 0.8996, acc: 0.6161
loss: 0.8874, acc: 0.6225
loss: 0.8817, acc: 0.6238
loss: 0.8756, acc: 0.6261
loss: 0.8664, acc: 0.6302
loss: 0.8588, acc: 0.6326
loss: 0.8504, acc: 0.6378
loss: 0.8407, acc: 0.6429
loss: 0.8380, acc: 0.6449
> val_acc: 0.7375, val_f1: 0.5531
>> saved: state_dict/gc_ian_restaurant_val_acc0.7375
>>>>>>>>>>>>>>>>>>>>>>>>>>>>>>>>>>>>>>>>>>>>>>>>>>>>>>>>>>>>>>>>>>>>>>>>>>>>>>>>>>>>>>>>>>>>>>>>>>>>
epoch: 1
loss: 0.6718, acc: 0.7500
loss: 0.6015, acc: 0.7679
loss: 0.5835, acc: 0.7760
loss: 0.6189, acc: 0.7482
loss: 0.6223, acc: 0.7571
loss: 0.6285, acc: 0.7546
loss: 0.6209, acc: 0.7568
loss: 0.6077, acc: 0.7627
loss: 0.6081, acc: 0.7619
loss: 0.5932, acc: 0.7706
loss: 0.6030, acc: 0.7656
loss: 0.5999, acc: 0.7654
loss: 0.6036, acc: 0.7636
loss: 0.6036, acc: 0.7635
loss: 0.6053, acc: 0.7626
loss: 0.6035, acc: 0.7638
loss: 0.5984, acc: 0.7660
loss: 0.5946, acc: 0.7669
loss: 0.5950, acc: 0.7663
loss: 0.5907, acc: 0.7680
loss: 0.5885, acc: 0.7696
loss: 0.5866, acc: 0.7702
loss: 0.5842, acc: 0.7704
> val_acc: 0.7589, val_f1: 0.5764
>> saved: state_dict/gc_ian_restaurant_val_acc0.7589
>>>>>>>>>>>>>>>>>>>>>>>>>>>>>>>>>>>>>>>>>>>>>>>>>>>>>>>>>>>>>>>>>>>>>>>>>>>>>>>>>>>>>>>>>>>>>>>>>>>>
epoch: 2
loss: 0.4967, acc: 0.7969
loss: 0.4809, acc: 0.8229
loss: 0.4716, acc: 0.8348
loss: 0.4621, acc: 0.8355
loss: 0.4733, acc: 0.8242
loss: 0.4838, acc: 0.8190
loss: 0.4882, acc: 0.8153
loss: 0.4798, acc: 0.8205
loss: 0.4818, acc: 0.8246
loss: 0.4871, acc: 0.8208
loss: 0.4851, acc: 0.8223
loss: 0.4846, acc: 0.8215
loss: 0.4902, acc: 0.8198
loss: 0.4955, acc: 0.8130
loss: 0.4934, acc: 0.8138
loss: 0.4951, acc: 0.8133
loss: 0.4980, acc: 0.8121
loss: 0.4977, acc: 0.8125
loss: 0.4995, acc: 0.8115
loss: 0.5008, acc: 0.8112
loss: 0.4982, acc: 0.8125
loss: 0.4976, acc: 0.8116
> val_acc: 0.7768, val_f1: 0.6475
>> saved: state_dict/gc_ian_restaurant_val_acc0.7768
>>>>>>>>>>>>>>>>>>>>>>>>>>>>>>>>>>>>>>>>>>>>>>>>>>>>>>>>>>>>>>>>>>>>>>>>>>>>>>>>>>>>>>>>>>>>>>>>>>>>
epoch: 3
loss: 0.3507, acc: 0.8438
loss: 0.4237, acc: 0.8438
loss: 0.4073, acc: 0.8580
loss: 0.4040, acc: 0.8711
loss: 0.3999, acc: 0.8676
loss: 0.4082, acc: 0.8630
loss: 0.4035, acc: 0.8649
loss: 0.4084, acc: 0.8628
loss: 0.4164, acc: 0.8559
loss: 0.4244, acc: 0.8485
loss: 0.4251, acc: 0.8462
loss: 0.4230, acc: 0.8454
loss: 0.4214, acc: 0.8448
loss: 0.4193, acc: 0.8452
loss: 0.4187, acc: 0.8446
loss: 0.4210, acc: 0.8429
loss: 0.4240, acc: 0.8426
loss: 0.4237, acc: 0.8419
loss: 0.4232, acc: 0.8424
loss: 0.4201, acc: 0.8451
loss: 0.4194, acc: 0.8459
loss: 0.4215, acc: 0.8449
loss: 0.4223, acc: 0.8435
> val_acc: 0.7670, val_f1: 0.6200
>>>>>>>>>>>>>>>>>>>>>>>>>>>>>>>>>>>>>>>>>>>>>>>>>>>>>>>>>>>>>>>>>>>>>>>>>>>>>>>>>>>>>>>>>>>>>>>>>>>>
epoch: 4
loss: 0.3240, acc: 0.8750
loss: 0.3358, acc: 0.8789
loss: 0.3604, acc: 0.8678
loss: 0.3656, acc: 0.8628
loss: 0.3779, acc: 0.8601
loss: 0.3775, acc: 0.8638
loss: 0.3778, acc: 0.8636
loss: 0.3825, acc: 0.8544
loss: 0.3864, acc: 0.8539
loss: 0.3929, acc: 0.8516
loss: 0.3863, acc: 0.8573
loss: 0.3839, acc: 0.8588
loss: 0.3816, acc: 0.8611
loss: 0.3820, acc: 0.8608
loss: 0.3807, acc: 0.8617
loss: 0.3815, acc: 0.8618
loss: 0.3840, acc: 0.8599
loss: 0.3821, acc: 0.8601
loss: 0.3848, acc: 0.8585
loss: 0.3820, acc: 0.8610
loss: 0.3812, acc: 0.8617
loss: 0.3820, acc: 0.8597
loss: 0.3821, acc: 0.8586
> val_acc: 0.7714, val_f1: 0.6188
>>>>>>>>>>>>>>>>>>>>>>>>>>>>>>>>>>>>>>>>>>>>>>>>>>>>>>>>>>>>>>>>>>>>>>>>>>>>>>>>>>>>>>>>>>>>>>>>>>>>
epoch: 5
loss: 0.3081, acc: 0.8875
loss: 0.3317, acc: 0.8750
loss: 0.3381, acc: 0.8729
loss: 0.3317, acc: 0.8703
loss: 0.3398, acc: 0.8725
loss: 0.3350, acc: 0.8771
loss: 0.3388, acc: 0.8759
loss: 0.3479, acc: 0.8734
loss: 0.3448, acc: 0.8764
loss: 0.3461, acc: 0.8762
loss: 0.3504, acc: 0.8767
loss: 0.3528, acc: 0.8766
loss: 0.3494, acc: 0.8803
loss: 0.3460, acc: 0.8826
loss: 0.3495, acc: 0.8796
loss: 0.3474, acc: 0.8816
loss: 0.3456, acc: 0.8809
loss: 0.3466, acc: 0.8795
loss: 0.3458, acc: 0.8799
loss: 0.3474, acc: 0.8784
loss: 0.3474, acc: 0.8786
loss: 0.3425, acc: 0.8818
> val_acc: 0.7750, val_f1: 0.6477
>>>>>>>>>>>>>>>>>>>>>>>>>>>>>>>>>>>>>>>>>>>>>>>>>>>>>>>>>>>>>>>>>>>>>>>>>>>>>>>>>>>>>>>>>>>>>>>>>>>>
epoch: 6
loss: 0.3109, acc: 0.8906
loss: 0.2936, acc: 0.8884
loss: 0.3020, acc: 0.8906
loss: 0.2905, acc: 0.9007
loss: 0.2849, acc: 0.9062
loss: 0.2867, acc: 0.9016
loss: 0.2850, acc: 0.9033
loss: 0.2906, acc: 0.9020
loss: 0.2925, acc: 0.9033
loss: 0.2905, acc: 0.9029
loss: 0.2883, acc: 0.9044
loss: 0.2937, acc: 0.9013
loss: 0.2981, acc: 0.8987
loss: 0.2982, acc: 0.8983
loss: 0.2997, acc: 0.8984
loss: 0.2991, acc: 0.8998
loss: 0.3021, acc: 0.9002
loss: 0.3054, acc: 0.8980
loss: 0.3055, acc: 0.8971
loss: 0.3075, acc: 0.8950
loss: 0.3120, acc: 0.8928
loss: 0.3124, acc: 0.8928
loss: 0.3132, acc: 0.8929
> val_acc: 0.7741, val_f1: 0.6312
>>>>>>>>>>>>>>>>>>>>>>>>>>>>>>>>>>>>>>>>>>>>>>>>>>>>>>>>>>>>>>>>>>>>>>>>>>>>>>>>>>>>>>>>>>>>>>>>>>>>
epoch: 7
loss: 0.3120, acc: 0.8672
loss: 0.2931, acc: 0.8819
loss: 0.2646, acc: 0.9085
loss: 0.2616, acc: 0.9145
loss: 0.2680, acc: 0.9102
loss: 0.2701, acc: 0.9106
loss: 0.2750, acc: 0.9090
loss: 0.2729, acc: 0.9079
loss: 0.2693, acc: 0.9112
loss: 0.2667, acc: 0.9107
loss: 0.2624, acc: 0.9138
loss: 0.2611, acc: 0.9147
loss: 0.2654, acc: 0.9136
loss: 0.2651, acc: 0.9149
loss: 0.2669, acc: 0.9126
loss: 0.2685, acc: 0.9106
loss: 0.2734, acc: 0.9096
loss: 0.2777, acc: 0.9091
loss: 0.2798, acc: 0.9096
loss: 0.2816, acc: 0.9078
loss: 0.2845, acc: 0.9069
loss: 0.2845, acc: 0.9071
> val_acc: 0.7732, val_f1: 0.6216
>>>>>>>>>>>>>>>>>>>>>>>>>>>>>>>>>>>>>>>>>>>>>>>>>>>>>>>>>>>>>>>>>>>>>>>>>>>>>>>>>>>>>>>>>>>>>>>>>>>>
epoch: 8
loss: 0.2672, acc: 0.9062
loss: 0.2773, acc: 0.8958
loss: 0.2681, acc: 0.9119
loss: 0.2643, acc: 0.9160
loss: 0.2660, acc: 0.9182
loss: 0.2663, acc: 0.9195
loss: 0.2599, acc: 0.9194
loss: 0.2530, acc: 0.9227
loss: 0.2559, acc: 0.9200
loss: 0.2547, acc: 0.9185
loss: 0.2603, acc: 0.9130
loss: 0.2593, acc: 0.9135
loss: 0.2612, acc: 0.9119
loss: 0.2619, acc: 0.9129
loss: 0.2624, acc: 0.9124
loss: 0.2664, acc: 0.9087
loss: 0.2630, acc: 0.9117
loss: 0.2616, acc: 0.9117
loss: 0.2657, acc: 0.9090
loss: 0.2667, acc: 0.9095
loss: 0.2654, acc: 0.9106
loss: 0.2668, acc: 0.9098
loss: 0.2686, acc: 0.9091
> val_acc: 0.7786, val_f1: 0.6400
>> saved: state_dict/gc_ian_restaurant_val_acc0.7786
>>>>>>>>>>>>>>>>>>>>>>>>>>>>>>>>>>>>>>>>>>>>>>>>>>>>>>>>>>>>>>>>>>>>>>>>>>>>>>>>>>>>>>>>>>>>>>>>>>>>
epoch: 9
loss: 0.2796, acc: 0.8958
loss: 0.2354, acc: 0.9102
loss: 0.2317, acc: 0.9183
loss: 0.2441, acc: 0.9097
loss: 0.2400, acc: 0.9158
loss: 0.2358, acc: 0.9208
loss: 0.2387, acc: 0.9176
loss: 0.2433, acc: 0.9161
loss: 0.2407, acc: 0.9193
loss: 0.2415, acc: 0.9199
loss: 0.2390, acc: 0.9216
loss: 0.2426, acc: 0.9208
loss: 0.2424, acc: 0.9196
loss: 0.2412, acc: 0.9205
loss: 0.2432, acc: 0.9204
loss: 0.2465, acc: 0.9191
loss: 0.2482, acc: 0.9194
loss: 0.2457, acc: 0.9197
loss: 0.2488, acc: 0.9160
loss: 0.2488, acc: 0.9161
loss: 0.2520, acc: 0.9147
loss: 0.2543, acc: 0.9144
loss: 0.2540, acc: 0.9144
> val_acc: 0.7723, val_f1: 0.6260
>>>>>>>>>>>>>>>>>>>>>>>>>>>>>>>>>>>>>>>>>>>>>>>>>>>>>>>>>>>>>>>>>>>>>>>>>>>>>>>>>>>>>>>>>>>>>>>>>>>>
epoch: 10
loss: 0.1993, acc: 0.9250
loss: 0.2041, acc: 0.9344
loss: 0.2000, acc: 0.9354
loss: 0.1987, acc: 0.9328
loss: 0.1968, acc: 0.9313
loss: 0.2065, acc: 0.9281
loss: 0.2076, acc: 0.9304
loss: 0.2029, acc: 0.9359
loss: 0.2112, acc: 0.9354
loss: 0.2124, acc: 0.9363
loss: 0.2097, acc: 0.9392
loss: 0.2100, acc: 0.9365
loss: 0.2068, acc: 0.9380
loss: 0.2106, acc: 0.9357
loss: 0.2111, acc: 0.9333
loss: 0.2143, acc: 0.9313
loss: 0.2158, acc: 0.9309
loss: 0.2166, acc: 0.9309
loss: 0.2191, acc: 0.9309
loss: 0.2177, acc: 0.9309
loss: 0.2222, acc: 0.9283
loss: 0.2238, acc: 0.9273
> val_acc: 0.7759, val_f1: 0.6425
>>>>>>>>>>>>>>>>>>>>>>>>>>>>>>>>>>>>>>>>>>>>>>>>>>>>>>>>>>>>>>>>>>>>>>>>>>>>>>>>>>>>>>>>>>>>>>>>>>>>
epoch: 11
loss: 0.2090, acc: 0.9531
loss: 0.1919, acc: 0.9554
loss: 0.1921, acc: 0.9557
loss: 0.1925, acc: 0.9540
loss: 0.1861, acc: 0.9531
loss: 0.1893, acc: 0.9525
loss: 0.1920, acc: 0.9531
loss: 0.1999, acc: 0.9476
loss: 0.2037, acc: 0.9449
loss: 0.2058, acc: 0.9428
loss: 0.2057, acc: 0.9399
loss: 0.2072, acc: 0.9402
loss: 0.2086, acc: 0.9400
loss: 0.2107, acc: 0.9389
loss: 0.2113, acc: 0.9392
loss: 0.2093, acc: 0.9395
loss: 0.2066, acc: 0.9413
loss: 0.2043, acc: 0.9429
loss: 0.2025, acc: 0.9436
loss: 0.2058, acc: 0.9417
loss: 0.2076, acc: 0.9409
loss: 0.2102, acc: 0.9395
loss: 0.2109, acc: 0.9392
> val_acc: 0.7714, val_f1: 0.6219
>>>>>>>>>>>>>>>>>>>>>>>>>>>>>>>>>>>>>>>>>>>>>>>>>>>>>>>>>>>>>>>>>>>>>>>>>>>>>>>>>>>>>>>>>>>>>>>>>>>>
epoch: 12
loss: 0.1888, acc: 0.9609
loss: 0.1696, acc: 0.9583
loss: 0.1629, acc: 0.9621
loss: 0.1891, acc: 0.9474
loss: 0.1901, acc: 0.9466
loss: 0.1905, acc: 0.9472
loss: 0.1885, acc: 0.9485
loss: 0.1831, acc: 0.9503
loss: 0.1863, acc: 0.9489
loss: 0.1891, acc: 0.9471
loss: 0.1894, acc: 0.9479
loss: 0.1979, acc: 0.9439
loss: 0.1974, acc: 0.9419
loss: 0.1966, acc: 0.9434
loss: 0.1959, acc: 0.9447
loss: 0.1945, acc: 0.9446
loss: 0.1952, acc: 0.9446
loss: 0.1970, acc: 0.9435
loss: 0.1997, acc: 0.9412
loss: 0.1975, acc: 0.9426
loss: 0.1979, acc: 0.9426
loss: 0.1968, acc: 0.9441
> val_acc: 0.7750, val_f1: 0.6259
>>>>>>>>>>>>>>>>>>>>>>>>>>>>>>>>>>>>>>>>>>>>>>>>>>>>>>>>>>>>>>>>>>>>>>>>>>>>>>>>>>>>>>>>>>>>>>>>>>>>
epoch: 13
loss: 0.2275, acc: 0.9688
loss: 0.1630, acc: 0.9688
loss: 0.1721, acc: 0.9602
loss: 0.1807, acc: 0.9512
loss: 0.1832, acc: 0.9479
loss: 0.1844, acc: 0.9495
loss: 0.1825, acc: 0.9526
loss: 0.1870, acc: 0.9514
loss: 0.1909, acc: 0.9489
loss: 0.1903, acc: 0.9497
loss: 0.1897, acc: 0.9491
loss: 0.1859, acc: 0.9515
loss: 0.1853, acc: 0.9513
loss: 0.1842, acc: 0.9517
loss: 0.1838, acc: 0.9516
loss: 0.1824, acc: 0.9523
loss: 0.1857, acc: 0.9514
loss: 0.1850, acc: 0.9509
loss: 0.1856, acc: 0.9492
loss: 0.1849, acc: 0.9489
loss: 0.1851, acc: 0.9493
loss: 0.1869, acc: 0.9481
loss: 0.1874, acc: 0.9485
> val_acc: 0.7759, val_f1: 0.6282
>>>>>>>>>>>>>>>>>>>>>>>>>>>>>>>>>>>>>>>>>>>>>>>>>>>>>>>>>>>>>>>>>>>>>>>>>>>>>>>>>>>>>>>>>>>>>>>>>>>>
epoch: 14
loss: 0.1215, acc: 0.9792
loss: 0.1471, acc: 0.9688
loss: 0.1488, acc: 0.9639
loss: 0.1649, acc: 0.9583
loss: 0.1592, acc: 0.9606
loss: 0.1617, acc: 0.9587
loss: 0.1650, acc: 0.9574
loss: 0.1567, acc: 0.9613
loss: 0.1557, acc: 0.9622
loss: 0.1562, acc: 0.9616
loss: 0.1607, acc: 0.9581
loss: 0.1665, acc: 0.9547
loss: 0.1675, acc: 0.9539
loss: 0.1709, acc: 0.9508
loss: 0.1721, acc: 0.9508
loss: 0.1730, acc: 0.9507
loss: 0.1724, acc: 0.9507
loss: 0.1735, acc: 0.9506
loss: 0.1749, acc: 0.9493
loss: 0.1775, acc: 0.9477
loss: 0.1795, acc: 0.9460
loss: 0.1817, acc: 0.9444
loss: 0.1820, acc: 0.9448
> val_acc: 0.7786, val_f1: 0.6545
>>>>>>>>>>>>>>>>>>>>>>>>>>>>>>>>>>>>>>>>>>>>>>>>>>>>>>>>>>>>>>>>>>>>>>>>>>>>>>>>>>>>>>>>>>>>>>>>>>>>
epoch: 15
loss: 0.1226, acc: 0.9688
loss: 0.1480, acc: 0.9656
loss: 0.1481, acc: 0.9667
loss: 0.1614, acc: 0.9563
loss: 0.1557, acc: 0.9625
loss: 0.1490, acc: 0.9646
loss: 0.1494, acc: 0.9643
loss: 0.1519, acc: 0.9609
loss: 0.1502, acc: 0.9618
loss: 0.1519, acc: 0.9625
loss: 0.1518, acc: 0.9636
loss: 0.1538, acc: 0.9615
loss: 0.1566, acc: 0.9587
loss: 0.1564, acc: 0.9589
loss: 0.1582, acc: 0.9571
loss: 0.1599, acc: 0.9563
loss: 0.1614, acc: 0.9559
loss: 0.1618, acc: 0.9559
loss: 0.1622, acc: 0.9563
loss: 0.1631, acc: 0.9563
loss: 0.1632, acc: 0.9560
loss: 0.1635, acc: 0.9554
> val_acc: 0.7759, val_f1: 0.6354
>>>>>>>>>>>>>>>>>>>>>>>>>>>>>>>>>>>>>>>>>>>>>>>>>>>>>>>>>>>>>>>>>>>>>>>>>>>>>>>>>>>>>>>>>>>>>>>>>>>>
epoch: 16
loss: 0.1352, acc: 0.9688
loss: 0.1428, acc: 0.9688
loss: 0.1604, acc: 0.9635
loss: 0.1490, acc: 0.9688
loss: 0.1498, acc: 0.9659
loss: 0.1519, acc: 0.9630
loss: 0.1501, acc: 0.9658
loss: 0.1521, acc: 0.9637
loss: 0.1546, acc: 0.9613
loss: 0.1540, acc: 0.9614
loss: 0.1540, acc: 0.9615
loss: 0.1552, acc: 0.9616
loss: 0.1562, acc: 0.9617
loss: 0.1582, acc: 0.9599
loss: 0.1601, acc: 0.9570
loss: 0.1605, acc: 0.9574
loss: 0.1602, acc: 0.9581
loss: 0.1598, acc: 0.9569
loss: 0.1588, acc: 0.9586
loss: 0.1609, acc: 0.9581
loss: 0.1605, acc: 0.9583
loss: 0.1614, acc: 0.9582
loss: 0.1616, acc: 0.9581
> val_acc: 0.7732, val_f1: 0.6405
>>>>>>>>>>>>>>>>>>>>>>>>>>>>>>>>>>>>>>>>>>>>>>>>>>>>>>>>>>>>>>>>>>>>>>>>>>>>>>>>>>>>>>>>>>>>>>>>>>>>
epoch: 17
loss: 0.1680, acc: 0.9609
loss: 0.1527, acc: 0.9618
loss: 0.1554, acc: 0.9621
loss: 0.1601, acc: 0.9539
loss: 0.1615, acc: 0.9531
loss: 0.1590, acc: 0.9547
loss: 0.1563, acc: 0.9568
loss: 0.1567, acc: 0.9567
loss: 0.1583, acc: 0.9560
loss: 0.1577, acc: 0.9554
loss: 0.1584, acc: 0.9560
loss: 0.1583, acc: 0.9555
loss: 0.1590, acc: 0.9561
loss: 0.1597, acc: 0.9552
loss: 0.1609, acc: 0.9540
loss: 0.1586, acc: 0.9553
loss: 0.1594, acc: 0.9550
loss: 0.1583, acc: 0.9551
loss: 0.1583, acc: 0.9555
loss: 0.1558, acc: 0.9568
loss: 0.1549, acc: 0.9567
loss: 0.1570, acc: 0.9561
> val_acc: 0.7732, val_f1: 0.6303
>>>>>>>>>>>>>>>>>>>>>>>>>>>>>>>>>>>>>>>>>>>>>>>>>>>>>>>>>>>>>>>>>>>>>>>>>>>>>>>>>>>>>>>>>>>>>>>>>>>>
epoch: 18
loss: 0.2086, acc: 0.9375
loss: 0.1336, acc: 0.9792
loss: 0.1454, acc: 0.9659
loss: 0.1414, acc: 0.9688
loss: 0.1454, acc: 0.9688
loss: 0.1418, acc: 0.9700
loss: 0.1427, acc: 0.9708
loss: 0.1454, acc: 0.9696
loss: 0.1496, acc: 0.9649
loss: 0.1511, acc: 0.9647
loss: 0.1491, acc: 0.9651
loss: 0.1525, acc: 0.9615
loss: 0.1509, acc: 0.9616
loss: 0.1510, acc: 0.9612
loss: 0.1515, acc: 0.9599
loss: 0.1506, acc: 0.9601
loss: 0.1488, acc: 0.9610
loss: 0.1502, acc: 0.9608
loss: 0.1518, acc: 0.9598
loss: 0.1531, acc: 0.9593
loss: 0.1530, acc: 0.9592
loss: 0.1525, acc: 0.9587
loss: 0.1521, acc: 0.9589
> val_acc: 0.7759, val_f1: 0.6481
>>>>>>>>>>>>>>>>>>>>>>>>>>>>>>>>>>>>>>>>>>>>>>>>>>>>>>>>>>>>>>>>>>>>>>>>>>>>>>>>>>>>>>>>>>>>>>>>>>>>
epoch: 19
loss: 0.1005, acc: 0.9688
loss: 0.1097, acc: 0.9805
loss: 0.1152, acc: 0.9784
loss: 0.1191, acc: 0.9757
loss: 0.1214, acc: 0.9755
loss: 0.1250, acc: 0.9732
loss: 0.1201, acc: 0.9754
loss: 0.1211, acc: 0.9737
loss: 0.1278, acc: 0.9688
loss: 0.1303, acc: 0.9674
loss: 0.1314, acc: 0.9676
loss: 0.1294, acc: 0.9682
loss: 0.1318, acc: 0.9673
loss: 0.1329, acc: 0.9660
loss: 0.1340, acc: 0.9658
loss: 0.1353, acc: 0.9651
loss: 0.1366, acc: 0.9627
loss: 0.1361, acc: 0.9620
loss: 0.1352, acc: 0.9620
loss: 0.1390, acc: 0.9592
loss: 0.1413, acc: 0.9581
loss: 0.1419, acc: 0.9583
loss: 0.1415, acc: 0.9587
> val_acc: 0.7768, val_f1: 0.6478
>>>>>>>>>>>>>>>>>>>>>>>>>>>>>>>>>>>>>>>>>>>>>>>>>>>>>>>>>>>>>>>>>>>>>>>>>>>>>>>>>>>>>>>>>>>>>>>>>>>>
epoch: 20
loss: 0.1507, acc: 0.9500
loss: 0.1367, acc: 0.9563
loss: 0.1249, acc: 0.9667
loss: 0.1235, acc: 0.9703
loss: 0.1259, acc: 0.9675
loss: 0.1297, acc: 0.9646
loss: 0.1275, acc: 0.9652
loss: 0.1223, acc: 0.9688
loss: 0.1240, acc: 0.9688
loss: 0.1269, acc: 0.9675
loss: 0.1280, acc: 0.9670
loss: 0.1295, acc: 0.9656
loss: 0.1301, acc: 0.9654
loss: 0.1332, acc: 0.9634
loss: 0.1326, acc: 0.9629
loss: 0.1344, acc: 0.9605
loss: 0.1329, acc: 0.9621
loss: 0.1335, acc: 0.9611
loss: 0.1338, acc: 0.9599
loss: 0.1349, acc: 0.9594
loss: 0.1361, acc: 0.9601
loss: 0.1348, acc: 0.9611
> val_acc: 0.7741, val_f1: 0.6315
>>>>>>>>>>>>>>>>>>>>>>>>>>>>>>>>>>>>>>>>>>>>>>>>>>>>>>>>>>>>>>>>>>>>>>>>>>>>>>>>>>>>>>>>>>>>>>>>>>>>
epoch: 21
loss: 0.1263, acc: 0.9688
loss: 0.1143, acc: 0.9777
loss: 0.1079, acc: 0.9792
loss: 0.1153, acc: 0.9761
loss: 0.1118, acc: 0.9787
loss: 0.1110, acc: 0.9792
loss: 0.1134, acc: 0.9775
loss: 0.1165, acc: 0.9755
loss: 0.1189, acc: 0.9740
loss: 0.1203, acc: 0.9727
loss: 0.1185, acc: 0.9730
loss: 0.1195, acc: 0.9715
loss: 0.1200, acc: 0.9708
loss: 0.1201, acc: 0.9720
loss: 0.1218, acc: 0.9709
loss: 0.1225, acc: 0.9700
loss: 0.1231, acc: 0.9691
loss: 0.1248, acc: 0.9684
loss: 0.1274, acc: 0.9677
loss: 0.1277, acc: 0.9671
loss: 0.1275, acc: 0.9663
loss: 0.1263, acc: 0.9670
loss: 0.1273, acc: 0.9662
> val_acc: 0.7714, val_f1: 0.6259
>>>>>>>>>>>>>>>>>>>>>>>>>>>>>>>>>>>>>>>>>>>>>>>>>>>>>>>>>>>>>>>>>>>>>>>>>>>>>>>>>>>>>>>>>>>>>>>>>>>>
epoch: 22
loss: 0.1045, acc: 0.9844
loss: 0.1350, acc: 0.9618
loss: 0.1282, acc: 0.9643
loss: 0.1161, acc: 0.9688
loss: 0.1151, acc: 0.9714
loss: 0.1186, acc: 0.9655
loss: 0.1190, acc: 0.9678
loss: 0.1184, acc: 0.9671
loss: 0.1149, acc: 0.9695
loss: 0.1134, acc: 0.9719
loss: 0.1133, acc: 0.9734
loss: 0.1165, acc: 0.9698
loss: 0.1170, acc: 0.9697
loss: 0.1184, acc: 0.9683
loss: 0.1208, acc: 0.9662
loss: 0.1237, acc: 0.9644
loss: 0.1251, acc: 0.9635
loss: 0.1258, acc: 0.9624
loss: 0.1252, acc: 0.9631
loss: 0.1270, acc: 0.9618
loss: 0.1259, acc: 0.9633
loss: 0.1269, acc: 0.9630
> val_acc: 0.7714, val_f1: 0.6196
>>>>>>>>>>>>>>>>>>>>>>>>>>>>>>>>>>>>>>>>>>>>>>>>>>>>>>>>>>>>>>>>>>>>>>>>>>>>>>>>>>>>>>>>>>>>>>>>>>>>
epoch: 23
loss: 0.0837, acc: 0.9688
loss: 0.1114, acc: 0.9740
loss: 0.1082, acc: 0.9773
loss: 0.1205, acc: 0.9688
loss: 0.1223, acc: 0.9673
loss: 0.1258, acc: 0.9688
loss: 0.1280, acc: 0.9677
loss: 0.1226, acc: 0.9696
loss: 0.1223, acc: 0.9710
loss: 0.1239, acc: 0.9701
loss: 0.1222, acc: 0.9706
loss: 0.1214, acc: 0.9704
loss: 0.1230, acc: 0.9688
loss: 0.1231, acc: 0.9692
loss: 0.1232, acc: 0.9688
loss: 0.1233, acc: 0.9675
loss: 0.1248, acc: 0.9668
loss: 0.1246, acc: 0.9658
loss: 0.1261, acc: 0.9653
loss: 0.1254, acc: 0.9655
loss: 0.1252, acc: 0.9657
loss: 0.1257, acc: 0.9658
loss: 0.1272, acc: 0.9654
> val_acc: 0.7714, val_f1: 0.6274
>>>>>>>>>>>>>>>>>>>>>>>>>>>>>>>>>>>>>>>>>>>>>>>>>>>>>>>>>>>>>>>>>>>>>>>>>>>>>>>>>>>>>>>>>>>>>>>>>>>>
epoch: 24
loss: 0.1454, acc: 0.9479
loss: 0.1167, acc: 0.9648
loss: 0.1007, acc: 0.9760
loss: 0.0957, acc: 0.9826
loss: 0.0940, acc: 0.9810
loss: 0.0957, acc: 0.9810
loss: 0.0976, acc: 0.9801
loss: 0.1054, acc: 0.9762
loss: 0.1063, acc: 0.9753
loss: 0.1074, acc: 0.9740
loss: 0.1061, acc: 0.9741
loss: 0.1059, acc: 0.9741
loss: 0.1080, acc: 0.9727
loss: 0.1080, acc: 0.9738
loss: 0.1088, acc: 0.9735
loss: 0.1119, acc: 0.9720
loss: 0.1116, acc: 0.9714
loss: 0.1125, acc: 0.9709
loss: 0.1127, acc: 0.9711
loss: 0.1123, acc: 0.9719
loss: 0.1126, acc: 0.9709
loss: 0.1136, acc: 0.9705
loss: 0.1139, acc: 0.9706
> val_acc: 0.7723, val_f1: 0.6307
>>>>>>>>>>>>>>>>>>>>>>>>>>>>>>>>>>>>>>>>>>>>>>>>>>>>>>>>>>>>>>>>>>>>>>>>>>>>>>>>>>>>>>>>>>>>>>>>>>>>
epoch: 25
loss: 0.1338, acc: 0.9563
loss: 0.1269, acc: 0.9594
loss: 0.1165, acc: 0.9646
loss: 0.1147, acc: 0.9672
loss: 0.1163, acc: 0.9650
loss: 0.1101, acc: 0.9708
loss: 0.1081, acc: 0.9714
loss: 0.1057, acc: 0.9734
loss: 0.1031, acc: 0.9757
loss: 0.1031, acc: 0.9762
loss: 0.1038, acc: 0.9761
loss: 0.1020, acc: 0.9776
loss: 0.1034, acc: 0.9764
loss: 0.1033, acc: 0.9763
loss: 0.1030, acc: 0.9767
loss: 0.1041, acc: 0.9758
loss: 0.1080, acc: 0.9724
loss: 0.1088, acc: 0.9722
loss: 0.1096, acc: 0.9707
loss: 0.1099, acc: 0.9703
loss: 0.1097, acc: 0.9702
loss: 0.1089, acc: 0.9707
> val_acc: 0.7714, val_f1: 0.6276
>>>>>>>>>>>>>>>>>>>>>>>>>>>>>>>>>>>>>>>>>>>>>>>>>>>>>>>>>>>>>>>>>>>>>>>>>>>>>>>>>>>>>>>>>>>>>>>>>>>>
epoch: 26
loss: 0.0746, acc: 1.0000
loss: 0.1001, acc: 0.9866
loss: 0.0991, acc: 0.9818
loss: 0.1025, acc: 0.9779
loss: 0.0994, acc: 0.9787
loss: 0.1026, acc: 0.9792
loss: 0.1042, acc: 0.9775
loss: 0.1031, acc: 0.9780
loss: 0.1025, acc: 0.9799
loss: 0.1049, acc: 0.9787
loss: 0.1028, acc: 0.9802
loss: 0.1022, acc: 0.9797
loss: 0.1040, acc: 0.9778
loss: 0.1039, acc: 0.9771
loss: 0.1021, acc: 0.9774
loss: 0.1010, acc: 0.9781
loss: 0.1034, acc: 0.9760
loss: 0.1047, acc: 0.9752
loss: 0.1069, acc: 0.9742
loss: 0.1058, acc: 0.9745
loss: 0.1053, acc: 0.9746
loss: 0.1070, acc: 0.9734
loss: 0.1073, acc: 0.9727
> val_acc: 0.7723, val_f1: 0.6261
>>>>>>>>>>>>>>>>>>>>>>>>>>>>>>>>>>>>>>>>>>>>>>>>>>>>>>>>>>>>>>>>>>>>>>>>>>>>>>>>>>>>>>>>>>>>>>>>>>>>
epoch: 27
loss: 0.1156, acc: 0.9766
loss: 0.1153, acc: 0.9688
loss: 0.1125, acc: 0.9710
loss: 0.1105, acc: 0.9753
loss: 0.1057, acc: 0.9779
loss: 0.1084, acc: 0.9752
loss: 0.1089, acc: 0.9761
loss: 0.1102, acc: 0.9768
loss: 0.1106, acc: 0.9766
loss: 0.1092, acc: 0.9770
loss: 0.1106, acc: 0.9763
loss: 0.1084, acc: 0.9772
loss: 0.1094, acc: 0.9761
loss: 0.1088, acc: 0.9755
loss: 0.1100, acc: 0.9747
loss: 0.1113, acc: 0.9743
loss: 0.1111, acc: 0.9743
loss: 0.1104, acc: 0.9751
loss: 0.1108, acc: 0.9747
loss: 0.1086, acc: 0.9757
loss: 0.1099, acc: 0.9751
loss: 0.1089, acc: 0.9756
> val_acc: 0.7723, val_f1: 0.6336
>>>>>>>>>>>>>>>>>>>>>>>>>>>>>>>>>>>>>>>>>>>>>>>>>>>>>>>>>>>>>>>>>>>>>>>>>>>>>>>>>>>>>>>>>>>>>>>>>>>>
epoch: 28
loss: 0.1808, acc: 0.9375
loss: 0.1131, acc: 0.9740
loss: 0.0998, acc: 0.9801
loss: 0.0975, acc: 0.9824
loss: 0.0989, acc: 0.9777
loss: 0.1044, acc: 0.9760
loss: 0.1053, acc: 0.9748
loss: 0.1027, acc: 0.9766
loss: 0.1017, acc: 0.9764
loss: 0.0990, acc: 0.9776
loss: 0.0986, acc: 0.9779
loss: 0.0999, acc: 0.9760
loss: 0.1026, acc: 0.9734
loss: 0.1033, acc: 0.9735
loss: 0.1039, acc: 0.9745
loss: 0.1044, acc: 0.9737
loss: 0.1045, acc: 0.9734
loss: 0.1042, acc: 0.9731
loss: 0.1047, acc: 0.9732
loss: 0.1043, acc: 0.9730
loss: 0.1036, acc: 0.9734
loss: 0.1033, acc: 0.9735
loss: 0.1035, acc: 0.9733
> val_acc: 0.7732, val_f1: 0.6363
>>>>>>>>>>>>>>>>>>>>>>>>>>>>>>>>>>>>>>>>>>>>>>>>>>>>>>>>>>>>>>>>>>>>>>>>>>>>>>>>>>>>>>>>>>>>>>>>>>>>
epoch: 29
loss: 0.0507, acc: 1.0000
loss: 0.0817, acc: 0.9883
loss: 0.0886, acc: 0.9808
loss: 0.0842, acc: 0.9809
loss: 0.0794, acc: 0.9823
loss: 0.0835, acc: 0.9788
loss: 0.0863, acc: 0.9773
loss: 0.0875, acc: 0.9778
loss: 0.0895, acc: 0.9767
loss: 0.0929, acc: 0.9753
loss: 0.0976, acc: 0.9735
loss: 0.0958, acc: 0.9741
loss: 0.0934, acc: 0.9762
loss: 0.0936, acc: 0.9770
loss: 0.0929, acc: 0.9782
loss: 0.0922, acc: 0.9780
loss: 0.0938, acc: 0.9759
loss: 0.0953, acc: 0.9755
loss: 0.0961, acc: 0.9758
loss: 0.0986, acc: 0.9754
loss: 0.0993, acc: 0.9745
loss: 0.1012, acc: 0.9731
loss: 0.1005, acc: 0.9734
> val_acc: 0.7741, val_f1: 0.6349
>> test_acc: 0.7786, test_f1: 0.6400
