cuda memory allocated: 7711232
n_trainable_params: 603203, n_nontrainable_params: 1323600
> training arguments:
>>> model_name: gc_ian
>>> dataset: restaurant
>>> optimizer: <class 'torch.optim.adagrad.Adagrad'>
>>> initializer: <function xavier_uniform_ at 0x000002350B787620>
>>> learning_rate: 0.01
>>> momentum: 0.95
>>> dropout: 0.5
>>> l2reg: 5e-05
>>> num_epoch: 30
>>> batch_size: 32
>>> log_step: 5
>>> embed_dim: 300
>>> hidden_dim: 300
>>> bert_dim: 768
>>> pretrained_bert_name: bert-base-uncased
>>> max_seq_len: 80
>>> polarities_dim: 3
>>> hops: 3
>>> device: cuda
>>> seed: 10
>>> valset_ratio: 0
>>> num_layers: 1
>>> in_channels: 100
>>> out_channels: 1
>>> downbot: 20
>>> kernel_size: 3
>>> glove_path: ./glove/glove.840B.300d.txt
>>> model_class: <class 'models.gc_ian.GC_IAN'>
>>> dataset_file: {'train': './datasets/semeval14/Restaurants_Train.xml.seg', 'test': './datasets/semeval14/Restaurants_Test_Gold.xml.seg'}
>>> inputs_cols: ['text_raw_indices', 'aspect_indices']
>>>>>>>>>>>>>>>>>>>>>>>>>>>>>>>>>>>>>>>>>>>>>>>>>>>>>>>>>>>>>>>>>>>>>>>>>>>>>>>>>>>>>>>>>>>>>>>>>>>>
epoch: 0
loss: 1.2795, acc: 0.5125
loss: 1.1694, acc: 0.5531
loss: 1.0267, acc: 0.6021
loss: 0.9889, acc: 0.5984
loss: 0.9719, acc: 0.6025
loss: 0.9685, acc: 0.5990
loss: 0.9660, acc: 0.5929
loss: 0.9451, acc: 0.5984
loss: 0.9383, acc: 0.5979
loss: 0.9269, acc: 0.6038
loss: 0.9185, acc: 0.6062
loss: 0.9137, acc: 0.6078
loss: 0.9070, acc: 0.6120
loss: 0.9015, acc: 0.6147
loss: 0.8947, acc: 0.6146
loss: 0.8872, acc: 0.6211
loss: 0.8816, acc: 0.6243
loss: 0.8716, acc: 0.6302
loss: 0.8670, acc: 0.6345
loss: 0.8587, acc: 0.6378
loss: 0.8511, acc: 0.6417
loss: 0.8443, acc: 0.6455
> val_acc: 0.7179, val_f1: 0.4884
>> saved: state_dict/gc_ian_restaurant_val_acc0.7179
>>>>>>>>>>>>>>>>>>>>>>>>>>>>>>>>>>>>>>>>>>>>>>>>>>>>>>>>>>>>>>>>>>>>>>>>>>>>>>>>>>>>>>>>>>>>>>>>>>>>
epoch: 1
loss: 0.6535, acc: 0.7344
loss: 0.6291, acc: 0.7545
loss: 0.6360, acc: 0.7500
loss: 0.6236, acc: 0.7482
loss: 0.6226, acc: 0.7514
loss: 0.6235, acc: 0.7523
loss: 0.6194, acc: 0.7607
loss: 0.6232, acc: 0.7601
loss: 0.6216, acc: 0.7597
loss: 0.6257, acc: 0.7586
loss: 0.6218, acc: 0.7596
loss: 0.6189, acc: 0.7577
loss: 0.6266, acc: 0.7505
loss: 0.6255, acc: 0.7500
loss: 0.6223, acc: 0.7500
loss: 0.6252, acc: 0.7480
loss: 0.6207, acc: 0.7485
loss: 0.6157, acc: 0.7529
loss: 0.6154, acc: 0.7490
loss: 0.6105, acc: 0.7523
loss: 0.6089, acc: 0.7531
loss: 0.6077, acc: 0.7547
loss: 0.6075, acc: 0.7539
> val_acc: 0.7500, val_f1: 0.5705
>> saved: state_dict/gc_ian_restaurant_val_acc0.75
>>>>>>>>>>>>>>>>>>>>>>>>>>>>>>>>>>>>>>>>>>>>>>>>>>>>>>>>>>>>>>>>>>>>>>>>>>>>>>>>>>>>>>>>>>>>>>>>>>>>
epoch: 2
loss: 0.5642, acc: 0.7734
loss: 0.5547, acc: 0.7743
loss: 0.5644, acc: 0.7723
loss: 0.5346, acc: 0.7928
loss: 0.5402, acc: 0.7852
loss: 0.5344, acc: 0.7909
loss: 0.5380, acc: 0.7895
loss: 0.5245, acc: 0.7997
loss: 0.5233, acc: 0.8004
loss: 0.5233, acc: 0.7997
loss: 0.5275, acc: 0.7986
loss: 0.5259, acc: 0.7998
loss: 0.5312, acc: 0.7959
loss: 0.5315, acc: 0.7944
loss: 0.5375, acc: 0.7901
loss: 0.5386, acc: 0.7888
loss: 0.5361, acc: 0.7909
loss: 0.5352, acc: 0.7935
loss: 0.5354, acc: 0.7939
loss: 0.5352, acc: 0.7942
loss: 0.5301, acc: 0.7960
loss: 0.5287, acc: 0.7973
> val_acc: 0.7714, val_f1: 0.6149
>> saved: state_dict/gc_ian_restaurant_val_acc0.7714
>>>>>>>>>>>>>>>>>>>>>>>>>>>>>>>>>>>>>>>>>>>>>>>>>>>>>>>>>>>>>>>>>>>>>>>>>>>>>>>>>>>>>>>>>>>>>>>>>>>>
epoch: 3
loss: 0.4641, acc: 0.8438
loss: 0.4078, acc: 0.8385
loss: 0.4629, acc: 0.8097
loss: 0.4562, acc: 0.8203
loss: 0.4499, acc: 0.8274
loss: 0.4606, acc: 0.8245
loss: 0.4611, acc: 0.8206
loss: 0.4735, acc: 0.8151
loss: 0.4696, acc: 0.8186
loss: 0.4676, acc: 0.8179
loss: 0.4652, acc: 0.8217
loss: 0.4645, acc: 0.8237
loss: 0.4670, acc: 0.8253
loss: 0.4651, acc: 0.8262
loss: 0.4681, acc: 0.8239
loss: 0.4677, acc: 0.8228
loss: 0.4671, acc: 0.8229
loss: 0.4674, acc: 0.8227
loss: 0.4669, acc: 0.8221
loss: 0.4674, acc: 0.8216
loss: 0.4681, acc: 0.8199
loss: 0.4655, acc: 0.8210
loss: 0.4670, acc: 0.8204
> val_acc: 0.7732, val_f1: 0.6381
>> saved: state_dict/gc_ian_restaurant_val_acc0.7732
>>>>>>>>>>>>>>>>>>>>>>>>>>>>>>>>>>>>>>>>>>>>>>>>>>>>>>>>>>>>>>>>>>>>>>>>>>>>>>>>>>>>>>>>>>>>>>>>>>>>
epoch: 4
loss: 0.5108, acc: 0.8021
loss: 0.4678, acc: 0.8242
loss: 0.4566, acc: 0.8269
loss: 0.4247, acc: 0.8472
loss: 0.4254, acc: 0.8451
loss: 0.4320, acc: 0.8404
loss: 0.4279, acc: 0.8419
loss: 0.4307, acc: 0.8421
loss: 0.4329, acc: 0.8408
loss: 0.4239, acc: 0.8451
loss: 0.4360, acc: 0.8384
loss: 0.4368, acc: 0.8373
loss: 0.4385, acc: 0.8378
loss: 0.4339, acc: 0.8382
loss: 0.4341, acc: 0.8365
loss: 0.4318, acc: 0.8369
loss: 0.4304, acc: 0.8381
loss: 0.4292, acc: 0.8388
loss: 0.4266, acc: 0.8401
loss: 0.4257, acc: 0.8406
loss: 0.4276, acc: 0.8383
loss: 0.4287, acc: 0.8365
loss: 0.4276, acc: 0.8368
> val_acc: 0.7688, val_f1: 0.6210
>>>>>>>>>>>>>>>>>>>>>>>>>>>>>>>>>>>>>>>>>>>>>>>>>>>>>>>>>>>>>>>>>>>>>>>>>>>>>>>>>>>>>>>>>>>>>>>>>>>>
epoch: 5
loss: 0.4312, acc: 0.8313
loss: 0.4202, acc: 0.8531
loss: 0.4066, acc: 0.8646
loss: 0.4013, acc: 0.8672
loss: 0.3916, acc: 0.8725
loss: 0.3920, acc: 0.8677
loss: 0.3907, acc: 0.8652
loss: 0.3857, acc: 0.8656
loss: 0.3794, acc: 0.8660
loss: 0.3800, acc: 0.8662
loss: 0.3810, acc: 0.8670
loss: 0.3859, acc: 0.8641
loss: 0.3855, acc: 0.8644
loss: 0.3870, acc: 0.8625
loss: 0.3850, acc: 0.8608
loss: 0.3851, acc: 0.8602
loss: 0.3866, acc: 0.8588
loss: 0.3883, acc: 0.8583
loss: 0.3897, acc: 0.8559
loss: 0.3894, acc: 0.8569
loss: 0.3913, acc: 0.8548
loss: 0.3918, acc: 0.8534
> val_acc: 0.7741, val_f1: 0.6197
>> saved: state_dict/gc_ian_restaurant_val_acc0.7741
>>>>>>>>>>>>>>>>>>>>>>>>>>>>>>>>>>>>>>>>>>>>>>>>>>>>>>>>>>>>>>>>>>>>>>>>>>>>>>>>>>>>>>>>>>>>>>>>>>>>
epoch: 6
loss: 0.3360, acc: 0.9062
loss: 0.3376, acc: 0.8929
loss: 0.3724, acc: 0.8646
loss: 0.3786, acc: 0.8603
loss: 0.3703, acc: 0.8636
loss: 0.3662, acc: 0.8611
loss: 0.3698, acc: 0.8613
loss: 0.3664, acc: 0.8606
loss: 0.3716, acc: 0.8571
loss: 0.3636, acc: 0.8624
loss: 0.3616, acc: 0.8642
loss: 0.3588, acc: 0.8668
loss: 0.3648, acc: 0.8659
loss: 0.3612, acc: 0.8685
loss: 0.3624, acc: 0.8663
loss: 0.3611, acc: 0.8661
loss: 0.3593, acc: 0.8659
loss: 0.3613, acc: 0.8649
loss: 0.3668, acc: 0.8631
loss: 0.3663, acc: 0.8647
loss: 0.3686, acc: 0.8637
loss: 0.3668, acc: 0.8642
loss: 0.3688, acc: 0.8633
> val_acc: 0.7768, val_f1: 0.6428
>> saved: state_dict/gc_ian_restaurant_val_acc0.7768
>>>>>>>>>>>>>>>>>>>>>>>>>>>>>>>>>>>>>>>>>>>>>>>>>>>>>>>>>>>>>>>>>>>>>>>>>>>>>>>>>>>>>>>>>>>>>>>>>>>>
epoch: 7
loss: 0.4254, acc: 0.8281
loss: 0.3803, acc: 0.8576
loss: 0.3720, acc: 0.8549
loss: 0.3645, acc: 0.8684
loss: 0.3575, acc: 0.8711
loss: 0.3475, acc: 0.8750
loss: 0.3408, acc: 0.8796
loss: 0.3431, acc: 0.8790
loss: 0.3421, acc: 0.8800
loss: 0.3433, acc: 0.8801
loss: 0.3394, acc: 0.8819
loss: 0.3409, acc: 0.8798
loss: 0.3455, acc: 0.8765
loss: 0.3446, acc: 0.8768
loss: 0.3438, acc: 0.8780
loss: 0.3456, acc: 0.8790
loss: 0.3496, acc: 0.8776
loss: 0.3498, acc: 0.8775
loss: 0.3472, acc: 0.8780
loss: 0.3512, acc: 0.8769
loss: 0.3499, acc: 0.8777
loss: 0.3483, acc: 0.8784
> val_acc: 0.7750, val_f1: 0.6374
>>>>>>>>>>>>>>>>>>>>>>>>>>>>>>>>>>>>>>>>>>>>>>>>>>>>>>>>>>>>>>>>>>>>>>>>>>>>>>>>>>>>>>>>>>>>>>>>>>>>
epoch: 8
loss: 0.3363, acc: 0.9375
loss: 0.3259, acc: 0.8958
loss: 0.3217, acc: 0.8977
loss: 0.3318, acc: 0.8867
loss: 0.3405, acc: 0.8854
loss: 0.3277, acc: 0.8930
loss: 0.3272, acc: 0.8891
loss: 0.3216, acc: 0.8915
loss: 0.3205, acc: 0.8902
loss: 0.3216, acc: 0.8899
loss: 0.3205, acc: 0.8909
loss: 0.3151, acc: 0.8934
loss: 0.3219, acc: 0.8904
loss: 0.3208, acc: 0.8920
loss: 0.3202, acc: 0.8904
loss: 0.3164, acc: 0.8910
loss: 0.3138, acc: 0.8924
loss: 0.3143, acc: 0.8924
loss: 0.3185, acc: 0.8894
loss: 0.3189, acc: 0.8900
loss: 0.3223, acc: 0.8877
loss: 0.3244, acc: 0.8859
loss: 0.3261, acc: 0.8857
> val_acc: 0.7777, val_f1: 0.6346
>> saved: state_dict/gc_ian_restaurant_val_acc0.7777
>>>>>>>>>>>>>>>>>>>>>>>>>>>>>>>>>>>>>>>>>>>>>>>>>>>>>>>>>>>>>>>>>>>>>>>>>>>>>>>>>>>>>>>>>>>>>>>>>>>>
epoch: 9
loss: 0.2855, acc: 0.8750
loss: 0.3067, acc: 0.8828
loss: 0.3101, acc: 0.8798
loss: 0.2942, acc: 0.8924
loss: 0.3033, acc: 0.8899
loss: 0.2991, acc: 0.8962
loss: 0.3026, acc: 0.8958
loss: 0.2999, acc: 0.8980
loss: 0.2953, acc: 0.9004
loss: 0.2898, acc: 0.9023
loss: 0.2934, acc: 0.9021
loss: 0.2921, acc: 0.9025
loss: 0.2936, acc: 0.9008
loss: 0.2953, acc: 0.9012
loss: 0.3010, acc: 0.8977
loss: 0.3009, acc: 0.8974
loss: 0.3000, acc: 0.8976
loss: 0.2995, acc: 0.8988
loss: 0.2993, acc: 0.8995
loss: 0.3034, acc: 0.8973
loss: 0.3022, acc: 0.8984
loss: 0.3021, acc: 0.8981
loss: 0.3037, acc: 0.8975
> val_acc: 0.7795, val_f1: 0.6542
>> saved: state_dict/gc_ian_restaurant_val_acc0.7795
>>>>>>>>>>>>>>>>>>>>>>>>>>>>>>>>>>>>>>>>>>>>>>>>>>>>>>>>>>>>>>>>>>>>>>>>>>>>>>>>>>>>>>>>>>>>>>>>>>>>
epoch: 10
loss: 0.2779, acc: 0.9000
loss: 0.2761, acc: 0.9062
loss: 0.2812, acc: 0.9083
loss: 0.2853, acc: 0.9031
loss: 0.2760, acc: 0.9087
loss: 0.2741, acc: 0.9115
loss: 0.2711, acc: 0.9107
loss: 0.2785, acc: 0.9078
loss: 0.2779, acc: 0.9083
loss: 0.2716, acc: 0.9131
loss: 0.2702, acc: 0.9125
loss: 0.2669, acc: 0.9151
loss: 0.2701, acc: 0.9120
loss: 0.2703, acc: 0.9121
loss: 0.2754, acc: 0.9100
loss: 0.2781, acc: 0.9094
loss: 0.2792, acc: 0.9092
loss: 0.2814, acc: 0.9059
loss: 0.2817, acc: 0.9056
loss: 0.2826, acc: 0.9050
loss: 0.2816, acc: 0.9068
loss: 0.2852, acc: 0.9043
> val_acc: 0.7795, val_f1: 0.6598
>>>>>>>>>>>>>>>>>>>>>>>>>>>>>>>>>>>>>>>>>>>>>>>>>>>>>>>>>>>>>>>>>>>>>>>>>>>>>>>>>>>>>>>>>>>>>>>>>>>>
epoch: 11
loss: 0.2949, acc: 0.9062
loss: 0.2440, acc: 0.9152
loss: 0.2753, acc: 0.8958
loss: 0.2872, acc: 0.9007
loss: 0.2820, acc: 0.8977
loss: 0.2823, acc: 0.8993
loss: 0.2793, acc: 0.9004
loss: 0.2741, acc: 0.9071
loss: 0.2761, acc: 0.9115
loss: 0.2733, acc: 0.9129
loss: 0.2704, acc: 0.9147
loss: 0.2707, acc: 0.9150
loss: 0.2735, acc: 0.9123
loss: 0.2789, acc: 0.9100
loss: 0.2746, acc: 0.9115
loss: 0.2726, acc: 0.9127
loss: 0.2707, acc: 0.9123
loss: 0.2713, acc: 0.9116
loss: 0.2761, acc: 0.9096
loss: 0.2756, acc: 0.9088
loss: 0.2766, acc: 0.9090
loss: 0.2778, acc: 0.9089
loss: 0.2755, acc: 0.9102
> val_acc: 0.7732, val_f1: 0.6357
>>>>>>>>>>>>>>>>>>>>>>>>>>>>>>>>>>>>>>>>>>>>>>>>>>>>>>>>>>>>>>>>>>>>>>>>>>>>>>>>>>>>>>>>>>>>>>>>>>>>
epoch: 12
loss: 0.2422, acc: 0.9062
loss: 0.2585, acc: 0.9097
loss: 0.2418, acc: 0.9174
loss: 0.2459, acc: 0.9145
loss: 0.2599, acc: 0.9049
loss: 0.2679, acc: 0.9009
loss: 0.2651, acc: 0.9062
loss: 0.2765, acc: 0.9030
loss: 0.2734, acc: 0.9070
loss: 0.2746, acc: 0.9062
loss: 0.2775, acc: 0.9051
loss: 0.2722, acc: 0.9068
loss: 0.2721, acc: 0.9067
loss: 0.2694, acc: 0.9085
loss: 0.2727, acc: 0.9067
loss: 0.2689, acc: 0.9086
loss: 0.2677, acc: 0.9089
loss: 0.2650, acc: 0.9101
loss: 0.2619, acc: 0.9126
loss: 0.2625, acc: 0.9135
loss: 0.2623, acc: 0.9138
loss: 0.2635, acc: 0.9137
> val_acc: 0.7741, val_f1: 0.6343
>>>>>>>>>>>>>>>>>>>>>>>>>>>>>>>>>>>>>>>>>>>>>>>>>>>>>>>>>>>>>>>>>>>>>>>>>>>>>>>>>>>>>>>>>>>>>>>>>>>>
epoch: 13
loss: 0.2664, acc: 0.9375
loss: 0.2270, acc: 0.9219
loss: 0.2412, acc: 0.9091
loss: 0.2609, acc: 0.9062
loss: 0.2450, acc: 0.9152
loss: 0.2433, acc: 0.9183
loss: 0.2410, acc: 0.9194
loss: 0.2411, acc: 0.9201
loss: 0.2374, acc: 0.9238
loss: 0.2413, acc: 0.9212
loss: 0.2398, acc: 0.9222
loss: 0.2419, acc: 0.9208
loss: 0.2434, acc: 0.9206
loss: 0.2456, acc: 0.9181
loss: 0.2473, acc: 0.9186
loss: 0.2517, acc: 0.9161
loss: 0.2542, acc: 0.9144
loss: 0.2512, acc: 0.9161
loss: 0.2504, acc: 0.9159
loss: 0.2510, acc: 0.9157
loss: 0.2493, acc: 0.9158
loss: 0.2525, acc: 0.9133
loss: 0.2521, acc: 0.9133
> val_acc: 0.7768, val_f1: 0.6345
>>>>>>>>>>>>>>>>>>>>>>>>>>>>>>>>>>>>>>>>>>>>>>>>>>>>>>>>>>>>>>>>>>>>>>>>>>>>>>>>>>>>>>>>>>>>>>>>>>>>
epoch: 14
loss: 0.1899, acc: 0.9583
loss: 0.2130, acc: 0.9375
loss: 0.2412, acc: 0.9279
loss: 0.2310, acc: 0.9323
loss: 0.2383, acc: 0.9239
loss: 0.2331, acc: 0.9286
loss: 0.2372, acc: 0.9271
loss: 0.2433, acc: 0.9268
loss: 0.2403, acc: 0.9288
loss: 0.2418, acc: 0.9271
loss: 0.2378, acc: 0.9298
loss: 0.2357, acc: 0.9321
loss: 0.2380, acc: 0.9291
loss: 0.2416, acc: 0.9251
loss: 0.2398, acc: 0.9259
loss: 0.2414, acc: 0.9255
loss: 0.2392, acc: 0.9273
loss: 0.2397, acc: 0.9276
loss: 0.2405, acc: 0.9271
loss: 0.2422, acc: 0.9251
loss: 0.2438, acc: 0.9235
loss: 0.2427, acc: 0.9236
loss: 0.2424, acc: 0.9232
> val_acc: 0.7705, val_f1: 0.6212
>>>>>>>>>>>>>>>>>>>>>>>>>>>>>>>>>>>>>>>>>>>>>>>>>>>>>>>>>>>>>>>>>>>>>>>>>>>>>>>>>>>>>>>>>>>>>>>>>>>>
epoch: 15
loss: 0.1988, acc: 0.9563
loss: 0.2109, acc: 0.9344
loss: 0.2377, acc: 0.9208
loss: 0.2216, acc: 0.9328
loss: 0.2240, acc: 0.9350
loss: 0.2212, acc: 0.9354
loss: 0.2289, acc: 0.9313
loss: 0.2304, acc: 0.9320
loss: 0.2323, acc: 0.9271
loss: 0.2345, acc: 0.9275
loss: 0.2323, acc: 0.9284
loss: 0.2354, acc: 0.9266
loss: 0.2367, acc: 0.9269
loss: 0.2365, acc: 0.9272
loss: 0.2350, acc: 0.9287
loss: 0.2330, acc: 0.9289
loss: 0.2323, acc: 0.9287
loss: 0.2302, acc: 0.9299
loss: 0.2300, acc: 0.9293
loss: 0.2288, acc: 0.9294
loss: 0.2299, acc: 0.9280
loss: 0.2282, acc: 0.9287
> val_acc: 0.7732, val_f1: 0.6357
>>>>>>>>>>>>>>>>>>>>>>>>>>>>>>>>>>>>>>>>>>>>>>>>>>>>>>>>>>>>>>>>>>>>>>>>>>>>>>>>>>>>>>>>>>>>>>>>>>>>
epoch: 16
loss: 0.1172, acc: 0.9844
loss: 0.1781, acc: 0.9330
loss: 0.1835, acc: 0.9349
loss: 0.1903, acc: 0.9338
loss: 0.2001, acc: 0.9332
loss: 0.2008, acc: 0.9329
loss: 0.1994, acc: 0.9355
loss: 0.2054, acc: 0.9358
loss: 0.2020, acc: 0.9375
loss: 0.2043, acc: 0.9382
loss: 0.2091, acc: 0.9375
loss: 0.2073, acc: 0.9370
loss: 0.2073, acc: 0.9375
loss: 0.2106, acc: 0.9361
loss: 0.2085, acc: 0.9362
loss: 0.2097, acc: 0.9355
loss: 0.2122, acc: 0.9352
loss: 0.2118, acc: 0.9350
loss: 0.2099, acc: 0.9348
loss: 0.2123, acc: 0.9336
loss: 0.2128, acc: 0.9326
loss: 0.2156, acc: 0.9308
loss: 0.2186, acc: 0.9300
> val_acc: 0.7688, val_f1: 0.6168
>>>>>>>>>>>>>>>>>>>>>>>>>>>>>>>>>>>>>>>>>>>>>>>>>>>>>>>>>>>>>>>>>>>>>>>>>>>>>>>>>>>>>>>>>>>>>>>>>>>>
epoch: 17
loss: 0.2000, acc: 0.9531
loss: 0.1914, acc: 0.9479
loss: 0.1844, acc: 0.9531
loss: 0.1916, acc: 0.9474
loss: 0.1943, acc: 0.9414
loss: 0.1934, acc: 0.9440
loss: 0.2003, acc: 0.9384
loss: 0.1969, acc: 0.9375
loss: 0.2007, acc: 0.9347
loss: 0.2039, acc: 0.9343
loss: 0.2066, acc: 0.9323
loss: 0.2075, acc: 0.9333
loss: 0.2094, acc: 0.9316
loss: 0.2100, acc: 0.9316
loss: 0.2121, acc: 0.9295
loss: 0.2104, acc: 0.9304
loss: 0.2114, acc: 0.9297
loss: 0.2112, acc: 0.9305
loss: 0.2132, acc: 0.9309
loss: 0.2124, acc: 0.9306
loss: 0.2134, acc: 0.9297
loss: 0.2152, acc: 0.9292
> val_acc: 0.7679, val_f1: 0.6265
>>>>>>>>>>>>>>>>>>>>>>>>>>>>>>>>>>>>>>>>>>>>>>>>>>>>>>>>>>>>>>>>>>>>>>>>>>>>>>>>>>>>>>>>>>>>>>>>>>>>
epoch: 18
loss: 0.1655, acc: 0.9688
loss: 0.2033, acc: 0.9427
loss: 0.2201, acc: 0.9432
loss: 0.2054, acc: 0.9492
loss: 0.1907, acc: 0.9583
loss: 0.1915, acc: 0.9555
loss: 0.1996, acc: 0.9516
loss: 0.2127, acc: 0.9418
loss: 0.2093, acc: 0.9383
loss: 0.2118, acc: 0.9334
loss: 0.2117, acc: 0.9344
loss: 0.2086, acc: 0.9353
loss: 0.2095, acc: 0.9334
loss: 0.2056, acc: 0.9347
loss: 0.2039, acc: 0.9366
loss: 0.2004, acc: 0.9383
loss: 0.2002, acc: 0.9390
loss: 0.1985, acc: 0.9404
loss: 0.1982, acc: 0.9406
loss: 0.2005, acc: 0.9378
loss: 0.2035, acc: 0.9366
loss: 0.2033, acc: 0.9369
loss: 0.2021, acc: 0.9372
> val_acc: 0.7705, val_f1: 0.6237
>>>>>>>>>>>>>>>>>>>>>>>>>>>>>>>>>>>>>>>>>>>>>>>>>>>>>>>>>>>>>>>>>>>>>>>>>>>>>>>>>>>>>>>>>>>>>>>>>>>>
epoch: 19
loss: 0.2510, acc: 0.9167
loss: 0.2304, acc: 0.9180
loss: 0.2032, acc: 0.9303
loss: 0.1917, acc: 0.9410
loss: 0.2015, acc: 0.9361
loss: 0.1993, acc: 0.9375
loss: 0.2053, acc: 0.9366
loss: 0.2089, acc: 0.9317
loss: 0.2067, acc: 0.9339
loss: 0.2058, acc: 0.9342
loss: 0.2013, acc: 0.9381
loss: 0.1999, acc: 0.9391
loss: 0.1971, acc: 0.9395
loss: 0.1996, acc: 0.9366
loss: 0.1985, acc: 0.9371
loss: 0.1954, acc: 0.9391
loss: 0.1977, acc: 0.9379
loss: 0.1995, acc: 0.9368
loss: 0.2005, acc: 0.9368
loss: 0.1999, acc: 0.9369
loss: 0.2009, acc: 0.9360
loss: 0.2005, acc: 0.9366
loss: 0.2008, acc: 0.9368
> val_acc: 0.7759, val_f1: 0.6487
>>>>>>>>>>>>>>>>>>>>>>>>>>>>>>>>>>>>>>>>>>>>>>>>>>>>>>>>>>>>>>>>>>>>>>>>>>>>>>>>>>>>>>>>>>>>>>>>>>>>
epoch: 20
loss: 0.1628, acc: 0.9437
loss: 0.1880, acc: 0.9437
loss: 0.1973, acc: 0.9333
loss: 0.2000, acc: 0.9375
loss: 0.1891, acc: 0.9425
loss: 0.1898, acc: 0.9417
loss: 0.1907, acc: 0.9402
loss: 0.1919, acc: 0.9406
loss: 0.1894, acc: 0.9417
loss: 0.1938, acc: 0.9406
loss: 0.1959, acc: 0.9386
loss: 0.1948, acc: 0.9391
loss: 0.1920, acc: 0.9413
loss: 0.1918, acc: 0.9406
loss: 0.1944, acc: 0.9392
loss: 0.1896, acc: 0.9422
loss: 0.1903, acc: 0.9419
loss: 0.1928, acc: 0.9410
loss: 0.1911, acc: 0.9414
loss: 0.1912, acc: 0.9406
loss: 0.1949, acc: 0.9390
loss: 0.1957, acc: 0.9381
> val_acc: 0.7786, val_f1: 0.6317
>>>>>>>>>>>>>>>>>>>>>>>>>>>>>>>>>>>>>>>>>>>>>>>>>>>>>>>>>>>>>>>>>>>>>>>>>>>>>>>>>>>>>>>>>>>>>>>>>>>>
epoch: 21
loss: 0.1697, acc: 0.9219
loss: 0.1754, acc: 0.9420
loss: 0.1864, acc: 0.9375
loss: 0.1803, acc: 0.9357
loss: 0.1894, acc: 0.9347
loss: 0.1810, acc: 0.9387
loss: 0.1798, acc: 0.9424
loss: 0.1764, acc: 0.9451
loss: 0.1764, acc: 0.9457
loss: 0.1756, acc: 0.9481
loss: 0.1747, acc: 0.9489
loss: 0.1766, acc: 0.9490
loss: 0.1742, acc: 0.9506
loss: 0.1795, acc: 0.9468
loss: 0.1818, acc: 0.9462
loss: 0.1848, acc: 0.9456
loss: 0.1857, acc: 0.9459
loss: 0.1842, acc: 0.9461
loss: 0.1846, acc: 0.9460
loss: 0.1842, acc: 0.9462
loss: 0.1829, acc: 0.9470
loss: 0.1866, acc: 0.9445
loss: 0.1862, acc: 0.9445
> val_acc: 0.7750, val_f1: 0.6342
>>>>>>>>>>>>>>>>>>>>>>>>>>>>>>>>>>>>>>>>>>>>>>>>>>>>>>>>>>>>>>>>>>>>>>>>>>>>>>>>>>>>>>>>>>>>>>>>>>>>
epoch: 22
loss: 0.1420, acc: 0.9688
loss: 0.1781, acc: 0.9514
loss: 0.1897, acc: 0.9420
loss: 0.1847, acc: 0.9457
loss: 0.1805, acc: 0.9492
loss: 0.1795, acc: 0.9494
loss: 0.1855, acc: 0.9467
loss: 0.1849, acc: 0.9471
loss: 0.1845, acc: 0.9460
loss: 0.1817, acc: 0.9471
loss: 0.1795, acc: 0.9502
loss: 0.1803, acc: 0.9497
loss: 0.1805, acc: 0.9492
loss: 0.1791, acc: 0.9497
loss: 0.1775, acc: 0.9506
loss: 0.1771, acc: 0.9498
loss: 0.1768, acc: 0.9487
loss: 0.1758, acc: 0.9498
loss: 0.1747, acc: 0.9508
loss: 0.1746, acc: 0.9504
loss: 0.1787, acc: 0.9480
loss: 0.1807, acc: 0.9472
> val_acc: 0.7723, val_f1: 0.6245
>>>>>>>>>>>>>>>>>>>>>>>>>>>>>>>>>>>>>>>>>>>>>>>>>>>>>>>>>>>>>>>>>>>>>>>>>>>>>>>>>>>>>>>>>>>>>>>>>>>>
epoch: 23
loss: 0.1573, acc: 0.9375
loss: 0.1805, acc: 0.9531
loss: 0.1619, acc: 0.9545
loss: 0.1661, acc: 0.9492
loss: 0.1657, acc: 0.9539
loss: 0.1584, acc: 0.9579
loss: 0.1592, acc: 0.9567
loss: 0.1580, acc: 0.9583
loss: 0.1601, acc: 0.9588
loss: 0.1605, acc: 0.9592
loss: 0.1584, acc: 0.9614
loss: 0.1577, acc: 0.9637
loss: 0.1594, acc: 0.9611
loss: 0.1633, acc: 0.9579
loss: 0.1696, acc: 0.9520
loss: 0.1660, acc: 0.9535
loss: 0.1699, acc: 0.9518
loss: 0.1722, acc: 0.9506
loss: 0.1736, acc: 0.9499
loss: 0.1745, acc: 0.9489
loss: 0.1762, acc: 0.9480
loss: 0.1767, acc: 0.9481
loss: 0.1787, acc: 0.9471
> val_acc: 0.7714, val_f1: 0.6261
>>>>>>>>>>>>>>>>>>>>>>>>>>>>>>>>>>>>>>>>>>>>>>>>>>>>>>>>>>>>>>>>>>>>>>>>>>>>>>>>>>>>>>>>>>>>>>>>>>>>
epoch: 24
loss: 0.1562, acc: 0.9479
loss: 0.1552, acc: 0.9453
loss: 0.1566, acc: 0.9471
loss: 0.1514, acc: 0.9479
loss: 0.1488, acc: 0.9497
loss: 0.1558, acc: 0.9475
loss: 0.1604, acc: 0.9470
loss: 0.1597, acc: 0.9474
loss: 0.1567, acc: 0.9484
loss: 0.1631, acc: 0.9473
loss: 0.1629, acc: 0.9475
loss: 0.1658, acc: 0.9472
loss: 0.1673, acc: 0.9459
loss: 0.1682, acc: 0.9458
loss: 0.1663, acc: 0.9473
loss: 0.1699, acc: 0.9459
loss: 0.1693, acc: 0.9465
loss: 0.1692, acc: 0.9474
loss: 0.1691, acc: 0.9476
loss: 0.1693, acc: 0.9455
loss: 0.1699, acc: 0.9460
loss: 0.1701, acc: 0.9459
loss: 0.1702, acc: 0.9460
> val_acc: 0.7741, val_f1: 0.6276
>>>>>>>>>>>>>>>>>>>>>>>>>>>>>>>>>>>>>>>>>>>>>>>>>>>>>>>>>>>>>>>>>>>>>>>>>>>>>>>>>>>>>>>>>>>>>>>>>>>>
epoch: 25
loss: 0.1535, acc: 0.9437
loss: 0.1500, acc: 0.9594
loss: 0.1464, acc: 0.9646
loss: 0.1563, acc: 0.9625
loss: 0.1507, acc: 0.9663
loss: 0.1488, acc: 0.9667
loss: 0.1490, acc: 0.9634
loss: 0.1540, acc: 0.9625
loss: 0.1608, acc: 0.9583
loss: 0.1576, acc: 0.9619
loss: 0.1577, acc: 0.9619
loss: 0.1591, acc: 0.9604
loss: 0.1600, acc: 0.9601
loss: 0.1580, acc: 0.9603
loss: 0.1579, acc: 0.9604
loss: 0.1590, acc: 0.9598
loss: 0.1593, acc: 0.9596
loss: 0.1579, acc: 0.9594
loss: 0.1592, acc: 0.9589
loss: 0.1620, acc: 0.9572
loss: 0.1607, acc: 0.9574
loss: 0.1589, acc: 0.9580
> val_acc: 0.7705, val_f1: 0.6223
>>>>>>>>>>>>>>>>>>>>>>>>>>>>>>>>>>>>>>>>>>>>>>>>>>>>>>>>>>>>>>>>>>>>>>>>>>>>>>>>>>>>>>>>>>>>>>>>>>>>
epoch: 26
loss: 0.2055, acc: 0.8906
loss: 0.1636, acc: 0.9464
loss: 0.1517, acc: 0.9557
loss: 0.1551, acc: 0.9504
loss: 0.1497, acc: 0.9545
loss: 0.1626, acc: 0.9514
loss: 0.1552, acc: 0.9541
loss: 0.1522, acc: 0.9561
loss: 0.1540, acc: 0.9531
loss: 0.1515, acc: 0.9541
loss: 0.1489, acc: 0.9555
loss: 0.1499, acc: 0.9561
loss: 0.1529, acc: 0.9536
loss: 0.1535, acc: 0.9552
loss: 0.1532, acc: 0.9549
loss: 0.1537, acc: 0.9550
loss: 0.1546, acc: 0.9531
loss: 0.1522, acc: 0.9529
loss: 0.1540, acc: 0.9524
loss: 0.1544, acc: 0.9523
loss: 0.1543, acc: 0.9522
loss: 0.1553, acc: 0.9521
loss: 0.1565, acc: 0.9517
> val_acc: 0.7696, val_f1: 0.6248
>>>>>>>>>>>>>>>>>>>>>>>>>>>>>>>>>>>>>>>>>>>>>>>>>>>>>>>>>>>>>>>>>>>>>>>>>>>>>>>>>>>>>>>>>>>>>>>>>>>>
epoch: 27
loss: 0.1167, acc: 0.9766
loss: 0.1337, acc: 0.9653
loss: 0.1318, acc: 0.9665
loss: 0.1295, acc: 0.9688
loss: 0.1379, acc: 0.9674
loss: 0.1451, acc: 0.9601
loss: 0.1453, acc: 0.9596
loss: 0.1504, acc: 0.9583
loss: 0.1560, acc: 0.9531
loss: 0.1540, acc: 0.9547
loss: 0.1520, acc: 0.9572
loss: 0.1496, acc: 0.9582
loss: 0.1475, acc: 0.9585
loss: 0.1450, acc: 0.9592
loss: 0.1452, acc: 0.9586
loss: 0.1492, acc: 0.9557
loss: 0.1483, acc: 0.9561
loss: 0.1509, acc: 0.9558
loss: 0.1526, acc: 0.9545
loss: 0.1523, acc: 0.9552
loss: 0.1544, acc: 0.9537
loss: 0.1561, acc: 0.9533
> val_acc: 0.7705, val_f1: 0.6289
>>>>>>>>>>>>>>>>>>>>>>>>>>>>>>>>>>>>>>>>>>>>>>>>>>>>>>>>>>>>>>>>>>>>>>>>>>>>>>>>>>>>>>>>>>>>>>>>>>>>
epoch: 28
loss: 0.1961, acc: 0.9375
loss: 0.1422, acc: 0.9688
loss: 0.1645, acc: 0.9602
loss: 0.1512, acc: 0.9648
loss: 0.1498, acc: 0.9643
loss: 0.1514, acc: 0.9639
loss: 0.1493, acc: 0.9627
loss: 0.1492, acc: 0.9583
loss: 0.1441, acc: 0.9611
loss: 0.1439, acc: 0.9606
loss: 0.1452, acc: 0.9608
loss: 0.1451, acc: 0.9593
loss: 0.1468, acc: 0.9575
loss: 0.1487, acc: 0.9569
loss: 0.1508, acc: 0.9573
loss: 0.1501, acc: 0.9572
loss: 0.1499, acc: 0.9579
loss: 0.1506, acc: 0.9586
loss: 0.1541, acc: 0.9567
loss: 0.1554, acc: 0.9564
loss: 0.1559, acc: 0.9558
loss: 0.1544, acc: 0.9564
loss: 0.1533, acc: 0.9569
> val_acc: 0.7759, val_f1: 0.6310
>>>>>>>>>>>>>>>>>>>>>>>>>>>>>>>>>>>>>>>>>>>>>>>>>>>>>>>>>>>>>>>>>>>>>>>>>>>>>>>>>>>>>>>>>>>>>>>>>>>>
epoch: 29
loss: 0.1052, acc: 0.9688
loss: 0.1426, acc: 0.9531
loss: 0.1466, acc: 0.9567
loss: 0.1434, acc: 0.9601
loss: 0.1450, acc: 0.9579
loss: 0.1440, acc: 0.9587
loss: 0.1442, acc: 0.9583
loss: 0.1469, acc: 0.9581
loss: 0.1431, acc: 0.9615
loss: 0.1500, acc: 0.9564
loss: 0.1512, acc: 0.9546
loss: 0.1540, acc: 0.9531
loss: 0.1552, acc: 0.9514
loss: 0.1549, acc: 0.9527
loss: 0.1530, acc: 0.9538
loss: 0.1555, acc: 0.9527
loss: 0.1563, acc: 0.9522
loss: 0.1547, acc: 0.9538
loss: 0.1555, acc: 0.9536
loss: 0.1545, acc: 0.9541
loss: 0.1543, acc: 0.9545
loss: 0.1536, acc: 0.9552
loss: 0.1560, acc: 0.9537
> val_acc: 0.7705, val_f1: 0.6313
>> test_acc: 0.7795, test_f1: 0.6542
