cuda memory allocated: 12162048
n_trainable_params: 1714503, n_nontrainable_params: 1323600
> training arguments:
>>> model_name: gc_ian
>>> dataset: restaurant
>>> optimizer: <class 'torch.optim.adagrad.Adagrad'>
>>> initializer: <function xavier_uniform_ at 0x000001EB027E7620>
>>> learning_rate: 0.01
>>> momentum: 0.95
>>> dropout: 0.2
>>> l2reg: 5e-05
>>> num_epoch: 30
>>> batch_size: 32
>>> log_step: 5
>>> embed_dim: 300
>>> hidden_dim: 300
>>> bert_dim: 768
>>> pretrained_bert_name: bert-base-uncased
>>> max_seq_len: 80
>>> polarities_dim: 3
>>> hops: 3
>>> device: cuda
>>> seed: 10
>>> valset_ratio: 0
>>> num_layers: 1
>>> in_channels: 100
>>> out_channels: 1
>>> downbot: 10
>>> kernel_size: 3
>>> glove_path: ./glove/glove.840B.300d.txt
>>> model_class: <class 'models.gc_ian.GC_IAN'>
>>> dataset_file: {'train': './datasets/semeval14/Restaurants_Train.xml.seg', 'test': './datasets/semeval14/Restaurants_Test_Gold.xml.seg'}
>>> inputs_cols: ['text_raw_indices', 'aspect_indices']
>>>>>>>>>>>>>>>>>>>>>>>>>>>>>>>>>>>>>>>>>>>>>>>>>>>>>>>>>>>>>>>>>>>>>>>>>>>>>>>>>>>>>>>>>>>>>>>>>>>>
epoch: 0
loss: 14.9051, acc: 0.3812
loss: 9.3890, acc: 0.3656
loss: 6.7610, acc: 0.4062
loss: 5.3442, acc: 0.4375
loss: 4.4677, acc: 0.4725
loss: 3.9196, acc: 0.4792
loss: 3.5093, acc: 0.4955
loss: 3.2074, acc: 0.5016
loss: 2.9592, acc: 0.5076
loss: 2.7614, acc: 0.5181
loss: 2.5960, acc: 0.5295
loss: 2.4490, acc: 0.5432
loss: 2.3387, acc: 0.5423
loss: 2.2409, acc: 0.5424
loss: 2.1473, acc: 0.5496
loss: 2.0767, acc: 0.5516
loss: 2.0095, acc: 0.5533
loss: 1.9456, acc: 0.5569
loss: 1.8962, acc: 0.5589
loss: 1.8510, acc: 0.5606
loss: 1.8063, acc: 0.5613
loss: 1.7630, acc: 0.5634
> val_acc: 0.6491, val_f1: 0.3215
>> saved: state_dict/gc_ian_restaurant_val_acc0.6491
>>>>>>>>>>>>>>>>>>>>>>>>>>>>>>>>>>>>>>>>>>>>>>>>>>>>>>>>>>>>>>>>>>>>>>>>>>>>>>>>>>>>>>>>>>>>>>>>>>>>
epoch: 1
loss: 1.0013, acc: 0.4531
loss: 0.8415, acc: 0.5804
loss: 0.8360, acc: 0.6198
loss: 0.8427, acc: 0.6121
loss: 0.8540, acc: 0.6094
loss: 0.8422, acc: 0.6157
loss: 0.8564, acc: 0.6123
loss: 0.9464, acc: 0.5887
loss: 0.9456, acc: 0.5900
loss: 0.9368, acc: 0.5951
loss: 0.9360, acc: 0.5944
loss: 0.9257, acc: 0.5943
loss: 0.9182, acc: 0.5978
loss: 0.9145, acc: 0.6003
loss: 0.9100, acc: 0.6029
loss: 0.9073, acc: 0.6031
loss: 0.9099, acc: 0.5995
loss: 0.9104, acc: 0.6013
loss: 0.9324, acc: 0.5985
loss: 0.9763, acc: 0.5938
loss: 0.9746, acc: 0.5956
loss: 0.9776, acc: 0.5935
loss: 0.9725, acc: 0.5965
> val_acc: 0.5813, val_f1: 0.4111
>>>>>>>>>>>>>>>>>>>>>>>>>>>>>>>>>>>>>>>>>>>>>>>>>>>>>>>>>>>>>>>>>>>>>>>>>>>>>>>>>>>>>>>>>>>>>>>>>>>>
epoch: 2
loss: 0.7946, acc: 0.6641
loss: 0.8744, acc: 0.6389
loss: 0.8713, acc: 0.6429
loss: 0.9044, acc: 0.6102
loss: 0.8903, acc: 0.6159
loss: 0.8916, acc: 0.6121
loss: 0.8726, acc: 0.6204
loss: 0.8719, acc: 0.6186
loss: 0.8659, acc: 0.6186
loss: 0.8629, acc: 0.6212
loss: 0.8582, acc: 0.6233
loss: 0.8541, acc: 0.6266
loss: 0.8448, acc: 0.6343
loss: 0.8453, acc: 0.6332
loss: 0.8448, acc: 0.6347
loss: 0.8458, acc: 0.6309
loss: 0.8442, acc: 0.6291
loss: 0.8483, acc: 0.6264
loss: 0.8521, acc: 0.6240
loss: 0.8561, acc: 0.6228
loss: 0.8489, acc: 0.6256
loss: 0.8493, acc: 0.6244
> val_acc: 0.6732, val_f1: 0.4317
>> saved: state_dict/gc_ian_restaurant_val_acc0.6732
>>>>>>>>>>>>>>>>>>>>>>>>>>>>>>>>>>>>>>>>>>>>>>>>>>>>>>>>>>>>>>>>>>>>>>>>>>>>>>>>>>>>>>>>>>>>>>>>>>>>
epoch: 3
loss: 0.7891, acc: 0.6562
loss: 0.8362, acc: 0.6354
loss: 0.8705, acc: 0.6080
loss: 0.8522, acc: 0.6094
loss: 0.8364, acc: 0.6369
loss: 0.8203, acc: 0.6466
loss: 0.8471, acc: 0.6341
loss: 0.8373, acc: 0.6319
loss: 0.8262, acc: 0.6364
loss: 0.8227, acc: 0.6352
loss: 0.8190, acc: 0.6373
loss: 0.8169, acc: 0.6384
loss: 0.8160, acc: 0.6404
loss: 0.8226, acc: 0.6373
loss: 0.8197, acc: 0.6422
loss: 0.8181, acc: 0.6427
loss: 0.8212, acc: 0.6400
loss: 0.8206, acc: 0.6417
loss: 0.8240, acc: 0.6391
loss: 0.8208, acc: 0.6396
loss: 0.8241, acc: 0.6355
loss: 0.8229, acc: 0.6353
loss: 0.8233, acc: 0.6346
> val_acc: 0.6848, val_f1: 0.4376
>> saved: state_dict/gc_ian_restaurant_val_acc0.6848
>>>>>>>>>>>>>>>>>>>>>>>>>>>>>>>>>>>>>>>>>>>>>>>>>>>>>>>>>>>>>>>>>>>>>>>>>>>>>>>>>>>>>>>>>>>>>>>>>>>>
epoch: 4
loss: 0.8193, acc: 0.6250
loss: 0.8092, acc: 0.6367
loss: 0.8575, acc: 0.6226
loss: 0.8516, acc: 0.6250
loss: 0.8399, acc: 0.6318
loss: 0.8151, acc: 0.6429
loss: 0.8007, acc: 0.6468
loss: 0.7944, acc: 0.6505
loss: 0.7967, acc: 0.6461
loss: 0.8033, acc: 0.6419
loss: 0.7980, acc: 0.6433
loss: 0.7983, acc: 0.6449
loss: 0.8088, acc: 0.6394
loss: 0.8147, acc: 0.6388
loss: 0.8120, acc: 0.6396
loss: 0.8070, acc: 0.6410
loss: 0.8038, acc: 0.6446
loss: 0.7988, acc: 0.6484
loss: 0.8012, acc: 0.6458
loss: 0.8024, acc: 0.6457
loss: 0.8101, acc: 0.6420
loss: 0.8136, acc: 0.6403
loss: 0.8101, acc: 0.6427
> val_acc: 0.6830, val_f1: 0.4408
>>>>>>>>>>>>>>>>>>>>>>>>>>>>>>>>>>>>>>>>>>>>>>>>>>>>>>>>>>>>>>>>>>>>>>>>>>>>>>>>>>>>>>>>>>>>>>>>>>>>
epoch: 5
loss: 0.7848, acc: 0.6500
loss: 0.7895, acc: 0.6469
loss: 0.7765, acc: 0.6687
loss: 0.7652, acc: 0.6672
loss: 0.7406, acc: 0.6825
loss: 0.7374, acc: 0.6854
loss: 0.7393, acc: 0.6830
loss: 0.7463, acc: 0.6797
loss: 0.7415, acc: 0.6826
loss: 0.7418, acc: 0.6800
loss: 0.7473, acc: 0.6767
loss: 0.7446, acc: 0.6797
loss: 0.7398, acc: 0.6798
loss: 0.7302, acc: 0.6826
loss: 0.7288, acc: 0.6846
loss: 0.7317, acc: 0.6848
loss: 0.7331, acc: 0.6813
loss: 0.7393, acc: 0.6771
loss: 0.7402, acc: 0.6783
loss: 0.7467, acc: 0.6753
loss: 0.7495, acc: 0.6744
loss: 0.7515, acc: 0.6739
> val_acc: 0.6687, val_f1: 0.5520
>>>>>>>>>>>>>>>>>>>>>>>>>>>>>>>>>>>>>>>>>>>>>>>>>>>>>>>>>>>>>>>>>>>>>>>>>>>>>>>>>>>>>>>>>>>>>>>>>>>>
epoch: 6
loss: 0.5302, acc: 0.8125
loss: 0.5884, acc: 0.7812
loss: 0.6291, acc: 0.7396
loss: 0.6539, acc: 0.7279
loss: 0.6717, acc: 0.7159
loss: 0.6800, acc: 0.7130
loss: 0.7008, acc: 0.7012
loss: 0.6978, acc: 0.7027
loss: 0.7158, acc: 0.6994
loss: 0.7160, acc: 0.6988
loss: 0.7116, acc: 0.7037
loss: 0.7032, acc: 0.7061
loss: 0.7076, acc: 0.7026
loss: 0.7114, acc: 0.6996
loss: 0.7095, acc: 0.6988
loss: 0.7153, acc: 0.6936
loss: 0.7147, acc: 0.6947
loss: 0.7124, acc: 0.6976
loss: 0.7075, acc: 0.7007
loss: 0.7122, acc: 0.6997
loss: 0.7112, acc: 0.7007
loss: 0.7139, acc: 0.6983
loss: 0.7162, acc: 0.6975
> val_acc: 0.6714, val_f1: 0.4883
>>>>>>>>>>>>>>>>>>>>>>>>>>>>>>>>>>>>>>>>>>>>>>>>>>>>>>>>>>>>>>>>>>>>>>>>>>>>>>>>>>>>>>>>>>>>>>>>>>>>
epoch: 7
loss: 0.7588, acc: 0.6484
loss: 0.7295, acc: 0.6875
loss: 0.7538, acc: 0.6808
loss: 0.7547, acc: 0.6711
loss: 0.7413, acc: 0.6927
loss: 0.7406, acc: 0.6897
loss: 0.7215, acc: 0.6958
loss: 0.7179, acc: 0.6931
loss: 0.7144, acc: 0.6946
loss: 0.7092, acc: 0.6926
loss: 0.6990, acc: 0.6991
loss: 0.6967, acc: 0.7013
loss: 0.6952, acc: 0.7051
loss: 0.7053, acc: 0.6993
loss: 0.7191, acc: 0.6921
loss: 0.7168, acc: 0.6922
loss: 0.7237, acc: 0.6886
loss: 0.7228, acc: 0.6914
loss: 0.7201, acc: 0.6925
loss: 0.7232, acc: 0.6913
loss: 0.7236, acc: 0.6914
loss: 0.7209, acc: 0.6927
> val_acc: 0.6875, val_f1: 0.4824
>> saved: state_dict/gc_ian_restaurant_val_acc0.6875
>>>>>>>>>>>>>>>>>>>>>>>>>>>>>>>>>>>>>>>>>>>>>>>>>>>>>>>>>>>>>>>>>>>>>>>>>>>>>>>>>>>>>>>>>>>>>>>>>>>>
epoch: 8
loss: 0.7742, acc: 0.6875
loss: 0.6625, acc: 0.7083
loss: 0.6266, acc: 0.7244
loss: 0.6396, acc: 0.7207
loss: 0.6415, acc: 0.7232
loss: 0.6441, acc: 0.7308
loss: 0.6590, acc: 0.7248
loss: 0.6730, acc: 0.7231
loss: 0.6788, acc: 0.7149
loss: 0.6840, acc: 0.7065
loss: 0.6892, acc: 0.7071
loss: 0.6995, acc: 0.7003
loss: 0.7004, acc: 0.7013
loss: 0.6962, acc: 0.7036
loss: 0.7033, acc: 0.7007
loss: 0.7053, acc: 0.6990
loss: 0.7057, acc: 0.6995
loss: 0.7014, acc: 0.7020
loss: 0.7059, acc: 0.6999
loss: 0.7084, acc: 0.6976
loss: 0.7031, acc: 0.7005
loss: 0.7075, acc: 0.7008
loss: 0.7057, acc: 0.7013
> val_acc: 0.6821, val_f1: 0.5234
>>>>>>>>>>>>>>>>>>>>>>>>>>>>>>>>>>>>>>>>>>>>>>>>>>>>>>>>>>>>>>>>>>>>>>>>>>>>>>>>>>>>>>>>>>>>>>>>>>>>
epoch: 9
loss: 0.7024, acc: 0.6771
loss: 0.8306, acc: 0.6602
loss: 0.8192, acc: 0.6466
loss: 0.8099, acc: 0.6510
loss: 0.7862, acc: 0.6698
loss: 0.7980, acc: 0.6652
loss: 0.8008, acc: 0.6591
loss: 0.8027, acc: 0.6612
loss: 0.8046, acc: 0.6599
loss: 0.7972, acc: 0.6628
loss: 0.7925, acc: 0.6675
loss: 0.7819, acc: 0.6735
loss: 0.7801, acc: 0.6751
loss: 0.7756, acc: 0.6760
loss: 0.7690, acc: 0.6807
loss: 0.7699, acc: 0.6783
loss: 0.7638, acc: 0.6800
loss: 0.7609, acc: 0.6804
loss: 0.7580, acc: 0.6825
loss: 0.7560, acc: 0.6827
loss: 0.7543, acc: 0.6826
loss: 0.7523, acc: 0.6840
loss: 0.7499, acc: 0.6851
> val_acc: 0.6589, val_f1: 0.5131
>>>>>>>>>>>>>>>>>>>>>>>>>>>>>>>>>>>>>>>>>>>>>>>>>>>>>>>>>>>>>>>>>>>>>>>>>>>>>>>>>>>>>>>>>>>>>>>>>>>>
epoch: 10
loss: 0.6872, acc: 0.7312
loss: 0.7156, acc: 0.7125
loss: 0.7042, acc: 0.7292
loss: 0.7039, acc: 0.7219
loss: 0.6950, acc: 0.7212
loss: 0.6883, acc: 0.7229
loss: 0.6918, acc: 0.7214
loss: 0.6921, acc: 0.7164
loss: 0.6863, acc: 0.7194
loss: 0.6856, acc: 0.7156
loss: 0.6841, acc: 0.7153
loss: 0.6788, acc: 0.7188
loss: 0.6818, acc: 0.7159
loss: 0.6829, acc: 0.7170
loss: 0.6813, acc: 0.7192
loss: 0.6828, acc: 0.7180
loss: 0.6867, acc: 0.7173
loss: 0.6949, acc: 0.7132
loss: 0.6965, acc: 0.7145
loss: 0.6989, acc: 0.7116
loss: 0.7023, acc: 0.7098
loss: 0.7033, acc: 0.7088
> val_acc: 0.6741, val_f1: 0.5034
>>>>>>>>>>>>>>>>>>>>>>>>>>>>>>>>>>>>>>>>>>>>>>>>>>>>>>>>>>>>>>>>>>>>>>>>>>>>>>>>>>>>>>>>>>>>>>>>>>>>
epoch: 11
loss: 0.6227, acc: 0.7500
loss: 0.6381, acc: 0.7321
loss: 0.6894, acc: 0.7161
loss: 0.6817, acc: 0.7261
loss: 0.6820, acc: 0.7159
loss: 0.6771, acc: 0.7188
loss: 0.6665, acc: 0.7236
loss: 0.6621, acc: 0.7247
loss: 0.6532, acc: 0.7277
loss: 0.6607, acc: 0.7234
loss: 0.6606, acc: 0.7284
loss: 0.6595, acc: 0.7248
loss: 0.6651, acc: 0.7213
loss: 0.6638, acc: 0.7220
loss: 0.6674, acc: 0.7222
loss: 0.6676, acc: 0.7224
loss: 0.6692, acc: 0.7248
loss: 0.6696, acc: 0.7245
loss: 0.6682, acc: 0.7238
loss: 0.6660, acc: 0.7242
loss: 0.6661, acc: 0.7255
loss: 0.6636, acc: 0.7263
loss: 0.6616, acc: 0.7277
> val_acc: 0.6625, val_f1: 0.5181
>>>>>>>>>>>>>>>>>>>>>>>>>>>>>>>>>>>>>>>>>>>>>>>>>>>>>>>>>>>>>>>>>>>>>>>>>>>>>>>>>>>>>>>>>>>>>>>>>>>>
epoch: 12
loss: 0.6033, acc: 0.7656
loss: 0.6120, acc: 0.7674
loss: 0.6778, acc: 0.7143
loss: 0.7030, acc: 0.7089
loss: 0.7192, acc: 0.6953
loss: 0.7343, acc: 0.6886
loss: 0.7390, acc: 0.6893
loss: 0.7317, acc: 0.6915
loss: 0.7439, acc: 0.6903
loss: 0.7374, acc: 0.6913
loss: 0.7352, acc: 0.6904
loss: 0.7327, acc: 0.6891
loss: 0.7298, acc: 0.6904
loss: 0.7412, acc: 0.6834
loss: 0.7422, acc: 0.6824
loss: 0.7455, acc: 0.6804
loss: 0.7430, acc: 0.6819
loss: 0.7436, acc: 0.6822
loss: 0.7455, acc: 0.6828
loss: 0.7470, acc: 0.6831
loss: 0.7479, acc: 0.6830
loss: 0.7504, acc: 0.6823
> val_acc: 0.6009, val_f1: 0.4895
>>>>>>>>>>>>>>>>>>>>>>>>>>>>>>>>>>>>>>>>>>>>>>>>>>>>>>>>>>>>>>>>>>>>>>>>>>>>>>>>>>>>>>>>>>>>>>>>>>>>
epoch: 13
loss: 0.6909, acc: 0.6875
loss: 0.7277, acc: 0.7031
loss: 0.7170, acc: 0.7074
loss: 0.7128, acc: 0.7070
loss: 0.7022, acc: 0.7039
loss: 0.7059, acc: 0.6983
loss: 0.6958, acc: 0.7046
loss: 0.6915, acc: 0.7057
loss: 0.6968, acc: 0.7050
loss: 0.6954, acc: 0.7038
loss: 0.6880, acc: 0.7083
loss: 0.6820, acc: 0.7115
loss: 0.6800, acc: 0.7136
loss: 0.6758, acc: 0.7169
loss: 0.6793, acc: 0.7143
loss: 0.6856, acc: 0.7130
loss: 0.6863, acc: 0.7122
loss: 0.6935, acc: 0.7086
loss: 0.6921, acc: 0.7091
loss: 0.6899, acc: 0.7109
loss: 0.6899, acc: 0.7113
loss: 0.6935, acc: 0.7096
loss: 0.6968, acc: 0.7086
> val_acc: 0.6509, val_f1: 0.5227
>>>>>>>>>>>>>>>>>>>>>>>>>>>>>>>>>>>>>>>>>>>>>>>>>>>>>>>>>>>>>>>>>>>>>>>>>>>>>>>>>>>>>>>>>>>>>>>>>>>>
epoch: 14
loss: 0.6313, acc: 0.7292
loss: 0.6214, acc: 0.7266
loss: 0.6543, acc: 0.7212
loss: 0.6577, acc: 0.7135
loss: 0.6502, acc: 0.7228
loss: 0.6625, acc: 0.7188
loss: 0.6657, acc: 0.7225
loss: 0.6687, acc: 0.7262
loss: 0.6556, acc: 0.7311
loss: 0.6701, acc: 0.7227
loss: 0.6731, acc: 0.7217
loss: 0.6721, acc: 0.7236
loss: 0.6730, acc: 0.7222
loss: 0.6789, acc: 0.7174
loss: 0.6789, acc: 0.7183
loss: 0.6825, acc: 0.7171
loss: 0.6774, acc: 0.7180
loss: 0.6775, acc: 0.7180
loss: 0.6758, acc: 0.7181
loss: 0.6800, acc: 0.7168
loss: 0.6795, acc: 0.7145
loss: 0.6779, acc: 0.7150
loss: 0.6776, acc: 0.7167
> val_acc: 0.6598, val_f1: 0.4996
>>>>>>>>>>>>>>>>>>>>>>>>>>>>>>>>>>>>>>>>>>>>>>>>>>>>>>>>>>>>>>>>>>>>>>>>>>>>>>>>>>>>>>>>>>>>>>>>>>>>
epoch: 15
loss: 0.6022, acc: 0.7500
loss: 0.6081, acc: 0.7656
loss: 0.6181, acc: 0.7500
loss: 0.6255, acc: 0.7406
loss: 0.6472, acc: 0.7388
loss: 0.6587, acc: 0.7281
loss: 0.6628, acc: 0.7286
loss: 0.6684, acc: 0.7266
loss: 0.6588, acc: 0.7292
loss: 0.6624, acc: 0.7262
loss: 0.6665, acc: 0.7222
loss: 0.6649, acc: 0.7255
loss: 0.6656, acc: 0.7255
loss: 0.6634, acc: 0.7254
loss: 0.6638, acc: 0.7258
loss: 0.6711, acc: 0.7219
loss: 0.6758, acc: 0.7213
loss: 0.6718, acc: 0.7240
loss: 0.6688, acc: 0.7253
loss: 0.6686, acc: 0.7250
loss: 0.6719, acc: 0.7241
loss: 0.6761, acc: 0.7213
> val_acc: 0.6652, val_f1: 0.4704
>>>>>>>>>>>>>>>>>>>>>>>>>>>>>>>>>>>>>>>>>>>>>>>>>>>>>>>>>>>>>>>>>>>>>>>>>>>>>>>>>>>>>>>>>>>>>>>>>>>>
epoch: 16
loss: 0.6972, acc: 0.7344
loss: 0.6744, acc: 0.7366
loss: 0.6840, acc: 0.7188
loss: 0.6932, acc: 0.7243
loss: 0.6756, acc: 0.7273
loss: 0.6828, acc: 0.7222
loss: 0.6543, acc: 0.7363
loss: 0.6537, acc: 0.7365
loss: 0.6627, acc: 0.7254
loss: 0.6646, acc: 0.7241
loss: 0.6600, acc: 0.7308
loss: 0.6650, acc: 0.7303
loss: 0.6601, acc: 0.7334
loss: 0.6615, acc: 0.7304
loss: 0.6613, acc: 0.7300
loss: 0.6632, acc: 0.7281
loss: 0.6686, acc: 0.7256
loss: 0.6688, acc: 0.7259
loss: 0.6642, acc: 0.7293
loss: 0.6603, acc: 0.7300
loss: 0.6626, acc: 0.7286
loss: 0.6629, acc: 0.7293
loss: 0.6603, acc: 0.7305
> val_acc: 0.6286, val_f1: 0.5072
>>>>>>>>>>>>>>>>>>>>>>>>>>>>>>>>>>>>>>>>>>>>>>>>>>>>>>>>>>>>>>>>>>>>>>>>>>>>>>>>>>>>>>>>>>>>>>>>>>>>
epoch: 17
loss: 0.6604, acc: 0.7578
loss: 0.6065, acc: 0.7812
loss: 0.6111, acc: 0.7790
loss: 0.6339, acc: 0.7664
loss: 0.6530, acc: 0.7578
loss: 0.6456, acc: 0.7597
loss: 0.6334, acc: 0.7629
loss: 0.6245, acc: 0.7620
loss: 0.6226, acc: 0.7628
loss: 0.6267, acc: 0.7570
loss: 0.6236, acc: 0.7593
loss: 0.6274, acc: 0.7532
loss: 0.6249, acc: 0.7515
loss: 0.6257, acc: 0.7514
loss: 0.6295, acc: 0.7496
loss: 0.6285, acc: 0.7488
loss: 0.6289, acc: 0.7489
loss: 0.6356, acc: 0.7461
loss: 0.6416, acc: 0.7427
loss: 0.6362, acc: 0.7443
loss: 0.6351, acc: 0.7449
loss: 0.6339, acc: 0.7446
> val_acc: 0.6259, val_f1: 0.4752
>>>>>>>>>>>>>>>>>>>>>>>>>>>>>>>>>>>>>>>>>>>>>>>>>>>>>>>>>>>>>>>>>>>>>>>>>>>>>>>>>>>>>>>>>>>>>>>>>>>>
epoch: 18
loss: 0.7079, acc: 0.6562
loss: 0.7096, acc: 0.6719
loss: 0.6780, acc: 0.7045
loss: 0.6687, acc: 0.7168
loss: 0.6712, acc: 0.7247
loss: 0.6483, acc: 0.7404
loss: 0.6491, acc: 0.7399
loss: 0.6411, acc: 0.7396
loss: 0.6256, acc: 0.7485
loss: 0.6282, acc: 0.7452
loss: 0.6332, acc: 0.7457
loss: 0.6303, acc: 0.7478
loss: 0.6254, acc: 0.7500
loss: 0.6250, acc: 0.7500
loss: 0.6217, acc: 0.7509
loss: 0.6253, acc: 0.7488
loss: 0.6233, acc: 0.7492
loss: 0.6237, acc: 0.7496
loss: 0.6252, acc: 0.7497
loss: 0.6276, acc: 0.7490
loss: 0.6373, acc: 0.7454
loss: 0.6380, acc: 0.7447
loss: 0.6436, acc: 0.7401
> val_acc: 0.6571, val_f1: 0.4195
>>>>>>>>>>>>>>>>>>>>>>>>>>>>>>>>>>>>>>>>>>>>>>>>>>>>>>>>>>>>>>>>>>>>>>>>>>>>>>>>>>>>>>>>>>>>>>>>>>>>
epoch: 19
loss: 0.8323, acc: 0.6354
loss: 0.6556, acc: 0.7383
loss: 0.7084, acc: 0.7115
loss: 0.6680, acc: 0.7378
loss: 0.6721, acc: 0.7364
loss: 0.6506, acc: 0.7433
loss: 0.6299, acc: 0.7500
loss: 0.6199, acc: 0.7525
loss: 0.6198, acc: 0.7515
loss: 0.6163, acc: 0.7526
loss: 0.6176, acc: 0.7535
loss: 0.6220, acc: 0.7543
loss: 0.6143, acc: 0.7574
loss: 0.6169, acc: 0.7537
loss: 0.6267, acc: 0.7479
loss: 0.6343, acc: 0.7472
loss: 0.6335, acc: 0.7459
loss: 0.6422, acc: 0.7418
loss: 0.6498, acc: 0.7389
loss: 0.6525, acc: 0.7376
loss: 0.6587, acc: 0.7342
loss: 0.6613, acc: 0.7344
loss: 0.6634, acc: 0.7323
> val_acc: 0.6562, val_f1: 0.4382
>>>>>>>>>>>>>>>>>>>>>>>>>>>>>>>>>>>>>>>>>>>>>>>>>>>>>>>>>>>>>>>>>>>>>>>>>>>>>>>>>>>>>>>>>>>>>>>>>>>>
epoch: 20
loss: 0.6758, acc: 0.7562
loss: 0.6675, acc: 0.7656
loss: 0.6524, acc: 0.7500
loss: 0.6568, acc: 0.7422
loss: 0.6556, acc: 0.7412
loss: 0.6352, acc: 0.7438
loss: 0.6359, acc: 0.7420
loss: 0.6441, acc: 0.7328
loss: 0.6353, acc: 0.7417
loss: 0.6449, acc: 0.7369
loss: 0.6521, acc: 0.7330
loss: 0.6530, acc: 0.7359
loss: 0.6577, acc: 0.7293
loss: 0.6608, acc: 0.7286
loss: 0.6672, acc: 0.7262
loss: 0.6632, acc: 0.7270
loss: 0.6632, acc: 0.7265
loss: 0.6613, acc: 0.7260
loss: 0.6656, acc: 0.7257
loss: 0.6696, acc: 0.7238
loss: 0.6654, acc: 0.7250
loss: 0.6684, acc: 0.7236
> val_acc: 0.6634, val_f1: 0.4178
>>>>>>>>>>>>>>>>>>>>>>>>>>>>>>>>>>>>>>>>>>>>>>>>>>>>>>>>>>>>>>>>>>>>>>>>>>>>>>>>>>>>>>>>>>>>>>>>>>>>
epoch: 21
loss: 0.6615, acc: 0.7344
loss: 0.6269, acc: 0.7455
loss: 0.6305, acc: 0.7396
loss: 0.6486, acc: 0.7335
loss: 0.6664, acc: 0.7230
loss: 0.6566, acc: 0.7292
loss: 0.6585, acc: 0.7314
loss: 0.6486, acc: 0.7390
loss: 0.6548, acc: 0.7366
loss: 0.6509, acc: 0.7380
loss: 0.6549, acc: 0.7338
loss: 0.6492, acc: 0.7368
loss: 0.6454, acc: 0.7354
loss: 0.6458, acc: 0.7327
loss: 0.6426, acc: 0.7348
loss: 0.6422, acc: 0.7346
loss: 0.6425, acc: 0.7336
loss: 0.6456, acc: 0.7328
loss: 0.6430, acc: 0.7327
loss: 0.6377, acc: 0.7349
loss: 0.6340, acc: 0.7362
loss: 0.6367, acc: 0.7360
loss: 0.6408, acc: 0.7349
> val_acc: 0.6188, val_f1: 0.4750
>>>>>>>>>>>>>>>>>>>>>>>>>>>>>>>>>>>>>>>>>>>>>>>>>>>>>>>>>>>>>>>>>>>>>>>>>>>>>>>>>>>>>>>>>>>>>>>>>>>>
epoch: 22
loss: 0.5386, acc: 0.7969
loss: 0.5253, acc: 0.8056
loss: 0.5598, acc: 0.7969
loss: 0.5660, acc: 0.7796
loss: 0.5788, acc: 0.7695
loss: 0.5765, acc: 0.7651
loss: 0.5805, acc: 0.7684
loss: 0.5979, acc: 0.7628
loss: 0.6005, acc: 0.7614
loss: 0.5980, acc: 0.7628
loss: 0.5926, acc: 0.7650
loss: 0.5909, acc: 0.7638
loss: 0.5942, acc: 0.7622
loss: 0.5968, acc: 0.7613
loss: 0.5969, acc: 0.7572
loss: 0.6031, acc: 0.7532
loss: 0.6031, acc: 0.7537
loss: 0.6076, acc: 0.7486
loss: 0.6090, acc: 0.7490
loss: 0.6146, acc: 0.7453
loss: 0.6149, acc: 0.7446
loss: 0.6170, acc: 0.7448
> val_acc: 0.6696, val_f1: 0.4690
>>>>>>>>>>>>>>>>>>>>>>>>>>>>>>>>>>>>>>>>>>>>>>>>>>>>>>>>>>>>>>>>>>>>>>>>>>>>>>>>>>>>>>>>>>>>>>>>>>>>
epoch: 23
loss: 0.4562, acc: 0.8438
loss: 0.5422, acc: 0.7708
loss: 0.5472, acc: 0.7699
loss: 0.5974, acc: 0.7520
loss: 0.5925, acc: 0.7545
loss: 0.5867, acc: 0.7536
loss: 0.5869, acc: 0.7591
loss: 0.5872, acc: 0.7578
loss: 0.5803, acc: 0.7630
loss: 0.5790, acc: 0.7629
loss: 0.5801, acc: 0.7623
loss: 0.5793, acc: 0.7606
loss: 0.5811, acc: 0.7618
loss: 0.5842, acc: 0.7595
loss: 0.5826, acc: 0.7584
loss: 0.5833, acc: 0.7582
loss: 0.5874, acc: 0.7577
loss: 0.5880, acc: 0.7594
loss: 0.5875, acc: 0.7596
loss: 0.5890, acc: 0.7601
loss: 0.5914, acc: 0.7584
loss: 0.5906, acc: 0.7585
loss: 0.5915, acc: 0.7579
> val_acc: 0.6509, val_f1: 0.4528
>>>>>>>>>>>>>>>>>>>>>>>>>>>>>>>>>>>>>>>>>>>>>>>>>>>>>>>>>>>>>>>>>>>>>>>>>>>>>>>>>>>>>>>>>>>>>>>>>>>>
epoch: 24
loss: 0.4964, acc: 0.8333
loss: 0.5278, acc: 0.8047
loss: 0.5194, acc: 0.8053
loss: 0.5337, acc: 0.7951
loss: 0.5444, acc: 0.7812
loss: 0.5492, acc: 0.7757
loss: 0.5512, acc: 0.7775
loss: 0.5528, acc: 0.7788
loss: 0.5585, acc: 0.7733
loss: 0.5583, acc: 0.7754
loss: 0.5597, acc: 0.7742
loss: 0.5591, acc: 0.7742
loss: 0.5622, acc: 0.7728
loss: 0.5635, acc: 0.7721
loss: 0.5680, acc: 0.7688
loss: 0.5681, acc: 0.7684
loss: 0.5700, acc: 0.7684
loss: 0.5679, acc: 0.7681
loss: 0.5656, acc: 0.7688
loss: 0.5671, acc: 0.7675
loss: 0.5701, acc: 0.7670
loss: 0.5726, acc: 0.7656
loss: 0.5691, acc: 0.7675
> val_acc: 0.6509, val_f1: 0.4882
>>>>>>>>>>>>>>>>>>>>>>>>>>>>>>>>>>>>>>>>>>>>>>>>>>>>>>>>>>>>>>>>>>>>>>>>>>>>>>>>>>>>>>>>>>>>>>>>>>>>
epoch: 25
loss: 0.4217, acc: 0.8500
loss: 0.4323, acc: 0.8438
loss: 0.4515, acc: 0.8271
loss: 0.4602, acc: 0.8219
loss: 0.4518, acc: 0.8237
loss: 0.4754, acc: 0.8135
loss: 0.4901, acc: 0.8027
loss: 0.4995, acc: 0.7953
loss: 0.5014, acc: 0.7937
loss: 0.5134, acc: 0.7906
loss: 0.5302, acc: 0.7807
loss: 0.5379, acc: 0.7755
loss: 0.5446, acc: 0.7740
loss: 0.5546, acc: 0.7696
loss: 0.5545, acc: 0.7683
loss: 0.5523, acc: 0.7711
loss: 0.5531, acc: 0.7706
loss: 0.5505, acc: 0.7719
loss: 0.5521, acc: 0.7720
loss: 0.5566, acc: 0.7712
loss: 0.5667, acc: 0.7655
loss: 0.5700, acc: 0.7636
> val_acc: 0.6616, val_f1: 0.4727
>>>>>>>>>>>>>>>>>>>>>>>>>>>>>>>>>>>>>>>>>>>>>>>>>>>>>>>>>>>>>>>>>>>>>>>>>>>>>>>>>>>>>>>>>>>>>>>>>>>>
epoch: 26
loss: 0.5513, acc: 0.8125
loss: 0.5504, acc: 0.7679
loss: 0.5422, acc: 0.7760
loss: 0.5669, acc: 0.7757
loss: 0.5593, acc: 0.7741
loss: 0.5455, acc: 0.7824
loss: 0.5498, acc: 0.7832
loss: 0.5416, acc: 0.7863
loss: 0.5465, acc: 0.7827
loss: 0.5443, acc: 0.7832
loss: 0.5485, acc: 0.7794
loss: 0.5593, acc: 0.7763
loss: 0.5564, acc: 0.7767
loss: 0.5613, acc: 0.7710
loss: 0.5628, acc: 0.7687
loss: 0.5636, acc: 0.7699
loss: 0.5740, acc: 0.7649
loss: 0.5766, acc: 0.7640
loss: 0.5768, acc: 0.7632
loss: 0.5788, acc: 0.7626
loss: 0.5827, acc: 0.7626
loss: 0.5835, acc: 0.7617
loss: 0.5846, acc: 0.7614
> val_acc: 0.6580, val_f1: 0.4473
>>>>>>>>>>>>>>>>>>>>>>>>>>>>>>>>>>>>>>>>>>>>>>>>>>>>>>>>>>>>>>>>>>>>>>>>>>>>>>>>>>>>>>>>>>>>>>>>>>>>
epoch: 27
loss: 0.5571, acc: 0.8047
loss: 0.5783, acc: 0.7917
loss: 0.5637, acc: 0.7857
loss: 0.5488, acc: 0.7845
loss: 0.5477, acc: 0.7852
loss: 0.5400, acc: 0.7909
loss: 0.5436, acc: 0.7886
loss: 0.5399, acc: 0.7877
loss: 0.5393, acc: 0.7876
loss: 0.5454, acc: 0.7851
loss: 0.5463, acc: 0.7807
loss: 0.5477, acc: 0.7802
loss: 0.5650, acc: 0.7725
loss: 0.5584, acc: 0.7754
loss: 0.5569, acc: 0.7774
loss: 0.5579, acc: 0.7761
loss: 0.5622, acc: 0.7734
loss: 0.5630, acc: 0.7707
loss: 0.5647, acc: 0.7709
loss: 0.5687, acc: 0.7693
loss: 0.5671, acc: 0.7689
loss: 0.5758, acc: 0.7669
> val_acc: 0.6536, val_f1: 0.4600
>>>>>>>>>>>>>>>>>>>>>>>>>>>>>>>>>>>>>>>>>>>>>>>>>>>>>>>>>>>>>>>>>>>>>>>>>>>>>>>>>>>>>>>>>>>>>>>>>>>>
epoch: 28
loss: 0.3610, acc: 0.8750
loss: 0.5245, acc: 0.7708
loss: 0.5075, acc: 0.7898
loss: 0.5055, acc: 0.7832
loss: 0.5478, acc: 0.7693
loss: 0.5441, acc: 0.7692
loss: 0.5439, acc: 0.7732
loss: 0.5452, acc: 0.7743
loss: 0.5381, acc: 0.7828
loss: 0.5264, acc: 0.7901
loss: 0.5261, acc: 0.7904
loss: 0.5354, acc: 0.7857
loss: 0.5417, acc: 0.7833
loss: 0.5344, acc: 0.7879
loss: 0.5373, acc: 0.7896
loss: 0.5391, acc: 0.7895
loss: 0.5414, acc: 0.7894
loss: 0.5446, acc: 0.7874
loss: 0.5423, acc: 0.7885
loss: 0.5443, acc: 0.7874
loss: 0.5447, acc: 0.7865
loss: 0.5477, acc: 0.7842
loss: 0.5457, acc: 0.7858
> val_acc: 0.6304, val_f1: 0.4836
>>>>>>>>>>>>>>>>>>>>>>>>>>>>>>>>>>>>>>>>>>>>>>>>>>>>>>>>>>>>>>>>>>>>>>>>>>>>>>>>>>>>>>>>>>>>>>>>>>>>
epoch: 29
loss: 0.4342, acc: 0.8333
loss: 0.4640, acc: 0.8203
loss: 0.4605, acc: 0.8269
loss: 0.4802, acc: 0.8108
loss: 0.4755, acc: 0.8125
loss: 0.4842, acc: 0.8125
loss: 0.4933, acc: 0.8078
loss: 0.4876, acc: 0.8100
loss: 0.5028, acc: 0.8038
loss: 0.5134, acc: 0.7956
loss: 0.5157, acc: 0.7966
loss: 0.5153, acc: 0.7958
loss: 0.5129, acc: 0.7966
loss: 0.5149, acc: 0.7946
loss: 0.5159, acc: 0.7971
loss: 0.5246, acc: 0.7901
loss: 0.5246, acc: 0.7895
loss: 0.5307, acc: 0.7869
loss: 0.5304, acc: 0.7876
loss: 0.5295, acc: 0.7879
loss: 0.5219, acc: 0.7916
loss: 0.5263, acc: 0.7902
loss: 0.5256, acc: 0.7907
> val_acc: 0.6438, val_f1: 0.4315
>> test_acc: 0.6875, test_f1: 0.4824
