cuda memory allocated: 8836608
n_trainable_params: 1766003, n_nontrainable_params: 441200
> training arguments:
>>> model_name: gc_ian
>>> model_ver: 1
>>> dataset: restaurant
>>> optimizer: <class 'torch.optim.adagrad.Adagrad'>
>>> initializer: <function xavier_uniform_ at 0x000002C38BE776A8>
>>> learning_rate: 0.01
>>> momentum: 0.95
>>> dropout: 0.5
>>> l2reg: 5e-05
>>> num_epoch: 30
>>> batch_size: 32
>>> log_step: 5
>>> embed_dim: 100
>>> hidden_dim: 300
>>> bert_dim: 768
>>> pretrained_bert_name: bert-base-uncased
>>> embeddings: d
>>> max_seq_len: 80
>>> polarities_dim: 3
>>> hops: 3
>>> device: cuda
>>> seed: 10
>>> valset_ratio: 0
>>> num_layers: 1
>>> in_channels: 100
>>> out_channels: 1
>>> downbot: 20
>>> kernel_size: 3
>>> glove_path: ./embeddings/glove.840B.300d.txt
>>> embedding_matrix_path: gen_data/embeddings/100_restaurant_domain_embedding_matrix.dat
>>> model_class: <class 'models.gc_ian.GC_IAN1'>
>>> dataset_file: {'train': './datasets/semeval14/Restaurants_Train.xml.seg', 'test': './datasets/semeval14/Restaurants_Test_Gold.xml.seg'}
>>> inputs_cols: ['text_raw_indices', 'aspect_indices']
>>>>>>>>>>>>>>>>>>>>>>>>>>>>>>>>>>>>>>>>>>>>>>>>>>>>>>>>>>>>>>>>>>>>>>>>>>>>>>>>>>>>>>>>>>>>>>>>>>>>
epoch: 0
loss: 1.1464, acc: 0.5125
loss: 1.0448, acc: 0.5563
loss: 0.9980, acc: 0.5708
loss: 0.9669, acc: 0.5828
loss: 0.9298, acc: 0.5975
loss: 0.9071, acc: 0.6115
loss: 0.8947, acc: 0.6205
loss: 0.8782, acc: 0.6250
loss: 0.8666, acc: 0.6299
loss: 0.8551, acc: 0.6319
loss: 0.8456, acc: 0.6358
loss: 0.8358, acc: 0.6422
loss: 0.8285, acc: 0.6486
loss: 0.8294, acc: 0.6446
loss: 0.8250, acc: 0.6462
loss: 0.8215, acc: 0.6504
loss: 0.8151, acc: 0.6526
loss: 0.8040, acc: 0.6580
loss: 0.8017, acc: 0.6599
loss: 0.7969, acc: 0.6619
loss: 0.7907, acc: 0.6640
loss: 0.7879, acc: 0.6659
> val_acc: 0.7643, val_f1: 0.5751
>> saved: state_dict/gc_ian_restaurant_val_acc0.7643
>>>>>>>>>>>>>>>>>>>>>>>>>>>>>>>>>>>>>>>>>>>>>>>>>>>>>>>>>>>>>>>>>>>>>>>>>>>>>>>>>>>>>>>>>>>>>>>>>>>>
epoch: 1
loss: 0.6327, acc: 0.7031
loss: 0.6070, acc: 0.7768
loss: 0.6522, acc: 0.7396
loss: 0.6289, acc: 0.7445
loss: 0.6293, acc: 0.7443
loss: 0.6168, acc: 0.7558
loss: 0.6186, acc: 0.7510
loss: 0.6117, acc: 0.7525
loss: 0.6087, acc: 0.7574
loss: 0.6023, acc: 0.7593
loss: 0.5969, acc: 0.7632
loss: 0.5976, acc: 0.7637
loss: 0.5962, acc: 0.7646
loss: 0.5905, acc: 0.7691
loss: 0.5954, acc: 0.7682
loss: 0.5939, acc: 0.7687
loss: 0.5937, acc: 0.7679
loss: 0.5946, acc: 0.7672
loss: 0.5933, acc: 0.7649
loss: 0.5905, acc: 0.7668
loss: 0.5926, acc: 0.7653
loss: 0.5914, acc: 0.7652
loss: 0.5896, acc: 0.7662
> val_acc: 0.7982, val_f1: 0.6740
>> saved: state_dict/gc_ian_restaurant_val_acc0.7982
>>>>>>>>>>>>>>>>>>>>>>>>>>>>>>>>>>>>>>>>>>>>>>>>>>>>>>>>>>>>>>>>>>>>>>>>>>>>>>>>>>>>>>>>>>>>>>>>>>>>
epoch: 2
loss: 0.6286, acc: 0.7031
loss: 0.5866, acc: 0.7639
loss: 0.5689, acc: 0.7790
loss: 0.5444, acc: 0.7977
loss: 0.5485, acc: 0.7943
loss: 0.5322, acc: 0.7974
loss: 0.5282, acc: 0.8015
loss: 0.5433, acc: 0.7973
loss: 0.5472, acc: 0.7933
loss: 0.5466, acc: 0.7940
loss: 0.5407, acc: 0.7975
loss: 0.5319, acc: 0.8008
loss: 0.5321, acc: 0.7998
loss: 0.5296, acc: 0.7998
loss: 0.5262, acc: 0.8011
loss: 0.5230, acc: 0.8046
loss: 0.5234, acc: 0.8025
loss: 0.5230, acc: 0.8037
loss: 0.5253, acc: 0.8029
loss: 0.5253, acc: 0.8021
loss: 0.5250, acc: 0.8026
loss: 0.5232, acc: 0.8036
> val_acc: 0.7875, val_f1: 0.6457
>>>>>>>>>>>>>>>>>>>>>>>>>>>>>>>>>>>>>>>>>>>>>>>>>>>>>>>>>>>>>>>>>>>>>>>>>>>>>>>>>>>>>>>>>>>>>>>>>>>>
epoch: 3
loss: 0.4920, acc: 0.8125
loss: 0.4553, acc: 0.8177
loss: 0.4345, acc: 0.8438
loss: 0.4494, acc: 0.8320
loss: 0.4586, acc: 0.8363
loss: 0.4538, acc: 0.8401
loss: 0.4626, acc: 0.8367
loss: 0.4629, acc: 0.8351
loss: 0.4609, acc: 0.8331
loss: 0.4607, acc: 0.8336
loss: 0.4647, acc: 0.8321
loss: 0.4683, acc: 0.8292
loss: 0.4714, acc: 0.8258
loss: 0.4699, acc: 0.8281
loss: 0.4751, acc: 0.8231
loss: 0.4818, acc: 0.8195
loss: 0.4844, acc: 0.8187
loss: 0.4817, acc: 0.8205
loss: 0.4820, acc: 0.8207
loss: 0.4830, acc: 0.8193
loss: 0.4820, acc: 0.8187
loss: 0.4802, acc: 0.8199
loss: 0.4810, acc: 0.8190
> val_acc: 0.8009, val_f1: 0.6877
>> saved: state_dict/gc_ian_restaurant_val_acc0.8009
>>>>>>>>>>>>>>>>>>>>>>>>>>>>>>>>>>>>>>>>>>>>>>>>>>>>>>>>>>>>>>>>>>>>>>>>>>>>>>>>>>>>>>>>>>>>>>>>>>>>
epoch: 4
loss: 0.5395, acc: 0.8333
loss: 0.4885, acc: 0.8203
loss: 0.5185, acc: 0.7957
loss: 0.5026, acc: 0.8090
loss: 0.4849, acc: 0.8139
loss: 0.4714, acc: 0.8225
loss: 0.4731, acc: 0.8191
loss: 0.4784, acc: 0.8109
loss: 0.4721, acc: 0.8154
loss: 0.4692, acc: 0.8158
loss: 0.4606, acc: 0.8213
loss: 0.4583, acc: 0.8211
loss: 0.4538, acc: 0.8214
loss: 0.4520, acc: 0.8226
loss: 0.4507, acc: 0.8241
loss: 0.4468, acc: 0.8265
loss: 0.4455, acc: 0.8272
loss: 0.4466, acc: 0.8253
loss: 0.4435, acc: 0.8276
loss: 0.4423, acc: 0.8291
loss: 0.4440, acc: 0.8292
loss: 0.4444, acc: 0.8299
loss: 0.4461, acc: 0.8287
> val_acc: 0.8018, val_f1: 0.6791
>> saved: state_dict/gc_ian_restaurant_val_acc0.8018
>>>>>>>>>>>>>>>>>>>>>>>>>>>>>>>>>>>>>>>>>>>>>>>>>>>>>>>>>>>>>>>>>>>>>>>>>>>>>>>>>>>>>>>>>>>>>>>>>>>>
epoch: 5
loss: 0.4284, acc: 0.8562
loss: 0.4463, acc: 0.8469
loss: 0.4105, acc: 0.8625
loss: 0.4157, acc: 0.8609
loss: 0.4191, acc: 0.8550
loss: 0.4239, acc: 0.8552
loss: 0.4212, acc: 0.8536
loss: 0.4209, acc: 0.8516
loss: 0.4231, acc: 0.8528
loss: 0.4243, acc: 0.8506
loss: 0.4243, acc: 0.8500
loss: 0.4256, acc: 0.8469
loss: 0.4248, acc: 0.8471
loss: 0.4242, acc: 0.8464
loss: 0.4227, acc: 0.8467
loss: 0.4218, acc: 0.8480
loss: 0.4259, acc: 0.8456
loss: 0.4260, acc: 0.8444
loss: 0.4234, acc: 0.8454
loss: 0.4254, acc: 0.8444
loss: 0.4238, acc: 0.8464
loss: 0.4228, acc: 0.8460
> val_acc: 0.7964, val_f1: 0.6678
>>>>>>>>>>>>>>>>>>>>>>>>>>>>>>>>>>>>>>>>>>>>>>>>>>>>>>>>>>>>>>>>>>>>>>>>>>>>>>>>>>>>>>>>>>>>>>>>>>>>
epoch: 6
loss: 0.3837, acc: 0.8438
loss: 0.3756, acc: 0.8616
loss: 0.3853, acc: 0.8646
loss: 0.3944, acc: 0.8585
loss: 0.3885, acc: 0.8608
loss: 0.3858, acc: 0.8634
loss: 0.3891, acc: 0.8623
loss: 0.3942, acc: 0.8581
loss: 0.3920, acc: 0.8564
loss: 0.3928, acc: 0.8551
loss: 0.3914, acc: 0.8582
loss: 0.3906, acc: 0.8558
loss: 0.3896, acc: 0.8569
loss: 0.3946, acc: 0.8549
loss: 0.3983, acc: 0.8533
loss: 0.3967, acc: 0.8539
loss: 0.3966, acc: 0.8529
loss: 0.3970, acc: 0.8524
loss: 0.3970, acc: 0.8536
loss: 0.3967, acc: 0.8547
loss: 0.3970, acc: 0.8545
loss: 0.3983, acc: 0.8534
loss: 0.3958, acc: 0.8546
> val_acc: 0.7875, val_f1: 0.6490
>>>>>>>>>>>>>>>>>>>>>>>>>>>>>>>>>>>>>>>>>>>>>>>>>>>>>>>>>>>>>>>>>>>>>>>>>>>>>>>>>>>>>>>>>>>>>>>>>>>>
epoch: 7
loss: 0.2890, acc: 0.9062
loss: 0.3220, acc: 0.8924
loss: 0.3083, acc: 0.9018
loss: 0.3256, acc: 0.8914
loss: 0.3508, acc: 0.8750
loss: 0.3659, acc: 0.8642
loss: 0.3759, acc: 0.8612
loss: 0.3759, acc: 0.8614
loss: 0.3782, acc: 0.8601
loss: 0.3748, acc: 0.8635
loss: 0.3799, acc: 0.8582
loss: 0.3773, acc: 0.8602
loss: 0.3766, acc: 0.8608
loss: 0.3764, acc: 0.8596
loss: 0.3738, acc: 0.8611
loss: 0.3734, acc: 0.8623
loss: 0.3756, acc: 0.8616
loss: 0.3738, acc: 0.8617
loss: 0.3748, acc: 0.8597
loss: 0.3788, acc: 0.8589
loss: 0.3789, acc: 0.8588
loss: 0.3768, acc: 0.8595
> val_acc: 0.7946, val_f1: 0.6592
>>>>>>>>>>>>>>>>>>>>>>>>>>>>>>>>>>>>>>>>>>>>>>>>>>>>>>>>>>>>>>>>>>>>>>>>>>>>>>>>>>>>>>>>>>>>>>>>>>>>
epoch: 8
loss: 0.2836, acc: 0.9062
loss: 0.3145, acc: 0.8958
loss: 0.3290, acc: 0.8835
loss: 0.3183, acc: 0.8906
loss: 0.3379, acc: 0.8765
loss: 0.3444, acc: 0.8702
loss: 0.3340, acc: 0.8760
loss: 0.3381, acc: 0.8741
loss: 0.3388, acc: 0.8750
loss: 0.3428, acc: 0.8716
loss: 0.3489, acc: 0.8707
loss: 0.3518, acc: 0.8700
loss: 0.3494, acc: 0.8730
loss: 0.3499, acc: 0.8741
loss: 0.3504, acc: 0.8737
loss: 0.3534, acc: 0.8705
loss: 0.3535, acc: 0.8708
loss: 0.3541, acc: 0.8703
loss: 0.3538, acc: 0.8709
loss: 0.3528, acc: 0.8721
loss: 0.3557, acc: 0.8704
loss: 0.3563, acc: 0.8700
loss: 0.3558, acc: 0.8711
> val_acc: 0.7929, val_f1: 0.6759
>>>>>>>>>>>>>>>>>>>>>>>>>>>>>>>>>>>>>>>>>>>>>>>>>>>>>>>>>>>>>>>>>>>>>>>>>>>>>>>>>>>>>>>>>>>>>>>>>>>>
epoch: 9
loss: 0.3950, acc: 0.8438
loss: 0.3504, acc: 0.8711
loss: 0.3567, acc: 0.8774
loss: 0.3565, acc: 0.8767
loss: 0.3626, acc: 0.8736
loss: 0.3683, acc: 0.8705
loss: 0.3588, acc: 0.8731
loss: 0.3619, acc: 0.8750
loss: 0.3542, acc: 0.8779
loss: 0.3567, acc: 0.8763
loss: 0.3571, acc: 0.8785
loss: 0.3556, acc: 0.8777
loss: 0.3474, acc: 0.8814
loss: 0.3460, acc: 0.8810
loss: 0.3488, acc: 0.8784
loss: 0.3437, acc: 0.8810
loss: 0.3419, acc: 0.8803
loss: 0.3371, acc: 0.8832
loss: 0.3359, acc: 0.8854
loss: 0.3373, acc: 0.8849
loss: 0.3400, acc: 0.8838
loss: 0.3417, acc: 0.8825
loss: 0.3405, acc: 0.8833
> val_acc: 0.7955, val_f1: 0.6653
>>>>>>>>>>>>>>>>>>>>>>>>>>>>>>>>>>>>>>>>>>>>>>>>>>>>>>>>>>>>>>>>>>>>>>>>>>>>>>>>>>>>>>>>>>>>>>>>>>>>
epoch: 10
loss: 0.3666, acc: 0.8625
loss: 0.3231, acc: 0.8906
loss: 0.3196, acc: 0.8938
loss: 0.3280, acc: 0.8906
loss: 0.3331, acc: 0.8900
loss: 0.3411, acc: 0.8823
loss: 0.3378, acc: 0.8821
loss: 0.3402, acc: 0.8805
loss: 0.3385, acc: 0.8812
loss: 0.3344, acc: 0.8819
loss: 0.3333, acc: 0.8824
loss: 0.3312, acc: 0.8844
loss: 0.3296, acc: 0.8856
loss: 0.3238, acc: 0.8879
loss: 0.3233, acc: 0.8883
loss: 0.3219, acc: 0.8883
loss: 0.3238, acc: 0.8871
loss: 0.3221, acc: 0.8889
loss: 0.3215, acc: 0.8891
loss: 0.3207, acc: 0.8897
loss: 0.3242, acc: 0.8890
loss: 0.3274, acc: 0.8869
> val_acc: 0.7991, val_f1: 0.6905
>>>>>>>>>>>>>>>>>>>>>>>>>>>>>>>>>>>>>>>>>>>>>>>>>>>>>>>>>>>>>>>>>>>>>>>>>>>>>>>>>>>>>>>>>>>>>>>>>>>>
epoch: 11
loss: 0.2879, acc: 0.9375
loss: 0.3506, acc: 0.9018
loss: 0.3464, acc: 0.9010
loss: 0.3464, acc: 0.8952
loss: 0.3462, acc: 0.8906
loss: 0.3432, acc: 0.8877
loss: 0.3410, acc: 0.8887
loss: 0.3370, acc: 0.8902
loss: 0.3338, acc: 0.8906
loss: 0.3313, acc: 0.8923
loss: 0.3296, acc: 0.8930
loss: 0.3280, acc: 0.8931
loss: 0.3262, acc: 0.8936
loss: 0.3245, acc: 0.8946
loss: 0.3278, acc: 0.8919
loss: 0.3237, acc: 0.8953
loss: 0.3223, acc: 0.8960
loss: 0.3241, acc: 0.8944
loss: 0.3219, acc: 0.8957
loss: 0.3225, acc: 0.8953
loss: 0.3215, acc: 0.8952
loss: 0.3215, acc: 0.8946
loss: 0.3210, acc: 0.8943
> val_acc: 0.7929, val_f1: 0.6666
>>>>>>>>>>>>>>>>>>>>>>>>>>>>>>>>>>>>>>>>>>>>>>>>>>>>>>>>>>>>>>>>>>>>>>>>>>>>>>>>>>>>>>>>>>>>>>>>>>>>
epoch: 12
loss: 0.3100, acc: 0.8828
loss: 0.3044, acc: 0.8750
loss: 0.2942, acc: 0.8906
loss: 0.2978, acc: 0.8931
loss: 0.2949, acc: 0.8997
loss: 0.2920, acc: 0.9019
loss: 0.2971, acc: 0.8980
loss: 0.2985, acc: 0.8958
loss: 0.2941, acc: 0.8991
loss: 0.2942, acc: 0.8999
loss: 0.2939, acc: 0.8987
loss: 0.2949, acc: 0.8972
loss: 0.2943, acc: 0.8979
loss: 0.2922, acc: 0.8976
loss: 0.2917, acc: 0.8970
loss: 0.2894, acc: 0.8987
loss: 0.2915, acc: 0.8977
loss: 0.2965, acc: 0.8975
loss: 0.2967, acc: 0.8983
loss: 0.2949, acc: 0.8993
loss: 0.2933, acc: 0.8990
loss: 0.2970, acc: 0.8971
> val_acc: 0.8009, val_f1: 0.6921
>>>>>>>>>>>>>>>>>>>>>>>>>>>>>>>>>>>>>>>>>>>>>>>>>>>>>>>>>>>>>>>>>>>>>>>>>>>>>>>>>>>>>>>>>>>>>>>>>>>>
epoch: 13
loss: 0.2621, acc: 0.9062
loss: 0.2381, acc: 0.9271
loss: 0.2388, acc: 0.9261
loss: 0.2586, acc: 0.9160
loss: 0.2701, acc: 0.9122
loss: 0.2850, acc: 0.9050
loss: 0.2889, acc: 0.9083
loss: 0.2868, acc: 0.9089
loss: 0.2910, acc: 0.9047
loss: 0.2908, acc: 0.9042
loss: 0.2900, acc: 0.9069
loss: 0.2892, acc: 0.9090
loss: 0.2931, acc: 0.9052
loss: 0.2938, acc: 0.9044
loss: 0.2929, acc: 0.9014
loss: 0.2927, acc: 0.9009
loss: 0.2937, acc: 0.8997
loss: 0.2917, acc: 0.8997
loss: 0.2880, acc: 0.9018
loss: 0.2899, acc: 0.8997
loss: 0.2912, acc: 0.8979
loss: 0.2908, acc: 0.8974
loss: 0.2927, acc: 0.8953
> val_acc: 0.7964, val_f1: 0.6725
>>>>>>>>>>>>>>>>>>>>>>>>>>>>>>>>>>>>>>>>>>>>>>>>>>>>>>>>>>>>>>>>>>>>>>>>>>>>>>>>>>>>>>>>>>>>>>>>>>>>
epoch: 14
loss: 0.2481, acc: 0.9062
loss: 0.2510, acc: 0.9062
loss: 0.2513, acc: 0.9038
loss: 0.2445, acc: 0.9097
loss: 0.2591, acc: 0.9062
loss: 0.2606, acc: 0.9118
loss: 0.2682, acc: 0.9053
loss: 0.2730, acc: 0.9046
loss: 0.2712, acc: 0.9077
loss: 0.2751, acc: 0.9043
loss: 0.2785, acc: 0.9045
loss: 0.2823, acc: 0.9019
loss: 0.2854, acc: 0.8988
loss: 0.2819, acc: 0.9021
loss: 0.2818, acc: 0.9041
loss: 0.2804, acc: 0.9050
loss: 0.2794, acc: 0.9055
loss: 0.2790, acc: 0.9052
loss: 0.2809, acc: 0.9046
loss: 0.2823, acc: 0.9034
loss: 0.2833, acc: 0.9026
loss: 0.2826, acc: 0.9025
loss: 0.2842, acc: 0.9011
> val_acc: 0.7920, val_f1: 0.6654
>>>>>>>>>>>>>>>>>>>>>>>>>>>>>>>>>>>>>>>>>>>>>>>>>>>>>>>>>>>>>>>>>>>>>>>>>>>>>>>>>>>>>>>>>>>>>>>>>>>>
epoch: 15
loss: 0.2258, acc: 0.9187
loss: 0.2627, acc: 0.9062
loss: 0.2673, acc: 0.9104
loss: 0.2603, acc: 0.9187
loss: 0.2729, acc: 0.9100
loss: 0.2692, acc: 0.9104
loss: 0.2702, acc: 0.9143
loss: 0.2751, acc: 0.9117
loss: 0.2758, acc: 0.9104
loss: 0.2753, acc: 0.9100
loss: 0.2772, acc: 0.9114
loss: 0.2728, acc: 0.9120
loss: 0.2724, acc: 0.9120
loss: 0.2696, acc: 0.9138
loss: 0.2706, acc: 0.9129
loss: 0.2686, acc: 0.9133
loss: 0.2713, acc: 0.9099
loss: 0.2705, acc: 0.9108
loss: 0.2739, acc: 0.9082
loss: 0.2722, acc: 0.9084
loss: 0.2710, acc: 0.9092
loss: 0.2733, acc: 0.9091
> val_acc: 0.7973, val_f1: 0.6854
>>>>>>>>>>>>>>>>>>>>>>>>>>>>>>>>>>>>>>>>>>>>>>>>>>>>>>>>>>>>>>>>>>>>>>>>>>>>>>>>>>>>>>>>>>>>>>>>>>>>
epoch: 16
loss: 0.2464, acc: 0.9219
loss: 0.2645, acc: 0.9062
loss: 0.2538, acc: 0.9193
loss: 0.2695, acc: 0.9081
loss: 0.2547, acc: 0.9148
loss: 0.2613, acc: 0.9109
loss: 0.2627, acc: 0.9121
loss: 0.2625, acc: 0.9105
loss: 0.2596, acc: 0.9129
loss: 0.2613, acc: 0.9122
loss: 0.2601, acc: 0.9141
loss: 0.2576, acc: 0.9161
loss: 0.2578, acc: 0.9163
loss: 0.2608, acc: 0.9142
loss: 0.2604, acc: 0.9145
loss: 0.2586, acc: 0.9156
loss: 0.2600, acc: 0.9158
loss: 0.2595, acc: 0.9156
loss: 0.2604, acc: 0.9151
loss: 0.2595, acc: 0.9159
loss: 0.2624, acc: 0.9145
loss: 0.2623, acc: 0.9153
loss: 0.2662, acc: 0.9135
> val_acc: 0.7937, val_f1: 0.6740
>>>>>>>>>>>>>>>>>>>>>>>>>>>>>>>>>>>>>>>>>>>>>>>>>>>>>>>>>>>>>>>>>>>>>>>>>>>>>>>>>>>>>>>>>>>>>>>>>>>>
epoch: 17
loss: 0.2353, acc: 0.9297
loss: 0.2382, acc: 0.9375
loss: 0.2487, acc: 0.9286
loss: 0.2498, acc: 0.9211
loss: 0.2457, acc: 0.9258
loss: 0.2460, acc: 0.9246
loss: 0.2460, acc: 0.9200
loss: 0.2484, acc: 0.9175
loss: 0.2472, acc: 0.9183
loss: 0.2440, acc: 0.9216
loss: 0.2515, acc: 0.9201
loss: 0.2517, acc: 0.9206
loss: 0.2506, acc: 0.9199
loss: 0.2527, acc: 0.9207
loss: 0.2513, acc: 0.9219
loss: 0.2522, acc: 0.9221
loss: 0.2521, acc: 0.9208
loss: 0.2503, acc: 0.9210
loss: 0.2495, acc: 0.9222
loss: 0.2502, acc: 0.9214
loss: 0.2498, acc: 0.9222
loss: 0.2512, acc: 0.9203
> val_acc: 0.7929, val_f1: 0.6751
>>>>>>>>>>>>>>>>>>>>>>>>>>>>>>>>>>>>>>>>>>>>>>>>>>>>>>>>>>>>>>>>>>>>>>>>>>>>>>>>>>>>>>>>>>>>>>>>>>>>
epoch: 18
loss: 0.2834, acc: 0.9375
loss: 0.2543, acc: 0.9167
loss: 0.2554, acc: 0.9119
loss: 0.2417, acc: 0.9238
loss: 0.2438, acc: 0.9241
loss: 0.2383, acc: 0.9279
loss: 0.2471, acc: 0.9234
loss: 0.2453, acc: 0.9219
loss: 0.2444, acc: 0.9200
loss: 0.2421, acc: 0.9205
loss: 0.2453, acc: 0.9216
loss: 0.2524, acc: 0.9174
loss: 0.2509, acc: 0.9191
loss: 0.2522, acc: 0.9181
loss: 0.2472, acc: 0.9212
loss: 0.2471, acc: 0.9219
loss: 0.2483, acc: 0.9221
loss: 0.2497, acc: 0.9204
loss: 0.2490, acc: 0.9196
loss: 0.2489, acc: 0.9193
loss: 0.2493, acc: 0.9199
loss: 0.2498, acc: 0.9198
loss: 0.2495, acc: 0.9192
> val_acc: 0.7937, val_f1: 0.6750
>>>>>>>>>>>>>>>>>>>>>>>>>>>>>>>>>>>>>>>>>>>>>>>>>>>>>>>>>>>>>>>>>>>>>>>>>>>>>>>>>>>>>>>>>>>>>>>>>>>>
epoch: 19
loss: 0.2414, acc: 0.9271
loss: 0.2513, acc: 0.8984
loss: 0.2457, acc: 0.9111
loss: 0.2449, acc: 0.9167
loss: 0.2426, acc: 0.9171
loss: 0.2469, acc: 0.9152
loss: 0.2395, acc: 0.9176
loss: 0.2402, acc: 0.9178
loss: 0.2357, acc: 0.9222
loss: 0.2318, acc: 0.9225
loss: 0.2391, acc: 0.9186
loss: 0.2426, acc: 0.9181
loss: 0.2443, acc: 0.9177
loss: 0.2428, acc: 0.9191
loss: 0.2425, acc: 0.9187
loss: 0.2434, acc: 0.9179
loss: 0.2421, acc: 0.9175
loss: 0.2423, acc: 0.9183
loss: 0.2421, acc: 0.9183
loss: 0.2411, acc: 0.9187
loss: 0.2416, acc: 0.9193
loss: 0.2426, acc: 0.9190
loss: 0.2448, acc: 0.9177
> val_acc: 0.7920, val_f1: 0.6724
>>>>>>>>>>>>>>>>>>>>>>>>>>>>>>>>>>>>>>>>>>>>>>>>>>>>>>>>>>>>>>>>>>>>>>>>>>>>>>>>>>>>>>>>>>>>>>>>>>>>
epoch: 20
loss: 0.2226, acc: 0.9187
loss: 0.2327, acc: 0.9250
loss: 0.2133, acc: 0.9375
loss: 0.2100, acc: 0.9375
loss: 0.2054, acc: 0.9413
loss: 0.2095, acc: 0.9427
loss: 0.2153, acc: 0.9384
loss: 0.2139, acc: 0.9391
loss: 0.2210, acc: 0.9340
loss: 0.2222, acc: 0.9337
loss: 0.2244, acc: 0.9318
loss: 0.2230, acc: 0.9323
loss: 0.2323, acc: 0.9260
loss: 0.2330, acc: 0.9246
loss: 0.2345, acc: 0.9250
loss: 0.2330, acc: 0.9262
loss: 0.2318, acc: 0.9254
loss: 0.2341, acc: 0.9240
loss: 0.2357, acc: 0.9234
loss: 0.2361, acc: 0.9237
loss: 0.2354, acc: 0.9241
loss: 0.2358, acc: 0.9227
> val_acc: 0.7937, val_f1: 0.6759
>>>>>>>>>>>>>>>>>>>>>>>>>>>>>>>>>>>>>>>>>>>>>>>>>>>>>>>>>>>>>>>>>>>>>>>>>>>>>>>>>>>>>>>>>>>>>>>>>>>>
epoch: 21
loss: 0.2572, acc: 0.9219
loss: 0.2376, acc: 0.9196
loss: 0.2359, acc: 0.9193
loss: 0.2281, acc: 0.9265
loss: 0.2229, acc: 0.9290
loss: 0.2199, acc: 0.9282
loss: 0.2174, acc: 0.9297
loss: 0.2190, acc: 0.9324
loss: 0.2161, acc: 0.9323
loss: 0.2245, acc: 0.9295
loss: 0.2276, acc: 0.9273
loss: 0.2288, acc: 0.9254
loss: 0.2283, acc: 0.9254
loss: 0.2250, acc: 0.9272
loss: 0.2258, acc: 0.9262
loss: 0.2288, acc: 0.9257
loss: 0.2296, acc: 0.9264
loss: 0.2305, acc: 0.9256
loss: 0.2303, acc: 0.9253
loss: 0.2312, acc: 0.9243
loss: 0.2303, acc: 0.9246
loss: 0.2302, acc: 0.9249
loss: 0.2300, acc: 0.9258
> val_acc: 0.7902, val_f1: 0.6690
>>>>>>>>>>>>>>>>>>>>>>>>>>>>>>>>>>>>>>>>>>>>>>>>>>>>>>>>>>>>>>>>>>>>>>>>>>>>>>>>>>>>>>>>>>>>>>>>>>>>
epoch: 22
loss: 0.2246, acc: 0.9297
loss: 0.2353, acc: 0.9201
loss: 0.2290, acc: 0.9219
loss: 0.2308, acc: 0.9260
loss: 0.2266, acc: 0.9297
loss: 0.2220, acc: 0.9353
loss: 0.2262, acc: 0.9311
loss: 0.2352, acc: 0.9295
loss: 0.2360, acc: 0.9290
loss: 0.2369, acc: 0.9286
loss: 0.2367, acc: 0.9271
loss: 0.2425, acc: 0.9248
loss: 0.2392, acc: 0.9263
loss: 0.2340, acc: 0.9280
loss: 0.2317, acc: 0.9291
loss: 0.2298, acc: 0.9296
loss: 0.2287, acc: 0.9304
loss: 0.2287, acc: 0.9301
loss: 0.2289, acc: 0.9285
loss: 0.2292, acc: 0.9280
loss: 0.2290, acc: 0.9273
loss: 0.2294, acc: 0.9272
> val_acc: 0.7937, val_f1: 0.6737
>>>>>>>>>>>>>>>>>>>>>>>>>>>>>>>>>>>>>>>>>>>>>>>>>>>>>>>>>>>>>>>>>>>>>>>>>>>>>>>>>>>>>>>>>>>>>>>>>>>>
epoch: 23
loss: 0.2184, acc: 0.9688
loss: 0.2146, acc: 0.9479
loss: 0.2026, acc: 0.9460
loss: 0.2091, acc: 0.9414
loss: 0.2105, acc: 0.9375
loss: 0.2245, acc: 0.9315
loss: 0.2271, acc: 0.9284
loss: 0.2227, acc: 0.9288
loss: 0.2200, acc: 0.9291
loss: 0.2194, acc: 0.9300
loss: 0.2179, acc: 0.9283
loss: 0.2196, acc: 0.9280
loss: 0.2204, acc: 0.9278
loss: 0.2202, acc: 0.9261
loss: 0.2211, acc: 0.9261
loss: 0.2211, acc: 0.9264
loss: 0.2185, acc: 0.9271
loss: 0.2179, acc: 0.9273
loss: 0.2181, acc: 0.9272
loss: 0.2174, acc: 0.9287
loss: 0.2172, acc: 0.9285
loss: 0.2182, acc: 0.9287
loss: 0.2185, acc: 0.9288
> val_acc: 0.7929, val_f1: 0.6821
>>>>>>>>>>>>>>>>>>>>>>>>>>>>>>>>>>>>>>>>>>>>>>>>>>>>>>>>>>>>>>>>>>>>>>>>>>>>>>>>>>>>>>>>>>>>>>>>>>>>
epoch: 24
loss: 0.1922, acc: 0.9375
loss: 0.2099, acc: 0.9453
loss: 0.2052, acc: 0.9447
loss: 0.2089, acc: 0.9392
loss: 0.2004, acc: 0.9443
loss: 0.2010, acc: 0.9420
loss: 0.2018, acc: 0.9422
loss: 0.2051, acc: 0.9375
loss: 0.2058, acc: 0.9375
loss: 0.2054, acc: 0.9375
loss: 0.2035, acc: 0.9393
loss: 0.2044, acc: 0.9397
loss: 0.2061, acc: 0.9390
loss: 0.2084, acc: 0.9366
loss: 0.2078, acc: 0.9362
loss: 0.2108, acc: 0.9343
loss: 0.2122, acc: 0.9337
loss: 0.2123, acc: 0.9322
loss: 0.2118, acc: 0.9325
loss: 0.2140, acc: 0.9311
loss: 0.2142, acc: 0.9302
loss: 0.2155, acc: 0.9297
loss: 0.2172, acc: 0.9271
> val_acc: 0.7893, val_f1: 0.6645
>>>>>>>>>>>>>>>>>>>>>>>>>>>>>>>>>>>>>>>>>>>>>>>>>>>>>>>>>>>>>>>>>>>>>>>>>>>>>>>>>>>>>>>>>>>>>>>>>>>>
epoch: 25
loss: 0.1953, acc: 0.9500
loss: 0.1957, acc: 0.9500
loss: 0.1984, acc: 0.9437
loss: 0.1882, acc: 0.9500
loss: 0.1979, acc: 0.9450
loss: 0.2044, acc: 0.9427
loss: 0.2111, acc: 0.9375
loss: 0.2071, acc: 0.9375
loss: 0.2050, acc: 0.9389
loss: 0.2136, acc: 0.9356
loss: 0.2140, acc: 0.9352
loss: 0.2163, acc: 0.9339
loss: 0.2191, acc: 0.9322
loss: 0.2155, acc: 0.9339
loss: 0.2145, acc: 0.9346
loss: 0.2149, acc: 0.9355
loss: 0.2158, acc: 0.9338
loss: 0.2158, acc: 0.9326
loss: 0.2164, acc: 0.9322
loss: 0.2173, acc: 0.9306
loss: 0.2186, acc: 0.9307
loss: 0.2183, acc: 0.9307
> val_acc: 0.7893, val_f1: 0.6617
>>>>>>>>>>>>>>>>>>>>>>>>>>>>>>>>>>>>>>>>>>>>>>>>>>>>>>>>>>>>>>>>>>>>>>>>>>>>>>>>>>>>>>>>>>>>>>>>>>>>
epoch: 26
loss: 0.2210, acc: 0.8906
loss: 0.1651, acc: 0.9464
loss: 0.1769, acc: 0.9531
loss: 0.1817, acc: 0.9577
loss: 0.1807, acc: 0.9531
loss: 0.1932, acc: 0.9479
loss: 0.1935, acc: 0.9434
loss: 0.1988, acc: 0.9375
loss: 0.2017, acc: 0.9382
loss: 0.1951, acc: 0.9408
loss: 0.2008, acc: 0.9387
loss: 0.2022, acc: 0.9386
loss: 0.2031, acc: 0.9375
loss: 0.2049, acc: 0.9370
loss: 0.2079, acc: 0.9349
loss: 0.2088, acc: 0.9338
loss: 0.2104, acc: 0.9333
loss: 0.2095, acc: 0.9335
loss: 0.2094, acc: 0.9344
loss: 0.2095, acc: 0.9346
loss: 0.2106, acc: 0.9329
loss: 0.2107, acc: 0.9322
loss: 0.2107, acc: 0.9319
> val_acc: 0.7937, val_f1: 0.6748
>>>>>>>>>>>>>>>>>>>>>>>>>>>>>>>>>>>>>>>>>>>>>>>>>>>>>>>>>>>>>>>>>>>>>>>>>>>>>>>>>>>>>>>>>>>>>>>>>>>>
epoch: 27
loss: 0.2259, acc: 0.9062
loss: 0.1957, acc: 0.9375
loss: 0.2225, acc: 0.9263
loss: 0.2156, acc: 0.9326
loss: 0.2180, acc: 0.9323
loss: 0.2221, acc: 0.9300
loss: 0.2188, acc: 0.9320
loss: 0.2145, acc: 0.9335
loss: 0.2121, acc: 0.9354
loss: 0.2106, acc: 0.9375
loss: 0.2112, acc: 0.9375
loss: 0.2094, acc: 0.9386
loss: 0.2090, acc: 0.9385
loss: 0.2114, acc: 0.9361
loss: 0.2062, acc: 0.9383
loss: 0.2024, acc: 0.9391
loss: 0.2003, acc: 0.9394
loss: 0.2020, acc: 0.9400
loss: 0.2039, acc: 0.9392
loss: 0.2053, acc: 0.9369
loss: 0.2060, acc: 0.9366
loss: 0.2045, acc: 0.9378
> val_acc: 0.7902, val_f1: 0.6707
>>>>>>>>>>>>>>>>>>>>>>>>>>>>>>>>>>>>>>>>>>>>>>>>>>>>>>>>>>>>>>>>>>>>>>>>>>>>>>>>>>>>>>>>>>>>>>>>>>>>
epoch: 28
loss: 0.3444, acc: 0.8750
loss: 0.2278, acc: 0.9219
loss: 0.2215, acc: 0.9233
loss: 0.2236, acc: 0.9199
loss: 0.2217, acc: 0.9256
loss: 0.2254, acc: 0.9231
loss: 0.2165, acc: 0.9294
loss: 0.2125, acc: 0.9332
loss: 0.2061, acc: 0.9345
loss: 0.2037, acc: 0.9355
loss: 0.1976, acc: 0.9387
loss: 0.1964, acc: 0.9386
loss: 0.1984, acc: 0.9380
loss: 0.2006, acc: 0.9366
loss: 0.2044, acc: 0.9331
loss: 0.2040, acc: 0.9338
loss: 0.2038, acc: 0.9348
loss: 0.2047, acc: 0.9350
loss: 0.2071, acc: 0.9341
loss: 0.2055, acc: 0.9342
loss: 0.2056, acc: 0.9344
loss: 0.2026, acc: 0.9348
loss: 0.2013, acc: 0.9350
> val_acc: 0.7911, val_f1: 0.6663
>>>>>>>>>>>>>>>>>>>>>>>>>>>>>>>>>>>>>>>>>>>>>>>>>>>>>>>>>>>>>>>>>>>>>>>>>>>>>>>>>>>>>>>>>>>>>>>>>>>>
epoch: 29
loss: 0.1565, acc: 0.9583
loss: 0.1656, acc: 0.9336
loss: 0.1683, acc: 0.9447
loss: 0.1749, acc: 0.9444
loss: 0.1865, acc: 0.9402
loss: 0.1840, acc: 0.9397
loss: 0.1890, acc: 0.9384
loss: 0.1904, acc: 0.9383
loss: 0.1888, acc: 0.9390
loss: 0.1919, acc: 0.9382
loss: 0.1904, acc: 0.9399
loss: 0.1944, acc: 0.9375
loss: 0.1937, acc: 0.9375
loss: 0.1949, acc: 0.9366
loss: 0.1933, acc: 0.9371
loss: 0.1918, acc: 0.9375
loss: 0.1952, acc: 0.9364
loss: 0.1958, acc: 0.9364
loss: 0.1956, acc: 0.9372
loss: 0.1963, acc: 0.9375
loss: 0.1964, acc: 0.9378
loss: 0.1956, acc: 0.9372
loss: 0.1969, acc: 0.9376
> val_acc: 0.7946, val_f1: 0.6794
>> test_acc: 0.7848, test_f1: 0.6582
