cuda memory allocated: 16206336
n_trainable_params: 2726003, n_nontrainable_params: 1323600
> training arguments:
>>> model_name: gc_ian
>>> dataset: restaurant
>>> optimizer: <class 'torch.optim.adagrad.Adagrad'>
>>> initializer: <function xavier_uniform_ at 0x000001B303D97620>
>>> learning_rate: 0.01
>>> momentum: 0.95
>>> dropout: 0.5
>>> l2reg: 5e-05
>>> num_epoch: 30
>>> batch_size: 32
>>> log_step: 5
>>> embed_dim: 300
>>> hidden_dim: 300
>>> bert_dim: 768
>>> pretrained_bert_name: bert-base-uncased
>>> max_seq_len: 80
>>> polarities_dim: 3
>>> hops: 3
>>> device: cuda
>>> seed: 10
>>> valset_ratio: 0
>>> num_layers: 1
>>> in_channels: 100
>>> out_channels: 1
>>> downbot: 20
>>> kernel_size: 3
>>> glove_path: ./glove/glove.840B.300d.txt
>>> model_class: <class 'models.gc_ian.GC_IAN'>
>>> dataset_file: {'train': './datasets/semeval14/Restaurants_Train.xml.seg', 'test': './datasets/semeval14/Restaurants_Test_Gold.xml.seg'}
>>> inputs_cols: ['text_raw_indices', 'aspect_indices']
>>>>>>>>>>>>>>>>>>>>>>>>>>>>>>>>>>>>>>>>>>>>>>>>>>>>>>>>>>>>>>>>>>>>>>>>>>>>>>>>>>>>>>>>>>>>>>>>>>>>
epoch: 0
loss: 2.1930, acc: 0.4313
loss: 1.5942, acc: 0.5188
loss: 1.3962, acc: 0.5333
loss: 1.2701, acc: 0.5594
loss: 1.2042, acc: 0.5625
loss: 1.1389, acc: 0.5760
loss: 1.1146, acc: 0.5795
loss: 1.0722, acc: 0.5859
loss: 1.0413, acc: 0.5931
loss: 1.0152, acc: 0.6056
loss: 0.9944, acc: 0.6125
loss: 0.9777, acc: 0.6177
loss: 0.9541, acc: 0.6288
loss: 0.9440, acc: 0.6317
loss: 0.9340, acc: 0.6350
loss: 0.9227, acc: 0.6387
loss: 0.9124, acc: 0.6426
loss: 0.9016, acc: 0.6483
loss: 0.8951, acc: 0.6477
loss: 0.8897, acc: 0.6481
loss: 0.8802, acc: 0.6515
loss: 0.8691, acc: 0.6554
> val_acc: 0.7348, val_f1: 0.5271
>> saved: state_dict/gc_ian_restaurant_val_acc0.7348
>>>>>>>>>>>>>>>>>>>>>>>>>>>>>>>>>>>>>>>>>>>>>>>>>>>>>>>>>>>>>>>>>>>>>>>>>>>>>>>>>>>>>>>>>>>>>>>>>>>>
epoch: 1
loss: 0.5709, acc: 0.7969
loss: 0.5746, acc: 0.7634
loss: 0.5670, acc: 0.7786
loss: 0.5789, acc: 0.7739
loss: 0.5753, acc: 0.7685
loss: 0.5700, acc: 0.7731
loss: 0.5639, acc: 0.7734
loss: 0.5695, acc: 0.7753
loss: 0.5758, acc: 0.7731
loss: 0.5698, acc: 0.7793
loss: 0.5774, acc: 0.7752
loss: 0.5718, acc: 0.7774
loss: 0.5671, acc: 0.7787
loss: 0.5670, acc: 0.7785
loss: 0.5661, acc: 0.7791
loss: 0.5717, acc: 0.7764
loss: 0.5745, acc: 0.7740
loss: 0.5736, acc: 0.7730
loss: 0.5766, acc: 0.7700
loss: 0.5735, acc: 0.7722
loss: 0.5756, acc: 0.7718
loss: 0.5716, acc: 0.7734
loss: 0.5755, acc: 0.7701
> val_acc: 0.7652, val_f1: 0.6182
>> saved: state_dict/gc_ian_restaurant_val_acc0.7652
>>>>>>>>>>>>>>>>>>>>>>>>>>>>>>>>>>>>>>>>>>>>>>>>>>>>>>>>>>>>>>>>>>>>>>>>>>>>>>>>>>>>>>>>>>>>>>>>>>>>
epoch: 2
loss: 0.4405, acc: 0.8516
loss: 0.4550, acc: 0.8403
loss: 0.4536, acc: 0.8371
loss: 0.4469, acc: 0.8405
loss: 0.4499, acc: 0.8372
loss: 0.4628, acc: 0.8190
loss: 0.4585, acc: 0.8226
loss: 0.4596, acc: 0.8197
loss: 0.4642, acc: 0.8175
loss: 0.4648, acc: 0.8176
loss: 0.4662, acc: 0.8183
loss: 0.4634, acc: 0.8215
loss: 0.4702, acc: 0.8164
loss: 0.4706, acc: 0.8161
loss: 0.4731, acc: 0.8155
loss: 0.4702, acc: 0.8176
loss: 0.4763, acc: 0.8140
loss: 0.4709, acc: 0.8167
loss: 0.4690, acc: 0.8191
loss: 0.4675, acc: 0.8194
loss: 0.4697, acc: 0.8173
loss: 0.4697, acc: 0.8174
> val_acc: 0.7795, val_f1: 0.6639
>> saved: state_dict/gc_ian_restaurant_val_acc0.7795
>>>>>>>>>>>>>>>>>>>>>>>>>>>>>>>>>>>>>>>>>>>>>>>>>>>>>>>>>>>>>>>>>>>>>>>>>>>>>>>>>>>>>>>>>>>>>>>>>>>>
epoch: 3
loss: 0.4682, acc: 0.8125
loss: 0.3724, acc: 0.8646
loss: 0.3830, acc: 0.8636
loss: 0.4008, acc: 0.8516
loss: 0.3953, acc: 0.8586
loss: 0.3976, acc: 0.8606
loss: 0.3882, acc: 0.8659
loss: 0.3916, acc: 0.8602
loss: 0.3911, acc: 0.8582
loss: 0.3945, acc: 0.8546
loss: 0.4012, acc: 0.8560
loss: 0.3979, acc: 0.8583
loss: 0.3994, acc: 0.8560
loss: 0.3991, acc: 0.8565
loss: 0.4022, acc: 0.8534
loss: 0.4002, acc: 0.8553
loss: 0.3988, acc: 0.8534
loss: 0.4004, acc: 0.8521
loss: 0.4029, acc: 0.8496
loss: 0.4036, acc: 0.8496
loss: 0.4043, acc: 0.8490
loss: 0.4109, acc: 0.8449
loss: 0.4123, acc: 0.8438
> val_acc: 0.7759, val_f1: 0.6324
>>>>>>>>>>>>>>>>>>>>>>>>>>>>>>>>>>>>>>>>>>>>>>>>>>>>>>>>>>>>>>>>>>>>>>>>>>>>>>>>>>>>>>>>>>>>>>>>>>>>
epoch: 4
loss: 0.3406, acc: 0.8958
loss: 0.3650, acc: 0.8945
loss: 0.3497, acc: 0.8918
loss: 0.3602, acc: 0.8802
loss: 0.3697, acc: 0.8777
loss: 0.3656, acc: 0.8772
loss: 0.3773, acc: 0.8731
loss: 0.3763, acc: 0.8717
loss: 0.3761, acc: 0.8706
loss: 0.3729, acc: 0.8730
loss: 0.3726, acc: 0.8709
loss: 0.3698, acc: 0.8712
loss: 0.3704, acc: 0.8690
loss: 0.3650, acc: 0.8709
loss: 0.3629, acc: 0.8707
loss: 0.3602, acc: 0.8706
loss: 0.3623, acc: 0.8675
loss: 0.3616, acc: 0.8686
loss: 0.3652, acc: 0.8669
loss: 0.3626, acc: 0.8696
loss: 0.3642, acc: 0.8686
loss: 0.3695, acc: 0.8663
loss: 0.3705, acc: 0.8681
> val_acc: 0.7652, val_f1: 0.6144
>>>>>>>>>>>>>>>>>>>>>>>>>>>>>>>>>>>>>>>>>>>>>>>>>>>>>>>>>>>>>>>>>>>>>>>>>>>>>>>>>>>>>>>>>>>>>>>>>>>>
epoch: 5
loss: 0.3086, acc: 0.8875
loss: 0.2873, acc: 0.8875
loss: 0.2958, acc: 0.8875
loss: 0.3060, acc: 0.8906
loss: 0.3005, acc: 0.8950
loss: 0.3207, acc: 0.8854
loss: 0.3203, acc: 0.8839
loss: 0.3234, acc: 0.8812
loss: 0.3245, acc: 0.8812
loss: 0.3263, acc: 0.8788
loss: 0.3233, acc: 0.8818
loss: 0.3196, acc: 0.8823
loss: 0.3233, acc: 0.8808
loss: 0.3239, acc: 0.8795
loss: 0.3249, acc: 0.8800
loss: 0.3218, acc: 0.8824
loss: 0.3230, acc: 0.8820
loss: 0.3222, acc: 0.8823
loss: 0.3228, acc: 0.8809
loss: 0.3228, acc: 0.8800
loss: 0.3272, acc: 0.8780
loss: 0.3249, acc: 0.8787
> val_acc: 0.7839, val_f1: 0.6450
>> saved: state_dict/gc_ian_restaurant_val_acc0.7839
>>>>>>>>>>>>>>>>>>>>>>>>>>>>>>>>>>>>>>>>>>>>>>>>>>>>>>>>>>>>>>>>>>>>>>>>>>>>>>>>>>>>>>>>>>>>>>>>>>>>
epoch: 6
loss: 0.2418, acc: 0.9375
loss: 0.2682, acc: 0.9062
loss: 0.2575, acc: 0.9062
loss: 0.2691, acc: 0.9044
loss: 0.2587, acc: 0.9091
loss: 0.2671, acc: 0.9086
loss: 0.2726, acc: 0.9082
loss: 0.2778, acc: 0.9054
loss: 0.2878, acc: 0.8966
loss: 0.2937, acc: 0.8969
loss: 0.2962, acc: 0.8960
loss: 0.2990, acc: 0.8947
loss: 0.2938, acc: 0.8982
loss: 0.2972, acc: 0.8960
loss: 0.2977, acc: 0.8958
loss: 0.2932, acc: 0.8981
loss: 0.2926, acc: 0.8986
loss: 0.2904, acc: 0.9012
loss: 0.2898, acc: 0.9005
loss: 0.2935, acc: 0.8982
loss: 0.2951, acc: 0.8968
loss: 0.2939, acc: 0.8972
loss: 0.2930, acc: 0.8987
> val_acc: 0.7723, val_f1: 0.6180
>>>>>>>>>>>>>>>>>>>>>>>>>>>>>>>>>>>>>>>>>>>>>>>>>>>>>>>>>>>>>>>>>>>>>>>>>>>>>>>>>>>>>>>>>>>>>>>>>>>>
epoch: 7
loss: 0.2678, acc: 0.9062
loss: 0.2424, acc: 0.9132
loss: 0.2729, acc: 0.9040
loss: 0.2593, acc: 0.9046
loss: 0.2483, acc: 0.9128
loss: 0.2482, acc: 0.9116
loss: 0.2502, acc: 0.9136
loss: 0.2606, acc: 0.9111
loss: 0.2631, acc: 0.9091
loss: 0.2593, acc: 0.9107
loss: 0.2609, acc: 0.9138
loss: 0.2563, acc: 0.9179
loss: 0.2629, acc: 0.9146
loss: 0.2670, acc: 0.9121
loss: 0.2664, acc: 0.9126
loss: 0.2699, acc: 0.9102
loss: 0.2695, acc: 0.9100
loss: 0.2692, acc: 0.9105
loss: 0.2694, acc: 0.9099
loss: 0.2672, acc: 0.9100
loss: 0.2707, acc: 0.9084
loss: 0.2741, acc: 0.9065
> val_acc: 0.7750, val_f1: 0.6450
>>>>>>>>>>>>>>>>>>>>>>>>>>>>>>>>>>>>>>>>>>>>>>>>>>>>>>>>>>>>>>>>>>>>>>>>>>>>>>>>>>>>>>>>>>>>>>>>>>>>
epoch: 8
loss: 0.2239, acc: 0.8750
loss: 0.2317, acc: 0.9219
loss: 0.2452, acc: 0.9148
loss: 0.2504, acc: 0.9121
loss: 0.2465, acc: 0.9167
loss: 0.2540, acc: 0.9147
loss: 0.2558, acc: 0.9163
loss: 0.2547, acc: 0.9123
loss: 0.2538, acc: 0.9116
loss: 0.2498, acc: 0.9130
loss: 0.2480, acc: 0.9154
loss: 0.2527, acc: 0.9141
loss: 0.2481, acc: 0.9165
loss: 0.2482, acc: 0.9167
loss: 0.2470, acc: 0.9173
loss: 0.2507, acc: 0.9149
loss: 0.2485, acc: 0.9171
loss: 0.2485, acc: 0.9168
loss: 0.2509, acc: 0.9159
loss: 0.2532, acc: 0.9141
loss: 0.2555, acc: 0.9127
loss: 0.2573, acc: 0.9124
loss: 0.2544, acc: 0.9133
> val_acc: 0.7750, val_f1: 0.6265
>>>>>>>>>>>>>>>>>>>>>>>>>>>>>>>>>>>>>>>>>>>>>>>>>>>>>>>>>>>>>>>>>>>>>>>>>>>>>>>>>>>>>>>>>>>>>>>>>>>>
epoch: 9
loss: 0.2326, acc: 0.9375
loss: 0.2182, acc: 0.9297
loss: 0.2170, acc: 0.9327
loss: 0.2137, acc: 0.9358
loss: 0.2225, acc: 0.9334
loss: 0.2245, acc: 0.9308
loss: 0.2153, acc: 0.9328
loss: 0.2138, acc: 0.9334
loss: 0.2114, acc: 0.9339
loss: 0.2131, acc: 0.9323
loss: 0.2182, acc: 0.9281
loss: 0.2203, acc: 0.9278
loss: 0.2283, acc: 0.9241
loss: 0.2261, acc: 0.9251
loss: 0.2257, acc: 0.9268
loss: 0.2297, acc: 0.9267
loss: 0.2291, acc: 0.9258
loss: 0.2284, acc: 0.9265
loss: 0.2312, acc: 0.9241
loss: 0.2314, acc: 0.9241
loss: 0.2326, acc: 0.9245
loss: 0.2338, acc: 0.9242
loss: 0.2354, acc: 0.9232
> val_acc: 0.7705, val_f1: 0.6231
>>>>>>>>>>>>>>>>>>>>>>>>>>>>>>>>>>>>>>>>>>>>>>>>>>>>>>>>>>>>>>>>>>>>>>>>>>>>>>>>>>>>>>>>>>>>>>>>>>>>
epoch: 10
loss: 0.2069, acc: 0.9500
loss: 0.1846, acc: 0.9594
loss: 0.1824, acc: 0.9563
loss: 0.1941, acc: 0.9469
loss: 0.1933, acc: 0.9463
loss: 0.1987, acc: 0.9406
loss: 0.2021, acc: 0.9393
loss: 0.2119, acc: 0.9344
loss: 0.2095, acc: 0.9368
loss: 0.2098, acc: 0.9363
loss: 0.2132, acc: 0.9358
loss: 0.2122, acc: 0.9344
loss: 0.2172, acc: 0.9317
loss: 0.2171, acc: 0.9313
loss: 0.2187, acc: 0.9304
loss: 0.2175, acc: 0.9301
loss: 0.2178, acc: 0.9301
loss: 0.2213, acc: 0.9299
loss: 0.2230, acc: 0.9280
loss: 0.2240, acc: 0.9269
loss: 0.2215, acc: 0.9286
loss: 0.2199, acc: 0.9293
> val_acc: 0.7714, val_f1: 0.6253
>>>>>>>>>>>>>>>>>>>>>>>>>>>>>>>>>>>>>>>>>>>>>>>>>>>>>>>>>>>>>>>>>>>>>>>>>>>>>>>>>>>>>>>>>>>>>>>>>>>>
epoch: 11
loss: 0.1744, acc: 0.9531
loss: 0.2251, acc: 0.9241
loss: 0.2204, acc: 0.9089
loss: 0.2139, acc: 0.9228
loss: 0.2031, acc: 0.9290
loss: 0.2048, acc: 0.9294
loss: 0.2069, acc: 0.9287
loss: 0.2088, acc: 0.9291
loss: 0.2062, acc: 0.9323
loss: 0.2105, acc: 0.9302
loss: 0.2050, acc: 0.9327
loss: 0.2018, acc: 0.9348
loss: 0.2002, acc: 0.9355
loss: 0.2016, acc: 0.9356
loss: 0.2021, acc: 0.9340
loss: 0.2007, acc: 0.9359
loss: 0.2007, acc: 0.9360
loss: 0.2029, acc: 0.9350
loss: 0.2042, acc: 0.9341
loss: 0.2068, acc: 0.9314
loss: 0.2047, acc: 0.9329
loss: 0.2067, acc: 0.9311
loss: 0.2058, acc: 0.9314
> val_acc: 0.7786, val_f1: 0.6363
>>>>>>>>>>>>>>>>>>>>>>>>>>>>>>>>>>>>>>>>>>>>>>>>>>>>>>>>>>>>>>>>>>>>>>>>>>>>>>>>>>>>>>>>>>>>>>>>>>>>
epoch: 12
loss: 0.1666, acc: 0.9688
loss: 0.1574, acc: 0.9618
loss: 0.1649, acc: 0.9621
loss: 0.1759, acc: 0.9490
loss: 0.1797, acc: 0.9466
loss: 0.1802, acc: 0.9440
loss: 0.1788, acc: 0.9449
loss: 0.1802, acc: 0.9431
loss: 0.1824, acc: 0.9432
loss: 0.1859, acc: 0.9413
loss: 0.1882, acc: 0.9392
loss: 0.1862, acc: 0.9391
loss: 0.1905, acc: 0.9355
loss: 0.1895, acc: 0.9352
loss: 0.1871, acc: 0.9362
loss: 0.1873, acc: 0.9359
loss: 0.1901, acc: 0.9345
loss: 0.1918, acc: 0.9340
loss: 0.1982, acc: 0.9315
loss: 0.1976, acc: 0.9321
loss: 0.1959, acc: 0.9324
loss: 0.1954, acc: 0.9332
> val_acc: 0.7705, val_f1: 0.6189
>>>>>>>>>>>>>>>>>>>>>>>>>>>>>>>>>>>>>>>>>>>>>>>>>>>>>>>>>>>>>>>>>>>>>>>>>>>>>>>>>>>>>>>>>>>>>>>>>>>>
epoch: 13
loss: 0.2002, acc: 0.9062
loss: 0.1594, acc: 0.9323
loss: 0.1624, acc: 0.9375
loss: 0.1692, acc: 0.9355
loss: 0.1779, acc: 0.9360
loss: 0.1797, acc: 0.9339
loss: 0.1837, acc: 0.9345
loss: 0.1838, acc: 0.9332
loss: 0.1796, acc: 0.9383
loss: 0.1796, acc: 0.9395
loss: 0.1849, acc: 0.9357
loss: 0.1846, acc: 0.9358
loss: 0.1846, acc: 0.9360
loss: 0.1880, acc: 0.9351
loss: 0.1912, acc: 0.9335
loss: 0.1914, acc: 0.9338
loss: 0.1933, acc: 0.9317
loss: 0.1922, acc: 0.9324
loss: 0.1934, acc: 0.9320
loss: 0.1902, acc: 0.9333
loss: 0.1913, acc: 0.9338
loss: 0.1924, acc: 0.9331
loss: 0.1927, acc: 0.9330
> val_acc: 0.7696, val_f1: 0.6245
>>>>>>>>>>>>>>>>>>>>>>>>>>>>>>>>>>>>>>>>>>>>>>>>>>>>>>>>>>>>>>>>>>>>>>>>>>>>>>>>>>>>>>>>>>>>>>>>>>>>
epoch: 14
loss: 0.1107, acc: 0.9792
loss: 0.1220, acc: 0.9688
loss: 0.1394, acc: 0.9591
loss: 0.1602, acc: 0.9549
loss: 0.1581, acc: 0.9579
loss: 0.1585, acc: 0.9587
loss: 0.1568, acc: 0.9574
loss: 0.1550, acc: 0.9581
loss: 0.1556, acc: 0.9578
loss: 0.1588, acc: 0.9551
loss: 0.1593, acc: 0.9528
loss: 0.1595, acc: 0.9542
loss: 0.1623, acc: 0.9529
loss: 0.1663, acc: 0.9504
loss: 0.1632, acc: 0.9521
loss: 0.1658, acc: 0.9511
loss: 0.1661, acc: 0.9499
loss: 0.1661, acc: 0.9492
loss: 0.1659, acc: 0.9489
loss: 0.1657, acc: 0.9499
loss: 0.1656, acc: 0.9496
loss: 0.1681, acc: 0.9491
loss: 0.1675, acc: 0.9496
> val_acc: 0.7625, val_f1: 0.6034
>>>>>>>>>>>>>>>>>>>>>>>>>>>>>>>>>>>>>>>>>>>>>>>>>>>>>>>>>>>>>>>>>>>>>>>>>>>>>>>>>>>>>>>>>>>>>>>>>>>>
epoch: 15
loss: 0.1339, acc: 0.9750
loss: 0.1337, acc: 0.9656
loss: 0.1435, acc: 0.9625
loss: 0.1324, acc: 0.9672
loss: 0.1438, acc: 0.9637
loss: 0.1477, acc: 0.9594
loss: 0.1445, acc: 0.9616
loss: 0.1492, acc: 0.9602
loss: 0.1448, acc: 0.9611
loss: 0.1492, acc: 0.9587
loss: 0.1517, acc: 0.9568
loss: 0.1536, acc: 0.9573
loss: 0.1523, acc: 0.9591
loss: 0.1543, acc: 0.9580
loss: 0.1554, acc: 0.9567
loss: 0.1584, acc: 0.9543
loss: 0.1583, acc: 0.9540
loss: 0.1582, acc: 0.9531
loss: 0.1586, acc: 0.9530
loss: 0.1602, acc: 0.9525
loss: 0.1612, acc: 0.9521
loss: 0.1641, acc: 0.9494
> val_acc: 0.7750, val_f1: 0.6400
>>>>>>>>>>>>>>>>>>>>>>>>>>>>>>>>>>>>>>>>>>>>>>>>>>>>>>>>>>>>>>>>>>>>>>>>>>>>>>>>>>>>>>>>>>>>>>>>>>>>
epoch: 16
loss: 0.1446, acc: 0.9688
loss: 0.1725, acc: 0.9464
loss: 0.1770, acc: 0.9427
loss: 0.1725, acc: 0.9393
loss: 0.1664, acc: 0.9418
loss: 0.1641, acc: 0.9456
loss: 0.1623, acc: 0.9492
loss: 0.1559, acc: 0.9527
loss: 0.1583, acc: 0.9501
loss: 0.1593, acc: 0.9488
loss: 0.1589, acc: 0.9483
loss: 0.1610, acc: 0.9485
loss: 0.1601, acc: 0.9481
loss: 0.1617, acc: 0.9468
loss: 0.1604, acc: 0.9488
loss: 0.1578, acc: 0.9493
loss: 0.1576, acc: 0.9489
loss: 0.1625, acc: 0.9476
loss: 0.1646, acc: 0.9477
loss: 0.1638, acc: 0.9485
loss: 0.1646, acc: 0.9479
loss: 0.1645, acc: 0.9483
loss: 0.1666, acc: 0.9464
> val_acc: 0.7795, val_f1: 0.6518
>>>>>>>>>>>>>>>>>>>>>>>>>>>>>>>>>>>>>>>>>>>>>>>>>>>>>>>>>>>>>>>>>>>>>>>>>>>>>>>>>>>>>>>>>>>>>>>>>>>>
epoch: 17
loss: 0.1286, acc: 0.9688
loss: 0.1554, acc: 0.9583
loss: 0.1525, acc: 0.9598
loss: 0.1525, acc: 0.9589
loss: 0.1562, acc: 0.9570
loss: 0.1527, acc: 0.9591
loss: 0.1496, acc: 0.9577
loss: 0.1478, acc: 0.9583
loss: 0.1446, acc: 0.9581
loss: 0.1418, acc: 0.9592
loss: 0.1402, acc: 0.9595
loss: 0.1434, acc: 0.9582
loss: 0.1447, acc: 0.9580
loss: 0.1457, acc: 0.9574
loss: 0.1452, acc: 0.9582
loss: 0.1483, acc: 0.9569
loss: 0.1486, acc: 0.9565
loss: 0.1497, acc: 0.9561
loss: 0.1492, acc: 0.9564
loss: 0.1498, acc: 0.9555
loss: 0.1506, acc: 0.9549
loss: 0.1512, acc: 0.9544
> val_acc: 0.7768, val_f1: 0.6505
>>>>>>>>>>>>>>>>>>>>>>>>>>>>>>>>>>>>>>>>>>>>>>>>>>>>>>>>>>>>>>>>>>>>>>>>>>>>>>>>>>>>>>>>>>>>>>>>>>>>
epoch: 18
loss: 0.2082, acc: 0.9062
loss: 0.1380, acc: 0.9583
loss: 0.1494, acc: 0.9517
loss: 0.1546, acc: 0.9473
loss: 0.1540, acc: 0.9524
loss: 0.1493, acc: 0.9579
loss: 0.1441, acc: 0.9607
loss: 0.1392, acc: 0.9627
loss: 0.1429, acc: 0.9611
loss: 0.1404, acc: 0.9633
loss: 0.1425, acc: 0.9614
loss: 0.1423, acc: 0.9598
loss: 0.1426, acc: 0.9585
loss: 0.1430, acc: 0.9583
loss: 0.1454, acc: 0.9569
loss: 0.1441, acc: 0.9572
loss: 0.1445, acc: 0.9579
loss: 0.1450, acc: 0.9586
loss: 0.1442, acc: 0.9588
loss: 0.1454, acc: 0.9574
loss: 0.1457, acc: 0.9570
loss: 0.1453, acc: 0.9570
loss: 0.1453, acc: 0.9569
> val_acc: 0.7723, val_f1: 0.6277
>>>>>>>>>>>>>>>>>>>>>>>>>>>>>>>>>>>>>>>>>>>>>>>>>>>>>>>>>>>>>>>>>>>>>>>>>>>>>>>>>>>>>>>>>>>>>>>>>>>>
epoch: 19
loss: 0.0872, acc: 0.9896
loss: 0.0930, acc: 0.9766
loss: 0.1336, acc: 0.9639
loss: 0.1294, acc: 0.9618
loss: 0.1322, acc: 0.9606
loss: 0.1324, acc: 0.9632
loss: 0.1260, acc: 0.9631
loss: 0.1277, acc: 0.9622
loss: 0.1293, acc: 0.9600
loss: 0.1284, acc: 0.9596
loss: 0.1330, acc: 0.9587
loss: 0.1364, acc: 0.9569
loss: 0.1360, acc: 0.9573
loss: 0.1369, acc: 0.9573
loss: 0.1369, acc: 0.9572
loss: 0.1357, acc: 0.9579
loss: 0.1361, acc: 0.9586
loss: 0.1377, acc: 0.9570
loss: 0.1407, acc: 0.9560
loss: 0.1414, acc: 0.9563
loss: 0.1417, acc: 0.9563
loss: 0.1412, acc: 0.9572
loss: 0.1446, acc: 0.9557
> val_acc: 0.7714, val_f1: 0.6325
>>>>>>>>>>>>>>>>>>>>>>>>>>>>>>>>>>>>>>>>>>>>>>>>>>>>>>>>>>>>>>>>>>>>>>>>>>>>>>>>>>>>>>>>>>>>>>>>>>>>
epoch: 20
loss: 0.1351, acc: 0.9688
loss: 0.1321, acc: 0.9625
loss: 0.1285, acc: 0.9625
loss: 0.1193, acc: 0.9688
loss: 0.1184, acc: 0.9700
loss: 0.1177, acc: 0.9698
loss: 0.1195, acc: 0.9670
loss: 0.1276, acc: 0.9633
loss: 0.1325, acc: 0.9590
loss: 0.1368, acc: 0.9581
loss: 0.1383, acc: 0.9563
loss: 0.1355, acc: 0.9578
loss: 0.1386, acc: 0.9553
loss: 0.1395, acc: 0.9558
loss: 0.1409, acc: 0.9563
loss: 0.1406, acc: 0.9563
loss: 0.1400, acc: 0.9566
loss: 0.1395, acc: 0.9566
loss: 0.1384, acc: 0.9566
loss: 0.1401, acc: 0.9556
loss: 0.1399, acc: 0.9551
loss: 0.1393, acc: 0.9557
> val_acc: 0.7705, val_f1: 0.6245
>>>>>>>>>>>>>>>>>>>>>>>>>>>>>>>>>>>>>>>>>>>>>>>>>>>>>>>>>>>>>>>>>>>>>>>>>>>>>>>>>>>>>>>>>>>>>>>>>>>>
epoch: 21
loss: 0.2008, acc: 0.9219
loss: 0.1256, acc: 0.9643
loss: 0.1356, acc: 0.9609
loss: 0.1284, acc: 0.9669
loss: 0.1342, acc: 0.9616
loss: 0.1343, acc: 0.9630
loss: 0.1315, acc: 0.9648
loss: 0.1312, acc: 0.9645
loss: 0.1359, acc: 0.9621
loss: 0.1359, acc: 0.9608
loss: 0.1350, acc: 0.9609
loss: 0.1323, acc: 0.9616
loss: 0.1345, acc: 0.9612
loss: 0.1360, acc: 0.9608
loss: 0.1365, acc: 0.9601
loss: 0.1346, acc: 0.9606
loss: 0.1355, acc: 0.9600
loss: 0.1356, acc: 0.9591
loss: 0.1346, acc: 0.9596
loss: 0.1366, acc: 0.9581
loss: 0.1353, acc: 0.9586
loss: 0.1350, acc: 0.9585
loss: 0.1342, acc: 0.9581
> val_acc: 0.7759, val_f1: 0.6375
>>>>>>>>>>>>>>>>>>>>>>>>>>>>>>>>>>>>>>>>>>>>>>>>>>>>>>>>>>>>>>>>>>>>>>>>>>>>>>>>>>>>>>>>>>>>>>>>>>>>
epoch: 22
loss: 0.1249, acc: 0.9766
loss: 0.1166, acc: 0.9722
loss: 0.1263, acc: 0.9643
loss: 0.1204, acc: 0.9671
loss: 0.1207, acc: 0.9661
loss: 0.1188, acc: 0.9688
loss: 0.1196, acc: 0.9669
loss: 0.1215, acc: 0.9647
loss: 0.1211, acc: 0.9659
loss: 0.1198, acc: 0.9656
loss: 0.1203, acc: 0.9670
loss: 0.1235, acc: 0.9640
loss: 0.1232, acc: 0.9648
loss: 0.1226, acc: 0.9656
loss: 0.1230, acc: 0.9658
loss: 0.1241, acc: 0.9648
loss: 0.1235, acc: 0.9643
loss: 0.1232, acc: 0.9652
loss: 0.1239, acc: 0.9648
loss: 0.1237, acc: 0.9646
loss: 0.1230, acc: 0.9651
loss: 0.1226, acc: 0.9662
> val_acc: 0.7705, val_f1: 0.6326
>>>>>>>>>>>>>>>>>>>>>>>>>>>>>>>>>>>>>>>>>>>>>>>>>>>>>>>>>>>>>>>>>>>>>>>>>>>>>>>>>>>>>>>>>>>>>>>>>>>>
epoch: 23
loss: 0.0743, acc: 1.0000
loss: 0.1289, acc: 0.9635
loss: 0.1234, acc: 0.9631
loss: 0.1119, acc: 0.9688
loss: 0.1121, acc: 0.9673
loss: 0.1086, acc: 0.9700
loss: 0.1153, acc: 0.9647
loss: 0.1152, acc: 0.9653
loss: 0.1165, acc: 0.9634
loss: 0.1155, acc: 0.9633
loss: 0.1192, acc: 0.9602
loss: 0.1190, acc: 0.9626
loss: 0.1167, acc: 0.9641
loss: 0.1172, acc: 0.9650
loss: 0.1199, acc: 0.9630
loss: 0.1202, acc: 0.9634
loss: 0.1235, acc: 0.9622
loss: 0.1227, acc: 0.9626
loss: 0.1236, acc: 0.9626
loss: 0.1232, acc: 0.9629
loss: 0.1257, acc: 0.9613
loss: 0.1251, acc: 0.9611
loss: 0.1259, acc: 0.9606
> val_acc: 0.7634, val_f1: 0.6015
>>>>>>>>>>>>>>>>>>>>>>>>>>>>>>>>>>>>>>>>>>>>>>>>>>>>>>>>>>>>>>>>>>>>>>>>>>>>>>>>>>>>>>>>>>>>>>>>>>>>
epoch: 24
loss: 0.0679, acc: 0.9896
loss: 0.0909, acc: 0.9766
loss: 0.0941, acc: 0.9784
loss: 0.1087, acc: 0.9722
loss: 0.1095, acc: 0.9715
loss: 0.1150, acc: 0.9699
loss: 0.1170, acc: 0.9669
loss: 0.1116, acc: 0.9696
loss: 0.1117, acc: 0.9702
loss: 0.1126, acc: 0.9674
loss: 0.1121, acc: 0.9670
loss: 0.1108, acc: 0.9677
loss: 0.1114, acc: 0.9673
loss: 0.1106, acc: 0.9678
loss: 0.1140, acc: 0.9675
loss: 0.1152, acc: 0.9667
loss: 0.1163, acc: 0.9661
loss: 0.1180, acc: 0.9648
loss: 0.1161, acc: 0.9661
loss: 0.1167, acc: 0.9656
loss: 0.1159, acc: 0.9663
loss: 0.1176, acc: 0.9650
loss: 0.1177, acc: 0.9654
> val_acc: 0.7696, val_f1: 0.6280
>>>>>>>>>>>>>>>>>>>>>>>>>>>>>>>>>>>>>>>>>>>>>>>>>>>>>>>>>>>>>>>>>>>>>>>>>>>>>>>>>>>>>>>>>>>>>>>>>>>>
epoch: 25
loss: 0.1353, acc: 0.9563
loss: 0.1285, acc: 0.9656
loss: 0.1244, acc: 0.9604
loss: 0.1221, acc: 0.9594
loss: 0.1204, acc: 0.9600
loss: 0.1209, acc: 0.9604
loss: 0.1188, acc: 0.9616
loss: 0.1193, acc: 0.9625
loss: 0.1194, acc: 0.9618
loss: 0.1204, acc: 0.9606
loss: 0.1197, acc: 0.9619
loss: 0.1204, acc: 0.9615
loss: 0.1199, acc: 0.9620
loss: 0.1174, acc: 0.9621
loss: 0.1188, acc: 0.9617
loss: 0.1197, acc: 0.9617
loss: 0.1188, acc: 0.9621
loss: 0.1212, acc: 0.9615
loss: 0.1197, acc: 0.9622
loss: 0.1211, acc: 0.9616
loss: 0.1202, acc: 0.9622
loss: 0.1196, acc: 0.9631
> val_acc: 0.7643, val_f1: 0.6149
>>>>>>>>>>>>>>>>>>>>>>>>>>>>>>>>>>>>>>>>>>>>>>>>>>>>>>>>>>>>>>>>>>>>>>>>>>>>>>>>>>>>>>>>>>>>>>>>>>>>
epoch: 26
loss: 0.0953, acc: 0.9688
loss: 0.0881, acc: 0.9777
loss: 0.0899, acc: 0.9688
loss: 0.0932, acc: 0.9743
loss: 0.0897, acc: 0.9759
loss: 0.0942, acc: 0.9722
loss: 0.0966, acc: 0.9707
loss: 0.0941, acc: 0.9738
loss: 0.0915, acc: 0.9747
loss: 0.0940, acc: 0.9734
loss: 0.0951, acc: 0.9730
loss: 0.0967, acc: 0.9715
loss: 0.0990, acc: 0.9713
loss: 0.1053, acc: 0.9688
loss: 0.1053, acc: 0.9696
loss: 0.1065, acc: 0.9688
loss: 0.1084, acc: 0.9680
loss: 0.1077, acc: 0.9688
loss: 0.1094, acc: 0.9677
loss: 0.1098, acc: 0.9675
loss: 0.1115, acc: 0.9669
loss: 0.1138, acc: 0.9661
loss: 0.1158, acc: 0.9657
> val_acc: 0.7625, val_f1: 0.6133
>>>>>>>>>>>>>>>>>>>>>>>>>>>>>>>>>>>>>>>>>>>>>>>>>>>>>>>>>>>>>>>>>>>>>>>>>>>>>>>>>>>>>>>>>>>>>>>>>>>>
epoch: 27
loss: 0.1392, acc: 0.9375
loss: 0.1131, acc: 0.9653
loss: 0.1034, acc: 0.9710
loss: 0.0975, acc: 0.9720
loss: 0.0977, acc: 0.9740
loss: 0.0974, acc: 0.9731
loss: 0.0951, acc: 0.9724
loss: 0.0941, acc: 0.9744
loss: 0.0968, acc: 0.9730
loss: 0.0996, acc: 0.9726
loss: 0.1000, acc: 0.9734
loss: 0.1001, acc: 0.9725
loss: 0.1004, acc: 0.9722
loss: 0.1017, acc: 0.9715
loss: 0.1017, acc: 0.9717
loss: 0.1015, acc: 0.9723
loss: 0.1007, acc: 0.9725
loss: 0.1037, acc: 0.9716
loss: 0.1044, acc: 0.9711
loss: 0.1061, acc: 0.9703
loss: 0.1068, acc: 0.9703
loss: 0.1075, acc: 0.9696
> val_acc: 0.7732, val_f1: 0.6302
>>>>>>>>>>>>>>>>>>>>>>>>>>>>>>>>>>>>>>>>>>>>>>>>>>>>>>>>>>>>>>>>>>>>>>>>>>>>>>>>>>>>>>>>>>>>>>>>>>>>
epoch: 28
loss: 0.0883, acc: 0.9688
loss: 0.0829, acc: 0.9896
loss: 0.0944, acc: 0.9830
loss: 0.0925, acc: 0.9844
loss: 0.0907, acc: 0.9821
loss: 0.0923, acc: 0.9808
loss: 0.0916, acc: 0.9819
loss: 0.0907, acc: 0.9826
loss: 0.0883, acc: 0.9825
loss: 0.0919, acc: 0.9796
loss: 0.0943, acc: 0.9786
loss: 0.0957, acc: 0.9771
loss: 0.0971, acc: 0.9759
loss: 0.0982, acc: 0.9754
loss: 0.1005, acc: 0.9745
loss: 0.1003, acc: 0.9745
loss: 0.1002, acc: 0.9749
loss: 0.1016, acc: 0.9746
loss: 0.0997, acc: 0.9753
loss: 0.1012, acc: 0.9746
loss: 0.1034, acc: 0.9737
loss: 0.1043, acc: 0.9732
loss: 0.1053, acc: 0.9730
> val_acc: 0.7652, val_f1: 0.6241
>>>>>>>>>>>>>>>>>>>>>>>>>>>>>>>>>>>>>>>>>>>>>>>>>>>>>>>>>>>>>>>>>>>>>>>>>>>>>>>>>>>>>>>>>>>>>>>>>>>>
epoch: 29
loss: 0.1016, acc: 0.9688
loss: 0.0981, acc: 0.9648
loss: 0.0972, acc: 0.9712
loss: 0.1032, acc: 0.9722
loss: 0.1026, acc: 0.9728
loss: 0.1027, acc: 0.9721
loss: 0.1035, acc: 0.9706
loss: 0.1059, acc: 0.9704
loss: 0.1079, acc: 0.9680
loss: 0.1062, acc: 0.9681
loss: 0.1047, acc: 0.9699
loss: 0.1007, acc: 0.9720
loss: 0.0991, acc: 0.9727
loss: 0.0988, acc: 0.9738
loss: 0.0985, acc: 0.9747
loss: 0.1017, acc: 0.9724
loss: 0.0996, acc: 0.9729
loss: 0.1013, acc: 0.9719
loss: 0.1002, acc: 0.9728
loss: 0.1028, acc: 0.9713
loss: 0.1029, acc: 0.9718
loss: 0.1030, acc: 0.9714
loss: 0.1039, acc: 0.9706
> val_acc: 0.7705, val_f1: 0.6243
>> test_acc: 0.7839, test_f1: 0.6450
