cuda memory allocated: 8456192
n_trainable_params: 1766003, n_nontrainable_params: 346100
> training arguments:
>>> model_name: gc_ian
>>> dataset: laptop
>>> optimizer: <class 'torch.optim.adagrad.Adagrad'>
>>> initializer: <function xavier_uniform_ at 0x0000019E027476A8>
>>> learning_rate: 0.01
>>> momentum: 0.95
>>> dropout: 0.5
>>> l2reg: 5e-05
>>> num_epoch: 30
>>> batch_size: 32
>>> log_step: 5
>>> embed_dim: 100
>>> hidden_dim: 300
>>> bert_dim: 768
>>> pretrained_bert_name: bert-base-uncased
>>> embeddings: d
>>> max_seq_len: 80
>>> polarities_dim: 3
>>> hops: 3
>>> device: cuda
>>> seed: 10
>>> valset_ratio: 0
>>> num_layers: 1
>>> in_channels: 100
>>> out_channels: 1
>>> downbot: 20
>>> kernel_size: 3
>>> glove_path: ./embeddings/glove.840B.300d.txt
>>> embedding_matrix_path: gen_data/embeddings/100_laptop_domain_embedding_matrix.dat
>>> model_class: <class 'models.gc_ian.GC_IAN'>
>>> dataset_file: {'train': './datasets/semeval14/Laptops_Train.xml.seg', 'test': './datasets/semeval14/Laptops_Test_Gold.xml.seg'}
>>> inputs_cols: ['text_raw_indices', 'aspect_indices']
>>>>>>>>>>>>>>>>>>>>>>>>>>>>>>>>>>>>>>>>>>>>>>>>>>>>>>>>>>>>>>>>>>>>>>>>>>>>>>>>>>>>>>>>>>>>>>>>>>>>
epoch: 0
loss: 1.1734, acc: 0.3937
loss: 1.0799, acc: 0.4781
loss: 1.0190, acc: 0.5333
loss: 0.9904, acc: 0.5484
loss: 0.9641, acc: 0.5713
loss: 0.9309, acc: 0.5875
loss: 0.9150, acc: 0.5973
loss: 0.9010, acc: 0.6008
loss: 0.8856, acc: 0.6042
loss: 0.8769, acc: 0.6075
loss: 0.8663, acc: 0.6102
loss: 0.8518, acc: 0.6182
loss: 0.8495, acc: 0.6192
loss: 0.8393, acc: 0.6232
> val_acc: 0.6458, val_f1: 0.5451
>> saved: state_dict/gc_ian_laptop_val_acc0.6458
>>>>>>>>>>>>>>>>>>>>>>>>>>>>>>>>>>>>>>>>>>>>>>>>>>>>>>>>>>>>>>>>>>>>>>>>>>>>>>>>>>>>>>>>>>>>>>>>>>>>
epoch: 1
loss: 0.6107, acc: 0.7656
loss: 0.6492, acc: 0.7500
loss: 0.6200, acc: 0.7630
loss: 0.5807, acc: 0.7831
loss: 0.6014, acc: 0.7599
loss: 0.5998, acc: 0.7616
loss: 0.6133, acc: 0.7510
loss: 0.6171, acc: 0.7508
loss: 0.6120, acc: 0.7530
loss: 0.6064, acc: 0.7560
loss: 0.6092, acc: 0.7524
loss: 0.6083, acc: 0.7555
loss: 0.6070, acc: 0.7555
loss: 0.6065, acc: 0.7579
loss: 0.6056, acc: 0.7595
> val_acc: 0.6959, val_f1: 0.6361
>> saved: state_dict/gc_ian_laptop_val_acc0.6959
>>>>>>>>>>>>>>>>>>>>>>>>>>>>>>>>>>>>>>>>>>>>>>>>>>>>>>>>>>>>>>>>>>>>>>>>>>>>>>>>>>>>>>>>>>>>>>>>>>>>
epoch: 2
loss: 0.5280, acc: 0.7734
loss: 0.5117, acc: 0.7986
loss: 0.5097, acc: 0.8080
loss: 0.5052, acc: 0.8059
loss: 0.5013, acc: 0.8021
loss: 0.4943, acc: 0.8103
loss: 0.5036, acc: 0.8061
loss: 0.5015, acc: 0.8061
loss: 0.5069, acc: 0.8061
loss: 0.5038, acc: 0.8068
loss: 0.5043, acc: 0.8061
loss: 0.4968, acc: 0.8109
loss: 0.4972, acc: 0.8130
loss: 0.4975, acc: 0.8143
> val_acc: 0.6834, val_f1: 0.5838
>>>>>>>>>>>>>>>>>>>>>>>>>>>>>>>>>>>>>>>>>>>>>>>>>>>>>>>>>>>>>>>>>>>>>>>>>>>>>>>>>>>>>>>>>>>>>>>>>>>>
epoch: 3
loss: 0.3611, acc: 0.8750
loss: 0.3952, acc: 0.8594
loss: 0.4134, acc: 0.8580
loss: 0.4137, acc: 0.8594
loss: 0.4165, acc: 0.8557
loss: 0.4108, acc: 0.8570
loss: 0.4167, acc: 0.8528
loss: 0.4214, acc: 0.8498
loss: 0.4258, acc: 0.8491
loss: 0.4325, acc: 0.8471
loss: 0.4323, acc: 0.8462
loss: 0.4308, acc: 0.8493
loss: 0.4287, acc: 0.8499
loss: 0.4253, acc: 0.8504
loss: 0.4323, acc: 0.8464
> val_acc: 0.7053, val_f1: 0.6183
>> saved: state_dict/gc_ian_laptop_val_acc0.7053
>>>>>>>>>>>>>>>>>>>>>>>>>>>>>>>>>>>>>>>>>>>>>>>>>>>>>>>>>>>>>>>>>>>>>>>>>>>>>>>>>>>>>>>>>>>>>>>>>>>>
epoch: 4
loss: 0.3279, acc: 0.9167
loss: 0.3758, acc: 0.8750
loss: 0.3701, acc: 0.8822
loss: 0.3551, acc: 0.8889
loss: 0.3630, acc: 0.8804
loss: 0.3733, acc: 0.8705
loss: 0.3674, acc: 0.8722
loss: 0.3664, acc: 0.8684
loss: 0.3695, acc: 0.8699
loss: 0.3737, acc: 0.8678
loss: 0.3820, acc: 0.8597
loss: 0.3858, acc: 0.8572
loss: 0.3865, acc: 0.8576
loss: 0.3849, acc: 0.8612
loss: 0.3869, acc: 0.8617
> val_acc: 0.7053, val_f1: 0.6153
>>>>>>>>>>>>>>>>>>>>>>>>>>>>>>>>>>>>>>>>>>>>>>>>>>>>>>>>>>>>>>>>>>>>>>>>>>>>>>>>>>>>>>>>>>>>>>>>>>>>
epoch: 5
loss: 0.2867, acc: 0.9250
loss: 0.3174, acc: 0.8969
loss: 0.3092, acc: 0.9042
loss: 0.3155, acc: 0.8969
loss: 0.3286, acc: 0.8900
loss: 0.3272, acc: 0.8938
loss: 0.3332, acc: 0.8866
loss: 0.3380, acc: 0.8828
loss: 0.3443, acc: 0.8785
loss: 0.3492, acc: 0.8769
loss: 0.3470, acc: 0.8784
loss: 0.3504, acc: 0.8750
loss: 0.3511, acc: 0.8750
loss: 0.3453, acc: 0.8768
> val_acc: 0.7132, val_f1: 0.6511
>> saved: state_dict/gc_ian_laptop_val_acc0.7132
>>>>>>>>>>>>>>>>>>>>>>>>>>>>>>>>>>>>>>>>>>>>>>>>>>>>>>>>>>>>>>>>>>>>>>>>>>>>>>>>>>>>>>>>>>>>>>>>>>>>
epoch: 6
loss: 0.4137, acc: 0.8750
loss: 0.3382, acc: 0.9018
loss: 0.3286, acc: 0.9089
loss: 0.3184, acc: 0.9026
loss: 0.3176, acc: 0.9006
loss: 0.3172, acc: 0.8981
loss: 0.3161, acc: 0.9014
loss: 0.3205, acc: 0.8961
loss: 0.3238, acc: 0.8936
loss: 0.3151, acc: 0.8996
loss: 0.3100, acc: 0.9008
loss: 0.3088, acc: 0.9013
loss: 0.3110, acc: 0.8997
loss: 0.3170, acc: 0.8955
loss: 0.3174, acc: 0.8963
> val_acc: 0.7100, val_f1: 0.6432
>>>>>>>>>>>>>>>>>>>>>>>>>>>>>>>>>>>>>>>>>>>>>>>>>>>>>>>>>>>>>>>>>>>>>>>>>>>>>>>>>>>>>>>>>>>>>>>>>>>>
epoch: 7
loss: 0.2492, acc: 0.9141
loss: 0.2798, acc: 0.9062
loss: 0.2851, acc: 0.9018
loss: 0.2788, acc: 0.9013
loss: 0.2824, acc: 0.9049
loss: 0.2806, acc: 0.9052
loss: 0.2805, acc: 0.9035
loss: 0.2821, acc: 0.9022
loss: 0.2857, acc: 0.8999
loss: 0.2910, acc: 0.8986
loss: 0.2895, acc: 0.8999
loss: 0.2878, acc: 0.9020
loss: 0.2910, acc: 0.9009
loss: 0.2923, acc: 0.8990
> val_acc: 0.6991, val_f1: 0.6144
>>>>>>>>>>>>>>>>>>>>>>>>>>>>>>>>>>>>>>>>>>>>>>>>>>>>>>>>>>>>>>>>>>>>>>>>>>>>>>>>>>>>>>>>>>>>>>>>>>>>
epoch: 8
loss: 0.2127, acc: 0.9375
loss: 0.2413, acc: 0.9167
loss: 0.2451, acc: 0.9091
loss: 0.2611, acc: 0.9062
loss: 0.2699, acc: 0.9018
loss: 0.2679, acc: 0.9075
loss: 0.2725, acc: 0.9042
loss: 0.2665, acc: 0.9080
loss: 0.2674, acc: 0.9108
loss: 0.2732, acc: 0.9056
loss: 0.2734, acc: 0.9056
loss: 0.2774, acc: 0.9040
loss: 0.2755, acc: 0.9057
loss: 0.2745, acc: 0.9058
loss: 0.2760, acc: 0.9067
> val_acc: 0.6881, val_f1: 0.5943
>>>>>>>>>>>>>>>>>>>>>>>>>>>>>>>>>>>>>>>>>>>>>>>>>>>>>>>>>>>>>>>>>>>>>>>>>>>>>>>>>>>>>>>>>>>>>>>>>>>>
epoch: 9
loss: 0.2104, acc: 0.9583
loss: 0.2303, acc: 0.9297
loss: 0.2425, acc: 0.9303
loss: 0.2426, acc: 0.9392
loss: 0.2417, acc: 0.9361
loss: 0.2381, acc: 0.9342
loss: 0.2331, acc: 0.9366
loss: 0.2358, acc: 0.9334
loss: 0.2367, acc: 0.9310
loss: 0.2387, acc: 0.9284
loss: 0.2406, acc: 0.9275
loss: 0.2438, acc: 0.9251
loss: 0.2499, acc: 0.9221
loss: 0.2518, acc: 0.9210
loss: 0.2479, acc: 0.9235
> val_acc: 0.6975, val_f1: 0.6280
>>>>>>>>>>>>>>>>>>>>>>>>>>>>>>>>>>>>>>>>>>>>>>>>>>>>>>>>>>>>>>>>>>>>>>>>>>>>>>>>>>>>>>>>>>>>>>>>>>>>
epoch: 10
loss: 0.2314, acc: 0.9187
loss: 0.2292, acc: 0.9344
loss: 0.2362, acc: 0.9271
loss: 0.2377, acc: 0.9281
loss: 0.2353, acc: 0.9313
loss: 0.2383, acc: 0.9260
loss: 0.2399, acc: 0.9241
loss: 0.2396, acc: 0.9234
loss: 0.2360, acc: 0.9236
loss: 0.2379, acc: 0.9225
loss: 0.2381, acc: 0.9210
loss: 0.2418, acc: 0.9193
loss: 0.2449, acc: 0.9183
loss: 0.2437, acc: 0.9183
> val_acc: 0.7038, val_f1: 0.6192
>>>>>>>>>>>>>>>>>>>>>>>>>>>>>>>>>>>>>>>>>>>>>>>>>>>>>>>>>>>>>>>>>>>>>>>>>>>>>>>>>>>>>>>>>>>>>>>>>>>>
epoch: 11
loss: 0.2269, acc: 0.9062
loss: 0.2259, acc: 0.9152
loss: 0.2125, acc: 0.9323
loss: 0.2191, acc: 0.9283
loss: 0.2228, acc: 0.9290
loss: 0.2194, acc: 0.9282
loss: 0.2189, acc: 0.9307
loss: 0.2198, acc: 0.9324
loss: 0.2204, acc: 0.9330
loss: 0.2219, acc: 0.9309
loss: 0.2271, acc: 0.9273
loss: 0.2295, acc: 0.9265
loss: 0.2287, acc: 0.9264
loss: 0.2298, acc: 0.9268
loss: 0.2314, acc: 0.9249
> val_acc: 0.7006, val_f1: 0.6162
>>>>>>>>>>>>>>>>>>>>>>>>>>>>>>>>>>>>>>>>>>>>>>>>>>>>>>>>>>>>>>>>>>>>>>>>>>>>>>>>>>>>>>>>>>>>>>>>>>>>
epoch: 12
loss: 0.1721, acc: 0.9766
loss: 0.1880, acc: 0.9618
loss: 0.1770, acc: 0.9665
loss: 0.1754, acc: 0.9622
loss: 0.1936, acc: 0.9505
loss: 0.1959, acc: 0.9483
loss: 0.1983, acc: 0.9449
loss: 0.1978, acc: 0.9431
loss: 0.1975, acc: 0.9418
loss: 0.2030, acc: 0.9362
loss: 0.2036, acc: 0.9346
loss: 0.2035, acc: 0.9333
loss: 0.2044, acc: 0.9331
loss: 0.2053, acc: 0.9312
> val_acc: 0.6975, val_f1: 0.6172
>>>>>>>>>>>>>>>>>>>>>>>>>>>>>>>>>>>>>>>>>>>>>>>>>>>>>>>>>>>>>>>>>>>>>>>>>>>>>>>>>>>>>>>>>>>>>>>>>>>>
epoch: 13
loss: 0.1383, acc: 0.9375
loss: 0.1930, acc: 0.9375
loss: 0.1705, acc: 0.9574
loss: 0.1752, acc: 0.9551
loss: 0.1851, acc: 0.9449
loss: 0.1945, acc: 0.9423
loss: 0.1995, acc: 0.9385
loss: 0.1963, acc: 0.9401
loss: 0.1951, acc: 0.9413
loss: 0.1960, acc: 0.9395
loss: 0.1971, acc: 0.9400
loss: 0.1946, acc: 0.9397
loss: 0.1995, acc: 0.9385
loss: 0.1975, acc: 0.9384
loss: 0.2004, acc: 0.9366
> val_acc: 0.7006, val_f1: 0.6281
>>>>>>>>>>>>>>>>>>>>>>>>>>>>>>>>>>>>>>>>>>>>>>>>>>>>>>>>>>>>>>>>>>>>>>>>>>>>>>>>>>>>>>>>>>>>>>>>>>>>
epoch: 14
loss: 0.2749, acc: 0.9062
loss: 0.2300, acc: 0.9219
loss: 0.2103, acc: 0.9327
loss: 0.1993, acc: 0.9392
loss: 0.1923, acc: 0.9416
loss: 0.1931, acc: 0.9431
loss: 0.1940, acc: 0.9394
loss: 0.1991, acc: 0.9367
loss: 0.1985, acc: 0.9368
loss: 0.1945, acc: 0.9401
loss: 0.1940, acc: 0.9393
loss: 0.1948, acc: 0.9391
loss: 0.1962, acc: 0.9390
loss: 0.1958, acc: 0.9398
loss: 0.1993, acc: 0.9386
> val_acc: 0.6975, val_f1: 0.6166
>>>>>>>>>>>>>>>>>>>>>>>>>>>>>>>>>>>>>>>>>>>>>>>>>>>>>>>>>>>>>>>>>>>>>>>>>>>>>>>>>>>>>>>>>>>>>>>>>>>>
epoch: 15
loss: 0.2173, acc: 0.9187
loss: 0.1956, acc: 0.9281
loss: 0.1879, acc: 0.9313
loss: 0.1843, acc: 0.9313
loss: 0.1852, acc: 0.9325
loss: 0.1805, acc: 0.9375
loss: 0.1791, acc: 0.9411
loss: 0.1775, acc: 0.9414
loss: 0.1798, acc: 0.9396
loss: 0.1844, acc: 0.9381
loss: 0.1866, acc: 0.9369
loss: 0.1876, acc: 0.9365
loss: 0.1872, acc: 0.9375
loss: 0.1871, acc: 0.9375
> val_acc: 0.6975, val_f1: 0.6201
>>>>>>>>>>>>>>>>>>>>>>>>>>>>>>>>>>>>>>>>>>>>>>>>>>>>>>>>>>>>>>>>>>>>>>>>>>>>>>>>>>>>>>>>>>>>>>>>>>>>
epoch: 16
loss: 0.1876, acc: 0.9531
loss: 0.1629, acc: 0.9732
loss: 0.1587, acc: 0.9635
loss: 0.1598, acc: 0.9614
loss: 0.1721, acc: 0.9531
loss: 0.1794, acc: 0.9444
loss: 0.1777, acc: 0.9453
loss: 0.1811, acc: 0.9426
loss: 0.1787, acc: 0.9435
loss: 0.1708, acc: 0.9481
loss: 0.1723, acc: 0.9477
loss: 0.1754, acc: 0.9446
loss: 0.1770, acc: 0.9451
loss: 0.1786, acc: 0.9454
loss: 0.1798, acc: 0.9453
> val_acc: 0.6975, val_f1: 0.6167
>>>>>>>>>>>>>>>>>>>>>>>>>>>>>>>>>>>>>>>>>>>>>>>>>>>>>>>>>>>>>>>>>>>>>>>>>>>>>>>>>>>>>>>>>>>>>>>>>>>>
epoch: 17
loss: 0.2034, acc: 0.9453
loss: 0.1520, acc: 0.9618
loss: 0.1570, acc: 0.9621
loss: 0.1703, acc: 0.9572
loss: 0.1666, acc: 0.9557
loss: 0.1627, acc: 0.9580
loss: 0.1650, acc: 0.9596
loss: 0.1679, acc: 0.9575
loss: 0.1680, acc: 0.9574
loss: 0.1687, acc: 0.9547
loss: 0.1679, acc: 0.9549
loss: 0.1668, acc: 0.9529
loss: 0.1645, acc: 0.9551
loss: 0.1666, acc: 0.9547
> val_acc: 0.6959, val_f1: 0.6174
>>>>>>>>>>>>>>>>>>>>>>>>>>>>>>>>>>>>>>>>>>>>>>>>>>>>>>>>>>>>>>>>>>>>>>>>>>>>>>>>>>>>>>>>>>>>>>>>>>>>
epoch: 18
loss: 0.1533, acc: 0.9688
loss: 0.1310, acc: 0.9740
loss: 0.1310, acc: 0.9602
loss: 0.1335, acc: 0.9629
loss: 0.1471, acc: 0.9568
loss: 0.1494, acc: 0.9603
loss: 0.1522, acc: 0.9607
loss: 0.1504, acc: 0.9609
loss: 0.1552, acc: 0.9573
loss: 0.1543, acc: 0.9572
loss: 0.1522, acc: 0.9571
loss: 0.1526, acc: 0.9559
loss: 0.1547, acc: 0.9549
loss: 0.1570, acc: 0.9545
loss: 0.1560, acc: 0.9560
> val_acc: 0.6787, val_f1: 0.5813
>>>>>>>>>>>>>>>>>>>>>>>>>>>>>>>>>>>>>>>>>>>>>>>>>>>>>>>>>>>>>>>>>>>>>>>>>>>>>>>>>>>>>>>>>>>>>>>>>>>>
epoch: 19
loss: 0.1645, acc: 0.9792
loss: 0.1449, acc: 0.9688
loss: 0.1446, acc: 0.9760
loss: 0.1496, acc: 0.9705
loss: 0.1456, acc: 0.9688
loss: 0.1389, acc: 0.9721
loss: 0.1473, acc: 0.9650
loss: 0.1460, acc: 0.9655
loss: 0.1441, acc: 0.9658
loss: 0.1447, acc: 0.9655
loss: 0.1442, acc: 0.9652
loss: 0.1463, acc: 0.9617
loss: 0.1505, acc: 0.9583
loss: 0.1506, acc: 0.9586
loss: 0.1521, acc: 0.9575
> val_acc: 0.6944, val_f1: 0.6130
>>>>>>>>>>>>>>>>>>>>>>>>>>>>>>>>>>>>>>>>>>>>>>>>>>>>>>>>>>>>>>>>>>>>>>>>>>>>>>>>>>>>>>>>>>>>>>>>>>>>
epoch: 20
loss: 0.1510, acc: 0.9563
loss: 0.1575, acc: 0.9531
loss: 0.1477, acc: 0.9563
loss: 0.1463, acc: 0.9609
loss: 0.1477, acc: 0.9637
loss: 0.1458, acc: 0.9625
loss: 0.1409, acc: 0.9634
loss: 0.1456, acc: 0.9594
loss: 0.1470, acc: 0.9583
loss: 0.1446, acc: 0.9587
loss: 0.1418, acc: 0.9602
loss: 0.1414, acc: 0.9609
loss: 0.1402, acc: 0.9611
loss: 0.1411, acc: 0.9607
> val_acc: 0.6912, val_f1: 0.6099
>>>>>>>>>>>>>>>>>>>>>>>>>>>>>>>>>>>>>>>>>>>>>>>>>>>>>>>>>>>>>>>>>>>>>>>>>>>>>>>>>>>>>>>>>>>>>>>>>>>>
epoch: 21
loss: 0.1410, acc: 0.9688
loss: 0.1397, acc: 0.9554
loss: 0.1363, acc: 0.9531
loss: 0.1340, acc: 0.9577
loss: 0.1267, acc: 0.9645
loss: 0.1320, acc: 0.9653
loss: 0.1300, acc: 0.9668
loss: 0.1356, acc: 0.9645
loss: 0.1346, acc: 0.9635
loss: 0.1372, acc: 0.9614
loss: 0.1413, acc: 0.9573
loss: 0.1421, acc: 0.9567
loss: 0.1418, acc: 0.9572
loss: 0.1434, acc: 0.9571
loss: 0.1434, acc: 0.9570
> val_acc: 0.6850, val_f1: 0.5960
>>>>>>>>>>>>>>>>>>>>>>>>>>>>>>>>>>>>>>>>>>>>>>>>>>>>>>>>>>>>>>>>>>>>>>>>>>>>>>>>>>>>>>>>>>>>>>>>>>>>
epoch: 22
loss: 0.1041, acc: 0.9844
loss: 0.1085, acc: 0.9826
loss: 0.1299, acc: 0.9665
loss: 0.1387, acc: 0.9638
loss: 0.1396, acc: 0.9635
loss: 0.1419, acc: 0.9623
loss: 0.1351, acc: 0.9660
loss: 0.1374, acc: 0.9655
loss: 0.1393, acc: 0.9652
loss: 0.1379, acc: 0.9656
loss: 0.1354, acc: 0.9653
loss: 0.1352, acc: 0.9645
loss: 0.1386, acc: 0.9624
loss: 0.1406, acc: 0.9597
> val_acc: 0.6897, val_f1: 0.6085
>>>>>>>>>>>>>>>>>>>>>>>>>>>>>>>>>>>>>>>>>>>>>>>>>>>>>>>>>>>>>>>>>>>>>>>>>>>>>>>>>>>>>>>>>>>>>>>>>>>>
epoch: 23
loss: 0.2051, acc: 0.9688
loss: 0.1258, acc: 0.9740
loss: 0.1334, acc: 0.9744
loss: 0.1397, acc: 0.9648
loss: 0.1415, acc: 0.9628
loss: 0.1349, acc: 0.9651
loss: 0.1351, acc: 0.9637
loss: 0.1347, acc: 0.9635
loss: 0.1314, acc: 0.9649
loss: 0.1286, acc: 0.9660
loss: 0.1284, acc: 0.9681
loss: 0.1294, acc: 0.9665
loss: 0.1308, acc: 0.9652
loss: 0.1340, acc: 0.9635
loss: 0.1340, acc: 0.9643
> val_acc: 0.6881, val_f1: 0.6069
>>>>>>>>>>>>>>>>>>>>>>>>>>>>>>>>>>>>>>>>>>>>>>>>>>>>>>>>>>>>>>>>>>>>>>>>>>>>>>>>>>>>>>>>>>>>>>>>>>>>
epoch: 24
loss: 0.1659, acc: 0.9375
loss: 0.1499, acc: 0.9453
loss: 0.1399, acc: 0.9519
loss: 0.1398, acc: 0.9531
loss: 0.1366, acc: 0.9565
loss: 0.1393, acc: 0.9576
loss: 0.1376, acc: 0.9593
loss: 0.1340, acc: 0.9605
loss: 0.1376, acc: 0.9593
loss: 0.1420, acc: 0.9570
loss: 0.1387, acc: 0.9599
loss: 0.1397, acc: 0.9596
loss: 0.1377, acc: 0.9603
loss: 0.1378, acc: 0.9609
loss: 0.1372, acc: 0.9613
> val_acc: 0.6818, val_f1: 0.5902
>>>>>>>>>>>>>>>>>>>>>>>>>>>>>>>>>>>>>>>>>>>>>>>>>>>>>>>>>>>>>>>>>>>>>>>>>>>>>>>>>>>>>>>>>>>>>>>>>>>>
epoch: 25
loss: 0.1344, acc: 0.9688
loss: 0.1467, acc: 0.9625
loss: 0.1361, acc: 0.9604
loss: 0.1328, acc: 0.9625
loss: 0.1288, acc: 0.9650
loss: 0.1205, acc: 0.9688
loss: 0.1249, acc: 0.9661
loss: 0.1238, acc: 0.9672
loss: 0.1251, acc: 0.9653
loss: 0.1253, acc: 0.9650
loss: 0.1274, acc: 0.9642
loss: 0.1301, acc: 0.9625
loss: 0.1313, acc: 0.9615
loss: 0.1324, acc: 0.9607
> val_acc: 0.6944, val_f1: 0.6249
>>>>>>>>>>>>>>>>>>>>>>>>>>>>>>>>>>>>>>>>>>>>>>>>>>>>>>>>>>>>>>>>>>>>>>>>>>>>>>>>>>>>>>>>>>>>>>>>>>>>
epoch: 26
loss: 0.1481, acc: 0.9531
loss: 0.1426, acc: 0.9554
loss: 0.1366, acc: 0.9583
loss: 0.1236, acc: 0.9688
loss: 0.1251, acc: 0.9673
loss: 0.1229, acc: 0.9676
loss: 0.1222, acc: 0.9707
loss: 0.1213, acc: 0.9713
loss: 0.1244, acc: 0.9695
loss: 0.1212, acc: 0.9714
loss: 0.1239, acc: 0.9712
loss: 0.1222, acc: 0.9709
loss: 0.1237, acc: 0.9698
loss: 0.1247, acc: 0.9688
loss: 0.1229, acc: 0.9696
> val_acc: 0.6787, val_f1: 0.5910
>>>>>>>>>>>>>>>>>>>>>>>>>>>>>>>>>>>>>>>>>>>>>>>>>>>>>>>>>>>>>>>>>>>>>>>>>>>>>>>>>>>>>>>>>>>>>>>>>>>>
epoch: 27
loss: 0.0881, acc: 0.9922
loss: 0.1120, acc: 0.9722
loss: 0.1237, acc: 0.9688
loss: 0.1320, acc: 0.9622
loss: 0.1314, acc: 0.9622
loss: 0.1250, acc: 0.9655
loss: 0.1204, acc: 0.9669
loss: 0.1294, acc: 0.9615
loss: 0.1286, acc: 0.9616
loss: 0.1264, acc: 0.9624
loss: 0.1279, acc: 0.9618
loss: 0.1279, acc: 0.9624
loss: 0.1270, acc: 0.9629
loss: 0.1263, acc: 0.9633
> val_acc: 0.6803, val_f1: 0.5951
>>>>>>>>>>>>>>>>>>>>>>>>>>>>>>>>>>>>>>>>>>>>>>>>>>>>>>>>>>>>>>>>>>>>>>>>>>>>>>>>>>>>>>>>>>>>>>>>>>>>
epoch: 28
loss: 0.0661, acc: 0.9688
loss: 0.0869, acc: 0.9740
loss: 0.0997, acc: 0.9688
loss: 0.1059, acc: 0.9688
loss: 0.1024, acc: 0.9732
loss: 0.1096, acc: 0.9700
loss: 0.1125, acc: 0.9698
loss: 0.1152, acc: 0.9688
loss: 0.1142, acc: 0.9695
loss: 0.1128, acc: 0.9688
loss: 0.1185, acc: 0.9669
loss: 0.1194, acc: 0.9660
loss: 0.1197, acc: 0.9657
loss: 0.1192, acc: 0.9664
loss: 0.1188, acc: 0.9674
> val_acc: 0.6787, val_f1: 0.5902
>>>>>>>>>>>>>>>>>>>>>>>>>>>>>>>>>>>>>>>>>>>>>>>>>>>>>>>>>>>>>>>>>>>>>>>>>>>>>>>>>>>>>>>>>>>>>>>>>>>>
epoch: 29
loss: 0.1206, acc: 0.9479
loss: 0.1149, acc: 0.9648
loss: 0.1160, acc: 0.9639
loss: 0.1138, acc: 0.9670
loss: 0.1160, acc: 0.9660
loss: 0.1228, acc: 0.9632
loss: 0.1195, acc: 0.9640
loss: 0.1245, acc: 0.9622
loss: 0.1231, acc: 0.9637
loss: 0.1214, acc: 0.9648
loss: 0.1190, acc: 0.9676
loss: 0.1194, acc: 0.9682
loss: 0.1202, acc: 0.9688
loss: 0.1181, acc: 0.9697
loss: 0.1177, acc: 0.9699
> val_acc: 0.6803, val_f1: 0.5915
>> test_acc: 0.7132, test_f1: 0.6511
