cuda memory allocated: 14283264
n_trainable_params: 2245603, n_nontrainable_params: 1323600
> training arguments:
>>> model_name: gc_ian
>>> dataset: restaurant
>>> optimizer: <class 'torch.optim.adagrad.Adagrad'>
>>> initializer: <function xavier_uniform_ at 0x000002403B9D7620>
>>> learning_rate: 0.01
>>> momentum: 0.95
>>> dropout: 0.5
>>> l2reg: 5e-05
>>> num_epoch: 30
>>> batch_size: 32
>>> log_step: 5
>>> embed_dim: 300
>>> hidden_dim: 300
>>> bert_dim: 768
>>> pretrained_bert_name: bert-base-uncased
>>> max_seq_len: 80
>>> polarities_dim: 3
>>> hops: 3
>>> device: cuda
>>> seed: 10
>>> valset_ratio: 0
>>> num_layers: 1
>>> in_channels: 100
>>> out_channels: 1
>>> downbot: 20
>>> kernel_size: 3
>>> glove_path: ./glove/glove.840B.300d.txt
>>> model_class: <class 'models.gc_ian.GC_IAN'>
>>> dataset_file: {'train': './datasets/semeval14/Restaurants_Train.xml.seg', 'test': './datasets/semeval14/Restaurants_Test_Gold.xml.seg'}
>>> inputs_cols: ['text_raw_indices', 'aspect_indices']
>>>>>>>>>>>>>>>>>>>>>>>>>>>>>>>>>>>>>>>>>>>>>>>>>>>>>>>>>>>>>>>>>>>>>>>>>>>>>>>>>>>>>>>>>>>>>>>>>>>>
epoch: 0
loss: 1.8586, acc: 0.5062
loss: 1.5001, acc: 0.5062
loss: 1.3176, acc: 0.5354
loss: 1.2201, acc: 0.5422
loss: 1.1515, acc: 0.5575
loss: 1.1115, acc: 0.5656
loss: 1.0846, acc: 0.5661
loss: 1.0780, acc: 0.5664
loss: 1.0358, acc: 0.5847
loss: 1.0080, acc: 0.5969
loss: 0.9945, acc: 0.6000
loss: 0.9754, acc: 0.6057
loss: 0.9666, acc: 0.6062
loss: 0.9539, acc: 0.6076
loss: 0.9391, acc: 0.6117
loss: 0.9282, acc: 0.6152
loss: 0.9183, acc: 0.6199
loss: 0.9058, acc: 0.6247
loss: 0.8954, acc: 0.6280
loss: 0.8851, acc: 0.6312
loss: 0.8733, acc: 0.6369
loss: 0.8696, acc: 0.6389
> val_acc: 0.7438, val_f1: 0.5568
>> saved: state_dict/gc_ian_restaurant_val_acc0.7438
>>>>>>>>>>>>>>>>>>>>>>>>>>>>>>>>>>>>>>>>>>>>>>>>>>>>>>>>>>>>>>>>>>>>>>>>>>>>>>>>>>>>>>>>>>>>>>>>>>>>
epoch: 1
loss: 0.6752, acc: 0.7344
loss: 0.5918, acc: 0.7634
loss: 0.5758, acc: 0.7630
loss: 0.6097, acc: 0.7463
loss: 0.6138, acc: 0.7472
loss: 0.6191, acc: 0.7442
loss: 0.6108, acc: 0.7471
loss: 0.5973, acc: 0.7559
loss: 0.5988, acc: 0.7560
loss: 0.5808, acc: 0.7666
loss: 0.5925, acc: 0.7602
loss: 0.5871, acc: 0.7626
loss: 0.5910, acc: 0.7596
loss: 0.5903, acc: 0.7593
loss: 0.5939, acc: 0.7591
loss: 0.5928, acc: 0.7606
loss: 0.5871, acc: 0.7630
loss: 0.5834, acc: 0.7640
loss: 0.5856, acc: 0.7629
loss: 0.5810, acc: 0.7661
loss: 0.5787, acc: 0.7681
loss: 0.5767, acc: 0.7690
loss: 0.5733, acc: 0.7701
> val_acc: 0.7643, val_f1: 0.5773
>> saved: state_dict/gc_ian_restaurant_val_acc0.7643
>>>>>>>>>>>>>>>>>>>>>>>>>>>>>>>>>>>>>>>>>>>>>>>>>>>>>>>>>>>>>>>>>>>>>>>>>>>>>>>>>>>>>>>>>>>>>>>>>>>>
epoch: 2
loss: 0.4922, acc: 0.8203
loss: 0.4690, acc: 0.8403
loss: 0.4492, acc: 0.8504
loss: 0.4468, acc: 0.8520
loss: 0.4581, acc: 0.8438
loss: 0.4700, acc: 0.8373
loss: 0.4765, acc: 0.8327
loss: 0.4687, acc: 0.8365
loss: 0.4701, acc: 0.8388
loss: 0.4776, acc: 0.8304
loss: 0.4758, acc: 0.8328
loss: 0.4731, acc: 0.8326
loss: 0.4795, acc: 0.8296
loss: 0.4847, acc: 0.8243
loss: 0.4838, acc: 0.8243
loss: 0.4854, acc: 0.8232
loss: 0.4892, acc: 0.8207
loss: 0.4897, acc: 0.8206
loss: 0.4911, acc: 0.8191
loss: 0.4916, acc: 0.8188
loss: 0.4894, acc: 0.8194
loss: 0.4885, acc: 0.8185
> val_acc: 0.7750, val_f1: 0.6430
>> saved: state_dict/gc_ian_restaurant_val_acc0.775
>>>>>>>>>>>>>>>>>>>>>>>>>>>>>>>>>>>>>>>>>>>>>>>>>>>>>>>>>>>>>>>>>>>>>>>>>>>>>>>>>>>>>>>>>>>>>>>>>>>>
epoch: 3
loss: 0.3519, acc: 0.8125
loss: 0.4096, acc: 0.8281
loss: 0.3969, acc: 0.8438
loss: 0.3923, acc: 0.8555
loss: 0.3859, acc: 0.8571
loss: 0.3956, acc: 0.8570
loss: 0.3905, acc: 0.8589
loss: 0.3946, acc: 0.8576
loss: 0.4028, acc: 0.8506
loss: 0.4143, acc: 0.8417
loss: 0.4161, acc: 0.8419
loss: 0.4134, acc: 0.8421
loss: 0.4118, acc: 0.8412
loss: 0.4100, acc: 0.8423
loss: 0.4096, acc: 0.8411
loss: 0.4129, acc: 0.8396
loss: 0.4156, acc: 0.8395
loss: 0.4158, acc: 0.8398
loss: 0.4157, acc: 0.8400
loss: 0.4127, acc: 0.8431
loss: 0.4121, acc: 0.8441
loss: 0.4137, acc: 0.8432
loss: 0.4149, acc: 0.8418
> val_acc: 0.7732, val_f1: 0.6273
>>>>>>>>>>>>>>>>>>>>>>>>>>>>>>>>>>>>>>>>>>>>>>>>>>>>>>>>>>>>>>>>>>>>>>>>>>>>>>>>>>>>>>>>>>>>>>>>>>>>
epoch: 4
loss: 0.3006, acc: 0.9062
loss: 0.3309, acc: 0.8789
loss: 0.3539, acc: 0.8726
loss: 0.3591, acc: 0.8767
loss: 0.3708, acc: 0.8736
loss: 0.3700, acc: 0.8739
loss: 0.3700, acc: 0.8712
loss: 0.3763, acc: 0.8643
loss: 0.3794, acc: 0.8605
loss: 0.3861, acc: 0.8574
loss: 0.3782, acc: 0.8614
loss: 0.3758, acc: 0.8615
loss: 0.3741, acc: 0.8626
loss: 0.3742, acc: 0.8635
loss: 0.3737, acc: 0.8626
loss: 0.3764, acc: 0.8622
loss: 0.3784, acc: 0.8596
loss: 0.3764, acc: 0.8604
loss: 0.3798, acc: 0.8592
loss: 0.3778, acc: 0.8603
loss: 0.3781, acc: 0.8604
loss: 0.3790, acc: 0.8588
loss: 0.3799, acc: 0.8573
> val_acc: 0.7795, val_f1: 0.6341
>> saved: state_dict/gc_ian_restaurant_val_acc0.7795
>>>>>>>>>>>>>>>>>>>>>>>>>>>>>>>>>>>>>>>>>>>>>>>>>>>>>>>>>>>>>>>>>>>>>>>>>>>>>>>>>>>>>>>>>>>>>>>>>>>>
epoch: 5
loss: 0.3089, acc: 0.9000
loss: 0.3299, acc: 0.8844
loss: 0.3374, acc: 0.8833
loss: 0.3292, acc: 0.8859
loss: 0.3379, acc: 0.8838
loss: 0.3341, acc: 0.8833
loss: 0.3378, acc: 0.8786
loss: 0.3481, acc: 0.8742
loss: 0.3444, acc: 0.8750
loss: 0.3477, acc: 0.8725
loss: 0.3528, acc: 0.8716
loss: 0.3542, acc: 0.8714
loss: 0.3515, acc: 0.8707
loss: 0.3480, acc: 0.8719
loss: 0.3511, acc: 0.8696
loss: 0.3501, acc: 0.8715
loss: 0.3488, acc: 0.8728
loss: 0.3485, acc: 0.8722
loss: 0.3469, acc: 0.8724
loss: 0.3483, acc: 0.8725
loss: 0.3470, acc: 0.8732
loss: 0.3414, acc: 0.8770
> val_acc: 0.7821, val_f1: 0.6496
>> saved: state_dict/gc_ian_restaurant_val_acc0.7821
>>>>>>>>>>>>>>>>>>>>>>>>>>>>>>>>>>>>>>>>>>>>>>>>>>>>>>>>>>>>>>>>>>>>>>>>>>>>>>>>>>>>>>>>>>>>>>>>>>>>
epoch: 6
loss: 0.2991, acc: 0.8906
loss: 0.2808, acc: 0.9018
loss: 0.3010, acc: 0.8932
loss: 0.2925, acc: 0.8971
loss: 0.2893, acc: 0.9006
loss: 0.2911, acc: 0.8981
loss: 0.2882, acc: 0.8984
loss: 0.2945, acc: 0.8944
loss: 0.2951, acc: 0.8936
loss: 0.2928, acc: 0.8943
loss: 0.2903, acc: 0.8972
loss: 0.2960, acc: 0.8942
loss: 0.2998, acc: 0.8916
loss: 0.2991, acc: 0.8932
loss: 0.3008, acc: 0.8924
loss: 0.3001, acc: 0.8933
loss: 0.3033, acc: 0.8925
loss: 0.3057, acc: 0.8912
loss: 0.3057, acc: 0.8920
loss: 0.3077, acc: 0.8898
loss: 0.3117, acc: 0.8882
loss: 0.3124, acc: 0.8873
loss: 0.3138, acc: 0.8870
> val_acc: 0.7812, val_f1: 0.6358
>>>>>>>>>>>>>>>>>>>>>>>>>>>>>>>>>>>>>>>>>>>>>>>>>>>>>>>>>>>>>>>>>>>>>>>>>>>>>>>>>>>>>>>>>>>>>>>>>>>>
epoch: 7
loss: 0.3046, acc: 0.8906
loss: 0.2946, acc: 0.8993
loss: 0.2699, acc: 0.9107
loss: 0.2634, acc: 0.9145
loss: 0.2689, acc: 0.9115
loss: 0.2705, acc: 0.9084
loss: 0.2771, acc: 0.9044
loss: 0.2754, acc: 0.9038
loss: 0.2731, acc: 0.9062
loss: 0.2704, acc: 0.9062
loss: 0.2657, acc: 0.9097
loss: 0.2647, acc: 0.9084
loss: 0.2681, acc: 0.9067
loss: 0.2687, acc: 0.9067
loss: 0.2720, acc: 0.9037
loss: 0.2725, acc: 0.9035
loss: 0.2780, acc: 0.9007
loss: 0.2829, acc: 0.9003
loss: 0.2844, acc: 0.9006
loss: 0.2856, acc: 0.8999
loss: 0.2884, acc: 0.8987
loss: 0.2886, acc: 0.8991
> val_acc: 0.7759, val_f1: 0.6184
>>>>>>>>>>>>>>>>>>>>>>>>>>>>>>>>>>>>>>>>>>>>>>>>>>>>>>>>>>>>>>>>>>>>>>>>>>>>>>>>>>>>>>>>>>>>>>>>>>>>
epoch: 8
loss: 0.2625, acc: 0.8750
loss: 0.2713, acc: 0.9010
loss: 0.2683, acc: 0.9062
loss: 0.2666, acc: 0.9102
loss: 0.2697, acc: 0.9107
loss: 0.2708, acc: 0.9111
loss: 0.2642, acc: 0.9123
loss: 0.2594, acc: 0.9167
loss: 0.2624, acc: 0.9131
loss: 0.2614, acc: 0.9117
loss: 0.2672, acc: 0.9087
loss: 0.2653, acc: 0.9090
loss: 0.2654, acc: 0.9088
loss: 0.2654, acc: 0.9086
loss: 0.2662, acc: 0.9071
loss: 0.2697, acc: 0.9046
loss: 0.2663, acc: 0.9066
loss: 0.2655, acc: 0.9070
loss: 0.2693, acc: 0.9045
loss: 0.2705, acc: 0.9049
loss: 0.2684, acc: 0.9053
loss: 0.2698, acc: 0.9048
loss: 0.2714, acc: 0.9046
> val_acc: 0.7830, val_f1: 0.6417
>> saved: state_dict/gc_ian_restaurant_val_acc0.783
>>>>>>>>>>>>>>>>>>>>>>>>>>>>>>>>>>>>>>>>>>>>>>>>>>>>>>>>>>>>>>>>>>>>>>>>>>>>>>>>>>>>>>>>>>>>>>>>>>>>
epoch: 9
loss: 0.2877, acc: 0.8958
loss: 0.2414, acc: 0.9258
loss: 0.2393, acc: 0.9231
loss: 0.2519, acc: 0.9115
loss: 0.2504, acc: 0.9144
loss: 0.2456, acc: 0.9185
loss: 0.2470, acc: 0.9157
loss: 0.2505, acc: 0.9169
loss: 0.2478, acc: 0.9186
loss: 0.2468, acc: 0.9206
loss: 0.2457, acc: 0.9192
loss: 0.2509, acc: 0.9170
loss: 0.2500, acc: 0.9162
loss: 0.2479, acc: 0.9164
loss: 0.2481, acc: 0.9174
loss: 0.2510, acc: 0.9151
loss: 0.2531, acc: 0.9138
loss: 0.2502, acc: 0.9155
loss: 0.2548, acc: 0.9103
loss: 0.2554, acc: 0.9104
loss: 0.2579, acc: 0.9102
loss: 0.2593, acc: 0.9112
loss: 0.2585, acc: 0.9113
> val_acc: 0.7750, val_f1: 0.6271
>>>>>>>>>>>>>>>>>>>>>>>>>>>>>>>>>>>>>>>>>>>>>>>>>>>>>>>>>>>>>>>>>>>>>>>>>>>>>>>>>>>>>>>>>>>>>>>>>>>>
epoch: 10
loss: 0.2203, acc: 0.9125
loss: 0.2176, acc: 0.9250
loss: 0.2061, acc: 0.9271
loss: 0.2049, acc: 0.9313
loss: 0.2018, acc: 0.9325
loss: 0.2134, acc: 0.9271
loss: 0.2134, acc: 0.9286
loss: 0.2111, acc: 0.9305
loss: 0.2189, acc: 0.9278
loss: 0.2197, acc: 0.9281
loss: 0.2169, acc: 0.9295
loss: 0.2169, acc: 0.9302
loss: 0.2121, acc: 0.9327
loss: 0.2154, acc: 0.9313
loss: 0.2148, acc: 0.9300
loss: 0.2176, acc: 0.9270
loss: 0.2195, acc: 0.9254
loss: 0.2198, acc: 0.9243
loss: 0.2213, acc: 0.9240
loss: 0.2200, acc: 0.9250
loss: 0.2249, acc: 0.9217
loss: 0.2271, acc: 0.9205
> val_acc: 0.7821, val_f1: 0.6382
>>>>>>>>>>>>>>>>>>>>>>>>>>>>>>>>>>>>>>>>>>>>>>>>>>>>>>>>>>>>>>>>>>>>>>>>>>>>>>>>>>>>>>>>>>>>>>>>>>>>
epoch: 11
loss: 0.2066, acc: 0.9531
loss: 0.1907, acc: 0.9509
loss: 0.1938, acc: 0.9557
loss: 0.1940, acc: 0.9485
loss: 0.1863, acc: 0.9489
loss: 0.1937, acc: 0.9410
loss: 0.1962, acc: 0.9395
loss: 0.2065, acc: 0.9375
loss: 0.2089, acc: 0.9353
loss: 0.2091, acc: 0.9355
loss: 0.2091, acc: 0.9315
loss: 0.2104, acc: 0.9326
loss: 0.2122, acc: 0.9320
loss: 0.2132, acc: 0.9333
loss: 0.2140, acc: 0.9332
loss: 0.2131, acc: 0.9334
loss: 0.2101, acc: 0.9360
loss: 0.2081, acc: 0.9371
loss: 0.2065, acc: 0.9372
loss: 0.2095, acc: 0.9352
loss: 0.2123, acc: 0.9347
loss: 0.2158, acc: 0.9328
loss: 0.2161, acc: 0.9330
> val_acc: 0.7768, val_f1: 0.6221
>>>>>>>>>>>>>>>>>>>>>>>>>>>>>>>>>>>>>>>>>>>>>>>>>>>>>>>>>>>>>>>>>>>>>>>>>>>>>>>>>>>>>>>>>>>>>>>>>>>>
epoch: 12
loss: 0.1798, acc: 0.9688
loss: 0.1681, acc: 0.9618
loss: 0.1603, acc: 0.9621
loss: 0.1868, acc: 0.9441
loss: 0.1907, acc: 0.9388
loss: 0.1937, acc: 0.9353
loss: 0.1941, acc: 0.9357
loss: 0.1884, acc: 0.9391
loss: 0.1950, acc: 0.9361
loss: 0.1980, acc: 0.9337
loss: 0.1987, acc: 0.9346
loss: 0.2079, acc: 0.9311
loss: 0.2071, acc: 0.9302
loss: 0.2060, acc: 0.9321
loss: 0.2045, acc: 0.9337
loss: 0.2034, acc: 0.9339
loss: 0.2041, acc: 0.9342
loss: 0.2059, acc: 0.9336
loss: 0.2082, acc: 0.9312
loss: 0.2055, acc: 0.9331
loss: 0.2063, acc: 0.9333
loss: 0.2050, acc: 0.9349
> val_acc: 0.7714, val_f1: 0.6128
>>>>>>>>>>>>>>>>>>>>>>>>>>>>>>>>>>>>>>>>>>>>>>>>>>>>>>>>>>>>>>>>>>>>>>>>>>>>>>>>>>>>>>>>>>>>>>>>>>>>
epoch: 13
loss: 0.2443, acc: 0.9062
loss: 0.1657, acc: 0.9635
loss: 0.1812, acc: 0.9545
loss: 0.1895, acc: 0.9453
loss: 0.1902, acc: 0.9435
loss: 0.1891, acc: 0.9423
loss: 0.1897, acc: 0.9425
loss: 0.1931, acc: 0.9418
loss: 0.1973, acc: 0.9413
loss: 0.1979, acc: 0.9416
loss: 0.1991, acc: 0.9418
loss: 0.1954, acc: 0.9448
loss: 0.1955, acc: 0.9442
loss: 0.1960, acc: 0.9437
loss: 0.1953, acc: 0.9441
loss: 0.1934, acc: 0.9449
loss: 0.1967, acc: 0.9429
loss: 0.1958, acc: 0.9430
loss: 0.1960, acc: 0.9423
loss: 0.1955, acc: 0.9417
loss: 0.1958, acc: 0.9421
loss: 0.1965, acc: 0.9422
loss: 0.1967, acc: 0.9428
> val_acc: 0.7741, val_f1: 0.6206
>>>>>>>>>>>>>>>>>>>>>>>>>>>>>>>>>>>>>>>>>>>>>>>>>>>>>>>>>>>>>>>>>>>>>>>>>>>>>>>>>>>>>>>>>>>>>>>>>>>>
epoch: 14
loss: 0.1372, acc: 0.9688
loss: 0.1496, acc: 0.9531
loss: 0.1504, acc: 0.9543
loss: 0.1684, acc: 0.9497
loss: 0.1671, acc: 0.9457
loss: 0.1703, acc: 0.9453
loss: 0.1744, acc: 0.9441
loss: 0.1657, acc: 0.9498
loss: 0.1641, acc: 0.9513
loss: 0.1675, acc: 0.9499
loss: 0.1733, acc: 0.9475
loss: 0.1779, acc: 0.9450
loss: 0.1780, acc: 0.9449
loss: 0.1820, acc: 0.9430
loss: 0.1831, acc: 0.9426
loss: 0.1830, acc: 0.9435
loss: 0.1823, acc: 0.9443
loss: 0.1832, acc: 0.9442
loss: 0.1848, acc: 0.9429
loss: 0.1874, acc: 0.9423
loss: 0.1907, acc: 0.9402
loss: 0.1931, acc: 0.9389
loss: 0.1935, acc: 0.9393
> val_acc: 0.7830, val_f1: 0.6476
>>>>>>>>>>>>>>>>>>>>>>>>>>>>>>>>>>>>>>>>>>>>>>>>>>>>>>>>>>>>>>>>>>>>>>>>>>>>>>>>>>>>>>>>>>>>>>>>>>>>
epoch: 15
loss: 0.1130, acc: 0.9812
loss: 0.1482, acc: 0.9656
loss: 0.1546, acc: 0.9563
loss: 0.1659, acc: 0.9500
loss: 0.1624, acc: 0.9550
loss: 0.1540, acc: 0.9604
loss: 0.1548, acc: 0.9598
loss: 0.1563, acc: 0.9594
loss: 0.1586, acc: 0.9569
loss: 0.1603, acc: 0.9575
loss: 0.1600, acc: 0.9585
loss: 0.1623, acc: 0.9568
loss: 0.1657, acc: 0.9548
loss: 0.1670, acc: 0.9536
loss: 0.1685, acc: 0.9513
loss: 0.1700, acc: 0.9508
loss: 0.1716, acc: 0.9504
loss: 0.1720, acc: 0.9500
loss: 0.1727, acc: 0.9503
loss: 0.1743, acc: 0.9494
loss: 0.1745, acc: 0.9488
loss: 0.1755, acc: 0.9477
> val_acc: 0.7759, val_f1: 0.6341
>>>>>>>>>>>>>>>>>>>>>>>>>>>>>>>>>>>>>>>>>>>>>>>>>>>>>>>>>>>>>>>>>>>>>>>>>>>>>>>>>>>>>>>>>>>>>>>>>>>>
epoch: 16
loss: 0.1580, acc: 0.9531
loss: 0.1547, acc: 0.9598
loss: 0.1654, acc: 0.9609
loss: 0.1509, acc: 0.9651
loss: 0.1550, acc: 0.9631
loss: 0.1569, acc: 0.9618
loss: 0.1584, acc: 0.9609
loss: 0.1599, acc: 0.9603
loss: 0.1632, acc: 0.9583
loss: 0.1634, acc: 0.9574
loss: 0.1655, acc: 0.9555
loss: 0.1659, acc: 0.9539
loss: 0.1671, acc: 0.9521
loss: 0.1700, acc: 0.9492
loss: 0.1712, acc: 0.9475
loss: 0.1723, acc: 0.9472
loss: 0.1715, acc: 0.9482
loss: 0.1704, acc: 0.9476
loss: 0.1696, acc: 0.9494
loss: 0.1724, acc: 0.9468
loss: 0.1723, acc: 0.9476
loss: 0.1731, acc: 0.9477
loss: 0.1728, acc: 0.9484
> val_acc: 0.7821, val_f1: 0.6574
>>>>>>>>>>>>>>>>>>>>>>>>>>>>>>>>>>>>>>>>>>>>>>>>>>>>>>>>>>>>>>>>>>>>>>>>>>>>>>>>>>>>>>>>>>>>>>>>>>>>
epoch: 17
loss: 0.1795, acc: 0.9375
loss: 0.1665, acc: 0.9514
loss: 0.1672, acc: 0.9509
loss: 0.1707, acc: 0.9474
loss: 0.1751, acc: 0.9427
loss: 0.1715, acc: 0.9418
loss: 0.1698, acc: 0.9439
loss: 0.1717, acc: 0.9439
loss: 0.1728, acc: 0.9439
loss: 0.1703, acc: 0.9458
loss: 0.1717, acc: 0.9444
loss: 0.1728, acc: 0.9433
loss: 0.1731, acc: 0.9453
loss: 0.1730, acc: 0.9443
loss: 0.1729, acc: 0.9443
loss: 0.1701, acc: 0.9458
loss: 0.1715, acc: 0.9449
loss: 0.1711, acc: 0.9449
loss: 0.1718, acc: 0.9445
loss: 0.1689, acc: 0.9460
loss: 0.1685, acc: 0.9456
loss: 0.1709, acc: 0.9458
> val_acc: 0.7795, val_f1: 0.6346
>>>>>>>>>>>>>>>>>>>>>>>>>>>>>>>>>>>>>>>>>>>>>>>>>>>>>>>>>>>>>>>>>>>>>>>>>>>>>>>>>>>>>>>>>>>>>>>>>>>>
epoch: 18
loss: 0.2246, acc: 0.9375
loss: 0.1307, acc: 0.9844
loss: 0.1464, acc: 0.9716
loss: 0.1418, acc: 0.9707
loss: 0.1483, acc: 0.9688
loss: 0.1502, acc: 0.9651
loss: 0.1502, acc: 0.9647
loss: 0.1542, acc: 0.9618
loss: 0.1576, acc: 0.9596
loss: 0.1592, acc: 0.9586
loss: 0.1563, acc: 0.9589
loss: 0.1614, acc: 0.9542
loss: 0.1604, acc: 0.9539
loss: 0.1597, acc: 0.9550
loss: 0.1615, acc: 0.9542
loss: 0.1604, acc: 0.9544
loss: 0.1590, acc: 0.9549
loss: 0.1597, acc: 0.9539
loss: 0.1610, acc: 0.9536
loss: 0.1630, acc: 0.9515
loss: 0.1640, acc: 0.9511
loss: 0.1640, acc: 0.9511
loss: 0.1638, acc: 0.9507
> val_acc: 0.7804, val_f1: 0.6433
>>>>>>>>>>>>>>>>>>>>>>>>>>>>>>>>>>>>>>>>>>>>>>>>>>>>>>>>>>>>>>>>>>>>>>>>>>>>>>>>>>>>>>>>>>>>>>>>>>>>
epoch: 19
loss: 0.0982, acc: 0.9688
loss: 0.1182, acc: 0.9727
loss: 0.1344, acc: 0.9639
loss: 0.1313, acc: 0.9688
loss: 0.1369, acc: 0.9633
loss: 0.1402, acc: 0.9598
loss: 0.1354, acc: 0.9631
loss: 0.1404, acc: 0.9622
loss: 0.1475, acc: 0.9571
loss: 0.1525, acc: 0.9544
loss: 0.1516, acc: 0.9564
loss: 0.1479, acc: 0.9574
loss: 0.1512, acc: 0.9554
loss: 0.1521, acc: 0.9531
loss: 0.1526, acc: 0.9542
loss: 0.1538, acc: 0.9539
loss: 0.1541, acc: 0.9529
loss: 0.1534, acc: 0.9535
loss: 0.1514, acc: 0.9540
loss: 0.1542, acc: 0.9518
loss: 0.1558, acc: 0.9508
loss: 0.1564, acc: 0.9505
loss: 0.1551, acc: 0.9515
> val_acc: 0.7768, val_f1: 0.6360
>>>>>>>>>>>>>>>>>>>>>>>>>>>>>>>>>>>>>>>>>>>>>>>>>>>>>>>>>>>>>>>>>>>>>>>>>>>>>>>>>>>>>>>>>>>>>>>>>>>>
epoch: 20
loss: 0.1814, acc: 0.9313
loss: 0.1556, acc: 0.9500
loss: 0.1352, acc: 0.9667
loss: 0.1352, acc: 0.9672
loss: 0.1337, acc: 0.9675
loss: 0.1388, acc: 0.9667
loss: 0.1387, acc: 0.9670
loss: 0.1325, acc: 0.9703
loss: 0.1347, acc: 0.9681
loss: 0.1374, acc: 0.9656
loss: 0.1403, acc: 0.9636
loss: 0.1419, acc: 0.9625
loss: 0.1419, acc: 0.9620
loss: 0.1460, acc: 0.9603
loss: 0.1460, acc: 0.9592
loss: 0.1475, acc: 0.9578
loss: 0.1465, acc: 0.9581
loss: 0.1472, acc: 0.9580
loss: 0.1482, acc: 0.9576
loss: 0.1493, acc: 0.9569
loss: 0.1506, acc: 0.9571
loss: 0.1492, acc: 0.9580
> val_acc: 0.7777, val_f1: 0.6308
>>>>>>>>>>>>>>>>>>>>>>>>>>>>>>>>>>>>>>>>>>>>>>>>>>>>>>>>>>>>>>>>>>>>>>>>>>>>>>>>>>>>>>>>>>>>>>>>>>>>
epoch: 21
loss: 0.1644, acc: 0.9531
loss: 0.1379, acc: 0.9732
loss: 0.1216, acc: 0.9740
loss: 0.1300, acc: 0.9706
loss: 0.1284, acc: 0.9688
loss: 0.1289, acc: 0.9676
loss: 0.1305, acc: 0.9668
loss: 0.1310, acc: 0.9654
loss: 0.1335, acc: 0.9650
loss: 0.1336, acc: 0.9648
loss: 0.1309, acc: 0.9645
loss: 0.1336, acc: 0.9627
loss: 0.1337, acc: 0.9617
loss: 0.1347, acc: 0.9608
loss: 0.1368, acc: 0.9605
loss: 0.1382, acc: 0.9590
loss: 0.1386, acc: 0.9581
loss: 0.1391, acc: 0.9583
loss: 0.1422, acc: 0.9569
loss: 0.1438, acc: 0.9562
loss: 0.1439, acc: 0.9562
loss: 0.1421, acc: 0.9574
loss: 0.1433, acc: 0.9576
> val_acc: 0.7795, val_f1: 0.6304
>>>>>>>>>>>>>>>>>>>>>>>>>>>>>>>>>>>>>>>>>>>>>>>>>>>>>>>>>>>>>>>>>>>>>>>>>>>>>>>>>>>>>>>>>>>>>>>>>>>>
epoch: 22
loss: 0.1096, acc: 0.9766
loss: 0.1369, acc: 0.9549
loss: 0.1279, acc: 0.9665
loss: 0.1157, acc: 0.9720
loss: 0.1185, acc: 0.9714
loss: 0.1213, acc: 0.9677
loss: 0.1238, acc: 0.9642
loss: 0.1230, acc: 0.9639
loss: 0.1196, acc: 0.9652
loss: 0.1181, acc: 0.9681
loss: 0.1191, acc: 0.9688
loss: 0.1231, acc: 0.9656
loss: 0.1229, acc: 0.9653
loss: 0.1245, acc: 0.9642
loss: 0.1276, acc: 0.9616
loss: 0.1302, acc: 0.9604
loss: 0.1317, acc: 0.9602
loss: 0.1332, acc: 0.9586
loss: 0.1329, acc: 0.9591
loss: 0.1342, acc: 0.9577
loss: 0.1338, acc: 0.9582
loss: 0.1351, acc: 0.9579
> val_acc: 0.7804, val_f1: 0.6288
>>>>>>>>>>>>>>>>>>>>>>>>>>>>>>>>>>>>>>>>>>>>>>>>>>>>>>>>>>>>>>>>>>>>>>>>>>>>>>>>>>>>>>>>>>>>>>>>>>>>
epoch: 23
loss: 0.1211, acc: 0.9688
loss: 0.1204, acc: 0.9844
loss: 0.1246, acc: 0.9688
loss: 0.1401, acc: 0.9609
loss: 0.1408, acc: 0.9598
loss: 0.1444, acc: 0.9579
loss: 0.1478, acc: 0.9577
loss: 0.1390, acc: 0.9601
loss: 0.1363, acc: 0.9619
loss: 0.1389, acc: 0.9613
loss: 0.1360, acc: 0.9632
loss: 0.1362, acc: 0.9626
loss: 0.1377, acc: 0.9616
loss: 0.1369, acc: 0.9621
loss: 0.1369, acc: 0.9621
loss: 0.1357, acc: 0.9622
loss: 0.1370, acc: 0.9618
loss: 0.1370, acc: 0.9615
loss: 0.1376, acc: 0.9622
loss: 0.1372, acc: 0.9616
loss: 0.1368, acc: 0.9619
loss: 0.1376, acc: 0.9614
loss: 0.1391, acc: 0.9609
> val_acc: 0.7777, val_f1: 0.6386
>>>>>>>>>>>>>>>>>>>>>>>>>>>>>>>>>>>>>>>>>>>>>>>>>>>>>>>>>>>>>>>>>>>>>>>>>>>>>>>>>>>>>>>>>>>>>>>>>>>>
epoch: 24
loss: 0.1896, acc: 0.9271
loss: 0.1348, acc: 0.9609
loss: 0.1141, acc: 0.9736
loss: 0.1100, acc: 0.9774
loss: 0.1081, acc: 0.9755
loss: 0.1068, acc: 0.9788
loss: 0.1100, acc: 0.9773
loss: 0.1160, acc: 0.9729
loss: 0.1178, acc: 0.9702
loss: 0.1201, acc: 0.9694
loss: 0.1183, acc: 0.9699
loss: 0.1170, acc: 0.9714
loss: 0.1219, acc: 0.9697
loss: 0.1221, acc: 0.9701
loss: 0.1221, acc: 0.9700
loss: 0.1249, acc: 0.9683
loss: 0.1239, acc: 0.9688
loss: 0.1259, acc: 0.9680
loss: 0.1261, acc: 0.9674
loss: 0.1263, acc: 0.9678
loss: 0.1266, acc: 0.9666
loss: 0.1266, acc: 0.9664
loss: 0.1263, acc: 0.9662
> val_acc: 0.7812, val_f1: 0.6392
>>>>>>>>>>>>>>>>>>>>>>>>>>>>>>>>>>>>>>>>>>>>>>>>>>>>>>>>>>>>>>>>>>>>>>>>>>>>>>>>>>>>>>>>>>>>>>>>>>>>
epoch: 25
loss: 0.1635, acc: 0.9437
loss: 0.1438, acc: 0.9500
loss: 0.1354, acc: 0.9583
loss: 0.1315, acc: 0.9594
loss: 0.1356, acc: 0.9587
loss: 0.1269, acc: 0.9615
loss: 0.1244, acc: 0.9634
loss: 0.1206, acc: 0.9656
loss: 0.1187, acc: 0.9653
loss: 0.1183, acc: 0.9675
loss: 0.1181, acc: 0.9688
loss: 0.1154, acc: 0.9698
loss: 0.1166, acc: 0.9688
loss: 0.1159, acc: 0.9696
loss: 0.1161, acc: 0.9696
loss: 0.1180, acc: 0.9684
loss: 0.1215, acc: 0.9665
loss: 0.1225, acc: 0.9663
loss: 0.1239, acc: 0.9651
loss: 0.1240, acc: 0.9647
loss: 0.1242, acc: 0.9646
loss: 0.1236, acc: 0.9651
> val_acc: 0.7812, val_f1: 0.6439
>>>>>>>>>>>>>>>>>>>>>>>>>>>>>>>>>>>>>>>>>>>>>>>>>>>>>>>>>>>>>>>>>>>>>>>>>>>>>>>>>>>>>>>>>>>>>>>>>>>>
epoch: 26
loss: 0.0990, acc: 0.9688
loss: 0.1078, acc: 0.9777
loss: 0.1119, acc: 0.9766
loss: 0.1130, acc: 0.9724
loss: 0.1105, acc: 0.9702
loss: 0.1183, acc: 0.9676
loss: 0.1196, acc: 0.9688
loss: 0.1177, acc: 0.9704
loss: 0.1175, acc: 0.9702
loss: 0.1194, acc: 0.9694
loss: 0.1161, acc: 0.9718
loss: 0.1160, acc: 0.9704
loss: 0.1171, acc: 0.9698
loss: 0.1168, acc: 0.9692
loss: 0.1139, acc: 0.9696
loss: 0.1139, acc: 0.9696
loss: 0.1160, acc: 0.9680
loss: 0.1176, acc: 0.9673
loss: 0.1198, acc: 0.9667
loss: 0.1184, acc: 0.9668
loss: 0.1179, acc: 0.9669
loss: 0.1202, acc: 0.9652
loss: 0.1205, acc: 0.9646
> val_acc: 0.7786, val_f1: 0.6333
>>>>>>>>>>>>>>>>>>>>>>>>>>>>>>>>>>>>>>>>>>>>>>>>>>>>>>>>>>>>>>>>>>>>>>>>>>>>>>>>>>>>>>>>>>>>>>>>>>>>
epoch: 27
loss: 0.1279, acc: 0.9688
loss: 0.1244, acc: 0.9618
loss: 0.1271, acc: 0.9554
loss: 0.1285, acc: 0.9572
loss: 0.1229, acc: 0.9609
loss: 0.1245, acc: 0.9612
loss: 0.1278, acc: 0.9586
loss: 0.1290, acc: 0.9583
loss: 0.1314, acc: 0.9574
loss: 0.1307, acc: 0.9573
loss: 0.1307, acc: 0.9578
loss: 0.1275, acc: 0.9587
loss: 0.1291, acc: 0.9580
loss: 0.1284, acc: 0.9583
loss: 0.1301, acc: 0.9586
loss: 0.1308, acc: 0.9600
loss: 0.1291, acc: 0.9609
loss: 0.1284, acc: 0.9614
loss: 0.1283, acc: 0.9618
loss: 0.1258, acc: 0.9631
loss: 0.1271, acc: 0.9624
loss: 0.1261, acc: 0.9630
> val_acc: 0.7786, val_f1: 0.6343
>>>>>>>>>>>>>>>>>>>>>>>>>>>>>>>>>>>>>>>>>>>>>>>>>>>>>>>>>>>>>>>>>>>>>>>>>>>>>>>>>>>>>>>>>>>>>>>>>>>>
epoch: 28
loss: 0.1758, acc: 0.9375
loss: 0.1297, acc: 0.9583
loss: 0.1185, acc: 0.9659
loss: 0.1159, acc: 0.9707
loss: 0.1155, acc: 0.9688
loss: 0.1217, acc: 0.9651
loss: 0.1246, acc: 0.9637
loss: 0.1228, acc: 0.9635
loss: 0.1212, acc: 0.9642
loss: 0.1201, acc: 0.9640
loss: 0.1183, acc: 0.9657
loss: 0.1180, acc: 0.9654
loss: 0.1216, acc: 0.9626
loss: 0.1228, acc: 0.9626
loss: 0.1229, acc: 0.9626
loss: 0.1226, acc: 0.9626
loss: 0.1236, acc: 0.9626
loss: 0.1245, acc: 0.9618
loss: 0.1246, acc: 0.9619
loss: 0.1239, acc: 0.9629
loss: 0.1231, acc: 0.9635
loss: 0.1221, acc: 0.9637
loss: 0.1222, acc: 0.9637
> val_acc: 0.7830, val_f1: 0.6482
>>>>>>>>>>>>>>>>>>>>>>>>>>>>>>>>>>>>>>>>>>>>>>>>>>>>>>>>>>>>>>>>>>>>>>>>>>>>>>>>>>>>>>>>>>>>>>>>>>>>
epoch: 29
loss: 0.0652, acc: 0.9896
loss: 0.0954, acc: 0.9805
loss: 0.0969, acc: 0.9760
loss: 0.0932, acc: 0.9757
loss: 0.0875, acc: 0.9769
loss: 0.0913, acc: 0.9743
loss: 0.0938, acc: 0.9735
loss: 0.0971, acc: 0.9712
loss: 0.1006, acc: 0.9702
loss: 0.1045, acc: 0.9694
loss: 0.1115, acc: 0.9658
loss: 0.1101, acc: 0.9677
loss: 0.1077, acc: 0.9692
loss: 0.1075, acc: 0.9701
loss: 0.1075, acc: 0.9709
loss: 0.1070, acc: 0.9704
loss: 0.1081, acc: 0.9688
loss: 0.1106, acc: 0.9673
loss: 0.1118, acc: 0.9671
loss: 0.1134, acc: 0.9668
loss: 0.1143, acc: 0.9657
loss: 0.1155, acc: 0.9659
loss: 0.1149, acc: 0.9662
> val_acc: 0.7812, val_f1: 0.6382
>> test_acc: 0.7830, test_f1: 0.6417
