cuda memory allocated: 5153792
n_trainable_params: 401603, n_nontrainable_params: 882400
> training arguments:
>>> model_name: gc_ian
>>> model_ver: 3
>>> dataset: restaurant
>>> optimizer: <class 'torch.optim.adagrad.Adagrad'>
>>> initializer: <function xavier_uniform_ at 0x7fe583721ae8>
>>> learning_rate: 0.01
>>> momentum: 0.95
>>> dropout: 0.5
>>> l2reg: 5e-05
>>> num_epoch: 100
>>> batch_size: 32
>>> log_step: 5
>>> embed_dim: 200
>>> hidden_dim: 300
>>> bert_dim: 768
>>> pretrained_bert_name: bert-base-uncased
>>> embeddings: gd
>>> max_seq_len: 80
>>> polarities_dim: 3
>>> hops: 3
>>> device: cuda
>>> seed: 10
>>> valset_ratio: 0
>>> num_layers: 1
>>> in_channels: 25
>>> out_channels: 1
>>> downbot: 20
>>> kernel_size: 3
>>> glove_path: ./embeddings/glove.840B.300d.txt
>>> embedding_matrix_path: gen_data/embeddings/200_restaurant_glove_domain_embedding_matrix.dat
>>> model_class: <class 'models.gc_ian.GC_IAN3'>
>>> dataset_file: {'train': './datasets/semeval14/Restaurants_Train.xml.seg', 'test': './datasets/semeval14/Restaurants_Test_Gold.xml.seg'}
>>> inputs_cols: ['text_raw_indices', 'aspect_indices']
>>>>>>>>>>>>>>>>>>>>>>>>>>>>>>>>>>>>>>>>>>>>>>>>>>>>>>>>>>>>>>>>>>>>>>>>>>>>>>>>>>>>>>>>>>>>>>>>>>>>
epoch: 0
loss: 1.2140, acc: 0.4562
loss: 1.0414, acc: 0.5719
loss: 1.0031, acc: 0.5896
loss: 1.0136, acc: 0.5703
loss: 0.9828, acc: 0.5737
loss: 0.9709, acc: 0.5760
loss: 0.9568, acc: 0.5821
loss: 0.9384, acc: 0.5891
loss: 0.9268, acc: 0.5972
loss: 0.9160, acc: 0.6000
loss: 0.9050, acc: 0.6040
loss: 0.8914, acc: 0.6078
loss: 0.8767, acc: 0.6168
loss: 0.8668, acc: 0.6219
loss: 0.8642, acc: 0.6225
loss: 0.8544, acc: 0.6277
loss: 0.8496, acc: 0.6301
loss: 0.8413, acc: 0.6365
loss: 0.8396, acc: 0.6385
loss: 0.8352, acc: 0.6422
loss: 0.8305, acc: 0.6443
loss: 0.8245, acc: 0.6472
> val_acc: 0.7268, val_f1: 0.5107
>> saved: state_dict/gc_ian_restaurant_val_acc0.7268
>>>>>>>>>>>>>>>>>>>>>>>>>>>>>>>>>>>>>>>>>>>>>>>>>>>>>>>>>>>>>>>>>>>>>>>>>>>>>>>>>>>>>>>>>>>>>>>>>>>>
epoch: 1
loss: 0.6246, acc: 0.7031
loss: 0.6086, acc: 0.7500
loss: 0.6157, acc: 0.7526
loss: 0.6647, acc: 0.7261
loss: 0.6455, acc: 0.7358
loss: 0.6473, acc: 0.7350
loss: 0.6545, acc: 0.7363
loss: 0.6433, acc: 0.7458
loss: 0.6353, acc: 0.7493
loss: 0.6324, acc: 0.7480
loss: 0.6250, acc: 0.7506
loss: 0.6307, acc: 0.7484
loss: 0.6323, acc: 0.7465
loss: 0.6292, acc: 0.7477
loss: 0.6269, acc: 0.7504
loss: 0.6298, acc: 0.7480
loss: 0.6245, acc: 0.7481
loss: 0.6256, acc: 0.7496
loss: 0.6254, acc: 0.7490
loss: 0.6274, acc: 0.7484
loss: 0.6273, acc: 0.7488
loss: 0.6260, acc: 0.7500
loss: 0.6277, acc: 0.7494
> val_acc: 0.7652, val_f1: 0.6116
>> saved: state_dict/gc_ian_restaurant_val_acc0.7652
>>>>>>>>>>>>>>>>>>>>>>>>>>>>>>>>>>>>>>>>>>>>>>>>>>>>>>>>>>>>>>>>>>>>>>>>>>>>>>>>>>>>>>>>>>>>>>>>>>>>
epoch: 2
loss: 0.5349, acc: 0.7891
loss: 0.5637, acc: 0.7812
loss: 0.5680, acc: 0.7746
loss: 0.5595, acc: 0.7829
loss: 0.5612, acc: 0.7852
loss: 0.5482, acc: 0.7953
loss: 0.5521, acc: 0.7923
loss: 0.5445, acc: 0.7917
loss: 0.5426, acc: 0.7919
loss: 0.5435, acc: 0.7940
loss: 0.5497, acc: 0.7894
loss: 0.5565, acc: 0.7865
loss: 0.5571, acc: 0.7856
loss: 0.5612, acc: 0.7840
loss: 0.5632, acc: 0.7838
loss: 0.5607, acc: 0.7844
loss: 0.5604, acc: 0.7853
loss: 0.5612, acc: 0.7865
loss: 0.5577, acc: 0.7876
loss: 0.5589, acc: 0.7869
loss: 0.5575, acc: 0.7885
loss: 0.5593, acc: 0.7867
> val_acc: 0.7714, val_f1: 0.6186
>> saved: state_dict/gc_ian_restaurant_val_acc0.7714
>>>>>>>>>>>>>>>>>>>>>>>>>>>>>>>>>>>>>>>>>>>>>>>>>>>>>>>>>>>>>>>>>>>>>>>>>>>>>>>>>>>>>>>>>>>>>>>>>>>>
epoch: 3
loss: 0.4633, acc: 0.8125
loss: 0.4883, acc: 0.8333
loss: 0.4955, acc: 0.8409
loss: 0.5075, acc: 0.8320
loss: 0.5273, acc: 0.8170
loss: 0.5152, acc: 0.8197
loss: 0.5154, acc: 0.8175
loss: 0.5074, acc: 0.8194
loss: 0.5083, acc: 0.8178
loss: 0.5090, acc: 0.8152
loss: 0.5190, acc: 0.8070
loss: 0.5154, acc: 0.8092
loss: 0.5118, acc: 0.8110
loss: 0.5084, acc: 0.8111
loss: 0.5130, acc: 0.8068
loss: 0.5164, acc: 0.8067
loss: 0.5117, acc: 0.8094
loss: 0.5077, acc: 0.8114
loss: 0.5092, acc: 0.8104
loss: 0.5097, acc: 0.8105
loss: 0.5125, acc: 0.8100
loss: 0.5133, acc: 0.8098
loss: 0.5131, acc: 0.8088
> val_acc: 0.7848, val_f1: 0.6484
>> saved: state_dict/gc_ian_restaurant_val_acc0.7848
>>>>>>>>>>>>>>>>>>>>>>>>>>>>>>>>>>>>>>>>>>>>>>>>>>>>>>>>>>>>>>>>>>>>>>>>>>>>>>>>>>>>>>>>>>>>>>>>>>>>
epoch: 4
loss: 0.4481, acc: 0.8542
loss: 0.4123, acc: 0.8711
loss: 0.4357, acc: 0.8486
loss: 0.4404, acc: 0.8385
loss: 0.4542, acc: 0.8397
loss: 0.4660, acc: 0.8315
loss: 0.4774, acc: 0.8248
loss: 0.4807, acc: 0.8248
loss: 0.4720, acc: 0.8299
loss: 0.4758, acc: 0.8268
loss: 0.4693, acc: 0.8284
loss: 0.4669, acc: 0.8292
loss: 0.4721, acc: 0.8249
loss: 0.4722, acc: 0.8226
loss: 0.4670, acc: 0.8249
loss: 0.4661, acc: 0.8249
loss: 0.4674, acc: 0.8227
loss: 0.4691, acc: 0.8221
loss: 0.4707, acc: 0.8216
loss: 0.4684, acc: 0.8249
loss: 0.4693, acc: 0.8246
loss: 0.4709, acc: 0.8244
loss: 0.4714, acc: 0.8221
> val_acc: 0.7821, val_f1: 0.6594
>>>>>>>>>>>>>>>>>>>>>>>>>>>>>>>>>>>>>>>>>>>>>>>>>>>>>>>>>>>>>>>>>>>>>>>>>>>>>>>>>>>>>>>>>>>>>>>>>>>>
epoch: 5
loss: 0.4351, acc: 0.8562
loss: 0.4204, acc: 0.8344
loss: 0.4229, acc: 0.8333
loss: 0.4075, acc: 0.8453
loss: 0.4218, acc: 0.8413
loss: 0.4349, acc: 0.8302
loss: 0.4446, acc: 0.8268
loss: 0.4375, acc: 0.8320
loss: 0.4360, acc: 0.8340
loss: 0.4343, acc: 0.8356
loss: 0.4372, acc: 0.8369
loss: 0.4375, acc: 0.8339
loss: 0.4377, acc: 0.8361
loss: 0.4327, acc: 0.8384
loss: 0.4322, acc: 0.8392
loss: 0.4353, acc: 0.8363
loss: 0.4358, acc: 0.8368
loss: 0.4380, acc: 0.8368
loss: 0.4342, acc: 0.8395
loss: 0.4328, acc: 0.8409
loss: 0.4324, acc: 0.8390
loss: 0.4389, acc: 0.8372
> val_acc: 0.7875, val_f1: 0.6568
>> saved: state_dict/gc_ian_restaurant_val_acc0.7875
>>>>>>>>>>>>>>>>>>>>>>>>>>>>>>>>>>>>>>>>>>>>>>>>>>>>>>>>>>>>>>>>>>>>>>>>>>>>>>>>>>>>>>>>>>>>>>>>>>>>
epoch: 6
loss: 0.4588, acc: 0.8750
loss: 0.3918, acc: 0.8661
loss: 0.4043, acc: 0.8594
loss: 0.3912, acc: 0.8658
loss: 0.3954, acc: 0.8608
loss: 0.4046, acc: 0.8542
loss: 0.4020, acc: 0.8535
loss: 0.4059, acc: 0.8505
loss: 0.4118, acc: 0.8490
loss: 0.4104, acc: 0.8517
loss: 0.4078, acc: 0.8534
loss: 0.4120, acc: 0.8520
loss: 0.4026, acc: 0.8574
loss: 0.3991, acc: 0.8601
loss: 0.4008, acc: 0.8581
loss: 0.4046, acc: 0.8571
loss: 0.4071, acc: 0.8556
loss: 0.4099, acc: 0.8545
loss: 0.4125, acc: 0.8516
loss: 0.4116, acc: 0.8515
loss: 0.4132, acc: 0.8496
loss: 0.4101, acc: 0.8516
loss: 0.4098, acc: 0.8521
> val_acc: 0.7875, val_f1: 0.6603
>>>>>>>>>>>>>>>>>>>>>>>>>>>>>>>>>>>>>>>>>>>>>>>>>>>>>>>>>>>>>>>>>>>>>>>>>>>>>>>>>>>>>>>>>>>>>>>>>>>>
epoch: 7
loss: 0.3968, acc: 0.8672
loss: 0.3865, acc: 0.8750
loss: 0.3765, acc: 0.8683
loss: 0.3640, acc: 0.8766
loss: 0.3684, acc: 0.8763
loss: 0.3923, acc: 0.8696
loss: 0.3904, acc: 0.8695
loss: 0.3916, acc: 0.8678
loss: 0.3868, acc: 0.8693
loss: 0.3877, acc: 0.8699
loss: 0.3898, acc: 0.8686
loss: 0.3834, acc: 0.8713
loss: 0.3881, acc: 0.8662
loss: 0.3864, acc: 0.8673
loss: 0.3862, acc: 0.8666
loss: 0.3857, acc: 0.8671
loss: 0.3878, acc: 0.8668
loss: 0.3910, acc: 0.8662
loss: 0.3941, acc: 0.8647
loss: 0.3924, acc: 0.8652
loss: 0.3922, acc: 0.8648
loss: 0.3939, acc: 0.8630
> val_acc: 0.7786, val_f1: 0.6332
>>>>>>>>>>>>>>>>>>>>>>>>>>>>>>>>>>>>>>>>>>>>>>>>>>>>>>>>>>>>>>>>>>>>>>>>>>>>>>>>>>>>>>>>>>>>>>>>>>>>
epoch: 8
loss: 0.3277, acc: 0.9062
loss: 0.3689, acc: 0.8906
loss: 0.3927, acc: 0.8722
loss: 0.3962, acc: 0.8672
loss: 0.3804, acc: 0.8690
loss: 0.3742, acc: 0.8714
loss: 0.3917, acc: 0.8629
loss: 0.3854, acc: 0.8655
loss: 0.3834, acc: 0.8636
loss: 0.3880, acc: 0.8607
loss: 0.3918, acc: 0.8572
loss: 0.3914, acc: 0.8555
loss: 0.3888, acc: 0.8576
loss: 0.3901, acc: 0.8565
loss: 0.3899, acc: 0.8548
loss: 0.3863, acc: 0.8561
loss: 0.3831, acc: 0.8580
loss: 0.3799, acc: 0.8605
loss: 0.3799, acc: 0.8609
loss: 0.3776, acc: 0.8633
loss: 0.3784, acc: 0.8639
loss: 0.3795, acc: 0.8626
loss: 0.3777, acc: 0.8643
> val_acc: 0.7884, val_f1: 0.6524
>> saved: state_dict/gc_ian_restaurant_val_acc0.7884
>>>>>>>>>>>>>>>>>>>>>>>>>>>>>>>>>>>>>>>>>>>>>>>>>>>>>>>>>>>>>>>>>>>>>>>>>>>>>>>>>>>>>>>>>>>>>>>>>>>>
epoch: 9
loss: 0.4097, acc: 0.8333
loss: 0.4132, acc: 0.8320
loss: 0.4140, acc: 0.8293
loss: 0.3905, acc: 0.8507
loss: 0.3932, acc: 0.8505
loss: 0.3774, acc: 0.8605
loss: 0.3746, acc: 0.8617
loss: 0.3753, acc: 0.8660
loss: 0.3783, acc: 0.8663
loss: 0.3764, acc: 0.8639
loss: 0.3690, acc: 0.8685
loss: 0.3654, acc: 0.8712
loss: 0.3601, acc: 0.8750
loss: 0.3575, acc: 0.8755
loss: 0.3591, acc: 0.8733
loss: 0.3608, acc: 0.8722
loss: 0.3624, acc: 0.8724
loss: 0.3630, acc: 0.8725
loss: 0.3615, acc: 0.8740
loss: 0.3596, acc: 0.8750
loss: 0.3629, acc: 0.8729
loss: 0.3616, acc: 0.8736
loss: 0.3622, acc: 0.8733
> val_acc: 0.7866, val_f1: 0.6709
>>>>>>>>>>>>>>>>>>>>>>>>>>>>>>>>>>>>>>>>>>>>>>>>>>>>>>>>>>>>>>>>>>>>>>>>>>>>>>>>>>>>>>>>>>>>>>>>>>>>
epoch: 10
loss: 0.3678, acc: 0.8500
loss: 0.3132, acc: 0.8812
loss: 0.3097, acc: 0.8875
loss: 0.3134, acc: 0.8844
loss: 0.3224, acc: 0.8775
loss: 0.3193, acc: 0.8792
loss: 0.3227, acc: 0.8786
loss: 0.3304, acc: 0.8797
loss: 0.3321, acc: 0.8764
loss: 0.3371, acc: 0.8738
loss: 0.3354, acc: 0.8750
loss: 0.3343, acc: 0.8781
loss: 0.3359, acc: 0.8774
loss: 0.3424, acc: 0.8763
loss: 0.3404, acc: 0.8771
loss: 0.3394, acc: 0.8789
loss: 0.3422, acc: 0.8779
loss: 0.3424, acc: 0.8778
loss: 0.3444, acc: 0.8750
loss: 0.3419, acc: 0.8778
loss: 0.3418, acc: 0.8786
loss: 0.3411, acc: 0.8790
> val_acc: 0.7839, val_f1: 0.6478
>>>>>>>>>>>>>>>>>>>>>>>>>>>>>>>>>>>>>>>>>>>>>>>>>>>>>>>>>>>>>>>>>>>>>>>>>>>>>>>>>>>>>>>>>>>>>>>>>>>>
epoch: 11
loss: 0.3057, acc: 0.9062
loss: 0.3423, acc: 0.8750
loss: 0.3435, acc: 0.8672
loss: 0.3300, acc: 0.8732
loss: 0.3310, acc: 0.8778
loss: 0.3345, acc: 0.8808
loss: 0.3306, acc: 0.8838
loss: 0.3333, acc: 0.8834
loss: 0.3338, acc: 0.8862
loss: 0.3329, acc: 0.8850
loss: 0.3381, acc: 0.8828
loss: 0.3367, acc: 0.8827
loss: 0.3324, acc: 0.8841
loss: 0.3362, acc: 0.8815
loss: 0.3307, acc: 0.8837
loss: 0.3344, acc: 0.8819
loss: 0.3332, acc: 0.8826
loss: 0.3297, acc: 0.8840
loss: 0.3299, acc: 0.8832
loss: 0.3321, acc: 0.8831
loss: 0.3300, acc: 0.8848
loss: 0.3346, acc: 0.8826
loss: 0.3337, acc: 0.8839
> val_acc: 0.7839, val_f1: 0.6556
>>>>>>>>>>>>>>>>>>>>>>>>>>>>>>>>>>>>>>>>>>>>>>>>>>>>>>>>>>>>>>>>>>>>>>>>>>>>>>>>>>>>>>>>>>>>>>>>>>>>
epoch: 12
loss: 0.2666, acc: 0.8906
loss: 0.3159, acc: 0.8785
loss: 0.3280, acc: 0.8795
loss: 0.3339, acc: 0.8750
loss: 0.3268, acc: 0.8815
loss: 0.3242, acc: 0.8869
loss: 0.3119, acc: 0.8897
loss: 0.3165, acc: 0.8870
loss: 0.3104, acc: 0.8920
loss: 0.3109, acc: 0.8916
loss: 0.3073, acc: 0.8953
loss: 0.3040, acc: 0.8962
loss: 0.3102, acc: 0.8926
loss: 0.3087, acc: 0.8931
loss: 0.3135, acc: 0.8919
loss: 0.3165, acc: 0.8908
loss: 0.3175, acc: 0.8917
loss: 0.3172, acc: 0.8919
loss: 0.3154, acc: 0.8933
loss: 0.3136, acc: 0.8946
loss: 0.3144, acc: 0.8954
loss: 0.3135, acc: 0.8968
> val_acc: 0.7795, val_f1: 0.6360
>>>>>>>>>>>>>>>>>>>>>>>>>>>>>>>>>>>>>>>>>>>>>>>>>>>>>>>>>>>>>>>>>>>>>>>>>>>>>>>>>>>>>>>>>>>>>>>>>>>>
epoch: 13
loss: 0.2100, acc: 0.9375
loss: 0.3161, acc: 0.8802
loss: 0.3155, acc: 0.8920
loss: 0.3250, acc: 0.8828
loss: 0.3309, acc: 0.8810
loss: 0.3373, acc: 0.8810
loss: 0.3333, acc: 0.8800
loss: 0.3212, acc: 0.8872
loss: 0.3142, acc: 0.8887
loss: 0.3250, acc: 0.8832
loss: 0.3220, acc: 0.8873
loss: 0.3199, acc: 0.8890
loss: 0.3102, acc: 0.8950
loss: 0.3094, acc: 0.8949
loss: 0.3109, acc: 0.8944
loss: 0.3087, acc: 0.8939
loss: 0.3069, acc: 0.8951
loss: 0.3038, acc: 0.8968
loss: 0.3069, acc: 0.8949
loss: 0.3065, acc: 0.8949
loss: 0.3050, acc: 0.8954
loss: 0.3054, acc: 0.8950
loss: 0.3075, acc: 0.8927
> val_acc: 0.7804, val_f1: 0.6426
>>>>>>>>>>>>>>>>>>>>>>>>>>>>>>>>>>>>>>>>>>>>>>>>>>>>>>>>>>>>>>>>>>>>>>>>>>>>>>>>>>>>>>>>>>>>>>>>>>>>
epoch: 14
loss: 0.3222, acc: 0.8750
loss: 0.2910, acc: 0.8984
loss: 0.2975, acc: 0.9014
loss: 0.2942, acc: 0.9045
loss: 0.2810, acc: 0.9103
loss: 0.2893, acc: 0.9051
loss: 0.2905, acc: 0.9044
loss: 0.2913, acc: 0.9013
loss: 0.2930, acc: 0.9019
loss: 0.2924, acc: 0.9023
loss: 0.2884, acc: 0.9027
loss: 0.2884, acc: 0.9036
loss: 0.2898, acc: 0.9013
loss: 0.2943, acc: 0.8989
loss: 0.2959, acc: 0.8973
loss: 0.2952, acc: 0.8978
loss: 0.2973, acc: 0.8972
loss: 0.2956, acc: 0.8977
loss: 0.2979, acc: 0.8962
loss: 0.2982, acc: 0.8967
loss: 0.2983, acc: 0.8971
loss: 0.2990, acc: 0.8970
loss: 0.3013, acc: 0.8961
> val_acc: 0.7786, val_f1: 0.6508
>>>>>>>>>>>>>>>>>>>>>>>>>>>>>>>>>>>>>>>>>>>>>>>>>>>>>>>>>>>>>>>>>>>>>>>>>>>>>>>>>>>>>>>>>>>>>>>>>>>>
epoch: 15
loss: 0.3398, acc: 0.9000
loss: 0.3466, acc: 0.8812
loss: 0.3087, acc: 0.8917
loss: 0.3009, acc: 0.8906
loss: 0.2876, acc: 0.8925
loss: 0.2965, acc: 0.8917
loss: 0.2972, acc: 0.8929
loss: 0.2985, acc: 0.8922
loss: 0.2983, acc: 0.8944
loss: 0.3012, acc: 0.8925
loss: 0.2918, acc: 0.8977
loss: 0.2950, acc: 0.8979
loss: 0.2958, acc: 0.8971
loss: 0.2965, acc: 0.8969
loss: 0.2965, acc: 0.8971
loss: 0.2938, acc: 0.8988
loss: 0.2918, acc: 0.8996
loss: 0.2891, acc: 0.9010
loss: 0.2913, acc: 0.8984
loss: 0.2899, acc: 0.8994
loss: 0.2919, acc: 0.8988
loss: 0.2914, acc: 0.8986
> val_acc: 0.7777, val_f1: 0.6378
>>>>>>>>>>>>>>>>>>>>>>>>>>>>>>>>>>>>>>>>>>>>>>>>>>>>>>>>>>>>>>>>>>>>>>>>>>>>>>>>>>>>>>>>>>>>>>>>>>>>
epoch: 16
loss: 0.2058, acc: 0.9375
loss: 0.2118, acc: 0.9509
loss: 0.2246, acc: 0.9323
loss: 0.2400, acc: 0.9210
loss: 0.2579, acc: 0.9119
loss: 0.2667, acc: 0.9086
loss: 0.2701, acc: 0.9062
loss: 0.2732, acc: 0.9037
loss: 0.2693, acc: 0.9048
loss: 0.2761, acc: 0.9023
loss: 0.2760, acc: 0.9038
loss: 0.2682, acc: 0.9095
loss: 0.2684, acc: 0.9098
loss: 0.2722, acc: 0.9072
loss: 0.2753, acc: 0.9058
loss: 0.2793, acc: 0.9042
loss: 0.2790, acc: 0.9040
loss: 0.2780, acc: 0.9052
loss: 0.2796, acc: 0.9042
loss: 0.2787, acc: 0.9037
loss: 0.2816, acc: 0.9023
loss: 0.2793, acc: 0.9039
loss: 0.2825, acc: 0.9009
> val_acc: 0.7786, val_f1: 0.6400
>>>>>>>>>>>>>>>>>>>>>>>>>>>>>>>>>>>>>>>>>>>>>>>>>>>>>>>>>>>>>>>>>>>>>>>>>>>>>>>>>>>>>>>>>>>>>>>>>>>>
epoch: 17
loss: 0.3159, acc: 0.8906
loss: 0.2805, acc: 0.9132
loss: 0.2617, acc: 0.9219
loss: 0.2515, acc: 0.9260
loss: 0.2670, acc: 0.9193
loss: 0.2609, acc: 0.9213
loss: 0.2553, acc: 0.9246
loss: 0.2520, acc: 0.9255
loss: 0.2524, acc: 0.9233
loss: 0.2555, acc: 0.9190
loss: 0.2558, acc: 0.9190
loss: 0.2524, acc: 0.9206
loss: 0.2574, acc: 0.9165
loss: 0.2590, acc: 0.9149
loss: 0.2570, acc: 0.9155
loss: 0.2595, acc: 0.9142
loss: 0.2606, acc: 0.9137
loss: 0.2639, acc: 0.9119
loss: 0.2702, acc: 0.9086
loss: 0.2701, acc: 0.9078
loss: 0.2701, acc: 0.9069
loss: 0.2711, acc: 0.9068
> val_acc: 0.7777, val_f1: 0.6358
>>>>>>>>>>>>>>>>>>>>>>>>>>>>>>>>>>>>>>>>>>>>>>>>>>>>>>>>>>>>>>>>>>>>>>>>>>>>>>>>>>>>>>>>>>>>>>>>>>>>
epoch: 18
loss: 0.3516, acc: 0.8750
loss: 0.2714, acc: 0.8906
loss: 0.2360, acc: 0.9261
loss: 0.2260, acc: 0.9355
loss: 0.2462, acc: 0.9256
loss: 0.2491, acc: 0.9195
loss: 0.2520, acc: 0.9194
loss: 0.2551, acc: 0.9141
loss: 0.2533, acc: 0.9131
loss: 0.2609, acc: 0.9096
loss: 0.2634, acc: 0.9056
loss: 0.2636, acc: 0.9062
loss: 0.2598, acc: 0.9088
loss: 0.2569, acc: 0.9100
loss: 0.2631, acc: 0.9045
loss: 0.2657, acc: 0.9042
loss: 0.2688, acc: 0.9032
loss: 0.2705, acc: 0.9019
loss: 0.2709, acc: 0.9008
loss: 0.2715, acc: 0.9001
loss: 0.2726, acc: 0.8998
loss: 0.2755, acc: 0.8977
loss: 0.2760, acc: 0.8981
> val_acc: 0.7750, val_f1: 0.6373
>>>>>>>>>>>>>>>>>>>>>>>>>>>>>>>>>>>>>>>>>>>>>>>>>>>>>>>>>>>>>>>>>>>>>>>>>>>>>>>>>>>>>>>>>>>>>>>>>>>>
epoch: 19
loss: 0.2741, acc: 0.8958
loss: 0.2791, acc: 0.9023
loss: 0.2688, acc: 0.8966
loss: 0.2684, acc: 0.8941
loss: 0.2713, acc: 0.8899
loss: 0.2716, acc: 0.8962
loss: 0.2688, acc: 0.8996
loss: 0.2714, acc: 0.9005
loss: 0.2766, acc: 0.8983
loss: 0.2788, acc: 0.8965
loss: 0.2763, acc: 0.8962
loss: 0.2761, acc: 0.8976
loss: 0.2739, acc: 0.9008
loss: 0.2751, acc: 0.9017
loss: 0.2723, acc: 0.9024
loss: 0.2693, acc: 0.9034
loss: 0.2689, acc: 0.9044
loss: 0.2659, acc: 0.9055
loss: 0.2686, acc: 0.9052
loss: 0.2688, acc: 0.9053
loss: 0.2675, acc: 0.9066
loss: 0.2696, acc: 0.9039
loss: 0.2708, acc: 0.9035
> val_acc: 0.7777, val_f1: 0.6422
>>>>>>>>>>>>>>>>>>>>>>>>>>>>>>>>>>>>>>>>>>>>>>>>>>>>>>>>>>>>>>>>>>>>>>>>>>>>>>>>>>>>>>>>>>>>>>>>>>>>
epoch: 20
loss: 0.1704, acc: 0.9375
loss: 0.2021, acc: 0.9344
loss: 0.2289, acc: 0.9250
loss: 0.2383, acc: 0.9250
loss: 0.2440, acc: 0.9225
loss: 0.2453, acc: 0.9219
loss: 0.2394, acc: 0.9241
loss: 0.2402, acc: 0.9234
loss: 0.2390, acc: 0.9250
loss: 0.2350, acc: 0.9250
loss: 0.2452, acc: 0.9187
loss: 0.2450, acc: 0.9203
loss: 0.2533, acc: 0.9149
loss: 0.2535, acc: 0.9152
loss: 0.2557, acc: 0.9150
loss: 0.2552, acc: 0.9148
loss: 0.2511, acc: 0.9165
loss: 0.2510, acc: 0.9163
loss: 0.2531, acc: 0.9155
loss: 0.2534, acc: 0.9147
loss: 0.2524, acc: 0.9143
loss: 0.2520, acc: 0.9139
> val_acc: 0.7741, val_f1: 0.6354
>>>>>>>>>>>>>>>>>>>>>>>>>>>>>>>>>>>>>>>>>>>>>>>>>>>>>>>>>>>>>>>>>>>>>>>>>>>>>>>>>>>>>>>>>>>>>>>>>>>>
epoch: 21
loss: 0.2162, acc: 0.9219
loss: 0.2016, acc: 0.9330
loss: 0.2083, acc: 0.9323
loss: 0.2137, acc: 0.9301
loss: 0.2115, acc: 0.9304
loss: 0.2166, acc: 0.9271
loss: 0.2096, acc: 0.9307
loss: 0.2160, acc: 0.9291
loss: 0.2212, acc: 0.9256
loss: 0.2292, acc: 0.9222
loss: 0.2335, acc: 0.9189
loss: 0.2310, acc: 0.9216
loss: 0.2305, acc: 0.9214
loss: 0.2292, acc: 0.9240
loss: 0.2308, acc: 0.9232
loss: 0.2348, acc: 0.9213
loss: 0.2364, acc: 0.9188
loss: 0.2373, acc: 0.9188
loss: 0.2353, acc: 0.9198
loss: 0.2363, acc: 0.9204
loss: 0.2419, acc: 0.9164
loss: 0.2424, acc: 0.9162
loss: 0.2453, acc: 0.9146
> val_acc: 0.7768, val_f1: 0.6401
>>>>>>>>>>>>>>>>>>>>>>>>>>>>>>>>>>>>>>>>>>>>>>>>>>>>>>>>>>>>>>>>>>>>>>>>>>>>>>>>>>>>>>>>>>>>>>>>>>>>
epoch: 22
loss: 0.3278, acc: 0.8828
loss: 0.3088, acc: 0.8889
loss: 0.2617, acc: 0.9062
loss: 0.2482, acc: 0.9112
loss: 0.2309, acc: 0.9180
loss: 0.2314, acc: 0.9203
loss: 0.2373, acc: 0.9182
loss: 0.2394, acc: 0.9191
loss: 0.2346, acc: 0.9197
loss: 0.2373, acc: 0.9203
loss: 0.2423, acc: 0.9149
loss: 0.2395, acc: 0.9184
loss: 0.2432, acc: 0.9185
loss: 0.2432, acc: 0.9171
loss: 0.2416, acc: 0.9189
loss: 0.2422, acc: 0.9189
loss: 0.2421, acc: 0.9200
loss: 0.2403, acc: 0.9213
loss: 0.2431, acc: 0.9192
loss: 0.2433, acc: 0.9189
loss: 0.2428, acc: 0.9189
loss: 0.2404, acc: 0.9209
> val_acc: 0.7768, val_f1: 0.6367
>>>>>>>>>>>>>>>>>>>>>>>>>>>>>>>>>>>>>>>>>>>>>>>>>>>>>>>>>>>>>>>>>>>>>>>>>>>>>>>>>>>>>>>>>>>>>>>>>>>>
epoch: 23
loss: 0.2892, acc: 0.9375
loss: 0.2299, acc: 0.9427
loss: 0.2233, acc: 0.9432
loss: 0.2249, acc: 0.9375
loss: 0.2227, acc: 0.9360
loss: 0.2281, acc: 0.9315
loss: 0.2406, acc: 0.9264
loss: 0.2382, acc: 0.9297
loss: 0.2396, acc: 0.9284
loss: 0.2384, acc: 0.9293
loss: 0.2365, acc: 0.9301
loss: 0.2393, acc: 0.9291
loss: 0.2369, acc: 0.9288
loss: 0.2351, acc: 0.9280
loss: 0.2368, acc: 0.9291
loss: 0.2417, acc: 0.9260
loss: 0.2425, acc: 0.9240
loss: 0.2406, acc: 0.9248
loss: 0.2396, acc: 0.9245
loss: 0.2390, acc: 0.9245
loss: 0.2401, acc: 0.9242
loss: 0.2416, acc: 0.9219
loss: 0.2405, acc: 0.9220
> val_acc: 0.7786, val_f1: 0.6398
>>>>>>>>>>>>>>>>>>>>>>>>>>>>>>>>>>>>>>>>>>>>>>>>>>>>>>>>>>>>>>>>>>>>>>>>>>>>>>>>>>>>>>>>>>>>>>>>>>>>
epoch: 24
loss: 0.1991, acc: 0.9271
loss: 0.1947, acc: 0.9336
loss: 0.2029, acc: 0.9327
loss: 0.2241, acc: 0.9219
loss: 0.2233, acc: 0.9253
loss: 0.2175, acc: 0.9297
loss: 0.2137, acc: 0.9299
loss: 0.2153, acc: 0.9285
loss: 0.2117, acc: 0.9317
loss: 0.2137, acc: 0.9290
loss: 0.2148, acc: 0.9269
loss: 0.2176, acc: 0.9251
loss: 0.2196, acc: 0.9231
loss: 0.2215, acc: 0.9219
loss: 0.2232, acc: 0.9217
loss: 0.2267, acc: 0.9195
loss: 0.2310, acc: 0.9172
loss: 0.2297, acc: 0.9180
loss: 0.2322, acc: 0.9183
loss: 0.2324, acc: 0.9180
loss: 0.2340, acc: 0.9178
loss: 0.2345, acc: 0.9178
loss: 0.2345, acc: 0.9182
> val_acc: 0.7732, val_f1: 0.6370
>>>>>>>>>>>>>>>>>>>>>>>>>>>>>>>>>>>>>>>>>>>>>>>>>>>>>>>>>>>>>>>>>>>>>>>>>>>>>>>>>>>>>>>>>>>>>>>>>>>>
epoch: 25
loss: 0.2604, acc: 0.9000
loss: 0.2383, acc: 0.9062
loss: 0.2210, acc: 0.9187
loss: 0.2160, acc: 0.9297
loss: 0.2245, acc: 0.9263
loss: 0.2183, acc: 0.9302
loss: 0.2160, acc: 0.9304
loss: 0.2108, acc: 0.9320
loss: 0.2119, acc: 0.9313
loss: 0.2129, acc: 0.9300
loss: 0.2203, acc: 0.9239
loss: 0.2246, acc: 0.9219
loss: 0.2231, acc: 0.9250
loss: 0.2244, acc: 0.9254
loss: 0.2263, acc: 0.9233
loss: 0.2282, acc: 0.9230
loss: 0.2324, acc: 0.9202
loss: 0.2348, acc: 0.9191
loss: 0.2356, acc: 0.9178
loss: 0.2357, acc: 0.9163
loss: 0.2342, acc: 0.9167
loss: 0.2338, acc: 0.9170
> val_acc: 0.7741, val_f1: 0.6395
>>>>>>>>>>>>>>>>>>>>>>>>>>>>>>>>>>>>>>>>>>>>>>>>>>>>>>>>>>>>>>>>>>>>>>>>>>>>>>>>>>>>>>>>>>>>>>>>>>>>
epoch: 26
loss: 0.1801, acc: 0.9375
loss: 0.1689, acc: 0.9554
loss: 0.1945, acc: 0.9453
loss: 0.2178, acc: 0.9338
loss: 0.2099, acc: 0.9361
loss: 0.2092, acc: 0.9340
loss: 0.2183, acc: 0.9277
loss: 0.2211, acc: 0.9274
loss: 0.2239, acc: 0.9249
loss: 0.2251, acc: 0.9242
loss: 0.2247, acc: 0.9249
loss: 0.2262, acc: 0.9232
loss: 0.2310, acc: 0.9209
loss: 0.2306, acc: 0.9212
loss: 0.2319, acc: 0.9210
loss: 0.2335, acc: 0.9188
loss: 0.2316, acc: 0.9192
loss: 0.2316, acc: 0.9206
loss: 0.2321, acc: 0.9195
loss: 0.2359, acc: 0.9166
loss: 0.2339, acc: 0.9161
loss: 0.2319, acc: 0.9168
loss: 0.2306, acc: 0.9174
> val_acc: 0.7750, val_f1: 0.6412
>>>>>>>>>>>>>>>>>>>>>>>>>>>>>>>>>>>>>>>>>>>>>>>>>>>>>>>>>>>>>>>>>>>>>>>>>>>>>>>>>>>>>>>>>>>>>>>>>>>>
epoch: 27
loss: 0.2750, acc: 0.8984
loss: 0.2664, acc: 0.8993
loss: 0.2190, acc: 0.9286
loss: 0.2306, acc: 0.9178
loss: 0.2322, acc: 0.9206
loss: 0.2342, acc: 0.9224
loss: 0.2355, acc: 0.9200
loss: 0.2369, acc: 0.9215
loss: 0.2346, acc: 0.9219
loss: 0.2365, acc: 0.9203
loss: 0.2371, acc: 0.9196
loss: 0.2364, acc: 0.9200
loss: 0.2322, acc: 0.9209
loss: 0.2335, acc: 0.9203
loss: 0.2311, acc: 0.9210
loss: 0.2314, acc: 0.9225
loss: 0.2296, acc: 0.9222
loss: 0.2311, acc: 0.9210
loss: 0.2294, acc: 0.9215
loss: 0.2298, acc: 0.9214
loss: 0.2305, acc: 0.9201
loss: 0.2298, acc: 0.9206
> val_acc: 0.7732, val_f1: 0.6377
>>>>>>>>>>>>>>>>>>>>>>>>>>>>>>>>>>>>>>>>>>>>>>>>>>>>>>>>>>>>>>>>>>>>>>>>>>>>>>>>>>>>>>>>>>>>>>>>>>>>
epoch: 28
loss: 0.2374, acc: 0.9062
loss: 0.1855, acc: 0.9271
loss: 0.1802, acc: 0.9318
loss: 0.2075, acc: 0.9199
loss: 0.2100, acc: 0.9241
loss: 0.2100, acc: 0.9255
loss: 0.2102, acc: 0.9274
loss: 0.2047, acc: 0.9306
loss: 0.2148, acc: 0.9284
loss: 0.2205, acc: 0.9232
loss: 0.2160, acc: 0.9240
loss: 0.2128, acc: 0.9247
loss: 0.2081, acc: 0.9267
loss: 0.2110, acc: 0.9252
loss: 0.2128, acc: 0.9243
loss: 0.2168, acc: 0.9227
loss: 0.2191, acc: 0.9217
loss: 0.2211, acc: 0.9211
loss: 0.2251, acc: 0.9190
loss: 0.2238, acc: 0.9199
loss: 0.2220, acc: 0.9202
loss: 0.2217, acc: 0.9201
loss: 0.2210, acc: 0.9203
> val_acc: 0.7714, val_f1: 0.6342
>>>>>>>>>>>>>>>>>>>>>>>>>>>>>>>>>>>>>>>>>>>>>>>>>>>>>>>>>>>>>>>>>>>>>>>>>>>>>>>>>>>>>>>>>>>>>>>>>>>>
epoch: 29
loss: 0.2842, acc: 0.9271
loss: 0.2140, acc: 0.9492
loss: 0.2291, acc: 0.9303
loss: 0.2293, acc: 0.9340
loss: 0.2308, acc: 0.9293
loss: 0.2357, acc: 0.9263
loss: 0.2238, acc: 0.9318
loss: 0.2289, acc: 0.9268
loss: 0.2297, acc: 0.9222
loss: 0.2265, acc: 0.9245
loss: 0.2259, acc: 0.9263
loss: 0.2262, acc: 0.9251
loss: 0.2293, acc: 0.9246
loss: 0.2288, acc: 0.9237
loss: 0.2305, acc: 0.9221
loss: 0.2305, acc: 0.9219
loss: 0.2308, acc: 0.9217
loss: 0.2344, acc: 0.9194
loss: 0.2339, acc: 0.9190
loss: 0.2314, acc: 0.9203
loss: 0.2303, acc: 0.9208
loss: 0.2299, acc: 0.9207
loss: 0.2284, acc: 0.9213
> val_acc: 0.7732, val_f1: 0.6358
>>>>>>>>>>>>>>>>>>>>>>>>>>>>>>>>>>>>>>>>>>>>>>>>>>>>>>>>>>>>>>>>>>>>>>>>>>>>>>>>>>>>>>>>>>>>>>>>>>>>
epoch: 30
loss: 0.2054, acc: 0.9688
loss: 0.1884, acc: 0.9469
loss: 0.2023, acc: 0.9354
loss: 0.2066, acc: 0.9344
loss: 0.2115, acc: 0.9313
loss: 0.2122, acc: 0.9313
loss: 0.2200, acc: 0.9268
loss: 0.2256, acc: 0.9250
loss: 0.2173, acc: 0.9292
loss: 0.2174, acc: 0.9281
loss: 0.2178, acc: 0.9301
loss: 0.2183, acc: 0.9302
loss: 0.2177, acc: 0.9298
loss: 0.2181, acc: 0.9290
loss: 0.2189, acc: 0.9296
loss: 0.2197, acc: 0.9277
loss: 0.2188, acc: 0.9287
loss: 0.2199, acc: 0.9271
loss: 0.2204, acc: 0.9263
loss: 0.2161, acc: 0.9287
loss: 0.2177, acc: 0.9277
loss: 0.2170, acc: 0.9284
> val_acc: 0.7705, val_f1: 0.6275
>>>>>>>>>>>>>>>>>>>>>>>>>>>>>>>>>>>>>>>>>>>>>>>>>>>>>>>>>>>>>>>>>>>>>>>>>>>>>>>>>>>>>>>>>>>>>>>>>>>>
epoch: 31
loss: 0.2237, acc: 0.9062
loss: 0.1972, acc: 0.9241
loss: 0.1914, acc: 0.9297
loss: 0.2004, acc: 0.9246
loss: 0.1945, acc: 0.9276
loss: 0.1931, acc: 0.9282
loss: 0.1896, acc: 0.9297
loss: 0.1928, acc: 0.9307
loss: 0.1947, acc: 0.9286
loss: 0.1976, acc: 0.9289
loss: 0.1984, acc: 0.9291
loss: 0.2024, acc: 0.9271
loss: 0.2052, acc: 0.9264
loss: 0.2071, acc: 0.9272
loss: 0.2048, acc: 0.9288
loss: 0.2014, acc: 0.9302
loss: 0.2056, acc: 0.9291
loss: 0.2045, acc: 0.9303
loss: 0.2049, acc: 0.9307
loss: 0.2052, acc: 0.9314
loss: 0.2066, acc: 0.9308
loss: 0.2075, acc: 0.9299
loss: 0.2101, acc: 0.9280
> val_acc: 0.7741, val_f1: 0.6396
>>>>>>>>>>>>>>>>>>>>>>>>>>>>>>>>>>>>>>>>>>>>>>>>>>>>>>>>>>>>>>>>>>>>>>>>>>>>>>>>>>>>>>>>>>>>>>>>>>>>
epoch: 32
loss: 0.1411, acc: 0.9609
loss: 0.1505, acc: 0.9444
loss: 0.1926, acc: 0.9286
loss: 0.2042, acc: 0.9243
loss: 0.2012, acc: 0.9258
loss: 0.2021, acc: 0.9267
loss: 0.1975, acc: 0.9292
loss: 0.1972, acc: 0.9279
loss: 0.1987, acc: 0.9268
loss: 0.1968, acc: 0.9298
loss: 0.1981, acc: 0.9300
loss: 0.2002, acc: 0.9306
loss: 0.2010, acc: 0.9302
loss: 0.2049, acc: 0.9284
loss: 0.2061, acc: 0.9282
loss: 0.2061, acc: 0.9284
loss: 0.2045, acc: 0.9293
loss: 0.2054, acc: 0.9294
loss: 0.2061, acc: 0.9282
loss: 0.2111, acc: 0.9265
loss: 0.2110, acc: 0.9270
loss: 0.2105, acc: 0.9266
> val_acc: 0.7741, val_f1: 0.6381
>>>>>>>>>>>>>>>>>>>>>>>>>>>>>>>>>>>>>>>>>>>>>>>>>>>>>>>>>>>>>>>>>>>>>>>>>>>>>>>>>>>>>>>>>>>>>>>>>>>>
epoch: 33
loss: 0.1096, acc: 0.9688
loss: 0.2445, acc: 0.8958
loss: 0.2249, acc: 0.9176
loss: 0.2087, acc: 0.9297
loss: 0.2020, acc: 0.9315
loss: 0.2059, acc: 0.9279
loss: 0.2177, acc: 0.9224
loss: 0.2212, acc: 0.9201
loss: 0.2243, acc: 0.9223
loss: 0.2197, acc: 0.9239
loss: 0.2167, acc: 0.9265
loss: 0.2203, acc: 0.9241
loss: 0.2191, acc: 0.9232
loss: 0.2193, acc: 0.9228
loss: 0.2174, acc: 0.9243
loss: 0.2152, acc: 0.9239
loss: 0.2149, acc: 0.9252
loss: 0.2143, acc: 0.9262
loss: 0.2126, acc: 0.9265
loss: 0.2128, acc: 0.9258
loss: 0.2164, acc: 0.9242
loss: 0.2143, acc: 0.9242
loss: 0.2130, acc: 0.9245
> val_acc: 0.7696, val_f1: 0.6314
>>>>>>>>>>>>>>>>>>>>>>>>>>>>>>>>>>>>>>>>>>>>>>>>>>>>>>>>>>>>>>>>>>>>>>>>>>>>>>>>>>>>>>>>>>>>>>>>>>>>
epoch: 34
loss: 0.2507, acc: 0.9271
loss: 0.1943, acc: 0.9414
loss: 0.1941, acc: 0.9399
loss: 0.1926, acc: 0.9375
loss: 0.1825, acc: 0.9429
loss: 0.1847, acc: 0.9420
loss: 0.1751, acc: 0.9479
loss: 0.1789, acc: 0.9474
loss: 0.1831, acc: 0.9440
loss: 0.1906, acc: 0.9401
loss: 0.1923, acc: 0.9399
loss: 0.1921, acc: 0.9402
loss: 0.1941, acc: 0.9400
loss: 0.1960, acc: 0.9389
loss: 0.1986, acc: 0.9379
loss: 0.2009, acc: 0.9355
loss: 0.1991, acc: 0.9364
loss: 0.1965, acc: 0.9368
loss: 0.1967, acc: 0.9372
loss: 0.1975, acc: 0.9362
loss: 0.1968, acc: 0.9363
loss: 0.1984, acc: 0.9358
loss: 0.1993, acc: 0.9346
> val_acc: 0.7723, val_f1: 0.6365
>>>>>>>>>>>>>>>>>>>>>>>>>>>>>>>>>>>>>>>>>>>>>>>>>>>>>>>>>>>>>>>>>>>>>>>>>>>>>>>>>>>>>>>>>>>>>>>>>>>>
epoch: 35
loss: 0.1685, acc: 0.9437
loss: 0.1792, acc: 0.9406
loss: 0.1792, acc: 0.9292
loss: 0.1901, acc: 0.9250
loss: 0.1927, acc: 0.9275
loss: 0.1979, acc: 0.9271
loss: 0.1921, acc: 0.9313
loss: 0.1906, acc: 0.9336
loss: 0.1925, acc: 0.9361
loss: 0.1950, acc: 0.9363
loss: 0.2033, acc: 0.9301
loss: 0.2019, acc: 0.9318
loss: 0.2043, acc: 0.9308
loss: 0.2054, acc: 0.9304
loss: 0.2039, acc: 0.9313
loss: 0.2041, acc: 0.9313
loss: 0.2036, acc: 0.9316
loss: 0.2017, acc: 0.9330
loss: 0.2027, acc: 0.9332
loss: 0.1998, acc: 0.9350
loss: 0.1974, acc: 0.9357
loss: 0.1964, acc: 0.9358
> val_acc: 0.7768, val_f1: 0.6311
>>>>>>>>>>>>>>>>>>>>>>>>>>>>>>>>>>>>>>>>>>>>>>>>>>>>>>>>>>>>>>>>>>>>>>>>>>>>>>>>>>>>>>>>>>>>>>>>>>>>
epoch: 36
loss: 0.1655, acc: 0.9688
loss: 0.1912, acc: 0.9464
loss: 0.1973, acc: 0.9427
loss: 0.1880, acc: 0.9485
loss: 0.1905, acc: 0.9460
loss: 0.1964, acc: 0.9421
loss: 0.1933, acc: 0.9434
loss: 0.1945, acc: 0.9392
loss: 0.1965, acc: 0.9368
loss: 0.1969, acc: 0.9388
loss: 0.2005, acc: 0.9375
loss: 0.1977, acc: 0.9386
loss: 0.1937, acc: 0.9410
loss: 0.1918, acc: 0.9403
loss: 0.1896, acc: 0.9418
loss: 0.1917, acc: 0.9403
loss: 0.1911, acc: 0.9402
loss: 0.1875, acc: 0.9422
loss: 0.1889, acc: 0.9402
loss: 0.1872, acc: 0.9404
loss: 0.1905, acc: 0.9384
loss: 0.1916, acc: 0.9384
loss: 0.1914, acc: 0.9378
> val_acc: 0.7750, val_f1: 0.6428
>>>>>>>>>>>>>>>>>>>>>>>>>>>>>>>>>>>>>>>>>>>>>>>>>>>>>>>>>>>>>>>>>>>>>>>>>>>>>>>>>>>>>>>>>>>>>>>>>>>>
epoch: 37
loss: 0.1926, acc: 0.9453
loss: 0.2213, acc: 0.9201
loss: 0.2116, acc: 0.9263
loss: 0.2092, acc: 0.9260
loss: 0.2055, acc: 0.9271
loss: 0.1991, acc: 0.9278
loss: 0.2106, acc: 0.9274
loss: 0.2009, acc: 0.9327
loss: 0.2046, acc: 0.9297
loss: 0.2043, acc: 0.9318
loss: 0.1994, acc: 0.9334
loss: 0.2032, acc: 0.9322
loss: 0.2025, acc: 0.9316
loss: 0.2052, acc: 0.9312
loss: 0.2034, acc: 0.9303
loss: 0.2056, acc: 0.9288
loss: 0.2023, acc: 0.9308
loss: 0.2046, acc: 0.9294
loss: 0.2062, acc: 0.9279
loss: 0.2057, acc: 0.9274
loss: 0.2042, acc: 0.9279
loss: 0.2036, acc: 0.9283
> val_acc: 0.7696, val_f1: 0.6326
>>>>>>>>>>>>>>>>>>>>>>>>>>>>>>>>>>>>>>>>>>>>>>>>>>>>>>>>>>>>>>>>>>>>>>>>>>>>>>>>>>>>>>>>>>>>>>>>>>>>
epoch: 38
loss: 0.2276, acc: 0.9375
loss: 0.2190, acc: 0.9167
loss: 0.1794, acc: 0.9347
loss: 0.1986, acc: 0.9277
loss: 0.1937, acc: 0.9286
loss: 0.1851, acc: 0.9339
loss: 0.1781, acc: 0.9385
loss: 0.1813, acc: 0.9392
loss: 0.1758, acc: 0.9398
loss: 0.1768, acc: 0.9395
loss: 0.1791, acc: 0.9387
loss: 0.1809, acc: 0.9375
loss: 0.1818, acc: 0.9360
loss: 0.1831, acc: 0.9366
loss: 0.1835, acc: 0.9366
loss: 0.1850, acc: 0.9363
loss: 0.1869, acc: 0.9356
loss: 0.1892, acc: 0.9342
loss: 0.1863, acc: 0.9348
loss: 0.1887, acc: 0.9339
loss: 0.1882, acc: 0.9347
loss: 0.1864, acc: 0.9357
loss: 0.1876, acc: 0.9350
> val_acc: 0.7661, val_f1: 0.6256
>>>>>>>>>>>>>>>>>>>>>>>>>>>>>>>>>>>>>>>>>>>>>>>>>>>>>>>>>>>>>>>>>>>>>>>>>>>>>>>>>>>>>>>>>>>>>>>>>>>>
epoch: 39
loss: 0.1765, acc: 0.9375
loss: 0.1816, acc: 0.9336
loss: 0.2149, acc: 0.9207
loss: 0.2008, acc: 0.9253
loss: 0.1998, acc: 0.9226
loss: 0.1943, acc: 0.9263
loss: 0.1940, acc: 0.9233
loss: 0.1942, acc: 0.9252
loss: 0.1935, acc: 0.9251
loss: 0.1857, acc: 0.9316
loss: 0.1850, acc: 0.9322
loss: 0.1852, acc: 0.9327
loss: 0.1844, acc: 0.9340
loss: 0.1846, acc: 0.9357
loss: 0.1884, acc: 0.9341
loss: 0.1871, acc: 0.9339
loss: 0.1897, acc: 0.9322
loss: 0.1932, acc: 0.9311
loss: 0.1934, acc: 0.9308
loss: 0.1937, acc: 0.9302
loss: 0.1923, acc: 0.9317
loss: 0.1929, acc: 0.9323
loss: 0.1917, acc: 0.9335
> val_acc: 0.7732, val_f1: 0.6293
>>>>>>>>>>>>>>>>>>>>>>>>>>>>>>>>>>>>>>>>>>>>>>>>>>>>>>>>>>>>>>>>>>>>>>>>>>>>>>>>>>>>>>>>>>>>>>>>>>>>
epoch: 40
loss: 0.1261, acc: 0.9688
loss: 0.1556, acc: 0.9594
loss: 0.1776, acc: 0.9437
loss: 0.1748, acc: 0.9469
loss: 0.1886, acc: 0.9437
loss: 0.1879, acc: 0.9437
loss: 0.1884, acc: 0.9411
loss: 0.1812, acc: 0.9445
loss: 0.1823, acc: 0.9431
loss: 0.1798, acc: 0.9444
loss: 0.1754, acc: 0.9466
loss: 0.1745, acc: 0.9464
loss: 0.1757, acc: 0.9447
loss: 0.1777, acc: 0.9437
loss: 0.1810, acc: 0.9417
loss: 0.1803, acc: 0.9418
loss: 0.1793, acc: 0.9415
loss: 0.1802, acc: 0.9420
loss: 0.1811, acc: 0.9414
loss: 0.1807, acc: 0.9422
loss: 0.1806, acc: 0.9420
loss: 0.1833, acc: 0.9412
> val_acc: 0.7732, val_f1: 0.6327
>>>>>>>>>>>>>>>>>>>>>>>>>>>>>>>>>>>>>>>>>>>>>>>>>>>>>>>>>>>>>>>>>>>>>>>>>>>>>>>>>>>>>>>>>>>>>>>>>>>>
epoch: 41
loss: 0.1659, acc: 0.9375
loss: 0.1757, acc: 0.9554
loss: 0.2131, acc: 0.9245
loss: 0.1978, acc: 0.9301
loss: 0.1918, acc: 0.9304
loss: 0.1957, acc: 0.9271
loss: 0.1954, acc: 0.9268
loss: 0.1944, acc: 0.9299
loss: 0.1958, acc: 0.9308
loss: 0.1989, acc: 0.9295
loss: 0.1962, acc: 0.9291
loss: 0.1985, acc: 0.9282
loss: 0.1984, acc: 0.9279
loss: 0.1937, acc: 0.9310
loss: 0.1958, acc: 0.9297
loss: 0.1955, acc: 0.9298
loss: 0.1947, acc: 0.9310
loss: 0.1923, acc: 0.9314
loss: 0.1932, acc: 0.9310
loss: 0.1920, acc: 0.9323
loss: 0.1938, acc: 0.9314
loss: 0.1927, acc: 0.9328
loss: 0.1915, acc: 0.9336
> val_acc: 0.7688, val_f1: 0.6310
>>>>>>>>>>>>>>>>>>>>>>>>>>>>>>>>>>>>>>>>>>>>>>>>>>>>>>>>>>>>>>>>>>>>>>>>>>>>>>>>>>>>>>>>>>>>>>>>>>>>
epoch: 42
loss: 0.2409, acc: 0.9375
loss: 0.1970, acc: 0.9444
loss: 0.1926, acc: 0.9375
loss: 0.1832, acc: 0.9408
loss: 0.1761, acc: 0.9466
loss: 0.1839, acc: 0.9407
loss: 0.1906, acc: 0.9357
loss: 0.1854, acc: 0.9375
loss: 0.1828, acc: 0.9389
loss: 0.1812, acc: 0.9388
loss: 0.1791, acc: 0.9404
loss: 0.1759, acc: 0.9412
loss: 0.1776, acc: 0.9424
loss: 0.1770, acc: 0.9434
loss: 0.1815, acc: 0.9417
loss: 0.1822, acc: 0.9407
loss: 0.1852, acc: 0.9401
loss: 0.1843, acc: 0.9407
loss: 0.1867, acc: 0.9388
loss: 0.1858, acc: 0.9391
loss: 0.1870, acc: 0.9381
loss: 0.1897, acc: 0.9361
> val_acc: 0.7705, val_f1: 0.6309
>>>>>>>>>>>>>>>>>>>>>>>>>>>>>>>>>>>>>>>>>>>>>>>>>>>>>>>>>>>>>>>>>>>>>>>>>>>>>>>>>>>>>>>>>>>>>>>>>>>>
epoch: 43
loss: 0.2848, acc: 0.8750
loss: 0.1951, acc: 0.9271
loss: 0.1577, acc: 0.9489
loss: 0.1560, acc: 0.9512
loss: 0.1785, acc: 0.9345
loss: 0.1831, acc: 0.9351
loss: 0.1844, acc: 0.9355
loss: 0.1793, acc: 0.9384
loss: 0.1863, acc: 0.9360
loss: 0.1855, acc: 0.9368
loss: 0.1882, acc: 0.9357
loss: 0.1898, acc: 0.9342
loss: 0.1855, acc: 0.9375
loss: 0.1851, acc: 0.9375
loss: 0.1849, acc: 0.9362
loss: 0.1828, acc: 0.9367
loss: 0.1833, acc: 0.9367
loss: 0.1843, acc: 0.9350
loss: 0.1876, acc: 0.9341
loss: 0.1877, acc: 0.9346
loss: 0.1868, acc: 0.9356
loss: 0.1867, acc: 0.9363
loss: 0.1873, acc: 0.9361
> val_acc: 0.7732, val_f1: 0.6278
>>>>>>>>>>>>>>>>>>>>>>>>>>>>>>>>>>>>>>>>>>>>>>>>>>>>>>>>>>>>>>>>>>>>>>>>>>>>>>>>>>>>>>>>>>>>>>>>>>>>
epoch: 44
loss: 0.1941, acc: 0.9375
loss: 0.1852, acc: 0.9492
loss: 0.1821, acc: 0.9423
loss: 0.1795, acc: 0.9392
loss: 0.1810, acc: 0.9375
loss: 0.1830, acc: 0.9364
loss: 0.1716, acc: 0.9413
loss: 0.1690, acc: 0.9449
loss: 0.1647, acc: 0.9469
loss: 0.1621, acc: 0.9460
loss: 0.1634, acc: 0.9452
loss: 0.1632, acc: 0.9440
loss: 0.1654, acc: 0.9425
loss: 0.1682, acc: 0.9435
loss: 0.1704, acc: 0.9418
loss: 0.1747, acc: 0.9411
loss: 0.1785, acc: 0.9398
loss: 0.1782, acc: 0.9400
loss: 0.1794, acc: 0.9395
loss: 0.1818, acc: 0.9378
loss: 0.1825, acc: 0.9375
loss: 0.1851, acc: 0.9366
loss: 0.1851, acc: 0.9368
> val_acc: 0.7732, val_f1: 0.6308
>>>>>>>>>>>>>>>>>>>>>>>>>>>>>>>>>>>>>>>>>>>>>>>>>>>>>>>>>>>>>>>>>>>>>>>>>>>>>>>>>>>>>>>>>>>>>>>>>>>>
epoch: 45
loss: 0.2408, acc: 0.9125
loss: 0.1960, acc: 0.9437
loss: 0.1698, acc: 0.9521
loss: 0.1765, acc: 0.9469
loss: 0.1763, acc: 0.9437
loss: 0.1783, acc: 0.9437
loss: 0.1784, acc: 0.9420
loss: 0.1803, acc: 0.9406
loss: 0.1822, acc: 0.9382
loss: 0.1821, acc: 0.9387
loss: 0.1854, acc: 0.9392
loss: 0.1890, acc: 0.9385
loss: 0.1856, acc: 0.9404
loss: 0.1883, acc: 0.9397
loss: 0.1855, acc: 0.9400
loss: 0.1857, acc: 0.9391
loss: 0.1874, acc: 0.9382
loss: 0.1895, acc: 0.9375
loss: 0.1881, acc: 0.9378
loss: 0.1885, acc: 0.9378
loss: 0.1875, acc: 0.9378
loss: 0.1862, acc: 0.9395
> val_acc: 0.7768, val_f1: 0.6232
>>>>>>>>>>>>>>>>>>>>>>>>>>>>>>>>>>>>>>>>>>>>>>>>>>>>>>>>>>>>>>>>>>>>>>>>>>>>>>>>>>>>>>>>>>>>>>>>>>>>
epoch: 46
loss: 0.2495, acc: 0.9062
loss: 0.2077, acc: 0.9241
loss: 0.2002, acc: 0.9323
loss: 0.1824, acc: 0.9393
loss: 0.1906, acc: 0.9361
loss: 0.1833, acc: 0.9398
loss: 0.1784, acc: 0.9414
loss: 0.1820, acc: 0.9392
loss: 0.1820, acc: 0.9390
loss: 0.1820, acc: 0.9395
loss: 0.1748, acc: 0.9435
loss: 0.1712, acc: 0.9463
loss: 0.1753, acc: 0.9430
loss: 0.1767, acc: 0.9431
loss: 0.1741, acc: 0.9453
loss: 0.1734, acc: 0.9456
loss: 0.1733, acc: 0.9451
loss: 0.1728, acc: 0.9447
loss: 0.1738, acc: 0.9436
loss: 0.1725, acc: 0.9446
loss: 0.1745, acc: 0.9433
loss: 0.1746, acc: 0.9436
loss: 0.1753, acc: 0.9436
> val_acc: 0.7661, val_f1: 0.6283
>>>>>>>>>>>>>>>>>>>>>>>>>>>>>>>>>>>>>>>>>>>>>>>>>>>>>>>>>>>>>>>>>>>>>>>>>>>>>>>>>>>>>>>>>>>>>>>>>>>>
epoch: 47
loss: 0.1567, acc: 0.9609
loss: 0.1628, acc: 0.9618
loss: 0.1666, acc: 0.9487
loss: 0.1581, acc: 0.9523
loss: 0.1598, acc: 0.9492
loss: 0.1603, acc: 0.9483
loss: 0.1671, acc: 0.9430
loss: 0.1732, acc: 0.9407
loss: 0.1701, acc: 0.9418
loss: 0.1683, acc: 0.9426
loss: 0.1720, acc: 0.9410
loss: 0.1774, acc: 0.9375
loss: 0.1785, acc: 0.9370
loss: 0.1804, acc: 0.9375
loss: 0.1813, acc: 0.9367
loss: 0.1785, acc: 0.9387
loss: 0.1778, acc: 0.9382
loss: 0.1760, acc: 0.9400
loss: 0.1754, acc: 0.9405
loss: 0.1742, acc: 0.9419
loss: 0.1760, acc: 0.9411
loss: 0.1750, acc: 0.9418
> val_acc: 0.7679, val_f1: 0.6249
>>>>>>>>>>>>>>>>>>>>>>>>>>>>>>>>>>>>>>>>>>>>>>>>>>>>>>>>>>>>>>>>>>>>>>>>>>>>>>>>>>>>>>>>>>>>>>>>>>>>
epoch: 48
loss: 0.3235, acc: 0.8750
loss: 0.1761, acc: 0.9427
loss: 0.1886, acc: 0.9375
loss: 0.1864, acc: 0.9395
loss: 0.1740, acc: 0.9435
loss: 0.1748, acc: 0.9423
loss: 0.1728, acc: 0.9435
loss: 0.1723, acc: 0.9427
loss: 0.1733, acc: 0.9444
loss: 0.1773, acc: 0.9416
loss: 0.1750, acc: 0.9449
loss: 0.1722, acc: 0.9475
loss: 0.1707, acc: 0.9493
loss: 0.1738, acc: 0.9489
loss: 0.1716, acc: 0.9489
loss: 0.1767, acc: 0.9465
loss: 0.1770, acc: 0.9471
loss: 0.1807, acc: 0.9448
loss: 0.1791, acc: 0.9454
loss: 0.1778, acc: 0.9456
loss: 0.1770, acc: 0.9462
loss: 0.1785, acc: 0.9446
loss: 0.1778, acc: 0.9454
> val_acc: 0.7705, val_f1: 0.6319
>>>>>>>>>>>>>>>>>>>>>>>>>>>>>>>>>>>>>>>>>>>>>>>>>>>>>>>>>>>>>>>>>>>>>>>>>>>>>>>>>>>>>>>>>>>>>>>>>>>>
epoch: 49
loss: 0.1419, acc: 0.9688
loss: 0.1286, acc: 0.9648
loss: 0.1459, acc: 0.9543
loss: 0.1463, acc: 0.9531
loss: 0.1487, acc: 0.9524
loss: 0.1537, acc: 0.9531
loss: 0.1596, acc: 0.9460
loss: 0.1578, acc: 0.9465
loss: 0.1646, acc: 0.9433
loss: 0.1639, acc: 0.9427
loss: 0.1634, acc: 0.9428
loss: 0.1648, acc: 0.9418
loss: 0.1643, acc: 0.9430
loss: 0.1646, acc: 0.9435
loss: 0.1625, acc: 0.9452
loss: 0.1650, acc: 0.9435
loss: 0.1688, acc: 0.9424
loss: 0.1667, acc: 0.9435
loss: 0.1660, acc: 0.9442
loss: 0.1694, acc: 0.9426
loss: 0.1725, acc: 0.9414
loss: 0.1726, acc: 0.9410
loss: 0.1719, acc: 0.9412
> val_acc: 0.7688, val_f1: 0.6250
>>>>>>>>>>>>>>>>>>>>>>>>>>>>>>>>>>>>>>>>>>>>>>>>>>>>>>>>>>>>>>>>>>>>>>>>>>>>>>>>>>>>>>>>>>>>>>>>>>>>
epoch: 50
loss: 0.1362, acc: 0.9688
loss: 0.1246, acc: 0.9719
loss: 0.1334, acc: 0.9604
loss: 0.1322, acc: 0.9625
loss: 0.1445, acc: 0.9587
loss: 0.1434, acc: 0.9583
loss: 0.1535, acc: 0.9518
loss: 0.1557, acc: 0.9539
loss: 0.1589, acc: 0.9514
loss: 0.1587, acc: 0.9500
loss: 0.1599, acc: 0.9494
loss: 0.1653, acc: 0.9464
loss: 0.1681, acc: 0.9437
loss: 0.1679, acc: 0.9424
loss: 0.1680, acc: 0.9417
loss: 0.1691, acc: 0.9414
loss: 0.1699, acc: 0.9404
loss: 0.1696, acc: 0.9403
loss: 0.1708, acc: 0.9398
loss: 0.1709, acc: 0.9397
loss: 0.1693, acc: 0.9411
loss: 0.1715, acc: 0.9406
> val_acc: 0.7714, val_f1: 0.6286
>>>>>>>>>>>>>>>>>>>>>>>>>>>>>>>>>>>>>>>>>>>>>>>>>>>>>>>>>>>>>>>>>>>>>>>>>>>>>>>>>>>>>>>>>>>>>>>>>>>>
epoch: 51
loss: 0.1902, acc: 0.9219
loss: 0.1523, acc: 0.9598
loss: 0.1531, acc: 0.9609
loss: 0.1540, acc: 0.9596
loss: 0.1550, acc: 0.9574
loss: 0.1537, acc: 0.9549
loss: 0.1578, acc: 0.9482
loss: 0.1533, acc: 0.9510
loss: 0.1517, acc: 0.9509
loss: 0.1510, acc: 0.9501
loss: 0.1499, acc: 0.9513
loss: 0.1532, acc: 0.9496
loss: 0.1568, acc: 0.9471
loss: 0.1588, acc: 0.9459
loss: 0.1549, acc: 0.9475
loss: 0.1546, acc: 0.9485
loss: 0.1560, acc: 0.9478
loss: 0.1577, acc: 0.9461
loss: 0.1593, acc: 0.9467
loss: 0.1585, acc: 0.9472
loss: 0.1597, acc: 0.9464
loss: 0.1596, acc: 0.9457
loss: 0.1601, acc: 0.9453
> val_acc: 0.7688, val_f1: 0.6291
>>>>>>>>>>>>>>>>>>>>>>>>>>>>>>>>>>>>>>>>>>>>>>>>>>>>>>>>>>>>>>>>>>>>>>>>>>>>>>>>>>>>>>>>>>>>>>>>>>>>
epoch: 52
loss: 0.1259, acc: 0.9688
loss: 0.1468, acc: 0.9549
loss: 0.1463, acc: 0.9509
loss: 0.1500, acc: 0.9490
loss: 0.1643, acc: 0.9414
loss: 0.1655, acc: 0.9418
loss: 0.1689, acc: 0.9393
loss: 0.1675, acc: 0.9383
loss: 0.1631, acc: 0.9411
loss: 0.1606, acc: 0.9426
loss: 0.1603, acc: 0.9450
loss: 0.1613, acc: 0.9454
loss: 0.1609, acc: 0.9453
loss: 0.1626, acc: 0.9443
loss: 0.1618, acc: 0.9451
loss: 0.1625, acc: 0.9450
loss: 0.1621, acc: 0.9442
loss: 0.1624, acc: 0.9435
loss: 0.1622, acc: 0.9441
loss: 0.1610, acc: 0.9451
loss: 0.1629, acc: 0.9441
loss: 0.1637, acc: 0.9432
> val_acc: 0.7679, val_f1: 0.6316
>>>>>>>>>>>>>>>>>>>>>>>>>>>>>>>>>>>>>>>>>>>>>>>>>>>>>>>>>>>>>>>>>>>>>>>>>>>>>>>>>>>>>>>>>>>>>>>>>>>>
epoch: 53
loss: 0.1664, acc: 0.9375
loss: 0.1801, acc: 0.9219
loss: 0.1612, acc: 0.9375
loss: 0.1634, acc: 0.9336
loss: 0.1579, acc: 0.9420
loss: 0.1613, acc: 0.9399
loss: 0.1570, acc: 0.9446
loss: 0.1574, acc: 0.9444
loss: 0.1582, acc: 0.9421
loss: 0.1558, acc: 0.9443
loss: 0.1572, acc: 0.9455
loss: 0.1563, acc: 0.9470
loss: 0.1552, acc: 0.9488
loss: 0.1584, acc: 0.9470
loss: 0.1629, acc: 0.9450
loss: 0.1644, acc: 0.9445
loss: 0.1614, acc: 0.9468
loss: 0.1626, acc: 0.9459
loss: 0.1655, acc: 0.9451
loss: 0.1637, acc: 0.9460
loss: 0.1640, acc: 0.9449
loss: 0.1664, acc: 0.9434
loss: 0.1658, acc: 0.9428
> val_acc: 0.7786, val_f1: 0.6326
>>>>>>>>>>>>>>>>>>>>>>>>>>>>>>>>>>>>>>>>>>>>>>>>>>>>>>>>>>>>>>>>>>>>>>>>>>>>>>>>>>>>>>>>>>>>>>>>>>>>
epoch: 54
loss: 0.2167, acc: 0.9271
loss: 0.1758, acc: 0.9375
loss: 0.1820, acc: 0.9351
loss: 0.1725, acc: 0.9375
loss: 0.1779, acc: 0.9334
loss: 0.1698, acc: 0.9375
loss: 0.1633, acc: 0.9422
loss: 0.1595, acc: 0.9416
loss: 0.1654, acc: 0.9390
loss: 0.1657, acc: 0.9408
loss: 0.1737, acc: 0.9363
loss: 0.1716, acc: 0.9386
loss: 0.1671, acc: 0.9405
loss: 0.1684, acc: 0.9393
loss: 0.1696, acc: 0.9405
loss: 0.1688, acc: 0.9403
loss: 0.1700, acc: 0.9409
loss: 0.1679, acc: 0.9421
loss: 0.1670, acc: 0.9432
loss: 0.1681, acc: 0.9426
loss: 0.1721, acc: 0.9399
loss: 0.1718, acc: 0.9401
loss: 0.1704, acc: 0.9410
> val_acc: 0.7670, val_f1: 0.6275
>>>>>>>>>>>>>>>>>>>>>>>>>>>>>>>>>>>>>>>>>>>>>>>>>>>>>>>>>>>>>>>>>>>>>>>>>>>>>>>>>>>>>>>>>>>>>>>>>>>>
epoch: 55
loss: 0.1645, acc: 0.9500
loss: 0.1722, acc: 0.9437
loss: 0.1665, acc: 0.9437
loss: 0.1683, acc: 0.9422
loss: 0.1784, acc: 0.9375
loss: 0.1797, acc: 0.9396
loss: 0.1726, acc: 0.9420
loss: 0.1677, acc: 0.9414
loss: 0.1638, acc: 0.9437
loss: 0.1627, acc: 0.9450
loss: 0.1619, acc: 0.9455
loss: 0.1597, acc: 0.9464
loss: 0.1624, acc: 0.9452
loss: 0.1619, acc: 0.9460
loss: 0.1616, acc: 0.9446
loss: 0.1634, acc: 0.9434
loss: 0.1640, acc: 0.9434
loss: 0.1641, acc: 0.9434
loss: 0.1651, acc: 0.9431
loss: 0.1684, acc: 0.9416
loss: 0.1670, acc: 0.9423
loss: 0.1670, acc: 0.9423
> val_acc: 0.7688, val_f1: 0.6244
>>>>>>>>>>>>>>>>>>>>>>>>>>>>>>>>>>>>>>>>>>>>>>>>>>>>>>>>>>>>>>>>>>>>>>>>>>>>>>>>>>>>>>>>>>>>>>>>>>>>
epoch: 56
loss: 0.1742, acc: 0.9375
loss: 0.1678, acc: 0.9554
loss: 0.1657, acc: 0.9453
loss: 0.1702, acc: 0.9375
loss: 0.1644, acc: 0.9446
loss: 0.1696, acc: 0.9433
loss: 0.1594, acc: 0.9482
loss: 0.1600, acc: 0.9485
loss: 0.1619, acc: 0.9479
loss: 0.1646, acc: 0.9461
loss: 0.1669, acc: 0.9441
loss: 0.1651, acc: 0.9452
loss: 0.1647, acc: 0.9461
loss: 0.1618, acc: 0.9468
loss: 0.1639, acc: 0.9466
loss: 0.1659, acc: 0.9448
loss: 0.1659, acc: 0.9440
loss: 0.1636, acc: 0.9450
loss: 0.1658, acc: 0.9450
loss: 0.1654, acc: 0.9446
loss: 0.1627, acc: 0.9458
loss: 0.1637, acc: 0.9460
loss: 0.1631, acc: 0.9464
> val_acc: 0.7696, val_f1: 0.6266
>>>>>>>>>>>>>>>>>>>>>>>>>>>>>>>>>>>>>>>>>>>>>>>>>>>>>>>>>>>>>>>>>>>>>>>>>>>>>>>>>>>>>>>>>>>>>>>>>>>>
epoch: 57
loss: 0.2103, acc: 0.9375
loss: 0.1529, acc: 0.9583
loss: 0.1649, acc: 0.9531
loss: 0.1559, acc: 0.9556
loss: 0.1548, acc: 0.9570
loss: 0.1482, acc: 0.9580
loss: 0.1476, acc: 0.9568
loss: 0.1467, acc: 0.9567
loss: 0.1522, acc: 0.9524
loss: 0.1517, acc: 0.9528
loss: 0.1533, acc: 0.9514
loss: 0.1525, acc: 0.9513
loss: 0.1517, acc: 0.9517
loss: 0.1545, acc: 0.9502
loss: 0.1532, acc: 0.9506
loss: 0.1538, acc: 0.9506
loss: 0.1547, acc: 0.9516
loss: 0.1538, acc: 0.9519
loss: 0.1547, acc: 0.9501
loss: 0.1551, acc: 0.9501
loss: 0.1566, acc: 0.9498
loss: 0.1553, acc: 0.9501
> val_acc: 0.7714, val_f1: 0.6286
>>>>>>>>>>>>>>>>>>>>>>>>>>>>>>>>>>>>>>>>>>>>>>>>>>>>>>>>>>>>>>>>>>>>>>>>>>>>>>>>>>>>>>>>>>>>>>>>>>>>
epoch: 58
loss: 0.1641, acc: 0.9375
loss: 0.1470, acc: 0.9531
loss: 0.1525, acc: 0.9432
loss: 0.1537, acc: 0.9434
loss: 0.1555, acc: 0.9435
loss: 0.1580, acc: 0.9387
loss: 0.1540, acc: 0.9435
loss: 0.1506, acc: 0.9462
loss: 0.1519, acc: 0.9489
loss: 0.1548, acc: 0.9463
loss: 0.1554, acc: 0.9461
loss: 0.1522, acc: 0.9481
loss: 0.1535, acc: 0.9477
loss: 0.1500, acc: 0.9498
loss: 0.1514, acc: 0.9489
loss: 0.1517, acc: 0.9474
loss: 0.1520, acc: 0.9487
loss: 0.1534, acc: 0.9484
loss: 0.1540, acc: 0.9485
loss: 0.1561, acc: 0.9476
loss: 0.1549, acc: 0.9483
loss: 0.1542, acc: 0.9499
loss: 0.1554, acc: 0.9490
> val_acc: 0.7768, val_f1: 0.6319
>>>>>>>>>>>>>>>>>>>>>>>>>>>>>>>>>>>>>>>>>>>>>>>>>>>>>>>>>>>>>>>>>>>>>>>>>>>>>>>>>>>>>>>>>>>>>>>>>>>>
epoch: 59
loss: 0.2041, acc: 0.9271
loss: 0.1551, acc: 0.9453
loss: 0.1608, acc: 0.9399
loss: 0.1493, acc: 0.9479
loss: 0.1511, acc: 0.9497
loss: 0.1491, acc: 0.9498
loss: 0.1459, acc: 0.9517
loss: 0.1515, acc: 0.9474
loss: 0.1527, acc: 0.9499
loss: 0.1514, acc: 0.9505
loss: 0.1485, acc: 0.9522
loss: 0.1514, acc: 0.9504
loss: 0.1485, acc: 0.9529
loss: 0.1490, acc: 0.9522
loss: 0.1514, acc: 0.9516
loss: 0.1527, acc: 0.9507
loss: 0.1541, acc: 0.9507
loss: 0.1535, acc: 0.9499
loss: 0.1554, acc: 0.9483
loss: 0.1572, acc: 0.9471
loss: 0.1550, acc: 0.9487
loss: 0.1556, acc: 0.9482
loss: 0.1554, acc: 0.9484
> val_acc: 0.7777, val_f1: 0.6308
>>>>>>>>>>>>>>>>>>>>>>>>>>>>>>>>>>>>>>>>>>>>>>>>>>>>>>>>>>>>>>>>>>>>>>>>>>>>>>>>>>>>>>>>>>>>>>>>>>>>
epoch: 60
loss: 0.1161, acc: 0.9750
loss: 0.1362, acc: 0.9625
loss: 0.1514, acc: 0.9500
loss: 0.1586, acc: 0.9469
loss: 0.1547, acc: 0.9513
loss: 0.1527, acc: 0.9521
loss: 0.1610, acc: 0.9473
loss: 0.1604, acc: 0.9492
loss: 0.1576, acc: 0.9514
loss: 0.1575, acc: 0.9525
loss: 0.1598, acc: 0.9511
loss: 0.1587, acc: 0.9505
loss: 0.1572, acc: 0.9505
loss: 0.1563, acc: 0.9504
loss: 0.1558, acc: 0.9508
loss: 0.1580, acc: 0.9484
loss: 0.1546, acc: 0.9504
loss: 0.1532, acc: 0.9507
loss: 0.1555, acc: 0.9497
loss: 0.1585, acc: 0.9484
loss: 0.1590, acc: 0.9479
loss: 0.1584, acc: 0.9489
> val_acc: 0.7688, val_f1: 0.6264
>>>>>>>>>>>>>>>>>>>>>>>>>>>>>>>>>>>>>>>>>>>>>>>>>>>>>>>>>>>>>>>>>>>>>>>>>>>>>>>>>>>>>>>>>>>>>>>>>>>>
epoch: 61
loss: 0.2300, acc: 0.8750
loss: 0.1622, acc: 0.9286
loss: 0.1342, acc: 0.9479
loss: 0.1459, acc: 0.9412
loss: 0.1448, acc: 0.9460
loss: 0.1424, acc: 0.9479
loss: 0.1485, acc: 0.9434
loss: 0.1457, acc: 0.9476
loss: 0.1486, acc: 0.9487
loss: 0.1460, acc: 0.9508
loss: 0.1453, acc: 0.9507
loss: 0.1487, acc: 0.9496
loss: 0.1466, acc: 0.9516
loss: 0.1533, acc: 0.9492
loss: 0.1521, acc: 0.9501
loss: 0.1535, acc: 0.9489
loss: 0.1539, acc: 0.9493
loss: 0.1541, acc: 0.9497
loss: 0.1525, acc: 0.9497
loss: 0.1505, acc: 0.9507
loss: 0.1508, acc: 0.9510
loss: 0.1511, acc: 0.9504
loss: 0.1509, acc: 0.9509
> val_acc: 0.7723, val_f1: 0.6260
>>>>>>>>>>>>>>>>>>>>>>>>>>>>>>>>>>>>>>>>>>>>>>>>>>>>>>>>>>>>>>>>>>>>>>>>>>>>>>>>>>>>>>>>>>>>>>>>>>>>
epoch: 62
loss: 0.1578, acc: 0.9609
loss: 0.1463, acc: 0.9618
loss: 0.1458, acc: 0.9576
loss: 0.1431, acc: 0.9589
loss: 0.1414, acc: 0.9557
loss: 0.1435, acc: 0.9569
loss: 0.1449, acc: 0.9540
loss: 0.1407, acc: 0.9559
loss: 0.1422, acc: 0.9545
loss: 0.1423, acc: 0.9554
loss: 0.1411, acc: 0.9549
loss: 0.1414, acc: 0.9539
loss: 0.1444, acc: 0.9536
loss: 0.1447, acc: 0.9534
loss: 0.1437, acc: 0.9535
loss: 0.1450, acc: 0.9509
loss: 0.1453, acc: 0.9505
loss: 0.1467, acc: 0.9508
loss: 0.1458, acc: 0.9511
loss: 0.1445, acc: 0.9520
loss: 0.1457, acc: 0.9510
loss: 0.1490, acc: 0.9493
> val_acc: 0.7679, val_f1: 0.6280
>>>>>>>>>>>>>>>>>>>>>>>>>>>>>>>>>>>>>>>>>>>>>>>>>>>>>>>>>>>>>>>>>>>>>>>>>>>>>>>>>>>>>>>>>>>>>>>>>>>>
epoch: 63
loss: 0.1728, acc: 0.9062
loss: 0.1594, acc: 0.9427
loss: 0.1337, acc: 0.9602
loss: 0.1374, acc: 0.9551
loss: 0.1376, acc: 0.9539
loss: 0.1366, acc: 0.9555
loss: 0.1394, acc: 0.9567
loss: 0.1410, acc: 0.9557
loss: 0.1398, acc: 0.9558
loss: 0.1363, acc: 0.9565
loss: 0.1358, acc: 0.9565
loss: 0.1346, acc: 0.9565
loss: 0.1344, acc: 0.9559
loss: 0.1378, acc: 0.9555
loss: 0.1410, acc: 0.9529
loss: 0.1425, acc: 0.9519
loss: 0.1463, acc: 0.9502
loss: 0.1456, acc: 0.9506
loss: 0.1447, acc: 0.9509
loss: 0.1460, acc: 0.9505
loss: 0.1472, acc: 0.9505
loss: 0.1459, acc: 0.9514
loss: 0.1455, acc: 0.9516
> val_acc: 0.7750, val_f1: 0.6301
>>>>>>>>>>>>>>>>>>>>>>>>>>>>>>>>>>>>>>>>>>>>>>>>>>>>>>>>>>>>>>>>>>>>>>>>>>>>>>>>>>>>>>>>>>>>>>>>>>>>
epoch: 64
loss: 0.1047, acc: 0.9583
loss: 0.1169, acc: 0.9688
loss: 0.1182, acc: 0.9663
loss: 0.1283, acc: 0.9618
loss: 0.1345, acc: 0.9620
loss: 0.1349, acc: 0.9609
loss: 0.1319, acc: 0.9621
loss: 0.1343, acc: 0.9613
loss: 0.1342, acc: 0.9615
loss: 0.1453, acc: 0.9577
loss: 0.1483, acc: 0.9552
loss: 0.1496, acc: 0.9537
loss: 0.1479, acc: 0.9539
loss: 0.1484, acc: 0.9531
loss: 0.1484, acc: 0.9525
loss: 0.1487, acc: 0.9519
loss: 0.1488, acc: 0.9526
loss: 0.1518, acc: 0.9506
loss: 0.1551, acc: 0.9489
loss: 0.1538, acc: 0.9503
loss: 0.1560, acc: 0.9484
loss: 0.1538, acc: 0.9494
loss: 0.1536, acc: 0.9496
> val_acc: 0.7670, val_f1: 0.6240
>>>>>>>>>>>>>>>>>>>>>>>>>>>>>>>>>>>>>>>>>>>>>>>>>>>>>>>>>>>>>>>>>>>>>>>>>>>>>>>>>>>>>>>>>>>>>>>>>>>>
epoch: 65
loss: 0.1609, acc: 0.9625
loss: 0.1498, acc: 0.9656
loss: 0.1532, acc: 0.9563
loss: 0.1427, acc: 0.9609
loss: 0.1394, acc: 0.9613
loss: 0.1343, acc: 0.9625
loss: 0.1318, acc: 0.9643
loss: 0.1343, acc: 0.9609
loss: 0.1360, acc: 0.9583
loss: 0.1337, acc: 0.9581
loss: 0.1375, acc: 0.9580
loss: 0.1350, acc: 0.9589
loss: 0.1361, acc: 0.9582
loss: 0.1354, acc: 0.9585
loss: 0.1336, acc: 0.9596
loss: 0.1383, acc: 0.9574
loss: 0.1392, acc: 0.9577
loss: 0.1401, acc: 0.9580
loss: 0.1448, acc: 0.9566
loss: 0.1452, acc: 0.9566
loss: 0.1460, acc: 0.9560
loss: 0.1482, acc: 0.9548
> val_acc: 0.7705, val_f1: 0.6248
>>>>>>>>>>>>>>>>>>>>>>>>>>>>>>>>>>>>>>>>>>>>>>>>>>>>>>>>>>>>>>>>>>>>>>>>>>>>>>>>>>>>>>>>>>>>>>>>>>>>
epoch: 66
loss: 0.1438, acc: 0.9531
loss: 0.1595, acc: 0.9375
loss: 0.1481, acc: 0.9531
loss: 0.1424, acc: 0.9559
loss: 0.1509, acc: 0.9503
loss: 0.1498, acc: 0.9514
loss: 0.1506, acc: 0.9512
loss: 0.1500, acc: 0.9510
loss: 0.1477, acc: 0.9531
loss: 0.1475, acc: 0.9528
loss: 0.1499, acc: 0.9519
loss: 0.1514, acc: 0.9507
loss: 0.1506, acc: 0.9506
loss: 0.1489, acc: 0.9510
loss: 0.1499, acc: 0.9501
loss: 0.1506, acc: 0.9493
loss: 0.1493, acc: 0.9505
loss: 0.1498, acc: 0.9508
loss: 0.1494, acc: 0.9504
loss: 0.1488, acc: 0.9507
loss: 0.1492, acc: 0.9507
loss: 0.1481, acc: 0.9512
loss: 0.1470, acc: 0.9515
> val_acc: 0.7643, val_f1: 0.6193
>>>>>>>>>>>>>>>>>>>>>>>>>>>>>>>>>>>>>>>>>>>>>>>>>>>>>>>>>>>>>>>>>>>>>>>>>>>>>>>>>>>>>>>>>>>>>>>>>>>>
epoch: 67
loss: 0.1283, acc: 0.9688
loss: 0.1327, acc: 0.9618
loss: 0.1298, acc: 0.9621
loss: 0.1191, acc: 0.9704
loss: 0.1293, acc: 0.9674
loss: 0.1277, acc: 0.9677
loss: 0.1258, acc: 0.9669
loss: 0.1275, acc: 0.9647
loss: 0.1258, acc: 0.9659
loss: 0.1332, acc: 0.9605
loss: 0.1351, acc: 0.9583
loss: 0.1352, acc: 0.9582
loss: 0.1366, acc: 0.9575
loss: 0.1409, acc: 0.9547
loss: 0.1454, acc: 0.9540
loss: 0.1461, acc: 0.9533
loss: 0.1457, acc: 0.9524
loss: 0.1451, acc: 0.9526
loss: 0.1436, acc: 0.9538
loss: 0.1431, acc: 0.9552
loss: 0.1423, acc: 0.9549
loss: 0.1423, acc: 0.9547
> val_acc: 0.7723, val_f1: 0.6211
>>>>>>>>>>>>>>>>>>>>>>>>>>>>>>>>>>>>>>>>>>>>>>>>>>>>>>>>>>>>>>>>>>>>>>>>>>>>>>>>>>>>>>>>>>>>>>>>>>>>
epoch: 68
loss: 0.1936, acc: 0.9688
loss: 0.1612, acc: 0.9531
loss: 0.1471, acc: 0.9574
loss: 0.1645, acc: 0.9473
loss: 0.1593, acc: 0.9449
loss: 0.1605, acc: 0.9423
loss: 0.1566, acc: 0.9446
loss: 0.1553, acc: 0.9453
loss: 0.1512, acc: 0.9482
loss: 0.1545, acc: 0.9457
loss: 0.1548, acc: 0.9455
loss: 0.1562, acc: 0.9459
loss: 0.1568, acc: 0.9447
loss: 0.1580, acc: 0.9451
loss: 0.1588, acc: 0.9459
loss: 0.1602, acc: 0.9457
loss: 0.1601, acc: 0.9468
loss: 0.1584, acc: 0.9480
loss: 0.1557, acc: 0.9499
loss: 0.1538, acc: 0.9508
loss: 0.1530, acc: 0.9511
loss: 0.1526, acc: 0.9514
loss: 0.1532, acc: 0.9510
> val_acc: 0.7705, val_f1: 0.6254
>>>>>>>>>>>>>>>>>>>>>>>>>>>>>>>>>>>>>>>>>>>>>>>>>>>>>>>>>>>>>>>>>>>>>>>>>>>>>>>>>>>>>>>>>>>>>>>>>>>>
epoch: 69
loss: 0.0949, acc: 0.9688
loss: 0.1092, acc: 0.9609
loss: 0.1138, acc: 0.9567
loss: 0.1160, acc: 0.9618
loss: 0.1219, acc: 0.9579
loss: 0.1257, acc: 0.9587
loss: 0.1324, acc: 0.9545
loss: 0.1367, acc: 0.9539
loss: 0.1362, acc: 0.9542
loss: 0.1361, acc: 0.9544
loss: 0.1368, acc: 0.9534
loss: 0.1397, acc: 0.9526
loss: 0.1457, acc: 0.9504
loss: 0.1442, acc: 0.9508
loss: 0.1423, acc: 0.9533
loss: 0.1433, acc: 0.9527
loss: 0.1474, acc: 0.9503
loss: 0.1453, acc: 0.9517
loss: 0.1455, acc: 0.9506
loss: 0.1456, acc: 0.9496
loss: 0.1474, acc: 0.9490
loss: 0.1478, acc: 0.9485
loss: 0.1476, acc: 0.9484
> val_acc: 0.7696, val_f1: 0.6274
>>>>>>>>>>>>>>>>>>>>>>>>>>>>>>>>>>>>>>>>>>>>>>>>>>>>>>>>>>>>>>>>>>>>>>>>>>>>>>>>>>>>>>>>>>>>>>>>>>>>
epoch: 70
loss: 0.1315, acc: 0.9625
loss: 0.1250, acc: 0.9563
loss: 0.1420, acc: 0.9479
loss: 0.1417, acc: 0.9516
loss: 0.1419, acc: 0.9537
loss: 0.1351, acc: 0.9583
loss: 0.1371, acc: 0.9554
loss: 0.1345, acc: 0.9555
loss: 0.1357, acc: 0.9542
loss: 0.1399, acc: 0.9513
loss: 0.1400, acc: 0.9517
loss: 0.1369, acc: 0.9531
loss: 0.1370, acc: 0.9543
loss: 0.1413, acc: 0.9522
loss: 0.1438, acc: 0.9521
loss: 0.1455, acc: 0.9508
loss: 0.1440, acc: 0.9507
loss: 0.1427, acc: 0.9510
loss: 0.1419, acc: 0.9516
loss: 0.1460, acc: 0.9500
loss: 0.1487, acc: 0.9485
loss: 0.1491, acc: 0.9489
> val_acc: 0.7696, val_f1: 0.6220
>>>>>>>>>>>>>>>>>>>>>>>>>>>>>>>>>>>>>>>>>>>>>>>>>>>>>>>>>>>>>>>>>>>>>>>>>>>>>>>>>>>>>>>>>>>>>>>>>>>>
epoch: 71
loss: 0.1783, acc: 0.9375
loss: 0.1398, acc: 0.9643
loss: 0.1492, acc: 0.9505
loss: 0.1395, acc: 0.9522
loss: 0.1395, acc: 0.9531
loss: 0.1369, acc: 0.9537
loss: 0.1386, acc: 0.9531
loss: 0.1388, acc: 0.9535
loss: 0.1370, acc: 0.9539
loss: 0.1376, acc: 0.9521
loss: 0.1384, acc: 0.9513
loss: 0.1376, acc: 0.9523
loss: 0.1423, acc: 0.9496
loss: 0.1415, acc: 0.9510
loss: 0.1432, acc: 0.9492
loss: 0.1424, acc: 0.9497
loss: 0.1455, acc: 0.9482
loss: 0.1443, acc: 0.9497
loss: 0.1432, acc: 0.9501
loss: 0.1433, acc: 0.9501
loss: 0.1404, acc: 0.9519
loss: 0.1403, acc: 0.9524
loss: 0.1399, acc: 0.9517
> val_acc: 0.7688, val_f1: 0.6236
>>>>>>>>>>>>>>>>>>>>>>>>>>>>>>>>>>>>>>>>>>>>>>>>>>>>>>>>>>>>>>>>>>>>>>>>>>>>>>>>>>>>>>>>>>>>>>>>>>>>
epoch: 72
loss: 0.1821, acc: 0.9297
loss: 0.1433, acc: 0.9549
loss: 0.1660, acc: 0.9442
loss: 0.1605, acc: 0.9474
loss: 0.1571, acc: 0.9440
loss: 0.1518, acc: 0.9450
loss: 0.1474, acc: 0.9476
loss: 0.1493, acc: 0.9463
loss: 0.1481, acc: 0.9482
loss: 0.1470, acc: 0.9490
loss: 0.1426, acc: 0.9514
loss: 0.1451, acc: 0.9492
loss: 0.1451, acc: 0.9482
loss: 0.1485, acc: 0.9475
loss: 0.1485, acc: 0.9481
loss: 0.1504, acc: 0.9474
loss: 0.1479, acc: 0.9483
loss: 0.1467, acc: 0.9487
loss: 0.1493, acc: 0.9481
loss: 0.1480, acc: 0.9495
loss: 0.1474, acc: 0.9495
loss: 0.1484, acc: 0.9481
> val_acc: 0.7688, val_f1: 0.6255
>>>>>>>>>>>>>>>>>>>>>>>>>>>>>>>>>>>>>>>>>>>>>>>>>>>>>>>>>>>>>>>>>>>>>>>>>>>>>>>>>>>>>>>>>>>>>>>>>>>>
epoch: 73
loss: 0.2770, acc: 0.8750
loss: 0.1355, acc: 0.9635
loss: 0.1460, acc: 0.9602
loss: 0.1328, acc: 0.9668
loss: 0.1326, acc: 0.9643
loss: 0.1399, acc: 0.9603
loss: 0.1367, acc: 0.9607
loss: 0.1365, acc: 0.9609
loss: 0.1315, acc: 0.9634
loss: 0.1302, acc: 0.9633
loss: 0.1300, acc: 0.9632
loss: 0.1311, acc: 0.9626
loss: 0.1352, acc: 0.9616
loss: 0.1368, acc: 0.9593
loss: 0.1372, acc: 0.9586
loss: 0.1385, acc: 0.9572
loss: 0.1401, acc: 0.9552
loss: 0.1401, acc: 0.9549
loss: 0.1399, acc: 0.9547
loss: 0.1417, acc: 0.9544
loss: 0.1412, acc: 0.9548
loss: 0.1406, acc: 0.9555
loss: 0.1399, acc: 0.9558
> val_acc: 0.7688, val_f1: 0.6236
>>>>>>>>>>>>>>>>>>>>>>>>>>>>>>>>>>>>>>>>>>>>>>>>>>>>>>>>>>>>>>>>>>>>>>>>>>>>>>>>>>>>>>>>>>>>>>>>>>>>
epoch: 74
loss: 0.1843, acc: 0.9375
loss: 0.1410, acc: 0.9609
loss: 0.1322, acc: 0.9615
loss: 0.1475, acc: 0.9497
loss: 0.1508, acc: 0.9457
loss: 0.1468, acc: 0.9498
loss: 0.1469, acc: 0.9489
loss: 0.1506, acc: 0.9465
loss: 0.1464, acc: 0.9499
loss: 0.1487, acc: 0.9486
loss: 0.1446, acc: 0.9511
loss: 0.1413, acc: 0.9520
loss: 0.1400, acc: 0.9534
loss: 0.1403, acc: 0.9536
loss: 0.1398, acc: 0.9538
loss: 0.1386, acc: 0.9539
loss: 0.1420, acc: 0.9533
loss: 0.1409, acc: 0.9535
loss: 0.1402, acc: 0.9536
loss: 0.1378, acc: 0.9550
loss: 0.1371, acc: 0.9560
loss: 0.1362, acc: 0.9560
loss: 0.1363, acc: 0.9551
> val_acc: 0.7688, val_f1: 0.6210
>>>>>>>>>>>>>>>>>>>>>>>>>>>>>>>>>>>>>>>>>>>>>>>>>>>>>>>>>>>>>>>>>>>>>>>>>>>>>>>>>>>>>>>>>>>>>>>>>>>>
epoch: 75
loss: 0.1229, acc: 0.9500
loss: 0.1424, acc: 0.9344
loss: 0.1383, acc: 0.9396
loss: 0.1386, acc: 0.9453
loss: 0.1340, acc: 0.9525
loss: 0.1362, acc: 0.9542
loss: 0.1347, acc: 0.9554
loss: 0.1384, acc: 0.9516
loss: 0.1390, acc: 0.9521
loss: 0.1367, acc: 0.9525
loss: 0.1381, acc: 0.9523
loss: 0.1375, acc: 0.9526
loss: 0.1392, acc: 0.9529
loss: 0.1369, acc: 0.9545
loss: 0.1419, acc: 0.9521
loss: 0.1449, acc: 0.9504
loss: 0.1441, acc: 0.9507
loss: 0.1452, acc: 0.9507
loss: 0.1450, acc: 0.9510
loss: 0.1419, acc: 0.9528
loss: 0.1411, acc: 0.9527
loss: 0.1400, acc: 0.9526
> val_acc: 0.7696, val_f1: 0.6230
>>>>>>>>>>>>>>>>>>>>>>>>>>>>>>>>>>>>>>>>>>>>>>>>>>>>>>>>>>>>>>>>>>>>>>>>>>>>>>>>>>>>>>>>>>>>>>>>>>>>
epoch: 76
loss: 0.1838, acc: 0.9062
loss: 0.1648, acc: 0.9375
loss: 0.1343, acc: 0.9531
loss: 0.1241, acc: 0.9596
loss: 0.1163, acc: 0.9631
loss: 0.1194, acc: 0.9641
loss: 0.1232, acc: 0.9629
loss: 0.1253, acc: 0.9603
loss: 0.1294, acc: 0.9568
loss: 0.1340, acc: 0.9574
loss: 0.1315, acc: 0.9591
loss: 0.1317, acc: 0.9578
loss: 0.1307, acc: 0.9582
loss: 0.1333, acc: 0.9562
loss: 0.1340, acc: 0.9566
loss: 0.1357, acc: 0.9554
loss: 0.1373, acc: 0.9554
loss: 0.1373, acc: 0.9547
loss: 0.1367, acc: 0.9558
loss: 0.1380, acc: 0.9543
loss: 0.1403, acc: 0.9531
loss: 0.1398, acc: 0.9530
loss: 0.1377, acc: 0.9537
> val_acc: 0.7688, val_f1: 0.6233
>>>>>>>>>>>>>>>>>>>>>>>>>>>>>>>>>>>>>>>>>>>>>>>>>>>>>>>>>>>>>>>>>>>>>>>>>>>>>>>>>>>>>>>>>>>>>>>>>>>>
epoch: 77
loss: 0.0904, acc: 0.9766
loss: 0.0982, acc: 0.9722
loss: 0.1013, acc: 0.9732
loss: 0.1057, acc: 0.9688
loss: 0.1160, acc: 0.9609
loss: 0.1183, acc: 0.9644
loss: 0.1223, acc: 0.9632
loss: 0.1198, acc: 0.9647
loss: 0.1221, acc: 0.9624
loss: 0.1264, acc: 0.9611
loss: 0.1272, acc: 0.9606
loss: 0.1277, acc: 0.9597
loss: 0.1262, acc: 0.9600
loss: 0.1272, acc: 0.9592
loss: 0.1286, acc: 0.9586
loss: 0.1280, acc: 0.9589
loss: 0.1277, acc: 0.9587
loss: 0.1297, acc: 0.9575
loss: 0.1310, acc: 0.9568
loss: 0.1347, acc: 0.9542
loss: 0.1352, acc: 0.9543
loss: 0.1360, acc: 0.9538
> val_acc: 0.7705, val_f1: 0.6243
>>>>>>>>>>>>>>>>>>>>>>>>>>>>>>>>>>>>>>>>>>>>>>>>>>>>>>>>>>>>>>>>>>>>>>>>>>>>>>>>>>>>>>>>>>>>>>>>>>>>
epoch: 78
loss: 0.1095, acc: 0.9688
loss: 0.0969, acc: 0.9740
loss: 0.1217, acc: 0.9631
loss: 0.1209, acc: 0.9648
loss: 0.1239, acc: 0.9658
loss: 0.1256, acc: 0.9627
loss: 0.1354, acc: 0.9587
loss: 0.1361, acc: 0.9592
loss: 0.1350, acc: 0.9566
loss: 0.1352, acc: 0.9565
loss: 0.1340, acc: 0.9559
loss: 0.1325, acc: 0.9570
loss: 0.1369, acc: 0.9544
loss: 0.1387, acc: 0.9531
loss: 0.1361, acc: 0.9555
loss: 0.1372, acc: 0.9548
loss: 0.1354, acc: 0.9560
loss: 0.1339, acc: 0.9571
loss: 0.1347, acc: 0.9564
loss: 0.1363, acc: 0.9557
loss: 0.1358, acc: 0.9561
loss: 0.1351, acc: 0.9558
loss: 0.1348, acc: 0.9564
> val_acc: 0.7679, val_f1: 0.6170
>>>>>>>>>>>>>>>>>>>>>>>>>>>>>>>>>>>>>>>>>>>>>>>>>>>>>>>>>>>>>>>>>>>>>>>>>>>>>>>>>>>>>>>>>>>>>>>>>>>>
epoch: 79
loss: 0.0883, acc: 1.0000
loss: 0.0795, acc: 0.9961
loss: 0.1115, acc: 0.9712
loss: 0.1215, acc: 0.9670
loss: 0.1289, acc: 0.9592
loss: 0.1321, acc: 0.9576
loss: 0.1327, acc: 0.9555
loss: 0.1317, acc: 0.9548
loss: 0.1326, acc: 0.9542
loss: 0.1320, acc: 0.9557
loss: 0.1325, acc: 0.9552
loss: 0.1347, acc: 0.9537
loss: 0.1380, acc: 0.9519
loss: 0.1366, acc: 0.9522
loss: 0.1375, acc: 0.9516
loss: 0.1377, acc: 0.9515
loss: 0.1377, acc: 0.9522
loss: 0.1385, acc: 0.9521
loss: 0.1388, acc: 0.9523
loss: 0.1403, acc: 0.9518
loss: 0.1421, acc: 0.9512
loss: 0.1384, acc: 0.9525
loss: 0.1366, acc: 0.9537
> val_acc: 0.7696, val_f1: 0.6324
>>>>>>>>>>>>>>>>>>>>>>>>>>>>>>>>>>>>>>>>>>>>>>>>>>>>>>>>>>>>>>>>>>>>>>>>>>>>>>>>>>>>>>>>>>>>>>>>>>>>
epoch: 80
loss: 0.0998, acc: 0.9750
loss: 0.1023, acc: 0.9719
loss: 0.1137, acc: 0.9667
loss: 0.1238, acc: 0.9625
loss: 0.1226, acc: 0.9637
loss: 0.1245, acc: 0.9625
loss: 0.1248, acc: 0.9607
loss: 0.1242, acc: 0.9617
loss: 0.1250, acc: 0.9611
loss: 0.1212, acc: 0.9637
loss: 0.1215, acc: 0.9625
loss: 0.1211, acc: 0.9620
loss: 0.1210, acc: 0.9596
loss: 0.1233, acc: 0.9580
loss: 0.1237, acc: 0.9583
loss: 0.1245, acc: 0.9582
loss: 0.1272, acc: 0.9566
loss: 0.1289, acc: 0.9552
loss: 0.1308, acc: 0.9546
loss: 0.1297, acc: 0.9550
loss: 0.1281, acc: 0.9557
loss: 0.1287, acc: 0.9551
> val_acc: 0.7705, val_f1: 0.6323
>>>>>>>>>>>>>>>>>>>>>>>>>>>>>>>>>>>>>>>>>>>>>>>>>>>>>>>>>>>>>>>>>>>>>>>>>>>>>>>>>>>>>>>>>>>>>>>>>>>>
epoch: 81
loss: 0.1572, acc: 0.9219
loss: 0.1130, acc: 0.9554
loss: 0.1153, acc: 0.9531
loss: 0.1188, acc: 0.9596
loss: 0.1232, acc: 0.9588
loss: 0.1169, acc: 0.9630
loss: 0.1192, acc: 0.9629
loss: 0.1237, acc: 0.9620
loss: 0.1239, acc: 0.9635
loss: 0.1276, acc: 0.9601
loss: 0.1308, acc: 0.9585
loss: 0.1296, acc: 0.9583
loss: 0.1294, acc: 0.9587
loss: 0.1275, acc: 0.9604
loss: 0.1275, acc: 0.9601
loss: 0.1268, acc: 0.9610
loss: 0.1275, acc: 0.9607
loss: 0.1272, acc: 0.9605
loss: 0.1258, acc: 0.9613
loss: 0.1263, acc: 0.9607
loss: 0.1310, acc: 0.9580
loss: 0.1314, acc: 0.9574
loss: 0.1320, acc: 0.9573
> val_acc: 0.7759, val_f1: 0.6312
>>>>>>>>>>>>>>>>>>>>>>>>>>>>>>>>>>>>>>>>>>>>>>>>>>>>>>>>>>>>>>>>>>>>>>>>>>>>>>>>>>>>>>>>>>>>>>>>>>>>
epoch: 82
loss: 0.1524, acc: 0.9375
loss: 0.1365, acc: 0.9375
loss: 0.1369, acc: 0.9442
loss: 0.1343, acc: 0.9424
loss: 0.1256, acc: 0.9492
loss: 0.1312, acc: 0.9494
loss: 0.1367, acc: 0.9439
loss: 0.1323, acc: 0.9471
loss: 0.1295, acc: 0.9496
loss: 0.1318, acc: 0.9477
loss: 0.1279, acc: 0.9502
loss: 0.1296, acc: 0.9497
loss: 0.1314, acc: 0.9487
loss: 0.1310, acc: 0.9497
loss: 0.1312, acc: 0.9502
loss: 0.1298, acc: 0.9513
loss: 0.1297, acc: 0.9516
loss: 0.1292, acc: 0.9515
loss: 0.1344, acc: 0.9491
loss: 0.1342, acc: 0.9492
loss: 0.1345, acc: 0.9498
loss: 0.1346, acc: 0.9495
> val_acc: 0.7705, val_f1: 0.6277
>>>>>>>>>>>>>>>>>>>>>>>>>>>>>>>>>>>>>>>>>>>>>>>>>>>>>>>>>>>>>>>>>>>>>>>>>>>>>>>>>>>>>>>>>>>>>>>>>>>>
epoch: 83
loss: 0.1135, acc: 0.9688
loss: 0.1303, acc: 0.9531
loss: 0.1337, acc: 0.9489
loss: 0.1388, acc: 0.9492
loss: 0.1406, acc: 0.9524
loss: 0.1417, acc: 0.9543
loss: 0.1448, acc: 0.9496
loss: 0.1415, acc: 0.9531
loss: 0.1323, acc: 0.9581
loss: 0.1311, acc: 0.9586
loss: 0.1298, acc: 0.9583
loss: 0.1303, acc: 0.9576
loss: 0.1320, acc: 0.9575
loss: 0.1306, acc: 0.9579
loss: 0.1344, acc: 0.9555
loss: 0.1308, acc: 0.9568
loss: 0.1307, acc: 0.9564
loss: 0.1328, acc: 0.9557
loss: 0.1338, acc: 0.9554
loss: 0.1355, acc: 0.9554
loss: 0.1337, acc: 0.9564
loss: 0.1353, acc: 0.9552
loss: 0.1329, acc: 0.9561
> val_acc: 0.7732, val_f1: 0.6292
>>>>>>>>>>>>>>>>>>>>>>>>>>>>>>>>>>>>>>>>>>>>>>>>>>>>>>>>>>>>>>>>>>>>>>>>>>>>>>>>>>>>>>>>>>>>>>>>>>>>
epoch: 84
loss: 0.1262, acc: 0.9479
loss: 0.1193, acc: 0.9570
loss: 0.1389, acc: 0.9519
loss: 0.1401, acc: 0.9566
loss: 0.1331, acc: 0.9552
loss: 0.1296, acc: 0.9565
loss: 0.1299, acc: 0.9574
loss: 0.1272, acc: 0.9581
loss: 0.1273, acc: 0.9578
loss: 0.1247, acc: 0.9596
loss: 0.1270, acc: 0.9599
loss: 0.1276, acc: 0.9596
loss: 0.1330, acc: 0.9563
loss: 0.1355, acc: 0.9540
loss: 0.1333, acc: 0.9546
loss: 0.1332, acc: 0.9559
loss: 0.1332, acc: 0.9548
loss: 0.1353, acc: 0.9535
loss: 0.1363, acc: 0.9533
loss: 0.1377, acc: 0.9531
loss: 0.1385, acc: 0.9533
loss: 0.1373, acc: 0.9537
loss: 0.1370, acc: 0.9548
> val_acc: 0.7705, val_f1: 0.6308
>>>>>>>>>>>>>>>>>>>>>>>>>>>>>>>>>>>>>>>>>>>>>>>>>>>>>>>>>>>>>>>>>>>>>>>>>>>>>>>>>>>>>>>>>>>>>>>>>>>>
epoch: 85
loss: 0.1140, acc: 0.9750
loss: 0.1142, acc: 0.9719
loss: 0.1219, acc: 0.9667
loss: 0.1261, acc: 0.9625
loss: 0.1237, acc: 0.9650
loss: 0.1212, acc: 0.9656
loss: 0.1190, acc: 0.9643
loss: 0.1199, acc: 0.9625
loss: 0.1206, acc: 0.9611
loss: 0.1178, acc: 0.9637
loss: 0.1194, acc: 0.9648
loss: 0.1222, acc: 0.9625
loss: 0.1207, acc: 0.9635
loss: 0.1207, acc: 0.9643
loss: 0.1209, acc: 0.9646
loss: 0.1205, acc: 0.9645
loss: 0.1212, acc: 0.9643
loss: 0.1204, acc: 0.9646
loss: 0.1207, acc: 0.9645
loss: 0.1225, acc: 0.9634
loss: 0.1237, acc: 0.9631
loss: 0.1253, acc: 0.9616
> val_acc: 0.7679, val_f1: 0.6293
>>>>>>>>>>>>>>>>>>>>>>>>>>>>>>>>>>>>>>>>>>>>>>>>>>>>>>>>>>>>>>>>>>>>>>>>>>>>>>>>>>>>>>>>>>>>>>>>>>>>
epoch: 86
loss: 0.2327, acc: 0.8750
loss: 0.1862, acc: 0.9286
loss: 0.1669, acc: 0.9401
loss: 0.1540, acc: 0.9449
loss: 0.1527, acc: 0.9460
loss: 0.1416, acc: 0.9514
loss: 0.1378, acc: 0.9551
loss: 0.1345, acc: 0.9535
loss: 0.1323, acc: 0.9539
loss: 0.1321, acc: 0.9555
loss: 0.1297, acc: 0.9561
loss: 0.1270, acc: 0.9578
loss: 0.1262, acc: 0.9592
loss: 0.1287, acc: 0.9590
loss: 0.1271, acc: 0.9596
loss: 0.1277, acc: 0.9586
loss: 0.1257, acc: 0.9604
loss: 0.1282, acc: 0.9591
loss: 0.1269, acc: 0.9599
loss: 0.1288, acc: 0.9584
loss: 0.1298, acc: 0.9577
loss: 0.1287, acc: 0.9585
loss: 0.1302, acc: 0.9581
> val_acc: 0.7705, val_f1: 0.6348
>>>>>>>>>>>>>>>>>>>>>>>>>>>>>>>>>>>>>>>>>>>>>>>>>>>>>>>>>>>>>>>>>>>>>>>>>>>>>>>>>>>>>>>>>>>>>>>>>>>>
epoch: 87
loss: 0.1132, acc: 0.9922
loss: 0.1444, acc: 0.9549
loss: 0.1270, acc: 0.9621
loss: 0.1289, acc: 0.9572
loss: 0.1324, acc: 0.9570
loss: 0.1267, acc: 0.9601
loss: 0.1293, acc: 0.9586
loss: 0.1306, acc: 0.9583
loss: 0.1329, acc: 0.9581
loss: 0.1308, acc: 0.9592
loss: 0.1293, acc: 0.9601
loss: 0.1308, acc: 0.9587
loss: 0.1303, acc: 0.9595
loss: 0.1290, acc: 0.9592
loss: 0.1278, acc: 0.9590
loss: 0.1271, acc: 0.9597
loss: 0.1261, acc: 0.9591
loss: 0.1255, acc: 0.9589
loss: 0.1271, acc: 0.9574
loss: 0.1287, acc: 0.9571
loss: 0.1281, acc: 0.9573
loss: 0.1279, acc: 0.9573
> val_acc: 0.7741, val_f1: 0.6345
>>>>>>>>>>>>>>>>>>>>>>>>>>>>>>>>>>>>>>>>>>>>>>>>>>>>>>>>>>>>>>>>>>>>>>>>>>>>>>>>>>>>>>>>>>>>>>>>>>>>
epoch: 88
loss: 0.0934, acc: 1.0000
loss: 0.1060, acc: 0.9688
loss: 0.1063, acc: 0.9631
loss: 0.1078, acc: 0.9668
loss: 0.1157, acc: 0.9628
loss: 0.1133, acc: 0.9663
loss: 0.1084, acc: 0.9688
loss: 0.1116, acc: 0.9661
loss: 0.1161, acc: 0.9642
loss: 0.1096, acc: 0.9681
loss: 0.1119, acc: 0.9663
loss: 0.1126, acc: 0.9665
loss: 0.1158, acc: 0.9652
loss: 0.1224, acc: 0.9626
loss: 0.1249, acc: 0.9604
loss: 0.1246, acc: 0.9609
loss: 0.1216, acc: 0.9633
loss: 0.1204, acc: 0.9640
loss: 0.1242, acc: 0.9612
loss: 0.1253, acc: 0.9600
loss: 0.1257, acc: 0.9598
loss: 0.1269, acc: 0.9599
loss: 0.1262, acc: 0.9600
> val_acc: 0.7705, val_f1: 0.6247
>>>>>>>>>>>>>>>>>>>>>>>>>>>>>>>>>>>>>>>>>>>>>>>>>>>>>>>>>>>>>>>>>>>>>>>>>>>>>>>>>>>>>>>>>>>>>>>>>>>>
epoch: 89
loss: 0.0896, acc: 0.9688
loss: 0.1087, acc: 0.9609
loss: 0.1034, acc: 0.9615
loss: 0.1066, acc: 0.9653
loss: 0.1213, acc: 0.9592
loss: 0.1190, acc: 0.9587
loss: 0.1231, acc: 0.9564
loss: 0.1234, acc: 0.9581
loss: 0.1304, acc: 0.9542
loss: 0.1284, acc: 0.9557
loss: 0.1322, acc: 0.9540
loss: 0.1286, acc: 0.9553
loss: 0.1269, acc: 0.9559
loss: 0.1297, acc: 0.9540
loss: 0.1301, acc: 0.9542
loss: 0.1288, acc: 0.9555
loss: 0.1269, acc: 0.9567
loss: 0.1265, acc: 0.9574
loss: 0.1260, acc: 0.9577
loss: 0.1279, acc: 0.9563
loss: 0.1268, acc: 0.9569
loss: 0.1255, acc: 0.9569
loss: 0.1262, acc: 0.9565
> val_acc: 0.7670, val_f1: 0.6251
>>>>>>>>>>>>>>>>>>>>>>>>>>>>>>>>>>>>>>>>>>>>>>>>>>>>>>>>>>>>>>>>>>>>>>>>>>>>>>>>>>>>>>>>>>>>>>>>>>>>
epoch: 90
loss: 0.1357, acc: 0.9500
loss: 0.1246, acc: 0.9594
loss: 0.1206, acc: 0.9646
loss: 0.1300, acc: 0.9578
loss: 0.1308, acc: 0.9625
loss: 0.1290, acc: 0.9625
loss: 0.1328, acc: 0.9598
loss: 0.1294, acc: 0.9609
loss: 0.1265, acc: 0.9611
loss: 0.1263, acc: 0.9606
loss: 0.1255, acc: 0.9597
loss: 0.1234, acc: 0.9615
loss: 0.1243, acc: 0.9611
loss: 0.1241, acc: 0.9616
loss: 0.1260, acc: 0.9608
loss: 0.1281, acc: 0.9594
loss: 0.1284, acc: 0.9577
loss: 0.1265, acc: 0.9587
loss: 0.1302, acc: 0.9572
loss: 0.1332, acc: 0.9556
loss: 0.1319, acc: 0.9560
loss: 0.1310, acc: 0.9560
> val_acc: 0.7652, val_f1: 0.6214
>>>>>>>>>>>>>>>>>>>>>>>>>>>>>>>>>>>>>>>>>>>>>>>>>>>>>>>>>>>>>>>>>>>>>>>>>>>>>>>>>>>>>>>>>>>>>>>>>>>>
epoch: 91
loss: 0.1269, acc: 0.9688
loss: 0.1462, acc: 0.9509
loss: 0.1484, acc: 0.9479
loss: 0.1424, acc: 0.9504
loss: 0.1395, acc: 0.9517
loss: 0.1344, acc: 0.9537
loss: 0.1360, acc: 0.9531
loss: 0.1332, acc: 0.9561
loss: 0.1294, acc: 0.9576
loss: 0.1304, acc: 0.9581
loss: 0.1304, acc: 0.9579
loss: 0.1309, acc: 0.9572
loss: 0.1315, acc: 0.9561
loss: 0.1323, acc: 0.9552
loss: 0.1327, acc: 0.9540
loss: 0.1316, acc: 0.9541
loss: 0.1300, acc: 0.9550
loss: 0.1289, acc: 0.9562
loss: 0.1299, acc: 0.9548
loss: 0.1315, acc: 0.9543
loss: 0.1308, acc: 0.9550
loss: 0.1312, acc: 0.9550
loss: 0.1316, acc: 0.9554
> val_acc: 0.7670, val_f1: 0.6246
>>>>>>>>>>>>>>>>>>>>>>>>>>>>>>>>>>>>>>>>>>>>>>>>>>>>>>>>>>>>>>>>>>>>>>>>>>>>>>>>>>>>>>>>>>>>>>>>>>>>
epoch: 92
loss: 0.1298, acc: 0.9609
loss: 0.1425, acc: 0.9583
loss: 0.1452, acc: 0.9487
loss: 0.1407, acc: 0.9539
loss: 0.1381, acc: 0.9557
loss: 0.1400, acc: 0.9537
loss: 0.1329, acc: 0.9568
loss: 0.1329, acc: 0.9575
loss: 0.1339, acc: 0.9581
loss: 0.1386, acc: 0.9554
loss: 0.1376, acc: 0.9560
loss: 0.1359, acc: 0.9587
loss: 0.1327, acc: 0.9600
loss: 0.1288, acc: 0.9620
loss: 0.1280, acc: 0.9628
loss: 0.1274, acc: 0.9628
loss: 0.1260, acc: 0.9639
loss: 0.1260, acc: 0.9638
loss: 0.1241, acc: 0.9644
loss: 0.1228, acc: 0.9646
loss: 0.1232, acc: 0.9633
loss: 0.1242, acc: 0.9624
> val_acc: 0.7696, val_f1: 0.6232
>>>>>>>>>>>>>>>>>>>>>>>>>>>>>>>>>>>>>>>>>>>>>>>>>>>>>>>>>>>>>>>>>>>>>>>>>>>>>>>>>>>>>>>>>>>>>>>>>>>>
epoch: 93
loss: 0.1283, acc: 1.0000
loss: 0.0895, acc: 0.9740
loss: 0.0961, acc: 0.9688
loss: 0.1017, acc: 0.9688
loss: 0.1100, acc: 0.9613
loss: 0.1139, acc: 0.9579
loss: 0.1173, acc: 0.9587
loss: 0.1213, acc: 0.9566
loss: 0.1212, acc: 0.9573
loss: 0.1181, acc: 0.9592
loss: 0.1210, acc: 0.9577
loss: 0.1166, acc: 0.9604
loss: 0.1148, acc: 0.9611
loss: 0.1162, acc: 0.9612
loss: 0.1194, acc: 0.9595
loss: 0.1183, acc: 0.9593
loss: 0.1197, acc: 0.9583
loss: 0.1205, acc: 0.9582
loss: 0.1203, acc: 0.9584
loss: 0.1219, acc: 0.9574
loss: 0.1225, acc: 0.9573
loss: 0.1231, acc: 0.9573
loss: 0.1244, acc: 0.9578
> val_acc: 0.7741, val_f1: 0.6291
>>>>>>>>>>>>>>>>>>>>>>>>>>>>>>>>>>>>>>>>>>>>>>>>>>>>>>>>>>>>>>>>>>>>>>>>>>>>>>>>>>>>>>>>>>>>>>>>>>>>
epoch: 94
loss: 0.1299, acc: 0.9479
loss: 0.1193, acc: 0.9570
loss: 0.1395, acc: 0.9519
loss: 0.1313, acc: 0.9583
loss: 0.1376, acc: 0.9592
loss: 0.1271, acc: 0.9621
loss: 0.1222, acc: 0.9640
loss: 0.1210, acc: 0.9646
loss: 0.1227, acc: 0.9651
loss: 0.1214, acc: 0.9648
loss: 0.1192, acc: 0.9676
loss: 0.1216, acc: 0.9671
loss: 0.1204, acc: 0.9668
loss: 0.1194, acc: 0.9660
loss: 0.1174, acc: 0.9662
loss: 0.1169, acc: 0.9667
loss: 0.1204, acc: 0.9657
loss: 0.1211, acc: 0.9652
loss: 0.1236, acc: 0.9634
loss: 0.1258, acc: 0.9617
loss: 0.1244, acc: 0.9627
loss: 0.1237, acc: 0.9627
loss: 0.1258, acc: 0.9612
> val_acc: 0.7661, val_f1: 0.6269
>>>>>>>>>>>>>>>>>>>>>>>>>>>>>>>>>>>>>>>>>>>>>>>>>>>>>>>>>>>>>>>>>>>>>>>>>>>>>>>>>>>>>>>>>>>>>>>>>>>>
epoch: 95
loss: 0.1264, acc: 0.9625
loss: 0.1339, acc: 0.9688
loss: 0.1187, acc: 0.9729
loss: 0.1193, acc: 0.9703
loss: 0.1238, acc: 0.9663
loss: 0.1191, acc: 0.9667
loss: 0.1244, acc: 0.9634
loss: 0.1241, acc: 0.9625
loss: 0.1216, acc: 0.9639
loss: 0.1233, acc: 0.9625
loss: 0.1236, acc: 0.9602
loss: 0.1218, acc: 0.9609
loss: 0.1225, acc: 0.9601
loss: 0.1211, acc: 0.9598
loss: 0.1209, acc: 0.9596
loss: 0.1185, acc: 0.9609
loss: 0.1225, acc: 0.9588
loss: 0.1231, acc: 0.9580
loss: 0.1240, acc: 0.9579
loss: 0.1232, acc: 0.9581
loss: 0.1217, acc: 0.9589
loss: 0.1209, acc: 0.9597
> val_acc: 0.7634, val_f1: 0.6170
>>>>>>>>>>>>>>>>>>>>>>>>>>>>>>>>>>>>>>>>>>>>>>>>>>>>>>>>>>>>>>>>>>>>>>>>>>>>>>>>>>>>>>>>>>>>>>>>>>>>
epoch: 96
loss: 0.1709, acc: 0.9219
loss: 0.1454, acc: 0.9464
loss: 0.1371, acc: 0.9505
loss: 0.1245, acc: 0.9614
loss: 0.1284, acc: 0.9602
loss: 0.1248, acc: 0.9630
loss: 0.1219, acc: 0.9609
loss: 0.1227, acc: 0.9586
loss: 0.1228, acc: 0.9568
loss: 0.1206, acc: 0.9594
loss: 0.1189, acc: 0.9603
loss: 0.1170, acc: 0.9611
loss: 0.1159, acc: 0.9622
loss: 0.1156, acc: 0.9622
loss: 0.1130, acc: 0.9640
loss: 0.1143, acc: 0.9631
loss: 0.1150, acc: 0.9627
loss: 0.1161, acc: 0.9630
loss: 0.1176, acc: 0.9630
loss: 0.1188, acc: 0.9617
loss: 0.1184, acc: 0.9614
loss: 0.1200, acc: 0.9606
loss: 0.1191, acc: 0.9609
> val_acc: 0.7723, val_f1: 0.6300
>>>>>>>>>>>>>>>>>>>>>>>>>>>>>>>>>>>>>>>>>>>>>>>>>>>>>>>>>>>>>>>>>>>>>>>>>>>>>>>>>>>>>>>>>>>>>>>>>>>>
epoch: 97
loss: 0.1213, acc: 0.9531
loss: 0.1261, acc: 0.9583
loss: 0.1166, acc: 0.9665
loss: 0.1083, acc: 0.9688
loss: 0.1074, acc: 0.9688
loss: 0.1149, acc: 0.9634
loss: 0.1129, acc: 0.9669
loss: 0.1129, acc: 0.9639
loss: 0.1138, acc: 0.9631
loss: 0.1122, acc: 0.9636
loss: 0.1089, acc: 0.9664
loss: 0.1086, acc: 0.9650
loss: 0.1080, acc: 0.9658
loss: 0.1114, acc: 0.9633
loss: 0.1121, acc: 0.9637
loss: 0.1148, acc: 0.9620
loss: 0.1160, acc: 0.9613
loss: 0.1160, acc: 0.9621
loss: 0.1204, acc: 0.9594
loss: 0.1198, acc: 0.9599
loss: 0.1187, acc: 0.9609
loss: 0.1191, acc: 0.9613
> val_acc: 0.7732, val_f1: 0.6326
>>>>>>>>>>>>>>>>>>>>>>>>>>>>>>>>>>>>>>>>>>>>>>>>>>>>>>>>>>>>>>>>>>>>>>>>>>>>>>>>>>>>>>>>>>>>>>>>>>>>
epoch: 98
loss: 0.0564, acc: 1.0000
loss: 0.1075, acc: 0.9688
loss: 0.1214, acc: 0.9602
loss: 0.1159, acc: 0.9609
loss: 0.1216, acc: 0.9568
loss: 0.1253, acc: 0.9555
loss: 0.1238, acc: 0.9556
loss: 0.1205, acc: 0.9583
loss: 0.1197, acc: 0.9604
loss: 0.1198, acc: 0.9592
loss: 0.1159, acc: 0.9620
loss: 0.1155, acc: 0.9626
loss: 0.1153, acc: 0.9626
loss: 0.1148, acc: 0.9640
loss: 0.1124, acc: 0.9652
loss: 0.1137, acc: 0.9646
loss: 0.1132, acc: 0.9653
loss: 0.1124, acc: 0.9662
loss: 0.1115, acc: 0.9667
loss: 0.1130, acc: 0.9661
loss: 0.1129, acc: 0.9660
loss: 0.1151, acc: 0.9643
loss: 0.1150, acc: 0.9640
> val_acc: 0.7723, val_f1: 0.6285
>>>>>>>>>>>>>>>>>>>>>>>>>>>>>>>>>>>>>>>>>>>>>>>>>>>>>>>>>>>>>>>>>>>>>>>>>>>>>>>>>>>>>>>>>>>>>>>>>>>>
epoch: 99
loss: 0.2356, acc: 0.9167
loss: 0.1617, acc: 0.9375
loss: 0.1335, acc: 0.9519
loss: 0.1241, acc: 0.9583
loss: 0.1240, acc: 0.9565
loss: 0.1240, acc: 0.9565
loss: 0.1223, acc: 0.9593
loss: 0.1266, acc: 0.9581
loss: 0.1270, acc: 0.9564
loss: 0.1262, acc: 0.9551
loss: 0.1248, acc: 0.9558
loss: 0.1248, acc: 0.9558
loss: 0.1260, acc: 0.9563
loss: 0.1237, acc: 0.9563
loss: 0.1213, acc: 0.9572
loss: 0.1216, acc: 0.9571
loss: 0.1237, acc: 0.9559
loss: 0.1225, acc: 0.9560
loss: 0.1248, acc: 0.9563
loss: 0.1250, acc: 0.9550
loss: 0.1275, acc: 0.9536
loss: 0.1264, acc: 0.9546
loss: 0.1265, acc: 0.9545
> val_acc: 0.7741, val_f1: 0.6335
>> test_acc: 0.7884, test_f1: 0.6524
