cuda memory allocated: 15065088
n_trainable_params: 2726003, n_nontrainable_params: 1038300
> training arguments:
>>> model_name: gc_ian
>>> dataset: laptop
>>> optimizer: <class 'torch.optim.adagrad.Adagrad'>
>>> initializer: <function xavier_uniform_ at 0x00000231D61A76A8>
>>> learning_rate: 0.01
>>> momentum: 0.95
>>> dropout: 0.5
>>> l2reg: 5e-05
>>> num_epoch: 30
>>> batch_size: 32
>>> log_step: 5
>>> embed_dim: 300
>>> hidden_dim: 300
>>> bert_dim: 768
>>> pretrained_bert_name: bert-base-uncased
>>> max_seq_len: 80
>>> polarities_dim: 3
>>> hops: 3
>>> device: cuda
>>> seed: 0
>>> valset_ratio: 0
>>> num_layers: 1
>>> in_channels: 100
>>> out_channels: 1
>>> downbot: 20
>>> kernel_size: 3
>>> glove_path: ./embeddings/glove.840B.300d.txt
>>> model_class: <class 'models.gc_ian.GC_IAN'>
>>> dataset_file: {'train': './datasets/semeval14/Laptops_Train.xml.seg', 'test': './datasets/semeval14/Laptops_Test_Gold.xml.seg'}
>>> inputs_cols: ['text_raw_indices', 'aspect_indices']
>>>>>>>>>>>>>>>>>>>>>>>>>>>>>>>>>>>>>>>>>>>>>>>>>>>>>>>>>>>>>>>>>>>>>>>>>>>>>>>>>>>>>>>>>>>>>>>>>>>>
epoch: 0
loss: 2.4136, acc: 0.3625
loss: 1.7589, acc: 0.3969
loss: 1.5153, acc: 0.4458
loss: 1.3878, acc: 0.4703
loss: 1.2986, acc: 0.5038
loss: 1.2331, acc: 0.5208
loss: 1.1806, acc: 0.5312
loss: 1.1372, acc: 0.5445
loss: 1.1057, acc: 0.5528
loss: 1.0840, acc: 0.5600
loss: 1.0610, acc: 0.5687
loss: 1.0395, acc: 0.5792
loss: 1.0209, acc: 0.5846
loss: 1.0102, acc: 0.5875
> val_acc: 0.5956, val_f1: 0.4048
>> saved: state_dict/gc_ian_laptop_val_acc0.5956
>>>>>>>>>>>>>>>>>>>>>>>>>>>>>>>>>>>>>>>>>>>>>>>>>>>>>>>>>>>>>>>>>>>>>>>>>>>>>>>>>>>>>>>>>>>>>>>>>>>>
epoch: 1
loss: 0.7911, acc: 0.6562
loss: 0.6325, acc: 0.7321
loss: 0.6289, acc: 0.7500
loss: 0.6163, acc: 0.7482
loss: 0.6092, acc: 0.7585
loss: 0.6098, acc: 0.7546
loss: 0.6104, acc: 0.7559
loss: 0.6007, acc: 0.7584
loss: 0.6100, acc: 0.7560
loss: 0.6022, acc: 0.7560
loss: 0.6022, acc: 0.7560
loss: 0.6006, acc: 0.7527
loss: 0.5978, acc: 0.7560
loss: 0.5905, acc: 0.7612
loss: 0.5890, acc: 0.7643
> val_acc: 0.6599, val_f1: 0.5672
>> saved: state_dict/gc_ian_laptop_val_acc0.6599
>>>>>>>>>>>>>>>>>>>>>>>>>>>>>>>>>>>>>>>>>>>>>>>>>>>>>>>>>>>>>>>>>>>>>>>>>>>>>>>>>>>>>>>>>>>>>>>>>>>>
epoch: 2
loss: 0.5171, acc: 0.8047
loss: 0.4523, acc: 0.8368
loss: 0.4305, acc: 0.8504
loss: 0.4405, acc: 0.8487
loss: 0.4375, acc: 0.8516
loss: 0.4451, acc: 0.8459
loss: 0.4413, acc: 0.8474
loss: 0.4546, acc: 0.8349
loss: 0.4520, acc: 0.8374
loss: 0.4615, acc: 0.8310
loss: 0.4593, acc: 0.8316
loss: 0.4594, acc: 0.8316
loss: 0.4613, acc: 0.8315
loss: 0.4616, acc: 0.8297
> val_acc: 0.6834, val_f1: 0.5994
>> saved: state_dict/gc_ian_laptop_val_acc0.6834
>>>>>>>>>>>>>>>>>>>>>>>>>>>>>>>>>>>>>>>>>>>>>>>>>>>>>>>>>>>>>>>>>>>>>>>>>>>>>>>>>>>>>>>>>>>>>>>>>>>>
epoch: 3
loss: 0.2926, acc: 0.9062
loss: 0.3638, acc: 0.8854
loss: 0.3500, acc: 0.8864
loss: 0.3542, acc: 0.8828
loss: 0.3626, acc: 0.8795
loss: 0.3612, acc: 0.8798
loss: 0.3634, acc: 0.8780
loss: 0.3698, acc: 0.8741
loss: 0.3673, acc: 0.8727
loss: 0.3662, acc: 0.8750
loss: 0.3627, acc: 0.8781
loss: 0.3657, acc: 0.8733
loss: 0.3657, acc: 0.8719
loss: 0.3665, acc: 0.8722
loss: 0.3710, acc: 0.8702
> val_acc: 0.6708, val_f1: 0.5723
>>>>>>>>>>>>>>>>>>>>>>>>>>>>>>>>>>>>>>>>>>>>>>>>>>>>>>>>>>>>>>>>>>>>>>>>>>>>>>>>>>>>>>>>>>>>>>>>>>>>
epoch: 4
loss: 0.2819, acc: 0.9062
loss: 0.2750, acc: 0.9141
loss: 0.2813, acc: 0.9207
loss: 0.3087, acc: 0.9028
loss: 0.3025, acc: 0.9090
loss: 0.3112, acc: 0.9040
loss: 0.3110, acc: 0.9091
loss: 0.3094, acc: 0.9062
loss: 0.3083, acc: 0.9077
loss: 0.3078, acc: 0.9069
loss: 0.3080, acc: 0.9086
loss: 0.3049, acc: 0.9106
loss: 0.3074, acc: 0.9097
loss: 0.3131, acc: 0.9076
loss: 0.3118, acc: 0.9055
> val_acc: 0.6771, val_f1: 0.5830
>>>>>>>>>>>>>>>>>>>>>>>>>>>>>>>>>>>>>>>>>>>>>>>>>>>>>>>>>>>>>>>>>>>>>>>>>>>>>>>>>>>>>>>>>>>>>>>>>>>>
epoch: 5
loss: 0.2550, acc: 0.9250
loss: 0.2724, acc: 0.9125
loss: 0.2882, acc: 0.9062
loss: 0.2817, acc: 0.9141
loss: 0.2691, acc: 0.9213
loss: 0.2716, acc: 0.9208
loss: 0.2633, acc: 0.9214
loss: 0.2612, acc: 0.9234
loss: 0.2654, acc: 0.9222
loss: 0.2643, acc: 0.9231
loss: 0.2673, acc: 0.9222
loss: 0.2654, acc: 0.9224
loss: 0.2660, acc: 0.9216
loss: 0.2723, acc: 0.9192
> val_acc: 0.6787, val_f1: 0.5822
>>>>>>>>>>>>>>>>>>>>>>>>>>>>>>>>>>>>>>>>>>>>>>>>>>>>>>>>>>>>>>>>>>>>>>>>>>>>>>>>>>>>>>>>>>>>>>>>>>>>
epoch: 6
loss: 0.2269, acc: 0.9219
loss: 0.2358, acc: 0.9330
loss: 0.2271, acc: 0.9375
loss: 0.2317, acc: 0.9320
loss: 0.2233, acc: 0.9375
loss: 0.2169, acc: 0.9410
loss: 0.2216, acc: 0.9365
loss: 0.2271, acc: 0.9324
loss: 0.2238, acc: 0.9353
loss: 0.2291, acc: 0.9322
loss: 0.2301, acc: 0.9321
loss: 0.2322, acc: 0.9309
loss: 0.2324, acc: 0.9304
loss: 0.2293, acc: 0.9324
loss: 0.2315, acc: 0.9327
> val_acc: 0.6755, val_f1: 0.5935
>>>>>>>>>>>>>>>>>>>>>>>>>>>>>>>>>>>>>>>>>>>>>>>>>>>>>>>>>>>>>>>>>>>>>>>>>>>>>>>>>>>>>>>>>>>>>>>>>>>>
epoch: 7
loss: 0.2006, acc: 0.9375
loss: 0.2127, acc: 0.9236
loss: 0.2027, acc: 0.9353
loss: 0.2032, acc: 0.9359
loss: 0.2078, acc: 0.9349
loss: 0.2051, acc: 0.9386
loss: 0.2051, acc: 0.9384
loss: 0.2064, acc: 0.9367
loss: 0.2062, acc: 0.9389
loss: 0.2090, acc: 0.9388
loss: 0.2076, acc: 0.9410
loss: 0.2065, acc: 0.9396
loss: 0.2051, acc: 0.9399
loss: 0.2078, acc: 0.9380
> val_acc: 0.6771, val_f1: 0.5833
>>>>>>>>>>>>>>>>>>>>>>>>>>>>>>>>>>>>>>>>>>>>>>>>>>>>>>>>>>>>>>>>>>>>>>>>>>>>>>>>>>>>>>>>>>>>>>>>>>>>
epoch: 8
loss: 0.1596, acc: 0.9375
loss: 0.1689, acc: 0.9375
loss: 0.1872, acc: 0.9432
loss: 0.1836, acc: 0.9473
loss: 0.1828, acc: 0.9509
loss: 0.1806, acc: 0.9531
loss: 0.1840, acc: 0.9526
loss: 0.1857, acc: 0.9488
loss: 0.1885, acc: 0.9466
loss: 0.1877, acc: 0.9477
loss: 0.1865, acc: 0.9498
loss: 0.1882, acc: 0.9481
loss: 0.1903, acc: 0.9467
loss: 0.1919, acc: 0.9455
loss: 0.1955, acc: 0.9459
> val_acc: 0.6724, val_f1: 0.5785
>>>>>>>>>>>>>>>>>>>>>>>>>>>>>>>>>>>>>>>>>>>>>>>>>>>>>>>>>>>>>>>>>>>>>>>>>>>>>>>>>>>>>>>>>>>>>>>>>>>>
epoch: 9
loss: 0.1292, acc: 0.9688
loss: 0.1386, acc: 0.9688
loss: 0.1373, acc: 0.9712
loss: 0.1537, acc: 0.9635
loss: 0.1553, acc: 0.9592
loss: 0.1525, acc: 0.9621
loss: 0.1570, acc: 0.9593
loss: 0.1602, acc: 0.9589
loss: 0.1616, acc: 0.9571
loss: 0.1672, acc: 0.9557
loss: 0.1742, acc: 0.9517
loss: 0.1701, acc: 0.9537
loss: 0.1695, acc: 0.9529
loss: 0.1737, acc: 0.9494
loss: 0.1726, acc: 0.9493
> val_acc: 0.6708, val_f1: 0.5770
>>>>>>>>>>>>>>>>>>>>>>>>>>>>>>>>>>>>>>>>>>>>>>>>>>>>>>>>>>>>>>>>>>>>>>>>>>>>>>>>>>>>>>>>>>>>>>>>>>>>
epoch: 10
loss: 0.1589, acc: 0.9625
loss: 0.1589, acc: 0.9563
loss: 0.1548, acc: 0.9625
loss: 0.1524, acc: 0.9656
loss: 0.1537, acc: 0.9663
loss: 0.1539, acc: 0.9615
loss: 0.1546, acc: 0.9634
loss: 0.1493, acc: 0.9641
loss: 0.1532, acc: 0.9611
loss: 0.1517, acc: 0.9613
loss: 0.1543, acc: 0.9597
loss: 0.1529, acc: 0.9594
loss: 0.1544, acc: 0.9582
loss: 0.1543, acc: 0.9576
> val_acc: 0.6740, val_f1: 0.5947
>>>>>>>>>>>>>>>>>>>>>>>>>>>>>>>>>>>>>>>>>>>>>>>>>>>>>>>>>>>>>>>>>>>>>>>>>>>>>>>>>>>>>>>>>>>>>>>>>>>>
epoch: 11
loss: 0.1267, acc: 0.9688
loss: 0.1191, acc: 0.9821
loss: 0.1317, acc: 0.9740
loss: 0.1452, acc: 0.9651
loss: 0.1405, acc: 0.9673
loss: 0.1372, acc: 0.9676
loss: 0.1414, acc: 0.9648
loss: 0.1355, acc: 0.9671
loss: 0.1427, acc: 0.9628
loss: 0.1405, acc: 0.9641
loss: 0.1401, acc: 0.9639
loss: 0.1425, acc: 0.9644
loss: 0.1422, acc: 0.9642
loss: 0.1417, acc: 0.9646
loss: 0.1439, acc: 0.9631
> val_acc: 0.6755, val_f1: 0.5828
>>>>>>>>>>>>>>>>>>>>>>>>>>>>>>>>>>>>>>>>>>>>>>>>>>>>>>>>>>>>>>>>>>>>>>>>>>>>>>>>>>>>>>>>>>>>>>>>>>>>
epoch: 12
loss: 0.1304, acc: 0.9688
loss: 0.1260, acc: 0.9688
loss: 0.1308, acc: 0.9621
loss: 0.1307, acc: 0.9638
loss: 0.1330, acc: 0.9648
loss: 0.1318, acc: 0.9666
loss: 0.1343, acc: 0.9651
loss: 0.1339, acc: 0.9639
loss: 0.1315, acc: 0.9645
loss: 0.1321, acc: 0.9649
loss: 0.1316, acc: 0.9659
loss: 0.1323, acc: 0.9666
loss: 0.1355, acc: 0.9639
loss: 0.1357, acc: 0.9638
> val_acc: 0.6693, val_f1: 0.5723
>>>>>>>>>>>>>>>>>>>>>>>>>>>>>>>>>>>>>>>>>>>>>>>>>>>>>>>>>>>>>>>>>>>>>>>>>>>>>>>>>>>>>>>>>>>>>>>>>>>>
epoch: 13
loss: 0.1660, acc: 0.9375
loss: 0.1166, acc: 0.9688
loss: 0.1140, acc: 0.9744
loss: 0.1136, acc: 0.9746
loss: 0.1106, acc: 0.9762
loss: 0.1122, acc: 0.9736
loss: 0.1123, acc: 0.9718
loss: 0.1155, acc: 0.9688
loss: 0.1193, acc: 0.9657
loss: 0.1191, acc: 0.9640
loss: 0.1214, acc: 0.9645
loss: 0.1236, acc: 0.9637
loss: 0.1229, acc: 0.9652
loss: 0.1221, acc: 0.9654
loss: 0.1225, acc: 0.9648
> val_acc: 0.6740, val_f1: 0.5881
>>>>>>>>>>>>>>>>>>>>>>>>>>>>>>>>>>>>>>>>>>>>>>>>>>>>>>>>>>>>>>>>>>>>>>>>>>>>>>>>>>>>>>>>>>>>>>>>>>>>
epoch: 14
loss: 0.0603, acc: 0.9896
loss: 0.0964, acc: 0.9883
loss: 0.0989, acc: 0.9856
loss: 0.0987, acc: 0.9844
loss: 0.0993, acc: 0.9823
loss: 0.1033, acc: 0.9799
loss: 0.1037, acc: 0.9820
loss: 0.1032, acc: 0.9827
loss: 0.1029, acc: 0.9826
loss: 0.1056, acc: 0.9798
loss: 0.1078, acc: 0.9776
loss: 0.1085, acc: 0.9779
loss: 0.1082, acc: 0.9792
loss: 0.1104, acc: 0.9770
loss: 0.1137, acc: 0.9755
> val_acc: 0.6693, val_f1: 0.5751
>>>>>>>>>>>>>>>>>>>>>>>>>>>>>>>>>>>>>>>>>>>>>>>>>>>>>>>>>>>>>>>>>>>>>>>>>>>>>>>>>>>>>>>>>>>>>>>>>>>>
epoch: 15
loss: 0.0886, acc: 0.9750
loss: 0.1011, acc: 0.9719
loss: 0.1101, acc: 0.9688
loss: 0.1057, acc: 0.9703
loss: 0.1062, acc: 0.9712
loss: 0.1082, acc: 0.9688
loss: 0.1099, acc: 0.9679
loss: 0.1104, acc: 0.9688
loss: 0.1130, acc: 0.9674
loss: 0.1145, acc: 0.9656
loss: 0.1135, acc: 0.9665
loss: 0.1144, acc: 0.9656
loss: 0.1144, acc: 0.9654
loss: 0.1122, acc: 0.9670
> val_acc: 0.6677, val_f1: 0.5750
>>>>>>>>>>>>>>>>>>>>>>>>>>>>>>>>>>>>>>>>>>>>>>>>>>>>>>>>>>>>>>>>>>>>>>>>>>>>>>>>>>>>>>>>>>>>>>>>>>>>
epoch: 16
loss: 0.0801, acc: 0.9844
loss: 0.0912, acc: 0.9866
loss: 0.0899, acc: 0.9818
loss: 0.1022, acc: 0.9724
loss: 0.0988, acc: 0.9744
loss: 0.1036, acc: 0.9745
loss: 0.1056, acc: 0.9736
loss: 0.1065, acc: 0.9730
loss: 0.1072, acc: 0.9717
loss: 0.1092, acc: 0.9714
loss: 0.1079, acc: 0.9730
loss: 0.1059, acc: 0.9748
loss: 0.1058, acc: 0.9743
loss: 0.1049, acc: 0.9753
loss: 0.1051, acc: 0.9744
> val_acc: 0.6708, val_f1: 0.5812
>>>>>>>>>>>>>>>>>>>>>>>>>>>>>>>>>>>>>>>>>>>>>>>>>>>>>>>>>>>>>>>>>>>>>>>>>>>>>>>>>>>>>>>>>>>>>>>>>>>>
epoch: 17
loss: 0.1200, acc: 0.9609
loss: 0.1081, acc: 0.9688
loss: 0.0945, acc: 0.9777
loss: 0.0905, acc: 0.9803
loss: 0.0926, acc: 0.9792
loss: 0.0956, acc: 0.9784
loss: 0.0945, acc: 0.9779
loss: 0.0918, acc: 0.9792
loss: 0.0966, acc: 0.9780
loss: 0.0944, acc: 0.9796
loss: 0.0967, acc: 0.9792
loss: 0.0964, acc: 0.9788
loss: 0.0992, acc: 0.9771
loss: 0.1009, acc: 0.9760
> val_acc: 0.6740, val_f1: 0.5870
>>>>>>>>>>>>>>>>>>>>>>>>>>>>>>>>>>>>>>>>>>>>>>>>>>>>>>>>>>>>>>>>>>>>>>>>>>>>>>>>>>>>>>>>>>>>>>>>>>>>
epoch: 18
loss: 0.1016, acc: 0.9688
loss: 0.1056, acc: 0.9635
loss: 0.1074, acc: 0.9659
loss: 0.1047, acc: 0.9668
loss: 0.0978, acc: 0.9732
loss: 0.1017, acc: 0.9724
loss: 0.1001, acc: 0.9728
loss: 0.0972, acc: 0.9757
loss: 0.0988, acc: 0.9733
loss: 0.0991, acc: 0.9728
loss: 0.0972, acc: 0.9743
loss: 0.0979, acc: 0.9749
loss: 0.0986, acc: 0.9744
loss: 0.0996, acc: 0.9735
loss: 0.1011, acc: 0.9727
> val_acc: 0.6708, val_f1: 0.5797
>>>>>>>>>>>>>>>>>>>>>>>>>>>>>>>>>>>>>>>>>>>>>>>>>>>>>>>>>>>>>>>>>>>>>>>>>>>>>>>>>>>>>>>>>>>>>>>>>>>>
epoch: 19
loss: 0.0787, acc: 0.9896
loss: 0.0767, acc: 0.9883
loss: 0.0772, acc: 0.9880
loss: 0.0829, acc: 0.9826
loss: 0.0853, acc: 0.9796
loss: 0.0888, acc: 0.9766
loss: 0.0878, acc: 0.9782
loss: 0.0881, acc: 0.9762
loss: 0.0865, acc: 0.9782
loss: 0.0845, acc: 0.9798
loss: 0.0850, acc: 0.9794
loss: 0.0853, acc: 0.9790
loss: 0.0854, acc: 0.9792
loss: 0.0875, acc: 0.9789
loss: 0.0880, acc: 0.9790
> val_acc: 0.6708, val_f1: 0.5801
>>>>>>>>>>>>>>>>>>>>>>>>>>>>>>>>>>>>>>>>>>>>>>>>>>>>>>>>>>>>>>>>>>>>>>>>>>>>>>>>>>>>>>>>>>>>>>>>>>>>
epoch: 20
loss: 0.1000, acc: 0.9750
loss: 0.0997, acc: 0.9719
loss: 0.0943, acc: 0.9771
loss: 0.0895, acc: 0.9766
loss: 0.0938, acc: 0.9738
loss: 0.0893, acc: 0.9750
loss: 0.0880, acc: 0.9759
loss: 0.0873, acc: 0.9766
loss: 0.0882, acc: 0.9764
loss: 0.0862, acc: 0.9769
loss: 0.0918, acc: 0.9750
loss: 0.0908, acc: 0.9750
loss: 0.0906, acc: 0.9755
loss: 0.0902, acc: 0.9754
> val_acc: 0.6693, val_f1: 0.5750
>>>>>>>>>>>>>>>>>>>>>>>>>>>>>>>>>>>>>>>>>>>>>>>>>>>>>>>>>>>>>>>>>>>>>>>>>>>>>>>>>>>>>>>>>>>>>>>>>>>>
epoch: 21
loss: 0.1084, acc: 0.9844
loss: 0.0886, acc: 0.9866
loss: 0.0997, acc: 0.9766
loss: 0.0924, acc: 0.9779
loss: 0.0929, acc: 0.9773
loss: 0.0900, acc: 0.9769
loss: 0.0939, acc: 0.9756
loss: 0.0893, acc: 0.9789
loss: 0.0910, acc: 0.9769
loss: 0.0896, acc: 0.9781
loss: 0.0856, acc: 0.9796
loss: 0.0858, acc: 0.9803
loss: 0.0852, acc: 0.9803
loss: 0.0857, acc: 0.9799
loss: 0.0843, acc: 0.9796
> val_acc: 0.6661, val_f1: 0.5718
>>>>>>>>>>>>>>>>>>>>>>>>>>>>>>>>>>>>>>>>>>>>>>>>>>>>>>>>>>>>>>>>>>>>>>>>>>>>>>>>>>>>>>>>>>>>>>>>>>>>
epoch: 22
loss: 0.0782, acc: 0.9844
loss: 0.0748, acc: 0.9826
loss: 0.0920, acc: 0.9799
loss: 0.0931, acc: 0.9786
loss: 0.0895, acc: 0.9805
loss: 0.0862, acc: 0.9828
loss: 0.0842, acc: 0.9835
loss: 0.0845, acc: 0.9824
loss: 0.0851, acc: 0.9822
loss: 0.0844, acc: 0.9802
loss: 0.0846, acc: 0.9809
loss: 0.0820, acc: 0.9815
loss: 0.0805, acc: 0.9814
loss: 0.0818, acc: 0.9801
> val_acc: 0.6693, val_f1: 0.5746
>>>>>>>>>>>>>>>>>>>>>>>>>>>>>>>>>>>>>>>>>>>>>>>>>>>>>>>>>>>>>>>>>>>>>>>>>>>>>>>>>>>>>>>>>>>>>>>>>>>>
epoch: 23
loss: 0.0935, acc: 0.9375
loss: 0.0823, acc: 0.9688
loss: 0.0839, acc: 0.9744
loss: 0.0769, acc: 0.9805
loss: 0.0734, acc: 0.9821
loss: 0.0712, acc: 0.9832
loss: 0.0687, acc: 0.9849
loss: 0.0677, acc: 0.9861
loss: 0.0699, acc: 0.9848
loss: 0.0663, acc: 0.9864
loss: 0.0671, acc: 0.9859
loss: 0.0720, acc: 0.9844
loss: 0.0721, acc: 0.9836
loss: 0.0743, acc: 0.9834
loss: 0.0740, acc: 0.9842
> val_acc: 0.6740, val_f1: 0.5900
>>>>>>>>>>>>>>>>>>>>>>>>>>>>>>>>>>>>>>>>>>>>>>>>>>>>>>>>>>>>>>>>>>>>>>>>>>>>>>>>>>>>>>>>>>>>>>>>>>>>
epoch: 24
loss: 0.0793, acc: 0.9688
loss: 0.0680, acc: 0.9805
loss: 0.0726, acc: 0.9784
loss: 0.0708, acc: 0.9792
loss: 0.0699, acc: 0.9823
loss: 0.0686, acc: 0.9821
loss: 0.0728, acc: 0.9801
loss: 0.0717, acc: 0.9803
loss: 0.0729, acc: 0.9804
loss: 0.0738, acc: 0.9792
loss: 0.0754, acc: 0.9800
loss: 0.0778, acc: 0.9779
loss: 0.0789, acc: 0.9767
loss: 0.0783, acc: 0.9770
loss: 0.0802, acc: 0.9768
> val_acc: 0.6724, val_f1: 0.5846
>>>>>>>>>>>>>>>>>>>>>>>>>>>>>>>>>>>>>>>>>>>>>>>>>>>>>>>>>>>>>>>>>>>>>>>>>>>>>>>>>>>>>>>>>>>>>>>>>>>>
epoch: 25
loss: 0.0711, acc: 0.9875
loss: 0.0680, acc: 0.9906
loss: 0.0640, acc: 0.9896
loss: 0.0693, acc: 0.9844
loss: 0.0623, acc: 0.9875
loss: 0.0698, acc: 0.9875
loss: 0.0675, acc: 0.9893
loss: 0.0670, acc: 0.9891
loss: 0.0685, acc: 0.9882
loss: 0.0681, acc: 0.9875
loss: 0.0669, acc: 0.9881
loss: 0.0687, acc: 0.9865
loss: 0.0700, acc: 0.9865
loss: 0.0690, acc: 0.9871
> val_acc: 0.6740, val_f1: 0.5877
>>>>>>>>>>>>>>>>>>>>>>>>>>>>>>>>>>>>>>>>>>>>>>>>>>>>>>>>>>>>>>>>>>>>>>>>>>>>>>>>>>>>>>>>>>>>>>>>>>>>
epoch: 26
loss: 0.0525, acc: 1.0000
loss: 0.0584, acc: 0.9866
loss: 0.0543, acc: 0.9870
loss: 0.0595, acc: 0.9871
loss: 0.0623, acc: 0.9886
loss: 0.0617, acc: 0.9896
loss: 0.0578, acc: 0.9912
loss: 0.0583, acc: 0.9890
loss: 0.0606, acc: 0.9881
loss: 0.0628, acc: 0.9874
loss: 0.0620, acc: 0.9886
loss: 0.0605, acc: 0.9890
loss: 0.0616, acc: 0.9884
loss: 0.0655, acc: 0.9860
loss: 0.0669, acc: 0.9852
> val_acc: 0.6740, val_f1: 0.5930
>>>>>>>>>>>>>>>>>>>>>>>>>>>>>>>>>>>>>>>>>>>>>>>>>>>>>>>>>>>>>>>>>>>>>>>>>>>>>>>>>>>>>>>>>>>>>>>>>>>>
epoch: 27
loss: 0.0355, acc: 1.0000
loss: 0.0624, acc: 0.9931
loss: 0.0566, acc: 0.9933
loss: 0.0551, acc: 0.9934
loss: 0.0546, acc: 0.9935
loss: 0.0533, acc: 0.9935
loss: 0.0538, acc: 0.9926
loss: 0.0572, acc: 0.9904
loss: 0.0623, acc: 0.9865
loss: 0.0669, acc: 0.9847
loss: 0.0649, acc: 0.9855
loss: 0.0641, acc: 0.9862
loss: 0.0642, acc: 0.9863
loss: 0.0666, acc: 0.9841
> val_acc: 0.6693, val_f1: 0.5845
>>>>>>>>>>>>>>>>>>>>>>>>>>>>>>>>>>>>>>>>>>>>>>>>>>>>>>>>>>>>>>>>>>>>>>>>>>>>>>>>>>>>>>>>>>>>>>>>>>>>
epoch: 28
loss: 0.0614, acc: 0.9688
loss: 0.0458, acc: 0.9844
loss: 0.0653, acc: 0.9858
loss: 0.0842, acc: 0.9746
loss: 0.0796, acc: 0.9762
loss: 0.0798, acc: 0.9760
loss: 0.0787, acc: 0.9768
loss: 0.0739, acc: 0.9800
loss: 0.0750, acc: 0.9794
loss: 0.0741, acc: 0.9796
loss: 0.0723, acc: 0.9804
loss: 0.0736, acc: 0.9794
loss: 0.0742, acc: 0.9795
loss: 0.0721, acc: 0.9801
loss: 0.0729, acc: 0.9802
> val_acc: 0.6740, val_f1: 0.5878
>>>>>>>>>>>>>>>>>>>>>>>>>>>>>>>>>>>>>>>>>>>>>>>>>>>>>>>>>>>>>>>>>>>>>>>>>>>>>>>>>>>>>>>>>>>>>>>>>>>>
epoch: 29
loss: 0.0703, acc: 0.9792
loss: 0.0787, acc: 0.9805
loss: 0.0734, acc: 0.9808
loss: 0.0673, acc: 0.9826
loss: 0.0724, acc: 0.9810
loss: 0.0709, acc: 0.9821
loss: 0.0718, acc: 0.9820
loss: 0.0728, acc: 0.9819
loss: 0.0714, acc: 0.9826
loss: 0.0720, acc: 0.9811
loss: 0.0715, acc: 0.9811
loss: 0.0711, acc: 0.9817
loss: 0.0733, acc: 0.9797
loss: 0.0729, acc: 0.9793
loss: 0.0738, acc: 0.9785
> val_acc: 0.6677, val_f1: 0.5733
>> test_acc: 0.6834, test_f1: 0.5994
