cuda memory allocated: 8670720
n_trainable_params: 843203, n_nontrainable_params: 1323600
> training arguments:
>>> model_name: gc_ian
>>> dataset: restaurant
>>> optimizer: <class 'torch.optim.adagrad.Adagrad'>
>>> initializer: <function xavier_uniform_ at 0x00000229540E7620>
>>> learning_rate: 0.01
>>> momentum: 0.95
>>> dropout: 0.5
>>> l2reg: 5e-05
>>> num_epoch: 30
>>> batch_size: 32
>>> log_step: 5
>>> embed_dim: 300
>>> hidden_dim: 300
>>> bert_dim: 768
>>> pretrained_bert_name: bert-base-uncased
>>> max_seq_len: 80
>>> polarities_dim: 3
>>> hops: 3
>>> device: cuda
>>> seed: 10
>>> valset_ratio: 0
>>> num_layers: 1
>>> in_channels: 100
>>> out_channels: 1
>>> downbot: 20
>>> kernel_size: 3
>>> glove_path: ./glove/glove.840B.300d.txt
>>> model_class: <class 'models.gc_ian.GC_IAN'>
>>> dataset_file: {'train': './datasets/semeval14/Restaurants_Train.xml.seg', 'test': './datasets/semeval14/Restaurants_Test_Gold.xml.seg'}
>>> inputs_cols: ['text_raw_indices', 'aspect_indices']
>>>>>>>>>>>>>>>>>>>>>>>>>>>>>>>>>>>>>>>>>>>>>>>>>>>>>>>>>>>>>>>>>>>>>>>>>>>>>>>>>>>>>>>>>>>>>>>>>>>>
epoch: 0
loss: 1.7561, acc: 0.4375
loss: 1.3698, acc: 0.4625
loss: 1.1944, acc: 0.5188
loss: 1.1520, acc: 0.5172
loss: 1.1247, acc: 0.5150
loss: 1.0819, acc: 0.5344
loss: 1.0518, acc: 0.5429
loss: 1.0247, acc: 0.5594
loss: 1.0124, acc: 0.5660
loss: 0.9934, acc: 0.5756
loss: 0.9740, acc: 0.5858
loss: 0.9641, acc: 0.5901
loss: 0.9508, acc: 0.5938
loss: 0.9415, acc: 0.5955
loss: 0.9320, acc: 0.6021
loss: 0.9189, acc: 0.6059
loss: 0.9052, acc: 0.6125
loss: 0.8960, acc: 0.6184
loss: 0.8856, acc: 0.6234
loss: 0.8770, acc: 0.6281
loss: 0.8682, acc: 0.6330
loss: 0.8600, acc: 0.6355
> val_acc: 0.7598, val_f1: 0.6165
>> saved: state_dict/gc_ian_restaurant_val_acc0.7598
>>>>>>>>>>>>>>>>>>>>>>>>>>>>>>>>>>>>>>>>>>>>>>>>>>>>>>>>>>>>>>>>>>>>>>>>>>>>>>>>>>>>>>>>>>>>>>>>>>>>
epoch: 1
loss: 0.6530, acc: 0.7656
loss: 0.6263, acc: 0.7455
loss: 0.6079, acc: 0.7656
loss: 0.6158, acc: 0.7555
loss: 0.6140, acc: 0.7557
loss: 0.6242, acc: 0.7500
loss: 0.6189, acc: 0.7510
loss: 0.6177, acc: 0.7500
loss: 0.6176, acc: 0.7515
loss: 0.6136, acc: 0.7540
loss: 0.6141, acc: 0.7542
loss: 0.6100, acc: 0.7560
loss: 0.6084, acc: 0.7576
loss: 0.6143, acc: 0.7537
loss: 0.6114, acc: 0.7569
loss: 0.6063, acc: 0.7614
loss: 0.6058, acc: 0.7626
loss: 0.6027, acc: 0.7644
loss: 0.5978, acc: 0.7656
loss: 0.5966, acc: 0.7639
loss: 0.5950, acc: 0.7653
loss: 0.5902, acc: 0.7681
loss: 0.5884, acc: 0.7690
> val_acc: 0.7777, val_f1: 0.6469
>> saved: state_dict/gc_ian_restaurant_val_acc0.7777
>>>>>>>>>>>>>>>>>>>>>>>>>>>>>>>>>>>>>>>>>>>>>>>>>>>>>>>>>>>>>>>>>>>>>>>>>>>>>>>>>>>>>>>>>>>>>>>>>>>>
epoch: 2
loss: 0.5466, acc: 0.7500
loss: 0.5132, acc: 0.7986
loss: 0.5315, acc: 0.7879
loss: 0.5223, acc: 0.7977
loss: 0.5180, acc: 0.8060
loss: 0.5175, acc: 0.8017
loss: 0.5130, acc: 0.8015
loss: 0.5142, acc: 0.8029
loss: 0.5091, acc: 0.8082
loss: 0.4993, acc: 0.8144
loss: 0.4971, acc: 0.8160
loss: 0.4966, acc: 0.8162
loss: 0.4929, acc: 0.8188
loss: 0.4936, acc: 0.8175
loss: 0.4944, acc: 0.8155
loss: 0.4987, acc: 0.8129
loss: 0.5020, acc: 0.8106
loss: 0.5046, acc: 0.8100
loss: 0.5020, acc: 0.8095
loss: 0.5037, acc: 0.8071
loss: 0.5031, acc: 0.8062
loss: 0.4981, acc: 0.8093
> val_acc: 0.7670, val_f1: 0.6027
>>>>>>>>>>>>>>>>>>>>>>>>>>>>>>>>>>>>>>>>>>>>>>>>>>>>>>>>>>>>>>>>>>>>>>>>>>>>>>>>>>>>>>>>>>>>>>>>>>>>
epoch: 3
loss: 0.3188, acc: 0.8438
loss: 0.4003, acc: 0.8542
loss: 0.4241, acc: 0.8409
loss: 0.3977, acc: 0.8652
loss: 0.4141, acc: 0.8512
loss: 0.4354, acc: 0.8425
loss: 0.4347, acc: 0.8427
loss: 0.4401, acc: 0.8385
loss: 0.4311, acc: 0.8399
loss: 0.4295, acc: 0.8390
loss: 0.4295, acc: 0.8395
loss: 0.4307, acc: 0.8410
loss: 0.4330, acc: 0.8397
loss: 0.4363, acc: 0.8371
loss: 0.4315, acc: 0.8402
loss: 0.4257, acc: 0.8438
loss: 0.4346, acc: 0.8372
loss: 0.4313, acc: 0.8387
loss: 0.4314, acc: 0.8379
loss: 0.4304, acc: 0.8389
loss: 0.4314, acc: 0.8385
loss: 0.4341, acc: 0.8373
loss: 0.4383, acc: 0.8370
> val_acc: 0.7661, val_f1: 0.6182
>>>>>>>>>>>>>>>>>>>>>>>>>>>>>>>>>>>>>>>>>>>>>>>>>>>>>>>>>>>>>>>>>>>>>>>>>>>>>>>>>>>>>>>>>>>>>>>>>>>>
epoch: 4
loss: 0.4250, acc: 0.8438
loss: 0.3765, acc: 0.8555
loss: 0.3676, acc: 0.8534
loss: 0.3858, acc: 0.8507
loss: 0.4073, acc: 0.8438
loss: 0.3945, acc: 0.8560
loss: 0.3934, acc: 0.8561
loss: 0.3893, acc: 0.8594
loss: 0.3844, acc: 0.8612
loss: 0.3876, acc: 0.8607
loss: 0.3954, acc: 0.8550
loss: 0.3906, acc: 0.8567
loss: 0.3934, acc: 0.8566
loss: 0.3905, acc: 0.8585
loss: 0.3907, acc: 0.8596
loss: 0.3953, acc: 0.8558
loss: 0.3991, acc: 0.8547
loss: 0.3994, acc: 0.8544
loss: 0.3943, acc: 0.8565
loss: 0.3940, acc: 0.8575
loss: 0.3922, acc: 0.8589
loss: 0.3881, acc: 0.8605
loss: 0.3906, acc: 0.8598
> val_acc: 0.7750, val_f1: 0.6425
>>>>>>>>>>>>>>>>>>>>>>>>>>>>>>>>>>>>>>>>>>>>>>>>>>>>>>>>>>>>>>>>>>>>>>>>>>>>>>>>>>>>>>>>>>>>>>>>>>>>
epoch: 5
loss: 0.3611, acc: 0.8562
loss: 0.3540, acc: 0.8594
loss: 0.3462, acc: 0.8750
loss: 0.3556, acc: 0.8781
loss: 0.3403, acc: 0.8875
loss: 0.3459, acc: 0.8781
loss: 0.3478, acc: 0.8768
loss: 0.3401, acc: 0.8828
loss: 0.3388, acc: 0.8833
loss: 0.3380, acc: 0.8838
loss: 0.3536, acc: 0.8790
loss: 0.3512, acc: 0.8792
loss: 0.3536, acc: 0.8760
loss: 0.3520, acc: 0.8777
loss: 0.3556, acc: 0.8771
loss: 0.3578, acc: 0.8746
loss: 0.3553, acc: 0.8750
loss: 0.3579, acc: 0.8736
loss: 0.3577, acc: 0.8743
loss: 0.3568, acc: 0.8753
loss: 0.3576, acc: 0.8750
loss: 0.3602, acc: 0.8736
> val_acc: 0.7821, val_f1: 0.6587
>> saved: state_dict/gc_ian_restaurant_val_acc0.7821
>>>>>>>>>>>>>>>>>>>>>>>>>>>>>>>>>>>>>>>>>>>>>>>>>>>>>>>>>>>>>>>>>>>>>>>>>>>>>>>>>>>>>>>>>>>>>>>>>>>>
epoch: 6
loss: 0.3635, acc: 0.8906
loss: 0.3497, acc: 0.8929
loss: 0.3288, acc: 0.8932
loss: 0.3241, acc: 0.8897
loss: 0.3189, acc: 0.8935
loss: 0.3268, acc: 0.8935
loss: 0.3296, acc: 0.8887
loss: 0.3224, acc: 0.8936
loss: 0.3262, acc: 0.8929
loss: 0.3250, acc: 0.8956
loss: 0.3262, acc: 0.8954
loss: 0.3261, acc: 0.8947
loss: 0.3314, acc: 0.8921
loss: 0.3343, acc: 0.8899
loss: 0.3330, acc: 0.8889
loss: 0.3325, acc: 0.8884
loss: 0.3328, acc: 0.8876
loss: 0.3342, acc: 0.8858
loss: 0.3306, acc: 0.8886
loss: 0.3320, acc: 0.8885
loss: 0.3336, acc: 0.8876
loss: 0.3315, acc: 0.8881
loss: 0.3301, acc: 0.8881
> val_acc: 0.7786, val_f1: 0.6468
>>>>>>>>>>>>>>>>>>>>>>>>>>>>>>>>>>>>>>>>>>>>>>>>>>>>>>>>>>>>>>>>>>>>>>>>>>>>>>>>>>>>>>>>>>>>>>>>>>>>
epoch: 7
loss: 0.3681, acc: 0.8828
loss: 0.3472, acc: 0.8854
loss: 0.3179, acc: 0.8973
loss: 0.3176, acc: 0.9030
loss: 0.3261, acc: 0.8984
loss: 0.3148, acc: 0.9019
loss: 0.3170, acc: 0.9007
loss: 0.3163, acc: 0.9006
loss: 0.3162, acc: 0.9006
loss: 0.3106, acc: 0.9037
loss: 0.3082, acc: 0.9045
loss: 0.3022, acc: 0.9068
loss: 0.2967, acc: 0.9082
loss: 0.2979, acc: 0.9062
loss: 0.2981, acc: 0.9071
loss: 0.3026, acc: 0.9043
loss: 0.3027, acc: 0.9040
loss: 0.3039, acc: 0.9031
loss: 0.3010, acc: 0.9039
loss: 0.3019, acc: 0.9028
loss: 0.3026, acc: 0.9023
loss: 0.3021, acc: 0.9031
> val_acc: 0.7804, val_f1: 0.6462
>>>>>>>>>>>>>>>>>>>>>>>>>>>>>>>>>>>>>>>>>>>>>>>>>>>>>>>>>>>>>>>>>>>>>>>>>>>>>>>>>>>>>>>>>>>>>>>>>>>>
epoch: 8
loss: 0.3192, acc: 0.8750
loss: 0.2789, acc: 0.9323
loss: 0.2839, acc: 0.9261
loss: 0.2721, acc: 0.9238
loss: 0.2873, acc: 0.9167
loss: 0.2751, acc: 0.9195
loss: 0.2842, acc: 0.9113
loss: 0.2782, acc: 0.9123
loss: 0.2768, acc: 0.9116
loss: 0.2722, acc: 0.9144
loss: 0.2741, acc: 0.9161
loss: 0.2749, acc: 0.9152
loss: 0.2756, acc: 0.9139
loss: 0.2790, acc: 0.9119
loss: 0.2809, acc: 0.9102
loss: 0.2825, acc: 0.9095
loss: 0.2823, acc: 0.9090
loss: 0.2793, acc: 0.9102
loss: 0.2781, acc: 0.9114
loss: 0.2776, acc: 0.9115
loss: 0.2762, acc: 0.9121
loss: 0.2781, acc: 0.9104
loss: 0.2771, acc: 0.9108
> val_acc: 0.7812, val_f1: 0.6577
>>>>>>>>>>>>>>>>>>>>>>>>>>>>>>>>>>>>>>>>>>>>>>>>>>>>>>>>>>>>>>>>>>>>>>>>>>>>>>>>>>>>>>>>>>>>>>>>>>>>
epoch: 9
loss: 0.2462, acc: 0.9167
loss: 0.2558, acc: 0.9023
loss: 0.2447, acc: 0.9159
loss: 0.2521, acc: 0.9184
loss: 0.2383, acc: 0.9266
loss: 0.2431, acc: 0.9263
loss: 0.2460, acc: 0.9252
loss: 0.2511, acc: 0.9227
loss: 0.2513, acc: 0.9237
loss: 0.2527, acc: 0.9232
loss: 0.2530, acc: 0.9216
loss: 0.2551, acc: 0.9203
loss: 0.2593, acc: 0.9182
loss: 0.2618, acc: 0.9164
loss: 0.2680, acc: 0.9127
loss: 0.2650, acc: 0.9147
loss: 0.2660, acc: 0.9130
loss: 0.2706, acc: 0.9116
loss: 0.2704, acc: 0.9126
loss: 0.2711, acc: 0.9120
loss: 0.2691, acc: 0.9123
loss: 0.2676, acc: 0.9129
loss: 0.2682, acc: 0.9121
> val_acc: 0.7786, val_f1: 0.6351
>>>>>>>>>>>>>>>>>>>>>>>>>>>>>>>>>>>>>>>>>>>>>>>>>>>>>>>>>>>>>>>>>>>>>>>>>>>>>>>>>>>>>>>>>>>>>>>>>>>>
epoch: 10
loss: 0.2075, acc: 0.9437
loss: 0.2198, acc: 0.9437
loss: 0.2164, acc: 0.9417
loss: 0.2261, acc: 0.9344
loss: 0.2247, acc: 0.9350
loss: 0.2411, acc: 0.9229
loss: 0.2408, acc: 0.9205
loss: 0.2359, acc: 0.9250
loss: 0.2339, acc: 0.9271
loss: 0.2327, acc: 0.9275
loss: 0.2321, acc: 0.9273
loss: 0.2298, acc: 0.9292
loss: 0.2331, acc: 0.9274
loss: 0.2373, acc: 0.9254
loss: 0.2418, acc: 0.9237
loss: 0.2463, acc: 0.9219
loss: 0.2457, acc: 0.9221
loss: 0.2475, acc: 0.9205
loss: 0.2459, acc: 0.9207
loss: 0.2438, acc: 0.9216
loss: 0.2444, acc: 0.9205
loss: 0.2482, acc: 0.9185
> val_acc: 0.7777, val_f1: 0.6477
>>>>>>>>>>>>>>>>>>>>>>>>>>>>>>>>>>>>>>>>>>>>>>>>>>>>>>>>>>>>>>>>>>>>>>>>>>>>>>>>>>>>>>>>>>>>>>>>>>>>
epoch: 11
loss: 0.2419, acc: 0.9062
loss: 0.2688, acc: 0.8973
loss: 0.2356, acc: 0.9167
loss: 0.2422, acc: 0.9136
loss: 0.2414, acc: 0.9148
loss: 0.2364, acc: 0.9225
loss: 0.2433, acc: 0.9199
loss: 0.2367, acc: 0.9231
loss: 0.2413, acc: 0.9211
loss: 0.2404, acc: 0.9222
loss: 0.2408, acc: 0.9201
loss: 0.2423, acc: 0.9200
loss: 0.2448, acc: 0.9178
loss: 0.2435, acc: 0.9188
loss: 0.2409, acc: 0.9206
loss: 0.2427, acc: 0.9196
loss: 0.2404, acc: 0.9204
loss: 0.2399, acc: 0.9195
loss: 0.2398, acc: 0.9192
loss: 0.2375, acc: 0.9204
loss: 0.2370, acc: 0.9216
loss: 0.2367, acc: 0.9220
loss: 0.2372, acc: 0.9219
> val_acc: 0.7723, val_f1: 0.6306
>>>>>>>>>>>>>>>>>>>>>>>>>>>>>>>>>>>>>>>>>>>>>>>>>>>>>>>>>>>>>>>>>>>>>>>>>>>>>>>>>>>>>>>>>>>>>>>>>>>>
epoch: 12
loss: 0.2305, acc: 0.9531
loss: 0.2263, acc: 0.9306
loss: 0.2287, acc: 0.9308
loss: 0.2286, acc: 0.9309
loss: 0.2209, acc: 0.9362
loss: 0.2202, acc: 0.9364
loss: 0.2232, acc: 0.9338
loss: 0.2310, acc: 0.9247
loss: 0.2299, acc: 0.9276
loss: 0.2236, acc: 0.9305
loss: 0.2212, acc: 0.9317
loss: 0.2231, acc: 0.9322
loss: 0.2218, acc: 0.9326
loss: 0.2226, acc: 0.9321
loss: 0.2245, acc: 0.9307
loss: 0.2230, acc: 0.9316
loss: 0.2214, acc: 0.9308
loss: 0.2223, acc: 0.9301
loss: 0.2223, acc: 0.9309
loss: 0.2209, acc: 0.9312
loss: 0.2223, acc: 0.9309
loss: 0.2236, acc: 0.9303
> val_acc: 0.7759, val_f1: 0.6308
>>>>>>>>>>>>>>>>>>>>>>>>>>>>>>>>>>>>>>>>>>>>>>>>>>>>>>>>>>>>>>>>>>>>>>>>>>>>>>>>>>>>>>>>>>>>>>>>>>>>
epoch: 13
loss: 0.2150, acc: 0.9375
loss: 0.1746, acc: 0.9583
loss: 0.1645, acc: 0.9602
loss: 0.1749, acc: 0.9512
loss: 0.1835, acc: 0.9524
loss: 0.1814, acc: 0.9531
loss: 0.1827, acc: 0.9516
loss: 0.1922, acc: 0.9453
loss: 0.1904, acc: 0.9474
loss: 0.1894, acc: 0.9477
loss: 0.1974, acc: 0.9418
loss: 0.1990, acc: 0.9408
loss: 0.1998, acc: 0.9406
loss: 0.2034, acc: 0.9399
loss: 0.2036, acc: 0.9388
loss: 0.2051, acc: 0.9383
loss: 0.2069, acc: 0.9375
loss: 0.2061, acc: 0.9382
loss: 0.2051, acc: 0.9378
loss: 0.2036, acc: 0.9388
loss: 0.2005, acc: 0.9403
loss: 0.2039, acc: 0.9393
loss: 0.2065, acc: 0.9372
> val_acc: 0.7741, val_f1: 0.6332
>>>>>>>>>>>>>>>>>>>>>>>>>>>>>>>>>>>>>>>>>>>>>>>>>>>>>>>>>>>>>>>>>>>>>>>>>>>>>>>>>>>>>>>>>>>>>>>>>>>>
epoch: 14
loss: 0.1376, acc: 0.9792
loss: 0.1801, acc: 0.9609
loss: 0.1825, acc: 0.9567
loss: 0.1794, acc: 0.9549
loss: 0.1811, acc: 0.9497
loss: 0.1793, acc: 0.9520
loss: 0.1817, acc: 0.9498
loss: 0.1868, acc: 0.9457
loss: 0.1895, acc: 0.9455
loss: 0.1937, acc: 0.9427
loss: 0.1937, acc: 0.9416
loss: 0.1946, acc: 0.9407
loss: 0.1939, acc: 0.9405
loss: 0.1920, acc: 0.9426
loss: 0.1916, acc: 0.9426
loss: 0.1923, acc: 0.9427
loss: 0.1919, acc: 0.9431
loss: 0.1930, acc: 0.9418
loss: 0.1920, acc: 0.9422
loss: 0.1940, acc: 0.9407
loss: 0.1933, acc: 0.9408
loss: 0.1940, acc: 0.9407
loss: 0.1936, acc: 0.9410
> val_acc: 0.7759, val_f1: 0.6535
>>>>>>>>>>>>>>>>>>>>>>>>>>>>>>>>>>>>>>>>>>>>>>>>>>>>>>>>>>>>>>>>>>>>>>>>>>>>>>>>>>>>>>>>>>>>>>>>>>>>
epoch: 15
loss: 0.1876, acc: 0.9500
loss: 0.1539, acc: 0.9656
loss: 0.1749, acc: 0.9542
loss: 0.1730, acc: 0.9563
loss: 0.1846, acc: 0.9513
loss: 0.1868, acc: 0.9531
loss: 0.1884, acc: 0.9536
loss: 0.1855, acc: 0.9539
loss: 0.1900, acc: 0.9479
loss: 0.1915, acc: 0.9456
loss: 0.1885, acc: 0.9466
loss: 0.1898, acc: 0.9453
loss: 0.1922, acc: 0.9447
loss: 0.1907, acc: 0.9446
loss: 0.1885, acc: 0.9454
loss: 0.1892, acc: 0.9445
loss: 0.1899, acc: 0.9441
loss: 0.1907, acc: 0.9441
loss: 0.1883, acc: 0.9457
loss: 0.1880, acc: 0.9463
loss: 0.1885, acc: 0.9455
loss: 0.1911, acc: 0.9437
> val_acc: 0.7777, val_f1: 0.6443
>>>>>>>>>>>>>>>>>>>>>>>>>>>>>>>>>>>>>>>>>>>>>>>>>>>>>>>>>>>>>>>>>>>>>>>>>>>>>>>>>>>>>>>>>>>>>>>>>>>>
epoch: 16
loss: 0.1095, acc: 0.9844
loss: 0.1549, acc: 0.9643
loss: 0.1564, acc: 0.9635
loss: 0.1587, acc: 0.9614
loss: 0.1649, acc: 0.9545
loss: 0.1711, acc: 0.9537
loss: 0.1699, acc: 0.9531
loss: 0.1653, acc: 0.9535
loss: 0.1663, acc: 0.9509
loss: 0.1621, acc: 0.9541
loss: 0.1654, acc: 0.9513
loss: 0.1649, acc: 0.9512
loss: 0.1668, acc: 0.9511
loss: 0.1709, acc: 0.9478
loss: 0.1720, acc: 0.9466
loss: 0.1736, acc: 0.9468
loss: 0.1771, acc: 0.9451
loss: 0.1801, acc: 0.9443
loss: 0.1810, acc: 0.9440
loss: 0.1809, acc: 0.9439
loss: 0.1804, acc: 0.9436
loss: 0.1801, acc: 0.9442
loss: 0.1819, acc: 0.9439
> val_acc: 0.7777, val_f1: 0.6347
>>>>>>>>>>>>>>>>>>>>>>>>>>>>>>>>>>>>>>>>>>>>>>>>>>>>>>>>>>>>>>>>>>>>>>>>>>>>>>>>>>>>>>>>>>>>>>>>>>>>
epoch: 17
loss: 0.1159, acc: 0.9844
loss: 0.1381, acc: 0.9618
loss: 0.1547, acc: 0.9598
loss: 0.1568, acc: 0.9572
loss: 0.1549, acc: 0.9583
loss: 0.1645, acc: 0.9537
loss: 0.1618, acc: 0.9540
loss: 0.1648, acc: 0.9543
loss: 0.1670, acc: 0.9538
loss: 0.1674, acc: 0.9528
loss: 0.1699, acc: 0.9525
loss: 0.1710, acc: 0.9523
loss: 0.1713, acc: 0.9507
loss: 0.1694, acc: 0.9511
loss: 0.1668, acc: 0.9523
loss: 0.1670, acc: 0.9529
loss: 0.1681, acc: 0.9520
loss: 0.1716, acc: 0.9501
loss: 0.1713, acc: 0.9508
loss: 0.1725, acc: 0.9508
loss: 0.1725, acc: 0.9501
loss: 0.1737, acc: 0.9495
> val_acc: 0.7768, val_f1: 0.6471
>>>>>>>>>>>>>>>>>>>>>>>>>>>>>>>>>>>>>>>>>>>>>>>>>>>>>>>>>>>>>>>>>>>>>>>>>>>>>>>>>>>>>>>>>>>>>>>>>>>>
epoch: 18
loss: 0.2601, acc: 0.8750
loss: 0.1718, acc: 0.9479
loss: 0.1583, acc: 0.9460
loss: 0.1551, acc: 0.9570
loss: 0.1539, acc: 0.9583
loss: 0.1481, acc: 0.9591
loss: 0.1555, acc: 0.9556
loss: 0.1551, acc: 0.9566
loss: 0.1581, acc: 0.9550
loss: 0.1661, acc: 0.9524
loss: 0.1650, acc: 0.9516
loss: 0.1677, acc: 0.9487
loss: 0.1687, acc: 0.9483
loss: 0.1667, acc: 0.9493
loss: 0.1651, acc: 0.9507
loss: 0.1653, acc: 0.9511
loss: 0.1629, acc: 0.9529
loss: 0.1617, acc: 0.9535
loss: 0.1640, acc: 0.9536
loss: 0.1644, acc: 0.9528
loss: 0.1638, acc: 0.9530
loss: 0.1626, acc: 0.9528
loss: 0.1646, acc: 0.9516
> val_acc: 0.7750, val_f1: 0.6392
>>>>>>>>>>>>>>>>>>>>>>>>>>>>>>>>>>>>>>>>>>>>>>>>>>>>>>>>>>>>>>>>>>>>>>>>>>>>>>>>>>>>>>>>>>>>>>>>>>>>
epoch: 19
loss: 0.1757, acc: 0.9479
loss: 0.1682, acc: 0.9531
loss: 0.1704, acc: 0.9567
loss: 0.1621, acc: 0.9618
loss: 0.1463, acc: 0.9688
loss: 0.1458, acc: 0.9665
loss: 0.1429, acc: 0.9659
loss: 0.1477, acc: 0.9630
loss: 0.1466, acc: 0.9644
loss: 0.1442, acc: 0.9655
loss: 0.1492, acc: 0.9611
loss: 0.1485, acc: 0.9612
loss: 0.1487, acc: 0.9618
loss: 0.1499, acc: 0.9609
loss: 0.1497, acc: 0.9602
loss: 0.1511, acc: 0.9599
loss: 0.1532, acc: 0.9593
loss: 0.1556, acc: 0.9588
loss: 0.1554, acc: 0.9583
loss: 0.1561, acc: 0.9585
loss: 0.1554, acc: 0.9587
loss: 0.1578, acc: 0.9580
loss: 0.1590, acc: 0.9576
> val_acc: 0.7804, val_f1: 0.6476
>>>>>>>>>>>>>>>>>>>>>>>>>>>>>>>>>>>>>>>>>>>>>>>>>>>>>>>>>>>>>>>>>>>>>>>>>>>>>>>>>>>>>>>>>>>>>>>>>>>>
epoch: 20
loss: 0.1601, acc: 0.9563
loss: 0.1576, acc: 0.9563
loss: 0.1545, acc: 0.9646
loss: 0.1519, acc: 0.9625
loss: 0.1433, acc: 0.9650
loss: 0.1514, acc: 0.9594
loss: 0.1529, acc: 0.9580
loss: 0.1530, acc: 0.9594
loss: 0.1532, acc: 0.9611
loss: 0.1531, acc: 0.9587
loss: 0.1507, acc: 0.9585
loss: 0.1504, acc: 0.9573
loss: 0.1514, acc: 0.9577
loss: 0.1516, acc: 0.9571
loss: 0.1532, acc: 0.9575
loss: 0.1543, acc: 0.9574
loss: 0.1529, acc: 0.9585
loss: 0.1528, acc: 0.9587
loss: 0.1540, acc: 0.9579
loss: 0.1551, acc: 0.9584
loss: 0.1544, acc: 0.9589
loss: 0.1551, acc: 0.9591
> val_acc: 0.7705, val_f1: 0.6262
>>>>>>>>>>>>>>>>>>>>>>>>>>>>>>>>>>>>>>>>>>>>>>>>>>>>>>>>>>>>>>>>>>>>>>>>>>>>>>>>>>>>>>>>>>>>>>>>>>>>
epoch: 21
loss: 0.1249, acc: 0.9688
loss: 0.1443, acc: 0.9598
loss: 0.1350, acc: 0.9688
loss: 0.1253, acc: 0.9706
loss: 0.1379, acc: 0.9616
loss: 0.1369, acc: 0.9606
loss: 0.1365, acc: 0.9648
loss: 0.1344, acc: 0.9671
loss: 0.1407, acc: 0.9658
loss: 0.1426, acc: 0.9648
loss: 0.1422, acc: 0.9645
loss: 0.1421, acc: 0.9633
loss: 0.1438, acc: 0.9617
loss: 0.1466, acc: 0.9599
loss: 0.1477, acc: 0.9596
loss: 0.1496, acc: 0.9586
loss: 0.1500, acc: 0.9581
loss: 0.1504, acc: 0.9573
loss: 0.1515, acc: 0.9569
loss: 0.1517, acc: 0.9565
loss: 0.1512, acc: 0.9559
loss: 0.1528, acc: 0.9544
loss: 0.1532, acc: 0.9542
> val_acc: 0.7750, val_f1: 0.6327
>>>>>>>>>>>>>>>>>>>>>>>>>>>>>>>>>>>>>>>>>>>>>>>>>>>>>>>>>>>>>>>>>>>>>>>>>>>>>>>>>>>>>>>>>>>>>>>>>>>>
epoch: 22
loss: 0.1441, acc: 0.9453
loss: 0.1657, acc: 0.9340
loss: 0.1517, acc: 0.9509
loss: 0.1698, acc: 0.9424
loss: 0.1552, acc: 0.9531
loss: 0.1520, acc: 0.9569
loss: 0.1455, acc: 0.9614
loss: 0.1427, acc: 0.9639
loss: 0.1384, acc: 0.9673
loss: 0.1428, acc: 0.9630
loss: 0.1432, acc: 0.9624
loss: 0.1403, acc: 0.9640
loss: 0.1389, acc: 0.9644
loss: 0.1424, acc: 0.9620
loss: 0.1429, acc: 0.9616
loss: 0.1437, acc: 0.9604
loss: 0.1452, acc: 0.9587
loss: 0.1451, acc: 0.9593
loss: 0.1448, acc: 0.9601
loss: 0.1450, acc: 0.9602
loss: 0.1455, acc: 0.9597
loss: 0.1458, acc: 0.9599
> val_acc: 0.7741, val_f1: 0.6335
>>>>>>>>>>>>>>>>>>>>>>>>>>>>>>>>>>>>>>>>>>>>>>>>>>>>>>>>>>>>>>>>>>>>>>>>>>>>>>>>>>>>>>>>>>>>>>>>>>>>
epoch: 23
loss: 0.1032, acc: 1.0000
loss: 0.1321, acc: 0.9531
loss: 0.1198, acc: 0.9688
loss: 0.1185, acc: 0.9707
loss: 0.1193, acc: 0.9717
loss: 0.1232, acc: 0.9688
loss: 0.1293, acc: 0.9688
loss: 0.1354, acc: 0.9635
loss: 0.1384, acc: 0.9634
loss: 0.1398, acc: 0.9606
loss: 0.1416, acc: 0.9583
loss: 0.1424, acc: 0.9587
loss: 0.1442, acc: 0.9580
loss: 0.1450, acc: 0.9569
loss: 0.1461, acc: 0.9564
loss: 0.1472, acc: 0.9548
loss: 0.1486, acc: 0.9541
loss: 0.1511, acc: 0.9531
loss: 0.1514, acc: 0.9540
loss: 0.1500, acc: 0.9551
loss: 0.1501, acc: 0.9558
loss: 0.1493, acc: 0.9561
loss: 0.1476, acc: 0.9566
> val_acc: 0.7759, val_f1: 0.6428
>>>>>>>>>>>>>>>>>>>>>>>>>>>>>>>>>>>>>>>>>>>>>>>>>>>>>>>>>>>>>>>>>>>>>>>>>>>>>>>>>>>>>>>>>>>>>>>>>>>>
epoch: 24
loss: 0.0892, acc: 0.9792
loss: 0.0883, acc: 0.9766
loss: 0.0907, acc: 0.9784
loss: 0.1005, acc: 0.9757
loss: 0.1049, acc: 0.9769
loss: 0.1132, acc: 0.9721
loss: 0.1177, acc: 0.9735
loss: 0.1273, acc: 0.9671
loss: 0.1303, acc: 0.9637
loss: 0.1336, acc: 0.9622
loss: 0.1324, acc: 0.9611
loss: 0.1350, acc: 0.9612
loss: 0.1347, acc: 0.9603
loss: 0.1339, acc: 0.9619
loss: 0.1354, acc: 0.9619
loss: 0.1339, acc: 0.9623
loss: 0.1321, acc: 0.9627
loss: 0.1329, acc: 0.9627
loss: 0.1338, acc: 0.9624
loss: 0.1332, acc: 0.9633
loss: 0.1338, acc: 0.9633
loss: 0.1351, acc: 0.9633
loss: 0.1352, acc: 0.9629
> val_acc: 0.7741, val_f1: 0.6276
>>>>>>>>>>>>>>>>>>>>>>>>>>>>>>>>>>>>>>>>>>>>>>>>>>>>>>>>>>>>>>>>>>>>>>>>>>>>>>>>>>>>>>>>>>>>>>>>>>>>
epoch: 25
loss: 0.1499, acc: 0.9563
loss: 0.1456, acc: 0.9563
loss: 0.1371, acc: 0.9625
loss: 0.1412, acc: 0.9578
loss: 0.1339, acc: 0.9625
loss: 0.1388, acc: 0.9573
loss: 0.1391, acc: 0.9563
loss: 0.1355, acc: 0.9586
loss: 0.1326, acc: 0.9604
loss: 0.1351, acc: 0.9600
loss: 0.1368, acc: 0.9602
loss: 0.1387, acc: 0.9594
loss: 0.1391, acc: 0.9591
loss: 0.1405, acc: 0.9589
loss: 0.1406, acc: 0.9583
loss: 0.1381, acc: 0.9598
loss: 0.1418, acc: 0.9581
loss: 0.1389, acc: 0.9594
loss: 0.1399, acc: 0.9592
loss: 0.1399, acc: 0.9584
loss: 0.1396, acc: 0.9583
loss: 0.1397, acc: 0.9580
> val_acc: 0.7768, val_f1: 0.6344
>>>>>>>>>>>>>>>>>>>>>>>>>>>>>>>>>>>>>>>>>>>>>>>>>>>>>>>>>>>>>>>>>>>>>>>>>>>>>>>>>>>>>>>>>>>>>>>>>>>>
epoch: 26
loss: 0.0659, acc: 1.0000
loss: 0.1237, acc: 0.9643
loss: 0.1331, acc: 0.9661
loss: 0.1330, acc: 0.9632
loss: 0.1286, acc: 0.9645
loss: 0.1273, acc: 0.9688
loss: 0.1355, acc: 0.9648
loss: 0.1339, acc: 0.9654
loss: 0.1323, acc: 0.9643
loss: 0.1311, acc: 0.9634
loss: 0.1284, acc: 0.9645
loss: 0.1278, acc: 0.9655
loss: 0.1284, acc: 0.9652
loss: 0.1277, acc: 0.9655
loss: 0.1300, acc: 0.9622
loss: 0.1289, acc: 0.9623
loss: 0.1278, acc: 0.9627
loss: 0.1273, acc: 0.9634
loss: 0.1285, acc: 0.9623
loss: 0.1281, acc: 0.9633
loss: 0.1286, acc: 0.9635
loss: 0.1288, acc: 0.9635
loss: 0.1299, acc: 0.9634
> val_acc: 0.7723, val_f1: 0.6317
>>>>>>>>>>>>>>>>>>>>>>>>>>>>>>>>>>>>>>>>>>>>>>>>>>>>>>>>>>>>>>>>>>>>>>>>>>>>>>>>>>>>>>>>>>>>>>>>>>>>
epoch: 27
loss: 0.1416, acc: 0.9688
loss: 0.1391, acc: 0.9688
loss: 0.1238, acc: 0.9777
loss: 0.1187, acc: 0.9770
loss: 0.1231, acc: 0.9753
loss: 0.1221, acc: 0.9752
loss: 0.1208, acc: 0.9724
loss: 0.1253, acc: 0.9696
loss: 0.1273, acc: 0.9673
loss: 0.1285, acc: 0.9681
loss: 0.1269, acc: 0.9688
loss: 0.1270, acc: 0.9677
loss: 0.1259, acc: 0.9683
loss: 0.1235, acc: 0.9701
loss: 0.1223, acc: 0.9696
loss: 0.1242, acc: 0.9695
loss: 0.1257, acc: 0.9680
loss: 0.1261, acc: 0.9677
loss: 0.1250, acc: 0.9681
loss: 0.1260, acc: 0.9672
loss: 0.1267, acc: 0.9666
loss: 0.1276, acc: 0.9653
> val_acc: 0.7723, val_f1: 0.6295
>>>>>>>>>>>>>>>>>>>>>>>>>>>>>>>>>>>>>>>>>>>>>>>>>>>>>>>>>>>>>>>>>>>>>>>>>>>>>>>>>>>>>>>>>>>>>>>>>>>>
epoch: 28
loss: 0.1174, acc: 0.9688
loss: 0.1316, acc: 0.9635
loss: 0.1156, acc: 0.9688
loss: 0.1151, acc: 0.9707
loss: 0.1148, acc: 0.9717
loss: 0.1126, acc: 0.9724
loss: 0.1142, acc: 0.9718
loss: 0.1154, acc: 0.9705
loss: 0.1166, acc: 0.9726
loss: 0.1182, acc: 0.9701
loss: 0.1168, acc: 0.9688
loss: 0.1176, acc: 0.9688
loss: 0.1184, acc: 0.9682
loss: 0.1187, acc: 0.9678
loss: 0.1187, acc: 0.9679
loss: 0.1172, acc: 0.9700
loss: 0.1181, acc: 0.9688
loss: 0.1166, acc: 0.9706
loss: 0.1175, acc: 0.9698
loss: 0.1210, acc: 0.9684
loss: 0.1224, acc: 0.9678
loss: 0.1232, acc: 0.9670
loss: 0.1223, acc: 0.9676
> val_acc: 0.7714, val_f1: 0.6265
>>>>>>>>>>>>>>>>>>>>>>>>>>>>>>>>>>>>>>>>>>>>>>>>>>>>>>>>>>>>>>>>>>>>>>>>>>>>>>>>>>>>>>>>>>>>>>>>>>>>
epoch: 29
loss: 0.1316, acc: 0.9792
loss: 0.1299, acc: 0.9727
loss: 0.1227, acc: 0.9760
loss: 0.1207, acc: 0.9757
loss: 0.1185, acc: 0.9755
loss: 0.1114, acc: 0.9777
loss: 0.1082, acc: 0.9773
loss: 0.1102, acc: 0.9745
loss: 0.1149, acc: 0.9717
loss: 0.1223, acc: 0.9688
loss: 0.1186, acc: 0.9699
loss: 0.1199, acc: 0.9698
loss: 0.1193, acc: 0.9702
loss: 0.1194, acc: 0.9706
loss: 0.1178, acc: 0.9717
loss: 0.1165, acc: 0.9716
loss: 0.1160, acc: 0.9710
loss: 0.1146, acc: 0.9719
loss: 0.1135, acc: 0.9718
loss: 0.1129, acc: 0.9726
loss: 0.1119, acc: 0.9727
loss: 0.1130, acc: 0.9722
loss: 0.1153, acc: 0.9712
> val_acc: 0.7688, val_f1: 0.6265
>> test_acc: 0.7821, test_f1: 0.6587
