cuda memory allocated: 16206336
n_trainable_params: 2726003, n_nontrainable_params: 1323600
> training arguments:
>>> model_name: gc_ian
>>> dataset: restaurant
>>> optimizer: <class 'torch.optim.adagrad.Adagrad'>
>>> initializer: <function xavier_uniform_ at 0x0000016F4DCB76A8>
>>> learning_rate: 0.01
>>> momentum: 0.95
>>> dropout: 0.5
>>> l2reg: 5e-05
>>> num_epoch: 30
>>> batch_size: 32
>>> log_step: 5
>>> embed_dim: 300
>>> hidden_dim: 300
>>> bert_dim: 768
>>> pretrained_bert_name: bert-base-uncased
>>> max_seq_len: 80
>>> polarities_dim: 3
>>> hops: 3
>>> device: cuda
>>> seed: 0
>>> valset_ratio: 0
>>> num_layers: 1
>>> in_channels: 100
>>> out_channels: 1
>>> downbot: 20
>>> kernel_size: 3
>>> glove_path: ./embeddings/glove.840B.300d.txt
>>> model_class: <class 'models.gc_ian.GC_IAN'>
>>> dataset_file: {'train': './datasets/semeval14/Restaurants_Train.xml.seg', 'test': './datasets/semeval14/Restaurants_Test_Gold.xml.seg'}
>>> inputs_cols: ['text_raw_indices', 'aspect_indices']
>>>>>>>>>>>>>>>>>>>>>>>>>>>>>>>>>>>>>>>>>>>>>>>>>>>>>>>>>>>>>>>>>>>>>>>>>>>>>>>>>>>>>>>>>>>>>>>>>>>>
epoch: 0
loss: 2.0526, acc: 0.5250
loss: 1.5907, acc: 0.5594
loss: 1.4153, acc: 0.5604
loss: 1.2992, acc: 0.5703
loss: 1.2234, acc: 0.5850
loss: 1.1681, acc: 0.5906
loss: 1.1139, acc: 0.6009
loss: 1.0836, acc: 0.6000
loss: 1.0540, acc: 0.6035
loss: 1.0397, acc: 0.6038
loss: 1.0153, acc: 0.6080
loss: 1.0035, acc: 0.6068
loss: 0.9871, acc: 0.6111
loss: 0.9769, acc: 0.6138
loss: 0.9595, acc: 0.6208
loss: 0.9449, acc: 0.6258
loss: 0.9335, acc: 0.6290
loss: 0.9229, acc: 0.6309
loss: 0.9120, acc: 0.6339
loss: 0.9049, acc: 0.6338
loss: 0.8902, acc: 0.6402
loss: 0.8817, acc: 0.6446
> val_acc: 0.7482, val_f1: 0.5784
>> saved: state_dict/gc_ian_restaurant_val_acc0.7482
>>>>>>>>>>>>>>>>>>>>>>>>>>>>>>>>>>>>>>>>>>>>>>>>>>>>>>>>>>>>>>>>>>>>>>>>>>>>>>>>>>>>>>>>>>>>>>>>>>>>
epoch: 1
loss: 0.5546, acc: 0.7656
loss: 0.5471, acc: 0.7723
loss: 0.5755, acc: 0.7604
loss: 0.5715, acc: 0.7610
loss: 0.5529, acc: 0.7713
loss: 0.5486, acc: 0.7720
loss: 0.5472, acc: 0.7754
loss: 0.5430, acc: 0.7812
loss: 0.5433, acc: 0.7820
loss: 0.5414, acc: 0.7799
loss: 0.5442, acc: 0.7764
loss: 0.5537, acc: 0.7730
loss: 0.5642, acc: 0.7707
loss: 0.5673, acc: 0.7710
loss: 0.5630, acc: 0.7726
loss: 0.5672, acc: 0.7707
loss: 0.5651, acc: 0.7729
loss: 0.5637, acc: 0.7712
loss: 0.5610, acc: 0.7721
loss: 0.5621, acc: 0.7706
loss: 0.5598, acc: 0.7696
loss: 0.5615, acc: 0.7687
loss: 0.5579, acc: 0.7706
> val_acc: 0.7652, val_f1: 0.6147
>> saved: state_dict/gc_ian_restaurant_val_acc0.7652
>>>>>>>>>>>>>>>>>>>>>>>>>>>>>>>>>>>>>>>>>>>>>>>>>>>>>>>>>>>>>>>>>>>>>>>>>>>>>>>>>>>>>>>>>>>>>>>>>>>>
epoch: 2
loss: 0.5152, acc: 0.8047
loss: 0.4659, acc: 0.8299
loss: 0.4811, acc: 0.8281
loss: 0.4615, acc: 0.8289
loss: 0.4866, acc: 0.8151
loss: 0.4804, acc: 0.8168
loss: 0.4700, acc: 0.8208
loss: 0.4629, acc: 0.8229
loss: 0.4595, acc: 0.8295
loss: 0.4569, acc: 0.8316
loss: 0.4572, acc: 0.8322
loss: 0.4593, acc: 0.8263
loss: 0.4691, acc: 0.8198
loss: 0.4642, acc: 0.8220
loss: 0.4636, acc: 0.8214
loss: 0.4622, acc: 0.8240
loss: 0.4606, acc: 0.8240
loss: 0.4599, acc: 0.8251
loss: 0.4635, acc: 0.8225
loss: 0.4617, acc: 0.8226
loss: 0.4619, acc: 0.8236
loss: 0.4632, acc: 0.8222
> val_acc: 0.7696, val_f1: 0.6198
>> saved: state_dict/gc_ian_restaurant_val_acc0.7696
>>>>>>>>>>>>>>>>>>>>>>>>>>>>>>>>>>>>>>>>>>>>>>>>>>>>>>>>>>>>>>>>>>>>>>>>>>>>>>>>>>>>>>>>>>>>>>>>>>>>
epoch: 3
loss: 0.3983, acc: 0.8438
loss: 0.3855, acc: 0.8542
loss: 0.4120, acc: 0.8438
loss: 0.4018, acc: 0.8477
loss: 0.3938, acc: 0.8497
loss: 0.3968, acc: 0.8510
loss: 0.3923, acc: 0.8548
loss: 0.3847, acc: 0.8568
loss: 0.3868, acc: 0.8537
loss: 0.3858, acc: 0.8560
loss: 0.3876, acc: 0.8572
loss: 0.3889, acc: 0.8566
loss: 0.3905, acc: 0.8571
loss: 0.3930, acc: 0.8542
loss: 0.3947, acc: 0.8517
loss: 0.3943, acc: 0.8512
loss: 0.3954, acc: 0.8503
loss: 0.3999, acc: 0.8477
loss: 0.4006, acc: 0.8479
loss: 0.4030, acc: 0.8467
loss: 0.4015, acc: 0.8465
loss: 0.3998, acc: 0.8479
loss: 0.4002, acc: 0.8480
> val_acc: 0.7688, val_f1: 0.6198
>>>>>>>>>>>>>>>>>>>>>>>>>>>>>>>>>>>>>>>>>>>>>>>>>>>>>>>>>>>>>>>>>>>>>>>>>>>>>>>>>>>>>>>>>>>>>>>>>>>>
epoch: 4
loss: 0.3741, acc: 0.8333
loss: 0.4114, acc: 0.8320
loss: 0.3825, acc: 0.8486
loss: 0.3630, acc: 0.8698
loss: 0.3572, acc: 0.8750
loss: 0.3558, acc: 0.8761
loss: 0.3494, acc: 0.8750
loss: 0.3404, acc: 0.8791
loss: 0.3428, acc: 0.8750
loss: 0.3465, acc: 0.8730
loss: 0.3456, acc: 0.8750
loss: 0.3494, acc: 0.8739
loss: 0.3537, acc: 0.8715
loss: 0.3602, acc: 0.8681
loss: 0.3596, acc: 0.8694
loss: 0.3629, acc: 0.8666
loss: 0.3607, acc: 0.8697
loss: 0.3582, acc: 0.8722
loss: 0.3549, acc: 0.8730
loss: 0.3564, acc: 0.8721
loss: 0.3588, acc: 0.8704
loss: 0.3638, acc: 0.8683
loss: 0.3661, acc: 0.8659
> val_acc: 0.7723, val_f1: 0.6317
>> saved: state_dict/gc_ian_restaurant_val_acc0.7723
>>>>>>>>>>>>>>>>>>>>>>>>>>>>>>>>>>>>>>>>>>>>>>>>>>>>>>>>>>>>>>>>>>>>>>>>>>>>>>>>>>>>>>>>>>>>>>>>>>>>
epoch: 5
loss: 0.2667, acc: 0.9125
loss: 0.3057, acc: 0.8906
loss: 0.2928, acc: 0.8979
loss: 0.2918, acc: 0.9016
loss: 0.2991, acc: 0.8950
loss: 0.3070, acc: 0.8927
loss: 0.3002, acc: 0.9018
loss: 0.3074, acc: 0.8961
loss: 0.3143, acc: 0.8938
loss: 0.3135, acc: 0.8925
loss: 0.3128, acc: 0.8920
loss: 0.3114, acc: 0.8922
loss: 0.3143, acc: 0.8909
loss: 0.3164, acc: 0.8888
loss: 0.3169, acc: 0.8888
loss: 0.3207, acc: 0.8852
loss: 0.3214, acc: 0.8853
loss: 0.3197, acc: 0.8858
loss: 0.3225, acc: 0.8836
loss: 0.3263, acc: 0.8809
loss: 0.3223, acc: 0.8821
loss: 0.3244, acc: 0.8801
> val_acc: 0.7759, val_f1: 0.6588
>> saved: state_dict/gc_ian_restaurant_val_acc0.7759
>>>>>>>>>>>>>>>>>>>>>>>>>>>>>>>>>>>>>>>>>>>>>>>>>>>>>>>>>>>>>>>>>>>>>>>>>>>>>>>>>>>>>>>>>>>>>>>>>>>>
epoch: 6
loss: 0.3090, acc: 0.8906
loss: 0.2895, acc: 0.8884
loss: 0.2776, acc: 0.8932
loss: 0.2602, acc: 0.9044
loss: 0.2803, acc: 0.8991
loss: 0.2741, acc: 0.9016
loss: 0.2790, acc: 0.8984
loss: 0.2728, acc: 0.9012
loss: 0.2734, acc: 0.9040
loss: 0.2721, acc: 0.9049
loss: 0.2749, acc: 0.9050
loss: 0.2755, acc: 0.9057
loss: 0.2732, acc: 0.9083
loss: 0.2738, acc: 0.9090
loss: 0.2782, acc: 0.9089
loss: 0.2802, acc: 0.9079
loss: 0.2823, acc: 0.9062
loss: 0.2806, acc: 0.9062
loss: 0.2817, acc: 0.9066
loss: 0.2852, acc: 0.9040
loss: 0.2853, acc: 0.9032
loss: 0.2891, acc: 0.8998
loss: 0.2882, acc: 0.9007
> val_acc: 0.7732, val_f1: 0.6264
>>>>>>>>>>>>>>>>>>>>>>>>>>>>>>>>>>>>>>>>>>>>>>>>>>>>>>>>>>>>>>>>>>>>>>>>>>>>>>>>>>>>>>>>>>>>>>>>>>>>
epoch: 7
loss: 0.2075, acc: 0.9609
loss: 0.2278, acc: 0.9340
loss: 0.2390, acc: 0.9219
loss: 0.2393, acc: 0.9211
loss: 0.2473, acc: 0.9089
loss: 0.2514, acc: 0.9084
loss: 0.2555, acc: 0.9072
loss: 0.2627, acc: 0.9022
loss: 0.2603, acc: 0.9048
loss: 0.2579, acc: 0.9056
loss: 0.2531, acc: 0.9086
loss: 0.2573, acc: 0.9073
loss: 0.2562, acc: 0.9067
loss: 0.2555, acc: 0.9072
loss: 0.2602, acc: 0.9062
loss: 0.2614, acc: 0.9066
loss: 0.2619, acc: 0.9059
loss: 0.2646, acc: 0.9052
loss: 0.2659, acc: 0.9046
loss: 0.2672, acc: 0.9044
loss: 0.2676, acc: 0.9035
loss: 0.2659, acc: 0.9054
> val_acc: 0.7723, val_f1: 0.6091
>>>>>>>>>>>>>>>>>>>>>>>>>>>>>>>>>>>>>>>>>>>>>>>>>>>>>>>>>>>>>>>>>>>>>>>>>>>>>>>>>>>>>>>>>>>>>>>>>>>>
epoch: 8
loss: 0.1378, acc: 0.9688
loss: 0.2268, acc: 0.9271
loss: 0.2441, acc: 0.9233
loss: 0.2517, acc: 0.9199
loss: 0.2560, acc: 0.9152
loss: 0.2422, acc: 0.9195
loss: 0.2429, acc: 0.9214
loss: 0.2371, acc: 0.9201
loss: 0.2414, acc: 0.9169
loss: 0.2417, acc: 0.9185
loss: 0.2369, acc: 0.9222
loss: 0.2336, acc: 0.9247
loss: 0.2352, acc: 0.9232
loss: 0.2415, acc: 0.9195
loss: 0.2436, acc: 0.9190
loss: 0.2421, acc: 0.9206
loss: 0.2425, acc: 0.9225
loss: 0.2428, acc: 0.9226
loss: 0.2447, acc: 0.9214
loss: 0.2464, acc: 0.9202
loss: 0.2488, acc: 0.9202
loss: 0.2501, acc: 0.9189
loss: 0.2539, acc: 0.9169
> val_acc: 0.7786, val_f1: 0.6262
>> saved: state_dict/gc_ian_restaurant_val_acc0.7786
>>>>>>>>>>>>>>>>>>>>>>>>>>>>>>>>>>>>>>>>>>>>>>>>>>>>>>>>>>>>>>>>>>>>>>>>>>>>>>>>>>>>>>>>>>>>>>>>>>>>
epoch: 9
loss: 0.2944, acc: 0.9271
loss: 0.2297, acc: 0.9375
loss: 0.2243, acc: 0.9327
loss: 0.2350, acc: 0.9253
loss: 0.2335, acc: 0.9253
loss: 0.2373, acc: 0.9241
loss: 0.2501, acc: 0.9176
loss: 0.2378, acc: 0.9243
loss: 0.2399, acc: 0.9237
loss: 0.2347, acc: 0.9225
loss: 0.2326, acc: 0.9222
loss: 0.2308, acc: 0.9230
loss: 0.2320, acc: 0.9231
loss: 0.2319, acc: 0.9219
loss: 0.2359, acc: 0.9195
loss: 0.2341, acc: 0.9191
loss: 0.2341, acc: 0.9187
loss: 0.2326, acc: 0.9197
loss: 0.2331, acc: 0.9207
loss: 0.2335, acc: 0.9209
loss: 0.2333, acc: 0.9208
loss: 0.2321, acc: 0.9213
loss: 0.2346, acc: 0.9202
> val_acc: 0.7723, val_f1: 0.6186
>>>>>>>>>>>>>>>>>>>>>>>>>>>>>>>>>>>>>>>>>>>>>>>>>>>>>>>>>>>>>>>>>>>>>>>>>>>>>>>>>>>>>>>>>>>>>>>>>>>>
epoch: 10
loss: 0.1719, acc: 0.9750
loss: 0.1906, acc: 0.9500
loss: 0.1747, acc: 0.9583
loss: 0.1930, acc: 0.9469
loss: 0.2168, acc: 0.9337
loss: 0.2176, acc: 0.9323
loss: 0.2194, acc: 0.9321
loss: 0.2179, acc: 0.9305
loss: 0.2158, acc: 0.9299
loss: 0.2182, acc: 0.9287
loss: 0.2172, acc: 0.9278
loss: 0.2168, acc: 0.9271
loss: 0.2199, acc: 0.9245
loss: 0.2177, acc: 0.9263
loss: 0.2228, acc: 0.9225
loss: 0.2213, acc: 0.9234
loss: 0.2254, acc: 0.9213
loss: 0.2238, acc: 0.9219
loss: 0.2238, acc: 0.9220
loss: 0.2258, acc: 0.9209
loss: 0.2252, acc: 0.9208
loss: 0.2250, acc: 0.9227
> val_acc: 0.7759, val_f1: 0.6221
>>>>>>>>>>>>>>>>>>>>>>>>>>>>>>>>>>>>>>>>>>>>>>>>>>>>>>>>>>>>>>>>>>>>>>>>>>>>>>>>>>>>>>>>>>>>>>>>>>>>
epoch: 11
loss: 0.2365, acc: 0.9219
loss: 0.1881, acc: 0.9420
loss: 0.2042, acc: 0.9323
loss: 0.1930, acc: 0.9357
loss: 0.1948, acc: 0.9361
loss: 0.1939, acc: 0.9375
loss: 0.1979, acc: 0.9346
loss: 0.2051, acc: 0.9333
loss: 0.1985, acc: 0.9353
loss: 0.2056, acc: 0.9309
loss: 0.1998, acc: 0.9357
loss: 0.2003, acc: 0.9353
loss: 0.1989, acc: 0.9365
loss: 0.2066, acc: 0.9314
loss: 0.2064, acc: 0.9319
loss: 0.2093, acc: 0.9314
loss: 0.2118, acc: 0.9299
loss: 0.2103, acc: 0.9310
loss: 0.2109, acc: 0.9310
loss: 0.2102, acc: 0.9311
loss: 0.2090, acc: 0.9305
loss: 0.2086, acc: 0.9311
loss: 0.2095, acc: 0.9308
> val_acc: 0.7652, val_f1: 0.6034
>>>>>>>>>>>>>>>>>>>>>>>>>>>>>>>>>>>>>>>>>>>>>>>>>>>>>>>>>>>>>>>>>>>>>>>>>>>>>>>>>>>>>>>>>>>>>>>>>>>>
epoch: 12
loss: 0.2083, acc: 0.9219
loss: 0.1930, acc: 0.9375
loss: 0.2091, acc: 0.9286
loss: 0.2178, acc: 0.9227
loss: 0.2096, acc: 0.9297
loss: 0.2180, acc: 0.9224
loss: 0.2151, acc: 0.9256
loss: 0.2084, acc: 0.9271
loss: 0.2047, acc: 0.9268
loss: 0.2002, acc: 0.9292
loss: 0.1957, acc: 0.9323
loss: 0.1930, acc: 0.9333
loss: 0.1934, acc: 0.9336
loss: 0.1924, acc: 0.9348
loss: 0.1911, acc: 0.9345
loss: 0.1925, acc: 0.9328
loss: 0.1909, acc: 0.9342
loss: 0.1934, acc: 0.9340
loss: 0.1940, acc: 0.9332
loss: 0.1949, acc: 0.9331
loss: 0.1940, acc: 0.9330
loss: 0.1968, acc: 0.9326
> val_acc: 0.7750, val_f1: 0.6275
>>>>>>>>>>>>>>>>>>>>>>>>>>>>>>>>>>>>>>>>>>>>>>>>>>>>>>>>>>>>>>>>>>>>>>>>>>>>>>>>>>>>>>>>>>>>>>>>>>>>
epoch: 13
loss: 0.1028, acc: 0.9688
loss: 0.1794, acc: 0.9427
loss: 0.1861, acc: 0.9347
loss: 0.1826, acc: 0.9355
loss: 0.1769, acc: 0.9390
loss: 0.1840, acc: 0.9363
loss: 0.1781, acc: 0.9395
loss: 0.1804, acc: 0.9384
loss: 0.1791, acc: 0.9360
loss: 0.1745, acc: 0.9382
loss: 0.1766, acc: 0.9387
loss: 0.1767, acc: 0.9397
loss: 0.1772, acc: 0.9401
loss: 0.1796, acc: 0.9394
loss: 0.1780, acc: 0.9406
loss: 0.1800, acc: 0.9404
loss: 0.1767, acc: 0.9421
loss: 0.1798, acc: 0.9408
loss: 0.1813, acc: 0.9392
loss: 0.1816, acc: 0.9391
loss: 0.1856, acc: 0.9378
loss: 0.1871, acc: 0.9378
loss: 0.1879, acc: 0.9372
> val_acc: 0.7732, val_f1: 0.6391
>>>>>>>>>>>>>>>>>>>>>>>>>>>>>>>>>>>>>>>>>>>>>>>>>>>>>>>>>>>>>>>>>>>>>>>>>>>>>>>>>>>>>>>>>>>>>>>>>>>>
epoch: 14
loss: 0.1312, acc: 0.9688
loss: 0.1285, acc: 0.9688
loss: 0.1391, acc: 0.9543
loss: 0.1526, acc: 0.9514
loss: 0.1495, acc: 0.9538
loss: 0.1569, acc: 0.9475
loss: 0.1624, acc: 0.9451
loss: 0.1623, acc: 0.9482
loss: 0.1716, acc: 0.9433
loss: 0.1732, acc: 0.9427
loss: 0.1745, acc: 0.9428
loss: 0.1815, acc: 0.9391
loss: 0.1781, acc: 0.9425
loss: 0.1782, acc: 0.9430
loss: 0.1791, acc: 0.9431
loss: 0.1756, acc: 0.9447
loss: 0.1749, acc: 0.9447
loss: 0.1746, acc: 0.9446
loss: 0.1753, acc: 0.9446
loss: 0.1751, acc: 0.9455
loss: 0.1764, acc: 0.9445
loss: 0.1782, acc: 0.9430
loss: 0.1803, acc: 0.9415
> val_acc: 0.7688, val_f1: 0.6158
>>>>>>>>>>>>>>>>>>>>>>>>>>>>>>>>>>>>>>>>>>>>>>>>>>>>>>>>>>>>>>>>>>>>>>>>>>>>>>>>>>>>>>>>>>>>>>>>>>>>
epoch: 15
loss: 0.1464, acc: 0.9812
loss: 0.1547, acc: 0.9656
loss: 0.1578, acc: 0.9625
loss: 0.1531, acc: 0.9625
loss: 0.1510, acc: 0.9637
loss: 0.1524, acc: 0.9594
loss: 0.1440, acc: 0.9643
loss: 0.1492, acc: 0.9609
loss: 0.1429, acc: 0.9639
loss: 0.1448, acc: 0.9606
loss: 0.1465, acc: 0.9585
loss: 0.1494, acc: 0.9573
loss: 0.1478, acc: 0.9582
loss: 0.1494, acc: 0.9571
loss: 0.1561, acc: 0.9537
loss: 0.1583, acc: 0.9527
loss: 0.1606, acc: 0.9507
loss: 0.1608, acc: 0.9507
loss: 0.1609, acc: 0.9503
loss: 0.1614, acc: 0.9500
loss: 0.1613, acc: 0.9506
loss: 0.1626, acc: 0.9497
> val_acc: 0.7705, val_f1: 0.6293
>>>>>>>>>>>>>>>>>>>>>>>>>>>>>>>>>>>>>>>>>>>>>>>>>>>>>>>>>>>>>>>>>>>>>>>>>>>>>>>>>>>>>>>>>>>>>>>>>>>>
epoch: 16
loss: 0.2059, acc: 0.9219
loss: 0.1723, acc: 0.9464
loss: 0.1536, acc: 0.9557
loss: 0.1563, acc: 0.9577
loss: 0.1558, acc: 0.9560
loss: 0.1507, acc: 0.9583
loss: 0.1525, acc: 0.9580
loss: 0.1558, acc: 0.9578
loss: 0.1582, acc: 0.9554
loss: 0.1645, acc: 0.9528
loss: 0.1613, acc: 0.9555
loss: 0.1597, acc: 0.9561
loss: 0.1611, acc: 0.9546
loss: 0.1607, acc: 0.9538
loss: 0.1596, acc: 0.9553
loss: 0.1607, acc: 0.9541
loss: 0.1582, acc: 0.9558
loss: 0.1574, acc: 0.9562
loss: 0.1588, acc: 0.9558
loss: 0.1582, acc: 0.9552
loss: 0.1568, acc: 0.9559
loss: 0.1609, acc: 0.9527
loss: 0.1630, acc: 0.9512
> val_acc: 0.7696, val_f1: 0.6196
>>>>>>>>>>>>>>>>>>>>>>>>>>>>>>>>>>>>>>>>>>>>>>>>>>>>>>>>>>>>>>>>>>>>>>>>>>>>>>>>>>>>>>>>>>>>>>>>>>>>
epoch: 17
loss: 0.1400, acc: 0.9609
loss: 0.1194, acc: 0.9722
loss: 0.1241, acc: 0.9665
loss: 0.1378, acc: 0.9605
loss: 0.1413, acc: 0.9570
loss: 0.1372, acc: 0.9601
loss: 0.1427, acc: 0.9586
loss: 0.1423, acc: 0.9599
loss: 0.1472, acc: 0.9553
loss: 0.1474, acc: 0.9547
loss: 0.1448, acc: 0.9566
loss: 0.1485, acc: 0.9544
loss: 0.1500, acc: 0.9536
loss: 0.1500, acc: 0.9529
loss: 0.1521, acc: 0.9519
loss: 0.1542, acc: 0.9498
loss: 0.1527, acc: 0.9513
loss: 0.1535, acc: 0.9508
loss: 0.1521, acc: 0.9505
loss: 0.1523, acc: 0.9501
loss: 0.1533, acc: 0.9501
loss: 0.1536, acc: 0.9498
> val_acc: 0.7688, val_f1: 0.6184
>>>>>>>>>>>>>>>>>>>>>>>>>>>>>>>>>>>>>>>>>>>>>>>>>>>>>>>>>>>>>>>>>>>>>>>>>>>>>>>>>>>>>>>>>>>>>>>>>>>>
epoch: 18
loss: 0.1539, acc: 0.9688
loss: 0.1444, acc: 0.9583
loss: 0.1411, acc: 0.9631
loss: 0.1491, acc: 0.9590
loss: 0.1419, acc: 0.9643
loss: 0.1416, acc: 0.9627
loss: 0.1415, acc: 0.9587
loss: 0.1399, acc: 0.9592
loss: 0.1425, acc: 0.9588
loss: 0.1401, acc: 0.9606
loss: 0.1371, acc: 0.9626
loss: 0.1439, acc: 0.9598
loss: 0.1465, acc: 0.9590
loss: 0.1467, acc: 0.9579
loss: 0.1455, acc: 0.9586
loss: 0.1456, acc: 0.9572
loss: 0.1467, acc: 0.9568
loss: 0.1465, acc: 0.9571
loss: 0.1454, acc: 0.9578
loss: 0.1476, acc: 0.9561
loss: 0.1472, acc: 0.9564
loss: 0.1500, acc: 0.9540
loss: 0.1500, acc: 0.9533
> val_acc: 0.7714, val_f1: 0.6267
>>>>>>>>>>>>>>>>>>>>>>>>>>>>>>>>>>>>>>>>>>>>>>>>>>>>>>>>>>>>>>>>>>>>>>>>>>>>>>>>>>>>>>>>>>>>>>>>>>>>
epoch: 19
loss: 0.1431, acc: 0.9479
loss: 0.1469, acc: 0.9570
loss: 0.1467, acc: 0.9591
loss: 0.1354, acc: 0.9583
loss: 0.1355, acc: 0.9620
loss: 0.1312, acc: 0.9621
loss: 0.1309, acc: 0.9640
loss: 0.1283, acc: 0.9663
loss: 0.1328, acc: 0.9637
loss: 0.1367, acc: 0.9596
loss: 0.1346, acc: 0.9611
loss: 0.1358, acc: 0.9617
loss: 0.1388, acc: 0.9593
loss: 0.1405, acc: 0.9582
loss: 0.1430, acc: 0.9568
loss: 0.1431, acc: 0.9559
loss: 0.1419, acc: 0.9563
loss: 0.1391, acc: 0.9577
loss: 0.1394, acc: 0.9577
loss: 0.1402, acc: 0.9573
loss: 0.1392, acc: 0.9584
loss: 0.1412, acc: 0.9572
loss: 0.1405, acc: 0.9579
> val_acc: 0.7688, val_f1: 0.6219
>>>>>>>>>>>>>>>>>>>>>>>>>>>>>>>>>>>>>>>>>>>>>>>>>>>>>>>>>>>>>>>>>>>>>>>>>>>>>>>>>>>>>>>>>>>>>>>>>>>>
epoch: 20
loss: 0.1125, acc: 0.9812
loss: 0.1205, acc: 0.9688
loss: 0.1115, acc: 0.9729
loss: 0.1198, acc: 0.9672
loss: 0.1223, acc: 0.9675
loss: 0.1252, acc: 0.9677
loss: 0.1323, acc: 0.9607
loss: 0.1313, acc: 0.9609
loss: 0.1319, acc: 0.9597
loss: 0.1334, acc: 0.9587
loss: 0.1331, acc: 0.9591
loss: 0.1305, acc: 0.9599
loss: 0.1355, acc: 0.9577
loss: 0.1365, acc: 0.9571
loss: 0.1353, acc: 0.9575
loss: 0.1360, acc: 0.9574
loss: 0.1365, acc: 0.9570
loss: 0.1399, acc: 0.9563
loss: 0.1401, acc: 0.9553
loss: 0.1402, acc: 0.9544
loss: 0.1421, acc: 0.9539
loss: 0.1399, acc: 0.9551
> val_acc: 0.7670, val_f1: 0.6168
>>>>>>>>>>>>>>>>>>>>>>>>>>>>>>>>>>>>>>>>>>>>>>>>>>>>>>>>>>>>>>>>>>>>>>>>>>>>>>>>>>>>>>>>>>>>>>>>>>>>
epoch: 21
loss: 0.1168, acc: 0.9844
loss: 0.1073, acc: 0.9821
loss: 0.1230, acc: 0.9714
loss: 0.1149, acc: 0.9724
loss: 0.1188, acc: 0.9659
loss: 0.1178, acc: 0.9676
loss: 0.1176, acc: 0.9658
loss: 0.1214, acc: 0.9654
loss: 0.1203, acc: 0.9650
loss: 0.1220, acc: 0.9641
loss: 0.1217, acc: 0.9639
loss: 0.1236, acc: 0.9616
loss: 0.1238, acc: 0.9612
loss: 0.1225, acc: 0.9613
loss: 0.1223, acc: 0.9605
loss: 0.1238, acc: 0.9606
loss: 0.1269, acc: 0.9600
loss: 0.1268, acc: 0.9605
loss: 0.1262, acc: 0.9609
loss: 0.1296, acc: 0.9591
loss: 0.1306, acc: 0.9589
loss: 0.1291, acc: 0.9597
loss: 0.1308, acc: 0.9593
> val_acc: 0.7652, val_f1: 0.6177
>>>>>>>>>>>>>>>>>>>>>>>>>>>>>>>>>>>>>>>>>>>>>>>>>>>>>>>>>>>>>>>>>>>>>>>>>>>>>>>>>>>>>>>>>>>>>>>>>>>>
epoch: 22
loss: 0.0807, acc: 0.9922
loss: 0.1009, acc: 0.9757
loss: 0.1111, acc: 0.9688
loss: 0.1124, acc: 0.9704
loss: 0.1295, acc: 0.9583
loss: 0.1265, acc: 0.9591
loss: 0.1241, acc: 0.9605
loss: 0.1268, acc: 0.9583
loss: 0.1256, acc: 0.9609
loss: 0.1272, acc: 0.9611
loss: 0.1265, acc: 0.9624
loss: 0.1248, acc: 0.9629
loss: 0.1239, acc: 0.9648
loss: 0.1253, acc: 0.9642
loss: 0.1234, acc: 0.9649
loss: 0.1238, acc: 0.9656
loss: 0.1264, acc: 0.9643
loss: 0.1277, acc: 0.9631
loss: 0.1294, acc: 0.9624
loss: 0.1289, acc: 0.9628
loss: 0.1282, acc: 0.9630
loss: 0.1261, acc: 0.9642
> val_acc: 0.7625, val_f1: 0.6159
>>>>>>>>>>>>>>>>>>>>>>>>>>>>>>>>>>>>>>>>>>>>>>>>>>>>>>>>>>>>>>>>>>>>>>>>>>>>>>>>>>>>>>>>>>>>>>>>>>>>
epoch: 23
loss: 0.1079, acc: 0.9375
loss: 0.1156, acc: 0.9635
loss: 0.1158, acc: 0.9631
loss: 0.1161, acc: 0.9629
loss: 0.1149, acc: 0.9628
loss: 0.1131, acc: 0.9639
loss: 0.1193, acc: 0.9627
loss: 0.1146, acc: 0.9653
loss: 0.1174, acc: 0.9627
loss: 0.1208, acc: 0.9606
loss: 0.1226, acc: 0.9602
loss: 0.1230, acc: 0.9598
loss: 0.1232, acc: 0.9595
loss: 0.1240, acc: 0.9598
loss: 0.1266, acc: 0.9591
loss: 0.1268, acc: 0.9597
loss: 0.1272, acc: 0.9595
loss: 0.1243, acc: 0.9611
loss: 0.1240, acc: 0.9615
loss: 0.1246, acc: 0.9613
loss: 0.1257, acc: 0.9607
loss: 0.1244, acc: 0.9617
loss: 0.1236, acc: 0.9626
> val_acc: 0.7607, val_f1: 0.6046
>>>>>>>>>>>>>>>>>>>>>>>>>>>>>>>>>>>>>>>>>>>>>>>>>>>>>>>>>>>>>>>>>>>>>>>>>>>>>>>>>>>>>>>>>>>>>>>>>>>>
epoch: 24
loss: 0.1380, acc: 0.9271
loss: 0.1373, acc: 0.9453
loss: 0.1374, acc: 0.9543
loss: 0.1238, acc: 0.9618
loss: 0.1231, acc: 0.9647
loss: 0.1229, acc: 0.9609
loss: 0.1321, acc: 0.9583
loss: 0.1309, acc: 0.9589
loss: 0.1257, acc: 0.9615
loss: 0.1261, acc: 0.9622
loss: 0.1252, acc: 0.9605
loss: 0.1250, acc: 0.9612
loss: 0.1218, acc: 0.9633
loss: 0.1214, acc: 0.9637
loss: 0.1225, acc: 0.9623
loss: 0.1225, acc: 0.9627
loss: 0.1232, acc: 0.9623
loss: 0.1236, acc: 0.9624
loss: 0.1232, acc: 0.9634
loss: 0.1269, acc: 0.9621
loss: 0.1259, acc: 0.9624
loss: 0.1260, acc: 0.9627
loss: 0.1292, acc: 0.9620
> val_acc: 0.7661, val_f1: 0.6292
>>>>>>>>>>>>>>>>>>>>>>>>>>>>>>>>>>>>>>>>>>>>>>>>>>>>>>>>>>>>>>>>>>>>>>>>>>>>>>>>>>>>>>>>>>>>>>>>>>>>
epoch: 25
loss: 0.1275, acc: 0.9500
loss: 0.1397, acc: 0.9531
loss: 0.1295, acc: 0.9563
loss: 0.1390, acc: 0.9531
loss: 0.1313, acc: 0.9587
loss: 0.1392, acc: 0.9552
loss: 0.1333, acc: 0.9563
loss: 0.1268, acc: 0.9594
loss: 0.1285, acc: 0.9583
loss: 0.1282, acc: 0.9594
loss: 0.1266, acc: 0.9597
loss: 0.1227, acc: 0.9620
loss: 0.1280, acc: 0.9596
loss: 0.1284, acc: 0.9603
loss: 0.1284, acc: 0.9604
loss: 0.1275, acc: 0.9594
loss: 0.1268, acc: 0.9603
loss: 0.1258, acc: 0.9611
loss: 0.1242, acc: 0.9615
loss: 0.1235, acc: 0.9616
loss: 0.1241, acc: 0.9613
loss: 0.1253, acc: 0.9605
> val_acc: 0.7670, val_f1: 0.6208
>>>>>>>>>>>>>>>>>>>>>>>>>>>>>>>>>>>>>>>>>>>>>>>>>>>>>>>>>>>>>>>>>>>>>>>>>>>>>>>>>>>>>>>>>>>>>>>>>>>>
epoch: 26
loss: 0.0867, acc: 0.9844
loss: 0.0906, acc: 0.9866
loss: 0.0997, acc: 0.9844
loss: 0.1005, acc: 0.9798
loss: 0.1074, acc: 0.9773
loss: 0.1056, acc: 0.9757
loss: 0.1147, acc: 0.9727
loss: 0.1143, acc: 0.9713
loss: 0.1107, acc: 0.9732
loss: 0.1103, acc: 0.9714
loss: 0.1083, acc: 0.9724
loss: 0.1071, acc: 0.9726
loss: 0.1061, acc: 0.9713
loss: 0.1066, acc: 0.9715
loss: 0.1086, acc: 0.9705
loss: 0.1103, acc: 0.9696
loss: 0.1116, acc: 0.9676
loss: 0.1129, acc: 0.9659
loss: 0.1120, acc: 0.9667
loss: 0.1113, acc: 0.9675
loss: 0.1103, acc: 0.9672
loss: 0.1110, acc: 0.9673
loss: 0.1116, acc: 0.9668
> val_acc: 0.7688, val_f1: 0.6292
>>>>>>>>>>>>>>>>>>>>>>>>>>>>>>>>>>>>>>>>>>>>>>>>>>>>>>>>>>>>>>>>>>>>>>>>>>>>>>>>>>>>>>>>>>>>>>>>>>>>
epoch: 27
loss: 0.0979, acc: 0.9766
loss: 0.1138, acc: 0.9618
loss: 0.1114, acc: 0.9621
loss: 0.1169, acc: 0.9622
loss: 0.1168, acc: 0.9635
loss: 0.1160, acc: 0.9612
loss: 0.1172, acc: 0.9623
loss: 0.1148, acc: 0.9631
loss: 0.1145, acc: 0.9631
loss: 0.1127, acc: 0.9636
loss: 0.1097, acc: 0.9647
loss: 0.1101, acc: 0.9645
loss: 0.1102, acc: 0.9648
loss: 0.1103, acc: 0.9651
loss: 0.1099, acc: 0.9649
loss: 0.1092, acc: 0.9656
loss: 0.1113, acc: 0.9650
loss: 0.1120, acc: 0.9649
loss: 0.1134, acc: 0.9644
loss: 0.1123, acc: 0.9646
loss: 0.1146, acc: 0.9633
loss: 0.1138, acc: 0.9642
> val_acc: 0.7652, val_f1: 0.6205
>>>>>>>>>>>>>>>>>>>>>>>>>>>>>>>>>>>>>>>>>>>>>>>>>>>>>>>>>>>>>>>>>>>>>>>>>>>>>>>>>>>>>>>>>>>>>>>>>>>>
epoch: 28
loss: 0.0903, acc: 0.9688
loss: 0.1121, acc: 0.9740
loss: 0.1012, acc: 0.9744
loss: 0.0968, acc: 0.9727
loss: 0.1015, acc: 0.9688
loss: 0.0985, acc: 0.9700
loss: 0.0963, acc: 0.9708
loss: 0.0977, acc: 0.9731
loss: 0.1027, acc: 0.9710
loss: 0.1059, acc: 0.9667
loss: 0.1039, acc: 0.9675
loss: 0.1045, acc: 0.9676
loss: 0.1087, acc: 0.9657
loss: 0.1101, acc: 0.9650
loss: 0.1088, acc: 0.9652
loss: 0.1080, acc: 0.9655
loss: 0.1064, acc: 0.9664
loss: 0.1047, acc: 0.9677
loss: 0.1059, acc: 0.9667
loss: 0.1098, acc: 0.9652
loss: 0.1118, acc: 0.9635
loss: 0.1109, acc: 0.9646
loss: 0.1110, acc: 0.9645
> val_acc: 0.7643, val_f1: 0.6099
>>>>>>>>>>>>>>>>>>>>>>>>>>>>>>>>>>>>>>>>>>>>>>>>>>>>>>>>>>>>>>>>>>>>>>>>>>>>>>>>>>>>>>>>>>>>>>>>>>>>
epoch: 29
loss: 0.1236, acc: 0.9792
loss: 0.1198, acc: 0.9766
loss: 0.1235, acc: 0.9712
loss: 0.1216, acc: 0.9688
loss: 0.1144, acc: 0.9701
loss: 0.1067, acc: 0.9732
loss: 0.1032, acc: 0.9744
loss: 0.1048, acc: 0.9745
loss: 0.1028, acc: 0.9760
loss: 0.1014, acc: 0.9759
loss: 0.1007, acc: 0.9758
loss: 0.1001, acc: 0.9758
loss: 0.0996, acc: 0.9762
loss: 0.0995, acc: 0.9761
loss: 0.0995, acc: 0.9756
loss: 0.1027, acc: 0.9740
loss: 0.1036, acc: 0.9736
loss: 0.1043, acc: 0.9727
loss: 0.1059, acc: 0.9718
loss: 0.1074, acc: 0.9707
loss: 0.1080, acc: 0.9703
loss: 0.1066, acc: 0.9708
loss: 0.1079, acc: 0.9703
> val_acc: 0.7652, val_f1: 0.6215
>> test_acc: 0.7786, test_f1: 0.6262
