cuda memory allocated: 12162048
n_trainable_params: 1714503, n_nontrainable_params: 1323600
> training arguments:
>>> model_name: gc_ian
>>> dataset: restaurant
>>> optimizer: <class 'torch.optim.adam.Adam'>
>>> initializer: <function xavier_uniform_ at 0x000001D69C7E7620>
>>> learning_rate: 0.0003
>>> momentum: 0.95
>>> dropout: 0.2
>>> l2reg: 5e-05
>>> num_epoch: 30
>>> batch_size: 32
>>> log_step: 5
>>> embed_dim: 300
>>> hidden_dim: 300
>>> bert_dim: 768
>>> pretrained_bert_name: bert-base-uncased
>>> max_seq_len: 80
>>> polarities_dim: 3
>>> hops: 3
>>> device: cuda
>>> seed: 10
>>> valset_ratio: 0
>>> num_layers: 1
>>> in_channels: 100
>>> out_channels: 1
>>> downbot: 10
>>> kernel_size: 3
>>> glove_path: ./glove/glove.840B.300d.txt
>>> model_class: <class 'models.gc_ian.GC_IAN'>
>>> dataset_file: {'train': './datasets/semeval14/Restaurants_Train.xml.seg', 'test': './datasets/semeval14/Restaurants_Test_Gold.xml.seg'}
>>> inputs_cols: ['text_raw_indices', 'aspect_indices']
>>>>>>>>>>>>>>>>>>>>>>>>>>>>>>>>>>>>>>>>>>>>>>>>>>>>>>>>>>>>>>>>>>>>>>>>>>>>>>>>>>>>>>>>>>>>>>>>>>>>
epoch: 0
loss: 0.9728, acc: 0.5687
loss: 0.9942, acc: 0.5844
loss: 0.9787, acc: 0.5771
loss: 0.9750, acc: 0.5750
loss: 0.9627, acc: 0.5813
loss: 0.9624, acc: 0.5771
loss: 0.9515, acc: 0.5830
loss: 0.9484, acc: 0.5828
loss: 0.9473, acc: 0.5819
loss: 0.9434, acc: 0.5856
loss: 0.9384, acc: 0.5875
loss: 0.9267, acc: 0.5964
loss: 0.9290, acc: 0.5933
loss: 0.9274, acc: 0.5938
loss: 0.9255, acc: 0.5938
loss: 0.9280, acc: 0.5938
loss: 0.9241, acc: 0.5945
loss: 0.9207, acc: 0.5955
loss: 0.9199, acc: 0.5964
loss: 0.9158, acc: 0.5966
loss: 0.9147, acc: 0.5946
loss: 0.9111, acc: 0.5966
> val_acc: 0.6446, val_f1: 0.3701
>> saved: state_dict/gc_ian_restaurant_val_acc0.6446
>>>>>>>>>>>>>>>>>>>>>>>>>>>>>>>>>>>>>>>>>>>>>>>>>>>>>>>>>>>>>>>>>>>>>>>>>>>>>>>>>>>>>>>>>>>>>>>>>>>>
epoch: 1
loss: 0.9445, acc: 0.5000
loss: 0.8454, acc: 0.6027
loss: 0.8278, acc: 0.6328
loss: 0.8213, acc: 0.6360
loss: 0.8266, acc: 0.6321
loss: 0.8154, acc: 0.6400
loss: 0.8182, acc: 0.6455
loss: 0.8198, acc: 0.6470
loss: 0.8184, acc: 0.6488
loss: 0.8230, acc: 0.6430
loss: 0.8369, acc: 0.6352
loss: 0.8315, acc: 0.6404
loss: 0.8296, acc: 0.6396
loss: 0.8304, acc: 0.6395
loss: 0.8253, acc: 0.6437
loss: 0.8235, acc: 0.6433
loss: 0.8278, acc: 0.6387
loss: 0.8300, acc: 0.6386
loss: 0.8292, acc: 0.6399
loss: 0.8296, acc: 0.6421
loss: 0.8276, acc: 0.6425
loss: 0.8304, acc: 0.6411
loss: 0.8285, acc: 0.6415
> val_acc: 0.6634, val_f1: 0.3633
>> saved: state_dict/gc_ian_restaurant_val_acc0.6634
>>>>>>>>>>>>>>>>>>>>>>>>>>>>>>>>>>>>>>>>>>>>>>>>>>>>>>>>>>>>>>>>>>>>>>>>>>>>>>>>>>>>>>>>>>>>>>>>>>>>
epoch: 2
loss: 0.7579, acc: 0.6641
loss: 0.7598, acc: 0.6528
loss: 0.7594, acc: 0.6652
loss: 0.7911, acc: 0.6464
loss: 0.7896, acc: 0.6484
loss: 0.8031, acc: 0.6390
loss: 0.7928, acc: 0.6498
loss: 0.7854, acc: 0.6554
loss: 0.7842, acc: 0.6548
loss: 0.7777, acc: 0.6594
loss: 0.7759, acc: 0.6591
loss: 0.7748, acc: 0.6589
loss: 0.7639, acc: 0.6680
loss: 0.7728, acc: 0.6617
loss: 0.7759, acc: 0.6617
loss: 0.7815, acc: 0.6598
loss: 0.7823, acc: 0.6592
loss: 0.7817, acc: 0.6594
loss: 0.7783, acc: 0.6609
loss: 0.7780, acc: 0.6607
loss: 0.7701, acc: 0.6644
loss: 0.7728, acc: 0.6614
> val_acc: 0.6857, val_f1: 0.5191
>> saved: state_dict/gc_ian_restaurant_val_acc0.6857
>>>>>>>>>>>>>>>>>>>>>>>>>>>>>>>>>>>>>>>>>>>>>>>>>>>>>>>>>>>>>>>>>>>>>>>>>>>>>>>>>>>>>>>>>>>>>>>>>>>>
epoch: 3
loss: 0.7265, acc: 0.6250
loss: 0.6680, acc: 0.7240
loss: 0.6931, acc: 0.7102
loss: 0.6877, acc: 0.7129
loss: 0.6801, acc: 0.7202
loss: 0.6845, acc: 0.7236
loss: 0.6868, acc: 0.7218
loss: 0.6692, acc: 0.7283
loss: 0.6705, acc: 0.7203
loss: 0.6875, acc: 0.7147
loss: 0.7088, acc: 0.7016
loss: 0.7096, acc: 0.6998
loss: 0.7116, acc: 0.6983
loss: 0.7163, acc: 0.6927
loss: 0.7183, acc: 0.6932
loss: 0.7230, acc: 0.6928
loss: 0.7238, acc: 0.6906
loss: 0.7211, acc: 0.6904
loss: 0.7196, acc: 0.6913
loss: 0.7156, acc: 0.6937
loss: 0.7209, acc: 0.6915
loss: 0.7173, acc: 0.6922
loss: 0.7143, acc: 0.6940
> val_acc: 0.7009, val_f1: 0.4799
>> saved: state_dict/gc_ian_restaurant_val_acc0.7009
>>>>>>>>>>>>>>>>>>>>>>>>>>>>>>>>>>>>>>>>>>>>>>>>>>>>>>>>>>>>>>>>>>>>>>>>>>>>>>>>>>>>>>>>>>>>>>>>>>>>
epoch: 4
loss: 0.6991, acc: 0.7292
loss: 0.6745, acc: 0.7227
loss: 0.6527, acc: 0.7212
loss: 0.6715, acc: 0.7222
loss: 0.6588, acc: 0.7269
loss: 0.6469, acc: 0.7321
loss: 0.6384, acc: 0.7377
loss: 0.6333, acc: 0.7360
loss: 0.6284, acc: 0.7413
loss: 0.6483, acc: 0.7324
loss: 0.6554, acc: 0.7270
loss: 0.6753, acc: 0.7258
loss: 0.6812, acc: 0.7217
loss: 0.6864, acc: 0.7197
loss: 0.6879, acc: 0.7196
loss: 0.6863, acc: 0.7188
loss: 0.6829, acc: 0.7214
loss: 0.6760, acc: 0.7248
loss: 0.6706, acc: 0.7255
loss: 0.6676, acc: 0.7270
loss: 0.6693, acc: 0.7260
loss: 0.6680, acc: 0.7251
loss: 0.6626, acc: 0.7259
> val_acc: 0.7277, val_f1: 0.5565
>> saved: state_dict/gc_ian_restaurant_val_acc0.7277
>>>>>>>>>>>>>>>>>>>>>>>>>>>>>>>>>>>>>>>>>>>>>>>>>>>>>>>>>>>>>>>>>>>>>>>>>>>>>>>>>>>>>>>>>>>>>>>>>>>>
epoch: 5
loss: 0.4665, acc: 0.8000
loss: 0.5307, acc: 0.7688
loss: 0.5165, acc: 0.7812
loss: 0.5475, acc: 0.7688
loss: 0.5398, acc: 0.7738
loss: 0.5295, acc: 0.7812
loss: 0.5296, acc: 0.7812
loss: 0.5385, acc: 0.7766
loss: 0.5373, acc: 0.7750
loss: 0.5422, acc: 0.7719
loss: 0.5454, acc: 0.7722
loss: 0.5517, acc: 0.7698
loss: 0.5510, acc: 0.7683
loss: 0.5515, acc: 0.7688
loss: 0.5501, acc: 0.7683
loss: 0.5519, acc: 0.7672
loss: 0.5565, acc: 0.7643
loss: 0.5620, acc: 0.7622
loss: 0.5640, acc: 0.7625
loss: 0.5678, acc: 0.7609
loss: 0.5691, acc: 0.7601
loss: 0.5749, acc: 0.7580
> val_acc: 0.6937, val_f1: 0.5982
>>>>>>>>>>>>>>>>>>>>>>>>>>>>>>>>>>>>>>>>>>>>>>>>>>>>>>>>>>>>>>>>>>>>>>>>>>>>>>>>>>>>>>>>>>>>>>>>>>>>
epoch: 6
loss: 0.4516, acc: 0.8281
loss: 0.4641, acc: 0.8393
loss: 0.4770, acc: 0.8255
loss: 0.4903, acc: 0.8051
loss: 0.5043, acc: 0.8097
loss: 0.5102, acc: 0.8044
loss: 0.5159, acc: 0.8018
loss: 0.5086, acc: 0.8083
loss: 0.5309, acc: 0.8013
loss: 0.5339, acc: 0.7959
loss: 0.5300, acc: 0.7975
loss: 0.5301, acc: 0.7966
loss: 0.5383, acc: 0.7913
loss: 0.5452, acc: 0.7878
loss: 0.5385, acc: 0.7908
loss: 0.5400, acc: 0.7894
loss: 0.5435, acc: 0.7877
loss: 0.5410, acc: 0.7892
loss: 0.5370, acc: 0.7880
loss: 0.5376, acc: 0.7867
loss: 0.5347, acc: 0.7871
loss: 0.5388, acc: 0.7850
loss: 0.5407, acc: 0.7849
> val_acc: 0.7152, val_f1: 0.5618
>>>>>>>>>>>>>>>>>>>>>>>>>>>>>>>>>>>>>>>>>>>>>>>>>>>>>>>>>>>>>>>>>>>>>>>>>>>>>>>>>>>>>>>>>>>>>>>>>>>>
epoch: 7
loss: 0.4956, acc: 0.7891
loss: 0.5030, acc: 0.7882
loss: 0.4899, acc: 0.7790
loss: 0.5205, acc: 0.7714
loss: 0.5163, acc: 0.7773
loss: 0.5164, acc: 0.7780
loss: 0.5020, acc: 0.7932
loss: 0.4998, acc: 0.7885
loss: 0.5045, acc: 0.7912
loss: 0.5167, acc: 0.7832
loss: 0.5227, acc: 0.7830
loss: 0.5214, acc: 0.7850
loss: 0.5180, acc: 0.7856
loss: 0.5288, acc: 0.7853
loss: 0.5341, acc: 0.7825
loss: 0.5360, acc: 0.7805
loss: 0.5491, acc: 0.7764
loss: 0.5575, acc: 0.7714
loss: 0.5573, acc: 0.7703
loss: 0.5674, acc: 0.7636
loss: 0.5709, acc: 0.7611
loss: 0.5694, acc: 0.7623
> val_acc: 0.7161, val_f1: 0.5295
>>>>>>>>>>>>>>>>>>>>>>>>>>>>>>>>>>>>>>>>>>>>>>>>>>>>>>>>>>>>>>>>>>>>>>>>>>>>>>>>>>>>>>>>>>>>>>>>>>>>
epoch: 8
loss: 0.6971, acc: 0.7500
loss: 0.5266, acc: 0.8125
loss: 0.5253, acc: 0.7955
loss: 0.5576, acc: 0.7715
loss: 0.5555, acc: 0.7619
loss: 0.5429, acc: 0.7656
loss: 0.5377, acc: 0.7702
loss: 0.5472, acc: 0.7656
loss: 0.5407, acc: 0.7729
loss: 0.5360, acc: 0.7717
loss: 0.5438, acc: 0.7678
loss: 0.5564, acc: 0.7617
loss: 0.5595, acc: 0.7623
loss: 0.5540, acc: 0.7656
loss: 0.5587, acc: 0.7623
loss: 0.5541, acc: 0.7669
loss: 0.5526, acc: 0.7697
loss: 0.5467, acc: 0.7729
loss: 0.5481, acc: 0.7713
loss: 0.5442, acc: 0.7738
loss: 0.5415, acc: 0.7748
loss: 0.5388, acc: 0.7748
loss: 0.5385, acc: 0.7748
> val_acc: 0.7268, val_f1: 0.5871
>>>>>>>>>>>>>>>>>>>>>>>>>>>>>>>>>>>>>>>>>>>>>>>>>>>>>>>>>>>>>>>>>>>>>>>>>>>>>>>>>>>>>>>>>>>>>>>>>>>>
epoch: 9
loss: 0.4908, acc: 0.8229
loss: 0.5667, acc: 0.7852
loss: 0.5338, acc: 0.8101
loss: 0.5549, acc: 0.7899
loss: 0.5291, acc: 0.7948
loss: 0.5191, acc: 0.7969
loss: 0.5111, acc: 0.7964
loss: 0.5049, acc: 0.7961
loss: 0.5140, acc: 0.7936
loss: 0.5216, acc: 0.7904
loss: 0.5203, acc: 0.7877
loss: 0.5218, acc: 0.7866
loss: 0.5247, acc: 0.7867
loss: 0.5214, acc: 0.7895
loss: 0.5225, acc: 0.7915
loss: 0.5277, acc: 0.7893
loss: 0.5271, acc: 0.7869
loss: 0.5291, acc: 0.7848
loss: 0.5360, acc: 0.7802
loss: 0.5334, acc: 0.7816
loss: 0.5378, acc: 0.7806
loss: 0.5393, acc: 0.7798
loss: 0.5418, acc: 0.7799
> val_acc: 0.7259, val_f1: 0.5725
>>>>>>>>>>>>>>>>>>>>>>>>>>>>>>>>>>>>>>>>>>>>>>>>>>>>>>>>>>>>>>>>>>>>>>>>>>>>>>>>>>>>>>>>>>>>>>>>>>>>
epoch: 10
loss: 0.4792, acc: 0.7812
loss: 0.4858, acc: 0.7781
loss: 0.5075, acc: 0.7854
loss: 0.4964, acc: 0.7953
loss: 0.4981, acc: 0.7950
loss: 0.4897, acc: 0.8031
loss: 0.5093, acc: 0.7946
loss: 0.4995, acc: 0.8023
loss: 0.4951, acc: 0.8076
loss: 0.4955, acc: 0.8069
loss: 0.5010, acc: 0.8034
loss: 0.5021, acc: 0.8021
loss: 0.5040, acc: 0.7990
loss: 0.5003, acc: 0.8018
loss: 0.4964, acc: 0.8021
loss: 0.4964, acc: 0.7996
loss: 0.4993, acc: 0.7989
loss: 0.5074, acc: 0.7972
loss: 0.5102, acc: 0.7957
loss: 0.5120, acc: 0.7941
loss: 0.5135, acc: 0.7937
loss: 0.5176, acc: 0.7926
> val_acc: 0.7134, val_f1: 0.5748
>>>>>>>>>>>>>>>>>>>>>>>>>>>>>>>>>>>>>>>>>>>>>>>>>>>>>>>>>>>>>>>>>>>>>>>>>>>>>>>>>>>>>>>>>>>>>>>>>>>>
epoch: 11
loss: 0.3615, acc: 0.8594
loss: 0.3986, acc: 0.8304
loss: 0.4560, acc: 0.8099
loss: 0.4503, acc: 0.8107
loss: 0.4605, acc: 0.8040
loss: 0.4573, acc: 0.8032
loss: 0.4423, acc: 0.8105
loss: 0.4458, acc: 0.8150
loss: 0.4410, acc: 0.8192
loss: 0.4453, acc: 0.8152
loss: 0.4419, acc: 0.8167
loss: 0.4478, acc: 0.8141
loss: 0.4470, acc: 0.8145
loss: 0.4409, acc: 0.8190
loss: 0.4449, acc: 0.8181
loss: 0.4430, acc: 0.8174
loss: 0.4373, acc: 0.8209
loss: 0.4421, acc: 0.8208
loss: 0.4412, acc: 0.8220
loss: 0.4397, acc: 0.8215
loss: 0.4427, acc: 0.8211
loss: 0.4442, acc: 0.8201
loss: 0.4401, acc: 0.8214
> val_acc: 0.7161, val_f1: 0.5626
>>>>>>>>>>>>>>>>>>>>>>>>>>>>>>>>>>>>>>>>>>>>>>>>>>>>>>>>>>>>>>>>>>>>>>>>>>>>>>>>>>>>>>>>>>>>>>>>>>>>
epoch: 12
loss: 0.4314, acc: 0.8438
loss: 0.4237, acc: 0.8542
loss: 0.3955, acc: 0.8549
loss: 0.3984, acc: 0.8503
loss: 0.3804, acc: 0.8581
loss: 0.3902, acc: 0.8524
loss: 0.3966, acc: 0.8502
loss: 0.3939, acc: 0.8462
loss: 0.4031, acc: 0.8430
loss: 0.3971, acc: 0.8450
loss: 0.3981, acc: 0.8420
loss: 0.3998, acc: 0.8422
loss: 0.3945, acc: 0.8447
loss: 0.3993, acc: 0.8451
loss: 0.4027, acc: 0.8438
loss: 0.4054, acc: 0.8422
loss: 0.4111, acc: 0.8393
loss: 0.4122, acc: 0.8399
loss: 0.4184, acc: 0.8361
loss: 0.4161, acc: 0.8362
loss: 0.4151, acc: 0.8359
loss: 0.4161, acc: 0.8346
> val_acc: 0.7295, val_f1: 0.5834
>> saved: state_dict/gc_ian_restaurant_val_acc0.7295
>>>>>>>>>>>>>>>>>>>>>>>>>>>>>>>>>>>>>>>>>>>>>>>>>>>>>>>>>>>>>>>>>>>>>>>>>>>>>>>>>>>>>>>>>>>>>>>>>>>>
epoch: 13
loss: 0.2784, acc: 0.8750
loss: 0.4718, acc: 0.8125
loss: 0.4102, acc: 0.8210
loss: 0.4110, acc: 0.8184
loss: 0.4057, acc: 0.8170
loss: 0.4060, acc: 0.8245
loss: 0.4051, acc: 0.8236
loss: 0.4020, acc: 0.8281
loss: 0.4145, acc: 0.8239
loss: 0.4147, acc: 0.8254
loss: 0.4152, acc: 0.8297
loss: 0.4097, acc: 0.8309
loss: 0.4079, acc: 0.8330
loss: 0.4076, acc: 0.8338
loss: 0.4102, acc: 0.8310
loss: 0.4133, acc: 0.8318
loss: 0.4227, acc: 0.8275
loss: 0.4265, acc: 0.8259
loss: 0.4255, acc: 0.8249
loss: 0.4269, acc: 0.8252
loss: 0.4289, acc: 0.8249
loss: 0.4341, acc: 0.8243
loss: 0.4409, acc: 0.8212
> val_acc: 0.7161, val_f1: 0.5661
>>>>>>>>>>>>>>>>>>>>>>>>>>>>>>>>>>>>>>>>>>>>>>>>>>>>>>>>>>>>>>>>>>>>>>>>>>>>>>>>>>>>>>>>>>>>>>>>>>>>
epoch: 14
loss: 0.3913, acc: 0.8646
loss: 0.3468, acc: 0.8789
loss: 0.3390, acc: 0.8726
loss: 0.3333, acc: 0.8715
loss: 0.3335, acc: 0.8723
loss: 0.3445, acc: 0.8728
loss: 0.3462, acc: 0.8712
loss: 0.3460, acc: 0.8668
loss: 0.3414, acc: 0.8692
loss: 0.3440, acc: 0.8678
loss: 0.3422, acc: 0.8691
loss: 0.3433, acc: 0.8669
loss: 0.3548, acc: 0.8596
loss: 0.3530, acc: 0.8608
loss: 0.3581, acc: 0.8592
loss: 0.3783, acc: 0.8538
loss: 0.3842, acc: 0.8505
loss: 0.3914, acc: 0.8487
loss: 0.3991, acc: 0.8464
loss: 0.3992, acc: 0.8473
loss: 0.4008, acc: 0.8468
loss: 0.4038, acc: 0.8449
loss: 0.4029, acc: 0.8434
> val_acc: 0.7286, val_f1: 0.5481
>>>>>>>>>>>>>>>>>>>>>>>>>>>>>>>>>>>>>>>>>>>>>>>>>>>>>>>>>>>>>>>>>>>>>>>>>>>>>>>>>>>>>>>>>>>>>>>>>>>>
epoch: 15
loss: 0.3304, acc: 0.8875
loss: 0.3298, acc: 0.8781
loss: 0.3156, acc: 0.8833
loss: 0.3200, acc: 0.8750
loss: 0.3242, acc: 0.8712
loss: 0.3361, acc: 0.8688
loss: 0.3472, acc: 0.8670
loss: 0.3633, acc: 0.8602
loss: 0.3625, acc: 0.8604
loss: 0.3845, acc: 0.8550
loss: 0.3807, acc: 0.8557
loss: 0.3903, acc: 0.8505
loss: 0.3826, acc: 0.8543
loss: 0.3793, acc: 0.8558
loss: 0.3807, acc: 0.8558
loss: 0.3820, acc: 0.8562
loss: 0.3855, acc: 0.8544
loss: 0.3812, acc: 0.8562
loss: 0.3849, acc: 0.8553
loss: 0.3847, acc: 0.8544
loss: 0.3893, acc: 0.8524
loss: 0.3944, acc: 0.8494
> val_acc: 0.6732, val_f1: 0.5841
>>>>>>>>>>>>>>>>>>>>>>>>>>>>>>>>>>>>>>>>>>>>>>>>>>>>>>>>>>>>>>>>>>>>>>>>>>>>>>>>>>>>>>>>>>>>>>>>>>>>
epoch: 16
loss: 0.3673, acc: 0.8438
loss: 0.3906, acc: 0.8616
loss: 0.3904, acc: 0.8516
loss: 0.3657, acc: 0.8676
loss: 0.3678, acc: 0.8594
loss: 0.3699, acc: 0.8565
loss: 0.3642, acc: 0.8633
loss: 0.3611, acc: 0.8632
loss: 0.3632, acc: 0.8609
loss: 0.3597, acc: 0.8630
loss: 0.3576, acc: 0.8618
loss: 0.3483, acc: 0.8651
loss: 0.3392, acc: 0.8674
loss: 0.3429, acc: 0.8661
loss: 0.3438, acc: 0.8655
loss: 0.3440, acc: 0.8677
loss: 0.3432, acc: 0.8678
loss: 0.3438, acc: 0.8682
loss: 0.3408, acc: 0.8689
loss: 0.3393, acc: 0.8708
loss: 0.3434, acc: 0.8695
loss: 0.3494, acc: 0.8662
loss: 0.3533, acc: 0.8647
> val_acc: 0.7277, val_f1: 0.5706
>>>>>>>>>>>>>>>>>>>>>>>>>>>>>>>>>>>>>>>>>>>>>>>>>>>>>>>>>>>>>>>>>>>>>>>>>>>>>>>>>>>>>>>>>>>>>>>>>>>>
epoch: 17
loss: 0.3760, acc: 0.8281
loss: 0.3526, acc: 0.8611
loss: 0.3506, acc: 0.8616
loss: 0.3467, acc: 0.8618
loss: 0.3536, acc: 0.8555
loss: 0.3441, acc: 0.8578
loss: 0.3387, acc: 0.8594
loss: 0.3356, acc: 0.8638
loss: 0.3348, acc: 0.8658
loss: 0.3396, acc: 0.8648
loss: 0.3361, acc: 0.8657
loss: 0.3378, acc: 0.8649
loss: 0.3363, acc: 0.8652
loss: 0.3431, acc: 0.8628
loss: 0.3415, acc: 0.8632
loss: 0.3508, acc: 0.8600
loss: 0.3506, acc: 0.8616
loss: 0.3528, acc: 0.8610
loss: 0.3554, acc: 0.8600
loss: 0.3534, acc: 0.8602
loss: 0.3503, acc: 0.8621
loss: 0.3501, acc: 0.8638
> val_acc: 0.6562, val_f1: 0.5405
>>>>>>>>>>>>>>>>>>>>>>>>>>>>>>>>>>>>>>>>>>>>>>>>>>>>>>>>>>>>>>>>>>>>>>>>>>>>>>>>>>>>>>>>>>>>>>>>>>>>
epoch: 18
loss: 0.2576, acc: 0.8750
loss: 0.3729, acc: 0.8542
loss: 0.3782, acc: 0.8636
loss: 0.3521, acc: 0.8672
loss: 0.3616, acc: 0.8676
loss: 0.3389, acc: 0.8750
loss: 0.3209, acc: 0.8831
loss: 0.3251, acc: 0.8811
loss: 0.3118, acc: 0.8872
loss: 0.3176, acc: 0.8832
loss: 0.3218, acc: 0.8799
loss: 0.3143, acc: 0.8828
loss: 0.3170, acc: 0.8806
loss: 0.3207, acc: 0.8778
loss: 0.3229, acc: 0.8781
loss: 0.3232, acc: 0.8787
loss: 0.3221, acc: 0.8785
loss: 0.3254, acc: 0.8772
loss: 0.3232, acc: 0.8774
loss: 0.3238, acc: 0.8773
loss: 0.3276, acc: 0.8756
loss: 0.3227, acc: 0.8765
loss: 0.3213, acc: 0.8770
> val_acc: 0.7161, val_f1: 0.5766
>>>>>>>>>>>>>>>>>>>>>>>>>>>>>>>>>>>>>>>>>>>>>>>>>>>>>>>>>>>>>>>>>>>>>>>>>>>>>>>>>>>>>>>>>>>>>>>>>>>>
epoch: 19
loss: 0.3843, acc: 0.8333
loss: 0.3348, acc: 0.8594
loss: 0.3109, acc: 0.8798
loss: 0.3018, acc: 0.8872
loss: 0.2904, acc: 0.8927
loss: 0.2693, acc: 0.9029
loss: 0.2728, acc: 0.9006
loss: 0.2718, acc: 0.8988
loss: 0.2775, acc: 0.8968
loss: 0.2727, acc: 0.8984
loss: 0.2782, acc: 0.8974
loss: 0.2756, acc: 0.8971
loss: 0.2749, acc: 0.8958
loss: 0.2725, acc: 0.8980
loss: 0.2662, acc: 0.8994
loss: 0.2632, acc: 0.9014
loss: 0.2587, acc: 0.9032
loss: 0.2654, acc: 0.9002
loss: 0.2664, acc: 0.8999
loss: 0.2680, acc: 0.9008
loss: 0.2722, acc: 0.8990
loss: 0.2726, acc: 0.8984
loss: 0.2708, acc: 0.8994
> val_acc: 0.7232, val_f1: 0.5660
>>>>>>>>>>>>>>>>>>>>>>>>>>>>>>>>>>>>>>>>>>>>>>>>>>>>>>>>>>>>>>>>>>>>>>>>>>>>>>>>>>>>>>>>>>>>>>>>>>>>
epoch: 20
loss: 0.2736, acc: 0.8688
loss: 0.2745, acc: 0.8781
loss: 0.2677, acc: 0.8875
loss: 0.2886, acc: 0.8797
loss: 0.2936, acc: 0.8825
loss: 0.2763, acc: 0.8917
loss: 0.2817, acc: 0.8955
loss: 0.2793, acc: 0.8930
loss: 0.2751, acc: 0.8924
loss: 0.2780, acc: 0.8894
loss: 0.2739, acc: 0.8920
loss: 0.2705, acc: 0.8938
loss: 0.2758, acc: 0.8899
loss: 0.2852, acc: 0.8875
loss: 0.2924, acc: 0.8842
loss: 0.2916, acc: 0.8848
loss: 0.3034, acc: 0.8805
loss: 0.3046, acc: 0.8792
loss: 0.3136, acc: 0.8750
loss: 0.3204, acc: 0.8744
loss: 0.3196, acc: 0.8750
loss: 0.3244, acc: 0.8724
> val_acc: 0.6705, val_f1: 0.5490
>>>>>>>>>>>>>>>>>>>>>>>>>>>>>>>>>>>>>>>>>>>>>>>>>>>>>>>>>>>>>>>>>>>>>>>>>>>>>>>>>>>>>>>>>>>>>>>>>>>>
epoch: 21
loss: 0.5057, acc: 0.8281
loss: 0.3347, acc: 0.8795
loss: 0.2941, acc: 0.8906
loss: 0.2861, acc: 0.8897
loss: 0.3084, acc: 0.8864
loss: 0.2959, acc: 0.8900
loss: 0.3123, acc: 0.8828
loss: 0.3039, acc: 0.8843
loss: 0.3050, acc: 0.8810
loss: 0.3018, acc: 0.8823
loss: 0.3082, acc: 0.8810
loss: 0.3073, acc: 0.8832
loss: 0.2987, acc: 0.8861
loss: 0.3005, acc: 0.8862
loss: 0.3063, acc: 0.8828
loss: 0.3074, acc: 0.8827
loss: 0.3115, acc: 0.8826
loss: 0.3197, acc: 0.8782
loss: 0.3224, acc: 0.8770
loss: 0.3219, acc: 0.8769
loss: 0.3222, acc: 0.8775
loss: 0.3219, acc: 0.8770
loss: 0.3228, acc: 0.8772
> val_acc: 0.7152, val_f1: 0.5945
>>>>>>>>>>>>>>>>>>>>>>>>>>>>>>>>>>>>>>>>>>>>>>>>>>>>>>>>>>>>>>>>>>>>>>>>>>>>>>>>>>>>>>>>>>>>>>>>>>>>
epoch: 22
loss: 0.2877, acc: 0.8984
loss: 0.2390, acc: 0.9062
loss: 0.2336, acc: 0.9129
loss: 0.2226, acc: 0.9145
loss: 0.2310, acc: 0.9141
loss: 0.2309, acc: 0.9116
loss: 0.2358, acc: 0.9108
loss: 0.2415, acc: 0.9103
loss: 0.2452, acc: 0.9105
loss: 0.2502, acc: 0.9082
loss: 0.2547, acc: 0.9051
loss: 0.2583, acc: 0.9036
loss: 0.2677, acc: 0.8994
loss: 0.2646, acc: 0.8995
loss: 0.2669, acc: 0.9003
loss: 0.2695, acc: 0.8999
loss: 0.2751, acc: 0.8984
loss: 0.2746, acc: 0.8982
loss: 0.2756, acc: 0.8979
loss: 0.2793, acc: 0.8971
loss: 0.2815, acc: 0.8966
loss: 0.2826, acc: 0.8959
> val_acc: 0.7089, val_f1: 0.5785
>>>>>>>>>>>>>>>>>>>>>>>>>>>>>>>>>>>>>>>>>>>>>>>>>>>>>>>>>>>>>>>>>>>>>>>>>>>>>>>>>>>>>>>>>>>>>>>>>>>>
epoch: 23
loss: 0.2696, acc: 0.9062
loss: 0.1925, acc: 0.9427
loss: 0.1974, acc: 0.9318
loss: 0.2284, acc: 0.9180
loss: 0.2267, acc: 0.9137
loss: 0.2076, acc: 0.9243
loss: 0.2134, acc: 0.9234
loss: 0.2128, acc: 0.9219
loss: 0.2152, acc: 0.9215
loss: 0.2247, acc: 0.9164
loss: 0.2287, acc: 0.9154
loss: 0.2252, acc: 0.9152
loss: 0.2281, acc: 0.9134
loss: 0.2279, acc: 0.9105
loss: 0.2296, acc: 0.9093
loss: 0.2352, acc: 0.9079
loss: 0.2398, acc: 0.9055
loss: 0.2407, acc: 0.9059
loss: 0.2434, acc: 0.9042
loss: 0.2503, acc: 0.9007
loss: 0.2529, acc: 0.8998
loss: 0.2553, acc: 0.8983
loss: 0.2570, acc: 0.8975
> val_acc: 0.7286, val_f1: 0.5934
>>>>>>>>>>>>>>>>>>>>>>>>>>>>>>>>>>>>>>>>>>>>>>>>>>>>>>>>>>>>>>>>>>>>>>>>>>>>>>>>>>>>>>>>>>>>>>>>>>>>
epoch: 24
loss: 0.1522, acc: 0.9479
loss: 0.2197, acc: 0.9336
loss: 0.2014, acc: 0.9351
loss: 0.2043, acc: 0.9271
loss: 0.1982, acc: 0.9307
loss: 0.2071, acc: 0.9275
loss: 0.2068, acc: 0.9271
loss: 0.2121, acc: 0.9252
loss: 0.2272, acc: 0.9215
loss: 0.2207, acc: 0.9251
loss: 0.2203, acc: 0.9239
loss: 0.2169, acc: 0.9251
loss: 0.2172, acc: 0.9246
loss: 0.2161, acc: 0.9242
loss: 0.2188, acc: 0.9229
loss: 0.2191, acc: 0.9215
loss: 0.2203, acc: 0.9213
loss: 0.2199, acc: 0.9208
loss: 0.2190, acc: 0.9200
loss: 0.2194, acc: 0.9193
loss: 0.2196, acc: 0.9187
loss: 0.2255, acc: 0.9158
loss: 0.2289, acc: 0.9152
> val_acc: 0.7214, val_f1: 0.5445
>>>>>>>>>>>>>>>>>>>>>>>>>>>>>>>>>>>>>>>>>>>>>>>>>>>>>>>>>>>>>>>>>>>>>>>>>>>>>>>>>>>>>>>>>>>>>>>>>>>>
epoch: 25
loss: 0.1668, acc: 0.9500
loss: 0.1734, acc: 0.9437
loss: 0.1775, acc: 0.9437
loss: 0.1960, acc: 0.9359
loss: 0.1808, acc: 0.9375
loss: 0.1843, acc: 0.9344
loss: 0.1887, acc: 0.9304
loss: 0.1984, acc: 0.9273
loss: 0.2143, acc: 0.9208
loss: 0.2210, acc: 0.9181
loss: 0.2375, acc: 0.9131
loss: 0.2467, acc: 0.9083
loss: 0.2643, acc: 0.9014
loss: 0.2742, acc: 0.8978
loss: 0.2761, acc: 0.8958
loss: 0.2828, acc: 0.8930
loss: 0.2782, acc: 0.8949
loss: 0.2778, acc: 0.8944
loss: 0.2810, acc: 0.8924
loss: 0.2826, acc: 0.8916
loss: 0.2881, acc: 0.8887
loss: 0.2873, acc: 0.8895
> val_acc: 0.7107, val_f1: 0.5563
>>>>>>>>>>>>>>>>>>>>>>>>>>>>>>>>>>>>>>>>>>>>>>>>>>>>>>>>>>>>>>>>>>>>>>>>>>>>>>>>>>>>>>>>>>>>>>>>>>>>
epoch: 26
loss: 0.2651, acc: 0.9219
loss: 0.2249, acc: 0.9375
loss: 0.2383, acc: 0.9323
loss: 0.2532, acc: 0.9210
loss: 0.2644, acc: 0.9176
loss: 0.2761, acc: 0.9132
loss: 0.2813, acc: 0.9102
loss: 0.2692, acc: 0.9122
loss: 0.2733, acc: 0.9077
loss: 0.2702, acc: 0.9069
loss: 0.2697, acc: 0.9087
loss: 0.2614, acc: 0.9123
loss: 0.2576, acc: 0.9128
loss: 0.2596, acc: 0.9132
loss: 0.2585, acc: 0.9128
loss: 0.2604, acc: 0.9111
loss: 0.2576, acc: 0.9112
loss: 0.2547, acc: 0.9113
loss: 0.2568, acc: 0.9113
loss: 0.2514, acc: 0.9133
loss: 0.2512, acc: 0.9127
loss: 0.2497, acc: 0.9121
loss: 0.2472, acc: 0.9135
> val_acc: 0.7259, val_f1: 0.5846
>>>>>>>>>>>>>>>>>>>>>>>>>>>>>>>>>>>>>>>>>>>>>>>>>>>>>>>>>>>>>>>>>>>>>>>>>>>>>>>>>>>>>>>>>>>>>>>>>>>>
epoch: 27
loss: 0.1178, acc: 0.9609
loss: 0.1814, acc: 0.9444
loss: 0.1816, acc: 0.9442
loss: 0.1941, acc: 0.9375
loss: 0.1959, acc: 0.9362
loss: 0.1915, acc: 0.9353
loss: 0.1907, acc: 0.9366
loss: 0.1878, acc: 0.9391
loss: 0.1812, acc: 0.9411
loss: 0.1776, acc: 0.9413
loss: 0.1812, acc: 0.9416
loss: 0.1793, acc: 0.9407
loss: 0.1843, acc: 0.9395
loss: 0.1816, acc: 0.9398
loss: 0.1832, acc: 0.9375
loss: 0.1838, acc: 0.9367
loss: 0.1809, acc: 0.9375
loss: 0.1844, acc: 0.9361
loss: 0.1908, acc: 0.9348
loss: 0.1907, acc: 0.9350
loss: 0.1983, acc: 0.9330
loss: 0.2026, acc: 0.9300
> val_acc: 0.7179, val_f1: 0.5870
>>>>>>>>>>>>>>>>>>>>>>>>>>>>>>>>>>>>>>>>>>>>>>>>>>>>>>>>>>>>>>>>>>>>>>>>>>>>>>>>>>>>>>>>>>>>>>>>>>>>
epoch: 28
loss: 0.0514, acc: 1.0000
loss: 0.1258, acc: 0.9531
loss: 0.1544, acc: 0.9489
loss: 0.1635, acc: 0.9395
loss: 0.2050, acc: 0.9256
loss: 0.2014, acc: 0.9279
loss: 0.2009, acc: 0.9294
loss: 0.2004, acc: 0.9306
loss: 0.2032, acc: 0.9291
loss: 0.2068, acc: 0.9273
loss: 0.2014, acc: 0.9289
loss: 0.2094, acc: 0.9275
loss: 0.2090, acc: 0.9283
loss: 0.2091, acc: 0.9261
loss: 0.2075, acc: 0.9261
loss: 0.2063, acc: 0.9264
loss: 0.2052, acc: 0.9263
loss: 0.2086, acc: 0.9248
loss: 0.2063, acc: 0.9258
loss: 0.2117, acc: 0.9238
loss: 0.2122, acc: 0.9236
loss: 0.2156, acc: 0.9225
loss: 0.2140, acc: 0.9229
> val_acc: 0.7009, val_f1: 0.5812
>>>>>>>>>>>>>>>>>>>>>>>>>>>>>>>>>>>>>>>>>>>>>>>>>>>>>>>>>>>>>>>>>>>>>>>>>>>>>>>>>>>>>>>>>>>>>>>>>>>>
epoch: 29
loss: 0.1117, acc: 0.9479
loss: 0.1572, acc: 0.9297
loss: 0.1690, acc: 0.9327
loss: 0.1778, acc: 0.9306
loss: 0.1952, acc: 0.9293
loss: 0.1913, acc: 0.9308
loss: 0.1925, acc: 0.9299
loss: 0.1878, acc: 0.9342
loss: 0.1996, acc: 0.9310
loss: 0.2045, acc: 0.9297
loss: 0.2092, acc: 0.9269
loss: 0.2059, acc: 0.9289
loss: 0.2037, acc: 0.9296
loss: 0.2044, acc: 0.9278
loss: 0.2045, acc: 0.9277
loss: 0.2089, acc: 0.9251
loss: 0.2065, acc: 0.9258
loss: 0.2157, acc: 0.9229
loss: 0.2155, acc: 0.9224
loss: 0.2159, acc: 0.9219
loss: 0.2156, acc: 0.9223
loss: 0.2212, acc: 0.9210
loss: 0.2177, acc: 0.9221
> val_acc: 0.6946, val_f1: 0.5905
>> test_acc: 0.7295, test_f1: 0.5834
