cuda memory allocated: 2583040
n_trainable_params: 201503, n_nontrainable_params: 441200
> training arguments:
>>> model_name: gc_ian
>>> model_ver: 3
>>> dataset: restaurant
>>> optimizer: <class 'torch.optim.adagrad.Adagrad'>
>>> initializer: <function xavier_uniform_ at 0x0000013F089776A8>
>>> learning_rate: 0.01
>>> momentum: 0.95
>>> dropout: 0.5
>>> l2reg: 5e-05
>>> num_epoch: 30
>>> batch_size: 32
>>> log_step: 5
>>> embed_dim: 100
>>> hidden_dim: 300
>>> bert_dim: 768
>>> pretrained_bert_name: bert-base-uncased
>>> embeddings: d
>>> max_seq_len: 80
>>> polarities_dim: 3
>>> hops: 3
>>> device: cuda
>>> seed: 10
>>> valset_ratio: 0
>>> num_layers: 1
>>> in_channels: 25
>>> out_channels: 1
>>> downbot: 20
>>> kernel_size: 3
>>> glove_path: ./embeddings/glove.840B.300d.txt
>>> embedding_matrix_path: gen_data/embeddings/100_restaurant_domain_embedding_matrix.dat
>>> model_class: <class 'models.gc_ian.GC_IAN3'>
>>> dataset_file: {'train': './datasets/semeval14/Restaurants_Train.xml.seg', 'test': './datasets/semeval14/Restaurants_Test_Gold.xml.seg'}
>>> inputs_cols: ['text_raw_indices', 'aspect_indices']
>>>>>>>>>>>>>>>>>>>>>>>>>>>>>>>>>>>>>>>>>>>>>>>>>>>>>>>>>>>>>>>>>>>>>>>>>>>>>>>>>>>>>>>>>>>>>>>>>>>>
epoch: 0
loss: 1.0554, acc: 0.5563
loss: 0.9782, acc: 0.5719
loss: 0.9563, acc: 0.5813
loss: 0.9416, acc: 0.5891
loss: 0.9216, acc: 0.6038
loss: 0.9092, acc: 0.6062
loss: 0.9033, acc: 0.6089
loss: 0.8896, acc: 0.6117
loss: 0.8687, acc: 0.6257
loss: 0.8673, acc: 0.6225
loss: 0.8674, acc: 0.6239
loss: 0.8567, acc: 0.6266
loss: 0.8535, acc: 0.6260
loss: 0.8444, acc: 0.6321
loss: 0.8348, acc: 0.6392
loss: 0.8340, acc: 0.6383
loss: 0.8301, acc: 0.6419
loss: 0.8259, acc: 0.6417
loss: 0.8208, acc: 0.6441
loss: 0.8161, acc: 0.6459
loss: 0.8105, acc: 0.6476
loss: 0.8067, acc: 0.6500
> val_acc: 0.7580, val_f1: 0.5718
>> saved: state_dict/gc_ian_restaurant_val_acc0.758
>>>>>>>>>>>>>>>>>>>>>>>>>>>>>>>>>>>>>>>>>>>>>>>>>>>>>>>>>>>>>>>>>>>>>>>>>>>>>>>>>>>>>>>>>>>>>>>>>>>>
epoch: 1
loss: 0.6991, acc: 0.7344
loss: 0.7146, acc: 0.7321
loss: 0.7078, acc: 0.7214
loss: 0.6779, acc: 0.7353
loss: 0.6968, acc: 0.7230
loss: 0.7015, acc: 0.7188
loss: 0.6998, acc: 0.7168
loss: 0.6945, acc: 0.7238
loss: 0.6841, acc: 0.7254
loss: 0.6737, acc: 0.7294
loss: 0.6672, acc: 0.7290
loss: 0.6639, acc: 0.7292
loss: 0.6572, acc: 0.7349
loss: 0.6557, acc: 0.7355
loss: 0.6546, acc: 0.7365
loss: 0.6509, acc: 0.7386
loss: 0.6467, acc: 0.7397
loss: 0.6502, acc: 0.7374
loss: 0.6529, acc: 0.7371
loss: 0.6531, acc: 0.7355
loss: 0.6542, acc: 0.7353
loss: 0.6516, acc: 0.7371
loss: 0.6524, acc: 0.7369
> val_acc: 0.7937, val_f1: 0.6690
>> saved: state_dict/gc_ian_restaurant_val_acc0.7937
>>>>>>>>>>>>>>>>>>>>>>>>>>>>>>>>>>>>>>>>>>>>>>>>>>>>>>>>>>>>>>>>>>>>>>>>>>>>>>>>>>>>>>>>>>>>>>>>>>>>
epoch: 2
loss: 0.5155, acc: 0.8359
loss: 0.5872, acc: 0.7778
loss: 0.5912, acc: 0.7768
loss: 0.5762, acc: 0.7780
loss: 0.5739, acc: 0.7760
loss: 0.5720, acc: 0.7737
loss: 0.5680, acc: 0.7785
loss: 0.5823, acc: 0.7636
loss: 0.5785, acc: 0.7656
loss: 0.5860, acc: 0.7634
loss: 0.5932, acc: 0.7575
loss: 0.5972, acc: 0.7569
loss: 0.5955, acc: 0.7598
loss: 0.5894, acc: 0.7645
loss: 0.5949, acc: 0.7622
loss: 0.5936, acc: 0.7611
loss: 0.5938, acc: 0.7589
loss: 0.5928, acc: 0.7598
loss: 0.5873, acc: 0.7626
loss: 0.5892, acc: 0.7620
loss: 0.5859, acc: 0.7647
loss: 0.5873, acc: 0.7635
> val_acc: 0.7857, val_f1: 0.6527
>>>>>>>>>>>>>>>>>>>>>>>>>>>>>>>>>>>>>>>>>>>>>>>>>>>>>>>>>>>>>>>>>>>>>>>>>>>>>>>>>>>>>>>>>>>>>>>>>>>>
epoch: 3
loss: 0.5796, acc: 0.7812
loss: 0.5773, acc: 0.7917
loss: 0.5337, acc: 0.7955
loss: 0.5741, acc: 0.7754
loss: 0.5734, acc: 0.7723
loss: 0.5629, acc: 0.7849
loss: 0.5530, acc: 0.7883
loss: 0.5602, acc: 0.7865
loss: 0.5595, acc: 0.7889
loss: 0.5586, acc: 0.7887
loss: 0.5532, acc: 0.7892
loss: 0.5534, acc: 0.7868
loss: 0.5527, acc: 0.7889
loss: 0.5504, acc: 0.7888
loss: 0.5505, acc: 0.7865
loss: 0.5478, acc: 0.7874
loss: 0.5483, acc: 0.7878
loss: 0.5473, acc: 0.7885
loss: 0.5451, acc: 0.7898
loss: 0.5479, acc: 0.7887
loss: 0.5504, acc: 0.7881
loss: 0.5511, acc: 0.7871
loss: 0.5480, acc: 0.7880
> val_acc: 0.7955, val_f1: 0.6639
>> saved: state_dict/gc_ian_restaurant_val_acc0.7955
>>>>>>>>>>>>>>>>>>>>>>>>>>>>>>>>>>>>>>>>>>>>>>>>>>>>>>>>>>>>>>>>>>>>>>>>>>>>>>>>>>>>>>>>>>>>>>>>>>>>
epoch: 4
loss: 0.4264, acc: 0.8646
loss: 0.4858, acc: 0.8281
loss: 0.5219, acc: 0.8029
loss: 0.5173, acc: 0.8073
loss: 0.5301, acc: 0.8030
loss: 0.5290, acc: 0.8025
loss: 0.5232, acc: 0.8030
loss: 0.5271, acc: 0.8010
loss: 0.5247, acc: 0.8001
loss: 0.5191, acc: 0.8021
loss: 0.5171, acc: 0.8031
loss: 0.5192, acc: 0.8023
loss: 0.5219, acc: 0.8021
loss: 0.5249, acc: 0.7996
loss: 0.5214, acc: 0.8005
loss: 0.5248, acc: 0.7997
loss: 0.5267, acc: 0.7993
loss: 0.5254, acc: 0.7976
loss: 0.5261, acc: 0.7974
loss: 0.5265, acc: 0.7962
loss: 0.5219, acc: 0.7995
loss: 0.5196, acc: 0.8006
loss: 0.5203, acc: 0.7982
> val_acc: 0.7973, val_f1: 0.6699
>> saved: state_dict/gc_ian_restaurant_val_acc0.7973
>>>>>>>>>>>>>>>>>>>>>>>>>>>>>>>>>>>>>>>>>>>>>>>>>>>>>>>>>>>>>>>>>>>>>>>>>>>>>>>>>>>>>>>>>>>>>>>>>>>>
epoch: 5
loss: 0.5384, acc: 0.8187
loss: 0.5365, acc: 0.8125
loss: 0.4954, acc: 0.8333
loss: 0.4827, acc: 0.8297
loss: 0.4831, acc: 0.8300
loss: 0.4892, acc: 0.8302
loss: 0.4935, acc: 0.8268
loss: 0.4952, acc: 0.8258
loss: 0.5025, acc: 0.8229
loss: 0.4945, acc: 0.8275
loss: 0.4952, acc: 0.8244
loss: 0.4942, acc: 0.8219
loss: 0.4951, acc: 0.8212
loss: 0.4932, acc: 0.8214
loss: 0.4939, acc: 0.8200
loss: 0.4916, acc: 0.8195
loss: 0.4893, acc: 0.8199
loss: 0.4939, acc: 0.8181
loss: 0.4945, acc: 0.8181
loss: 0.4940, acc: 0.8184
loss: 0.4962, acc: 0.8170
loss: 0.4976, acc: 0.8148
> val_acc: 0.7991, val_f1: 0.6806
>> saved: state_dict/gc_ian_restaurant_val_acc0.7991
>>>>>>>>>>>>>>>>>>>>>>>>>>>>>>>>>>>>>>>>>>>>>>>>>>>>>>>>>>>>>>>>>>>>>>>>>>>>>>>>>>>>>>>>>>>>>>>>>>>>
epoch: 6
loss: 0.4870, acc: 0.8281
loss: 0.4813, acc: 0.8036
loss: 0.4486, acc: 0.8307
loss: 0.4453, acc: 0.8382
loss: 0.4409, acc: 0.8409
loss: 0.4396, acc: 0.8438
loss: 0.4357, acc: 0.8447
loss: 0.4488, acc: 0.8336
loss: 0.4432, acc: 0.8371
loss: 0.4526, acc: 0.8331
loss: 0.4614, acc: 0.8281
loss: 0.4605, acc: 0.8262
loss: 0.4601, acc: 0.8291
loss: 0.4620, acc: 0.8274
loss: 0.4617, acc: 0.8281
loss: 0.4592, acc: 0.8275
loss: 0.4593, acc: 0.8289
loss: 0.4616, acc: 0.8261
loss: 0.4619, acc: 0.8257
loss: 0.4631, acc: 0.8264
loss: 0.4664, acc: 0.8251
loss: 0.4672, acc: 0.8239
loss: 0.4718, acc: 0.8200
> val_acc: 0.8045, val_f1: 0.6923
>> saved: state_dict/gc_ian_restaurant_val_acc0.8045
>>>>>>>>>>>>>>>>>>>>>>>>>>>>>>>>>>>>>>>>>>>>>>>>>>>>>>>>>>>>>>>>>>>>>>>>>>>>>>>>>>>>>>>>>>>>>>>>>>>>
epoch: 7
loss: 0.3905, acc: 0.8828
loss: 0.4392, acc: 0.8403
loss: 0.4313, acc: 0.8504
loss: 0.4318, acc: 0.8421
loss: 0.4480, acc: 0.8320
loss: 0.4590, acc: 0.8276
loss: 0.4622, acc: 0.8281
loss: 0.4576, acc: 0.8293
loss: 0.4698, acc: 0.8239
loss: 0.4672, acc: 0.8227
loss: 0.4625, acc: 0.8270
loss: 0.4577, acc: 0.8289
loss: 0.4533, acc: 0.8306
loss: 0.4515, acc: 0.8320
loss: 0.4528, acc: 0.8302
loss: 0.4554, acc: 0.8287
loss: 0.4514, acc: 0.8307
loss: 0.4538, acc: 0.8304
loss: 0.4575, acc: 0.8285
loss: 0.4586, acc: 0.8286
loss: 0.4606, acc: 0.8278
loss: 0.4663, acc: 0.8257
> val_acc: 0.8000, val_f1: 0.6854
>>>>>>>>>>>>>>>>>>>>>>>>>>>>>>>>>>>>>>>>>>>>>>>>>>>>>>>>>>>>>>>>>>>>>>>>>>>>>>>>>>>>>>>>>>>>>>>>>>>>
epoch: 8
loss: 0.3026, acc: 0.9375
loss: 0.4404, acc: 0.8177
loss: 0.4208, acc: 0.8381
loss: 0.4215, acc: 0.8516
loss: 0.4247, acc: 0.8482
loss: 0.4269, acc: 0.8498
loss: 0.4319, acc: 0.8468
loss: 0.4414, acc: 0.8411
loss: 0.4468, acc: 0.8399
loss: 0.4410, acc: 0.8424
loss: 0.4390, acc: 0.8462
loss: 0.4356, acc: 0.8482
loss: 0.4334, acc: 0.8478
loss: 0.4423, acc: 0.8423
loss: 0.4400, acc: 0.8433
loss: 0.4469, acc: 0.8396
loss: 0.4441, acc: 0.8391
loss: 0.4423, acc: 0.8408
loss: 0.4419, acc: 0.8413
loss: 0.4421, acc: 0.8411
loss: 0.4469, acc: 0.8403
loss: 0.4449, acc: 0.8420
loss: 0.4441, acc: 0.8404
> val_acc: 0.7973, val_f1: 0.6796
>>>>>>>>>>>>>>>>>>>>>>>>>>>>>>>>>>>>>>>>>>>>>>>>>>>>>>>>>>>>>>>>>>>>>>>>>>>>>>>>>>>>>>>>>>>>>>>>>>>>
epoch: 9
loss: 0.4920, acc: 0.7917
loss: 0.4521, acc: 0.8242
loss: 0.4309, acc: 0.8245
loss: 0.4321, acc: 0.8229
loss: 0.4263, acc: 0.8302
loss: 0.4272, acc: 0.8292
loss: 0.4290, acc: 0.8352
loss: 0.4254, acc: 0.8413
loss: 0.4269, acc: 0.8387
loss: 0.4299, acc: 0.8372
loss: 0.4343, acc: 0.8361
loss: 0.4324, acc: 0.8373
loss: 0.4311, acc: 0.8378
loss: 0.4268, acc: 0.8382
loss: 0.4243, acc: 0.8403
loss: 0.4289, acc: 0.8377
loss: 0.4306, acc: 0.8373
loss: 0.4294, acc: 0.8381
loss: 0.4350, acc: 0.8353
loss: 0.4330, acc: 0.8361
loss: 0.4296, acc: 0.8380
loss: 0.4324, acc: 0.8368
loss: 0.4300, acc: 0.8381
> val_acc: 0.7991, val_f1: 0.6805
>>>>>>>>>>>>>>>>>>>>>>>>>>>>>>>>>>>>>>>>>>>>>>>>>>>>>>>>>>>>>>>>>>>>>>>>>>>>>>>>>>>>>>>>>>>>>>>>>>>>
epoch: 10
loss: 0.3896, acc: 0.8500
loss: 0.3690, acc: 0.8594
loss: 0.3827, acc: 0.8500
loss: 0.3980, acc: 0.8422
loss: 0.4084, acc: 0.8488
loss: 0.4061, acc: 0.8500
loss: 0.4225, acc: 0.8402
loss: 0.4218, acc: 0.8406
loss: 0.4188, acc: 0.8410
loss: 0.4149, acc: 0.8450
loss: 0.4161, acc: 0.8409
loss: 0.4136, acc: 0.8443
loss: 0.4219, acc: 0.8418
loss: 0.4204, acc: 0.8446
loss: 0.4231, acc: 0.8433
loss: 0.4249, acc: 0.8422
loss: 0.4241, acc: 0.8452
loss: 0.4225, acc: 0.8465
loss: 0.4267, acc: 0.8434
loss: 0.4271, acc: 0.8434
loss: 0.4250, acc: 0.8435
loss: 0.4236, acc: 0.8449
> val_acc: 0.7955, val_f1: 0.6667
>>>>>>>>>>>>>>>>>>>>>>>>>>>>>>>>>>>>>>>>>>>>>>>>>>>>>>>>>>>>>>>>>>>>>>>>>>>>>>>>>>>>>>>>>>>>>>>>>>>>
epoch: 11
loss: 0.4236, acc: 0.8281
loss: 0.4091, acc: 0.8348
loss: 0.4102, acc: 0.8464
loss: 0.4082, acc: 0.8529
loss: 0.3894, acc: 0.8665
loss: 0.3924, acc: 0.8623
loss: 0.3933, acc: 0.8584
loss: 0.4017, acc: 0.8514
loss: 0.4030, acc: 0.8527
loss: 0.4099, acc: 0.8484
loss: 0.4138, acc: 0.8456
loss: 0.4135, acc: 0.8443
loss: 0.4157, acc: 0.8432
loss: 0.4152, acc: 0.8419
loss: 0.4178, acc: 0.8403
loss: 0.4156, acc: 0.8438
loss: 0.4173, acc: 0.8434
loss: 0.4134, acc: 0.8470
loss: 0.4119, acc: 0.8488
loss: 0.4118, acc: 0.8483
loss: 0.4106, acc: 0.8502
loss: 0.4119, acc: 0.8502
loss: 0.4120, acc: 0.8499
> val_acc: 0.7991, val_f1: 0.6809
>>>>>>>>>>>>>>>>>>>>>>>>>>>>>>>>>>>>>>>>>>>>>>>>>>>>>>>>>>>>>>>>>>>>>>>>>>>>>>>>>>>>>>>>>>>>>>>>>>>>
epoch: 12
loss: 0.4582, acc: 0.8516
loss: 0.4373, acc: 0.8368
loss: 0.4294, acc: 0.8393
loss: 0.4401, acc: 0.8405
loss: 0.4403, acc: 0.8385
loss: 0.4280, acc: 0.8405
loss: 0.4257, acc: 0.8438
loss: 0.4175, acc: 0.8429
loss: 0.4175, acc: 0.8409
loss: 0.4181, acc: 0.8418
loss: 0.4175, acc: 0.8420
loss: 0.4126, acc: 0.8427
loss: 0.4107, acc: 0.8438
loss: 0.4078, acc: 0.8447
loss: 0.4071, acc: 0.8450
loss: 0.4031, acc: 0.8481
loss: 0.4044, acc: 0.8475
loss: 0.4074, acc: 0.8459
loss: 0.4092, acc: 0.8447
loss: 0.4098, acc: 0.8428
loss: 0.4107, acc: 0.8425
loss: 0.4103, acc: 0.8438
> val_acc: 0.7982, val_f1: 0.6810
>>>>>>>>>>>>>>>>>>>>>>>>>>>>>>>>>>>>>>>>>>>>>>>>>>>>>>>>>>>>>>>>>>>>>>>>>>>>>>>>>>>>>>>>>>>>>>>>>>>>
epoch: 13
loss: 0.5179, acc: 0.7812
loss: 0.4012, acc: 0.8542
loss: 0.4167, acc: 0.8295
loss: 0.4289, acc: 0.8242
loss: 0.4248, acc: 0.8259
loss: 0.4159, acc: 0.8353
loss: 0.4008, acc: 0.8448
loss: 0.4107, acc: 0.8368
loss: 0.4066, acc: 0.8438
loss: 0.3985, acc: 0.8485
loss: 0.3996, acc: 0.8480
loss: 0.3997, acc: 0.8504
loss: 0.3994, acc: 0.8509
loss: 0.3983, acc: 0.8509
loss: 0.3961, acc: 0.8530
loss: 0.3950, acc: 0.8553
loss: 0.3917, acc: 0.8576
loss: 0.3904, acc: 0.8586
loss: 0.3868, acc: 0.8609
loss: 0.3926, acc: 0.8561
loss: 0.3944, acc: 0.8555
loss: 0.3939, acc: 0.8567
loss: 0.3934, acc: 0.8567
> val_acc: 0.7991, val_f1: 0.6831
>>>>>>>>>>>>>>>>>>>>>>>>>>>>>>>>>>>>>>>>>>>>>>>>>>>>>>>>>>>>>>>>>>>>>>>>>>>>>>>>>>>>>>>>>>>>>>>>>>>>
epoch: 14
loss: 0.4609, acc: 0.7917
loss: 0.3919, acc: 0.8594
loss: 0.4151, acc: 0.8510
loss: 0.4086, acc: 0.8507
loss: 0.4061, acc: 0.8560
loss: 0.3945, acc: 0.8594
loss: 0.3908, acc: 0.8627
loss: 0.3981, acc: 0.8569
loss: 0.3977, acc: 0.8576
loss: 0.3945, acc: 0.8594
loss: 0.4010, acc: 0.8555
loss: 0.3952, acc: 0.8578
loss: 0.3868, acc: 0.8626
loss: 0.3848, acc: 0.8644
loss: 0.3895, acc: 0.8613
loss: 0.3861, acc: 0.8626
loss: 0.3888, acc: 0.8603
loss: 0.3888, acc: 0.8615
loss: 0.3910, acc: 0.8602
loss: 0.3934, acc: 0.8584
loss: 0.3929, acc: 0.8577
loss: 0.3919, acc: 0.8573
loss: 0.3908, acc: 0.8578
> val_acc: 0.7955, val_f1: 0.6763
>>>>>>>>>>>>>>>>>>>>>>>>>>>>>>>>>>>>>>>>>>>>>>>>>>>>>>>>>>>>>>>>>>>>>>>>>>>>>>>>>>>>>>>>>>>>>>>>>>>>
epoch: 15
loss: 0.3484, acc: 0.8562
loss: 0.3585, acc: 0.8688
loss: 0.3661, acc: 0.8667
loss: 0.3686, acc: 0.8625
loss: 0.3805, acc: 0.8612
loss: 0.3708, acc: 0.8656
loss: 0.3651, acc: 0.8679
loss: 0.3673, acc: 0.8656
loss: 0.3677, acc: 0.8639
loss: 0.3622, acc: 0.8662
loss: 0.3650, acc: 0.8659
loss: 0.3711, acc: 0.8615
loss: 0.3689, acc: 0.8630
loss: 0.3672, acc: 0.8643
loss: 0.3683, acc: 0.8633
loss: 0.3694, acc: 0.8637
loss: 0.3708, acc: 0.8643
loss: 0.3703, acc: 0.8656
loss: 0.3715, acc: 0.8638
loss: 0.3699, acc: 0.8653
loss: 0.3714, acc: 0.8652
loss: 0.3712, acc: 0.8651
> val_acc: 0.7955, val_f1: 0.6817
>>>>>>>>>>>>>>>>>>>>>>>>>>>>>>>>>>>>>>>>>>>>>>>>>>>>>>>>>>>>>>>>>>>>>>>>>>>>>>>>>>>>>>>>>>>>>>>>>>>>
epoch: 16
loss: 0.3944, acc: 0.8594
loss: 0.3881, acc: 0.8527
loss: 0.3306, acc: 0.8828
loss: 0.3466, acc: 0.8787
loss: 0.3578, acc: 0.8764
loss: 0.3646, acc: 0.8727
loss: 0.3623, acc: 0.8760
loss: 0.3654, acc: 0.8716
loss: 0.3673, acc: 0.8690
loss: 0.3720, acc: 0.8670
loss: 0.3714, acc: 0.8648
loss: 0.3685, acc: 0.8635
loss: 0.3709, acc: 0.8634
loss: 0.3723, acc: 0.8619
loss: 0.3669, acc: 0.8655
loss: 0.3683, acc: 0.8661
loss: 0.3633, acc: 0.8689
loss: 0.3666, acc: 0.8667
loss: 0.3686, acc: 0.8655
loss: 0.3694, acc: 0.8660
loss: 0.3669, acc: 0.8683
loss: 0.3645, acc: 0.8692
loss: 0.3675, acc: 0.8672
> val_acc: 0.7955, val_f1: 0.6772
>>>>>>>>>>>>>>>>>>>>>>>>>>>>>>>>>>>>>>>>>>>>>>>>>>>>>>>>>>>>>>>>>>>>>>>>>>>>>>>>>>>>>>>>>>>>>>>>>>>>
epoch: 17
loss: 0.2740, acc: 0.8984
loss: 0.3398, acc: 0.8646
loss: 0.3614, acc: 0.8527
loss: 0.3504, acc: 0.8602
loss: 0.3417, acc: 0.8750
loss: 0.3484, acc: 0.8718
loss: 0.3485, acc: 0.8686
loss: 0.3469, acc: 0.8678
loss: 0.3497, acc: 0.8686
loss: 0.3558, acc: 0.8648
loss: 0.3572, acc: 0.8652
loss: 0.3639, acc: 0.8623
loss: 0.3660, acc: 0.8613
loss: 0.3707, acc: 0.8605
loss: 0.3711, acc: 0.8619
loss: 0.3680, acc: 0.8619
loss: 0.3671, acc: 0.8620
loss: 0.3633, acc: 0.8638
loss: 0.3580, acc: 0.8674
loss: 0.3569, acc: 0.8687
loss: 0.3628, acc: 0.8666
loss: 0.3600, acc: 0.8675
> val_acc: 0.7946, val_f1: 0.6693
>>>>>>>>>>>>>>>>>>>>>>>>>>>>>>>>>>>>>>>>>>>>>>>>>>>>>>>>>>>>>>>>>>>>>>>>>>>>>>>>>>>>>>>>>>>>>>>>>>>>
epoch: 18
loss: 0.2952, acc: 0.9062
loss: 0.3927, acc: 0.8385
loss: 0.3692, acc: 0.8551
loss: 0.3662, acc: 0.8555
loss: 0.3677, acc: 0.8482
loss: 0.3551, acc: 0.8630
loss: 0.3565, acc: 0.8669
loss: 0.3547, acc: 0.8672
loss: 0.3569, acc: 0.8681
loss: 0.3485, acc: 0.8730
loss: 0.3478, acc: 0.8719
loss: 0.3464, acc: 0.8728
loss: 0.3459, acc: 0.8719
loss: 0.3536, acc: 0.8703
loss: 0.3529, acc: 0.8715
loss: 0.3497, acc: 0.8721
loss: 0.3482, acc: 0.8715
loss: 0.3511, acc: 0.8692
loss: 0.3537, acc: 0.8688
loss: 0.3506, acc: 0.8695
loss: 0.3499, acc: 0.8707
loss: 0.3498, acc: 0.8703
loss: 0.3489, acc: 0.8713
> val_acc: 0.7982, val_f1: 0.6808
>>>>>>>>>>>>>>>>>>>>>>>>>>>>>>>>>>>>>>>>>>>>>>>>>>>>>>>>>>>>>>>>>>>>>>>>>>>>>>>>>>>>>>>>>>>>>>>>>>>>
epoch: 19
loss: 0.3342, acc: 0.9062
loss: 0.3483, acc: 0.8945
loss: 0.3200, acc: 0.9111
loss: 0.3407, acc: 0.8993
loss: 0.3360, acc: 0.8967
loss: 0.3416, acc: 0.8940
loss: 0.3438, acc: 0.8883
loss: 0.3438, acc: 0.8873
loss: 0.3376, acc: 0.8910
loss: 0.3379, acc: 0.8913
loss: 0.3424, acc: 0.8880
loss: 0.3462, acc: 0.8858
loss: 0.3432, acc: 0.8859
loss: 0.3471, acc: 0.8828
loss: 0.3484, acc: 0.8823
loss: 0.3505, acc: 0.8798
loss: 0.3486, acc: 0.8803
loss: 0.3530, acc: 0.8775
loss: 0.3523, acc: 0.8770
loss: 0.3513, acc: 0.8776
loss: 0.3505, acc: 0.8780
loss: 0.3506, acc: 0.8767
loss: 0.3498, acc: 0.8772
> val_acc: 0.7973, val_f1: 0.6815
>>>>>>>>>>>>>>>>>>>>>>>>>>>>>>>>>>>>>>>>>>>>>>>>>>>>>>>>>>>>>>>>>>>>>>>>>>>>>>>>>>>>>>>>>>>>>>>>>>>>
epoch: 20
loss: 0.2876, acc: 0.9187
loss: 0.3318, acc: 0.8750
loss: 0.3316, acc: 0.8729
loss: 0.3343, acc: 0.8750
loss: 0.3314, acc: 0.8788
loss: 0.3321, acc: 0.8823
loss: 0.3245, acc: 0.8848
loss: 0.3238, acc: 0.8867
loss: 0.3241, acc: 0.8847
loss: 0.3325, acc: 0.8819
loss: 0.3290, acc: 0.8847
loss: 0.3307, acc: 0.8844
loss: 0.3340, acc: 0.8812
loss: 0.3359, acc: 0.8812
loss: 0.3384, acc: 0.8771
loss: 0.3389, acc: 0.8770
loss: 0.3420, acc: 0.8754
loss: 0.3407, acc: 0.8764
loss: 0.3415, acc: 0.8757
loss: 0.3430, acc: 0.8747
loss: 0.3440, acc: 0.8744
loss: 0.3436, acc: 0.8747
> val_acc: 0.7982, val_f1: 0.6797
>>>>>>>>>>>>>>>>>>>>>>>>>>>>>>>>>>>>>>>>>>>>>>>>>>>>>>>>>>>>>>>>>>>>>>>>>>>>>>>>>>>>>>>>>>>>>>>>>>>>
epoch: 21
loss: 0.3071, acc: 0.9062
loss: 0.3396, acc: 0.8884
loss: 0.3565, acc: 0.8646
loss: 0.3386, acc: 0.8787
loss: 0.3326, acc: 0.8878
loss: 0.3351, acc: 0.8843
loss: 0.3430, acc: 0.8828
loss: 0.3385, acc: 0.8851
loss: 0.3345, acc: 0.8810
loss: 0.3255, acc: 0.8870
loss: 0.3241, acc: 0.8894
loss: 0.3248, acc: 0.8887
loss: 0.3249, acc: 0.8876
loss: 0.3271, acc: 0.8853
loss: 0.3299, acc: 0.8850
loss: 0.3299, acc: 0.8860
loss: 0.3326, acc: 0.8834
loss: 0.3347, acc: 0.8833
loss: 0.3340, acc: 0.8832
loss: 0.3364, acc: 0.8814
loss: 0.3347, acc: 0.8827
loss: 0.3333, acc: 0.8823
loss: 0.3342, acc: 0.8809
> val_acc: 0.7955, val_f1: 0.6757
>>>>>>>>>>>>>>>>>>>>>>>>>>>>>>>>>>>>>>>>>>>>>>>>>>>>>>>>>>>>>>>>>>>>>>>>>>>>>>>>>>>>>>>>>>>>>>>>>>>>
epoch: 22
loss: 0.2560, acc: 0.9297
loss: 0.2848, acc: 0.9097
loss: 0.2705, acc: 0.9263
loss: 0.2767, acc: 0.9211
loss: 0.2898, acc: 0.9141
loss: 0.3021, acc: 0.9052
loss: 0.3051, acc: 0.9007
loss: 0.3074, acc: 0.8982
loss: 0.3107, acc: 0.8977
loss: 0.3102, acc: 0.8973
loss: 0.3102, acc: 0.8958
loss: 0.3132, acc: 0.8951
loss: 0.3121, acc: 0.8970
loss: 0.3109, acc: 0.8981
loss: 0.3097, acc: 0.8982
loss: 0.3120, acc: 0.8956
loss: 0.3153, acc: 0.8929
loss: 0.3209, acc: 0.8883
loss: 0.3197, acc: 0.8886
loss: 0.3203, acc: 0.8879
loss: 0.3244, acc: 0.8840
loss: 0.3248, acc: 0.8833
> val_acc: 0.7946, val_f1: 0.6742
>>>>>>>>>>>>>>>>>>>>>>>>>>>>>>>>>>>>>>>>>>>>>>>>>>>>>>>>>>>>>>>>>>>>>>>>>>>>>>>>>>>>>>>>>>>>>>>>>>>>
epoch: 23
loss: 0.1733, acc: 1.0000
loss: 0.3499, acc: 0.8854
loss: 0.3264, acc: 0.8920
loss: 0.3126, acc: 0.8984
loss: 0.3079, acc: 0.8973
loss: 0.3077, acc: 0.8978
loss: 0.3177, acc: 0.8911
loss: 0.3195, acc: 0.8906
loss: 0.3178, acc: 0.8902
loss: 0.3166, acc: 0.8906
loss: 0.3282, acc: 0.8848
loss: 0.3240, acc: 0.8878
loss: 0.3227, acc: 0.8899
loss: 0.3255, acc: 0.8887
loss: 0.3279, acc: 0.8873
loss: 0.3245, acc: 0.8886
loss: 0.3276, acc: 0.8862
loss: 0.3271, acc: 0.8855
loss: 0.3227, acc: 0.8877
loss: 0.3200, acc: 0.8896
loss: 0.3185, acc: 0.8905
loss: 0.3202, acc: 0.8894
loss: 0.3235, acc: 0.8874
> val_acc: 0.7920, val_f1: 0.6684
>>>>>>>>>>>>>>>>>>>>>>>>>>>>>>>>>>>>>>>>>>>>>>>>>>>>>>>>>>>>>>>>>>>>>>>>>>>>>>>>>>>>>>>>>>>>>>>>>>>>
epoch: 24
loss: 0.2540, acc: 0.9375
loss: 0.3249, acc: 0.8828
loss: 0.3388, acc: 0.8798
loss: 0.3472, acc: 0.8767
loss: 0.3317, acc: 0.8845
loss: 0.3224, acc: 0.8884
loss: 0.3246, acc: 0.8873
loss: 0.3234, acc: 0.8906
loss: 0.3264, acc: 0.8888
loss: 0.3239, acc: 0.8874
loss: 0.3220, acc: 0.8897
loss: 0.3247, acc: 0.8863
loss: 0.3235, acc: 0.8874
loss: 0.3246, acc: 0.8879
loss: 0.3217, acc: 0.8891
loss: 0.3192, acc: 0.8902
loss: 0.3193, acc: 0.8919
loss: 0.3195, acc: 0.8920
loss: 0.3202, acc: 0.8918
loss: 0.3240, acc: 0.8893
loss: 0.3239, acc: 0.8893
loss: 0.3249, acc: 0.8886
loss: 0.3229, acc: 0.8897
> val_acc: 0.7911, val_f1: 0.6635
>>>>>>>>>>>>>>>>>>>>>>>>>>>>>>>>>>>>>>>>>>>>>>>>>>>>>>>>>>>>>>>>>>>>>>>>>>>>>>>>>>>>>>>>>>>>>>>>>>>>
epoch: 25
loss: 0.3093, acc: 0.9000
loss: 0.2960, acc: 0.9094
loss: 0.2972, acc: 0.9146
loss: 0.2903, acc: 0.9141
loss: 0.2942, acc: 0.9100
loss: 0.2860, acc: 0.9115
loss: 0.2940, acc: 0.9036
loss: 0.2970, acc: 0.9016
loss: 0.2969, acc: 0.9028
loss: 0.3099, acc: 0.8962
loss: 0.3167, acc: 0.8943
loss: 0.3141, acc: 0.8958
loss: 0.3136, acc: 0.8947
loss: 0.3120, acc: 0.8938
loss: 0.3116, acc: 0.8912
loss: 0.3128, acc: 0.8895
loss: 0.3134, acc: 0.8890
loss: 0.3118, acc: 0.8903
loss: 0.3141, acc: 0.8888
loss: 0.3152, acc: 0.8891
loss: 0.3150, acc: 0.8875
loss: 0.3172, acc: 0.8869
> val_acc: 0.7964, val_f1: 0.6777
>>>>>>>>>>>>>>>>>>>>>>>>>>>>>>>>>>>>>>>>>>>>>>>>>>>>>>>>>>>>>>>>>>>>>>>>>>>>>>>>>>>>>>>>>>>>>>>>>>>>
epoch: 26
loss: 0.2967, acc: 0.8906
loss: 0.3038, acc: 0.8973
loss: 0.2929, acc: 0.8932
loss: 0.2876, acc: 0.8934
loss: 0.2877, acc: 0.8963
loss: 0.2918, acc: 0.8958
loss: 0.2821, acc: 0.9014
loss: 0.2929, acc: 0.8936
loss: 0.2881, acc: 0.8988
loss: 0.2978, acc: 0.8963
loss: 0.2943, acc: 0.8966
loss: 0.2997, acc: 0.8953
loss: 0.3088, acc: 0.8916
loss: 0.3084, acc: 0.8932
loss: 0.3104, acc: 0.8915
loss: 0.3090, acc: 0.8929
loss: 0.3079, acc: 0.8921
loss: 0.3071, acc: 0.8912
loss: 0.3072, acc: 0.8913
loss: 0.3046, acc: 0.8918
loss: 0.3049, acc: 0.8925
loss: 0.3056, acc: 0.8925
loss: 0.3068, acc: 0.8931
> val_acc: 0.7937, val_f1: 0.6711
>>>>>>>>>>>>>>>>>>>>>>>>>>>>>>>>>>>>>>>>>>>>>>>>>>>>>>>>>>>>>>>>>>>>>>>>>>>>>>>>>>>>>>>>>>>>>>>>>>>>
epoch: 27
loss: 0.2936, acc: 0.8750
loss: 0.2831, acc: 0.8819
loss: 0.2768, acc: 0.8951
loss: 0.2824, acc: 0.9013
loss: 0.2785, acc: 0.9023
loss: 0.2954, acc: 0.8901
loss: 0.2896, acc: 0.8915
loss: 0.2903, acc: 0.8910
loss: 0.2950, acc: 0.8892
loss: 0.2943, acc: 0.8903
loss: 0.3027, acc: 0.8877
loss: 0.3055, acc: 0.8845
loss: 0.3037, acc: 0.8853
loss: 0.3023, acc: 0.8872
loss: 0.3009, acc: 0.8860
loss: 0.3000, acc: 0.8865
loss: 0.3040, acc: 0.8839
loss: 0.3025, acc: 0.8862
loss: 0.3052, acc: 0.8843
loss: 0.3027, acc: 0.8860
loss: 0.3089, acc: 0.8825
loss: 0.3070, acc: 0.8842
> val_acc: 0.7893, val_f1: 0.6656
>>>>>>>>>>>>>>>>>>>>>>>>>>>>>>>>>>>>>>>>>>>>>>>>>>>>>>>>>>>>>>>>>>>>>>>>>>>>>>>>>>>>>>>>>>>>>>>>>>>>
epoch: 28
loss: 0.2655, acc: 0.9375
loss: 0.3173, acc: 0.8854
loss: 0.3313, acc: 0.8636
loss: 0.3357, acc: 0.8672
loss: 0.3204, acc: 0.8690
loss: 0.3117, acc: 0.8738
loss: 0.3096, acc: 0.8760
loss: 0.3064, acc: 0.8793
loss: 0.3102, acc: 0.8796
loss: 0.3059, acc: 0.8825
loss: 0.3090, acc: 0.8811
loss: 0.3111, acc: 0.8834
loss: 0.3076, acc: 0.8858
loss: 0.3085, acc: 0.8849
loss: 0.3046, acc: 0.8869
loss: 0.3053, acc: 0.8869
loss: 0.3039, acc: 0.8881
loss: 0.3047, acc: 0.8877
loss: 0.3090, acc: 0.8853
loss: 0.3038, acc: 0.8877
loss: 0.3052, acc: 0.8877
loss: 0.3058, acc: 0.8868
loss: 0.3048, acc: 0.8868
> val_acc: 0.7902, val_f1: 0.6625
>>>>>>>>>>>>>>>>>>>>>>>>>>>>>>>>>>>>>>>>>>>>>>>>>>>>>>>>>>>>>>>>>>>>>>>>>>>>>>>>>>>>>>>>>>>>>>>>>>>>
epoch: 29
loss: 0.3032, acc: 0.8854
loss: 0.2885, acc: 0.9023
loss: 0.2927, acc: 0.9014
loss: 0.3052, acc: 0.8924
loss: 0.2956, acc: 0.8967
loss: 0.2870, acc: 0.8973
loss: 0.2928, acc: 0.8939
loss: 0.2983, acc: 0.8906
loss: 0.3034, acc: 0.8866
loss: 0.3080, acc: 0.8841
loss: 0.3057, acc: 0.8856
loss: 0.3080, acc: 0.8863
loss: 0.3137, acc: 0.8819
loss: 0.3117, acc: 0.8837
loss: 0.3115, acc: 0.8831
loss: 0.3077, acc: 0.8842
loss: 0.3049, acc: 0.8863
loss: 0.3044, acc: 0.8860
loss: 0.3035, acc: 0.8871
loss: 0.3038, acc: 0.8874
loss: 0.3038, acc: 0.8874
loss: 0.3055, acc: 0.8863
loss: 0.3045, acc: 0.8864
> val_acc: 0.7946, val_f1: 0.6743
>> test_acc: 0.8045, test_f1: 0.6923
