cuda memory allocated: 24697344
n_trainable_params: 4407503, n_nontrainable_params: 1764800
> training arguments:
>>> model_name: gc_ian
>>> model_ver: 3
>>> dataset: restaurant
>>> optimizer: <class 'torch.optim.adagrad.Adagrad'>
>>> initializer: <function xavier_uniform_ at 0x000001D5827A76A8>
>>> learning_rate: 0.01
>>> momentum: 0.95
>>> dropout: 0.2
>>> l2reg: 5e-05
>>> num_epoch: 30
>>> batch_size: 32
>>> log_step: 5
>>> embed_dim: 400
>>> hidden_dim: 300
>>> bert_dim: 768
>>> pretrained_bert_name: bert-base-uncased
>>> embeddings: gd
>>> max_seq_len: 80
>>> polarities_dim: 3
>>> hops: 3
>>> device: cuda
>>> seed: 0
>>> valset_ratio: 0.1
>>> num_layers: 1
>>> in_channels: 125
>>> out_channels: 1
>>> downbot: 20
>>> kernel_size: 3
>>> glove_path: ./embeddings/glove.840B.300d.txt
>>> embedding_matrix_path: gen_data/embeddings/400_restaurant_glove_domain_embedding_matrix.dat
>>> model_class: <class 'models.gc_ian.GC_IAN3'>
>>> dataset_file: {'train': './datasets/semeval14/Restaurants_Train.xml.seg', 'test': './datasets/semeval14/Restaurants_Test_Gold.xml.seg'}
>>> inputs_cols: ['text_raw_indices', 'aspect_indices']
>>>>>>>>>>>>>>>>>>>>>>>>>>>>>>>>>>>>>>>>>>>>>>>>>>>>>>>>>>>>>>>>>>>>>>>>>>>>>>>>>>>>>>>>>>>>>>>>>>>>
epoch: 0
loss: 2.1463, acc: 0.4875
loss: 2.0609, acc: 0.4844
loss: 1.6686, acc: 0.5271
loss: 1.4669, acc: 0.5609
loss: 1.3594, acc: 0.5663
loss: 1.2785, acc: 0.5771
loss: 1.1933, acc: 0.5991
loss: 1.1447, acc: 0.6031
loss: 1.0847, acc: 0.6201
loss: 1.0558, acc: 0.6206
loss: 1.0260, acc: 0.6267
loss: 1.0072, acc: 0.6297
loss: 0.9883, acc: 0.6327
loss: 0.9677, acc: 0.6366
loss: 0.9417, acc: 0.6438
loss: 0.9276, acc: 0.6469
loss: 0.9155, acc: 0.6485
loss: 0.9026, acc: 0.6538
loss: 0.8841, acc: 0.6605
loss: 0.8739, acc: 0.6628
> val_acc: 0.7944, val_f1: 0.6878
>> saved: state_dict/gc_ian_restaurant_val_acc0.7944
>>>>>>>>>>>>>>>>>>>>>>>>>>>>>>>>>>>>>>>>>>>>>>>>>>>>>>>>>>>>>>>>>>>>>>>>>>>>>>>>>>>>>>>>>>>>>>>>>>>>
epoch: 1
loss: 0.4231, acc: 0.8646
loss: 0.4579, acc: 0.8516
loss: 0.4528, acc: 0.8317
loss: 0.4620, acc: 0.8281
loss: 0.4617, acc: 0.8274
loss: 0.4564, acc: 0.8337
loss: 0.4671, acc: 0.8295
loss: 0.4754, acc: 0.8240
loss: 0.4690, acc: 0.8278
loss: 0.4759, acc: 0.8229
loss: 0.4827, acc: 0.8208
loss: 0.4825, acc: 0.8168
loss: 0.4810, acc: 0.8165
loss: 0.4912, acc: 0.8102
loss: 0.4926, acc: 0.8074
loss: 0.4952, acc: 0.8057
loss: 0.4916, acc: 0.8076
loss: 0.4900, acc: 0.8068
loss: 0.4912, acc: 0.8065
loss: 0.4921, acc: 0.8052
> val_acc: 0.7833, val_f1: 0.7156
>>>>>>>>>>>>>>>>>>>>>>>>>>>>>>>>>>>>>>>>>>>>>>>>>>>>>>>>>>>>>>>>>>>>>>>>>>>>>>>>>>>>>>>>>>>>>>>>>>>>
epoch: 2
loss: 0.3959, acc: 0.8750
loss: 0.3773, acc: 0.8542
loss: 0.3705, acc: 0.8750
loss: 0.3916, acc: 0.8594
loss: 0.3996, acc: 0.8571
loss: 0.3815, acc: 0.8630
loss: 0.3816, acc: 0.8579
loss: 0.3788, acc: 0.8576
loss: 0.3723, acc: 0.8613
loss: 0.3749, acc: 0.8607
loss: 0.3704, acc: 0.8646
loss: 0.3699, acc: 0.8655
loss: 0.3674, acc: 0.8663
loss: 0.3702, acc: 0.8641
loss: 0.3724, acc: 0.8644
loss: 0.3793, acc: 0.8581
loss: 0.3833, acc: 0.8576
loss: 0.3847, acc: 0.8561
loss: 0.3847, acc: 0.8571
loss: 0.3852, acc: 0.8574
loss: 0.3858, acc: 0.8564
> val_acc: 0.7917, val_f1: 0.7154
>>>>>>>>>>>>>>>>>>>>>>>>>>>>>>>>>>>>>>>>>>>>>>>>>>>>>>>>>>>>>>>>>>>>>>>>>>>>>>>>>>>>>>>>>>>>>>>>>>>>
epoch: 3
loss: 0.2390, acc: 0.9688
loss: 0.2624, acc: 0.9479
loss: 0.2730, acc: 0.9263
loss: 0.2757, acc: 0.9178
loss: 0.2780, acc: 0.9193
loss: 0.2767, acc: 0.9138
loss: 0.2751, acc: 0.9136
loss: 0.2719, acc: 0.9143
loss: 0.2772, acc: 0.9091
loss: 0.2788, acc: 0.9088
loss: 0.2803, acc: 0.9080
loss: 0.2877, acc: 0.9041
loss: 0.2931, acc: 0.8994
loss: 0.2920, acc: 0.8999
loss: 0.2934, acc: 0.8999
loss: 0.2978, acc: 0.8964
loss: 0.3015, acc: 0.8940
loss: 0.3019, acc: 0.8933
loss: 0.3001, acc: 0.8943
loss: 0.3019, acc: 0.8933
> val_acc: 0.8000, val_f1: 0.7097
>> saved: state_dict/gc_ian_restaurant_val_acc0.8
>>>>>>>>>>>>>>>>>>>>>>>>>>>>>>>>>>>>>>>>>>>>>>>>>>>>>>>>>>>>>>>>>>>>>>>>>>>>>>>>>>>>>>>>>>>>>>>>>>>>
epoch: 4
loss: 0.2431, acc: 0.9375
loss: 0.2708, acc: 0.9241
loss: 0.2848, acc: 0.9089
loss: 0.2776, acc: 0.9062
loss: 0.2740, acc: 0.9091
loss: 0.2649, acc: 0.9144
loss: 0.2616, acc: 0.9150
loss: 0.2614, acc: 0.9130
loss: 0.2595, acc: 0.9144
loss: 0.2576, acc: 0.9156
loss: 0.2525, acc: 0.9201
loss: 0.2529, acc: 0.9211
loss: 0.2547, acc: 0.9199
loss: 0.2561, acc: 0.9184
loss: 0.2547, acc: 0.9193
loss: 0.2526, acc: 0.9192
loss: 0.2552, acc: 0.9184
loss: 0.2547, acc: 0.9195
loss: 0.2521, acc: 0.9198
loss: 0.2533, acc: 0.9185
loss: 0.2567, acc: 0.9159
> val_acc: 0.8083, val_f1: 0.7176
>> saved: state_dict/gc_ian_restaurant_val_acc0.8083
>>>>>>>>>>>>>>>>>>>>>>>>>>>>>>>>>>>>>>>>>>>>>>>>>>>>>>>>>>>>>>>>>>>>>>>>>>>>>>>>>>>>>>>>>>>>>>>>>>>>
epoch: 5
loss: 0.1676, acc: 0.9812
loss: 0.1667, acc: 0.9688
loss: 0.1851, acc: 0.9583
loss: 0.1850, acc: 0.9547
loss: 0.1986, acc: 0.9487
loss: 0.2047, acc: 0.9448
loss: 0.2118, acc: 0.9402
loss: 0.2091, acc: 0.9437
loss: 0.2120, acc: 0.9417
loss: 0.2172, acc: 0.9387
loss: 0.2205, acc: 0.9369
loss: 0.2191, acc: 0.9370
loss: 0.2153, acc: 0.9370
loss: 0.2185, acc: 0.9348
loss: 0.2169, acc: 0.9358
loss: 0.2180, acc: 0.9344
loss: 0.2204, acc: 0.9327
loss: 0.2185, acc: 0.9323
loss: 0.2190, acc: 0.9303
loss: 0.2181, acc: 0.9303
> val_acc: 0.8194, val_f1: 0.7374
>> saved: state_dict/gc_ian_restaurant_val_acc0.8194
>>>>>>>>>>>>>>>>>>>>>>>>>>>>>>>>>>>>>>>>>>>>>>>>>>>>>>>>>>>>>>>>>>>>>>>>>>>>>>>>>>>>>>>>>>>>>>>>>>>>
epoch: 6
loss: 0.1809, acc: 0.9479
loss: 0.1847, acc: 0.9336
loss: 0.1789, acc: 0.9471
loss: 0.1766, acc: 0.9514
loss: 0.1757, acc: 0.9497
loss: 0.1778, acc: 0.9442
loss: 0.1871, acc: 0.9413
loss: 0.1828, acc: 0.9449
loss: 0.1815, acc: 0.9469
loss: 0.1876, acc: 0.9427
loss: 0.1902, acc: 0.9404
loss: 0.1945, acc: 0.9386
loss: 0.1932, acc: 0.9395
loss: 0.1919, acc: 0.9412
loss: 0.1915, acc: 0.9414
loss: 0.1898, acc: 0.9423
loss: 0.1947, acc: 0.9398
loss: 0.1941, acc: 0.9403
loss: 0.1915, acc: 0.9415
loss: 0.1892, acc: 0.9416
> val_acc: 0.8056, val_f1: 0.7381
>>>>>>>>>>>>>>>>>>>>>>>>>>>>>>>>>>>>>>>>>>>>>>>>>>>>>>>>>>>>>>>>>>>>>>>>>>>>>>>>>>>>>>>>>>>>>>>>>>>>
epoch: 7
loss: 0.1555, acc: 0.9688
loss: 0.1342, acc: 0.9792
loss: 0.1382, acc: 0.9744
loss: 0.1353, acc: 0.9688
loss: 0.1447, acc: 0.9628
loss: 0.1408, acc: 0.9615
loss: 0.1466, acc: 0.9627
loss: 0.1541, acc: 0.9566
loss: 0.1530, acc: 0.9566
loss: 0.1516, acc: 0.9586
loss: 0.1496, acc: 0.9608
loss: 0.1492, acc: 0.9598
loss: 0.1524, acc: 0.9549
loss: 0.1538, acc: 0.9550
loss: 0.1505, acc: 0.9564
loss: 0.1558, acc: 0.9544
loss: 0.1572, acc: 0.9541
loss: 0.1597, acc: 0.9531
loss: 0.1602, acc: 0.9523
loss: 0.1643, acc: 0.9499
loss: 0.1643, acc: 0.9499
> val_acc: 0.8250, val_f1: 0.7383
>> saved: state_dict/gc_ian_restaurant_val_acc0.825
>>>>>>>>>>>>>>>>>>>>>>>>>>>>>>>>>>>>>>>>>>>>>>>>>>>>>>>>>>>>>>>>>>>>>>>>>>>>>>>>>>>>>>>>>>>>>>>>>>>>
epoch: 8
loss: 0.1660, acc: 0.9531
loss: 0.1462, acc: 0.9583
loss: 0.1369, acc: 0.9598
loss: 0.1309, acc: 0.9671
loss: 0.1212, acc: 0.9714
loss: 0.1262, acc: 0.9698
loss: 0.1272, acc: 0.9688
loss: 0.1271, acc: 0.9671
loss: 0.1267, acc: 0.9688
loss: 0.1304, acc: 0.9656
loss: 0.1321, acc: 0.9659
loss: 0.1324, acc: 0.9656
loss: 0.1340, acc: 0.9658
loss: 0.1369, acc: 0.9629
loss: 0.1391, acc: 0.9611
loss: 0.1396, acc: 0.9597
loss: 0.1406, acc: 0.9598
loss: 0.1395, acc: 0.9600
loss: 0.1399, acc: 0.9608
loss: 0.1393, acc: 0.9612
> val_acc: 0.8056, val_f1: 0.7337
>>>>>>>>>>>>>>>>>>>>>>>>>>>>>>>>>>>>>>>>>>>>>>>>>>>>>>>>>>>>>>>>>>>>>>>>>>>>>>>>>>>>>>>>>>>>>>>>>>>>
epoch: 9
loss: 0.1777, acc: 0.9531
loss: 0.1476, acc: 0.9598
loss: 0.1427, acc: 0.9609
loss: 0.1448, acc: 0.9596
loss: 0.1323, acc: 0.9688
loss: 0.1279, acc: 0.9711
loss: 0.1345, acc: 0.9648
loss: 0.1350, acc: 0.9637
loss: 0.1317, acc: 0.9643
loss: 0.1298, acc: 0.9648
loss: 0.1270, acc: 0.9651
loss: 0.1267, acc: 0.9644
loss: 0.1323, acc: 0.9607
loss: 0.1332, acc: 0.9599
loss: 0.1303, acc: 0.9618
loss: 0.1318, acc: 0.9598
loss: 0.1338, acc: 0.9588
loss: 0.1325, acc: 0.9591
loss: 0.1317, acc: 0.9599
loss: 0.1333, acc: 0.9594
loss: 0.1327, acc: 0.9594
> val_acc: 0.8194, val_f1: 0.7472
>>>>>>>>>>>>>>>>>>>>>>>>>>>>>>>>>>>>>>>>>>>>>>>>>>>>>>>>>>>>>>>>>>>>>>>>>>>>>>>>>>>>>>>>>>>>>>>>>>>>
epoch: 10
loss: 0.0977, acc: 0.9688
loss: 0.0936, acc: 0.9750
loss: 0.0934, acc: 0.9792
loss: 0.1004, acc: 0.9750
loss: 0.1092, acc: 0.9712
loss: 0.1090, acc: 0.9729
loss: 0.1086, acc: 0.9741
loss: 0.1070, acc: 0.9750
loss: 0.1060, acc: 0.9764
loss: 0.1096, acc: 0.9744
loss: 0.1124, acc: 0.9722
loss: 0.1099, acc: 0.9740
loss: 0.1098, acc: 0.9740
loss: 0.1091, acc: 0.9741
loss: 0.1113, acc: 0.9721
loss: 0.1137, acc: 0.9715
loss: 0.1175, acc: 0.9688
loss: 0.1186, acc: 0.9677
loss: 0.1169, acc: 0.9684
loss: 0.1186, acc: 0.9675
> val_acc: 0.8167, val_f1: 0.7368
>>>>>>>>>>>>>>>>>>>>>>>>>>>>>>>>>>>>>>>>>>>>>>>>>>>>>>>>>>>>>>>>>>>>>>>>>>>>>>>>>>>>>>>>>>>>>>>>>>>>
epoch: 11
loss: 0.0957, acc: 0.9688
loss: 0.1193, acc: 0.9609
loss: 0.0995, acc: 0.9760
loss: 0.1000, acc: 0.9757
loss: 0.1017, acc: 0.9728
loss: 0.0990, acc: 0.9732
loss: 0.1004, acc: 0.9735
loss: 0.1050, acc: 0.9688
loss: 0.1050, acc: 0.9709
loss: 0.1076, acc: 0.9720
loss: 0.1057, acc: 0.9735
loss: 0.1060, acc: 0.9731
loss: 0.1048, acc: 0.9737
loss: 0.1082, acc: 0.9710
loss: 0.1085, acc: 0.9709
loss: 0.1076, acc: 0.9720
loss: 0.1083, acc: 0.9703
loss: 0.1089, acc: 0.9691
loss: 0.1085, acc: 0.9691
loss: 0.1083, acc: 0.9694
> val_acc: 0.8222, val_f1: 0.7472
>>>>>>>>>>>>>>>>>>>>>>>>>>>>>>>>>>>>>>>>>>>>>>>>>>>>>>>>>>>>>>>>>>>>>>>>>>>>>>>>>>>>>>>>>>>>>>>>>>>>
epoch: 12
loss: 0.0611, acc: 1.0000
loss: 0.0782, acc: 0.9896
loss: 0.0992, acc: 0.9773
loss: 0.0859, acc: 0.9824
loss: 0.0891, acc: 0.9821
loss: 0.0877, acc: 0.9808
loss: 0.0882, acc: 0.9819
loss: 0.0911, acc: 0.9800
loss: 0.0942, acc: 0.9787
loss: 0.0926, acc: 0.9783
loss: 0.0948, acc: 0.9761
loss: 0.0954, acc: 0.9766
loss: 0.0971, acc: 0.9754
loss: 0.0994, acc: 0.9730
loss: 0.1002, acc: 0.9718
loss: 0.1011, acc: 0.9716
loss: 0.1016, acc: 0.9715
loss: 0.0999, acc: 0.9720
loss: 0.0994, acc: 0.9725
loss: 0.0986, acc: 0.9730
loss: 0.0993, acc: 0.9737
> val_acc: 0.8167, val_f1: 0.7451
>>>>>>>>>>>>>>>>>>>>>>>>>>>>>>>>>>>>>>>>>>>>>>>>>>>>>>>>>>>>>>>>>>>>>>>>>>>>>>>>>>>>>>>>>>>>>>>>>>>>
epoch: 13
loss: 0.0797, acc: 0.9844
loss: 0.0824, acc: 0.9861
loss: 0.0779, acc: 0.9844
loss: 0.0776, acc: 0.9852
loss: 0.0783, acc: 0.9844
loss: 0.0808, acc: 0.9817
loss: 0.0834, acc: 0.9807
loss: 0.0835, acc: 0.9792
loss: 0.0841, acc: 0.9787
loss: 0.0853, acc: 0.9796
loss: 0.0858, acc: 0.9792
loss: 0.0865, acc: 0.9788
loss: 0.0882, acc: 0.9775
loss: 0.0868, acc: 0.9787
loss: 0.0867, acc: 0.9776
loss: 0.0886, acc: 0.9763
loss: 0.0889, acc: 0.9762
loss: 0.0883, acc: 0.9768
loss: 0.0864, acc: 0.9777
loss: 0.0874, acc: 0.9776
> val_acc: 0.8167, val_f1: 0.7341
>>>>>>>>>>>>>>>>>>>>>>>>>>>>>>>>>>>>>>>>>>>>>>>>>>>>>>>>>>>>>>>>>>>>>>>>>>>>>>>>>>>>>>>>>>>>>>>>>>>>
epoch: 14
loss: 0.0432, acc: 1.0000
loss: 0.0613, acc: 1.0000
loss: 0.0652, acc: 1.0000
loss: 0.0652, acc: 0.9963
loss: 0.0652, acc: 0.9943
loss: 0.0709, acc: 0.9907
loss: 0.0706, acc: 0.9902
loss: 0.0725, acc: 0.9907
loss: 0.0709, acc: 0.9911
loss: 0.0718, acc: 0.9900
loss: 0.0737, acc: 0.9874
loss: 0.0758, acc: 0.9868
loss: 0.0782, acc: 0.9859
loss: 0.0795, acc: 0.9841
loss: 0.0787, acc: 0.9848
loss: 0.0791, acc: 0.9838
loss: 0.0806, acc: 0.9829
loss: 0.0815, acc: 0.9831
loss: 0.0816, acc: 0.9830
loss: 0.0834, acc: 0.9820
loss: 0.0837, acc: 0.9815
> val_acc: 0.8139, val_f1: 0.7361
>>>>>>>>>>>>>>>>>>>>>>>>>>>>>>>>>>>>>>>>>>>>>>>>>>>>>>>>>>>>>>>>>>>>>>>>>>>>>>>>>>>>>>>>>>>>>>>>>>>>
epoch: 15
loss: 0.0829, acc: 0.9812
loss: 0.0643, acc: 0.9844
loss: 0.0661, acc: 0.9875
loss: 0.0675, acc: 0.9859
loss: 0.0623, acc: 0.9888
loss: 0.0630, acc: 0.9885
loss: 0.0680, acc: 0.9884
loss: 0.0700, acc: 0.9883
loss: 0.0683, acc: 0.9882
loss: 0.0675, acc: 0.9881
loss: 0.0692, acc: 0.9869
loss: 0.0685, acc: 0.9870
loss: 0.0707, acc: 0.9861
loss: 0.0715, acc: 0.9857
loss: 0.0717, acc: 0.9854
loss: 0.0735, acc: 0.9840
loss: 0.0741, acc: 0.9842
loss: 0.0759, acc: 0.9830
loss: 0.0747, acc: 0.9836
loss: 0.0741, acc: 0.9841
> val_acc: 0.8222, val_f1: 0.7495
>>>>>>>>>>>>>>>>>>>>>>>>>>>>>>>>>>>>>>>>>>>>>>>>>>>>>>>>>>>>>>>>>>>>>>>>>>>>>>>>>>>>>>>>>>>>>>>>>>>>
epoch: 16
loss: 0.0540, acc: 0.9896
loss: 0.0499, acc: 0.9922
loss: 0.0577, acc: 0.9904
loss: 0.0562, acc: 0.9913
loss: 0.0550, acc: 0.9932
loss: 0.0552, acc: 0.9911
loss: 0.0575, acc: 0.9896
loss: 0.0621, acc: 0.9868
loss: 0.0614, acc: 0.9876
loss: 0.0638, acc: 0.9857
loss: 0.0628, acc: 0.9864
loss: 0.0650, acc: 0.9855
loss: 0.0652, acc: 0.9856
loss: 0.0654, acc: 0.9853
loss: 0.0660, acc: 0.9846
loss: 0.0659, acc: 0.9844
loss: 0.0666, acc: 0.9838
loss: 0.0664, acc: 0.9844
loss: 0.0684, acc: 0.9835
loss: 0.0695, acc: 0.9825
> val_acc: 0.8111, val_f1: 0.7311
>>>>>>>>>>>>>>>>>>>>>>>>>>>>>>>>>>>>>>>>>>>>>>>>>>>>>>>>>>>>>>>>>>>>>>>>>>>>>>>>>>>>>>>>>>>>>>>>>>>>
epoch: 17
loss: 0.0294, acc: 1.0000
loss: 0.0537, acc: 0.9896
loss: 0.0603, acc: 0.9886
loss: 0.0550, acc: 0.9922
loss: 0.0513, acc: 0.9926
loss: 0.0520, acc: 0.9904
loss: 0.0587, acc: 0.9869
loss: 0.0553, acc: 0.9887
loss: 0.0528, acc: 0.9901
loss: 0.0559, acc: 0.9891
loss: 0.0579, acc: 0.9890
loss: 0.0585, acc: 0.9894
loss: 0.0581, acc: 0.9892
loss: 0.0579, acc: 0.9896
loss: 0.0593, acc: 0.9890
loss: 0.0598, acc: 0.9881
loss: 0.0609, acc: 0.9884
loss: 0.0614, acc: 0.9887
loss: 0.0621, acc: 0.9887
loss: 0.0637, acc: 0.9876
loss: 0.0646, acc: 0.9867
> val_acc: 0.8111, val_f1: 0.7407
>>>>>>>>>>>>>>>>>>>>>>>>>>>>>>>>>>>>>>>>>>>>>>>>>>>>>>>>>>>>>>>>>>>>>>>>>>>>>>>>>>>>>>>>>>>>>>>>>>>>
epoch: 18
loss: 0.0540, acc: 0.9922
loss: 0.0620, acc: 0.9896
loss: 0.0612, acc: 0.9911
loss: 0.0594, acc: 0.9934
loss: 0.0627, acc: 0.9896
loss: 0.0652, acc: 0.9892
loss: 0.0640, acc: 0.9881
loss: 0.0640, acc: 0.9872
loss: 0.0651, acc: 0.9858
loss: 0.0641, acc: 0.9866
loss: 0.0655, acc: 0.9861
loss: 0.0646, acc: 0.9868
loss: 0.0636, acc: 0.9868
loss: 0.0643, acc: 0.9869
loss: 0.0654, acc: 0.9861
loss: 0.0647, acc: 0.9866
loss: 0.0644, acc: 0.9866
loss: 0.0645, acc: 0.9863
loss: 0.0648, acc: 0.9864
loss: 0.0650, acc: 0.9861
> val_acc: 0.8194, val_f1: 0.7448
>>>>>>>>>>>>>>>>>>>>>>>>>>>>>>>>>>>>>>>>>>>>>>>>>>>>>>>>>>>>>>>>>>>>>>>>>>>>>>>>>>>>>>>>>>>>>>>>>>>>
epoch: 19
loss: 0.0707, acc: 0.9844
loss: 0.0472, acc: 0.9955
loss: 0.0450, acc: 0.9974
loss: 0.0483, acc: 0.9945
loss: 0.0474, acc: 0.9943
loss: 0.0465, acc: 0.9942
loss: 0.0518, acc: 0.9912
loss: 0.0562, acc: 0.9890
loss: 0.0559, acc: 0.9896
loss: 0.0588, acc: 0.9874
loss: 0.0597, acc: 0.9862
loss: 0.0591, acc: 0.9863
loss: 0.0609, acc: 0.9864
loss: 0.0605, acc: 0.9874
loss: 0.0609, acc: 0.9878
loss: 0.0591, acc: 0.9886
loss: 0.0587, acc: 0.9886
loss: 0.0591, acc: 0.9885
loss: 0.0585, acc: 0.9888
loss: 0.0588, acc: 0.9884
loss: 0.0584, acc: 0.9883
> val_acc: 0.8111, val_f1: 0.7354
>>>>>>>>>>>>>>>>>>>>>>>>>>>>>>>>>>>>>>>>>>>>>>>>>>>>>>>>>>>>>>>>>>>>>>>>>>>>>>>>>>>>>>>>>>>>>>>>>>>>
epoch: 20
loss: 0.0419, acc: 1.0000
loss: 0.0487, acc: 0.9938
loss: 0.0444, acc: 0.9958
loss: 0.0425, acc: 0.9969
loss: 0.0449, acc: 0.9950
loss: 0.0478, acc: 0.9927
loss: 0.0505, acc: 0.9893
loss: 0.0507, acc: 0.9891
loss: 0.0497, acc: 0.9896
loss: 0.0508, acc: 0.9888
loss: 0.0527, acc: 0.9886
loss: 0.0531, acc: 0.9885
loss: 0.0527, acc: 0.9880
loss: 0.0529, acc: 0.9879
loss: 0.0533, acc: 0.9875
loss: 0.0542, acc: 0.9875
loss: 0.0543, acc: 0.9871
loss: 0.0539, acc: 0.9875
loss: 0.0552, acc: 0.9868
loss: 0.0552, acc: 0.9872
> val_acc: 0.8139, val_f1: 0.7370
>>>>>>>>>>>>>>>>>>>>>>>>>>>>>>>>>>>>>>>>>>>>>>>>>>>>>>>>>>>>>>>>>>>>>>>>>>>>>>>>>>>>>>>>>>>>>>>>>>>>
epoch: 21
loss: 0.0537, acc: 1.0000
loss: 0.0504, acc: 0.9922
loss: 0.0461, acc: 0.9928
loss: 0.0492, acc: 0.9896
loss: 0.0466, acc: 0.9918
loss: 0.0447, acc: 0.9911
loss: 0.0447, acc: 0.9924
loss: 0.0460, acc: 0.9926
loss: 0.0463, acc: 0.9927
loss: 0.0476, acc: 0.9915
loss: 0.0487, acc: 0.9906
loss: 0.0503, acc: 0.9903
loss: 0.0505, acc: 0.9901
loss: 0.0516, acc: 0.9899
loss: 0.0516, acc: 0.9897
loss: 0.0516, acc: 0.9900
loss: 0.0532, acc: 0.9887
loss: 0.0540, acc: 0.9883
loss: 0.0529, acc: 0.9889
loss: 0.0528, acc: 0.9892
> val_acc: 0.8167, val_f1: 0.7406
>>>>>>>>>>>>>>>>>>>>>>>>>>>>>>>>>>>>>>>>>>>>>>>>>>>>>>>>>>>>>>>>>>>>>>>>>>>>>>>>>>>>>>>>>>>>>>>>>>>>
epoch: 22
loss: 0.0422, acc: 1.0000
loss: 0.0456, acc: 0.9948
loss: 0.0455, acc: 0.9915
loss: 0.0422, acc: 0.9941
loss: 0.0428, acc: 0.9940
loss: 0.0455, acc: 0.9940
loss: 0.0474, acc: 0.9919
loss: 0.0457, acc: 0.9931
loss: 0.0441, acc: 0.9931
loss: 0.0448, acc: 0.9918
loss: 0.0470, acc: 0.9902
loss: 0.0476, acc: 0.9900
loss: 0.0485, acc: 0.9898
loss: 0.0498, acc: 0.9891
loss: 0.0510, acc: 0.9886
loss: 0.0522, acc: 0.9885
loss: 0.0525, acc: 0.9884
loss: 0.0530, acc: 0.9880
loss: 0.0535, acc: 0.9876
loss: 0.0546, acc: 0.9873
loss: 0.0537, acc: 0.9873
> val_acc: 0.8083, val_f1: 0.7323
>>>>>>>>>>>>>>>>>>>>>>>>>>>>>>>>>>>>>>>>>>>>>>>>>>>>>>>>>>>>>>>>>>>>>>>>>>>>>>>>>>>>>>>>>>>>>>>>>>>>
epoch: 23
loss: 0.0387, acc: 0.9922
loss: 0.0388, acc: 0.9965
loss: 0.0404, acc: 0.9933
loss: 0.0448, acc: 0.9901
loss: 0.0443, acc: 0.9909
loss: 0.0455, acc: 0.9903
loss: 0.0447, acc: 0.9908
loss: 0.0429, acc: 0.9912
loss: 0.0433, acc: 0.9922
loss: 0.0462, acc: 0.9904
loss: 0.0464, acc: 0.9907
loss: 0.0460, acc: 0.9915
loss: 0.0459, acc: 0.9917
loss: 0.0476, acc: 0.9914
loss: 0.0481, acc: 0.9916
loss: 0.0481, acc: 0.9913
loss: 0.0491, acc: 0.9907
loss: 0.0487, acc: 0.9909
loss: 0.0484, acc: 0.9904
loss: 0.0490, acc: 0.9902
> val_acc: 0.8194, val_f1: 0.7423
>>>>>>>>>>>>>>>>>>>>>>>>>>>>>>>>>>>>>>>>>>>>>>>>>>>>>>>>>>>>>>>>>>>>>>>>>>>>>>>>>>>>>>>>>>>>>>>>>>>>
epoch: 24
loss: 0.0359, acc: 1.0000
loss: 0.0363, acc: 1.0000
loss: 0.0369, acc: 0.9974
loss: 0.0332, acc: 0.9982
loss: 0.0366, acc: 0.9957
loss: 0.0388, acc: 0.9931
loss: 0.0395, acc: 0.9912
loss: 0.0407, acc: 0.9907
loss: 0.0411, acc: 0.9903
loss: 0.0402, acc: 0.9907
loss: 0.0410, acc: 0.9910
loss: 0.0411, acc: 0.9907
loss: 0.0423, acc: 0.9904
loss: 0.0435, acc: 0.9902
loss: 0.0428, acc: 0.9909
loss: 0.0438, acc: 0.9907
loss: 0.0440, acc: 0.9905
loss: 0.0448, acc: 0.9903
loss: 0.0446, acc: 0.9908
loss: 0.0449, acc: 0.9907
loss: 0.0448, acc: 0.9911
> val_acc: 0.8194, val_f1: 0.7518
>>>>>>>>>>>>>>>>>>>>>>>>>>>>>>>>>>>>>>>>>>>>>>>>>>>>>>>>>>>>>>>>>>>>>>>>>>>>>>>>>>>>>>>>>>>>>>>>>>>>
epoch: 25
loss: 0.0285, acc: 1.0000
loss: 0.0399, acc: 0.9969
loss: 0.0357, acc: 0.9958
loss: 0.0354, acc: 0.9969
loss: 0.0356, acc: 0.9962
loss: 0.0342, acc: 0.9969
loss: 0.0358, acc: 0.9946
loss: 0.0351, acc: 0.9945
loss: 0.0356, acc: 0.9944
loss: 0.0349, acc: 0.9950
loss: 0.0359, acc: 0.9938
loss: 0.0395, acc: 0.9922
loss: 0.0399, acc: 0.9923
loss: 0.0407, acc: 0.9920
loss: 0.0412, acc: 0.9921
loss: 0.0416, acc: 0.9918
loss: 0.0427, acc: 0.9912
loss: 0.0428, acc: 0.9917
loss: 0.0430, acc: 0.9914
loss: 0.0436, acc: 0.9909
> val_acc: 0.8167, val_f1: 0.7451
>>>>>>>>>>>>>>>>>>>>>>>>>>>>>>>>>>>>>>>>>>>>>>>>>>>>>>>>>>>>>>>>>>>>>>>>>>>>>>>>>>>>>>>>>>>>>>>>>>>>
epoch: 26
loss: 0.0291, acc: 1.0000
loss: 0.0272, acc: 1.0000
loss: 0.0306, acc: 0.9976
loss: 0.0368, acc: 0.9931
loss: 0.0369, acc: 0.9932
loss: 0.0347, acc: 0.9944
loss: 0.0366, acc: 0.9943
loss: 0.0377, acc: 0.9942
loss: 0.0384, acc: 0.9942
loss: 0.0388, acc: 0.9941
loss: 0.0407, acc: 0.9929
loss: 0.0404, acc: 0.9925
loss: 0.0392, acc: 0.9931
loss: 0.0384, acc: 0.9936
loss: 0.0383, acc: 0.9940
loss: 0.0379, acc: 0.9940
loss: 0.0385, acc: 0.9936
loss: 0.0381, acc: 0.9940
loss: 0.0395, acc: 0.9929
loss: 0.0403, acc: 0.9923
> val_acc: 0.8194, val_f1: 0.7468
>>>>>>>>>>>>>>>>>>>>>>>>>>>>>>>>>>>>>>>>>>>>>>>>>>>>>>>>>>>>>>>>>>>>>>>>>>>>>>>>>>>>>>>>>>>>>>>>>>>>
epoch: 27
loss: 0.0267, acc: 1.0000
loss: 0.0320, acc: 0.9948
loss: 0.0297, acc: 0.9972
loss: 0.0288, acc: 0.9980
loss: 0.0308, acc: 0.9970
loss: 0.0318, acc: 0.9976
loss: 0.0331, acc: 0.9970
loss: 0.0330, acc: 0.9974
loss: 0.0324, acc: 0.9977
loss: 0.0347, acc: 0.9966
loss: 0.0356, acc: 0.9963
loss: 0.0376, acc: 0.9950
loss: 0.0372, acc: 0.9949
loss: 0.0374, acc: 0.9943
loss: 0.0371, acc: 0.9943
loss: 0.0373, acc: 0.9947
loss: 0.0379, acc: 0.9942
loss: 0.0378, acc: 0.9942
loss: 0.0381, acc: 0.9938
loss: 0.0384, acc: 0.9935
loss: 0.0393, acc: 0.9932
> val_acc: 0.8167, val_f1: 0.7371
>>>>>>>>>>>>>>>>>>>>>>>>>>>>>>>>>>>>>>>>>>>>>>>>>>>>>>>>>>>>>>>>>>>>>>>>>>>>>>>>>>>>>>>>>>>>>>>>>>>>
epoch: 28
loss: 0.0231, acc: 1.0000
loss: 0.0281, acc: 1.0000
loss: 0.0420, acc: 0.9933
loss: 0.0421, acc: 0.9918
loss: 0.0406, acc: 0.9935
loss: 0.0380, acc: 0.9946
loss: 0.0372, acc: 0.9954
loss: 0.0381, acc: 0.9944
loss: 0.0374, acc: 0.9950
loss: 0.0381, acc: 0.9949
loss: 0.0383, acc: 0.9948
loss: 0.0394, acc: 0.9942
loss: 0.0394, acc: 0.9946
loss: 0.0408, acc: 0.9928
loss: 0.0407, acc: 0.9928
loss: 0.0404, acc: 0.9933
loss: 0.0407, acc: 0.9933
loss: 0.0404, acc: 0.9933
loss: 0.0405, acc: 0.9934
loss: 0.0407, acc: 0.9934
> val_acc: 0.8222, val_f1: 0.7506
>>>>>>>>>>>>>>>>>>>>>>>>>>>>>>>>>>>>>>>>>>>>>>>>>>>>>>>>>>>>>>>>>>>>>>>>>>>>>>>>>>>>>>>>>>>>>>>>>>>>
epoch: 29
loss: 0.0358, acc: 0.9844
loss: 0.0393, acc: 0.9866
loss: 0.0477, acc: 0.9844
loss: 0.0440, acc: 0.9890
loss: 0.0420, acc: 0.9901
loss: 0.0414, acc: 0.9919
loss: 0.0412, acc: 0.9912
loss: 0.0408, acc: 0.9916
loss: 0.0397, acc: 0.9918
loss: 0.0386, acc: 0.9927
loss: 0.0387, acc: 0.9928
loss: 0.0386, acc: 0.9923
loss: 0.0392, acc: 0.9919
loss: 0.0396, acc: 0.9916
loss: 0.0396, acc: 0.9913
loss: 0.0389, acc: 0.9919
loss: 0.0382, acc: 0.9924
loss: 0.0382, acc: 0.9925
loss: 0.0379, acc: 0.9925
loss: 0.0373, acc: 0.9929
loss: 0.0382, acc: 0.9923
> val_acc: 0.8250, val_f1: 0.7566
>> test_acc: 0.7804, test_f1: 0.6344
