cuda memory allocated: 14651392
n_trainable_params: 2726003, n_nontrainable_params: 934800
> training arguments:
>>> model_name: gc_ian
>>> dataset: laptop
>>> optimizer: <class 'torch.optim.adagrad.Adagrad'>
>>> initializer: <function xavier_uniform_ at 0x000001A250B97620>
>>> learning_rate: 0.01
>>> momentum: 0.95
>>> dropout: 0.5
>>> l2reg: 5e-05
>>> num_epoch: 30
>>> batch_size: 32
>>> log_step: 5
>>> embed_dim: 300
>>> hidden_dim: 300
>>> bert_dim: 768
>>> pretrained_bert_name: bert-base-uncased
>>> max_seq_len: 80
>>> polarities_dim: 3
>>> hops: 3
>>> device: cuda
>>> seed: 10
>>> valset_ratio: 0
>>> num_layers: 1
>>> in_channels: 100
>>> out_channels: 1
>>> downbot: 20
>>> kernel_size: 3
>>> glove_path: ./glove/glove.840B.300d.txt
>>> model_class: <class 'models.gc_ian.GC_IAN'>
>>> dataset_file: {'train': './datasets/semeval14/Laptops_Train.xml.seg', 'test': './datasets/semeval14/Laptops_Test_Gold.xml.seg'}
>>> inputs_cols: ['text_raw_indices', 'aspect_indices']
>>>>>>>>>>>>>>>>>>>>>>>>>>>>>>>>>>>>>>>>>>>>>>>>>>>>>>>>>>>>>>>>>>>>>>>>>>>>>>>>>>>>>>>>>>>>>>>>>>>>
epoch: 0
loss: 1.5601, acc: 0.4000
loss: 1.3736, acc: 0.4344
loss: 1.2421, acc: 0.4521
loss: 1.1633, acc: 0.4859
loss: 1.1205, acc: 0.4988
loss: 1.0773, acc: 0.5177
loss: 1.0541, acc: 0.5259
loss: 1.0233, acc: 0.5430
loss: 1.0084, acc: 0.5493
loss: 0.9983, acc: 0.5563
loss: 0.9835, acc: 0.5642
loss: 0.9714, acc: 0.5682
loss: 0.9626, acc: 0.5750
loss: 0.9550, acc: 0.5804
> val_acc: 0.6097, val_f1: 0.5183
>> saved: state_dict/gc_ian_laptop_val_acc0.6097
>>>>>>>>>>>>>>>>>>>>>>>>>>>>>>>>>>>>>>>>>>>>>>>>>>>>>>>>>>>>>>>>>>>>>>>>>>>>>>>>>>>>>>>>>>>>>>>>>>>>
epoch: 1
loss: 0.5764, acc: 0.7812
loss: 0.6111, acc: 0.7500
loss: 0.6197, acc: 0.7604
loss: 0.6256, acc: 0.7555
loss: 0.6139, acc: 0.7614
loss: 0.6264, acc: 0.7558
loss: 0.6257, acc: 0.7549
loss: 0.6224, acc: 0.7568
loss: 0.6196, acc: 0.7560
loss: 0.6158, acc: 0.7580
loss: 0.6160, acc: 0.7560
loss: 0.6182, acc: 0.7560
loss: 0.6187, acc: 0.7576
loss: 0.6193, acc: 0.7556
loss: 0.6199, acc: 0.7517
> val_acc: 0.6818, val_f1: 0.5999
>> saved: state_dict/gc_ian_laptop_val_acc0.6818
>>>>>>>>>>>>>>>>>>>>>>>>>>>>>>>>>>>>>>>>>>>>>>>>>>>>>>>>>>>>>>>>>>>>>>>>>>>>>>>>>>>>>>>>>>>>>>>>>>>>
epoch: 2
loss: 0.4859, acc: 0.8359
loss: 0.4712, acc: 0.8403
loss: 0.4729, acc: 0.8460
loss: 0.4785, acc: 0.8322
loss: 0.4806, acc: 0.8385
loss: 0.4856, acc: 0.8362
loss: 0.4815, acc: 0.8318
loss: 0.4831, acc: 0.8285
loss: 0.4793, acc: 0.8317
loss: 0.4871, acc: 0.8278
loss: 0.4811, acc: 0.8328
loss: 0.4801, acc: 0.8321
loss: 0.4844, acc: 0.8301
loss: 0.4857, acc: 0.8288
> val_acc: 0.6646, val_f1: 0.5504
>>>>>>>>>>>>>>>>>>>>>>>>>>>>>>>>>>>>>>>>>>>>>>>>>>>>>>>>>>>>>>>>>>>>>>>>>>>>>>>>>>>>>>>>>>>>>>>>>>>>
epoch: 3
loss: 0.5544, acc: 0.7812
loss: 0.4369, acc: 0.8646
loss: 0.4300, acc: 0.8722
loss: 0.3974, acc: 0.8867
loss: 0.3998, acc: 0.8810
loss: 0.4009, acc: 0.8786
loss: 0.3990, acc: 0.8821
loss: 0.4005, acc: 0.8802
loss: 0.3991, acc: 0.8819
loss: 0.4037, acc: 0.8764
loss: 0.4021, acc: 0.8738
loss: 0.4005, acc: 0.8722
loss: 0.4010, acc: 0.8730
loss: 0.4032, acc: 0.8698
loss: 0.4019, acc: 0.8706
> val_acc: 0.6661, val_f1: 0.5754
>>>>>>>>>>>>>>>>>>>>>>>>>>>>>>>>>>>>>>>>>>>>>>>>>>>>>>>>>>>>>>>>>>>>>>>>>>>>>>>>>>>>>>>>>>>>>>>>>>>>
epoch: 4
loss: 0.3126, acc: 0.8958
loss: 0.3028, acc: 0.9023
loss: 0.3251, acc: 0.8894
loss: 0.3342, acc: 0.8924
loss: 0.3387, acc: 0.8927
loss: 0.3477, acc: 0.8895
loss: 0.3420, acc: 0.8939
loss: 0.3479, acc: 0.8873
loss: 0.3445, acc: 0.8895
loss: 0.3404, acc: 0.8926
loss: 0.3415, acc: 0.8915
loss: 0.3413, acc: 0.8949
loss: 0.3439, acc: 0.8943
loss: 0.3454, acc: 0.8938
loss: 0.3455, acc: 0.8930
> val_acc: 0.6787, val_f1: 0.5876
>>>>>>>>>>>>>>>>>>>>>>>>>>>>>>>>>>>>>>>>>>>>>>>>>>>>>>>>>>>>>>>>>>>>>>>>>>>>>>>>>>>>>>>>>>>>>>>>>>>>
epoch: 5
loss: 0.2537, acc: 0.9375
loss: 0.2839, acc: 0.9156
loss: 0.2881, acc: 0.9208
loss: 0.2888, acc: 0.9156
loss: 0.2848, acc: 0.9187
loss: 0.2954, acc: 0.9135
loss: 0.2913, acc: 0.9170
loss: 0.2964, acc: 0.9133
loss: 0.3022, acc: 0.9097
loss: 0.3016, acc: 0.9119
loss: 0.3039, acc: 0.9102
loss: 0.3054, acc: 0.9104
loss: 0.3021, acc: 0.9101
loss: 0.2982, acc: 0.9121
> val_acc: 0.6928, val_f1: 0.6240
>> saved: state_dict/gc_ian_laptop_val_acc0.6928
>>>>>>>>>>>>>>>>>>>>>>>>>>>>>>>>>>>>>>>>>>>>>>>>>>>>>>>>>>>>>>>>>>>>>>>>>>>>>>>>>>>>>>>>>>>>>>>>>>>>
epoch: 6
loss: 0.2503, acc: 0.9531
loss: 0.2592, acc: 0.9375
loss: 0.2532, acc: 0.9427
loss: 0.2506, acc: 0.9467
loss: 0.2638, acc: 0.9347
loss: 0.2648, acc: 0.9340
loss: 0.2696, acc: 0.9297
loss: 0.2714, acc: 0.9274
loss: 0.2692, acc: 0.9301
loss: 0.2652, acc: 0.9322
loss: 0.2603, acc: 0.9345
loss: 0.2589, acc: 0.9331
loss: 0.2619, acc: 0.9315
loss: 0.2657, acc: 0.9282
loss: 0.2653, acc: 0.9275
> val_acc: 0.6834, val_f1: 0.6007
>>>>>>>>>>>>>>>>>>>>>>>>>>>>>>>>>>>>>>>>>>>>>>>>>>>>>>>>>>>>>>>>>>>>>>>>>>>>>>>>>>>>>>>>>>>>>>>>>>>>
epoch: 7
loss: 0.2008, acc: 0.9453
loss: 0.2138, acc: 0.9410
loss: 0.2199, acc: 0.9397
loss: 0.2184, acc: 0.9474
loss: 0.2153, acc: 0.9466
loss: 0.2280, acc: 0.9407
loss: 0.2227, acc: 0.9449
loss: 0.2260, acc: 0.9431
loss: 0.2253, acc: 0.9432
loss: 0.2240, acc: 0.9452
loss: 0.2215, acc: 0.9462
loss: 0.2201, acc: 0.9465
loss: 0.2249, acc: 0.9438
loss: 0.2248, acc: 0.9434
> val_acc: 0.6803, val_f1: 0.6061
>>>>>>>>>>>>>>>>>>>>>>>>>>>>>>>>>>>>>>>>>>>>>>>>>>>>>>>>>>>>>>>>>>>>>>>>>>>>>>>>>>>>>>>>>>>>>>>>>>>>
epoch: 8
loss: 0.2167, acc: 0.9062
loss: 0.2034, acc: 0.9427
loss: 0.1954, acc: 0.9517
loss: 0.1950, acc: 0.9590
loss: 0.1866, acc: 0.9598
loss: 0.1838, acc: 0.9627
loss: 0.1903, acc: 0.9587
loss: 0.1889, acc: 0.9601
loss: 0.1988, acc: 0.9527
loss: 0.1964, acc: 0.9545
loss: 0.1977, acc: 0.9553
loss: 0.1982, acc: 0.9548
loss: 0.1997, acc: 0.9539
loss: 0.1999, acc: 0.9536
loss: 0.2011, acc: 0.9525
> val_acc: 0.6834, val_f1: 0.6032
>>>>>>>>>>>>>>>>>>>>>>>>>>>>>>>>>>>>>>>>>>>>>>>>>>>>>>>>>>>>>>>>>>>>>>>>>>>>>>>>>>>>>>>>>>>>>>>>>>>>
epoch: 9
loss: 0.1942, acc: 0.9792
loss: 0.2001, acc: 0.9570
loss: 0.1870, acc: 0.9543
loss: 0.1943, acc: 0.9479
loss: 0.1872, acc: 0.9511
loss: 0.1852, acc: 0.9509
loss: 0.1861, acc: 0.9517
loss: 0.1896, acc: 0.9515
loss: 0.1920, acc: 0.9506
loss: 0.1909, acc: 0.9492
loss: 0.1932, acc: 0.9475
loss: 0.1940, acc: 0.9467
loss: 0.1941, acc: 0.9449
loss: 0.1914, acc: 0.9467
loss: 0.1874, acc: 0.9489
> val_acc: 0.6850, val_f1: 0.6039
>>>>>>>>>>>>>>>>>>>>>>>>>>>>>>>>>>>>>>>>>>>>>>>>>>>>>>>>>>>>>>>>>>>>>>>>>>>>>>>>>>>>>>>>>>>>>>>>>>>>
epoch: 10
loss: 0.1661, acc: 0.9563
loss: 0.1447, acc: 0.9750
loss: 0.1532, acc: 0.9729
loss: 0.1621, acc: 0.9672
loss: 0.1620, acc: 0.9675
loss: 0.1672, acc: 0.9656
loss: 0.1671, acc: 0.9661
loss: 0.1737, acc: 0.9617
loss: 0.1716, acc: 0.9611
loss: 0.1707, acc: 0.9631
loss: 0.1716, acc: 0.9625
loss: 0.1690, acc: 0.9630
loss: 0.1691, acc: 0.9620
loss: 0.1683, acc: 0.9634
> val_acc: 0.6897, val_f1: 0.6122
>>>>>>>>>>>>>>>>>>>>>>>>>>>>>>>>>>>>>>>>>>>>>>>>>>>>>>>>>>>>>>>>>>>>>>>>>>>>>>>>>>>>>>>>>>>>>>>>>>>>
epoch: 11
loss: 0.1093, acc: 0.9844
loss: 0.1339, acc: 0.9821
loss: 0.1417, acc: 0.9792
loss: 0.1480, acc: 0.9724
loss: 0.1463, acc: 0.9744
loss: 0.1472, acc: 0.9722
loss: 0.1457, acc: 0.9717
loss: 0.1500, acc: 0.9713
loss: 0.1480, acc: 0.9710
loss: 0.1474, acc: 0.9707
loss: 0.1456, acc: 0.9706
loss: 0.1474, acc: 0.9688
loss: 0.1497, acc: 0.9677
loss: 0.1511, acc: 0.9669
loss: 0.1507, acc: 0.9674
> val_acc: 0.6881, val_f1: 0.6130
>>>>>>>>>>>>>>>>>>>>>>>>>>>>>>>>>>>>>>>>>>>>>>>>>>>>>>>>>>>>>>>>>>>>>>>>>>>>>>>>>>>>>>>>>>>>>>>>>>>>
epoch: 12
loss: 0.1361, acc: 0.9688
loss: 0.1208, acc: 0.9792
loss: 0.1200, acc: 0.9821
loss: 0.1194, acc: 0.9819
loss: 0.1317, acc: 0.9740
loss: 0.1361, acc: 0.9698
loss: 0.1329, acc: 0.9697
loss: 0.1362, acc: 0.9688
loss: 0.1348, acc: 0.9702
loss: 0.1347, acc: 0.9700
loss: 0.1360, acc: 0.9699
loss: 0.1363, acc: 0.9693
loss: 0.1360, acc: 0.9688
loss: 0.1384, acc: 0.9660
> val_acc: 0.6912, val_f1: 0.6168
>>>>>>>>>>>>>>>>>>>>>>>>>>>>>>>>>>>>>>>>>>>>>>>>>>>>>>>>>>>>>>>>>>>>>>>>>>>>>>>>>>>>>>>>>>>>>>>>>>>>
epoch: 13
loss: 0.1623, acc: 1.0000
loss: 0.1575, acc: 0.9740
loss: 0.1536, acc: 0.9716
loss: 0.1455, acc: 0.9707
loss: 0.1394, acc: 0.9717
loss: 0.1434, acc: 0.9712
loss: 0.1448, acc: 0.9708
loss: 0.1412, acc: 0.9714
loss: 0.1392, acc: 0.9710
loss: 0.1369, acc: 0.9735
loss: 0.1343, acc: 0.9749
loss: 0.1398, acc: 0.9710
loss: 0.1391, acc: 0.9713
loss: 0.1383, acc: 0.9706
loss: 0.1397, acc: 0.9692
> val_acc: 0.6944, val_f1: 0.6229
>> saved: state_dict/gc_ian_laptop_val_acc0.6944
>>>>>>>>>>>>>>>>>>>>>>>>>>>>>>>>>>>>>>>>>>>>>>>>>>>>>>>>>>>>>>>>>>>>>>>>>>>>>>>>>>>>>>>>>>>>>>>>>>>>
epoch: 14
loss: 0.1250, acc: 0.9688
loss: 0.1292, acc: 0.9648
loss: 0.1365, acc: 0.9639
loss: 0.1234, acc: 0.9688
loss: 0.1193, acc: 0.9715
loss: 0.1148, acc: 0.9743
loss: 0.1167, acc: 0.9744
loss: 0.1174, acc: 0.9753
loss: 0.1153, acc: 0.9767
loss: 0.1144, acc: 0.9779
loss: 0.1133, acc: 0.9782
loss: 0.1159, acc: 0.9763
loss: 0.1169, acc: 0.9757
loss: 0.1161, acc: 0.9766
loss: 0.1191, acc: 0.9738
> val_acc: 0.6975, val_f1: 0.6241
>> saved: state_dict/gc_ian_laptop_val_acc0.6975
>>>>>>>>>>>>>>>>>>>>>>>>>>>>>>>>>>>>>>>>>>>>>>>>>>>>>>>>>>>>>>>>>>>>>>>>>>>>>>>>>>>>>>>>>>>>>>>>>>>>
epoch: 15
loss: 0.1392, acc: 0.9812
loss: 0.1298, acc: 0.9781
loss: 0.1286, acc: 0.9750
loss: 0.1158, acc: 0.9797
loss: 0.1153, acc: 0.9775
loss: 0.1169, acc: 0.9760
loss: 0.1151, acc: 0.9759
loss: 0.1185, acc: 0.9742
loss: 0.1145, acc: 0.9764
loss: 0.1148, acc: 0.9769
loss: 0.1153, acc: 0.9767
loss: 0.1156, acc: 0.9766
loss: 0.1159, acc: 0.9764
loss: 0.1153, acc: 0.9768
> val_acc: 0.6959, val_f1: 0.6238
>>>>>>>>>>>>>>>>>>>>>>>>>>>>>>>>>>>>>>>>>>>>>>>>>>>>>>>>>>>>>>>>>>>>>>>>>>>>>>>>>>>>>>>>>>>>>>>>>>>>
epoch: 16
loss: 0.1423, acc: 0.9688
loss: 0.1340, acc: 0.9688
loss: 0.1149, acc: 0.9766
loss: 0.1087, acc: 0.9798
loss: 0.1149, acc: 0.9759
loss: 0.1121, acc: 0.9769
loss: 0.1072, acc: 0.9795
loss: 0.1091, acc: 0.9797
loss: 0.1089, acc: 0.9792
loss: 0.1092, acc: 0.9774
loss: 0.1092, acc: 0.9772
loss: 0.1090, acc: 0.9770
loss: 0.1060, acc: 0.9783
loss: 0.1066, acc: 0.9790
loss: 0.1073, acc: 0.9792
> val_acc: 0.6834, val_f1: 0.5992
>>>>>>>>>>>>>>>>>>>>>>>>>>>>>>>>>>>>>>>>>>>>>>>>>>>>>>>>>>>>>>>>>>>>>>>>>>>>>>>>>>>>>>>>>>>>>>>>>>>>
epoch: 17
loss: 0.0852, acc: 1.0000
loss: 0.0888, acc: 0.9931
loss: 0.0918, acc: 0.9933
loss: 0.0920, acc: 0.9901
loss: 0.0942, acc: 0.9857
loss: 0.0932, acc: 0.9849
loss: 0.1024, acc: 0.9825
loss: 0.1040, acc: 0.9816
loss: 0.1042, acc: 0.9830
loss: 0.1038, acc: 0.9828
loss: 0.1004, acc: 0.9838
loss: 0.0992, acc: 0.9836
loss: 0.1000, acc: 0.9824
loss: 0.1033, acc: 0.9810
> val_acc: 0.6881, val_f1: 0.6113
>>>>>>>>>>>>>>>>>>>>>>>>>>>>>>>>>>>>>>>>>>>>>>>>>>>>>>>>>>>>>>>>>>>>>>>>>>>>>>>>>>>>>>>>>>>>>>>>>>>>
epoch: 18
loss: 0.0532, acc: 1.0000
loss: 0.1109, acc: 0.9740
loss: 0.0957, acc: 0.9801
loss: 0.0966, acc: 0.9805
loss: 0.0947, acc: 0.9821
loss: 0.0997, acc: 0.9820
loss: 0.1002, acc: 0.9808
loss: 0.0996, acc: 0.9809
loss: 0.0989, acc: 0.9817
loss: 0.0992, acc: 0.9810
loss: 0.0964, acc: 0.9828
loss: 0.0960, acc: 0.9827
loss: 0.0960, acc: 0.9826
loss: 0.0946, acc: 0.9830
loss: 0.0939, acc: 0.9833
> val_acc: 0.6693, val_f1: 0.5765
>>>>>>>>>>>>>>>>>>>>>>>>>>>>>>>>>>>>>>>>>>>>>>>>>>>>>>>>>>>>>>>>>>>>>>>>>>>>>>>>>>>>>>>>>>>>>>>>>>>>
epoch: 19
loss: 0.0963, acc: 0.9792
loss: 0.0933, acc: 0.9844
loss: 0.0959, acc: 0.9856
loss: 0.0934, acc: 0.9844
loss: 0.0896, acc: 0.9864
loss: 0.0889, acc: 0.9844
loss: 0.0928, acc: 0.9811
loss: 0.0928, acc: 0.9827
loss: 0.0935, acc: 0.9804
loss: 0.0932, acc: 0.9805
loss: 0.0928, acc: 0.9794
loss: 0.0929, acc: 0.9801
loss: 0.0942, acc: 0.9787
loss: 0.0940, acc: 0.9789
loss: 0.0929, acc: 0.9794
> val_acc: 0.6897, val_f1: 0.6125
>>>>>>>>>>>>>>>>>>>>>>>>>>>>>>>>>>>>>>>>>>>>>>>>>>>>>>>>>>>>>>>>>>>>>>>>>>>>>>>>>>>>>>>>>>>>>>>>>>>>
epoch: 20
loss: 0.0711, acc: 0.9875
loss: 0.0759, acc: 0.9875
loss: 0.0821, acc: 0.9854
loss: 0.0856, acc: 0.9812
loss: 0.0843, acc: 0.9825
loss: 0.0846, acc: 0.9833
loss: 0.0835, acc: 0.9839
loss: 0.0809, acc: 0.9852
loss: 0.0871, acc: 0.9840
loss: 0.0873, acc: 0.9844
loss: 0.0884, acc: 0.9835
loss: 0.0880, acc: 0.9828
loss: 0.0870, acc: 0.9837
loss: 0.0881, acc: 0.9826
> val_acc: 0.6834, val_f1: 0.6049
>>>>>>>>>>>>>>>>>>>>>>>>>>>>>>>>>>>>>>>>>>>>>>>>>>>>>>>>>>>>>>>>>>>>>>>>>>>>>>>>>>>>>>>>>>>>>>>>>>>>
epoch: 21
loss: 0.0979, acc: 0.9688
loss: 0.0982, acc: 0.9732
loss: 0.1009, acc: 0.9792
loss: 0.0949, acc: 0.9798
loss: 0.0868, acc: 0.9830
loss: 0.0869, acc: 0.9815
loss: 0.0874, acc: 0.9814
loss: 0.0883, acc: 0.9823
loss: 0.0873, acc: 0.9807
loss: 0.0901, acc: 0.9794
loss: 0.0885, acc: 0.9808
loss: 0.0898, acc: 0.9803
loss: 0.0887, acc: 0.9814
loss: 0.0873, acc: 0.9823
loss: 0.0862, acc: 0.9826
> val_acc: 0.6850, val_f1: 0.6056
>>>>>>>>>>>>>>>>>>>>>>>>>>>>>>>>>>>>>>>>>>>>>>>>>>>>>>>>>>>>>>>>>>>>>>>>>>>>>>>>>>>>>>>>>>>>>>>>>>>>
epoch: 22
loss: 0.0561, acc: 0.9922
loss: 0.0572, acc: 0.9931
loss: 0.0670, acc: 0.9933
loss: 0.0681, acc: 0.9934
loss: 0.0683, acc: 0.9935
loss: 0.0760, acc: 0.9892
loss: 0.0774, acc: 0.9871
loss: 0.0764, acc: 0.9872
loss: 0.0781, acc: 0.9858
loss: 0.0817, acc: 0.9847
loss: 0.0845, acc: 0.9815
loss: 0.0868, acc: 0.9804
loss: 0.0863, acc: 0.9805
loss: 0.0852, acc: 0.9810
> val_acc: 0.6865, val_f1: 0.6093
>>>>>>>>>>>>>>>>>>>>>>>>>>>>>>>>>>>>>>>>>>>>>>>>>>>>>>>>>>>>>>>>>>>>>>>>>>>>>>>>>>>>>>>>>>>>>>>>>>>>
epoch: 23
loss: 0.0638, acc: 1.0000
loss: 0.0667, acc: 0.9948
loss: 0.0691, acc: 0.9886
loss: 0.0744, acc: 0.9824
loss: 0.0711, acc: 0.9836
loss: 0.0721, acc: 0.9856
loss: 0.0705, acc: 0.9859
loss: 0.0708, acc: 0.9861
loss: 0.0708, acc: 0.9870
loss: 0.0710, acc: 0.9878
loss: 0.0700, acc: 0.9884
loss: 0.0718, acc: 0.9872
loss: 0.0729, acc: 0.9862
loss: 0.0739, acc: 0.9858
loss: 0.0748, acc: 0.9846
> val_acc: 0.6912, val_f1: 0.6176
>>>>>>>>>>>>>>>>>>>>>>>>>>>>>>>>>>>>>>>>>>>>>>>>>>>>>>>>>>>>>>>>>>>>>>>>>>>>>>>>>>>>>>>>>>>>>>>>>>>>
epoch: 24
loss: 0.0813, acc: 0.9896
loss: 0.0676, acc: 0.9922
loss: 0.0740, acc: 0.9856
loss: 0.0706, acc: 0.9878
loss: 0.0692, acc: 0.9891
loss: 0.0675, acc: 0.9900
loss: 0.0671, acc: 0.9905
loss: 0.0694, acc: 0.9893
loss: 0.0684, acc: 0.9898
loss: 0.0725, acc: 0.9870
loss: 0.0748, acc: 0.9870
loss: 0.0742, acc: 0.9871
loss: 0.0730, acc: 0.9881
loss: 0.0736, acc: 0.9885
loss: 0.0723, acc: 0.9893
> val_acc: 0.6755, val_f1: 0.5941
>>>>>>>>>>>>>>>>>>>>>>>>>>>>>>>>>>>>>>>>>>>>>>>>>>>>>>>>>>>>>>>>>>>>>>>>>>>>>>>>>>>>>>>>>>>>>>>>>>>>
epoch: 25
loss: 0.0653, acc: 0.9938
loss: 0.0618, acc: 0.9906
loss: 0.0681, acc: 0.9896
loss: 0.0667, acc: 0.9891
loss: 0.0669, acc: 0.9875
loss: 0.0651, acc: 0.9885
loss: 0.0660, acc: 0.9893
loss: 0.0664, acc: 0.9898
loss: 0.0663, acc: 0.9896
loss: 0.0672, acc: 0.9894
loss: 0.0656, acc: 0.9903
loss: 0.0642, acc: 0.9911
loss: 0.0655, acc: 0.9909
loss: 0.0696, acc: 0.9884
> val_acc: 0.6912, val_f1: 0.6159
>>>>>>>>>>>>>>>>>>>>>>>>>>>>>>>>>>>>>>>>>>>>>>>>>>>>>>>>>>>>>>>>>>>>>>>>>>>>>>>>>>>>>>>>>>>>>>>>>>>>
epoch: 26
loss: 0.0531, acc: 1.0000
loss: 0.0853, acc: 0.9821
loss: 0.0745, acc: 0.9870
loss: 0.0685, acc: 0.9908
loss: 0.0739, acc: 0.9886
loss: 0.0750, acc: 0.9873
loss: 0.0773, acc: 0.9863
loss: 0.0748, acc: 0.9873
loss: 0.0739, acc: 0.9881
loss: 0.0727, acc: 0.9874
loss: 0.0706, acc: 0.9880
loss: 0.0704, acc: 0.9885
loss: 0.0724, acc: 0.9869
loss: 0.0712, acc: 0.9869
loss: 0.0719, acc: 0.9865
> val_acc: 0.6755, val_f1: 0.5893
>>>>>>>>>>>>>>>>>>>>>>>>>>>>>>>>>>>>>>>>>>>>>>>>>>>>>>>>>>>>>>>>>>>>>>>>>>>>>>>>>>>>>>>>>>>>>>>>>>>>
epoch: 27
loss: 0.0591, acc: 0.9922
loss: 0.0565, acc: 0.9931
loss: 0.0545, acc: 0.9955
loss: 0.0657, acc: 0.9901
loss: 0.0628, acc: 0.9909
loss: 0.0641, acc: 0.9903
loss: 0.0659, acc: 0.9899
loss: 0.0660, acc: 0.9896
loss: 0.0655, acc: 0.9901
loss: 0.0661, acc: 0.9904
loss: 0.0671, acc: 0.9890
loss: 0.0677, acc: 0.9883
loss: 0.0711, acc: 0.9854
loss: 0.0699, acc: 0.9860
> val_acc: 0.6881, val_f1: 0.6122
>>>>>>>>>>>>>>>>>>>>>>>>>>>>>>>>>>>>>>>>>>>>>>>>>>>>>>>>>>>>>>>>>>>>>>>>>>>>>>>>>>>>>>>>>>>>>>>>>>>>
epoch: 28
loss: 0.0719, acc: 1.0000
loss: 0.0625, acc: 0.9844
loss: 0.0583, acc: 0.9886
loss: 0.0578, acc: 0.9902
loss: 0.0588, acc: 0.9926
loss: 0.0562, acc: 0.9940
loss: 0.0575, acc: 0.9909
loss: 0.0595, acc: 0.9905
loss: 0.0614, acc: 0.9893
loss: 0.0617, acc: 0.9891
loss: 0.0641, acc: 0.9896
loss: 0.0634, acc: 0.9905
loss: 0.0625, acc: 0.9908
loss: 0.0634, acc: 0.9901
loss: 0.0637, acc: 0.9890
> val_acc: 0.6865, val_f1: 0.6045
>>>>>>>>>>>>>>>>>>>>>>>>>>>>>>>>>>>>>>>>>>>>>>>>>>>>>>>>>>>>>>>>>>>>>>>>>>>>>>>>>>>>>>>>>>>>>>>>>>>>
epoch: 29
loss: 0.0658, acc: 0.9896
loss: 0.0561, acc: 0.9883
loss: 0.0550, acc: 0.9880
loss: 0.0549, acc: 0.9896
loss: 0.0598, acc: 0.9891
loss: 0.0639, acc: 0.9877
loss: 0.0598, acc: 0.9886
loss: 0.0599, acc: 0.9893
loss: 0.0588, acc: 0.9891
loss: 0.0594, acc: 0.9889
loss: 0.0612, acc: 0.9870
loss: 0.0604, acc: 0.9876
loss: 0.0609, acc: 0.9881
loss: 0.0598, acc: 0.9885
loss: 0.0614, acc: 0.9871
> val_acc: 0.6850, val_f1: 0.6031
>> test_acc: 0.6975, test_f1: 0.6241
