cuda memory allocated: 14651392
n_trainable_params: 2726003, n_nontrainable_params: 934800
> training arguments:
>>> model_name: gc_ian
>>> dataset: laptop
>>> optimizer: <class 'torch.optim.adagrad.Adagrad'>
>>> initializer: <function xavier_uniform_ at 0x000001B417847620>
>>> learning_rate: 0.01
>>> momentum: 0.95
>>> dropout: 0.5
>>> l2reg: 5e-05
>>> num_epoch: 30
>>> batch_size: 32
>>> log_step: 5
>>> embed_dim: 300
>>> hidden_dim: 300
>>> bert_dim: 768
>>> pretrained_bert_name: bert-base-uncased
>>> max_seq_len: 80
>>> polarities_dim: 3
>>> hops: 3
>>> device: cuda
>>> seed: 10
>>> valset_ratio: 0
>>> num_layers: 1
>>> in_channels: 100
>>> out_channels: 1
>>> downbot: 20
>>> kernel_size: 3
>>> glove_path: ./glove/glove.840B.300d.txt
>>> model_class: <class 'models.gc_ian.GC_IAN'>
>>> dataset_file: {'train': './datasets/semeval14/Laptops_Train.xml.seg', 'test': './datasets/semeval14/Laptops_Test_Gold.xml.seg'}
>>> inputs_cols: ['text_raw_indices', 'aspect_indices']
>>>>>>>>>>>>>>>>>>>>>>>>>>>>>>>>>>>>>>>>>>>>>>>>>>>>>>>>>>>>>>>>>>>>>>>>>>>>>>>>>>>>>>>>>>>>>>>>>>>>
epoch: 0
loss: 2.1856, acc: 0.4188
loss: 1.7553, acc: 0.4219
loss: 1.4936, acc: 0.4562
loss: 1.3628, acc: 0.4875
loss: 1.2823, acc: 0.5025
loss: 1.2110, acc: 0.5219
loss: 1.1708, acc: 0.5330
loss: 1.1232, acc: 0.5508
loss: 1.1008, acc: 0.5542
loss: 1.0831, acc: 0.5600
loss: 1.0631, acc: 0.5659
loss: 1.0429, acc: 0.5714
loss: 1.0296, acc: 0.5803
loss: 1.0165, acc: 0.5839
> val_acc: 0.6223, val_f1: 0.5207
>> saved: state_dict/gc_ian_laptop_val_acc0.6223
>>>>>>>>>>>>>>>>>>>>>>>>>>>>>>>>>>>>>>>>>>>>>>>>>>>>>>>>>>>>>>>>>>>>>>>>>>>>>>>>>>>>>>>>>>>>>>>>>>>>
epoch: 1
loss: 0.5430, acc: 0.7656
loss: 0.5541, acc: 0.7634
loss: 0.5778, acc: 0.7708
loss: 0.5866, acc: 0.7592
loss: 0.5795, acc: 0.7656
loss: 0.5889, acc: 0.7662
loss: 0.5911, acc: 0.7598
loss: 0.5851, acc: 0.7652
loss: 0.5843, acc: 0.7649
loss: 0.5800, acc: 0.7653
loss: 0.5803, acc: 0.7644
loss: 0.5857, acc: 0.7632
loss: 0.5873, acc: 0.7636
loss: 0.5904, acc: 0.7603
loss: 0.5913, acc: 0.7578
> val_acc: 0.6834, val_f1: 0.6042
>> saved: state_dict/gc_ian_laptop_val_acc0.6834
>>>>>>>>>>>>>>>>>>>>>>>>>>>>>>>>>>>>>>>>>>>>>>>>>>>>>>>>>>>>>>>>>>>>>>>>>>>>>>>>>>>>>>>>>>>>>>>>>>>>
epoch: 2
loss: 0.4583, acc: 0.8516
loss: 0.4449, acc: 0.8299
loss: 0.4471, acc: 0.8415
loss: 0.4502, acc: 0.8372
loss: 0.4513, acc: 0.8333
loss: 0.4588, acc: 0.8276
loss: 0.4526, acc: 0.8290
loss: 0.4563, acc: 0.8261
loss: 0.4496, acc: 0.8310
loss: 0.4585, acc: 0.8284
loss: 0.4511, acc: 0.8333
loss: 0.4506, acc: 0.8342
loss: 0.4537, acc: 0.8320
loss: 0.4550, acc: 0.8324
> val_acc: 0.6630, val_f1: 0.5487
>>>>>>>>>>>>>>>>>>>>>>>>>>>>>>>>>>>>>>>>>>>>>>>>>>>>>>>>>>>>>>>>>>>>>>>>>>>>>>>>>>>>>>>>>>>>>>>>>>>>
epoch: 3
loss: 0.4747, acc: 0.8438
loss: 0.4003, acc: 0.8698
loss: 0.3959, acc: 0.8693
loss: 0.3642, acc: 0.8867
loss: 0.3652, acc: 0.8810
loss: 0.3681, acc: 0.8798
loss: 0.3691, acc: 0.8790
loss: 0.3718, acc: 0.8785
loss: 0.3722, acc: 0.8765
loss: 0.3748, acc: 0.8723
loss: 0.3733, acc: 0.8725
loss: 0.3711, acc: 0.8722
loss: 0.3739, acc: 0.8714
loss: 0.3777, acc: 0.8698
loss: 0.3769, acc: 0.8688
> val_acc: 0.6834, val_f1: 0.6019
>>>>>>>>>>>>>>>>>>>>>>>>>>>>>>>>>>>>>>>>>>>>>>>>>>>>>>>>>>>>>>>>>>>>>>>>>>>>>>>>>>>>>>>>>>>>>>>>>>>>
epoch: 4
loss: 0.2734, acc: 0.9271
loss: 0.2662, acc: 0.9258
loss: 0.2861, acc: 0.9183
loss: 0.2921, acc: 0.9167
loss: 0.3016, acc: 0.9103
loss: 0.3133, acc: 0.9018
loss: 0.3095, acc: 0.9044
loss: 0.3182, acc: 0.8997
loss: 0.3149, acc: 0.9012
loss: 0.3105, acc: 0.9043
loss: 0.3120, acc: 0.9033
loss: 0.3129, acc: 0.9036
loss: 0.3174, acc: 0.9008
loss: 0.3186, acc: 0.9007
loss: 0.3192, acc: 0.8991
> val_acc: 0.6740, val_f1: 0.5718
>>>>>>>>>>>>>>>>>>>>>>>>>>>>>>>>>>>>>>>>>>>>>>>>>>>>>>>>>>>>>>>>>>>>>>>>>>>>>>>>>>>>>>>>>>>>>>>>>>>>
epoch: 5
loss: 0.2304, acc: 0.9375
loss: 0.2676, acc: 0.9219
loss: 0.2650, acc: 0.9229
loss: 0.2658, acc: 0.9141
loss: 0.2625, acc: 0.9163
loss: 0.2714, acc: 0.9104
loss: 0.2701, acc: 0.9152
loss: 0.2723, acc: 0.9156
loss: 0.2793, acc: 0.9118
loss: 0.2793, acc: 0.9131
loss: 0.2830, acc: 0.9097
loss: 0.2845, acc: 0.9089
loss: 0.2807, acc: 0.9101
loss: 0.2760, acc: 0.9129
> val_acc: 0.6850, val_f1: 0.6164
>> saved: state_dict/gc_ian_laptop_val_acc0.685
>>>>>>>>>>>>>>>>>>>>>>>>>>>>>>>>>>>>>>>>>>>>>>>>>>>>>>>>>>>>>>>>>>>>>>>>>>>>>>>>>>>>>>>>>>>>>>>>>>>>
epoch: 6
loss: 0.2389, acc: 0.9375
loss: 0.2416, acc: 0.9152
loss: 0.2411, acc: 0.9219
loss: 0.2371, acc: 0.9283
loss: 0.2502, acc: 0.9233
loss: 0.2537, acc: 0.9225
loss: 0.2562, acc: 0.9209
loss: 0.2560, acc: 0.9215
loss: 0.2550, acc: 0.9234
loss: 0.2498, acc: 0.9249
loss: 0.2442, acc: 0.9291
loss: 0.2422, acc: 0.9298
loss: 0.2439, acc: 0.9274
loss: 0.2473, acc: 0.9258
loss: 0.2462, acc: 0.9249
> val_acc: 0.6834, val_f1: 0.5994
>>>>>>>>>>>>>>>>>>>>>>>>>>>>>>>>>>>>>>>>>>>>>>>>>>>>>>>>>>>>>>>>>>>>>>>>>>>>>>>>>>>>>>>>>>>>>>>>>>>>
epoch: 7
loss: 0.1638, acc: 0.9609
loss: 0.1931, acc: 0.9444
loss: 0.1932, acc: 0.9487
loss: 0.1892, acc: 0.9507
loss: 0.1878, acc: 0.9453
loss: 0.2008, acc: 0.9375
loss: 0.1972, acc: 0.9393
loss: 0.1999, acc: 0.9383
loss: 0.1995, acc: 0.9382
loss: 0.1996, acc: 0.9388
loss: 0.1952, acc: 0.9433
loss: 0.1944, acc: 0.9439
loss: 0.2020, acc: 0.9399
loss: 0.2040, acc: 0.9398
> val_acc: 0.6724, val_f1: 0.5951
>>>>>>>>>>>>>>>>>>>>>>>>>>>>>>>>>>>>>>>>>>>>>>>>>>>>>>>>>>>>>>>>>>>>>>>>>>>>>>>>>>>>>>>>>>>>>>>>>>>>
epoch: 8
loss: 0.2024, acc: 0.9375
loss: 0.1808, acc: 0.9479
loss: 0.1707, acc: 0.9574
loss: 0.1725, acc: 0.9668
loss: 0.1662, acc: 0.9658
loss: 0.1651, acc: 0.9663
loss: 0.1694, acc: 0.9657
loss: 0.1682, acc: 0.9661
loss: 0.1787, acc: 0.9596
loss: 0.1794, acc: 0.9586
loss: 0.1814, acc: 0.9577
loss: 0.1829, acc: 0.9570
loss: 0.1843, acc: 0.9544
loss: 0.1851, acc: 0.9536
loss: 0.1864, acc: 0.9520
> val_acc: 0.6803, val_f1: 0.5969
>>>>>>>>>>>>>>>>>>>>>>>>>>>>>>>>>>>>>>>>>>>>>>>>>>>>>>>>>>>>>>>>>>>>>>>>>>>>>>>>>>>>>>>>>>>>>>>>>>>>
epoch: 9
loss: 0.1528, acc: 1.0000
loss: 0.1747, acc: 0.9727
loss: 0.1676, acc: 0.9639
loss: 0.1824, acc: 0.9531
loss: 0.1743, acc: 0.9565
loss: 0.1708, acc: 0.9576
loss: 0.1740, acc: 0.9555
loss: 0.1784, acc: 0.9523
loss: 0.1810, acc: 0.9535
loss: 0.1802, acc: 0.9538
loss: 0.1824, acc: 0.9505
loss: 0.1852, acc: 0.9483
loss: 0.1864, acc: 0.9464
loss: 0.1832, acc: 0.9485
loss: 0.1781, acc: 0.9510
> val_acc: 0.6803, val_f1: 0.5947
>>>>>>>>>>>>>>>>>>>>>>>>>>>>>>>>>>>>>>>>>>>>>>>>>>>>>>>>>>>>>>>>>>>>>>>>>>>>>>>>>>>>>>>>>>>>>>>>>>>>
epoch: 10
loss: 0.1569, acc: 0.9625
loss: 0.1377, acc: 0.9750
loss: 0.1440, acc: 0.9688
loss: 0.1541, acc: 0.9625
loss: 0.1539, acc: 0.9637
loss: 0.1566, acc: 0.9604
loss: 0.1568, acc: 0.9598
loss: 0.1636, acc: 0.9563
loss: 0.1630, acc: 0.9569
loss: 0.1623, acc: 0.9575
loss: 0.1638, acc: 0.9568
loss: 0.1602, acc: 0.9568
loss: 0.1585, acc: 0.9572
loss: 0.1591, acc: 0.9563
> val_acc: 0.6755, val_f1: 0.5923
>>>>>>>>>>>>>>>>>>>>>>>>>>>>>>>>>>>>>>>>>>>>>>>>>>>>>>>>>>>>>>>>>>>>>>>>>>>>>>>>>>>>>>>>>>>>>>>>>>>>
epoch: 11
loss: 0.1095, acc: 0.9844
loss: 0.1332, acc: 0.9688
loss: 0.1359, acc: 0.9635
loss: 0.1398, acc: 0.9632
loss: 0.1369, acc: 0.9688
loss: 0.1338, acc: 0.9711
loss: 0.1330, acc: 0.9707
loss: 0.1392, acc: 0.9671
loss: 0.1377, acc: 0.9673
loss: 0.1366, acc: 0.9674
loss: 0.1355, acc: 0.9675
loss: 0.1368, acc: 0.9660
loss: 0.1403, acc: 0.9647
loss: 0.1419, acc: 0.9632
loss: 0.1423, acc: 0.9622
> val_acc: 0.6818, val_f1: 0.6052
>>>>>>>>>>>>>>>>>>>>>>>>>>>>>>>>>>>>>>>>>>>>>>>>>>>>>>>>>>>>>>>>>>>>>>>>>>>>>>>>>>>>>>>>>>>>>>>>>>>>
epoch: 12
loss: 0.1257, acc: 0.9766
loss: 0.1122, acc: 0.9792
loss: 0.1108, acc: 0.9777
loss: 0.1120, acc: 0.9770
loss: 0.1238, acc: 0.9688
loss: 0.1277, acc: 0.9677
loss: 0.1274, acc: 0.9651
loss: 0.1334, acc: 0.9607
loss: 0.1326, acc: 0.9609
loss: 0.1334, acc: 0.9611
loss: 0.1385, acc: 0.9572
loss: 0.1391, acc: 0.9576
loss: 0.1365, acc: 0.9590
loss: 0.1397, acc: 0.9561
> val_acc: 0.6928, val_f1: 0.6173
>> saved: state_dict/gc_ian_laptop_val_acc0.6928
>>>>>>>>>>>>>>>>>>>>>>>>>>>>>>>>>>>>>>>>>>>>>>>>>>>>>>>>>>>>>>>>>>>>>>>>>>>>>>>>>>>>>>>>>>>>>>>>>>>>
epoch: 13
loss: 0.1288, acc: 0.9688
loss: 0.1518, acc: 0.9531
loss: 0.1395, acc: 0.9602
loss: 0.1344, acc: 0.9570
loss: 0.1273, acc: 0.9583
loss: 0.1331, acc: 0.9627
loss: 0.1347, acc: 0.9607
loss: 0.1311, acc: 0.9627
loss: 0.1310, acc: 0.9627
loss: 0.1306, acc: 0.9620
loss: 0.1277, acc: 0.9645
loss: 0.1321, acc: 0.9609
loss: 0.1318, acc: 0.9616
loss: 0.1308, acc: 0.9616
loss: 0.1318, acc: 0.9621
> val_acc: 0.6897, val_f1: 0.6146
>>>>>>>>>>>>>>>>>>>>>>>>>>>>>>>>>>>>>>>>>>>>>>>>>>>>>>>>>>>>>>>>>>>>>>>>>>>>>>>>>>>>>>>>>>>>>>>>>>>>
epoch: 14
loss: 0.1193, acc: 0.9792
loss: 0.1215, acc: 0.9688
loss: 0.1275, acc: 0.9639
loss: 0.1150, acc: 0.9705
loss: 0.1076, acc: 0.9755
loss: 0.1048, acc: 0.9766
loss: 0.1087, acc: 0.9763
loss: 0.1117, acc: 0.9745
loss: 0.1095, acc: 0.9760
loss: 0.1087, acc: 0.9772
loss: 0.1066, acc: 0.9782
loss: 0.1094, acc: 0.9774
loss: 0.1106, acc: 0.9757
loss: 0.1092, acc: 0.9761
loss: 0.1132, acc: 0.9738
> val_acc: 0.7038, val_f1: 0.6345
>> saved: state_dict/gc_ian_laptop_val_acc0.7038
>>>>>>>>>>>>>>>>>>>>>>>>>>>>>>>>>>>>>>>>>>>>>>>>>>>>>>>>>>>>>>>>>>>>>>>>>>>>>>>>>>>>>>>>>>>>>>>>>>>>
epoch: 15
loss: 0.1450, acc: 0.9688
loss: 0.1351, acc: 0.9688
loss: 0.1274, acc: 0.9667
loss: 0.1150, acc: 0.9734
loss: 0.1133, acc: 0.9738
loss: 0.1141, acc: 0.9740
loss: 0.1139, acc: 0.9732
loss: 0.1187, acc: 0.9703
loss: 0.1136, acc: 0.9722
loss: 0.1122, acc: 0.9731
loss: 0.1122, acc: 0.9739
loss: 0.1126, acc: 0.9729
loss: 0.1135, acc: 0.9726
loss: 0.1136, acc: 0.9728
> val_acc: 0.6881, val_f1: 0.6097
>>>>>>>>>>>>>>>>>>>>>>>>>>>>>>>>>>>>>>>>>>>>>>>>>>>>>>>>>>>>>>>>>>>>>>>>>>>>>>>>>>>>>>>>>>>>>>>>>>>>
epoch: 16
loss: 0.1014, acc: 0.9688
loss: 0.1084, acc: 0.9732
loss: 0.0972, acc: 0.9792
loss: 0.0962, acc: 0.9779
loss: 0.1033, acc: 0.9744
loss: 0.1024, acc: 0.9769
loss: 0.0975, acc: 0.9805
loss: 0.0981, acc: 0.9806
loss: 0.0980, acc: 0.9792
loss: 0.0995, acc: 0.9761
loss: 0.1009, acc: 0.9724
loss: 0.1028, acc: 0.9709
loss: 0.1006, acc: 0.9718
loss: 0.1012, acc: 0.9711
loss: 0.1027, acc: 0.9701
> val_acc: 0.6803, val_f1: 0.5956
>>>>>>>>>>>>>>>>>>>>>>>>>>>>>>>>>>>>>>>>>>>>>>>>>>>>>>>>>>>>>>>>>>>>>>>>>>>>>>>>>>>>>>>>>>>>>>>>>>>>
epoch: 17
loss: 0.0712, acc: 0.9844
loss: 0.0869, acc: 0.9722
loss: 0.0885, acc: 0.9777
loss: 0.0927, acc: 0.9753
loss: 0.0972, acc: 0.9740
loss: 0.0951, acc: 0.9752
loss: 0.1051, acc: 0.9715
loss: 0.1049, acc: 0.9712
loss: 0.1058, acc: 0.9702
loss: 0.1040, acc: 0.9719
loss: 0.1003, acc: 0.9734
loss: 0.0981, acc: 0.9746
loss: 0.1006, acc: 0.9736
loss: 0.1039, acc: 0.9724
> val_acc: 0.6865, val_f1: 0.6086
>>>>>>>>>>>>>>>>>>>>>>>>>>>>>>>>>>>>>>>>>>>>>>>>>>>>>>>>>>>>>>>>>>>>>>>>>>>>>>>>>>>>>>>>>>>>>>>>>>>>
epoch: 18
loss: 0.0377, acc: 1.0000
loss: 0.1159, acc: 0.9583
loss: 0.0959, acc: 0.9716
loss: 0.0927, acc: 0.9707
loss: 0.0969, acc: 0.9702
loss: 0.1006, acc: 0.9712
loss: 0.1011, acc: 0.9688
loss: 0.1005, acc: 0.9679
loss: 0.1000, acc: 0.9688
loss: 0.1001, acc: 0.9688
loss: 0.0967, acc: 0.9712
loss: 0.0972, acc: 0.9715
loss: 0.0971, acc: 0.9713
loss: 0.0970, acc: 0.9725
loss: 0.0968, acc: 0.9732
> val_acc: 0.6928, val_f1: 0.6136
>>>>>>>>>>>>>>>>>>>>>>>>>>>>>>>>>>>>>>>>>>>>>>>>>>>>>>>>>>>>>>>>>>>>>>>>>>>>>>>>>>>>>>>>>>>>>>>>>>>>
epoch: 19
loss: 0.0929, acc: 0.9896
loss: 0.0910, acc: 0.9805
loss: 0.0945, acc: 0.9784
loss: 0.0926, acc: 0.9774
loss: 0.0894, acc: 0.9783
loss: 0.0873, acc: 0.9777
loss: 0.0933, acc: 0.9735
loss: 0.0927, acc: 0.9745
loss: 0.0931, acc: 0.9746
loss: 0.0926, acc: 0.9746
loss: 0.0921, acc: 0.9741
loss: 0.0933, acc: 0.9736
loss: 0.0953, acc: 0.9727
loss: 0.0954, acc: 0.9724
loss: 0.0941, acc: 0.9729
> val_acc: 0.6912, val_f1: 0.6161
>>>>>>>>>>>>>>>>>>>>>>>>>>>>>>>>>>>>>>>>>>>>>>>>>>>>>>>>>>>>>>>>>>>>>>>>>>>>>>>>>>>>>>>>>>>>>>>>>>>>
epoch: 20
loss: 0.0874, acc: 0.9812
loss: 0.0778, acc: 0.9875
loss: 0.0834, acc: 0.9833
loss: 0.0842, acc: 0.9812
loss: 0.0836, acc: 0.9812
loss: 0.0865, acc: 0.9812
loss: 0.0849, acc: 0.9821
loss: 0.0829, acc: 0.9820
loss: 0.0876, acc: 0.9806
loss: 0.0884, acc: 0.9800
loss: 0.0885, acc: 0.9795
loss: 0.0888, acc: 0.9792
loss: 0.0883, acc: 0.9788
loss: 0.0911, acc: 0.9772
> val_acc: 0.6818, val_f1: 0.6021
>>>>>>>>>>>>>>>>>>>>>>>>>>>>>>>>>>>>>>>>>>>>>>>>>>>>>>>>>>>>>>>>>>>>>>>>>>>>>>>>>>>>>>>>>>>>>>>>>>>>
epoch: 21
loss: 0.1102, acc: 0.9531
loss: 0.0966, acc: 0.9732
loss: 0.0954, acc: 0.9792
loss: 0.0901, acc: 0.9816
loss: 0.0817, acc: 0.9858
loss: 0.0816, acc: 0.9838
loss: 0.0803, acc: 0.9834
loss: 0.0802, acc: 0.9831
loss: 0.0827, acc: 0.9814
loss: 0.0869, acc: 0.9774
loss: 0.0846, acc: 0.9784
loss: 0.0861, acc: 0.9792
loss: 0.0842, acc: 0.9798
loss: 0.0823, acc: 0.9809
loss: 0.0814, acc: 0.9813
> val_acc: 0.6897, val_f1: 0.6112
>>>>>>>>>>>>>>>>>>>>>>>>>>>>>>>>>>>>>>>>>>>>>>>>>>>>>>>>>>>>>>>>>>>>>>>>>>>>>>>>>>>>>>>>>>>>>>>>>>>>
epoch: 22
loss: 0.0652, acc: 0.9922
loss: 0.0589, acc: 0.9931
loss: 0.0664, acc: 0.9933
loss: 0.0663, acc: 0.9918
loss: 0.0646, acc: 0.9909
loss: 0.0747, acc: 0.9860
loss: 0.0781, acc: 0.9835
loss: 0.0783, acc: 0.9832
loss: 0.0786, acc: 0.9830
loss: 0.0810, acc: 0.9828
loss: 0.0846, acc: 0.9797
loss: 0.0858, acc: 0.9788
loss: 0.0861, acc: 0.9785
loss: 0.0844, acc: 0.9787
> val_acc: 0.6897, val_f1: 0.6107
>>>>>>>>>>>>>>>>>>>>>>>>>>>>>>>>>>>>>>>>>>>>>>>>>>>>>>>>>>>>>>>>>>>>>>>>>>>>>>>>>>>>>>>>>>>>>>>>>>>>
epoch: 23
loss: 0.0698, acc: 0.9688
loss: 0.0643, acc: 0.9896
loss: 0.0666, acc: 0.9886
loss: 0.0732, acc: 0.9863
loss: 0.0659, acc: 0.9896
loss: 0.0685, acc: 0.9868
loss: 0.0688, acc: 0.9859
loss: 0.0682, acc: 0.9861
loss: 0.0682, acc: 0.9863
loss: 0.0688, acc: 0.9864
loss: 0.0679, acc: 0.9871
loss: 0.0696, acc: 0.9860
loss: 0.0706, acc: 0.9841
loss: 0.0714, acc: 0.9830
loss: 0.0731, acc: 0.9820
> val_acc: 0.6865, val_f1: 0.6085
>>>>>>>>>>>>>>>>>>>>>>>>>>>>>>>>>>>>>>>>>>>>>>>>>>>>>>>>>>>>>>>>>>>>>>>>>>>>>>>>>>>>>>>>>>>>>>>>>>>>
epoch: 24
loss: 0.0679, acc: 0.9896
loss: 0.0665, acc: 0.9844
loss: 0.0751, acc: 0.9808
loss: 0.0722, acc: 0.9844
loss: 0.0701, acc: 0.9851
loss: 0.0682, acc: 0.9855
loss: 0.0689, acc: 0.9848
loss: 0.0700, acc: 0.9844
loss: 0.0706, acc: 0.9847
loss: 0.0763, acc: 0.9818
loss: 0.0791, acc: 0.9800
loss: 0.0780, acc: 0.9806
loss: 0.0762, acc: 0.9821
loss: 0.0781, acc: 0.9807
loss: 0.0762, acc: 0.9815
> val_acc: 0.6834, val_f1: 0.6101
>>>>>>>>>>>>>>>>>>>>>>>>>>>>>>>>>>>>>>>>>>>>>>>>>>>>>>>>>>>>>>>>>>>>>>>>>>>>>>>>>>>>>>>>>>>>>>>>>>>>
epoch: 25
loss: 0.0707, acc: 0.9812
loss: 0.0727, acc: 0.9812
loss: 0.0739, acc: 0.9854
loss: 0.0732, acc: 0.9828
loss: 0.0733, acc: 0.9825
loss: 0.0702, acc: 0.9833
loss: 0.0692, acc: 0.9839
loss: 0.0704, acc: 0.9820
loss: 0.0695, acc: 0.9826
loss: 0.0691, acc: 0.9819
loss: 0.0672, acc: 0.9830
loss: 0.0659, acc: 0.9844
loss: 0.0681, acc: 0.9827
loss: 0.0725, acc: 0.9812
> val_acc: 0.6803, val_f1: 0.6024
>>>>>>>>>>>>>>>>>>>>>>>>>>>>>>>>>>>>>>>>>>>>>>>>>>>>>>>>>>>>>>>>>>>>>>>>>>>>>>>>>>>>>>>>>>>>>>>>>>>>
epoch: 26
loss: 0.0541, acc: 1.0000
loss: 0.0678, acc: 0.9821
loss: 0.0643, acc: 0.9844
loss: 0.0614, acc: 0.9890
loss: 0.0675, acc: 0.9858
loss: 0.0676, acc: 0.9873
loss: 0.0735, acc: 0.9854
loss: 0.0722, acc: 0.9848
loss: 0.0721, acc: 0.9859
loss: 0.0702, acc: 0.9867
loss: 0.0682, acc: 0.9874
loss: 0.0684, acc: 0.9868
loss: 0.0726, acc: 0.9849
loss: 0.0721, acc: 0.9851
loss: 0.0739, acc: 0.9844
> val_acc: 0.6803, val_f1: 0.5923
>>>>>>>>>>>>>>>>>>>>>>>>>>>>>>>>>>>>>>>>>>>>>>>>>>>>>>>>>>>>>>>>>>>>>>>>>>>>>>>>>>>>>>>>>>>>>>>>>>>>
epoch: 27
loss: 0.0562, acc: 0.9922
loss: 0.0536, acc: 0.9931
loss: 0.0517, acc: 0.9933
loss: 0.0667, acc: 0.9885
loss: 0.0654, acc: 0.9883
loss: 0.0640, acc: 0.9892
loss: 0.0687, acc: 0.9881
loss: 0.0681, acc: 0.9872
loss: 0.0671, acc: 0.9872
loss: 0.0674, acc: 0.9866
loss: 0.0696, acc: 0.9850
loss: 0.0700, acc: 0.9846
loss: 0.0737, acc: 0.9819
loss: 0.0728, acc: 0.9814
> val_acc: 0.6865, val_f1: 0.6086
>>>>>>>>>>>>>>>>>>>>>>>>>>>>>>>>>>>>>>>>>>>>>>>>>>>>>>>>>>>>>>>>>>>>>>>>>>>>>>>>>>>>>>>>>>>>>>>>>>>>
epoch: 28
loss: 0.0677, acc: 1.0000
loss: 0.0693, acc: 0.9896
loss: 0.0625, acc: 0.9886
loss: 0.0597, acc: 0.9863
loss: 0.0608, acc: 0.9866
loss: 0.0583, acc: 0.9880
loss: 0.0572, acc: 0.9879
loss: 0.0597, acc: 0.9861
loss: 0.0622, acc: 0.9840
loss: 0.0626, acc: 0.9837
loss: 0.0637, acc: 0.9822
loss: 0.0644, acc: 0.9805
loss: 0.0633, acc: 0.9821
loss: 0.0640, acc: 0.9820
loss: 0.0639, acc: 0.9811
> val_acc: 0.6834, val_f1: 0.6027
>>>>>>>>>>>>>>>>>>>>>>>>>>>>>>>>>>>>>>>>>>>>>>>>>>>>>>>>>>>>>>>>>>>>>>>>>>>>>>>>>>>>>>>>>>>>>>>>>>>>
epoch: 29
loss: 0.0857, acc: 0.9688
loss: 0.0638, acc: 0.9766
loss: 0.0560, acc: 0.9856
loss: 0.0545, acc: 0.9878
loss: 0.0615, acc: 0.9851
loss: 0.0658, acc: 0.9821
loss: 0.0633, acc: 0.9830
loss: 0.0626, acc: 0.9836
loss: 0.0634, acc: 0.9833
loss: 0.0635, acc: 0.9837
loss: 0.0674, acc: 0.9817
loss: 0.0669, acc: 0.9828
loss: 0.0677, acc: 0.9826
loss: 0.0666, acc: 0.9830
loss: 0.0681, acc: 0.9824
> val_acc: 0.6897, val_f1: 0.6077
>> test_acc: 0.7038, test_f1: 0.6345
