cuda memory allocated: 4029440
n_trainable_params: 563003, n_nontrainable_params: 441200
> training arguments:
>>> model_name: gc_ian
>>> model_ver: 3
>>> dataset: restaurant
>>> optimizer: <class 'torch.optim.adagrad.Adagrad'>
>>> initializer: <function xavier_uniform_ at 0x00000222BCF476A8>
>>> learning_rate: 0.01
>>> momentum: 0.95
>>> dropout: 0.5
>>> l2reg: 5e-05
>>> num_epoch: 30
>>> batch_size: 32
>>> log_step: 5
>>> embed_dim: 100
>>> hidden_dim: 300
>>> bert_dim: 768
>>> pretrained_bert_name: bert-base-uncased
>>> embeddings: d
>>> max_seq_len: 80
>>> polarities_dim: 3
>>> hops: 3
>>> device: cuda
>>> seed: 0
>>> valset_ratio: 0
>>> num_layers: 1
>>> in_channels: 50
>>> out_channels: 1
>>> downbot: 20
>>> kernel_size: 3
>>> glove_path: ./embeddings/glove.840B.300d.txt
>>> embedding_matrix_path: gen_data/embeddings/100_restaurant_domain_embedding_matrix.dat
>>> model_class: <class 'models.gc_ian.GC_IAN3'>
>>> dataset_file: {'train': './datasets/semeval14/Restaurants_Train.xml.seg', 'test': './datasets/semeval14/Restaurants_Test_Gold.xml.seg'}
>>> inputs_cols: ['text_raw_indices', 'aspect_indices']
>>>>>>>>>>>>>>>>>>>>>>>>>>>>>>>>>>>>>>>>>>>>>>>>>>>>>>>>>>>>>>>>>>>>>>>>>>>>>>>>>>>>>>>>>>>>>>>>>>>>
epoch: 0
loss: 1.1340, acc: 0.4750
loss: 1.0329, acc: 0.5344
loss: 0.9998, acc: 0.5417
loss: 0.9734, acc: 0.5578
loss: 0.9450, acc: 0.5750
loss: 0.9212, acc: 0.5875
loss: 0.9082, acc: 0.5946
loss: 0.8986, acc: 0.6000
loss: 0.8866, acc: 0.6083
loss: 0.8737, acc: 0.6175
loss: 0.8672, acc: 0.6182
loss: 0.8643, acc: 0.6156
loss: 0.8508, acc: 0.6216
loss: 0.8460, acc: 0.6219
loss: 0.8362, acc: 0.6283
loss: 0.8233, acc: 0.6352
loss: 0.8140, acc: 0.6415
loss: 0.8070, acc: 0.6451
loss: 0.8071, acc: 0.6428
loss: 0.8019, acc: 0.6444
loss: 0.7983, acc: 0.6473
loss: 0.7950, acc: 0.6486
> val_acc: 0.7580, val_f1: 0.5734
>> saved: state_dict/gc_ian_restaurant_val_acc0.758
>>>>>>>>>>>>>>>>>>>>>>>>>>>>>>>>>>>>>>>>>>>>>>>>>>>>>>>>>>>>>>>>>>>>>>>>>>>>>>>>>>>>>>>>>>>>>>>>>>>>
epoch: 1
loss: 0.6074, acc: 0.7969
loss: 0.6127, acc: 0.7634
loss: 0.6427, acc: 0.7318
loss: 0.6206, acc: 0.7482
loss: 0.6157, acc: 0.7528
loss: 0.6163, acc: 0.7546
loss: 0.6141, acc: 0.7568
loss: 0.6185, acc: 0.7483
loss: 0.6207, acc: 0.7493
loss: 0.6162, acc: 0.7467
loss: 0.6172, acc: 0.7464
loss: 0.6233, acc: 0.7423
loss: 0.6257, acc: 0.7429
loss: 0.6264, acc: 0.7421
loss: 0.6214, acc: 0.7452
loss: 0.6188, acc: 0.7472
loss: 0.6200, acc: 0.7477
loss: 0.6199, acc: 0.7464
loss: 0.6197, acc: 0.7483
loss: 0.6124, acc: 0.7523
loss: 0.6094, acc: 0.7546
loss: 0.6098, acc: 0.7541
loss: 0.6099, acc: 0.7553
> val_acc: 0.7812, val_f1: 0.6333
>> saved: state_dict/gc_ian_restaurant_val_acc0.7812
>>>>>>>>>>>>>>>>>>>>>>>>>>>>>>>>>>>>>>>>>>>>>>>>>>>>>>>>>>>>>>>>>>>>>>>>>>>>>>>>>>>>>>>>>>>>>>>>>>>>
epoch: 2
loss: 0.5529, acc: 0.8047
loss: 0.5332, acc: 0.7917
loss: 0.5371, acc: 0.7835
loss: 0.5482, acc: 0.7845
loss: 0.5295, acc: 0.7982
loss: 0.5263, acc: 0.7985
loss: 0.5250, acc: 0.7987
loss: 0.5223, acc: 0.7973
loss: 0.5339, acc: 0.7919
loss: 0.5348, acc: 0.7876
loss: 0.5392, acc: 0.7870
loss: 0.5351, acc: 0.7865
loss: 0.5326, acc: 0.7896
loss: 0.5375, acc: 0.7853
loss: 0.5431, acc: 0.7817
loss: 0.5413, acc: 0.7824
loss: 0.5417, acc: 0.7812
loss: 0.5416, acc: 0.7809
loss: 0.5424, acc: 0.7822
loss: 0.5404, acc: 0.7841
loss: 0.5394, acc: 0.7831
loss: 0.5416, acc: 0.7812
> val_acc: 0.7821, val_f1: 0.6127
>> saved: state_dict/gc_ian_restaurant_val_acc0.7821
>>>>>>>>>>>>>>>>>>>>>>>>>>>>>>>>>>>>>>>>>>>>>>>>>>>>>>>>>>>>>>>>>>>>>>>>>>>>>>>>>>>>>>>>>>>>>>>>>>>>
epoch: 3
loss: 0.3032, acc: 0.9062
loss: 0.3849, acc: 0.8542
loss: 0.4210, acc: 0.8494
loss: 0.4401, acc: 0.8320
loss: 0.4512, acc: 0.8318
loss: 0.4663, acc: 0.8221
loss: 0.4696, acc: 0.8196
loss: 0.4853, acc: 0.8134
loss: 0.4809, acc: 0.8194
loss: 0.4794, acc: 0.8220
loss: 0.4812, acc: 0.8180
loss: 0.4836, acc: 0.8170
loss: 0.4882, acc: 0.8145
loss: 0.4885, acc: 0.8134
loss: 0.4847, acc: 0.8151
loss: 0.4879, acc: 0.8146
loss: 0.4908, acc: 0.8125
loss: 0.4916, acc: 0.8107
loss: 0.4925, acc: 0.8115
loss: 0.4907, acc: 0.8112
loss: 0.4949, acc: 0.8110
loss: 0.4935, acc: 0.8116
loss: 0.4917, acc: 0.8122
> val_acc: 0.7955, val_f1: 0.6609
>> saved: state_dict/gc_ian_restaurant_val_acc0.7955
>>>>>>>>>>>>>>>>>>>>>>>>>>>>>>>>>>>>>>>>>>>>>>>>>>>>>>>>>>>>>>>>>>>>>>>>>>>>>>>>>>>>>>>>>>>>>>>>>>>>
epoch: 4
loss: 0.4072, acc: 0.8646
loss: 0.3776, acc: 0.8828
loss: 0.4209, acc: 0.8510
loss: 0.4257, acc: 0.8472
loss: 0.4345, acc: 0.8478
loss: 0.4528, acc: 0.8359
loss: 0.4608, acc: 0.8267
loss: 0.4613, acc: 0.8298
loss: 0.4582, acc: 0.8321
loss: 0.4561, acc: 0.8314
loss: 0.4558, acc: 0.8290
loss: 0.4604, acc: 0.8260
loss: 0.4597, acc: 0.8269
loss: 0.4600, acc: 0.8281
loss: 0.4560, acc: 0.8301
loss: 0.4624, acc: 0.8253
loss: 0.4664, acc: 0.8227
loss: 0.4649, acc: 0.8239
loss: 0.4656, acc: 0.8233
loss: 0.4660, acc: 0.8237
loss: 0.4642, acc: 0.8252
loss: 0.4660, acc: 0.8247
loss: 0.4671, acc: 0.8232
> val_acc: 0.7973, val_f1: 0.6676
>> saved: state_dict/gc_ian_restaurant_val_acc0.7973
>>>>>>>>>>>>>>>>>>>>>>>>>>>>>>>>>>>>>>>>>>>>>>>>>>>>>>>>>>>>>>>>>>>>>>>>>>>>>>>>>>>>>>>>>>>>>>>>>>>>
epoch: 5
loss: 0.4031, acc: 0.8625
loss: 0.4282, acc: 0.8562
loss: 0.4119, acc: 0.8625
loss: 0.4156, acc: 0.8562
loss: 0.4252, acc: 0.8475
loss: 0.4242, acc: 0.8500
loss: 0.4298, acc: 0.8446
loss: 0.4389, acc: 0.8359
loss: 0.4520, acc: 0.8285
loss: 0.4482, acc: 0.8306
loss: 0.4483, acc: 0.8313
loss: 0.4479, acc: 0.8328
loss: 0.4444, acc: 0.8370
loss: 0.4419, acc: 0.8379
loss: 0.4435, acc: 0.8383
loss: 0.4411, acc: 0.8391
loss: 0.4434, acc: 0.8382
loss: 0.4424, acc: 0.8365
loss: 0.4448, acc: 0.8352
loss: 0.4435, acc: 0.8356
loss: 0.4425, acc: 0.8357
loss: 0.4427, acc: 0.8364
> val_acc: 0.8018, val_f1: 0.6821
>> saved: state_dict/gc_ian_restaurant_val_acc0.8018
>>>>>>>>>>>>>>>>>>>>>>>>>>>>>>>>>>>>>>>>>>>>>>>>>>>>>>>>>>>>>>>>>>>>>>>>>>>>>>>>>>>>>>>>>>>>>>>>>>>>
epoch: 6
loss: 0.3308, acc: 0.9219
loss: 0.3930, acc: 0.8571
loss: 0.4037, acc: 0.8568
loss: 0.3914, acc: 0.8585
loss: 0.4105, acc: 0.8466
loss: 0.4206, acc: 0.8414
loss: 0.4289, acc: 0.8389
loss: 0.4376, acc: 0.8345
loss: 0.4296, acc: 0.8400
loss: 0.4348, acc: 0.8384
loss: 0.4323, acc: 0.8419
loss: 0.4373, acc: 0.8399
loss: 0.4358, acc: 0.8422
loss: 0.4373, acc: 0.8405
loss: 0.4333, acc: 0.8429
loss: 0.4283, acc: 0.8442
loss: 0.4326, acc: 0.8415
loss: 0.4271, acc: 0.8434
loss: 0.4245, acc: 0.8431
loss: 0.4243, acc: 0.8438
loss: 0.4258, acc: 0.8422
loss: 0.4245, acc: 0.8426
loss: 0.4233, acc: 0.8443
> val_acc: 0.8036, val_f1: 0.6813
>> saved: state_dict/gc_ian_restaurant_val_acc0.8036
>>>>>>>>>>>>>>>>>>>>>>>>>>>>>>>>>>>>>>>>>>>>>>>>>>>>>>>>>>>>>>>>>>>>>>>>>>>>>>>>>>>>>>>>>>>>>>>>>>>>
epoch: 7
loss: 0.3222, acc: 0.9141
loss: 0.2984, acc: 0.9062
loss: 0.3554, acc: 0.8683
loss: 0.3527, acc: 0.8668
loss: 0.3812, acc: 0.8516
loss: 0.3894, acc: 0.8470
loss: 0.3824, acc: 0.8520
loss: 0.3933, acc: 0.8478
loss: 0.4023, acc: 0.8423
loss: 0.4029, acc: 0.8431
loss: 0.4056, acc: 0.8397
loss: 0.4032, acc: 0.8416
loss: 0.4065, acc: 0.8408
loss: 0.4127, acc: 0.8388
loss: 0.4154, acc: 0.8387
loss: 0.4137, acc: 0.8390
loss: 0.4121, acc: 0.8397
loss: 0.4127, acc: 0.8385
loss: 0.4119, acc: 0.8394
loss: 0.4078, acc: 0.8428
loss: 0.4068, acc: 0.8416
loss: 0.4040, acc: 0.8429
> val_acc: 0.8054, val_f1: 0.6860
>> saved: state_dict/gc_ian_restaurant_val_acc0.8054
>>>>>>>>>>>>>>>>>>>>>>>>>>>>>>>>>>>>>>>>>>>>>>>>>>>>>>>>>>>>>>>>>>>>>>>>>>>>>>>>>>>>>>>>>>>>>>>>>>>>
epoch: 8
loss: 0.4446, acc: 0.8125
loss: 0.3624, acc: 0.8802
loss: 0.3975, acc: 0.8580
loss: 0.3765, acc: 0.8613
loss: 0.3635, acc: 0.8705
loss: 0.3705, acc: 0.8618
loss: 0.3711, acc: 0.8639
loss: 0.3612, acc: 0.8707
loss: 0.3523, acc: 0.8773
loss: 0.3564, acc: 0.8784
loss: 0.3645, acc: 0.8750
loss: 0.3695, acc: 0.8705
loss: 0.3781, acc: 0.8653
loss: 0.3785, acc: 0.8646
loss: 0.3762, acc: 0.8666
loss: 0.3780, acc: 0.8655
loss: 0.3753, acc: 0.8681
loss: 0.3772, acc: 0.8674
loss: 0.3813, acc: 0.8633
loss: 0.3845, acc: 0.8617
loss: 0.3856, acc: 0.8605
loss: 0.3834, acc: 0.8600
loss: 0.3829, acc: 0.8606
> val_acc: 0.8009, val_f1: 0.6748
>>>>>>>>>>>>>>>>>>>>>>>>>>>>>>>>>>>>>>>>>>>>>>>>>>>>>>>>>>>>>>>>>>>>>>>>>>>>>>>>>>>>>>>>>>>>>>>>>>>>
epoch: 9
loss: 0.3958, acc: 0.8125
loss: 0.3364, acc: 0.8672
loss: 0.3587, acc: 0.8630
loss: 0.3500, acc: 0.8681
loss: 0.3502, acc: 0.8723
loss: 0.3486, acc: 0.8739
loss: 0.3494, acc: 0.8741
loss: 0.3617, acc: 0.8635
loss: 0.3592, acc: 0.8656
loss: 0.3615, acc: 0.8652
loss: 0.3638, acc: 0.8656
loss: 0.3723, acc: 0.8610
loss: 0.3718, acc: 0.8631
loss: 0.3687, acc: 0.8649
loss: 0.3701, acc: 0.8626
loss: 0.3723, acc: 0.8630
loss: 0.3676, acc: 0.8663
loss: 0.3646, acc: 0.8672
loss: 0.3653, acc: 0.8663
loss: 0.3682, acc: 0.8642
loss: 0.3657, acc: 0.8659
loss: 0.3662, acc: 0.8666
loss: 0.3668, acc: 0.8664
> val_acc: 0.7902, val_f1: 0.6575
>>>>>>>>>>>>>>>>>>>>>>>>>>>>>>>>>>>>>>>>>>>>>>>>>>>>>>>>>>>>>>>>>>>>>>>>>>>>>>>>>>>>>>>>>>>>>>>>>>>>
epoch: 10
loss: 0.3557, acc: 0.8438
loss: 0.3560, acc: 0.8625
loss: 0.3421, acc: 0.8750
loss: 0.3495, acc: 0.8688
loss: 0.3571, acc: 0.8638
loss: 0.3556, acc: 0.8667
loss: 0.3537, acc: 0.8679
loss: 0.3426, acc: 0.8758
loss: 0.3388, acc: 0.8785
loss: 0.3449, acc: 0.8756
loss: 0.3415, acc: 0.8761
loss: 0.3415, acc: 0.8771
loss: 0.3431, acc: 0.8760
loss: 0.3473, acc: 0.8741
loss: 0.3484, acc: 0.8758
loss: 0.3520, acc: 0.8746
loss: 0.3489, acc: 0.8754
loss: 0.3494, acc: 0.8771
loss: 0.3499, acc: 0.8757
loss: 0.3490, acc: 0.8756
loss: 0.3521, acc: 0.8750
loss: 0.3517, acc: 0.8750
> val_acc: 0.7929, val_f1: 0.6685
>>>>>>>>>>>>>>>>>>>>>>>>>>>>>>>>>>>>>>>>>>>>>>>>>>>>>>>>>>>>>>>>>>>>>>>>>>>>>>>>>>>>>>>>>>>>>>>>>>>>
epoch: 11
loss: 0.3184, acc: 0.8906
loss: 0.3352, acc: 0.8839
loss: 0.3284, acc: 0.9010
loss: 0.3367, acc: 0.8897
loss: 0.3286, acc: 0.8864
loss: 0.3179, acc: 0.8935
loss: 0.3349, acc: 0.8857
loss: 0.3376, acc: 0.8818
loss: 0.3342, acc: 0.8824
loss: 0.3380, acc: 0.8790
loss: 0.3418, acc: 0.8762
loss: 0.3440, acc: 0.8734
loss: 0.3526, acc: 0.8700
loss: 0.3540, acc: 0.8689
loss: 0.3544, acc: 0.8681
loss: 0.3517, acc: 0.8701
loss: 0.3548, acc: 0.8697
loss: 0.3524, acc: 0.8718
loss: 0.3483, acc: 0.8747
loss: 0.3477, acc: 0.8747
loss: 0.3475, acc: 0.8738
loss: 0.3466, acc: 0.8744
loss: 0.3476, acc: 0.8739
> val_acc: 0.8045, val_f1: 0.6911
>>>>>>>>>>>>>>>>>>>>>>>>>>>>>>>>>>>>>>>>>>>>>>>>>>>>>>>>>>>>>>>>>>>>>>>>>>>>>>>>>>>>>>>>>>>>>>>>>>>>
epoch: 12
loss: 0.3214, acc: 0.8984
loss: 0.3557, acc: 0.8715
loss: 0.3459, acc: 0.8750
loss: 0.3323, acc: 0.8832
loss: 0.3427, acc: 0.8828
loss: 0.3352, acc: 0.8869
loss: 0.3366, acc: 0.8869
loss: 0.3339, acc: 0.8878
loss: 0.3374, acc: 0.8878
loss: 0.3387, acc: 0.8871
loss: 0.3397, acc: 0.8860
loss: 0.3372, acc: 0.8882
loss: 0.3404, acc: 0.8853
loss: 0.3346, acc: 0.8881
loss: 0.3317, acc: 0.8889
loss: 0.3333, acc: 0.8861
loss: 0.3369, acc: 0.8839
loss: 0.3349, acc: 0.8845
loss: 0.3338, acc: 0.8846
loss: 0.3327, acc: 0.8842
loss: 0.3347, acc: 0.8840
loss: 0.3316, acc: 0.8853
> val_acc: 0.8045, val_f1: 0.6907
>>>>>>>>>>>>>>>>>>>>>>>>>>>>>>>>>>>>>>>>>>>>>>>>>>>>>>>>>>>>>>>>>>>>>>>>>>>>>>>>>>>>>>>>>>>>>>>>>>>>
epoch: 13
loss: 0.2161, acc: 0.9062
loss: 0.3446, acc: 0.8594
loss: 0.2980, acc: 0.8892
loss: 0.3012, acc: 0.8848
loss: 0.3068, acc: 0.8824
loss: 0.3048, acc: 0.8858
loss: 0.3184, acc: 0.8841
loss: 0.3123, acc: 0.8880
loss: 0.3093, acc: 0.8895
loss: 0.3086, acc: 0.8920
loss: 0.3152, acc: 0.8891
loss: 0.3095, acc: 0.8917
loss: 0.3141, acc: 0.8904
loss: 0.3180, acc: 0.8883
loss: 0.3154, acc: 0.8882
loss: 0.3202, acc: 0.8865
loss: 0.3171, acc: 0.8889
loss: 0.3184, acc: 0.8884
loss: 0.3206, acc: 0.8874
loss: 0.3170, acc: 0.8880
loss: 0.3134, acc: 0.8895
loss: 0.3127, acc: 0.8903
loss: 0.3129, acc: 0.8902
> val_acc: 0.8018, val_f1: 0.6820
>>>>>>>>>>>>>>>>>>>>>>>>>>>>>>>>>>>>>>>>>>>>>>>>>>>>>>>>>>>>>>>>>>>>>>>>>>>>>>>>>>>>>>>>>>>>>>>>>>>>
epoch: 14
loss: 0.2260, acc: 0.9375
loss: 0.2952, acc: 0.8984
loss: 0.2891, acc: 0.9062
loss: 0.2907, acc: 0.9045
loss: 0.2910, acc: 0.9022
loss: 0.2916, acc: 0.8996
loss: 0.2948, acc: 0.8958
loss: 0.3003, acc: 0.8931
loss: 0.2944, acc: 0.8953
loss: 0.2966, acc: 0.8939
loss: 0.3014, acc: 0.8892
loss: 0.3027, acc: 0.8879
loss: 0.3056, acc: 0.8869
loss: 0.3108, acc: 0.8842
loss: 0.3094, acc: 0.8844
loss: 0.3087, acc: 0.8850
loss: 0.3063, acc: 0.8867
loss: 0.3071, acc: 0.8867
loss: 0.3038, acc: 0.8888
loss: 0.3081, acc: 0.8865
loss: 0.3076, acc: 0.8874
loss: 0.3071, acc: 0.8877
loss: 0.3087, acc: 0.8850
> val_acc: 0.7937, val_f1: 0.6642
>>>>>>>>>>>>>>>>>>>>>>>>>>>>>>>>>>>>>>>>>>>>>>>>>>>>>>>>>>>>>>>>>>>>>>>>>>>>>>>>>>>>>>>>>>>>>>>>>>>>
epoch: 15
loss: 0.2762, acc: 0.9062
loss: 0.2590, acc: 0.9219
loss: 0.2830, acc: 0.9125
loss: 0.3001, acc: 0.9062
loss: 0.2984, acc: 0.9062
loss: 0.2893, acc: 0.9083
loss: 0.2951, acc: 0.9045
loss: 0.2971, acc: 0.9039
loss: 0.2967, acc: 0.9035
loss: 0.3007, acc: 0.9000
loss: 0.2986, acc: 0.9000
loss: 0.3045, acc: 0.8969
loss: 0.3021, acc: 0.8986
loss: 0.3006, acc: 0.8991
loss: 0.3043, acc: 0.8971
loss: 0.3045, acc: 0.8973
loss: 0.3010, acc: 0.8982
loss: 0.3032, acc: 0.8969
loss: 0.3032, acc: 0.8967
loss: 0.3036, acc: 0.8962
loss: 0.3033, acc: 0.8958
loss: 0.3031, acc: 0.8946
> val_acc: 0.7946, val_f1: 0.6674
>>>>>>>>>>>>>>>>>>>>>>>>>>>>>>>>>>>>>>>>>>>>>>>>>>>>>>>>>>>>>>>>>>>>>>>>>>>>>>>>>>>>>>>>>>>>>>>>>>>>
epoch: 16
loss: 0.3036, acc: 0.8594
loss: 0.2622, acc: 0.9018
loss: 0.2789, acc: 0.8880
loss: 0.2692, acc: 0.9007
loss: 0.2772, acc: 0.8949
loss: 0.2760, acc: 0.8958
loss: 0.2700, acc: 0.9023
loss: 0.2747, acc: 0.9012
loss: 0.2760, acc: 0.8988
loss: 0.2766, acc: 0.8969
loss: 0.2805, acc: 0.8972
loss: 0.2854, acc: 0.8964
loss: 0.2810, acc: 0.8982
loss: 0.2834, acc: 0.9002
loss: 0.2863, acc: 0.8971
loss: 0.2932, acc: 0.8941
loss: 0.2930, acc: 0.8944
loss: 0.2915, acc: 0.8951
loss: 0.2910, acc: 0.8950
loss: 0.2894, acc: 0.8956
loss: 0.2928, acc: 0.8940
loss: 0.2905, acc: 0.8952
loss: 0.2905, acc: 0.8951
> val_acc: 0.7973, val_f1: 0.6692
>>>>>>>>>>>>>>>>>>>>>>>>>>>>>>>>>>>>>>>>>>>>>>>>>>>>>>>>>>>>>>>>>>>>>>>>>>>>>>>>>>>>>>>>>>>>>>>>>>>>
epoch: 17
loss: 0.3102, acc: 0.8828
loss: 0.2861, acc: 0.8993
loss: 0.2733, acc: 0.9040
loss: 0.2624, acc: 0.9128
loss: 0.2621, acc: 0.9102
loss: 0.2741, acc: 0.9030
loss: 0.2842, acc: 0.8980
loss: 0.2862, acc: 0.8966
loss: 0.2884, acc: 0.8970
loss: 0.2899, acc: 0.8967
loss: 0.2888, acc: 0.8970
loss: 0.2883, acc: 0.8967
loss: 0.2891, acc: 0.8970
loss: 0.2857, acc: 0.8990
loss: 0.2840, acc: 0.9016
loss: 0.2830, acc: 0.9019
loss: 0.2820, acc: 0.9033
loss: 0.2854, acc: 0.9003
loss: 0.2875, acc: 0.8983
loss: 0.2878, acc: 0.8990
loss: 0.2880, acc: 0.8996
loss: 0.2871, acc: 0.9002
> val_acc: 0.8009, val_f1: 0.6822
>>>>>>>>>>>>>>>>>>>>>>>>>>>>>>>>>>>>>>>>>>>>>>>>>>>>>>>>>>>>>>>>>>>>>>>>>>>>>>>>>>>>>>>>>>>>>>>>>>>>
epoch: 18
loss: 0.2813, acc: 0.8750
loss: 0.2431, acc: 0.9219
loss: 0.2690, acc: 0.8977
loss: 0.2880, acc: 0.8848
loss: 0.2830, acc: 0.8839
loss: 0.2747, acc: 0.8894
loss: 0.2722, acc: 0.8942
loss: 0.2646, acc: 0.8984
loss: 0.2711, acc: 0.8956
loss: 0.2771, acc: 0.8954
loss: 0.2689, acc: 0.9001
loss: 0.2650, acc: 0.9018
loss: 0.2695, acc: 0.8981
loss: 0.2725, acc: 0.8996
loss: 0.2721, acc: 0.9010
loss: 0.2727, acc: 0.9009
loss: 0.2739, acc: 0.9008
loss: 0.2757, acc: 0.9004
loss: 0.2745, acc: 0.9018
loss: 0.2789, acc: 0.8994
loss: 0.2767, acc: 0.9016
loss: 0.2789, acc: 0.9004
loss: 0.2798, acc: 0.9003
> val_acc: 0.7929, val_f1: 0.6562
>>>>>>>>>>>>>>>>>>>>>>>>>>>>>>>>>>>>>>>>>>>>>>>>>>>>>>>>>>>>>>>>>>>>>>>>>>>>>>>>>>>>>>>>>>>>>>>>>>>>
epoch: 19
loss: 0.2427, acc: 0.9375
loss: 0.2446, acc: 0.9102
loss: 0.2495, acc: 0.9038
loss: 0.2323, acc: 0.9167
loss: 0.2397, acc: 0.9185
loss: 0.2575, acc: 0.9107
loss: 0.2651, acc: 0.9053
loss: 0.2608, acc: 0.9104
loss: 0.2676, acc: 0.9077
loss: 0.2677, acc: 0.9076
loss: 0.2691, acc: 0.9080
loss: 0.2695, acc: 0.9089
loss: 0.2724, acc: 0.9072
loss: 0.2762, acc: 0.9058
loss: 0.2774, acc: 0.9067
loss: 0.2757, acc: 0.9087
loss: 0.2800, acc: 0.9078
loss: 0.2780, acc: 0.9070
loss: 0.2798, acc: 0.9066
loss: 0.2787, acc: 0.9072
loss: 0.2764, acc: 0.9090
loss: 0.2763, acc: 0.9086
loss: 0.2792, acc: 0.9074
> val_acc: 0.7937, val_f1: 0.6647
>>>>>>>>>>>>>>>>>>>>>>>>>>>>>>>>>>>>>>>>>>>>>>>>>>>>>>>>>>>>>>>>>>>>>>>>>>>>>>>>>>>>>>>>>>>>>>>>>>>>
epoch: 20
loss: 0.2654, acc: 0.9125
loss: 0.2386, acc: 0.9313
loss: 0.2637, acc: 0.9125
loss: 0.2701, acc: 0.9094
loss: 0.2714, acc: 0.9050
loss: 0.2779, acc: 0.9042
loss: 0.2669, acc: 0.9080
loss: 0.2623, acc: 0.9094
loss: 0.2647, acc: 0.9090
loss: 0.2683, acc: 0.9062
loss: 0.2646, acc: 0.9091
loss: 0.2687, acc: 0.9057
loss: 0.2717, acc: 0.9048
loss: 0.2712, acc: 0.9058
loss: 0.2689, acc: 0.9087
loss: 0.2715, acc: 0.9062
loss: 0.2681, acc: 0.9081
loss: 0.2655, acc: 0.9104
loss: 0.2638, acc: 0.9112
loss: 0.2623, acc: 0.9119
loss: 0.2661, acc: 0.9107
loss: 0.2646, acc: 0.9114
> val_acc: 0.7973, val_f1: 0.6783
>>>>>>>>>>>>>>>>>>>>>>>>>>>>>>>>>>>>>>>>>>>>>>>>>>>>>>>>>>>>>>>>>>>>>>>>>>>>>>>>>>>>>>>>>>>>>>>>>>>>
epoch: 21
loss: 0.1579, acc: 0.9844
loss: 0.2506, acc: 0.9286
loss: 0.2387, acc: 0.9323
loss: 0.2587, acc: 0.9173
loss: 0.2709, acc: 0.9077
loss: 0.2610, acc: 0.9132
loss: 0.2697, acc: 0.9082
loss: 0.2714, acc: 0.9054
loss: 0.2672, acc: 0.9070
loss: 0.2643, acc: 0.9109
loss: 0.2604, acc: 0.9111
loss: 0.2644, acc: 0.9090
loss: 0.2619, acc: 0.9123
loss: 0.2611, acc: 0.9128
loss: 0.2611, acc: 0.9128
loss: 0.2617, acc: 0.9123
loss: 0.2623, acc: 0.9120
loss: 0.2624, acc: 0.9120
loss: 0.2616, acc: 0.9130
loss: 0.2609, acc: 0.9137
loss: 0.2600, acc: 0.9130
loss: 0.2615, acc: 0.9115
loss: 0.2608, acc: 0.9124
> val_acc: 0.8009, val_f1: 0.6841
>>>>>>>>>>>>>>>>>>>>>>>>>>>>>>>>>>>>>>>>>>>>>>>>>>>>>>>>>>>>>>>>>>>>>>>>>>>>>>>>>>>>>>>>>>>>>>>>>>>>
epoch: 22
loss: 0.1861, acc: 0.9453
loss: 0.2562, acc: 0.9028
loss: 0.2496, acc: 0.9018
loss: 0.2488, acc: 0.9013
loss: 0.2477, acc: 0.9076
loss: 0.2574, acc: 0.9009
loss: 0.2539, acc: 0.9053
loss: 0.2492, acc: 0.9087
loss: 0.2458, acc: 0.9126
loss: 0.2523, acc: 0.9088
loss: 0.2512, acc: 0.9086
loss: 0.2550, acc: 0.9057
loss: 0.2544, acc: 0.9092
loss: 0.2573, acc: 0.9081
loss: 0.2564, acc: 0.9092
loss: 0.2567, acc: 0.9078
loss: 0.2557, acc: 0.9092
loss: 0.2569, acc: 0.9087
loss: 0.2605, acc: 0.9079
loss: 0.2610, acc: 0.9066
loss: 0.2597, acc: 0.9059
loss: 0.2586, acc: 0.9060
> val_acc: 0.8009, val_f1: 0.6860
>>>>>>>>>>>>>>>>>>>>>>>>>>>>>>>>>>>>>>>>>>>>>>>>>>>>>>>>>>>>>>>>>>>>>>>>>>>>>>>>>>>>>>>>>>>>>>>>>>>>
epoch: 23
loss: 0.2483, acc: 0.9062
loss: 0.2594, acc: 0.9062
loss: 0.2285, acc: 0.9205
loss: 0.2327, acc: 0.9199
loss: 0.2338, acc: 0.9226
loss: 0.2321, acc: 0.9267
loss: 0.2343, acc: 0.9254
loss: 0.2323, acc: 0.9271
loss: 0.2313, acc: 0.9238
loss: 0.2337, acc: 0.9232
loss: 0.2394, acc: 0.9197
loss: 0.2398, acc: 0.9224
loss: 0.2407, acc: 0.9211
loss: 0.2423, acc: 0.9209
loss: 0.2444, acc: 0.9186
loss: 0.2444, acc: 0.9186
loss: 0.2443, acc: 0.9186
loss: 0.2425, acc: 0.9201
loss: 0.2471, acc: 0.9176
loss: 0.2461, acc: 0.9176
loss: 0.2482, acc: 0.9171
loss: 0.2490, acc: 0.9154
loss: 0.2511, acc: 0.9150
> val_acc: 0.7946, val_f1: 0.6802
>>>>>>>>>>>>>>>>>>>>>>>>>>>>>>>>>>>>>>>>>>>>>>>>>>>>>>>>>>>>>>>>>>>>>>>>>>>>>>>>>>>>>>>>>>>>>>>>>>>>
epoch: 24
loss: 0.2449, acc: 0.9271
loss: 0.2206, acc: 0.9258
loss: 0.2428, acc: 0.9183
loss: 0.2392, acc: 0.9167
loss: 0.2340, acc: 0.9239
loss: 0.2395, acc: 0.9196
loss: 0.2369, acc: 0.9223
loss: 0.2365, acc: 0.9260
loss: 0.2389, acc: 0.9230
loss: 0.2378, acc: 0.9238
loss: 0.2382, acc: 0.9228
loss: 0.2360, acc: 0.9240
loss: 0.2387, acc: 0.9226
loss: 0.2397, acc: 0.9242
loss: 0.2401, acc: 0.9242
loss: 0.2406, acc: 0.9227
loss: 0.2417, acc: 0.9224
loss: 0.2445, acc: 0.9219
loss: 0.2467, acc: 0.9214
loss: 0.2468, acc: 0.9200
loss: 0.2450, acc: 0.9199
loss: 0.2464, acc: 0.9190
loss: 0.2500, acc: 0.9177
> val_acc: 0.7929, val_f1: 0.6718
>>>>>>>>>>>>>>>>>>>>>>>>>>>>>>>>>>>>>>>>>>>>>>>>>>>>>>>>>>>>>>>>>>>>>>>>>>>>>>>>>>>>>>>>>>>>>>>>>>>>
epoch: 25
loss: 0.2099, acc: 0.9500
loss: 0.2403, acc: 0.9187
loss: 0.2495, acc: 0.9104
loss: 0.2498, acc: 0.9109
loss: 0.2407, acc: 0.9187
loss: 0.2336, acc: 0.9208
loss: 0.2402, acc: 0.9170
loss: 0.2353, acc: 0.9180
loss: 0.2368, acc: 0.9187
loss: 0.2380, acc: 0.9213
loss: 0.2353, acc: 0.9250
loss: 0.2322, acc: 0.9266
loss: 0.2324, acc: 0.9260
loss: 0.2311, acc: 0.9259
loss: 0.2311, acc: 0.9267
loss: 0.2312, acc: 0.9262
loss: 0.2350, acc: 0.9235
loss: 0.2330, acc: 0.9243
loss: 0.2347, acc: 0.9240
loss: 0.2345, acc: 0.9237
loss: 0.2360, acc: 0.9223
loss: 0.2385, acc: 0.9210
> val_acc: 0.7982, val_f1: 0.6713
>>>>>>>>>>>>>>>>>>>>>>>>>>>>>>>>>>>>>>>>>>>>>>>>>>>>>>>>>>>>>>>>>>>>>>>>>>>>>>>>>>>>>>>>>>>>>>>>>>>>
epoch: 26
loss: 0.2879, acc: 0.8750
loss: 0.2726, acc: 0.9018
loss: 0.2424, acc: 0.9115
loss: 0.2230, acc: 0.9154
loss: 0.2323, acc: 0.9119
loss: 0.2357, acc: 0.9155
loss: 0.2296, acc: 0.9180
loss: 0.2428, acc: 0.9130
loss: 0.2358, acc: 0.9189
loss: 0.2371, acc: 0.9182
loss: 0.2404, acc: 0.9183
loss: 0.2420, acc: 0.9150
loss: 0.2428, acc: 0.9143
loss: 0.2454, acc: 0.9137
loss: 0.2445, acc: 0.9132
loss: 0.2487, acc: 0.9107
loss: 0.2453, acc: 0.9123
loss: 0.2473, acc: 0.9127
loss: 0.2449, acc: 0.9137
loss: 0.2453, acc: 0.9133
loss: 0.2450, acc: 0.9139
loss: 0.2435, acc: 0.9141
loss: 0.2441, acc: 0.9141
> val_acc: 0.7929, val_f1: 0.6694
>>>>>>>>>>>>>>>>>>>>>>>>>>>>>>>>>>>>>>>>>>>>>>>>>>>>>>>>>>>>>>>>>>>>>>>>>>>>>>>>>>>>>>>>>>>>>>>>>>>>
epoch: 27
loss: 0.2403, acc: 0.8906
loss: 0.2240, acc: 0.9097
loss: 0.2325, acc: 0.9129
loss: 0.2435, acc: 0.9062
loss: 0.2684, acc: 0.8997
loss: 0.2631, acc: 0.9019
loss: 0.2584, acc: 0.9062
loss: 0.2599, acc: 0.9087
loss: 0.2578, acc: 0.9105
loss: 0.2502, acc: 0.9126
loss: 0.2509, acc: 0.9120
loss: 0.2504, acc: 0.9126
loss: 0.2524, acc: 0.9121
loss: 0.2483, acc: 0.9144
loss: 0.2460, acc: 0.9147
loss: 0.2474, acc: 0.9150
loss: 0.2470, acc: 0.9156
loss: 0.2430, acc: 0.9168
loss: 0.2420, acc: 0.9176
loss: 0.2387, acc: 0.9189
loss: 0.2378, acc: 0.9186
loss: 0.2369, acc: 0.9189
> val_acc: 0.7955, val_f1: 0.6772
>>>>>>>>>>>>>>>>>>>>>>>>>>>>>>>>>>>>>>>>>>>>>>>>>>>>>>>>>>>>>>>>>>>>>>>>>>>>>>>>>>>>>>>>>>>>>>>>>>>>
epoch: 28
loss: 0.1322, acc: 1.0000
loss: 0.2067, acc: 0.9323
loss: 0.2205, acc: 0.9290
loss: 0.2304, acc: 0.9258
loss: 0.2379, acc: 0.9286
loss: 0.2369, acc: 0.9267
loss: 0.2423, acc: 0.9214
loss: 0.2443, acc: 0.9201
loss: 0.2408, acc: 0.9200
loss: 0.2379, acc: 0.9205
loss: 0.2348, acc: 0.9210
loss: 0.2305, acc: 0.9224
loss: 0.2295, acc: 0.9237
loss: 0.2289, acc: 0.9238
loss: 0.2350, acc: 0.9199
loss: 0.2301, acc: 0.9243
loss: 0.2321, acc: 0.9244
loss: 0.2366, acc: 0.9230
loss: 0.2328, acc: 0.9245
loss: 0.2337, acc: 0.9248
loss: 0.2337, acc: 0.9248
loss: 0.2335, acc: 0.9251
loss: 0.2302, acc: 0.9271
> val_acc: 0.7973, val_f1: 0.6793
>>>>>>>>>>>>>>>>>>>>>>>>>>>>>>>>>>>>>>>>>>>>>>>>>>>>>>>>>>>>>>>>>>>>>>>>>>>>>>>>>>>>>>>>>>>>>>>>>>>>
epoch: 29
loss: 0.2057, acc: 0.9062
loss: 0.2397, acc: 0.9141
loss: 0.2464, acc: 0.9062
loss: 0.2341, acc: 0.9115
loss: 0.2241, acc: 0.9212
loss: 0.2239, acc: 0.9196
loss: 0.2220, acc: 0.9214
loss: 0.2200, acc: 0.9243
loss: 0.2212, acc: 0.9251
loss: 0.2246, acc: 0.9238
loss: 0.2249, acc: 0.9228
loss: 0.2316, acc: 0.9197
loss: 0.2311, acc: 0.9206
loss: 0.2279, acc: 0.9228
loss: 0.2273, acc: 0.9238
loss: 0.2249, acc: 0.9239
loss: 0.2243, acc: 0.9247
loss: 0.2249, acc: 0.9247
loss: 0.2301, acc: 0.9217
loss: 0.2294, acc: 0.9219
loss: 0.2331, acc: 0.9190
loss: 0.2321, acc: 0.9196
loss: 0.2326, acc: 0.9188
> val_acc: 0.7946, val_f1: 0.6745
>> test_acc: 0.8054, test_f1: 0.6860
