cuda memory allocated: 4353024
n_trainable_params: 643203, n_nontrainable_params: 441200
> training arguments:
>>> model_name: gc_ian
>>> model_ver: 3
>>> dataset: restaurant
>>> optimizer: <class 'torch.optim.adagrad.Adagrad'>
>>> initializer: <function xavier_uniform_ at 0x7fede1be0ae8>
>>> learning_rate: 0.01
>>> momentum: 0.95
>>> dropout: 0.5
>>> l2reg: 5e-05
>>> num_epoch: 100
>>> batch_size: 32
>>> log_step: 5
>>> embed_dim: 100
>>> hidden_dim: 300
>>> bert_dim: 768
>>> pretrained_bert_name: bert-base-uncased
>>> embeddings: d
>>> max_seq_len: 80
>>> polarities_dim: 3
>>> hops: 3
>>> device: cuda
>>> seed: 10
>>> valset_ratio: 0
>>> num_layers: 1
>>> in_channels: 50
>>> out_channels: 1
>>> downbot: 20
>>> kernel_size: 3
>>> glove_path: ./embeddings/glove.840B.300d.txt
>>> embedding_matrix_path: gen_data/embeddings/100_restaurant_domain_embedding_matrix.dat
>>> model_class: <class 'models.gc_ian.GC_IAN3'>
>>> dataset_file: {'train': './datasets/semeval14/Restaurants_Train.xml.seg', 'test': './datasets/semeval14/Restaurants_Test_Gold.xml.seg'}
>>> inputs_cols: ['text_raw_indices', 'aspect_indices']
>>>>>>>>>>>>>>>>>>>>>>>>>>>>>>>>>>>>>>>>>>>>>>>>>>>>>>>>>>>>>>>>>>>>>>>>>>>>>>>>>>>>>>>>>>>>>>>>>>>>
epoch: 0
loss: 1.1848, acc: 0.4875
loss: 1.1016, acc: 0.5156
loss: 1.0426, acc: 0.5437
loss: 1.0055, acc: 0.5625
loss: 0.9733, acc: 0.5750
loss: 0.9443, acc: 0.5823
loss: 0.9386, acc: 0.5848
loss: 0.9266, acc: 0.5938
loss: 0.9012, acc: 0.6090
loss: 0.8906, acc: 0.6112
loss: 0.8804, acc: 0.6159
loss: 0.8749, acc: 0.6188
loss: 0.8669, acc: 0.6240
loss: 0.8539, acc: 0.6326
loss: 0.8488, acc: 0.6333
loss: 0.8449, acc: 0.6359
loss: 0.8355, acc: 0.6412
loss: 0.8280, acc: 0.6441
loss: 0.8192, acc: 0.6507
loss: 0.8108, acc: 0.6550
loss: 0.8053, acc: 0.6557
loss: 0.8009, acc: 0.6577
> val_acc: 0.7214, val_f1: 0.4758
>> saved: state_dict/gc_ian_restaurant_val_acc0.7214
>>>>>>>>>>>>>>>>>>>>>>>>>>>>>>>>>>>>>>>>>>>>>>>>>>>>>>>>>>>>>>>>>>>>>>>>>>>>>>>>>>>>>>>>>>>>>>>>>>>>
epoch: 1
loss: 0.6411, acc: 0.7656
loss: 0.6506, acc: 0.7455
loss: 0.6464, acc: 0.7526
loss: 0.6495, acc: 0.7574
loss: 0.6504, acc: 0.7543
loss: 0.6404, acc: 0.7535
loss: 0.6379, acc: 0.7559
loss: 0.6306, acc: 0.7576
loss: 0.6272, acc: 0.7574
loss: 0.6270, acc: 0.7573
loss: 0.6224, acc: 0.7602
loss: 0.6224, acc: 0.7577
loss: 0.6215, acc: 0.7606
loss: 0.6197, acc: 0.7626
loss: 0.6191, acc: 0.7613
loss: 0.6178, acc: 0.7614
loss: 0.6169, acc: 0.7614
loss: 0.6142, acc: 0.7629
loss: 0.6152, acc: 0.7609
loss: 0.6150, acc: 0.7593
loss: 0.6188, acc: 0.7592
loss: 0.6143, acc: 0.7608
loss: 0.6096, acc: 0.7628
> val_acc: 0.7848, val_f1: 0.6329
>> saved: state_dict/gc_ian_restaurant_val_acc0.7848
>>>>>>>>>>>>>>>>>>>>>>>>>>>>>>>>>>>>>>>>>>>>>>>>>>>>>>>>>>>>>>>>>>>>>>>>>>>>>>>>>>>>>>>>>>>>>>>>>>>>
epoch: 2
loss: 0.4796, acc: 0.8281
loss: 0.5439, acc: 0.7951
loss: 0.5652, acc: 0.7991
loss: 0.5577, acc: 0.7961
loss: 0.5756, acc: 0.7878
loss: 0.5693, acc: 0.7791
loss: 0.5603, acc: 0.7849
loss: 0.5620, acc: 0.7821
loss: 0.5528, acc: 0.7876
loss: 0.5457, acc: 0.7895
loss: 0.5425, acc: 0.7922
loss: 0.5514, acc: 0.7881
loss: 0.5453, acc: 0.7915
loss: 0.5466, acc: 0.7908
loss: 0.5490, acc: 0.7910
loss: 0.5506, acc: 0.7903
loss: 0.5524, acc: 0.7906
loss: 0.5543, acc: 0.7879
loss: 0.5499, acc: 0.7899
loss: 0.5507, acc: 0.7885
loss: 0.5474, acc: 0.7891
loss: 0.5433, acc: 0.7916
> val_acc: 0.7750, val_f1: 0.6100
>>>>>>>>>>>>>>>>>>>>>>>>>>>>>>>>>>>>>>>>>>>>>>>>>>>>>>>>>>>>>>>>>>>>>>>>>>>>>>>>>>>>>>>>>>>>>>>>>>>>
epoch: 3
loss: 0.3396, acc: 0.8750
loss: 0.4674, acc: 0.8229
loss: 0.4840, acc: 0.8182
loss: 0.4746, acc: 0.8262
loss: 0.4785, acc: 0.8259
loss: 0.4915, acc: 0.8125
loss: 0.4951, acc: 0.8115
loss: 0.5017, acc: 0.8108
loss: 0.5107, acc: 0.8049
loss: 0.5139, acc: 0.8050
loss: 0.5089, acc: 0.8058
loss: 0.5089, acc: 0.8025
loss: 0.5098, acc: 0.8007
loss: 0.5046, acc: 0.8045
loss: 0.5050, acc: 0.8041
loss: 0.5017, acc: 0.8067
loss: 0.5000, acc: 0.8071
loss: 0.4994, acc: 0.8060
loss: 0.4958, acc: 0.8084
loss: 0.4910, acc: 0.8105
loss: 0.4893, acc: 0.8119
loss: 0.4918, acc: 0.8110
loss: 0.4917, acc: 0.8105
> val_acc: 0.7982, val_f1: 0.6678
>> saved: state_dict/gc_ian_restaurant_val_acc0.7982
>>>>>>>>>>>>>>>>>>>>>>>>>>>>>>>>>>>>>>>>>>>>>>>>>>>>>>>>>>>>>>>>>>>>>>>>>>>>>>>>>>>>>>>>>>>>>>>>>>>>
epoch: 4
loss: 0.4051, acc: 0.8333
loss: 0.4853, acc: 0.7930
loss: 0.4799, acc: 0.8053
loss: 0.4486, acc: 0.8229
loss: 0.4410, acc: 0.8261
loss: 0.4526, acc: 0.8292
loss: 0.4553, acc: 0.8248
loss: 0.4587, acc: 0.8248
loss: 0.4532, acc: 0.8278
loss: 0.4555, acc: 0.8275
loss: 0.4506, acc: 0.8325
loss: 0.4511, acc: 0.8351
loss: 0.4557, acc: 0.8318
loss: 0.4544, acc: 0.8327
loss: 0.4567, acc: 0.8326
loss: 0.4590, acc: 0.8309
loss: 0.4610, acc: 0.8298
loss: 0.4658, acc: 0.8246
loss: 0.4644, acc: 0.8236
loss: 0.4679, acc: 0.8217
loss: 0.4678, acc: 0.8204
loss: 0.4662, acc: 0.8215
loss: 0.4664, acc: 0.8204
> val_acc: 0.7982, val_f1: 0.6853
>>>>>>>>>>>>>>>>>>>>>>>>>>>>>>>>>>>>>>>>>>>>>>>>>>>>>>>>>>>>>>>>>>>>>>>>>>>>>>>>>>>>>>>>>>>>>>>>>>>>
epoch: 5
loss: 0.4837, acc: 0.8187
loss: 0.4498, acc: 0.8187
loss: 0.4237, acc: 0.8271
loss: 0.4408, acc: 0.8297
loss: 0.4468, acc: 0.8337
loss: 0.4345, acc: 0.8385
loss: 0.4229, acc: 0.8446
loss: 0.4212, acc: 0.8469
loss: 0.4319, acc: 0.8389
loss: 0.4327, acc: 0.8400
loss: 0.4345, acc: 0.8392
loss: 0.4291, acc: 0.8417
loss: 0.4278, acc: 0.8418
loss: 0.4365, acc: 0.8366
loss: 0.4349, acc: 0.8375
loss: 0.4355, acc: 0.8371
loss: 0.4357, acc: 0.8390
loss: 0.4373, acc: 0.8378
loss: 0.4344, acc: 0.8385
loss: 0.4342, acc: 0.8384
loss: 0.4379, acc: 0.8363
loss: 0.4412, acc: 0.8347
> val_acc: 0.7982, val_f1: 0.6735
>>>>>>>>>>>>>>>>>>>>>>>>>>>>>>>>>>>>>>>>>>>>>>>>>>>>>>>>>>>>>>>>>>>>>>>>>>>>>>>>>>>>>>>>>>>>>>>>>>>>
epoch: 6
loss: 0.3685, acc: 0.8438
loss: 0.3980, acc: 0.8527
loss: 0.3844, acc: 0.8698
loss: 0.4062, acc: 0.8603
loss: 0.4302, acc: 0.8438
loss: 0.4117, acc: 0.8519
loss: 0.4211, acc: 0.8457
loss: 0.4141, acc: 0.8488
loss: 0.4205, acc: 0.8430
loss: 0.4264, acc: 0.8391
loss: 0.4244, acc: 0.8407
loss: 0.4198, acc: 0.8454
loss: 0.4161, acc: 0.8458
loss: 0.4138, acc: 0.8465
loss: 0.4161, acc: 0.8442
loss: 0.4119, acc: 0.8458
loss: 0.4139, acc: 0.8445
loss: 0.4134, acc: 0.8441
loss: 0.4115, acc: 0.8454
loss: 0.4114, acc: 0.8454
loss: 0.4129, acc: 0.8444
loss: 0.4124, acc: 0.8446
loss: 0.4115, acc: 0.8449
> val_acc: 0.7964, val_f1: 0.6664
>>>>>>>>>>>>>>>>>>>>>>>>>>>>>>>>>>>>>>>>>>>>>>>>>>>>>>>>>>>>>>>>>>>>>>>>>>>>>>>>>>>>>>>>>>>>>>>>>>>>
epoch: 7
loss: 0.3869, acc: 0.8750
loss: 0.3709, acc: 0.8715
loss: 0.3773, acc: 0.8683
loss: 0.3908, acc: 0.8586
loss: 0.3891, acc: 0.8581
loss: 0.3842, acc: 0.8631
loss: 0.3909, acc: 0.8612
loss: 0.3847, acc: 0.8654
loss: 0.3821, acc: 0.8651
loss: 0.3810, acc: 0.8622
loss: 0.3830, acc: 0.8600
loss: 0.3830, acc: 0.8628
loss: 0.3813, acc: 0.8657
loss: 0.3848, acc: 0.8623
loss: 0.3865, acc: 0.8611
loss: 0.3877, acc: 0.8600
loss: 0.3872, acc: 0.8605
loss: 0.3859, acc: 0.8588
loss: 0.3878, acc: 0.8584
loss: 0.3859, acc: 0.8605
loss: 0.3868, acc: 0.8600
loss: 0.3892, acc: 0.8592
> val_acc: 0.7929, val_f1: 0.6564
>>>>>>>>>>>>>>>>>>>>>>>>>>>>>>>>>>>>>>>>>>>>>>>>>>>>>>>>>>>>>>>>>>>>>>>>>>>>>>>>>>>>>>>>>>>>>>>>>>>>
epoch: 8
loss: 0.3261, acc: 0.8750
loss: 0.3398, acc: 0.9062
loss: 0.3481, acc: 0.8892
loss: 0.3549, acc: 0.8828
loss: 0.3656, acc: 0.8735
loss: 0.3736, acc: 0.8678
loss: 0.3713, acc: 0.8679
loss: 0.3661, acc: 0.8707
loss: 0.3624, acc: 0.8712
loss: 0.3678, acc: 0.8675
loss: 0.3675, acc: 0.8695
loss: 0.3687, acc: 0.8705
loss: 0.3678, acc: 0.8735
loss: 0.3661, acc: 0.8750
loss: 0.3626, acc: 0.8754
loss: 0.3620, acc: 0.8754
loss: 0.3634, acc: 0.8754
loss: 0.3689, acc: 0.8717
loss: 0.3687, acc: 0.8698
loss: 0.3776, acc: 0.8652
loss: 0.3761, acc: 0.8657
loss: 0.3747, acc: 0.8665
loss: 0.3803, acc: 0.8626
> val_acc: 0.7937, val_f1: 0.6784
>>>>>>>>>>>>>>>>>>>>>>>>>>>>>>>>>>>>>>>>>>>>>>>>>>>>>>>>>>>>>>>>>>>>>>>>>>>>>>>>>>>>>>>>>>>>>>>>>>>>
epoch: 9
loss: 0.3439, acc: 0.8854
loss: 0.3975, acc: 0.8555
loss: 0.3895, acc: 0.8582
loss: 0.3787, acc: 0.8611
loss: 0.3822, acc: 0.8614
loss: 0.3792, acc: 0.8650
loss: 0.3714, acc: 0.8693
loss: 0.3707, acc: 0.8660
loss: 0.3727, acc: 0.8634
loss: 0.3714, acc: 0.8633
loss: 0.3733, acc: 0.8650
loss: 0.3692, acc: 0.8685
loss: 0.3678, acc: 0.8666
loss: 0.3720, acc: 0.8649
loss: 0.3706, acc: 0.8647
loss: 0.3649, acc: 0.8654
loss: 0.3657, acc: 0.8652
loss: 0.3667, acc: 0.8651
loss: 0.3666, acc: 0.8653
loss: 0.3671, acc: 0.8648
loss: 0.3707, acc: 0.8620
loss: 0.3694, acc: 0.8626
loss: 0.3714, acc: 0.8609
> val_acc: 0.7929, val_f1: 0.6598
>>>>>>>>>>>>>>>>>>>>>>>>>>>>>>>>>>>>>>>>>>>>>>>>>>>>>>>>>>>>>>>>>>>>>>>>>>>>>>>>>>>>>>>>>>>>>>>>>>>>
epoch: 10
loss: 0.3562, acc: 0.8688
loss: 0.3791, acc: 0.8719
loss: 0.3454, acc: 0.8875
loss: 0.3524, acc: 0.8766
loss: 0.3583, acc: 0.8775
loss: 0.3583, acc: 0.8802
loss: 0.3552, acc: 0.8795
loss: 0.3611, acc: 0.8797
loss: 0.3567, acc: 0.8799
loss: 0.3511, acc: 0.8794
loss: 0.3599, acc: 0.8773
loss: 0.3523, acc: 0.8828
loss: 0.3566, acc: 0.8788
loss: 0.3566, acc: 0.8781
loss: 0.3536, acc: 0.8800
loss: 0.3522, acc: 0.8801
loss: 0.3520, acc: 0.8787
loss: 0.3547, acc: 0.8750
loss: 0.3530, acc: 0.8770
loss: 0.3519, acc: 0.8778
loss: 0.3517, acc: 0.8765
loss: 0.3503, acc: 0.8764
> val_acc: 0.7946, val_f1: 0.6707
>>>>>>>>>>>>>>>>>>>>>>>>>>>>>>>>>>>>>>>>>>>>>>>>>>>>>>>>>>>>>>>>>>>>>>>>>>>>>>>>>>>>>>>>>>>>>>>>>>>>
epoch: 11
loss: 0.3199, acc: 0.8594
loss: 0.3157, acc: 0.8705
loss: 0.3264, acc: 0.8698
loss: 0.3305, acc: 0.8732
loss: 0.3404, acc: 0.8693
loss: 0.3512, acc: 0.8646
loss: 0.3554, acc: 0.8623
loss: 0.3564, acc: 0.8649
loss: 0.3576, acc: 0.8668
loss: 0.3496, acc: 0.8697
loss: 0.3470, acc: 0.8720
loss: 0.3415, acc: 0.8745
loss: 0.3364, acc: 0.8770
loss: 0.3346, acc: 0.8801
loss: 0.3316, acc: 0.8811
loss: 0.3352, acc: 0.8795
loss: 0.3350, acc: 0.8800
loss: 0.3351, acc: 0.8804
loss: 0.3320, acc: 0.8828
loss: 0.3361, acc: 0.8818
loss: 0.3371, acc: 0.8817
loss: 0.3381, acc: 0.8805
loss: 0.3373, acc: 0.8806
> val_acc: 0.7902, val_f1: 0.6554
>>>>>>>>>>>>>>>>>>>>>>>>>>>>>>>>>>>>>>>>>>>>>>>>>>>>>>>>>>>>>>>>>>>>>>>>>>>>>>>>>>>>>>>>>>>>>>>>>>>>
epoch: 12
loss: 0.2922, acc: 0.8984
loss: 0.3064, acc: 0.8889
loss: 0.3005, acc: 0.8973
loss: 0.3100, acc: 0.8980
loss: 0.3340, acc: 0.8854
loss: 0.3253, acc: 0.8836
loss: 0.3309, acc: 0.8842
loss: 0.3319, acc: 0.8838
loss: 0.3294, acc: 0.8857
loss: 0.3231, acc: 0.8916
loss: 0.3206, acc: 0.8935
loss: 0.3241, acc: 0.8898
loss: 0.3224, acc: 0.8901
loss: 0.3188, acc: 0.8909
loss: 0.3158, acc: 0.8923
loss: 0.3119, acc: 0.8944
loss: 0.3164, acc: 0.8921
loss: 0.3213, acc: 0.8897
loss: 0.3237, acc: 0.8890
loss: 0.3262, acc: 0.8883
loss: 0.3283, acc: 0.8870
loss: 0.3288, acc: 0.8862
> val_acc: 0.7929, val_f1: 0.6622
>>>>>>>>>>>>>>>>>>>>>>>>>>>>>>>>>>>>>>>>>>>>>>>>>>>>>>>>>>>>>>>>>>>>>>>>>>>>>>>>>>>>>>>>>>>>>>>>>>>>
epoch: 13
loss: 0.2391, acc: 0.9688
loss: 0.2855, acc: 0.9115
loss: 0.2914, acc: 0.8977
loss: 0.2825, acc: 0.9102
loss: 0.2924, acc: 0.9048
loss: 0.2991, acc: 0.9038
loss: 0.3087, acc: 0.8982
loss: 0.3153, acc: 0.8915
loss: 0.3094, acc: 0.8941
loss: 0.3131, acc: 0.8940
loss: 0.3110, acc: 0.8958
loss: 0.3028, acc: 0.9001
loss: 0.3066, acc: 0.8981
loss: 0.3120, acc: 0.8954
loss: 0.3161, acc: 0.8930
loss: 0.3223, acc: 0.8902
loss: 0.3177, acc: 0.8916
loss: 0.3190, acc: 0.8903
loss: 0.3161, acc: 0.8918
loss: 0.3170, acc: 0.8903
loss: 0.3166, acc: 0.8914
loss: 0.3191, acc: 0.8900
loss: 0.3187, acc: 0.8891
> val_acc: 0.7929, val_f1: 0.6670
>>>>>>>>>>>>>>>>>>>>>>>>>>>>>>>>>>>>>>>>>>>>>>>>>>>>>>>>>>>>>>>>>>>>>>>>>>>>>>>>>>>>>>>>>>>>>>>>>>>>
epoch: 14
loss: 0.3018, acc: 0.8958
loss: 0.2855, acc: 0.9141
loss: 0.2901, acc: 0.9014
loss: 0.2727, acc: 0.9097
loss: 0.2655, acc: 0.9103
loss: 0.2749, acc: 0.9062
loss: 0.2812, acc: 0.9053
loss: 0.2913, acc: 0.8997
loss: 0.2916, acc: 0.8997
loss: 0.2932, acc: 0.9010
loss: 0.2976, acc: 0.8986
loss: 0.3025, acc: 0.8982
loss: 0.2987, acc: 0.9028
loss: 0.2976, acc: 0.9026
loss: 0.3013, acc: 0.9015
loss: 0.2988, acc: 0.9010
loss: 0.2976, acc: 0.9006
loss: 0.2989, acc: 0.8995
loss: 0.2958, acc: 0.9005
loss: 0.2982, acc: 0.8992
loss: 0.2996, acc: 0.8984
loss: 0.3014, acc: 0.8961
loss: 0.3017, acc: 0.8955
> val_acc: 0.7955, val_f1: 0.6724
>>>>>>>>>>>>>>>>>>>>>>>>>>>>>>>>>>>>>>>>>>>>>>>>>>>>>>>>>>>>>>>>>>>>>>>>>>>>>>>>>>>>>>>>>>>>>>>>>>>>
epoch: 15
loss: 0.2941, acc: 0.8938
loss: 0.2949, acc: 0.8969
loss: 0.2934, acc: 0.8979
loss: 0.2864, acc: 0.9031
loss: 0.2759, acc: 0.9100
loss: 0.2811, acc: 0.9073
loss: 0.2818, acc: 0.9054
loss: 0.2920, acc: 0.8977
loss: 0.2981, acc: 0.8951
loss: 0.2957, acc: 0.8956
loss: 0.2964, acc: 0.8960
loss: 0.2966, acc: 0.8974
loss: 0.2987, acc: 0.8947
loss: 0.3010, acc: 0.8942
loss: 0.2999, acc: 0.8942
loss: 0.3029, acc: 0.8922
loss: 0.3043, acc: 0.8912
loss: 0.3060, acc: 0.8927
loss: 0.3042, acc: 0.8938
loss: 0.3023, acc: 0.8950
loss: 0.3016, acc: 0.8952
loss: 0.3008, acc: 0.8960
> val_acc: 0.7946, val_f1: 0.6724
>>>>>>>>>>>>>>>>>>>>>>>>>>>>>>>>>>>>>>>>>>>>>>>>>>>>>>>>>>>>>>>>>>>>>>>>>>>>>>>>>>>>>>>>>>>>>>>>>>>>
epoch: 16
loss: 0.2839, acc: 0.8906
loss: 0.3098, acc: 0.8795
loss: 0.3037, acc: 0.8932
loss: 0.3162, acc: 0.8824
loss: 0.3100, acc: 0.8892
loss: 0.2993, acc: 0.8935
loss: 0.2954, acc: 0.8984
loss: 0.2958, acc: 0.8927
loss: 0.2996, acc: 0.8921
loss: 0.2980, acc: 0.8943
loss: 0.2902, acc: 0.8978
loss: 0.2864, acc: 0.8958
loss: 0.2923, acc: 0.8936
loss: 0.2923, acc: 0.8946
loss: 0.2909, acc: 0.8945
loss: 0.2896, acc: 0.8969
loss: 0.2928, acc: 0.8948
loss: 0.2927, acc: 0.8951
loss: 0.2928, acc: 0.8964
loss: 0.2934, acc: 0.8969
loss: 0.2968, acc: 0.8964
loss: 0.2960, acc: 0.8966
loss: 0.2958, acc: 0.8965
> val_acc: 0.7920, val_f1: 0.6607
>>>>>>>>>>>>>>>>>>>>>>>>>>>>>>>>>>>>>>>>>>>>>>>>>>>>>>>>>>>>>>>>>>>>>>>>>>>>>>>>>>>>>>>>>>>>>>>>>>>>
epoch: 17
loss: 0.2174, acc: 0.9375
loss: 0.2347, acc: 0.9201
loss: 0.2449, acc: 0.9174
loss: 0.2468, acc: 0.9161
loss: 0.2587, acc: 0.9089
loss: 0.2626, acc: 0.9106
loss: 0.2689, acc: 0.9081
loss: 0.2672, acc: 0.9127
loss: 0.2695, acc: 0.9126
loss: 0.2670, acc: 0.9120
loss: 0.2648, acc: 0.9126
loss: 0.2613, acc: 0.9147
loss: 0.2630, acc: 0.9160
loss: 0.2687, acc: 0.9126
loss: 0.2788, acc: 0.9067
loss: 0.2798, acc: 0.9074
loss: 0.2776, acc: 0.9085
loss: 0.2765, acc: 0.9087
loss: 0.2789, acc: 0.9086
loss: 0.2815, acc: 0.9066
loss: 0.2808, acc: 0.9072
loss: 0.2799, acc: 0.9071
> val_acc: 0.8000, val_f1: 0.6920
>> saved: state_dict/gc_ian_restaurant_val_acc0.8
>>>>>>>>>>>>>>>>>>>>>>>>>>>>>>>>>>>>>>>>>>>>>>>>>>>>>>>>>>>>>>>>>>>>>>>>>>>>>>>>>>>>>>>>>>>>>>>>>>>>
epoch: 18
loss: 0.2221, acc: 0.9062
loss: 0.2461, acc: 0.9219
loss: 0.2571, acc: 0.9119
loss: 0.2548, acc: 0.9160
loss: 0.2470, acc: 0.9167
loss: 0.2454, acc: 0.9183
loss: 0.2502, acc: 0.9163
loss: 0.2597, acc: 0.9132
loss: 0.2661, acc: 0.9101
loss: 0.2682, acc: 0.9090
loss: 0.2692, acc: 0.9075
loss: 0.2734, acc: 0.9079
loss: 0.2729, acc: 0.9088
loss: 0.2788, acc: 0.9053
loss: 0.2761, acc: 0.9045
loss: 0.2741, acc: 0.9042
loss: 0.2734, acc: 0.9055
loss: 0.2713, acc: 0.9070
loss: 0.2710, acc: 0.9073
loss: 0.2714, acc: 0.9079
loss: 0.2685, acc: 0.9100
loss: 0.2678, acc: 0.9101
loss: 0.2694, acc: 0.9096
> val_acc: 0.7955, val_f1: 0.6620
>>>>>>>>>>>>>>>>>>>>>>>>>>>>>>>>>>>>>>>>>>>>>>>>>>>>>>>>>>>>>>>>>>>>>>>>>>>>>>>>>>>>>>>>>>>>>>>>>>>>
epoch: 19
loss: 0.2599, acc: 0.9271
loss: 0.2194, acc: 0.9453
loss: 0.2256, acc: 0.9351
loss: 0.2266, acc: 0.9358
loss: 0.2487, acc: 0.9239
loss: 0.2612, acc: 0.9174
loss: 0.2543, acc: 0.9205
loss: 0.2557, acc: 0.9194
loss: 0.2539, acc: 0.9179
loss: 0.2555, acc: 0.9180
loss: 0.2579, acc: 0.9121
loss: 0.2599, acc: 0.9133
loss: 0.2687, acc: 0.9077
loss: 0.2649, acc: 0.9099
loss: 0.2717, acc: 0.9062
loss: 0.2701, acc: 0.9058
loss: 0.2694, acc: 0.9040
loss: 0.2704, acc: 0.9045
loss: 0.2666, acc: 0.9066
loss: 0.2647, acc: 0.9072
loss: 0.2656, acc: 0.9078
loss: 0.2669, acc: 0.9068
loss: 0.2661, acc: 0.9083
> val_acc: 0.7955, val_f1: 0.6699
>>>>>>>>>>>>>>>>>>>>>>>>>>>>>>>>>>>>>>>>>>>>>>>>>>>>>>>>>>>>>>>>>>>>>>>>>>>>>>>>>>>>>>>>>>>>>>>>>>>>
epoch: 20
loss: 0.3152, acc: 0.8938
loss: 0.2859, acc: 0.9094
loss: 0.2728, acc: 0.9083
loss: 0.2693, acc: 0.9031
loss: 0.2710, acc: 0.9012
loss: 0.2693, acc: 0.9021
loss: 0.2688, acc: 0.9000
loss: 0.2641, acc: 0.9016
loss: 0.2644, acc: 0.9014
loss: 0.2649, acc: 0.9006
loss: 0.2752, acc: 0.8932
loss: 0.2731, acc: 0.8953
loss: 0.2705, acc: 0.8990
loss: 0.2700, acc: 0.9000
loss: 0.2711, acc: 0.8996
loss: 0.2660, acc: 0.9031
loss: 0.2638, acc: 0.9051
loss: 0.2648, acc: 0.9052
loss: 0.2660, acc: 0.9046
loss: 0.2653, acc: 0.9047
loss: 0.2631, acc: 0.9054
loss: 0.2645, acc: 0.9048
> val_acc: 0.7911, val_f1: 0.6675
>>>>>>>>>>>>>>>>>>>>>>>>>>>>>>>>>>>>>>>>>>>>>>>>>>>>>>>>>>>>>>>>>>>>>>>>>>>>>>>>>>>>>>>>>>>>>>>>>>>>
epoch: 21
loss: 0.3073, acc: 0.9062
loss: 0.2423, acc: 0.9330
loss: 0.2601, acc: 0.9245
loss: 0.2631, acc: 0.9136
loss: 0.2650, acc: 0.9077
loss: 0.2554, acc: 0.9132
loss: 0.2540, acc: 0.9131
loss: 0.2559, acc: 0.9130
loss: 0.2570, acc: 0.9122
loss: 0.2601, acc: 0.9109
loss: 0.2527, acc: 0.9165
loss: 0.2538, acc: 0.9139
loss: 0.2530, acc: 0.9143
loss: 0.2502, acc: 0.9151
loss: 0.2491, acc: 0.9175
loss: 0.2507, acc: 0.9172
loss: 0.2524, acc: 0.9146
loss: 0.2483, acc: 0.9174
loss: 0.2484, acc: 0.9175
loss: 0.2501, acc: 0.9153
loss: 0.2569, acc: 0.9115
loss: 0.2601, acc: 0.9095
loss: 0.2619, acc: 0.9079
> val_acc: 0.7964, val_f1: 0.6685
>>>>>>>>>>>>>>>>>>>>>>>>>>>>>>>>>>>>>>>>>>>>>>>>>>>>>>>>>>>>>>>>>>>>>>>>>>>>>>>>>>>>>>>>>>>>>>>>>>>>
epoch: 22
loss: 0.2387, acc: 0.9219
loss: 0.2548, acc: 0.9028
loss: 0.2715, acc: 0.8951
loss: 0.2827, acc: 0.8898
loss: 0.2740, acc: 0.8919
loss: 0.2698, acc: 0.8944
loss: 0.2631, acc: 0.8980
loss: 0.2619, acc: 0.8990
loss: 0.2640, acc: 0.8949
loss: 0.2616, acc: 0.8986
loss: 0.2560, acc: 0.9022
loss: 0.2555, acc: 0.9047
loss: 0.2583, acc: 0.9062
loss: 0.2609, acc: 0.9067
loss: 0.2618, acc: 0.9067
loss: 0.2606, acc: 0.9074
loss: 0.2573, acc: 0.9081
loss: 0.2588, acc: 0.9070
loss: 0.2577, acc: 0.9066
loss: 0.2571, acc: 0.9075
loss: 0.2592, acc: 0.9069
loss: 0.2575, acc: 0.9074
> val_acc: 0.7920, val_f1: 0.6668
>>>>>>>>>>>>>>>>>>>>>>>>>>>>>>>>>>>>>>>>>>>>>>>>>>>>>>>>>>>>>>>>>>>>>>>>>>>>>>>>>>>>>>>>>>>>>>>>>>>>
epoch: 23
loss: 0.2418, acc: 0.9375
loss: 0.2244, acc: 0.9479
loss: 0.2571, acc: 0.9290
loss: 0.2337, acc: 0.9395
loss: 0.2345, acc: 0.9301
loss: 0.2409, acc: 0.9243
loss: 0.2383, acc: 0.9244
loss: 0.2373, acc: 0.9219
loss: 0.2426, acc: 0.9192
loss: 0.2422, acc: 0.9185
loss: 0.2442, acc: 0.9179
loss: 0.2454, acc: 0.9185
loss: 0.2472, acc: 0.9185
loss: 0.2492, acc: 0.9167
loss: 0.2461, acc: 0.9168
loss: 0.2455, acc: 0.9157
loss: 0.2477, acc: 0.9147
loss: 0.2480, acc: 0.9146
loss: 0.2491, acc: 0.9141
loss: 0.2488, acc: 0.9144
loss: 0.2488, acc: 0.9127
loss: 0.2489, acc: 0.9124
loss: 0.2495, acc: 0.9113
> val_acc: 0.7946, val_f1: 0.6647
>>>>>>>>>>>>>>>>>>>>>>>>>>>>>>>>>>>>>>>>>>>>>>>>>>>>>>>>>>>>>>>>>>>>>>>>>>>>>>>>>>>>>>>>>>>>>>>>>>>>
epoch: 24
loss: 0.2016, acc: 0.9479
loss: 0.2377, acc: 0.9258
loss: 0.2323, acc: 0.9207
loss: 0.2309, acc: 0.9201
loss: 0.2346, acc: 0.9212
loss: 0.2377, acc: 0.9230
loss: 0.2397, acc: 0.9214
loss: 0.2374, acc: 0.9202
loss: 0.2404, acc: 0.9186
loss: 0.2370, acc: 0.9180
loss: 0.2406, acc: 0.9157
loss: 0.2439, acc: 0.9159
loss: 0.2460, acc: 0.9147
loss: 0.2502, acc: 0.9145
loss: 0.2463, acc: 0.9152
loss: 0.2461, acc: 0.9151
loss: 0.2468, acc: 0.9138
loss: 0.2444, acc: 0.9144
loss: 0.2474, acc: 0.9126
loss: 0.2466, acc: 0.9139
loss: 0.2443, acc: 0.9160
loss: 0.2443, acc: 0.9170
loss: 0.2467, acc: 0.9149
> val_acc: 0.7946, val_f1: 0.6684
>>>>>>>>>>>>>>>>>>>>>>>>>>>>>>>>>>>>>>>>>>>>>>>>>>>>>>>>>>>>>>>>>>>>>>>>>>>>>>>>>>>>>>>>>>>>>>>>>>>>
epoch: 25
loss: 0.2575, acc: 0.9125
loss: 0.2280, acc: 0.9281
loss: 0.2465, acc: 0.9146
loss: 0.2379, acc: 0.9187
loss: 0.2316, acc: 0.9213
loss: 0.2376, acc: 0.9177
loss: 0.2335, acc: 0.9179
loss: 0.2297, acc: 0.9219
loss: 0.2343, acc: 0.9194
loss: 0.2320, acc: 0.9225
loss: 0.2330, acc: 0.9233
loss: 0.2295, acc: 0.9245
loss: 0.2371, acc: 0.9202
loss: 0.2355, acc: 0.9201
loss: 0.2349, acc: 0.9196
loss: 0.2348, acc: 0.9199
loss: 0.2389, acc: 0.9176
loss: 0.2388, acc: 0.9191
loss: 0.2406, acc: 0.9187
loss: 0.2393, acc: 0.9194
loss: 0.2413, acc: 0.9176
loss: 0.2452, acc: 0.9148
> val_acc: 0.7955, val_f1: 0.6703
>>>>>>>>>>>>>>>>>>>>>>>>>>>>>>>>>>>>>>>>>>>>>>>>>>>>>>>>>>>>>>>>>>>>>>>>>>>>>>>>>>>>>>>>>>>>>>>>>>>>
epoch: 26
loss: 0.2376, acc: 0.8906
loss: 0.2405, acc: 0.9062
loss: 0.2201, acc: 0.9167
loss: 0.2356, acc: 0.9099
loss: 0.2334, acc: 0.9162
loss: 0.2349, acc: 0.9167
loss: 0.2354, acc: 0.9150
loss: 0.2429, acc: 0.9122
loss: 0.2426, acc: 0.9137
loss: 0.2444, acc: 0.9129
loss: 0.2446, acc: 0.9135
loss: 0.2404, acc: 0.9161
loss: 0.2432, acc: 0.9153
loss: 0.2437, acc: 0.9170
loss: 0.2434, acc: 0.9167
loss: 0.2445, acc: 0.9152
loss: 0.2432, acc: 0.9154
loss: 0.2402, acc: 0.9174
loss: 0.2391, acc: 0.9188
loss: 0.2405, acc: 0.9178
loss: 0.2386, acc: 0.9188
loss: 0.2384, acc: 0.9191
loss: 0.2407, acc: 0.9163
> val_acc: 0.7955, val_f1: 0.6859
>>>>>>>>>>>>>>>>>>>>>>>>>>>>>>>>>>>>>>>>>>>>>>>>>>>>>>>>>>>>>>>>>>>>>>>>>>>>>>>>>>>>>>>>>>>>>>>>>>>>
epoch: 27
loss: 0.2197, acc: 0.9375
loss: 0.2201, acc: 0.9375
loss: 0.2156, acc: 0.9397
loss: 0.2082, acc: 0.9441
loss: 0.2229, acc: 0.9323
loss: 0.2199, acc: 0.9300
loss: 0.2127, acc: 0.9320
loss: 0.2155, acc: 0.9311
loss: 0.2197, acc: 0.9276
loss: 0.2213, acc: 0.9254
loss: 0.2210, acc: 0.9259
loss: 0.2281, acc: 0.9232
loss: 0.2223, acc: 0.9263
loss: 0.2209, acc: 0.9262
loss: 0.2205, acc: 0.9257
loss: 0.2181, acc: 0.9276
loss: 0.2185, acc: 0.9286
loss: 0.2220, acc: 0.9263
loss: 0.2222, acc: 0.9262
loss: 0.2252, acc: 0.9236
loss: 0.2266, acc: 0.9234
loss: 0.2294, acc: 0.9214
> val_acc: 0.7973, val_f1: 0.6819
>>>>>>>>>>>>>>>>>>>>>>>>>>>>>>>>>>>>>>>>>>>>>>>>>>>>>>>>>>>>>>>>>>>>>>>>>>>>>>>>>>>>>>>>>>>>>>>>>>>>
epoch: 28
loss: 0.2172, acc: 0.9375
loss: 0.2368, acc: 0.9115
loss: 0.2229, acc: 0.9290
loss: 0.2256, acc: 0.9199
loss: 0.2394, acc: 0.9152
loss: 0.2296, acc: 0.9207
loss: 0.2287, acc: 0.9244
loss: 0.2207, acc: 0.9288
loss: 0.2247, acc: 0.9261
loss: 0.2319, acc: 0.9239
loss: 0.2358, acc: 0.9222
loss: 0.2390, acc: 0.9208
loss: 0.2362, acc: 0.9206
loss: 0.2358, acc: 0.9205
loss: 0.2358, acc: 0.9190
loss: 0.2363, acc: 0.9169
loss: 0.2316, acc: 0.9190
loss: 0.2291, acc: 0.9204
loss: 0.2284, acc: 0.9210
loss: 0.2307, acc: 0.9189
loss: 0.2277, acc: 0.9205
loss: 0.2266, acc: 0.9219
loss: 0.2255, acc: 0.9231
> val_acc: 0.7982, val_f1: 0.6750
>>>>>>>>>>>>>>>>>>>>>>>>>>>>>>>>>>>>>>>>>>>>>>>>>>>>>>>>>>>>>>>>>>>>>>>>>>>>>>>>>>>>>>>>>>>>>>>>>>>>
epoch: 29
loss: 0.2050, acc: 0.9479
loss: 0.2506, acc: 0.9180
loss: 0.2345, acc: 0.9231
loss: 0.2390, acc: 0.9219
loss: 0.2375, acc: 0.9226
loss: 0.2297, acc: 0.9241
loss: 0.2340, acc: 0.9233
loss: 0.2274, acc: 0.9252
loss: 0.2305, acc: 0.9222
loss: 0.2305, acc: 0.9212
loss: 0.2294, acc: 0.9204
loss: 0.2273, acc: 0.9219
loss: 0.2254, acc: 0.9221
loss: 0.2237, acc: 0.9237
loss: 0.2207, acc: 0.9251
loss: 0.2252, acc: 0.9231
loss: 0.2271, acc: 0.9232
loss: 0.2267, acc: 0.9222
loss: 0.2219, acc: 0.9251
loss: 0.2209, acc: 0.9247
loss: 0.2206, acc: 0.9245
loss: 0.2210, acc: 0.9248
loss: 0.2201, acc: 0.9246
> val_acc: 0.7964, val_f1: 0.6730
>>>>>>>>>>>>>>>>>>>>>>>>>>>>>>>>>>>>>>>>>>>>>>>>>>>>>>>>>>>>>>>>>>>>>>>>>>>>>>>>>>>>>>>>>>>>>>>>>>>>
epoch: 30
loss: 0.2445, acc: 0.9125
loss: 0.2153, acc: 0.9156
loss: 0.2081, acc: 0.9229
loss: 0.2090, acc: 0.9203
loss: 0.2111, acc: 0.9213
loss: 0.2096, acc: 0.9260
loss: 0.2076, acc: 0.9268
loss: 0.2031, acc: 0.9289
loss: 0.2077, acc: 0.9264
loss: 0.2104, acc: 0.9244
loss: 0.2163, acc: 0.9210
loss: 0.2200, acc: 0.9198
loss: 0.2224, acc: 0.9183
loss: 0.2213, acc: 0.9214
loss: 0.2215, acc: 0.9225
loss: 0.2208, acc: 0.9227
loss: 0.2206, acc: 0.9232
loss: 0.2234, acc: 0.9212
loss: 0.2240, acc: 0.9214
loss: 0.2250, acc: 0.9206
loss: 0.2270, acc: 0.9199
loss: 0.2259, acc: 0.9199
> val_acc: 0.7955, val_f1: 0.6742
>>>>>>>>>>>>>>>>>>>>>>>>>>>>>>>>>>>>>>>>>>>>>>>>>>>>>>>>>>>>>>>>>>>>>>>>>>>>>>>>>>>>>>>>>>>>>>>>>>>>
epoch: 31
loss: 0.2210, acc: 0.9062
loss: 0.1988, acc: 0.9330
loss: 0.1968, acc: 0.9297
loss: 0.2061, acc: 0.9265
loss: 0.2058, acc: 0.9261
loss: 0.2061, acc: 0.9271
loss: 0.2147, acc: 0.9219
loss: 0.2134, acc: 0.9215
loss: 0.2094, acc: 0.9241
loss: 0.2122, acc: 0.9235
loss: 0.2111, acc: 0.9255
loss: 0.2093, acc: 0.9276
loss: 0.2076, acc: 0.9289
loss: 0.2087, acc: 0.9291
loss: 0.2061, acc: 0.9310
loss: 0.2061, acc: 0.9306
loss: 0.2092, acc: 0.9299
loss: 0.2104, acc: 0.9292
loss: 0.2139, acc: 0.9280
loss: 0.2146, acc: 0.9282
loss: 0.2131, acc: 0.9283
loss: 0.2125, acc: 0.9284
loss: 0.2141, acc: 0.9269
> val_acc: 0.7911, val_f1: 0.6699
>>>>>>>>>>>>>>>>>>>>>>>>>>>>>>>>>>>>>>>>>>>>>>>>>>>>>>>>>>>>>>>>>>>>>>>>>>>>>>>>>>>>>>>>>>>>>>>>>>>>
epoch: 32
loss: 0.2101, acc: 0.9375
loss: 0.1915, acc: 0.9271
loss: 0.1901, acc: 0.9353
loss: 0.1869, acc: 0.9375
loss: 0.1846, acc: 0.9440
loss: 0.1944, acc: 0.9397
loss: 0.2029, acc: 0.9338
loss: 0.2003, acc: 0.9351
loss: 0.1998, acc: 0.9339
loss: 0.2010, acc: 0.9324
loss: 0.2081, acc: 0.9300
loss: 0.2108, acc: 0.9296
loss: 0.2070, acc: 0.9326
loss: 0.2098, acc: 0.9307
loss: 0.2078, acc: 0.9316
loss: 0.2084, acc: 0.9316
loss: 0.2107, acc: 0.9293
loss: 0.2117, acc: 0.9284
loss: 0.2111, acc: 0.9289
loss: 0.2113, acc: 0.9296
loss: 0.2111, acc: 0.9300
loss: 0.2128, acc: 0.9292
> val_acc: 0.7982, val_f1: 0.6854
>>>>>>>>>>>>>>>>>>>>>>>>>>>>>>>>>>>>>>>>>>>>>>>>>>>>>>>>>>>>>>>>>>>>>>>>>>>>>>>>>>>>>>>>>>>>>>>>>>>>
epoch: 33
loss: 0.1226, acc: 1.0000
loss: 0.2308, acc: 0.9427
loss: 0.2198, acc: 0.9233
loss: 0.2171, acc: 0.9277
loss: 0.2200, acc: 0.9286
loss: 0.2114, acc: 0.9339
loss: 0.2138, acc: 0.9304
loss: 0.2132, acc: 0.9288
loss: 0.2090, acc: 0.9314
loss: 0.2136, acc: 0.9253
loss: 0.2109, acc: 0.9277
loss: 0.2100, acc: 0.9280
loss: 0.2111, acc: 0.9273
loss: 0.2135, acc: 0.9252
loss: 0.2121, acc: 0.9269
loss: 0.2131, acc: 0.9260
loss: 0.2100, acc: 0.9275
loss: 0.2101, acc: 0.9273
loss: 0.2095, acc: 0.9265
loss: 0.2112, acc: 0.9251
loss: 0.2120, acc: 0.9257
loss: 0.2120, acc: 0.9257
loss: 0.2115, acc: 0.9271
> val_acc: 0.7991, val_f1: 0.6747
>>>>>>>>>>>>>>>>>>>>>>>>>>>>>>>>>>>>>>>>>>>>>>>>>>>>>>>>>>>>>>>>>>>>>>>>>>>>>>>>>>>>>>>>>>>>>>>>>>>>
epoch: 34
loss: 0.2953, acc: 0.8750
loss: 0.2303, acc: 0.9258
loss: 0.2380, acc: 0.9207
loss: 0.2309, acc: 0.9253
loss: 0.2255, acc: 0.9239
loss: 0.2228, acc: 0.9241
loss: 0.2223, acc: 0.9214
loss: 0.2182, acc: 0.9219
loss: 0.2187, acc: 0.9215
loss: 0.2191, acc: 0.9225
loss: 0.2176, acc: 0.9245
loss: 0.2136, acc: 0.9273
loss: 0.2169, acc: 0.9246
loss: 0.2139, acc: 0.9265
loss: 0.2153, acc: 0.9242
loss: 0.2175, acc: 0.9231
loss: 0.2147, acc: 0.9247
loss: 0.2146, acc: 0.9229
loss: 0.2143, acc: 0.9227
loss: 0.2170, acc: 0.9212
loss: 0.2158, acc: 0.9220
loss: 0.2140, acc: 0.9216
loss: 0.2138, acc: 0.9218
> val_acc: 0.7973, val_f1: 0.6731
>>>>>>>>>>>>>>>>>>>>>>>>>>>>>>>>>>>>>>>>>>>>>>>>>>>>>>>>>>>>>>>>>>>>>>>>>>>>>>>>>>>>>>>>>>>>>>>>>>>>
epoch: 35
loss: 0.2002, acc: 0.9437
loss: 0.1992, acc: 0.9250
loss: 0.2022, acc: 0.9313
loss: 0.1988, acc: 0.9313
loss: 0.1947, acc: 0.9337
loss: 0.2068, acc: 0.9271
loss: 0.2024, acc: 0.9295
loss: 0.2010, acc: 0.9297
loss: 0.2013, acc: 0.9292
loss: 0.2043, acc: 0.9275
loss: 0.2014, acc: 0.9295
loss: 0.2015, acc: 0.9297
loss: 0.1989, acc: 0.9317
loss: 0.1985, acc: 0.9335
loss: 0.2003, acc: 0.9337
loss: 0.2032, acc: 0.9324
loss: 0.2007, acc: 0.9327
loss: 0.2034, acc: 0.9306
loss: 0.2035, acc: 0.9309
loss: 0.2051, acc: 0.9294
loss: 0.2068, acc: 0.9289
loss: 0.2057, acc: 0.9298
> val_acc: 0.7929, val_f1: 0.6686
>>>>>>>>>>>>>>>>>>>>>>>>>>>>>>>>>>>>>>>>>>>>>>>>>>>>>>>>>>>>>>>>>>>>>>>>>>>>>>>>>>>>>>>>>>>>>>>>>>>>
epoch: 36
loss: 0.1421, acc: 0.9531
loss: 0.1631, acc: 0.9464
loss: 0.1686, acc: 0.9453
loss: 0.1727, acc: 0.9393
loss: 0.1829, acc: 0.9389
loss: 0.1898, acc: 0.9375
loss: 0.1910, acc: 0.9385
loss: 0.1953, acc: 0.9350
loss: 0.1946, acc: 0.9360
loss: 0.1975, acc: 0.9328
loss: 0.1973, acc: 0.9333
loss: 0.1934, acc: 0.9359
loss: 0.1944, acc: 0.9335
loss: 0.1982, acc: 0.9314
loss: 0.1969, acc: 0.9323
loss: 0.1995, acc: 0.9314
loss: 0.2035, acc: 0.9291
loss: 0.2050, acc: 0.9282
loss: 0.2026, acc: 0.9304
loss: 0.2020, acc: 0.9301
loss: 0.2043, acc: 0.9289
loss: 0.2046, acc: 0.9284
loss: 0.2033, acc: 0.9294
> val_acc: 0.7964, val_f1: 0.6723
>>>>>>>>>>>>>>>>>>>>>>>>>>>>>>>>>>>>>>>>>>>>>>>>>>>>>>>>>>>>>>>>>>>>>>>>>>>>>>>>>>>>>>>>>>>>>>>>>>>>
epoch: 37
loss: 0.2085, acc: 0.9062
loss: 0.1967, acc: 0.9201
loss: 0.1980, acc: 0.9286
loss: 0.1960, acc: 0.9293
loss: 0.1995, acc: 0.9271
loss: 0.1999, acc: 0.9267
loss: 0.1935, acc: 0.9301
loss: 0.1910, acc: 0.9319
loss: 0.1916, acc: 0.9339
loss: 0.1935, acc: 0.9337
loss: 0.1962, acc: 0.9323
loss: 0.1944, acc: 0.9327
loss: 0.1938, acc: 0.9326
loss: 0.1969, acc: 0.9307
loss: 0.1993, acc: 0.9274
loss: 0.2019, acc: 0.9264
loss: 0.2031, acc: 0.9256
loss: 0.2003, acc: 0.9270
loss: 0.1991, acc: 0.9275
loss: 0.2023, acc: 0.9258
loss: 0.2051, acc: 0.9246
loss: 0.2052, acc: 0.9237
> val_acc: 0.7955, val_f1: 0.6749
>>>>>>>>>>>>>>>>>>>>>>>>>>>>>>>>>>>>>>>>>>>>>>>>>>>>>>>>>>>>>>>>>>>>>>>>>>>>>>>>>>>>>>>>>>>>>>>>>>>>
epoch: 38
loss: 0.1729, acc: 0.9375
loss: 0.2116, acc: 0.9167
loss: 0.2250, acc: 0.9091
loss: 0.2170, acc: 0.9180
loss: 0.2038, acc: 0.9256
loss: 0.2051, acc: 0.9267
loss: 0.2121, acc: 0.9264
loss: 0.2095, acc: 0.9280
loss: 0.2117, acc: 0.9268
loss: 0.2076, acc: 0.9287
loss: 0.2116, acc: 0.9265
loss: 0.2119, acc: 0.9269
loss: 0.2076, acc: 0.9293
loss: 0.2050, acc: 0.9309
loss: 0.2033, acc: 0.9313
loss: 0.2045, acc: 0.9297
loss: 0.2030, acc: 0.9306
loss: 0.2024, acc: 0.9317
loss: 0.1994, acc: 0.9323
loss: 0.2008, acc: 0.9329
loss: 0.1987, acc: 0.9338
loss: 0.1994, acc: 0.9343
loss: 0.2001, acc: 0.9341
> val_acc: 0.7973, val_f1: 0.6726
>>>>>>>>>>>>>>>>>>>>>>>>>>>>>>>>>>>>>>>>>>>>>>>>>>>>>>>>>>>>>>>>>>>>>>>>>>>>>>>>>>>>>>>>>>>>>>>>>>>>
epoch: 39
loss: 0.1910, acc: 0.9375
loss: 0.2064, acc: 0.9219
loss: 0.2200, acc: 0.9183
loss: 0.2007, acc: 0.9306
loss: 0.2033, acc: 0.9293
loss: 0.2120, acc: 0.9263
loss: 0.2205, acc: 0.9186
loss: 0.2154, acc: 0.9202
loss: 0.2142, acc: 0.9215
loss: 0.2156, acc: 0.9219
loss: 0.2140, acc: 0.9222
loss: 0.2112, acc: 0.9230
loss: 0.2079, acc: 0.9261
loss: 0.2074, acc: 0.9265
loss: 0.2062, acc: 0.9285
loss: 0.2060, acc: 0.9291
loss: 0.2015, acc: 0.9307
loss: 0.2015, acc: 0.9300
loss: 0.2029, acc: 0.9288
loss: 0.2030, acc: 0.9295
loss: 0.2048, acc: 0.9290
loss: 0.2037, acc: 0.9291
loss: 0.2029, acc: 0.9296
> val_acc: 0.7937, val_f1: 0.6711
>>>>>>>>>>>>>>>>>>>>>>>>>>>>>>>>>>>>>>>>>>>>>>>>>>>>>>>>>>>>>>>>>>>>>>>>>>>>>>>>>>>>>>>>>>>>>>>>>>>>
epoch: 40
loss: 0.1928, acc: 0.9187
loss: 0.1995, acc: 0.9187
loss: 0.1923, acc: 0.9250
loss: 0.1980, acc: 0.9219
loss: 0.1918, acc: 0.9275
loss: 0.1983, acc: 0.9292
loss: 0.2081, acc: 0.9250
loss: 0.2077, acc: 0.9250
loss: 0.2070, acc: 0.9243
loss: 0.2096, acc: 0.9231
loss: 0.2102, acc: 0.9244
loss: 0.2047, acc: 0.9266
loss: 0.1994, acc: 0.9298
loss: 0.2037, acc: 0.9272
loss: 0.1997, acc: 0.9287
loss: 0.1997, acc: 0.9285
loss: 0.1983, acc: 0.9287
loss: 0.1959, acc: 0.9295
loss: 0.1973, acc: 0.9280
loss: 0.1978, acc: 0.9281
loss: 0.1976, acc: 0.9277
loss: 0.1962, acc: 0.9295
> val_acc: 0.7929, val_f1: 0.6682
>>>>>>>>>>>>>>>>>>>>>>>>>>>>>>>>>>>>>>>>>>>>>>>>>>>>>>>>>>>>>>>>>>>>>>>>>>>>>>>>>>>>>>>>>>>>>>>>>>>>
epoch: 41
loss: 0.2332, acc: 0.9219
loss: 0.2390, acc: 0.8929
loss: 0.2062, acc: 0.9141
loss: 0.2058, acc: 0.9246
loss: 0.2011, acc: 0.9261
loss: 0.1925, acc: 0.9306
loss: 0.1917, acc: 0.9307
loss: 0.1893, acc: 0.9291
loss: 0.1904, acc: 0.9293
loss: 0.1910, acc: 0.9295
loss: 0.1910, acc: 0.9297
loss: 0.1939, acc: 0.9309
loss: 0.1928, acc: 0.9309
loss: 0.1885, acc: 0.9324
loss: 0.1930, acc: 0.9310
loss: 0.1937, acc: 0.9306
loss: 0.1941, acc: 0.9299
loss: 0.1959, acc: 0.9285
loss: 0.1953, acc: 0.9297
loss: 0.1964, acc: 0.9294
loss: 0.1969, acc: 0.9289
loss: 0.1952, acc: 0.9305
loss: 0.1948, acc: 0.9314
> val_acc: 0.7946, val_f1: 0.6728
>>>>>>>>>>>>>>>>>>>>>>>>>>>>>>>>>>>>>>>>>>>>>>>>>>>>>>>>>>>>>>>>>>>>>>>>>>>>>>>>>>>>>>>>>>>>>>>>>>>>
epoch: 42
loss: 0.1874, acc: 0.9453
loss: 0.1774, acc: 0.9479
loss: 0.1733, acc: 0.9487
loss: 0.1825, acc: 0.9474
loss: 0.1796, acc: 0.9479
loss: 0.1765, acc: 0.9504
loss: 0.1756, acc: 0.9504
loss: 0.1778, acc: 0.9479
loss: 0.1724, acc: 0.9503
loss: 0.1775, acc: 0.9464
loss: 0.1808, acc: 0.9439
loss: 0.1837, acc: 0.9423
loss: 0.1847, acc: 0.9409
loss: 0.1846, acc: 0.9416
loss: 0.1861, acc: 0.9409
loss: 0.1857, acc: 0.9407
loss: 0.1866, acc: 0.9405
loss: 0.1858, acc: 0.9407
loss: 0.1835, acc: 0.9415
loss: 0.1851, acc: 0.9407
loss: 0.1857, acc: 0.9387
loss: 0.1870, acc: 0.9384
> val_acc: 0.7964, val_f1: 0.6698
>>>>>>>>>>>>>>>>>>>>>>>>>>>>>>>>>>>>>>>>>>>>>>>>>>>>>>>>>>>>>>>>>>>>>>>>>>>>>>>>>>>>>>>>>>>>>>>>>>>>
epoch: 43
loss: 0.0727, acc: 1.0000
loss: 0.1642, acc: 0.9427
loss: 0.1901, acc: 0.9290
loss: 0.1824, acc: 0.9355
loss: 0.1834, acc: 0.9375
loss: 0.1810, acc: 0.9375
loss: 0.1927, acc: 0.9325
loss: 0.1889, acc: 0.9340
loss: 0.1890, acc: 0.9345
loss: 0.1911, acc: 0.9341
loss: 0.1882, acc: 0.9357
loss: 0.1905, acc: 0.9353
loss: 0.1928, acc: 0.9329
loss: 0.1935, acc: 0.9323
loss: 0.1939, acc: 0.9322
loss: 0.1960, acc: 0.9301
loss: 0.1939, acc: 0.9325
loss: 0.1911, acc: 0.9342
loss: 0.1927, acc: 0.9348
loss: 0.1945, acc: 0.9329
loss: 0.1931, acc: 0.9341
loss: 0.1929, acc: 0.9346
loss: 0.1932, acc: 0.9344
> val_acc: 0.7982, val_f1: 0.6765
>>>>>>>>>>>>>>>>>>>>>>>>>>>>>>>>>>>>>>>>>>>>>>>>>>>>>>>>>>>>>>>>>>>>>>>>>>>>>>>>>>>>>>>>>>>>>>>>>>>>
epoch: 44
loss: 0.1778, acc: 0.9375
loss: 0.1669, acc: 0.9453
loss: 0.1761, acc: 0.9399
loss: 0.1729, acc: 0.9375
loss: 0.1765, acc: 0.9361
loss: 0.1700, acc: 0.9431
loss: 0.1720, acc: 0.9413
loss: 0.1676, acc: 0.9424
loss: 0.1631, acc: 0.9448
loss: 0.1632, acc: 0.9466
loss: 0.1654, acc: 0.9469
loss: 0.1717, acc: 0.9450
loss: 0.1756, acc: 0.9435
loss: 0.1790, acc: 0.9412
loss: 0.1798, acc: 0.9405
loss: 0.1857, acc: 0.9359
loss: 0.1863, acc: 0.9352
loss: 0.1863, acc: 0.9354
loss: 0.1861, acc: 0.9355
loss: 0.1865, acc: 0.9362
loss: 0.1877, acc: 0.9354
loss: 0.1880, acc: 0.9352
loss: 0.1874, acc: 0.9349
> val_acc: 0.7955, val_f1: 0.6693
>>>>>>>>>>>>>>>>>>>>>>>>>>>>>>>>>>>>>>>>>>>>>>>>>>>>>>>>>>>>>>>>>>>>>>>>>>>>>>>>>>>>>>>>>>>>>>>>>>>>
epoch: 45
loss: 0.1669, acc: 0.9563
loss: 0.1944, acc: 0.9375
loss: 0.2007, acc: 0.9396
loss: 0.2112, acc: 0.9250
loss: 0.1976, acc: 0.9325
loss: 0.1879, acc: 0.9385
loss: 0.1877, acc: 0.9366
loss: 0.1890, acc: 0.9344
loss: 0.1920, acc: 0.9319
loss: 0.1947, acc: 0.9319
loss: 0.1936, acc: 0.9318
loss: 0.1906, acc: 0.9323
loss: 0.1930, acc: 0.9313
loss: 0.1903, acc: 0.9330
loss: 0.1906, acc: 0.9329
loss: 0.1907, acc: 0.9332
loss: 0.1932, acc: 0.9324
loss: 0.1921, acc: 0.9337
loss: 0.1893, acc: 0.9345
loss: 0.1889, acc: 0.9344
loss: 0.1884, acc: 0.9348
loss: 0.1881, acc: 0.9355
> val_acc: 0.7937, val_f1: 0.6718
>>>>>>>>>>>>>>>>>>>>>>>>>>>>>>>>>>>>>>>>>>>>>>>>>>>>>>>>>>>>>>>>>>>>>>>>>>>>>>>>>>>>>>>>>>>>>>>>>>>>
epoch: 46
loss: 0.1319, acc: 0.9688
loss: 0.1514, acc: 0.9509
loss: 0.1646, acc: 0.9427
loss: 0.1635, acc: 0.9430
loss: 0.1712, acc: 0.9432
loss: 0.1691, acc: 0.9444
loss: 0.1739, acc: 0.9443
loss: 0.1803, acc: 0.9409
loss: 0.1770, acc: 0.9435
loss: 0.1743, acc: 0.9448
loss: 0.1706, acc: 0.9483
loss: 0.1681, acc: 0.9490
loss: 0.1693, acc: 0.9491
loss: 0.1683, acc: 0.9501
loss: 0.1708, acc: 0.9484
loss: 0.1766, acc: 0.9456
loss: 0.1765, acc: 0.9455
loss: 0.1760, acc: 0.9447
loss: 0.1775, acc: 0.9436
loss: 0.1756, acc: 0.9449
loss: 0.1749, acc: 0.9449
loss: 0.1792, acc: 0.9407
loss: 0.1798, acc: 0.9406
> val_acc: 0.7982, val_f1: 0.6793
>>>>>>>>>>>>>>>>>>>>>>>>>>>>>>>>>>>>>>>>>>>>>>>>>>>>>>>>>>>>>>>>>>>>>>>>>>>>>>>>>>>>>>>>>>>>>>>>>>>>
epoch: 47
loss: 0.1899, acc: 0.9531
loss: 0.1818, acc: 0.9479
loss: 0.1779, acc: 0.9554
loss: 0.1796, acc: 0.9507
loss: 0.1742, acc: 0.9531
loss: 0.1764, acc: 0.9494
loss: 0.1817, acc: 0.9421
loss: 0.1789, acc: 0.9431
loss: 0.1859, acc: 0.9396
loss: 0.1892, acc: 0.9388
loss: 0.1889, acc: 0.9381
loss: 0.1892, acc: 0.9386
loss: 0.1897, acc: 0.9370
loss: 0.1870, acc: 0.9370
loss: 0.1851, acc: 0.9388
loss: 0.1847, acc: 0.9375
loss: 0.1842, acc: 0.9368
loss: 0.1836, acc: 0.9371
loss: 0.1850, acc: 0.9375
loss: 0.1855, acc: 0.9369
loss: 0.1824, acc: 0.9393
loss: 0.1824, acc: 0.9389
> val_acc: 0.7973, val_f1: 0.6722
>>>>>>>>>>>>>>>>>>>>>>>>>>>>>>>>>>>>>>>>>>>>>>>>>>>>>>>>>>>>>>>>>>>>>>>>>>>>>>>>>>>>>>>>>>>>>>>>>>>>
epoch: 48
loss: 0.1364, acc: 0.9688
loss: 0.2159, acc: 0.9010
loss: 0.2027, acc: 0.9148
loss: 0.2102, acc: 0.9121
loss: 0.2118, acc: 0.9092
loss: 0.2052, acc: 0.9123
loss: 0.1978, acc: 0.9173
loss: 0.1874, acc: 0.9253
loss: 0.1873, acc: 0.9253
loss: 0.1826, acc: 0.9293
loss: 0.1812, acc: 0.9295
loss: 0.1827, acc: 0.9286
loss: 0.1843, acc: 0.9283
loss: 0.1859, acc: 0.9299
loss: 0.1878, acc: 0.9287
loss: 0.1871, acc: 0.9289
loss: 0.1843, acc: 0.9313
loss: 0.1837, acc: 0.9310
loss: 0.1842, acc: 0.9306
loss: 0.1839, acc: 0.9310
loss: 0.1878, acc: 0.9288
loss: 0.1867, acc: 0.9292
loss: 0.1866, acc: 0.9302
> val_acc: 0.7937, val_f1: 0.6717
>>>>>>>>>>>>>>>>>>>>>>>>>>>>>>>>>>>>>>>>>>>>>>>>>>>>>>>>>>>>>>>>>>>>>>>>>>>>>>>>>>>>>>>>>>>>>>>>>>>>
epoch: 49
loss: 0.1473, acc: 0.9375
loss: 0.1515, acc: 0.9414
loss: 0.1493, acc: 0.9423
loss: 0.1480, acc: 0.9444
loss: 0.1605, acc: 0.9389
loss: 0.1772, acc: 0.9342
loss: 0.1797, acc: 0.9347
loss: 0.1781, acc: 0.9367
loss: 0.1757, acc: 0.9397
loss: 0.1780, acc: 0.9355
loss: 0.1791, acc: 0.9340
loss: 0.1749, acc: 0.9364
loss: 0.1769, acc: 0.9355
loss: 0.1810, acc: 0.9334
loss: 0.1812, acc: 0.9345
loss: 0.1803, acc: 0.9359
loss: 0.1805, acc: 0.9364
loss: 0.1811, acc: 0.9361
loss: 0.1825, acc: 0.9358
loss: 0.1846, acc: 0.9346
loss: 0.1850, acc: 0.9348
loss: 0.1861, acc: 0.9346
loss: 0.1855, acc: 0.9349
> val_acc: 0.7937, val_f1: 0.6679
>>>>>>>>>>>>>>>>>>>>>>>>>>>>>>>>>>>>>>>>>>>>>>>>>>>>>>>>>>>>>>>>>>>>>>>>>>>>>>>>>>>>>>>>>>>>>>>>>>>>
epoch: 50
loss: 0.2048, acc: 0.9187
loss: 0.1847, acc: 0.9406
loss: 0.1831, acc: 0.9417
loss: 0.1790, acc: 0.9422
loss: 0.1703, acc: 0.9463
loss: 0.1764, acc: 0.9427
loss: 0.1809, acc: 0.9411
loss: 0.1765, acc: 0.9422
loss: 0.1769, acc: 0.9403
loss: 0.1857, acc: 0.9363
loss: 0.1858, acc: 0.9364
loss: 0.1880, acc: 0.9354
loss: 0.1870, acc: 0.9351
loss: 0.1848, acc: 0.9371
loss: 0.1846, acc: 0.9358
loss: 0.1838, acc: 0.9371
loss: 0.1844, acc: 0.9371
loss: 0.1855, acc: 0.9358
loss: 0.1892, acc: 0.9339
loss: 0.1859, acc: 0.9353
loss: 0.1857, acc: 0.9354
loss: 0.1853, acc: 0.9355
> val_acc: 0.7937, val_f1: 0.6694
>>>>>>>>>>>>>>>>>>>>>>>>>>>>>>>>>>>>>>>>>>>>>>>>>>>>>>>>>>>>>>>>>>>>>>>>>>>>>>>>>>>>>>>>>>>>>>>>>>>>
epoch: 51
loss: 0.1861, acc: 0.9531
loss: 0.1328, acc: 0.9777
loss: 0.1402, acc: 0.9740
loss: 0.1603, acc: 0.9614
loss: 0.1585, acc: 0.9588
loss: 0.1517, acc: 0.9595
loss: 0.1596, acc: 0.9502
loss: 0.1550, acc: 0.9519
loss: 0.1593, acc: 0.9516
loss: 0.1650, acc: 0.9481
loss: 0.1635, acc: 0.9489
loss: 0.1640, acc: 0.9485
loss: 0.1671, acc: 0.9476
loss: 0.1647, acc: 0.9492
loss: 0.1682, acc: 0.9470
loss: 0.1703, acc: 0.9456
loss: 0.1705, acc: 0.9451
loss: 0.1699, acc: 0.9458
loss: 0.1734, acc: 0.9436
loss: 0.1754, acc: 0.9430
loss: 0.1775, acc: 0.9427
loss: 0.1779, acc: 0.9422
loss: 0.1776, acc: 0.9417
> val_acc: 0.7929, val_f1: 0.6696
>>>>>>>>>>>>>>>>>>>>>>>>>>>>>>>>>>>>>>>>>>>>>>>>>>>>>>>>>>>>>>>>>>>>>>>>>>>>>>>>>>>>>>>>>>>>>>>>>>>>
epoch: 52
loss: 0.2237, acc: 0.9062
loss: 0.2174, acc: 0.9167
loss: 0.1987, acc: 0.9286
loss: 0.1915, acc: 0.9342
loss: 0.1803, acc: 0.9427
loss: 0.1812, acc: 0.9440
loss: 0.1816, acc: 0.9430
loss: 0.1803, acc: 0.9431
loss: 0.1770, acc: 0.9453
loss: 0.1774, acc: 0.9432
loss: 0.1751, acc: 0.9427
loss: 0.1764, acc: 0.9407
loss: 0.1799, acc: 0.9404
loss: 0.1815, acc: 0.9384
loss: 0.1778, acc: 0.9400
loss: 0.1817, acc: 0.9367
loss: 0.1809, acc: 0.9368
loss: 0.1787, acc: 0.9375
loss: 0.1784, acc: 0.9372
loss: 0.1798, acc: 0.9381
loss: 0.1807, acc: 0.9381
loss: 0.1783, acc: 0.9398
> val_acc: 0.7964, val_f1: 0.6698
>>>>>>>>>>>>>>>>>>>>>>>>>>>>>>>>>>>>>>>>>>>>>>>>>>>>>>>>>>>>>>>>>>>>>>>>>>>>>>>>>>>>>>>>>>>>>>>>>>>>
epoch: 53
loss: 0.1339, acc: 0.9375
loss: 0.1885, acc: 0.9323
loss: 0.1737, acc: 0.9489
loss: 0.1837, acc: 0.9316
loss: 0.1859, acc: 0.9315
loss: 0.1953, acc: 0.9279
loss: 0.1911, acc: 0.9315
loss: 0.1877, acc: 0.9323
loss: 0.1863, acc: 0.9329
loss: 0.1859, acc: 0.9334
loss: 0.1795, acc: 0.9369
loss: 0.1776, acc: 0.9375
loss: 0.1769, acc: 0.9380
loss: 0.1738, acc: 0.9408
loss: 0.1715, acc: 0.9415
loss: 0.1703, acc: 0.9424
loss: 0.1712, acc: 0.9410
loss: 0.1721, acc: 0.9415
loss: 0.1740, acc: 0.9399
loss: 0.1743, acc: 0.9401
loss: 0.1737, acc: 0.9394
loss: 0.1740, acc: 0.9396
loss: 0.1739, acc: 0.9392
> val_acc: 0.7964, val_f1: 0.6723
>>>>>>>>>>>>>>>>>>>>>>>>>>>>>>>>>>>>>>>>>>>>>>>>>>>>>>>>>>>>>>>>>>>>>>>>>>>>>>>>>>>>>>>>>>>>>>>>>>>>
epoch: 54
loss: 0.1020, acc: 0.9792
loss: 0.1279, acc: 0.9570
loss: 0.1287, acc: 0.9615
loss: 0.1252, acc: 0.9618
loss: 0.1296, acc: 0.9565
loss: 0.1366, acc: 0.9520
loss: 0.1448, acc: 0.9508
loss: 0.1461, acc: 0.9498
loss: 0.1492, acc: 0.9499
loss: 0.1519, acc: 0.9466
loss: 0.1552, acc: 0.9458
loss: 0.1580, acc: 0.9456
loss: 0.1637, acc: 0.9449
loss: 0.1646, acc: 0.9453
loss: 0.1629, acc: 0.9469
loss: 0.1642, acc: 0.9451
loss: 0.1647, acc: 0.9447
loss: 0.1660, acc: 0.9435
loss: 0.1674, acc: 0.9452
loss: 0.1664, acc: 0.9455
loss: 0.1681, acc: 0.9442
loss: 0.1710, acc: 0.9427
loss: 0.1724, acc: 0.9421
> val_acc: 0.7937, val_f1: 0.6666
>>>>>>>>>>>>>>>>>>>>>>>>>>>>>>>>>>>>>>>>>>>>>>>>>>>>>>>>>>>>>>>>>>>>>>>>>>>>>>>>>>>>>>>>>>>>>>>>>>>>
epoch: 55
loss: 0.1420, acc: 0.9375
loss: 0.1648, acc: 0.9344
loss: 0.1563, acc: 0.9333
loss: 0.1661, acc: 0.9297
loss: 0.1731, acc: 0.9300
loss: 0.1737, acc: 0.9323
loss: 0.1730, acc: 0.9348
loss: 0.1709, acc: 0.9367
loss: 0.1675, acc: 0.9389
loss: 0.1644, acc: 0.9419
loss: 0.1690, acc: 0.9392
loss: 0.1668, acc: 0.9406
loss: 0.1676, acc: 0.9399
loss: 0.1638, acc: 0.9420
loss: 0.1656, acc: 0.9404
loss: 0.1653, acc: 0.9410
loss: 0.1641, acc: 0.9423
loss: 0.1662, acc: 0.9424
loss: 0.1682, acc: 0.9395
loss: 0.1696, acc: 0.9394
loss: 0.1724, acc: 0.9378
loss: 0.1719, acc: 0.9381
> val_acc: 0.7946, val_f1: 0.6681
>>>>>>>>>>>>>>>>>>>>>>>>>>>>>>>>>>>>>>>>>>>>>>>>>>>>>>>>>>>>>>>>>>>>>>>>>>>>>>>>>>>>>>>>>>>>>>>>>>>>
epoch: 56
loss: 0.2248, acc: 0.9375
loss: 0.1783, acc: 0.9375
loss: 0.1777, acc: 0.9401
loss: 0.1810, acc: 0.9357
loss: 0.1739, acc: 0.9418
loss: 0.1745, acc: 0.9421
loss: 0.1696, acc: 0.9463
loss: 0.1628, acc: 0.9485
loss: 0.1658, acc: 0.9487
loss: 0.1652, acc: 0.9508
loss: 0.1644, acc: 0.9513
loss: 0.1633, acc: 0.9518
loss: 0.1670, acc: 0.9501
loss: 0.1701, acc: 0.9482
loss: 0.1695, acc: 0.9475
loss: 0.1692, acc: 0.9468
loss: 0.1714, acc: 0.9459
loss: 0.1685, acc: 0.9472
loss: 0.1665, acc: 0.9484
loss: 0.1666, acc: 0.9481
loss: 0.1674, acc: 0.9470
loss: 0.1697, acc: 0.9451
loss: 0.1698, acc: 0.9442
> val_acc: 0.7946, val_f1: 0.6692
>>>>>>>>>>>>>>>>>>>>>>>>>>>>>>>>>>>>>>>>>>>>>>>>>>>>>>>>>>>>>>>>>>>>>>>>>>>>>>>>>>>>>>>>>>>>>>>>>>>>
epoch: 57
loss: 0.1620, acc: 0.9375
loss: 0.1538, acc: 0.9410
loss: 0.1598, acc: 0.9442
loss: 0.1672, acc: 0.9441
loss: 0.1618, acc: 0.9466
loss: 0.1588, acc: 0.9450
loss: 0.1546, acc: 0.9458
loss: 0.1595, acc: 0.9415
loss: 0.1609, acc: 0.9382
loss: 0.1658, acc: 0.9369
loss: 0.1645, acc: 0.9392
loss: 0.1658, acc: 0.9391
loss: 0.1644, acc: 0.9399
loss: 0.1609, acc: 0.9429
loss: 0.1595, acc: 0.9443
loss: 0.1642, acc: 0.9419
loss: 0.1690, acc: 0.9382
loss: 0.1660, acc: 0.9396
loss: 0.1685, acc: 0.9382
loss: 0.1677, acc: 0.9384
loss: 0.1672, acc: 0.9390
loss: 0.1688, acc: 0.9384
> val_acc: 0.7964, val_f1: 0.6716
>>>>>>>>>>>>>>>>>>>>>>>>>>>>>>>>>>>>>>>>>>>>>>>>>>>>>>>>>>>>>>>>>>>>>>>>>>>>>>>>>>>>>>>>>>>>>>>>>>>>
epoch: 58
loss: 0.1206, acc: 0.9688
loss: 0.1307, acc: 0.9635
loss: 0.1506, acc: 0.9517
loss: 0.1462, acc: 0.9551
loss: 0.1447, acc: 0.9568
loss: 0.1568, acc: 0.9507
loss: 0.1589, acc: 0.9476
loss: 0.1620, acc: 0.9470
loss: 0.1600, acc: 0.9474
loss: 0.1617, acc: 0.9470
loss: 0.1656, acc: 0.9455
loss: 0.1669, acc: 0.9425
loss: 0.1638, acc: 0.9436
loss: 0.1640, acc: 0.9418
loss: 0.1667, acc: 0.9397
loss: 0.1680, acc: 0.9396
loss: 0.1681, acc: 0.9394
loss: 0.1654, acc: 0.9408
loss: 0.1675, acc: 0.9402
loss: 0.1672, acc: 0.9401
loss: 0.1669, acc: 0.9400
loss: 0.1692, acc: 0.9402
loss: 0.1700, acc: 0.9403
> val_acc: 0.7955, val_f1: 0.6683
>>>>>>>>>>>>>>>>>>>>>>>>>>>>>>>>>>>>>>>>>>>>>>>>>>>>>>>>>>>>>>>>>>>>>>>>>>>>>>>>>>>>>>>>>>>>>>>>>>>>
epoch: 59
loss: 0.1487, acc: 0.9583
loss: 0.1510, acc: 0.9492
loss: 0.1625, acc: 0.9495
loss: 0.1687, acc: 0.9462
loss: 0.1641, acc: 0.9457
loss: 0.1611, acc: 0.9431
loss: 0.1624, acc: 0.9422
loss: 0.1606, acc: 0.9400
loss: 0.1576, acc: 0.9426
loss: 0.1559, acc: 0.9440
loss: 0.1594, acc: 0.9428
loss: 0.1584, acc: 0.9434
loss: 0.1627, acc: 0.9420
loss: 0.1637, acc: 0.9407
loss: 0.1685, acc: 0.9384
loss: 0.1661, acc: 0.9387
loss: 0.1668, acc: 0.9379
loss: 0.1688, acc: 0.9364
loss: 0.1682, acc: 0.9368
loss: 0.1681, acc: 0.9369
loss: 0.1677, acc: 0.9366
loss: 0.1654, acc: 0.9384
loss: 0.1662, acc: 0.9376
> val_acc: 0.7920, val_f1: 0.6679
>>>>>>>>>>>>>>>>>>>>>>>>>>>>>>>>>>>>>>>>>>>>>>>>>>>>>>>>>>>>>>>>>>>>>>>>>>>>>>>>>>>>>>>>>>>>>>>>>>>>
epoch: 60
loss: 0.1599, acc: 0.9375
loss: 0.1686, acc: 0.9375
loss: 0.1643, acc: 0.9437
loss: 0.1576, acc: 0.9469
loss: 0.1543, acc: 0.9513
loss: 0.1550, acc: 0.9531
loss: 0.1530, acc: 0.9536
loss: 0.1658, acc: 0.9445
loss: 0.1667, acc: 0.9444
loss: 0.1637, acc: 0.9456
loss: 0.1601, acc: 0.9460
loss: 0.1590, acc: 0.9469
loss: 0.1614, acc: 0.9442
loss: 0.1607, acc: 0.9451
loss: 0.1614, acc: 0.9446
loss: 0.1625, acc: 0.9437
loss: 0.1631, acc: 0.9423
loss: 0.1644, acc: 0.9424
loss: 0.1658, acc: 0.9411
loss: 0.1672, acc: 0.9406
loss: 0.1658, acc: 0.9414
loss: 0.1652, acc: 0.9420
> val_acc: 0.7946, val_f1: 0.6686
>>>>>>>>>>>>>>>>>>>>>>>>>>>>>>>>>>>>>>>>>>>>>>>>>>>>>>>>>>>>>>>>>>>>>>>>>>>>>>>>>>>>>>>>>>>>>>>>>>>>
epoch: 61
loss: 0.1421, acc: 0.9219
loss: 0.1828, acc: 0.9241
loss: 0.1740, acc: 0.9323
loss: 0.1695, acc: 0.9393
loss: 0.1630, acc: 0.9432
loss: 0.1663, acc: 0.9398
loss: 0.1602, acc: 0.9424
loss: 0.1611, acc: 0.9409
loss: 0.1636, acc: 0.9390
loss: 0.1610, acc: 0.9408
loss: 0.1662, acc: 0.9393
loss: 0.1663, acc: 0.9386
loss: 0.1652, acc: 0.9395
loss: 0.1642, acc: 0.9403
loss: 0.1643, acc: 0.9397
loss: 0.1657, acc: 0.9387
loss: 0.1665, acc: 0.9394
loss: 0.1660, acc: 0.9389
loss: 0.1646, acc: 0.9406
loss: 0.1646, acc: 0.9410
loss: 0.1636, acc: 0.9427
loss: 0.1613, acc: 0.9439
loss: 0.1623, acc: 0.9431
> val_acc: 0.7955, val_f1: 0.6704
>>>>>>>>>>>>>>>>>>>>>>>>>>>>>>>>>>>>>>>>>>>>>>>>>>>>>>>>>>>>>>>>>>>>>>>>>>>>>>>>>>>>>>>>>>>>>>>>>>>>
epoch: 62
loss: 0.1870, acc: 0.9297
loss: 0.1739, acc: 0.9514
loss: 0.1631, acc: 0.9509
loss: 0.1538, acc: 0.9539
loss: 0.1527, acc: 0.9557
loss: 0.1488, acc: 0.9558
loss: 0.1494, acc: 0.9559
loss: 0.1500, acc: 0.9559
loss: 0.1490, acc: 0.9567
loss: 0.1490, acc: 0.9547
loss: 0.1507, acc: 0.9549
loss: 0.1511, acc: 0.9544
loss: 0.1528, acc: 0.9541
loss: 0.1527, acc: 0.9543
loss: 0.1554, acc: 0.9531
loss: 0.1561, acc: 0.9521
loss: 0.1591, acc: 0.9509
loss: 0.1600, acc: 0.9498
loss: 0.1593, acc: 0.9491
loss: 0.1580, acc: 0.9492
loss: 0.1589, acc: 0.9483
loss: 0.1577, acc: 0.9493
> val_acc: 0.7920, val_f1: 0.6692
>>>>>>>>>>>>>>>>>>>>>>>>>>>>>>>>>>>>>>>>>>>>>>>>>>>>>>>>>>>>>>>>>>>>>>>>>>>>>>>>>>>>>>>>>>>>>>>>>>>>
epoch: 63
loss: 0.2781, acc: 0.9062
loss: 0.1628, acc: 0.9427
loss: 0.1524, acc: 0.9545
loss: 0.1652, acc: 0.9590
loss: 0.1651, acc: 0.9524
loss: 0.1701, acc: 0.9495
loss: 0.1619, acc: 0.9526
loss: 0.1597, acc: 0.9531
loss: 0.1600, acc: 0.9512
loss: 0.1564, acc: 0.9538
loss: 0.1586, acc: 0.9504
loss: 0.1570, acc: 0.9503
loss: 0.1586, acc: 0.9488
loss: 0.1588, acc: 0.9489
loss: 0.1600, acc: 0.9485
loss: 0.1597, acc: 0.9486
loss: 0.1628, acc: 0.9456
loss: 0.1665, acc: 0.9444
loss: 0.1655, acc: 0.9440
loss: 0.1677, acc: 0.9437
loss: 0.1682, acc: 0.9431
loss: 0.1677, acc: 0.9431
loss: 0.1679, acc: 0.9437
> val_acc: 0.7955, val_f1: 0.6697
>>>>>>>>>>>>>>>>>>>>>>>>>>>>>>>>>>>>>>>>>>>>>>>>>>>>>>>>>>>>>>>>>>>>>>>>>>>>>>>>>>>>>>>>>>>>>>>>>>>>
epoch: 64
loss: 0.1481, acc: 0.9271
loss: 0.1807, acc: 0.9258
loss: 0.1683, acc: 0.9399
loss: 0.1784, acc: 0.9306
loss: 0.1793, acc: 0.9266
loss: 0.1849, acc: 0.9219
loss: 0.1849, acc: 0.9233
loss: 0.1788, acc: 0.9268
loss: 0.1771, acc: 0.9266
loss: 0.1756, acc: 0.9290
loss: 0.1789, acc: 0.9269
loss: 0.1759, acc: 0.9289
loss: 0.1719, acc: 0.9311
loss: 0.1737, acc: 0.9311
loss: 0.1698, acc: 0.9336
loss: 0.1680, acc: 0.9347
loss: 0.1624, acc: 0.9379
loss: 0.1615, acc: 0.9382
loss: 0.1617, acc: 0.9375
loss: 0.1622, acc: 0.9365
loss: 0.1616, acc: 0.9378
loss: 0.1620, acc: 0.9378
loss: 0.1605, acc: 0.9385
> val_acc: 0.7937, val_f1: 0.6723
>>>>>>>>>>>>>>>>>>>>>>>>>>>>>>>>>>>>>>>>>>>>>>>>>>>>>>>>>>>>>>>>>>>>>>>>>>>>>>>>>>>>>>>>>>>>>>>>>>>>
epoch: 65
loss: 0.1256, acc: 0.9625
loss: 0.1195, acc: 0.9656
loss: 0.1250, acc: 0.9667
loss: 0.1292, acc: 0.9672
loss: 0.1483, acc: 0.9575
loss: 0.1579, acc: 0.9479
loss: 0.1556, acc: 0.9491
loss: 0.1566, acc: 0.9461
loss: 0.1585, acc: 0.9458
loss: 0.1601, acc: 0.9444
loss: 0.1544, acc: 0.9477
loss: 0.1558, acc: 0.9474
loss: 0.1565, acc: 0.9462
loss: 0.1564, acc: 0.9455
loss: 0.1561, acc: 0.9458
loss: 0.1528, acc: 0.9477
loss: 0.1534, acc: 0.9474
loss: 0.1568, acc: 0.9458
loss: 0.1592, acc: 0.9451
loss: 0.1611, acc: 0.9453
loss: 0.1617, acc: 0.9455
loss: 0.1630, acc: 0.9443
> val_acc: 0.7955, val_f1: 0.6696
>>>>>>>>>>>>>>>>>>>>>>>>>>>>>>>>>>>>>>>>>>>>>>>>>>>>>>>>>>>>>>>>>>>>>>>>>>>>>>>>>>>>>>>>>>>>>>>>>>>>
epoch: 66
loss: 0.1228, acc: 0.9688
loss: 0.1276, acc: 0.9732
loss: 0.1382, acc: 0.9557
loss: 0.1354, acc: 0.9559
loss: 0.1464, acc: 0.9517
loss: 0.1444, acc: 0.9549
loss: 0.1435, acc: 0.9570
loss: 0.1434, acc: 0.9552
loss: 0.1454, acc: 0.9546
loss: 0.1477, acc: 0.9541
loss: 0.1459, acc: 0.9567
loss: 0.1488, acc: 0.9534
loss: 0.1475, acc: 0.9541
loss: 0.1501, acc: 0.9529
loss: 0.1479, acc: 0.9540
loss: 0.1480, acc: 0.9533
loss: 0.1477, acc: 0.9535
loss: 0.1486, acc: 0.9537
loss: 0.1489, acc: 0.9545
loss: 0.1499, acc: 0.9539
loss: 0.1511, acc: 0.9516
loss: 0.1512, acc: 0.9506
loss: 0.1514, acc: 0.9501
> val_acc: 0.7920, val_f1: 0.6680
>>>>>>>>>>>>>>>>>>>>>>>>>>>>>>>>>>>>>>>>>>>>>>>>>>>>>>>>>>>>>>>>>>>>>>>>>>>>>>>>>>>>>>>>>>>>>>>>>>>>
epoch: 67
loss: 0.1551, acc: 0.9531
loss: 0.1579, acc: 0.9583
loss: 0.1446, acc: 0.9598
loss: 0.1532, acc: 0.9474
loss: 0.1642, acc: 0.9427
loss: 0.1627, acc: 0.9440
loss: 0.1584, acc: 0.9458
loss: 0.1629, acc: 0.9455
loss: 0.1614, acc: 0.9460
loss: 0.1632, acc: 0.9445
loss: 0.1653, acc: 0.9444
loss: 0.1656, acc: 0.9449
loss: 0.1640, acc: 0.9463
loss: 0.1668, acc: 0.9452
loss: 0.1667, acc: 0.9447
loss: 0.1650, acc: 0.9454
loss: 0.1685, acc: 0.9427
loss: 0.1676, acc: 0.9428
loss: 0.1650, acc: 0.9438
loss: 0.1652, acc: 0.9441
loss: 0.1645, acc: 0.9447
loss: 0.1636, acc: 0.9452
> val_acc: 0.7946, val_f1: 0.6698
>>>>>>>>>>>>>>>>>>>>>>>>>>>>>>>>>>>>>>>>>>>>>>>>>>>>>>>>>>>>>>>>>>>>>>>>>>>>>>>>>>>>>>>>>>>>>>>>>>>>
epoch: 68
loss: 0.2367, acc: 0.9062
loss: 0.1583, acc: 0.9531
loss: 0.1705, acc: 0.9375
loss: 0.1579, acc: 0.9453
loss: 0.1555, acc: 0.9464
loss: 0.1567, acc: 0.9483
loss: 0.1623, acc: 0.9476
loss: 0.1611, acc: 0.9479
loss: 0.1593, acc: 0.9489
loss: 0.1582, acc: 0.9497
loss: 0.1633, acc: 0.9455
loss: 0.1624, acc: 0.9436
loss: 0.1628, acc: 0.9436
loss: 0.1661, acc: 0.9437
loss: 0.1627, acc: 0.9454
loss: 0.1625, acc: 0.9445
loss: 0.1628, acc: 0.9437
loss: 0.1622, acc: 0.9437
loss: 0.1619, acc: 0.9427
loss: 0.1611, acc: 0.9424
loss: 0.1611, acc: 0.9418
loss: 0.1588, acc: 0.9434
loss: 0.1616, acc: 0.9409
> val_acc: 0.7946, val_f1: 0.6705
>>>>>>>>>>>>>>>>>>>>>>>>>>>>>>>>>>>>>>>>>>>>>>>>>>>>>>>>>>>>>>>>>>>>>>>>>>>>>>>>>>>>>>>>>>>>>>>>>>>>
epoch: 69
loss: 0.1297, acc: 0.9688
loss: 0.1329, acc: 0.9688
loss: 0.1456, acc: 0.9567
loss: 0.1499, acc: 0.9514
loss: 0.1581, acc: 0.9470
loss: 0.1586, acc: 0.9498
loss: 0.1662, acc: 0.9479
loss: 0.1618, acc: 0.9507
loss: 0.1639, acc: 0.9477
loss: 0.1659, acc: 0.9466
loss: 0.1615, acc: 0.9487
loss: 0.1602, acc: 0.9472
loss: 0.1613, acc: 0.9459
loss: 0.1603, acc: 0.9472
loss: 0.1598, acc: 0.9465
loss: 0.1605, acc: 0.9463
loss: 0.1595, acc: 0.9462
loss: 0.1567, acc: 0.9467
loss: 0.1565, acc: 0.9469
loss: 0.1543, acc: 0.9480
loss: 0.1541, acc: 0.9478
loss: 0.1522, acc: 0.9491
loss: 0.1534, acc: 0.9484
> val_acc: 0.7964, val_f1: 0.6705
>>>>>>>>>>>>>>>>>>>>>>>>>>>>>>>>>>>>>>>>>>>>>>>>>>>>>>>>>>>>>>>>>>>>>>>>>>>>>>>>>>>>>>>>>>>>>>>>>>>>
epoch: 70
loss: 0.1543, acc: 0.9625
loss: 0.1684, acc: 0.9469
loss: 0.1734, acc: 0.9396
loss: 0.1717, acc: 0.9328
loss: 0.1718, acc: 0.9363
loss: 0.1746, acc: 0.9313
loss: 0.1703, acc: 0.9348
loss: 0.1706, acc: 0.9359
loss: 0.1642, acc: 0.9389
loss: 0.1666, acc: 0.9387
loss: 0.1666, acc: 0.9386
loss: 0.1633, acc: 0.9417
loss: 0.1625, acc: 0.9428
loss: 0.1608, acc: 0.9442
loss: 0.1590, acc: 0.9446
loss: 0.1579, acc: 0.9453
loss: 0.1587, acc: 0.9460
loss: 0.1588, acc: 0.9458
loss: 0.1562, acc: 0.9474
loss: 0.1570, acc: 0.9463
loss: 0.1548, acc: 0.9473
loss: 0.1548, acc: 0.9469
> val_acc: 0.7946, val_f1: 0.6716
>>>>>>>>>>>>>>>>>>>>>>>>>>>>>>>>>>>>>>>>>>>>>>>>>>>>>>>>>>>>>>>>>>>>>>>>>>>>>>>>>>>>>>>>>>>>>>>>>>>>
epoch: 71
loss: 0.1801, acc: 0.9375
loss: 0.1568, acc: 0.9464
loss: 0.1664, acc: 0.9453
loss: 0.1638, acc: 0.9485
loss: 0.1464, acc: 0.9545
loss: 0.1513, acc: 0.9537
loss: 0.1544, acc: 0.9512
loss: 0.1504, acc: 0.9544
loss: 0.1484, acc: 0.9554
loss: 0.1433, acc: 0.9594
loss: 0.1427, acc: 0.9585
loss: 0.1434, acc: 0.9589
loss: 0.1476, acc: 0.9567
loss: 0.1438, acc: 0.9590
loss: 0.1491, acc: 0.9549
loss: 0.1501, acc: 0.9545
loss: 0.1522, acc: 0.9539
loss: 0.1517, acc: 0.9540
loss: 0.1522, acc: 0.9535
loss: 0.1510, acc: 0.9533
loss: 0.1508, acc: 0.9534
loss: 0.1500, acc: 0.9536
loss: 0.1493, acc: 0.9537
> val_acc: 0.7937, val_f1: 0.6702
>>>>>>>>>>>>>>>>>>>>>>>>>>>>>>>>>>>>>>>>>>>>>>>>>>>>>>>>>>>>>>>>>>>>>>>>>>>>>>>>>>>>>>>>>>>>>>>>>>>>
epoch: 72
loss: 0.1192, acc: 0.9609
loss: 0.1137, acc: 0.9653
loss: 0.1269, acc: 0.9598
loss: 0.1497, acc: 0.9474
loss: 0.1539, acc: 0.9414
loss: 0.1542, acc: 0.9418
loss: 0.1485, acc: 0.9458
loss: 0.1456, acc: 0.9463
loss: 0.1461, acc: 0.9446
loss: 0.1417, acc: 0.9477
loss: 0.1471, acc: 0.9456
loss: 0.1441, acc: 0.9486
loss: 0.1444, acc: 0.9502
loss: 0.1461, acc: 0.9502
loss: 0.1446, acc: 0.9531
loss: 0.1452, acc: 0.9521
loss: 0.1439, acc: 0.9535
loss: 0.1491, acc: 0.9508
loss: 0.1517, acc: 0.9488
loss: 0.1524, acc: 0.9482
loss: 0.1514, acc: 0.9492
loss: 0.1524, acc: 0.9481
> val_acc: 0.7937, val_f1: 0.6724
>>>>>>>>>>>>>>>>>>>>>>>>>>>>>>>>>>>>>>>>>>>>>>>>>>>>>>>>>>>>>>>>>>>>>>>>>>>>>>>>>>>>>>>>>>>>>>>>>>>>
epoch: 73
loss: 0.1278, acc: 0.9688
loss: 0.1352, acc: 0.9531
loss: 0.1406, acc: 0.9489
loss: 0.1441, acc: 0.9414
loss: 0.1450, acc: 0.9435
loss: 0.1462, acc: 0.9423
loss: 0.1507, acc: 0.9425
loss: 0.1476, acc: 0.9444
loss: 0.1442, acc: 0.9482
loss: 0.1476, acc: 0.9457
loss: 0.1477, acc: 0.9461
loss: 0.1460, acc: 0.9464
loss: 0.1449, acc: 0.9483
loss: 0.1458, acc: 0.9474
loss: 0.1466, acc: 0.9467
loss: 0.1468, acc: 0.9461
loss: 0.1484, acc: 0.9460
loss: 0.1503, acc: 0.9459
loss: 0.1519, acc: 0.9447
loss: 0.1520, acc: 0.9450
loss: 0.1498, acc: 0.9462
loss: 0.1512, acc: 0.9455
loss: 0.1508, acc: 0.9459
> val_acc: 0.7902, val_f1: 0.6671
>>>>>>>>>>>>>>>>>>>>>>>>>>>>>>>>>>>>>>>>>>>>>>>>>>>>>>>>>>>>>>>>>>>>>>>>>>>>>>>>>>>>>>>>>>>>>>>>>>>>
epoch: 74
loss: 0.1657, acc: 0.9375
loss: 0.1471, acc: 0.9492
loss: 0.1417, acc: 0.9543
loss: 0.1429, acc: 0.9583
loss: 0.1461, acc: 0.9565
loss: 0.1439, acc: 0.9565
loss: 0.1463, acc: 0.9508
loss: 0.1444, acc: 0.9531
loss: 0.1463, acc: 0.9506
loss: 0.1473, acc: 0.9479
loss: 0.1471, acc: 0.9481
loss: 0.1489, acc: 0.9461
loss: 0.1532, acc: 0.9439
loss: 0.1530, acc: 0.9444
loss: 0.1523, acc: 0.9439
loss: 0.1513, acc: 0.9439
loss: 0.1521, acc: 0.9428
loss: 0.1504, acc: 0.9450
loss: 0.1525, acc: 0.9449
loss: 0.1524, acc: 0.9448
loss: 0.1526, acc: 0.9457
loss: 0.1535, acc: 0.9453
loss: 0.1523, acc: 0.9457
> val_acc: 0.7911, val_f1: 0.6649
>>>>>>>>>>>>>>>>>>>>>>>>>>>>>>>>>>>>>>>>>>>>>>>>>>>>>>>>>>>>>>>>>>>>>>>>>>>>>>>>>>>>>>>>>>>>>>>>>>>>
epoch: 75
loss: 0.0970, acc: 0.9688
loss: 0.1398, acc: 0.9469
loss: 0.1535, acc: 0.9437
loss: 0.1414, acc: 0.9516
loss: 0.1448, acc: 0.9513
loss: 0.1447, acc: 0.9531
loss: 0.1425, acc: 0.9545
loss: 0.1506, acc: 0.9516
loss: 0.1484, acc: 0.9500
loss: 0.1494, acc: 0.9481
loss: 0.1491, acc: 0.9477
loss: 0.1509, acc: 0.9469
loss: 0.1496, acc: 0.9471
loss: 0.1522, acc: 0.9473
loss: 0.1510, acc: 0.9479
loss: 0.1501, acc: 0.9484
loss: 0.1499, acc: 0.9482
loss: 0.1517, acc: 0.9472
loss: 0.1508, acc: 0.9474
loss: 0.1505, acc: 0.9472
loss: 0.1520, acc: 0.9476
loss: 0.1505, acc: 0.9480
> val_acc: 0.7929, val_f1: 0.6705
>>>>>>>>>>>>>>>>>>>>>>>>>>>>>>>>>>>>>>>>>>>>>>>>>>>>>>>>>>>>>>>>>>>>>>>>>>>>>>>>>>>>>>>>>>>>>>>>>>>>
epoch: 76
loss: 0.1431, acc: 0.9531
loss: 0.1502, acc: 0.9420
loss: 0.1512, acc: 0.9427
loss: 0.1560, acc: 0.9393
loss: 0.1603, acc: 0.9361
loss: 0.1647, acc: 0.9375
loss: 0.1601, acc: 0.9375
loss: 0.1625, acc: 0.9375
loss: 0.1577, acc: 0.9397
loss: 0.1567, acc: 0.9408
loss: 0.1560, acc: 0.9417
loss: 0.1506, acc: 0.9446
loss: 0.1478, acc: 0.9466
loss: 0.1458, acc: 0.9487
loss: 0.1470, acc: 0.9484
loss: 0.1456, acc: 0.9493
loss: 0.1476, acc: 0.9482
loss: 0.1468, acc: 0.9486
loss: 0.1485, acc: 0.9474
loss: 0.1495, acc: 0.9472
loss: 0.1497, acc: 0.9476
loss: 0.1481, acc: 0.9480
loss: 0.1487, acc: 0.9470
> val_acc: 0.7884, val_f1: 0.6619
>>>>>>>>>>>>>>>>>>>>>>>>>>>>>>>>>>>>>>>>>>>>>>>>>>>>>>>>>>>>>>>>>>>>>>>>>>>>>>>>>>>>>>>>>>>>>>>>>>>>
epoch: 77
loss: 0.1229, acc: 0.9688
loss: 0.1317, acc: 0.9722
loss: 0.1344, acc: 0.9688
loss: 0.1349, acc: 0.9655
loss: 0.1355, acc: 0.9635
loss: 0.1356, acc: 0.9591
loss: 0.1337, acc: 0.9577
loss: 0.1362, acc: 0.9567
loss: 0.1361, acc: 0.9581
loss: 0.1412, acc: 0.9560
loss: 0.1466, acc: 0.9531
loss: 0.1449, acc: 0.9539
loss: 0.1431, acc: 0.9541
loss: 0.1443, acc: 0.9538
loss: 0.1443, acc: 0.9531
loss: 0.1453, acc: 0.9517
loss: 0.1484, acc: 0.9501
loss: 0.1480, acc: 0.9501
loss: 0.1498, acc: 0.9488
loss: 0.1499, acc: 0.9495
loss: 0.1508, acc: 0.9495
loss: 0.1523, acc: 0.9487
> val_acc: 0.7937, val_f1: 0.6728
>>>>>>>>>>>>>>>>>>>>>>>>>>>>>>>>>>>>>>>>>>>>>>>>>>>>>>>>>>>>>>>>>>>>>>>>>>>>>>>>>>>>>>>>>>>>>>>>>>>>
epoch: 78
loss: 0.0598, acc: 1.0000
loss: 0.0948, acc: 0.9688
loss: 0.1061, acc: 0.9773
loss: 0.1246, acc: 0.9648
loss: 0.1285, acc: 0.9598
loss: 0.1291, acc: 0.9603
loss: 0.1317, acc: 0.9577
loss: 0.1385, acc: 0.9531
loss: 0.1389, acc: 0.9512
loss: 0.1415, acc: 0.9504
loss: 0.1421, acc: 0.9510
loss: 0.1447, acc: 0.9492
loss: 0.1455, acc: 0.9488
loss: 0.1453, acc: 0.9489
loss: 0.1445, acc: 0.9503
loss: 0.1424, acc: 0.9519
loss: 0.1411, acc: 0.9522
loss: 0.1421, acc: 0.9520
loss: 0.1414, acc: 0.9523
loss: 0.1425, acc: 0.9518
loss: 0.1428, acc: 0.9508
loss: 0.1440, acc: 0.9502
loss: 0.1435, acc: 0.9513
> val_acc: 0.7920, val_f1: 0.6658
>>>>>>>>>>>>>>>>>>>>>>>>>>>>>>>>>>>>>>>>>>>>>>>>>>>>>>>>>>>>>>>>>>>>>>>>>>>>>>>>>>>>>>>>>>>>>>>>>>>>
epoch: 79
loss: 0.1546, acc: 0.9479
loss: 0.1399, acc: 0.9648
loss: 0.1330, acc: 0.9591
loss: 0.1348, acc: 0.9618
loss: 0.1361, acc: 0.9620
loss: 0.1357, acc: 0.9609
loss: 0.1363, acc: 0.9640
loss: 0.1405, acc: 0.9622
loss: 0.1365, acc: 0.9637
loss: 0.1413, acc: 0.9603
loss: 0.1418, acc: 0.9593
loss: 0.1427, acc: 0.9569
loss: 0.1428, acc: 0.9554
loss: 0.1406, acc: 0.9559
loss: 0.1411, acc: 0.9555
loss: 0.1430, acc: 0.9539
loss: 0.1430, acc: 0.9533
loss: 0.1446, acc: 0.9531
loss: 0.1422, acc: 0.9540
loss: 0.1421, acc: 0.9531
loss: 0.1428, acc: 0.9521
loss: 0.1435, acc: 0.9520
loss: 0.1459, acc: 0.9512
> val_acc: 0.7911, val_f1: 0.6650
>>>>>>>>>>>>>>>>>>>>>>>>>>>>>>>>>>>>>>>>>>>>>>>>>>>>>>>>>>>>>>>>>>>>>>>>>>>>>>>>>>>>>>>>>>>>>>>>>>>>
epoch: 80
loss: 0.1467, acc: 0.9500
loss: 0.1708, acc: 0.9375
loss: 0.1647, acc: 0.9375
loss: 0.1556, acc: 0.9406
loss: 0.1468, acc: 0.9463
loss: 0.1409, acc: 0.9510
loss: 0.1405, acc: 0.9500
loss: 0.1390, acc: 0.9516
loss: 0.1354, acc: 0.9556
loss: 0.1341, acc: 0.9569
loss: 0.1320, acc: 0.9580
loss: 0.1360, acc: 0.9563
loss: 0.1362, acc: 0.9563
loss: 0.1366, acc: 0.9571
loss: 0.1376, acc: 0.9567
loss: 0.1361, acc: 0.9566
loss: 0.1362, acc: 0.9570
loss: 0.1351, acc: 0.9576
loss: 0.1334, acc: 0.9579
loss: 0.1344, acc: 0.9563
loss: 0.1335, acc: 0.9571
loss: 0.1342, acc: 0.9568
> val_acc: 0.7893, val_f1: 0.6623
>>>>>>>>>>>>>>>>>>>>>>>>>>>>>>>>>>>>>>>>>>>>>>>>>>>>>>>>>>>>>>>>>>>>>>>>>>>>>>>>>>>>>>>>>>>>>>>>>>>>
epoch: 81
loss: 0.1222, acc: 0.9531
loss: 0.1689, acc: 0.9420
loss: 0.1600, acc: 0.9427
loss: 0.1622, acc: 0.9430
loss: 0.1647, acc: 0.9418
loss: 0.1540, acc: 0.9468
loss: 0.1507, acc: 0.9463
loss: 0.1476, acc: 0.9468
loss: 0.1490, acc: 0.9479
loss: 0.1510, acc: 0.9441
loss: 0.1517, acc: 0.9459
loss: 0.1502, acc: 0.9463
loss: 0.1509, acc: 0.9471
loss: 0.1487, acc: 0.9482
loss: 0.1465, acc: 0.9488
loss: 0.1469, acc: 0.9485
loss: 0.1464, acc: 0.9486
loss: 0.1466, acc: 0.9479
loss: 0.1445, acc: 0.9487
loss: 0.1414, acc: 0.9510
loss: 0.1447, acc: 0.9498
loss: 0.1458, acc: 0.9504
loss: 0.1468, acc: 0.9498
> val_acc: 0.7920, val_f1: 0.6709
>>>>>>>>>>>>>>>>>>>>>>>>>>>>>>>>>>>>>>>>>>>>>>>>>>>>>>>>>>>>>>>>>>>>>>>>>>>>>>>>>>>>>>>>>>>>>>>>>>>>
epoch: 82
loss: 0.1436, acc: 0.9453
loss: 0.1424, acc: 0.9549
loss: 0.1494, acc: 0.9487
loss: 0.1478, acc: 0.9474
loss: 0.1462, acc: 0.9518
loss: 0.1492, acc: 0.9526
loss: 0.1464, acc: 0.9522
loss: 0.1398, acc: 0.9535
loss: 0.1375, acc: 0.9545
loss: 0.1356, acc: 0.9547
loss: 0.1387, acc: 0.9531
loss: 0.1413, acc: 0.9523
loss: 0.1396, acc: 0.9541
loss: 0.1417, acc: 0.9524
loss: 0.1416, acc: 0.9519
loss: 0.1439, acc: 0.9498
loss: 0.1447, acc: 0.9487
loss: 0.1435, acc: 0.9494
loss: 0.1450, acc: 0.9485
loss: 0.1445, acc: 0.9495
loss: 0.1447, acc: 0.9489
loss: 0.1446, acc: 0.9493
> val_acc: 0.7929, val_f1: 0.6661
>>>>>>>>>>>>>>>>>>>>>>>>>>>>>>>>>>>>>>>>>>>>>>>>>>>>>>>>>>>>>>>>>>>>>>>>>>>>>>>>>>>>>>>>>>>>>>>>>>>>
epoch: 83
loss: 0.1914, acc: 0.8750
loss: 0.1989, acc: 0.9271
loss: 0.1600, acc: 0.9489
loss: 0.1473, acc: 0.9590
loss: 0.1425, acc: 0.9583
loss: 0.1484, acc: 0.9567
loss: 0.1447, acc: 0.9577
loss: 0.1533, acc: 0.9540
loss: 0.1502, acc: 0.9543
loss: 0.1494, acc: 0.9545
loss: 0.1483, acc: 0.9540
loss: 0.1496, acc: 0.9537
loss: 0.1488, acc: 0.9534
loss: 0.1517, acc: 0.9508
loss: 0.1527, acc: 0.9485
loss: 0.1526, acc: 0.9478
loss: 0.1534, acc: 0.9475
loss: 0.1529, acc: 0.9466
loss: 0.1502, acc: 0.9478
loss: 0.1484, acc: 0.9486
loss: 0.1488, acc: 0.9483
loss: 0.1499, acc: 0.9475
loss: 0.1497, acc: 0.9474
> val_acc: 0.7929, val_f1: 0.6676
>>>>>>>>>>>>>>>>>>>>>>>>>>>>>>>>>>>>>>>>>>>>>>>>>>>>>>>>>>>>>>>>>>>>>>>>>>>>>>>>>>>>>>>>>>>>>>>>>>>>
epoch: 84
loss: 0.1583, acc: 0.9479
loss: 0.1445, acc: 0.9531
loss: 0.1512, acc: 0.9543
loss: 0.1528, acc: 0.9531
loss: 0.1473, acc: 0.9552
loss: 0.1471, acc: 0.9554
loss: 0.1430, acc: 0.9574
loss: 0.1451, acc: 0.9548
loss: 0.1480, acc: 0.9520
loss: 0.1470, acc: 0.9525
loss: 0.1482, acc: 0.9522
loss: 0.1514, acc: 0.9499
loss: 0.1536, acc: 0.9484
loss: 0.1495, acc: 0.9504
loss: 0.1476, acc: 0.9525
loss: 0.1473, acc: 0.9523
loss: 0.1449, acc: 0.9537
loss: 0.1446, acc: 0.9542
loss: 0.1456, acc: 0.9533
loss: 0.1463, acc: 0.9522
loss: 0.1452, acc: 0.9527
loss: 0.1443, acc: 0.9528
loss: 0.1445, acc: 0.9526
> val_acc: 0.7920, val_f1: 0.6646
>>>>>>>>>>>>>>>>>>>>>>>>>>>>>>>>>>>>>>>>>>>>>>>>>>>>>>>>>>>>>>>>>>>>>>>>>>>>>>>>>>>>>>>>>>>>>>>>>>>>
epoch: 85
loss: 0.1392, acc: 0.9375
loss: 0.1337, acc: 0.9500
loss: 0.1337, acc: 0.9583
loss: 0.1344, acc: 0.9563
loss: 0.1411, acc: 0.9513
loss: 0.1387, acc: 0.9542
loss: 0.1459, acc: 0.9509
loss: 0.1467, acc: 0.9516
loss: 0.1452, acc: 0.9514
loss: 0.1450, acc: 0.9519
loss: 0.1466, acc: 0.9506
loss: 0.1497, acc: 0.9490
loss: 0.1470, acc: 0.9490
loss: 0.1441, acc: 0.9504
loss: 0.1472, acc: 0.9492
loss: 0.1475, acc: 0.9488
loss: 0.1462, acc: 0.9489
loss: 0.1478, acc: 0.9490
loss: 0.1443, acc: 0.9510
loss: 0.1447, acc: 0.9509
loss: 0.1444, acc: 0.9503
loss: 0.1437, acc: 0.9511
> val_acc: 0.7929, val_f1: 0.6673
>>>>>>>>>>>>>>>>>>>>>>>>>>>>>>>>>>>>>>>>>>>>>>>>>>>>>>>>>>>>>>>>>>>>>>>>>>>>>>>>>>>>>>>>>>>>>>>>>>>>
epoch: 86
loss: 0.0833, acc: 0.9688
loss: 0.1269, acc: 0.9509
loss: 0.1287, acc: 0.9557
loss: 0.1308, acc: 0.9577
loss: 0.1295, acc: 0.9560
loss: 0.1294, acc: 0.9572
loss: 0.1385, acc: 0.9531
loss: 0.1362, acc: 0.9544
loss: 0.1347, acc: 0.9561
loss: 0.1404, acc: 0.9528
loss: 0.1427, acc: 0.9513
loss: 0.1401, acc: 0.9518
loss: 0.1411, acc: 0.9521
loss: 0.1461, acc: 0.9496
loss: 0.1470, acc: 0.9484
loss: 0.1461, acc: 0.9493
loss: 0.1464, acc: 0.9489
loss: 0.1466, acc: 0.9490
loss: 0.1464, acc: 0.9494
loss: 0.1457, acc: 0.9491
loss: 0.1459, acc: 0.9491
loss: 0.1434, acc: 0.9504
loss: 0.1443, acc: 0.9498
> val_acc: 0.7884, val_f1: 0.6632
>>>>>>>>>>>>>>>>>>>>>>>>>>>>>>>>>>>>>>>>>>>>>>>>>>>>>>>>>>>>>>>>>>>>>>>>>>>>>>>>>>>>>>>>>>>>>>>>>>>>
epoch: 87
loss: 0.1217, acc: 0.9766
loss: 0.1280, acc: 0.9688
loss: 0.1369, acc: 0.9621
loss: 0.1379, acc: 0.9589
loss: 0.1393, acc: 0.9570
loss: 0.1408, acc: 0.9558
loss: 0.1361, acc: 0.9577
loss: 0.1352, acc: 0.9591
loss: 0.1311, acc: 0.9616
loss: 0.1326, acc: 0.9605
loss: 0.1289, acc: 0.9624
loss: 0.1338, acc: 0.9603
loss: 0.1312, acc: 0.9614
loss: 0.1364, acc: 0.9579
loss: 0.1352, acc: 0.9582
loss: 0.1361, acc: 0.9569
loss: 0.1349, acc: 0.9568
loss: 0.1345, acc: 0.9561
loss: 0.1359, acc: 0.9551
loss: 0.1381, acc: 0.9545
loss: 0.1393, acc: 0.9543
loss: 0.1386, acc: 0.9553
> val_acc: 0.7929, val_f1: 0.6727
>>>>>>>>>>>>>>>>>>>>>>>>>>>>>>>>>>>>>>>>>>>>>>>>>>>>>>>>>>>>>>>>>>>>>>>>>>>>>>>>>>>>>>>>>>>>>>>>>>>>
epoch: 88
loss: 0.0709, acc: 1.0000
loss: 0.0938, acc: 0.9740
loss: 0.1176, acc: 0.9602
loss: 0.1358, acc: 0.9531
loss: 0.1439, acc: 0.9479
loss: 0.1436, acc: 0.9483
loss: 0.1412, acc: 0.9476
loss: 0.1423, acc: 0.9505
loss: 0.1416, acc: 0.9527
loss: 0.1415, acc: 0.9518
loss: 0.1375, acc: 0.9547
loss: 0.1399, acc: 0.9526
loss: 0.1376, acc: 0.9539
loss: 0.1370, acc: 0.9531
loss: 0.1357, acc: 0.9538
loss: 0.1388, acc: 0.9519
loss: 0.1369, acc: 0.9522
loss: 0.1375, acc: 0.9528
loss: 0.1402, acc: 0.9519
loss: 0.1416, acc: 0.9505
loss: 0.1388, acc: 0.9514
loss: 0.1394, acc: 0.9508
loss: 0.1377, acc: 0.9519
> val_acc: 0.7920, val_f1: 0.6712
>>>>>>>>>>>>>>>>>>>>>>>>>>>>>>>>>>>>>>>>>>>>>>>>>>>>>>>>>>>>>>>>>>>>>>>>>>>>>>>>>>>>>>>>>>>>>>>>>>>>
epoch: 89
loss: 0.0948, acc: 0.9792
loss: 0.1047, acc: 0.9727
loss: 0.1186, acc: 0.9663
loss: 0.1214, acc: 0.9653
loss: 0.1222, acc: 0.9647
loss: 0.1327, acc: 0.9587
loss: 0.1365, acc: 0.9536
loss: 0.1352, acc: 0.9539
loss: 0.1367, acc: 0.9528
loss: 0.1392, acc: 0.9505
loss: 0.1408, acc: 0.9505
loss: 0.1386, acc: 0.9520
loss: 0.1377, acc: 0.9534
loss: 0.1376, acc: 0.9522
loss: 0.1356, acc: 0.9533
loss: 0.1350, acc: 0.9527
loss: 0.1332, acc: 0.9541
loss: 0.1346, acc: 0.9535
loss: 0.1396, acc: 0.9506
loss: 0.1414, acc: 0.9496
loss: 0.1410, acc: 0.9499
loss: 0.1416, acc: 0.9494
loss: 0.1409, acc: 0.9501
> val_acc: 0.7902, val_f1: 0.6666
>>>>>>>>>>>>>>>>>>>>>>>>>>>>>>>>>>>>>>>>>>>>>>>>>>>>>>>>>>>>>>>>>>>>>>>>>>>>>>>>>>>>>>>>>>>>>>>>>>>>
epoch: 90
loss: 0.1048, acc: 0.9688
loss: 0.1215, acc: 0.9688
loss: 0.1190, acc: 0.9729
loss: 0.1183, acc: 0.9703
loss: 0.1163, acc: 0.9688
loss: 0.1171, acc: 0.9698
loss: 0.1233, acc: 0.9661
loss: 0.1230, acc: 0.9648
loss: 0.1245, acc: 0.9639
loss: 0.1285, acc: 0.9619
loss: 0.1291, acc: 0.9614
loss: 0.1248, acc: 0.9620
loss: 0.1258, acc: 0.9601
loss: 0.1274, acc: 0.9598
loss: 0.1272, acc: 0.9604
loss: 0.1296, acc: 0.9586
loss: 0.1304, acc: 0.9574
loss: 0.1330, acc: 0.9559
loss: 0.1329, acc: 0.9559
loss: 0.1325, acc: 0.9563
loss: 0.1324, acc: 0.9565
loss: 0.1339, acc: 0.9563
> val_acc: 0.7946, val_f1: 0.6677
>>>>>>>>>>>>>>>>>>>>>>>>>>>>>>>>>>>>>>>>>>>>>>>>>>>>>>>>>>>>>>>>>>>>>>>>>>>>>>>>>>>>>>>>>>>>>>>>>>>>
epoch: 91
loss: 0.1286, acc: 0.9375
loss: 0.1272, acc: 0.9464
loss: 0.1213, acc: 0.9531
loss: 0.1181, acc: 0.9559
loss: 0.1181, acc: 0.9574
loss: 0.1232, acc: 0.9549
loss: 0.1268, acc: 0.9551
loss: 0.1267, acc: 0.9569
loss: 0.1314, acc: 0.9568
loss: 0.1307, acc: 0.9581
loss: 0.1341, acc: 0.9555
loss: 0.1341, acc: 0.9556
loss: 0.1336, acc: 0.9567
loss: 0.1334, acc: 0.9557
loss: 0.1351, acc: 0.9540
loss: 0.1326, acc: 0.9558
loss: 0.1329, acc: 0.9558
loss: 0.1368, acc: 0.9540
loss: 0.1356, acc: 0.9548
loss: 0.1365, acc: 0.9546
loss: 0.1364, acc: 0.9553
loss: 0.1399, acc: 0.9536
loss: 0.1413, acc: 0.9531
> val_acc: 0.7920, val_f1: 0.6642
>>>>>>>>>>>>>>>>>>>>>>>>>>>>>>>>>>>>>>>>>>>>>>>>>>>>>>>>>>>>>>>>>>>>>>>>>>>>>>>>>>>>>>>>>>>>>>>>>>>>
epoch: 92
loss: 0.1130, acc: 0.9609
loss: 0.1206, acc: 0.9583
loss: 0.1411, acc: 0.9464
loss: 0.1389, acc: 0.9539
loss: 0.1328, acc: 0.9583
loss: 0.1364, acc: 0.9569
loss: 0.1340, acc: 0.9577
loss: 0.1342, acc: 0.9575
loss: 0.1369, acc: 0.9553
loss: 0.1372, acc: 0.9560
loss: 0.1366, acc: 0.9560
loss: 0.1384, acc: 0.9534
loss: 0.1360, acc: 0.9546
loss: 0.1372, acc: 0.9529
loss: 0.1374, acc: 0.9540
loss: 0.1408, acc: 0.9513
loss: 0.1402, acc: 0.9524
loss: 0.1411, acc: 0.9519
loss: 0.1428, acc: 0.9518
loss: 0.1417, acc: 0.9520
loss: 0.1411, acc: 0.9525
loss: 0.1394, acc: 0.9533
> val_acc: 0.7920, val_f1: 0.6667
>>>>>>>>>>>>>>>>>>>>>>>>>>>>>>>>>>>>>>>>>>>>>>>>>>>>>>>>>>>>>>>>>>>>>>>>>>>>>>>>>>>>>>>>>>>>>>>>>>>>
epoch: 93
loss: 0.1453, acc: 0.9375
loss: 0.1592, acc: 0.9531
loss: 0.1382, acc: 0.9574
loss: 0.1396, acc: 0.9570
loss: 0.1296, acc: 0.9643
loss: 0.1362, acc: 0.9579
loss: 0.1340, acc: 0.9577
loss: 0.1307, acc: 0.9592
loss: 0.1294, acc: 0.9596
loss: 0.1298, acc: 0.9599
loss: 0.1308, acc: 0.9589
loss: 0.1322, acc: 0.9576
loss: 0.1320, acc: 0.9585
loss: 0.1336, acc: 0.9550
loss: 0.1330, acc: 0.9542
loss: 0.1340, acc: 0.9531
loss: 0.1357, acc: 0.9518
loss: 0.1373, acc: 0.9509
loss: 0.1351, acc: 0.9526
loss: 0.1351, acc: 0.9531
loss: 0.1351, acc: 0.9530
loss: 0.1324, acc: 0.9543
loss: 0.1337, acc: 0.9538
> val_acc: 0.7902, val_f1: 0.6659
>>>>>>>>>>>>>>>>>>>>>>>>>>>>>>>>>>>>>>>>>>>>>>>>>>>>>>>>>>>>>>>>>>>>>>>>>>>>>>>>>>>>>>>>>>>>>>>>>>>>
epoch: 94
loss: 0.1178, acc: 0.9792
loss: 0.1387, acc: 0.9570
loss: 0.1470, acc: 0.9543
loss: 0.1430, acc: 0.9514
loss: 0.1422, acc: 0.9524
loss: 0.1449, acc: 0.9520
loss: 0.1501, acc: 0.9498
loss: 0.1472, acc: 0.9498
loss: 0.1439, acc: 0.9506
loss: 0.1392, acc: 0.9525
loss: 0.1375, acc: 0.9534
loss: 0.1364, acc: 0.9542
loss: 0.1324, acc: 0.9563
loss: 0.1350, acc: 0.9545
loss: 0.1338, acc: 0.9555
loss: 0.1311, acc: 0.9567
loss: 0.1319, acc: 0.9559
loss: 0.1317, acc: 0.9563
loss: 0.1341, acc: 0.9550
loss: 0.1318, acc: 0.9560
loss: 0.1323, acc: 0.9563
loss: 0.1323, acc: 0.9560
loss: 0.1329, acc: 0.9554
> val_acc: 0.7920, val_f1: 0.6673
>>>>>>>>>>>>>>>>>>>>>>>>>>>>>>>>>>>>>>>>>>>>>>>>>>>>>>>>>>>>>>>>>>>>>>>>>>>>>>>>>>>>>>>>>>>>>>>>>>>>
epoch: 95
loss: 0.1120, acc: 0.9688
loss: 0.1229, acc: 0.9688
loss: 0.1230, acc: 0.9604
loss: 0.1231, acc: 0.9594
loss: 0.1295, acc: 0.9537
loss: 0.1383, acc: 0.9500
loss: 0.1359, acc: 0.9518
loss: 0.1402, acc: 0.9531
loss: 0.1434, acc: 0.9521
loss: 0.1435, acc: 0.9506
loss: 0.1403, acc: 0.9517
loss: 0.1426, acc: 0.9505
loss: 0.1392, acc: 0.9519
loss: 0.1393, acc: 0.9522
loss: 0.1364, acc: 0.9550
loss: 0.1351, acc: 0.9551
loss: 0.1364, acc: 0.9544
loss: 0.1365, acc: 0.9549
loss: 0.1361, acc: 0.9543
loss: 0.1366, acc: 0.9537
loss: 0.1360, acc: 0.9533
loss: 0.1388, acc: 0.9523
> val_acc: 0.7911, val_f1: 0.6692
>>>>>>>>>>>>>>>>>>>>>>>>>>>>>>>>>>>>>>>>>>>>>>>>>>>>>>>>>>>>>>>>>>>>>>>>>>>>>>>>>>>>>>>>>>>>>>>>>>>>
epoch: 96
loss: 0.1425, acc: 0.9219
loss: 0.1082, acc: 0.9598
loss: 0.1151, acc: 0.9583
loss: 0.1319, acc: 0.9559
loss: 0.1287, acc: 0.9574
loss: 0.1252, acc: 0.9606
loss: 0.1270, acc: 0.9600
loss: 0.1305, acc: 0.9578
loss: 0.1332, acc: 0.9554
loss: 0.1385, acc: 0.9528
loss: 0.1338, acc: 0.9561
loss: 0.1336, acc: 0.9572
loss: 0.1305, acc: 0.9592
loss: 0.1302, acc: 0.9590
loss: 0.1305, acc: 0.9588
loss: 0.1296, acc: 0.9578
loss: 0.1324, acc: 0.9566
loss: 0.1311, acc: 0.9576
loss: 0.1331, acc: 0.9558
loss: 0.1319, acc: 0.9565
loss: 0.1318, acc: 0.9565
loss: 0.1316, acc: 0.9562
loss: 0.1320, acc: 0.9556
> val_acc: 0.7946, val_f1: 0.6666
>>>>>>>>>>>>>>>>>>>>>>>>>>>>>>>>>>>>>>>>>>>>>>>>>>>>>>>>>>>>>>>>>>>>>>>>>>>>>>>>>>>>>>>>>>>>>>>>>>>>
epoch: 97
loss: 0.1854, acc: 0.9375
loss: 0.1528, acc: 0.9444
loss: 0.1488, acc: 0.9487
loss: 0.1523, acc: 0.9441
loss: 0.1491, acc: 0.9453
loss: 0.1473, acc: 0.9461
loss: 0.1449, acc: 0.9494
loss: 0.1399, acc: 0.9527
loss: 0.1376, acc: 0.9538
loss: 0.1345, acc: 0.9554
loss: 0.1352, acc: 0.9543
loss: 0.1378, acc: 0.9529
loss: 0.1415, acc: 0.9497
loss: 0.1398, acc: 0.9506
loss: 0.1385, acc: 0.9510
loss: 0.1379, acc: 0.9509
loss: 0.1380, acc: 0.9509
loss: 0.1364, acc: 0.9515
loss: 0.1369, acc: 0.9525
loss: 0.1347, acc: 0.9539
loss: 0.1350, acc: 0.9540
loss: 0.1349, acc: 0.9544
> val_acc: 0.7911, val_f1: 0.6648
>>>>>>>>>>>>>>>>>>>>>>>>>>>>>>>>>>>>>>>>>>>>>>>>>>>>>>>>>>>>>>>>>>>>>>>>>>>>>>>>>>>>>>>>>>>>>>>>>>>>
epoch: 98
loss: 0.1157, acc: 0.9375
loss: 0.1302, acc: 0.9479
loss: 0.1416, acc: 0.9375
loss: 0.1347, acc: 0.9453
loss: 0.1426, acc: 0.9420
loss: 0.1538, acc: 0.9363
loss: 0.1516, acc: 0.9375
loss: 0.1450, acc: 0.9418
loss: 0.1385, acc: 0.9474
loss: 0.1375, acc: 0.9484
loss: 0.1372, acc: 0.9491
loss: 0.1342, acc: 0.9498
loss: 0.1359, acc: 0.9493
loss: 0.1358, acc: 0.9512
loss: 0.1363, acc: 0.9511
loss: 0.1358, acc: 0.9511
loss: 0.1373, acc: 0.9510
loss: 0.1382, acc: 0.9509
loss: 0.1371, acc: 0.9523
loss: 0.1387, acc: 0.9518
loss: 0.1375, acc: 0.9520
loss: 0.1374, acc: 0.9525
loss: 0.1352, acc: 0.9544
> val_acc: 0.7902, val_f1: 0.6666
>>>>>>>>>>>>>>>>>>>>>>>>>>>>>>>>>>>>>>>>>>>>>>>>>>>>>>>>>>>>>>>>>>>>>>>>>>>>>>>>>>>>>>>>>>>>>>>>>>>>
epoch: 99
loss: 0.1286, acc: 0.9792
loss: 0.1359, acc: 0.9648
loss: 0.1337, acc: 0.9567
loss: 0.1341, acc: 0.9549
loss: 0.1280, acc: 0.9552
loss: 0.1280, acc: 0.9554
loss: 0.1287, acc: 0.9555
loss: 0.1250, acc: 0.9564
loss: 0.1254, acc: 0.9564
loss: 0.1258, acc: 0.9557
loss: 0.1217, acc: 0.9575
loss: 0.1240, acc: 0.9580
loss: 0.1252, acc: 0.9578
loss: 0.1234, acc: 0.9596
loss: 0.1253, acc: 0.9585
loss: 0.1239, acc: 0.9587
loss: 0.1241, acc: 0.9582
loss: 0.1235, acc: 0.9585
loss: 0.1249, acc: 0.9583
loss: 0.1271, acc: 0.9563
loss: 0.1293, acc: 0.9557
loss: 0.1312, acc: 0.9549
loss: 0.1316, acc: 0.9548
> val_acc: 0.7920, val_f1: 0.6714
>> test_acc: 0.8000, test_f1: 0.6920
