cuda memory allocated: 8187392
n_trainable_params: 722403, n_nontrainable_params: 1323600
> training arguments:
>>> model_name: gc_ian
>>> dataset: restaurant
>>> optimizer: <class 'torch.optim.adagrad.Adagrad'>
>>> initializer: <function xavier_uniform_ at 0x000001BEC4FB7620>
>>> learning_rate: 0.01
>>> momentum: 0.95
>>> dropout: 0.5
>>> l2reg: 5e-05
>>> num_epoch: 30
>>> batch_size: 32
>>> log_step: 5
>>> embed_dim: 300
>>> hidden_dim: 300
>>> bert_dim: 768
>>> pretrained_bert_name: bert-base-uncased
>>> max_seq_len: 80
>>> polarities_dim: 3
>>> hops: 3
>>> device: cuda
>>> seed: 10
>>> valset_ratio: 0
>>> num_layers: 1
>>> in_channels: 100
>>> out_channels: 1
>>> downbot: 20
>>> kernel_size: 3
>>> glove_path: ./glove/glove.840B.300d.txt
>>> model_class: <class 'models.gc_ian.GC_IAN'>
>>> dataset_file: {'train': './datasets/semeval14/Restaurants_Train.xml.seg', 'test': './datasets/semeval14/Restaurants_Test_Gold.xml.seg'}
>>> inputs_cols: ['text_raw_indices', 'aspect_indices']
>>>>>>>>>>>>>>>>>>>>>>>>>>>>>>>>>>>>>>>>>>>>>>>>>>>>>>>>>>>>>>>>>>>>>>>>>>>>>>>>>>>>>>>>>>>>>>>>>>>>
epoch: 0
loss: 1.7922, acc: 0.4813
loss: 1.4694, acc: 0.4938
loss: 1.3946, acc: 0.4958
loss: 1.2800, acc: 0.5219
loss: 1.2123, acc: 0.5350
loss: 1.1515, acc: 0.5542
loss: 1.1204, acc: 0.5554
loss: 1.0921, acc: 0.5617
loss: 1.0690, acc: 0.5674
loss: 1.0391, acc: 0.5769
loss: 1.0287, acc: 0.5790
loss: 1.0137, acc: 0.5844
loss: 1.0016, acc: 0.5827
loss: 0.9840, acc: 0.5906
loss: 0.9727, acc: 0.5954
loss: 0.9525, acc: 0.6043
loss: 0.9431, acc: 0.6074
loss: 0.9341, acc: 0.6083
loss: 0.9221, acc: 0.6151
loss: 0.9111, acc: 0.6228
loss: 0.8979, acc: 0.6271
loss: 0.8910, acc: 0.6301
> val_acc: 0.7473, val_f1: 0.5680
>> saved: state_dict/gc_ian_restaurant_val_acc0.7473
>>>>>>>>>>>>>>>>>>>>>>>>>>>>>>>>>>>>>>>>>>>>>>>>>>>>>>>>>>>>>>>>>>>>>>>>>>>>>>>>>>>>>>>>>>>>>>>>>>>>
epoch: 1
loss: 0.7099, acc: 0.6562
loss: 0.5881, acc: 0.7500
loss: 0.6098, acc: 0.7370
loss: 0.6155, acc: 0.7463
loss: 0.6135, acc: 0.7514
loss: 0.6012, acc: 0.7512
loss: 0.5998, acc: 0.7520
loss: 0.6028, acc: 0.7517
loss: 0.5991, acc: 0.7507
loss: 0.5981, acc: 0.7520
loss: 0.5987, acc: 0.7524
loss: 0.6038, acc: 0.7511
loss: 0.5965, acc: 0.7545
loss: 0.5939, acc: 0.7561
loss: 0.5924, acc: 0.7587
loss: 0.5916, acc: 0.7601
loss: 0.5928, acc: 0.7599
loss: 0.5884, acc: 0.7629
loss: 0.5856, acc: 0.7639
loss: 0.5842, acc: 0.7668
loss: 0.5839, acc: 0.7681
loss: 0.5854, acc: 0.7666
loss: 0.5864, acc: 0.7659
> val_acc: 0.7723, val_f1: 0.6546
>> saved: state_dict/gc_ian_restaurant_val_acc0.7723
>>>>>>>>>>>>>>>>>>>>>>>>>>>>>>>>>>>>>>>>>>>>>>>>>>>>>>>>>>>>>>>>>>>>>>>>>>>>>>>>>>>>>>>>>>>>>>>>>>>>
epoch: 2
loss: 0.4540, acc: 0.8906
loss: 0.4891, acc: 0.8333
loss: 0.4809, acc: 0.8326
loss: 0.4731, acc: 0.8372
loss: 0.4795, acc: 0.8359
loss: 0.4780, acc: 0.8330
loss: 0.4769, acc: 0.8346
loss: 0.4760, acc: 0.8309
loss: 0.4862, acc: 0.8224
loss: 0.4848, acc: 0.8214
loss: 0.4921, acc: 0.8183
loss: 0.4852, acc: 0.8210
loss: 0.4873, acc: 0.8179
loss: 0.4857, acc: 0.8197
loss: 0.4877, acc: 0.8188
loss: 0.4898, acc: 0.8176
loss: 0.4930, acc: 0.8151
loss: 0.4932, acc: 0.8132
loss: 0.4946, acc: 0.8115
loss: 0.4934, acc: 0.8109
loss: 0.4894, acc: 0.8134
loss: 0.4909, acc: 0.8122
> val_acc: 0.7554, val_f1: 0.5807
>>>>>>>>>>>>>>>>>>>>>>>>>>>>>>>>>>>>>>>>>>>>>>>>>>>>>>>>>>>>>>>>>>>>>>>>>>>>>>>>>>>>>>>>>>>>>>>>>>>>
epoch: 3
loss: 0.4732, acc: 0.8750
loss: 0.5267, acc: 0.8177
loss: 0.4885, acc: 0.8182
loss: 0.4849, acc: 0.8281
loss: 0.4789, acc: 0.8199
loss: 0.4674, acc: 0.8269
loss: 0.4558, acc: 0.8337
loss: 0.4587, acc: 0.8342
loss: 0.4580, acc: 0.8338
loss: 0.4610, acc: 0.8295
loss: 0.4613, acc: 0.8297
loss: 0.4616, acc: 0.8315
loss: 0.4634, acc: 0.8315
loss: 0.4581, acc: 0.8319
loss: 0.4533, acc: 0.8336
loss: 0.4533, acc: 0.8343
loss: 0.4511, acc: 0.8333
loss: 0.4540, acc: 0.8321
loss: 0.4546, acc: 0.8328
loss: 0.4512, acc: 0.8346
loss: 0.4516, acc: 0.8326
loss: 0.4489, acc: 0.8346
loss: 0.4515, acc: 0.8319
> val_acc: 0.7714, val_f1: 0.6364
>>>>>>>>>>>>>>>>>>>>>>>>>>>>>>>>>>>>>>>>>>>>>>>>>>>>>>>>>>>>>>>>>>>>>>>>>>>>>>>>>>>>>>>>>>>>>>>>>>>>
epoch: 4
loss: 0.3184, acc: 0.8750
loss: 0.3984, acc: 0.8320
loss: 0.3692, acc: 0.8438
loss: 0.3700, acc: 0.8559
loss: 0.3762, acc: 0.8560
loss: 0.3766, acc: 0.8583
loss: 0.3809, acc: 0.8580
loss: 0.3778, acc: 0.8635
loss: 0.3777, acc: 0.8612
loss: 0.3762, acc: 0.8626
loss: 0.3762, acc: 0.8608
loss: 0.3822, acc: 0.8610
loss: 0.3781, acc: 0.8631
loss: 0.3797, acc: 0.8617
loss: 0.3866, acc: 0.8557
loss: 0.3880, acc: 0.8542
loss: 0.3853, acc: 0.8562
loss: 0.3906, acc: 0.8530
loss: 0.3957, acc: 0.8515
loss: 0.3958, acc: 0.8530
loss: 0.3927, acc: 0.8553
loss: 0.3918, acc: 0.8571
loss: 0.3931, acc: 0.8567
> val_acc: 0.7634, val_f1: 0.6229
>>>>>>>>>>>>>>>>>>>>>>>>>>>>>>>>>>>>>>>>>>>>>>>>>>>>>>>>>>>>>>>>>>>>>>>>>>>>>>>>>>>>>>>>>>>>>>>>>>>>
epoch: 5
loss: 0.3198, acc: 0.8938
loss: 0.3294, acc: 0.8781
loss: 0.3357, acc: 0.8771
loss: 0.3533, acc: 0.8672
loss: 0.3621, acc: 0.8650
loss: 0.3525, acc: 0.8688
loss: 0.3483, acc: 0.8723
loss: 0.3512, acc: 0.8695
loss: 0.3511, acc: 0.8708
loss: 0.3506, acc: 0.8700
loss: 0.3495, acc: 0.8710
loss: 0.3494, acc: 0.8719
loss: 0.3509, acc: 0.8712
loss: 0.3513, acc: 0.8710
loss: 0.3508, acc: 0.8704
loss: 0.3521, acc: 0.8715
loss: 0.3542, acc: 0.8706
loss: 0.3556, acc: 0.8701
loss: 0.3618, acc: 0.8681
loss: 0.3636, acc: 0.8672
loss: 0.3651, acc: 0.8679
loss: 0.3693, acc: 0.8662
> val_acc: 0.7688, val_f1: 0.6206
>>>>>>>>>>>>>>>>>>>>>>>>>>>>>>>>>>>>>>>>>>>>>>>>>>>>>>>>>>>>>>>>>>>>>>>>>>>>>>>>>>>>>>>>>>>>>>>>>>>>
epoch: 6
loss: 0.2566, acc: 0.9531
loss: 0.2885, acc: 0.8973
loss: 0.3132, acc: 0.8932
loss: 0.3147, acc: 0.8915
loss: 0.3324, acc: 0.8835
loss: 0.3326, acc: 0.8866
loss: 0.3295, acc: 0.8857
loss: 0.3339, acc: 0.8826
loss: 0.3329, acc: 0.8847
loss: 0.3351, acc: 0.8816
loss: 0.3324, acc: 0.8834
loss: 0.3282, acc: 0.8854
loss: 0.3258, acc: 0.8866
loss: 0.3239, acc: 0.8867
loss: 0.3303, acc: 0.8841
loss: 0.3339, acc: 0.8819
loss: 0.3345, acc: 0.8807
loss: 0.3349, acc: 0.8804
loss: 0.3370, acc: 0.8801
loss: 0.3416, acc: 0.8782
loss: 0.3420, acc: 0.8781
loss: 0.3428, acc: 0.8770
loss: 0.3434, acc: 0.8781
> val_acc: 0.7688, val_f1: 0.6229
>>>>>>>>>>>>>>>>>>>>>>>>>>>>>>>>>>>>>>>>>>>>>>>>>>>>>>>>>>>>>>>>>>>>>>>>>>>>>>>>>>>>>>>>>>>>>>>>>>>>
epoch: 7
loss: 0.2887, acc: 0.8672
loss: 0.3198, acc: 0.8750
loss: 0.3001, acc: 0.8929
loss: 0.2950, acc: 0.8931
loss: 0.3088, acc: 0.8906
loss: 0.3102, acc: 0.8955
loss: 0.3180, acc: 0.8934
loss: 0.3170, acc: 0.8942
loss: 0.3053, acc: 0.9006
loss: 0.2994, acc: 0.9018
loss: 0.3037, acc: 0.8976
loss: 0.3066, acc: 0.8972
loss: 0.3090, acc: 0.8940
loss: 0.3152, acc: 0.8918
loss: 0.3132, acc: 0.8906
loss: 0.3132, acc: 0.8904
loss: 0.3137, acc: 0.8914
loss: 0.3173, acc: 0.8890
loss: 0.3170, acc: 0.8883
loss: 0.3154, acc: 0.8886
loss: 0.3155, acc: 0.8879
loss: 0.3149, acc: 0.8868
> val_acc: 0.7741, val_f1: 0.6315
>> saved: state_dict/gc_ian_restaurant_val_acc0.7741
>>>>>>>>>>>>>>>>>>>>>>>>>>>>>>>>>>>>>>>>>>>>>>>>>>>>>>>>>>>>>>>>>>>>>>>>>>>>>>>>>>>>>>>>>>>>>>>>>>>>
epoch: 8
loss: 0.2215, acc: 0.9062
loss: 0.2881, acc: 0.9062
loss: 0.2964, acc: 0.8977
loss: 0.3121, acc: 0.8887
loss: 0.3118, acc: 0.8869
loss: 0.3050, acc: 0.8906
loss: 0.3005, acc: 0.8952
loss: 0.3018, acc: 0.8950
loss: 0.2984, acc: 0.8956
loss: 0.2986, acc: 0.8947
loss: 0.2999, acc: 0.8934
loss: 0.3038, acc: 0.8912
loss: 0.3047, acc: 0.8929
loss: 0.3071, acc: 0.8930
loss: 0.3069, acc: 0.8926
loss: 0.3062, acc: 0.8919
loss: 0.3043, acc: 0.8935
loss: 0.3040, acc: 0.8935
loss: 0.3015, acc: 0.8956
loss: 0.2990, acc: 0.8975
loss: 0.2980, acc: 0.8985
loss: 0.2972, acc: 0.8983
loss: 0.2953, acc: 0.8984
> val_acc: 0.7732, val_f1: 0.6330
>>>>>>>>>>>>>>>>>>>>>>>>>>>>>>>>>>>>>>>>>>>>>>>>>>>>>>>>>>>>>>>>>>>>>>>>>>>>>>>>>>>>>>>>>>>>>>>>>>>>
epoch: 9
loss: 0.2110, acc: 0.9271
loss: 0.2447, acc: 0.9141
loss: 0.2275, acc: 0.9351
loss: 0.2399, acc: 0.9253
loss: 0.2329, acc: 0.9321
loss: 0.2413, acc: 0.9275
loss: 0.2471, acc: 0.9252
loss: 0.2495, acc: 0.9227
loss: 0.2482, acc: 0.9244
loss: 0.2474, acc: 0.9245
loss: 0.2536, acc: 0.9204
loss: 0.2516, acc: 0.9224
loss: 0.2526, acc: 0.9211
loss: 0.2551, acc: 0.9177
loss: 0.2577, acc: 0.9178
loss: 0.2581, acc: 0.9163
loss: 0.2655, acc: 0.9145
loss: 0.2666, acc: 0.9130
loss: 0.2692, acc: 0.9123
loss: 0.2704, acc: 0.9107
loss: 0.2717, acc: 0.9111
loss: 0.2724, acc: 0.9109
loss: 0.2731, acc: 0.9096
> val_acc: 0.7723, val_f1: 0.6242
>>>>>>>>>>>>>>>>>>>>>>>>>>>>>>>>>>>>>>>>>>>>>>>>>>>>>>>>>>>>>>>>>>>>>>>>>>>>>>>>>>>>>>>>>>>>>>>>>>>>
epoch: 10
loss: 0.2337, acc: 0.9250
loss: 0.2256, acc: 0.9375
loss: 0.2343, acc: 0.9396
loss: 0.2398, acc: 0.9359
loss: 0.2385, acc: 0.9350
loss: 0.2524, acc: 0.9229
loss: 0.2503, acc: 0.9214
loss: 0.2536, acc: 0.9195
loss: 0.2623, acc: 0.9139
loss: 0.2676, acc: 0.9125
loss: 0.2641, acc: 0.9136
loss: 0.2650, acc: 0.9135
loss: 0.2608, acc: 0.9159
loss: 0.2603, acc: 0.9156
loss: 0.2580, acc: 0.9183
loss: 0.2602, acc: 0.9180
loss: 0.2632, acc: 0.9162
loss: 0.2612, acc: 0.9163
loss: 0.2620, acc: 0.9155
loss: 0.2593, acc: 0.9172
loss: 0.2581, acc: 0.9179
loss: 0.2590, acc: 0.9168
> val_acc: 0.7679, val_f1: 0.6262
>>>>>>>>>>>>>>>>>>>>>>>>>>>>>>>>>>>>>>>>>>>>>>>>>>>>>>>>>>>>>>>>>>>>>>>>>>>>>>>>>>>>>>>>>>>>>>>>>>>>
epoch: 11
loss: 0.2727, acc: 0.9219
loss: 0.2570, acc: 0.9241
loss: 0.2692, acc: 0.9089
loss: 0.2626, acc: 0.9118
loss: 0.2601, acc: 0.9162
loss: 0.2606, acc: 0.9120
loss: 0.2583, acc: 0.9131
loss: 0.2520, acc: 0.9189
loss: 0.2553, acc: 0.9159
loss: 0.2537, acc: 0.9136
loss: 0.2546, acc: 0.9153
loss: 0.2518, acc: 0.9172
loss: 0.2517, acc: 0.9153
loss: 0.2555, acc: 0.9156
loss: 0.2568, acc: 0.9154
loss: 0.2568, acc: 0.9152
loss: 0.2523, acc: 0.9173
loss: 0.2500, acc: 0.9181
loss: 0.2491, acc: 0.9195
loss: 0.2507, acc: 0.9198
loss: 0.2480, acc: 0.9206
loss: 0.2460, acc: 0.9214
loss: 0.2478, acc: 0.9205
> val_acc: 0.7732, val_f1: 0.6326
>>>>>>>>>>>>>>>>>>>>>>>>>>>>>>>>>>>>>>>>>>>>>>>>>>>>>>>>>>>>>>>>>>>>>>>>>>>>>>>>>>>>>>>>>>>>>>>>>>>>
epoch: 12
loss: 0.2381, acc: 0.9219
loss: 0.2239, acc: 0.9340
loss: 0.2249, acc: 0.9353
loss: 0.2331, acc: 0.9359
loss: 0.2349, acc: 0.9297
loss: 0.2399, acc: 0.9267
loss: 0.2380, acc: 0.9265
loss: 0.2380, acc: 0.9247
loss: 0.2325, acc: 0.9268
loss: 0.2329, acc: 0.9267
loss: 0.2334, acc: 0.9253
loss: 0.2311, acc: 0.9269
loss: 0.2299, acc: 0.9282
loss: 0.2313, acc: 0.9262
loss: 0.2313, acc: 0.9253
loss: 0.2326, acc: 0.9244
loss: 0.2324, acc: 0.9241
loss: 0.2327, acc: 0.9245
loss: 0.2331, acc: 0.9232
loss: 0.2318, acc: 0.9249
loss: 0.2289, acc: 0.9270
loss: 0.2295, acc: 0.9269
> val_acc: 0.7696, val_f1: 0.6168
>>>>>>>>>>>>>>>>>>>>>>>>>>>>>>>>>>>>>>>>>>>>>>>>>>>>>>>>>>>>>>>>>>>>>>>>>>>>>>>>>>>>>>>>>>>>>>>>>>>>
epoch: 13
loss: 0.2167, acc: 0.9062
loss: 0.2013, acc: 0.9427
loss: 0.1961, acc: 0.9432
loss: 0.2171, acc: 0.9297
loss: 0.2163, acc: 0.9315
loss: 0.2026, acc: 0.9363
loss: 0.1958, acc: 0.9395
loss: 0.1989, acc: 0.9366
loss: 0.2004, acc: 0.9367
loss: 0.1987, acc: 0.9375
loss: 0.2048, acc: 0.9363
loss: 0.2011, acc: 0.9392
loss: 0.2045, acc: 0.9355
loss: 0.2062, acc: 0.9366
loss: 0.2106, acc: 0.9344
loss: 0.2121, acc: 0.9342
loss: 0.2136, acc: 0.9329
loss: 0.2202, acc: 0.9299
loss: 0.2204, acc: 0.9293
loss: 0.2215, acc: 0.9300
loss: 0.2217, acc: 0.9295
loss: 0.2230, acc: 0.9287
loss: 0.2239, acc: 0.9285
> val_acc: 0.7732, val_f1: 0.6208
>>>>>>>>>>>>>>>>>>>>>>>>>>>>>>>>>>>>>>>>>>>>>>>>>>>>>>>>>>>>>>>>>>>>>>>>>>>>>>>>>>>>>>>>>>>>>>>>>>>>
epoch: 14
loss: 0.1969, acc: 0.9271
loss: 0.2181, acc: 0.9336
loss: 0.2108, acc: 0.9327
loss: 0.2139, acc: 0.9323
loss: 0.2096, acc: 0.9334
loss: 0.2035, acc: 0.9364
loss: 0.2021, acc: 0.9375
loss: 0.2031, acc: 0.9391
loss: 0.2089, acc: 0.9360
loss: 0.2077, acc: 0.9375
loss: 0.2102, acc: 0.9369
loss: 0.2130, acc: 0.9343
loss: 0.2090, acc: 0.9360
loss: 0.2108, acc: 0.9338
loss: 0.2125, acc: 0.9341
loss: 0.2141, acc: 0.9331
loss: 0.2135, acc: 0.9334
loss: 0.2133, acc: 0.9336
loss: 0.2135, acc: 0.9335
loss: 0.2138, acc: 0.9330
loss: 0.2169, acc: 0.9311
loss: 0.2184, acc: 0.9308
loss: 0.2167, acc: 0.9315
> val_acc: 0.7741, val_f1: 0.6303
>>>>>>>>>>>>>>>>>>>>>>>>>>>>>>>>>>>>>>>>>>>>>>>>>>>>>>>>>>>>>>>>>>>>>>>>>>>>>>>>>>>>>>>>>>>>>>>>>>>>
epoch: 15
loss: 0.1987, acc: 0.9250
loss: 0.1828, acc: 0.9344
loss: 0.1971, acc: 0.9292
loss: 0.1922, acc: 0.9313
loss: 0.1937, acc: 0.9337
loss: 0.1921, acc: 0.9375
loss: 0.1875, acc: 0.9402
loss: 0.1919, acc: 0.9398
loss: 0.2009, acc: 0.9403
loss: 0.2030, acc: 0.9387
loss: 0.2012, acc: 0.9381
loss: 0.2031, acc: 0.9359
loss: 0.2035, acc: 0.9361
loss: 0.2017, acc: 0.9366
loss: 0.2018, acc: 0.9358
loss: 0.2020, acc: 0.9363
loss: 0.2041, acc: 0.9342
loss: 0.2036, acc: 0.9340
loss: 0.2075, acc: 0.9326
loss: 0.2090, acc: 0.9316
loss: 0.2103, acc: 0.9307
loss: 0.2129, acc: 0.9301
> val_acc: 0.7777, val_f1: 0.6354
>> saved: state_dict/gc_ian_restaurant_val_acc0.7777
>>>>>>>>>>>>>>>>>>>>>>>>>>>>>>>>>>>>>>>>>>>>>>>>>>>>>>>>>>>>>>>>>>>>>>>>>>>>>>>>>>>>>>>>>>>>>>>>>>>>
epoch: 16
loss: 0.1255, acc: 0.9844
loss: 0.1668, acc: 0.9509
loss: 0.1745, acc: 0.9427
loss: 0.1819, acc: 0.9393
loss: 0.1940, acc: 0.9318
loss: 0.1996, acc: 0.9340
loss: 0.2048, acc: 0.9307
loss: 0.1990, acc: 0.9350
loss: 0.1939, acc: 0.9382
loss: 0.1946, acc: 0.9388
loss: 0.1948, acc: 0.9381
loss: 0.1969, acc: 0.9370
loss: 0.1975, acc: 0.9360
loss: 0.1975, acc: 0.9356
loss: 0.1981, acc: 0.9362
loss: 0.1945, acc: 0.9383
loss: 0.1952, acc: 0.9394
loss: 0.1938, acc: 0.9389
loss: 0.1938, acc: 0.9399
loss: 0.1970, acc: 0.9381
loss: 0.2014, acc: 0.9363
loss: 0.1994, acc: 0.9378
loss: 0.1988, acc: 0.9375
> val_acc: 0.7741, val_f1: 0.6349
>>>>>>>>>>>>>>>>>>>>>>>>>>>>>>>>>>>>>>>>>>>>>>>>>>>>>>>>>>>>>>>>>>>>>>>>>>>>>>>>>>>>>>>>>>>>>>>>>>>>
epoch: 17
loss: 0.1743, acc: 0.9688
loss: 0.1615, acc: 0.9722
loss: 0.1594, acc: 0.9710
loss: 0.1660, acc: 0.9589
loss: 0.1668, acc: 0.9609
loss: 0.1790, acc: 0.9526
loss: 0.1780, acc: 0.9531
loss: 0.1793, acc: 0.9511
loss: 0.1792, acc: 0.9503
loss: 0.1798, acc: 0.9490
loss: 0.1823, acc: 0.9473
loss: 0.1796, acc: 0.9470
loss: 0.1874, acc: 0.9429
loss: 0.1887, acc: 0.9425
loss: 0.1902, acc: 0.9421
loss: 0.1923, acc: 0.9403
loss: 0.1932, acc: 0.9405
loss: 0.1903, acc: 0.9424
loss: 0.1890, acc: 0.9432
loss: 0.1898, acc: 0.9422
loss: 0.1906, acc: 0.9405
loss: 0.1901, acc: 0.9409
> val_acc: 0.7804, val_f1: 0.6445
>> saved: state_dict/gc_ian_restaurant_val_acc0.7804
>>>>>>>>>>>>>>>>>>>>>>>>>>>>>>>>>>>>>>>>>>>>>>>>>>>>>>>>>>>>>>>>>>>>>>>>>>>>>>>>>>>>>>>>>>>>>>>>>>>>
epoch: 18
loss: 0.0855, acc: 0.9688
loss: 0.1686, acc: 0.9531
loss: 0.1891, acc: 0.9375
loss: 0.1827, acc: 0.9414
loss: 0.1895, acc: 0.9375
loss: 0.1942, acc: 0.9339
loss: 0.1885, acc: 0.9345
loss: 0.1937, acc: 0.9297
loss: 0.1899, acc: 0.9329
loss: 0.1916, acc: 0.9341
loss: 0.1898, acc: 0.9350
loss: 0.1875, acc: 0.9375
loss: 0.1876, acc: 0.9385
loss: 0.1871, acc: 0.9394
loss: 0.1868, acc: 0.9406
loss: 0.1869, acc: 0.9412
loss: 0.1859, acc: 0.9414
loss: 0.1866, acc: 0.9411
loss: 0.1856, acc: 0.9416
loss: 0.1869, acc: 0.9414
loss: 0.1858, acc: 0.9425
loss: 0.1877, acc: 0.9413
loss: 0.1869, acc: 0.9420
> val_acc: 0.7732, val_f1: 0.6223
>>>>>>>>>>>>>>>>>>>>>>>>>>>>>>>>>>>>>>>>>>>>>>>>>>>>>>>>>>>>>>>>>>>>>>>>>>>>>>>>>>>>>>>>>>>>>>>>>>>>
epoch: 19
loss: 0.1976, acc: 0.9583
loss: 0.1854, acc: 0.9609
loss: 0.1762, acc: 0.9495
loss: 0.1701, acc: 0.9479
loss: 0.1698, acc: 0.9524
loss: 0.1657, acc: 0.9531
loss: 0.1645, acc: 0.9536
loss: 0.1683, acc: 0.9507
loss: 0.1729, acc: 0.9469
loss: 0.1748, acc: 0.9453
loss: 0.1765, acc: 0.9452
loss: 0.1753, acc: 0.9472
loss: 0.1734, acc: 0.9499
loss: 0.1746, acc: 0.9494
loss: 0.1753, acc: 0.9486
loss: 0.1760, acc: 0.9479
loss: 0.1793, acc: 0.9477
loss: 0.1784, acc: 0.9482
loss: 0.1776, acc: 0.9489
loss: 0.1808, acc: 0.9464
loss: 0.1831, acc: 0.9448
loss: 0.1829, acc: 0.9450
loss: 0.1855, acc: 0.9429
> val_acc: 0.7688, val_f1: 0.6099
>>>>>>>>>>>>>>>>>>>>>>>>>>>>>>>>>>>>>>>>>>>>>>>>>>>>>>>>>>>>>>>>>>>>>>>>>>>>>>>>>>>>>>>>>>>>>>>>>>>>
epoch: 20
loss: 0.1889, acc: 0.9187
loss: 0.1699, acc: 0.9344
loss: 0.1656, acc: 0.9417
loss: 0.1714, acc: 0.9437
loss: 0.1739, acc: 0.9413
loss: 0.1681, acc: 0.9458
loss: 0.1642, acc: 0.9500
loss: 0.1668, acc: 0.9500
loss: 0.1646, acc: 0.9514
loss: 0.1671, acc: 0.9506
loss: 0.1683, acc: 0.9494
loss: 0.1698, acc: 0.9479
loss: 0.1712, acc: 0.9476
loss: 0.1701, acc: 0.9473
loss: 0.1718, acc: 0.9479
loss: 0.1743, acc: 0.9473
loss: 0.1720, acc: 0.9493
loss: 0.1737, acc: 0.9483
loss: 0.1721, acc: 0.9484
loss: 0.1704, acc: 0.9497
loss: 0.1710, acc: 0.9494
loss: 0.1718, acc: 0.9489
> val_acc: 0.7777, val_f1: 0.6364
>>>>>>>>>>>>>>>>>>>>>>>>>>>>>>>>>>>>>>>>>>>>>>>>>>>>>>>>>>>>>>>>>>>>>>>>>>>>>>>>>>>>>>>>>>>>>>>>>>>>
epoch: 21
loss: 0.1505, acc: 0.9531
loss: 0.1591, acc: 0.9509
loss: 0.1642, acc: 0.9479
loss: 0.1510, acc: 0.9596
loss: 0.1496, acc: 0.9616
loss: 0.1542, acc: 0.9572
loss: 0.1521, acc: 0.9561
loss: 0.1541, acc: 0.9527
loss: 0.1581, acc: 0.9524
loss: 0.1542, acc: 0.9555
loss: 0.1541, acc: 0.9531
loss: 0.1580, acc: 0.9523
loss: 0.1597, acc: 0.9516
loss: 0.1625, acc: 0.9510
loss: 0.1625, acc: 0.9501
loss: 0.1621, acc: 0.9489
loss: 0.1636, acc: 0.9486
loss: 0.1666, acc: 0.9465
loss: 0.1671, acc: 0.9457
loss: 0.1655, acc: 0.9472
loss: 0.1648, acc: 0.9479
loss: 0.1648, acc: 0.9486
loss: 0.1642, acc: 0.9489
> val_acc: 0.7688, val_f1: 0.6164
>>>>>>>>>>>>>>>>>>>>>>>>>>>>>>>>>>>>>>>>>>>>>>>>>>>>>>>>>>>>>>>>>>>>>>>>>>>>>>>>>>>>>>>>>>>>>>>>>>>>
epoch: 22
loss: 0.2023, acc: 0.9297
loss: 0.2185, acc: 0.9271
loss: 0.2079, acc: 0.9308
loss: 0.1993, acc: 0.9293
loss: 0.1964, acc: 0.9323
loss: 0.1903, acc: 0.9353
loss: 0.1834, acc: 0.9384
loss: 0.1745, acc: 0.9439
loss: 0.1751, acc: 0.9411
loss: 0.1685, acc: 0.9452
loss: 0.1641, acc: 0.9491
loss: 0.1688, acc: 0.9470
loss: 0.1690, acc: 0.9473
loss: 0.1681, acc: 0.9488
loss: 0.1673, acc: 0.9481
loss: 0.1674, acc: 0.9482
loss: 0.1684, acc: 0.9483
loss: 0.1686, acc: 0.9470
loss: 0.1680, acc: 0.9471
loss: 0.1671, acc: 0.9473
loss: 0.1671, acc: 0.9471
loss: 0.1683, acc: 0.9464
> val_acc: 0.7795, val_f1: 0.6389
>>>>>>>>>>>>>>>>>>>>>>>>>>>>>>>>>>>>>>>>>>>>>>>>>>>>>>>>>>>>>>>>>>>>>>>>>>>>>>>>>>>>>>>>>>>>>>>>>>>>
epoch: 23
loss: 0.1498, acc: 0.9375
loss: 0.1549, acc: 0.9583
loss: 0.1646, acc: 0.9517
loss: 0.1532, acc: 0.9570
loss: 0.1501, acc: 0.9598
loss: 0.1507, acc: 0.9567
loss: 0.1465, acc: 0.9597
loss: 0.1448, acc: 0.9609
loss: 0.1493, acc: 0.9581
loss: 0.1529, acc: 0.9586
loss: 0.1587, acc: 0.9565
loss: 0.1564, acc: 0.9576
loss: 0.1552, acc: 0.9580
loss: 0.1571, acc: 0.9583
loss: 0.1572, acc: 0.9577
loss: 0.1561, acc: 0.9572
loss: 0.1583, acc: 0.9545
loss: 0.1594, acc: 0.9535
loss: 0.1596, acc: 0.9536
loss: 0.1577, acc: 0.9548
loss: 0.1583, acc: 0.9551
loss: 0.1604, acc: 0.9528
loss: 0.1597, acc: 0.9538
> val_acc: 0.7732, val_f1: 0.6257
>>>>>>>>>>>>>>>>>>>>>>>>>>>>>>>>>>>>>>>>>>>>>>>>>>>>>>>>>>>>>>>>>>>>>>>>>>>>>>>>>>>>>>>>>>>>>>>>>>>>
epoch: 24
loss: 0.1328, acc: 0.9688
loss: 0.1353, acc: 0.9648
loss: 0.1391, acc: 0.9615
loss: 0.1526, acc: 0.9618
loss: 0.1537, acc: 0.9592
loss: 0.1555, acc: 0.9554
loss: 0.1523, acc: 0.9583
loss: 0.1505, acc: 0.9581
loss: 0.1577, acc: 0.9549
loss: 0.1567, acc: 0.9544
loss: 0.1575, acc: 0.9552
loss: 0.1566, acc: 0.9558
loss: 0.1529, acc: 0.9573
loss: 0.1505, acc: 0.9586
loss: 0.1522, acc: 0.9580
loss: 0.1534, acc: 0.9563
loss: 0.1511, acc: 0.9571
loss: 0.1508, acc: 0.9570
loss: 0.1513, acc: 0.9567
loss: 0.1494, acc: 0.9579
loss: 0.1485, acc: 0.9575
loss: 0.1489, acc: 0.9566
loss: 0.1506, acc: 0.9559
> val_acc: 0.7741, val_f1: 0.6345
>>>>>>>>>>>>>>>>>>>>>>>>>>>>>>>>>>>>>>>>>>>>>>>>>>>>>>>>>>>>>>>>>>>>>>>>>>>>>>>>>>>>>>>>>>>>>>>>>>>>
epoch: 25
loss: 0.1656, acc: 0.9437
loss: 0.1617, acc: 0.9469
loss: 0.1555, acc: 0.9479
loss: 0.1505, acc: 0.9531
loss: 0.1495, acc: 0.9563
loss: 0.1468, acc: 0.9583
loss: 0.1490, acc: 0.9563
loss: 0.1550, acc: 0.9539
loss: 0.1521, acc: 0.9563
loss: 0.1542, acc: 0.9537
loss: 0.1527, acc: 0.9540
loss: 0.1497, acc: 0.9557
loss: 0.1491, acc: 0.9558
loss: 0.1478, acc: 0.9554
loss: 0.1504, acc: 0.9537
loss: 0.1496, acc: 0.9539
loss: 0.1509, acc: 0.9526
loss: 0.1503, acc: 0.9528
loss: 0.1511, acc: 0.9523
loss: 0.1501, acc: 0.9531
loss: 0.1522, acc: 0.9524
loss: 0.1516, acc: 0.9526
> val_acc: 0.7732, val_f1: 0.6255
>>>>>>>>>>>>>>>>>>>>>>>>>>>>>>>>>>>>>>>>>>>>>>>>>>>>>>>>>>>>>>>>>>>>>>>>>>>>>>>>>>>>>>>>>>>>>>>>>>>>
epoch: 26
loss: 0.0911, acc: 1.0000
loss: 0.1238, acc: 0.9732
loss: 0.1461, acc: 0.9531
loss: 0.1425, acc: 0.9577
loss: 0.1354, acc: 0.9602
loss: 0.1326, acc: 0.9618
loss: 0.1367, acc: 0.9619
loss: 0.1375, acc: 0.9595
loss: 0.1342, acc: 0.9613
loss: 0.1382, acc: 0.9594
loss: 0.1422, acc: 0.9591
loss: 0.1425, acc: 0.9589
loss: 0.1417, acc: 0.9597
loss: 0.1423, acc: 0.9590
loss: 0.1460, acc: 0.9566
loss: 0.1471, acc: 0.9554
loss: 0.1516, acc: 0.9543
loss: 0.1522, acc: 0.9533
loss: 0.1512, acc: 0.9531
loss: 0.1493, acc: 0.9536
loss: 0.1487, acc: 0.9540
loss: 0.1525, acc: 0.9518
loss: 0.1528, acc: 0.9515
> val_acc: 0.7688, val_f1: 0.6144
>>>>>>>>>>>>>>>>>>>>>>>>>>>>>>>>>>>>>>>>>>>>>>>>>>>>>>>>>>>>>>>>>>>>>>>>>>>>>>>>>>>>>>>>>>>>>>>>>>>>
epoch: 27
loss: 0.1588, acc: 0.9219
loss: 0.1574, acc: 0.9340
loss: 0.1436, acc: 0.9464
loss: 0.1424, acc: 0.9523
loss: 0.1413, acc: 0.9583
loss: 0.1372, acc: 0.9612
loss: 0.1398, acc: 0.9605
loss: 0.1451, acc: 0.9599
loss: 0.1454, acc: 0.9602
loss: 0.1467, acc: 0.9592
loss: 0.1443, acc: 0.9601
loss: 0.1450, acc: 0.9608
loss: 0.1444, acc: 0.9609
loss: 0.1420, acc: 0.9633
loss: 0.1435, acc: 0.9628
loss: 0.1428, acc: 0.9636
loss: 0.1452, acc: 0.9624
loss: 0.1438, acc: 0.9628
loss: 0.1449, acc: 0.9621
loss: 0.1467, acc: 0.9602
loss: 0.1466, acc: 0.9594
loss: 0.1472, acc: 0.9587
> val_acc: 0.7795, val_f1: 0.6409
>>>>>>>>>>>>>>>>>>>>>>>>>>>>>>>>>>>>>>>>>>>>>>>>>>>>>>>>>>>>>>>>>>>>>>>>>>>>>>>>>>>>>>>>>>>>>>>>>>>>
epoch: 28
loss: 0.1584, acc: 0.9375
loss: 0.1214, acc: 0.9740
loss: 0.1348, acc: 0.9716
loss: 0.1334, acc: 0.9648
loss: 0.1311, acc: 0.9658
loss: 0.1350, acc: 0.9615
loss: 0.1340, acc: 0.9627
loss: 0.1336, acc: 0.9635
loss: 0.1314, acc: 0.9627
loss: 0.1344, acc: 0.9606
loss: 0.1340, acc: 0.9608
loss: 0.1314, acc: 0.9626
loss: 0.1277, acc: 0.9641
loss: 0.1275, acc: 0.9640
loss: 0.1297, acc: 0.9635
loss: 0.1303, acc: 0.9630
loss: 0.1317, acc: 0.9622
loss: 0.1321, acc: 0.9615
loss: 0.1324, acc: 0.9612
loss: 0.1335, acc: 0.9603
loss: 0.1370, acc: 0.9592
loss: 0.1369, acc: 0.9596
loss: 0.1380, acc: 0.9592
> val_acc: 0.7777, val_f1: 0.6342
>>>>>>>>>>>>>>>>>>>>>>>>>>>>>>>>>>>>>>>>>>>>>>>>>>>>>>>>>>>>>>>>>>>>>>>>>>>>>>>>>>>>>>>>>>>>>>>>>>>>
epoch: 29
loss: 0.1011, acc: 0.9688
loss: 0.1019, acc: 0.9805
loss: 0.1176, acc: 0.9663
loss: 0.1279, acc: 0.9549
loss: 0.1201, acc: 0.9592
loss: 0.1208, acc: 0.9587
loss: 0.1301, acc: 0.9564
loss: 0.1326, acc: 0.9556
loss: 0.1382, acc: 0.9542
loss: 0.1385, acc: 0.9551
loss: 0.1397, acc: 0.9552
loss: 0.1422, acc: 0.9547
loss: 0.1408, acc: 0.9559
loss: 0.1401, acc: 0.9559
loss: 0.1385, acc: 0.9563
loss: 0.1370, acc: 0.9579
loss: 0.1391, acc: 0.9567
loss: 0.1396, acc: 0.9574
loss: 0.1416, acc: 0.9563
loss: 0.1393, acc: 0.9566
loss: 0.1393, acc: 0.9557
loss: 0.1399, acc: 0.9560
loss: 0.1411, acc: 0.9559
> val_acc: 0.7750, val_f1: 0.6313
>> test_acc: 0.7804, test_f1: 0.6445
