cuda memory allocated: 2583040
n_trainable_params: 201503, n_nontrainable_params: 441200
> training arguments:
>>> model_name: gc_ian
>>> model_ver: 3
>>> dataset: restaurant
>>> optimizer: <class 'torch.optim.adagrad.Adagrad'>
>>> initializer: <function xavier_uniform_ at 0x0000028185F976A8>
>>> learning_rate: 0.01
>>> momentum: 0.95
>>> dropout: 0.5
>>> l2reg: 5e-05
>>> num_epoch: 30
>>> batch_size: 32
>>> log_step: 5
>>> embed_dim: 100
>>> hidden_dim: 300
>>> bert_dim: 768
>>> pretrained_bert_name: bert-base-uncased
>>> embeddings: d
>>> max_seq_len: 80
>>> polarities_dim: 3
>>> hops: 3
>>> device: cuda
>>> seed: 0
>>> valset_ratio: 0
>>> num_layers: 1
>>> in_channels: 25
>>> out_channels: 1
>>> downbot: 20
>>> kernel_size: 3
>>> glove_path: ./embeddings/glove.840B.300d.txt
>>> embedding_matrix_path: gen_data/embeddings/100_restaurant_domain_embedding_matrix.dat
>>> model_class: <class 'models.gc_ian.GC_IAN3'>
>>> dataset_file: {'train': './datasets/semeval14/Restaurants_Train.xml.seg', 'test': './datasets/semeval14/Restaurants_Test_Gold.xml.seg'}
>>> inputs_cols: ['text_raw_indices', 'aspect_indices']
>>>>>>>>>>>>>>>>>>>>>>>>>>>>>>>>>>>>>>>>>>>>>>>>>>>>>>>>>>>>>>>>>>>>>>>>>>>>>>>>>>>>>>>>>>>>>>>>>>>>
epoch: 0
loss: 1.0807, acc: 0.5000
loss: 1.0281, acc: 0.5406
loss: 1.0011, acc: 0.5458
loss: 0.9662, acc: 0.5687
loss: 0.9520, acc: 0.5775
loss: 0.9469, acc: 0.5813
loss: 0.9329, acc: 0.5911
loss: 0.9138, acc: 0.6016
loss: 0.9068, acc: 0.6007
loss: 0.8950, acc: 0.6050
loss: 0.8888, acc: 0.6074
loss: 0.8803, acc: 0.6104
loss: 0.8710, acc: 0.6163
loss: 0.8560, acc: 0.6237
loss: 0.8530, acc: 0.6246
loss: 0.8496, acc: 0.6250
loss: 0.8422, acc: 0.6290
loss: 0.8366, acc: 0.6337
loss: 0.8325, acc: 0.6359
loss: 0.8244, acc: 0.6412
loss: 0.8206, acc: 0.6432
loss: 0.8168, acc: 0.6452
> val_acc: 0.7643, val_f1: 0.5742
>> saved: state_dict/gc_ian_restaurant_val_acc0.7643
>>>>>>>>>>>>>>>>>>>>>>>>>>>>>>>>>>>>>>>>>>>>>>>>>>>>>>>>>>>>>>>>>>>>>>>>>>>>>>>>>>>>>>>>>>>>>>>>>>>>
epoch: 1
loss: 0.7761, acc: 0.7031
loss: 0.6992, acc: 0.7232
loss: 0.6768, acc: 0.7396
loss: 0.6700, acc: 0.7408
loss: 0.6722, acc: 0.7330
loss: 0.6823, acc: 0.7234
loss: 0.6703, acc: 0.7295
loss: 0.6728, acc: 0.7247
loss: 0.6770, acc: 0.7202
loss: 0.6760, acc: 0.7201
loss: 0.6788, acc: 0.7200
loss: 0.6732, acc: 0.7253
loss: 0.6641, acc: 0.7293
loss: 0.6611, acc: 0.7318
loss: 0.6571, acc: 0.7322
loss: 0.6568, acc: 0.7330
loss: 0.6593, acc: 0.7283
loss: 0.6553, acc: 0.7306
loss: 0.6569, acc: 0.7303
loss: 0.6503, acc: 0.7355
loss: 0.6473, acc: 0.7353
loss: 0.6459, acc: 0.7369
loss: 0.6447, acc: 0.7388
> val_acc: 0.7821, val_f1: 0.6119
>> saved: state_dict/gc_ian_restaurant_val_acc0.7821
>>>>>>>>>>>>>>>>>>>>>>>>>>>>>>>>>>>>>>>>>>>>>>>>>>>>>>>>>>>>>>>>>>>>>>>>>>>>>>>>>>>>>>>>>>>>>>>>>>>>
epoch: 2
loss: 0.6812, acc: 0.7656
loss: 0.6492, acc: 0.7569
loss: 0.6493, acc: 0.7478
loss: 0.6250, acc: 0.7599
loss: 0.6101, acc: 0.7669
loss: 0.5923, acc: 0.7716
loss: 0.5865, acc: 0.7748
loss: 0.5970, acc: 0.7700
loss: 0.5949, acc: 0.7678
loss: 0.5876, acc: 0.7742
loss: 0.5869, acc: 0.7731
loss: 0.5929, acc: 0.7707
loss: 0.5939, acc: 0.7710
loss: 0.5896, acc: 0.7722
loss: 0.5949, acc: 0.7694
loss: 0.5925, acc: 0.7706
loss: 0.5889, acc: 0.7705
loss: 0.5884, acc: 0.7697
loss: 0.5868, acc: 0.7719
loss: 0.5855, acc: 0.7696
loss: 0.5831, acc: 0.7707
loss: 0.5811, acc: 0.7715
> val_acc: 0.7839, val_f1: 0.6228
>> saved: state_dict/gc_ian_restaurant_val_acc0.7839
>>>>>>>>>>>>>>>>>>>>>>>>>>>>>>>>>>>>>>>>>>>>>>>>>>>>>>>>>>>>>>>>>>>>>>>>>>>>>>>>>>>>>>>>>>>>>>>>>>>>
epoch: 3
loss: 0.5138, acc: 0.7500
loss: 0.5299, acc: 0.7969
loss: 0.5257, acc: 0.8068
loss: 0.5104, acc: 0.8086
loss: 0.5134, acc: 0.8036
loss: 0.5273, acc: 0.7969
loss: 0.5309, acc: 0.7984
loss: 0.5431, acc: 0.7925
loss: 0.5379, acc: 0.7957
loss: 0.5340, acc: 0.7976
loss: 0.5305, acc: 0.8021
loss: 0.5383, acc: 0.7963
loss: 0.5317, acc: 0.8012
loss: 0.5314, acc: 0.8035
loss: 0.5333, acc: 0.8015
loss: 0.5312, acc: 0.8006
loss: 0.5255, acc: 0.8021
loss: 0.5282, acc: 0.8027
loss: 0.5326, acc: 0.8001
loss: 0.5328, acc: 0.7988
loss: 0.5315, acc: 0.7989
loss: 0.5355, acc: 0.7969
loss: 0.5391, acc: 0.7928
> val_acc: 0.7946, val_f1: 0.6635
>> saved: state_dict/gc_ian_restaurant_val_acc0.7946
>>>>>>>>>>>>>>>>>>>>>>>>>>>>>>>>>>>>>>>>>>>>>>>>>>>>>>>>>>>>>>>>>>>>>>>>>>>>>>>>>>>>>>>>>>>>>>>>>>>>
epoch: 4
loss: 0.4823, acc: 0.8333
loss: 0.5147, acc: 0.8398
loss: 0.5187, acc: 0.8245
loss: 0.5309, acc: 0.8038
loss: 0.5212, acc: 0.8084
loss: 0.5015, acc: 0.8147
loss: 0.5032, acc: 0.8116
loss: 0.5184, acc: 0.8026
loss: 0.5134, acc: 0.8038
loss: 0.5083, acc: 0.8086
loss: 0.5117, acc: 0.8078
loss: 0.5167, acc: 0.8039
loss: 0.5119, acc: 0.8090
loss: 0.5120, acc: 0.8088
loss: 0.5126, acc: 0.8091
loss: 0.5149, acc: 0.8065
loss: 0.5143, acc: 0.8072
loss: 0.5177, acc: 0.8050
loss: 0.5187, acc: 0.8044
loss: 0.5190, acc: 0.8048
loss: 0.5174, acc: 0.8037
loss: 0.5141, acc: 0.8064
loss: 0.5149, acc: 0.8052
> val_acc: 0.7964, val_f1: 0.6691
>> saved: state_dict/gc_ian_restaurant_val_acc0.7964
>>>>>>>>>>>>>>>>>>>>>>>>>>>>>>>>>>>>>>>>>>>>>>>>>>>>>>>>>>>>>>>>>>>>>>>>>>>>>>>>>>>>>>>>>>>>>>>>>>>>
epoch: 5
loss: 0.5003, acc: 0.8250
loss: 0.5068, acc: 0.8219
loss: 0.5121, acc: 0.8167
loss: 0.4790, acc: 0.8391
loss: 0.4759, acc: 0.8413
loss: 0.4790, acc: 0.8302
loss: 0.4750, acc: 0.8295
loss: 0.4825, acc: 0.8219
loss: 0.4860, acc: 0.8208
loss: 0.4761, acc: 0.8263
loss: 0.4838, acc: 0.8227
loss: 0.4864, acc: 0.8229
loss: 0.4860, acc: 0.8245
loss: 0.4885, acc: 0.8232
loss: 0.4909, acc: 0.8233
loss: 0.4931, acc: 0.8223
loss: 0.4902, acc: 0.8217
loss: 0.4901, acc: 0.8205
loss: 0.4890, acc: 0.8207
loss: 0.4896, acc: 0.8206
loss: 0.4888, acc: 0.8211
loss: 0.4887, acc: 0.8207
> val_acc: 0.8000, val_f1: 0.6641
>> saved: state_dict/gc_ian_restaurant_val_acc0.8
>>>>>>>>>>>>>>>>>>>>>>>>>>>>>>>>>>>>>>>>>>>>>>>>>>>>>>>>>>>>>>>>>>>>>>>>>>>>>>>>>>>>>>>>>>>>>>>>>>>>
epoch: 6
loss: 0.3825, acc: 0.8281
loss: 0.4130, acc: 0.8482
loss: 0.4393, acc: 0.8385
loss: 0.4545, acc: 0.8438
loss: 0.4657, acc: 0.8366
loss: 0.4528, acc: 0.8438
loss: 0.4626, acc: 0.8398
loss: 0.4784, acc: 0.8311
loss: 0.4820, acc: 0.8289
loss: 0.4825, acc: 0.8285
loss: 0.4843, acc: 0.8281
loss: 0.4826, acc: 0.8262
loss: 0.4831, acc: 0.8251
loss: 0.4772, acc: 0.8265
loss: 0.4709, acc: 0.8277
loss: 0.4712, acc: 0.8259
loss: 0.4694, acc: 0.8270
loss: 0.4658, acc: 0.8276
loss: 0.4639, acc: 0.8285
loss: 0.4656, acc: 0.8280
loss: 0.4643, acc: 0.8284
loss: 0.4657, acc: 0.8271
loss: 0.4681, acc: 0.8245
> val_acc: 0.8018, val_f1: 0.6793
>> saved: state_dict/gc_ian_restaurant_val_acc0.8018
>>>>>>>>>>>>>>>>>>>>>>>>>>>>>>>>>>>>>>>>>>>>>>>>>>>>>>>>>>>>>>>>>>>>>>>>>>>>>>>>>>>>>>>>>>>>>>>>>>>>
epoch: 7
loss: 0.4169, acc: 0.8438
loss: 0.4387, acc: 0.8229
loss: 0.4343, acc: 0.8371
loss: 0.4330, acc: 0.8339
loss: 0.4280, acc: 0.8372
loss: 0.4399, acc: 0.8341
loss: 0.4441, acc: 0.8336
loss: 0.4451, acc: 0.8325
loss: 0.4450, acc: 0.8331
loss: 0.4442, acc: 0.8329
loss: 0.4471, acc: 0.8316
loss: 0.4518, acc: 0.8326
loss: 0.4543, acc: 0.8296
loss: 0.4586, acc: 0.8274
loss: 0.4608, acc: 0.8269
loss: 0.4576, acc: 0.8283
loss: 0.4592, acc: 0.8259
loss: 0.4578, acc: 0.8272
loss: 0.4539, acc: 0.8278
loss: 0.4537, acc: 0.8273
loss: 0.4550, acc: 0.8269
loss: 0.4577, acc: 0.8257
> val_acc: 0.8036, val_f1: 0.6888
>> saved: state_dict/gc_ian_restaurant_val_acc0.8036
>>>>>>>>>>>>>>>>>>>>>>>>>>>>>>>>>>>>>>>>>>>>>>>>>>>>>>>>>>>>>>>>>>>>>>>>>>>>>>>>>>>>>>>>>>>>>>>>>>>>
epoch: 8
loss: 0.3675, acc: 0.9062
loss: 0.3848, acc: 0.8906
loss: 0.4287, acc: 0.8466
loss: 0.4273, acc: 0.8379
loss: 0.4193, acc: 0.8438
loss: 0.4276, acc: 0.8377
loss: 0.4229, acc: 0.8417
loss: 0.4353, acc: 0.8359
loss: 0.4375, acc: 0.8361
loss: 0.4392, acc: 0.8342
loss: 0.4413, acc: 0.8309
loss: 0.4437, acc: 0.8292
loss: 0.4403, acc: 0.8299
loss: 0.4447, acc: 0.8291
loss: 0.4476, acc: 0.8279
loss: 0.4465, acc: 0.8289
loss: 0.4476, acc: 0.8275
loss: 0.4493, acc: 0.8259
loss: 0.4481, acc: 0.8280
loss: 0.4457, acc: 0.8281
loss: 0.4479, acc: 0.8270
loss: 0.4478, acc: 0.8267
loss: 0.4442, acc: 0.8294
> val_acc: 0.7982, val_f1: 0.6668
>>>>>>>>>>>>>>>>>>>>>>>>>>>>>>>>>>>>>>>>>>>>>>>>>>>>>>>>>>>>>>>>>>>>>>>>>>>>>>>>>>>>>>>>>>>>>>>>>>>>
epoch: 9
loss: 0.5194, acc: 0.7917
loss: 0.4619, acc: 0.8203
loss: 0.4505, acc: 0.8245
loss: 0.4338, acc: 0.8281
loss: 0.4396, acc: 0.8247
loss: 0.4346, acc: 0.8281
loss: 0.4312, acc: 0.8314
loss: 0.4348, acc: 0.8322
loss: 0.4335, acc: 0.8314
loss: 0.4270, acc: 0.8372
loss: 0.4300, acc: 0.8361
loss: 0.4333, acc: 0.8362
loss: 0.4289, acc: 0.8383
loss: 0.4281, acc: 0.8378
loss: 0.4300, acc: 0.8373
loss: 0.4302, acc: 0.8373
loss: 0.4275, acc: 0.8400
loss: 0.4270, acc: 0.8406
loss: 0.4267, acc: 0.8404
loss: 0.4270, acc: 0.8406
loss: 0.4260, acc: 0.8419
loss: 0.4235, acc: 0.8429
loss: 0.4233, acc: 0.8434
> val_acc: 0.8000, val_f1: 0.6675
>>>>>>>>>>>>>>>>>>>>>>>>>>>>>>>>>>>>>>>>>>>>>>>>>>>>>>>>>>>>>>>>>>>>>>>>>>>>>>>>>>>>>>>>>>>>>>>>>>>>
epoch: 10
loss: 0.4139, acc: 0.8438
loss: 0.4008, acc: 0.8500
loss: 0.3959, acc: 0.8583
loss: 0.3948, acc: 0.8578
loss: 0.3987, acc: 0.8538
loss: 0.3902, acc: 0.8562
loss: 0.3889, acc: 0.8518
loss: 0.3969, acc: 0.8461
loss: 0.3966, acc: 0.8444
loss: 0.4013, acc: 0.8419
loss: 0.4047, acc: 0.8409
loss: 0.4069, acc: 0.8417
loss: 0.4048, acc: 0.8447
loss: 0.4035, acc: 0.8451
loss: 0.4049, acc: 0.8458
loss: 0.4108, acc: 0.8426
loss: 0.4105, acc: 0.8426
loss: 0.4125, acc: 0.8434
loss: 0.4117, acc: 0.8444
loss: 0.4150, acc: 0.8444
loss: 0.4155, acc: 0.8440
loss: 0.4144, acc: 0.8455
> val_acc: 0.8027, val_f1: 0.6737
>>>>>>>>>>>>>>>>>>>>>>>>>>>>>>>>>>>>>>>>>>>>>>>>>>>>>>>>>>>>>>>>>>>>>>>>>>>>>>>>>>>>>>>>>>>>>>>>>>>>
epoch: 11
loss: 0.5514, acc: 0.7656
loss: 0.4046, acc: 0.8482
loss: 0.4365, acc: 0.8516
loss: 0.4400, acc: 0.8456
loss: 0.4297, acc: 0.8551
loss: 0.4351, acc: 0.8519
loss: 0.4340, acc: 0.8525
loss: 0.4295, acc: 0.8530
loss: 0.4330, acc: 0.8475
loss: 0.4228, acc: 0.8517
loss: 0.4184, acc: 0.8510
loss: 0.4164, acc: 0.8498
loss: 0.4155, acc: 0.8483
loss: 0.4137, acc: 0.8493
loss: 0.4129, acc: 0.8494
loss: 0.4132, acc: 0.8515
loss: 0.4113, acc: 0.8529
loss: 0.4122, acc: 0.8520
loss: 0.4126, acc: 0.8505
loss: 0.4114, acc: 0.8508
loss: 0.4103, acc: 0.8514
loss: 0.4064, acc: 0.8528
loss: 0.4014, acc: 0.8552
> val_acc: 0.8009, val_f1: 0.6783
>>>>>>>>>>>>>>>>>>>>>>>>>>>>>>>>>>>>>>>>>>>>>>>>>>>>>>>>>>>>>>>>>>>>>>>>>>>>>>>>>>>>>>>>>>>>>>>>>>>>
epoch: 12
loss: 0.3917, acc: 0.8047
loss: 0.4118, acc: 0.8403
loss: 0.3825, acc: 0.8571
loss: 0.3944, acc: 0.8520
loss: 0.3931, acc: 0.8516
loss: 0.3962, acc: 0.8513
loss: 0.3978, acc: 0.8520
loss: 0.3911, acc: 0.8574
loss: 0.3944, acc: 0.8551
loss: 0.3924, acc: 0.8552
loss: 0.3903, acc: 0.8571
loss: 0.3896, acc: 0.8581
loss: 0.3866, acc: 0.8589
loss: 0.3902, acc: 0.8569
loss: 0.3875, acc: 0.8577
loss: 0.3854, acc: 0.8584
loss: 0.3904, acc: 0.8575
loss: 0.3856, acc: 0.8610
loss: 0.3847, acc: 0.8600
loss: 0.3857, acc: 0.8586
loss: 0.3853, acc: 0.8579
loss: 0.3857, acc: 0.8575
> val_acc: 0.7991, val_f1: 0.6778
>>>>>>>>>>>>>>>>>>>>>>>>>>>>>>>>>>>>>>>>>>>>>>>>>>>>>>>>>>>>>>>>>>>>>>>>>>>>>>>>>>>>>>>>>>>>>>>>>>>>
epoch: 13
loss: 0.2807, acc: 0.9062
loss: 0.3786, acc: 0.8854
loss: 0.3719, acc: 0.8920
loss: 0.3592, acc: 0.8906
loss: 0.3723, acc: 0.8795
loss: 0.3650, acc: 0.8786
loss: 0.3716, acc: 0.8770
loss: 0.3804, acc: 0.8707
loss: 0.3737, acc: 0.8773
loss: 0.3700, acc: 0.8791
loss: 0.3668, acc: 0.8805
loss: 0.3686, acc: 0.8789
loss: 0.3736, acc: 0.8750
loss: 0.3746, acc: 0.8726
loss: 0.3773, acc: 0.8693
loss: 0.3787, acc: 0.8655
loss: 0.3814, acc: 0.8646
loss: 0.3816, acc: 0.8641
loss: 0.3819, acc: 0.8654
loss: 0.3823, acc: 0.8659
loss: 0.3804, acc: 0.8666
loss: 0.3828, acc: 0.8659
loss: 0.3817, acc: 0.8654
> val_acc: 0.7964, val_f1: 0.6706
>>>>>>>>>>>>>>>>>>>>>>>>>>>>>>>>>>>>>>>>>>>>>>>>>>>>>>>>>>>>>>>>>>>>>>>>>>>>>>>>>>>>>>>>>>>>>>>>>>>>
epoch: 14
loss: 0.3067, acc: 0.9062
loss: 0.3373, acc: 0.8750
loss: 0.3723, acc: 0.8582
loss: 0.3631, acc: 0.8663
loss: 0.3579, acc: 0.8682
loss: 0.3650, acc: 0.8605
loss: 0.3726, acc: 0.8617
loss: 0.3749, acc: 0.8618
loss: 0.3743, acc: 0.8590
loss: 0.3730, acc: 0.8613
loss: 0.3731, acc: 0.8620
loss: 0.3724, acc: 0.8637
loss: 0.3696, acc: 0.8671
loss: 0.3694, acc: 0.8649
loss: 0.3712, acc: 0.8660
loss: 0.3754, acc: 0.8634
loss: 0.3731, acc: 0.8656
loss: 0.3758, acc: 0.8643
loss: 0.3758, acc: 0.8649
loss: 0.3762, acc: 0.8638
loss: 0.3754, acc: 0.8644
loss: 0.3742, acc: 0.8646
loss: 0.3742, acc: 0.8639
> val_acc: 0.8036, val_f1: 0.6885
>>>>>>>>>>>>>>>>>>>>>>>>>>>>>>>>>>>>>>>>>>>>>>>>>>>>>>>>>>>>>>>>>>>>>>>>>>>>>>>>>>>>>>>>>>>>>>>>>>>>
epoch: 15
loss: 0.3752, acc: 0.8688
loss: 0.3914, acc: 0.8625
loss: 0.3859, acc: 0.8729
loss: 0.3678, acc: 0.8797
loss: 0.3747, acc: 0.8700
loss: 0.3845, acc: 0.8656
loss: 0.3838, acc: 0.8625
loss: 0.3837, acc: 0.8641
loss: 0.3801, acc: 0.8660
loss: 0.3762, acc: 0.8656
loss: 0.3738, acc: 0.8670
loss: 0.3723, acc: 0.8672
loss: 0.3690, acc: 0.8702
loss: 0.3638, acc: 0.8728
loss: 0.3615, acc: 0.8754
loss: 0.3592, acc: 0.8754
loss: 0.3613, acc: 0.8743
loss: 0.3612, acc: 0.8740
loss: 0.3625, acc: 0.8717
loss: 0.3602, acc: 0.8728
loss: 0.3609, acc: 0.8726
loss: 0.3587, acc: 0.8736
> val_acc: 0.7991, val_f1: 0.6713
>>>>>>>>>>>>>>>>>>>>>>>>>>>>>>>>>>>>>>>>>>>>>>>>>>>>>>>>>>>>>>>>>>>>>>>>>>>>>>>>>>>>>>>>>>>>>>>>>>>>
epoch: 16
loss: 0.3517, acc: 0.8750
loss: 0.3278, acc: 0.8973
loss: 0.3505, acc: 0.8750
loss: 0.3331, acc: 0.8824
loss: 0.3423, acc: 0.8764
loss: 0.3441, acc: 0.8785
loss: 0.3552, acc: 0.8721
loss: 0.3486, acc: 0.8750
loss: 0.3446, acc: 0.8772
loss: 0.3575, acc: 0.8730
loss: 0.3573, acc: 0.8732
loss: 0.3541, acc: 0.8734
loss: 0.3494, acc: 0.8760
loss: 0.3504, acc: 0.8764
loss: 0.3537, acc: 0.8750
loss: 0.3521, acc: 0.8754
loss: 0.3537, acc: 0.8742
loss: 0.3550, acc: 0.8739
loss: 0.3574, acc: 0.8713
loss: 0.3594, acc: 0.8695
loss: 0.3571, acc: 0.8716
loss: 0.3579, acc: 0.8706
loss: 0.3575, acc: 0.8705
> val_acc: 0.7973, val_f1: 0.6625
>>>>>>>>>>>>>>>>>>>>>>>>>>>>>>>>>>>>>>>>>>>>>>>>>>>>>>>>>>>>>>>>>>>>>>>>>>>>>>>>>>>>>>>>>>>>>>>>>>>>
epoch: 17
loss: 0.3858, acc: 0.8672
loss: 0.3216, acc: 0.8924
loss: 0.3385, acc: 0.8862
loss: 0.3456, acc: 0.8799
loss: 0.3553, acc: 0.8750
loss: 0.3601, acc: 0.8739
loss: 0.3675, acc: 0.8695
loss: 0.3631, acc: 0.8734
loss: 0.3576, acc: 0.8736
loss: 0.3538, acc: 0.8750
loss: 0.3499, acc: 0.8773
loss: 0.3480, acc: 0.8787
loss: 0.3441, acc: 0.8799
loss: 0.3452, acc: 0.8795
loss: 0.3473, acc: 0.8758
loss: 0.3484, acc: 0.8742
loss: 0.3519, acc: 0.8724
loss: 0.3512, acc: 0.8732
loss: 0.3518, acc: 0.8733
loss: 0.3572, acc: 0.8703
loss: 0.3551, acc: 0.8711
loss: 0.3571, acc: 0.8710
> val_acc: 0.8009, val_f1: 0.6810
>>>>>>>>>>>>>>>>>>>>>>>>>>>>>>>>>>>>>>>>>>>>>>>>>>>>>>>>>>>>>>>>>>>>>>>>>>>>>>>>>>>>>>>>>>>>>>>>>>>>
epoch: 18
loss: 0.3933, acc: 0.8750
loss: 0.3782, acc: 0.8594
loss: 0.3812, acc: 0.8551
loss: 0.3747, acc: 0.8516
loss: 0.3533, acc: 0.8631
loss: 0.3402, acc: 0.8714
loss: 0.3417, acc: 0.8700
loss: 0.3383, acc: 0.8715
loss: 0.3415, acc: 0.8720
loss: 0.3343, acc: 0.8736
loss: 0.3351, acc: 0.8750
loss: 0.3389, acc: 0.8739
loss: 0.3396, acc: 0.8755
loss: 0.3414, acc: 0.8755
loss: 0.3438, acc: 0.8737
loss: 0.3447, acc: 0.8734
loss: 0.3483, acc: 0.8723
loss: 0.3489, acc: 0.8710
loss: 0.3486, acc: 0.8712
loss: 0.3464, acc: 0.8721
loss: 0.3456, acc: 0.8722
loss: 0.3467, acc: 0.8712
loss: 0.3451, acc: 0.8716
> val_acc: 0.8000, val_f1: 0.6761
>>>>>>>>>>>>>>>>>>>>>>>>>>>>>>>>>>>>>>>>>>>>>>>>>>>>>>>>>>>>>>>>>>>>>>>>>>>>>>>>>>>>>>>>>>>>>>>>>>>>
epoch: 19
loss: 0.3252, acc: 0.8333
loss: 0.3240, acc: 0.8672
loss: 0.3232, acc: 0.8750
loss: 0.3229, acc: 0.8785
loss: 0.3152, acc: 0.8764
loss: 0.3222, acc: 0.8739
loss: 0.3358, acc: 0.8722
loss: 0.3396, acc: 0.8734
loss: 0.3422, acc: 0.8743
loss: 0.3356, acc: 0.8776
loss: 0.3353, acc: 0.8779
loss: 0.3368, acc: 0.8782
loss: 0.3350, acc: 0.8780
loss: 0.3402, acc: 0.8787
loss: 0.3399, acc: 0.8789
loss: 0.3365, acc: 0.8786
loss: 0.3385, acc: 0.8791
loss: 0.3382, acc: 0.8800
loss: 0.3374, acc: 0.8800
loss: 0.3373, acc: 0.8798
loss: 0.3360, acc: 0.8808
loss: 0.3386, acc: 0.8791
loss: 0.3386, acc: 0.8783
> val_acc: 0.8018, val_f1: 0.6823
>>>>>>>>>>>>>>>>>>>>>>>>>>>>>>>>>>>>>>>>>>>>>>>>>>>>>>>>>>>>>>>>>>>>>>>>>>>>>>>>>>>>>>>>>>>>>>>>>>>>
epoch: 20
loss: 0.2471, acc: 0.9125
loss: 0.3032, acc: 0.8875
loss: 0.3227, acc: 0.8792
loss: 0.3377, acc: 0.8781
loss: 0.3273, acc: 0.8862
loss: 0.3233, acc: 0.8906
loss: 0.3197, acc: 0.8946
loss: 0.3147, acc: 0.8953
loss: 0.3186, acc: 0.8938
loss: 0.3168, acc: 0.8931
loss: 0.3236, acc: 0.8886
loss: 0.3297, acc: 0.8849
loss: 0.3276, acc: 0.8865
loss: 0.3316, acc: 0.8862
loss: 0.3307, acc: 0.8867
loss: 0.3316, acc: 0.8855
loss: 0.3357, acc: 0.8824
loss: 0.3334, acc: 0.8826
loss: 0.3342, acc: 0.8822
loss: 0.3312, acc: 0.8844
loss: 0.3332, acc: 0.8833
loss: 0.3318, acc: 0.8838
> val_acc: 0.8009, val_f1: 0.6879
>>>>>>>>>>>>>>>>>>>>>>>>>>>>>>>>>>>>>>>>>>>>>>>>>>>>>>>>>>>>>>>>>>>>>>>>>>>>>>>>>>>>>>>>>>>>>>>>>>>>
epoch: 21
loss: 0.4152, acc: 0.7969
loss: 0.3688, acc: 0.8348
loss: 0.3535, acc: 0.8464
loss: 0.3393, acc: 0.8548
loss: 0.3298, acc: 0.8636
loss: 0.3304, acc: 0.8657
loss: 0.3178, acc: 0.8740
loss: 0.3249, acc: 0.8733
loss: 0.3253, acc: 0.8765
loss: 0.3186, acc: 0.8797
loss: 0.3172, acc: 0.8834
loss: 0.3212, acc: 0.8827
loss: 0.3211, acc: 0.8826
loss: 0.3252, acc: 0.8815
loss: 0.3293, acc: 0.8815
loss: 0.3280, acc: 0.8811
loss: 0.3276, acc: 0.8803
loss: 0.3263, acc: 0.8818
loss: 0.3301, acc: 0.8798
loss: 0.3306, acc: 0.8798
loss: 0.3311, acc: 0.8799
loss: 0.3328, acc: 0.8785
loss: 0.3315, acc: 0.8783
> val_acc: 0.8027, val_f1: 0.6882
>>>>>>>>>>>>>>>>>>>>>>>>>>>>>>>>>>>>>>>>>>>>>>>>>>>>>>>>>>>>>>>>>>>>>>>>>>>>>>>>>>>>>>>>>>>>>>>>>>>>
epoch: 22
loss: 0.3163, acc: 0.8984
loss: 0.2933, acc: 0.9028
loss: 0.3097, acc: 0.8884
loss: 0.3152, acc: 0.8832
loss: 0.3187, acc: 0.8789
loss: 0.3212, acc: 0.8793
loss: 0.3279, acc: 0.8805
loss: 0.3386, acc: 0.8782
loss: 0.3353, acc: 0.8786
loss: 0.3314, acc: 0.8839
loss: 0.3256, acc: 0.8860
loss: 0.3255, acc: 0.8867
loss: 0.3250, acc: 0.8867
loss: 0.3251, acc: 0.8868
loss: 0.3230, acc: 0.8868
loss: 0.3243, acc: 0.8857
loss: 0.3279, acc: 0.8839
loss: 0.3304, acc: 0.8831
loss: 0.3288, acc: 0.8840
loss: 0.3269, acc: 0.8848
loss: 0.3273, acc: 0.8846
loss: 0.3317, acc: 0.8825
> val_acc: 0.8009, val_f1: 0.6812
>>>>>>>>>>>>>>>>>>>>>>>>>>>>>>>>>>>>>>>>>>>>>>>>>>>>>>>>>>>>>>>>>>>>>>>>>>>>>>>>>>>>>>>>>>>>>>>>>>>>
epoch: 23
loss: 0.2842, acc: 0.9062
loss: 0.2905, acc: 0.9010
loss: 0.2724, acc: 0.9119
loss: 0.2946, acc: 0.9043
loss: 0.3021, acc: 0.8973
loss: 0.3089, acc: 0.8906
loss: 0.3102, acc: 0.8901
loss: 0.3148, acc: 0.8872
loss: 0.3260, acc: 0.8819
loss: 0.3244, acc: 0.8825
loss: 0.3298, acc: 0.8824
loss: 0.3227, acc: 0.8873
loss: 0.3214, acc: 0.8863
loss: 0.3188, acc: 0.8878
loss: 0.3228, acc: 0.8851
loss: 0.3206, acc: 0.8861
loss: 0.3217, acc: 0.8850
loss: 0.3200, acc: 0.8863
loss: 0.3230, acc: 0.8839
loss: 0.3228, acc: 0.8851
loss: 0.3233, acc: 0.8855
loss: 0.3237, acc: 0.8850
loss: 0.3237, acc: 0.8849
> val_acc: 0.7929, val_f1: 0.6713
>>>>>>>>>>>>>>>>>>>>>>>>>>>>>>>>>>>>>>>>>>>>>>>>>>>>>>>>>>>>>>>>>>>>>>>>>>>>>>>>>>>>>>>>>>>>>>>>>>>>
epoch: 24
loss: 0.2540, acc: 0.9375
loss: 0.2832, acc: 0.9062
loss: 0.2869, acc: 0.8990
loss: 0.3046, acc: 0.8889
loss: 0.3016, acc: 0.8872
loss: 0.3070, acc: 0.8862
loss: 0.3087, acc: 0.8845
loss: 0.3079, acc: 0.8857
loss: 0.3124, acc: 0.8844
loss: 0.3074, acc: 0.8887
loss: 0.3107, acc: 0.8880
loss: 0.3179, acc: 0.8831
loss: 0.3173, acc: 0.8839
loss: 0.3177, acc: 0.8856
loss: 0.3164, acc: 0.8878
loss: 0.3177, acc: 0.8878
loss: 0.3221, acc: 0.8844
loss: 0.3234, acc: 0.8835
loss: 0.3207, acc: 0.8854
loss: 0.3196, acc: 0.8858
loss: 0.3181, acc: 0.8865
loss: 0.3147, acc: 0.8883
loss: 0.3135, acc: 0.8889
> val_acc: 0.8000, val_f1: 0.6783
>>>>>>>>>>>>>>>>>>>>>>>>>>>>>>>>>>>>>>>>>>>>>>>>>>>>>>>>>>>>>>>>>>>>>>>>>>>>>>>>>>>>>>>>>>>>>>>>>>>>
epoch: 25
loss: 0.2551, acc: 0.9313
loss: 0.2867, acc: 0.9125
loss: 0.2843, acc: 0.9187
loss: 0.2881, acc: 0.9172
loss: 0.2961, acc: 0.9075
loss: 0.3034, acc: 0.8969
loss: 0.3054, acc: 0.8938
loss: 0.3066, acc: 0.8930
loss: 0.3057, acc: 0.8931
loss: 0.3120, acc: 0.8900
loss: 0.3085, acc: 0.8926
loss: 0.3077, acc: 0.8917
loss: 0.3062, acc: 0.8928
loss: 0.3021, acc: 0.8946
loss: 0.3011, acc: 0.8971
loss: 0.3057, acc: 0.8957
loss: 0.3064, acc: 0.8941
loss: 0.3069, acc: 0.8938
loss: 0.3055, acc: 0.8938
loss: 0.3031, acc: 0.8947
loss: 0.3044, acc: 0.8935
loss: 0.3067, acc: 0.8920
> val_acc: 0.8027, val_f1: 0.6820
>>>>>>>>>>>>>>>>>>>>>>>>>>>>>>>>>>>>>>>>>>>>>>>>>>>>>>>>>>>>>>>>>>>>>>>>>>>>>>>>>>>>>>>>>>>>>>>>>>>>
epoch: 26
loss: 0.2631, acc: 0.9062
loss: 0.2739, acc: 0.9062
loss: 0.3156, acc: 0.8854
loss: 0.3134, acc: 0.8842
loss: 0.3040, acc: 0.8864
loss: 0.3021, acc: 0.8854
loss: 0.2990, acc: 0.8857
loss: 0.3034, acc: 0.8851
loss: 0.3044, acc: 0.8876
loss: 0.2986, acc: 0.8903
loss: 0.3045, acc: 0.8882
loss: 0.3039, acc: 0.8920
loss: 0.3040, acc: 0.8926
loss: 0.3011, acc: 0.8955
loss: 0.2977, acc: 0.8963
loss: 0.2986, acc: 0.8969
loss: 0.2979, acc: 0.8967
loss: 0.3030, acc: 0.8951
loss: 0.3002, acc: 0.8967
loss: 0.3006, acc: 0.8956
loss: 0.3017, acc: 0.8974
loss: 0.2988, acc: 0.8987
loss: 0.3008, acc: 0.8979
> val_acc: 0.7973, val_f1: 0.6752
>>>>>>>>>>>>>>>>>>>>>>>>>>>>>>>>>>>>>>>>>>>>>>>>>>>>>>>>>>>>>>>>>>>>>>>>>>>>>>>>>>>>>>>>>>>>>>>>>>>>
epoch: 27
loss: 0.2982, acc: 0.8672
loss: 0.2858, acc: 0.8889
loss: 0.2819, acc: 0.9018
loss: 0.2691, acc: 0.9112
loss: 0.2800, acc: 0.9062
loss: 0.2852, acc: 0.9009
loss: 0.2894, acc: 0.8952
loss: 0.2935, acc: 0.8934
loss: 0.2894, acc: 0.8949
loss: 0.2971, acc: 0.8916
loss: 0.2997, acc: 0.8900
loss: 0.2973, acc: 0.8925
loss: 0.2971, acc: 0.8945
loss: 0.2953, acc: 0.8958
loss: 0.2978, acc: 0.8953
loss: 0.2953, acc: 0.8964
loss: 0.2960, acc: 0.8955
loss: 0.2972, acc: 0.8968
loss: 0.2970, acc: 0.8966
loss: 0.2952, acc: 0.8980
loss: 0.2942, acc: 0.8981
loss: 0.2946, acc: 0.8985
> val_acc: 0.8009, val_f1: 0.6862
>>>>>>>>>>>>>>>>>>>>>>>>>>>>>>>>>>>>>>>>>>>>>>>>>>>>>>>>>>>>>>>>>>>>>>>>>>>>>>>>>>>>>>>>>>>>>>>>>>>>
epoch: 28
loss: 0.4110, acc: 0.8438
loss: 0.3039, acc: 0.8958
loss: 0.3067, acc: 0.8977
loss: 0.2985, acc: 0.8965
loss: 0.3039, acc: 0.8943
loss: 0.3000, acc: 0.8966
loss: 0.2960, acc: 0.9002
loss: 0.2858, acc: 0.9028
loss: 0.2871, acc: 0.9024
loss: 0.2883, acc: 0.9029
loss: 0.2887, acc: 0.9050
loss: 0.2906, acc: 0.9029
loss: 0.2858, acc: 0.9042
loss: 0.2868, acc: 0.9025
loss: 0.2861, acc: 0.9027
loss: 0.2895, acc: 0.9005
loss: 0.2880, acc: 0.9020
loss: 0.2918, acc: 0.8997
loss: 0.2933, acc: 0.8997
loss: 0.2924, acc: 0.8994
loss: 0.2916, acc: 0.8998
loss: 0.2943, acc: 0.8992
loss: 0.2962, acc: 0.8972
> val_acc: 0.8009, val_f1: 0.6829
>>>>>>>>>>>>>>>>>>>>>>>>>>>>>>>>>>>>>>>>>>>>>>>>>>>>>>>>>>>>>>>>>>>>>>>>>>>>>>>>>>>>>>>>>>>>>>>>>>>>
epoch: 29
loss: 0.2738, acc: 0.9062
loss: 0.2930, acc: 0.9023
loss: 0.3064, acc: 0.9014
loss: 0.3185, acc: 0.8924
loss: 0.3144, acc: 0.8981
loss: 0.2998, acc: 0.9051
loss: 0.2961, acc: 0.9072
loss: 0.3027, acc: 0.9021
loss: 0.2964, acc: 0.9055
loss: 0.2929, acc: 0.9062
loss: 0.2894, acc: 0.9062
loss: 0.2895, acc: 0.9052
loss: 0.2923, acc: 0.9023
loss: 0.2902, acc: 0.9035
loss: 0.2890, acc: 0.9028
loss: 0.2904, acc: 0.9010
loss: 0.2884, acc: 0.9014
loss: 0.2880, acc: 0.9006
loss: 0.2921, acc: 0.8992
loss: 0.2903, acc: 0.9005
loss: 0.2887, acc: 0.9011
loss: 0.2897, acc: 0.9002
loss: 0.2896, acc: 0.9002
> val_acc: 0.7973, val_f1: 0.6786
>> test_acc: 0.8036, test_f1: 0.6888
