cuda memory allocated: 9150976
n_trainable_params: 963203, n_nontrainable_params: 1323600
> training arguments:
>>> model_name: gc_ian
>>> dataset: restaurant
>>> optimizer: <class 'torch.optim.adagrad.Adagrad'>
>>> initializer: <function xavier_uniform_ at 0x000002BD059D7620>
>>> learning_rate: 0.01
>>> momentum: 0.95
>>> dropout: 0.5
>>> l2reg: 5e-05
>>> num_epoch: 30
>>> batch_size: 32
>>> log_step: 5
>>> embed_dim: 300
>>> hidden_dim: 300
>>> bert_dim: 768
>>> pretrained_bert_name: bert-base-uncased
>>> max_seq_len: 80
>>> polarities_dim: 3
>>> hops: 3
>>> device: cuda
>>> seed: 10
>>> valset_ratio: 0
>>> num_layers: 1
>>> in_channels: 100
>>> out_channels: 1
>>> downbot: 20
>>> kernel_size: 3
>>> glove_path: ./glove/glove.840B.300d.txt
>>> model_class: <class 'models.gc_ian.GC_IAN'>
>>> dataset_file: {'train': './datasets/semeval14/Restaurants_Train.xml.seg', 'test': './datasets/semeval14/Restaurants_Test_Gold.xml.seg'}
>>> inputs_cols: ['text_raw_indices', 'aspect_indices']
>>>>>>>>>>>>>>>>>>>>>>>>>>>>>>>>>>>>>>>>>>>>>>>>>>>>>>>>>>>>>>>>>>>>>>>>>>>>>>>>>>>>>>>>>>>>>>>>>>>>
epoch: 0
loss: 1.6493, acc: 0.4625
loss: 1.3615, acc: 0.4906
loss: 1.2013, acc: 0.5271
loss: 1.1096, acc: 0.5563
loss: 1.0770, acc: 0.5575
loss: 1.0489, acc: 0.5625
loss: 1.0234, acc: 0.5652
loss: 1.0084, acc: 0.5633
loss: 0.9830, acc: 0.5750
loss: 0.9602, acc: 0.5850
loss: 0.9418, acc: 0.5949
loss: 0.9289, acc: 0.6026
loss: 0.9172, acc: 0.6048
loss: 0.9056, acc: 0.6121
loss: 0.8992, acc: 0.6112
loss: 0.8873, acc: 0.6168
loss: 0.8729, acc: 0.6235
loss: 0.8692, acc: 0.6264
loss: 0.8686, acc: 0.6263
loss: 0.8640, acc: 0.6262
loss: 0.8555, acc: 0.6324
loss: 0.8481, acc: 0.6366
> val_acc: 0.7491, val_f1: 0.5584
>> saved: state_dict/gc_ian_restaurant_val_acc0.7491
>>>>>>>>>>>>>>>>>>>>>>>>>>>>>>>>>>>>>>>>>>>>>>>>>>>>>>>>>>>>>>>>>>>>>>>>>>>>>>>>>>>>>>>>>>>>>>>>>>>>
epoch: 1
loss: 0.6119, acc: 0.7344
loss: 0.6530, acc: 0.7143
loss: 0.6188, acc: 0.7422
loss: 0.5828, acc: 0.7665
loss: 0.5916, acc: 0.7685
loss: 0.6042, acc: 0.7581
loss: 0.5994, acc: 0.7607
loss: 0.5891, acc: 0.7677
loss: 0.5814, acc: 0.7723
loss: 0.5795, acc: 0.7733
loss: 0.5740, acc: 0.7758
loss: 0.5769, acc: 0.7736
loss: 0.5781, acc: 0.7752
loss: 0.5805, acc: 0.7733
loss: 0.5884, acc: 0.7717
loss: 0.5946, acc: 0.7658
loss: 0.5912, acc: 0.7671
loss: 0.5935, acc: 0.7662
loss: 0.5926, acc: 0.7660
loss: 0.5963, acc: 0.7645
loss: 0.5925, acc: 0.7644
loss: 0.5954, acc: 0.7623
loss: 0.5921, acc: 0.7637
> val_acc: 0.7625, val_f1: 0.6180
>> saved: state_dict/gc_ian_restaurant_val_acc0.7625
>>>>>>>>>>>>>>>>>>>>>>>>>>>>>>>>>>>>>>>>>>>>>>>>>>>>>>>>>>>>>>>>>>>>>>>>>>>>>>>>>>>>>>>>>>>>>>>>>>>>
epoch: 2
loss: 0.5122, acc: 0.7812
loss: 0.5109, acc: 0.7951
loss: 0.4956, acc: 0.8058
loss: 0.5055, acc: 0.8076
loss: 0.4941, acc: 0.8099
loss: 0.4962, acc: 0.8103
loss: 0.4963, acc: 0.8116
loss: 0.4973, acc: 0.8125
loss: 0.4869, acc: 0.8168
loss: 0.4815, acc: 0.8151
loss: 0.4812, acc: 0.8166
loss: 0.4877, acc: 0.8114
loss: 0.4917, acc: 0.8091
loss: 0.4895, acc: 0.8111
loss: 0.4884, acc: 0.8125
loss: 0.4899, acc: 0.8121
loss: 0.4908, acc: 0.8114
loss: 0.4937, acc: 0.8114
loss: 0.4943, acc: 0.8122
loss: 0.4945, acc: 0.8112
loss: 0.4947, acc: 0.8101
loss: 0.4959, acc: 0.8096
> val_acc: 0.7688, val_f1: 0.6051
>> saved: state_dict/gc_ian_restaurant_val_acc0.7688
>>>>>>>>>>>>>>>>>>>>>>>>>>>>>>>>>>>>>>>>>>>>>>>>>>>>>>>>>>>>>>>>>>>>>>>>>>>>>>>>>>>>>>>>>>>>>>>>>>>>
epoch: 3
loss: 0.3530, acc: 0.8750
loss: 0.3985, acc: 0.8698
loss: 0.3905, acc: 0.8722
loss: 0.3911, acc: 0.8613
loss: 0.4041, acc: 0.8557
loss: 0.4218, acc: 0.8486
loss: 0.4170, acc: 0.8508
loss: 0.4148, acc: 0.8559
loss: 0.4112, acc: 0.8582
loss: 0.4108, acc: 0.8567
loss: 0.4058, acc: 0.8572
loss: 0.4121, acc: 0.8544
loss: 0.4151, acc: 0.8504
loss: 0.4127, acc: 0.8523
loss: 0.4211, acc: 0.8482
loss: 0.4248, acc: 0.8446
loss: 0.4269, acc: 0.8434
loss: 0.4286, acc: 0.8423
loss: 0.4328, acc: 0.8383
loss: 0.4329, acc: 0.8389
loss: 0.4330, acc: 0.8391
loss: 0.4319, acc: 0.8396
loss: 0.4294, acc: 0.8421
> val_acc: 0.7589, val_f1: 0.5765
>>>>>>>>>>>>>>>>>>>>>>>>>>>>>>>>>>>>>>>>>>>>>>>>>>>>>>>>>>>>>>>>>>>>>>>>>>>>>>>>>>>>>>>>>>>>>>>>>>>>
epoch: 4
loss: 0.4010, acc: 0.8333
loss: 0.4499, acc: 0.8203
loss: 0.4451, acc: 0.8173
loss: 0.4294, acc: 0.8438
loss: 0.4095, acc: 0.8546
loss: 0.4031, acc: 0.8560
loss: 0.4074, acc: 0.8513
loss: 0.3973, acc: 0.8577
loss: 0.3912, acc: 0.8626
loss: 0.3870, acc: 0.8607
loss: 0.3902, acc: 0.8603
loss: 0.3879, acc: 0.8621
loss: 0.3855, acc: 0.8616
loss: 0.3919, acc: 0.8562
loss: 0.3874, acc: 0.8600
loss: 0.3835, acc: 0.8606
loss: 0.3811, acc: 0.8618
loss: 0.3824, acc: 0.8604
loss: 0.3814, acc: 0.8616
loss: 0.3822, acc: 0.8610
loss: 0.3790, acc: 0.8623
loss: 0.3800, acc: 0.8617
loss: 0.3774, acc: 0.8631
> val_acc: 0.7795, val_f1: 0.6461
>> saved: state_dict/gc_ian_restaurant_val_acc0.7795
>>>>>>>>>>>>>>>>>>>>>>>>>>>>>>>>>>>>>>>>>>>>>>>>>>>>>>>>>>>>>>>>>>>>>>>>>>>>>>>>>>>>>>>>>>>>>>>>>>>>
epoch: 5
loss: 0.3115, acc: 0.9125
loss: 0.3432, acc: 0.8969
loss: 0.3478, acc: 0.8854
loss: 0.3534, acc: 0.8812
loss: 0.3527, acc: 0.8775
loss: 0.3433, acc: 0.8833
loss: 0.3309, acc: 0.8911
loss: 0.3358, acc: 0.8930
loss: 0.3311, acc: 0.8917
loss: 0.3302, acc: 0.8900
loss: 0.3323, acc: 0.8898
loss: 0.3353, acc: 0.8885
loss: 0.3391, acc: 0.8899
loss: 0.3343, acc: 0.8933
loss: 0.3370, acc: 0.8921
loss: 0.3391, acc: 0.8922
loss: 0.3384, acc: 0.8930
loss: 0.3363, acc: 0.8924
loss: 0.3364, acc: 0.8918
loss: 0.3369, acc: 0.8912
loss: 0.3340, acc: 0.8920
loss: 0.3363, acc: 0.8909
> val_acc: 0.7830, val_f1: 0.6596
>> saved: state_dict/gc_ian_restaurant_val_acc0.783
>>>>>>>>>>>>>>>>>>>>>>>>>>>>>>>>>>>>>>>>>>>>>>>>>>>>>>>>>>>>>>>>>>>>>>>>>>>>>>>>>>>>>>>>>>>>>>>>>>>>
epoch: 6
loss: 0.2826, acc: 0.9375
loss: 0.3211, acc: 0.8884
loss: 0.2983, acc: 0.9010
loss: 0.2875, acc: 0.9118
loss: 0.2986, acc: 0.9105
loss: 0.2996, acc: 0.9086
loss: 0.3027, acc: 0.9023
loss: 0.3044, acc: 0.9020
loss: 0.3007, acc: 0.9070
loss: 0.3006, acc: 0.9049
loss: 0.3010, acc: 0.9038
loss: 0.3047, acc: 0.9019
loss: 0.3026, acc: 0.9017
loss: 0.2984, acc: 0.9053
loss: 0.3024, acc: 0.9041
loss: 0.3033, acc: 0.9034
loss: 0.3023, acc: 0.9036
loss: 0.3044, acc: 0.9016
loss: 0.3084, acc: 0.9008
loss: 0.3081, acc: 0.9005
loss: 0.3092, acc: 0.9004
loss: 0.3109, acc: 0.8989
loss: 0.3073, acc: 0.8998
> val_acc: 0.7714, val_f1: 0.6282
>>>>>>>>>>>>>>>>>>>>>>>>>>>>>>>>>>>>>>>>>>>>>>>>>>>>>>>>>>>>>>>>>>>>>>>>>>>>>>>>>>>>>>>>>>>>>>>>>>>>
epoch: 7
loss: 0.2209, acc: 0.9531
loss: 0.2480, acc: 0.9306
loss: 0.2709, acc: 0.9241
loss: 0.2648, acc: 0.9260
loss: 0.2824, acc: 0.9141
loss: 0.2824, acc: 0.9106
loss: 0.2769, acc: 0.9136
loss: 0.2770, acc: 0.9103
loss: 0.2783, acc: 0.9119
loss: 0.2866, acc: 0.9094
loss: 0.2852, acc: 0.9080
loss: 0.2860, acc: 0.9062
loss: 0.2881, acc: 0.9048
loss: 0.2910, acc: 0.9035
loss: 0.2886, acc: 0.9058
loss: 0.2904, acc: 0.9043
loss: 0.2886, acc: 0.9059
loss: 0.2869, acc: 0.9070
loss: 0.2854, acc: 0.9076
loss: 0.2835, acc: 0.9081
loss: 0.2810, acc: 0.9093
loss: 0.2802, acc: 0.9100
> val_acc: 0.7741, val_f1: 0.6211
>>>>>>>>>>>>>>>>>>>>>>>>>>>>>>>>>>>>>>>>>>>>>>>>>>>>>>>>>>>>>>>>>>>>>>>>>>>>>>>>>>>>>>>>>>>>>>>>>>>>
epoch: 8
loss: 0.3259, acc: 0.8438
loss: 0.2674, acc: 0.9062
loss: 0.2829, acc: 0.9119
loss: 0.2755, acc: 0.9141
loss: 0.2726, acc: 0.9167
loss: 0.2692, acc: 0.9207
loss: 0.2720, acc: 0.9173
loss: 0.2736, acc: 0.9184
loss: 0.2718, acc: 0.9200
loss: 0.2694, acc: 0.9212
loss: 0.2671, acc: 0.9228
loss: 0.2715, acc: 0.9185
loss: 0.2704, acc: 0.9175
loss: 0.2696, acc: 0.9167
loss: 0.2691, acc: 0.9177
loss: 0.2709, acc: 0.9161
loss: 0.2685, acc: 0.9159
loss: 0.2686, acc: 0.9161
loss: 0.2667, acc: 0.9172
loss: 0.2642, acc: 0.9183
loss: 0.2635, acc: 0.9183
loss: 0.2612, acc: 0.9195
loss: 0.2619, acc: 0.9186
> val_acc: 0.7750, val_f1: 0.6302
>>>>>>>>>>>>>>>>>>>>>>>>>>>>>>>>>>>>>>>>>>>>>>>>>>>>>>>>>>>>>>>>>>>>>>>>>>>>>>>>>>>>>>>>>>>>>>>>>>>>
epoch: 9
loss: 0.2757, acc: 0.9062
loss: 0.2440, acc: 0.9258
loss: 0.2294, acc: 0.9279
loss: 0.2315, acc: 0.9306
loss: 0.2368, acc: 0.9266
loss: 0.2368, acc: 0.9241
loss: 0.2383, acc: 0.9252
loss: 0.2348, acc: 0.9268
loss: 0.2429, acc: 0.9237
loss: 0.2446, acc: 0.9212
loss: 0.2426, acc: 0.9210
loss: 0.2421, acc: 0.9203
loss: 0.2403, acc: 0.9216
loss: 0.2409, acc: 0.9205
loss: 0.2410, acc: 0.9217
loss: 0.2397, acc: 0.9227
loss: 0.2432, acc: 0.9217
loss: 0.2450, acc: 0.9212
loss: 0.2434, acc: 0.9214
loss: 0.2456, acc: 0.9193
loss: 0.2434, acc: 0.9211
loss: 0.2438, acc: 0.9213
loss: 0.2423, acc: 0.9229
> val_acc: 0.7741, val_f1: 0.6364
>>>>>>>>>>>>>>>>>>>>>>>>>>>>>>>>>>>>>>>>>>>>>>>>>>>>>>>>>>>>>>>>>>>>>>>>>>>>>>>>>>>>>>>>>>>>>>>>>>>>
epoch: 10
loss: 0.2078, acc: 0.9688
loss: 0.2092, acc: 0.9563
loss: 0.2090, acc: 0.9542
loss: 0.2176, acc: 0.9453
loss: 0.2246, acc: 0.9400
loss: 0.2278, acc: 0.9375
loss: 0.2233, acc: 0.9411
loss: 0.2235, acc: 0.9406
loss: 0.2234, acc: 0.9375
loss: 0.2260, acc: 0.9356
loss: 0.2251, acc: 0.9347
loss: 0.2203, acc: 0.9380
loss: 0.2241, acc: 0.9351
loss: 0.2224, acc: 0.9344
loss: 0.2176, acc: 0.9367
loss: 0.2165, acc: 0.9367
loss: 0.2173, acc: 0.9368
loss: 0.2174, acc: 0.9365
loss: 0.2191, acc: 0.9355
loss: 0.2158, acc: 0.9378
loss: 0.2172, acc: 0.9372
loss: 0.2194, acc: 0.9361
> val_acc: 0.7705, val_f1: 0.6166
>>>>>>>>>>>>>>>>>>>>>>>>>>>>>>>>>>>>>>>>>>>>>>>>>>>>>>>>>>>>>>>>>>>>>>>>>>>>>>>>>>>>>>>>>>>>>>>>>>>>
epoch: 11
loss: 0.1496, acc: 0.9688
loss: 0.1882, acc: 0.9464
loss: 0.1865, acc: 0.9479
loss: 0.1935, acc: 0.9449
loss: 0.1862, acc: 0.9489
loss: 0.1873, acc: 0.9468
loss: 0.1904, acc: 0.9453
loss: 0.1888, acc: 0.9459
loss: 0.1945, acc: 0.9427
loss: 0.1967, acc: 0.9415
loss: 0.1944, acc: 0.9447
loss: 0.1971, acc: 0.9441
loss: 0.1974, acc: 0.9425
loss: 0.1948, acc: 0.9445
loss: 0.1970, acc: 0.9444
loss: 0.1975, acc: 0.9440
loss: 0.2005, acc: 0.9428
loss: 0.2027, acc: 0.9407
loss: 0.2036, acc: 0.9402
loss: 0.2043, acc: 0.9404
loss: 0.2032, acc: 0.9406
loss: 0.2057, acc: 0.9395
loss: 0.2039, acc: 0.9414
> val_acc: 0.7723, val_f1: 0.6172
>>>>>>>>>>>>>>>>>>>>>>>>>>>>>>>>>>>>>>>>>>>>>>>>>>>>>>>>>>>>>>>>>>>>>>>>>>>>>>>>>>>>>>>>>>>>>>>>>>>>
epoch: 12
loss: 0.1656, acc: 0.9453
loss: 0.1969, acc: 0.9479
loss: 0.1866, acc: 0.9442
loss: 0.1873, acc: 0.9408
loss: 0.1836, acc: 0.9427
loss: 0.1848, acc: 0.9450
loss: 0.1840, acc: 0.9421
loss: 0.1858, acc: 0.9431
loss: 0.1881, acc: 0.9432
loss: 0.1833, acc: 0.9458
loss: 0.1866, acc: 0.9439
loss: 0.1919, acc: 0.9412
loss: 0.1916, acc: 0.9424
loss: 0.1918, acc: 0.9438
loss: 0.1932, acc: 0.9434
loss: 0.1958, acc: 0.9430
loss: 0.1944, acc: 0.9435
loss: 0.1936, acc: 0.9435
loss: 0.1944, acc: 0.9422
loss: 0.1953, acc: 0.9419
loss: 0.1969, acc: 0.9414
loss: 0.1973, acc: 0.9412
> val_acc: 0.7750, val_f1: 0.6440
>>>>>>>>>>>>>>>>>>>>>>>>>>>>>>>>>>>>>>>>>>>>>>>>>>>>>>>>>>>>>>>>>>>>>>>>>>>>>>>>>>>>>>>>>>>>>>>>>>>>
epoch: 13
loss: 0.1547, acc: 0.9062
loss: 0.1909, acc: 0.9479
loss: 0.1823, acc: 0.9545
loss: 0.1806, acc: 0.9512
loss: 0.1771, acc: 0.9539
loss: 0.1742, acc: 0.9543
loss: 0.1740, acc: 0.9536
loss: 0.1720, acc: 0.9523
loss: 0.1724, acc: 0.9505
loss: 0.1756, acc: 0.9504
loss: 0.1796, acc: 0.9498
loss: 0.1811, acc: 0.9475
loss: 0.1814, acc: 0.9467
loss: 0.1802, acc: 0.9479
loss: 0.1800, acc: 0.9476
loss: 0.1805, acc: 0.9465
loss: 0.1802, acc: 0.9471
loss: 0.1803, acc: 0.9488
loss: 0.1824, acc: 0.9471
loss: 0.1827, acc: 0.9463
loss: 0.1846, acc: 0.9449
loss: 0.1827, acc: 0.9463
loss: 0.1826, acc: 0.9465
> val_acc: 0.7688, val_f1: 0.6127
>>>>>>>>>>>>>>>>>>>>>>>>>>>>>>>>>>>>>>>>>>>>>>>>>>>>>>>>>>>>>>>>>>>>>>>>>>>>>>>>>>>>>>>>>>>>>>>>>>>>
epoch: 14
loss: 0.1933, acc: 0.9375
loss: 0.1599, acc: 0.9609
loss: 0.1573, acc: 0.9639
loss: 0.1578, acc: 0.9618
loss: 0.1611, acc: 0.9620
loss: 0.1696, acc: 0.9542
loss: 0.1717, acc: 0.9517
loss: 0.1769, acc: 0.9465
loss: 0.1770, acc: 0.9440
loss: 0.1764, acc: 0.9453
loss: 0.1796, acc: 0.9422
loss: 0.1787, acc: 0.9445
loss: 0.1808, acc: 0.9435
loss: 0.1776, acc: 0.9458
loss: 0.1784, acc: 0.9461
loss: 0.1769, acc: 0.9479
loss: 0.1744, acc: 0.9495
loss: 0.1736, acc: 0.9499
loss: 0.1727, acc: 0.9503
loss: 0.1730, acc: 0.9493
loss: 0.1725, acc: 0.9505
loss: 0.1730, acc: 0.9505
loss: 0.1726, acc: 0.9509
> val_acc: 0.7705, val_f1: 0.6189
>>>>>>>>>>>>>>>>>>>>>>>>>>>>>>>>>>>>>>>>>>>>>>>>>>>>>>>>>>>>>>>>>>>>>>>>>>>>>>>>>>>>>>>>>>>>>>>>>>>>
epoch: 15
loss: 0.1672, acc: 0.9625
loss: 0.1780, acc: 0.9563
loss: 0.1712, acc: 0.9583
loss: 0.1753, acc: 0.9500
loss: 0.1761, acc: 0.9487
loss: 0.1815, acc: 0.9437
loss: 0.1735, acc: 0.9491
loss: 0.1701, acc: 0.9516
loss: 0.1673, acc: 0.9521
loss: 0.1659, acc: 0.9531
loss: 0.1676, acc: 0.9528
loss: 0.1654, acc: 0.9547
loss: 0.1656, acc: 0.9529
loss: 0.1655, acc: 0.9540
loss: 0.1651, acc: 0.9546
loss: 0.1633, acc: 0.9543
loss: 0.1638, acc: 0.9540
loss: 0.1644, acc: 0.9538
loss: 0.1647, acc: 0.9533
loss: 0.1650, acc: 0.9541
loss: 0.1633, acc: 0.9545
loss: 0.1637, acc: 0.9545
> val_acc: 0.7777, val_f1: 0.6360
>>>>>>>>>>>>>>>>>>>>>>>>>>>>>>>>>>>>>>>>>>>>>>>>>>>>>>>>>>>>>>>>>>>>>>>>>>>>>>>>>>>>>>>>>>>>>>>>>>>>
epoch: 16
loss: 0.2804, acc: 0.9062
loss: 0.1754, acc: 0.9598
loss: 0.1628, acc: 0.9635
loss: 0.1601, acc: 0.9596
loss: 0.1572, acc: 0.9588
loss: 0.1555, acc: 0.9572
loss: 0.1547, acc: 0.9600
loss: 0.1541, acc: 0.9595
loss: 0.1543, acc: 0.9598
loss: 0.1584, acc: 0.9574
loss: 0.1575, acc: 0.9579
loss: 0.1570, acc: 0.9583
loss: 0.1554, acc: 0.9592
loss: 0.1547, acc: 0.9585
loss: 0.1539, acc: 0.9588
loss: 0.1573, acc: 0.9574
loss: 0.1604, acc: 0.9550
loss: 0.1620, acc: 0.9547
loss: 0.1629, acc: 0.9535
loss: 0.1615, acc: 0.9536
loss: 0.1616, acc: 0.9531
loss: 0.1609, acc: 0.9533
loss: 0.1590, acc: 0.9542
> val_acc: 0.7714, val_f1: 0.6205
>>>>>>>>>>>>>>>>>>>>>>>>>>>>>>>>>>>>>>>>>>>>>>>>>>>>>>>>>>>>>>>>>>>>>>>>>>>>>>>>>>>>>>>>>>>>>>>>>>>>
epoch: 17
loss: 0.1444, acc: 0.9453
loss: 0.1390, acc: 0.9549
loss: 0.1351, acc: 0.9665
loss: 0.1384, acc: 0.9655
loss: 0.1373, acc: 0.9674
loss: 0.1342, acc: 0.9655
loss: 0.1323, acc: 0.9678
loss: 0.1322, acc: 0.9671
loss: 0.1334, acc: 0.9666
loss: 0.1303, acc: 0.9668
loss: 0.1336, acc: 0.9659
loss: 0.1354, acc: 0.9661
loss: 0.1381, acc: 0.9644
loss: 0.1388, acc: 0.9638
loss: 0.1415, acc: 0.9611
loss: 0.1428, acc: 0.9612
loss: 0.1419, acc: 0.9613
loss: 0.1428, acc: 0.9607
loss: 0.1444, acc: 0.9598
loss: 0.1454, acc: 0.9593
loss: 0.1458, acc: 0.9591
loss: 0.1468, acc: 0.9587
> val_acc: 0.7786, val_f1: 0.6395
>>>>>>>>>>>>>>>>>>>>>>>>>>>>>>>>>>>>>>>>>>>>>>>>>>>>>>>>>>>>>>>>>>>>>>>>>>>>>>>>>>>>>>>>>>>>>>>>>>>>
epoch: 18
loss: 0.0691, acc: 1.0000
loss: 0.1460, acc: 0.9635
loss: 0.1418, acc: 0.9545
loss: 0.1449, acc: 0.9551
loss: 0.1503, acc: 0.9554
loss: 0.1437, acc: 0.9591
loss: 0.1465, acc: 0.9597
loss: 0.1482, acc: 0.9592
loss: 0.1471, acc: 0.9604
loss: 0.1463, acc: 0.9599
loss: 0.1432, acc: 0.9626
loss: 0.1427, acc: 0.9632
loss: 0.1470, acc: 0.9595
loss: 0.1492, acc: 0.9579
loss: 0.1490, acc: 0.9582
loss: 0.1471, acc: 0.9593
loss: 0.1480, acc: 0.9587
loss: 0.1470, acc: 0.9604
loss: 0.1471, acc: 0.9598
loss: 0.1466, acc: 0.9596
loss: 0.1454, acc: 0.9604
loss: 0.1458, acc: 0.9599
loss: 0.1456, acc: 0.9597
> val_acc: 0.7777, val_f1: 0.6396
>>>>>>>>>>>>>>>>>>>>>>>>>>>>>>>>>>>>>>>>>>>>>>>>>>>>>>>>>>>>>>>>>>>>>>>>>>>>>>>>>>>>>>>>>>>>>>>>>>>>
epoch: 19
loss: 0.1538, acc: 0.9375
loss: 0.1165, acc: 0.9688
loss: 0.1224, acc: 0.9639
loss: 0.1190, acc: 0.9705
loss: 0.1267, acc: 0.9688
loss: 0.1276, acc: 0.9699
loss: 0.1296, acc: 0.9688
loss: 0.1247, acc: 0.9704
loss: 0.1237, acc: 0.9709
loss: 0.1274, acc: 0.9714
loss: 0.1297, acc: 0.9688
loss: 0.1333, acc: 0.9666
loss: 0.1328, acc: 0.9668
loss: 0.1372, acc: 0.9646
loss: 0.1373, acc: 0.9649
loss: 0.1379, acc: 0.9655
loss: 0.1392, acc: 0.9635
loss: 0.1387, acc: 0.9638
loss: 0.1378, acc: 0.9640
loss: 0.1376, acc: 0.9640
loss: 0.1386, acc: 0.9642
loss: 0.1385, acc: 0.9635
loss: 0.1401, acc: 0.9626
> val_acc: 0.7696, val_f1: 0.6187
>>>>>>>>>>>>>>>>>>>>>>>>>>>>>>>>>>>>>>>>>>>>>>>>>>>>>>>>>>>>>>>>>>>>>>>>>>>>>>>>>>>>>>>>>>>>>>>>>>>>
epoch: 20
loss: 0.1118, acc: 0.9875
loss: 0.1180, acc: 0.9844
loss: 0.1171, acc: 0.9833
loss: 0.1247, acc: 0.9781
loss: 0.1262, acc: 0.9738
loss: 0.1246, acc: 0.9740
loss: 0.1221, acc: 0.9759
loss: 0.1244, acc: 0.9750
loss: 0.1241, acc: 0.9743
loss: 0.1223, acc: 0.9738
loss: 0.1240, acc: 0.9727
loss: 0.1240, acc: 0.9724
loss: 0.1235, acc: 0.9726
loss: 0.1262, acc: 0.9710
loss: 0.1262, acc: 0.9708
loss: 0.1262, acc: 0.9707
loss: 0.1274, acc: 0.9699
loss: 0.1291, acc: 0.9688
loss: 0.1297, acc: 0.9684
loss: 0.1301, acc: 0.9681
loss: 0.1299, acc: 0.9679
loss: 0.1318, acc: 0.9659
> val_acc: 0.7812, val_f1: 0.6374
>>>>>>>>>>>>>>>>>>>>>>>>>>>>>>>>>>>>>>>>>>>>>>>>>>>>>>>>>>>>>>>>>>>>>>>>>>>>>>>>>>>>>>>>>>>>>>>>>>>>
epoch: 21
loss: 0.0710, acc: 1.0000
loss: 0.0994, acc: 0.9911
loss: 0.1003, acc: 0.9870
loss: 0.1049, acc: 0.9798
loss: 0.1063, acc: 0.9773
loss: 0.1178, acc: 0.9688
loss: 0.1184, acc: 0.9678
loss: 0.1211, acc: 0.9671
loss: 0.1216, acc: 0.9673
loss: 0.1211, acc: 0.9668
loss: 0.1227, acc: 0.9645
loss: 0.1238, acc: 0.9649
loss: 0.1224, acc: 0.9657
loss: 0.1225, acc: 0.9650
loss: 0.1245, acc: 0.9648
loss: 0.1237, acc: 0.9647
loss: 0.1235, acc: 0.9649
loss: 0.1243, acc: 0.9655
loss: 0.1262, acc: 0.9637
loss: 0.1287, acc: 0.9620
loss: 0.1292, acc: 0.9620
loss: 0.1296, acc: 0.9620
loss: 0.1288, acc: 0.9623
> val_acc: 0.7768, val_f1: 0.6564
>>>>>>>>>>>>>>>>>>>>>>>>>>>>>>>>>>>>>>>>>>>>>>>>>>>>>>>>>>>>>>>>>>>>>>>>>>>>>>>>>>>>>>>>>>>>>>>>>>>>
epoch: 22
loss: 0.1522, acc: 0.9375
loss: 0.1300, acc: 0.9688
loss: 0.1370, acc: 0.9621
loss: 0.1310, acc: 0.9655
loss: 0.1239, acc: 0.9701
loss: 0.1333, acc: 0.9644
loss: 0.1307, acc: 0.9651
loss: 0.1285, acc: 0.9655
loss: 0.1271, acc: 0.9666
loss: 0.1277, acc: 0.9668
loss: 0.1273, acc: 0.9653
loss: 0.1246, acc: 0.9672
loss: 0.1247, acc: 0.9668
loss: 0.1248, acc: 0.9651
loss: 0.1255, acc: 0.9641
loss: 0.1227, acc: 0.9656
loss: 0.1247, acc: 0.9650
loss: 0.1250, acc: 0.9645
loss: 0.1271, acc: 0.9638
loss: 0.1294, acc: 0.9628
loss: 0.1295, acc: 0.9630
loss: 0.1291, acc: 0.9633
> val_acc: 0.7768, val_f1: 0.6294
>>>>>>>>>>>>>>>>>>>>>>>>>>>>>>>>>>>>>>>>>>>>>>>>>>>>>>>>>>>>>>>>>>>>>>>>>>>>>>>>>>>>>>>>>>>>>>>>>>>>
epoch: 23
loss: 0.0820, acc: 0.9688
loss: 0.0884, acc: 0.9844
loss: 0.0987, acc: 0.9830
loss: 0.1088, acc: 0.9746
loss: 0.1177, acc: 0.9702
loss: 0.1202, acc: 0.9700
loss: 0.1208, acc: 0.9677
loss: 0.1263, acc: 0.9653
loss: 0.1242, acc: 0.9680
loss: 0.1209, acc: 0.9681
loss: 0.1226, acc: 0.9651
loss: 0.1242, acc: 0.9643
loss: 0.1246, acc: 0.9647
loss: 0.1228, acc: 0.9659
loss: 0.1214, acc: 0.9661
loss: 0.1238, acc: 0.9659
loss: 0.1228, acc: 0.9657
loss: 0.1228, acc: 0.9655
loss: 0.1222, acc: 0.9653
loss: 0.1218, acc: 0.9648
loss: 0.1215, acc: 0.9653
loss: 0.1214, acc: 0.9652
loss: 0.1220, acc: 0.9657
> val_acc: 0.7741, val_f1: 0.6291
>>>>>>>>>>>>>>>>>>>>>>>>>>>>>>>>>>>>>>>>>>>>>>>>>>>>>>>>>>>>>>>>>>>>>>>>>>>>>>>>>>>>>>>>>>>>>>>>>>>>
epoch: 24
loss: 0.0770, acc: 0.9896
loss: 0.1226, acc: 0.9688
loss: 0.1113, acc: 0.9712
loss: 0.1301, acc: 0.9618
loss: 0.1204, acc: 0.9660
loss: 0.1198, acc: 0.9688
loss: 0.1212, acc: 0.9659
loss: 0.1164, acc: 0.9679
loss: 0.1147, acc: 0.9688
loss: 0.1168, acc: 0.9681
loss: 0.1145, acc: 0.9699
loss: 0.1142, acc: 0.9709
loss: 0.1192, acc: 0.9683
loss: 0.1185, acc: 0.9678
loss: 0.1157, acc: 0.9688
loss: 0.1164, acc: 0.9696
loss: 0.1160, acc: 0.9699
loss: 0.1172, acc: 0.9688
loss: 0.1150, acc: 0.9698
loss: 0.1154, acc: 0.9694
loss: 0.1160, acc: 0.9691
loss: 0.1157, acc: 0.9696
loss: 0.1164, acc: 0.9698
> val_acc: 0.7714, val_f1: 0.6195
>>>>>>>>>>>>>>>>>>>>>>>>>>>>>>>>>>>>>>>>>>>>>>>>>>>>>>>>>>>>>>>>>>>>>>>>>>>>>>>>>>>>>>>>>>>>>>>>>>>>
epoch: 25
loss: 0.1102, acc: 0.9812
loss: 0.0954, acc: 0.9812
loss: 0.0984, acc: 0.9771
loss: 0.0992, acc: 0.9766
loss: 0.0992, acc: 0.9775
loss: 0.0969, acc: 0.9781
loss: 0.1022, acc: 0.9750
loss: 0.1047, acc: 0.9742
loss: 0.1071, acc: 0.9708
loss: 0.1056, acc: 0.9731
loss: 0.1060, acc: 0.9733
loss: 0.1079, acc: 0.9729
loss: 0.1077, acc: 0.9721
loss: 0.1070, acc: 0.9719
loss: 0.1070, acc: 0.9721
loss: 0.1073, acc: 0.9727
loss: 0.1076, acc: 0.9724
loss: 0.1093, acc: 0.9726
loss: 0.1099, acc: 0.9720
loss: 0.1080, acc: 0.9731
loss: 0.1093, acc: 0.9726
loss: 0.1114, acc: 0.9713
> val_acc: 0.7759, val_f1: 0.6299
>>>>>>>>>>>>>>>>>>>>>>>>>>>>>>>>>>>>>>>>>>>>>>>>>>>>>>>>>>>>>>>>>>>>>>>>>>>>>>>>>>>>>>>>>>>>>>>>>>>>
epoch: 26
loss: 0.1621, acc: 0.9688
loss: 0.1266, acc: 0.9688
loss: 0.1247, acc: 0.9714
loss: 0.1240, acc: 0.9706
loss: 0.1205, acc: 0.9702
loss: 0.1204, acc: 0.9676
loss: 0.1181, acc: 0.9678
loss: 0.1152, acc: 0.9704
loss: 0.1124, acc: 0.9725
loss: 0.1090, acc: 0.9747
loss: 0.1083, acc: 0.9754
loss: 0.1062, acc: 0.9753
loss: 0.1070, acc: 0.9738
loss: 0.1097, acc: 0.9715
loss: 0.1076, acc: 0.9727
loss: 0.1082, acc: 0.9716
loss: 0.1088, acc: 0.9718
loss: 0.1105, acc: 0.9709
loss: 0.1111, acc: 0.9711
loss: 0.1113, acc: 0.9713
loss: 0.1103, acc: 0.9718
loss: 0.1116, acc: 0.9711
loss: 0.1124, acc: 0.9707
> val_acc: 0.7777, val_f1: 0.6366
>>>>>>>>>>>>>>>>>>>>>>>>>>>>>>>>>>>>>>>>>>>>>>>>>>>>>>>>>>>>>>>>>>>>>>>>>>>>>>>>>>>>>>>>>>>>>>>>>>>>
epoch: 27
loss: 0.0765, acc: 0.9844
loss: 0.0807, acc: 0.9826
loss: 0.0972, acc: 0.9710
loss: 0.1007, acc: 0.9720
loss: 0.1039, acc: 0.9714
loss: 0.1025, acc: 0.9731
loss: 0.0953, acc: 0.9770
loss: 0.0945, acc: 0.9776
loss: 0.0970, acc: 0.9751
loss: 0.0950, acc: 0.9770
loss: 0.0940, acc: 0.9774
loss: 0.0944, acc: 0.9772
loss: 0.0967, acc: 0.9761
loss: 0.0964, acc: 0.9769
loss: 0.0974, acc: 0.9768
loss: 0.0961, acc: 0.9778
loss: 0.0982, acc: 0.9758
loss: 0.0983, acc: 0.9758
loss: 0.0984, acc: 0.9757
loss: 0.0993, acc: 0.9757
loss: 0.1004, acc: 0.9754
loss: 0.0991, acc: 0.9762
> val_acc: 0.7768, val_f1: 0.6339
>>>>>>>>>>>>>>>>>>>>>>>>>>>>>>>>>>>>>>>>>>>>>>>>>>>>>>>>>>>>>>>>>>>>>>>>>>>>>>>>>>>>>>>>>>>>>>>>>>>>
epoch: 28
loss: 0.0601, acc: 1.0000
loss: 0.0986, acc: 0.9740
loss: 0.1065, acc: 0.9716
loss: 0.0994, acc: 0.9766
loss: 0.1011, acc: 0.9717
loss: 0.1040, acc: 0.9712
loss: 0.1021, acc: 0.9738
loss: 0.1013, acc: 0.9748
loss: 0.0985, acc: 0.9756
loss: 0.0987, acc: 0.9769
loss: 0.0991, acc: 0.9779
loss: 0.0989, acc: 0.9771
loss: 0.0981, acc: 0.9785
loss: 0.1014, acc: 0.9768
loss: 0.1021, acc: 0.9771
loss: 0.1013, acc: 0.9770
loss: 0.1011, acc: 0.9772
loss: 0.1005, acc: 0.9771
loss: 0.1003, acc: 0.9760
loss: 0.1018, acc: 0.9753
loss: 0.1038, acc: 0.9737
loss: 0.1048, acc: 0.9732
loss: 0.1045, acc: 0.9733
> val_acc: 0.7741, val_f1: 0.6273
>>>>>>>>>>>>>>>>>>>>>>>>>>>>>>>>>>>>>>>>>>>>>>>>>>>>>>>>>>>>>>>>>>>>>>>>>>>>>>>>>>>>>>>>>>>>>>>>>>>>
epoch: 29
loss: 0.0871, acc: 0.9896
loss: 0.1190, acc: 0.9766
loss: 0.1083, acc: 0.9808
loss: 0.1155, acc: 0.9774
loss: 0.1117, acc: 0.9755
loss: 0.1090, acc: 0.9766
loss: 0.1088, acc: 0.9773
loss: 0.1066, acc: 0.9794
loss: 0.1059, acc: 0.9789
loss: 0.1054, acc: 0.9785
loss: 0.1024, acc: 0.9794
loss: 0.1028, acc: 0.9784
loss: 0.1006, acc: 0.9792
loss: 0.1011, acc: 0.9793
loss: 0.0996, acc: 0.9795
loss: 0.0991, acc: 0.9800
loss: 0.0998, acc: 0.9793
loss: 0.1006, acc: 0.9794
loss: 0.1005, acc: 0.9782
loss: 0.1009, acc: 0.9777
loss: 0.0997, acc: 0.9779
loss: 0.1009, acc: 0.9774
loss: 0.1000, acc: 0.9778
> val_acc: 0.7768, val_f1: 0.6396
>> test_acc: 0.7830, test_f1: 0.6596
