cuda memory allocated: 7395840
n_trainable_params: 963203, n_nontrainable_params: 882400
> training arguments:
>>> model_name: gc_ian
>>> model_ver: 3
>>> dataset: restaurant
>>> optimizer: <class 'torch.optim.adam.Adam'>
>>> initializer: <function xavier_uniform_ at 0x0000027397F90C80>
>>> learning_rate: 0.0003
>>> momentum: 0.95
>>> dropout: 0.5
>>> l2reg: 5e-05
>>> num_epoch: 30
>>> batch_size: 32
>>> log_step: 5
>>> embed_dim: 200
>>> hidden_dim: 300
>>> bert_dim: 768
>>> pretrained_bert_name: bert-base-uncased
>>> embeddings: gd
>>> max_seq_len: 80
>>> polarities_dim: 3
>>> hops: 3
>>> device: cuda
>>> seed: 10
>>> valset_ratio: 0
>>> num_layers: 1
>>> in_channels: 50
>>> out_channels: 1
>>> downbot: 20
>>> kernel_size: 3
>>> glove_path: ./embeddings/glove.840B.300d.txt
>>> embedding_matrix_path: gen_data/embeddings/200_restaurant_glove_domain_embedding_matrix.dat
>>> model_class: <class 'models.gc_ian.GC_IAN3'>
>>> dataset_file: {'train': './datasets/semeval14/Restaurants_Train.xml.seg', 'test': './datasets/semeval14/Restaurants_Test_Gold.xml.seg'}
>>> inputs_cols: ['text_raw_indices', 'aspect_indices']
>>>>>>>>>>>>>>>>>>>>>>>>>>>>>>>>>>>>>>>>>>>>>>>>>>>>>>>>>>>>>>>>>>>>>>>>>>>>>>>>>>>>>>>>>>>>>>>>>>>>
epoch: 0
loss: 1.1356, acc: 0.5062
loss: 1.0228, acc: 0.5813
loss: 1.0259, acc: 0.5667
loss: 1.0075, acc: 0.5750
loss: 0.9980, acc: 0.5787
loss: 0.9972, acc: 0.5792
loss: 0.9947, acc: 0.5830
loss: 1.0007, acc: 0.5703
loss: 0.9888, acc: 0.5778
loss: 0.9835, acc: 0.5787
loss: 0.9741, acc: 0.5824
loss: 0.9677, acc: 0.5849
loss: 0.9602, acc: 0.5880
loss: 0.9499, acc: 0.5942
loss: 0.9455, acc: 0.5954
loss: 0.9366, acc: 0.6016
loss: 0.9281, acc: 0.6055
loss: 0.9251, acc: 0.6062
loss: 0.9248, acc: 0.6046
loss: 0.9236, acc: 0.6053
loss: 0.9185, acc: 0.6092
loss: 0.9137, acc: 0.6119
> val_acc: 0.6804, val_f1: 0.3675
>> saved: state_dict/gc_ian_restaurant_val_acc0.6804
>>>>>>>>>>>>>>>>>>>>>>>>>>>>>>>>>>>>>>>>>>>>>>>>>>>>>>>>>>>>>>>>>>>>>>>>>>>>>>>>>>>>>>>>>>>>>>>>>>>>
epoch: 1
loss: 0.7210, acc: 0.7500
loss: 0.8011, acc: 0.6830
loss: 0.7847, acc: 0.6745
loss: 0.7610, acc: 0.6893
loss: 0.7694, acc: 0.6776
loss: 0.7752, acc: 0.6713
loss: 0.7699, acc: 0.6797
loss: 0.7635, acc: 0.6824
loss: 0.7592, acc: 0.6815
loss: 0.7570, acc: 0.6782
loss: 0.7524, acc: 0.6803
loss: 0.7539, acc: 0.6782
loss: 0.7507, acc: 0.6820
loss: 0.7524, acc: 0.6796
loss: 0.7552, acc: 0.6797
loss: 0.7612, acc: 0.6790
loss: 0.7606, acc: 0.6784
loss: 0.7645, acc: 0.6760
loss: 0.7609, acc: 0.6783
loss: 0.7618, acc: 0.6775
loss: 0.7563, acc: 0.6792
loss: 0.7556, acc: 0.6787
loss: 0.7526, acc: 0.6800
> val_acc: 0.7277, val_f1: 0.5217
>> saved: state_dict/gc_ian_restaurant_val_acc0.7277
>>>>>>>>>>>>>>>>>>>>>>>>>>>>>>>>>>>>>>>>>>>>>>>>>>>>>>>>>>>>>>>>>>>>>>>>>>>>>>>>>>>>>>>>>>>>>>>>>>>>
epoch: 2
loss: 0.6750, acc: 0.7422
loss: 0.6798, acc: 0.7326
loss: 0.6690, acc: 0.7165
loss: 0.6930, acc: 0.7072
loss: 0.6824, acc: 0.7161
loss: 0.6914, acc: 0.7069
loss: 0.6896, acc: 0.7096
loss: 0.6867, acc: 0.7131
loss: 0.6733, acc: 0.7202
loss: 0.6612, acc: 0.7277
loss: 0.6644, acc: 0.7269
loss: 0.6709, acc: 0.7209
loss: 0.6698, acc: 0.7222
loss: 0.6679, acc: 0.7242
loss: 0.6660, acc: 0.7272
loss: 0.6627, acc: 0.7294
loss: 0.6592, acc: 0.7318
loss: 0.6632, acc: 0.7289
loss: 0.6603, acc: 0.7314
loss: 0.6605, acc: 0.7314
loss: 0.6586, acc: 0.7317
loss: 0.6571, acc: 0.7317
> val_acc: 0.7509, val_f1: 0.5722
>> saved: state_dict/gc_ian_restaurant_val_acc0.7509
>>>>>>>>>>>>>>>>>>>>>>>>>>>>>>>>>>>>>>>>>>>>>>>>>>>>>>>>>>>>>>>>>>>>>>>>>>>>>>>>>>>>>>>>>>>>>>>>>>>>
epoch: 3
loss: 0.5278, acc: 0.8125
loss: 0.5725, acc: 0.7812
loss: 0.5578, acc: 0.7926
loss: 0.5482, acc: 0.7949
loss: 0.5620, acc: 0.7827
loss: 0.5819, acc: 0.7692
loss: 0.5816, acc: 0.7671
loss: 0.5828, acc: 0.7674
loss: 0.5767, acc: 0.7729
loss: 0.5765, acc: 0.7738
loss: 0.5677, acc: 0.7788
loss: 0.5736, acc: 0.7757
loss: 0.5767, acc: 0.7705
loss: 0.5734, acc: 0.7741
loss: 0.5800, acc: 0.7711
loss: 0.5803, acc: 0.7710
loss: 0.5801, acc: 0.7720
loss: 0.5818, acc: 0.7722
loss: 0.5882, acc: 0.7675
loss: 0.5884, acc: 0.7676
loss: 0.5844, acc: 0.7717
loss: 0.5809, acc: 0.7745
loss: 0.5777, acc: 0.7779
> val_acc: 0.7661, val_f1: 0.6006
>> saved: state_dict/gc_ian_restaurant_val_acc0.7661
>>>>>>>>>>>>>>>>>>>>>>>>>>>>>>>>>>>>>>>>>>>>>>>>>>>>>>>>>>>>>>>>>>>>>>>>>>>>>>>>>>>>>>>>>>>>>>>>>>>>
epoch: 4
loss: 0.5713, acc: 0.7708
loss: 0.6364, acc: 0.7266
loss: 0.6229, acc: 0.7332
loss: 0.5999, acc: 0.7517
loss: 0.5764, acc: 0.7717
loss: 0.5702, acc: 0.7679
loss: 0.5683, acc: 0.7652
loss: 0.5713, acc: 0.7623
loss: 0.5575, acc: 0.7711
loss: 0.5566, acc: 0.7767
loss: 0.5567, acc: 0.7777
loss: 0.5525, acc: 0.7802
loss: 0.5494, acc: 0.7822
loss: 0.5517, acc: 0.7808
loss: 0.5485, acc: 0.7838
loss: 0.5448, acc: 0.7845
loss: 0.5416, acc: 0.7888
loss: 0.5395, acc: 0.7898
loss: 0.5365, acc: 0.7900
loss: 0.5389, acc: 0.7895
loss: 0.5345, acc: 0.7925
loss: 0.5356, acc: 0.7925
loss: 0.5334, acc: 0.7938
> val_acc: 0.7848, val_f1: 0.6447
>> saved: state_dict/gc_ian_restaurant_val_acc0.7848
>>>>>>>>>>>>>>>>>>>>>>>>>>>>>>>>>>>>>>>>>>>>>>>>>>>>>>>>>>>>>>>>>>>>>>>>>>>>>>>>>>>>>>>>>>>>>>>>>>>>
epoch: 5
loss: 0.4744, acc: 0.8375
loss: 0.5392, acc: 0.7969
loss: 0.5226, acc: 0.8083
loss: 0.5274, acc: 0.7937
loss: 0.5366, acc: 0.7887
loss: 0.5254, acc: 0.7979
loss: 0.5107, acc: 0.8063
loss: 0.5165, acc: 0.8047
loss: 0.5061, acc: 0.8104
loss: 0.4979, acc: 0.8163
loss: 0.4943, acc: 0.8182
loss: 0.4972, acc: 0.8161
loss: 0.4988, acc: 0.8159
loss: 0.4920, acc: 0.8205
loss: 0.4934, acc: 0.8187
loss: 0.4955, acc: 0.8148
loss: 0.4916, acc: 0.8151
loss: 0.4883, acc: 0.8163
loss: 0.4897, acc: 0.8155
loss: 0.4910, acc: 0.8150
loss: 0.4904, acc: 0.8149
loss: 0.4911, acc: 0.8128
> val_acc: 0.7955, val_f1: 0.6693
>> saved: state_dict/gc_ian_restaurant_val_acc0.7955
>>>>>>>>>>>>>>>>>>>>>>>>>>>>>>>>>>>>>>>>>>>>>>>>>>>>>>>>>>>>>>>>>>>>>>>>>>>>>>>>>>>>>>>>>>>>>>>>>>>>
epoch: 6
loss: 0.4181, acc: 0.9062
loss: 0.4635, acc: 0.8393
loss: 0.4311, acc: 0.8594
loss: 0.4329, acc: 0.8511
loss: 0.4446, acc: 0.8423
loss: 0.4363, acc: 0.8414
loss: 0.4354, acc: 0.8418
loss: 0.4401, acc: 0.8395
loss: 0.4408, acc: 0.8400
loss: 0.4438, acc: 0.8364
loss: 0.4444, acc: 0.8347
loss: 0.4482, acc: 0.8322
loss: 0.4434, acc: 0.8317
loss: 0.4415, acc: 0.8344
loss: 0.4457, acc: 0.8338
loss: 0.4476, acc: 0.8336
loss: 0.4488, acc: 0.8338
loss: 0.4501, acc: 0.8333
loss: 0.4559, acc: 0.8274
loss: 0.4548, acc: 0.8273
loss: 0.4558, acc: 0.8272
loss: 0.4601, acc: 0.8239
loss: 0.4555, acc: 0.8259
> val_acc: 0.7679, val_f1: 0.6135
>>>>>>>>>>>>>>>>>>>>>>>>>>>>>>>>>>>>>>>>>>>>>>>>>>>>>>>>>>>>>>>>>>>>>>>>>>>>>>>>>>>>>>>>>>>>>>>>>>>>
epoch: 7
loss: 0.3390, acc: 0.8984
loss: 0.3798, acc: 0.8646
loss: 0.3954, acc: 0.8594
loss: 0.4058, acc: 0.8536
loss: 0.4196, acc: 0.8477
loss: 0.4147, acc: 0.8534
loss: 0.4107, acc: 0.8539
loss: 0.4095, acc: 0.8518
loss: 0.4172, acc: 0.8452
loss: 0.4236, acc: 0.8425
loss: 0.4220, acc: 0.8432
loss: 0.4255, acc: 0.8427
loss: 0.4282, acc: 0.8428
loss: 0.4278, acc: 0.8424
loss: 0.4257, acc: 0.8433
loss: 0.4278, acc: 0.8414
loss: 0.4281, acc: 0.8400
loss: 0.4258, acc: 0.8416
loss: 0.4246, acc: 0.8434
loss: 0.4209, acc: 0.8450
loss: 0.4187, acc: 0.8456
loss: 0.4212, acc: 0.8435
> val_acc: 0.7839, val_f1: 0.6241
>>>>>>>>>>>>>>>>>>>>>>>>>>>>>>>>>>>>>>>>>>>>>>>>>>>>>>>>>>>>>>>>>>>>>>>>>>>>>>>>>>>>>>>>>>>>>>>>>>>>
epoch: 8
loss: 0.6166, acc: 0.7812
loss: 0.4156, acc: 0.8646
loss: 0.4091, acc: 0.8665
loss: 0.4000, acc: 0.8672
loss: 0.4054, acc: 0.8616
loss: 0.3969, acc: 0.8666
loss: 0.4082, acc: 0.8619
loss: 0.4170, acc: 0.8507
loss: 0.4122, acc: 0.8544
loss: 0.4120, acc: 0.8539
loss: 0.4055, acc: 0.8548
loss: 0.4040, acc: 0.8538
loss: 0.4083, acc: 0.8509
loss: 0.4074, acc: 0.8509
loss: 0.4064, acc: 0.8512
loss: 0.4063, acc: 0.8512
loss: 0.4018, acc: 0.8530
loss: 0.4010, acc: 0.8539
loss: 0.3973, acc: 0.8561
loss: 0.3951, acc: 0.8574
loss: 0.3976, acc: 0.8561
loss: 0.3959, acc: 0.8561
loss: 0.3957, acc: 0.8561
> val_acc: 0.7884, val_f1: 0.6581
>>>>>>>>>>>>>>>>>>>>>>>>>>>>>>>>>>>>>>>>>>>>>>>>>>>>>>>>>>>>>>>>>>>>>>>>>>>>>>>>>>>>>>>>>>>>>>>>>>>>
epoch: 9
loss: 0.4554, acc: 0.8333
loss: 0.3875, acc: 0.8555
loss: 0.3580, acc: 0.8702
loss: 0.3621, acc: 0.8733
loss: 0.3708, acc: 0.8696
loss: 0.3684, acc: 0.8672
loss: 0.3693, acc: 0.8665
loss: 0.3764, acc: 0.8643
loss: 0.3834, acc: 0.8583
loss: 0.3849, acc: 0.8561
loss: 0.3834, acc: 0.8591
loss: 0.3790, acc: 0.8605
loss: 0.3781, acc: 0.8621
loss: 0.3776, acc: 0.8608
loss: 0.3791, acc: 0.8596
loss: 0.3763, acc: 0.8614
loss: 0.3758, acc: 0.8607
loss: 0.3749, acc: 0.8629
loss: 0.3725, acc: 0.8639
loss: 0.3768, acc: 0.8610
loss: 0.3761, acc: 0.8613
loss: 0.3767, acc: 0.8605
loss: 0.3749, acc: 0.8623
> val_acc: 0.7839, val_f1: 0.6456
>>>>>>>>>>>>>>>>>>>>>>>>>>>>>>>>>>>>>>>>>>>>>>>>>>>>>>>>>>>>>>>>>>>>>>>>>>>>>>>>>>>>>>>>>>>>>>>>>>>>
epoch: 10
loss: 0.3475, acc: 0.9000
loss: 0.3485, acc: 0.8906
loss: 0.3561, acc: 0.8917
loss: 0.3520, acc: 0.8938
loss: 0.3593, acc: 0.8850
loss: 0.3625, acc: 0.8812
loss: 0.3605, acc: 0.8795
loss: 0.3658, acc: 0.8734
loss: 0.3613, acc: 0.8764
loss: 0.3652, acc: 0.8731
loss: 0.3636, acc: 0.8739
loss: 0.3603, acc: 0.8724
loss: 0.3648, acc: 0.8678
loss: 0.3590, acc: 0.8705
loss: 0.3538, acc: 0.8729
loss: 0.3532, acc: 0.8727
loss: 0.3518, acc: 0.8728
loss: 0.3517, acc: 0.8740
loss: 0.3525, acc: 0.8747
loss: 0.3478, acc: 0.8778
loss: 0.3462, acc: 0.8783
loss: 0.3480, acc: 0.8767
> val_acc: 0.7884, val_f1: 0.6499
>>>>>>>>>>>>>>>>>>>>>>>>>>>>>>>>>>>>>>>>>>>>>>>>>>>>>>>>>>>>>>>>>>>>>>>>>>>>>>>>>>>>>>>>>>>>>>>>>>>>
epoch: 11
loss: 0.2970, acc: 0.9219
loss: 0.3944, acc: 0.8259
loss: 0.3590, acc: 0.8464
loss: 0.3441, acc: 0.8640
loss: 0.3332, acc: 0.8707
loss: 0.3295, acc: 0.8727
loss: 0.3300, acc: 0.8721
loss: 0.3295, acc: 0.8750
loss: 0.3366, acc: 0.8720
loss: 0.3357, acc: 0.8730
loss: 0.3340, acc: 0.8738
loss: 0.3320, acc: 0.8761
loss: 0.3344, acc: 0.8760
loss: 0.3285, acc: 0.8778
loss: 0.3298, acc: 0.8780
loss: 0.3284, acc: 0.8787
loss: 0.3306, acc: 0.8769
loss: 0.3306, acc: 0.8772
loss: 0.3314, acc: 0.8777
loss: 0.3337, acc: 0.8760
loss: 0.3336, acc: 0.8765
loss: 0.3349, acc: 0.8768
loss: 0.3326, acc: 0.8783
> val_acc: 0.7821, val_f1: 0.6327
>>>>>>>>>>>>>>>>>>>>>>>>>>>>>>>>>>>>>>>>>>>>>>>>>>>>>>>>>>>>>>>>>>>>>>>>>>>>>>>>>>>>>>>>>>>>>>>>>>>>
epoch: 12
loss: 0.2723, acc: 0.9062
loss: 0.3066, acc: 0.8819
loss: 0.2901, acc: 0.8929
loss: 0.3014, acc: 0.8964
loss: 0.2851, acc: 0.9062
loss: 0.2911, acc: 0.9019
loss: 0.2991, acc: 0.8934
loss: 0.3063, acc: 0.8878
loss: 0.3039, acc: 0.8920
loss: 0.2949, acc: 0.8992
loss: 0.2946, acc: 0.8970
loss: 0.3070, acc: 0.8893
loss: 0.3078, acc: 0.8906
loss: 0.3072, acc: 0.8913
loss: 0.3096, acc: 0.8902
loss: 0.3118, acc: 0.8877
loss: 0.3117, acc: 0.8876
loss: 0.3109, acc: 0.8901
loss: 0.3134, acc: 0.8896
loss: 0.3157, acc: 0.8883
loss: 0.3179, acc: 0.8873
loss: 0.3176, acc: 0.8879
> val_acc: 0.7884, val_f1: 0.6711
>>>>>>>>>>>>>>>>>>>>>>>>>>>>>>>>>>>>>>>>>>>>>>>>>>>>>>>>>>>>>>>>>>>>>>>>>>>>>>>>>>>>>>>>>>>>>>>>>>>>
epoch: 13
loss: 0.2172, acc: 0.9688
loss: 0.3014, acc: 0.8958
loss: 0.2839, acc: 0.9062
loss: 0.2921, acc: 0.9102
loss: 0.2999, acc: 0.9077
loss: 0.2878, acc: 0.9147
loss: 0.2877, acc: 0.9143
loss: 0.2843, acc: 0.9149
loss: 0.2822, acc: 0.9154
loss: 0.2888, acc: 0.9117
loss: 0.2934, acc: 0.9112
loss: 0.2948, acc: 0.9079
loss: 0.2933, acc: 0.9078
loss: 0.2932, acc: 0.9072
loss: 0.2914, acc: 0.9080
loss: 0.2922, acc: 0.9054
loss: 0.2898, acc: 0.9062
loss: 0.2950, acc: 0.9052
loss: 0.2944, acc: 0.9056
loss: 0.2935, acc: 0.9066
loss: 0.2958, acc: 0.9035
loss: 0.2921, acc: 0.9060
loss: 0.2913, acc: 0.9065
> val_acc: 0.7884, val_f1: 0.6565
>>>>>>>>>>>>>>>>>>>>>>>>>>>>>>>>>>>>>>>>>>>>>>>>>>>>>>>>>>>>>>>>>>>>>>>>>>>>>>>>>>>>>>>>>>>>>>>>>>>>
epoch: 14
loss: 0.2268, acc: 0.9167
loss: 0.2522, acc: 0.9023
loss: 0.2355, acc: 0.9159
loss: 0.2419, acc: 0.9167
loss: 0.2549, acc: 0.9144
loss: 0.2751, acc: 0.9029
loss: 0.2759, acc: 0.9006
loss: 0.2786, acc: 0.8997
loss: 0.2761, acc: 0.9019
loss: 0.2750, acc: 0.9023
loss: 0.2841, acc: 0.8998
loss: 0.2880, acc: 0.8960
loss: 0.2878, acc: 0.8978
loss: 0.2871, acc: 0.8994
loss: 0.2873, acc: 0.8977
loss: 0.2866, acc: 0.8994
loss: 0.2826, acc: 0.9006
loss: 0.2841, acc: 0.9006
loss: 0.2832, acc: 0.9022
loss: 0.2851, acc: 0.9015
loss: 0.2840, acc: 0.9014
loss: 0.2849, acc: 0.9016
loss: 0.2859, acc: 0.9016
> val_acc: 0.7911, val_f1: 0.6655
>>>>>>>>>>>>>>>>>>>>>>>>>>>>>>>>>>>>>>>>>>>>>>>>>>>>>>>>>>>>>>>>>>>>>>>>>>>>>>>>>>>>>>>>>>>>>>>>>>>>
epoch: 15
loss: 0.2636, acc: 0.9187
loss: 0.2835, acc: 0.9094
loss: 0.2722, acc: 0.9208
loss: 0.2724, acc: 0.9172
loss: 0.2734, acc: 0.9137
loss: 0.2809, acc: 0.9104
loss: 0.2718, acc: 0.9170
loss: 0.2758, acc: 0.9125
loss: 0.2740, acc: 0.9125
loss: 0.2745, acc: 0.9125
loss: 0.2800, acc: 0.9119
loss: 0.2799, acc: 0.9125
loss: 0.2806, acc: 0.9106
loss: 0.2807, acc: 0.9103
loss: 0.2822, acc: 0.9096
loss: 0.2784, acc: 0.9102
loss: 0.2792, acc: 0.9099
loss: 0.2795, acc: 0.9101
loss: 0.2804, acc: 0.9092
loss: 0.2788, acc: 0.9097
loss: 0.2772, acc: 0.9098
loss: 0.2777, acc: 0.9080
> val_acc: 0.7920, val_f1: 0.6675
>>>>>>>>>>>>>>>>>>>>>>>>>>>>>>>>>>>>>>>>>>>>>>>>>>>>>>>>>>>>>>>>>>>>>>>>>>>>>>>>>>>>>>>>>>>>>>>>>>>>
epoch: 16
loss: 0.2925, acc: 0.8906
loss: 0.2617, acc: 0.9062
loss: 0.2688, acc: 0.9141
loss: 0.2559, acc: 0.9136
loss: 0.2644, acc: 0.9077
loss: 0.2600, acc: 0.9109
loss: 0.2596, acc: 0.9102
loss: 0.2617, acc: 0.9130
loss: 0.2576, acc: 0.9144
loss: 0.2596, acc: 0.9129
loss: 0.2614, acc: 0.9105
loss: 0.2585, acc: 0.9117
loss: 0.2563, acc: 0.9128
loss: 0.2544, acc: 0.9132
loss: 0.2530, acc: 0.9154
loss: 0.2581, acc: 0.9127
loss: 0.2619, acc: 0.9108
loss: 0.2605, acc: 0.9113
loss: 0.2631, acc: 0.9086
loss: 0.2593, acc: 0.9111
loss: 0.2592, acc: 0.9105
loss: 0.2595, acc: 0.9106
loss: 0.2578, acc: 0.9110
> val_acc: 0.7804, val_f1: 0.6312
>>>>>>>>>>>>>>>>>>>>>>>>>>>>>>>>>>>>>>>>>>>>>>>>>>>>>>>>>>>>>>>>>>>>>>>>>>>>>>>>>>>>>>>>>>>>>>>>>>>>
epoch: 17
loss: 0.2221, acc: 0.9297
loss: 0.2199, acc: 0.9236
loss: 0.2226, acc: 0.9286
loss: 0.2421, acc: 0.9128
loss: 0.2378, acc: 0.9167
loss: 0.2321, acc: 0.9213
loss: 0.2337, acc: 0.9219
loss: 0.2266, acc: 0.9271
loss: 0.2302, acc: 0.9240
loss: 0.2264, acc: 0.9254
loss: 0.2318, acc: 0.9230
loss: 0.2358, acc: 0.9221
loss: 0.2376, acc: 0.9204
loss: 0.2382, acc: 0.9203
loss: 0.2402, acc: 0.9193
loss: 0.2450, acc: 0.9169
loss: 0.2420, acc: 0.9178
loss: 0.2450, acc: 0.9168
loss: 0.2452, acc: 0.9166
loss: 0.2472, acc: 0.9157
loss: 0.2461, acc: 0.9162
loss: 0.2489, acc: 0.9140
> val_acc: 0.7902, val_f1: 0.6682
>>>>>>>>>>>>>>>>>>>>>>>>>>>>>>>>>>>>>>>>>>>>>>>>>>>>>>>>>>>>>>>>>>>>>>>>>>>>>>>>>>>>>>>>>>>>>>>>>>>>
epoch: 18
loss: 0.1123, acc: 1.0000
loss: 0.2351, acc: 0.9219
loss: 0.2322, acc: 0.9205
loss: 0.2485, acc: 0.9082
loss: 0.2373, acc: 0.9167
loss: 0.2263, acc: 0.9231
loss: 0.2352, acc: 0.9183
loss: 0.2403, acc: 0.9175
loss: 0.2443, acc: 0.9169
loss: 0.2400, acc: 0.9198
loss: 0.2400, acc: 0.9197
loss: 0.2425, acc: 0.9191
loss: 0.2424, acc: 0.9185
loss: 0.2495, acc: 0.9138
loss: 0.2485, acc: 0.9142
loss: 0.2468, acc: 0.9132
loss: 0.2487, acc: 0.9136
loss: 0.2490, acc: 0.9124
loss: 0.2477, acc: 0.9135
loss: 0.2461, acc: 0.9141
loss: 0.2456, acc: 0.9146
loss: 0.2472, acc: 0.9142
loss: 0.2461, acc: 0.9139
> val_acc: 0.7866, val_f1: 0.6640
>>>>>>>>>>>>>>>>>>>>>>>>>>>>>>>>>>>>>>>>>>>>>>>>>>>>>>>>>>>>>>>>>>>>>>>>>>>>>>>>>>>>>>>>>>>>>>>>>>>>
epoch: 19
loss: 0.2597, acc: 0.9062
loss: 0.2344, acc: 0.9102
loss: 0.2329, acc: 0.9111
loss: 0.2206, acc: 0.9149
loss: 0.2217, acc: 0.9158
loss: 0.2255, acc: 0.9163
loss: 0.2226, acc: 0.9195
loss: 0.2169, acc: 0.9243
loss: 0.2185, acc: 0.9251
loss: 0.2253, acc: 0.9206
loss: 0.2289, acc: 0.9198
loss: 0.2288, acc: 0.9192
loss: 0.2281, acc: 0.9206
loss: 0.2296, acc: 0.9187
loss: 0.2307, acc: 0.9178
loss: 0.2297, acc: 0.9179
loss: 0.2321, acc: 0.9172
loss: 0.2338, acc: 0.9162
loss: 0.2311, acc: 0.9180
loss: 0.2325, acc: 0.9177
loss: 0.2325, acc: 0.9172
loss: 0.2328, acc: 0.9167
loss: 0.2343, acc: 0.9169
> val_acc: 0.7893, val_f1: 0.6563
>>>>>>>>>>>>>>>>>>>>>>>>>>>>>>>>>>>>>>>>>>>>>>>>>>>>>>>>>>>>>>>>>>>>>>>>>>>>>>>>>>>>>>>>>>>>>>>>>>>>
epoch: 20
loss: 0.1719, acc: 0.9437
loss: 0.2027, acc: 0.9281
loss: 0.1986, acc: 0.9333
loss: 0.2015, acc: 0.9359
loss: 0.2026, acc: 0.9300
loss: 0.2001, acc: 0.9292
loss: 0.2067, acc: 0.9268
loss: 0.2091, acc: 0.9258
loss: 0.2122, acc: 0.9243
loss: 0.2112, acc: 0.9269
loss: 0.2129, acc: 0.9256
loss: 0.2137, acc: 0.9245
loss: 0.2126, acc: 0.9260
loss: 0.2180, acc: 0.9259
loss: 0.2197, acc: 0.9258
loss: 0.2206, acc: 0.9258
loss: 0.2209, acc: 0.9257
loss: 0.2213, acc: 0.9260
loss: 0.2233, acc: 0.9240
loss: 0.2242, acc: 0.9231
loss: 0.2254, acc: 0.9229
loss: 0.2294, acc: 0.9222
> val_acc: 0.7848, val_f1: 0.6415
>>>>>>>>>>>>>>>>>>>>>>>>>>>>>>>>>>>>>>>>>>>>>>>>>>>>>>>>>>>>>>>>>>>>>>>>>>>>>>>>>>>>>>>>>>>>>>>>>>>>
epoch: 21
loss: 0.1974, acc: 0.9062
loss: 0.2013, acc: 0.9241
loss: 0.2016, acc: 0.9245
loss: 0.1925, acc: 0.9283
loss: 0.1916, acc: 0.9332
loss: 0.2022, acc: 0.9259
loss: 0.2021, acc: 0.9277
loss: 0.2038, acc: 0.9274
loss: 0.2058, acc: 0.9271
loss: 0.2029, acc: 0.9295
loss: 0.2038, acc: 0.9285
loss: 0.2091, acc: 0.9260
loss: 0.2035, acc: 0.9294
loss: 0.2038, acc: 0.9291
loss: 0.2056, acc: 0.9297
loss: 0.2050, acc: 0.9298
loss: 0.2048, acc: 0.9310
loss: 0.2087, acc: 0.9282
loss: 0.2125, acc: 0.9273
loss: 0.2144, acc: 0.9262
loss: 0.2153, acc: 0.9252
loss: 0.2146, acc: 0.9261
loss: 0.2146, acc: 0.9263
> val_acc: 0.7955, val_f1: 0.6885
>>>>>>>>>>>>>>>>>>>>>>>>>>>>>>>>>>>>>>>>>>>>>>>>>>>>>>>>>>>>>>>>>>>>>>>>>>>>>>>>>>>>>>>>>>>>>>>>>>>>
epoch: 22
loss: 0.2368, acc: 0.9219
loss: 0.2007, acc: 0.9375
loss: 0.2202, acc: 0.9308
loss: 0.2155, acc: 0.9276
loss: 0.2097, acc: 0.9323
loss: 0.2188, acc: 0.9235
loss: 0.2140, acc: 0.9274
loss: 0.2130, acc: 0.9311
loss: 0.2099, acc: 0.9325
loss: 0.2085, acc: 0.9330
loss: 0.2094, acc: 0.9306
loss: 0.2054, acc: 0.9317
loss: 0.2056, acc: 0.9316
loss: 0.2070, acc: 0.9289
loss: 0.2096, acc: 0.9269
loss: 0.2075, acc: 0.9280
loss: 0.2112, acc: 0.9275
loss: 0.2106, acc: 0.9270
loss: 0.2104, acc: 0.9272
loss: 0.2139, acc: 0.9268
loss: 0.2140, acc: 0.9261
loss: 0.2130, acc: 0.9269
> val_acc: 0.7893, val_f1: 0.6538
>>>>>>>>>>>>>>>>>>>>>>>>>>>>>>>>>>>>>>>>>>>>>>>>>>>>>>>>>>>>>>>>>>>>>>>>>>>>>>>>>>>>>>>>>>>>>>>>>>>>
epoch: 23
loss: 0.1002, acc: 1.0000
loss: 0.1686, acc: 0.9583
loss: 0.1801, acc: 0.9403
loss: 0.1870, acc: 0.9375
loss: 0.1964, acc: 0.9390
loss: 0.2044, acc: 0.9315
loss: 0.2054, acc: 0.9294
loss: 0.2118, acc: 0.9262
loss: 0.2074, acc: 0.9291
loss: 0.2006, acc: 0.9293
loss: 0.2042, acc: 0.9289
loss: 0.2070, acc: 0.9275
loss: 0.2033, acc: 0.9293
loss: 0.1998, acc: 0.9313
loss: 0.2000, acc: 0.9318
loss: 0.1987, acc: 0.9326
loss: 0.1971, acc: 0.9333
loss: 0.1971, acc: 0.9339
loss: 0.1977, acc: 0.9334
loss: 0.1973, acc: 0.9323
loss: 0.1963, acc: 0.9332
loss: 0.1971, acc: 0.9343
loss: 0.1996, acc: 0.9330
> val_acc: 0.7973, val_f1: 0.6821
>> saved: state_dict/gc_ian_restaurant_val_acc0.7973
>>>>>>>>>>>>>>>>>>>>>>>>>>>>>>>>>>>>>>>>>>>>>>>>>>>>>>>>>>>>>>>>>>>>>>>>>>>>>>>>>>>>>>>>>>>>>>>>>>>>
epoch: 24
loss: 0.1176, acc: 0.9688
loss: 0.1599, acc: 0.9570
loss: 0.1626, acc: 0.9495
loss: 0.1843, acc: 0.9392
loss: 0.1836, acc: 0.9389
loss: 0.1862, acc: 0.9386
loss: 0.1925, acc: 0.9347
loss: 0.1913, acc: 0.9342
loss: 0.1948, acc: 0.9331
loss: 0.1925, acc: 0.9336
loss: 0.1886, acc: 0.9334
loss: 0.1903, acc: 0.9316
loss: 0.1957, acc: 0.9291
loss: 0.1984, acc: 0.9283
loss: 0.1946, acc: 0.9307
loss: 0.1967, acc: 0.9287
loss: 0.1971, acc: 0.9285
loss: 0.1990, acc: 0.9276
loss: 0.1976, acc: 0.9284
loss: 0.1994, acc: 0.9267
loss: 0.2015, acc: 0.9248
loss: 0.1992, acc: 0.9262
loss: 0.1992, acc: 0.9268
> val_acc: 0.7937, val_f1: 0.6707
>>>>>>>>>>>>>>>>>>>>>>>>>>>>>>>>>>>>>>>>>>>>>>>>>>>>>>>>>>>>>>>>>>>>>>>>>>>>>>>>>>>>>>>>>>>>>>>>>>>>
epoch: 25
loss: 0.2127, acc: 0.9563
loss: 0.1969, acc: 0.9500
loss: 0.1862, acc: 0.9458
loss: 0.1898, acc: 0.9453
loss: 0.1799, acc: 0.9475
loss: 0.1752, acc: 0.9510
loss: 0.1755, acc: 0.9500
loss: 0.1797, acc: 0.9453
loss: 0.1878, acc: 0.9410
loss: 0.1839, acc: 0.9431
loss: 0.1867, acc: 0.9426
loss: 0.1881, acc: 0.9411
loss: 0.1864, acc: 0.9423
loss: 0.1845, acc: 0.9433
loss: 0.1854, acc: 0.9425
loss: 0.1874, acc: 0.9418
loss: 0.1881, acc: 0.9415
loss: 0.1881, acc: 0.9417
loss: 0.1946, acc: 0.9395
loss: 0.1916, acc: 0.9413
loss: 0.1950, acc: 0.9384
loss: 0.1948, acc: 0.9375
> val_acc: 0.7902, val_f1: 0.6665
>>>>>>>>>>>>>>>>>>>>>>>>>>>>>>>>>>>>>>>>>>>>>>>>>>>>>>>>>>>>>>>>>>>>>>>>>>>>>>>>>>>>>>>>>>>>>>>>>>>>
epoch: 26
loss: 0.1735, acc: 0.9531
loss: 0.1996, acc: 0.9152
loss: 0.2091, acc: 0.9245
loss: 0.2081, acc: 0.9283
loss: 0.2007, acc: 0.9375
loss: 0.2045, acc: 0.9363
loss: 0.1977, acc: 0.9385
loss: 0.1907, acc: 0.9392
loss: 0.1941, acc: 0.9368
loss: 0.1939, acc: 0.9355
loss: 0.1906, acc: 0.9375
loss: 0.1876, acc: 0.9402
loss: 0.1869, acc: 0.9395
loss: 0.1859, acc: 0.9398
loss: 0.1859, acc: 0.9392
loss: 0.1855, acc: 0.9387
loss: 0.1868, acc: 0.9386
loss: 0.1870, acc: 0.9382
loss: 0.1877, acc: 0.9372
loss: 0.1885, acc: 0.9372
loss: 0.1883, acc: 0.9369
loss: 0.1888, acc: 0.9357
loss: 0.1910, acc: 0.9344
> val_acc: 0.7893, val_f1: 0.6609
>>>>>>>>>>>>>>>>>>>>>>>>>>>>>>>>>>>>>>>>>>>>>>>>>>>>>>>>>>>>>>>>>>>>>>>>>>>>>>>>>>>>>>>>>>>>>>>>>>>>
epoch: 27
loss: 0.1507, acc: 0.9531
loss: 0.1570, acc: 0.9514
loss: 0.1785, acc: 0.9420
loss: 0.1811, acc: 0.9441
loss: 0.1815, acc: 0.9440
loss: 0.1782, acc: 0.9450
loss: 0.1689, acc: 0.9504
loss: 0.1692, acc: 0.9479
loss: 0.1650, acc: 0.9496
loss: 0.1640, acc: 0.9483
loss: 0.1635, acc: 0.9473
loss: 0.1678, acc: 0.9433
loss: 0.1728, acc: 0.9395
loss: 0.1753, acc: 0.9375
loss: 0.1775, acc: 0.9367
loss: 0.1798, acc: 0.9367
loss: 0.1841, acc: 0.9349
loss: 0.1822, acc: 0.9361
loss: 0.1835, acc: 0.9352
loss: 0.1854, acc: 0.9334
loss: 0.1865, acc: 0.9336
loss: 0.1853, acc: 0.9346
> val_acc: 0.7955, val_f1: 0.6852
>>>>>>>>>>>>>>>>>>>>>>>>>>>>>>>>>>>>>>>>>>>>>>>>>>>>>>>>>>>>>>>>>>>>>>>>>>>>>>>>>>>>>>>>>>>>>>>>>>>>
epoch: 28
loss: 0.1336, acc: 0.9688
loss: 0.1595, acc: 0.9479
loss: 0.1592, acc: 0.9432
loss: 0.1846, acc: 0.9355
loss: 0.1741, acc: 0.9390
loss: 0.1709, acc: 0.9387
loss: 0.1764, acc: 0.9385
loss: 0.1729, acc: 0.9384
loss: 0.1674, acc: 0.9428
loss: 0.1690, acc: 0.9436
loss: 0.1725, acc: 0.9424
loss: 0.1706, acc: 0.9431
loss: 0.1695, acc: 0.9426
loss: 0.1716, acc: 0.9418
loss: 0.1748, acc: 0.9401
loss: 0.1783, acc: 0.9387
loss: 0.1791, acc: 0.9383
loss: 0.1795, acc: 0.9386
loss: 0.1775, acc: 0.9396
loss: 0.1786, acc: 0.9395
loss: 0.1794, acc: 0.9400
loss: 0.1799, acc: 0.9402
loss: 0.1801, acc: 0.9400
> val_acc: 0.7848, val_f1: 0.6532
>>>>>>>>>>>>>>>>>>>>>>>>>>>>>>>>>>>>>>>>>>>>>>>>>>>>>>>>>>>>>>>>>>>>>>>>>>>>>>>>>>>>>>>>>>>>>>>>>>>>
epoch: 29
loss: 0.1433, acc: 0.9479
loss: 0.1944, acc: 0.9219
loss: 0.1920, acc: 0.9255
loss: 0.2054, acc: 0.9236
loss: 0.1871, acc: 0.9293
loss: 0.1861, acc: 0.9308
loss: 0.1791, acc: 0.9337
loss: 0.1810, acc: 0.9317
loss: 0.1776, acc: 0.9339
loss: 0.1778, acc: 0.9342
loss: 0.1775, acc: 0.9340
loss: 0.1807, acc: 0.9343
loss: 0.1783, acc: 0.9340
loss: 0.1841, acc: 0.9324
loss: 0.1792, acc: 0.9354
loss: 0.1773, acc: 0.9371
loss: 0.1826, acc: 0.9345
loss: 0.1865, acc: 0.9343
loss: 0.1842, acc: 0.9355
loss: 0.1868, acc: 0.9343
loss: 0.1860, acc: 0.9351
loss: 0.1861, acc: 0.9340
loss: 0.1843, acc: 0.9351
> val_acc: 0.7920, val_f1: 0.6682
>> test_acc: 0.7973, test_f1: 0.6821
