cuda memory allocated: 32726528
n_trainable_params: 6841263, n_nontrainable_params: 1323600
> training arguments:
>>> model_name: gc_ian
>>> dataset: restaurant
>>> optimizer: <class 'torch.optim.adam.Adam'>
>>> initializer: <function xavier_uniform_ at 0x000001EB0E227620>
>>> learning_rate: 0.0003
>>> momentum: 0.95
>>> dropout: 0.2
>>> l2reg: 5e-05
>>> num_epoch: 30
>>> batch_size: 32
>>> log_step: 5
>>> embed_dim: 300
>>> hidden_dim: 300
>>> bert_dim: 768
>>> pretrained_bert_name: bert-base-uncased
>>> max_seq_len: 80
>>> polarities_dim: 3
>>> hops: 3
>>> device: cuda
>>> seed: 10
>>> valset_ratio: 0
>>> num_layers: 1
>>> in_channels: 600
>>> out_channels: 1
>>> downbot: 20
>>> kernel_size: 3
>>> glove_path: ./glove/glove.840B.300d.txt
>>> model_class: <class 'models.gc_ian.GC_IAN'>
>>> dataset_file: {'train': './datasets/semeval14/Restaurants_Train.xml.seg', 'test': './datasets/semeval14/Restaurants_Test_Gold.xml.seg'}
>>> inputs_cols: ['text_raw_indices', 'aspect_indices']
>>>>>>>>>>>>>>>>>>>>>>>>>>>>>>>>>>>>>>>>>>>>>>>>>>>>>>>>>>>>>>>>>>>>>>>>>>>>>>>>>>>>>>>>>>>>>>>>>>>>
epoch: 0
loss: 0.9952, acc: 0.5625
loss: 0.9701, acc: 0.6062
loss: 0.9636, acc: 0.6083
loss: 0.9686, acc: 0.5984
loss: 0.9592, acc: 0.6038
loss: 0.9635, acc: 0.6021
loss: 0.9604, acc: 0.6027
loss: 0.9593, acc: 0.6008
loss: 0.9517, acc: 0.6062
loss: 0.9453, acc: 0.6088
loss: 0.9418, acc: 0.6097
loss: 0.9363, acc: 0.6115
loss: 0.9335, acc: 0.6111
loss: 0.9300, acc: 0.6125
loss: 0.9207, acc: 0.6162
loss: 0.9212, acc: 0.6168
loss: 0.9245, acc: 0.6125
loss: 0.9234, acc: 0.6111
loss: 0.9223, acc: 0.6109
loss: 0.9165, acc: 0.6122
loss: 0.9129, acc: 0.6134
loss: 0.9033, acc: 0.6170
> val_acc: 0.7134, val_f1: 0.4979
>> saved: state_dict/gc_ian_restaurant_val_acc0.7134
>>>>>>>>>>>>>>>>>>>>>>>>>>>>>>>>>>>>>>>>>>>>>>>>>>>>>>>>>>>>>>>>>>>>>>>>>>>>>>>>>>>>>>>>>>>>>>>>>>>>
epoch: 1
loss: 0.7219, acc: 0.6719
loss: 0.7094, acc: 0.7054
loss: 0.7749, acc: 0.6589
loss: 0.7654, acc: 0.6801
loss: 0.7734, acc: 0.6690
loss: 0.7650, acc: 0.6713
loss: 0.7707, acc: 0.6670
loss: 0.7610, acc: 0.6740
loss: 0.7652, acc: 0.6726
loss: 0.7531, acc: 0.6815
loss: 0.7644, acc: 0.6755
loss: 0.7648, acc: 0.6760
loss: 0.7642, acc: 0.6754
loss: 0.7618, acc: 0.6772
loss: 0.7683, acc: 0.6714
loss: 0.7693, acc: 0.6709
loss: 0.7730, acc: 0.6673
loss: 0.7710, acc: 0.6670
loss: 0.7691, acc: 0.6688
loss: 0.7675, acc: 0.6698
loss: 0.7666, acc: 0.6679
loss: 0.7672, acc: 0.6665
loss: 0.7657, acc: 0.6655
> val_acc: 0.7241, val_f1: 0.5625
>> saved: state_dict/gc_ian_restaurant_val_acc0.7241
>>>>>>>>>>>>>>>>>>>>>>>>>>>>>>>>>>>>>>>>>>>>>>>>>>>>>>>>>>>>>>>>>>>>>>>>>>>>>>>>>>>>>>>>>>>>>>>>>>>>
epoch: 2
loss: 0.7165, acc: 0.7188
loss: 0.7269, acc: 0.6910
loss: 0.7080, acc: 0.7054
loss: 0.7300, acc: 0.6891
loss: 0.7361, acc: 0.6901
loss: 0.7245, acc: 0.6897
loss: 0.7105, acc: 0.6976
loss: 0.7121, acc: 0.6947
loss: 0.7081, acc: 0.6982
loss: 0.7134, acc: 0.6913
loss: 0.7234, acc: 0.6846
loss: 0.7134, acc: 0.6912
loss: 0.7185, acc: 0.6880
loss: 0.7155, acc: 0.6884
loss: 0.7189, acc: 0.6883
loss: 0.7192, acc: 0.6915
loss: 0.7190, acc: 0.6912
loss: 0.7224, acc: 0.6893
loss: 0.7204, acc: 0.6898
loss: 0.7223, acc: 0.6897
loss: 0.7209, acc: 0.6923
loss: 0.7161, acc: 0.6941
> val_acc: 0.7250, val_f1: 0.5272
>> saved: state_dict/gc_ian_restaurant_val_acc0.725
>>>>>>>>>>>>>>>>>>>>>>>>>>>>>>>>>>>>>>>>>>>>>>>>>>>>>>>>>>>>>>>>>>>>>>>>>>>>>>>>>>>>>>>>>>>>>>>>>>>>
epoch: 3
loss: 0.7575, acc: 0.6562
loss: 0.7438, acc: 0.6979
loss: 0.7224, acc: 0.6847
loss: 0.7121, acc: 0.6992
loss: 0.6931, acc: 0.7039
loss: 0.6923, acc: 0.7019
loss: 0.6969, acc: 0.6966
loss: 0.7085, acc: 0.6875
loss: 0.7117, acc: 0.6852
loss: 0.7099, acc: 0.6855
loss: 0.7133, acc: 0.6857
loss: 0.7076, acc: 0.6858
loss: 0.7103, acc: 0.6860
loss: 0.7027, acc: 0.6922
loss: 0.6990, acc: 0.6945
loss: 0.6947, acc: 0.6990
loss: 0.6917, acc: 0.7006
loss: 0.6902, acc: 0.7009
loss: 0.6890, acc: 0.7033
loss: 0.6823, acc: 0.7070
loss: 0.6806, acc: 0.7092
loss: 0.6798, acc: 0.7108
loss: 0.6794, acc: 0.7123
> val_acc: 0.7366, val_f1: 0.5702
>> saved: state_dict/gc_ian_restaurant_val_acc0.7366
>>>>>>>>>>>>>>>>>>>>>>>>>>>>>>>>>>>>>>>>>>>>>>>>>>>>>>>>>>>>>>>>>>>>>>>>>>>>>>>>>>>>>>>>>>>>>>>>>>>>
epoch: 4
loss: 0.4775, acc: 0.8229
loss: 0.5844, acc: 0.7578
loss: 0.6213, acc: 0.7452
loss: 0.6394, acc: 0.7309
loss: 0.6533, acc: 0.7255
loss: 0.6566, acc: 0.7199
loss: 0.6635, acc: 0.7188
loss: 0.6676, acc: 0.7212
loss: 0.6624, acc: 0.7224
loss: 0.6599, acc: 0.7246
loss: 0.6661, acc: 0.7199
loss: 0.6504, acc: 0.7268
loss: 0.6533, acc: 0.7242
loss: 0.6534, acc: 0.7220
loss: 0.6563, acc: 0.7213
loss: 0.6528, acc: 0.7220
loss: 0.6482, acc: 0.7248
loss: 0.6481, acc: 0.7262
loss: 0.6443, acc: 0.7272
loss: 0.6446, acc: 0.7283
loss: 0.6536, acc: 0.7233
loss: 0.6561, acc: 0.7228
loss: 0.6575, acc: 0.7231
> val_acc: 0.7196, val_f1: 0.5270
>>>>>>>>>>>>>>>>>>>>>>>>>>>>>>>>>>>>>>>>>>>>>>>>>>>>>>>>>>>>>>>>>>>>>>>>>>>>>>>>>>>>>>>>>>>>>>>>>>>>
epoch: 5
loss: 0.5921, acc: 0.7375
loss: 0.6373, acc: 0.7156
loss: 0.6317, acc: 0.7250
loss: 0.6286, acc: 0.7406
loss: 0.6370, acc: 0.7400
loss: 0.6327, acc: 0.7365
loss: 0.6372, acc: 0.7348
loss: 0.6341, acc: 0.7297
loss: 0.6312, acc: 0.7326
loss: 0.6335, acc: 0.7262
loss: 0.6344, acc: 0.7261
loss: 0.6286, acc: 0.7323
loss: 0.6356, acc: 0.7279
loss: 0.6358, acc: 0.7299
loss: 0.6319, acc: 0.7321
loss: 0.6374, acc: 0.7305
loss: 0.6363, acc: 0.7309
loss: 0.6364, acc: 0.7312
loss: 0.6320, acc: 0.7339
loss: 0.6327, acc: 0.7344
loss: 0.6329, acc: 0.7342
loss: 0.6295, acc: 0.7366
> val_acc: 0.7116, val_f1: 0.5521
>>>>>>>>>>>>>>>>>>>>>>>>>>>>>>>>>>>>>>>>>>>>>>>>>>>>>>>>>>>>>>>>>>>>>>>>>>>>>>>>>>>>>>>>>>>>>>>>>>>>
epoch: 6
loss: 0.6867, acc: 0.7188
loss: 0.5925, acc: 0.7366
loss: 0.5842, acc: 0.7500
loss: 0.6122, acc: 0.7371
loss: 0.6140, acc: 0.7372
loss: 0.6079, acc: 0.7396
loss: 0.5846, acc: 0.7539
loss: 0.5754, acc: 0.7584
loss: 0.5846, acc: 0.7537
loss: 0.5798, acc: 0.7586
loss: 0.5912, acc: 0.7584
loss: 0.5941, acc: 0.7560
loss: 0.5984, acc: 0.7530
loss: 0.5988, acc: 0.7537
loss: 0.5942, acc: 0.7565
loss: 0.5954, acc: 0.7545
loss: 0.5912, acc: 0.7572
loss: 0.5948, acc: 0.7547
loss: 0.6001, acc: 0.7514
loss: 0.5976, acc: 0.7519
loss: 0.5934, acc: 0.7549
loss: 0.5970, acc: 0.7515
loss: 0.5984, acc: 0.7511
> val_acc: 0.6813, val_f1: 0.5639
>>>>>>>>>>>>>>>>>>>>>>>>>>>>>>>>>>>>>>>>>>>>>>>>>>>>>>>>>>>>>>>>>>>>>>>>>>>>>>>>>>>>>>>>>>>>>>>>>>>>
epoch: 7
loss: 0.4907, acc: 0.8359
loss: 0.6117, acc: 0.7812
loss: 0.5819, acc: 0.7857
loss: 0.5959, acc: 0.7747
loss: 0.5719, acc: 0.7812
loss: 0.5684, acc: 0.7769
loss: 0.5774, acc: 0.7684
loss: 0.5693, acc: 0.7676
loss: 0.5744, acc: 0.7635
loss: 0.5742, acc: 0.7640
loss: 0.5711, acc: 0.7662
loss: 0.5725, acc: 0.7659
loss: 0.5679, acc: 0.7646
loss: 0.5714, acc: 0.7636
loss: 0.5703, acc: 0.7644
loss: 0.5784, acc: 0.7599
loss: 0.5788, acc: 0.7600
loss: 0.5769, acc: 0.7605
loss: 0.5803, acc: 0.7580
loss: 0.5771, acc: 0.7598
loss: 0.5815, acc: 0.7569
loss: 0.5838, acc: 0.7546
> val_acc: 0.7125, val_f1: 0.5587
>>>>>>>>>>>>>>>>>>>>>>>>>>>>>>>>>>>>>>>>>>>>>>>>>>>>>>>>>>>>>>>>>>>>>>>>>>>>>>>>>>>>>>>>>>>>>>>>>>>>
epoch: 8
loss: 0.3375, acc: 0.9375
loss: 0.5010, acc: 0.7969
loss: 0.5326, acc: 0.7926
loss: 0.5256, acc: 0.7949
loss: 0.5217, acc: 0.7902
loss: 0.5154, acc: 0.7921
loss: 0.5184, acc: 0.7863
loss: 0.5202, acc: 0.7882
loss: 0.5240, acc: 0.7843
loss: 0.5366, acc: 0.7785
loss: 0.5422, acc: 0.7770
loss: 0.5399, acc: 0.7812
loss: 0.5418, acc: 0.7792
loss: 0.5407, acc: 0.7817
loss: 0.5516, acc: 0.7760
loss: 0.5515, acc: 0.7755
loss: 0.5505, acc: 0.7762
loss: 0.5525, acc: 0.7751
loss: 0.5540, acc: 0.7751
loss: 0.5546, acc: 0.7747
loss: 0.5555, acc: 0.7726
loss: 0.5552, acc: 0.7733
loss: 0.5575, acc: 0.7731
> val_acc: 0.6964, val_f1: 0.5140
>>>>>>>>>>>>>>>>>>>>>>>>>>>>>>>>>>>>>>>>>>>>>>>>>>>>>>>>>>>>>>>>>>>>>>>>>>>>>>>>>>>>>>>>>>>>>>>>>>>>
epoch: 9
loss: 0.4995, acc: 0.7500
loss: 0.4416, acc: 0.8047
loss: 0.4533, acc: 0.8149
loss: 0.4764, acc: 0.7969
loss: 0.4916, acc: 0.7935
loss: 0.5054, acc: 0.7846
loss: 0.5229, acc: 0.7841
loss: 0.5413, acc: 0.7730
loss: 0.5434, acc: 0.7711
loss: 0.5430, acc: 0.7689
loss: 0.5440, acc: 0.7659
loss: 0.5421, acc: 0.7672
loss: 0.5498, acc: 0.7629
loss: 0.5580, acc: 0.7587
loss: 0.5572, acc: 0.7594
loss: 0.5512, acc: 0.7616
loss: 0.5408, acc: 0.7669
loss: 0.5405, acc: 0.7667
loss: 0.5410, acc: 0.7678
loss: 0.5429, acc: 0.7695
loss: 0.5417, acc: 0.7703
loss: 0.5420, acc: 0.7714
loss: 0.5500, acc: 0.7683
> val_acc: 0.6848, val_f1: 0.5422
>>>>>>>>>>>>>>>>>>>>>>>>>>>>>>>>>>>>>>>>>>>>>>>>>>>>>>>>>>>>>>>>>>>>>>>>>>>>>>>>>>>>>>>>>>>>>>>>>>>>
epoch: 10
loss: 0.5113, acc: 0.7937
loss: 0.5080, acc: 0.7937
loss: 0.5029, acc: 0.7937
loss: 0.5163, acc: 0.7844
loss: 0.5234, acc: 0.7837
loss: 0.5232, acc: 0.7792
loss: 0.5295, acc: 0.7786
loss: 0.5291, acc: 0.7781
loss: 0.5290, acc: 0.7785
loss: 0.5233, acc: 0.7806
loss: 0.5235, acc: 0.7830
loss: 0.5188, acc: 0.7844
loss: 0.5258, acc: 0.7832
loss: 0.5257, acc: 0.7835
loss: 0.5303, acc: 0.7792
loss: 0.5294, acc: 0.7777
loss: 0.5309, acc: 0.7783
loss: 0.5320, acc: 0.7792
loss: 0.5372, acc: 0.7750
loss: 0.5382, acc: 0.7769
loss: 0.5417, acc: 0.7747
loss: 0.5384, acc: 0.7761
> val_acc: 0.6955, val_f1: 0.5451
>>>>>>>>>>>>>>>>>>>>>>>>>>>>>>>>>>>>>>>>>>>>>>>>>>>>>>>>>>>>>>>>>>>>>>>>>>>>>>>>>>>>>>>>>>>>>>>>>>>>
epoch: 11
loss: 0.4661, acc: 0.7344
loss: 0.5233, acc: 0.7634
loss: 0.4703, acc: 0.7865
loss: 0.5076, acc: 0.7739
loss: 0.4896, acc: 0.7798
loss: 0.5078, acc: 0.7755
loss: 0.4917, acc: 0.7871
loss: 0.5090, acc: 0.7855
loss: 0.5178, acc: 0.7790
loss: 0.5158, acc: 0.7839
loss: 0.5153, acc: 0.7843
loss: 0.5192, acc: 0.7812
loss: 0.5234, acc: 0.7818
loss: 0.5246, acc: 0.7845
loss: 0.5297, acc: 0.7804
loss: 0.5297, acc: 0.7821
loss: 0.5249, acc: 0.7843
loss: 0.5200, acc: 0.7863
loss: 0.5171, acc: 0.7863
loss: 0.5179, acc: 0.7854
loss: 0.5148, acc: 0.7868
loss: 0.5145, acc: 0.7874
loss: 0.5168, acc: 0.7857
> val_acc: 0.6929, val_f1: 0.5704
>>>>>>>>>>>>>>>>>>>>>>>>>>>>>>>>>>>>>>>>>>>>>>>>>>>>>>>>>>>>>>>>>>>>>>>>>>>>>>>>>>>>>>>>>>>>>>>>>>>>
epoch: 12
loss: 0.4978, acc: 0.7812
loss: 0.4910, acc: 0.8021
loss: 0.4596, acc: 0.8058
loss: 0.4554, acc: 0.8076
loss: 0.4548, acc: 0.8086
loss: 0.4546, acc: 0.8103
loss: 0.4553, acc: 0.8116
loss: 0.4646, acc: 0.8069
loss: 0.4648, acc: 0.8075
loss: 0.4698, acc: 0.8055
loss: 0.4746, acc: 0.8021
loss: 0.4759, acc: 0.8014
loss: 0.4816, acc: 0.7988
loss: 0.4888, acc: 0.7971
loss: 0.4965, acc: 0.7939
loss: 0.4927, acc: 0.7963
loss: 0.4960, acc: 0.7935
loss: 0.4992, acc: 0.7925
loss: 0.5020, acc: 0.7922
loss: 0.5010, acc: 0.7926
loss: 0.5066, acc: 0.7909
loss: 0.5064, acc: 0.7907
> val_acc: 0.6946, val_f1: 0.5795
>>>>>>>>>>>>>>>>>>>>>>>>>>>>>>>>>>>>>>>>>>>>>>>>>>>>>>>>>>>>>>>>>>>>>>>>>>>>>>>>>>>>>>>>>>>>>>>>>>>>
epoch: 13
loss: 0.5702, acc: 0.7812
loss: 0.4440, acc: 0.8333
loss: 0.4625, acc: 0.8125
loss: 0.4757, acc: 0.8145
loss: 0.4548, acc: 0.8170
loss: 0.4654, acc: 0.8017
loss: 0.4713, acc: 0.8044
loss: 0.4692, acc: 0.8056
loss: 0.4785, acc: 0.8018
loss: 0.4710, acc: 0.8023
loss: 0.4784, acc: 0.7990
loss: 0.4702, acc: 0.8041
loss: 0.4663, acc: 0.8074
loss: 0.4665, acc: 0.8078
loss: 0.4744, acc: 0.8037
loss: 0.4762, acc: 0.8030
loss: 0.4788, acc: 0.8009
loss: 0.4765, acc: 0.8016
loss: 0.4784, acc: 0.8001
loss: 0.4869, acc: 0.7959
loss: 0.4892, acc: 0.7958
loss: 0.4892, acc: 0.7969
loss: 0.4889, acc: 0.7979
> val_acc: 0.6759, val_f1: 0.5258
>>>>>>>>>>>>>>>>>>>>>>>>>>>>>>>>>>>>>>>>>>>>>>>>>>>>>>>>>>>>>>>>>>>>>>>>>>>>>>>>>>>>>>>>>>>>>>>>>>>>
epoch: 14
loss: 0.5564, acc: 0.7708
loss: 0.4852, acc: 0.7891
loss: 0.4738, acc: 0.8053
loss: 0.4741, acc: 0.8038
loss: 0.4725, acc: 0.8125
loss: 0.4743, acc: 0.8114
loss: 0.4613, acc: 0.8144
loss: 0.4686, acc: 0.8067
loss: 0.4733, acc: 0.8081
loss: 0.4743, acc: 0.8073
loss: 0.4702, acc: 0.8090
loss: 0.4801, acc: 0.8028
loss: 0.4854, acc: 0.8006
loss: 0.4893, acc: 0.8024
loss: 0.4871, acc: 0.8022
loss: 0.4868, acc: 0.8029
loss: 0.4939, acc: 0.7971
loss: 0.4981, acc: 0.7958
loss: 0.4953, acc: 0.7977
loss: 0.4950, acc: 0.7982
loss: 0.5003, acc: 0.7946
loss: 0.5016, acc: 0.7922
loss: 0.5009, acc: 0.7927
> val_acc: 0.6830, val_f1: 0.5328
>>>>>>>>>>>>>>>>>>>>>>>>>>>>>>>>>>>>>>>>>>>>>>>>>>>>>>>>>>>>>>>>>>>>>>>>>>>>>>>>>>>>>>>>>>>>>>>>>>>>
epoch: 15
loss: 0.5275, acc: 0.7562
loss: 0.5154, acc: 0.7781
loss: 0.4772, acc: 0.8125
loss: 0.4363, acc: 0.8313
loss: 0.4443, acc: 0.8275
loss: 0.4511, acc: 0.8240
loss: 0.4606, acc: 0.8152
loss: 0.4644, acc: 0.8133
loss: 0.4654, acc: 0.8111
loss: 0.4713, acc: 0.8081
loss: 0.4732, acc: 0.8097
loss: 0.4706, acc: 0.8120
loss: 0.4747, acc: 0.8101
loss: 0.4696, acc: 0.8121
loss: 0.4823, acc: 0.8067
loss: 0.4830, acc: 0.8039
loss: 0.4843, acc: 0.8040
loss: 0.4850, acc: 0.8031
loss: 0.4805, acc: 0.8043
loss: 0.4773, acc: 0.8059
loss: 0.4794, acc: 0.8045
loss: 0.4855, acc: 0.8020
> val_acc: 0.6875, val_f1: 0.5727
>>>>>>>>>>>>>>>>>>>>>>>>>>>>>>>>>>>>>>>>>>>>>>>>>>>>>>>>>>>>>>>>>>>>>>>>>>>>>>>>>>>>>>>>>>>>>>>>>>>>
epoch: 16
loss: 0.4755, acc: 0.7656
loss: 0.4397, acc: 0.8214
loss: 0.3939, acc: 0.8464
loss: 0.4057, acc: 0.8364
loss: 0.4137, acc: 0.8366
loss: 0.4144, acc: 0.8380
loss: 0.4247, acc: 0.8262
loss: 0.4308, acc: 0.8252
loss: 0.4352, acc: 0.8229
loss: 0.4411, acc: 0.8185
loss: 0.4395, acc: 0.8173
loss: 0.4427, acc: 0.8163
loss: 0.4484, acc: 0.8130
loss: 0.4562, acc: 0.8106
loss: 0.4625, acc: 0.8090
loss: 0.4632, acc: 0.8093
loss: 0.4699, acc: 0.8060
loss: 0.4676, acc: 0.8078
loss: 0.4668, acc: 0.8084
loss: 0.4732, acc: 0.8061
loss: 0.4789, acc: 0.8042
loss: 0.4786, acc: 0.8026
loss: 0.4797, acc: 0.8019
> val_acc: 0.7080, val_f1: 0.5403
>>>>>>>>>>>>>>>>>>>>>>>>>>>>>>>>>>>>>>>>>>>>>>>>>>>>>>>>>>>>>>>>>>>>>>>>>>>>>>>>>>>>>>>>>>>>>>>>>>>>
epoch: 17
loss: 0.3497, acc: 0.8750
loss: 0.4087, acc: 0.8368
loss: 0.4109, acc: 0.8371
loss: 0.4213, acc: 0.8355
loss: 0.4225, acc: 0.8307
loss: 0.4382, acc: 0.8265
loss: 0.4494, acc: 0.8189
loss: 0.4616, acc: 0.8117
loss: 0.4598, acc: 0.8111
loss: 0.4561, acc: 0.8119
loss: 0.4492, acc: 0.8160
loss: 0.4519, acc: 0.8151
loss: 0.4577, acc: 0.8154
loss: 0.4565, acc: 0.8152
loss: 0.4494, acc: 0.8176
loss: 0.4519, acc: 0.8172
loss: 0.4493, acc: 0.8170
loss: 0.4587, acc: 0.8125
loss: 0.4593, acc: 0.8105
loss: 0.4602, acc: 0.8100
loss: 0.4641, acc: 0.8092
loss: 0.4653, acc: 0.8082
> val_acc: 0.6946, val_f1: 0.5271
>>>>>>>>>>>>>>>>>>>>>>>>>>>>>>>>>>>>>>>>>>>>>>>>>>>>>>>>>>>>>>>>>>>>>>>>>>>>>>>>>>>>>>>>>>>>>>>>>>>>
epoch: 18
loss: 0.5651, acc: 0.7188
loss: 0.4048, acc: 0.8281
loss: 0.4229, acc: 0.8182
loss: 0.4284, acc: 0.8203
loss: 0.4268, acc: 0.8170
loss: 0.4418, acc: 0.8101
loss: 0.4351, acc: 0.8165
loss: 0.4520, acc: 0.8082
loss: 0.4608, acc: 0.8056
loss: 0.4673, acc: 0.8057
loss: 0.4652, acc: 0.8058
loss: 0.4673, acc: 0.8064
loss: 0.4692, acc: 0.8023
loss: 0.4768, acc: 0.7988
loss: 0.4855, acc: 0.7980
loss: 0.4853, acc: 0.7989
loss: 0.4918, acc: 0.7975
loss: 0.4926, acc: 0.7972
loss: 0.4952, acc: 0.7953
loss: 0.4963, acc: 0.7933
loss: 0.4951, acc: 0.7924
loss: 0.4933, acc: 0.7927
loss: 0.4937, acc: 0.7928
> val_acc: 0.6893, val_f1: 0.5357
>>>>>>>>>>>>>>>>>>>>>>>>>>>>>>>>>>>>>>>>>>>>>>>>>>>>>>>>>>>>>>>>>>>>>>>>>>>>>>>>>>>>>>>>>>>>>>>>>>>>
epoch: 19
loss: 0.3834, acc: 0.8750
loss: 0.4563, acc: 0.8242
loss: 0.4366, acc: 0.8413
loss: 0.4545, acc: 0.8333
loss: 0.4713, acc: 0.8247
loss: 0.4769, acc: 0.8192
loss: 0.4757, acc: 0.8182
loss: 0.4691, acc: 0.8158
loss: 0.4739, acc: 0.8118
loss: 0.4768, acc: 0.8099
loss: 0.4754, acc: 0.8101
loss: 0.4808, acc: 0.8050
loss: 0.4852, acc: 0.8036
loss: 0.4788, acc: 0.8070
loss: 0.4815, acc: 0.8086
loss: 0.4792, acc: 0.8101
loss: 0.4746, acc: 0.8117
loss: 0.4701, acc: 0.8136
loss: 0.4746, acc: 0.8122
loss: 0.4773, acc: 0.8119
loss: 0.4776, acc: 0.8113
loss: 0.4722, acc: 0.8134
loss: 0.4755, acc: 0.8115
> val_acc: 0.6902, val_f1: 0.5344
>>>>>>>>>>>>>>>>>>>>>>>>>>>>>>>>>>>>>>>>>>>>>>>>>>>>>>>>>>>>>>>>>>>>>>>>>>>>>>>>>>>>>>>>>>>>>>>>>>>>
epoch: 20
loss: 0.4536, acc: 0.7812
loss: 0.4581, acc: 0.7969
loss: 0.4629, acc: 0.7917
loss: 0.4511, acc: 0.7937
loss: 0.4467, acc: 0.8013
loss: 0.4635, acc: 0.7969
loss: 0.4613, acc: 0.7955
loss: 0.4546, acc: 0.7969
loss: 0.4517, acc: 0.7972
loss: 0.4481, acc: 0.8019
loss: 0.4476, acc: 0.8040
loss: 0.4456, acc: 0.8068
loss: 0.4427, acc: 0.8096
loss: 0.4436, acc: 0.8071
loss: 0.4384, acc: 0.8117
loss: 0.4410, acc: 0.8113
loss: 0.4416, acc: 0.8132
loss: 0.4408, acc: 0.8139
loss: 0.4382, acc: 0.8155
loss: 0.4424, acc: 0.8159
loss: 0.4421, acc: 0.8152
loss: 0.4470, acc: 0.8139
> val_acc: 0.6920, val_f1: 0.5329
>>>>>>>>>>>>>>>>>>>>>>>>>>>>>>>>>>>>>>>>>>>>>>>>>>>>>>>>>>>>>>>>>>>>>>>>>>>>>>>>>>>>>>>>>>>>>>>>>>>>
epoch: 21
loss: 0.3250, acc: 0.8438
loss: 0.3548, acc: 0.8527
loss: 0.3782, acc: 0.8411
loss: 0.3826, acc: 0.8419
loss: 0.4023, acc: 0.8366
loss: 0.4112, acc: 0.8345
loss: 0.4106, acc: 0.8301
loss: 0.4053, acc: 0.8302
loss: 0.4068, acc: 0.8311
loss: 0.4062, acc: 0.8271
loss: 0.4099, acc: 0.8245
loss: 0.4197, acc: 0.8207
loss: 0.4214, acc: 0.8206
loss: 0.4274, acc: 0.8181
loss: 0.4268, acc: 0.8199
loss: 0.4270, acc: 0.8214
loss: 0.4351, acc: 0.8175
loss: 0.4360, acc: 0.8168
loss: 0.4425, acc: 0.8132
loss: 0.4436, acc: 0.8141
loss: 0.4456, acc: 0.8153
loss: 0.4452, acc: 0.8151
loss: 0.4478, acc: 0.8147
> val_acc: 0.6348, val_f1: 0.5470
>>>>>>>>>>>>>>>>>>>>>>>>>>>>>>>>>>>>>>>>>>>>>>>>>>>>>>>>>>>>>>>>>>>>>>>>>>>>>>>>>>>>>>>>>>>>>>>>>>>>
epoch: 22
loss: 0.3908, acc: 0.8594
loss: 0.3616, acc: 0.8646
loss: 0.3958, acc: 0.8438
loss: 0.3827, acc: 0.8586
loss: 0.3916, acc: 0.8594
loss: 0.3944, acc: 0.8545
loss: 0.3997, acc: 0.8566
loss: 0.3971, acc: 0.8550
loss: 0.3983, acc: 0.8530
loss: 0.4015, acc: 0.8508
loss: 0.4093, acc: 0.8455
loss: 0.4070, acc: 0.8438
loss: 0.4102, acc: 0.8418
loss: 0.4191, acc: 0.8370
loss: 0.4160, acc: 0.8387
loss: 0.4137, acc: 0.8382
loss: 0.4204, acc: 0.8344
loss: 0.4226, acc: 0.8325
loss: 0.4242, acc: 0.8314
loss: 0.4247, acc: 0.8324
loss: 0.4242, acc: 0.8311
loss: 0.4284, acc: 0.8291
> val_acc: 0.6875, val_f1: 0.5025
>>>>>>>>>>>>>>>>>>>>>>>>>>>>>>>>>>>>>>>>>>>>>>>>>>>>>>>>>>>>>>>>>>>>>>>>>>>>>>>>>>>>>>>>>>>>>>>>>>>>
epoch: 23
loss: 0.2735, acc: 0.8750
loss: 0.4086, acc: 0.8073
loss: 0.4051, acc: 0.8239
loss: 0.4200, acc: 0.8184
loss: 0.4192, acc: 0.8229
loss: 0.4243, acc: 0.8233
loss: 0.4354, acc: 0.8185
loss: 0.4242, acc: 0.8220
loss: 0.4215, acc: 0.8247
loss: 0.4205, acc: 0.8268
loss: 0.4125, acc: 0.8315
loss: 0.4149, acc: 0.8315
loss: 0.4191, acc: 0.8299
loss: 0.4240, acc: 0.8253
loss: 0.4228, acc: 0.8253
loss: 0.4185, acc: 0.8277
loss: 0.4183, acc: 0.8268
loss: 0.4183, acc: 0.8278
loss: 0.4116, acc: 0.8314
loss: 0.4119, acc: 0.8307
loss: 0.4121, acc: 0.8311
loss: 0.4103, acc: 0.8311
loss: 0.4195, acc: 0.8271
> val_acc: 0.6661, val_f1: 0.5595
>>>>>>>>>>>>>>>>>>>>>>>>>>>>>>>>>>>>>>>>>>>>>>>>>>>>>>>>>>>>>>>>>>>>>>>>>>>>>>>>>>>>>>>>>>>>>>>>>>>>
epoch: 24
loss: 0.5155, acc: 0.8438
loss: 0.4566, acc: 0.8281
loss: 0.4127, acc: 0.8413
loss: 0.3952, acc: 0.8403
loss: 0.4074, acc: 0.8356
loss: 0.4023, acc: 0.8348
loss: 0.3994, acc: 0.8390
loss: 0.3986, acc: 0.8380
loss: 0.3957, acc: 0.8401
loss: 0.4018, acc: 0.8346
loss: 0.4029, acc: 0.8320
loss: 0.4008, acc: 0.8308
loss: 0.3974, acc: 0.8343
loss: 0.4003, acc: 0.8313
loss: 0.4011, acc: 0.8309
loss: 0.4030, acc: 0.8285
loss: 0.4037, acc: 0.8279
loss: 0.4059, acc: 0.8271
loss: 0.4065, acc: 0.8269
loss: 0.4102, acc: 0.8253
loss: 0.4060, acc: 0.8268
loss: 0.4061, acc: 0.8275
loss: 0.4084, acc: 0.8271
> val_acc: 0.6527, val_f1: 0.5352
>>>>>>>>>>>>>>>>>>>>>>>>>>>>>>>>>>>>>>>>>>>>>>>>>>>>>>>>>>>>>>>>>>>>>>>>>>>>>>>>>>>>>>>>>>>>>>>>>>>>
epoch: 25
loss: 0.3496, acc: 0.8313
loss: 0.3639, acc: 0.8406
loss: 0.3803, acc: 0.8375
loss: 0.3716, acc: 0.8375
loss: 0.3675, acc: 0.8438
loss: 0.3739, acc: 0.8406
loss: 0.3685, acc: 0.8411
loss: 0.3709, acc: 0.8430
loss: 0.3779, acc: 0.8424
loss: 0.3893, acc: 0.8363
loss: 0.3904, acc: 0.8341
loss: 0.3921, acc: 0.8339
loss: 0.3900, acc: 0.8346
loss: 0.3891, acc: 0.8353
loss: 0.3896, acc: 0.8329
loss: 0.3881, acc: 0.8352
loss: 0.3862, acc: 0.8364
loss: 0.3887, acc: 0.8354
loss: 0.3890, acc: 0.8355
loss: 0.3934, acc: 0.8341
loss: 0.3965, acc: 0.8330
loss: 0.4007, acc: 0.8321
> val_acc: 0.6455, val_f1: 0.5405
>>>>>>>>>>>>>>>>>>>>>>>>>>>>>>>>>>>>>>>>>>>>>>>>>>>>>>>>>>>>>>>>>>>>>>>>>>>>>>>>>>>>>>>>>>>>>>>>>>>>
epoch: 26
loss: 0.4901, acc: 0.7656
loss: 0.4165, acc: 0.8125
loss: 0.4208, acc: 0.8177
loss: 0.4270, acc: 0.8125
loss: 0.4293, acc: 0.8168
loss: 0.4125, acc: 0.8241
loss: 0.4101, acc: 0.8262
loss: 0.4011, acc: 0.8328
loss: 0.4003, acc: 0.8318
loss: 0.3978, acc: 0.8338
loss: 0.3909, acc: 0.8353
loss: 0.3957, acc: 0.8350
loss: 0.3927, acc: 0.8372
loss: 0.3851, acc: 0.8396
loss: 0.3888, acc: 0.8364
loss: 0.3887, acc: 0.8381
loss: 0.3883, acc: 0.8388
loss: 0.3889, acc: 0.8387
loss: 0.3869, acc: 0.8400
loss: 0.3881, acc: 0.8399
loss: 0.3930, acc: 0.8385
loss: 0.3986, acc: 0.8376
loss: 0.4004, acc: 0.8371
> val_acc: 0.6848, val_f1: 0.5197
>>>>>>>>>>>>>>>>>>>>>>>>>>>>>>>>>>>>>>>>>>>>>>>>>>>>>>>>>>>>>>>>>>>>>>>>>>>>>>>>>>>>>>>>>>>>>>>>>>>>
epoch: 27
loss: 0.3942, acc: 0.8359
loss: 0.3563, acc: 0.8646
loss: 0.3660, acc: 0.8661
loss: 0.3579, acc: 0.8618
loss: 0.3578, acc: 0.8581
loss: 0.3712, acc: 0.8545
loss: 0.3596, acc: 0.8585
loss: 0.3681, acc: 0.8566
loss: 0.3627, acc: 0.8601
loss: 0.3670, acc: 0.8584
loss: 0.3726, acc: 0.8530
loss: nan, acc: 0.8067
loss: nan, acc: 0.7632
loss: nan, acc: 0.7237
loss: nan, acc: 0.6909
loss: nan, acc: 0.6606
loss: nan, acc: 0.6354
loss: nan, acc: 0.6138
loss: nan, acc: 0.5911
loss: nan, acc: 0.5732
loss: nan, acc: 0.5583
loss: nan, acc: 0.5447
> val_acc: 0.1750, val_f1: 0.0993
>>>>>>>>>>>>>>>>>>>>>>>>>>>>>>>>>>>>>>>>>>>>>>>>>>>>>>>>>>>>>>>>>>>>>>>>>>>>>>>>>>>>>>>>>>>>>>>>>>>>
epoch: 28
loss: nan, acc: 0.1562
loss: nan, acc: 0.2135
loss: nan, acc: 0.2102
loss: nan, acc: 0.2207
loss: nan, acc: 0.2262
loss: nan, acc: 0.2248
loss: nan, acc: 0.2188
loss: nan, acc: 0.2188
loss: nan, acc: 0.2233
loss: nan, acc: 0.2235
loss: nan, acc: 0.2194
loss: nan, acc: 0.2243
loss: nan, acc: 0.2239
loss: nan, acc: 0.2225
loss: nan, acc: 0.2179
loss: nan, acc: 0.2212
loss: nan, acc: 0.2199
loss: nan, acc: 0.2202
loss: nan, acc: 0.2218
loss: nan, acc: 0.2256
loss: nan, acc: 0.2243
loss: nan, acc: 0.2238
loss: nan, acc: 0.2221
> val_acc: 0.1750, val_f1: 0.0993
>>>>>>>>>>>>>>>>>>>>>>>>>>>>>>>>>>>>>>>>>>>>>>>>>>>>>>>>>>>>>>>>>>>>>>>>>>>>>>>>>>>>>>>>>>>>>>>>>>>>
epoch: 29
loss: nan, acc: 0.2500
loss: nan, acc: 0.2500
loss: nan, acc: 0.2284
loss: nan, acc: 0.2188
loss: nan, acc: 0.2201
loss: nan, acc: 0.2277
loss: nan, acc: 0.2330
loss: nan, acc: 0.2253
loss: nan, acc: 0.2180
loss: nan, acc: 0.2181
loss: nan, acc: 0.2188
loss: nan, acc: 0.2166
loss: nan, acc: 0.2163
loss: nan, acc: 0.2155
loss: nan, acc: 0.2205
loss: nan, acc: 0.2204
loss: nan, acc: 0.2203
loss: nan, acc: 0.2191
loss: nan, acc: 0.2214
loss: nan, acc: 0.2239
loss: nan, acc: 0.2233
loss: nan, acc: 0.2222
loss: nan, acc: 0.2237
> val_acc: 0.1750, val_f1: 0.0993
>> test_acc: 0.7366, test_f1: 0.5702
