cuda memory allocated: 8456192
n_trainable_params: 1766003, n_nontrainable_params: 346100
> training arguments:
>>> model_name: gc_ian
>>> model_ver: 2
>>> dataset: laptop
>>> optimizer: <class 'torch.optim.adagrad.Adagrad'>
>>> initializer: <function xavier_uniform_ at 0x000001C52E6B86A8>
>>> learning_rate: 0.01
>>> momentum: 0.95
>>> dropout: 0.5
>>> l2reg: 5e-05
>>> num_epoch: 30
>>> batch_size: 32
>>> log_step: 5
>>> embed_dim: 100
>>> hidden_dim: 300
>>> bert_dim: 768
>>> pretrained_bert_name: bert-base-uncased
>>> embeddings: d
>>> max_seq_len: 80
>>> polarities_dim: 3
>>> hops: 3
>>> device: cuda
>>> seed: 10
>>> valset_ratio: 0
>>> num_layers: 1
>>> in_channels: 100
>>> out_channels: 1
>>> downbot: 20
>>> kernel_size: 3
>>> glove_path: ./embeddings/glove.840B.300d.txt
>>> embedding_matrix_path: gen_data/embeddings/100_laptop_domain_embedding_matrix.dat
>>> model_class: <class 'models.gc_ian.GC_IAN2'>
>>> dataset_file: {'train': './datasets/semeval14/Laptops_Train.xml.seg', 'test': './datasets/semeval14/Laptops_Test_Gold.xml.seg'}
>>> inputs_cols: ['text_raw_indices', 'aspect_indices']
>>>>>>>>>>>>>>>>>>>>>>>>>>>>>>>>>>>>>>>>>>>>>>>>>>>>>>>>>>>>>>>>>>>>>>>>>>>>>>>>>>>>>>>>>>>>>>>>>>>>
epoch: 0
loss: 1.1607, acc: 0.4313
loss: 1.0761, acc: 0.4938
loss: 1.0185, acc: 0.5417
loss: 0.9909, acc: 0.5516
loss: 0.9650, acc: 0.5700
loss: 0.9321, acc: 0.5813
loss: 0.9153, acc: 0.5902
loss: 0.9018, acc: 0.5938
loss: 0.8868, acc: 0.5979
cuda memory allocated: 18369536
n_trainable_params: 3206003, n_nontrainable_params: 1384400
> training arguments:
>>> model_name: gc_ian
>>> model_ver: 2
>>> dataset: laptop
>>> optimizer: <class 'torch.optim.adagrad.Adagrad'>
>>> initializer: <function xavier_uniform_ at 0x00000147039186A8>
>>> learning_rate: 0.01
>>> momentum: 0.95
>>> dropout: 0.5
>>> l2reg: 5e-05
>>> num_epoch: 30
>>> batch_size: 32
>>> log_step: 5
>>> embed_dim: 400
>>> hidden_dim: 300
>>> bert_dim: 768
>>> pretrained_bert_name: bert-base-uncased
>>> embeddings: gd
>>> max_seq_len: 80
>>> polarities_dim: 3
>>> hops: 3
>>> device: cuda
>>> seed: 10
>>> valset_ratio: 0
>>> num_layers: 1
>>> in_channels: 100
>>> out_channels: 1
>>> downbot: 20
>>> kernel_size: 3
>>> glove_path: ./embeddings/glove.840B.300d.txt
>>> embedding_matrix_path: gen_data/embeddings/400_laptop_glove_domain_embedding_matrix.dat
>>> model_class: <class 'models.gc_ian.GC_IAN2'>
>>> dataset_file: {'train': './datasets/semeval14/Laptops_Train.xml.seg', 'test': './datasets/semeval14/Laptops_Test_Gold.xml.seg'}
>>> inputs_cols: ['text_raw_indices', 'aspect_indices']
>>>>>>>>>>>>>>>>>>>>>>>>>>>>>>>>>>>>>>>>>>>>>>>>>>>>>>>>>>>>>>>>>>>>>>>>>>>>>>>>>>>>>>>>>>>>>>>>>>>>
epoch: 0
loss: 0.8780, acc: 0.6025
loss: 0.8674, acc: 0.6062
loss: 0.8526, acc: 0.6146
loss: 0.8503, acc: 0.6159
loss: 0.8394, acc: 0.6214
loss: 2.4798, acc: 0.3937
> val_acc: 0.6426, val_f1: 0.5403
>> saved: state_dict/gc_ian_laptop_val_acc0.6426
>>>>>>>>>>>>>>>>>>>>>>>>>>>>>>>>>>>>>>>>>>>>>>>>>>>>>>>>>>>>>>>>>>>>>>>>>>>>>>>>>>>>>>>>>>>>>>>>>>>>
epoch: 1
loss: 0.6178, acc: 0.7344
loss: 2.0122, acc: 0.4562
loss: 0.6520, acc: 0.7188
loss: 0.6225, acc: 0.7474
loss: 1.6963, acc: 0.4958
loss: 0.5828, acc: 0.7739
loss: 0.6047, acc: 0.7528
loss: 1.4952, acc: 0.5250
loss: 0.6039, acc: 0.7569
loss: 0.6168, acc: 0.7480
loss: 1.4012, acc: 0.5250
loss: 0.6211, acc: 0.7475
loss: 1.3075, acc: 0.5385
loss: 0.6150, acc: 0.7515
loss: 0.6094, acc: 0.7553
loss: 1.2402, acc: 0.5554
loss: 0.6123, acc: 0.7524
loss: 0.6115, acc: 0.7544
loss: 1.1906, acc: 0.5687
loss: 0.6100, acc: 0.7555
loss: 0.6095, acc: 0.7565
loss: 1.1668, acc: 0.5639
loss: 0.6081, acc: 0.7574
loss: 1.1366, acc: 0.5700
> val_acc: 0.6975, val_f1: 0.6384
>> saved: state_dict/gc_ian_laptop_val_acc0.6975
>>>>>>>>>>>>>>>>>>>>>>>>>>>>>>>>>>>>>>>>>>>>>>>>>>>>>>>>>>>>>>>>>>>>>>>>>>>>>>>>>>>>>>>>>>>>>>>>>>>>
epoch: 2
loss: 0.5269, acc: 0.7891
loss: 1.1078, acc: 0.5801
loss: 0.5107, acc: 0.8090
loss: 0.5079, acc: 0.8147
loss: 1.0867, acc: 0.5844
loss: 0.5054, acc: 0.8109
loss: 1.0729, acc: 0.5851
loss: 0.5020, acc: 0.8099
loss: 0.4966, acc: 0.8168
loss: 1.0574, acc: 0.5897
loss: 0.5052, acc: 0.8107
loss: 0.5037, acc: 0.8101
loss: 0.5089, acc: 0.8097
loss: 0.5053, acc: 0.8080
> val_acc: 0.6740, val_f1: 0.5877
>> saved: state_dict/gc_ian_laptop_val_acc0.674
>>>>>>>>>>>>>>>>>>>>>>>>>>>>>>>>>>>>>>>>>>>>>>>>>>>>>>>>>>>>>>>>>>>>>>>>>>>>>>>>>>>>>>>>>>>>>>>>>>>>
epoch: 1
loss: 0.5068, acc: 0.8067
loss: 0.5821, acc: 0.7031
loss: 0.4989, acc: 0.8109
loss: 0.5721, acc: 0.7589
loss: 0.4996, acc: 0.8125
loss: 0.4994, acc: 0.8116
loss: 0.5981, acc: 0.7448
> val_acc: 0.6755, val_f1: 0.5670
>>>>>>>>>>>>>>>>>>>>>>>>>>>>>>>>>>>>>>>>>>>>>>>>>>>>>>>>>>>>>>>>>>>>>>>>>>>>>>>>>>>>>>>>>>>>>>>>>>>>
epoch: 3
loss: 0.5866, acc: 0.7537
loss: 0.3685, acc: 0.8750
loss: 0.3918, acc: 0.8594
loss: 0.6000, acc: 0.7472
loss: 0.4127, acc: 0.8438
loss: 0.4128, acc: 0.8457
loss: 0.5983, acc: 0.7488
loss: 0.4160, acc: 0.8467
loss: 0.4129, acc: 0.8498
loss: 0.5834, acc: 0.7549
loss: 0.4199, acc: 0.8458
loss: 0.5956, acc: 0.7483
loss: 0.4239, acc: 0.8438
loss: 0.4288, acc: 0.8445
loss: 0.6019, acc: 0.7515
loss: 0.4339, acc: 0.8431
loss: 0.4338, acc: 0.8438
loss: 0.6045, acc: 0.7493
loss: 0.4327, acc: 0.8465
loss: 0.4300, acc: 0.8478
loss: 0.5994, acc: 0.7518
loss: 0.4268, acc: 0.8494
loss: 0.4330, acc: 0.8460
loss: 0.6068, acc: 0.7495
> val_acc: 0.6991, val_f1: 0.6083
>> saved: state_dict/gc_ian_laptop_val_acc0.6991
>>>>>>>>>>>>>>>>>>>>>>>>>>>>>>>>>>>>>>>>>>>>>>>>>>>>>>>>>>>>>>>>>>>>>>>>>>>>>>>>>>>>>>>>>>>>>>>>>>>>
epoch: 4
loss: 0.5983, acc: 0.7555
loss: 0.3347, acc: 0.9167
loss: 0.3787, acc: 0.8750
loss: 0.5900, acc: 0.7598
loss: 0.3751, acc: 0.8750
loss: 0.3592, acc: 0.8872
loss: 0.5828, acc: 0.7635
loss: 0.3656, acc: 0.8845
loss: 0.3769, acc: 0.8717
> val_acc: 0.6458, val_f1: 0.4998
>>>>>>>>>>>>>>>>>>>>>>>>>>>>>>>>>>>>>>>>>>>>>>>>>>>>>>>>>>>>>>>>>>>>>>>>>>>>>>>>>>>>>>>>>>>>>>>>>>>>
epoch: 2
loss: 0.3700, acc: 0.8731
loss: 0.3686, acc: 0.8725
loss: 0.3932, acc: 0.8594
loss: 0.3715, acc: 0.8728
loss: 0.3752, acc: 0.8711
loss: 0.4213, acc: 0.8368
loss: 0.3840, acc: 0.8644
loss: 0.3884, acc: 0.8599
loss: 0.4668, acc: 0.8125
loss: 0.3886, acc: 0.8586
loss: 0.3870, acc: 0.8612
loss: 0.4729, acc: 0.8076
loss: 0.3883, acc: 0.8613
loss: 0.4590, acc: 0.8164
> val_acc: 0.6928, val_f1: 0.5998
>>>>>>>>>>>>>>>>>>>>>>>>>>>>>>>>>>>>>>>>>>>>>>>>>>>>>>>>>>>>>>>>>>>>>>>>>>>>>>>>>>>>>>>>>>>>>>>>>>>>
epoch: 5
loss: 0.2933, acc: 0.9313
loss: 0.4571, acc: 0.8190
loss: 0.3233, acc: 0.8938
loss: 0.3129, acc: 0.8979
loss: 0.4563, acc: 0.8189
loss: 0.3206, acc: 0.8953
loss: 0.3323, acc: 0.8862
loss: 0.4597, acc: 0.8181
loss: 0.3286, acc: 0.8896
loss: 0.4655, acc: 0.8125
loss: 0.3340, acc: 0.8821
loss: 0.3392, acc: 0.8789
loss: 0.4602, acc: 0.8157
loss: 0.3452, acc: 0.8757
loss: 0.3495, acc: 0.8756
loss: 0.4631, acc: 0.8142
loss: 0.3478, acc: 0.8761
loss: 0.3509, acc: 0.8734
loss: 0.4552, acc: 0.8173
loss: 0.3516, acc: 0.8736
loss: 0.3456, acc: 0.8759
loss: 0.4587, acc: 0.8169
loss: 0.4603, acc: 0.8184
> val_acc: 0.7038, val_f1: 0.6376
>> saved: state_dict/gc_ian_laptop_val_acc0.7038
>>>>>>>>>>>>>>>>>>>>>>>>>>>>>>>>>>>>>>>>>>>>>>>>>>>>>>>>>>>>>>>>>>>>>>>>>>>>>>>>>>>>>>>>>>>>>>>>>>>>
epoch: 6
loss: 0.4167, acc: 0.8906
loss: 0.3400, acc: 0.9107
loss: 0.3306, acc: 0.9115
loss: 0.3208, acc: 0.9044
> val_acc: 0.7100, val_f1: 0.6400
>> saved: state_dict/gc_ian_laptop_val_acc0.71
>>>>>>>>>>>>>>>>>>>>>>>>>>>>>>>>>>>>>>>>>>>>>>>>>>>>>>>>>>>>>>>>>>>>>>>>>>>>>>>>>>>>>>>>>>>>>>>>>>>>
epoch: 3
loss: 0.3126, acc: 0.9375
loss: 0.3202, acc: 0.9020
loss: 0.3182, acc: 0.9005
loss: 0.3508, acc: 0.9062
loss: 0.3170, acc: 0.9033
loss: 0.3214, acc: 0.9003
loss: 0.3346, acc: 0.9006
loss: 0.3245, acc: 0.8951
loss: 0.3529, acc: 0.8770
loss: 0.3165, acc: 0.8996
loss: 0.3108, acc: 0.9026
loss: 0.3564, acc: 0.8676
loss: 0.3094, acc: 0.9024
loss: 0.3118, acc: 0.9007
loss: 0.3498, acc: 0.8762
loss: 0.3170, acc: 0.8965
loss: 0.3179, acc: 0.8967
loss: 0.3473, acc: 0.8770
> val_acc: 0.7179, val_f1: 0.6515
>> saved: state_dict/gc_ian_laptop_val_acc0.7179
>>>>>>>>>>>>>>>>>>>>>>>>>>>>>>>>>>>>>>>>>>>>>>>>>>>>>>>>>>>>>>>>>>>>>>>>>>>>>>>>>>>>>>>>>>>>>>>>>>>>
epoch: 7
loss: 0.3570, acc: 0.8733
loss: 0.2497, acc: 0.9141
loss: 0.2765, acc: 0.9132
loss: 0.3640, acc: 0.8674
loss: 0.2800, acc: 0.9107
loss: 0.2751, acc: 0.9128
loss: 0.3715, acc: 0.8635
loss: 0.2783, acc: 0.9141
loss: 0.3737, acc: 0.8634
loss: 0.2779, acc: 0.9106
loss: 0.2783, acc: 0.9081
loss: 0.3729, acc: 0.8661
loss: 0.2792, acc: 0.9079
loss: 0.2832, acc: 0.9048
loss: 0.3818, acc: 0.8607
loss: 0.2895, acc: 0.9018
loss: 0.2879, acc: 0.9022
loss: 0.3838, acc: 0.8584
loss: 0.2851, acc: 0.9057
loss: 0.3811, acc: 0.8596
loss: 0.2883, acc: 0.9043
loss: 0.2897, acc: 0.9017
> val_acc: 0.6975, val_f1: 0.6093
>>>>>>>>>>>>>>>>>>>>>>>>>>>>>>>>>>>>>>>>>>>>>>>>>>>>>>>>>>>>>>>>>>>>>>>>>>>>>>>>>>>>>>>>>>>>>>>>>>>>
epoch: 4
> val_acc: 0.6944, val_f1: 0.6114
>>>>>>>>>>>>>>>>>>>>>>>>>>>>>>>>>>>>>>>>>>>>>>>>>>>>>>>>>>>>>>>>>>>>>>>>>>>>>>>>>>>>>>>>>>>>>>>>>>>>
epoch: 8
loss: 0.2149, acc: 0.9375
loss: 0.2744, acc: 0.9271
loss: 0.2376, acc: 0.9167
loss: 0.2385, acc: 0.9119
loss: 0.2987, acc: 0.8906
loss: 0.2567, acc: 0.9043
loss: 0.2664, acc: 0.8973
loss: 0.3067, acc: 0.8870
loss: 0.2650, acc: 0.9038
loss: 0.2968, acc: 0.8993
loss: 0.2700, acc: 0.8992
loss: 0.2647, acc: 0.9028
loss: 0.2991, acc: 0.8981
loss: 0.2656, acc: 0.9062
loss: 0.2700, acc: 0.9042
loss: 0.3109, acc: 0.8973
loss: 0.2703, acc: 0.9050
loss: 0.2741, acc: 0.9035
loss: 0.3134, acc: 0.8958
loss: 0.2717, acc: 0.9052
loss: 0.2702, acc: 0.9058
loss: 0.3107, acc: 0.8964
loss: 0.2715, acc: 0.9062
loss: 0.3108, acc: 0.8946
> val_acc: 0.6959, val_f1: 0.6026
>>>>>>>>>>>>>>>>>>>>>>>>>>>>>>>>>>>>>>>>>>>>>>>>>>>>>>>>>>>>>>>>>>>>>>>>>>>>>>>>>>>>>>>>>>>>>>>>>>>>
epoch: 9
loss: 0.2131, acc: 0.9375
loss: 0.3045, acc: 0.8991
loss: 0.2282, acc: 0.9297
loss: 0.2380, acc: 0.9303
loss: 0.3067, acc: 0.8998
loss: 0.2383, acc: 0.9358
loss: 0.2387, acc: 0.9348
loss: 0.3114, acc: 0.8982
loss: 0.2362, acc: 0.9308
loss: 0.3102, acc: 0.9003
loss: 0.2318, acc: 0.9328
loss: 0.2336, acc: 0.9285
loss: 0.3099, acc: 0.8994
loss: 0.2356, acc: 0.9281
loss: 0.2376, acc: 0.9271
loss: 0.3148, acc: 0.8952
loss: 0.2396, acc: 0.9269
loss: 0.2422, acc: 0.9256
loss: 0.2487, acc: 0.9226
> val_acc: 0.6944, val_f1: 0.6120
>>>>>>>>>>>>>>>>>>>>>>>>>>>>>>>>>>>>>>>>>>>>>>>>>>>>>>>>>>>>>>>>>>>>>>>>>>>>>>>>>>>>>>>>>>>>>>>>>>>>
epoch: 5
loss: 0.2502, acc: 0.9219
loss: 0.2460, acc: 0.9240
loss: 0.3230, acc: 0.8812
> val_acc: 0.6959, val_f1: 0.6189
>>>>>>>>>>>>>>>>>>>>>>>>>>>>>>>>>>>>>>>>>>>>>>>>>>>>>>>>>>>>>>>>>>>>>>>>>>>>>>>>>>>>>>>>>>>>>>>>>>>>
epoch: 10
loss: 0.2838, acc: 0.9031
loss: 0.2203, acc: 0.9313
loss: 0.2253, acc: 0.9344
loss: 0.2716, acc: 0.9042
loss: 0.2348, acc: 0.9271
loss: 0.2702, acc: 0.9078
loss: 0.2353, acc: 0.9250
loss: 0.2337, acc: 0.9300
loss: 0.2721, acc: 0.9062
loss: 0.2360, acc: 0.9260
loss: 0.2388, acc: 0.9250
loss: 0.2689, acc: 0.9062
loss: 0.2385, acc: 0.9250
loss: 0.2347, acc: 0.9257
loss: 0.2734, acc: 0.9036
loss: 0.2362, acc: 0.9256
loss: 0.2366, acc: 0.9239
loss: 0.2748, acc: 0.9008
loss: 0.2396, acc: 0.9229
loss: 0.2686, acc: 0.9042
loss: 0.2418, acc: 0.9221
loss: 0.2406, acc: 0.9214
loss: 0.2689, acc: 0.9062
> val_acc: 0.7006, val_f1: 0.6166
>>>>>>>>>>>>>>>>>>>>>>>>>>>>>>>>>>>>>>>>>>>>>>>>>>>>>>>>>>>>>>>>>>>>>>>>>>>>>>>>>>>>>>>>>>>>>>>>>>>>
epoch: 11
loss: 0.2720, acc: 0.9045
loss: 0.2311, acc: 0.9062
loss: 0.2253, acc: 0.9241
loss: 0.2779, acc: 0.9021
loss: 0.2108, acc: 0.9375
loss: 0.2193, acc: 0.9320
loss: 0.2787, acc: 0.9038
loss: 0.2252, acc: 0.9290
loss: 0.2206, acc: 0.9294
loss: 0.2775, acc: 0.9040
loss: 0.2191, acc: 0.9307
loss: 0.2200, acc: 0.9307
loss: 0.2201, acc: 0.9308
> val_acc: 0.7038, val_f1: 0.6081
>>>>>>>>>>>>>>>>>>>>>>>>>>>>>>>>>>>>>>>>>>>>>>>>>>>>>>>>>>>>>>>>>>>>>>>>>>>>>>>>>>>>>>>>>>>>>>>>>>>>
epoch: 6
loss: 0.2220, acc: 0.9282
loss: 0.1669, acc: 0.9531
loss: 0.2276, acc: 0.9267
loss: 0.2291, acc: 0.9260
loss: 0.2236, acc: 0.9330
loss: 0.2283, acc: 0.9254
loss: 0.2101, acc: 0.9375
loss: 0.2295, acc: 0.9244
loss: 0.2314, acc: 0.9227
loss: 0.2147, acc: 0.9375
> val_acc: 0.6975, val_f1: 0.6147
>>>>>>>>>>>>>>>>>>>>>>>>>>>>>>>>>>>>>>>>>>>>>>>>>>>>>>>>>>>>>>>>>>>>>>>>>>>>>>>>>>>>>>>>>>>>>>>>>>>>
epoch: 12
loss: 0.1662, acc: 0.9766
loss: 0.2256, acc: 0.9332
loss: 0.1855, acc: 0.9514
loss: 0.2404, acc: 0.9225
loss: 0.1754, acc: 0.9554
loss: 0.1754, acc: 0.9539
loss: 0.2372, acc: 0.9248
loss: 0.1956, acc: 0.9440
loss: 0.1985, acc: 0.9418
loss: 0.2500, acc: 0.9198
loss: 0.1994, acc: 0.9430
loss: 0.1995, acc: 0.9415
loss: 0.2423, acc: 0.9234
loss: 0.1987, acc: 0.9411
loss: 0.2484, acc: 0.9189
loss: 0.2042, acc: 0.9349
loss: 0.2056, acc: 0.9329
loss: 0.2480, acc: 0.9201
loss: 0.2047, acc: 0.9322
loss: 0.2051, acc: 0.9331
loss: 0.2477, acc: 0.9200
loss: 0.2060, acc: 0.9330
loss: 0.2463, acc: 0.9224
> val_acc: 0.6991, val_f1: 0.6151
>>>>>>>>>>>>>>>>>>>>>>>>>>>>>>>>>>>>>>>>>>>>>>>>>>>>>>>>>>>>>>>>>>>>>>>>>>>>>>>>>>>>>>>>>>>>>>>>>>>>
epoch: 13
loss: 0.1188, acc: 0.9688
loss: 0.2457, acc: 0.9230
loss: 0.1889, acc: 0.9479
loss: 0.1653, acc: 0.9659
loss: 0.2461, acc: 0.9232
loss: 0.1688, acc: 0.9609
loss: 0.1768, acc: 0.9524
loss: 0.1855, acc: 0.9483
> val_acc: 0.6975, val_f1: 0.6185
>>>>>>>>>>>>>>>>>>>>>>>>>>>>>>>>>>>>>>>>>>>>>>>>>>>>>>>>>>>>>>>>>>>>>>>>>>>>>>>>>>>>>>>>>>>>>>>>>>>>
epoch: 7
loss: 0.1914, acc: 0.9446
loss: 0.1906, acc: 0.9444
loss: 0.1748, acc: 0.9531
loss: 0.1903, acc: 0.9444
loss: 0.2049, acc: 0.9340
loss: 0.1918, acc: 0.9423
loss: 0.1936, acc: 0.9418
loss: 0.1988, acc: 0.9397
loss: 0.1922, acc: 0.9403
loss: 0.1975, acc: 0.9390
loss: 0.1967, acc: 0.9408
loss: 0.1954, acc: 0.9399
loss: 0.1977, acc: 0.9388
loss: 0.2093, acc: 0.9375
> val_acc: 0.6959, val_f1: 0.6171
>>>>>>>>>>>>>>>>>>>>>>>>>>>>>>>>>>>>>>>>>>>>>>>>>>>>>>>>>>>>>>>>>>>>>>>>>>>>>>>>>>>>>>>>>>>>>>>>>>>>
epoch: 14
loss: 0.2154, acc: 0.9343
loss: 0.2678, acc: 0.8958
loss: 0.2234, acc: 0.9219
loss: 0.2119, acc: 0.9366
loss: 0.2032, acc: 0.9375
loss: 0.1922, acc: 0.9479
loss: 0.2102, acc: 0.9391
loss: 0.1849, acc: 0.9524
loss: 0.2118, acc: 0.9375
loss: 0.1857, acc: 0.9520
loss: 0.1864, acc: 0.9527
loss: 0.2209, acc: 0.9311
loss: 0.1912, acc: 0.9507
loss: 0.1912, acc: 0.9499
loss: 0.2207, acc: 0.9317
loss: 0.1877, acc: 0.9518
loss: 0.2212, acc: 0.9317
loss: 0.1885, acc: 0.9505
loss: 0.1904, acc: 0.9494
loss: 0.2227, acc: 0.9321
loss: 0.1927, acc: 0.9479
loss: 0.1931, acc: 0.9472
loss: 0.2189, acc: 0.9334
loss: 0.1960, acc: 0.9454
> val_acc: 0.6928, val_f1: 0.6107
>>>>>>>>>>>>>>>>>>>>>>>>>>>>>>>>>>>>>>>>>>>>>>>>>>>>>>>>>>>>>>>>>>>>>>>>>>>>>>>>>>>>>>>>>>>>>>>>>>>>
epoch: 15
loss: 0.2131, acc: 0.9250
loss: 0.1942, acc: 0.9344
> val_acc: 0.7022, val_f1: 0.6278
>>>>>>>>>>>>>>>>>>>>>>>>>>>>>>>>>>>>>>>>>>>>>>>>>>>>>>>>>>>>>>>>>>>>>>>>>>>>>>>>>>>>>>>>>>>>>>>>>>>>
epoch: 8
loss: 0.2487, acc: 0.9062
loss: 0.1874, acc: 0.9354
loss: 0.1849, acc: 0.9359
loss: 0.1988, acc: 0.9375
loss: 0.1846, acc: 0.9413
loss: 0.1934, acc: 0.9403
loss: 0.1793, acc: 0.9448
loss: 0.1787, acc: 0.9464
loss: 0.2027, acc: 0.9414
loss: 0.1778, acc: 0.9461
loss: 0.1792, acc: 0.9437
loss: 0.1929, acc: 0.9479
loss: 0.1833, acc: 0.9431
loss: 0.1992, acc: 0.9435
loss: 0.1856, acc: 0.9426
loss: 0.1868, acc: 0.9417
loss: 0.1923, acc: 0.9456
loss: 0.1858, acc: 0.9423
loss: 0.1857, acc: 0.9420
loss: 0.1913, acc: 0.9488
loss: 0.1917, acc: 0.9482
> val_acc: 0.7006, val_f1: 0.6249
>>>>>>>>>>>>>>>>>>>>>>>>>>>>>>>>>>>>>>>>>>>>>>>>>>>>>>>>>>>>>>>>>>>>>>>>>>>>>>>>>>>>>>>>>>>>>>>>>>>>
epoch: 16
loss: 0.1936, acc: 0.9219
loss: 0.1908, acc: 0.9484
loss: 0.1703, acc: 0.9554
loss: 0.1625, acc: 0.9531
loss: 0.1919, acc: 0.9461
loss: 0.1632, acc: 0.9522
loss: 0.1746, acc: 0.9460
loss: 0.1936, acc: 0.9448
loss: 0.1804, acc: 0.9410
loss: 0.1781, acc: 0.9414
loss: 0.1896, acc: 0.9467
loss: 0.1807, acc: 0.9392
loss: 0.1884, acc: 0.9479
loss: 0.1775, acc: 0.9420
loss: 0.1696, acc: 0.9475
loss: 0.1889, acc: 0.9476
loss: 0.1718, acc: 0.9477
loss: 0.1745, acc: 0.9457
loss: 0.1757, acc: 0.9451
> val_acc: 0.7053, val_f1: 0.6250
>>>>>>>>>>>>>>>>>>>>>>>>>>>>>>>>>>>>>>>>>>>>>>>>>>>>>>>>>>>>>>>>>>>>>>>>>>>>>>>>>>>>>>>>>>>>>>>>>>>>
epoch: 9
loss: 0.1769, acc: 0.9459
loss: 0.1497, acc: 0.9479
loss: 0.1778, acc: 0.9449
loss: 0.1505, acc: 0.9609
> val_acc: 0.6912, val_f1: 0.6076
>>>>>>>>>>>>>>>>>>>>>>>>>>>>>>>>>>>>>>>>>>>>>>>>>>>>>>>>>>>>>>>>>>>>>>>>>>>>>>>>>>>>>>>>>>>>>>>>>>>>
epoch: 17
loss: 0.2034, acc: 0.9531
loss: 0.1442, acc: 0.9688
loss: 0.1530, acc: 0.9653
loss: 0.1553, acc: 0.9598
loss: 0.1422, acc: 0.9670
loss: 0.1688, acc: 0.9539
loss: 0.1661, acc: 0.9544
loss: 0.1515, acc: 0.9565
loss: 0.1634, acc: 0.9558
loss: 0.1570, acc: 0.9520
loss: 0.1646, acc: 0.9568
loss: 0.1677, acc: 0.9559
loss: 0.1615, acc: 0.9498
loss: 0.1677, acc: 0.9560
loss: 0.1683, acc: 0.9528
loss: 0.1584, acc: 0.9523
loss: 0.1666, acc: 0.9531
loss: 0.1649, acc: 0.9506
loss: 0.1662, acc: 0.9513
loss: 0.1636, acc: 0.9541
loss: 0.1682, acc: 0.9479
loss: 0.1655, acc: 0.9547
loss: 0.1647, acc: 0.9499
> val_acc: 0.7006, val_f1: 0.6227
>>>>>>>>>>>>>>>>>>>>>>>>>>>>>>>>>>>>>>>>>>>>>>>>>>>>>>>>>>>>>>>>>>>>>>>>>>>>>>>>>>>>>>>>>>>>>>>>>>>>
epoch: 18
loss: 0.1542, acc: 0.9375
loss: 0.1658, acc: 0.9504
loss: 0.1333, acc: 0.9688
loss: 0.1658, acc: 0.9509
loss: 0.1314, acc: 0.9545
loss: 0.1301, acc: 0.9590
loss: 0.1663, acc: 0.9508
loss: 0.1439, acc: 0.9554
loss: 0.1464, acc: 0.9543
loss: 0.1658, acc: 0.9506
loss: 0.1498, acc: 0.9546
loss: 0.1485, acc: 0.9549
> val_acc: 0.6881, val_f1: 0.5975
>>>>>>>>>>>>>>>>>>>>>>>>>>>>>>>>>>>>>>>>>>>>>>>>>>>>>>>>>>>>>>>>>>>>>>>>>>>>>>>>>>>>>>>>>>>>>>>>>>>>
epoch: 10
loss: 0.1526, acc: 0.9512
loss: 0.1520, acc: 0.9531
loss: 0.1465, acc: 0.9688
loss: 0.1494, acc: 0.9553
loss: 0.1508, acc: 0.9559
loss: 0.1556, acc: 0.9531
loss: 0.1523, acc: 0.9559
loss: 0.1543, acc: 0.9521
loss: 0.1540, acc: 0.9555
loss: 0.1533, acc: 0.9569
loss: 0.1528, acc: 0.9594
> val_acc: 0.6771, val_f1: 0.5789
>>>>>>>>>>>>>>>>>>>>>>>>>>>>>>>>>>>>>>>>>>>>>>>>>>>>>>>>>>>>>>>>>>>>>>>>>>>>>>>>>>>>>>>>>>>>>>>>>>>>
epoch: 19
loss: 0.1547, acc: 0.9537
loss: 0.1572, acc: 0.9688
loss: 0.1353, acc: 0.9766
loss: 0.1571, acc: 0.9531
loss: 0.1394, acc: 0.9784
loss: 0.1451, acc: 0.9757
loss: 0.1580, acc: 0.9545
loss: 0.1406, acc: 0.9728
loss: 0.1674, acc: 0.9516
loss: 0.1347, acc: 0.9754
loss: 0.1432, acc: 0.9688
loss: 0.1671, acc: 0.9521
loss: 0.1431, acc: 0.9671
loss: 0.1416, acc: 0.9673
loss: 0.1671, acc: 0.9513
loss: 0.1418, acc: 0.9668
loss: 0.1657, acc: 0.9511
loss: 0.1415, acc: 0.9664
loss: 0.1425, acc: 0.9644
loss: 0.1672, acc: 0.9516
loss: 0.1463, acc: 0.9618
loss: 0.1471, acc: 0.9623
loss: 0.1665, acc: 0.9514
loss: 0.1488, acc: 0.9609
loss: 0.1659, acc: 0.9513
> val_acc: 0.6834, val_f1: 0.5956
>>>>>>>>>>>>>>>>>>>>>>>>>>>>>>>>>>>>>>>>>>>>>>>>>>>>>>>>>>>>>>>>>>>>>>>>>>>>>>>>>>>>>>>>>>>>>>>>>>>>
epoch: 20
loss: 0.1547, acc: 0.9625
loss: 0.1596, acc: 0.9563
> val_acc: 0.6991, val_f1: 0.6172
>>>>>>>>>>>>>>>>>>>>>>>>>>>>>>>>>>>>>>>>>>>>>>>>>>>>>>>>>>>>>>>>>>>>>>>>>>>>>>>>>>>>>>>>>>>>>>>>>>>>
epoch: 11
loss: 0.1512, acc: 0.9563
loss: 0.1207, acc: 0.9688
loss: 0.1503, acc: 0.9563
loss: 0.1498, acc: 0.9600
loss: 0.1435, acc: 0.9554
loss: 0.1480, acc: 0.9583
loss: 0.1445, acc: 0.9505
loss: 0.1419, acc: 0.9598
loss: 0.1463, acc: 0.9578
loss: 0.1480, acc: 0.9522
loss: 0.1481, acc: 0.9576
loss: 0.1463, acc: 0.9575
loss: 0.1495, acc: 0.9531
loss: 0.1431, acc: 0.9580
loss: 0.1429, acc: 0.9583
loss: 0.1517, acc: 0.9502
loss: 0.1414, acc: 0.9587
loss: 0.1593, acc: 0.9473
loss: 0.1427, acc: 0.9567
loss: 0.1563, acc: 0.9510
> val_acc: 0.6928, val_f1: 0.6070
>>>>>>>>>>>>>>>>>>>>>>>>>>>>>>>>>>>>>>>>>>>>>>>>>>>>>>>>>>>>>>>>>>>>>>>>>>>>>>>>>>>>>>>>>>>>>>>>>>>>
epoch: 21
loss: 0.1438, acc: 0.9688
loss: 0.1612, acc: 0.9494
loss: 0.1385, acc: 0.9509
loss: 0.1354, acc: 0.9531
loss: 0.1559, acc: 0.9528
loss: 0.1317, acc: 0.9577
loss: 0.1580, acc: 0.9513
loss: 0.1257, acc: 0.9631
loss: 0.1309, acc: 0.9641
loss: 0.1585, acc: 0.9501
loss: 0.1294, acc: 0.9668
loss: 0.1352, acc: 0.9645
loss: 0.1573, acc: 0.9511
loss: 0.1356, acc: 0.9628
loss: 0.1591, acc: 0.9510
loss: 0.1385, acc: 0.9621
loss: 0.1422, acc: 0.9585
loss: 0.1590, acc: 0.9510
loss: 0.1425, acc: 0.9583
loss: 0.1425, acc: 0.9597
loss: 0.1446, acc: 0.9585
> val_acc: 0.6991, val_f1: 0.6260
>>>>>>>>>>>>>>>>>>>>>>>>>>>>>>>>>>>>>>>>>>>>>>>>>>>>>>>>>>>>>>>>>>>>>>>>>>>>>>>>>>>>>>>>>>>>>>>>>>>>
epoch: 12
loss: 0.1450, acc: 0.9575
loss: 0.1257, acc: 0.9688
> val_acc: 0.6771, val_f1: 0.5845
>>>>>>>>>>>>>>>>>>>>>>>>>>>>>>>>>>>>>>>>>>>>>>>>>>>>>>>>>>>>>>>>>>>>>>>>>>>>>>>>>>>>>>>>>>>>>>>>>>>>
epoch: 22
loss: 0.1306, acc: 0.9618
loss: 0.0995, acc: 0.9922
loss: 0.1067, acc: 0.9861
loss: 0.1324, acc: 0.9688
loss: 0.1269, acc: 0.9665
loss: 0.1376, acc: 0.9622
loss: 0.1362, acc: 0.9622
loss: 0.1399, acc: 0.9583
loss: 0.1423, acc: 0.9596
loss: 0.1419, acc: 0.9558
loss: 0.1366, acc: 0.9586
loss: 0.1469, acc: 0.9580
loss: 0.1366, acc: 0.9599
loss: 0.1387, acc: 0.9602
loss: 0.1412, acc: 0.9586
loss: 0.1371, acc: 0.9611
loss: 0.1351, acc: 0.9630
loss: 0.1367, acc: 0.9599
loss: 0.1341, acc: 0.9629
loss: 0.1371, acc: 0.9595
loss: 0.1370, acc: 0.9609
loss: 0.1402, acc: 0.9583
loss: 0.1348, acc: 0.9611
loss: 0.1339, acc: 0.9624
> val_acc: 0.6975, val_f1: 0.6209
>>>>>>>>>>>>>>>>>>>>>>>>>>>>>>>>>>>>>>>>>>>>>>>>>>>>>>>>>>>>>>>>>>>>>>>>>>>>>>>>>>>>>>>>>>>>>>>>>>>>
epoch: 23
loss: 0.2072, acc: 0.9375
loss: 0.1261, acc: 0.9635
loss: 0.1301, acc: 0.9650
loss: 0.1313, acc: 0.9716
loss: 0.1392, acc: 0.9629
loss: 0.1339, acc: 0.9614
loss: 0.1413, acc: 0.9643
loss: 0.1341, acc: 0.9606
loss: 0.1348, acc: 0.9651
loss: 0.1367, acc: 0.9627
loss: 0.1366, acc: 0.9635
loss: 0.1330, acc: 0.9657
> val_acc: 0.6991, val_f1: 0.6142
>>>>>>>>>>>>>>>>>>>>>>>>>>>>>>>>>>>>>>>>>>>>>>>>>>>>>>>>>>>>>>>>>>>>>>>>>>>>>>>>>>>>>>>>>>>>>>>>>>>>
epoch: 13
loss: 0.0722, acc: 1.0000
loss: 0.1298, acc: 0.9667
loss: 0.1293, acc: 0.9681
loss: 0.1001, acc: 0.9896
loss: 0.1296, acc: 0.9665
loss: 0.1307, acc: 0.9652
loss: 0.1089, acc: 0.9830
loss: 0.1340, acc: 0.9640
loss: 0.1103, acc: 0.9766
loss: 0.1341, acc: 0.9643
loss: 0.1152, acc: 0.9717
> val_acc: 0.6912, val_f1: 0.6074
>>>>>>>>>>>>>>>>>>>>>>>>>>>>>>>>>>>>>>>>>>>>>>>>>>>>>>>>>>>>>>>>>>>>>>>>>>>>>>>>>>>>>>>>>>>>>>>>>>>>
epoch: 24
loss: 0.1574, acc: 0.9479
loss: 0.1262, acc: 0.9675
loss: 0.1486, acc: 0.9531
loss: 0.1400, acc: 0.9591
loss: 0.1311, acc: 0.9647
loss: 0.1390, acc: 0.9566
loss: 0.1280, acc: 0.9670
loss: 0.1352, acc: 0.9579
loss: 0.1360, acc: 0.9576
loss: 0.1324, acc: 0.9657
loss: 0.1352, acc: 0.9583
loss: 0.1319, acc: 0.9597
loss: 0.1296, acc: 0.9660
loss: 0.1372, acc: 0.9564
loss: 0.1429, acc: 0.9538
loss: 0.1277, acc: 0.9669
loss: 0.1405, acc: 0.9546
loss: 0.1423, acc: 0.9547
loss: 0.1315, acc: 0.9660
loss: 0.1401, acc: 0.9559
loss: 0.1354, acc: 0.9636
loss: 0.1409, acc: 0.9559
loss: 0.1399, acc: 0.9570
loss: 0.1340, acc: 0.9645
> val_acc: 0.6708, val_f1: 0.5735
>>>>>>>>>>>>>>>>>>>>>>>>>>>>>>>>>>>>>>>>>>>>>>>>>>>>>>>>>>>>>>>>>>>>>>>>>>>>>>>>>>>>>>>>>>>>>>>>>>>>
epoch: 25
loss: 0.1336, acc: 0.9648
loss: 0.1327, acc: 0.9688
loss: 0.1446, acc: 0.9594
loss: 0.1337, acc: 0.9604
loss: 0.1324, acc: 0.9625
> val_acc: 0.6897, val_f1: 0.6120
>>>>>>>>>>>>>>>>>>>>>>>>>>>>>>>>>>>>>>>>>>>>>>>>>>>>>>>>>>>>>>>>>>>>>>>>>>>>>>>>>>>>>>>>>>>>>>>>>>>>
epoch: 14
loss: 0.1280, acc: 0.9637
loss: 0.0900, acc: 0.9896
loss: 0.1194, acc: 0.9698
loss: 0.1248, acc: 0.9648
loss: 0.1247, acc: 0.9643
loss: 0.1238, acc: 0.9656
loss: 0.1216, acc: 0.9639
loss: 0.1255, acc: 0.9646
loss: 0.1255, acc: 0.9650
loss: 0.1180, acc: 0.9653
loss: 0.1276, acc: 0.9648
loss: 0.1298, acc: 0.9641
loss: 0.1316, acc: 0.9592
loss: 0.1308, acc: 0.9635
loss: 0.1316, acc: 0.9634
loss: 0.1301, acc: 0.9632
loss: 0.1237, acc: 0.9659
> val_acc: 0.6928, val_f1: 0.6166
>>>>>>>>>>>>>>>>>>>>>>>>>>>>>>>>>>>>>>>>>>>>>>>>>>>>>>>>>>>>>>>>>>>>>>>>>>>>>>>>>>>>>>>>>>>>>>>>>>>>
epoch: 26
loss: 0.1492, acc: 0.9688
loss: 0.1210, acc: 0.9671
loss: 0.1386, acc: 0.9643
loss: 0.1302, acc: 0.9714
loss: 0.1211, acc: 0.9673
loss: 0.1209, acc: 0.9779
loss: 0.1240, acc: 0.9744
loss: 0.1214, acc: 0.9655
loss: 0.1217, acc: 0.9734
loss: 0.1219, acc: 0.9658
loss: 0.1216, acc: 0.9736
loss: 0.1220, acc: 0.9730
loss: 0.1236, acc: 0.9655
loss: 0.1258, acc: 0.9702
loss: 0.1223, acc: 0.9721
loss: 0.1259, acc: 0.9638
loss: 0.1249, acc: 0.9712
loss: 0.1247, acc: 0.9637
loss: 0.1226, acc: 0.9715
loss: 0.1235, acc: 0.9698
loss: 0.1285, acc: 0.9613
loss: 0.1239, acc: 0.9697
loss: 0.1228, acc: 0.9692
> val_acc: 0.6944, val_f1: 0.6185
>>>>>>>>>>>>>>>>>>>>>>>>>>>>>>>>>>>>>>>>>>>>>>>>>>>>>>>>>>>>>>>>>>>>>>>>>>>>>>>>>>>>>>>>>>>>>>>>>>>>
epoch: 15
> val_acc: 0.6850, val_f1: 0.5976
>>>>>>>>>>>>>>>>>>>>>>>>>>>>>>>>>>>>>>>>>>>>>>>>>>>>>>>>>>>>>>>>>>>>>>>>>>>>>>>>>>>>>>>>>>>>>>>>>>>>
epoch: 27
loss: 0.0900, acc: 0.9844
loss: 0.1052, acc: 0.9812
loss: 0.1134, acc: 0.9653
loss: 0.1226, acc: 0.9643
loss: 0.1168, acc: 0.9750
loss: 0.1323, acc: 0.9539
loss: 0.1305, acc: 0.9544
loss: 0.1105, acc: 0.9792
loss: 0.1234, acc: 0.9591
loss: 0.1023, acc: 0.9812
loss: 0.1179, acc: 0.9614
loss: 0.1266, acc: 0.9583
loss: 0.1013, acc: 0.9800
loss: 0.1254, acc: 0.9595
loss: 0.1023, acc: 0.9771
loss: 0.1230, acc: 0.9605
loss: 0.1246, acc: 0.9601
loss: 0.1055, acc: 0.9750
loss: 0.1251, acc: 0.9592
loss: 0.1248, acc: 0.9604
loss: 0.1137, acc: 0.9695
loss: 0.1244, acc: 0.9620
loss: 0.1115, acc: 0.9694
> val_acc: 0.6818, val_f1: 0.5960
>>>>>>>>>>>>>>>>>>>>>>>>>>>>>>>>>>>>>>>>>>>>>>>>>>>>>>>>>>>>>>>>>>>>>>>>>>>>>>>>>>>>>>>>>>>>>>>>>>>>
epoch: 28
loss: 0.0801, acc: 0.9688
loss: 0.1113, acc: 0.9694
loss: 0.0897, acc: 0.9740
loss: 0.1118, acc: 0.9688
loss: 0.1040, acc: 0.9659
loss: 0.1053, acc: 0.9688
loss: 0.1108, acc: 0.9693
loss: 0.1022, acc: 0.9732
loss: 0.1076, acc: 0.9748
loss: 0.1133, acc: 0.9678
loss: 0.1099, acc: 0.9748
loss: 0.1118, acc: 0.9731
loss: 0.1116, acc: 0.9683
loss: 0.1115, acc: 0.9741
loss: 0.1110, acc: 0.9721
loss: 0.1159, acc: 0.9694
> val_acc: 0.6959, val_f1: 0.6044
>>>>>>>>>>>>>>>>>>>>>>>>>>>>>>>>>>>>>>>>>>>>>>>>>>>>>>>>>>>>>>>>>>>>>>>>>>>>>>>>>>>>>>>>>>>>>>>>>>>>
epoch: 16
loss: 0.1163, acc: 0.9688
loss: 0.0721, acc: 1.0000
loss: 0.1170, acc: 0.9688
loss: 0.1167, acc: 0.9697
loss: 0.0775, acc: 0.9911
loss: 0.1166, acc: 0.9705
loss: 0.0811, acc: 0.9844
> val_acc: 0.6787, val_f1: 0.5873
>>>>>>>>>>>>>>>>>>>>>>>>>>>>>>>>>>>>>>>>>>>>>>>>>>>>>>>>>>>>>>>>>>>>>>>>>>>>>>>>>>>>>>>>>>>>>>>>>>>>
epoch: 29
loss: 0.0839, acc: 0.9835
loss: 0.1260, acc: 0.9583
loss: 0.1130, acc: 0.9688
loss: 0.0891, acc: 0.9830
loss: 0.1155, acc: 0.9663
loss: 0.1130, acc: 0.9722
loss: 0.0923, acc: 0.9815
loss: 0.1138, acc: 0.9715
loss: 0.1217, acc: 0.9699
loss: 0.0936, acc: 0.9805
loss: 0.1177, acc: 0.9706
loss: 0.0999, acc: 0.9764
loss: 0.1239, acc: 0.9663
loss: 0.1229, acc: 0.9680
loss: 0.1029, acc: 0.9740
loss: 0.1214, acc: 0.9681
loss: 0.1188, acc: 0.9699
loss: 0.1044, acc: 0.9734
loss: 0.1184, acc: 0.9698
loss: 0.1181, acc: 0.9702
loss: 0.1083, acc: 0.9712
loss: 0.1158, acc: 0.9720
loss: 0.1093, acc: 0.9682
loss: 0.1150, acc: 0.9721
loss: 0.1056, acc: 0.9703
> val_acc: 0.6771, val_f1: 0.5863
loss: 0.1077, acc: 0.9697
>> test_acc: 0.7179, test_f1: 0.6515
loss: 0.1067, acc: 0.9701
> val_acc: 0.7006, val_f1: 0.6262
>>>>>>>>>>>>>>>>>>>>>>>>>>>>>>>>>>>>>>>>>>>>>>>>>>>>>>>>>>>>>>>>>>>>>>>>>>>>>>>>>>>>>>>>>>>>>>>>>>>>
epoch: 17
loss: 0.0802, acc: 0.9766
loss: 0.0928, acc: 0.9757
loss: 0.0896, acc: 0.9777
loss: 0.0954, acc: 0.9753
loss: 0.1019, acc: 0.9740
loss: 0.1031, acc: 0.9741
loss: 0.1025, acc: 0.9724
loss: 0.1031, acc: 0.9736
loss: 0.1004, acc: 0.9744
loss: 0.1026, acc: 0.9726
loss: 0.1026, acc: 0.9728
loss: 0.1021, acc: 0.9735
loss: 0.1020, acc: 0.9731
loss: 0.1011, acc: 0.9724
> val_acc: 0.6975, val_f1: 0.6255
>>>>>>>>>>>>>>>>>>>>>>>>>>>>>>>>>>>>>>>>>>>>>>>>>>>>>>>>>>>>>>>>>>>>>>>>>>>>>>>>>>>>>>>>>>>>>>>>>>>>
epoch: 18
loss: 0.0825, acc: 0.9688
loss: 0.0790, acc: 0.9844
loss: 0.0831, acc: 0.9773
loss: 0.0866, acc: 0.9766
loss: 0.0894, acc: 0.9777
loss: 0.1030, acc: 0.9712
loss: 0.1049, acc: 0.9688
loss: 0.1046, acc: 0.9688
loss: 0.0987, acc: 0.9718
loss: 0.1018, acc: 0.9701
loss: 0.1004, acc: 0.9706
loss: 0.1014, acc: 0.9693
loss: 0.1017, acc: 0.9693
loss: 0.1021, acc: 0.9692
loss: 0.1011, acc: 0.9701
> val_acc: 0.6944, val_f1: 0.6028
>>>>>>>>>>>>>>>>>>>>>>>>>>>>>>>>>>>>>>>>>>>>>>>>>>>>>>>>>>>>>>>>>>>>>>>>>>>>>>>>>>>>>>>>>>>>>>>>>>>>
epoch: 19
loss: 0.0831, acc: 0.9792
loss: 0.0752, acc: 0.9844
loss: 0.0756, acc: 0.9856
loss: 0.0830, acc: 0.9826
loss: 0.0829, acc: 0.9810
loss: 0.0895, acc: 0.9788
loss: 0.0907, acc: 0.9782
loss: 0.0905, acc: 0.9786
loss: 0.0947, acc: 0.9753
loss: 0.0929, acc: 0.9766
loss: 0.0922, acc: 0.9764
loss: 0.0945, acc: 0.9763
loss: 0.0936, acc: 0.9752
loss: 0.0942, acc: 0.9738
loss: 0.0957, acc: 0.9725
> val_acc: 0.6928, val_f1: 0.6038
>>>>>>>>>>>>>>>>>>>>>>>>>>>>>>>>>>>>>>>>>>>>>>>>>>>>>>>>>>>>>>>>>>>>>>>>>>>>>>>>>>>>>>>>>>>>>>>>>>>>
epoch: 20
loss: 0.0855, acc: 0.9812
loss: 0.0857, acc: 0.9750
loss: 0.0977, acc: 0.9708
loss: 0.0962, acc: 0.9703
loss: 0.0889, acc: 0.9738
loss: 0.0892, acc: 0.9740
loss: 0.0896, acc: 0.9741
loss: 0.0905, acc: 0.9734
loss: 0.0903, acc: 0.9743
loss: 0.0910, acc: 0.9731
loss: 0.0912, acc: 0.9739
loss: 0.0905, acc: 0.9729
loss: 0.0937, acc: 0.9707
loss: 0.0938, acc: 0.9705
> val_acc: 0.6912, val_f1: 0.6041
>>>>>>>>>>>>>>>>>>>>>>>>>>>>>>>>>>>>>>>>>>>>>>>>>>>>>>>>>>>>>>>>>>>>>>>>>>>>>>>>>>>>>>>>>>>>>>>>>>>>
epoch: 21
loss: 0.0670, acc: 0.9844
loss: 0.0819, acc: 0.9777
loss: 0.0875, acc: 0.9714
loss: 0.0837, acc: 0.9761
loss: 0.0794, acc: 0.9773
loss: 0.0754, acc: 0.9803
loss: 0.0758, acc: 0.9785
loss: 0.0775, acc: 0.9780
loss: 0.0832, acc: 0.9740
loss: 0.0877, acc: 0.9727
loss: 0.0882, acc: 0.9730
loss: 0.0919, acc: 0.9720
loss: 0.0924, acc: 0.9723
loss: 0.0926, acc: 0.9725
loss: 0.0941, acc: 0.9722
> val_acc: 0.6912, val_f1: 0.6076
>>>>>>>>>>>>>>>>>>>>>>>>>>>>>>>>>>>>>>>>>>>>>>>>>>>>>>>>>>>>>>>>>>>>>>>>>>>>>>>>>>>>>>>>>>>>>>>>>>>>
epoch: 22
loss: 0.0940, acc: 0.9922
loss: 0.0903, acc: 0.9757
loss: 0.0807, acc: 0.9821
loss: 0.0842, acc: 0.9836
loss: 0.0838, acc: 0.9805
loss: 0.0865, acc: 0.9774
loss: 0.0890, acc: 0.9770
loss: 0.0849, acc: 0.9792
loss: 0.0850, acc: 0.9787
loss: 0.0817, acc: 0.9802
loss: 0.0823, acc: 0.9792
loss: 0.0869, acc: 0.9772
loss: 0.0897, acc: 0.9751
loss: 0.0899, acc: 0.9746
> val_acc: 0.6959, val_f1: 0.6121
>>>>>>>>>>>>>>>>>>>>>>>>>>>>>>>>>>>>>>>>>>>>>>>>>>>>>>>>>>>>>>>>>>>>>>>>>>>>>>>>>>>>>>>>>>>>>>>>>>>>
epoch: 23
loss: 0.0292, acc: 1.0000
loss: 0.0764, acc: 0.9844
loss: 0.0808, acc: 0.9773
loss: 0.0755, acc: 0.9785
loss: 0.0782, acc: 0.9792
loss: 0.0792, acc: 0.9772
loss: 0.0793, acc: 0.9758
loss: 0.0757, acc: 0.9783
loss: 0.0789, acc: 0.9756
loss: 0.0817, acc: 0.9721
loss: 0.0840, acc: 0.9730
loss: 0.0835, acc: 0.9738
loss: 0.0846, acc: 0.9734
loss: 0.0866, acc: 0.9725
loss: 0.0867, acc: 0.9727
> val_acc: 0.7006, val_f1: 0.6257
>>>>>>>>>>>>>>>>>>>>>>>>>>>>>>>>>>>>>>>>>>>>>>>>>>>>>>>>>>>>>>>>>>>>>>>>>>>>>>>>>>>>>>>>>>>>>>>>>>>>
epoch: 24
loss: 0.0885, acc: 0.9896
loss: 0.0702, acc: 0.9844
loss: 0.0692, acc: 0.9880
loss: 0.0769, acc: 0.9844
loss: 0.0729, acc: 0.9864
loss: 0.0760, acc: 0.9821
loss: 0.0731, acc: 0.9820
loss: 0.0783, acc: 0.9794
loss: 0.0777, acc: 0.9782
loss: 0.0801, acc: 0.9779
loss: 0.0802, acc: 0.9776
loss: 0.0800, acc: 0.9774
loss: 0.0808, acc: 0.9767
loss: 0.0819, acc: 0.9766
loss: 0.0817, acc: 0.9772
> val_acc: 0.6912, val_f1: 0.6037
>>>>>>>>>>>>>>>>>>>>>>>>>>>>>>>>>>>>>>>>>>>>>>>>>>>>>>>>>>>>>>>>>>>>>>>>>>>>>>>>>>>>>>>>>>>>>>>>>>>>
epoch: 25
loss: 0.0726, acc: 0.9750
loss: 0.0571, acc: 0.9844
loss: 0.0675, acc: 0.9833
loss: 0.0701, acc: 0.9797
loss: 0.0747, acc: 0.9788
loss: 0.0754, acc: 0.9781
loss: 0.0762, acc: 0.9777
loss: 0.0738, acc: 0.9797
loss: 0.0719, acc: 0.9806
loss: 0.0732, acc: 0.9800
loss: 0.0734, acc: 0.9812
loss: 0.0732, acc: 0.9812
loss: 0.0721, acc: 0.9817
loss: 0.0746, acc: 0.9808
> val_acc: 0.6865, val_f1: 0.5978
>>>>>>>>>>>>>>>>>>>>>>>>>>>>>>>>>>>>>>>>>>>>>>>>>>>>>>>>>>>>>>>>>>>>>>>>>>>>>>>>>>>>>>>>>>>>>>>>>>>>
epoch: 26
loss: 0.0307, acc: 1.0000
loss: 0.0554, acc: 0.9911
loss: 0.0564, acc: 0.9896
loss: 0.0615, acc: 0.9871
loss: 0.0636, acc: 0.9844
loss: 0.0661, acc: 0.9850
loss: 0.0647, acc: 0.9844
loss: 0.0635, acc: 0.9840
loss: 0.0640, acc: 0.9836
loss: 0.0656, acc: 0.9827
loss: 0.0655, acc: 0.9820
loss: 0.0727, acc: 0.9792
loss: 0.0711, acc: 0.9798
loss: 0.0698, acc: 0.9804
loss: 0.0709, acc: 0.9796
> val_acc: 0.6881, val_f1: 0.6095
>>>>>>>>>>>>>>>>>>>>>>>>>>>>>>>>>>>>>>>>>>>>>>>>>>>>>>>>>>>>>>>>>>>>>>>>>>>>>>>>>>>>>>>>>>>>>>>>>>>>
epoch: 27
loss: 0.0744, acc: 0.9844
loss: 0.0638, acc: 0.9896
loss: 0.0677, acc: 0.9844
loss: 0.0638, acc: 0.9836
loss: 0.0700, acc: 0.9818
loss: 0.0736, acc: 0.9806
loss: 0.0776, acc: 0.9770
loss: 0.0763, acc: 0.9784
loss: 0.0772, acc: 0.9773
loss: 0.0756, acc: 0.9783
loss: 0.0754, acc: 0.9792
loss: 0.0759, acc: 0.9778
loss: 0.0776, acc: 0.9775
loss: 0.0765, acc: 0.9783
> val_acc: 0.7038, val_f1: 0.6270
>>>>>>>>>>>>>>>>>>>>>>>>>>>>>>>>>>>>>>>>>>>>>>>>>>>>>>>>>>>>>>>>>>>>>>>>>>>>>>>>>>>>>>>>>>>>>>>>>>>>
epoch: 28
loss: 0.0768, acc: 0.9688
loss: 0.0730, acc: 0.9792
loss: 0.0779, acc: 0.9773
loss: 0.0758, acc: 0.9766
loss: 0.0766, acc: 0.9777
loss: 0.0742, acc: 0.9784
loss: 0.0762, acc: 0.9768
loss: 0.0750, acc: 0.9774
loss: 0.0729, acc: 0.9779
loss: 0.0720, acc: 0.9783
loss: 0.0710, acc: 0.9798
loss: 0.0689, acc: 0.9810
loss: 0.0705, acc: 0.9805
loss: 0.0716, acc: 0.9801
loss: 0.0736, acc: 0.9789
> val_acc: 0.6928, val_f1: 0.6146
>>>>>>>>>>>>>>>>>>>>>>>>>>>>>>>>>>>>>>>>>>>>>>>>>>>>>>>>>>>>>>>>>>>>>>>>>>>>>>>>>>>>>>>>>>>>>>>>>>>>
epoch: 29
loss: 0.1264, acc: 0.9479
loss: 0.0984, acc: 0.9688
loss: 0.0952, acc: 0.9663
loss: 0.0917, acc: 0.9670
loss: 0.0845, acc: 0.9688
loss: 0.0804, acc: 0.9699
loss: 0.0753, acc: 0.9725
loss: 0.0727, acc: 0.9737
loss: 0.0765, acc: 0.9731
loss: 0.0780, acc: 0.9740
loss: 0.0745, acc: 0.9764
loss: 0.0731, acc: 0.9774
loss: 0.0734, acc: 0.9777
loss: 0.0732, acc: 0.9775
loss: 0.0736, acc: 0.9768
> val_acc: 0.6850, val_f1: 0.5975
>> test_acc: 0.7100, test_f1: 0.6400
