cuda memory allocated: 16206336
n_trainable_params: 2726003, n_nontrainable_params: 1323600
> training arguments:
>>> model_name: gc_ian
>>> dataset: restaurant
>>> optimizer: <class 'torch.optim.adagrad.Adagrad'>
>>> initializer: <function xavier_uniform_ at 0x0000023E45FB76A8>
>>> learning_rate: 0.01
>>> momentum: 0.95
>>> dropout: 0.5
>>> l2reg: 5e-05
>>> num_epoch: 30
>>> batch_size: 32
>>> log_step: 5
>>> embed_dim: 300
>>> hidden_dim: 300
>>> bert_dim: 768
>>> pretrained_bert_name: bert-base-uncased
>>> max_seq_len: 80
>>> polarities_dim: 3
>>> hops: 3
>>> device: cuda
>>> seed: 10
>>> valset_ratio: 0
>>> num_layers: 1
>>> in_channels: 100
>>> out_channels: 1
>>> downbot: 20
>>> kernel_size: 3
>>> glove_path: ./embeddings/glove.840B.300d.txt
>>> model_class: <class 'models.gc_ian.GC_IAN'>
>>> dataset_file: {'train': './datasets/semeval14/Restaurants_Train.xml.seg', 'test': './datasets/semeval14/Restaurants_Test_Gold.xml.seg'}
>>> inputs_cols: ['text_raw_indices', 'aspect_indices']
>>>>>>>>>>>>>>>>>>>>>>>>>>>>>>>>>>>>>>>>>>>>>>>>>>>>>>>>>>>>>>>>>>>>>>>>>>>>>>>>>>>>>>>>>>>>>>>>>>>>
epoch: 0
loss: 2.3779, acc: 0.4250
loss: 1.7425, acc: 0.5000
loss: 1.4981, acc: 0.5188
loss: 1.3515, acc: 0.5469
loss: 1.2680, acc: 0.5500
loss: 1.1956, acc: 0.5635
loss: 1.1711, acc: 0.5652
loss: 1.1242, acc: 0.5750
loss: 1.0881, acc: 0.5813
loss: 1.0605, acc: 0.5931
loss: 1.0366, acc: 0.5977
loss: 1.0184, acc: 0.6042
loss: 0.9919, acc: 0.6154
loss: 0.9807, acc: 0.6174
loss: 0.9688, acc: 0.6225
loss: 0.9564, acc: 0.6270
loss: 0.9461, acc: 0.6298
loss: 0.9337, acc: 0.6354
loss: 0.9266, acc: 0.6352
loss: 0.9204, acc: 0.6369
loss: 0.9095, acc: 0.6420
loss: 0.8983, acc: 0.6466
> val_acc: 0.7375, val_f1: 0.5441
>> saved: state_dict/gc_ian_restaurant_val_acc0.7375
>>>>>>>>>>>>>>>>>>>>>>>>>>>>>>>>>>>>>>>>>>>>>>>>>>>>>>>>>>>>>>>>>>>>>>>>>>>>>>>>>>>>>>>>>>>>>>>>>>>>
epoch: 1
loss: 0.5948, acc: 0.7812
loss: 0.5858, acc: 0.7723
loss: 0.5865, acc: 0.7786
loss: 0.5949, acc: 0.7702
loss: 0.5879, acc: 0.7727
loss: 0.5850, acc: 0.7755
loss: 0.5813, acc: 0.7725
loss: 0.5843, acc: 0.7762
loss: 0.5891, acc: 0.7753
loss: 0.5834, acc: 0.7799
loss: 0.5899, acc: 0.7764
loss: 0.5817, acc: 0.7780
loss: 0.5768, acc: 0.7782
loss: 0.5768, acc: 0.7771
loss: 0.5740, acc: 0.7773
loss: 0.5793, acc: 0.7752
loss: 0.5823, acc: 0.7736
loss: 0.5805, acc: 0.7744
loss: 0.5826, acc: 0.7721
loss: 0.5800, acc: 0.7722
loss: 0.5816, acc: 0.7714
loss: 0.5779, acc: 0.7731
loss: 0.5815, acc: 0.7704
> val_acc: 0.7714, val_f1: 0.6325
>> saved: state_dict/gc_ian_restaurant_val_acc0.7714
>>>>>>>>>>>>>>>>>>>>>>>>>>>>>>>>>>>>>>>>>>>>>>>>>>>>>>>>>>>>>>>>>>>>>>>>>>>>>>>>>>>>>>>>>>>>>>>>>>>>
epoch: 2
loss: 0.4514, acc: 0.8516
loss: 0.4668, acc: 0.8333
loss: 0.4656, acc: 0.8393
loss: 0.4556, acc: 0.8421
loss: 0.4623, acc: 0.8320
loss: 0.4711, acc: 0.8222
loss: 0.4660, acc: 0.8272
loss: 0.4675, acc: 0.8253
loss: 0.4727, acc: 0.8224
loss: 0.4712, acc: 0.8240
loss: 0.4732, acc: 0.8235
loss: 0.4697, acc: 0.8257
loss: 0.4760, acc: 0.8198
loss: 0.4759, acc: 0.8193
loss: 0.4793, acc: 0.8171
loss: 0.4767, acc: 0.8180
loss: 0.4834, acc: 0.8151
loss: 0.4783, acc: 0.8181
loss: 0.4774, acc: 0.8195
loss: 0.4755, acc: 0.8191
loss: 0.4781, acc: 0.8161
loss: 0.4775, acc: 0.8162
> val_acc: 0.7875, val_f1: 0.6747
>> saved: state_dict/gc_ian_restaurant_val_acc0.7875
>>>>>>>>>>>>>>>>>>>>>>>>>>>>>>>>>>>>>>>>>>>>>>>>>>>>>>>>>>>>>>>>>>>>>>>>>>>>>>>>>>>>>>>>>>>>>>>>>>>>
epoch: 3
loss: 0.5060, acc: 0.7812
loss: 0.3828, acc: 0.8802
loss: 0.3957, acc: 0.8636
loss: 0.4158, acc: 0.8477
loss: 0.4062, acc: 0.8557
loss: 0.4122, acc: 0.8534
loss: 0.4058, acc: 0.8548
loss: 0.4044, acc: 0.8507
loss: 0.4008, acc: 0.8506
loss: 0.4028, acc: 0.8478
loss: 0.4064, acc: 0.8480
loss: 0.4035, acc: 0.8504
loss: 0.4059, acc: 0.8484
loss: 0.4041, acc: 0.8513
loss: 0.4073, acc: 0.8495
loss: 0.4059, acc: 0.8503
loss: 0.4052, acc: 0.8492
loss: 0.4059, acc: 0.8488
loss: 0.4077, acc: 0.8468
loss: 0.4081, acc: 0.8460
loss: 0.4099, acc: 0.8444
loss: 0.4161, acc: 0.8402
loss: 0.4175, acc: 0.8387
> val_acc: 0.7759, val_f1: 0.6339
>>>>>>>>>>>>>>>>>>>>>>>>>>>>>>>>>>>>>>>>>>>>>>>>>>>>>>>>>>>>>>>>>>>>>>>>>>>>>>>>>>>>>>>>>>>>>>>>>>>>
epoch: 4
loss: 0.3426, acc: 0.9062
loss: 0.3674, acc: 0.8906
loss: 0.3564, acc: 0.8942
loss: 0.3697, acc: 0.8872
loss: 0.3716, acc: 0.8859
loss: 0.3669, acc: 0.8839
loss: 0.3764, acc: 0.8750
loss: 0.3750, acc: 0.8734
loss: 0.3766, acc: 0.8728
loss: 0.3741, acc: 0.8743
loss: 0.3720, acc: 0.8750
loss: 0.3708, acc: 0.8734
loss: 0.3729, acc: 0.8686
loss: 0.3685, acc: 0.8709
loss: 0.3671, acc: 0.8720
loss: 0.3642, acc: 0.8722
loss: 0.3658, acc: 0.8705
loss: 0.3649, acc: 0.8711
loss: 0.3669, acc: 0.8683
loss: 0.3651, acc: 0.8702
loss: 0.3672, acc: 0.8689
loss: 0.3722, acc: 0.8666
loss: 0.3735, acc: 0.8681
> val_acc: 0.7705, val_f1: 0.6268
>>>>>>>>>>>>>>>>>>>>>>>>>>>>>>>>>>>>>>>>>>>>>>>>>>>>>>>>>>>>>>>>>>>>>>>>>>>>>>>>>>>>>>>>>>>>>>>>>>>>
epoch: 5
loss: 0.3192, acc: 0.8938
loss: 0.2877, acc: 0.9156
loss: 0.3034, acc: 0.9104
loss: 0.3134, acc: 0.9031
loss: 0.3090, acc: 0.9062
loss: 0.3245, acc: 0.8990
loss: 0.3256, acc: 0.8955
loss: 0.3271, acc: 0.8914
loss: 0.3293, acc: 0.8903
loss: 0.3319, acc: 0.8869
loss: 0.3299, acc: 0.8869
loss: 0.3263, acc: 0.8885
loss: 0.3313, acc: 0.8856
loss: 0.3328, acc: 0.8839
loss: 0.3343, acc: 0.8825
loss: 0.3322, acc: 0.8836
loss: 0.3335, acc: 0.8809
loss: 0.3319, acc: 0.8819
loss: 0.3322, acc: 0.8806
loss: 0.3324, acc: 0.8806
loss: 0.3368, acc: 0.8783
loss: 0.3339, acc: 0.8798
> val_acc: 0.7804, val_f1: 0.6431
>>>>>>>>>>>>>>>>>>>>>>>>>>>>>>>>>>>>>>>>>>>>>>>>>>>>>>>>>>>>>>>>>>>>>>>>>>>>>>>>>>>>>>>>>>>>>>>>>>>>
epoch: 6
loss: 0.2314, acc: 0.9531
loss: 0.2754, acc: 0.9062
loss: 0.2731, acc: 0.9062
loss: 0.2745, acc: 0.9026
loss: 0.2644, acc: 0.9062
loss: 0.2716, acc: 0.9039
loss: 0.2815, acc: 0.8994
loss: 0.2861, acc: 0.8961
loss: 0.2963, acc: 0.8884
loss: 0.3030, acc: 0.8876
loss: 0.3048, acc: 0.8864
loss: 0.3089, acc: 0.8860
loss: 0.3026, acc: 0.8901
loss: 0.3036, acc: 0.8899
loss: 0.3036, acc: 0.8902
loss: 0.2995, acc: 0.8920
loss: 0.2986, acc: 0.8929
loss: 0.2959, acc: 0.8958
loss: 0.2953, acc: 0.8954
loss: 0.2986, acc: 0.8930
loss: 0.3005, acc: 0.8919
loss: 0.2992, acc: 0.8928
loss: 0.2978, acc: 0.8951
> val_acc: 0.7741, val_f1: 0.6210
>>>>>>>>>>>>>>>>>>>>>>>>>>>>>>>>>>>>>>>>>>>>>>>>>>>>>>>>>>>>>>>>>>>>>>>>>>>>>>>>>>>>>>>>>>>>>>>>>>>>
epoch: 7
loss: 0.2510, acc: 0.9062
loss: 0.2310, acc: 0.9167
loss: 0.2651, acc: 0.8996
loss: 0.2555, acc: 0.8997
loss: 0.2474, acc: 0.9076
loss: 0.2478, acc: 0.9073
loss: 0.2506, acc: 0.9090
loss: 0.2633, acc: 0.9054
loss: 0.2652, acc: 0.9027
loss: 0.2618, acc: 0.9043
loss: 0.2638, acc: 0.9051
loss: 0.2596, acc: 0.9100
loss: 0.2645, acc: 0.9092
loss: 0.2703, acc: 0.9049
loss: 0.2703, acc: 0.9054
loss: 0.2734, acc: 0.9051
loss: 0.2732, acc: 0.9040
loss: 0.2722, acc: 0.9059
loss: 0.2729, acc: 0.9056
loss: 0.2708, acc: 0.9059
loss: 0.2736, acc: 0.9035
loss: 0.2767, acc: 0.9017
> val_acc: 0.7830, val_f1: 0.6631
>>>>>>>>>>>>>>>>>>>>>>>>>>>>>>>>>>>>>>>>>>>>>>>>>>>>>>>>>>>>>>>>>>>>>>>>>>>>>>>>>>>>>>>>>>>>>>>>>>>>
epoch: 8
loss: 0.2355, acc: 0.8750
loss: 0.2641, acc: 0.9115
loss: 0.2642, acc: 0.9119
loss: 0.2676, acc: 0.9043
loss: 0.2590, acc: 0.9137
loss: 0.2618, acc: 0.9147
loss: 0.2666, acc: 0.9143
loss: 0.2626, acc: 0.9115
loss: 0.2620, acc: 0.9108
loss: 0.2584, acc: 0.9130
loss: 0.2550, acc: 0.9148
loss: 0.2591, acc: 0.9124
loss: 0.2544, acc: 0.9139
loss: 0.2540, acc: 0.9129
loss: 0.2525, acc: 0.9133
loss: 0.2548, acc: 0.9112
loss: 0.2520, acc: 0.9132
loss: 0.2520, acc: 0.9135
loss: 0.2547, acc: 0.9121
loss: 0.2577, acc: 0.9105
loss: 0.2597, acc: 0.9090
loss: 0.2609, acc: 0.9083
loss: 0.2581, acc: 0.9102
> val_acc: 0.7795, val_f1: 0.6380
>>>>>>>>>>>>>>>>>>>>>>>>>>>>>>>>>>>>>>>>>>>>>>>>>>>>>>>>>>>>>>>>>>>>>>>>>>>>>>>>>>>>>>>>>>>>>>>>>>>>
epoch: 9
loss: 0.2330, acc: 0.9271
loss: 0.2225, acc: 0.9219
loss: 0.2215, acc: 0.9231
loss: 0.2200, acc: 0.9219
loss: 0.2305, acc: 0.9212
loss: 0.2325, acc: 0.9196
loss: 0.2217, acc: 0.9252
loss: 0.2180, acc: 0.9260
loss: 0.2157, acc: 0.9259
loss: 0.2179, acc: 0.9238
loss: 0.2221, acc: 0.9222
loss: 0.2240, acc: 0.9219
loss: 0.2333, acc: 0.9177
loss: 0.2296, acc: 0.9182
loss: 0.2292, acc: 0.9187
loss: 0.2339, acc: 0.9175
loss: 0.2340, acc: 0.9164
loss: 0.2332, acc: 0.9162
loss: 0.2359, acc: 0.9153
loss: 0.2357, acc: 0.9158
loss: 0.2359, acc: 0.9163
loss: 0.2363, acc: 0.9167
loss: 0.2381, acc: 0.9160
> val_acc: 0.7759, val_f1: 0.6344
>>>>>>>>>>>>>>>>>>>>>>>>>>>>>>>>>>>>>>>>>>>>>>>>>>>>>>>>>>>>>>>>>>>>>>>>>>>>>>>>>>>>>>>>>>>>>>>>>>>>
epoch: 10
loss: 0.2062, acc: 0.9563
loss: 0.1788, acc: 0.9594
loss: 0.1813, acc: 0.9521
loss: 0.1890, acc: 0.9453
loss: 0.1910, acc: 0.9437
loss: 0.1957, acc: 0.9406
loss: 0.1999, acc: 0.9375
loss: 0.2087, acc: 0.9328
loss: 0.2058, acc: 0.9347
loss: 0.2070, acc: 0.9331
loss: 0.2104, acc: 0.9313
loss: 0.2097, acc: 0.9318
loss: 0.2167, acc: 0.9284
loss: 0.2181, acc: 0.9281
loss: 0.2212, acc: 0.9254
loss: 0.2192, acc: 0.9258
loss: 0.2200, acc: 0.9250
loss: 0.2242, acc: 0.9247
loss: 0.2262, acc: 0.9224
loss: 0.2259, acc: 0.9225
loss: 0.2233, acc: 0.9241
loss: 0.2218, acc: 0.9241
> val_acc: 0.7777, val_f1: 0.6382
>>>>>>>>>>>>>>>>>>>>>>>>>>>>>>>>>>>>>>>>>>>>>>>>>>>>>>>>>>>>>>>>>>>>>>>>>>>>>>>>>>>>>>>>>>>>>>>>>>>>
epoch: 11
loss: 0.1863, acc: 0.9375
loss: 0.2113, acc: 0.9330
loss: 0.2037, acc: 0.9271
loss: 0.2039, acc: 0.9301
loss: 0.1977, acc: 0.9361
loss: 0.2002, acc: 0.9352
loss: 0.2006, acc: 0.9365
loss: 0.2060, acc: 0.9350
loss: 0.2021, acc: 0.9368
loss: 0.2085, acc: 0.9328
loss: 0.2040, acc: 0.9345
loss: 0.2005, acc: 0.9359
loss: 0.1995, acc: 0.9365
loss: 0.2001, acc: 0.9361
loss: 0.2016, acc: 0.9336
loss: 0.2002, acc: 0.9351
loss: 0.2010, acc: 0.9348
loss: 0.2035, acc: 0.9346
loss: 0.2044, acc: 0.9334
loss: 0.2068, acc: 0.9311
loss: 0.2052, acc: 0.9320
loss: 0.2082, acc: 0.9299
loss: 0.2084, acc: 0.9305
> val_acc: 0.7812, val_f1: 0.6420
>>>>>>>>>>>>>>>>>>>>>>>>>>>>>>>>>>>>>>>>>>>>>>>>>>>>>>>>>>>>>>>>>>>>>>>>>>>>>>>>>>>>>>>>>>>>>>>>>>>>
epoch: 12
loss: 0.1722, acc: 0.9531
loss: 0.1529, acc: 0.9549
loss: 0.1593, acc: 0.9576
loss: 0.1731, acc: 0.9507
loss: 0.1803, acc: 0.9466
loss: 0.1782, acc: 0.9461
loss: 0.1775, acc: 0.9467
loss: 0.1810, acc: 0.9439
loss: 0.1845, acc: 0.9432
loss: 0.1902, acc: 0.9388
loss: 0.1927, acc: 0.9363
loss: 0.1899, acc: 0.9380
loss: 0.1954, acc: 0.9331
loss: 0.1943, acc: 0.9330
loss: 0.1912, acc: 0.9341
loss: 0.1911, acc: 0.9347
loss: 0.1946, acc: 0.9334
loss: 0.1951, acc: 0.9336
loss: 0.2015, acc: 0.9305
loss: 0.2006, acc: 0.9315
loss: 0.1999, acc: 0.9315
loss: 0.2001, acc: 0.9315
> val_acc: 0.7768, val_f1: 0.6314
>>>>>>>>>>>>>>>>>>>>>>>>>>>>>>>>>>>>>>>>>>>>>>>>>>>>>>>>>>>>>>>>>>>>>>>>>>>>>>>>>>>>>>>>>>>>>>>>>>>>
epoch: 13
loss: 0.2031, acc: 0.9062
loss: 0.1570, acc: 0.9635
loss: 0.1606, acc: 0.9574
loss: 0.1726, acc: 0.9492
loss: 0.1812, acc: 0.9464
loss: 0.1819, acc: 0.9447
loss: 0.1869, acc: 0.9425
loss: 0.1843, acc: 0.9418
loss: 0.1794, acc: 0.9451
loss: 0.1790, acc: 0.9470
loss: 0.1876, acc: 0.9400
loss: 0.1857, acc: 0.9414
loss: 0.1854, acc: 0.9416
loss: 0.1890, acc: 0.9394
loss: 0.1933, acc: 0.9379
loss: 0.1932, acc: 0.9379
loss: 0.1946, acc: 0.9363
loss: 0.1929, acc: 0.9368
loss: 0.1945, acc: 0.9361
loss: 0.1909, acc: 0.9382
loss: 0.1917, acc: 0.9384
loss: 0.1932, acc: 0.9369
loss: 0.1943, acc: 0.9352
> val_acc: 0.7768, val_f1: 0.6367
>>>>>>>>>>>>>>>>>>>>>>>>>>>>>>>>>>>>>>>>>>>>>>>>>>>>>>>>>>>>>>>>>>>>>>>>>>>>>>>>>>>>>>>>>>>>>>>>>>>>
epoch: 14
loss: 0.1266, acc: 0.9688
loss: 0.1353, acc: 0.9688
loss: 0.1480, acc: 0.9639
loss: 0.1679, acc: 0.9531
loss: 0.1675, acc: 0.9524
loss: 0.1654, acc: 0.9531
loss: 0.1626, acc: 0.9527
loss: 0.1597, acc: 0.9556
loss: 0.1597, acc: 0.9542
loss: 0.1620, acc: 0.9525
loss: 0.1642, acc: 0.9522
loss: 0.1642, acc: 0.9515
loss: 0.1672, acc: 0.9499
loss: 0.1704, acc: 0.9485
loss: 0.1676, acc: 0.9499
loss: 0.1713, acc: 0.9495
loss: 0.1710, acc: 0.9480
loss: 0.1703, acc: 0.9471
loss: 0.1708, acc: 0.9472
loss: 0.1707, acc: 0.9480
loss: 0.1711, acc: 0.9475
loss: 0.1732, acc: 0.9465
loss: 0.1720, acc: 0.9465
> val_acc: 0.7741, val_f1: 0.6216
>>>>>>>>>>>>>>>>>>>>>>>>>>>>>>>>>>>>>>>>>>>>>>>>>>>>>>>>>>>>>>>>>>>>>>>>>>>>>>>>>>>>>>>>>>>>>>>>>>>>
epoch: 15
loss: 0.1320, acc: 0.9625
loss: 0.1321, acc: 0.9688
loss: 0.1423, acc: 0.9688
loss: 0.1341, acc: 0.9719
loss: 0.1456, acc: 0.9650
loss: 0.1491, acc: 0.9635
loss: 0.1484, acc: 0.9616
loss: 0.1517, acc: 0.9602
loss: 0.1472, acc: 0.9618
loss: 0.1529, acc: 0.9594
loss: 0.1563, acc: 0.9568
loss: 0.1586, acc: 0.9568
loss: 0.1578, acc: 0.9567
loss: 0.1596, acc: 0.9554
loss: 0.1613, acc: 0.9529
loss: 0.1649, acc: 0.9500
loss: 0.1646, acc: 0.9500
loss: 0.1639, acc: 0.9497
loss: 0.1633, acc: 0.9493
loss: 0.1641, acc: 0.9487
loss: 0.1651, acc: 0.9479
loss: 0.1674, acc: 0.9463
> val_acc: 0.7750, val_f1: 0.6370
>>>>>>>>>>>>>>>>>>>>>>>>>>>>>>>>>>>>>>>>>>>>>>>>>>>>>>>>>>>>>>>>>>>>>>>>>>>>>>>>>>>>>>>>>>>>>>>>>>>>
epoch: 16
loss: 0.1419, acc: 0.9688
loss: 0.1635, acc: 0.9464
loss: 0.1665, acc: 0.9479
loss: 0.1638, acc: 0.9504
loss: 0.1602, acc: 0.9545
loss: 0.1615, acc: 0.9549
loss: 0.1605, acc: 0.9531
loss: 0.1553, acc: 0.9561
loss: 0.1570, acc: 0.9539
loss: 0.1606, acc: 0.9515
loss: 0.1601, acc: 0.9507
loss: 0.1611, acc: 0.9501
loss: 0.1602, acc: 0.9501
loss: 0.1636, acc: 0.9482
loss: 0.1626, acc: 0.9492
loss: 0.1611, acc: 0.9489
loss: 0.1604, acc: 0.9489
loss: 0.1664, acc: 0.9472
loss: 0.1672, acc: 0.9470
loss: 0.1666, acc: 0.9481
loss: 0.1675, acc: 0.9470
loss: 0.1666, acc: 0.9474
loss: 0.1674, acc: 0.9459
> val_acc: 0.7804, val_f1: 0.6489
>>>>>>>>>>>>>>>>>>>>>>>>>>>>>>>>>>>>>>>>>>>>>>>>>>>>>>>>>>>>>>>>>>>>>>>>>>>>>>>>>>>>>>>>>>>>>>>>>>>>
epoch: 17
loss: 0.1257, acc: 0.9766
loss: 0.1530, acc: 0.9688
loss: 0.1537, acc: 0.9665
loss: 0.1543, acc: 0.9638
loss: 0.1552, acc: 0.9622
loss: 0.1507, acc: 0.9634
loss: 0.1502, acc: 0.9614
loss: 0.1480, acc: 0.9631
loss: 0.1436, acc: 0.9645
loss: 0.1418, acc: 0.9643
loss: 0.1388, acc: 0.9659
loss: 0.1433, acc: 0.9635
loss: 0.1455, acc: 0.9629
loss: 0.1468, acc: 0.9620
loss: 0.1462, acc: 0.9624
loss: 0.1493, acc: 0.9597
loss: 0.1507, acc: 0.9591
loss: 0.1518, acc: 0.9575
loss: 0.1512, acc: 0.9571
loss: 0.1524, acc: 0.9564
loss: 0.1530, acc: 0.9552
loss: 0.1535, acc: 0.9550
> val_acc: 0.7750, val_f1: 0.6477
>>>>>>>>>>>>>>>>>>>>>>>>>>>>>>>>>>>>>>>>>>>>>>>>>>>>>>>>>>>>>>>>>>>>>>>>>>>>>>>>>>>>>>>>>>>>>>>>>>>>
epoch: 18
loss: 0.2097, acc: 0.9062
loss: 0.1357, acc: 0.9583
loss: 0.1552, acc: 0.9517
loss: 0.1560, acc: 0.9492
loss: 0.1556, acc: 0.9509
loss: 0.1490, acc: 0.9579
loss: 0.1437, acc: 0.9607
loss: 0.1409, acc: 0.9609
loss: 0.1438, acc: 0.9604
loss: 0.1429, acc: 0.9613
loss: 0.1446, acc: 0.9602
loss: 0.1437, acc: 0.9593
loss: 0.1449, acc: 0.9585
loss: 0.1449, acc: 0.9583
loss: 0.1479, acc: 0.9564
loss: 0.1464, acc: 0.9572
loss: 0.1461, acc: 0.9583
loss: 0.1465, acc: 0.9589
loss: 0.1462, acc: 0.9595
loss: 0.1466, acc: 0.9590
loss: 0.1474, acc: 0.9585
loss: 0.1464, acc: 0.9593
loss: 0.1466, acc: 0.9592
> val_acc: 0.7759, val_f1: 0.6301
>>>>>>>>>>>>>>>>>>>>>>>>>>>>>>>>>>>>>>>>>>>>>>>>>>>>>>>>>>>>>>>>>>>>>>>>>>>>>>>>>>>>>>>>>>>>>>>>>>>>
epoch: 19
loss: 0.1061, acc: 0.9792
loss: 0.1064, acc: 0.9727
loss: 0.1307, acc: 0.9639
loss: 0.1296, acc: 0.9635
loss: 0.1350, acc: 0.9579
loss: 0.1333, acc: 0.9598
loss: 0.1264, acc: 0.9621
loss: 0.1283, acc: 0.9597
loss: 0.1309, acc: 0.9593
loss: 0.1312, acc: 0.9583
loss: 0.1382, acc: 0.9552
loss: 0.1436, acc: 0.9537
loss: 0.1421, acc: 0.9539
loss: 0.1432, acc: 0.9531
loss: 0.1431, acc: 0.9521
loss: 0.1424, acc: 0.9523
loss: 0.1431, acc: 0.9533
loss: 0.1442, acc: 0.9524
loss: 0.1465, acc: 0.9513
loss: 0.1466, acc: 0.9512
loss: 0.1467, acc: 0.9515
loss: 0.1463, acc: 0.9523
loss: 0.1491, acc: 0.9507
> val_acc: 0.7759, val_f1: 0.6367
>>>>>>>>>>>>>>>>>>>>>>>>>>>>>>>>>>>>>>>>>>>>>>>>>>>>>>>>>>>>>>>>>>>>>>>>>>>>>>>>>>>>>>>>>>>>>>>>>>>>
epoch: 20
loss: 0.1181, acc: 0.9750
loss: 0.1260, acc: 0.9656
loss: 0.1245, acc: 0.9688
loss: 0.1137, acc: 0.9719
loss: 0.1141, acc: 0.9712
loss: 0.1154, acc: 0.9708
loss: 0.1160, acc: 0.9696
loss: 0.1224, acc: 0.9664
loss: 0.1272, acc: 0.9632
loss: 0.1337, acc: 0.9594
loss: 0.1364, acc: 0.9585
loss: 0.1355, acc: 0.9589
loss: 0.1382, acc: 0.9563
loss: 0.1385, acc: 0.9567
loss: 0.1401, acc: 0.9563
loss: 0.1395, acc: 0.9570
loss: 0.1379, acc: 0.9574
loss: 0.1384, acc: 0.9576
loss: 0.1372, acc: 0.9576
loss: 0.1389, acc: 0.9559
loss: 0.1386, acc: 0.9560
loss: 0.1388, acc: 0.9563
> val_acc: 0.7723, val_f1: 0.6292
>>>>>>>>>>>>>>>>>>>>>>>>>>>>>>>>>>>>>>>>>>>>>>>>>>>>>>>>>>>>>>>>>>>>>>>>>>>>>>>>>>>>>>>>>>>>>>>>>>>>
epoch: 21
loss: 0.1923, acc: 0.9062
loss: 0.1329, acc: 0.9598
loss: 0.1433, acc: 0.9531
loss: 0.1355, acc: 0.9596
loss: 0.1441, acc: 0.9531
loss: 0.1450, acc: 0.9525
loss: 0.1406, acc: 0.9561
loss: 0.1412, acc: 0.9561
loss: 0.1426, acc: 0.9568
loss: 0.1438, acc: 0.9574
loss: 0.1413, acc: 0.9585
loss: 0.1388, acc: 0.9594
loss: 0.1410, acc: 0.9587
loss: 0.1421, acc: 0.9590
loss: 0.1417, acc: 0.9583
loss: 0.1403, acc: 0.9586
loss: 0.1410, acc: 0.9577
loss: 0.1404, acc: 0.9576
loss: 0.1398, acc: 0.9572
loss: 0.1409, acc: 0.9559
loss: 0.1388, acc: 0.9565
loss: 0.1389, acc: 0.9568
loss: 0.1372, acc: 0.9570
> val_acc: 0.7741, val_f1: 0.6307
>>>>>>>>>>>>>>>>>>>>>>>>>>>>>>>>>>>>>>>>>>>>>>>>>>>>>>>>>>>>>>>>>>>>>>>>>>>>>>>>>>>>>>>>>>>>>>>>>>>>
epoch: 22
loss: 0.1440, acc: 0.9688
loss: 0.1278, acc: 0.9653
loss: 0.1311, acc: 0.9576
loss: 0.1251, acc: 0.9605
loss: 0.1295, acc: 0.9596
loss: 0.1250, acc: 0.9612
loss: 0.1255, acc: 0.9605
loss: 0.1259, acc: 0.9591
loss: 0.1262, acc: 0.9581
loss: 0.1253, acc: 0.9579
loss: 0.1268, acc: 0.9583
loss: 0.1282, acc: 0.9576
loss: 0.1282, acc: 0.9575
loss: 0.1284, acc: 0.9579
loss: 0.1292, acc: 0.9578
loss: 0.1305, acc: 0.9581
loss: 0.1296, acc: 0.9587
loss: 0.1301, acc: 0.9593
loss: 0.1313, acc: 0.9588
loss: 0.1310, acc: 0.9586
loss: 0.1297, acc: 0.9591
loss: 0.1298, acc: 0.9590
> val_acc: 0.7714, val_f1: 0.6343
>>>>>>>>>>>>>>>>>>>>>>>>>>>>>>>>>>>>>>>>>>>>>>>>>>>>>>>>>>>>>>>>>>>>>>>>>>>>>>>>>>>>>>>>>>>>>>>>>>>>
epoch: 23
loss: 0.0947, acc: 0.9688
loss: 0.1439, acc: 0.9583
loss: 0.1312, acc: 0.9631
loss: 0.1205, acc: 0.9648
loss: 0.1160, acc: 0.9673
loss: 0.1110, acc: 0.9712
loss: 0.1179, acc: 0.9657
loss: 0.1178, acc: 0.9670
loss: 0.1204, acc: 0.9657
loss: 0.1191, acc: 0.9647
loss: 0.1230, acc: 0.9614
loss: 0.1237, acc: 0.9626
loss: 0.1209, acc: 0.9641
loss: 0.1219, acc: 0.9650
loss: 0.1243, acc: 0.9639
loss: 0.1241, acc: 0.9642
loss: 0.1269, acc: 0.9637
loss: 0.1288, acc: 0.9629
loss: 0.1298, acc: 0.9615
loss: 0.1284, acc: 0.9626
loss: 0.1314, acc: 0.9604
loss: 0.1304, acc: 0.9602
loss: 0.1310, acc: 0.9600
> val_acc: 0.7705, val_f1: 0.6139
>>>>>>>>>>>>>>>>>>>>>>>>>>>>>>>>>>>>>>>>>>>>>>>>>>>>>>>>>>>>>>>>>>>>>>>>>>>>>>>>>>>>>>>>>>>>>>>>>>>>
epoch: 24
loss: 0.0700, acc: 0.9896
loss: 0.0928, acc: 0.9805
loss: 0.0957, acc: 0.9808
loss: 0.1095, acc: 0.9774
loss: 0.1092, acc: 0.9769
loss: 0.1157, acc: 0.9743
loss: 0.1223, acc: 0.9697
loss: 0.1164, acc: 0.9720
loss: 0.1163, acc: 0.9709
loss: 0.1159, acc: 0.9688
loss: 0.1149, acc: 0.9688
loss: 0.1147, acc: 0.9677
loss: 0.1151, acc: 0.9673
loss: 0.1144, acc: 0.9674
loss: 0.1177, acc: 0.9666
loss: 0.1185, acc: 0.9663
loss: 0.1198, acc: 0.9650
loss: 0.1213, acc: 0.9638
loss: 0.1193, acc: 0.9654
loss: 0.1200, acc: 0.9649
loss: 0.1187, acc: 0.9654
loss: 0.1195, acc: 0.9644
loss: 0.1196, acc: 0.9637
> val_acc: 0.7759, val_f1: 0.6328
>>>>>>>>>>>>>>>>>>>>>>>>>>>>>>>>>>>>>>>>>>>>>>>>>>>>>>>>>>>>>>>>>>>>>>>>>>>>>>>>>>>>>>>>>>>>>>>>>>>>
epoch: 25
loss: 0.1185, acc: 0.9688
loss: 0.1153, acc: 0.9656
loss: 0.1164, acc: 0.9667
loss: 0.1156, acc: 0.9688
loss: 0.1184, acc: 0.9688
loss: 0.1191, acc: 0.9688
loss: 0.1189, acc: 0.9679
loss: 0.1206, acc: 0.9664
loss: 0.1222, acc: 0.9660
loss: 0.1240, acc: 0.9637
loss: 0.1234, acc: 0.9659
loss: 0.1234, acc: 0.9661
loss: 0.1219, acc: 0.9668
loss: 0.1189, acc: 0.9679
loss: 0.1200, acc: 0.9667
loss: 0.1208, acc: 0.9664
loss: 0.1200, acc: 0.9654
loss: 0.1230, acc: 0.9646
loss: 0.1219, acc: 0.9648
loss: 0.1237, acc: 0.9641
loss: 0.1223, acc: 0.9646
loss: 0.1218, acc: 0.9651
> val_acc: 0.7679, val_f1: 0.6160
>>>>>>>>>>>>>>>>>>>>>>>>>>>>>>>>>>>>>>>>>>>>>>>>>>>>>>>>>>>>>>>>>>>>>>>>>>>>>>>>>>>>>>>>>>>>>>>>>>>>
epoch: 26
loss: 0.0797, acc: 1.0000
loss: 0.0823, acc: 0.9911
loss: 0.0872, acc: 0.9844
loss: 0.0882, acc: 0.9853
loss: 0.0885, acc: 0.9830
loss: 0.0926, acc: 0.9815
loss: 0.0968, acc: 0.9785
loss: 0.0941, acc: 0.9797
loss: 0.0928, acc: 0.9799
loss: 0.0960, acc: 0.9781
loss: 0.0975, acc: 0.9766
loss: 0.0977, acc: 0.9753
loss: 0.0994, acc: 0.9743
loss: 0.1079, acc: 0.9711
loss: 0.1089, acc: 0.9705
loss: 0.1102, acc: 0.9700
loss: 0.1119, acc: 0.9688
loss: 0.1101, acc: 0.9698
loss: 0.1120, acc: 0.9691
loss: 0.1120, acc: 0.9688
loss: 0.1125, acc: 0.9688
loss: 0.1149, acc: 0.9673
loss: 0.1170, acc: 0.9668
> val_acc: 0.7777, val_f1: 0.6385
>>>>>>>>>>>>>>>>>>>>>>>>>>>>>>>>>>>>>>>>>>>>>>>>>>>>>>>>>>>>>>>>>>>>>>>>>>>>>>>>>>>>>>>>>>>>>>>>>>>>
epoch: 27
loss: 0.1298, acc: 0.9609
loss: 0.1050, acc: 0.9792
loss: 0.1010, acc: 0.9799
loss: 0.0968, acc: 0.9803
loss: 0.1002, acc: 0.9753
loss: 0.0980, acc: 0.9752
loss: 0.0937, acc: 0.9770
loss: 0.0952, acc: 0.9760
loss: 0.0978, acc: 0.9759
loss: 0.1021, acc: 0.9726
loss: 0.1025, acc: 0.9716
loss: 0.1032, acc: 0.9709
loss: 0.1031, acc: 0.9712
loss: 0.1062, acc: 0.9688
loss: 0.1063, acc: 0.9692
loss: 0.1066, acc: 0.9691
loss: 0.1067, acc: 0.9688
loss: 0.1085, acc: 0.9677
loss: 0.1086, acc: 0.9681
loss: 0.1104, acc: 0.9675
loss: 0.1109, acc: 0.9666
loss: 0.1119, acc: 0.9656
> val_acc: 0.7732, val_f1: 0.6270
>>>>>>>>>>>>>>>>>>>>>>>>>>>>>>>>>>>>>>>>>>>>>>>>>>>>>>>>>>>>>>>>>>>>>>>>>>>>>>>>>>>>>>>>>>>>>>>>>>>>
epoch: 28
loss: 0.0912, acc: 0.9688
loss: 0.0895, acc: 0.9740
loss: 0.0971, acc: 0.9744
loss: 0.0910, acc: 0.9766
loss: 0.0915, acc: 0.9762
loss: 0.0981, acc: 0.9736
loss: 0.0947, acc: 0.9768
loss: 0.0939, acc: 0.9783
loss: 0.0932, acc: 0.9771
loss: 0.0964, acc: 0.9749
loss: 0.1001, acc: 0.9724
loss: 0.1001, acc: 0.9715
loss: 0.1013, acc: 0.9708
loss: 0.1024, acc: 0.9711
loss: 0.1045, acc: 0.9705
loss: 0.1038, acc: 0.9704
loss: 0.1035, acc: 0.9703
loss: 0.1044, acc: 0.9695
loss: 0.1033, acc: 0.9708
loss: 0.1051, acc: 0.9701
loss: 0.1073, acc: 0.9694
loss: 0.1090, acc: 0.9685
loss: 0.1101, acc: 0.9671
> val_acc: 0.7723, val_f1: 0.6350
>>>>>>>>>>>>>>>>>>>>>>>>>>>>>>>>>>>>>>>>>>>>>>>>>>>>>>>>>>>>>>>>>>>>>>>>>>>>>>>>>>>>>>>>>>>>>>>>>>>>
epoch: 29
loss: 0.0950, acc: 0.9688
loss: 0.0876, acc: 0.9727
loss: 0.0917, acc: 0.9712
loss: 0.0984, acc: 0.9688
loss: 0.1008, acc: 0.9688
loss: 0.1022, acc: 0.9688
loss: 0.1035, acc: 0.9688
loss: 0.1046, acc: 0.9679
loss: 0.1058, acc: 0.9673
loss: 0.1047, acc: 0.9681
loss: 0.1042, acc: 0.9682
loss: 0.1011, acc: 0.9698
loss: 0.0992, acc: 0.9702
loss: 0.0998, acc: 0.9710
loss: 0.0993, acc: 0.9717
loss: 0.1032, acc: 0.9700
loss: 0.1014, acc: 0.9703
loss: 0.1038, acc: 0.9691
loss: 0.1033, acc: 0.9691
loss: 0.1055, acc: 0.9681
loss: 0.1057, acc: 0.9684
loss: 0.1061, acc: 0.9685
loss: 0.1075, acc: 0.9676
> val_acc: 0.7696, val_f1: 0.6251
>> test_acc: 0.7875, test_f1: 0.6747
