cuda memory allocated: 8912384
n_trainable_params: 903403, n_nontrainable_params: 1323600
> training arguments:
>>> model_name: gc_ian
>>> dataset: restaurant
>>> optimizer: <class 'torch.optim.adagrad.Adagrad'>
>>> initializer: <function xavier_uniform_ at 0x000002201F3E7620>
>>> learning_rate: 0.01
>>> momentum: 0.95
>>> dropout: 0.5
>>> l2reg: 5e-05
>>> num_epoch: 30
>>> batch_size: 32
>>> log_step: 5
>>> embed_dim: 300
>>> hidden_dim: 300
>>> bert_dim: 768
>>> pretrained_bert_name: bert-base-uncased
>>> max_seq_len: 80
>>> polarities_dim: 3
>>> hops: 3
>>> device: cuda
>>> seed: 10
>>> valset_ratio: 0
>>> num_layers: 1
>>> in_channels: 100
>>> out_channels: 1
>>> downbot: 20
>>> kernel_size: 3
>>> glove_path: ./glove/glove.840B.300d.txt
>>> model_class: <class 'models.gc_ian.GC_IAN'>
>>> dataset_file: {'train': './datasets/semeval14/Restaurants_Train.xml.seg', 'test': './datasets/semeval14/Restaurants_Test_Gold.xml.seg'}
>>> inputs_cols: ['text_raw_indices', 'aspect_indices']
>>>>>>>>>>>>>>>>>>>>>>>>>>>>>>>>>>>>>>>>>>>>>>>>>>>>>>>>>>>>>>>>>>>>>>>>>>>>>>>>>>>>>>>>>>>>>>>>>>>>
epoch: 0
cuda memory allocated: 8914944
n_trainable_params: 904003, n_nontrainable_params: 1323600
> training arguments:
>>> model_name: gc_ian
>>> dataset: restaurant
>>> optimizer: <class 'torch.optim.adagrad.Adagrad'>
>>> initializer: <function xavier_uniform_ at 0x000001E882737620>
>>> learning_rate: 0.01
>>> momentum: 0.95
>>> dropout: 0.5
>>> l2reg: 5e-05
>>> num_epoch: 30
>>> batch_size: 32
>>> log_step: 5
>>> embed_dim: 300
>>> hidden_dim: 300
>>> bert_dim: 768
>>> pretrained_bert_name: bert-base-uncased
>>> max_seq_len: 80
>>> polarities_dim: 3
>>> hops: 3
>>> device: cuda
>>> seed: 10
>>> valset_ratio: 0
>>> num_layers: 1
>>> in_channels: 100
>>> out_channels: 1
>>> downbot: 20
>>> kernel_size: 3
>>> glove_path: ./glove/glove.840B.300d.txt
>>> model_class: <class 'models.gc_ian.GC_IAN'>
>>> dataset_file: {'train': './datasets/semeval14/Restaurants_Train.xml.seg', 'test': './datasets/semeval14/Restaurants_Test_Gold.xml.seg'}
>>> inputs_cols: ['text_raw_indices', 'aspect_indices']
>>>>>>>>>>>>>>>>>>>>>>>>>>>>>>>>>>>>>>>>>>>>>>>>>>>>>>>>>>>>>>>>>>>>>>>>>>>>>>>>>>>>>>>>>>>>>>>>>>>>
epoch: 0
loss: 1.2342, acc: 0.5375
loss: 1.0947, acc: 0.5625
loss: 1.0603, acc: 0.5750
loss: 1.0022, acc: 0.5969
loss: 1.0043, acc: 0.5825
loss: 0.9894, acc: 0.5781
loss: 0.9613, acc: 0.5929
loss: 0.9630, acc: 0.5922
loss: 0.9531, acc: 0.5951
loss: 0.9465, acc: 0.5931
loss: 0.9444, acc: 0.5909
loss: 0.9380, acc: 0.5896
loss: 0.9215, acc: 0.5966
loss: 0.9189, acc: 0.5987
loss: 0.9142, acc: 0.6021
loss: 0.9047, acc: 0.6090
loss: 0.9050, acc: 0.6081
loss: 0.9028, acc: 0.6097
loss: 0.8984, acc: 0.6112
loss: 0.8947, acc: 0.6109
loss: 0.8882, acc: 0.6152
loss: 0.8807, acc: 0.6182
> val_acc: 0.6973, val_f1: 0.4459
>> saved: state_dict/gc_ian_restaurant_val_acc0.6973
>>>>>>>>>>>>>>>>>>>>>>>>>>>>>>>>>>>>>>>>>>>>>>>>>>>>>>>>>>>>>>>>>>>>>>>>>>>>>>>>>>>>>>>>>>>>>>>>>>>>
epoch: 1
loss: 0.7055, acc: 0.6875
loss: 0.6692, acc: 0.7455
loss: 0.6541, acc: 0.7552
loss: 0.6385, acc: 0.7555
loss: 0.6419, acc: 0.7543
loss: 0.6424, acc: 0.7569
loss: 0.6449, acc: 0.7559
loss: 0.6479, acc: 0.7576
loss: 0.6528, acc: 0.7515
loss: 0.6532, acc: 0.7487
loss: 0.6602, acc: 0.7404
loss: 0.6490, acc: 0.7456
loss: 0.6485, acc: 0.7480
loss: 0.6421, acc: 0.7528
loss: 0.6463, acc: 0.7478
loss: 0.6428, acc: 0.7468
loss: 0.6424, acc: 0.7454
loss: 0.6365, acc: 0.7486
loss: 0.6337, acc: 0.7500
loss: 0.6353, acc: 0.7490
loss: 0.6300, acc: 0.7521
loss: 0.6275, acc: 0.7535
loss: 0.6244, acc: 0.7536
> val_acc: 0.7143, val_f1: 0.4894
>> saved: state_dict/gc_ian_restaurant_val_acc0.7143
>>>>>>>>>>>>>>>>>>>>>>>>>>>>>>>>>>>>>>>>>>>>>>>>>>>>>>>>>>>>>>>>>>>>>>>>>>>>>>>>>>>>>>>>>>>>>>>>>>>>
epoch: 2
loss: 0.4522, acc: 0.8594
loss: 0.4840, acc: 0.8229
loss: 0.4941, acc: 0.8259
loss: 0.4819, acc: 0.8289
loss: 0.4743, acc: 0.8359
loss: 0.4755, acc: 0.8394
loss: 0.4731, acc: 0.8382
loss: 0.4778, acc: 0.8341
loss: 0.4821, acc: 0.8295
loss: 0.4820, acc: 0.8265
loss: 0.4827, acc: 0.8241
loss: 0.4809, acc: 0.8242
loss: 0.4763, acc: 0.8281
loss: 0.4812, acc: 0.8270
loss: 0.4823, acc: 0.8256
loss: 0.4849, acc: 0.8228
loss: 0.4775, acc: 0.8255
loss: 0.4762, acc: 0.8248
loss: 0.4760, acc: 0.8231
loss: 0.4783, acc: 0.8220
loss: 0.4718, acc: 0.8257
loss: 0.4715, acc: 0.8248
> val_acc: 0.7402, val_f1: 0.5798
>> saved: state_dict/gc_ian_restaurant_val_acc0.7402
>>>>>>>>>>>>>>>>>>>>>>>>>>>>>>>>>>>>>>>>>>>>>>>>>>>>>>>>>>>>>>>>>>>>>>>>>>>>>>>>>>>>>>>>>>>>>>>>>>>>
epoch: 3
loss: 0.2491, acc: 0.9375
loss: 0.3281, acc: 0.8958
loss: 0.3543, acc: 0.8778
loss: 0.3560, acc: 0.8809
loss: 0.3574, acc: 0.8765
loss: 0.3674, acc: 0.8702
loss: 0.3685, acc: 0.8700
loss: 0.3787, acc: 0.8620
loss: 0.3924, acc: 0.8544
loss: 0.3926, acc: 0.8519
loss: 0.3908, acc: 0.8548
loss: 0.3872, acc: 0.8577
loss: 0.3872, acc: 0.8571
loss: 0.3827, acc: 0.8598
loss: 0.3800, acc: 0.8600
loss: 0.3765, acc: 0.8618
loss: 0.3718, acc: 0.8661
loss: 0.3700, acc: 0.8659
loss: 0.3756, acc: 0.8613
loss: 0.3772, acc: 0.8604
loss: 0.3774, acc: 0.8608
loss: 0.3721, acc: 0.8623
loss: 0.3725, acc: 0.8629
> val_acc: 0.7429, val_f1: 0.5835
>> saved: state_dict/gc_ian_restaurant_val_acc0.7429
>>>>>>>>>>>>>>>>>>>>>>>>>>>>>>>>>>>>>>>>>>>>>>>>>>>>>>>>>>>>>>>>>>>>>>>>>>>>>>>>>>>>>>>>>>>>>>>>>>>>
epoch: 4
loss: 0.3163, acc: 0.9062
loss: 0.3010, acc: 0.8867
loss: 0.2872, acc: 0.9014
loss: 0.2803, acc: 0.9062
loss: 0.2835, acc: 0.9022
loss: 0.2869, acc: 0.9007
loss: 0.3001, acc: 0.8939
loss: 0.2928, acc: 0.8980
loss: 0.2849, acc: 0.9019
loss: 0.2870, acc: 0.9023
loss: 0.2906, acc: 0.8992
loss: 0.2942, acc: 0.8998
loss: 0.2999, acc: 0.8968
loss: 0.3000, acc: 0.8971
loss: 0.2981, acc: 0.8968
loss: 0.2946, acc: 0.8990
loss: 0.2945, acc: 0.8983
loss: 0.2938, acc: 0.8974
loss: 0.2953, acc: 0.8975
loss: 0.2993, acc: 0.8945
loss: 0.3005, acc: 0.8929
loss: 0.3002, acc: 0.8935
loss: 0.2991, acc: 0.8938
> val_acc: 0.7402, val_f1: 0.5820
>>>>>>>>>>>>>>>>>>>>>>>>>>>>>>>>>>>>>>>>>>>>>>>>>>>>>>>>>>>>>>>>>>>>>>>>>>>>>>>>>>>>>>>>>>>>>>>>>>>>
epoch: 5
loss: 0.2245, acc: 0.9375
loss: 0.1927, acc: 0.9594
loss: 0.2159, acc: 0.9396
loss: 0.2319, acc: 0.9359
loss: 0.2354, acc: 0.9325
loss: 0.2367, acc: 0.9323
loss: 0.2337, acc: 0.9348
loss: 0.2298, acc: 0.9359
loss: 0.2283, acc: 0.9361
loss: 0.2353, acc: 0.9287
loss: 0.2385, acc: 0.9250
loss: 0.2381, acc: 0.9260
loss: 0.2369, acc: 0.9284
loss: 0.2385, acc: 0.9272
loss: 0.2406, acc: 0.9263
loss: 0.2388, acc: 0.9258
loss: 0.2400, acc: 0.9243
loss: 0.2388, acc: 0.9250
loss: 0.2402, acc: 0.9237
loss: 0.2409, acc: 0.9244
loss: 0.2430, acc: 0.9250
loss: 0.2429, acc: 0.9247
> val_acc: 0.7482, val_f1: 0.6034
>> saved: state_dict/gc_ian_restaurant_val_acc0.7482
>>>>>>>>>>>>>>>>>>>>>>>>>>>>>>>>>>>>>>>>>>>>>>>>>>>>>>>>>>>>>>>>>>>>>>>>>>>>>>>>>>>>>>>>>>>>>>>>>>>>
epoch: 6
loss: 0.1837, acc: 0.9531
loss: 0.2241, acc: 0.9330
loss: 0.1892, acc: 0.9583
loss: 0.1843, acc: 0.9651
loss: 0.1929, acc: 0.9574
loss: 0.2067, acc: 0.9468
loss: 0.2113, acc: 0.9443
loss: 0.2115, acc: 0.9459
loss: 0.2120, acc: 0.9457
loss: 0.2065, acc: 0.9468
loss: 0.2046, acc: 0.9477
loss: 0.2055, acc: 0.9452
loss: 0.2064, acc: 0.9446
loss: 0.2043, acc: 0.9454
loss: 0.2033, acc: 0.9444
loss: 0.2029, acc: 0.9440
loss: 0.2040, acc: 0.9428
loss: 0.2030, acc: 0.9415
loss: 0.2070, acc: 0.9399
loss: 0.2081, acc: 0.9394
loss: 0.2073, acc: 0.9400
loss: 0.2089, acc: 0.9381
loss: 0.2085, acc: 0.9389
> val_acc: 0.7473, val_f1: 0.5973
>>>>>>>>>>>>>>>>>>>>>>>>>>>>>>>>>>>>>>>>>>>>>>>>>>>>>>>>>>>>>>>>>>>>>>>>>>>>>>>>>>>>>>>>>>>>>>>>>>>>
epoch: 7
loss: 0.2046, acc: 0.9453
loss: 0.1839, acc: 0.9514
loss: 0.1938, acc: 0.9375
loss: 0.1852, acc: 0.9441
loss: 0.1898, acc: 0.9388
loss: 0.1905, acc: 0.9407
loss: 0.1890, acc: 0.9439
loss: 0.1861, acc: 0.9439
loss: 0.1817, acc: 0.9467
loss: 0.1846, acc: 0.9445
loss: 0.1870, acc: 0.9427
loss: 0.1828, acc: 0.9449
loss: 0.1828, acc: 0.9453
loss: 0.1807, acc: 0.9475
loss: 0.1822, acc: 0.9468
loss: 0.1820, acc: 0.9474
loss: 0.1814, acc: 0.9475
loss: 0.1811, acc: 0.9477
loss: 0.1799, acc: 0.9485
loss: 0.1823, acc: 0.9470
loss: 0.1824, acc: 0.9471
loss: 0.1830, acc: 0.9467
> val_acc: 0.7509, val_f1: 0.5977
>> saved: state_dict/gc_ian_restaurant_val_acc0.7509
>>>>>>>>>>>>>>>>>>>>>>>>>>>>>>>>>>>>>>>>>>>>>>>>>>>>>>>>>>>>>>>>>>>>>>>>>>>>>>>>>>>>>>>>>>>>>>>>>>>>
epoch: 8
loss: 0.1204, acc: 0.9688
loss: 0.1518, acc: 0.9583
loss: 0.1447, acc: 0.9574
loss: 0.1596, acc: 0.9531
loss: 0.1522, acc: 0.9583
loss: 0.1471, acc: 0.9579
loss: 0.1497, acc: 0.9577
loss: 0.1477, acc: 0.9592
loss: 0.1495, acc: 0.9581
loss: 0.1522, acc: 0.9592
loss: 0.1517, acc: 0.9589
loss: 0.1573, acc: 0.9548
loss: 0.1544, acc: 0.9575
loss: 0.1554, acc: 0.9564
loss: 0.1540, acc: 0.9573
loss: 0.1531, acc: 0.9585
loss: 0.1578, acc: 0.9564
loss: 0.1605, acc: 0.9546
loss: 0.1578, acc: 0.9567
loss: 0.1584, acc: 0.9564
loss: 0.1607, acc: 0.9548
loss: 0.1596, acc: 0.9555
loss: 0.1604, acc: 0.9544
> val_acc: 0.7402, val_f1: 0.5956
>>>>>>>>>>>>>>>>>>>>>>>>>>>>>>>>>>>>>>>>>>>>>>>>>>>>>>>>>>>>>>>>>>>>>>>>>>>>>>>>>>>>>>>>>>>>>>>>>>>>
epoch: 9
loss: 0.1511, acc: 0.9688
loss: 0.1306, acc: 0.9648
loss: 0.1297, acc: 0.9688
loss: 0.1223, acc: 0.9722
loss: 0.1167, acc: 0.9742
loss: 0.1154, acc: 0.9743
loss: 0.1184, acc: 0.9735
loss: 0.1205, acc: 0.9737
loss: 0.1204, acc: 0.9731
loss: 0.1217, acc: 0.9714
loss: 0.1210, acc: 0.9705
loss: 0.1216, acc: 0.9693
loss: 0.1251, acc: 0.9688
loss: 0.1290, acc: 0.9674
loss: 0.1282, acc: 0.9679
loss: 0.1293, acc: 0.9671
loss: 0.1295, acc: 0.9672
loss: 0.1291, acc: 0.9677
loss: 0.1283, acc: 0.9681
loss: 0.1295, acc: 0.9675
loss: 0.1283, acc: 0.9678
loss: 0.1284, acc: 0.9676
loss: 0.1290, acc: 0.9662
> val_acc: 0.7491, val_f1: 0.6015
>>>>>>>>>>>>>>>>>>>>>>>>>>>>>>>>>>>>>>>>>>>>>>>>>>>>>>>>>>>>>>>>>>>>>>>>>>>>>>>>>>>>>>>>>>>>>>>>>>>>
epoch: 10
loss: 0.1176, acc: 0.9688
loss: 0.1176, acc: 0.9688
loss: 0.1157, acc: 0.9729
loss: 0.1160, acc: 0.9703
loss: 0.1134, acc: 0.9700
loss: 0.1115, acc: 0.9698
loss: 0.1154, acc: 0.9670
loss: 0.1150, acc: 0.9672
loss: 0.1147, acc: 0.9667
loss: 0.1134, acc: 0.9688
loss: 0.1123, acc: 0.9693
loss: 0.1177, acc: 0.9661
loss: 0.1205, acc: 0.9654
loss: 0.1197, acc: 0.9661
loss: 0.1208, acc: 0.9654
loss: 0.1190, acc: 0.9668
loss: 0.1191, acc: 0.9673
loss: 0.1189, acc: 0.9674
loss: 0.1167, acc: 0.9688
loss: 0.1182, acc: 0.9681
loss: 0.1203, acc: 0.9673
loss: 0.1218, acc: 0.9665
> val_acc: 0.7464, val_f1: 0.5968
>>>>>>>>>>>>>>>>>>>>>>>>>>>>>>>>>>>>>>>>>>>>>>>>>>>>>>>>>>>>>>>>>>>>>>>>>>>>>>>>>>>>>>>>>>>>>>>>>>>>
epoch: 11
loss: 0.1130, acc: 0.9688
loss: 0.0833, acc: 0.9821
loss: 0.0911, acc: 0.9818
loss: 0.0992, acc: 0.9779
loss: 0.1048, acc: 0.9744
loss: 0.1027, acc: 0.9734
loss: 0.1010, acc: 0.9736
loss: 0.1038, acc: 0.9713
loss: 0.1031, acc: 0.9710
loss: 0.1014, acc: 0.9727
loss: 0.1042, acc: 0.9712
loss: 0.1029, acc: 0.9715
loss: 0.1083, acc: 0.9708
loss: 0.1109, acc: 0.9697
loss: 0.1096, acc: 0.9709
loss: 0.1092, acc: 0.9708
loss: 0.1071, acc: 0.9722
loss: 0.1086, acc: 0.9716
loss: 0.1081, acc: 0.9725
loss: 0.1066, acc: 0.9736
loss: 0.1104, acc: 0.9724
loss: 0.1101, acc: 0.9728
loss: 0.1099, acc: 0.9732
> val_acc: 0.7393, val_f1: 0.5792
>>>>>>>>>>>>>>>>>>>>>>>>>>>>>>>>>>>>>>>>>>>>>>>>>>>>>>>>>>>>>>>>>>>>>>>>>>>>>>>>>>>>>>>>>>>>>>>>>>>>
epoch: 12
loss: 0.1110, acc: 0.9609
loss: 0.1051, acc: 0.9722
loss: 0.0977, acc: 0.9754
loss: 0.0999, acc: 0.9720
loss: 0.0955, acc: 0.9740
loss: 0.0996, acc: 0.9720
loss: 0.0972, acc: 0.9743
loss: 0.0929, acc: 0.9760
loss: 0.0902, acc: 0.9780
loss: 0.0909, acc: 0.9777
loss: 0.0918, acc: 0.9780
loss: 0.0918, acc: 0.9788
loss: 0.0911, acc: 0.9785
loss: 0.0918, acc: 0.9787
loss: 0.0917, acc: 0.9785
loss: 0.0930, acc: 0.9778
loss: 0.0921, acc: 0.9781
loss: 0.0953, acc: 0.9758
loss: 0.0943, acc: 0.9767
loss: 0.0951, acc: 0.9763
loss: 0.0961, acc: 0.9760
loss: 0.0965, acc: 0.9765
> val_acc: 0.7473, val_f1: 0.5953
>>>>>>>>>>>>>>>>>>>>>>>>>>>>>>>>>>>>>>>>>>>>>>>>>>>>>>>>>>>>>>>>>>>>>>>>>>>>>>>>>>>>>>>>>>>>>>>>>>>>
epoch: 13
loss: 0.0481, acc: 1.0000
loss: 0.0594, acc: 1.0000
loss: 0.0725, acc: 0.9972
loss: 0.0805, acc: 0.9883
loss: 0.0882, acc: 0.9851
loss: 0.0895, acc: 0.9844
loss: 0.0920, acc: 0.9819
loss: 0.0919, acc: 0.9818
loss: 0.0900, acc: 0.9832
loss: 0.0905, acc: 0.9823
loss: 0.0919, acc: 0.9798
loss: 0.0935, acc: 0.9794
loss: 0.0940, acc: 0.9785
loss: 0.0944, acc: 0.9782
loss: 0.0928, acc: 0.9793
loss: 0.0904, acc: 0.9807
loss: 0.0915, acc: 0.9803
loss: 0.0906, acc: 0.9804
loss: 0.0919, acc: 0.9794
loss: 0.0917, acc: 0.9792
loss: 0.0898, acc: 0.9799
loss: 0.0897, acc: 0.9805
loss: 0.0888, acc: 0.9809
> val_acc: 0.7455, val_f1: 0.5956
>>>>>>>>>>>>>>>>>>>>>>>>>>>>>>>>>>>>>>>>>>>>>>>>>>>>>>>>>>>>>>>>>>>>>>>>>>>>>>>>>>>>>>>>>>>>>>>>>>>>
epoch: 14
loss: 0.0713, acc: 0.9792
loss: 0.0728, acc: 0.9766
loss: 0.0832, acc: 0.9832
loss: 0.0747, acc: 0.9861
loss: 0.0778, acc: 0.9851
loss: 0.0767, acc: 0.9833
loss: 0.0764, acc: 0.9820
loss: 0.0774, acc: 0.9811
loss: 0.0775, acc: 0.9818
loss: 0.0776, acc: 0.9831
loss: 0.0770, acc: 0.9829
loss: 0.0757, acc: 0.9838
loss: 0.0766, acc: 0.9831
loss: 0.0770, acc: 0.9835
loss: 0.0796, acc: 0.9829
loss: 0.0782, acc: 0.9836
loss: 0.0777, acc: 0.9838
loss: 0.0776, acc: 0.9844
loss: 0.0777, acc: 0.9845
loss: 0.0772, acc: 0.9844
loss: 0.0766, acc: 0.9845
loss: 0.0766, acc: 0.9841
loss: 0.0790, acc: 0.9825
> val_acc: 0.7500, val_f1: 0.6073
>>>>>>>>>>>>>>>>>>>>>>>>>>>>>>>>>>>>>>>>>>>>>>>>>>>>>>>>>>>>>>>>>>>>>>>>>>>>>>>>>>>>>>>>>>>>>>>>>>>>
epoch: 15
loss: 0.0704, acc: 0.9812
loss: 0.0767, acc: 0.9844
loss: 0.0746, acc: 0.9833
loss: 0.0664, acc: 0.9875
loss: 0.0720, acc: 0.9850
loss: 0.0737, acc: 0.9844
loss: 0.0725, acc: 0.9857
loss: 0.0749, acc: 0.9844
loss: 0.0729, acc: 0.9854
loss: 0.0700, acc: 0.9869
loss: 0.0680, acc: 0.9875
loss: 0.0671, acc: 0.9885
loss: 0.0674, acc: 0.9885
loss: 0.0693, acc: 0.9884
loss: 0.0709, acc: 0.9879
loss: 0.0714, acc: 0.9879
loss: 0.0713, acc: 0.9871
loss: 0.0715, acc: 0.9868
loss: 0.0705, acc: 0.9875
loss: 0.0694, acc: 0.9881
loss: 0.0704, acc: 0.9869
loss: 0.0715, acc: 0.9864
> val_acc: 0.7464, val_f1: 0.6017
>>>>>>>>>>>>>>>>>>>>>>>>>>>>>>>>>>>>>>>>>>>>>>>>>>>>>>>>>>>>>>>>>>>>>>>>>>>>>>>>>>>>>>>>>>>>>>>>>>>>
epoch: 16
loss: 0.0412, acc: 0.9844
loss: 0.0558, acc: 0.9821
loss: 0.0699, acc: 0.9818
loss: 0.0667, acc: 0.9853
loss: 0.0656, acc: 0.9872
loss: 0.0675, acc: 0.9861
loss: 0.0654, acc: 0.9863
loss: 0.0668, acc: 0.9856
loss: 0.0676, acc: 0.9859
loss: 0.0671, acc: 0.9860
loss: 0.0678, acc: 0.9850
loss: 0.0671, acc: 0.9852
loss: 0.0660, acc: 0.9854
loss: 0.0665, acc: 0.9855
loss: 0.0650, acc: 0.9857
loss: 0.0659, acc: 0.9850
loss: 0.0666, acc: 0.9851
loss: 0.0668, acc: 0.9842
loss: 0.0688, acc: 0.9827
loss: 0.0694, acc: 0.9823
loss: 0.0686, acc: 0.9825
loss: 0.0699, acc: 0.9816
loss: 0.0703, acc: 0.9813
> val_acc: 0.7438, val_f1: 0.5968
>>>>>>>>>>>>>>>>>>>>>>>>>>>>>>>>>>>>>>>>>>>>>>>>>>>>>>>>>>>>>>>>>>>>>>>>>>>>>>>>>>>>>>>>>>>>>>>>>>>>
epoch: 17
loss: 0.0375, acc: 0.9922
loss: 0.0443, acc: 0.9931
loss: 0.0482, acc: 0.9933
loss: 0.0491, acc: 0.9918
loss: 0.0532, acc: 0.9922
loss: 0.0540, acc: 0.9925
loss: 0.0573, acc: 0.9890
loss: 0.0562, acc: 0.9904
loss: 0.0593, acc: 0.9872
loss: 0.0567, acc: 0.9879
loss: 0.0595, acc: 0.9873
loss: 0.0602, acc: 0.9873
loss: 0.0598, acc: 0.9878
loss: 0.0598, acc: 0.9878
loss: 0.0615, acc: 0.9865
loss: 0.0610, acc: 0.9858
loss: 0.0606, acc: 0.9859
loss: 0.0632, acc: 0.9853
loss: 0.0623, acc: 0.9857
loss: 0.0634, acc: 0.9858
loss: 0.0644, acc: 0.9853
loss: 0.0642, acc: 0.9857
> val_acc: 0.7438, val_f1: 0.5929
>>>>>>>>>>>>>>>>>>>>>>>>>>>>>>>>>>>>>>>>>>>>>>>>>>>>>>>>>>>>>>>>>>>>>>>>>>>>>>>>>>>>>>>>>>>>>>>>>>>>
epoch: 18
loss: 0.0426, acc: 1.0000
loss: 0.0603, acc: 0.9792
loss: 0.0666, acc: 0.9858
loss: 0.0710, acc: 0.9824
loss: 0.0696, acc: 0.9821
loss: 0.0635, acc: 0.9856
loss: 0.0655, acc: 0.9839
loss: 0.0619, acc: 0.9844
loss: 0.0592, acc: 0.9848
loss: 0.0579, acc: 0.9857
loss: 0.0579, acc: 0.9865
loss: 0.0569, acc: 0.9866
loss: 0.0560, acc: 0.9867
loss: 0.0566, acc: 0.9863
loss: 0.0565, acc: 0.9868
loss: 0.0578, acc: 0.9852
loss: 0.0595, acc: 0.9850
loss: 0.0610, acc: 0.9840
loss: 0.0619, acc: 0.9845
loss: 0.0616, acc: 0.9844
loss: 0.0626, acc: 0.9842
loss: 0.0615, acc: 0.9847
loss: 0.0622, acc: 0.9842
> val_acc: 0.7473, val_f1: 0.5983
>>>>>>>>>>>>>>>>>>>>>>>>>>>>>>>>>>>>>>>>>>>>>>>>>>>>>>>>>>>>>>>>>>>>>>>>>>>>>>>>>>>>>>>>>>>>>>>>>>>>
epoch: 19
loss: 0.0303, acc: 1.0000
loss: 0.0438, acc: 0.9922
loss: 0.0491, acc: 0.9880
loss: 0.0530, acc: 0.9861
loss: 0.0550, acc: 0.9864
loss: 0.0529, acc: 0.9888
loss: 0.0539, acc: 0.9886
loss: 0.0550, acc: 0.9877
loss: 0.0542, acc: 0.9884
loss: 0.0581, acc: 0.9883
loss: 0.0579, acc: 0.9876
loss: 0.0562, acc: 0.9887
loss: 0.0556, acc: 0.9886
loss: 0.0547, acc: 0.9885
loss: 0.0560, acc: 0.9880
loss: 0.0577, acc: 0.9876
loss: 0.0574, acc: 0.9880
loss: 0.0580, acc: 0.9876
loss: 0.0582, acc: 0.9876
loss: 0.0578, acc: 0.9882
loss: 0.0574, acc: 0.9882
loss: 0.0584, acc: 0.9876
loss: 0.0583, acc: 0.9875
> val_acc: 0.7455, val_f1: 0.6030
>>>>>>>>>>>>>>>>>>>>>>>>>>>>>>>>>>>>>>>>>>>>>>>>>>>>>>>>>>>>>>>>>>>>>>>>>>>>>>>>>>>>>>>>>>>>>>>>>>>>
epoch: 20
loss: 0.0645, acc: 0.9750
loss: 0.0632, acc: 0.9812
loss: 0.0612, acc: 0.9854
loss: 0.0546, acc: 0.9891
loss: 0.0507, acc: 0.9900
loss: 0.0502, acc: 0.9896
loss: 0.0477, acc: 0.9911
loss: 0.0464, acc: 0.9906
loss: 0.0449, acc: 0.9917
loss: 0.0452, acc: 0.9919
loss: 0.0461, acc: 0.9920
loss: 0.0461, acc: 0.9917
loss: 0.0476, acc: 0.9909
loss: 0.0476, acc: 0.9906
loss: 0.0483, acc: 0.9908
loss: 0.0474, acc: 0.9914
loss: 0.0484, acc: 0.9908
loss: 0.0487, acc: 0.9910
loss: 0.0509, acc: 0.9901
loss: 0.0517, acc: 0.9897
loss: 0.0511, acc: 0.9899
loss: 0.0514, acc: 0.9898
> val_acc: 0.7446, val_f1: 0.5942
>>>>>>>>>>>>>>>>>>>>>>>>>>>>>>>>>>>>>>>>>>>>>>>>>>>>>>>>>>>>>>>>>>>>>>>>>>>>>>>>>>>>>>>>>>>>>>>>>>>>
epoch: 21
loss: 0.0597, acc: 0.9844
loss: 0.0432, acc: 0.9955
loss: 0.0457, acc: 0.9948
loss: 0.0433, acc: 0.9945
loss: 0.0443, acc: 0.9929
loss: 0.0441, acc: 0.9919
loss: 0.0449, acc: 0.9922
loss: 0.0457, acc: 0.9907
loss: 0.0448, acc: 0.9911
loss: 0.0467, acc: 0.9907
loss: 0.0485, acc: 0.9886
loss: 0.0484, acc: 0.9885
loss: 0.0498, acc: 0.9884
loss: 0.0498, acc: 0.9883
loss: 0.0498, acc: 0.9891
loss: 0.0490, acc: 0.9894
loss: 0.0484, acc: 0.9901
loss: 0.0484, acc: 0.9903
loss: 0.0495, acc: 0.9898
loss: 0.0509, acc: 0.9894
loss: 0.0505, acc: 0.9896
loss: 0.0504, acc: 0.9895
loss: 0.0499, acc: 0.9897
> val_acc: 0.7473, val_f1: 0.5950
>>>>>>>>>>>>>>>>>>>>>>>>>>>>>>>>>>>>>>>>>>>>>>>>>>>>>>>>>>>>>>>>>>>>>>>>>>>>>>>>>>>>>>>>>>>>>>>>>>>>
epoch: 22
loss: 0.0537, acc: 0.9922
loss: 0.0367, acc: 0.9965
loss: 0.0372, acc: 0.9933
loss: 0.0344, acc: 0.9951
loss: 0.0371, acc: 0.9948
loss: 0.0383, acc: 0.9935
loss: 0.0420, acc: 0.9926
loss: 0.0462, acc: 0.9912
loss: 0.0459, acc: 0.9908
loss: 0.0447, acc: 0.9917
loss: 0.0460, acc: 0.9913
loss: 0.0485, acc: 0.9905
loss: 0.0476, acc: 0.9907
loss: 0.0482, acc: 0.9905
loss: 0.0473, acc: 0.9903
loss: 0.0463, acc: 0.9905
loss: 0.0472, acc: 0.9903
loss: 0.0469, acc: 0.9902
loss: 0.0460, acc: 0.9907
loss: 0.0458, acc: 0.9908
loss: 0.0462, acc: 0.9910
loss: 0.0466, acc: 0.9905
> val_acc: 0.7438, val_f1: 0.5903
>>>>>>>>>>>>>>>>>>>>>>>>>>>>>>>>>>>>>>>>>>>>>>>>>>>>>>>>>>>>>>>>>>>>>>>>>>>>>>>>>>>>>>>>>>>>>>>>>>>>
epoch: 23
loss: 0.0338, acc: 1.0000
loss: 0.0448, acc: 0.9896
loss: 0.0364, acc: 0.9943
loss: 0.0426, acc: 0.9883
loss: 0.0442, acc: 0.9881
loss: 0.0445, acc: 0.9880
loss: 0.0451, acc: 0.9889
loss: 0.0426, acc: 0.9905
loss: 0.0409, acc: 0.9909
loss: 0.0407, acc: 0.9912
loss: 0.0405, acc: 0.9902
loss: 0.0405, acc: 0.9905
loss: 0.0411, acc: 0.9908
loss: 0.0419, acc: 0.9905
loss: 0.0422, acc: 0.9903
loss: 0.0430, acc: 0.9897
loss: 0.0429, acc: 0.9904
loss: 0.0421, acc: 0.9906
loss: 0.0426, acc: 0.9900
loss: 0.0431, acc: 0.9899
loss: 0.0430, acc: 0.9904
loss: 0.0429, acc: 0.9906
loss: 0.0428, acc: 0.9904
> val_acc: 0.7438, val_f1: 0.5928
>>>>>>>>>>>>>>>>>>>>>>>>>>>>>>>>>>>>>>>>>>>>>>>>>>>>>>>>>>>>>>>>>>>>>>>>>>>>>>>>>>>>>>>>>>>>>>>>>>>>
epoch: 24
loss: 0.0389, acc: 0.9896
loss: 0.0427, acc: 0.9922
loss: 0.0379, acc: 0.9928
loss: 0.0478, acc: 0.9861
loss: 0.0448, acc: 0.9878
loss: 0.0446, acc: 0.9888
loss: 0.0417, acc: 0.9905
loss: 0.0422, acc: 0.9901
loss: 0.0422, acc: 0.9906
loss: 0.0412, acc: 0.9909
loss: 0.0406, acc: 0.9912
loss: 0.0398, acc: 0.9919
loss: 0.0402, acc: 0.9916
loss: 0.0418, acc: 0.9908
loss: 0.0419, acc: 0.9910
loss: 0.0424, acc: 0.9912
loss: 0.0429, acc: 0.9910
loss: 0.0428, acc: 0.9908
loss: 0.0429, acc: 0.9906
loss: 0.0428, acc: 0.9911
loss: 0.0418, acc: 0.9915
loss: 0.0416, acc: 0.9919
loss: 0.0428, acc: 0.9917
> val_acc: 0.7411, val_f1: 0.5882
>>>>>>>>>>>>>>>>>>>>>>>>>>>>>>>>>>>>>>>>>>>>>>>>>>>>>>>>>>>>>>>>>>>>>>>>>>>>>>>>>>>>>>>>>>>>>>>>>>>>
epoch: 25
loss: 0.0360, acc: 0.9938
loss: 0.0381, acc: 0.9906
loss: 0.0349, acc: 0.9917
loss: 0.0340, acc: 0.9922
loss: 0.0328, acc: 0.9925
loss: 0.0321, acc: 0.9938
loss: 0.0355, acc: 0.9920
loss: 0.0423, acc: 0.9906
loss: 0.0415, acc: 0.9917
loss: 0.0418, acc: 0.9919
loss: 0.0405, acc: 0.9926
loss: 0.0400, acc: 0.9927
loss: 0.0424, acc: 0.9918
loss: 0.0419, acc: 0.9924
loss: 0.0418, acc: 0.9921
loss: 0.0428, acc: 0.9914
loss: 0.0422, acc: 0.9915
loss: 0.0430, acc: 0.9913
loss: 0.0427, acc: 0.9914
loss: 0.0437, acc: 0.9909
loss: 0.0442, acc: 0.9908
loss: 0.0441, acc: 0.9912
> val_acc: 0.7420, val_f1: 0.5920
>>>>>>>>>>>>>>>>>>>>>>>>>>>>>>>>>>>>>>>>>>>>>>>>>>>>>>>>>>>>>>>>>>>>>>>>>>>>>>>>>>>>>>>>>>>>>>>>>>>>
epoch: 26
loss: 0.0274, acc: 1.0000
loss: 0.0304, acc: 0.9911
loss: 0.0324, acc: 0.9922
loss: 0.0362, acc: 0.9890
loss: 0.0360, acc: 0.9901
loss: 0.0354, acc: 0.9919
loss: 0.0348, acc: 0.9932
loss: 0.0400, acc: 0.9924
loss: 0.0391, acc: 0.9933
loss: 0.0373, acc: 0.9940
loss: 0.0372, acc: 0.9934
loss: 0.0371, acc: 0.9940
loss: 0.0381, acc: 0.9934
loss: 0.0371, acc: 0.9939
loss: 0.0376, acc: 0.9935
loss: 0.0385, acc: 0.9931
loss: 0.0383, acc: 0.9928
loss: 0.0375, acc: 0.9932
loss: 0.0388, acc: 0.9922
loss: 0.0384, acc: 0.9926
loss: 0.0391, acc: 0.9920
loss: 0.0392, acc: 0.9918
loss: 0.0400, acc: 0.9916
> val_acc: 0.7473, val_f1: 0.5924
>>>>>>>>>>>>>>>>>>>>>>>>>>>>>>>>>>>>>>>>>>>>>>>>>>>>>>>>>>>>>>>>>>>>>>>>>>>>>>>>>>>>>>>>>>>>>>>>>>>>
epoch: 27
loss: 0.0294, acc: 0.9922
loss: 0.0300, acc: 0.9965
loss: 0.0289, acc: 0.9978
loss: 0.0336, acc: 0.9967
loss: 0.0357, acc: 0.9935
loss: 0.0360, acc: 0.9925
loss: 0.0368, acc: 0.9917
loss: 0.0373, acc: 0.9920
loss: 0.0379, acc: 0.9915
loss: 0.0369, acc: 0.9923
loss: 0.0387, acc: 0.9913
loss: 0.0399, acc: 0.9905
loss: 0.0409, acc: 0.9893
loss: 0.0407, acc: 0.9900
loss: 0.0412, acc: 0.9903
loss: 0.0402, acc: 0.9909
loss: 0.0413, acc: 0.9903
loss: 0.0416, acc: 0.9905
loss: 0.0410, acc: 0.9907
loss: 0.0406, acc: 0.9908
loss: 0.0401, acc: 0.9913
loss: 0.0398, acc: 0.9914
> val_acc: 0.7491, val_f1: 0.5996
>>>>>>>>>>>>>>>>>>>>>>>>>>>>>>>>>>>>>>>>>>>>>>>>>>>>>>>>>>>>>>>>>>>>>>>>>>>>>>>>>>>>>>>>>>>>>>>>>>>>
epoch: 28
loss: 0.0108, acc: 1.0000
loss: 0.0255, acc: 0.9896
loss: 0.0352, acc: 0.9915
loss: 0.0336, acc: 0.9922
loss: 0.0362, acc: 0.9926
loss: 0.0400, acc: 0.9916
loss: 0.0377, acc: 0.9919
loss: 0.0360, acc: 0.9922
loss: 0.0365, acc: 0.9909
loss: 0.0369, acc: 0.9905
loss: 0.0360, acc: 0.9914
loss: 0.0352, acc: 0.9922
loss: 0.0362, acc: 0.9923
loss: 0.0365, acc: 0.9924
loss: 0.0358, acc: 0.9930
loss: 0.0388, acc: 0.9910
loss: 0.0382, acc: 0.9915
loss: 0.0389, acc: 0.9916
loss: 0.0401, acc: 0.9914
loss: 0.0397, acc: 0.9915
loss: 0.0405, acc: 0.9910
loss: 0.0404, acc: 0.9909
loss: 0.0405, acc: 0.9907
> val_acc: 0.7429, val_f1: 0.5921
>>>>>>>>>>>>>>>>>>>>>>>>>>>>>>>>>>>>>>>>>>>>>>>>>>>>>>>>>>>>>>>>>>>>>>>>>>>>>>>>>>>>>>>>>>>>>>>>>>>>
epoch: 29
loss: 0.0313, acc: 1.0000
loss: 0.0297, acc: 0.9961
loss: 0.0394, acc: 0.9904
loss: 0.0347, acc: 0.9913
loss: 0.0338, acc: 0.9918
loss: 0.0321, acc: 0.9933
loss: 0.0309, acc: 0.9943
loss: 0.0346, acc: 0.9926
loss: 0.0369, acc: 0.9913
loss: 0.0372, acc: 0.9902
loss: 0.0357, acc: 0.9912
loss: 0.0352, acc: 0.9914
loss: 0.0359, acc: 0.9911
loss: 0.0346, acc: 0.9917
loss: 0.0338, acc: 0.9923
loss: 0.0340, acc: 0.9924
loss: 0.0352, acc: 0.9917
loss: 0.0378, acc: 0.9904
loss: 0.0370, acc: 0.9909
loss: 0.0368, acc: 0.9911
loss: 0.0364, acc: 0.9915
loss: 0.0366, acc: 0.9916
loss: 0.0362, acc: 0.9917
> val_acc: 0.7429, val_f1: 0.5966
>> test_acc: 0.7509, test_f1: 0.5977
