cuda memory allocated: 12529152
n_trainable_params: 1791123, n_nontrainable_params: 1323600
> training arguments:
>>> model_name: gc_ian
>>> dataset: restaurant
>>> optimizer: <class 'torch.optim.adagrad.Adagrad'>
>>> initializer: <function xavier_uniform_ at 0x00000279534F7620>
>>> learning_rate: 0.01
>>> momentum: 0.95
>>> dropout: 0.2
>>> l2reg: 5e-05
>>> num_epoch: 30
>>> batch_size: 32
>>> log_step: 5
>>> embed_dim: 300
>>> hidden_dim: 300
>>> bert_dim: 768
>>> pretrained_bert_name: bert-base-uncased
>>> max_seq_len: 80
>>> polarities_dim: 3
>>> hops: 3
>>> device: cuda
>>> seed: 10
>>> valset_ratio: 0
>>> num_layers: 1
>>> in_channels: 100
>>> out_channels: 1
>>> downbot: 10
>>> kernel_size: 3
>>> glove_path: ./glove/glove.840B.300d.txt
>>> model_class: <class 'models.gc_ian.GC_IAN'>
>>> dataset_file: {'train': './datasets/semeval14/Restaurants_Train.xml.seg', 'test': './datasets/semeval14/Restaurants_Test_Gold.xml.seg'}
>>> inputs_cols: ['text_raw_indices', 'aspect_indices']
>>>>>>>>>>>>>>>>>>>>>>>>>>>>>>>>>>>>>>>>>>>>>>>>>>>>>>>>>>>>>>>>>>>>>>>>>>>>>>>>>>>>>>>>>>>>>>>>>>>>
epoch: 0
cuda memory allocated: 12529152
n_trainable_params: 1791123, n_nontrainable_params: 1323600
> training arguments:
>>> model_name: gc_ian
>>> dataset: restaurant
>>> optimizer: <class 'torch.optim.adagrad.Adagrad'>
>>> initializer: <function xavier_uniform_ at 0x00000236408D7620>
>>> learning_rate: 0.01
>>> momentum: 0.95
>>> dropout: 0.2
>>> l2reg: 5e-05
>>> num_epoch: 30
>>> batch_size: 32
>>> log_step: 5
>>> embed_dim: 300
>>> hidden_dim: 300
>>> bert_dim: 768
>>> pretrained_bert_name: bert-base-uncased
>>> max_seq_len: 80
>>> polarities_dim: 3
>>> hops: 3
>>> device: cuda
>>> seed: 10
>>> valset_ratio: 0
>>> num_layers: 1
>>> in_channels: 100
>>> out_channels: 1
>>> downbot: 10
>>> kernel_size: 3
>>> glove_path: ./glove/glove.840B.300d.txt
>>> model_class: <class 'models.gc_ian.GC_IAN'>
>>> dataset_file: {'train': './datasets/semeval14/Restaurants_Train.xml.seg', 'test': './datasets/semeval14/Restaurants_Test_Gold.xml.seg'}
>>> inputs_cols: ['text_raw_indices', 'aspect_indices']
>>>>>>>>>>>>>>>>>>>>>>>>>>>>>>>>>>>>>>>>>>>>>>>>>>>>>>>>>>>>>>>>>>>>>>>>>>>>>>>>>>>>>>>>>>>>>>>>>>>>
epoch: 0
loss: 8.2615, acc: 0.3937
loss: 4.7387, acc: 0.4969
loss: 3.5913, acc: 0.5062
loss: 3.0473, acc: 0.5172
loss: 2.6416, acc: 0.5250
loss: 2.3824, acc: 0.5135
loss: 2.1891, acc: 0.5116
loss: 2.0455, acc: 0.5234
loss: 1.9317, acc: 0.5236
loss: 1.8317, acc: 0.5288
loss: 1.7484, acc: 0.5341
loss: 1.6806, acc: 0.5396
loss: 1.6274, acc: 0.5375
loss: 1.5763, acc: 0.5455
loss: 1.5300, acc: 0.5492
loss: 1.4944, acc: 0.5520
loss: 1.4571, acc: 0.5570
loss: 1.4216, acc: 0.5587
loss: 1.3959, acc: 0.5599
loss: 1.3733, acc: 0.5594
loss: 1.3528, acc: 0.5607
loss: 1.3289, acc: 0.5642
> val_acc: 0.6830, val_f1: 0.3798
>> saved: state_dict/gc_ian_restaurant_val_acc0.683
>>>>>>>>>>>>>>>>>>>>>>>>>>>>>>>>>>>>>>>>>>>>>>>>>>>>>>>>>>>>>>>>>>>>>>>>>>>>>>>>>>>>>>>>>>>>>>>>>>>>
epoch: 1
loss: 1.1736, acc: 0.4531
loss: 0.9377, acc: 0.5848
loss: 0.8866, acc: 0.6172
loss: 0.9101, acc: 0.6085
loss: 0.9280, acc: 0.5994
loss: 0.9253, acc: 0.5961
loss: 0.9137, acc: 0.6055
loss: 0.9014, acc: 0.6081
loss: 0.9026, acc: 0.6086
loss: 0.9084, acc: 0.6090
loss: 0.9022, acc: 0.6124
loss: 0.9000, acc: 0.6135
loss: 0.9012, acc: 0.6114
loss: 0.9079, acc: 0.6068
loss: 0.9030, acc: 0.6068
loss: 0.9081, acc: 0.6035
loss: 0.9058, acc: 0.6052
loss: 0.9020, acc: 0.6078
loss: 0.8988, acc: 0.6104
loss: 0.9039, acc: 0.6060
loss: 0.9001, acc: 0.6088
loss: 0.9006, acc: 0.6081
loss: 0.8997, acc: 0.6094
> val_acc: 0.6661, val_f1: 0.4396
>>>>>>>>>>>>>>>>>>>>>>>>>>>>>>>>>>>>>>>>>>>>>>>>>>>>>>>>>>>>>>>>>>>>>>>>>>>>>>>>>>>>>>>>>>>>>>>>>>>>
epoch: 2
loss: 0.8759, acc: 0.6172
loss: 0.8549, acc: 0.6250
loss: 0.8335, acc: 0.6406
loss: 0.8432, acc: 0.6332
loss: 0.8375, acc: 0.6354
loss: 0.8507, acc: 0.6315
loss: 0.8461, acc: 0.6443
loss: 0.8461, acc: 0.6394
loss: 0.8498, acc: 0.6357
loss: 0.8577, acc: 0.6295
loss: 0.8618, acc: 0.6314
loss: 0.8675, acc: 0.6298
loss: 0.8670, acc: 0.6289
loss: 0.8670, acc: 0.6282
loss: 0.8697, acc: 0.6250
loss: 0.8703, acc: 0.6218
loss: 0.8719, acc: 0.6194
loss: 0.8702, acc: 0.6208
loss: 0.8681, acc: 0.6217
loss: 0.8710, acc: 0.6203
loss: 0.8751, acc: 0.6184
loss: 0.8753, acc: 0.6196
> val_acc: 0.6714, val_f1: 0.4170
>>>>>>>>>>>>>>>>>>>>>>>>>>>>>>>>>>>>>>>>>>>>>>>>>>>>>>>>>>>>>>>>>>>>>>>>>>>>>>>>>>>>>>>>>>>>>>>>>>>>
epoch: 3
loss: 0.8941, acc: 0.5312
loss: 0.8548, acc: 0.5938
