cuda memory allocated: 16206336
n_trainable_params: 2726003, n_nontrainable_params: 1323600
> training arguments:
>>> model_name: gc_ian
>>> dataset: restaurant
>>> optimizer: <class 'torch.optim.adagrad.Adagrad'>
>>> initializer: <function xavier_uniform_ at 0x0000021917257620>
>>> learning_rate: 0.01
>>> momentum: 0.95
>>> dropout: 0.5
>>> l2reg: 5e-05
>>> num_epoch: 30
>>> batch_size: 32
>>> log_step: 5
>>> embed_dim: 300
>>> hidden_dim: 300
>>> bert_dim: 768
>>> pretrained_bert_name: bert-base-uncased
>>> max_seq_len: 80
>>> polarities_dim: 3
>>> hops: 3
>>> device: cuda
>>> seed: 10
>>> valset_ratio: 0
>>> num_layers: 1
>>> in_channels: 100
>>> out_channels: 1
>>> downbot: 20
>>> kernel_size: 3
>>> glove_path: ./glove/glove.840B.300d.txt
>>> model_class: <class 'models.gc_ian.GC_IAN'>
>>> dataset_file: {'train': './datasets/semeval14/Restaurants_Train.xml.seg', 'test': './datasets/semeval14/Restaurants_Test_Gold.xml.seg'}
>>> inputs_cols: ['text_raw_indices', 'aspect_indices']
>>>>>>>>>>>>>>>>>>>>>>>>>>>>>>>>>>>>>>>>>>>>>>>>>>>>>>>>>>>>>>>>>>>>>>>>>>>>>>>>>>>>>>>>>>>>>>>>>>>>
epoch: 0
loss: 2.1826, acc: 0.4250
loss: 1.5876, acc: 0.4969
loss: 1.3852, acc: 0.5208
loss: 1.2620, acc: 0.5437
loss: 1.1918, acc: 0.5487
loss: 1.1283, acc: 0.5687
loss: 1.1056, acc: 0.5750
loss: 1.0655, acc: 0.5805
loss: 1.0339, acc: 0.5882
loss: 1.0099, acc: 0.6000
loss: 0.9911, acc: 0.6040
loss: 0.9744, acc: 0.6099
loss: 0.9498, acc: 0.6216
loss: 0.9399, acc: 0.6254
loss: 0.9311, acc: 0.6288
loss: 0.9197, acc: 0.6305
loss: 0.9096, acc: 0.6327
loss: 0.8973, acc: 0.6389
loss: 0.8920, acc: 0.6378
loss: 0.8862, acc: 0.6394
loss: 0.8765, acc: 0.6432
loss: 0.8659, acc: 0.6480
> val_acc: 0.7366, val_f1: 0.5447
>> saved: state_dict/gc_ian_restaurant_val_acc0.7366
>>>>>>>>>>>>>>>>>>>>>>>>>>>>>>>>>>>>>>>>>>>>>>>>>>>>>>>>>>>>>>>>>>>>>>>>>>>>>>>>>>>>>>>>>>>>>>>>>>>>
epoch: 1
loss: 0.5662, acc: 0.7969
loss: 0.5632, acc: 0.7679
loss: 0.5640, acc: 0.7682
loss: 0.5724, acc: 0.7702
loss: 0.5682, acc: 0.7770
loss: 0.5642, acc: 0.7824
loss: 0.5571, acc: 0.7852
loss: 0.5623, acc: 0.7863
loss: 0.5706, acc: 0.7857
loss: 0.5646, acc: 0.7912
loss: 0.5716, acc: 0.7855
loss: 0.5653, acc: 0.7878
loss: 0.5612, acc: 0.7853
loss: 0.5615, acc: 0.7859
loss: 0.5613, acc: 0.7839
loss: 0.5666, acc: 0.7817
loss: 0.5693, acc: 0.7797
loss: 0.5682, acc: 0.7802
loss: 0.5703, acc: 0.7779
loss: 0.5687, acc: 0.7780
loss: 0.5695, acc: 0.7782
loss: 0.5651, acc: 0.7798
loss: 0.5689, acc: 0.7782
> val_acc: 0.7670, val_f1: 0.6187
>> saved: state_dict/gc_ian_restaurant_val_acc0.767
>>>>>>>>>>>>>>>>>>>>>>>>>>>>>>>>>>>>>>>>>>>>>>>>>>>>>>>>>>>>>>>>>>>>>>>>>>>>>>>>>>>>>>>>>>>>>>>>>>>>
epoch: 2
loss: 0.4428, acc: 0.8750
loss: 0.4478, acc: 0.8472
loss: 0.4522, acc: 0.8438
loss: 0.4466, acc: 0.8503
loss: 0.4490, acc: 0.8398
loss: 0.4582, acc: 0.8308
loss: 0.4525, acc: 0.8355
loss: 0.4524, acc: 0.8341
loss: 0.4566, acc: 0.8331
loss: 0.4570, acc: 0.8310
loss: 0.4586, acc: 0.8287
loss: 0.4549, acc: 0.8305
loss: 0.4606, acc: 0.8257
loss: 0.4611, acc: 0.8252
loss: 0.4635, acc: 0.8231
loss: 0.4609, acc: 0.8244
loss: 0.4666, acc: 0.8214
loss: 0.4620, acc: 0.8223
loss: 0.4604, acc: 0.8251
loss: 0.4600, acc: 0.8232
loss: 0.4619, acc: 0.8224
loss: 0.4619, acc: 0.8222
> val_acc: 0.7812, val_f1: 0.6644
>> saved: state_dict/gc_ian_restaurant_val_acc0.7812
>>>>>>>>>>>>>>>>>>>>>>>>>>>>>>>>>>>>>>>>>>>>>>>>>>>>>>>>>>>>>>>>>>>>>>>>>>>>>>>>>>>>>>>>>>>>>>>>>>>>
epoch: 3
loss: 0.4407, acc: 0.8125
loss: 0.3636, acc: 0.8802
loss: 0.3711, acc: 0.8750
loss: 0.3897, acc: 0.8633
loss: 0.3852, acc: 0.8690
loss: 0.3884, acc: 0.8678
loss: 0.3819, acc: 0.8710
loss: 0.3803, acc: 0.8672
loss: 0.3805, acc: 0.8643
loss: 0.3816, acc: 0.8621
loss: 0.3841, acc: 0.8634
loss: 0.3804, acc: 0.8661
loss: 0.3822, acc: 0.8637
loss: 0.3815, acc: 0.8651
loss: 0.3839, acc: 0.8636
loss: 0.3828, acc: 0.8647
loss: 0.3812, acc: 0.8642
loss: 0.3822, acc: 0.8637
loss: 0.3840, acc: 0.8609
loss: 0.3846, acc: 0.8604
loss: 0.3858, acc: 0.8592
loss: 0.3927, acc: 0.8552
loss: 0.3940, acc: 0.8544
> val_acc: 0.7786, val_f1: 0.6419
>>>>>>>>>>>>>>>>>>>>>>>>>>>>>>>>>>>>>>>>>>>>>>>>>>>>>>>>>>>>>>>>>>>>>>>>>>>>>>>>>>>>>>>>>>>>>>>>>>>>
epoch: 4
loss: 0.3068, acc: 0.8958
loss: 0.3350, acc: 0.9023
loss: 0.3233, acc: 0.9062
loss: 0.3356, acc: 0.8941
loss: 0.3455, acc: 0.8872
loss: 0.3421, acc: 0.8850
loss: 0.3538, acc: 0.8769
loss: 0.3542, acc: 0.8783
loss: 0.3554, acc: 0.8772
loss: 0.3520, acc: 0.8802
loss: 0.3502, acc: 0.8815
loss: 0.3480, acc: 0.8825
loss: 0.3484, acc: 0.8810
loss: 0.3435, acc: 0.8819
loss: 0.3416, acc: 0.8818
loss: 0.3390, acc: 0.8818
loss: 0.3408, acc: 0.8799
loss: 0.3406, acc: 0.8807
loss: 0.3433, acc: 0.8797
loss: 0.3408, acc: 0.8817
loss: 0.3420, acc: 0.8805
loss: 0.3471, acc: 0.8764
loss: 0.3479, acc: 0.8775
> val_acc: 0.7688, val_f1: 0.6218
>>>>>>>>>>>>>>>>>>>>>>>>>>>>>>>>>>>>>>>>>>>>>>>>>>>>>>>>>>>>>>>>>>>>>>>>>>>>>>>>>>>>>>>>>>>>>>>>>>>>
epoch: 5
loss: 0.2742, acc: 0.9313
loss: 0.2554, acc: 0.9219
loss: 0.2696, acc: 0.9187
loss: 0.2786, acc: 0.9141
loss: 0.2742, acc: 0.9163
loss: 0.2910, acc: 0.9052
loss: 0.2911, acc: 0.9045
loss: 0.2952, acc: 0.9016
loss: 0.2963, acc: 0.8972
loss: 0.2998, acc: 0.8938
loss: 0.2977, acc: 0.8949
loss: 0.2953, acc: 0.8958
loss: 0.2990, acc: 0.8923
loss: 0.3002, acc: 0.8924
loss: 0.3008, acc: 0.8917
loss: 0.2977, acc: 0.8949
loss: 0.2997, acc: 0.8934
loss: 0.2988, acc: 0.8938
loss: 0.2997, acc: 0.8924
loss: 0.3008, acc: 0.8909
loss: 0.3048, acc: 0.8890
loss: 0.3026, acc: 0.8901
> val_acc: 0.7759, val_f1: 0.6395
>>>>>>>>>>>>>>>>>>>>>>>>>>>>>>>>>>>>>>>>>>>>>>>>>>>>>>>>>>>>>>>>>>>>>>>>>>>>>>>>>>>>>>>>>>>>>>>>>>>>
epoch: 6
loss: 0.2071, acc: 0.9375
loss: 0.2402, acc: 0.9241
loss: 0.2292, acc: 0.9349
loss: 0.2338, acc: 0.9265
loss: 0.2264, acc: 0.9247
loss: 0.2335, acc: 0.9248
loss: 0.2432, acc: 0.9229
loss: 0.2487, acc: 0.9223
loss: 0.2600, acc: 0.9137
loss: 0.2643, acc: 0.9142
loss: 0.2676, acc: 0.9117
loss: 0.2690, acc: 0.9117
loss: 0.2635, acc: 0.9153
loss: 0.2643, acc: 0.9146
loss: 0.2654, acc: 0.9128
loss: 0.2622, acc: 0.9140
loss: 0.2620, acc: 0.9139
loss: 0.2601, acc: 0.9156
loss: 0.2603, acc: 0.9144
loss: 0.2625, acc: 0.9120
loss: 0.2646, acc: 0.9108
loss: 0.2631, acc: 0.9118
loss: 0.2618, acc: 0.9135
> val_acc: 0.7723, val_f1: 0.6191
>>>>>>>>>>>>>>>>>>>>>>>>>>>>>>>>>>>>>>>>>>>>>>>>>>>>>>>>>>>>>>>>>>>>>>>>>>>>>>>>>>>>>>>>>>>>>>>>>>>>
epoch: 7
loss: 0.2440, acc: 0.9219
loss: 0.2207, acc: 0.9306
loss: 0.2519, acc: 0.9085
loss: 0.2369, acc: 0.9145
loss: 0.2266, acc: 0.9284
loss: 0.2225, acc: 0.9300
loss: 0.2249, acc: 0.9329
loss: 0.2301, acc: 0.9295
loss: 0.2324, acc: 0.9290
loss: 0.2285, acc: 0.9286
loss: 0.2310, acc: 0.9277
loss: 0.2272, acc: 0.9290
loss: 0.2313, acc: 0.9272
loss: 0.2366, acc: 0.9248
loss: 0.2364, acc: 0.9244
loss: 0.2388, acc: 0.9237
loss: 0.2373, acc: 0.9237
loss: 0.2378, acc: 0.9231
loss: 0.2373, acc: 0.9232
loss: 0.2357, acc: 0.9223
loss: 0.2391, acc: 0.9207
loss: 0.2414, acc: 0.9192
> val_acc: 0.7795, val_f1: 0.6547
>>>>>>>>>>>>>>>>>>>>>>>>>>>>>>>>>>>>>>>>>>>>>>>>>>>>>>>>>>>>>>>>>>>>>>>>>>>>>>>>>>>>>>>>>>>>>>>>>>>>
epoch: 8
loss: 0.1443, acc: 1.0000
loss: 0.2124, acc: 0.9427
loss: 0.2208, acc: 0.9347
loss: 0.2210, acc: 0.9336
loss: 0.2165, acc: 0.9345
loss: 0.2219, acc: 0.9315
loss: 0.2244, acc: 0.9315
loss: 0.2237, acc: 0.9288
loss: 0.2219, acc: 0.9284
loss: 0.2179, acc: 0.9307
loss: 0.2159, acc: 0.9320
loss: 0.2184, acc: 0.9297
loss: 0.2150, acc: 0.9308
loss: 0.2155, acc: 0.9318
loss: 0.2141, acc: 0.9327
loss: 0.2185, acc: 0.9297
loss: 0.2166, acc: 0.9309
loss: 0.2172, acc: 0.9306
loss: 0.2204, acc: 0.9293
loss: 0.2228, acc: 0.9274
loss: 0.2248, acc: 0.9264
loss: 0.2263, acc: 0.9260
loss: 0.2242, acc: 0.9268
> val_acc: 0.7714, val_f1: 0.6170
>>>>>>>>>>>>>>>>>>>>>>>>>>>>>>>>>>>>>>>>>>>>>>>>>>>>>>>>>>>>>>>>>>>>>>>>>>>>>>>>>>>>>>>>>>>>>>>>>>>>
epoch: 9
loss: 0.2035, acc: 0.9479
loss: 0.1921, acc: 0.9453
loss: 0.2002, acc: 0.9399
loss: 0.1908, acc: 0.9497
loss: 0.1962, acc: 0.9457
loss: 0.1938, acc: 0.9431
loss: 0.1851, acc: 0.9479
loss: 0.1854, acc: 0.9465
loss: 0.1828, acc: 0.9455
loss: 0.1846, acc: 0.9427
loss: 0.1872, acc: 0.9404
loss: 0.1871, acc: 0.9418
loss: 0.1950, acc: 0.9365
loss: 0.1917, acc: 0.9398
loss: 0.1921, acc: 0.9405
loss: 0.1957, acc: 0.9407
loss: 0.1954, acc: 0.9401
loss: 0.1959, acc: 0.9403
loss: 0.1971, acc: 0.9388
loss: 0.1969, acc: 0.9397
loss: 0.1970, acc: 0.9396
loss: 0.1978, acc: 0.9398
loss: 0.1989, acc: 0.9387
> val_acc: 0.7688, val_f1: 0.6212
>>>>>>>>>>>>>>>>>>>>>>>>>>>>>>>>>>>>>>>>>>>>>>>>>>>>>>>>>>>>>>>>>>>>>>>>>>>>>>>>>>>>>>>>>>>>>>>>>>>>
epoch: 10
loss: 0.1744, acc: 0.9500
loss: 0.1555, acc: 0.9656
loss: 0.1537, acc: 0.9604
loss: 0.1588, acc: 0.9594
loss: 0.1574, acc: 0.9587
loss: 0.1634, acc: 0.9531
loss: 0.1694, acc: 0.9509
loss: 0.1754, acc: 0.9469
loss: 0.1710, acc: 0.9493
loss: 0.1718, acc: 0.9469
loss: 0.1758, acc: 0.9455
loss: 0.1760, acc: 0.9469
loss: 0.1797, acc: 0.9462
loss: 0.1794, acc: 0.9473
loss: 0.1809, acc: 0.9458
loss: 0.1793, acc: 0.9465
loss: 0.1794, acc: 0.9467
loss: 0.1812, acc: 0.9462
loss: 0.1818, acc: 0.9454
loss: 0.1831, acc: 0.9447
loss: 0.1811, acc: 0.9455
loss: 0.1795, acc: 0.9463
> val_acc: 0.7696, val_f1: 0.6272
>>>>>>>>>>>>>>>>>>>>>>>>>>>>>>>>>>>>>>>>>>>>>>>>>>>>>>>>>>>>>>>>>>>>>>>>>>>>>>>>>>>>>>>>>>>>>>>>>>>>
epoch: 11
loss: 0.1509, acc: 0.9375
loss: 0.1776, acc: 0.9330
loss: 0.1778, acc: 0.9323
loss: 0.1716, acc: 0.9412
loss: 0.1637, acc: 0.9489
loss: 0.1665, acc: 0.9491
loss: 0.1668, acc: 0.9492
loss: 0.1698, acc: 0.9493
loss: 0.1678, acc: 0.9501
loss: 0.1741, acc: 0.9441
loss: 0.1676, acc: 0.9471
loss: 0.1648, acc: 0.9485
loss: 0.1627, acc: 0.9501
loss: 0.1631, acc: 0.9501
loss: 0.1635, acc: 0.9492
loss: 0.1626, acc: 0.9509
loss: 0.1617, acc: 0.9512
loss: 0.1639, acc: 0.9511
loss: 0.1652, acc: 0.9504
loss: 0.1663, acc: 0.9485
loss: 0.1648, acc: 0.9498
loss: 0.1663, acc: 0.9489
loss: 0.1661, acc: 0.9484
> val_acc: 0.7661, val_f1: 0.6149
>>>>>>>>>>>>>>>>>>>>>>>>>>>>>>>>>>>>>>>>>>>>>>>>>>>>>>>>>>>>>>>>>>>>>>>>>>>>>>>>>>>>>>>>>>>>>>>>>>>>
epoch: 12
loss: 0.1294, acc: 0.9766
loss: 0.1174, acc: 0.9792
loss: 0.1262, acc: 0.9799
loss: 0.1418, acc: 0.9655
loss: 0.1441, acc: 0.9661
loss: 0.1436, acc: 0.9623
loss: 0.1432, acc: 0.9632
loss: 0.1439, acc: 0.9639
loss: 0.1449, acc: 0.9638
loss: 0.1489, acc: 0.9636
loss: 0.1500, acc: 0.9624
loss: 0.1489, acc: 0.9608
loss: 0.1519, acc: 0.9585
loss: 0.1518, acc: 0.9583
loss: 0.1505, acc: 0.9582
loss: 0.1507, acc: 0.9573
loss: 0.1541, acc: 0.9554
loss: 0.1560, acc: 0.9544
loss: 0.1618, acc: 0.9505
loss: 0.1607, acc: 0.9514
loss: 0.1592, acc: 0.9516
loss: 0.1587, acc: 0.9518
> val_acc: 0.7696, val_f1: 0.6187
>>>>>>>>>>>>>>>>>>>>>>>>>>>>>>>>>>>>>>>>>>>>>>>>>>>>>>>>>>>>>>>>>>>>>>>>>>>>>>>>>>>>>>>>>>>>>>>>>>>>
epoch: 13
loss: 0.1567, acc: 0.9375
loss: 0.1280, acc: 0.9635
loss: 0.1250, acc: 0.9631
loss: 0.1334, acc: 0.9590
loss: 0.1452, acc: 0.9598
loss: 0.1498, acc: 0.9579
loss: 0.1516, acc: 0.9546
loss: 0.1496, acc: 0.9575
loss: 0.1475, acc: 0.9581
loss: 0.1479, acc: 0.9586
loss: 0.1543, acc: 0.9553
loss: 0.1529, acc: 0.9554
loss: 0.1512, acc: 0.9570
loss: 0.1542, acc: 0.9564
loss: 0.1566, acc: 0.9555
loss: 0.1548, acc: 0.9556
loss: 0.1550, acc: 0.9549
loss: 0.1533, acc: 0.9557
loss: 0.1551, acc: 0.9543
loss: 0.1527, acc: 0.9554
loss: 0.1532, acc: 0.9554
loss: 0.1535, acc: 0.9549
loss: 0.1543, acc: 0.9544
> val_acc: 0.7696, val_f1: 0.6171
>>>>>>>>>>>>>>>>>>>>>>>>>>>>>>>>>>>>>>>>>>>>>>>>>>>>>>>>>>>>>>>>>>>>>>>>>>>>>>>>>>>>>>>>>>>>>>>>>>>>
epoch: 14
loss: 0.0909, acc: 0.9896
loss: 0.0949, acc: 0.9805
loss: 0.1129, acc: 0.9736
loss: 0.1288, acc: 0.9688
loss: 0.1280, acc: 0.9715
loss: 0.1250, acc: 0.9732
loss: 0.1217, acc: 0.9744
loss: 0.1204, acc: 0.9745
loss: 0.1226, acc: 0.9724
loss: 0.1237, acc: 0.9701
loss: 0.1234, acc: 0.9699
loss: 0.1222, acc: 0.9714
loss: 0.1252, acc: 0.9707
loss: 0.1294, acc: 0.9683
loss: 0.1281, acc: 0.9683
loss: 0.1305, acc: 0.9679
loss: 0.1300, acc: 0.9672
loss: 0.1293, acc: 0.9673
loss: 0.1296, acc: 0.9661
loss: 0.1285, acc: 0.9672
loss: 0.1296, acc: 0.9663
loss: 0.1312, acc: 0.9647
loss: 0.1303, acc: 0.9648
> val_acc: 0.7652, val_f1: 0.6111
>>>>>>>>>>>>>>>>>>>>>>>>>>>>>>>>>>>>>>>>>>>>>>>>>>>>>>>>>>>>>>>>>>>>>>>>>>>>>>>>>>>>>>>>>>>>>>>>>>>>
epoch: 15
loss: 0.0976, acc: 0.9875
loss: 0.1010, acc: 0.9844
loss: 0.1121, acc: 0.9792
loss: 0.1030, acc: 0.9844
loss: 0.1174, acc: 0.9762
loss: 0.1217, acc: 0.9677
loss: 0.1191, acc: 0.9705
loss: 0.1217, acc: 0.9695
loss: 0.1174, acc: 0.9708
loss: 0.1211, acc: 0.9688
loss: 0.1241, acc: 0.9670
loss: 0.1255, acc: 0.9672
loss: 0.1236, acc: 0.9688
loss: 0.1233, acc: 0.9688
loss: 0.1239, acc: 0.9671
loss: 0.1263, acc: 0.9660
loss: 0.1265, acc: 0.9647
loss: 0.1258, acc: 0.9653
loss: 0.1263, acc: 0.9645
loss: 0.1270, acc: 0.9647
loss: 0.1270, acc: 0.9649
loss: 0.1286, acc: 0.9645
> val_acc: 0.7670, val_f1: 0.6197
>>>>>>>>>>>>>>>>>>>>>>>>>>>>>>>>>>>>>>>>>>>>>>>>>>>>>>>>>>>>>>>>>>>>>>>>>>>>>>>>>>>>>>>>>>>>>>>>>>>>
epoch: 16
loss: 0.1112, acc: 0.9844
loss: 0.1395, acc: 0.9598
loss: 0.1376, acc: 0.9583
loss: 0.1338, acc: 0.9596
loss: 0.1289, acc: 0.9616
loss: 0.1255, acc: 0.9653
loss: 0.1250, acc: 0.9658
loss: 0.1189, acc: 0.9696
loss: 0.1205, acc: 0.9688
loss: 0.1226, acc: 0.9681
loss: 0.1220, acc: 0.9688
loss: 0.1232, acc: 0.9688
loss: 0.1223, acc: 0.9698
loss: 0.1238, acc: 0.9683
loss: 0.1231, acc: 0.9688
loss: 0.1204, acc: 0.9700
loss: 0.1201, acc: 0.9695
loss: 0.1241, acc: 0.9684
loss: 0.1250, acc: 0.9684
loss: 0.1248, acc: 0.9684
loss: 0.1254, acc: 0.9672
loss: 0.1256, acc: 0.9670
loss: 0.1262, acc: 0.9665
> val_acc: 0.7696, val_f1: 0.6392
>>>>>>>>>>>>>>>>>>>>>>>>>>>>>>>>>>>>>>>>>>>>>>>>>>>>>>>>>>>>>>>>>>>>>>>>>>>>>>>>>>>>>>>>>>>>>>>>>>>>
epoch: 17
loss: 0.0875, acc: 0.9766
loss: 0.1149, acc: 0.9792
loss: 0.1184, acc: 0.9754
loss: 0.1168, acc: 0.9737
loss: 0.1173, acc: 0.9727
loss: 0.1139, acc: 0.9731
loss: 0.1138, acc: 0.9724
loss: 0.1111, acc: 0.9744
loss: 0.1074, acc: 0.9751
loss: 0.1060, acc: 0.9751
loss: 0.1047, acc: 0.9751
loss: 0.1072, acc: 0.9740
loss: 0.1083, acc: 0.9741
loss: 0.1090, acc: 0.9742
loss: 0.1092, acc: 0.9742
loss: 0.1106, acc: 0.9731
loss: 0.1119, acc: 0.9721
loss: 0.1138, acc: 0.9702
loss: 0.1125, acc: 0.9707
loss: 0.1131, acc: 0.9703
loss: 0.1130, acc: 0.9706
loss: 0.1139, acc: 0.9699
> val_acc: 0.7732, val_f1: 0.6437
>>>>>>>>>>>>>>>>>>>>>>>>>>>>>>>>>>>>>>>>>>>>>>>>>>>>>>>>>>>>>>>>>>>>>>>>>>>>>>>>>>>>>>>>>>>>>>>>>>>>
epoch: 18
loss: 0.1583, acc: 0.9375
loss: 0.1163, acc: 0.9688
loss: 0.1210, acc: 0.9688
loss: 0.1203, acc: 0.9609
loss: 0.1158, acc: 0.9658
loss: 0.1086, acc: 0.9700
loss: 0.1045, acc: 0.9728
loss: 0.1026, acc: 0.9740
loss: 0.1061, acc: 0.9718
loss: 0.1048, acc: 0.9735
loss: 0.1045, acc: 0.9730
loss: 0.1042, acc: 0.9738
loss: 0.1042, acc: 0.9718
loss: 0.1040, acc: 0.9711
loss: 0.1063, acc: 0.9692
loss: 0.1052, acc: 0.9700
loss: 0.1057, acc: 0.9703
loss: 0.1056, acc: 0.9709
loss: 0.1056, acc: 0.9712
loss: 0.1056, acc: 0.9714
loss: 0.1060, acc: 0.9712
loss: 0.1056, acc: 0.9714
loss: 0.1068, acc: 0.9710
> val_acc: 0.7661, val_f1: 0.6169
>>>>>>>>>>>>>>>>>>>>>>>>>>>>>>>>>>>>>>>>>>>>>>>>>>>>>>>>>>>>>>>>>>>>>>>>>>>>>>>>>>>>>>>>>>>>>>>>>>>>
epoch: 19
loss: 0.0792, acc: 1.0000
loss: 0.0827, acc: 0.9805
loss: 0.1142, acc: 0.9712
loss: 0.1072, acc: 0.9722
loss: 0.1049, acc: 0.9715
loss: 0.1026, acc: 0.9721
loss: 0.0963, acc: 0.9754
loss: 0.0972, acc: 0.9737
loss: 0.0985, acc: 0.9746
loss: 0.0985, acc: 0.9753
loss: 0.1025, acc: 0.9741
loss: 0.1051, acc: 0.9714
loss: 0.1035, acc: 0.9732
loss: 0.1032, acc: 0.9738
loss: 0.1032, acc: 0.9739
loss: 0.1016, acc: 0.9744
loss: 0.1017, acc: 0.9744
loss: 0.1030, acc: 0.9737
loss: 0.1053, acc: 0.9738
loss: 0.1058, acc: 0.9745
loss: 0.1068, acc: 0.9736
loss: 0.1067, acc: 0.9740
loss: 0.1092, acc: 0.9731
> val_acc: 0.7679, val_f1: 0.6332
>>>>>>>>>>>>>>>>>>>>>>>>>>>>>>>>>>>>>>>>>>>>>>>>>>>>>>>>>>>>>>>>>>>>>>>>>>>>>>>>>>>>>>>>>>>>>>>>>>>>
epoch: 20
loss: 0.1043, acc: 0.9688
loss: 0.1014, acc: 0.9750
loss: 0.0951, acc: 0.9771
loss: 0.0879, acc: 0.9781
loss: 0.0858, acc: 0.9800
loss: 0.0842, acc: 0.9802
loss: 0.0843, acc: 0.9804
loss: 0.0897, acc: 0.9781
loss: 0.0941, acc: 0.9743
loss: 0.0988, acc: 0.9712
loss: 0.0997, acc: 0.9710
loss: 0.0975, acc: 0.9729
loss: 0.0988, acc: 0.9721
loss: 0.1004, acc: 0.9719
loss: 0.1017, acc: 0.9721
loss: 0.1019, acc: 0.9723
loss: 0.1025, acc: 0.9717
loss: 0.1025, acc: 0.9722
loss: 0.1011, acc: 0.9730
loss: 0.1018, acc: 0.9722
loss: 0.1012, acc: 0.9723
loss: 0.1012, acc: 0.9730
> val_acc: 0.7625, val_f1: 0.6150
>>>>>>>>>>>>>>>>>>>>>>>>>>>>>>>>>>>>>>>>>>>>>>>>>>>>>>>>>>>>>>>>>>>>>>>>>>>>>>>>>>>>>>>>>>>>>>>>>>>>
epoch: 21
loss: 0.1477, acc: 0.9531
loss: 0.0923, acc: 0.9777
loss: 0.1054, acc: 0.9661
loss: 0.1026, acc: 0.9706
loss: 0.1031, acc: 0.9730
loss: 0.1044, acc: 0.9722
loss: 0.1027, acc: 0.9727
loss: 0.1040, acc: 0.9704
loss: 0.1050, acc: 0.9702
loss: 0.1046, acc: 0.9707
loss: 0.1045, acc: 0.9706
loss: 0.1025, acc: 0.9715
loss: 0.1041, acc: 0.9713
loss: 0.1028, acc: 0.9725
loss: 0.1043, acc: 0.9718
loss: 0.1033, acc: 0.9720
loss: 0.1034, acc: 0.9726
loss: 0.1033, acc: 0.9731
loss: 0.1023, acc: 0.9728
loss: 0.1032, acc: 0.9716
loss: 0.1019, acc: 0.9724
loss: 0.1024, acc: 0.9725
loss: 0.1014, acc: 0.9727
> val_acc: 0.7714, val_f1: 0.6301
>>>>>>>>>>>>>>>>>>>>>>>>>>>>>>>>>>>>>>>>>>>>>>>>>>>>>>>>>>>>>>>>>>>>>>>>>>>>>>>>>>>>>>>>>>>>>>>>>>>>
epoch: 22
loss: 0.0984, acc: 0.9688
loss: 0.0826, acc: 0.9861
loss: 0.0934, acc: 0.9777
loss: 0.0865, acc: 0.9836
loss: 0.0875, acc: 0.9831
loss: 0.0827, acc: 0.9838
loss: 0.0850, acc: 0.9825
loss: 0.0859, acc: 0.9808
loss: 0.0840, acc: 0.9822
loss: 0.0845, acc: 0.9815
loss: 0.0867, acc: 0.9803
loss: 0.0883, acc: 0.9778
loss: 0.0892, acc: 0.9766
loss: 0.0894, acc: 0.9764
loss: 0.0893, acc: 0.9764
loss: 0.0895, acc: 0.9771
loss: 0.0882, acc: 0.9777
loss: 0.0878, acc: 0.9775
loss: 0.0881, acc: 0.9764
loss: 0.0883, acc: 0.9757
loss: 0.0878, acc: 0.9757
loss: 0.0875, acc: 0.9762
> val_acc: 0.7688, val_f1: 0.6262
>>>>>>>>>>>>>>>>>>>>>>>>>>>>>>>>>>>>>>>>>>>>>>>>>>>>>>>>>>>>>>>>>>>>>>>>>>>>>>>>>>>>>>>>>>>>>>>>>>>>
epoch: 23
loss: 0.0534, acc: 1.0000
loss: 0.0931, acc: 0.9844
loss: 0.0857, acc: 0.9858
loss: 0.0802, acc: 0.9883
loss: 0.0774, acc: 0.9881
loss: 0.0767, acc: 0.9880
loss: 0.0782, acc: 0.9849
loss: 0.0801, acc: 0.9826
loss: 0.0839, acc: 0.9802
loss: 0.0823, acc: 0.9803
loss: 0.0843, acc: 0.9786
loss: 0.0851, acc: 0.9788
loss: 0.0820, acc: 0.9800
loss: 0.0824, acc: 0.9806
loss: 0.0856, acc: 0.9789
loss: 0.0862, acc: 0.9786
loss: 0.0873, acc: 0.9788
loss: 0.0882, acc: 0.9786
loss: 0.0892, acc: 0.9780
loss: 0.0890, acc: 0.9788
loss: 0.0906, acc: 0.9783
loss: 0.0892, acc: 0.9788
loss: 0.0886, acc: 0.9792
> val_acc: 0.7652, val_f1: 0.6112
>>>>>>>>>>>>>>>>>>>>>>>>>>>>>>>>>>>>>>>>>>>>>>>>>>>>>>>>>>>>>>>>>>>>>>>>>>>>>>>>>>>>>>>>>>>>>>>>>>>>
epoch: 24
loss: 0.0514, acc: 0.9896
loss: 0.0576, acc: 0.9922
loss: 0.0635, acc: 0.9880
loss: 0.0757, acc: 0.9826
loss: 0.0733, acc: 0.9864
loss: 0.0757, acc: 0.9855
loss: 0.0792, acc: 0.9839
loss: 0.0752, acc: 0.9852
loss: 0.0760, acc: 0.9833
loss: 0.0779, acc: 0.9811
loss: 0.0765, acc: 0.9823
loss: 0.0762, acc: 0.9828
loss: 0.0767, acc: 0.9831
loss: 0.0769, acc: 0.9830
loss: 0.0784, acc: 0.9820
loss: 0.0787, acc: 0.9812
loss: 0.0810, acc: 0.9800
loss: 0.0813, acc: 0.9805
loss: 0.0803, acc: 0.9812
loss: 0.0812, acc: 0.9809
loss: 0.0802, acc: 0.9818
loss: 0.0811, acc: 0.9815
loss: 0.0812, acc: 0.9809
> val_acc: 0.7643, val_f1: 0.6189
>>>>>>>>>>>>>>>>>>>>>>>>>>>>>>>>>>>>>>>>>>>>>>>>>>>>>>>>>>>>>>>>>>>>>>>>>>>>>>>>>>>>>>>>>>>>>>>>>>>>
epoch: 25
loss: 0.0779, acc: 0.9812
loss: 0.0847, acc: 0.9719
loss: 0.0873, acc: 0.9750
loss: 0.0850, acc: 0.9766
loss: 0.0842, acc: 0.9775
loss: 0.0849, acc: 0.9760
loss: 0.0827, acc: 0.9777
loss: 0.0832, acc: 0.9766
loss: 0.0829, acc: 0.9771
loss: 0.0829, acc: 0.9781
loss: 0.0827, acc: 0.9778
loss: 0.0825, acc: 0.9781
loss: 0.0827, acc: 0.9784
loss: 0.0803, acc: 0.9786
loss: 0.0811, acc: 0.9783
loss: 0.0825, acc: 0.9777
loss: 0.0822, acc: 0.9776
loss: 0.0839, acc: 0.9771
loss: 0.0824, acc: 0.9776
loss: 0.0837, acc: 0.9762
loss: 0.0832, acc: 0.9765
loss: 0.0823, acc: 0.9770
> val_acc: 0.7625, val_f1: 0.6102
>>>>>>>>>>>>>>>>>>>>>>>>>>>>>>>>>>>>>>>>>>>>>>>>>>>>>>>>>>>>>>>>>>>>>>>>>>>>>>>>>>>>>>>>>>>>>>>>>>>>
epoch: 26
loss: 0.0549, acc: 0.9844
loss: 0.0551, acc: 0.9866
loss: 0.0552, acc: 0.9896
loss: 0.0571, acc: 0.9890
loss: 0.0594, acc: 0.9872
loss: 0.0637, acc: 0.9826
loss: 0.0649, acc: 0.9824
loss: 0.0638, acc: 0.9840
loss: 0.0630, acc: 0.9851
loss: 0.0645, acc: 0.9847
loss: 0.0663, acc: 0.9844
loss: 0.0661, acc: 0.9841
loss: 0.0677, acc: 0.9839
loss: 0.0738, acc: 0.9804
loss: 0.0728, acc: 0.9813
loss: 0.0731, acc: 0.9809
loss: 0.0737, acc: 0.9813
loss: 0.0732, acc: 0.9817
loss: 0.0736, acc: 0.9817
loss: 0.0732, acc: 0.9813
loss: 0.0746, acc: 0.9810
loss: 0.0766, acc: 0.9804
loss: 0.0782, acc: 0.9807
> val_acc: 0.7652, val_f1: 0.6137
>>>>>>>>>>>>>>>>>>>>>>>>>>>>>>>>>>>>>>>>>>>>>>>>>>>>>>>>>>>>>>>>>>>>>>>>>>>>>>>>>>>>>>>>>>>>>>>>>>>>
epoch: 27
loss: 0.0817, acc: 0.9844
loss: 0.0649, acc: 0.9931
loss: 0.0658, acc: 0.9888
loss: 0.0633, acc: 0.9885
loss: 0.0637, acc: 0.9883
loss: 0.0646, acc: 0.9881
loss: 0.0625, acc: 0.9899
loss: 0.0629, acc: 0.9896
loss: 0.0678, acc: 0.9879
loss: 0.0691, acc: 0.9879
loss: 0.0692, acc: 0.9884
loss: 0.0701, acc: 0.9878
loss: 0.0698, acc: 0.9883
loss: 0.0706, acc: 0.9882
loss: 0.0703, acc: 0.9882
loss: 0.0702, acc: 0.9885
loss: 0.0699, acc: 0.9888
loss: 0.0714, acc: 0.9874
loss: 0.0717, acc: 0.9874
loss: 0.0730, acc: 0.9861
loss: 0.0737, acc: 0.9856
loss: 0.0744, acc: 0.9848
> val_acc: 0.7616, val_f1: 0.6142
>>>>>>>>>>>>>>>>>>>>>>>>>>>>>>>>>>>>>>>>>>>>>>>>>>>>>>>>>>>>>>>>>>>>>>>>>>>>>>>>>>>>>>>>>>>>>>>>>>>>
epoch: 28
loss: 0.0793, acc: 0.9688
loss: 0.0621, acc: 0.9844
loss: 0.0671, acc: 0.9801
loss: 0.0628, acc: 0.9844
loss: 0.0619, acc: 0.9866
loss: 0.0635, acc: 0.9880
loss: 0.0612, acc: 0.9899
loss: 0.0611, acc: 0.9887
loss: 0.0601, acc: 0.9878
loss: 0.0633, acc: 0.9857
loss: 0.0635, acc: 0.9865
loss: 0.0656, acc: 0.9849
loss: 0.0664, acc: 0.9846
loss: 0.0666, acc: 0.9844
loss: 0.0688, acc: 0.9833
loss: 0.0686, acc: 0.9836
loss: 0.0692, acc: 0.9834
loss: 0.0702, acc: 0.9829
loss: 0.0697, acc: 0.9832
loss: 0.0710, acc: 0.9824
loss: 0.0728, acc: 0.9824
loss: 0.0739, acc: 0.9823
loss: 0.0740, acc: 0.9825
> val_acc: 0.7679, val_f1: 0.6256
>>>>>>>>>>>>>>>>>>>>>>>>>>>>>>>>>>>>>>>>>>>>>>>>>>>>>>>>>>>>>>>>>>>>>>>>>>>>>>>>>>>>>>>>>>>>>>>>>>>>
epoch: 29
loss: 0.0712, acc: 0.9896
loss: 0.0593, acc: 0.9883
loss: 0.0693, acc: 0.9856
loss: 0.0724, acc: 0.9844
loss: 0.0706, acc: 0.9851
loss: 0.0695, acc: 0.9866
loss: 0.0685, acc: 0.9848
loss: 0.0705, acc: 0.9844
loss: 0.0725, acc: 0.9840
loss: 0.0713, acc: 0.9844
loss: 0.0704, acc: 0.9853
loss: 0.0678, acc: 0.9865
loss: 0.0667, acc: 0.9871
loss: 0.0660, acc: 0.9871
loss: 0.0660, acc: 0.9876
loss: 0.0671, acc: 0.9872
loss: 0.0668, acc: 0.9872
loss: 0.0679, acc: 0.9865
loss: 0.0677, acc: 0.9862
loss: 0.0697, acc: 0.9847
loss: 0.0696, acc: 0.9848
loss: 0.0692, acc: 0.9850
loss: 0.0704, acc: 0.9842
> val_acc: 0.7679, val_f1: 0.6248
>> test_acc: 0.7812, test_f1: 0.6644
