cuda memory allocated: 8914944
n_trainable_params: 904003, n_nontrainable_params: 1323600
> training arguments:
>>> model_name: gc_ian
>>> dataset: restaurant
>>> optimizer: <class 'torch.optim.adagrad.Adagrad'>
>>> initializer: <function xavier_uniform_ at 0x0000025648887620>
>>> learning_rate: 0.01
>>> momentum: 0.95
>>> dropout: 0.5
>>> l2reg: 5e-05
>>> num_epoch: 30
>>> batch_size: 32
>>> log_step: 5
>>> embed_dim: 300
>>> hidden_dim: 300
>>> bert_dim: 768
>>> pretrained_bert_name: bert-base-uncased
>>> max_seq_len: 80
>>> polarities_dim: 3
>>> hops: 3
>>> device: cuda
>>> seed: 10
>>> valset_ratio: 0
>>> num_layers: 1
>>> in_channels: 100
>>> out_channels: 1
>>> downbot: 20
>>> kernel_size: 3
>>> glove_path: ./glove/glove.840B.300d.txt
>>> model_class: <class 'models.gc_ian.GC_IAN'>
>>> dataset_file: {'train': './datasets/semeval14/Restaurants_Train.xml.seg', 'test': './datasets/semeval14/Restaurants_Test_Gold.xml.seg'}
>>> inputs_cols: ['text_raw_indices', 'aspect_indices']
>>>>>>>>>>>>>>>>>>>>>>>>>>>>>>>>>>>>>>>>>>>>>>>>>>>>>>>>>>>>>>>>>>>>>>>>>>>>>>>>>>>>>>>>>>>>>>>>>>>>
epoch: 0
loss: 1.7904, acc: 0.4625
loss: 1.3927, acc: 0.4969
loss: 1.2374, acc: 0.5333
loss: 1.1355, acc: 0.5547
loss: 1.0996, acc: 0.5563
loss: 1.0590, acc: 0.5667
loss: 1.0141, acc: 0.5848
loss: 0.9948, acc: 0.5906
loss: 0.9800, acc: 0.5944
loss: 0.9625, acc: 0.5981
loss: 0.9595, acc: 0.5989
loss: 0.9423, acc: 0.6042
loss: 0.9201, acc: 0.6135
loss: 0.9118, acc: 0.6138
loss: 0.9011, acc: 0.6204
loss: 0.8856, acc: 0.6281
loss: 0.8787, acc: 0.6305
loss: 0.8725, acc: 0.6319
loss: 0.8665, acc: 0.6355
loss: 0.8596, acc: 0.6384
loss: 0.8509, acc: 0.6414
loss: 0.8416, acc: 0.6457
> val_acc: 0.7339, val_f1: 0.5146
>> saved: state_dict/gc_ian_restaurant_val_acc0.7339
>>>>>>>>>>>>>>>>>>>>>>>>>>>>>>>>>>>>>>>>>>>>>>>>>>>>>>>>>>>>>>>>>>>>>>>>>>>>>>>>>>>>>>>>>>>>>>>>>>>>
epoch: 1
loss: 0.5886, acc: 0.7812
loss: 0.5966, acc: 0.7946
loss: 0.5914, acc: 0.7839
loss: 0.6052, acc: 0.7684
loss: 0.6118, acc: 0.7628
loss: 0.6128, acc: 0.7639
loss: 0.6128, acc: 0.7617
loss: 0.6132, acc: 0.7601
loss: 0.6185, acc: 0.7574
loss: 0.6191, acc: 0.7566
loss: 0.6229, acc: 0.7506
loss: 0.6119, acc: 0.7593
loss: 0.6156, acc: 0.7571
loss: 0.6097, acc: 0.7593
loss: 0.6110, acc: 0.7582
loss: 0.6069, acc: 0.7593
loss: 0.6093, acc: 0.7561
loss: 0.6033, acc: 0.7583
loss: 0.6040, acc: 0.7578
loss: 0.6024, acc: 0.7574
loss: 0.5959, acc: 0.7616
loss: 0.5936, acc: 0.7620
loss: 0.5896, acc: 0.7631
> val_acc: 0.7223, val_f1: 0.4979
>>>>>>>>>>>>>>>>>>>>>>>>>>>>>>>>>>>>>>>>>>>>>>>>>>>>>>>>>>>>>>>>>>>>>>>>>>>>>>>>>>>>>>>>>>>>>>>>>>>>
epoch: 2
loss: 0.4903, acc: 0.7969
loss: 0.4794, acc: 0.8125
loss: 0.4950, acc: 0.8125
loss: 0.4792, acc: 0.8240
loss: 0.4839, acc: 0.8281
loss: 0.4886, acc: 0.8211
loss: 0.4983, acc: 0.8107
loss: 0.5013, acc: 0.8101
loss: 0.5045, acc: 0.8068
loss: 0.5034, acc: 0.8093
loss: 0.5064, acc: 0.8084
loss: 0.5063, acc: 0.8056
loss: 0.5065, acc: 0.8057
loss: 0.5054, acc: 0.8057
loss: 0.5066, acc: 0.8057
loss: 0.5088, acc: 0.8042
loss: 0.5056, acc: 0.8069
loss: 0.5030, acc: 0.8076
loss: 0.5060, acc: 0.8068
loss: 0.5068, acc: 0.8065
loss: 0.5030, acc: 0.8083
loss: 0.5029, acc: 0.8085
> val_acc: 0.7741, val_f1: 0.6253
>> saved: state_dict/gc_ian_restaurant_val_acc0.7741
>>>>>>>>>>>>>>>>>>>>>>>>>>>>>>>>>>>>>>>>>>>>>>>>>>>>>>>>>>>>>>>>>>>>>>>>>>>>>>>>>>>>>>>>>>>>>>>>>>>>
epoch: 3
loss: 0.2556, acc: 0.9375
loss: 0.3940, acc: 0.8542
loss: 0.3980, acc: 0.8693
loss: 0.4037, acc: 0.8613
loss: 0.4120, acc: 0.8527
loss: 0.4295, acc: 0.8438
loss: 0.4300, acc: 0.8448
loss: 0.4336, acc: 0.8446
loss: 0.4481, acc: 0.8354
loss: 0.4478, acc: 0.8356
loss: 0.4441, acc: 0.8388
loss: 0.4419, acc: 0.8404
loss: 0.4437, acc: 0.8412
loss: 0.4404, acc: 0.8428
loss: 0.4385, acc: 0.8433
loss: 0.4390, acc: 0.8417
loss: 0.4354, acc: 0.8441
loss: 0.4359, acc: 0.8434
loss: 0.4411, acc: 0.8407
loss: 0.4435, acc: 0.8405
loss: 0.4469, acc: 0.8403
loss: 0.4420, acc: 0.8423
loss: 0.4454, acc: 0.8415
> val_acc: 0.7696, val_f1: 0.5991
>>>>>>>>>>>>>>>>>>>>>>>>>>>>>>>>>>>>>>>>>>>>>>>>>>>>>>>>>>>>>>>>>>>>>>>>>>>>>>>>>>>>>>>>>>>>>>>>>>>>
epoch: 4
loss: 0.4096, acc: 0.8646
loss: 0.4023, acc: 0.8750
loss: 0.3876, acc: 0.8654
loss: 0.3843, acc: 0.8576
loss: 0.3940, acc: 0.8519
loss: 0.3989, acc: 0.8504
loss: 0.4098, acc: 0.8438
loss: 0.3979, acc: 0.8512
loss: 0.3957, acc: 0.8474
loss: 0.3965, acc: 0.8470
loss: 0.3992, acc: 0.8461
loss: 0.4048, acc: 0.8454
loss: 0.4025, acc: 0.8482
loss: 0.3996, acc: 0.8516
loss: 0.3954, acc: 0.8536
loss: 0.3959, acc: 0.8530
loss: 0.3952, acc: 0.8554
loss: 0.3933, acc: 0.8576
loss: 0.3951, acc: 0.8565
loss: 0.3977, acc: 0.8555
loss: 0.3956, acc: 0.8574
loss: 0.3945, acc: 0.8585
loss: 0.3957, acc: 0.8575
> val_acc: 0.7661, val_f1: 0.5982
>>>>>>>>>>>>>>>>>>>>>>>>>>>>>>>>>>>>>>>>>>>>>>>>>>>>>>>>>>>>>>>>>>>>>>>>>>>>>>>>>>>>>>>>>>>>>>>>>>>>
epoch: 5
loss: 0.3223, acc: 0.8938
loss: 0.3017, acc: 0.8969
loss: 0.3308, acc: 0.8875
loss: 0.3405, acc: 0.8812
loss: 0.3531, acc: 0.8712
loss: 0.3520, acc: 0.8667
loss: 0.3436, acc: 0.8741
loss: 0.3415, acc: 0.8766
loss: 0.3368, acc: 0.8806
loss: 0.3443, acc: 0.8769
loss: 0.3462, acc: 0.8750
loss: 0.3449, acc: 0.8755
loss: 0.3427, acc: 0.8760
loss: 0.3438, acc: 0.8768
loss: 0.3467, acc: 0.8754
loss: 0.3473, acc: 0.8746
loss: 0.3492, acc: 0.8735
loss: 0.3477, acc: 0.8750
loss: 0.3511, acc: 0.8720
loss: 0.3549, acc: 0.8697
loss: 0.3580, acc: 0.8696
loss: 0.3600, acc: 0.8688
> val_acc: 0.7795, val_f1: 0.6511
>> saved: state_dict/gc_ian_restaurant_val_acc0.7795
>>>>>>>>>>>>>>>>>>>>>>>>>>>>>>>>>>>>>>>>>>>>>>>>>>>>>>>>>>>>>>>>>>>>>>>>>>>>>>>>>>>>>>>>>>>>>>>>>>>>
epoch: 6
loss: 0.2366, acc: 0.9219
loss: 0.3205, acc: 0.8839
loss: 0.2770, acc: 0.9167
loss: 0.2861, acc: 0.9154
loss: 0.3076, acc: 0.8991
loss: 0.3271, acc: 0.8912
loss: 0.3381, acc: 0.8857
loss: 0.3395, acc: 0.8860
loss: 0.3366, acc: 0.8854
loss: 0.3289, acc: 0.8903
loss: 0.3275, acc: 0.8900
loss: 0.3265, acc: 0.8904
loss: 0.3285, acc: 0.8886
loss: 0.3279, acc: 0.8862
loss: 0.3293, acc: 0.8854
loss: 0.3306, acc: 0.8860
loss: 0.3304, acc: 0.8868
loss: 0.3294, acc: 0.8865
loss: 0.3311, acc: 0.8849
loss: 0.3322, acc: 0.8834
loss: 0.3281, acc: 0.8860
loss: 0.3287, acc: 0.8861
loss: 0.3288, acc: 0.8859
> val_acc: 0.7714, val_f1: 0.6329
>>>>>>>>>>>>>>>>>>>>>>>>>>>>>>>>>>>>>>>>>>>>>>>>>>>>>>>>>>>>>>>>>>>>>>>>>>>>>>>>>>>>>>>>>>>>>>>>>>>>
epoch: 7
loss: 0.3301, acc: 0.8984
loss: 0.2988, acc: 0.9271
loss: 0.3239, acc: 0.9152
loss: 0.3192, acc: 0.9178
loss: 0.3193, acc: 0.9115
loss: 0.3220, acc: 0.8998
loss: 0.3233, acc: 0.8961
loss: 0.3174, acc: 0.8982
loss: 0.3115, acc: 0.9006
loss: 0.3121, acc: 0.8999
loss: 0.3131, acc: 0.8981
loss: 0.3130, acc: 0.8967
loss: 0.3134, acc: 0.8975
loss: 0.3104, acc: 0.9008
loss: 0.3124, acc: 0.8995
loss: 0.3096, acc: 0.9011
loss: 0.3075, acc: 0.9025
loss: 0.3057, acc: 0.9020
loss: 0.3037, acc: 0.9036
loss: 0.3052, acc: 0.9021
loss: 0.3058, acc: 0.9020
loss: 0.3063, acc: 0.9008
> val_acc: 0.7679, val_f1: 0.6200
>>>>>>>>>>>>>>>>>>>>>>>>>>>>>>>>>>>>>>>>>>>>>>>>>>>>>>>>>>>>>>>>>>>>>>>>>>>>>>>>>>>>>>>>>>>>>>>>>>>>
epoch: 8
loss: 0.1863, acc: 0.9688
loss: 0.2764, acc: 0.9115
loss: 0.2864, acc: 0.9091
loss: 0.2966, acc: 0.9004
loss: 0.2911, acc: 0.9033
loss: 0.2760, acc: 0.9123
loss: 0.2828, acc: 0.9052
loss: 0.2807, acc: 0.9045
loss: 0.2775, acc: 0.9062
loss: 0.2816, acc: 0.9062
loss: 0.2787, acc: 0.9044
loss: 0.2824, acc: 0.9018
loss: 0.2820, acc: 0.9022
loss: 0.2868, acc: 0.9020
loss: 0.2819, acc: 0.9054
loss: 0.2832, acc: 0.9050
loss: 0.2881, acc: 0.9028
loss: 0.2900, acc: 0.9012
loss: 0.2870, acc: 0.9032
loss: 0.2861, acc: 0.9043
loss: 0.2862, acc: 0.9035
loss: 0.2879, acc: 0.9027
loss: 0.2871, acc: 0.9029
> val_acc: 0.7750, val_f1: 0.6383
>>>>>>>>>>>>>>>>>>>>>>>>>>>>>>>>>>>>>>>>>>>>>>>>>>>>>>>>>>>>>>>>>>>>>>>>>>>>>>>>>>>>>>>>>>>>>>>>>>>>
epoch: 9
loss: 0.2232, acc: 0.9375
loss: 0.2527, acc: 0.9219
loss: 0.2532, acc: 0.9231
loss: 0.2548, acc: 0.9201
loss: 0.2478, acc: 0.9239
loss: 0.2465, acc: 0.9241
loss: 0.2436, acc: 0.9261
loss: 0.2462, acc: 0.9235
loss: 0.2445, acc: 0.9266
loss: 0.2515, acc: 0.9245
loss: 0.2524, acc: 0.9233
loss: 0.2517, acc: 0.9230
loss: 0.2569, acc: 0.9201
loss: 0.2569, acc: 0.9210
loss: 0.2586, acc: 0.9199
loss: 0.2586, acc: 0.9207
loss: 0.2609, acc: 0.9198
loss: 0.2652, acc: 0.9187
loss: 0.2640, acc: 0.9187
loss: 0.2655, acc: 0.9184
loss: 0.2640, acc: 0.9190
loss: 0.2658, acc: 0.9178
loss: 0.2643, acc: 0.9182
> val_acc: 0.7688, val_f1: 0.6247
>>>>>>>>>>>>>>>>>>>>>>>>>>>>>>>>>>>>>>>>>>>>>>>>>>>>>>>>>>>>>>>>>>>>>>>>>>>>>>>>>>>>>>>>>>>>>>>>>>>>
epoch: 10
loss: 0.2457, acc: 0.9187
loss: 0.2469, acc: 0.9187
loss: 0.2347, acc: 0.9229
loss: 0.2321, acc: 0.9250
loss: 0.2275, acc: 0.9275
loss: 0.2287, acc: 0.9281
loss: 0.2281, acc: 0.9304
loss: 0.2308, acc: 0.9297
loss: 0.2380, acc: 0.9264
loss: 0.2359, acc: 0.9281
loss: 0.2365, acc: 0.9295
loss: 0.2403, acc: 0.9260
loss: 0.2406, acc: 0.9250
loss: 0.2420, acc: 0.9250
loss: 0.2454, acc: 0.9225
loss: 0.2432, acc: 0.9234
loss: 0.2434, acc: 0.9232
loss: 0.2445, acc: 0.9222
loss: 0.2426, acc: 0.9230
loss: 0.2433, acc: 0.9213
loss: 0.2468, acc: 0.9193
loss: 0.2501, acc: 0.9176
> val_acc: 0.7705, val_f1: 0.6386
>>>>>>>>>>>>>>>>>>>>>>>>>>>>>>>>>>>>>>>>>>>>>>>>>>>>>>>>>>>>>>>>>>>>>>>>>>>>>>>>>>>>>>>>>>>>>>>>>>>>
epoch: 11
loss: 0.2075, acc: 0.9688
loss: 0.2160, acc: 0.9330
loss: 0.2132, acc: 0.9323
loss: 0.2057, acc: 0.9301
loss: 0.2188, acc: 0.9233
loss: 0.2155, acc: 0.9236
loss: 0.2155, acc: 0.9189
loss: 0.2208, acc: 0.9155
loss: 0.2213, acc: 0.9182
loss: 0.2195, acc: 0.9202
loss: 0.2241, acc: 0.9189
loss: 0.2216, acc: 0.9221
loss: 0.2282, acc: 0.9199
loss: 0.2287, acc: 0.9198
loss: 0.2290, acc: 0.9210
loss: 0.2292, acc: 0.9217
loss: 0.2292, acc: 0.9211
loss: 0.2309, acc: 0.9195
loss: 0.2299, acc: 0.9202
loss: 0.2305, acc: 0.9198
loss: 0.2326, acc: 0.9188
loss: 0.2362, acc: 0.9176
loss: 0.2361, acc: 0.9180
> val_acc: 0.7679, val_f1: 0.6228
>>>>>>>>>>>>>>>>>>>>>>>>>>>>>>>>>>>>>>>>>>>>>>>>>>>>>>>>>>>>>>>>>>>>>>>>>>>>>>>>>>>>>>>>>>>>>>>>>>>>
epoch: 12
loss: 0.2281, acc: 0.9453
loss: 0.2241, acc: 0.9444
loss: 0.2256, acc: 0.9330
loss: 0.2268, acc: 0.9359
loss: 0.2181, acc: 0.9414
loss: 0.2205, acc: 0.9353
loss: 0.2187, acc: 0.9357
loss: 0.2125, acc: 0.9383
loss: 0.2127, acc: 0.9382
loss: 0.2109, acc: 0.9407
loss: 0.2116, acc: 0.9404
loss: 0.2166, acc: 0.9391
loss: 0.2152, acc: 0.9395
loss: 0.2184, acc: 0.9380
loss: 0.2196, acc: 0.9367
loss: 0.2191, acc: 0.9347
loss: 0.2176, acc: 0.9345
loss: 0.2197, acc: 0.9319
loss: 0.2197, acc: 0.9318
loss: 0.2188, acc: 0.9331
loss: 0.2202, acc: 0.9339
loss: 0.2226, acc: 0.9312
> val_acc: 0.7714, val_f1: 0.6289
>>>>>>>>>>>>>>>>>>>>>>>>>>>>>>>>>>>>>>>>>>>>>>>>>>>>>>>>>>>>>>>>>>>>>>>>>>>>>>>>>>>>>>>>>>>>>>>>>>>>
epoch: 13
loss: 0.1920, acc: 0.9688
loss: 0.2080, acc: 0.9219
loss: 0.2172, acc: 0.9375
loss: 0.2203, acc: 0.9395
loss: 0.2223, acc: 0.9375
loss: 0.2198, acc: 0.9387
loss: 0.2197, acc: 0.9405
loss: 0.2162, acc: 0.9410
loss: 0.2154, acc: 0.9421
loss: 0.2173, acc: 0.9389
loss: 0.2193, acc: 0.9369
loss: 0.2217, acc: 0.9364
loss: 0.2197, acc: 0.9365
loss: 0.2206, acc: 0.9351
loss: 0.2203, acc: 0.9340
loss: 0.2195, acc: 0.9326
loss: 0.2193, acc: 0.9317
loss: 0.2200, acc: 0.9302
loss: 0.2198, acc: 0.9303
loss: 0.2182, acc: 0.9310
loss: 0.2175, acc: 0.9319
loss: 0.2182, acc: 0.9325
loss: 0.2175, acc: 0.9324
> val_acc: 0.7741, val_f1: 0.6249
>>>>>>>>>>>>>>>>>>>>>>>>>>>>>>>>>>>>>>>>>>>>>>>>>>>>>>>>>>>>>>>>>>>>>>>>>>>>>>>>>>>>>>>>>>>>>>>>>>>>
epoch: 14
loss: 0.1663, acc: 0.9583
loss: 0.1684, acc: 0.9648
loss: 0.1787, acc: 0.9615
loss: 0.1747, acc: 0.9583
loss: 0.1871, acc: 0.9470
loss: 0.1936, acc: 0.9431
loss: 0.1968, acc: 0.9413
loss: 0.1955, acc: 0.9408
loss: 0.1960, acc: 0.9390
loss: 0.1982, acc: 0.9395
loss: 0.1972, acc: 0.9399
loss: 0.1983, acc: 0.9397
loss: 0.1968, acc: 0.9400
loss: 0.2005, acc: 0.9375
loss: 0.2000, acc: 0.9379
loss: 0.1982, acc: 0.9387
loss: 0.1960, acc: 0.9413
loss: 0.1976, acc: 0.9400
loss: 0.1975, acc: 0.9409
loss: 0.1978, acc: 0.9401
loss: 0.1979, acc: 0.9399
loss: 0.1993, acc: 0.9389
loss: 0.2005, acc: 0.9379
> val_acc: 0.7777, val_f1: 0.6376
>>>>>>>>>>>>>>>>>>>>>>>>>>>>>>>>>>>>>>>>>>>>>>>>>>>>>>>>>>>>>>>>>>>>>>>>>>>>>>>>>>>>>>>>>>>>>>>>>>>>
epoch: 15
loss: 0.1669, acc: 0.9625
loss: 0.2114, acc: 0.9375
loss: 0.1859, acc: 0.9458
loss: 0.1811, acc: 0.9453
loss: 0.1817, acc: 0.9463
loss: 0.1854, acc: 0.9458
loss: 0.1906, acc: 0.9429
loss: 0.1938, acc: 0.9406
loss: 0.1922, acc: 0.9424
loss: 0.1884, acc: 0.9437
loss: 0.1871, acc: 0.9460
loss: 0.1866, acc: 0.9469
loss: 0.1869, acc: 0.9476
loss: 0.1890, acc: 0.9469
loss: 0.1911, acc: 0.9458
loss: 0.1916, acc: 0.9465
loss: 0.1925, acc: 0.9456
loss: 0.1931, acc: 0.9451
loss: 0.1923, acc: 0.9457
loss: 0.1947, acc: 0.9434
loss: 0.1936, acc: 0.9446
loss: 0.1948, acc: 0.9435
> val_acc: 0.7750, val_f1: 0.6450
>>>>>>>>>>>>>>>>>>>>>>>>>>>>>>>>>>>>>>>>>>>>>>>>>>>>>>>>>>>>>>>>>>>>>>>>>>>>>>>>>>>>>>>>>>>>>>>>>>>>
epoch: 16
loss: 0.1769, acc: 0.9531
loss: 0.1718, acc: 0.9643
loss: 0.1852, acc: 0.9505
loss: 0.1763, acc: 0.9540
loss: 0.1739, acc: 0.9574
loss: 0.1786, acc: 0.9514
loss: 0.1774, acc: 0.9512
loss: 0.1754, acc: 0.9519
loss: 0.1772, acc: 0.9516
loss: 0.1798, acc: 0.9488
loss: 0.1814, acc: 0.9471
loss: 0.1839, acc: 0.9446
loss: 0.1820, acc: 0.9456
loss: 0.1804, acc: 0.9454
loss: 0.1783, acc: 0.9466
loss: 0.1791, acc: 0.9464
loss: 0.1828, acc: 0.9466
loss: 0.1797, acc: 0.9479
loss: 0.1815, acc: 0.9457
loss: 0.1792, acc: 0.9465
loss: 0.1820, acc: 0.9445
loss: 0.1806, acc: 0.9448
loss: 0.1796, acc: 0.9456
> val_acc: 0.7741, val_f1: 0.6233
>>>>>>>>>>>>>>>>>>>>>>>>>>>>>>>>>>>>>>>>>>>>>>>>>>>>>>>>>>>>>>>>>>>>>>>>>>>>>>>>>>>>>>>>>>>>>>>>>>>>
epoch: 17
loss: 0.1374, acc: 0.9688
loss: 0.1239, acc: 0.9792
loss: 0.1290, acc: 0.9754
loss: 0.1356, acc: 0.9720
loss: 0.1477, acc: 0.9674
loss: 0.1479, acc: 0.9623
loss: 0.1554, acc: 0.9586
loss: 0.1517, acc: 0.9623
loss: 0.1587, acc: 0.9553
loss: 0.1546, acc: 0.9579
loss: 0.1566, acc: 0.9549
loss: 0.1560, acc: 0.9566
loss: 0.1582, acc: 0.9551
loss: 0.1625, acc: 0.9515
loss: 0.1662, acc: 0.9506
loss: 0.1680, acc: 0.9498
loss: 0.1684, acc: 0.9498
loss: 0.1723, acc: 0.9477
loss: 0.1739, acc: 0.9478
loss: 0.1743, acc: 0.9470
loss: 0.1758, acc: 0.9459
loss: 0.1763, acc: 0.9458
> val_acc: 0.7723, val_f1: 0.6385
>>>>>>>>>>>>>>>>>>>>>>>>>>>>>>>>>>>>>>>>>>>>>>>>>>>>>>>>>>>>>>>>>>>>>>>>>>>>>>>>>>>>>>>>>>>>>>>>>>>>
epoch: 18
loss: 0.1026, acc: 1.0000
loss: 0.1547, acc: 0.9740
loss: 0.1577, acc: 0.9688
loss: 0.1535, acc: 0.9648
loss: 0.1538, acc: 0.9643
loss: 0.1572, acc: 0.9639
loss: 0.1632, acc: 0.9637
loss: 0.1632, acc: 0.9601
loss: 0.1567, acc: 0.9619
loss: 0.1590, acc: 0.9592
loss: 0.1565, acc: 0.9602
loss: 0.1562, acc: 0.9604
loss: 0.1546, acc: 0.9611
loss: 0.1541, acc: 0.9612
loss: 0.1551, acc: 0.9599
loss: 0.1558, acc: 0.9597
loss: 0.1572, acc: 0.9591
loss: 0.1602, acc: 0.9571
loss: 0.1628, acc: 0.9560
loss: 0.1652, acc: 0.9541
loss: 0.1674, acc: 0.9536
loss: 0.1665, acc: 0.9534
loss: 0.1669, acc: 0.9530
> val_acc: 0.7777, val_f1: 0.6417
>>>>>>>>>>>>>>>>>>>>>>>>>>>>>>>>>>>>>>>>>>>>>>>>>>>>>>>>>>>>>>>>>>>>>>>>>>>>>>>>>>>>>>>>>>>>>>>>>>>>
epoch: 19
loss: 0.1346, acc: 0.9583
loss: 0.1494, acc: 0.9492
loss: 0.1448, acc: 0.9615
loss: 0.1463, acc: 0.9566
loss: 0.1506, acc: 0.9552
loss: 0.1471, acc: 0.9565
loss: 0.1543, acc: 0.9536
loss: 0.1521, acc: 0.9548
loss: 0.1566, acc: 0.9520
loss: 0.1649, acc: 0.9466
loss: 0.1625, acc: 0.9487
loss: 0.1598, acc: 0.9494
loss: 0.1574, acc: 0.9514
loss: 0.1581, acc: 0.9508
loss: 0.1594, acc: 0.9516
loss: 0.1624, acc: 0.9499
loss: 0.1619, acc: 0.9514
loss: 0.1623, acc: 0.9513
loss: 0.1634, acc: 0.9506
loss: 0.1635, acc: 0.9503
loss: 0.1631, acc: 0.9508
loss: 0.1637, acc: 0.9505
loss: 0.1642, acc: 0.9498
> val_acc: 0.7768, val_f1: 0.6355
>>>>>>>>>>>>>>>>>>>>>>>>>>>>>>>>>>>>>>>>>>>>>>>>>>>>>>>>>>>>>>>>>>>>>>>>>>>>>>>>>>>>>>>>>>>>>>>>>>>>
epoch: 20
loss: 0.1945, acc: 0.9437
loss: 0.1626, acc: 0.9531
loss: 0.1609, acc: 0.9542
loss: 0.1629, acc: 0.9531
loss: 0.1474, acc: 0.9587
loss: 0.1402, acc: 0.9625
loss: 0.1394, acc: 0.9616
loss: 0.1423, acc: 0.9602
loss: 0.1467, acc: 0.9597
loss: 0.1486, acc: 0.9581
loss: 0.1534, acc: 0.9557
loss: 0.1524, acc: 0.9568
loss: 0.1566, acc: 0.9538
loss: 0.1577, acc: 0.9531
loss: 0.1577, acc: 0.9529
loss: 0.1588, acc: 0.9531
loss: 0.1591, acc: 0.9529
loss: 0.1594, acc: 0.9528
loss: 0.1610, acc: 0.9520
loss: 0.1619, acc: 0.9516
loss: 0.1601, acc: 0.9527
loss: 0.1587, acc: 0.9534
> val_acc: 0.7759, val_f1: 0.6315
>>>>>>>>>>>>>>>>>>>>>>>>>>>>>>>>>>>>>>>>>>>>>>>>>>>>>>>>>>>>>>>>>>>>>>>>>>>>>>>>>>>>>>>>>>>>>>>>>>>>
epoch: 21
loss: 0.1796, acc: 0.9531
loss: 0.1455, acc: 0.9598
loss: 0.1526, acc: 0.9635
loss: 0.1471, acc: 0.9596
loss: 0.1422, acc: 0.9631
loss: 0.1390, acc: 0.9653
loss: 0.1382, acc: 0.9658
loss: 0.1409, acc: 0.9645
loss: 0.1408, acc: 0.9628
loss: 0.1430, acc: 0.9634
loss: 0.1440, acc: 0.9621
loss: 0.1434, acc: 0.9611
loss: 0.1450, acc: 0.9612
loss: 0.1458, acc: 0.9622
loss: 0.1447, acc: 0.9618
loss: 0.1452, acc: 0.9610
loss: 0.1485, acc: 0.9588
loss: 0.1489, acc: 0.9583
loss: 0.1511, acc: 0.9569
loss: 0.1529, acc: 0.9559
loss: 0.1525, acc: 0.9562
loss: 0.1521, acc: 0.9562
loss: 0.1511, acc: 0.9568
> val_acc: 0.7741, val_f1: 0.6371
>>>>>>>>>>>>>>>>>>>>>>>>>>>>>>>>>>>>>>>>>>>>>>>>>>>>>>>>>>>>>>>>>>>>>>>>>>>>>>>>>>>>>>>>>>>>>>>>>>>>
epoch: 22
loss: 0.1781, acc: 0.9531
loss: 0.1367, acc: 0.9722
loss: 0.1470, acc: 0.9643
loss: 0.1391, acc: 0.9688
loss: 0.1418, acc: 0.9674
loss: 0.1410, acc: 0.9688
loss: 0.1451, acc: 0.9642
loss: 0.1442, acc: 0.9615
loss: 0.1440, acc: 0.9616
loss: 0.1381, acc: 0.9643
loss: 0.1419, acc: 0.9618
loss: 0.1469, acc: 0.9592
loss: 0.1454, acc: 0.9600
loss: 0.1441, acc: 0.9611
loss: 0.1421, acc: 0.9628
loss: 0.1402, acc: 0.9632
loss: 0.1407, acc: 0.9624
loss: 0.1418, acc: 0.9610
loss: 0.1418, acc: 0.9614
loss: 0.1419, acc: 0.9605
loss: 0.1423, acc: 0.9603
loss: 0.1445, acc: 0.9593
> val_acc: 0.7759, val_f1: 0.6257
>>>>>>>>>>>>>>>>>>>>>>>>>>>>>>>>>>>>>>>>>>>>>>>>>>>>>>>>>>>>>>>>>>>>>>>>>>>>>>>>>>>>>>>>>>>>>>>>>>>>
epoch: 23
loss: 0.1395, acc: 0.9688
loss: 0.1474, acc: 0.9531
loss: 0.1424, acc: 0.9489
loss: 0.1436, acc: 0.9492
loss: 0.1408, acc: 0.9539
loss: 0.1420, acc: 0.9555
loss: 0.1353, acc: 0.9597
loss: 0.1315, acc: 0.9627
loss: 0.1312, acc: 0.9649
loss: 0.1299, acc: 0.9667
loss: 0.1301, acc: 0.9669
loss: 0.1298, acc: 0.9665
loss: 0.1331, acc: 0.9657
loss: 0.1386, acc: 0.9631
loss: 0.1392, acc: 0.9630
loss: 0.1398, acc: 0.9622
loss: 0.1435, acc: 0.9603
loss: 0.1422, acc: 0.9611
loss: 0.1421, acc: 0.9609
loss: 0.1427, acc: 0.9606
loss: 0.1426, acc: 0.9607
loss: 0.1421, acc: 0.9608
loss: 0.1416, acc: 0.9617
> val_acc: 0.7714, val_f1: 0.6329
>>>>>>>>>>>>>>>>>>>>>>>>>>>>>>>>>>>>>>>>>>>>>>>>>>>>>>>>>>>>>>>>>>>>>>>>>>>>>>>>>>>>>>>>>>>>>>>>>>>>
epoch: 24
loss: 0.1393, acc: 0.9688
loss: 0.1503, acc: 0.9531
loss: 0.1394, acc: 0.9591
loss: 0.1353, acc: 0.9635
loss: 0.1384, acc: 0.9606
loss: 0.1423, acc: 0.9587
loss: 0.1417, acc: 0.9555
loss: 0.1393, acc: 0.9581
loss: 0.1361, acc: 0.9593
loss: 0.1338, acc: 0.9577
loss: 0.1319, acc: 0.9593
loss: 0.1311, acc: 0.9607
loss: 0.1326, acc: 0.9598
loss: 0.1328, acc: 0.9609
loss: 0.1355, acc: 0.9598
loss: 0.1350, acc: 0.9599
loss: 0.1346, acc: 0.9605
loss: 0.1359, acc: 0.9609
loss: 0.1341, acc: 0.9617
loss: 0.1348, acc: 0.9614
loss: 0.1353, acc: 0.9615
loss: 0.1363, acc: 0.9609
loss: 0.1379, acc: 0.9604
> val_acc: 0.7732, val_f1: 0.6300
>>>>>>>>>>>>>>>>>>>>>>>>>>>>>>>>>>>>>>>>>>>>>>>>>>>>>>>>>>>>>>>>>>>>>>>>>>>>>>>>>>>>>>>>>>>>>>>>>>>>
epoch: 25
loss: 0.0974, acc: 0.9688
loss: 0.1102, acc: 0.9625
loss: 0.1247, acc: 0.9563
loss: 0.1212, acc: 0.9609
loss: 0.1200, acc: 0.9650
loss: 0.1205, acc: 0.9667
loss: 0.1186, acc: 0.9688
loss: 0.1170, acc: 0.9719
loss: 0.1148, acc: 0.9729
loss: 0.1181, acc: 0.9706
loss: 0.1210, acc: 0.9693
loss: 0.1224, acc: 0.9661
loss: 0.1265, acc: 0.9639
loss: 0.1268, acc: 0.9656
loss: 0.1268, acc: 0.9658
loss: 0.1263, acc: 0.9664
loss: 0.1286, acc: 0.9643
loss: 0.1328, acc: 0.9628
loss: 0.1335, acc: 0.9625
loss: 0.1343, acc: 0.9619
loss: 0.1336, acc: 0.9616
loss: 0.1337, acc: 0.9608
> val_acc: 0.7750, val_f1: 0.6382
>>>>>>>>>>>>>>>>>>>>>>>>>>>>>>>>>>>>>>>>>>>>>>>>>>>>>>>>>>>>>>>>>>>>>>>>>>>>>>>>>>>>>>>>>>>>>>>>>>>>
epoch: 26
loss: 0.1208, acc: 0.9688
loss: 0.1206, acc: 0.9732
loss: 0.1105, acc: 0.9740
loss: 0.1222, acc: 0.9651
loss: 0.1199, acc: 0.9659
loss: 0.1259, acc: 0.9606
loss: 0.1244, acc: 0.9629
loss: 0.1271, acc: 0.9620
loss: 0.1272, acc: 0.9635
loss: 0.1310, acc: 0.9621
loss: 0.1350, acc: 0.9591
loss: 0.1312, acc: 0.9616
loss: 0.1313, acc: 0.9622
loss: 0.1283, acc: 0.9641
loss: 0.1289, acc: 0.9622
loss: 0.1296, acc: 0.9627
loss: 0.1294, acc: 0.9623
loss: 0.1312, acc: 0.9616
loss: 0.1308, acc: 0.9609
loss: 0.1308, acc: 0.9610
loss: 0.1323, acc: 0.9602
loss: 0.1322, acc: 0.9597
loss: 0.1318, acc: 0.9601
> val_acc: 0.7714, val_f1: 0.6368
>>>>>>>>>>>>>>>>>>>>>>>>>>>>>>>>>>>>>>>>>>>>>>>>>>>>>>>>>>>>>>>>>>>>>>>>>>>>>>>>>>>>>>>>>>>>>>>>>>>>
epoch: 27
loss: 0.1264, acc: 0.9766
loss: 0.1093, acc: 0.9757
loss: 0.1102, acc: 0.9754
loss: 0.1160, acc: 0.9688
loss: 0.1180, acc: 0.9688
loss: 0.1161, acc: 0.9698
loss: 0.1180, acc: 0.9688
loss: 0.1164, acc: 0.9704
loss: 0.1165, acc: 0.9702
loss: 0.1132, acc: 0.9719
loss: 0.1169, acc: 0.9699
loss: 0.1178, acc: 0.9677
loss: 0.1199, acc: 0.9678
loss: 0.1195, acc: 0.9678
loss: 0.1222, acc: 0.9666
loss: 0.1205, acc: 0.9676
loss: 0.1225, acc: 0.9665
loss: 0.1237, acc: 0.9663
loss: 0.1239, acc: 0.9671
loss: 0.1264, acc: 0.9656
loss: 0.1251, acc: 0.9666
loss: 0.1252, acc: 0.9656
> val_acc: 0.7714, val_f1: 0.6356
>>>>>>>>>>>>>>>>>>>>>>>>>>>>>>>>>>>>>>>>>>>>>>>>>>>>>>>>>>>>>>>>>>>>>>>>>>>>>>>>>>>>>>>>>>>>>>>>>>>>
epoch: 28
loss: 0.1080, acc: 0.9688
loss: 0.1077, acc: 0.9844
loss: 0.1177, acc: 0.9773
loss: 0.1206, acc: 0.9727
loss: 0.1168, acc: 0.9732
loss: 0.1254, acc: 0.9724
loss: 0.1239, acc: 0.9688
loss: 0.1171, acc: 0.9722
loss: 0.1163, acc: 0.9710
loss: 0.1160, acc: 0.9708
loss: 0.1135, acc: 0.9724
loss: 0.1147, acc: 0.9710
loss: 0.1158, acc: 0.9708
loss: 0.1155, acc: 0.9706
loss: 0.1156, acc: 0.9705
loss: 0.1168, acc: 0.9696
loss: 0.1156, acc: 0.9703
loss: 0.1150, acc: 0.9706
loss: 0.1160, acc: 0.9698
loss: 0.1165, acc: 0.9688
loss: 0.1202, acc: 0.9660
loss: 0.1225, acc: 0.9658
loss: 0.1219, acc: 0.9662
> val_acc: 0.7625, val_f1: 0.6215
>>>>>>>>>>>>>>>>>>>>>>>>>>>>>>>>>>>>>>>>>>>>>>>>>>>>>>>>>>>>>>>>>>>>>>>>>>>>>>>>>>>>>>>>>>>>>>>>>>>>
epoch: 29
loss: 0.1249, acc: 0.9479
loss: 0.1018, acc: 0.9766
loss: 0.1091, acc: 0.9639
loss: 0.1033, acc: 0.9705
loss: 0.1073, acc: 0.9688
loss: 0.1048, acc: 0.9688
loss: 0.1029, acc: 0.9706
loss: 0.1049, acc: 0.9688
loss: 0.1074, acc: 0.9680
loss: 0.1086, acc: 0.9688
loss: 0.1090, acc: 0.9676
loss: 0.1083, acc: 0.9688
loss: 0.1089, acc: 0.9692
loss: 0.1084, acc: 0.9701
loss: 0.1092, acc: 0.9692
loss: 0.1123, acc: 0.9675
loss: 0.1149, acc: 0.9657
loss: 0.1180, acc: 0.9648
loss: 0.1184, acc: 0.9644
loss: 0.1185, acc: 0.9652
loss: 0.1174, acc: 0.9666
loss: 0.1188, acc: 0.9653
loss: 0.1189, acc: 0.9651
> val_acc: 0.7741, val_f1: 0.6270
>> test_acc: 0.7795, test_f1: 0.6511
