cuda memory allocated: 19331072
n_trainable_params: 3507003, n_nontrainable_params: 1323600
> training arguments:
>>> model_name: gc_ian
>>> dataset: restaurant
>>> optimizer: <class 'torch.optim.adagrad.Adagrad'>
>>> initializer: <function xavier_uniform_ at 0x0000027AEE367620>
>>> learning_rate: 0.01
>>> momentum: 0.95
>>> dropout: 0.5
>>> l2reg: 5e-05
>>> num_epoch: 30
>>> batch_size: 32
>>> log_step: 5
>>> embed_dim: 300
>>> hidden_dim: 300
>>> bert_dim: 768
>>> pretrained_bert_name: bert-base-uncased
>>> max_seq_len: 80
>>> polarities_dim: 3
>>> hops: 3
>>> device: cuda
>>> seed: 10
>>> valset_ratio: 0
>>> num_layers: 1
>>> in_channels: 100
>>> out_channels: 1
>>> downbot: 20
>>> kernel_size: 3
>>> glove_path: ./glove/glove.840B.300d.txt
>>> model_class: <class 'models.gc_ian.GC_IAN'>
>>> dataset_file: {'train': './datasets/semeval14/Restaurants_Train.xml.seg', 'test': './datasets/semeval14/Restaurants_Test_Gold.xml.seg'}
>>> inputs_cols: ['text_raw_indices', 'aspect_indices']
>>>>>>>>>>>>>>>>>>>>>>>>>>>>>>>>>>>>>>>>>>>>>>>>>>>>>>>>>>>>>>>>>>>>>>>>>>>>>>>>>>>>>>>>>>>>>>>>>>>>
epoch: 0
loss: 2.0136, acc: 0.4500
loss: 1.4401, acc: 0.5188
loss: 1.2996, acc: 0.5208
loss: 1.2191, acc: 0.5250
loss: 1.1605, acc: 0.5375
loss: 1.1299, acc: 0.5323
loss: 1.0809, acc: 0.5375
loss: 1.0406, acc: 0.5594
loss: 1.0050, acc: 0.5785
loss: 0.9855, acc: 0.5875
loss: 0.9657, acc: 0.5938
loss: 0.9606, acc: 0.5932
loss: 0.9427, acc: 0.5995
loss: 0.9323, acc: 0.6018
loss: 0.9199, acc: 0.6079
loss: 0.9102, acc: 0.6109
loss: 0.8976, acc: 0.6176
loss: 0.8816, acc: 0.6260
loss: 0.8797, acc: 0.6253
loss: 0.8697, acc: 0.6300
loss: 0.8648, acc: 0.6330
loss: 0.8611, acc: 0.6347
> val_acc: 0.7455, val_f1: 0.5668
>> saved: state_dict/gc_ian_restaurant_val_acc0.7455
>>>>>>>>>>>>>>>>>>>>>>>>>>>>>>>>>>>>>>>>>>>>>>>>>>>>>>>>>>>>>>>>>>>>>>>>>>>>>>>>>>>>>>>>>>>>>>>>>>>>
epoch: 1
loss: 0.5331, acc: 0.8125
loss: 0.5648, acc: 0.7857
loss: 0.6055, acc: 0.7604
loss: 0.5859, acc: 0.7684
loss: 0.5797, acc: 0.7670
loss: 0.5867, acc: 0.7616
loss: 0.5750, acc: 0.7676
loss: 0.5839, acc: 0.7584
loss: 0.5804, acc: 0.7626
loss: 0.5854, acc: 0.7580
loss: 0.5822, acc: 0.7620
loss: 0.5821, acc: 0.7621
loss: 0.5813, acc: 0.7636
loss: 0.5806, acc: 0.7645
loss: 0.5786, acc: 0.7639
loss: 0.5771, acc: 0.7642
loss: 0.5742, acc: 0.7664
loss: 0.5749, acc: 0.7669
loss: 0.5733, acc: 0.7663
loss: 0.5719, acc: 0.7680
loss: 0.5735, acc: 0.7669
loss: 0.5711, acc: 0.7681
loss: 0.5694, acc: 0.7693
> val_acc: 0.7616, val_f1: 0.5917
>> saved: state_dict/gc_ian_restaurant_val_acc0.7616
>>>>>>>>>>>>>>>>>>>>>>>>>>>>>>>>>>>>>>>>>>>>>>>>>>>>>>>>>>>>>>>>>>>>>>>>>>>>>>>>>>>>>>>>>>>>>>>>>>>>
epoch: 2
loss: 0.4422, acc: 0.8516
loss: 0.4423, acc: 0.8299
loss: 0.4455, acc: 0.8304
loss: 0.4532, acc: 0.8322
loss: 0.4580, acc: 0.8307
loss: 0.4596, acc: 0.8297
loss: 0.4659, acc: 0.8199
loss: 0.4562, acc: 0.8221
loss: 0.4627, acc: 0.8153
loss: 0.4623, acc: 0.8157
loss: 0.4642, acc: 0.8177
loss: 0.4593, acc: 0.8199
loss: 0.4611, acc: 0.8203
loss: 0.4653, acc: 0.8197
loss: 0.4700, acc: 0.8171
loss: 0.4710, acc: 0.8180
loss: 0.4736, acc: 0.8181
loss: 0.4685, acc: 0.8202
loss: 0.4663, acc: 0.8211
loss: 0.4664, acc: 0.8198
loss: 0.4643, acc: 0.8212
loss: 0.4645, acc: 0.8211
> val_acc: 0.7670, val_f1: 0.6190
>> saved: state_dict/gc_ian_restaurant_val_acc0.767
>>>>>>>>>>>>>>>>>>>>>>>>>>>>>>>>>>>>>>>>>>>>>>>>>>>>>>>>>>>>>>>>>>>>>>>>>>>>>>>>>>>>>>>>>>>>>>>>>>>>
epoch: 3
loss: 0.3634, acc: 0.8438
loss: 0.4210, acc: 0.8438
loss: 0.4117, acc: 0.8580
loss: 0.4011, acc: 0.8633
loss: 0.3994, acc: 0.8601
loss: 0.3932, acc: 0.8642
loss: 0.3910, acc: 0.8700
loss: 0.3828, acc: 0.8715
loss: 0.3908, acc: 0.8643
loss: 0.3932, acc: 0.8635
loss: 0.3916, acc: 0.8634
loss: 0.3893, acc: 0.8661
loss: 0.3865, acc: 0.8678
loss: 0.3876, acc: 0.8655
loss: 0.3896, acc: 0.8640
loss: 0.3914, acc: 0.8623
loss: 0.3915, acc: 0.8623
loss: 0.3949, acc: 0.8608
loss: 0.3959, acc: 0.8592
loss: 0.3945, acc: 0.8594
loss: 0.3948, acc: 0.8586
loss: 0.3942, acc: 0.8573
loss: 0.3961, acc: 0.8570
> val_acc: 0.7732, val_f1: 0.6365
>> saved: state_dict/gc_ian_restaurant_val_acc0.7732
>>>>>>>>>>>>>>>>>>>>>>>>>>>>>>>>>>>>>>>>>>>>>>>>>>>>>>>>>>>>>>>>>>>>>>>>>>>>>>>>>>>>>>>>>>>>>>>>>>>>
epoch: 4
loss: 0.2340, acc: 0.9583
loss: 0.3212, acc: 0.8945
loss: 0.3235, acc: 0.8870
loss: 0.3239, acc: 0.8924
loss: 0.3193, acc: 0.8954
loss: 0.3168, acc: 0.8996
loss: 0.3183, acc: 0.9006
loss: 0.3169, acc: 0.9005
loss: 0.3188, acc: 0.8997
loss: 0.3242, acc: 0.8984
loss: 0.3203, acc: 0.8980
loss: 0.3204, acc: 0.8998
loss: 0.3203, acc: 0.9003
loss: 0.3287, acc: 0.8952
loss: 0.3287, acc: 0.8955
loss: 0.3286, acc: 0.8946
loss: 0.3293, acc: 0.8938
loss: 0.3309, acc: 0.8917
loss: 0.3306, acc: 0.8915
loss: 0.3333, acc: 0.8906
loss: 0.3379, acc: 0.8865
loss: 0.3382, acc: 0.8860
loss: 0.3397, acc: 0.8855
> val_acc: 0.7652, val_f1: 0.6236
>>>>>>>>>>>>>>>>>>>>>>>>>>>>>>>>>>>>>>>>>>>>>>>>>>>>>>>>>>>>>>>>>>>>>>>>>>>>>>>>>>>>>>>>>>>>>>>>>>>>
epoch: 5
loss: 0.3246, acc: 0.9062
loss: 0.3228, acc: 0.8969
loss: 0.3041, acc: 0.9125
loss: 0.2972, acc: 0.9203
loss: 0.2958, acc: 0.9150
loss: 0.2949, acc: 0.9167
loss: 0.2955, acc: 0.9134
loss: 0.2919, acc: 0.9148
loss: 0.2956, acc: 0.9118
loss: 0.2919, acc: 0.9119
loss: 0.2930, acc: 0.9102
loss: 0.2975, acc: 0.9073
loss: 0.2969, acc: 0.9062
loss: 0.2959, acc: 0.9062
loss: 0.2983, acc: 0.9038
loss: 0.2969, acc: 0.9043
loss: 0.2954, acc: 0.9051
loss: 0.2965, acc: 0.9045
loss: 0.2995, acc: 0.9023
loss: 0.2982, acc: 0.9034
loss: 0.2992, acc: 0.9036
loss: 0.2974, acc: 0.9045
> val_acc: 0.7607, val_f1: 0.6060
>>>>>>>>>>>>>>>>>>>>>>>>>>>>>>>>>>>>>>>>>>>>>>>>>>>>>>>>>>>>>>>>>>>>>>>>>>>>>>>>>>>>>>>>>>>>>>>>>>>>
epoch: 6
loss: 0.2540, acc: 0.9375
loss: 0.2990, acc: 0.9062
loss: 0.2703, acc: 0.9141
loss: 0.2530, acc: 0.9228
loss: 0.2585, acc: 0.9233
loss: 0.2589, acc: 0.9225
loss: 0.2535, acc: 0.9248
loss: 0.2510, acc: 0.9257
loss: 0.2496, acc: 0.9263
loss: 0.2563, acc: 0.9235
loss: 0.2557, acc: 0.9243
loss: 0.2558, acc: 0.9243
loss: 0.2574, acc: 0.9214
loss: 0.2585, acc: 0.9202
loss: 0.2584, acc: 0.9184
loss: 0.2630, acc: 0.9172
loss: 0.2631, acc: 0.9177
loss: 0.2672, acc: 0.9163
loss: 0.2673, acc: 0.9158
loss: 0.2665, acc: 0.9162
loss: 0.2666, acc: 0.9154
loss: 0.2665, acc: 0.9162
loss: 0.2669, acc: 0.9160
> val_acc: 0.7652, val_f1: 0.6054
>>>>>>>>>>>>>>>>>>>>>>>>>>>>>>>>>>>>>>>>>>>>>>>>>>>>>>>>>>>>>>>>>>>>>>>>>>>>>>>>>>>>>>>>>>>>>>>>>>>>
epoch: 7
loss: 0.2008, acc: 0.9609
loss: 0.2124, acc: 0.9375
loss: 0.2205, acc: 0.9397
loss: 0.2120, acc: 0.9490
loss: 0.2154, acc: 0.9440
loss: 0.2164, acc: 0.9440
loss: 0.2281, acc: 0.9366
loss: 0.2283, acc: 0.9359
loss: 0.2256, acc: 0.9354
loss: 0.2269, acc: 0.9337
loss: 0.2291, acc: 0.9317
loss: 0.2326, acc: 0.9306
loss: 0.2308, acc: 0.9321
loss: 0.2352, acc: 0.9293
loss: 0.2399, acc: 0.9269
loss: 0.2400, acc: 0.9276
loss: 0.2386, acc: 0.9275
loss: 0.2406, acc: 0.9256
loss: 0.2401, acc: 0.9245
loss: 0.2416, acc: 0.9236
loss: 0.2418, acc: 0.9228
loss: 0.2418, acc: 0.9223
> val_acc: 0.7696, val_f1: 0.6229
>>>>>>>>>>>>>>>>>>>>>>>>>>>>>>>>>>>>>>>>>>>>>>>>>>>>>>>>>>>>>>>>>>>>>>>>>>>>>>>>>>>>>>>>>>>>>>>>>>>>
epoch: 8
loss: 0.2109, acc: 0.9688
loss: 0.1715, acc: 0.9740
loss: 0.1866, acc: 0.9659
loss: 0.1974, acc: 0.9570
loss: 0.2026, acc: 0.9509
loss: 0.2000, acc: 0.9483
loss: 0.2029, acc: 0.9446
loss: 0.2021, acc: 0.9444
loss: 0.2041, acc: 0.9428
loss: 0.2058, acc: 0.9423
loss: 0.2074, acc: 0.9418
loss: 0.2100, acc: 0.9392
loss: 0.2106, acc: 0.9390
loss: 0.2142, acc: 0.9366
loss: 0.2126, acc: 0.9384
loss: 0.2188, acc: 0.9346
loss: 0.2222, acc: 0.9333
loss: 0.2233, acc: 0.9339
loss: 0.2224, acc: 0.9344
loss: 0.2222, acc: 0.9342
loss: 0.2212, acc: 0.9335
loss: 0.2193, acc: 0.9331
loss: 0.2195, acc: 0.9338
> val_acc: 0.7741, val_f1: 0.6425
>> saved: state_dict/gc_ian_restaurant_val_acc0.7741
>>>>>>>>>>>>>>>>>>>>>>>>>>>>>>>>>>>>>>>>>>>>>>>>>>>>>>>>>>>>>>>>>>>>>>>>>>>>>>>>>>>>>>>>>>>>>>>>>>>>
epoch: 9
loss: 0.2079, acc: 0.9375
loss: 0.1878, acc: 0.9570
loss: 0.1857, acc: 0.9567
loss: 0.1800, acc: 0.9566
loss: 0.1857, acc: 0.9552
loss: 0.1888, acc: 0.9531
loss: 0.1937, acc: 0.9489
loss: 0.1950, acc: 0.9457
loss: 0.1975, acc: 0.9455
loss: 0.1979, acc: 0.9434
loss: 0.1987, acc: 0.9434
loss: 0.2014, acc: 0.9418
loss: 0.1982, acc: 0.9425
loss: 0.1968, acc: 0.9426
loss: 0.1961, acc: 0.9431
loss: 0.1975, acc: 0.9423
loss: 0.1960, acc: 0.9428
loss: 0.1971, acc: 0.9428
loss: 0.1976, acc: 0.9422
loss: 0.1984, acc: 0.9413
loss: 0.1991, acc: 0.9408
loss: 0.1985, acc: 0.9410
loss: 0.1987, acc: 0.9412
> val_acc: 0.7679, val_f1: 0.6158
>>>>>>>>>>>>>>>>>>>>>>>>>>>>>>>>>>>>>>>>>>>>>>>>>>>>>>>>>>>>>>>>>>>>>>>>>>>>>>>>>>>>>>>>>>>>>>>>>>>>
epoch: 10
loss: 0.2404, acc: 0.9250
loss: 0.2133, acc: 0.9406
loss: 0.2183, acc: 0.9354
loss: 0.2015, acc: 0.9422
loss: 0.1914, acc: 0.9475
loss: 0.1916, acc: 0.9448
loss: 0.1884, acc: 0.9473
loss: 0.1845, acc: 0.9500
loss: 0.1851, acc: 0.9493
loss: 0.1878, acc: 0.9463
loss: 0.1855, acc: 0.9466
loss: 0.1860, acc: 0.9453
loss: 0.1836, acc: 0.9462
loss: 0.1843, acc: 0.9455
loss: 0.1870, acc: 0.9446
loss: 0.1842, acc: 0.9461
loss: 0.1852, acc: 0.9456
loss: 0.1869, acc: 0.9431
loss: 0.1878, acc: 0.9428
loss: 0.1886, acc: 0.9419
loss: 0.1887, acc: 0.9417
loss: 0.1895, acc: 0.9415
> val_acc: 0.7741, val_f1: 0.6342
>>>>>>>>>>>>>>>>>>>>>>>>>>>>>>>>>>>>>>>>>>>>>>>>>>>>>>>>>>>>>>>>>>>>>>>>>>>>>>>>>>>>>>>>>>>>>>>>>>>>
epoch: 11
loss: 0.1812, acc: 0.9219
loss: 0.1787, acc: 0.9286
loss: 0.1619, acc: 0.9505
loss: 0.1703, acc: 0.9467
loss: 0.1650, acc: 0.9545
loss: 0.1614, acc: 0.9549
loss: 0.1607, acc: 0.9561
loss: 0.1619, acc: 0.9561
loss: 0.1624, acc: 0.9568
loss: 0.1646, acc: 0.9548
loss: 0.1668, acc: 0.9543
loss: 0.1631, acc: 0.9572
loss: 0.1619, acc: 0.9572
loss: 0.1622, acc: 0.9571
loss: 0.1644, acc: 0.9557
loss: 0.1635, acc: 0.9570
loss: 0.1653, acc: 0.9566
loss: 0.1652, acc: 0.9565
loss: 0.1658, acc: 0.9565
loss: 0.1665, acc: 0.9552
loss: 0.1639, acc: 0.9568
loss: 0.1663, acc: 0.9553
loss: 0.1663, acc: 0.9556
> val_acc: 0.7679, val_f1: 0.6133
>>>>>>>>>>>>>>>>>>>>>>>>>>>>>>>>>>>>>>>>>>>>>>>>>>>>>>>>>>>>>>>>>>>>>>>>>>>>>>>>>>>>>>>>>>>>>>>>>>>>
epoch: 12
loss: 0.1711, acc: 0.9453
loss: 0.1470, acc: 0.9618
loss: 0.1393, acc: 0.9665
loss: 0.1470, acc: 0.9605
loss: 0.1445, acc: 0.9596
loss: 0.1400, acc: 0.9612
loss: 0.1425, acc: 0.9605
loss: 0.1436, acc: 0.9615
loss: 0.1462, acc: 0.9616
loss: 0.1508, acc: 0.9598
loss: 0.1544, acc: 0.9572
loss: 0.1546, acc: 0.9566
loss: 0.1586, acc: 0.9546
loss: 0.1614, acc: 0.9534
loss: 0.1623, acc: 0.9523
loss: 0.1611, acc: 0.9545
loss: 0.1626, acc: 0.9535
loss: 0.1618, acc: 0.9544
loss: 0.1665, acc: 0.9511
loss: 0.1657, acc: 0.9517
loss: 0.1636, acc: 0.9525
loss: 0.1622, acc: 0.9536
> val_acc: 0.7723, val_f1: 0.6306
>>>>>>>>>>>>>>>>>>>>>>>>>>>>>>>>>>>>>>>>>>>>>>>>>>>>>>>>>>>>>>>>>>>>>>>>>>>>>>>>>>>>>>>>>>>>>>>>>>>>
epoch: 13
loss: 0.1542, acc: 0.9688
loss: 0.1422, acc: 0.9635
loss: 0.1464, acc: 0.9602
loss: 0.1383, acc: 0.9668
loss: 0.1415, acc: 0.9688
loss: 0.1353, acc: 0.9712
loss: 0.1360, acc: 0.9698
loss: 0.1365, acc: 0.9705
loss: 0.1403, acc: 0.9680
loss: 0.1473, acc: 0.9654
loss: 0.1488, acc: 0.9645
loss: 0.1479, acc: 0.9632
loss: 0.1506, acc: 0.9606
loss: 0.1503, acc: 0.9607
loss: 0.1506, acc: 0.9608
loss: 0.1511, acc: 0.9597
loss: 0.1530, acc: 0.9579
loss: 0.1529, acc: 0.9586
loss: 0.1520, acc: 0.9588
loss: 0.1522, acc: 0.9590
loss: 0.1532, acc: 0.9576
loss: 0.1535, acc: 0.9578
loss: 0.1527, acc: 0.9583
> val_acc: 0.7696, val_f1: 0.6203
>>>>>>>>>>>>>>>>>>>>>>>>>>>>>>>>>>>>>>>>>>>>>>>>>>>>>>>>>>>>>>>>>>>>>>>>>>>>>>>>>>>>>>>>>>>>>>>>>>>>
epoch: 14
loss: 0.1182, acc: 1.0000
loss: 0.1397, acc: 0.9766
loss: 0.1434, acc: 0.9712
loss: 0.1423, acc: 0.9722
loss: 0.1363, acc: 0.9715
loss: 0.1367, acc: 0.9699
loss: 0.1308, acc: 0.9716
loss: 0.1315, acc: 0.9729
loss: 0.1296, acc: 0.9746
loss: 0.1298, acc: 0.9740
loss: 0.1323, acc: 0.9723
loss: 0.1304, acc: 0.9741
loss: 0.1298, acc: 0.9747
loss: 0.1307, acc: 0.9720
loss: 0.1300, acc: 0.9722
loss: 0.1321, acc: 0.9716
loss: 0.1318, acc: 0.9706
loss: 0.1346, acc: 0.9698
loss: 0.1349, acc: 0.9684
loss: 0.1374, acc: 0.9675
loss: 0.1383, acc: 0.9669
loss: 0.1389, acc: 0.9667
loss: 0.1382, acc: 0.9670
> val_acc: 0.7777, val_f1: 0.6506
>> saved: state_dict/gc_ian_restaurant_val_acc0.7777
>>>>>>>>>>>>>>>>>>>>>>>>>>>>>>>>>>>>>>>>>>>>>>>>>>>>>>>>>>>>>>>>>>>>>>>>>>>>>>>>>>>>>>>>>>>>>>>>>>>>
epoch: 15
loss: 0.0972, acc: 0.9938
loss: 0.1178, acc: 0.9812
loss: 0.1173, acc: 0.9792
loss: 0.1200, acc: 0.9781
loss: 0.1220, acc: 0.9800
loss: 0.1247, acc: 0.9792
loss: 0.1225, acc: 0.9786
loss: 0.1244, acc: 0.9766
loss: 0.1231, acc: 0.9757
loss: 0.1223, acc: 0.9750
loss: 0.1206, acc: 0.9761
loss: 0.1209, acc: 0.9766
loss: 0.1228, acc: 0.9755
loss: 0.1246, acc: 0.9723
loss: 0.1241, acc: 0.9733
loss: 0.1252, acc: 0.9715
loss: 0.1248, acc: 0.9721
loss: 0.1270, acc: 0.9712
loss: 0.1276, acc: 0.9711
loss: 0.1278, acc: 0.9700
loss: 0.1273, acc: 0.9708
loss: 0.1274, acc: 0.9705
> val_acc: 0.7750, val_f1: 0.6570
>>>>>>>>>>>>>>>>>>>>>>>>>>>>>>>>>>>>>>>>>>>>>>>>>>>>>>>>>>>>>>>>>>>>>>>>>>>>>>>>>>>>>>>>>>>>>>>>>>>>
epoch: 16
loss: 0.1687, acc: 0.9531
loss: 0.1204, acc: 0.9777
loss: 0.1155, acc: 0.9766
loss: 0.1201, acc: 0.9743
loss: 0.1184, acc: 0.9744
loss: 0.1168, acc: 0.9734
loss: 0.1157, acc: 0.9736
loss: 0.1136, acc: 0.9747
loss: 0.1162, acc: 0.9740
loss: 0.1154, acc: 0.9734
loss: 0.1167, acc: 0.9730
loss: 0.1222, acc: 0.9704
loss: 0.1213, acc: 0.9708
loss: 0.1201, acc: 0.9706
loss: 0.1170, acc: 0.9718
loss: 0.1179, acc: 0.9712
loss: 0.1186, acc: 0.9710
loss: 0.1175, acc: 0.9713
loss: 0.1181, acc: 0.9704
loss: 0.1198, acc: 0.9697
loss: 0.1206, acc: 0.9691
loss: 0.1206, acc: 0.9693
loss: 0.1229, acc: 0.9685
> val_acc: 0.7643, val_f1: 0.6060
>>>>>>>>>>>>>>>>>>>>>>>>>>>>>>>>>>>>>>>>>>>>>>>>>>>>>>>>>>>>>>>>>>>>>>>>>>>>>>>>>>>>>>>>>>>>>>>>>>>>
epoch: 17
loss: 0.0957, acc: 0.9922
loss: 0.0922, acc: 0.9896
loss: 0.0869, acc: 0.9911
loss: 0.0869, acc: 0.9901
loss: 0.0889, acc: 0.9896
loss: 0.0916, acc: 0.9849
loss: 0.1002, acc: 0.9798
loss: 0.1021, acc: 0.9784
loss: 0.1058, acc: 0.9759
loss: 0.1099, acc: 0.9732
loss: 0.1116, acc: 0.9716
loss: 0.1128, acc: 0.9719
loss: 0.1120, acc: 0.9731
loss: 0.1114, acc: 0.9724
loss: 0.1130, acc: 0.9713
loss: 0.1143, acc: 0.9703
loss: 0.1156, acc: 0.9691
loss: 0.1168, acc: 0.9688
loss: 0.1150, acc: 0.9704
loss: 0.1156, acc: 0.9710
loss: 0.1149, acc: 0.9709
loss: 0.1160, acc: 0.9705
> val_acc: 0.7661, val_f1: 0.6172
>>>>>>>>>>>>>>>>>>>>>>>>>>>>>>>>>>>>>>>>>>>>>>>>>>>>>>>>>>>>>>>>>>>>>>>>>>>>>>>>>>>>>>>>>>>>>>>>>>>>
epoch: 18
loss: 0.0678, acc: 0.9688
loss: 0.0795, acc: 0.9844
loss: 0.0896, acc: 0.9801
loss: 0.0859, acc: 0.9863
loss: 0.0874, acc: 0.9836
loss: 0.0900, acc: 0.9832
loss: 0.0933, acc: 0.9819
loss: 0.0964, acc: 0.9800
loss: 0.1035, acc: 0.9779
loss: 0.1053, acc: 0.9762
loss: 0.1050, acc: 0.9755
loss: 0.1048, acc: 0.9749
loss: 0.1055, acc: 0.9744
loss: 0.1100, acc: 0.9735
loss: 0.1118, acc: 0.9723
loss: 0.1117, acc: 0.9737
loss: 0.1087, acc: 0.9749
loss: 0.1086, acc: 0.9749
loss: 0.1089, acc: 0.9742
loss: 0.1107, acc: 0.9743
loss: 0.1103, acc: 0.9734
loss: 0.1102, acc: 0.9729
loss: 0.1118, acc: 0.9721
> val_acc: 0.7688, val_f1: 0.6191
>>>>>>>>>>>>>>>>>>>>>>>>>>>>>>>>>>>>>>>>>>>>>>>>>>>>>>>>>>>>>>>>>>>>>>>>>>>>>>>>>>>>>>>>>>>>>>>>>>>>
epoch: 19
loss: 0.0887, acc: 0.9896
loss: 0.1080, acc: 0.9766
loss: 0.1188, acc: 0.9712
loss: 0.1112, acc: 0.9757
loss: 0.1121, acc: 0.9742
loss: 0.1115, acc: 0.9721
loss: 0.1117, acc: 0.9735
loss: 0.1077, acc: 0.9753
loss: 0.1065, acc: 0.9746
loss: 0.1044, acc: 0.9753
loss: 0.1060, acc: 0.9735
loss: 0.1087, acc: 0.9714
loss: 0.1056, acc: 0.9732
loss: 0.1038, acc: 0.9743
loss: 0.1015, acc: 0.9756
loss: 0.1042, acc: 0.9736
loss: 0.1035, acc: 0.9733
loss: 0.1047, acc: 0.9727
loss: 0.1051, acc: 0.9728
loss: 0.1053, acc: 0.9723
loss: 0.1060, acc: 0.9715
loss: 0.1078, acc: 0.9705
loss: 0.1074, acc: 0.9709
> val_acc: 0.7696, val_f1: 0.6262
>>>>>>>>>>>>>>>>>>>>>>>>>>>>>>>>>>>>>>>>>>>>>>>>>>>>>>>>>>>>>>>>>>>>>>>>>>>>>>>>>>>>>>>>>>>>>>>>>>>>
epoch: 20
loss: 0.0750, acc: 0.9938
loss: 0.0875, acc: 0.9906
loss: 0.0951, acc: 0.9833
loss: 0.0963, acc: 0.9812
loss: 0.0969, acc: 0.9788
loss: 0.0986, acc: 0.9760
loss: 0.1092, acc: 0.9714
loss: 0.1076, acc: 0.9727
loss: 0.1080, acc: 0.9701
loss: 0.1062, acc: 0.9712
loss: 0.1070, acc: 0.9699
loss: 0.1059, acc: 0.9693
loss: 0.1059, acc: 0.9702
loss: 0.1063, acc: 0.9696
loss: 0.1060, acc: 0.9704
loss: 0.1047, acc: 0.9707
loss: 0.1041, acc: 0.9706
loss: 0.1028, acc: 0.9715
loss: 0.1018, acc: 0.9730
loss: 0.1015, acc: 0.9728
loss: 0.1029, acc: 0.9720
loss: 0.1031, acc: 0.9719
> val_acc: 0.7705, val_f1: 0.6191
>>>>>>>>>>>>>>>>>>>>>>>>>>>>>>>>>>>>>>>>>>>>>>>>>>>>>>>>>>>>>>>>>>>>>>>>>>>>>>>>>>>>>>>>>>>>>>>>>>>>
epoch: 21
loss: 0.0623, acc: 1.0000
loss: 0.0931, acc: 0.9821
loss: 0.0905, acc: 0.9818
loss: 0.0904, acc: 0.9816
loss: 0.0996, acc: 0.9759
loss: 0.0948, acc: 0.9780
loss: 0.0916, acc: 0.9805
loss: 0.0928, acc: 0.9797
loss: 0.0941, acc: 0.9792
loss: 0.0946, acc: 0.9774
loss: 0.0929, acc: 0.9778
loss: 0.0922, acc: 0.9781
loss: 0.0929, acc: 0.9768
loss: 0.0923, acc: 0.9771
loss: 0.0920, acc: 0.9774
loss: 0.0954, acc: 0.9756
loss: 0.0959, acc: 0.9748
loss: 0.0962, acc: 0.9752
loss: 0.0972, acc: 0.9752
loss: 0.0971, acc: 0.9755
loss: 0.0986, acc: 0.9755
loss: 0.0979, acc: 0.9755
loss: 0.0977, acc: 0.9754
> val_acc: 0.7679, val_f1: 0.6119
>>>>>>>>>>>>>>>>>>>>>>>>>>>>>>>>>>>>>>>>>>>>>>>>>>>>>>>>>>>>>>>>>>>>>>>>>>>>>>>>>>>>>>>>>>>>>>>>>>>>
epoch: 22
loss: 0.0713, acc: 0.9766
loss: 0.0925, acc: 0.9722
loss: 0.0885, acc: 0.9754
loss: 0.0843, acc: 0.9819
loss: 0.0874, acc: 0.9831
loss: 0.0852, acc: 0.9838
loss: 0.0827, acc: 0.9835
loss: 0.0870, acc: 0.9800
loss: 0.0860, acc: 0.9808
loss: 0.0865, acc: 0.9815
loss: 0.0845, acc: 0.9826
loss: 0.0828, acc: 0.9831
loss: 0.0828, acc: 0.9829
loss: 0.0830, acc: 0.9832
loss: 0.0843, acc: 0.9831
loss: 0.0886, acc: 0.9810
loss: 0.0890, acc: 0.9807
loss: 0.0884, acc: 0.9810
loss: 0.0888, acc: 0.9807
loss: 0.0898, acc: 0.9798
loss: 0.0907, acc: 0.9799
loss: 0.0907, acc: 0.9796
> val_acc: 0.7661, val_f1: 0.6104
>>>>>>>>>>>>>>>>>>>>>>>>>>>>>>>>>>>>>>>>>>>>>>>>>>>>>>>>>>>>>>>>>>>>>>>>>>>>>>>>>>>>>>>>>>>>>>>>>>>>
epoch: 23
loss: 0.0544, acc: 1.0000
loss: 0.0737, acc: 0.9792
loss: 0.0701, acc: 0.9858
loss: 0.0733, acc: 0.9824
loss: 0.0743, acc: 0.9851
loss: 0.0782, acc: 0.9820
loss: 0.0847, acc: 0.9778
loss: 0.0832, acc: 0.9809
loss: 0.0878, acc: 0.9794
loss: 0.0873, acc: 0.9789
loss: 0.0871, acc: 0.9798
loss: 0.0875, acc: 0.9794
loss: 0.0854, acc: 0.9805
loss: 0.0863, acc: 0.9796
loss: 0.0863, acc: 0.9798
loss: 0.0867, acc: 0.9799
loss: 0.0866, acc: 0.9796
loss: 0.0880, acc: 0.9782
loss: 0.0874, acc: 0.9784
loss: 0.0881, acc: 0.9782
loss: 0.0887, acc: 0.9787
loss: 0.0895, acc: 0.9776
loss: 0.0888, acc: 0.9780
> val_acc: 0.7723, val_f1: 0.6253
>>>>>>>>>>>>>>>>>>>>>>>>>>>>>>>>>>>>>>>>>>>>>>>>>>>>>>>>>>>>>>>>>>>>>>>>>>>>>>>>>>>>>>>>>>>>>>>>>>>>
epoch: 24
loss: 0.0708, acc: 0.9792
loss: 0.0776, acc: 0.9766
loss: 0.0785, acc: 0.9784
loss: 0.0837, acc: 0.9809
loss: 0.0847, acc: 0.9810
loss: 0.0835, acc: 0.9833
loss: 0.0840, acc: 0.9830
loss: 0.0837, acc: 0.9827
loss: 0.0812, acc: 0.9833
loss: 0.0830, acc: 0.9831
loss: 0.0825, acc: 0.9835
loss: 0.0837, acc: 0.9833
loss: 0.0864, acc: 0.9821
loss: 0.0871, acc: 0.9821
loss: 0.0883, acc: 0.9816
loss: 0.0883, acc: 0.9816
loss: 0.0883, acc: 0.9816
loss: 0.0885, acc: 0.9812
loss: 0.0895, acc: 0.9802
loss: 0.0893, acc: 0.9793
loss: 0.0888, acc: 0.9797
loss: 0.0879, acc: 0.9795
loss: 0.0878, acc: 0.9792
> val_acc: 0.7705, val_f1: 0.6169
>>>>>>>>>>>>>>>>>>>>>>>>>>>>>>>>>>>>>>>>>>>>>>>>>>>>>>>>>>>>>>>>>>>>>>>>>>>>>>>>>>>>>>>>>>>>>>>>>>>>
epoch: 25
loss: 0.0713, acc: 0.9875
loss: 0.0695, acc: 0.9875
loss: 0.0692, acc: 0.9875
loss: 0.0731, acc: 0.9828
loss: 0.0692, acc: 0.9850
loss: 0.0750, acc: 0.9823
loss: 0.0740, acc: 0.9830
loss: 0.0747, acc: 0.9820
loss: 0.0742, acc: 0.9812
loss: 0.0804, acc: 0.9781
loss: 0.0829, acc: 0.9778
loss: 0.0820, acc: 0.9781
loss: 0.0820, acc: 0.9774
loss: 0.0817, acc: 0.9781
loss: 0.0833, acc: 0.9771
loss: 0.0831, acc: 0.9777
loss: 0.0835, acc: 0.9776
loss: 0.0842, acc: 0.9778
loss: 0.0836, acc: 0.9783
loss: 0.0830, acc: 0.9788
loss: 0.0844, acc: 0.9786
loss: 0.0845, acc: 0.9784
> val_acc: 0.7723, val_f1: 0.6347
>>>>>>>>>>>>>>>>>>>>>>>>>>>>>>>>>>>>>>>>>>>>>>>>>>>>>>>>>>>>>>>>>>>>>>>>>>>>>>>>>>>>>>>>>>>>>>>>>>>>
epoch: 26
loss: 0.0425, acc: 1.0000
loss: 0.0672, acc: 0.9955
loss: 0.0664, acc: 0.9922
loss: 0.0714, acc: 0.9890
loss: 0.0657, acc: 0.9915
loss: 0.0690, acc: 0.9884
loss: 0.0694, acc: 0.9873
loss: 0.0685, acc: 0.9865
loss: 0.0695, acc: 0.9866
loss: 0.0699, acc: 0.9854
loss: 0.0704, acc: 0.9862
loss: 0.0716, acc: 0.9857
loss: 0.0719, acc: 0.9854
loss: 0.0744, acc: 0.9841
loss: 0.0752, acc: 0.9844
loss: 0.0763, acc: 0.9842
loss: 0.0785, acc: 0.9836
loss: 0.0779, acc: 0.9835
loss: 0.0792, acc: 0.9834
loss: 0.0806, acc: 0.9826
loss: 0.0795, acc: 0.9835
loss: 0.0804, acc: 0.9831
loss: 0.0820, acc: 0.9827
> val_acc: 0.7705, val_f1: 0.6230
>>>>>>>>>>>>>>>>>>>>>>>>>>>>>>>>>>>>>>>>>>>>>>>>>>>>>>>>>>>>>>>>>>>>>>>>>>>>>>>>>>>>>>>>>>>>>>>>>>>>
epoch: 27
loss: 0.0591, acc: 1.0000
loss: 0.0610, acc: 0.9931
loss: 0.0683, acc: 0.9911
loss: 0.0656, acc: 0.9885
loss: 0.0739, acc: 0.9844
loss: 0.0692, acc: 0.9871
loss: 0.0699, acc: 0.9871
loss: 0.0722, acc: 0.9864
loss: 0.0732, acc: 0.9865
loss: 0.0745, acc: 0.9847
loss: 0.0740, acc: 0.9850
loss: 0.0732, acc: 0.9846
loss: 0.0766, acc: 0.9810
loss: 0.0752, acc: 0.9823
loss: 0.0747, acc: 0.9831
loss: 0.0747, acc: 0.9822
loss: 0.0756, acc: 0.9821
loss: 0.0766, acc: 0.9817
loss: 0.0773, acc: 0.9814
loss: 0.0769, acc: 0.9814
loss: 0.0784, acc: 0.9799
loss: 0.0779, acc: 0.9805
> val_acc: 0.7670, val_f1: 0.6139
>>>>>>>>>>>>>>>>>>>>>>>>>>>>>>>>>>>>>>>>>>>>>>>>>>>>>>>>>>>>>>>>>>>>>>>>>>>>>>>>>>>>>>>>>>>>>>>>>>>>
epoch: 28
loss: 0.0794, acc: 1.0000
loss: 0.0892, acc: 0.9844
loss: 0.0680, acc: 0.9915
loss: 0.0773, acc: 0.9883
loss: 0.0811, acc: 0.9836
loss: 0.0753, acc: 0.9856
loss: 0.0761, acc: 0.9829
loss: 0.0773, acc: 0.9809
loss: 0.0750, acc: 0.9817
loss: 0.0745, acc: 0.9830
loss: 0.0750, acc: 0.9835
loss: 0.0760, acc: 0.9827
loss: 0.0755, acc: 0.9836
loss: 0.0755, acc: 0.9834
loss: 0.0752, acc: 0.9842
loss: 0.0755, acc: 0.9836
loss: 0.0756, acc: 0.9842
loss: 0.0748, acc: 0.9844
loss: 0.0770, acc: 0.9832
loss: 0.0759, acc: 0.9837
loss: 0.0744, acc: 0.9845
loss: 0.0742, acc: 0.9850
loss: 0.0753, acc: 0.9840
> val_acc: 0.7670, val_f1: 0.6172
>>>>>>>>>>>>>>>>>>>>>>>>>>>>>>>>>>>>>>>>>>>>>>>>>>>>>>>>>>>>>>>>>>>>>>>>>>>>>>>>>>>>>>>>>>>>>>>>>>>>
epoch: 29
loss: 0.0515, acc: 1.0000
loss: 0.0609, acc: 0.9922
loss: 0.0613, acc: 0.9904
loss: 0.0602, acc: 0.9896
loss: 0.0667, acc: 0.9878
loss: 0.0651, acc: 0.9900
loss: 0.0682, acc: 0.9867
loss: 0.0647, acc: 0.9877
loss: 0.0672, acc: 0.9862
loss: 0.0657, acc: 0.9863
loss: 0.0659, acc: 0.9864
loss: 0.0672, acc: 0.9865
loss: 0.0671, acc: 0.9861
loss: 0.0681, acc: 0.9848
loss: 0.0685, acc: 0.9842
loss: 0.0694, acc: 0.9832
loss: 0.0687, acc: 0.9834
loss: 0.0688, acc: 0.9833
loss: 0.0706, acc: 0.9832
loss: 0.0718, acc: 0.9828
loss: 0.0718, acc: 0.9827
loss: 0.0717, acc: 0.9829
loss: 0.0724, acc: 0.9823
> val_acc: 0.7661, val_f1: 0.6118
>> test_acc: 0.7777, test_f1: 0.6506
