cuda memory allocated: 8456192
n_trainable_params: 1766003, n_nontrainable_params: 346100
> training arguments:
>>> model_name: gc_ian
>>> model_ver: 1
>>> dataset: laptop
>>> optimizer: <class 'torch.optim.adagrad.Adagrad'>
>>> initializer: <function xavier_uniform_ at 0x000001338B3A86A8>
>>> learning_rate: 0.01
>>> momentum: 0.95
>>> dropout: 0.5
>>> l2reg: 5e-05
>>> num_epoch: 30
>>> batch_size: 32
>>> log_step: 5
>>> embed_dim: 100
>>> hidden_dim: 300
>>> bert_dim: 768
>>> pretrained_bert_name: bert-base-uncased
>>> embeddings: d
>>> max_seq_len: 80
>>> polarities_dim: 3
>>> hops: 3
>>> device: cuda
>>> seed: 10
>>> valset_ratio: 0
>>> num_layers: 1
>>> in_channels: 100
>>> out_channels: 1
>>> downbot: 20
>>> kernel_size: 3
>>> glove_path: ./embeddings/glove.840B.300d.txt
>>> embedding_matrix_path: gen_data/embeddings/100_laptop_domain_embedding_matrix.dat
>>> model_class: <class 'models.gc_ian.GC_IAN1'>
>>> dataset_file: {'train': './datasets/semeval14/Laptops_Train.xml.seg', 'test': './datasets/semeval14/Laptops_Test_Gold.xml.seg'}
>>> inputs_cols: ['text_raw_indices', 'aspect_indices']
>>>>>>>>>>>>>>>>>>>>>>>>>>>>>>>>>>>>>>>>>>>>>>>>>>>>>>>>>>>>>>>>>>>>>>>>>>>>>>>>>>>>>>>>>>>>>>>>>>>>
epoch: 0
loss: 1.1044, acc: 0.4562
loss: 1.0610, acc: 0.4875
loss: 1.0076, acc: 0.5458
loss: 0.9850, acc: 0.5563
loss: 0.9613, acc: 0.5800
loss: 0.9308, acc: 0.5938
loss: 0.9175, acc: 0.6009
loss: 0.9054, acc: 0.6055
loss: 0.8914, acc: 0.6090
loss: 0.8836, acc: 0.6144
loss: 0.8743, acc: 0.6159
loss: 0.8607, acc: 0.6219
loss: 0.8588, acc: 0.6226
loss: 0.8491, acc: 0.6277
> val_acc: 0.6536, val_f1: 0.5454
>> saved: state_dict/gc_ian_laptop_val_acc0.6536
>>>>>>>>>>>>>>>>>>>>>>>>>>>>>>>>>>>>>>>>>>>>>>>>>>>>>>>>>>>>>>>>>>>>>>>>>>>>>>>>>>>>>>>>>>>>>>>>>>>>
epoch: 1
loss: 0.6586, acc: 0.7188
loss: 0.6763, acc: 0.7277
loss: 0.6528, acc: 0.7396
loss: 0.6148, acc: 0.7702
loss: 0.6357, acc: 0.7514
loss: 0.6342, acc: 0.7488
loss: 0.6448, acc: 0.7422
loss: 0.6493, acc: 0.7390
loss: 0.6417, acc: 0.7440
loss: 0.6370, acc: 0.7447
loss: 0.6389, acc: 0.7416
loss: 0.6384, acc: 0.7456
loss: 0.6364, acc: 0.7455
loss: 0.6342, acc: 0.7472
loss: 0.6335, acc: 0.7491
> val_acc: 0.6959, val_f1: 0.6302
>> saved: state_dict/gc_ian_laptop_val_acc0.6959
>>>>>>>>>>>>>>>>>>>>>>>>>>>>>>>>>>>>>>>>>>>>>>>>>>>>>>>>>>>>>>>>>>>>>>>>>>>>>>>>>>>>>>>>>>>>>>>>>>>>
epoch: 2
loss: 0.5657, acc: 0.7734
loss: 0.5404, acc: 0.8090
loss: 0.5353, acc: 0.8125
loss: 0.5321, acc: 0.8076
loss: 0.5326, acc: 0.8021
loss: 0.5279, acc: 0.8093
loss: 0.5339, acc: 0.8051
loss: 0.5330, acc: 0.8037
loss: 0.5408, acc: 0.7997
loss: 0.5384, acc: 0.7991
loss: 0.5389, acc: 0.7957
loss: 0.5320, acc: 0.8003
loss: 0.5337, acc: 0.8027
loss: 0.5322, acc: 0.8043
> val_acc: 0.6755, val_f1: 0.5701
>>>>>>>>>>>>>>>>>>>>>>>>>>>>>>>>>>>>>>>>>>>>>>>>>>>>>>>>>>>>>>>>>>>>>>>>>>>>>>>>>>>>>>>>>>>>>>>>>>>>
epoch: 3
loss: 0.4065, acc: 0.9062
cuda memory allocated: 18369536
n_trainable_params: 3206003, n_nontrainable_params: 1384400
> training arguments:
>>> model_name: gc_ian
>>> model_ver: 1
>>> dataset: laptop
>>> optimizer: <class 'torch.optim.adagrad.Adagrad'>
>>> initializer: <function xavier_uniform_ at 0x0000020438A986A8>
>>> learning_rate: 0.01
>>> momentum: 0.95
>>> dropout: 0.5
>>> l2reg: 5e-05
>>> num_epoch: 30
>>> batch_size: 32
>>> log_step: 5
>>> embed_dim: 400
>>> hidden_dim: 300
>>> bert_dim: 768
>>> pretrained_bert_name: bert-base-uncased
>>> embeddings: gd
>>> max_seq_len: 80
>>> polarities_dim: 3
>>> hops: 3
>>> device: cuda
>>> seed: 10
>>> valset_ratio: 0
>>> num_layers: 1
>>> in_channels: 100
>>> out_channels: 1
>>> downbot: 20
>>> kernel_size: 3
>>> glove_path: ./embeddings/glove.840B.300d.txt
>>> embedding_matrix_path: gen_data/embeddings/400_laptop_glove_domain_embedding_matrix.dat
>>> model_class: <class 'models.gc_ian.GC_IAN1'>
>>> dataset_file: {'train': './datasets/semeval14/Laptops_Train.xml.seg', 'test': './datasets/semeval14/Laptops_Test_Gold.xml.seg'}
>>> inputs_cols: ['text_raw_indices', 'aspect_indices']
>>>>>>>>>>>>>>>>>>>>>>>>>>>>>>>>>>>>>>>>>>>>>>>>>>>>>>>>>>>>>>>>>>>>>>>>>>>>>>>>>>>>>>>>>>>>>>>>>>>>
epoch: 0
loss: 0.4514, acc: 0.8333
loss: 0.4615, acc: 0.8324
loss: 0.4633, acc: 0.8301
loss: 0.4632, acc: 0.8333
loss: 0.4583, acc: 0.8341
loss: 0.4649, acc: 0.8296
loss: 0.4700, acc: 0.8255
loss: 0.4730, acc: 0.8262
loss: 1.6763, acc: 0.4562
loss: 0.4777, acc: 0.8247
loss: 0.4763, acc: 0.8248
loss: 1.4364, acc: 0.4875
loss: 0.4738, acc: 0.8276
loss: 1.3087, acc: 0.5167
loss: 0.4706, acc: 0.8294
loss: 0.4667, acc: 0.8314
loss: 1.2039, acc: 0.5359
loss: 0.4732, acc: 0.8261
loss: 1.1699, acc: 0.5212
> val_acc: 0.7085, val_f1: 0.6240
>> saved: state_dict/gc_ian_laptop_val_acc0.7085
>>>>>>>>>>>>>>>>>>>>>>>>>>>>>>>>>>>>>>>>>>>>>>>>>>>>>>>>>>>>>>>>>>>>>>>>>>>>>>>>>>>>>>>>>>>>>>>>>>>>
epoch: 4
loss: 0.3773, acc: 0.9062
loss: 1.1257, acc: 0.5344
loss: 0.4201, acc: 0.8711
loss: 0.4203, acc: 0.8702
loss: 1.0882, acc: 0.5455
loss: 0.4049, acc: 0.8802
loss: 0.4078, acc: 0.8764
loss: 1.0588, acc: 0.5539
loss: 0.4143, acc: 0.8683
loss: 0.4094, acc: 0.8674
loss: 1.0564, acc: 0.5465
loss: 0.4081, acc: 0.8668
loss: 0.4103, acc: 0.8663
loss: 1.0379, acc: 0.5525
loss: 0.4166, acc: 0.8620
loss: 1.0219, acc: 0.5568
loss: 0.4246, acc: 0.8544
loss: 0.4278, acc: 0.8502
loss: 1.0070, acc: 0.5656
loss: 0.4278, acc: 0.8497
loss: 0.4249, acc: 0.8525
loss: 1.0032, acc: 0.5654
loss: 0.4269, acc: 0.8531
loss: 0.9914, acc: 0.5723
> val_acc: 0.6944, val_f1: 0.6001
>>>>>>>>>>>>>>>>>>>>>>>>>>>>>>>>>>>>>>>>>>>>>>>>>>>>>>>>>>>>>>>>>>>>>>>>>>>>>>>>>>>>>>>>>>>>>>>>>>>>
epoch: 5
loss: 0.3278, acc: 0.9187
loss: 0.3578, acc: 0.8875
loss: 0.3461, acc: 0.8958
> val_acc: 0.6567, val_f1: 0.5741
>> saved: state_dict/gc_ian_laptop_val_acc0.6567
>>>>>>>>>>>>>>>>>>>>>>>>>>>>>>>>>>>>>>>>>>>>>>>>>>>>>>>>>>>>>>>>>>>>>>>>>>>>>>>>>>>>>>>>>>>>>>>>>>>>
epoch: 1
loss: 0.3520, acc: 0.8891
loss: 0.5938, acc: 0.7344
loss: 0.3640, acc: 0.8800
loss: 0.3639, acc: 0.8823
loss: 0.6044, acc: 0.7589
loss: 0.3706, acc: 0.8777
loss: 0.3748, acc: 0.8734
loss: 0.6268, acc: 0.7422
loss: 0.3808, acc: 0.8694
loss: 0.3857, acc: 0.8656
loss: 0.6235, acc: 0.7408
loss: 0.3847, acc: 0.8670
loss: 0.6363, acc: 0.7287
loss: 0.3876, acc: 0.8651
loss: 0.3889, acc: 0.8635
loss: 0.6299, acc: 0.7350
loss: 0.3832, acc: 0.8665
loss: 0.6210, acc: 0.7334
> val_acc: 0.7038, val_f1: 0.6341
>>>>>>>>>>>>>>>>>>>>>>>>>>>>>>>>>>>>>>>>>>>>>>>>>>>>>>>>>>>>>>>>>>>>>>>>>>>>>>>>>>>>>>>>>>>>>>>>>>>>
epoch: 6
loss: 0.4773, acc: 0.8125
loss: 0.6294, acc: 0.7306
loss: 0.3961, acc: 0.8750
loss: 0.3790, acc: 0.8880
loss: 0.6357, acc: 0.7329
loss: 0.3641, acc: 0.8842
loss: 0.3638, acc: 0.8778
loss: 0.6371, acc: 0.7287
loss: 0.3588, acc: 0.8785
loss: 0.3573, acc: 0.8838
loss: 0.6304, acc: 0.7314
loss: 0.3625, acc: 0.8801
loss: 0.6365, acc: 0.7275
loss: 0.3643, acc: 0.8795
loss: 0.3560, acc: 0.8863
loss: 0.6304, acc: 0.7344
loss: 0.3516, acc: 0.8870
loss: 0.3509, acc: 0.8871
loss: 0.6215, acc: 0.7402
loss: 0.3544, acc: 0.8856
loss: 0.3603, acc: 0.8815
loss: 0.6151, acc: 0.7426
loss: 0.3609, acc: 0.8828
> val_acc: 0.7053, val_f1: 0.6345
>>>>>>>>>>>>>>>>>>>>>>>>>>>>>>>>>>>>>>>>>>>>>>>>>>>>>>>>>>>>>>>>>>>>>>>>>>>>>>>>>>>>>>>>>>>>>>>>>>>>
epoch: 7
loss: 0.2878, acc: 0.9141
> val_acc: 0.6411, val_f1: 0.4953
>>>>>>>>>>>>>>>>>>>>>>>>>>>>>>>>>>>>>>>>>>>>>>>>>>>>>>>>>>>>>>>>>>>>>>>>>>>>>>>>>>>>>>>>>>>>>>>>>>>>
epoch: 2
loss: 0.3184, acc: 0.8924
loss: 0.4206, acc: 0.8516
loss: 0.3260, acc: 0.8951
loss: 0.3190, acc: 0.8964
loss: 0.4464, acc: 0.8264
loss: 0.3239, acc: 0.8971
loss: 0.3221, acc: 0.8976
loss: 0.4923, acc: 0.7924
loss: 0.3220, acc: 0.8952
loss: 0.3204, acc: 0.8958
loss: 0.5100, acc: 0.7862
loss: 0.3252, acc: 0.8928
loss: 0.3312, acc: 0.8890
loss: 0.4927, acc: 0.8034
loss: 0.3308, acc: 0.8889
loss: 0.3282, acc: 0.8914
loss: 0.4929, acc: 0.8082
loss: 0.3296, acc: 0.8906
loss: 0.4918, acc: 0.8079
loss: 0.3302, acc: 0.8899
loss: 0.4958, acc: 0.8085
> val_acc: 0.7006, val_f1: 0.6120
>>>>>>>>>>>>>>>>>>>>>>>>>>>>>>>>>>>>>>>>>>>>>>>>>>>>>>>>>>>>>>>>>>>>>>>>>>>>>>>>>>>>>>>>>>>>>>>>>>>>
epoch: 8
loss: 0.2426, acc: 0.9375
loss: 0.4989, acc: 0.8054
loss: 0.2793, acc: 0.9167
loss: 0.2821, acc: 0.9119
loss: 0.4917, acc: 0.8112
loss: 0.3002, acc: 0.8984
loss: 0.3102, acc: 0.8943
loss: 0.4928, acc: 0.8102
loss: 0.3076, acc: 0.8990
loss: 0.3097, acc: 0.8952
loss: 0.4860, acc: 0.8130
loss: 0.3035, acc: 0.8950
loss: 0.4909, acc: 0.8120
loss: 0.3061, acc: 0.8971
loss: 0.3107, acc: 0.8974
loss: 0.4907, acc: 0.8143
loss: 0.3100, acc: 0.8977
loss: 0.3135, acc: 0.8956
loss: 0.3136, acc: 0.8975
loss: 0.3135, acc: 0.8973
> val_acc: 0.7053, val_f1: 0.6326
>> saved: state_dict/gc_ian_laptop_val_acc0.7053
>>>>>>>>>>>>>>>>>>>>>>>>>>>>>>>>>>>>>>>>>>>>>>>>>>>>>>>>>>>>>>>>>>>>>>>>>>>>>>>>>>>>>>>>>>>>>>>>>>>>
epoch: 3
loss: 0.3162, acc: 0.8966
loss: 0.3541, acc: 0.8125
loss: 0.3782, acc: 0.8854
> val_acc: 0.6959, val_f1: 0.6023
>>>>>>>>>>>>>>>>>>>>>>>>>>>>>>>>>>>>>>>>>>>>>>>>>>>>>>>>>>>>>>>>>>>>>>>>>>>>>>>>>>>>>>>>>>>>>>>>>>>>
epoch: 9
loss: 0.2514, acc: 0.9479
loss: 0.2698, acc: 0.9336
loss: 0.3726, acc: 0.8892
loss: 0.2865, acc: 0.9279
loss: 0.3814, acc: 0.8828
loss: 0.2872, acc: 0.9288
loss: 0.2835, acc: 0.9307
loss: 0.3855, acc: 0.8750
loss: 0.2797, acc: 0.9297
loss: 0.2738, acc: 0.9299
loss: 0.3827, acc: 0.8774
loss: 0.2774, acc: 0.9252
loss: 0.2791, acc: 0.9244
loss: 0.3789, acc: 0.8790
loss: 0.2805, acc: 0.9212
loss: 0.3867, acc: 0.8750
loss: 0.2815, acc: 0.9198
loss: 0.2836, acc: 0.9165
loss: 0.3915, acc: 0.8727
loss: 0.2891, acc: 0.9122
loss: 0.2899, acc: 0.9108
loss: 0.3962, acc: 0.8682
loss: 0.2869, acc: 0.9128
loss: 0.3969, acc: 0.8658
> val_acc: 0.7022, val_f1: 0.6230
>>>>>>>>>>>>>>>>>>>>>>>>>>>>>>>>>>>>>>>>>>>>>>>>>>>>>>>>>>>>>>>>>>>>>>>>>>>>>>>>>>>>>>>>>>>>>>>>>>>>
epoch: 10
loss: 0.2637, acc: 0.9125
loss: 0.3976, acc: 0.8672
loss: 0.2680, acc: 0.9250
loss: 0.2804, acc: 0.9187
loss: 0.4054, acc: 0.8607
loss: 0.2786, acc: 0.9172
loss: 0.4088, acc: 0.8580
loss: 0.2793, acc: 0.9213
loss: 0.2826, acc: 0.9156
loss: 0.4065, acc: 0.8587
loss: 0.2835, acc: 0.9143
loss: 0.2808, acc: 0.9156
loss: 0.2761, acc: 0.9167
> val_acc: 0.6897, val_f1: 0.5940
>>>>>>>>>>>>>>>>>>>>>>>>>>>>>>>>>>>>>>>>>>>>>>>>>>>>>>>>>>>>>>>>>>>>>>>>>>>>>>>>>>>>>>>>>>>>>>>>>>>>
epoch: 4
loss: 0.2778, acc: 0.9163
loss: 0.3181, acc: 0.8958
loss: 0.2782, acc: 0.9125
loss: 0.2817, acc: 0.9099
loss: 0.3319, acc: 0.8789
loss: 0.2838, acc: 0.9101
loss: 0.2810, acc: 0.9121
loss: 0.3422, acc: 0.8774
loss: 0.3306, acc: 0.8924
> val_acc: 0.7053, val_f1: 0.6238
>>>>>>>>>>>>>>>>>>>>>>>>>>>>>>>>>>>>>>>>>>>>>>>>>>>>>>>>>>>>>>>>>>>>>>>>>>>>>>>>>>>>>>>>>>>>>>>>>>>>
epoch: 11
loss: 0.2791, acc: 0.8906
loss: 0.3264, acc: 0.8913
loss: 0.2542, acc: 0.9241
loss: 0.2401, acc: 0.9375
loss: 0.3374, acc: 0.8895
loss: 0.2532, acc: 0.9320
loss: 0.2582, acc: 0.9276
loss: 0.3412, acc: 0.8883
loss: 0.2555, acc: 0.9306
loss: 0.3405, acc: 0.8865
loss: 0.2523, acc: 0.9316
loss: 0.2534, acc: 0.9316
loss: 0.3406, acc: 0.8852
loss: 0.2557, acc: 0.9315
loss: 0.2560, acc: 0.9295
loss: 0.3325, acc: 0.8906
loss: 0.2601, acc: 0.9273
loss: 0.2634, acc: 0.9254
loss: 0.3350, acc: 0.8903
loss: 0.2625, acc: 0.9254
loss: 0.3386, acc: 0.8895
loss: 0.2636, acc: 0.9226
loss: 0.2650, acc: 0.9201
loss: 0.3391, acc: 0.8904
> val_acc: 0.6912, val_f1: 0.6017
>>>>>>>>>>>>>>>>>>>>>>>>>>>>>>>>>>>>>>>>>>>>>>>>>>>>>>>>>>>>>>>>>>>>>>>>>>>>>>>>>>>>>>>>>>>>>>>>>>>>
epoch: 12
loss: 0.3375, acc: 0.8902
loss: 0.2020, acc: 0.9688
loss: 0.2194, acc: 0.9514
loss: 0.3423, acc: 0.8875
loss: 0.2130, acc: 0.9554
loss: 0.2136, acc: 0.9539
> val_acc: 0.7022, val_f1: 0.6224
>>>>>>>>>>>>>>>>>>>>>>>>>>>>>>>>>>>>>>>>>>>>>>>>>>>>>>>>>>>>>>>>>>>>>>>>>>>>>>>>>>>>>>>>>>>>>>>>>>>>
epoch: 5
loss: 0.2357, acc: 0.9401
loss: 0.2383, acc: 0.9364
loss: 0.3354, acc: 0.8938
loss: 0.2388, acc: 0.9366
loss: 0.2380, acc: 0.9367
loss: 0.2947, acc: 0.9156
loss: 0.2358, acc: 0.9375
loss: 0.2893, acc: 0.9083
loss: 0.2394, acc: 0.9337
loss: 0.2907, acc: 0.9125
loss: 0.2406, acc: 0.9317
loss: 0.2395, acc: 0.9301
loss: 0.2399, acc: 0.9312
loss: 0.2926, acc: 0.9150
loss: 0.2405, acc: 0.9289
loss: 0.2916, acc: 0.9135
> val_acc: 0.6991, val_f1: 0.6140
>>>>>>>>>>>>>>>>>>>>>>>>>>>>>>>>>>>>>>>>>>>>>>>>>>>>>>>>>>>>>>>>>>>>>>>>>>>>>>>>>>>>>>>>>>>>>>>>>>>>
epoch: 13
loss: 0.1412, acc: 1.0000
loss: 0.2912, acc: 0.9125
loss: 0.2223, acc: 0.9479
loss: 0.2939, acc: 0.9086
loss: 0.1990, acc: 0.9574
loss: 0.2079, acc: 0.9492
loss: 0.2881, acc: 0.9118
loss: 0.2135, acc: 0.9435
loss: 0.2895, acc: 0.9113
loss: 0.2246, acc: 0.9363
loss: 0.2301, acc: 0.9325
loss: 0.2906, acc: 0.9085
loss: 0.2254, acc: 0.9358
loss: 0.2246, acc: 0.9345
loss: 0.2959, acc: 0.9068
loss: 0.2238, acc: 0.9348
loss: 0.2971, acc: 0.9058
loss: 0.2255, acc: 0.9357
loss: 0.2249, acc: 0.9364
loss: 0.2942, acc: 0.9071
loss: 0.2299, acc: 0.9355
loss: 0.2287, acc: 0.9356
loss: 0.2316, acc: 0.9349
> val_acc: 0.6944, val_f1: 0.5965
>>>>>>>>>>>>>>>>>>>>>>>>>>>>>>>>>>>>>>>>>>>>>>>>>>>>>>>>>>>>>>>>>>>>>>>>>>>>>>>>>>>>>>>>>>>>>>>>>>>>
epoch: 6
loss: 0.1935, acc: 0.9531
> val_acc: 0.6975, val_f1: 0.6238
>>>>>>>>>>>>>>>>>>>>>>>>>>>>>>>>>>>>>>>>>>>>>>>>>>>>>>>>>>>>>>>>>>>>>>>>>>>>>>>>>>>>>>>>>>>>>>>>>>>>
epoch: 14
loss: 0.2893, acc: 0.9062
loss: 0.2468, acc: 0.9375
loss: 0.2508, acc: 0.9297
loss: 0.2309, acc: 0.9423
loss: 0.2429, acc: 0.9375
loss: 0.2249, acc: 0.9410
loss: 0.2402, acc: 0.9393
loss: 0.2194, acc: 0.9416
loss: 0.2235, acc: 0.9397
loss: 0.2542, acc: 0.9290
loss: 0.2246, acc: 0.9394
loss: 0.2309, acc: 0.9350
loss: 0.2633, acc: 0.9213
loss: 0.2296, acc: 0.9339
loss: 0.2596, acc: 0.9248
loss: 0.2251, acc: 0.9355
loss: 0.2254, acc: 0.9340
loss: 0.2713, acc: 0.9198
loss: 0.2260, acc: 0.9332
loss: 0.2262, acc: 0.9315
loss: 0.2651, acc: 0.9249
loss: 0.2262, acc: 0.9320
loss: 0.2680, acc: 0.9209
loss: 0.2291, acc: 0.9317
loss: 0.2692, acc: 0.9201
> val_acc: 0.6912, val_f1: 0.6106
>>>>>>>>>>>>>>>>>>>>>>>>>>>>>>>>>>>>>>>>>>>>>>>>>>>>>>>>>>>>>>>>>>>>>>>>>>>>>>>>>>>>>>>>>>>>>>>>>>>>
epoch: 15
loss: 0.2352, acc: 0.9125
loss: 0.2679, acc: 0.9205
loss: 0.2184, acc: 0.9281
loss: 0.2143, acc: 0.9313
loss: 0.2661, acc: 0.9234
loss: 0.2112, acc: 0.9359
loss: 0.2652, acc: 0.9230
loss: 0.2104, acc: 0.9400
loss: 0.2056, acc: 0.9437
loss: 0.2646, acc: 0.9232
loss: 0.2073, acc: 0.9402
loss: 0.2070, acc: 0.9406
loss: 0.2087, acc: 0.9396
> val_acc: 0.7069, val_f1: 0.6348
>> saved: state_dict/gc_ian_laptop_val_acc0.7069
>>>>>>>>>>>>>>>>>>>>>>>>>>>>>>>>>>>>>>>>>>>>>>>>>>>>>>>>>>>>>>>>>>>>>>>>>>>>>>>>>>>>>>>>>>>>>>>>>>>>
epoch: 7
loss: 0.2137, acc: 0.9356
loss: 0.2150, acc: 0.9369
loss: 0.1801, acc: 0.9609
loss: 0.2156, acc: 0.9380
loss: 0.2090, acc: 0.9340
loss: 0.2149, acc: 0.9394
loss: 0.2143, acc: 0.9384
loss: 0.2070, acc: 0.9353
> val_acc: 0.7022, val_f1: 0.6280
>>>>>>>>>>>>>>>>>>>>>>>>>>>>>>>>>>>>>>>>>>>>>>>>>>>>>>>>>>>>>>>>>>>>>>>>>>>>>>>>>>>>>>>>>>>>>>>>>>>>
epoch: 16
loss: 0.2116, acc: 0.9293
loss: 0.2133, acc: 0.9219
loss: 0.2068, acc: 0.9464
loss: 0.2242, acc: 0.9271
loss: 0.1938, acc: 0.9505
loss: 0.1927, acc: 0.9504
loss: 0.2288, acc: 0.9246
loss: 0.2047, acc: 0.9432
loss: 0.2264, acc: 0.9283
loss: 0.2148, acc: 0.9340
loss: 0.2133, acc: 0.9346
loss: 0.2207, acc: 0.9335
loss: 0.2137, acc: 0.9358
loss: 0.2080, acc: 0.9375
loss: 0.2249, acc: 0.9297
loss: 0.2005, acc: 0.9422
loss: 0.2019, acc: 0.9417
loss: 0.2332, acc: 0.9260
loss: 0.2025, acc: 0.9408
loss: 0.2331, acc: 0.9259
loss: 0.2022, acc: 0.9410
loss: 0.2038, acc: 0.9403
loss: 0.2346, acc: 0.9237
loss: 0.2039, acc: 0.9414
loss: 0.2358, acc: 0.9243
> val_acc: 0.6928, val_f1: 0.6088
>>>>>>>>>>>>>>>>>>>>>>>>>>>>>>>>>>>>>>>>>>>>>>>>>>>>>>>>>>>>>>>>>>>>>>>>>>>>>>>>>>>>>>>>>>>>>>>>>>>>
epoch: 17
loss: 0.2317, acc: 0.9271
loss: 0.2376, acc: 0.9453
loss: 0.1800, acc: 0.9688
loss: 0.1850, acc: 0.9554
loss: 0.2007, acc: 0.9490
loss: 0.1956, acc: 0.9479
> val_acc: 0.7132, val_f1: 0.6439
>> saved: state_dict/gc_ian_laptop_val_acc0.7132
>>>>>>>>>>>>>>>>>>>>>>>>>>>>>>>>>>>>>>>>>>>>>>>>>>>>>>>>>>>>>>>>>>>>>>>>>>>>>>>>>>>>>>>>>>>>>>>>>>>>
epoch: 8
loss: 0.2536, acc: 0.9062
loss: 0.1911, acc: 0.9537
loss: 0.1949, acc: 0.9550
loss: 0.2199, acc: 0.9271
loss: 0.1982, acc: 0.9519
loss: 0.1969, acc: 0.9517
loss: 0.2186, acc: 0.9290
loss: 0.1972, acc: 0.9503
loss: 0.2301, acc: 0.9316
loss: 0.1963, acc: 0.9502
loss: 0.1961, acc: 0.9470
loss: 0.2249, acc: 0.9286
loss: 0.1938, acc: 0.9487
loss: 0.1954, acc: 0.9493
loss: 0.2290, acc: 0.9279
loss: 0.2187, acc: 0.9335
> val_acc: 0.6975, val_f1: 0.6170
>>>>>>>>>>>>>>>>>>>>>>>>>>>>>>>>>>>>>>>>>>>>>>>>>>>>>>>>>>>>>>>>>>>>>>>>>>>>>>>>>>>>>>>>>>>>>>>>>>>>
epoch: 18
loss: 0.2226, acc: 0.9375
loss: 0.2151, acc: 0.9375
loss: 0.1631, acc: 0.9635
loss: 0.1590, acc: 0.9545
loss: 0.2134, acc: 0.9390
loss: 0.1655, acc: 0.9551
loss: 0.2112, acc: 0.9395
loss: 0.1815, acc: 0.9479
loss: 0.1828, acc: 0.9483
loss: 0.2134, acc: 0.9375
loss: 0.1842, acc: 0.9526
loss: 0.1806, acc: 0.9523
loss: 0.2156, acc: 0.9347
loss: 0.1844, acc: 0.9489
loss: 0.1837, acc: 0.9504
loss: 0.2106, acc: 0.9370
loss: 0.1815, acc: 0.9504
loss: 0.1826, acc: 0.9509
loss: 0.2096, acc: 0.9375
loss: 0.1840, acc: 0.9503
loss: 0.2103, acc: 0.9379
loss: 0.1862, acc: 0.9498
loss: 0.1851, acc: 0.9503
> val_acc: 0.6787, val_f1: 0.5773
>>>>>>>>>>>>>>>>>>>>>>>>>>>>>>>>>>>>>>>>>>>>>>>>>>>>>>>>>>>>>>>>>>>>>>>>>>>>>>>>>>>>>>>>>>>>>>>>>>>>
epoch: 19
> val_acc: 0.7163, val_f1: 0.6425
>> saved: state_dict/gc_ian_laptop_val_acc0.7163
>>>>>>>>>>>>>>>>>>>>>>>>>>>>>>>>>>>>>>>>>>>>>>>>>>>>>>>>>>>>>>>>>>>>>>>>>>>>>>>>>>>>>>>>>>>>>>>>>>>>
epoch: 9
loss: 0.1878, acc: 0.9792
loss: 0.1588, acc: 0.9479
loss: 0.1688, acc: 0.9688
loss: 0.1694, acc: 0.9688
loss: 0.1699, acc: 0.9531
loss: 0.1807, acc: 0.9601
loss: 0.1721, acc: 0.9647
loss: 0.1638, acc: 0.9639
loss: 0.1668, acc: 0.9643
loss: 0.1742, acc: 0.9602
loss: 0.1617, acc: 0.9635
loss: 0.1723, acc: 0.9613
loss: 0.1701, acc: 0.9637
loss: 0.1699, acc: 0.9565
loss: 0.1724, acc: 0.9622
loss: 0.1759, acc: 0.9509
loss: 0.1703, acc: 0.9617
loss: 0.1713, acc: 0.9601
loss: 0.1783, acc: 0.9489
loss: 0.1761, acc: 0.9568
loss: 0.1763, acc: 0.9563
loss: 0.1770, acc: 0.9498
loss: 0.1768, acc: 0.9566
loss: 0.1816, acc: 0.9469
> val_acc: 0.6944, val_f1: 0.6126
>>>>>>>>>>>>>>>>>>>>>>>>>>>>>>>>>>>>>>>>>>>>>>>>>>>>>>>>>>>>>>>>>>>>>>>>>>>>>>>>>>>>>>>>>>>>>>>>>>>>
epoch: 20
loss: 0.1840, acc: 0.9466
loss: 0.1730, acc: 0.9500
loss: 0.1806, acc: 0.9500
loss: 0.1796, acc: 0.9481
loss: 0.1727, acc: 0.9563
loss: 0.1690, acc: 0.9594
loss: 0.1813, acc: 0.9472
loss: 0.1703, acc: 0.9600
loss: 0.1807, acc: 0.9489
loss: 0.1684, acc: 0.9573
loss: 0.1653, acc: 0.9589
loss: 0.1812, acc: 0.9485
loss: 0.1714, acc: 0.9555
loss: 0.1730, acc: 0.9556
loss: 0.1808, acc: 0.9489
loss: 0.1701, acc: 0.9575
loss: 0.1672, acc: 0.9591
loss: 0.1686, acc: 0.9573
> val_acc: 0.7006, val_f1: 0.6162
>>>>>>>>>>>>>>>>>>>>>>>>>>>>>>>>>>>>>>>>>>>>>>>>>>>>>>>>>>>>>>>>>>>>>>>>>>>>>>>>>>>>>>>>>>>>>>>>>>>>
epoch: 10
loss: 0.1676, acc: 0.9577
loss: 0.1525, acc: 0.9625
loss: 0.1687, acc: 0.9558
loss: 0.1559, acc: 0.9625
> val_acc: 0.6991, val_f1: 0.6178
>>>>>>>>>>>>>>>>>>>>>>>>>>>>>>>>>>>>>>>>>>>>>>>>>>>>>>>>>>>>>>>>>>>>>>>>>>>>>>>>>>>>>>>>>>>>>>>>>>>>
epoch: 21
loss: 0.1484, acc: 0.9531
loss: 0.1578, acc: 0.9625
loss: 0.1463, acc: 0.9509
loss: 0.1522, acc: 0.9453
loss: 0.1667, acc: 0.9594
loss: 0.1503, acc: 0.9522
loss: 0.1679, acc: 0.9575
loss: 0.1449, acc: 0.9602
loss: 0.1507, acc: 0.9618
loss: 0.1691, acc: 0.9563
loss: 0.1486, acc: 0.9639
loss: 0.1553, acc: 0.9620
loss: 0.1701, acc: 0.9580
loss: 0.1549, acc: 0.9606
loss: 0.1759, acc: 0.9539
loss: 0.1584, acc: 0.9581
loss: 0.1618, acc: 0.9549
loss: 0.1770, acc: 0.9535
loss: 0.1623, acc: 0.9539
loss: 0.1630, acc: 0.9546
loss: 0.1770, acc: 0.9537
loss: 0.1657, acc: 0.9543
loss: 0.1656, acc: 0.9540
loss: 0.1771, acc: 0.9528
loss: 0.1768, acc: 0.9526
> val_acc: 0.6850, val_f1: 0.5960
>>>>>>>>>>>>>>>>>>>>>>>>>>>>>>>>>>>>>>>>>>>>>>>>>>>>>>>>>>>>>>>>>>>>>>>>>>>>>>>>>>>>>>>>>>>>>>>>>>>>
epoch: 22
loss: 0.1317, acc: 0.9766
loss: 0.1759, acc: 0.9529
loss: 0.1330, acc: 0.9722
loss: 0.1518, acc: 0.9531
loss: 0.1761, acc: 0.9513
loss: 0.1599, acc: 0.9539
loss: 0.1604, acc: 0.9544
loss: 0.1616, acc: 0.9558
loss: 0.1562, acc: 0.9586
> val_acc: 0.7038, val_f1: 0.6227
>>>>>>>>>>>>>>>>>>>>>>>>>>>>>>>>>>>>>>>>>>>>>>>>>>>>>>>>>>>>>>>>>>>>>>>>>>>>>>>>>>>>>>>>>>>>>>>>>>>>
epoch: 11
loss: 0.1576, acc: 0.9607
loss: 0.1293, acc: 0.9688
loss: 0.1595, acc: 0.9616
loss: 0.1586, acc: 0.9624
loss: 0.1554, acc: 0.9464
loss: 0.1567, acc: 0.9635
loss: 0.1573, acc: 0.9453
loss: 0.1554, acc: 0.9624
loss: 0.1576, acc: 0.9604
loss: 0.1575, acc: 0.9467
loss: 0.1599, acc: 0.9588
loss: 0.1568, acc: 0.9531
> val_acc: 0.6865, val_f1: 0.6022
>>>>>>>>>>>>>>>>>>>>>>>>>>>>>>>>>>>>>>>>>>>>>>>>>>>>>>>>>>>>>>>>>>>>>>>>>>>>>>>>>>>>>>>>>>>>>>>>>>>>
epoch: 23
loss: 0.1892, acc: 0.9688
loss: 0.1592, acc: 0.9514
loss: 0.1366, acc: 0.9740
loss: 0.1491, acc: 0.9659
loss: 0.1681, acc: 0.9473
loss: 0.1568, acc: 0.9648
loss: 0.1671, acc: 0.9485
loss: 0.1615, acc: 0.9613
loss: 0.1556, acc: 0.9627
loss: 0.1684, acc: 0.9501
loss: 0.1573, acc: 0.9617
loss: 0.1572, acc: 0.9609
loss: 0.1641, acc: 0.9528
loss: 0.1534, acc: 0.9627
loss: 0.1497, acc: 0.9640
loss: 0.1663, acc: 0.9513
loss: 0.1494, acc: 0.9632
loss: 0.1497, acc: 0.9626
loss: 0.1668, acc: 0.9507
loss: 0.1509, acc: 0.9621
loss: 0.1666, acc: 0.9511
loss: 0.1545, acc: 0.9602
loss: 0.1547, acc: 0.9613
loss: 0.1695, acc: 0.9496
> val_acc: 0.6865, val_f1: 0.6008
>>>>>>>>>>>>>>>>>>>>>>>>>>>>>>>>>>>>>>>>>>>>>>>>>>>>>>>>>>>>>>>>>>>>>>>>>>>>>>>>>>>>>>>>>>>>>>>>>>>>
epoch: 24
loss: 0.1694, acc: 0.9497
loss: 0.1725, acc: 0.9688
loss: 0.1691, acc: 0.9570
loss: 0.1629, acc: 0.9567
loss: 0.1618, acc: 0.9514
> val_acc: 0.7053, val_f1: 0.6330
>>>>>>>>>>>>>>>>>>>>>>>>>>>>>>>>>>>>>>>>>>>>>>>>>>>>>>>>>>>>>>>>>>>>>>>>>>>>>>>>>>>>>>>>>>>>>>>>>>>>
epoch: 12
loss: 0.1547, acc: 0.9552
loss: 0.1551, acc: 0.9609
loss: 0.1559, acc: 0.9587
loss: 0.1551, acc: 0.9593
loss: 0.1490, acc: 0.9549
loss: 0.1516, acc: 0.9605
loss: 0.1562, acc: 0.9586
loss: 0.1464, acc: 0.9643
loss: 0.1608, acc: 0.9557
loss: 0.1578, acc: 0.9564
loss: 0.1473, acc: 0.9622
loss: 0.1591, acc: 0.9553
loss: 0.1557, acc: 0.9622
loss: 0.1579, acc: 0.9559
loss: 0.1582, acc: 0.9559
loss: 0.1575, acc: 0.9623
loss: 0.1580, acc: 0.9570
loss: 0.1523, acc: 0.9623
> val_acc: 0.6834, val_f1: 0.5886
>>>>>>>>>>>>>>>>>>>>>>>>>>>>>>>>>>>>>>>>>>>>>>>>>>>>>>>>>>>>>>>>>>>>>>>>>>>>>>>>>>>>>>>>>>>>>>>>>>>>
epoch: 25
loss: 0.1494, acc: 0.9631
loss: 0.1494, acc: 0.9812
loss: 0.1726, acc: 0.9625
loss: 0.1479, acc: 0.9638
loss: 0.1590, acc: 0.9604
loss: 0.1550, acc: 0.9625
loss: 0.1453, acc: 0.9643
loss: 0.1501, acc: 0.9650
loss: 0.1416, acc: 0.9677
loss: 0.1429, acc: 0.9653
loss: 0.1451, acc: 0.9643
loss: 0.1406, acc: 0.9650
loss: 0.1424, acc: 0.9664
loss: 0.1444, acc: 0.9653
loss: 0.1432, acc: 0.9629
loss: 0.1449, acc: 0.9650
loss: 0.1462, acc: 0.9642
loss: 0.1420, acc: 0.9633
loss: 0.1474, acc: 0.9625
loss: 0.1480, acc: 0.9615
loss: 0.1496, acc: 0.9621
> val_acc: 0.7085, val_f1: 0.6284
>>>>>>>>>>>>>>>>>>>>>>>>>>>>>>>>>>>>>>>>>>>>>>>>>>>>>>>>>>>>>>>>>>>>>>>>>>>>>>>>>>>>>>>>>>>>>>>>>>>>
epoch: 13
loss: 0.0969, acc: 1.0000
> val_acc: 0.7006, val_f1: 0.6265
>>>>>>>>>>>>>>>>>>>>>>>>>>>>>>>>>>>>>>>>>>>>>>>>>>>>>>>>>>>>>>>>>>>>>>>>>>>>>>>>>>>>>>>>>>>>>>>>>>>>
epoch: 26
loss: 0.1587, acc: 0.9531
loss: 0.1120, acc: 0.9948
loss: 0.1553, acc: 0.9598
loss: 0.1483, acc: 0.9609
loss: 0.1264, acc: 0.9801
loss: 0.1432, acc: 0.9632
loss: 0.1436, acc: 0.9659
loss: 0.1291, acc: 0.9727
loss: 0.1424, acc: 0.9688
loss: 0.1298, acc: 0.9702
loss: 0.1431, acc: 0.9678
loss: 0.1429, acc: 0.9688
loss: 0.1408, acc: 0.9603
loss: 0.1456, acc: 0.9673
loss: 0.1424, acc: 0.9688
loss: 0.1420, acc: 0.9607
loss: 0.1450, acc: 0.9675
loss: 0.1437, acc: 0.9671
loss: 0.1382, acc: 0.9635
loss: 0.1438, acc: 0.9662
loss: 0.1402, acc: 0.9634
loss: 0.1444, acc: 0.9646
loss: 0.1430, acc: 0.9648
loss: 0.1378, acc: 0.9640
> val_acc: 0.6818, val_f1: 0.5910
>>>>>>>>>>>>>>>>>>>>>>>>>>>>>>>>>>>>>>>>>>>>>>>>>>>>>>>>>>>>>>>>>>>>>>>>>>>>>>>>>>>>>>>>>>>>>>>>>>>>
epoch: 27
loss: 0.1368, acc: 0.9638
loss: 0.1098, acc: 0.9844
loss: 0.1307, acc: 0.9688
loss: 0.1394, acc: 0.9626
loss: 0.1389, acc: 0.9576
loss: 0.1425, acc: 0.9600
loss: 0.1498, acc: 0.9490
loss: 0.1496, acc: 0.9505
loss: 0.1401, acc: 0.9612
loss: 0.1419, acc: 0.9580
loss: 0.1376, acc: 0.9596
loss: 0.1399, acc: 0.9613
loss: 0.1458, acc: 0.9567
loss: 0.1439, acc: 0.9581
loss: 0.1409, acc: 0.9598
> val_acc: 0.7006, val_f1: 0.6203
>>>>>>>>>>>>>>>>>>>>>>>>>>>>>>>>>>>>>>>>>>>>>>>>>>>>>>>>>>>>>>>>>>>>>>>>>>>>>>>>>>>>>>>>>>>>>>>>>>>>
epoch: 14
loss: 0.1426, acc: 0.9595
loss: 0.1176, acc: 0.9792
loss: 0.1425, acc: 0.9597
loss: 0.1429, acc: 0.9609
loss: 0.1262, acc: 0.9609
loss: 0.1426, acc: 0.9624
loss: 0.1285, acc: 0.9615
> val_acc: 0.6787, val_f1: 0.5898
>>>>>>>>>>>>>>>>>>>>>>>>>>>>>>>>>>>>>>>>>>>>>>>>>>>>>>>>>>>>>>>>>>>>>>>>>>>>>>>>>>>>>>>>>>>>>>>>>>>>
epoch: 28
loss: 0.1221, acc: 0.9635
loss: 0.0951, acc: 0.9688
loss: 0.1024, acc: 0.9792
loss: 0.1318, acc: 0.9606
loss: 0.1170, acc: 0.9688
loss: 0.1180, acc: 0.9688
loss: 0.1316, acc: 0.9609
loss: 0.1178, acc: 0.9732
loss: 0.1291, acc: 0.9631
loss: 0.1256, acc: 0.9736
loss: 0.1322, acc: 0.9708
loss: 0.1266, acc: 0.9638
loss: 0.1346, acc: 0.9670
loss: 0.1344, acc: 0.9672
loss: 0.1268, acc: 0.9658
loss: 0.1325, acc: 0.9688
loss: 0.1375, acc: 0.9663
loss: 0.1246, acc: 0.9668
loss: 0.1369, acc: 0.9660
loss: 0.1245, acc: 0.9676
loss: 0.1367, acc: 0.9667
loss: 0.1357, acc: 0.9664
loss: 0.1265, acc: 0.9661
loss: 0.1355, acc: 0.9670
loss: 0.1288, acc: 0.9658
> val_acc: 0.6787, val_f1: 0.5863
>>>>>>>>>>>>>>>>>>>>>>>>>>>>>>>>>>>>>>>>>>>>>>>>>>>>>>>>>>>>>>>>>>>>>>>>>>>>>>>>>>>>>>>>>>>>>>>>>>>>
epoch: 29
loss: 0.1268, acc: 0.9479
loss: 0.1272, acc: 0.9669
loss: 0.1247, acc: 0.9688
loss: 0.1312, acc: 0.9648
loss: 0.1236, acc: 0.9712
loss: 0.1246, acc: 0.9722
loss: 0.1302, acc: 0.9715
> val_acc: 0.6928, val_f1: 0.6135
>>>>>>>>>>>>>>>>>>>>>>>>>>>>>>>>>>>>>>>>>>>>>>>>>>>>>>>>>>>>>>>>>>>>>>>>>>>>>>>>>>>>>>>>>>>>>>>>>>>>
epoch: 15
loss: 0.1393, acc: 0.9665
loss: 0.1357, acc: 0.9688
loss: 0.1095, acc: 0.9750
loss: 0.1393, acc: 0.9655
loss: 0.1376, acc: 0.9673
loss: 0.1162, acc: 0.9750
loss: 0.1374, acc: 0.9674
loss: 0.1357, acc: 0.9688
loss: 0.1096, acc: 0.9750
loss: 0.1358, acc: 0.9688
loss: 0.1080, acc: 0.9766
loss: 0.1362, acc: 0.9678
loss: 0.1344, acc: 0.9688
loss: 0.1071, acc: 0.9788
loss: 0.1345, acc: 0.9682
loss: 0.1089, acc: 0.9750
> val_acc: 0.6771, val_f1: 0.5844
loss: 0.1115, acc: 0.9732
>> test_acc: 0.7085, test_f1: 0.6240
loss: 0.1165, acc: 0.9703
loss: 0.1161, acc: 0.9701
loss: 0.1162, acc: 0.9700
loss: 0.1157, acc: 0.9699
loss: 0.1146, acc: 0.9703
loss: 0.1170, acc: 0.9697
loss: 0.1150, acc: 0.9710
> val_acc: 0.6975, val_f1: 0.6102
>>>>>>>>>>>>>>>>>>>>>>>>>>>>>>>>>>>>>>>>>>>>>>>>>>>>>>>>>>>>>>>>>>>>>>>>>>>>>>>>>>>>>>>>>>>>>>>>>>>>
epoch: 16
loss: 0.0671, acc: 1.0000
loss: 0.0841, acc: 0.9911
loss: 0.0888, acc: 0.9896
loss: 0.0903, acc: 0.9890
loss: 0.0944, acc: 0.9844
loss: 0.0976, acc: 0.9803
loss: 0.0990, acc: 0.9805
loss: 0.1067, acc: 0.9764
loss: 0.1073, acc: 0.9762
loss: 0.1076, acc: 0.9754
loss: 0.1122, acc: 0.9736
loss: 0.1132, acc: 0.9720
loss: 0.1106, acc: 0.9738
loss: 0.1118, acc: 0.9734
loss: 0.1118, acc: 0.9731
> val_acc: 0.6975, val_f1: 0.6192
>>>>>>>>>>>>>>>>>>>>>>>>>>>>>>>>>>>>>>>>>>>>>>>>>>>>>>>>>>>>>>>>>>>>>>>>>>>>>>>>>>>>>>>>>>>>>>>>>>>>
epoch: 17
loss: 0.0833, acc: 0.9766
loss: 0.0981, acc: 0.9757
loss: 0.0958, acc: 0.9754
loss: 0.1004, acc: 0.9770
loss: 0.1013, acc: 0.9805
loss: 0.1049, acc: 0.9774
loss: 0.1055, acc: 0.9752
loss: 0.1068, acc: 0.9768
loss: 0.1050, acc: 0.9780
loss: 0.1061, acc: 0.9783
loss: 0.1065, acc: 0.9780
loss: 0.1067, acc: 0.9788
loss: 0.1063, acc: 0.9775
loss: 0.1052, acc: 0.9774
> val_acc: 0.6991, val_f1: 0.6245
>>>>>>>>>>>>>>>>>>>>>>>>>>>>>>>>>>>>>>>>>>>>>>>>>>>>>>>>>>>>>>>>>>>>>>>>>>>>>>>>>>>>>>>>>>>>>>>>>>>>
epoch: 18
loss: 0.0964, acc: 1.0000
loss: 0.0837, acc: 0.9896
loss: 0.0863, acc: 0.9830
loss: 0.0908, acc: 0.9746
loss: 0.0899, acc: 0.9762
loss: 0.0980, acc: 0.9712
loss: 0.1005, acc: 0.9718
loss: 0.1012, acc: 0.9722
loss: 0.0973, acc: 0.9733
loss: 0.1023, acc: 0.9708
loss: 0.1012, acc: 0.9718
loss: 0.1019, acc: 0.9738
loss: 0.1022, acc: 0.9739
loss: 0.1025, acc: 0.9725
loss: 0.1026, acc: 0.9727
> val_acc: 0.7022, val_f1: 0.6136
>>>>>>>>>>>>>>>>>>>>>>>>>>>>>>>>>>>>>>>>>>>>>>>>>>>>>>>>>>>>>>>>>>>>>>>>>>>>>>>>>>>>>>>>>>>>>>>>>>>>
epoch: 19
loss: 0.0884, acc: 0.9792
loss: 0.0804, acc: 0.9844
loss: 0.0807, acc: 0.9856
loss: 0.0872, acc: 0.9809
loss: 0.0869, acc: 0.9837
loss: 0.0939, acc: 0.9799
loss: 0.0963, acc: 0.9811
loss: 0.0948, acc: 0.9819
loss: 0.0984, acc: 0.9789
loss: 0.0967, acc: 0.9798
loss: 0.0957, acc: 0.9794
loss: 0.0981, acc: 0.9790
loss: 0.0978, acc: 0.9777
loss: 0.0975, acc: 0.9770
loss: 0.0986, acc: 0.9772
> val_acc: 0.7006, val_f1: 0.6163
>>>>>>>>>>>>>>>>>>>>>>>>>>>>>>>>>>>>>>>>>>>>>>>>>>>>>>>>>>>>>>>>>>>>>>>>>>>>>>>>>>>>>>>>>>>>>>>>>>>>
epoch: 20
loss: 0.0840, acc: 0.9938
loss: 0.0797, acc: 0.9906
loss: 0.0894, acc: 0.9854
loss: 0.0895, acc: 0.9859
loss: 0.0851, acc: 0.9850
loss: 0.0845, acc: 0.9833
loss: 0.0884, acc: 0.9804
loss: 0.0888, acc: 0.9789
loss: 0.0887, acc: 0.9799
loss: 0.0903, acc: 0.9794
loss: 0.0910, acc: 0.9790
loss: 0.0911, acc: 0.9776
loss: 0.0932, acc: 0.9760
loss: 0.0934, acc: 0.9750
> val_acc: 0.7022, val_f1: 0.6233
>>>>>>>>>>>>>>>>>>>>>>>>>>>>>>>>>>>>>>>>>>>>>>>>>>>>>>>>>>>>>>>>>>>>>>>>>>>>>>>>>>>>>>>>>>>>>>>>>>>>
epoch: 21
loss: 0.0877, acc: 0.9844
loss: 0.0853, acc: 0.9821
loss: 0.0842, acc: 0.9818
loss: 0.0814, acc: 0.9816
loss: 0.0806, acc: 0.9815
loss: 0.0783, acc: 0.9803
loss: 0.0790, acc: 0.9795
loss: 0.0801, acc: 0.9780
loss: 0.0859, acc: 0.9754
loss: 0.0877, acc: 0.9747
loss: 0.0881, acc: 0.9748
loss: 0.0907, acc: 0.9748
loss: 0.0903, acc: 0.9748
loss: 0.0913, acc: 0.9753
loss: 0.0930, acc: 0.9748
> val_acc: 0.7006, val_f1: 0.6195
>>>>>>>>>>>>>>>>>>>>>>>>>>>>>>>>>>>>>>>>>>>>>>>>>>>>>>>>>>>>>>>>>>>>>>>>>>>>>>>>>>>>>>>>>>>>>>>>>>>>
epoch: 22
loss: 0.1018, acc: 0.9688
loss: 0.0880, acc: 0.9757
loss: 0.0861, acc: 0.9777
loss: 0.0875, acc: 0.9819
loss: 0.0897, acc: 0.9792
loss: 0.0927, acc: 0.9774
loss: 0.0931, acc: 0.9789
loss: 0.0904, acc: 0.9800
loss: 0.0895, acc: 0.9808
loss: 0.0869, acc: 0.9821
loss: 0.0860, acc: 0.9826
loss: 0.0904, acc: 0.9799
loss: 0.0936, acc: 0.9775
loss: 0.0928, acc: 0.9778
> val_acc: 0.7022, val_f1: 0.6193
>>>>>>>>>>>>>>>>>>>>>>>>>>>>>>>>>>>>>>>>>>>>>>>>>>>>>>>>>>>>>>>>>>>>>>>>>>>>>>>>>>>>>>>>>>>>>>>>>>>>
epoch: 23
loss: 0.0517, acc: 1.0000
loss: 0.0777, acc: 0.9948
loss: 0.0763, acc: 0.9915
loss: 0.0709, acc: 0.9922
loss: 0.0759, acc: 0.9881
loss: 0.0765, acc: 0.9856
loss: 0.0761, acc: 0.9819
loss: 0.0742, acc: 0.9835
loss: 0.0775, acc: 0.9825
loss: 0.0791, acc: 0.9803
loss: 0.0817, acc: 0.9798
loss: 0.0819, acc: 0.9805
loss: 0.0836, acc: 0.9795
loss: 0.0849, acc: 0.9792
loss: 0.0861, acc: 0.9784
> val_acc: 0.6975, val_f1: 0.6259
>>>>>>>>>>>>>>>>>>>>>>>>>>>>>>>>>>>>>>>>>>>>>>>>>>>>>>>>>>>>>>>>>>>>>>>>>>>>>>>>>>>>>>>>>>>>>>>>>>>>
epoch: 24
loss: 0.0821, acc: 0.9896
loss: 0.0685, acc: 0.9844
loss: 0.0712, acc: 0.9832
loss: 0.0773, acc: 0.9809
loss: 0.0751, acc: 0.9823
loss: 0.0760, acc: 0.9810
loss: 0.0743, acc: 0.9820
loss: 0.0782, acc: 0.9803
loss: 0.0786, acc: 0.9797
loss: 0.0798, acc: 0.9785
loss: 0.0786, acc: 0.9782
loss: 0.0793, acc: 0.9774
loss: 0.0798, acc: 0.9767
loss: 0.0809, acc: 0.9761
loss: 0.0813, acc: 0.9768
> val_acc: 0.6912, val_f1: 0.6059
>>>>>>>>>>>>>>>>>>>>>>>>>>>>>>>>>>>>>>>>>>>>>>>>>>>>>>>>>>>>>>>>>>>>>>>>>>>>>>>>>>>>>>>>>>>>>>>>>>>>
epoch: 25
loss: 0.0779, acc: 0.9750
loss: 0.0629, acc: 0.9844
loss: 0.0691, acc: 0.9833
loss: 0.0694, acc: 0.9828
loss: 0.0721, acc: 0.9825
loss: 0.0744, acc: 0.9802
loss: 0.0758, acc: 0.9804
loss: 0.0743, acc: 0.9805
loss: 0.0724, acc: 0.9819
loss: 0.0732, acc: 0.9806
loss: 0.0740, acc: 0.9801
loss: 0.0743, acc: 0.9802
loss: 0.0738, acc: 0.9812
loss: 0.0754, acc: 0.9812
> val_acc: 0.6959, val_f1: 0.6121
>>>>>>>>>>>>>>>>>>>>>>>>>>>>>>>>>>>>>>>>>>>>>>>>>>>>>>>>>>>>>>>>>>>>>>>>>>>>>>>>>>>>>>>>>>>>>>>>>>>>
epoch: 26
loss: 0.0555, acc: 1.0000
loss: 0.0644, acc: 0.9955
loss: 0.0629, acc: 0.9922
loss: 0.0664, acc: 0.9871
loss: 0.0685, acc: 0.9815
loss: 0.0724, acc: 0.9815
loss: 0.0704, acc: 0.9814
loss: 0.0680, acc: 0.9823
loss: 0.0693, acc: 0.9829
loss: 0.0683, acc: 0.9834
loss: 0.0696, acc: 0.9820
loss: 0.0751, acc: 0.9792
loss: 0.0742, acc: 0.9798
loss: 0.0731, acc: 0.9799
loss: 0.0741, acc: 0.9796
> val_acc: 0.6944, val_f1: 0.6188
>>>>>>>>>>>>>>>>>>>>>>>>>>>>>>>>>>>>>>>>>>>>>>>>>>>>>>>>>>>>>>>>>>>>>>>>>>>>>>>>>>>>>>>>>>>>>>>>>>>>
epoch: 27
loss: 0.0796, acc: 0.9844
loss: 0.0714, acc: 0.9861
loss: 0.0658, acc: 0.9866
loss: 0.0663, acc: 0.9868
loss: 0.0702, acc: 0.9844
loss: 0.0725, acc: 0.9817
loss: 0.0753, acc: 0.9798
loss: 0.0745, acc: 0.9808
loss: 0.0749, acc: 0.9801
loss: 0.0755, acc: 0.9802
loss: 0.0739, acc: 0.9815
loss: 0.0732, acc: 0.9809
loss: 0.0737, acc: 0.9810
loss: 0.0726, acc: 0.9814
> val_acc: 0.7069, val_f1: 0.6312
>>>>>>>>>>>>>>>>>>>>>>>>>>>>>>>>>>>>>>>>>>>>>>>>>>>>>>>>>>>>>>>>>>>>>>>>>>>>>>>>>>>>>>>>>>>>>>>>>>>>
epoch: 28
loss: 0.0883, acc: 0.9375
loss: 0.0721, acc: 0.9792
loss: 0.0746, acc: 0.9858
loss: 0.0725, acc: 0.9863
loss: 0.0742, acc: 0.9851
loss: 0.0700, acc: 0.9856
loss: 0.0730, acc: 0.9829
loss: 0.0720, acc: 0.9835
loss: 0.0700, acc: 0.9848
loss: 0.0679, acc: 0.9851
loss: 0.0675, acc: 0.9853
loss: 0.0666, acc: 0.9860
loss: 0.0680, acc: 0.9857
loss: 0.0684, acc: 0.9848
loss: 0.0691, acc: 0.9842
> val_acc: 0.7022, val_f1: 0.6236
>>>>>>>>>>>>>>>>>>>>>>>>>>>>>>>>>>>>>>>>>>>>>>>>>>>>>>>>>>>>>>>>>>>>>>>>>>>>>>>>>>>>>>>>>>>>>>>>>>>>
epoch: 29
loss: 0.0856, acc: 0.9896
loss: 0.0821, acc: 0.9727
loss: 0.0756, acc: 0.9784
loss: 0.0774, acc: 0.9757
loss: 0.0736, acc: 0.9783
loss: 0.0731, acc: 0.9788
loss: 0.0697, acc: 0.9811
loss: 0.0683, acc: 0.9819
loss: 0.0719, acc: 0.9797
loss: 0.0727, acc: 0.9798
loss: 0.0709, acc: 0.9805
loss: 0.0697, acc: 0.9811
loss: 0.0695, acc: 0.9816
loss: 0.0687, acc: 0.9816
loss: 0.0692, acc: 0.9807
> val_acc: 0.6991, val_f1: 0.6142
>> test_acc: 0.7163, test_f1: 0.6425
