cuda memory allocated: 9099264
n_trainable_params: 1926403, n_nontrainable_params: 346100
> training arguments:
>>> model_name: gc_ian
>>> model_ver: 3
>>> dataset: laptop
>>> optimizer: <class 'torch.optim.adagrad.Adagrad'>
>>> initializer: <function xavier_uniform_ at 0x00000182328F76A8>
>>> learning_rate: 0.01
>>> momentum: 0.95
>>> dropout: 0.5
>>> l2reg: 5e-05
>>> num_epoch: 30
>>> batch_size: 32
>>> log_step: 5
>>> embed_dim: 100
>>> hidden_dim: 300
>>> bert_dim: 768
>>> pretrained_bert_name: bert-base-uncased
>>> embeddings: d
>>> max_seq_len: 80
>>> polarities_dim: 3
>>> hops: 3
>>> device: cuda
>>> seed: 10
>>> valset_ratio: 0
>>> num_layers: 1
>>> in_channels: 100
>>> out_channels: 1
>>> downbot: 20
>>> kernel_size: 3
>>> glove_path: ./embeddings/glove.840B.300d.txt
>>> embedding_matrix_path: gen_data/embeddings/100_laptop_domain_embedding_matrix.dat
>>> model_class: <class 'models.gc_ian.GC_IAN3'>
>>> dataset_file: {'train': './datasets/semeval14/Laptops_Train.xml.seg', 'test': './datasets/semeval14/Laptops_Test_Gold.xml.seg'}
>>> inputs_cols: ['text_raw_indices', 'aspect_indices']
>>>>>>>>>>>>>>>>>>>>>>>>>>>>>>>>>>>>>>>>>>>>>>>>>>>>>>>>>>>>>>>>>>>>>>>>>>>>>>>>>>>>>>>>>>>>>>>>>>>>
epoch: 0
loss: 1.3054, acc: 0.3750
loss: 1.1660, acc: 0.4437
loss: 1.0879, acc: 0.4875
loss: 1.0242, acc: 0.5359
loss: 0.9906, acc: 0.5537
loss: 0.9636, acc: 0.5687
loss: 0.9469, acc: 0.5777
loss: 0.9183, acc: 0.5914
loss: 0.9066, acc: 0.5931
loss: 0.8912, acc: 0.5994
loss: 0.8842, acc: 0.6023
loss: 0.8728, acc: 0.6094
loss: 0.8657, acc: 0.6144
loss: 0.8589, acc: 0.6165
> val_acc: 0.6787, val_f1: 0.5978
>> saved: state_dict/gc_ian_laptop_val_acc0.6787
>>>>>>>>>>>>>>>>>>>>>>>>>>>>>>>>>>>>>>>>>>>>>>>>>>>>>>>>>>>>>>>>>>>>>>>>>>>>>>>>>>>>>>>>>>>>>>>>>>>>
epoch: 1
loss: 0.6251, acc: 0.7031
loss: 0.5671, acc: 0.7902
loss: 0.6401, acc: 0.7552
loss: 0.6448, acc: 0.7371
loss: 0.6344, acc: 0.7457
loss: 0.6339, acc: 0.7454
loss: 0.6185, acc: 0.7588
loss: 0.6162, acc: 0.7593
loss: 0.6148, acc: 0.7597
loss: 0.6187, acc: 0.7560
loss: 0.6206, acc: 0.7560
loss: 0.6193, acc: 0.7560
loss: 0.6115, acc: 0.7596
loss: 0.6101, acc: 0.7603
loss: 0.6067, acc: 0.7622
> val_acc: 0.6834, val_f1: 0.5910
>> saved: state_dict/gc_ian_laptop_val_acc0.6834
>>>>>>>>>>>>>>>>>>>>>>>>>>>>>>>>>>>>>>>>>>>>>>>>>>>>>>>>>>>>>>>>>>>>>>>>>>>>>>>>>>>>>>>>>>>>>>>>>>>>
epoch: 2
loss: 0.4665, acc: 0.8203
loss: 0.4851, acc: 0.8160
loss: 0.4837, acc: 0.8304
loss: 0.4864, acc: 0.8289
loss: 0.4980, acc: 0.8190
loss: 0.5043, acc: 0.8147
loss: 0.5080, acc: 0.8116
loss: 0.5104, acc: 0.8109
loss: 0.5072, acc: 0.8132
loss: 0.5007, acc: 0.8131
loss: 0.5045, acc: 0.8131
loss: 0.5036, acc: 0.8141
loss: 0.5050, acc: 0.8125
loss: 0.5069, acc: 0.8116
> val_acc: 0.6850, val_f1: 0.5877
>> saved: state_dict/gc_ian_laptop_val_acc0.685
>>>>>>>>>>>>>>>>>>>>>>>>>>>>>>>>>>>>>>>>>>>>>>>>>>>>>>>>>>>>>>>>>>>>>>>>>>>>>>>>>>>>>>>>>>>>>>>>>>>>
epoch: 3
loss: 0.4383, acc: 0.8438
loss: 0.4142, acc: 0.8594
loss: 0.4075, acc: 0.8494
loss: 0.4187, acc: 0.8477
loss: 0.4243, acc: 0.8482
loss: 0.4130, acc: 0.8594
loss: 0.4153, acc: 0.8558
loss: 0.4190, acc: 0.8507
loss: 0.4176, acc: 0.8521
loss: 0.4166, acc: 0.8533
loss: 0.4247, acc: 0.8523
loss: 0.4246, acc: 0.8521
loss: 0.4320, acc: 0.8478
loss: 0.4360, acc: 0.8447
loss: 0.4333, acc: 0.8473
> val_acc: 0.6897, val_f1: 0.5879
>> saved: state_dict/gc_ian_laptop_val_acc0.6897
>>>>>>>>>>>>>>>>>>>>>>>>>>>>>>>>>>>>>>>>>>>>>>>>>>>>>>>>>>>>>>>>>>>>>>>>>>>>>>>>>>>>>>>>>>>>>>>>>>>>
epoch: 4
loss: 0.3982, acc: 0.8646
loss: 0.3895, acc: 0.8594
loss: 0.3876, acc: 0.8606
loss: 0.3953, acc: 0.8507
loss: 0.3827, acc: 0.8614
loss: 0.3902, acc: 0.8583
loss: 0.3890, acc: 0.8627
loss: 0.3827, acc: 0.8651
loss: 0.3830, acc: 0.8670
loss: 0.3808, acc: 0.8665
loss: 0.3853, acc: 0.8603
loss: 0.3852, acc: 0.8610
loss: 0.3823, acc: 0.8636
loss: 0.3815, acc: 0.8635
loss: 0.3827, acc: 0.8608
> val_acc: 0.6991, val_f1: 0.6209
>> saved: state_dict/gc_ian_laptop_val_acc0.6991
>>>>>>>>>>>>>>>>>>>>>>>>>>>>>>>>>>>>>>>>>>>>>>>>>>>>>>>>>>>>>>>>>>>>>>>>>>>>>>>>>>>>>>>>>>>>>>>>>>>>
epoch: 5
loss: 0.3544, acc: 0.8938
loss: 0.3933, acc: 0.8719
loss: 0.3747, acc: 0.8750
loss: 0.3601, acc: 0.8766
loss: 0.3572, acc: 0.8738
loss: 0.3578, acc: 0.8719
loss: 0.3665, acc: 0.8643
loss: 0.3617, acc: 0.8672
loss: 0.3603, acc: 0.8681
loss: 0.3603, acc: 0.8681
loss: 0.3545, acc: 0.8722
loss: 0.3520, acc: 0.8755
loss: 0.3467, acc: 0.8788
loss: 0.3470, acc: 0.8804
> val_acc: 0.6897, val_f1: 0.5818
>>>>>>>>>>>>>>>>>>>>>>>>>>>>>>>>>>>>>>>>>>>>>>>>>>>>>>>>>>>>>>>>>>>>>>>>>>>>>>>>>>>>>>>>>>>>>>>>>>>>
epoch: 6
loss: 0.3087, acc: 0.8906
loss: 0.3230, acc: 0.8929
loss: 0.3346, acc: 0.8776
loss: 0.3255, acc: 0.8805
loss: 0.3150, acc: 0.8892
loss: 0.3069, acc: 0.8924
loss: 0.3214, acc: 0.8828
loss: 0.3194, acc: 0.8843
loss: 0.3235, acc: 0.8810
loss: 0.3244, acc: 0.8810
loss: 0.3203, acc: 0.8846
loss: 0.3170, acc: 0.8871
loss: 0.3236, acc: 0.8831
loss: 0.3247, acc: 0.8825
loss: 0.3248, acc: 0.8832
> val_acc: 0.7053, val_f1: 0.6297
>> saved: state_dict/gc_ian_laptop_val_acc0.7053
>>>>>>>>>>>>>>>>>>>>>>>>>>>>>>>>>>>>>>>>>>>>>>>>>>>>>>>>>>>>>>>>>>>>>>>>>>>>>>>>>>>>>>>>>>>>>>>>>>>>
epoch: 7
loss: 0.3056, acc: 0.8906
loss: 0.3141, acc: 0.8819
loss: 0.2991, acc: 0.8862
loss: 0.2867, acc: 0.8964
loss: 0.2889, acc: 0.8958
loss: 0.2879, acc: 0.8987
loss: 0.2976, acc: 0.8952
loss: 0.2904, acc: 0.8990
loss: 0.2931, acc: 0.8984
loss: 0.2963, acc: 0.8980
loss: 0.2943, acc: 0.9016
loss: 0.2940, acc: 0.9015
loss: 0.2961, acc: 0.9004
loss: 0.2962, acc: 0.9013
> val_acc: 0.6991, val_f1: 0.6161
>>>>>>>>>>>>>>>>>>>>>>>>>>>>>>>>>>>>>>>>>>>>>>>>>>>>>>>>>>>>>>>>>>>>>>>>>>>>>>>>>>>>>>>>>>>>>>>>>>>>
epoch: 8
loss: 0.2759, acc: 0.8750
loss: 0.2509, acc: 0.9219
loss: 0.2645, acc: 0.9119
loss: 0.2688, acc: 0.9082
loss: 0.2679, acc: 0.9122
loss: 0.2660, acc: 0.9147
loss: 0.2657, acc: 0.9113
loss: 0.2691, acc: 0.9123
loss: 0.2696, acc: 0.9108
loss: 0.2743, acc: 0.9090
loss: 0.2713, acc: 0.9099
loss: 0.2738, acc: 0.9085
loss: 0.2770, acc: 0.9057
loss: 0.2730, acc: 0.9072
loss: 0.2770, acc: 0.9032
> val_acc: 0.6865, val_f1: 0.5909
>>>>>>>>>>>>>>>>>>>>>>>>>>>>>>>>>>>>>>>>>>>>>>>>>>>>>>>>>>>>>>>>>>>>>>>>>>>>>>>>>>>>>>>>>>>>>>>>>>>>
epoch: 9
loss: 0.1948, acc: 0.9583
loss: 0.2475, acc: 0.9375
loss: 0.2357, acc: 0.9423
loss: 0.2424, acc: 0.9392
loss: 0.2442, acc: 0.9348
loss: 0.2366, acc: 0.9386
loss: 0.2452, acc: 0.9337
loss: 0.2413, acc: 0.9334
loss: 0.2452, acc: 0.9310
loss: 0.2461, acc: 0.9297
loss: 0.2452, acc: 0.9298
loss: 0.2423, acc: 0.9310
loss: 0.2482, acc: 0.9256
loss: 0.2517, acc: 0.9210
loss: 0.2520, acc: 0.9192
> val_acc: 0.6959, val_f1: 0.6052
>>>>>>>>>>>>>>>>>>>>>>>>>>>>>>>>>>>>>>>>>>>>>>>>>>>>>>>>>>>>>>>>>>>>>>>>>>>>>>>>>>>>>>>>>>>>>>>>>>>>
epoch: 10
loss: 0.2399, acc: 0.9313
loss: 0.2769, acc: 0.9094
loss: 0.2573, acc: 0.9208
loss: 0.2484, acc: 0.9266
loss: 0.2468, acc: 0.9237
loss: 0.2443, acc: 0.9281
loss: 0.2388, acc: 0.9286
loss: 0.2386, acc: 0.9281
loss: 0.2342, acc: 0.9278
loss: 0.2341, acc: 0.9269
loss: 0.2327, acc: 0.9278
loss: 0.2333, acc: 0.9281
loss: 0.2311, acc: 0.9298
loss: 0.2349, acc: 0.9277
> val_acc: 0.7069, val_f1: 0.6451
>> saved: state_dict/gc_ian_laptop_val_acc0.7069
>>>>>>>>>>>>>>>>>>>>>>>>>>>>>>>>>>>>>>>>>>>>>>>>>>>>>>>>>>>>>>>>>>>>>>>>>>>>>>>>>>>>>>>>>>>>>>>>>>>>
epoch: 11
loss: 0.2003, acc: 0.9375
loss: 0.2036, acc: 0.9598
loss: 0.2050, acc: 0.9349
loss: 0.2015, acc: 0.9338
loss: 0.2093, acc: 0.9347
loss: 0.2157, acc: 0.9340
loss: 0.2188, acc: 0.9336
loss: 0.2173, acc: 0.9333
loss: 0.2198, acc: 0.9323
loss: 0.2176, acc: 0.9342
loss: 0.2175, acc: 0.9333
loss: 0.2195, acc: 0.9326
loss: 0.2190, acc: 0.9335
loss: 0.2185, acc: 0.9333
loss: 0.2182, acc: 0.9336
> val_acc: 0.6959, val_f1: 0.6062
>>>>>>>>>>>>>>>>>>>>>>>>>>>>>>>>>>>>>>>>>>>>>>>>>>>>>>>>>>>>>>>>>>>>>>>>>>>>>>>>>>>>>>>>>>>>>>>>>>>>
epoch: 12
loss: 0.1543, acc: 0.9609
loss: 0.1736, acc: 0.9444
loss: 0.1823, acc: 0.9487
loss: 0.1985, acc: 0.9408
loss: 0.1908, acc: 0.9479
loss: 0.1865, acc: 0.9494
loss: 0.1926, acc: 0.9449
loss: 0.1949, acc: 0.9439
loss: 0.2008, acc: 0.9411
loss: 0.2070, acc: 0.9381
loss: 0.2048, acc: 0.9387
loss: 0.2098, acc: 0.9364
loss: 0.2059, acc: 0.9375
loss: 0.2050, acc: 0.9389
> val_acc: 0.6755, val_f1: 0.5731
>>>>>>>>>>>>>>>>>>>>>>>>>>>>>>>>>>>>>>>>>>>>>>>>>>>>>>>>>>>>>>>>>>>>>>>>>>>>>>>>>>>>>>>>>>>>>>>>>>>>
epoch: 13
loss: 0.1908, acc: 0.9062
loss: 0.1482, acc: 0.9740
loss: 0.1752, acc: 0.9574
loss: 0.1788, acc: 0.9590
loss: 0.1787, acc: 0.9583
loss: 0.1870, acc: 0.9507
loss: 0.1940, acc: 0.9466
loss: 0.1933, acc: 0.9462
loss: 0.1956, acc: 0.9466
loss: 0.1947, acc: 0.9470
loss: 0.1959, acc: 0.9467
loss: 0.1985, acc: 0.9442
loss: 0.2020, acc: 0.9390
loss: 0.1985, acc: 0.9403
loss: 0.1979, acc: 0.9393
> val_acc: 0.6912, val_f1: 0.6012
>>>>>>>>>>>>>>>>>>>>>>>>>>>>>>>>>>>>>>>>>>>>>>>>>>>>>>>>>>>>>>>>>>>>>>>>>>>>>>>>>>>>>>>>>>>>>>>>>>>>
epoch: 14
loss: 0.2212, acc: 0.9271
loss: 0.2214, acc: 0.9219
loss: 0.1979, acc: 0.9423
loss: 0.1954, acc: 0.9444
loss: 0.1979, acc: 0.9402
loss: 0.1915, acc: 0.9442
loss: 0.1933, acc: 0.9432
loss: 0.1878, acc: 0.9441
loss: 0.1889, acc: 0.9440
loss: 0.1887, acc: 0.9440
loss: 0.1857, acc: 0.9458
loss: 0.1819, acc: 0.9483
loss: 0.1815, acc: 0.9484
loss: 0.1829, acc: 0.9462
loss: 0.1851, acc: 0.9450
> val_acc: 0.6959, val_f1: 0.6179
>>>>>>>>>>>>>>>>>>>>>>>>>>>>>>>>>>>>>>>>>>>>>>>>>>>>>>>>>>>>>>>>>>>>>>>>>>>>>>>>>>>>>>>>>>>>>>>>>>>>
epoch: 15
loss: 0.1946, acc: 0.9375
loss: 0.1724, acc: 0.9500
loss: 0.1793, acc: 0.9437
loss: 0.1707, acc: 0.9516
loss: 0.1785, acc: 0.9450
loss: 0.1763, acc: 0.9479
loss: 0.1745, acc: 0.9500
loss: 0.1760, acc: 0.9484
loss: 0.1826, acc: 0.9451
loss: 0.1835, acc: 0.9425
loss: 0.1842, acc: 0.9432
loss: 0.1854, acc: 0.9432
loss: 0.1827, acc: 0.9452
loss: 0.1820, acc: 0.9469
> val_acc: 0.6850, val_f1: 0.5864
>>>>>>>>>>>>>>>>>>>>>>>>>>>>>>>>>>>>>>>>>>>>>>>>>>>>>>>>>>>>>>>>>>>>>>>>>>>>>>>>>>>>>>>>>>>>>>>>>>>>
epoch: 16
loss: 0.2345, acc: 0.9062
loss: 0.2012, acc: 0.9330
loss: 0.1854, acc: 0.9453
loss: 0.1750, acc: 0.9504
loss: 0.1737, acc: 0.9503
loss: 0.1748, acc: 0.9479
loss: 0.1730, acc: 0.9482
loss: 0.1684, acc: 0.9502
loss: 0.1657, acc: 0.9516
loss: 0.1692, acc: 0.9495
loss: 0.1734, acc: 0.9471
loss: 0.1757, acc: 0.9446
loss: 0.1753, acc: 0.9456
loss: 0.1750, acc: 0.9454
loss: 0.1757, acc: 0.9444
> val_acc: 0.6850, val_f1: 0.5904
>>>>>>>>>>>>>>>>>>>>>>>>>>>>>>>>>>>>>>>>>>>>>>>>>>>>>>>>>>>>>>>>>>>>>>>>>>>>>>>>>>>>>>>>>>>>>>>>>>>>
epoch: 17
loss: 0.1779, acc: 0.9453
loss: 0.1591, acc: 0.9549
loss: 0.1534, acc: 0.9531
loss: 0.1631, acc: 0.9474
loss: 0.1639, acc: 0.9466
loss: 0.1645, acc: 0.9483
loss: 0.1667, acc: 0.9476
loss: 0.1650, acc: 0.9487
loss: 0.1632, acc: 0.9510
loss: 0.1631, acc: 0.9509
loss: 0.1646, acc: 0.9514
loss: 0.1639, acc: 0.9513
loss: 0.1620, acc: 0.9526
loss: 0.1629, acc: 0.9524
> val_acc: 0.6834, val_f1: 0.5882
>>>>>>>>>>>>>>>>>>>>>>>>>>>>>>>>>>>>>>>>>>>>>>>>>>>>>>>>>>>>>>>>>>>>>>>>>>>>>>>>>>>>>>>>>>>>>>>>>>>>
epoch: 18
loss: 0.1272, acc: 0.9688
loss: 0.1530, acc: 0.9479
loss: 0.1672, acc: 0.9460
loss: 0.1626, acc: 0.9492
loss: 0.1587, acc: 0.9554
loss: 0.1496, acc: 0.9591
loss: 0.1502, acc: 0.9587
loss: 0.1530, acc: 0.9549
loss: 0.1556, acc: 0.9520
loss: 0.1551, acc: 0.9524
loss: 0.1521, acc: 0.9553
loss: 0.1543, acc: 0.9542
loss: 0.1531, acc: 0.9549
loss: 0.1557, acc: 0.9536
loss: 0.1588, acc: 0.9529
> val_acc: 0.6928, val_f1: 0.6049
>>>>>>>>>>>>>>>>>>>>>>>>>>>>>>>>>>>>>>>>>>>>>>>>>>>>>>>>>>>>>>>>>>>>>>>>>>>>>>>>>>>>>>>>>>>>>>>>>>>>
epoch: 19
loss: 0.2250, acc: 0.9167
loss: 0.1624, acc: 0.9570
loss: 0.1626, acc: 0.9471
loss: 0.1554, acc: 0.9479
loss: 0.1575, acc: 0.9497
loss: 0.1562, acc: 0.9487
loss: 0.1539, acc: 0.9498
loss: 0.1600, acc: 0.9474
loss: 0.1573, acc: 0.9491
loss: 0.1556, acc: 0.9512
loss: 0.1512, acc: 0.9546
loss: 0.1495, acc: 0.9542
loss: 0.1535, acc: 0.9504
loss: 0.1527, acc: 0.9513
loss: 0.1533, acc: 0.9523
> val_acc: 0.6912, val_f1: 0.6069
>>>>>>>>>>>>>>>>>>>>>>>>>>>>>>>>>>>>>>>>>>>>>>>>>>>>>>>>>>>>>>>>>>>>>>>>>>>>>>>>>>>>>>>>>>>>>>>>>>>>
epoch: 20
loss: 0.1021, acc: 0.9875
loss: 0.1145, acc: 0.9781
loss: 0.1241, acc: 0.9729
loss: 0.1295, acc: 0.9625
loss: 0.1309, acc: 0.9613
loss: 0.1320, acc: 0.9604
loss: 0.1403, acc: 0.9554
loss: 0.1421, acc: 0.9563
loss: 0.1401, acc: 0.9583
loss: 0.1438, acc: 0.9581
loss: 0.1453, acc: 0.9580
loss: 0.1444, acc: 0.9573
loss: 0.1450, acc: 0.9577
loss: 0.1441, acc: 0.9580
> val_acc: 0.6897, val_f1: 0.6046
>>>>>>>>>>>>>>>>>>>>>>>>>>>>>>>>>>>>>>>>>>>>>>>>>>>>>>>>>>>>>>>>>>>>>>>>>>>>>>>>>>>>>>>>>>>>>>>>>>>>
epoch: 21
loss: 0.1134, acc: 1.0000
loss: 0.1292, acc: 0.9821
loss: 0.1441, acc: 0.9661
loss: 0.1405, acc: 0.9632
loss: 0.1354, acc: 0.9659
loss: 0.1354, acc: 0.9653
loss: 0.1418, acc: 0.9609
loss: 0.1389, acc: 0.9611
loss: 0.1414, acc: 0.9591
loss: 0.1408, acc: 0.9594
loss: 0.1404, acc: 0.9597
loss: 0.1408, acc: 0.9605
loss: 0.1439, acc: 0.9587
loss: 0.1448, acc: 0.9580
loss: 0.1452, acc: 0.9575
> val_acc: 0.6818, val_f1: 0.5878
>>>>>>>>>>>>>>>>>>>>>>>>>>>>>>>>>>>>>>>>>>>>>>>>>>>>>>>>>>>>>>>>>>>>>>>>>>>>>>>>>>>>>>>>>>>>>>>>>>>>
epoch: 22
loss: 0.1236, acc: 0.9688
loss: 0.1208, acc: 0.9722
loss: 0.1143, acc: 0.9821
loss: 0.1141, acc: 0.9819
loss: 0.1201, acc: 0.9792
loss: 0.1319, acc: 0.9709
loss: 0.1325, acc: 0.9678
loss: 0.1319, acc: 0.9671
loss: 0.1327, acc: 0.9659
loss: 0.1323, acc: 0.9656
loss: 0.1315, acc: 0.9664
loss: 0.1313, acc: 0.9672
loss: 0.1331, acc: 0.9658
loss: 0.1389, acc: 0.9620
> val_acc: 0.6803, val_f1: 0.5880
>>>>>>>>>>>>>>>>>>>>>>>>>>>>>>>>>>>>>>>>>>>>>>>>>>>>>>>>>>>>>>>>>>>>>>>>>>>>>>>>>>>>>>>>>>>>>>>>>>>>
epoch: 23
loss: 0.1242, acc: 0.9375
loss: 0.1025, acc: 0.9792
loss: 0.1134, acc: 0.9716
loss: 0.1118, acc: 0.9727
loss: 0.1105, acc: 0.9717
loss: 0.1102, acc: 0.9712
loss: 0.1143, acc: 0.9698
loss: 0.1178, acc: 0.9688
loss: 0.1227, acc: 0.9672
loss: 0.1223, acc: 0.9660
loss: 0.1255, acc: 0.9638
loss: 0.1280, acc: 0.9615
loss: 0.1286, acc: 0.9606
loss: 0.1281, acc: 0.9612
loss: 0.1302, acc: 0.9613
> val_acc: 0.6834, val_f1: 0.5962
>>>>>>>>>>>>>>>>>>>>>>>>>>>>>>>>>>>>>>>>>>>>>>>>>>>>>>>>>>>>>>>>>>>>>>>>>>>>>>>>>>>>>>>>>>>>>>>>>>>>
epoch: 24
loss: 0.1471, acc: 0.9271
loss: 0.1238, acc: 0.9609
loss: 0.1154, acc: 0.9639
loss: 0.1287, acc: 0.9583
loss: 0.1363, acc: 0.9552
loss: 0.1310, acc: 0.9565
loss: 0.1239, acc: 0.9602
loss: 0.1245, acc: 0.9630
loss: 0.1236, acc: 0.9637
loss: 0.1243, acc: 0.9655
loss: 0.1222, acc: 0.9664
loss: 0.1225, acc: 0.9650
loss: 0.1249, acc: 0.9638
loss: 0.1273, acc: 0.9619
loss: 0.1292, acc: 0.9605
> val_acc: 0.6975, val_f1: 0.6207
>>>>>>>>>>>>>>>>>>>>>>>>>>>>>>>>>>>>>>>>>>>>>>>>>>>>>>>>>>>>>>>>>>>>>>>>>>>>>>>>>>>>>>>>>>>>>>>>>>>>
epoch: 25
loss: 0.1315, acc: 0.9500
loss: 0.1354, acc: 0.9500
loss: 0.1383, acc: 0.9583
loss: 0.1321, acc: 0.9609
loss: 0.1228, acc: 0.9637
loss: 0.1239, acc: 0.9615
loss: 0.1277, acc: 0.9607
loss: 0.1254, acc: 0.9617
loss: 0.1273, acc: 0.9597
loss: 0.1235, acc: 0.9613
loss: 0.1238, acc: 0.9602
loss: 0.1244, acc: 0.9599
loss: 0.1264, acc: 0.9587
loss: 0.1283, acc: 0.9585
> val_acc: 0.6881, val_f1: 0.6059
>>>>>>>>>>>>>>>>>>>>>>>>>>>>>>>>>>>>>>>>>>>>>>>>>>>>>>>>>>>>>>>>>>>>>>>>>>>>>>>>>>>>>>>>>>>>>>>>>>>>
epoch: 26
loss: 0.0934, acc: 1.0000
loss: 0.1215, acc: 0.9777
loss: 0.1296, acc: 0.9688
loss: 0.1340, acc: 0.9632
loss: 0.1311, acc: 0.9645
loss: 0.1249, acc: 0.9688
loss: 0.1215, acc: 0.9717
loss: 0.1227, acc: 0.9696
loss: 0.1194, acc: 0.9710
loss: 0.1188, acc: 0.9707
loss: 0.1174, acc: 0.9706
loss: 0.1178, acc: 0.9704
loss: 0.1198, acc: 0.9677
loss: 0.1215, acc: 0.9674
loss: 0.1213, acc: 0.9674
> val_acc: 0.6834, val_f1: 0.5934
>>>>>>>>>>>>>>>>>>>>>>>>>>>>>>>>>>>>>>>>>>>>>>>>>>>>>>>>>>>>>>>>>>>>>>>>>>>>>>>>>>>>>>>>>>>>>>>>>>>>
epoch: 27
loss: 0.0960, acc: 0.9922
loss: 0.1110, acc: 0.9792
loss: 0.1066, acc: 0.9844
loss: 0.1121, acc: 0.9803
loss: 0.1176, acc: 0.9779
loss: 0.1271, acc: 0.9709
loss: 0.1307, acc: 0.9669
loss: 0.1262, acc: 0.9688
loss: 0.1256, acc: 0.9680
loss: 0.1280, acc: 0.9662
loss: 0.1262, acc: 0.9664
loss: 0.1279, acc: 0.9650
loss: 0.1247, acc: 0.9663
loss: 0.1254, acc: 0.9660
> val_acc: 0.6881, val_f1: 0.6038
>>>>>>>>>>>>>>>>>>>>>>>>>>>>>>>>>>>>>>>>>>>>>>>>>>>>>>>>>>>>>>>>>>>>>>>>>>>>>>>>>>>>>>>>>>>>>>>>>>>>
epoch: 28
loss: 0.1345, acc: 0.9375
loss: 0.1214, acc: 0.9740
loss: 0.1145, acc: 0.9744
loss: 0.1159, acc: 0.9707
loss: 0.1174, acc: 0.9732
loss: 0.1231, acc: 0.9675
loss: 0.1226, acc: 0.9688
loss: 0.1261, acc: 0.9644
loss: 0.1225, acc: 0.9672
loss: 0.1189, acc: 0.9688
loss: 0.1168, acc: 0.9694
loss: 0.1139, acc: 0.9715
loss: 0.1141, acc: 0.9718
loss: 0.1184, acc: 0.9692
loss: 0.1152, acc: 0.9705
> val_acc: 0.6818, val_f1: 0.5931
>>>>>>>>>>>>>>>>>>>>>>>>>>>>>>>>>>>>>>>>>>>>>>>>>>>>>>>>>>>>>>>>>>>>>>>>>>>>>>>>>>>>>>>>>>>>>>>>>>>>
epoch: 29
loss: 0.0799, acc: 0.9896
loss: 0.0939, acc: 0.9727
loss: 0.1093, acc: 0.9663
loss: 0.1107, acc: 0.9670
loss: 0.1068, acc: 0.9688
loss: 0.1027, acc: 0.9710
loss: 0.1062, acc: 0.9716
loss: 0.1047, acc: 0.9737
loss: 0.1037, acc: 0.9746
loss: 0.1081, acc: 0.9714
loss: 0.1075, acc: 0.9711
loss: 0.1077, acc: 0.9720
loss: 0.1138, acc: 0.9678
loss: 0.1140, acc: 0.9669
loss: 0.1158, acc: 0.9669
> val_acc: 0.6787, val_f1: 0.5870
>> test_acc: 0.7069, test_f1: 0.6451
