cuda memory allocated: 19891200
n_trainable_params: 3206003, n_nontrainable_params: 1764800
> training arguments:
>>> model_name: gc_ian
>>> model_ver: 3
>>> dataset: restaurant
>>> optimizer: <class 'torch.optim.adagrad.Adagrad'>
>>> initializer: <function xavier_uniform_ at 0x00000222364076A8>
>>> learning_rate: 0.01
>>> momentum: 0.95
>>> dropout: 0.5
>>> l2reg: 5e-05
>>> num_epoch: 30
>>> batch_size: 32
>>> log_step: 5
>>> embed_dim: 400
>>> hidden_dim: 300
>>> bert_dim: 768
>>> pretrained_bert_name: bert-base-uncased
>>> embeddings: gd
>>> max_seq_len: 80
>>> polarities_dim: 3
>>> hops: 3
>>> device: cuda
>>> seed: 0
>>> valset_ratio: 0
>>> num_layers: 1
>>> in_channels: 100
>>> out_channels: 1
>>> downbot: 20
>>> kernel_size: 3
>>> glove_path: ./embeddings/glove.840B.300d.txt
>>> embedding_matrix_path: gen_data/embeddings/400_restaurant_glove_domain_embedding_matrix.dat
>>> model_class: <class 'models.gc_ian.GC_IAN3'>
>>> dataset_file: {'train': './datasets/semeval14/Restaurants_Train.xml.seg', 'test': './datasets/semeval14/Restaurants_Test_Gold.xml.seg'}
>>> inputs_cols: ['text_raw_indices', 'aspect_indices']
>>>>>>>>>>>>>>>>>>>>>>>>>>>>>>>>>>>>>>>>>>>>>>>>>>>>>>>>>>>>>>>>>>>>>>>>>>>>>>>>>>>>>>>>>>>>>>>>>>>>
epoch: 0
loss: 1.9234, acc: 0.4625
loss: 1.7099, acc: 0.5031
cuda memory allocated: 8836608
n_trainable_params: 1766003, n_nontrainable_params: 441200
> training arguments:
>>> model_name: gc_ian
>>> model_ver: 3
>>> dataset: restaurant
>>> optimizer: <class 'torch.optim.adagrad.Adagrad'>
>>> initializer: <function xavier_uniform_ at 0x00000286F9BD76A8>
>>> learning_rate: 0.01
>>> momentum: 0.95
>>> dropout: 0.5
>>> l2reg: 5e-05
>>> num_epoch: 30
>>> batch_size: 32
>>> log_step: 5
>>> embed_dim: 100
>>> hidden_dim: 300
>>> bert_dim: 768
>>> pretrained_bert_name: bert-base-uncased
>>> embeddings: d
>>> max_seq_len: 80
>>> polarities_dim: 3
>>> hops: 3
>>> device: cuda
>>> seed: 0
>>> valset_ratio: 0
>>> num_layers: 1
>>> in_channels: 100
>>> out_channels: 1
>>> downbot: 20
>>> kernel_size: 3
>>> glove_path: ./embeddings/glove.840B.300d.txt
>>> embedding_matrix_path: gen_data/embeddings/100_restaurant_domain_embedding_matrix.dat
>>> model_class: <class 'models.gc_ian.GC_IAN3'>
>>> dataset_file: {'train': './datasets/semeval14/Restaurants_Train.xml.seg', 'test': './datasets/semeval14/Restaurants_Test_Gold.xml.seg'}
>>> inputs_cols: ['text_raw_indices', 'aspect_indices']
>>>>>>>>>>>>>>>>>>>>>>>>>>>>>>>>>>>>>>>>>>>>>>>>>>>>>>>>>>>>>>>>>>>>>>>>>>>>>>>>>>>>>>>>>>>>>>>>>>>>
epoch: 0
loss: 1.0597, acc: 0.5500
loss: 0.9708, acc: 0.5750
loss: 0.9381, acc: 0.6021
loss: 0.9195, acc: 0.6094
loss: 0.8989, acc: 0.6150
loss: 0.8992, acc: 0.6125
loss: 0.8903, acc: 0.6170
loss: 0.8774, acc: 0.6188
loss: 0.8678, acc: 0.6264
loss: 0.8506, acc: 0.6356
loss: 0.8399, acc: 0.6415
loss: 0.8332, acc: 0.6464
loss: 0.8247, acc: 0.6476
loss: 0.8144, acc: 0.6513
loss: 0.8079, acc: 0.6571
loss: 0.8006, acc: 0.6586
loss: 0.7949, acc: 0.6610
loss: 0.7893, acc: 0.6646
loss: 0.7849, acc: 0.6658
loss: 0.7806, acc: 0.6694
loss: 0.7724, acc: 0.6726
loss: 0.7669, acc: 0.6750
> val_acc: 0.7196, val_f1: 0.4776
>> saved: state_dict/gc_ian_restaurant_val_acc0.7196
>>>>>>>>>>>>>>>>>>>>>>>>>>>>>>>>>>>>>>>>>>>>>>>>>>>>>>>>>>>>>>>>>>>>>>>>>>>>>>>>>>>>>>>>>>>>>>>>>>>>
epoch: 1
loss: 0.5274, acc: 0.7656
loss: 0.4869, acc: 0.8348
loss: 0.4991, acc: 0.8203
loss: 0.5202, acc: 0.8088
loss: 0.5191, acc: 0.8068
loss: 0.5370, acc: 0.7975
loss: 0.5475, acc: 0.7910
loss: 0.5558, acc: 0.7838
loss: 0.5572, acc: 0.7835
loss: 0.5679, acc: 0.7766
loss: 0.5705, acc: 0.7746
loss: 0.5715, acc: 0.7752
loss: 0.5712, acc: 0.7757
loss: 0.5643, acc: 0.7785
loss: 0.5687, acc: 0.7791
loss: 0.5730, acc: 0.7772
loss: 0.5734, acc: 0.7759
loss: 0.5746, acc: 0.7755
loss: 0.5707, acc: 0.7765
loss: 0.5709, acc: 0.7751
loss: 0.5674, acc: 0.7770
loss: 0.5685, acc: 0.7772
loss: 0.5691, acc: 0.7757
> val_acc: 0.7946, val_f1: 0.6563
>> saved: state_dict/gc_ian_restaurant_val_acc0.7946
>>>>>>>>>>>>>>>>>>>>>>>>>>>>>>>>>>>>>>>>>>>>>>>>>>>>>>>>>>>>>>>>>>>>>>>>>>>>>>>>>>>>>>>>>>>>>>>>>>>>
epoch: 2
loss: 0.4130, acc: 0.8906
loss: 0.4631, acc: 0.8472
loss: 0.5026, acc: 0.8192
loss: 0.5050, acc: 0.8125
loss: 0.5085, acc: 0.8138
loss: 0.5021, acc: 0.8190
loss: 0.5023, acc: 0.8199
loss: 0.5044, acc: 0.8165
loss: 0.5107, acc: 0.8132
loss: 0.5139, acc: 0.8106
loss: 0.5107, acc: 0.8108
loss: 0.5064, acc: 0.8130
loss: 0.4995, acc: 0.8159
loss: 0.4996, acc: 0.8143
loss: 0.5085, acc: 0.8100
loss: 0.5103, acc: 0.8081
loss: 0.5140, acc: 0.8062
loss: 0.5150, acc: 0.8051
loss: 0.5152, acc: 0.8045
loss: 0.5108, acc: 0.8062
loss: 0.5090, acc: 0.8053
loss: 0.5067, acc: 0.8065
> val_acc: 0.7821, val_f1: 0.6366
>>>>>>>>>>>>>>>>>>>>>>>>>>>>>>>>>>>>>>>>>>>>>>>>>>>>>>>>>>>>>>>>>>>>>>>>>>>>>>>>>>>>>>>>>>>>>>>>>>>>
epoch: 3
loss: 0.4730, acc: 0.8438
loss: 0.5125, acc: 0.8125
loss: 0.4579, acc: 0.8295
loss: 0.4687, acc: 0.8281
loss: 0.4786, acc: 0.8274
loss: 0.4780, acc: 0.8209
loss: 0.4744, acc: 0.8175
loss: 0.4730, acc: 0.8160
loss: 0.4709, acc: 0.8163
loss: 0.4703, acc: 0.8186
loss: 0.4656, acc: 0.8223
loss: 0.4613, acc: 0.8237
loss: 0.4536, acc: 0.8279
loss: 0.4522, acc: 0.8281
loss: 0.4557, acc: 0.8283
loss: 0.4560, acc: 0.8257
loss: 0.4578, acc: 0.8248
loss: 0.4596, acc: 0.8256
loss: 0.4591, acc: 0.8255
loss: 0.4544, acc: 0.8281
loss: 0.4519, acc: 0.8295
loss: 0.4513, acc: 0.8305
loss: 0.4541, acc: 0.8285
> val_acc: 0.7786, val_f1: 0.6130
>>>>>>>>>>>>>>>>>>>>>>>>>>>>>>>>>>>>>>>>>>>>>>>>>>>>>>>>>>>>>>>>>>>>>>>>>>>>>>>>>>>>>>>>>>>>>>>>>>>>
epoch: 4
loss: 0.2644, acc: 0.9271
loss: 0.3509, acc: 0.8711
loss: 0.3563, acc: 0.8702
loss: 0.3658, acc: 0.8628
loss: 0.3698, acc: 0.8628
loss: 0.3874, acc: 0.8571
loss: 0.4030, acc: 0.8532
loss: 0.4068, acc: 0.8520
loss: 0.4078, acc: 0.8532
loss: 0.4083, acc: 0.8516
loss: 0.4151, acc: 0.8443
loss: 0.4237, acc: 0.8411
loss: 0.4252, acc: 0.8403
loss: 0.4258, acc: 0.8387
loss: 0.4237, acc: 0.8403
loss: 0.4244, acc: 0.8409
loss: 0.4222, acc: 0.8422
loss: 0.4225, acc: 0.8434
loss: 0.4230, acc: 0.8431
loss: 0.4228, acc: 0.8431
loss: 0.4205, acc: 0.8441
loss: 0.4213, acc: 0.8423
loss: 0.4210, acc: 0.8420
> val_acc: 0.7964, val_f1: 0.6789
>> saved: state_dict/gc_ian_restaurant_val_acc0.7964
>>>>>>>>>>>>>>>>>>>>>>>>>>>>>>>>>>>>>>>>>>>>>>>>>>>>>>>>>>>>>>>>>>>>>>>>>>>>>>>>>>>>>>>>>>>>>>>>>>>>
epoch: 5
loss: 0.3968, acc: 0.8500
loss: 0.3552, acc: 0.8719
loss: 0.3604, acc: 0.8667
loss: 0.3601, acc: 0.8656
loss: 0.3656, acc: 0.8650
loss: 0.3774, acc: 0.8562
loss: 0.3792, acc: 0.8554
loss: 0.3789, acc: 0.8562
loss: 0.3803, acc: 0.8549
loss: 0.3884, acc: 0.8512
loss: 0.3888, acc: 0.8517
loss: 0.3952, acc: 0.8495
loss: 0.4020, acc: 0.8471
loss: 0.3988, acc: 0.8487
loss: 0.3956, acc: 0.8504
loss: 0.4003, acc: 0.8477
loss: 0.3970, acc: 0.8500
loss: 0.3965, acc: 0.8497
loss: 0.3962, acc: 0.8510
loss: 0.3955, acc: 0.8509
loss: 0.3963, acc: 0.8509
loss: 0.3957, acc: 0.8523
> val_acc: 0.7964, val_f1: 0.6627
>>>>>>>>>>>>>>>>>>>>>>>>>>>>>>>>>>>>>>>>>>>>>>>>>>>>>>>>>>>>>>>>>>>>>>>>>>>>>>>>>>>>>>>>>>>>>>>>>>>>
epoch: 6
loss: 0.3366, acc: 0.8906
loss: 0.3163, acc: 0.9018
loss: 0.3539, acc: 0.8724
loss: 0.3407, acc: 0.8768
loss: 0.3344, acc: 0.8793
loss: 0.3379, acc: 0.8704
loss: 0.3435, acc: 0.8691
loss: 0.3530, acc: 0.8674
loss: 0.3469, acc: 0.8713
loss: 0.3544, acc: 0.8657
loss: 0.3573, acc: 0.8642
loss: 0.3525, acc: 0.8668
loss: 0.3575, acc: 0.8674
loss: 0.3575, acc: 0.8675
loss: 0.3575, acc: 0.8672
loss: 0.3584, acc: 0.8665
loss: 0.3636, acc: 0.8620
loss: 0.3640, acc: 0.8635
loss: 0.3625, acc: 0.8662
loss: 0.3649, acc: 0.8640
loss: 0.3656, acc: 0.8624
loss: 0.3664, acc: 0.8607
loss: 0.3627, acc: 0.8624
> val_acc: 0.7937, val_f1: 0.6686
>>>>>>>>>>>>>>>>>>>>>>>>>>>>>>>>>>>>>>>>>>>>>>>>>>>>>>>>>>>>>>>>>>>>>>>>>>>>>>>>>>>>>>>>>>>>>>>>>>>>
epoch: 7
loss: 0.3790, acc: 0.8672
loss: 0.3531, acc: 0.8750
loss: 0.3425, acc: 0.8839
loss: 0.3291, acc: 0.8898
loss: 0.3243, acc: 0.8919
loss: 0.3223, acc: 0.8858
loss: 0.3325, acc: 0.8833
loss: 0.3337, acc: 0.8830
loss: 0.3396, acc: 0.8821
loss: 0.3435, acc: 0.8769
loss: 0.3397, acc: 0.8796
loss: 0.3444, acc: 0.8792
loss: 0.3431, acc: 0.8774
loss: 0.3419, acc: 0.8777
loss: 0.3441, acc: 0.8775
loss: 0.3432, acc: 0.8762
loss: 0.3441, acc: 0.8754
loss: 0.3437, acc: 0.8754
loss: 0.3436, acc: 0.8747
loss: 0.3446, acc: 0.8744
loss: 0.3448, acc: 0.8735
loss: 0.3432, acc: 0.8744
> val_acc: 0.7982, val_f1: 0.6770
>> saved: state_dict/gc_ian_restaurant_val_acc0.7982
>>>>>>>>>>>>>>>>>>>>>>>>>>>>>>>>>>>>>>>>>>>>>>>>>>>>>>>>>>>>>>>>>>>>>>>>>>>>>>>>>>>>>>>>>>>>>>>>>>>>
epoch: 8
loss: 0.3905, acc: 0.8125
loss: 0.3020, acc: 0.8750
loss: 0.2950, acc: 0.8949
loss: 0.3006, acc: 0.8887
loss: 0.3053, acc: 0.8899
loss: 0.3279, acc: 0.8786
loss: 0.3332, acc: 0.8770
loss: 0.3257, acc: 0.8767
loss: 0.3373, acc: 0.8750
loss: 0.3368, acc: 0.8743
loss: 0.3409, acc: 0.8744
loss: 0.3436, acc: 0.8722
loss: 0.3428, acc: 0.8724
loss: 0.3427, acc: 0.8731
loss: 0.3385, acc: 0.8737
loss: 0.3332, acc: 0.8766
loss: 0.3313, acc: 0.8789
loss: 0.3335, acc: 0.8779
loss: 0.3296, acc: 0.8802
loss: 0.3282, acc: 0.8805
loss: 0.3267, acc: 0.8806
loss: 0.3262, acc: 0.8809
loss: 0.3252, acc: 0.8823
> val_acc: 0.7955, val_f1: 0.6680
>>>>>>>>>>>>>>>>>>>>>>>>>>>>>>>>>>>>>>>>>>>>>>>>>>>>>>>>>>>>>>>>>>>>>>>>>>>>>>>>>>>>>>>>>>>>>>>>>>>>
epoch: 9
loss: 0.2482, acc: 0.9375
loss: 0.2629, acc: 0.9297
loss: 0.2688, acc: 0.9231
loss: 0.2879, acc: 0.9097
loss: 0.2843, acc: 0.9117
loss: 0.2927, acc: 0.9062
loss: 0.2933, acc: 0.9062
loss: 0.3000, acc: 0.9021
loss: 0.3027, acc: 0.8968
loss: 0.3066, acc: 0.8932
loss: 0.3043, acc: 0.8915
loss: 0.3096, acc: 0.8912
loss: 0.3047, acc: 0.8953
loss: 0.3071, acc: 0.8925
loss: 0.3107, acc: 0.8904
loss: 0.3124, acc: 0.8890
loss: 0.3088, acc: 0.8908
loss: 0.3118, acc: 0.8885
loss: 0.3117, acc: 0.8881
loss: 0.3121, acc: 0.8887
loss: 0.3134, acc: 0.8887
loss: 0.3160, acc: 0.8886
loss: 0.3167, acc: 0.8886
> val_acc: 0.8009, val_f1: 0.6845
>> saved: state_dict/gc_ian_restaurant_val_acc0.8009
>>>>>>>>>>>>>>>>>>>>>>>>>>>>>>>>>>>>>>>>>>>>>>>>>>>>>>>>>>>>>>>>>>>>>>>>>>>>>>>>>>>>>>>>>>>>>>>>>>>>
epoch: 10
loss: 0.2957, acc: 0.9062
loss: 0.2866, acc: 0.9062
loss: 0.2839, acc: 0.9042
loss: 0.2903, acc: 0.8984
loss: 0.2935, acc: 0.8962
loss: 0.2967, acc: 0.8885
loss: 0.2901, acc: 0.8920
loss: 0.2895, acc: 0.8922
loss: 0.2899, acc: 0.8958
loss: 0.2863, acc: 0.9012
loss: 0.2912, acc: 0.8994
loss: 0.2893, acc: 0.9010
loss: 0.2910, acc: 0.9010
loss: 0.2896, acc: 0.9009
loss: 0.2864, acc: 0.9029
loss: 0.2847, acc: 0.9051
loss: 0.2879, acc: 0.9048
loss: 0.2906, acc: 0.9035
loss: 0.2915, acc: 0.9020
loss: 0.2947, acc: 0.9006
loss: 0.2944, acc: 0.8994
loss: 0.2932, acc: 0.9006
> val_acc: 0.8009, val_f1: 0.6868
>>>>>>>>>>>>>>>>>>>>>>>>>>>>>>>>>>>>>>>>>>>>>>>>>>>>>>>>>>>>>>>>>>>>>>>>>>>>>>>>>>>>>>>>>>>>>>>>>>>>
epoch: 11
loss: 0.1651, acc: 0.9531
loss: 0.1674, acc: 0.9554
loss: 0.1838, acc: 0.9505
loss: 0.2136, acc: 0.9338
loss: 0.2294, acc: 0.9304
loss: 0.2368, acc: 0.9317
loss: 0.2538, acc: 0.9199
loss: 0.2587, acc: 0.9147
loss: 0.2541, acc: 0.9159
loss: 0.2599, acc: 0.9116
loss: 0.2623, acc: 0.9129
loss: 0.2643, acc: 0.9134
loss: 0.2663, acc: 0.9108
loss: 0.2725, acc: 0.9081
loss: 0.2744, acc: 0.9076
loss: 0.2730, acc: 0.9087
loss: 0.2751, acc: 0.9066
loss: 0.2764, acc: 0.9052
loss: 0.2776, acc: 0.9035
loss: 0.2772, acc: 0.9040
loss: 0.2798, acc: 0.9026
loss: 0.2795, acc: 0.9027
loss: 0.2799, acc: 0.9021
> val_acc: 0.7982, val_f1: 0.6820
>>>>>>>>>>>>>>>>>>>>>>>>>>>>>>>>>>>>>>>>>>>>>>>>>>>>>>>>>>>>>>>>>>>>>>>>>>>>>>>>>>>>>>>>>>>>>>>>>>>>
epoch: 12
loss: 0.3370, acc: 0.9062
loss: 0.3087, acc: 0.9062
loss: 0.2850, acc: 0.9174
loss: 0.2783, acc: 0.9145
loss: 0.2687, acc: 0.9206
loss: 0.2660, acc: 0.9181
loss: 0.2718, acc: 0.9108
loss: 0.2712, acc: 0.9159
loss: 0.2679, acc: 0.9169
loss: 0.2736, acc: 0.9139
loss: 0.2764, acc: 0.9120
loss: 0.2816, acc: 0.9084
loss: 0.2853, acc: 0.9062
loss: 0.2827, acc: 0.9081
loss: 0.2826, acc: 0.9062
loss: 0.2814, acc: 0.9074
loss: 0.2786, acc: 0.9085
loss: 0.2776, acc: 0.9080
loss: 0.2752, acc: 0.9089
loss: 0.2741, acc: 0.9081
loss: 0.2736, acc: 0.9087
loss: 0.2719, acc: 0.9094
> val_acc: 0.7973, val_f1: 0.6821
>>>>>>>>>>>>>>>>>>>>>>>>>>>>>>>>>>>>>>>>>>>>>>>>>>>>>>>>>>>>>>>>>>>>>>>>>>>>>>>>>>>>>>>>>>>>>>>>>>>>
epoch: 13
loss: 0.2531, acc: 0.8750
loss: 0.2577, acc: 0.9115
loss: 0.2567, acc: 0.9091
loss: 0.2657, acc: 0.9004
loss: 0.2658, acc: 0.9018
loss: 0.2613, acc: 0.9050
loss: 0.2572, acc: 0.9083
loss: 0.2615, acc: 0.9054
loss: 0.2631, acc: 0.9040
loss: 0.2625, acc: 0.9029
loss: 0.2613, acc: 0.9044
loss: 0.2594, acc: 0.9057
loss: 0.2572, acc: 0.9073
loss: 0.2581, acc: 0.9058
loss: 0.2567, acc: 0.9071
loss: 0.2533, acc: 0.9087
loss: 0.2514, acc: 0.9097
loss: 0.2494, acc: 0.9113
loss: 0.2525, acc: 0.9107
loss: 0.2529, acc: 0.9105
loss: 0.2563, acc: 0.9084
loss: 0.2609, acc: 0.9060
loss: 0.2584, acc: 0.9082
> val_acc: 0.7973, val_f1: 0.6814
>>>>>>>>>>>>>>>>>>>>>>>>>>>>>>>>>>>>>>>>>>>>>>>>>>>>>>>>>>>>>>>>>>>>>>>>>>>>>>>>>>>>>>>>>>>>>>>>>>>>
epoch: 14
loss: 0.1586, acc: 0.9688
loss: 0.2099, acc: 0.9297
loss: 0.2531, acc: 0.9062
loss: 0.2419, acc: 0.9184
loss: 0.2409, acc: 0.9171
loss: 0.2525, acc: 0.9163
loss: 0.2534, acc: 0.9148
loss: 0.2535, acc: 0.9153
loss: 0.2540, acc: 0.9179
loss: 0.2549, acc: 0.9167
loss: 0.2553, acc: 0.9157
loss: 0.2528, acc: 0.9176
loss: 0.2526, acc: 0.9147
loss: 0.2501, acc: 0.9154
loss: 0.2524, acc: 0.9140
loss: 0.2506, acc: 0.9151
loss: 0.2521, acc: 0.9134
loss: 0.2513, acc: 0.9141
loss: 0.2526, acc: 0.9120
loss: 0.2512, acc: 0.9123
loss: 0.2539, acc: 0.9108
loss: 0.2567, acc: 0.9106
loss: 0.2549, acc: 0.9110
> val_acc: 0.7991, val_f1: 0.6851
>>>>>>>>>>>>>>>>>>>>>>>>>>>>>>>>>>>>>>>>>>>>>>>>>>>>>>>>>>>>>>>>>>>>>>>>>>>>>>>>>>>>>>>>>>>>>>>>>>>>
epoch: 15
loss: 0.2168, acc: 0.9187
loss: 0.2301, acc: 0.9187
loss: 0.2196, acc: 0.9271
loss: 0.2246, acc: 0.9234
loss: 0.2280, acc: 0.9237
loss: 0.2278, acc: 0.9260
loss: 0.2328, acc: 0.9250
loss: 0.2358, acc: 0.9211
loss: 0.2298, acc: 0.9243
loss: 0.2335, acc: 0.9250
loss: 0.2339, acc: 0.9233
loss: 0.2409, acc: 0.9193
loss: 0.2424, acc: 0.9187
loss: 0.2413, acc: 0.9187
loss: 0.2419, acc: 0.9175
loss: 0.2404, acc: 0.9168
loss: 0.2390, acc: 0.9180
loss: 0.2430, acc: 0.9149
loss: 0.2438, acc: 0.9151
loss: 0.2462, acc: 0.9147
loss: 0.2474, acc: 0.9152
loss: 0.2488, acc: 0.9139
> val_acc: 0.7973, val_f1: 0.6735
>>>>>>>>>>>>>>>>>>>>>>>>>>>>>>>>>>>>>>>>>>>>>>>>>>>>>>>>>>>>>>>>>>>>>>>>>>>>>>>>>>>>>>>>>>>>>>>>>>>>
epoch: 16
loss: 0.2352, acc: 0.9375
loss: 0.2592, acc: 0.9062
loss: 0.2396, acc: 0.9167
loss: 0.2424, acc: 0.9154
loss: 0.2403, acc: 0.9162
loss: 0.2378, acc: 0.9167
loss: 0.2373, acc: 0.9160
loss: 0.2276, acc: 0.9206
loss: 0.2249, acc: 0.9241
loss: 0.2263, acc: 0.9229
loss: 0.2288, acc: 0.9213
loss: 0.2279, acc: 0.9216
loss: 0.2327, acc: 0.9178
loss: 0.2321, acc: 0.9170
loss: 0.2328, acc: 0.9171
loss: 0.2322, acc: 0.9168
loss: 0.2352, acc: 0.9154
loss: 0.2343, acc: 0.9152
loss: 0.2339, acc: 0.9164
loss: 0.2355, acc: 0.9162
loss: 0.2385, acc: 0.9148
loss: 0.2402, acc: 0.9136
loss: 0.2404, acc: 0.9135
> val_acc: 0.8000, val_f1: 0.6839
>>>>>>>>>>>>>>>>>>>>>>>>>>>>>>>>>>>>>>>>>>>>>>>>>>>>>>>>>>>>>>>>>>>>>>>>>>>>>>>>>>>>>>>>>>>>>>>>>>>>
epoch: 17
loss: 0.2528, acc: 0.9062
loss: 0.2286, acc: 0.9201
loss: 0.2289, acc: 0.9152
loss: 0.2351, acc: 0.9112
loss: 0.2468, acc: 0.9062
loss: 0.2420, acc: 0.9106
loss: 0.2418, acc: 0.9118
loss: 0.2455, acc: 0.9103
loss: 0.2433, acc: 0.9112
loss: 0.2391, acc: 0.9133
loss: 0.2329, acc: 0.9172
loss: 0.2299, acc: 0.9168
loss: 0.2275, acc: 0.9185
loss: 0.2227, acc: 0.9221
loss: 0.2214, acc: 0.9227
loss: 0.2195, acc: 0.9241
loss: 0.2248, acc: 0.9222
loss: 0.2263, acc: 0.9217
loss: 0.2302, acc: 0.9195
loss: 0.2309, acc: 0.9192
loss: 0.2314, acc: 0.9192
loss: 0.2322, acc: 0.9186
> val_acc: 0.7946, val_f1: 0.6715
>>>>>>>>>>>>>>>>>>>>>>>>>>>>>>>>>>>>>>>>>>>>>>>>>>>>>>>>>>>>>>>>>>>>>>>>>>>>>>>>>>>>>>>>>>>>>>>>>>>>
epoch: 18
loss: 0.1453, acc: 0.9688
loss: 0.2189, acc: 0.9219
loss: 0.2030, acc: 0.9403
loss: 0.2183, acc: 0.9316
loss: 0.2104, acc: 0.9345
loss: 0.2008, acc: 0.9387
loss: 0.2000, acc: 0.9375
loss: 0.1993, acc: 0.9366
loss: 0.2014, acc: 0.9360
loss: 0.2042, acc: 0.9348
loss: 0.2049, acc: 0.9338
loss: 0.2050, acc: 0.9342
loss: 0.2063, acc: 0.9308
loss: 0.2106, acc: 0.9304
loss: 0.2111, acc: 0.9291
loss: 0.2132, acc: 0.9289
loss: 0.2137, acc: 0.9290
loss: 0.2173, acc: 0.9262
loss: 0.2186, acc: 0.9258
loss: 0.2208, acc: 0.9238
loss: 0.2239, acc: 0.9239
loss: 0.2234, acc: 0.9245
loss: 0.2234, acc: 0.9251
> val_acc: 0.7982, val_f1: 0.6812
>>>>>>>>>>>>>>>>>>>>>>>>>>>>>>>>>>>>>>>>>>>>>>>>>>>>>>>>>>>>>>>>>>>>>>>>>>>>>>>>>>>>>>>>>>>>>>>>>>>>
epoch: 19
loss: 0.1710, acc: 0.9688
loss: 0.1757, acc: 0.9688
loss: 0.1929, acc: 0.9495
loss: 0.1908, acc: 0.9479
loss: 0.1842, acc: 0.9511
loss: 0.1899, acc: 0.9475
loss: 0.1947, acc: 0.9432
loss: 0.1948, acc: 0.9424
loss: 0.2018, acc: 0.9382
loss: 0.2030, acc: 0.9368
loss: 0.2087, acc: 0.9334
loss: 0.2138, acc: 0.9300
loss: 0.2125, acc: 0.9306
loss: 0.2183, acc: 0.9288
loss: 0.2176, acc: 0.9289
loss: 0.2182, acc: 0.9279
loss: 0.2196, acc: 0.9262
loss: 0.2217, acc: 0.9254
loss: 0.2224, acc: 0.9241
loss: 0.2245, acc: 0.9222
loss: 0.2242, acc: 0.9223
loss: 0.2213, acc: 0.9236
loss: 0.2213, acc: 0.9235
> val_acc: 0.7964, val_f1: 0.6750
>>>>>>>>>>>>>>>>>>>>>>>>>>>>>>>>>>>>>>>>>>>>>>>>>>>>>>>>>>>>>>>>>>>>>>>>>>>>>>>>>>>>>>>>>>>>>>>>>>>>
epoch: 20
loss: 0.1732, acc: 0.9437
loss: 0.1757, acc: 0.9437
loss: 0.1972, acc: 0.9250
loss: 0.1956, acc: 0.9281
loss: 0.1981, acc: 0.9287
loss: 0.2051, acc: 0.9240
loss: 0.2011, acc: 0.9268
loss: 0.2038, acc: 0.9242
loss: 0.2045, acc: 0.9236
loss: 0.2079, acc: 0.9225
loss: 0.2070, acc: 0.9239
loss: 0.2062, acc: 0.9260
loss: 0.2058, acc: 0.9250
loss: 0.2027, acc: 0.9286
loss: 0.2065, acc: 0.9258
loss: 0.2055, acc: 0.9266
loss: 0.2095, acc: 0.9239
loss: 0.2159, acc: 0.9212
loss: 0.2163, acc: 0.9207
loss: 0.2153, acc: 0.9206
loss: 0.2167, acc: 0.9202
loss: 0.2171, acc: 0.9213
> val_acc: 0.7937, val_f1: 0.6705
>>>>>>>>>>>>>>>>>>>>>>>>>>>>>>>>>>>>>>>>>>>>>>>>>>>>>>>>>>>>>>>>>>>>>>>>>>>>>>>>>>>>>>>>>>>>>>>>>>>>
epoch: 21
loss: 0.2936, acc: 0.8906
loss: 0.2091, acc: 0.9286
loss: 0.2075, acc: 0.9349
loss: 0.2142, acc: 0.9283
loss: 0.2099, acc: 0.9318
loss: 0.2056, acc: 0.9340
loss: 0.2143, acc: 0.9316
loss: 0.2098, acc: 0.9324
loss: 0.2081, acc: 0.9323
loss: 0.2079, acc: 0.9322
loss: 0.2094, acc: 0.9315
loss: 0.2115, acc: 0.9293
loss: 0.2126, acc: 0.9279
loss: 0.2129, acc: 0.9286
loss: 0.2151, acc: 0.9258
loss: 0.2171, acc: 0.9257
loss: 0.2161, acc: 0.9261
loss: 0.2164, acc: 0.9256
loss: 0.2159, acc: 0.9253
loss: 0.2159, acc: 0.9259
loss: 0.2131, acc: 0.9274
loss: 0.2144, acc: 0.9258
loss: 0.2157, acc: 0.9255
> val_acc: 0.7937, val_f1: 0.6783
>>>>>>>>>>>>>>>>>>>>>>>>>>>>>>>>>>>>>>>>>>>>>>>>>>>>>>>>>>>>>>>>>>>>>>>>>>>>>>>>>>>>>>>>>>>>>>>>>>>>
epoch: 22
loss: 0.1802, acc: 0.9688
loss: 0.2037, acc: 0.9479
loss: 0.1957, acc: 0.9397
loss: 0.1995, acc: 0.9375
loss: 0.1972, acc: 0.9401
loss: 0.2074, acc: 0.9343
loss: 0.2065, acc: 0.9338
loss: 0.2074, acc: 0.9311
loss: 0.2096, acc: 0.9276
loss: 0.2091, acc: 0.9279
loss: 0.2157, acc: 0.9253
loss: 0.2166, acc: 0.9248
loss: 0.2167, acc: 0.9238
loss: 0.2139, acc: 0.9257
loss: 0.2104, acc: 0.9274
loss: 0.2115, acc: 0.9248
loss: 0.2103, acc: 0.9260
loss: 0.2117, acc: 0.9245
loss: 0.2121, acc: 0.9242
loss: 0.2119, acc: 0.9236
loss: 0.2125, acc: 0.9240
loss: 0.2126, acc: 0.9226
> val_acc: 0.7964, val_f1: 0.6785
>>>>>>>>>>>>>>>>>>>>>>>>>>>>>>>>>>>>>>>>>>>>>>>>>>>>>>>>>>>>>>>>>>>>>>>>>>>>>>>>>>>>>>>>>>>>>>>>>>>>
epoch: 23
loss: 0.1492, acc: 0.9375
loss: 0.2021, acc: 0.9271
loss: 0.1989, acc: 0.9290
loss: 0.1961, acc: 0.9375
loss: 0.1898, acc: 0.9390
loss: 0.1854, acc: 0.9435
loss: 0.1854, acc: 0.9446
loss: 0.1878, acc: 0.9453
loss: 0.1900, acc: 0.9421
loss: 0.1916, acc: 0.9389
loss: 0.1921, acc: 0.9393
loss: 0.1912, acc: 0.9386
loss: 0.1930, acc: 0.9375
loss: 0.1952, acc: 0.9351
loss: 0.1963, acc: 0.9362
loss: 0.1988, acc: 0.9334
loss: 0.2014, acc: 0.9313
loss: 0.2050, acc: 0.9302
loss: 0.2035, acc: 0.9306
loss: 0.2039, acc: 0.9307
loss: 0.2047, acc: 0.9307
loss: 0.2019, acc: 0.9325
loss: 0.2026, acc: 0.9310
> val_acc: 0.8000, val_f1: 0.6801
>>>>>>>>>>>>>>>>>>>>>>>>>>>>>>>>>>>>>>>>>>>>>>>>>>>>>>>>>>>>>>>>>>>>>>>>>>>>>>>>>>>>>>>>>>>>>>>>>>>>
epoch: 24
loss: 0.1550, acc: 0.9479
loss: 0.1810, acc: 0.9375
loss: 0.1919, acc: 0.9327
loss: 0.1795, acc: 0.9392
loss: 0.1789, acc: 0.9429
loss: 0.1754, acc: 0.9408
loss: 0.1730, acc: 0.9432
loss: 0.1703, acc: 0.9433
loss: 0.1774, acc: 0.9397
loss: 0.1705, acc: 0.9447
loss: 0.1744, acc: 0.9428
loss: 0.1743, acc: 0.9418
loss: 0.1770, acc: 0.9395
loss: 0.1771, acc: 0.9393
loss: 0.1766, acc: 0.9396
loss: 0.1812, acc: 0.9391
loss: 0.1832, acc: 0.9383
loss: 0.1849, acc: 0.9375
loss: 0.1881, acc: 0.9351
loss: 0.1907, acc: 0.9337
loss: 0.1907, acc: 0.9336
loss: 0.1899, acc: 0.9346
loss: 0.1911, acc: 0.9340
> val_acc: 0.7982, val_f1: 0.6812
>>>>>>>>>>>>>>>>>>>>>>>>>>>>>>>>>>>>>>>>>>>>>>>>>>>>>>>>>>>>>>>>>>>>>>>>>>>>>>>>>>>>>>>>>>>>>>>>>>>>
epoch: 25
loss: 0.1933, acc: 0.9187
loss: 0.1998, acc: 0.9219
loss: 0.2003, acc: 0.9229
loss: 0.1909, acc: 0.9359
loss: 0.1900, acc: 0.9325
loss: 0.1902, acc: 0.9302
loss: 0.1895, acc: 0.9286
loss: 0.1867, acc: 0.9313
loss: 0.1853, acc: 0.9313
loss: 0.1866, acc: 0.9313
loss: 0.1892, acc: 0.9284
loss: 0.1887, acc: 0.9276
loss: 0.1912, acc: 0.9284
loss: 0.1926, acc: 0.9272
loss: 0.1922, acc: 0.9263
loss: 0.1916, acc: 0.9262
loss: 0.1909, acc: 0.9265
loss: 0.1940, acc: 0.9240
loss: 0.1980, acc: 0.9217
loss: 0.1960, acc: 0.9234
loss: 0.1957, acc: 0.9235
loss: 0.1966, acc: 0.9230
> val_acc: 0.7964, val_f1: 0.6820
>>>>>>>>>>>>>>>>>>>>>>>>>>>>>>>>>>>>>>>>>>>>>>>>>>>>>>>>>>>>>>>>>>>>>>>>>>>>>>>>>>>>>>>>>>>>>>>>>>>>
epoch: 26
loss: 0.1574, acc: 0.9531
loss: 0.1599, acc: 0.9554
loss: 0.1564, acc: 0.9557
loss: 0.1585, acc: 0.9577
loss: 0.1624, acc: 0.9517
loss: 0.1665, acc: 0.9479
loss: 0.1764, acc: 0.9385
loss: 0.1768, acc: 0.9383
loss: 0.1730, acc: 0.9390
loss: 0.1796, acc: 0.9355
loss: 0.1814, acc: 0.9345
loss: 0.1823, acc: 0.9337
loss: 0.1877, acc: 0.9315
loss: 0.1852, acc: 0.9338
loss: 0.1849, acc: 0.9340
loss: 0.1848, acc: 0.9347
loss: 0.1841, acc: 0.9356
loss: 0.1846, acc: 0.9353
loss: 0.1844, acc: 0.9341
loss: 0.1852, acc: 0.9333
loss: 0.1836, acc: 0.9338
loss: 0.1836, acc: 0.9337
loss: 0.1846, acc: 0.9333
> val_acc: 0.7937, val_f1: 0.6720
>>>>>>>>>>>>>>>>>>>>>>>>>>>>>>>>>>>>>>>>>>>>>>>>>>>>>>>>>>>>>>>>>>>>>>>>>>>>>>>>>>>>>>>>>>>>>>>>>>>>
epoch: 27
loss: 0.1320, acc: 0.9844
loss: 0.1445, acc: 0.9688
loss: 0.1550, acc: 0.9643
loss: 0.1583, acc: 0.9556
loss: 0.1576, acc: 0.9570
loss: 0.1664, acc: 0.9504
loss: 0.1692, acc: 0.9467
loss: 0.1745, acc: 0.9423
loss: 0.1727, acc: 0.9432
loss: 0.1700, acc: 0.9452
loss: 0.1769, acc: 0.9427
loss: 0.1804, acc: 0.9401
loss: 0.1800, acc: 0.9385
loss: 0.1853, acc: 0.9357
loss: 0.1873, acc: 0.9341
loss: 0.1863, acc: 0.9335
loss: 0.1849, acc: 0.9338
loss: 0.1877, acc: 0.9329
loss: 0.1871, acc: 0.9322
loss: 0.1878, acc: 0.9315
loss: 0.1876, acc: 0.9324
loss: 0.1882, acc: 0.9326
> val_acc: 0.7991, val_f1: 0.6828
>>>>>>>>>>>>>>>>>>>>>>>>>>>>>>>>>>>>>>>>>>>>>>>>>>>>>>>>>>>>>>>>>>>>>>>>>>>>>>>>>>>>>>>>>>>>>>>>>>>>
epoch: 28
loss: 0.2191, acc: 0.8750
loss: 0.2064, acc: 0.9219
loss: 0.1833, acc: 0.9347
loss: 0.1925, acc: 0.9277
loss: 0.1933, acc: 0.9256
loss: 0.2019, acc: 0.9207
loss: 0.1920, acc: 0.9274
loss: 0.1971, acc: 0.9236
loss: 0.1926, acc: 0.9268
loss: 0.1917, acc: 0.9293
loss: 0.1935, acc: 0.9271
loss: 0.1924, acc: 0.9280
loss: 0.1901, acc: 0.9303
loss: 0.1886, acc: 0.9323
loss: 0.1868, acc: 0.9335
loss: 0.1862, acc: 0.9346
loss: 0.1862, acc: 0.9333
loss: 0.1864, acc: 0.9320
loss: 0.1862, acc: 0.9327
loss: 0.1868, acc: 0.9333
loss: 0.1848, acc: 0.9347
loss: 0.1865, acc: 0.9337
loss: 0.1847, acc: 0.9347
> val_acc: 0.7982, val_f1: 0.6707
>>>>>>>>>>>>>>>>>>>>>>>>>>>>>>>>>>>>>>>>>>>>>>>>>>>>>>>>>>>>>>>>>>>>>>>>>>>>>>>>>>>>>>>>>>>>>>>>>>>>
epoch: 29
loss: 0.1704, acc: 0.9688
loss: 0.1665, acc: 0.9492
loss: 0.1667, acc: 0.9423
loss: 0.1775, acc: 0.9340
loss: 0.1727, acc: 0.9375
loss: 0.1706, acc: 0.9386
loss: 0.1666, acc: 0.9413
loss: 0.1725, acc: 0.9383
loss: 0.1765, acc: 0.9360
loss: 0.1735, acc: 0.9395
loss: 0.1790, acc: 0.9357
loss: 0.1783, acc: 0.9375
loss: 0.1807, acc: 0.9355
loss: 0.1790, acc: 0.9370
loss: 0.1781, acc: 0.9384
loss: 0.1810, acc: 0.9383
loss: 0.1814, acc: 0.9386
loss: 0.1821, acc: 0.9375
loss: 0.1809, acc: 0.9385
loss: 0.1796, acc: 0.9394
loss: 0.1790, acc: 0.9396
loss: 0.1804, acc: 0.9381
loss: 0.1829, acc: 0.9371
> val_acc: 0.7973, val_f1: 0.6821
>> test_acc: 0.8009, test_f1: 0.6845
