cuda memory allocated: 12162048
n_trainable_params: 1714503, n_nontrainable_params: 1323600
> training arguments:
>>> model_name: gc_ian
>>> dataset: restaurant
>>> optimizer: <class 'torch.optim.adagrad.Adagrad'>
>>> initializer: <function xavier_uniform_ at 0x000002B7F2337620>
>>> learning_rate: 0.01
>>> momentum: 0.95
>>> dropout: 0.2
>>> l2reg: 5e-05
>>> num_epoch: 30
>>> batch_size: 32
>>> log_step: 5
>>> embed_dim: 300
>>> hidden_dim: 300
>>> bert_dim: 768
>>> pretrained_bert_name: bert-base-uncased
>>> max_seq_len: 80
>>> polarities_dim: 3
>>> hops: 3
>>> device: cuda
>>> seed: 10
>>> valset_ratio: 0
>>> num_layers: 1
>>> in_channels: 100
>>> out_channels: 1
>>> downbot: 10
>>> kernel_size: 3
>>> glove_path: ./glove/glove.840B.300d.txt
>>> model_class: <class 'models.gc_ian.GC_IAN'>
>>> dataset_file: {'train': './datasets/semeval14/Restaurants_Train.xml.seg', 'test': './datasets/semeval14/Restaurants_Test_Gold.xml.seg'}
>>> inputs_cols: ['text_raw_indices', 'aspect_indices']
>>>>>>>>>>>>>>>>>>>>>>>>>>>>>>>>>>>>>>>>>>>>>>>>>>>>>>>>>>>>>>>>>>>>>>>>>>>>>>>>>>>>>>>>>>>>>>>>>>>>
epoch: 0
loss: 13.5714, acc: 0.3937
loss: 8.0951, acc: 0.4531
loss: 5.9227, acc: 0.4542
loss: 4.7544, acc: 0.4609
loss: 3.9908, acc: 0.4900
loss: 3.4994, acc: 0.4927
loss: 3.1338, acc: 0.5089
loss: 2.8525, acc: 0.5180
loss: 2.6505, acc: 0.5194
loss: 2.4849, acc: 0.5288
loss: 2.3456, acc: 0.5335
loss: 2.2390, acc: 0.5380
loss: 2.1554, acc: 0.5322
loss: 2.0806, acc: 0.5362
loss: 2.0047, acc: 0.5392
loss: 1.9421, acc: 0.5426
loss: 1.8829, acc: 0.5471
loss: 1.8307, acc: 0.5510
loss: 1.7871, acc: 0.5539
loss: 1.7441, acc: 0.5547
loss: 1.7109, acc: 0.5536
loss: 1.6773, acc: 0.5531
> val_acc: 0.6554, val_f1: 0.3082
>> saved: state_dict/gc_ian_restaurant_val_acc0.6554
>>>>>>>>>>>>>>>>>>>>>>>>>>>>>>>>>>>>>>>>>>>>>>>>>>>>>>>>>>>>>>>>>>>>>>>>>>>>>>>>>>>>>>>>>>>>>>>>>>>>
epoch: 1
loss: 1.0772, acc: 0.4531
loss: 0.9510, acc: 0.5938
loss: 0.9125, acc: 0.6172
loss: 0.9108, acc: 0.6176
loss: 0.9321, acc: 0.6080
loss: 0.9162, acc: 0.6181
loss: 0.9231, acc: 0.6152
loss: 0.9206, acc: 0.6140
loss: 0.9188, acc: 0.6153
loss: 0.9147, acc: 0.6157
loss: 0.9222, acc: 0.6100
loss: 0.9157, acc: 0.6113
loss: 0.9090, acc: 0.6144
loss: 0.9100, acc: 0.6143
loss: 0.9043, acc: 0.6168
loss: 0.9046, acc: 0.6153
loss: 0.9043, acc: 0.6151
loss: 0.9048, acc: 0.6142
loss: 0.9047, acc: 0.6135
loss: 0.9070, acc: 0.6131
loss: 0.9097, acc: 0.6124
loss: 0.9136, acc: 0.6101
loss: 0.9118, acc: 0.6127
> val_acc: 0.3812, val_f1: 0.2982
>>>>>>>>>>>>>>>>>>>>>>>>>>>>>>>>>>>>>>>>>>>>>>>>>>>>>>>>>>>>>>>>>>>>>>>>>>>>>>>>>>>>>>>>>>>>>>>>>>>>
epoch: 2
loss: 0.8488, acc: 0.6562
loss: 0.9008, acc: 0.6111
loss: 0.9050, acc: 0.6161
loss: 0.9272, acc: 0.5987
loss: 0.9168, acc: 0.6016
loss: 0.9224, acc: 0.5981
loss: 0.9103, acc: 0.6094
loss: 0.9085, acc: 0.6098
loss: 0.9084, acc: 0.6094
loss: 0.9042, acc: 0.6110
loss: 0.8963, acc: 0.6134
loss: 0.8942, acc: 0.6123
loss: 0.8868, acc: 0.6187
loss: 0.8866, acc: 0.6173
loss: 0.8809, acc: 0.6199
loss: 0.8893, acc: 0.6163
loss: 0.8915, acc: 0.6135
loss: 0.8917, acc: 0.6138
loss: 0.8898, acc: 0.6144
loss: 0.8922, acc: 0.6121
loss: 0.8897, acc: 0.6148
loss: 0.8916, acc: 0.6141
> val_acc: 0.6527, val_f1: 0.3424
>>>>>>>>>>>>>>>>>>>>>>>>>>>>>>>>>>>>>>>>>>>>>>>>>>>>>>>>>>>>>>>>>>>>>>>>>>>>>>>>>>>>>>>>>>>>>>>>>>>>
epoch: 3
loss: 0.9462, acc: 0.5625
loss: 0.9480, acc: 0.5781
loss: 0.9053, acc: 0.5994
loss: 0.9054, acc: 0.6016
loss: 0.8667, acc: 0.6205
loss: 0.8583, acc: 0.6250
loss: 0.8822, acc: 0.6119
loss: 0.8716, acc: 0.6215
loss: 0.8665, acc: 0.6181
loss: 0.8619, acc: 0.6223
loss: 0.8676, acc: 0.6232
loss: 0.8667, acc: 0.6222
loss: 0.8663, acc: 0.6224
loss: 0.8651, acc: 0.6217
loss: 0.8594, acc: 0.6259
loss: 0.8596, acc: 0.6271
loss: 0.8624, acc: 0.6246
loss: 0.8626, acc: 0.6268
loss: 0.8652, acc: 0.6216
loss: 0.8629, acc: 0.6243
loss: 0.8683, acc: 0.6216
loss: 0.8670, acc: 0.6232
loss: 0.8696, acc: 0.6199
> val_acc: 0.6661, val_f1: 0.3594
>> saved: state_dict/gc_ian_restaurant_val_acc0.6661
>>>>>>>>>>>>>>>>>>>>>>>>>>>>>>>>>>>>>>>>>>>>>>>>>>>>>>>>>>>>>>>>>>>>>>>>>>>>>>>>>>>>>>>>>>>>>>>>>>>>
epoch: 4
loss: 0.8677, acc: 0.6250
loss: 0.8458, acc: 0.6445
loss: 0.8325, acc: 0.6298
loss: 0.8514, acc: 0.6285
loss: 0.8580, acc: 0.6182
loss: 0.8504, acc: 0.6261
loss: 0.8432, acc: 0.6288
loss: 0.8420, acc: 0.6332
loss: 0.8424, acc: 0.6323
loss: 0.8551, acc: 0.6270
loss: 0.8543, acc: 0.6262
loss: 0.8557, acc: 0.6255
loss: 0.8600, acc: 0.6250
loss: 0.8618, acc: 0.6245
loss: 0.8656, acc: 0.6224
loss: 0.8617, acc: 0.6262
loss: 0.8544, acc: 0.6306
loss: 0.8499, acc: 0.6317
loss: 0.8489, acc: 0.6327
loss: 0.8511, acc: 0.6304
loss: 0.8539, acc: 0.6277
loss: 0.8557, acc: 0.6270
loss: 0.8531, acc: 0.6300
> val_acc: 0.6562, val_f1: 0.3555
>>>>>>>>>>>>>>>>>>>>>>>>>>>>>>>>>>>>>>>>>>>>>>>>>>>>>>>>>>>>>>>>>>>>>>>>>>>>>>>>>>>>>>>>>>>>>>>>>>>>
epoch: 5
loss: 0.7963, acc: 0.6687
loss: 0.8187, acc: 0.6469
loss: 0.8263, acc: 0.6417
loss: 0.8322, acc: 0.6469
loss: 0.8160, acc: 0.6538
loss: 0.8109, acc: 0.6500
loss: 0.8150, acc: 0.6473
loss: 0.8221, acc: 0.6445
loss: 0.8204, acc: 0.6444
loss: 0.8262, acc: 0.6388
loss: 0.9031, acc: 0.6239
loss: 0.9038, acc: 0.6271
loss: 0.8987, acc: 0.6298
loss: 0.8884, acc: 0.6308
loss: 0.8862, acc: 0.6292
loss: 0.8867, acc: 0.6281
loss: 0.8839, acc: 0.6261
loss: 0.8891, acc: 0.6191
loss: 0.8876, acc: 0.6197
loss: 0.8873, acc: 0.6206
loss: 0.8870, acc: 0.6217
loss: 0.8869, acc: 0.6179
> val_acc: 0.6384, val_f1: 0.4011
>>>>>>>>>>>>>>>>>>>>>>>>>>>>>>>>>>>>>>>>>>>>>>>>>>>>>>>>>>>>>>>>>>>>>>>>>>>>>>>>>>>>>>>>>>>>>>>>>>>>
epoch: 6
loss: 0.7118, acc: 0.6875
loss: 0.8094, acc: 0.6339
loss: 0.8196, acc: 0.6276
loss: 0.7983, acc: 0.6324
loss: 0.7912, acc: 0.6264
loss: 0.7854, acc: 0.6447
loss: 0.7915, acc: 0.6494
loss: 0.7888, acc: 0.6512
loss: 0.8026, acc: 0.6510
loss: 0.7994, acc: 0.6489
loss: 0.7993, acc: 0.6514
loss: 0.7929, acc: 0.6557
loss: 0.7971, acc: 0.6578
loss: 0.7974, acc: 0.6562
loss: 0.7949, acc: 0.6584
loss: 0.8043, acc: 0.6554
loss: 0.8054, acc: 0.6570
loss: 0.8055, acc: 0.6573
loss: 0.8009, acc: 0.6607
loss: 0.8060, acc: 0.6575
loss: 0.8083, acc: 0.6547
loss: 0.8071, acc: 0.6554
loss: 0.8073, acc: 0.6549
> val_acc: 0.6527, val_f1: 0.4484
>>>>>>>>>>>>>>>>>>>>>>>>>>>>>>>>>>>>>>>>>>>>>>>>>>>>>>>>>>>>>>>>>>>>>>>>>>>>>>>>>>>>>>>>>>>>>>>>>>>>
epoch: 7
loss: 0.7939, acc: 0.6094
loss: 0.8119, acc: 0.6076
loss: 0.8068, acc: 0.6317
loss: 0.8154, acc: 0.6266
loss: 0.7928, acc: 0.6471
loss: 0.8025, acc: 0.6476
loss: 0.7836, acc: 0.6535
loss: 0.7848, acc: 0.6579
loss: 0.7846, acc: 0.6591
loss: 0.7928, acc: 0.6588
loss: 0.7883, acc: 0.6638
loss: 0.7946, acc: 0.6615
loss: 0.7917, acc: 0.6670
loss: 0.7904, acc: 0.6698
loss: 0.7912, acc: 0.6702
loss: 0.7916, acc: 0.6689
loss: 0.8009, acc: 0.6637
loss: 0.8002, acc: 0.6633
loss: 0.7989, acc: 0.6639
loss: 0.8060, acc: 0.6600
loss: 0.8065, acc: 0.6578
loss: 0.8041, acc: 0.6585
> val_acc: 0.6411, val_f1: 0.4354
>>>>>>>>>>>>>>>>>>>>>>>>>>>>>>>>>>>>>>>>>>>>>>>>>>>>>>>>>>>>>>>>>>>>>>>>>>>>>>>>>>>>>>>>>>>>>>>>>>>>
epoch: 8
loss: 0.6750, acc: 0.7500
loss: 0.7344, acc: 0.7083
loss: 0.7430, acc: 0.6903
loss: 0.7450, acc: 0.6855
loss: 0.7364, acc: 0.6964
loss: 0.7236, acc: 0.6995
loss: 0.7323, acc: 0.7016
loss: 0.7400, acc: 0.7005
loss: 0.7401, acc: 0.6966
loss: 0.7430, acc: 0.6916
loss: 0.7540, acc: 0.6820
loss: 0.7673, acc: 0.6719
loss: 0.7697, acc: 0.6691
loss: 0.7672, acc: 0.6723
loss: 0.7698, acc: 0.6699
loss: 0.7678, acc: 0.6702
loss: 0.7696, acc: 0.6667
loss: 0.7654, acc: 0.6693
loss: 0.7665, acc: 0.6693
loss: 0.7631, acc: 0.6712
loss: 0.7652, acc: 0.6683
loss: 0.7646, acc: 0.6695
loss: 0.7650, acc: 0.6692
> val_acc: 0.6527, val_f1: 0.4091
>>>>>>>>>>>>>>>>>>>>>>>>>>>>>>>>>>>>>>>>>>>>>>>>>>>>>>>>>>>>>>>>>>>>>>>>>>>>>>>>>>>>>>>>>>>>>>>>>>>>
epoch: 9
loss: 0.6980, acc: 0.7396
loss: 0.7275, acc: 0.6953
loss: 0.7400, acc: 0.6779
loss: 0.7495, acc: 0.6649
loss: 0.7466, acc: 0.6671
loss: 0.7721, acc: 0.6540
loss: 0.7788, acc: 0.6544
loss: 0.7778, acc: 0.6571
loss: 0.7767, acc: 0.6562
loss: 0.7742, acc: 0.6589
loss: 0.7741, acc: 0.6598
loss: 0.7640, acc: 0.6686
loss: 0.7652, acc: 0.6691
loss: 0.7641, acc: 0.6714
loss: 0.7663, acc: 0.6704
loss: 0.7683, acc: 0.6691
loss: 0.7627, acc: 0.6743
loss: 0.7652, acc: 0.6712
loss: 0.7653, acc: 0.6714
loss: 0.7614, acc: 0.6757
loss: 0.7588, acc: 0.6775
loss: 0.7590, acc: 0.6748
loss: 0.7585, acc: 0.6743
> val_acc: 0.6125, val_f1: 0.4266
>>>>>>>>>>>>>>>>>>>>>>>>>>>>>>>>>>>>>>>>>>>>>>>>>>>>>>>>>>>>>>>>>>>>>>>>>>>>>>>>>>>>>>>>>>>>>>>>>>>>
epoch: 10
loss: 0.7114, acc: 0.6687
loss: 0.6859, acc: 0.6906
loss: 0.6948, acc: 0.7042
loss: 0.7098, acc: 0.6969
loss: 0.7021, acc: 0.6975
loss: 0.6900, acc: 0.7063
loss: 0.6968, acc: 0.7036
loss: 0.6962, acc: 0.7039
loss: 0.6983, acc: 0.7083
loss: 0.6957, acc: 0.7100
loss: 0.6931, acc: 0.7153
loss: 0.6925, acc: 0.7125
loss: 0.6943, acc: 0.7125
loss: 0.6968, acc: 0.7129
loss: 0.6992, acc: 0.7133
loss: 0.7061, acc: 0.7094
loss: 0.7080, acc: 0.7051
loss: 0.7191, acc: 0.7000
loss: 0.7248, acc: 0.6970
loss: 0.7279, acc: 0.6966
loss: 0.7315, acc: 0.6940
loss: 0.7309, acc: 0.6955
> val_acc: 0.6286, val_f1: 0.4151
>>>>>>>>>>>>>>>>>>>>>>>>>>>>>>>>>>>>>>>>>>>>>>>>>>>>>>>>>>>>>>>>>>>>>>>>>>>>>>>>>>>>>>>>>>>>>>>>>>>>
epoch: 11
loss: 0.6995, acc: 0.6875
loss: 0.6588, acc: 0.7232
loss: 0.7150, acc: 0.7031
loss: 0.7134, acc: 0.7114
loss: 0.7223, acc: 0.7003
loss: 0.7155, acc: 0.7049
loss: 0.7150, acc: 0.7012
loss: 0.7124, acc: 0.7019
loss: 0.6989, acc: 0.7091
loss: 0.7003, acc: 0.7094
loss: 0.6967, acc: 0.7097
loss: 0.7030, acc: 0.7111
loss: 0.7078, acc: 0.7036
loss: 0.7110, acc: 0.7010
loss: 0.7114, acc: 0.6997
loss: 0.7133, acc: 0.6981
loss: 0.7136, acc: 0.6963
loss: 0.7153, acc: 0.6929
loss: 0.7192, acc: 0.6923
loss: 0.7193, acc: 0.6917
loss: 0.7191, acc: 0.6909
loss: 0.7195, acc: 0.6913
loss: 0.7193, acc: 0.6900
> val_acc: 0.5509, val_f1: 0.4447
>>>>>>>>>>>>>>>>>>>>>>>>>>>>>>>>>>>>>>>>>>>>>>>>>>>>>>>>>>>>>>>>>>>>>>>>>>>>>>>>>>>>>>>>>>>>>>>>>>>>
epoch: 12
loss: 0.7326, acc: 0.6719
loss: 0.6858, acc: 0.7083
loss: 0.6979, acc: 0.7143
loss: 0.6975, acc: 0.7155
loss: 0.6828, acc: 0.7174
loss: 0.6871, acc: 0.7037
loss: 0.6955, acc: 0.7086
loss: 0.6949, acc: 0.7099
loss: 0.6949, acc: 0.7053
loss: 0.6859, acc: 0.7098
loss: 0.6871, acc: 0.7106
loss: 0.6874, acc: 0.7097
loss: 0.6818, acc: 0.7153
loss: 0.6896, acc: 0.7129
loss: 0.6903, acc: 0.7107
loss: 0.6954, acc: 0.7085
loss: 0.6935, acc: 0.7102
loss: 0.6960, acc: 0.7089
loss: 0.6980, acc: 0.7078
loss: 0.6976, acc: 0.7071
loss: 0.6959, acc: 0.7079
loss: 0.7018, acc: 0.7044
> val_acc: 0.5929, val_f1: 0.4408
>>>>>>>>>>>>>>>>>>>>>>>>>>>>>>>>>>>>>>>>>>>>>>>>>>>>>>>>>>>>>>>>>>>>>>>>>>>>>>>>>>>>>>>>>>>>>>>>>>>>
epoch: 13
loss: 0.9010, acc: 0.6875
loss: 0.7045, acc: 0.7031
loss: 0.6674, acc: 0.7330
loss: 0.6482, acc: 0.7422
loss: 0.6511, acc: 0.7411
loss: 0.6540, acc: 0.7344
loss: 0.6504, acc: 0.7349
loss: 0.6472, acc: 0.7396
loss: 0.6497, acc: 0.7355
loss: 0.6462, acc: 0.7398
loss: 0.6416, acc: 0.7402
loss: 0.6399, acc: 0.7422
loss: 0.6386, acc: 0.7418
loss: 0.6405, acc: 0.7410
loss: 0.6488, acc: 0.7381
loss: 0.6528, acc: 0.7340
loss: 0.6601, acc: 0.7296
loss: 0.6627, acc: 0.7275
loss: 0.6640, acc: 0.7263
loss: 0.6697, acc: 0.7262
loss: 0.6730, acc: 0.7243
loss: 0.6805, acc: 0.7190
loss: 0.6823, acc: 0.7162
> val_acc: 0.6089, val_f1: 0.4461
>>>>>>>>>>>>>>>>>>>>>>>>>>>>>>>>>>>>>>>>>>>>>>>>>>>>>>>>>>>>>>>>>>>>>>>>>>>>>>>>>>>>>>>>>>>>>>>>>>>>
epoch: 14
loss: 0.6480, acc: 0.7396
loss: 0.6109, acc: 0.7539
loss: 0.6118, acc: 0.7644
loss: 0.6373, acc: 0.7500
loss: 0.6365, acc: 0.7514
loss: 0.6543, acc: 0.7344
loss: 0.6597, acc: 0.7330
loss: 0.6523, acc: 0.7327
loss: 0.6431, acc: 0.7384
loss: 0.6566, acc: 0.7285
loss: 0.6639, acc: 0.7288
loss: 0.6542, acc: 0.7311
loss: 0.6569, acc: 0.7282
loss: 0.6654, acc: 0.7215
loss: 0.6667, acc: 0.7192
loss: 0.6731, acc: 0.7175
loss: 0.6753, acc: 0.7169
loss: 0.6720, acc: 0.7180
loss: 0.6706, acc: 0.7167
loss: 0.6671, acc: 0.7184
loss: 0.6680, acc: 0.7194
loss: 0.6673, acc: 0.7188
loss: 0.6678, acc: 0.7187
> val_acc: 0.6429, val_f1: 0.4531
>>>>>>>>>>>>>>>>>>>>>>>>>>>>>>>>>>>>>>>>>>>>>>>>>>>>>>>>>>>>>>>>>>>>>>>>>>>>>>>>>>>>>>>>>>>>>>>>>>>>
epoch: 15
loss: 0.6717, acc: 0.7375
loss: 0.6385, acc: 0.7562
loss: 0.6454, acc: 0.7354
loss: 0.6414, acc: 0.7328
loss: 0.6626, acc: 0.7288
loss: 0.6713, acc: 0.7240
loss: 0.6710, acc: 0.7250
loss: 0.6796, acc: 0.7211
loss: 0.6685, acc: 0.7250
loss: 0.6670, acc: 0.7231
loss: 0.6662, acc: 0.7261
loss: 0.6647, acc: 0.7281
loss: 0.6612, acc: 0.7274
loss: 0.6537, acc: 0.7286
loss: 0.6554, acc: 0.7296
loss: 0.6553, acc: 0.7297
loss: 0.6565, acc: 0.7283
loss: 0.6506, acc: 0.7330
loss: 0.6473, acc: 0.7352
loss: 0.6455, acc: 0.7350
loss: 0.6449, acc: 0.7357
loss: 0.6466, acc: 0.7330
> val_acc: 0.6482, val_f1: 0.4475
>>>>>>>>>>>>>>>>>>>>>>>>>>>>>>>>>>>>>>>>>>>>>>>>>>>>>>>>>>>>>>>>>>>>>>>>>>>>>>>>>>>>>>>>>>>>>>>>>>>>
epoch: 16
loss: 0.6406, acc: 0.7500
loss: 0.5750, acc: 0.7723
loss: 0.6094, acc: 0.7448
loss: 0.6337, acc: 0.7371
loss: 0.6173, acc: 0.7415
loss: 0.6174, acc: 0.7303
loss: 0.5930, acc: 0.7422
loss: 0.5921, acc: 0.7382
loss: 0.6023, acc: 0.7374
loss: 0.6123, acc: 0.7340
loss: 0.6171, acc: 0.7350
loss: 0.6260, acc: 0.7314
loss: 0.6194, acc: 0.7364
loss: 0.6289, acc: 0.7332
loss: 0.6370, acc: 0.7326
loss: 0.6360, acc: 0.7338
loss: 0.6405, acc: 0.7302
loss: 0.6378, acc: 0.7328
loss: 0.6354, acc: 0.7340
loss: 0.6320, acc: 0.7352
loss: 0.6318, acc: 0.7350
loss: 0.6302, acc: 0.7354
loss: 0.6335, acc: 0.7333
> val_acc: 0.6179, val_f1: 0.4634
>>>>>>>>>>>>>>>>>>>>>>>>>>>>>>>>>>>>>>>>>>>>>>>>>>>>>>>>>>>>>>>>>>>>>>>>>>>>>>>>>>>>>>>>>>>>>>>>>>>>
epoch: 17
loss: 0.5979, acc: 0.7734
loss: 0.5883, acc: 0.7708
loss: 0.5918, acc: 0.7656
loss: 0.6026, acc: 0.7566
loss: 0.6070, acc: 0.7539
loss: 0.6000, acc: 0.7597
loss: 0.5907, acc: 0.7647
loss: 0.5936, acc: 0.7620
loss: 0.5957, acc: 0.7628
loss: 0.6063, acc: 0.7602
loss: 0.6178, acc: 0.7558
loss: 0.6235, acc: 0.7511
loss: 0.6312, acc: 0.7476
loss: 0.6398, acc: 0.7418
loss: 0.6480, acc: 0.7382
loss: 0.6530, acc: 0.7350
loss: 0.6558, acc: 0.7325
loss: 0.6548, acc: 0.7331
loss: 0.6597, acc: 0.7317
loss: 0.6590, acc: 0.7339
loss: 0.6605, acc: 0.7338
loss: 0.6585, acc: 0.7351
> val_acc: 0.6482, val_f1: 0.4339
>>>>>>>>>>>>>>>>>>>>>>>>>>>>>>>>>>>>>>>>>>>>>>>>>>>>>>>>>>>>>>>>>>>>>>>>>>>>>>>>>>>>>>>>>>>>>>>>>>>>
epoch: 18
loss: 0.6131, acc: 0.6875
loss: 0.7335, acc: 0.6875
loss: 0.6786, acc: 0.7244
loss: 0.6836, acc: 0.7227
loss: 0.6694, acc: 0.7307
loss: 0.6647, acc: 0.7284
loss: 0.6495, acc: 0.7359
loss: 0.6519, acc: 0.7344
loss: 0.6506, acc: 0.7348
loss: 0.6420, acc: 0.7385
loss: 0.6464, acc: 0.7365
loss: 0.6344, acc: 0.7427
loss: 0.6354, acc: 0.7398
loss: 0.6368, acc: 0.7396
loss: 0.6401, acc: 0.7377
loss: 0.6476, acc: 0.7336
loss: 0.6483, acc: 0.7342
loss: 0.6576, acc: 0.7304
loss: 0.6583, acc: 0.7311
loss: 0.6592, acc: 0.7301
loss: 0.6629, acc: 0.7283
loss: 0.6605, acc: 0.7302
loss: 0.6604, acc: 0.7300
> val_acc: 0.6518, val_f1: 0.4156
>>>>>>>>>>>>>>>>>>>>>>>>>>>>>>>>>>>>>>>>>>>>>>>>>>>>>>>>>>>>>>>>>>>>>>>>>>>>>>>>>>>>>>>>>>>>>>>>>>>>
epoch: 19
loss: 0.8085, acc: 0.6250
loss: 0.6573, acc: 0.7188
loss: 0.6742, acc: 0.7019
loss: 0.6373, acc: 0.7274
loss: 0.6308, acc: 0.7323
loss: 0.6430, acc: 0.7366
loss: 0.6351, acc: 0.7320
loss: 0.6356, acc: 0.7344
loss: 0.6280, acc: 0.7427
loss: 0.6236, acc: 0.7448
loss: 0.6269, acc: 0.7429
loss: 0.6383, acc: 0.7381
loss: 0.6358, acc: 0.7406
loss: 0.6330, acc: 0.7413
loss: 0.6353, acc: 0.7384
loss: 0.6384, acc: 0.7376
loss: 0.6356, acc: 0.7395
loss: 0.6361, acc: 0.7390
loss: 0.6362, acc: 0.7372
loss: 0.6334, acc: 0.7388
loss: 0.6375, acc: 0.7379
loss: 0.6375, acc: 0.7405
loss: 0.6351, acc: 0.7406
> val_acc: 0.5268, val_f1: 0.4270
>>>>>>>>>>>>>>>>>>>>>>>>>>>>>>>>>>>>>>>>>>>>>>>>>>>>>>>>>>>>>>>>>>>>>>>>>>>>>>>>>>>>>>>>>>>>>>>>>>>>
epoch: 20
loss: 0.5990, acc: 0.7188
loss: 0.5836, acc: 0.7469
loss: 0.5584, acc: 0.7604
loss: 0.5483, acc: 0.7703
loss: 0.5803, acc: 0.7688
loss: 0.5686, acc: 0.7740
loss: 0.5769, acc: 0.7723
loss: 0.5694, acc: 0.7773
loss: 0.5583, acc: 0.7819
loss: 0.5804, acc: 0.7706
loss: 0.5820, acc: 0.7693
loss: 0.5820, acc: 0.7698
loss: 0.5928, acc: 0.7659
loss: 0.5971, acc: 0.7616
loss: 0.5953, acc: 0.7604
loss: 0.5970, acc: 0.7605
loss: 0.5985, acc: 0.7610
loss: 0.5977, acc: 0.7608
loss: 0.5938, acc: 0.7625
loss: 0.5981, acc: 0.7612
loss: 0.5919, acc: 0.7649
loss: 0.5909, acc: 0.7653
> val_acc: 0.6518, val_f1: 0.3840
>>>>>>>>>>>>>>>>>>>>>>>>>>>>>>>>>>>>>>>>>>>>>>>>>>>>>>>>>>>>>>>>>>>>>>>>>>>>>>>>>>>>>>>>>>>>>>>>>>>>
epoch: 21
loss: 0.7012, acc: 0.7344
loss: 0.6211, acc: 0.7723
loss: 0.5718, acc: 0.7682
loss: 0.5827, acc: 0.7629
loss: 0.6045, acc: 0.7486
loss: 0.5894, acc: 0.7569
loss: 0.5915, acc: 0.7568
loss: 0.5768, acc: 0.7703
loss: 0.5735, acc: 0.7701
loss: 0.5624, acc: 0.7779
loss: 0.5546, acc: 0.7788
loss: 0.5557, acc: 0.7807
loss: 0.5506, acc: 0.7843
loss: 0.5581, acc: 0.7794
loss: 0.5572, acc: 0.7812
loss: 0.5551, acc: 0.7800
loss: 0.5622, acc: 0.7752
loss: 0.5654, acc: 0.7741
loss: 0.5728, acc: 0.7694
loss: 0.5693, acc: 0.7700
loss: 0.5684, acc: 0.7705
loss: 0.5684, acc: 0.7722
loss: 0.5668, acc: 0.7723
> val_acc: 0.6304, val_f1: 0.5044
>>>>>>>>>>>>>>>>>>>>>>>>>>>>>>>>>>>>>>>>>>>>>>>>>>>>>>>>>>>>>>>>>>>>>>>>>>>>>>>>>>>>>>>>>>>>>>>>>>>>
epoch: 22
loss: 0.3929, acc: 0.8516
loss: 0.4335, acc: 0.8368
loss: 0.4694, acc: 0.8259
loss: 0.4609, acc: 0.8306
loss: 0.4869, acc: 0.8190
loss: 0.4912, acc: 0.8147
loss: 0.5036, acc: 0.8051
loss: 0.5148, acc: 0.8005
loss: 0.5110, acc: 0.8026
loss: 0.5177, acc: 0.7972
loss: 0.5115, acc: 0.7992
loss: 0.5107, acc: 0.7987
loss: 0.5205, acc: 0.7925
loss: 0.5222, acc: 0.7935
loss: 0.5263, acc: 0.7905
loss: 0.5265, acc: 0.7903
loss: 0.5281, acc: 0.7876
loss: 0.5388, acc: 0.7812
loss: 0.5408, acc: 0.7783
loss: 0.5416, acc: 0.7781
loss: 0.5432, acc: 0.7761
loss: 0.5503, acc: 0.7752
> val_acc: 0.6616, val_f1: 0.5014
>>>>>>>>>>>>>>>>>>>>>>>>>>>>>>>>>>>>>>>>>>>>>>>>>>>>>>>>>>>>>>>>>>>>>>>>>>>>>>>>>>>>>>>>>>>>>>>>>>>>
epoch: 23
loss: 0.4749, acc: 0.8438
loss: 0.4710, acc: 0.8021
loss: 0.4512, acc: 0.8295
loss: 0.5022, acc: 0.7969
loss: 0.5066, acc: 0.8036
loss: 0.5066, acc: 0.8017
loss: 0.5002, acc: 0.8075
loss: 0.4998, acc: 0.8064
loss: 0.4996, acc: 0.8056
loss: 0.5045, acc: 0.8037
loss: 0.5037, acc: 0.8027
loss: 0.4976, acc: 0.8041
loss: 0.5030, acc: 0.8012
loss: 0.5033, acc: 0.8030
loss: 0.5079, acc: 0.8011
loss: 0.5052, acc: 0.8035
loss: 0.5139, acc: 0.7975
loss: 0.5070, acc: 0.8009
loss: 0.5050, acc: 0.8019
loss: 0.5098, acc: 0.8001
loss: 0.5132, acc: 0.7980
loss: 0.5193, acc: 0.7960
loss: 0.5195, acc: 0.7965
> val_acc: 0.5955, val_f1: 0.4957
>>>>>>>>>>>>>>>>>>>>>>>>>>>>>>>>>>>>>>>>>>>>>>>>>>>>>>>>>>>>>>>>>>>>>>>>>>>>>>>>>>>>>>>>>>>>>>>>>>>>
epoch: 24
loss: 0.4272, acc: 0.8229
loss: 0.4500, acc: 0.8242
loss: 0.4409, acc: 0.8365
loss: 0.4315, acc: 0.8299
loss: 0.4528, acc: 0.8234
loss: 0.4546, acc: 0.8237
loss: 0.4505, acc: 0.8248
loss: 0.4479, acc: 0.8232
loss: 0.4612, acc: 0.8118
loss: 0.4644, acc: 0.8118
loss: 0.4718, acc: 0.8072
loss: 0.4788, acc: 0.8050
loss: 0.4775, acc: 0.8046
loss: 0.4857, acc: 0.8015
loss: 0.4904, acc: 0.8005
loss: 0.4928, acc: 0.8013
loss: 0.4881, acc: 0.8050
loss: 0.4871, acc: 0.8047
loss: 0.4921, acc: 0.8021
loss: 0.4897, acc: 0.8020
loss: 0.4971, acc: 0.7985
loss: 0.4990, acc: 0.7998
loss: 0.4998, acc: 0.8002
> val_acc: 0.6509, val_f1: 0.4666
>>>>>>>>>>>>>>>>>>>>>>>>>>>>>>>>>>>>>>>>>>>>>>>>>>>>>>>>>>>>>>>>>>>>>>>>>>>>>>>>>>>>>>>>>>>>>>>>>>>>
epoch: 25
loss: 0.4343, acc: 0.8000
loss: 0.4263, acc: 0.8156
loss: 0.4502, acc: 0.8021
loss: 0.4419, acc: 0.8187
loss: 0.4171, acc: 0.8325
loss: 0.4460, acc: 0.8198
loss: 0.4530, acc: 0.8152
loss: 0.4639, acc: 0.8102
loss: 0.4715, acc: 0.8063
loss: 0.4840, acc: 0.8019
loss: 0.4912, acc: 0.7994
loss: 0.4937, acc: 0.7990
loss: 0.5076, acc: 0.7913
loss: 0.5068, acc: 0.7924
loss: 0.5036, acc: 0.7900
loss: 0.5070, acc: 0.7906
loss: 0.5054, acc: 0.7930
loss: 0.4981, acc: 0.7976
loss: 0.5018, acc: 0.7964
loss: 0.5015, acc: 0.7975
loss: 0.5076, acc: 0.7940
loss: 0.5106, acc: 0.7929
> val_acc: 0.6607, val_f1: 0.4833
>>>>>>>>>>>>>>>>>>>>>>>>>>>>>>>>>>>>>>>>>>>>>>>>>>>>>>>>>>>>>>>>>>>>>>>>>>>>>>>>>>>>>>>>>>>>>>>>>>>>
epoch: 26
loss: 0.5572, acc: 0.7656
loss: 0.4505, acc: 0.8304
loss: 0.4743, acc: 0.8177
loss: 0.4819, acc: 0.8290
loss: 0.4857, acc: 0.8281
loss: 0.4745, acc: 0.8287
loss: 0.4765, acc: 0.8223
loss: 0.4701, acc: 0.8235
loss: 0.4757, acc: 0.8192
loss: 0.4802, acc: 0.8158
loss: 0.4824, acc: 0.8131
loss: 0.4774, acc: 0.8152
loss: 0.4737, acc: 0.8145
loss: 0.4699, acc: 0.8153
loss: 0.4770, acc: 0.8103
loss: 0.4777, acc: 0.8097
loss: 0.4793, acc: 0.8079
loss: 0.4832, acc: 0.8057
loss: 0.4845, acc: 0.8047
loss: 0.4851, acc: 0.8057
loss: 0.4832, acc: 0.8067
loss: 0.4833, acc: 0.8067
loss: 0.4857, acc: 0.8039
> val_acc: 0.6598, val_f1: 0.4860
>>>>>>>>>>>>>>>>>>>>>>>>>>>>>>>>>>>>>>>>>>>>>>>>>>>>>>>>>>>>>>>>>>>>>>>>>>>>>>>>>>>>>>>>>>>>>>>>>>>>
epoch: 27
loss: 0.3849, acc: 0.8672
loss: 0.4051, acc: 0.8507
loss: 0.3838, acc: 0.8638
loss: 0.4205, acc: 0.8405
loss: 0.4119, acc: 0.8424
loss: 0.4155, acc: 0.8405
loss: 0.4120, acc: 0.8410
loss: 0.4078, acc: 0.8438
loss: 0.4031, acc: 0.8438
loss: 0.4076, acc: 0.8399
loss: 0.4271, acc: 0.8293
loss: 0.4370, acc: 0.8273
loss: 0.4460, acc: 0.8242
loss: 0.4469, acc: 0.8234
loss: 0.4507, acc: 0.8193
loss: 0.4521, acc: 0.8184
loss: 0.4530, acc: 0.8188
loss: 0.4555, acc: 0.8192
loss: 0.4543, acc: 0.8185
loss: 0.4567, acc: 0.8166
loss: 0.4567, acc: 0.8164
loss: 0.4586, acc: 0.8168
> val_acc: 0.6402, val_f1: 0.5071
>>>>>>>>>>>>>>>>>>>>>>>>>>>>>>>>>>>>>>>>>>>>>>>>>>>>>>>>>>>>>>>>>>>>>>>>>>>>>>>>>>>>>>>>>>>>>>>>>>>>
epoch: 28
loss: 0.2950, acc: 0.9062
loss: 0.4329, acc: 0.8333
loss: 0.4301, acc: 0.8295
loss: 0.4166, acc: 0.8242
loss: 0.4389, acc: 0.8140
loss: 0.4494, acc: 0.8113
loss: 0.4506, acc: 0.8165
loss: 0.4439, acc: 0.8229
loss: 0.4386, acc: 0.8270
loss: 0.4318, acc: 0.8288
loss: 0.4151, acc: 0.8370
loss: 0.4205, acc: 0.8326
loss: 0.4223, acc: 0.8315
loss: 0.4150, acc: 0.8338
loss: 0.4120, acc: 0.8363
loss: 0.4044, acc: 0.8417
loss: 0.4050, acc: 0.8403
loss: 0.4076, acc: 0.8394
loss: 0.4068, acc: 0.8400
loss: 0.4129, acc: 0.8366
loss: 0.4158, acc: 0.8366
loss: 0.4178, acc: 0.8343
loss: 0.4230, acc: 0.8331
> val_acc: 0.6643, val_f1: 0.4938
>>>>>>>>>>>>>>>>>>>>>>>>>>>>>>>>>>>>>>>>>>>>>>>>>>>>>>>>>>>>>>>>>>>>>>>>>>>>>>>>>>>>>>>>>>>>>>>>>>>>
epoch: 29
loss: 0.3230, acc: 0.9167
loss: 0.3129, acc: 0.8867
loss: 0.3352, acc: 0.8846
loss: 0.3552, acc: 0.8715
loss: 0.3723, acc: 0.8682
loss: 0.3670, acc: 0.8694
loss: 0.3878, acc: 0.8636
loss: 0.3829, acc: 0.8643
loss: 0.3861, acc: 0.8561
loss: 0.3909, acc: 0.8548
loss: 0.3908, acc: 0.8526
loss: 0.4015, acc: 0.8486
loss: 0.4023, acc: 0.8467
loss: 0.4097, acc: 0.8447
loss: 0.4080, acc: 0.8446
loss: 0.4109, acc: 0.8429
loss: 0.4141, acc: 0.8411
loss: 0.4198, acc: 0.8398
loss: 0.4219, acc: 0.8401
loss: 0.4158, acc: 0.8431
loss: 0.4109, acc: 0.8450
loss: 0.4136, acc: 0.8423
loss: 0.4137, acc: 0.8426
> val_acc: 0.6687, val_f1: 0.4697
>> saved: state_dict/gc_ian_restaurant_val_acc0.6687
>> test_acc: 0.6687, test_f1: 0.4697
