cuda memory allocated: 14651392
n_trainable_params: 2726003, n_nontrainable_params: 934800
> training arguments:
>>> model_name: gc_ian
>>> dataset: laptop
>>> optimizer: <class 'torch.optim.adagrad.Adagrad'>
>>> initializer: <function xavier_uniform_ at 0x000001D952517620>
>>> learning_rate: 0.01
>>> momentum: 0.95
>>> dropout: 0.5
>>> l2reg: 5e-05
>>> num_epoch: 30
>>> batch_size: 32
>>> log_step: 5
>>> embed_dim: 300
>>> hidden_dim: 300
>>> bert_dim: 768
>>> pretrained_bert_name: bert-base-uncased
>>> max_seq_len: 80
>>> polarities_dim: 3
>>> hops: 3
>>> device: cuda
>>> seed: 10
>>> valset_ratio: 0
>>> num_layers: 1
>>> in_channels: 100
>>> out_channels: 1
>>> downbot: 20
>>> kernel_size: 3
>>> glove_path: ./glove/glove.840B.300d.txt
>>> model_class: <class 'models.gc_ian.GC_IAN'>
>>> dataset_file: {'train': './datasets/semeval14/Laptops_Train.xml.seg', 'test': './datasets/semeval14/Laptops_Test_Gold.xml.seg'}
>>> inputs_cols: ['text_raw_indices', 'aspect_indices']
>>>>>>>>>>>>>>>>>>>>>>>>>>>>>>>>>>>>>>>>>>>>>>>>>>>>>>>>>>>>>>>>>>>>>>>>>>>>>>>>>>>>>>>>>>>>>>>>>>>>
epoch: 0
loss: 2.0307, acc: 0.4125
loss: 1.6274, acc: 0.4219
loss: 1.4060, acc: 0.4562
loss: 1.2919, acc: 0.4875
loss: 1.2182, acc: 0.5038
loss: 1.1539, acc: 0.5292
loss: 1.1179, acc: 0.5357
loss: 1.0772, acc: 0.5531
loss: 1.0563, acc: 0.5618
loss: 1.0412, acc: 0.5700
loss: 1.0235, acc: 0.5784
loss: 1.0037, acc: 0.5844
loss: 0.9917, acc: 0.5904
loss: 0.9798, acc: 0.5955
> val_acc: 0.6207, val_f1: 0.5172
>> saved: state_dict/gc_ian_laptop_val_acc0.6207
>>>>>>>>>>>>>>>>>>>>>>>>>>>>>>>>>>>>>>>>>>>>>>>>>>>>>>>>>>>>>>>>>>>>>>>>>>>>>>>>>>>>>>>>>>>>>>>>>>>>
epoch: 1
loss: 0.5280, acc: 0.7656
loss: 0.5553, acc: 0.7679
loss: 0.5604, acc: 0.7760
loss: 0.5745, acc: 0.7665
loss: 0.5608, acc: 0.7699
loss: 0.5742, acc: 0.7743
loss: 0.5774, acc: 0.7744
loss: 0.5740, acc: 0.7745
loss: 0.5712, acc: 0.7753
loss: 0.5659, acc: 0.7766
loss: 0.5659, acc: 0.7764
loss: 0.5693, acc: 0.7741
loss: 0.5703, acc: 0.7737
loss: 0.5721, acc: 0.7719
loss: 0.5724, acc: 0.7691
> val_acc: 0.6787, val_f1: 0.6002
>> saved: state_dict/gc_ian_laptop_val_acc0.6787
>>>>>>>>>>>>>>>>>>>>>>>>>>>>>>>>>>>>>>>>>>>>>>>>>>>>>>>>>>>>>>>>>>>>>>>>>>>>>>>>>>>>>>>>>>>>>>>>>>>>
epoch: 2
loss: 0.4359, acc: 0.8750
loss: 0.4219, acc: 0.8438
loss: 0.4195, acc: 0.8527
loss: 0.4217, acc: 0.8487
loss: 0.4285, acc: 0.8451
loss: 0.4319, acc: 0.8481
loss: 0.4292, acc: 0.8456
loss: 0.4307, acc: 0.8454
loss: 0.4260, acc: 0.8452
loss: 0.4329, acc: 0.8438
loss: 0.4276, acc: 0.8495
loss: 0.4271, acc: 0.8496
loss: 0.4309, acc: 0.8477
loss: 0.4323, acc: 0.8460
> val_acc: 0.6567, val_f1: 0.5368
>>>>>>>>>>>>>>>>>>>>>>>>>>>>>>>>>>>>>>>>>>>>>>>>>>>>>>>>>>>>>>>>>>>>>>>>>>>>>>>>>>>>>>>>>>>>>>>>>>>>
epoch: 3
loss: 0.4704, acc: 0.8125
loss: 0.3668, acc: 0.8750
loss: 0.3636, acc: 0.8864
loss: 0.3327, acc: 0.9004
loss: 0.3308, acc: 0.8988
loss: 0.3357, acc: 0.8942
loss: 0.3392, acc: 0.8931
loss: 0.3437, acc: 0.8915
loss: 0.3425, acc: 0.8941
loss: 0.3454, acc: 0.8893
loss: 0.3432, acc: 0.8897
loss: 0.3404, acc: 0.8890
loss: 0.3442, acc: 0.8852
loss: 0.3470, acc: 0.8807
loss: 0.3457, acc: 0.8807
> val_acc: 0.6724, val_f1: 0.5788
>>>>>>>>>>>>>>>>>>>>>>>>>>>>>>>>>>>>>>>>>>>>>>>>>>>>>>>>>>>>>>>>>>>>>>>>>>>>>>>>>>>>>>>>>>>>>>>>>>>>
epoch: 4
loss: 0.2500, acc: 0.9167
loss: 0.2389, acc: 0.9375
loss: 0.2571, acc: 0.9303
loss: 0.2667, acc: 0.9253
loss: 0.2695, acc: 0.9212
loss: 0.2803, acc: 0.9129
loss: 0.2741, acc: 0.9176
loss: 0.2812, acc: 0.9169
loss: 0.2781, acc: 0.9208
loss: 0.2733, acc: 0.9232
loss: 0.2762, acc: 0.9204
loss: 0.2770, acc: 0.9219
loss: 0.2795, acc: 0.9206
loss: 0.2818, acc: 0.9191
loss: 0.2821, acc: 0.9175
> val_acc: 0.6755, val_f1: 0.5791
>>>>>>>>>>>>>>>>>>>>>>>>>>>>>>>>>>>>>>>>>>>>>>>>>>>>>>>>>>>>>>>>>>>>>>>>>>>>>>>>>>>>>>>>>>>>>>>>>>>>
epoch: 5
loss: 0.2110, acc: 0.9187
loss: 0.2331, acc: 0.9250
loss: 0.2312, acc: 0.9292
loss: 0.2324, acc: 0.9266
loss: 0.2256, acc: 0.9337
loss: 0.2353, acc: 0.9292
loss: 0.2305, acc: 0.9321
loss: 0.2333, acc: 0.9313
loss: 0.2393, acc: 0.9264
loss: 0.2401, acc: 0.9281
loss: 0.2432, acc: 0.9261
loss: 0.2433, acc: 0.9271
loss: 0.2394, acc: 0.9293
loss: 0.2351, acc: 0.9313
> val_acc: 0.6928, val_f1: 0.6247
>> saved: state_dict/gc_ian_laptop_val_acc0.6928
>>>>>>>>>>>>>>>>>>>>>>>>>>>>>>>>>>>>>>>>>>>>>>>>>>>>>>>>>>>>>>>>>>>>>>>>>>>>>>>>>>>>>>>>>>>>>>>>>>>>
epoch: 6
loss: 0.1877, acc: 0.9688
loss: 0.1987, acc: 0.9464
loss: 0.1959, acc: 0.9531
loss: 0.1962, acc: 0.9540
loss: 0.2063, acc: 0.9446
loss: 0.2102, acc: 0.9444
loss: 0.2111, acc: 0.9453
loss: 0.2123, acc: 0.9426
loss: 0.2098, acc: 0.9457
loss: 0.2063, acc: 0.9475
loss: 0.2019, acc: 0.9495
loss: 0.1995, acc: 0.9501
loss: 0.2019, acc: 0.9476
loss: 0.2046, acc: 0.9445
loss: 0.2042, acc: 0.9440
> val_acc: 0.6724, val_f1: 0.5833
>>>>>>>>>>>>>>>>>>>>>>>>>>>>>>>>>>>>>>>>>>>>>>>>>>>>>>>>>>>>>>>>>>>>>>>>>>>>>>>>>>>>>>>>>>>>>>>>>>>>
epoch: 7
loss: 0.1238, acc: 0.9766
loss: 0.1539, acc: 0.9618
loss: 0.1542, acc: 0.9643
loss: 0.1540, acc: 0.9638
loss: 0.1548, acc: 0.9622
loss: 0.1635, acc: 0.9612
loss: 0.1600, acc: 0.9632
loss: 0.1636, acc: 0.9615
loss: 0.1641, acc: 0.9616
loss: 0.1641, acc: 0.9617
loss: 0.1618, acc: 0.9641
loss: 0.1610, acc: 0.9645
loss: 0.1654, acc: 0.9624
loss: 0.1671, acc: 0.9611
> val_acc: 0.6818, val_f1: 0.6079
>>>>>>>>>>>>>>>>>>>>>>>>>>>>>>>>>>>>>>>>>>>>>>>>>>>>>>>>>>>>>>>>>>>>>>>>>>>>>>>>>>>>>>>>>>>>>>>>>>>>
epoch: 8
loss: 0.1677, acc: 0.9375
loss: 0.1450, acc: 0.9635
loss: 0.1385, acc: 0.9631
loss: 0.1381, acc: 0.9688
loss: 0.1350, acc: 0.9688
loss: 0.1312, acc: 0.9736
loss: 0.1359, acc: 0.9708
loss: 0.1348, acc: 0.9714
loss: 0.1440, acc: 0.9680
loss: 0.1445, acc: 0.9667
loss: 0.1462, acc: 0.9663
loss: 0.1476, acc: 0.9665
loss: 0.1471, acc: 0.9672
loss: 0.1465, acc: 0.9673
loss: 0.1476, acc: 0.9657
> val_acc: 0.6787, val_f1: 0.5975
>>>>>>>>>>>>>>>>>>>>>>>>>>>>>>>>>>>>>>>>>>>>>>>>>>>>>>>>>>>>>>>>>>>>>>>>>>>>>>>>>>>>>>>>>>>>>>>>>>>>
epoch: 9
loss: 0.1155, acc: 0.9896
loss: 0.1289, acc: 0.9844
loss: 0.1300, acc: 0.9784
loss: 0.1395, acc: 0.9705
loss: 0.1346, acc: 0.9728
loss: 0.1325, acc: 0.9732
loss: 0.1346, acc: 0.9725
loss: 0.1352, acc: 0.9729
loss: 0.1378, acc: 0.9724
loss: 0.1376, acc: 0.9727
loss: 0.1377, acc: 0.9711
loss: 0.1388, acc: 0.9688
loss: 0.1389, acc: 0.9673
loss: 0.1374, acc: 0.9674
loss: 0.1341, acc: 0.9691
> val_acc: 0.6803, val_f1: 0.5983
>>>>>>>>>>>>>>>>>>>>>>>>>>>>>>>>>>>>>>>>>>>>>>>>>>>>>>>>>>>>>>>>>>>>>>>>>>>>>>>>>>>>>>>>>>>>>>>>>>>>
epoch: 10
loss: 0.1121, acc: 0.9812
loss: 0.0955, acc: 0.9906
loss: 0.1019, acc: 0.9875
loss: 0.1104, acc: 0.9812
loss: 0.1104, acc: 0.9812
loss: 0.1136, acc: 0.9781
loss: 0.1158, acc: 0.9777
loss: 0.1207, acc: 0.9727
loss: 0.1230, acc: 0.9722
loss: 0.1223, acc: 0.9725
loss: 0.1232, acc: 0.9716
loss: 0.1220, acc: 0.9714
loss: 0.1212, acc: 0.9712
loss: 0.1223, acc: 0.9701
> val_acc: 0.6787, val_f1: 0.5975
>>>>>>>>>>>>>>>>>>>>>>>>>>>>>>>>>>>>>>>>>>>>>>>>>>>>>>>>>>>>>>>>>>>>>>>>>>>>>>>>>>>>>>>>>>>>>>>>>>>>
epoch: 11
loss: 0.0926, acc: 0.9844
loss: 0.1018, acc: 0.9911
loss: 0.1039, acc: 0.9792
loss: 0.1048, acc: 0.9798
loss: 0.1050, acc: 0.9801
loss: 0.1048, acc: 0.9803
loss: 0.1042, acc: 0.9805
loss: 0.1085, acc: 0.9764
loss: 0.1063, acc: 0.9769
loss: 0.1057, acc: 0.9767
loss: 0.1035, acc: 0.9778
loss: 0.1078, acc: 0.9742
loss: 0.1075, acc: 0.9748
loss: 0.1087, acc: 0.9739
loss: 0.1079, acc: 0.9748
> val_acc: 0.6818, val_f1: 0.6016
>>>>>>>>>>>>>>>>>>>>>>>>>>>>>>>>>>>>>>>>>>>>>>>>>>>>>>>>>>>>>>>>>>>>>>>>>>>>>>>>>>>>>>>>>>>>>>>>>>>>
epoch: 12
loss: 0.0746, acc: 1.0000
loss: 0.0737, acc: 0.9965
loss: 0.0773, acc: 0.9911
loss: 0.0757, acc: 0.9901
loss: 0.0841, acc: 0.9857
loss: 0.0850, acc: 0.9860
loss: 0.0854, acc: 0.9835
loss: 0.0889, acc: 0.9824
loss: 0.0887, acc: 0.9822
loss: 0.0896, acc: 0.9809
loss: 0.0936, acc: 0.9792
loss: 0.0949, acc: 0.9788
loss: 0.0937, acc: 0.9790
loss: 0.0963, acc: 0.9769
> val_acc: 0.6834, val_f1: 0.6081
>>>>>>>>>>>>>>>>>>>>>>>>>>>>>>>>>>>>>>>>>>>>>>>>>>>>>>>>>>>>>>>>>>>>>>>>>>>>>>>>>>>>>>>>>>>>>>>>>>>>
epoch: 13
loss: 0.0955, acc: 1.0000
loss: 0.1160, acc: 0.9740
loss: 0.1041, acc: 0.9801
loss: 0.0963, acc: 0.9824
loss: 0.0943, acc: 0.9836
loss: 0.0961, acc: 0.9832
loss: 0.0984, acc: 0.9819
loss: 0.0966, acc: 0.9835
loss: 0.0949, acc: 0.9848
loss: 0.0933, acc: 0.9851
loss: 0.0915, acc: 0.9853
loss: 0.0963, acc: 0.9844
loss: 0.0956, acc: 0.9846
loss: 0.0947, acc: 0.9839
loss: 0.0962, acc: 0.9824
> val_acc: 0.6881, val_f1: 0.6144
>>>>>>>>>>>>>>>>>>>>>>>>>>>>>>>>>>>>>>>>>>>>>>>>>>>>>>>>>>>>>>>>>>>>>>>>>>>>>>>>>>>>>>>>>>>>>>>>>>>>
epoch: 14
loss: 0.1001, acc: 0.9688
loss: 0.0892, acc: 0.9727
loss: 0.0904, acc: 0.9736
loss: 0.0830, acc: 0.9757
loss: 0.0782, acc: 0.9796
loss: 0.0744, acc: 0.9821
loss: 0.0766, acc: 0.9820
loss: 0.0796, acc: 0.9811
loss: 0.0786, acc: 0.9811
loss: 0.0782, acc: 0.9824
loss: 0.0767, acc: 0.9835
loss: 0.0804, acc: 0.9817
loss: 0.0803, acc: 0.9821
loss: 0.0795, acc: 0.9830
loss: 0.0823, acc: 0.9820
> val_acc: 0.6818, val_f1: 0.6057
>>>>>>>>>>>>>>>>>>>>>>>>>>>>>>>>>>>>>>>>>>>>>>>>>>>>>>>>>>>>>>>>>>>>>>>>>>>>>>>>>>>>>>>>>>>>>>>>>>>>
epoch: 15
loss: 0.1124, acc: 0.9812
loss: 0.1014, acc: 0.9750
loss: 0.0991, acc: 0.9750
loss: 0.0890, acc: 0.9812
loss: 0.0876, acc: 0.9800
loss: 0.0888, acc: 0.9792
loss: 0.0858, acc: 0.9804
loss: 0.0887, acc: 0.9789
loss: 0.0840, acc: 0.9812
loss: 0.0826, acc: 0.9825
loss: 0.0821, acc: 0.9830
loss: 0.0815, acc: 0.9828
loss: 0.0809, acc: 0.9827
loss: 0.0798, acc: 0.9835
> val_acc: 0.6834, val_f1: 0.6041
>>>>>>>>>>>>>>>>>>>>>>>>>>>>>>>>>>>>>>>>>>>>>>>>>>>>>>>>>>>>>>>>>>>>>>>>>>>>>>>>>>>>>>>>>>>>>>>>>>>>
epoch: 16
loss: 0.0894, acc: 0.9688
loss: 0.0881, acc: 0.9777
loss: 0.0736, acc: 0.9844
loss: 0.0736, acc: 0.9853
loss: 0.0777, acc: 0.9830
loss: 0.0761, acc: 0.9826
loss: 0.0714, acc: 0.9854
loss: 0.0731, acc: 0.9856
loss: 0.0715, acc: 0.9866
loss: 0.0726, acc: 0.9867
loss: 0.0718, acc: 0.9868
loss: 0.0715, acc: 0.9857
loss: 0.0694, acc: 0.9869
loss: 0.0704, acc: 0.9869
loss: 0.0717, acc: 0.9861
> val_acc: 0.6834, val_f1: 0.6025
>>>>>>>>>>>>>>>>>>>>>>>>>>>>>>>>>>>>>>>>>>>>>>>>>>>>>>>>>>>>>>>>>>>>>>>>>>>>>>>>>>>>>>>>>>>>>>>>>>>>
epoch: 17
loss: 0.0552, acc: 0.9844
loss: 0.0631, acc: 0.9757
loss: 0.0622, acc: 0.9821
loss: 0.0630, acc: 0.9836
loss: 0.0655, acc: 0.9818
loss: 0.0647, acc: 0.9838
loss: 0.0746, acc: 0.9807
loss: 0.0750, acc: 0.9816
loss: 0.0736, acc: 0.9830
loss: 0.0725, acc: 0.9841
loss: 0.0700, acc: 0.9844
loss: 0.0678, acc: 0.9852
loss: 0.0683, acc: 0.9844
loss: 0.0698, acc: 0.9846
> val_acc: 0.6771, val_f1: 0.5987
>>>>>>>>>>>>>>>>>>>>>>>>>>>>>>>>>>>>>>>>>>>>>>>>>>>>>>>>>>>>>>>>>>>>>>>>>>>>>>>>>>>>>>>>>>>>>>>>>>>>
epoch: 18
loss: 0.0328, acc: 1.0000
loss: 0.0856, acc: 0.9740
loss: 0.0638, acc: 0.9858
loss: 0.0598, acc: 0.9883
loss: 0.0597, acc: 0.9866
loss: 0.0665, acc: 0.9856
loss: 0.0657, acc: 0.9859
loss: 0.0655, acc: 0.9861
loss: 0.0658, acc: 0.9855
loss: 0.0656, acc: 0.9857
loss: 0.0633, acc: 0.9871
loss: 0.0628, acc: 0.9872
loss: 0.0630, acc: 0.9867
loss: 0.0620, acc: 0.9877
loss: 0.0616, acc: 0.9881
> val_acc: 0.6771, val_f1: 0.5929
>>>>>>>>>>>>>>>>>>>>>>>>>>>>>>>>>>>>>>>>>>>>>>>>>>>>>>>>>>>>>>>>>>>>>>>>>>>>>>>>>>>>>>>>>>>>>>>>>>>>
epoch: 19
loss: 0.0560, acc: 0.9896
loss: 0.0561, acc: 0.9883
loss: 0.0618, acc: 0.9928
loss: 0.0641, acc: 0.9896
loss: 0.0604, acc: 0.9918
loss: 0.0615, acc: 0.9911
loss: 0.0647, acc: 0.9896
loss: 0.0648, acc: 0.9893
loss: 0.0683, acc: 0.9869
loss: 0.0682, acc: 0.9870
loss: 0.0688, acc: 0.9858
loss: 0.0676, acc: 0.9871
loss: 0.0692, acc: 0.9861
loss: 0.0699, acc: 0.9858
loss: 0.0681, acc: 0.9863
> val_acc: 0.6740, val_f1: 0.5915
>>>>>>>>>>>>>>>>>>>>>>>>>>>>>>>>>>>>>>>>>>>>>>>>>>>>>>>>>>>>>>>>>>>>>>>>>>>>>>>>>>>>>>>>>>>>>>>>>>>>
epoch: 20
loss: 0.0402, acc: 0.9938
loss: 0.0395, acc: 0.9969
loss: 0.0445, acc: 0.9958
loss: 0.0518, acc: 0.9906
loss: 0.0508, acc: 0.9912
loss: 0.0535, acc: 0.9906
loss: 0.0537, acc: 0.9911
loss: 0.0521, acc: 0.9922
loss: 0.0552, acc: 0.9903
loss: 0.0555, acc: 0.9900
loss: 0.0562, acc: 0.9898
loss: 0.0559, acc: 0.9901
loss: 0.0561, acc: 0.9904
loss: 0.0576, acc: 0.9893
> val_acc: 0.6850, val_f1: 0.6108
>>>>>>>>>>>>>>>>>>>>>>>>>>>>>>>>>>>>>>>>>>>>>>>>>>>>>>>>>>>>>>>>>>>>>>>>>>>>>>>>>>>>>>>>>>>>>>>>>>>>
epoch: 21
loss: 0.0841, acc: 0.9688
loss: 0.0731, acc: 0.9732
loss: 0.0816, acc: 0.9766
loss: 0.0713, acc: 0.9816
loss: 0.0637, acc: 0.9830
loss: 0.0636, acc: 0.9826
loss: 0.0617, acc: 0.9824
loss: 0.0601, acc: 0.9840
loss: 0.0587, acc: 0.9851
loss: 0.0615, acc: 0.9840
loss: 0.0598, acc: 0.9856
loss: 0.0613, acc: 0.9857
loss: 0.0610, acc: 0.9859
loss: 0.0594, acc: 0.9869
loss: 0.0589, acc: 0.9874
> val_acc: 0.6787, val_f1: 0.5999
>>>>>>>>>>>>>>>>>>>>>>>>>>>>>>>>>>>>>>>>>>>>>>>>>>>>>>>>>>>>>>>>>>>>>>>>>>>>>>>>>>>>>>>>>>>>>>>>>>>>
epoch: 22
loss: 0.0459, acc: 0.9922
loss: 0.0385, acc: 0.9965
loss: 0.0425, acc: 0.9955
loss: 0.0450, acc: 0.9934
loss: 0.0433, acc: 0.9935
loss: 0.0491, acc: 0.9925
loss: 0.0498, acc: 0.9908
loss: 0.0508, acc: 0.9904
loss: 0.0515, acc: 0.9893
loss: 0.0534, acc: 0.9879
loss: 0.0541, acc: 0.9878
loss: 0.0583, acc: 0.9862
loss: 0.0579, acc: 0.9863
loss: 0.0572, acc: 0.9869
> val_acc: 0.6850, val_f1: 0.6057
>>>>>>>>>>>>>>>>>>>>>>>>>>>>>>>>>>>>>>>>>>>>>>>>>>>>>>>>>>>>>>>>>>>>>>>>>>>>>>>>>>>>>>>>>>>>>>>>>>>>
epoch: 23
loss: 0.0745, acc: 0.9688
loss: 0.0451, acc: 0.9948
loss: 0.0407, acc: 0.9943
loss: 0.0488, acc: 0.9883
loss: 0.0454, acc: 0.9896
loss: 0.0465, acc: 0.9904
loss: 0.0489, acc: 0.9889
loss: 0.0482, acc: 0.9896
loss: 0.0473, acc: 0.9901
loss: 0.0477, acc: 0.9891
loss: 0.0470, acc: 0.9896
loss: 0.0481, acc: 0.9894
loss: 0.0490, acc: 0.9892
loss: 0.0499, acc: 0.9886
loss: 0.0506, acc: 0.9881
> val_acc: 0.6834, val_f1: 0.6058
>>>>>>>>>>>>>>>>>>>>>>>>>>>>>>>>>>>>>>>>>>>>>>>>>>>>>>>>>>>>>>>>>>>>>>>>>>>>>>>>>>>>>>>>>>>>>>>>>>>>
epoch: 24
loss: 0.0611, acc: 0.9896
loss: 0.0451, acc: 0.9961
loss: 0.0474, acc: 0.9952
loss: 0.0454, acc: 0.9948
loss: 0.0443, acc: 0.9946
loss: 0.0426, acc: 0.9944
loss: 0.0427, acc: 0.9943
loss: 0.0446, acc: 0.9934
loss: 0.0443, acc: 0.9935
loss: 0.0493, acc: 0.9909
loss: 0.0512, acc: 0.9906
loss: 0.0500, acc: 0.9908
loss: 0.0487, acc: 0.9916
loss: 0.0496, acc: 0.9917
loss: 0.0484, acc: 0.9923
> val_acc: 0.6677, val_f1: 0.5874
>>>>>>>>>>>>>>>>>>>>>>>>>>>>>>>>>>>>>>>>>>>>>>>>>>>>>>>>>>>>>>>>>>>>>>>>>>>>>>>>>>>>>>>>>>>>>>>>>>>>
epoch: 25
loss: 0.0412, acc: 0.9938
loss: 0.0421, acc: 0.9906
loss: 0.0471, acc: 0.9917
loss: 0.0430, acc: 0.9938
loss: 0.0437, acc: 0.9925
loss: 0.0423, acc: 0.9927
loss: 0.0422, acc: 0.9929
loss: 0.0438, acc: 0.9914
loss: 0.0435, acc: 0.9917
loss: 0.0437, acc: 0.9912
loss: 0.0426, acc: 0.9915
loss: 0.0411, acc: 0.9922
loss: 0.0427, acc: 0.9918
loss: 0.0481, acc: 0.9897
> val_acc: 0.6803, val_f1: 0.6035
>>>>>>>>>>>>>>>>>>>>>>>>>>>>>>>>>>>>>>>>>>>>>>>>>>>>>>>>>>>>>>>>>>>>>>>>>>>>>>>>>>>>>>>>>>>>>>>>>>>>
epoch: 26
loss: 0.0423, acc: 1.0000
loss: 0.0531, acc: 0.9866
loss: 0.0493, acc: 0.9896
loss: 0.0457, acc: 0.9926
loss: 0.0514, acc: 0.9915
loss: 0.0495, acc: 0.9919
loss: 0.0523, acc: 0.9922
loss: 0.0499, acc: 0.9924
loss: 0.0506, acc: 0.9926
loss: 0.0493, acc: 0.9934
loss: 0.0472, acc: 0.9940
loss: 0.0477, acc: 0.9940
loss: 0.0527, acc: 0.9924
loss: 0.0517, acc: 0.9925
loss: 0.0513, acc: 0.9918
> val_acc: 0.6693, val_f1: 0.5856
>>>>>>>>>>>>>>>>>>>>>>>>>>>>>>>>>>>>>>>>>>>>>>>>>>>>>>>>>>>>>>>>>>>>>>>>>>>>>>>>>>>>>>>>>>>>>>>>>>>>
epoch: 27
loss: 0.0404, acc: 0.9922
loss: 0.0359, acc: 0.9931
loss: 0.0331, acc: 0.9955
loss: 0.0407, acc: 0.9934
loss: 0.0404, acc: 0.9922
loss: 0.0397, acc: 0.9925
loss: 0.0421, acc: 0.9908
loss: 0.0414, acc: 0.9912
loss: 0.0418, acc: 0.9915
loss: 0.0413, acc: 0.9911
loss: 0.0421, acc: 0.9913
loss: 0.0433, acc: 0.9910
loss: 0.0464, acc: 0.9893
loss: 0.0457, acc: 0.9891
> val_acc: 0.6834, val_f1: 0.6084
>>>>>>>>>>>>>>>>>>>>>>>>>>>>>>>>>>>>>>>>>>>>>>>>>>>>>>>>>>>>>>>>>>>>>>>>>>>>>>>>>>>>>>>>>>>>>>>>>>>>
epoch: 28
loss: 0.0416, acc: 1.0000
loss: 0.0487, acc: 0.9844
loss: 0.0392, acc: 0.9915
loss: 0.0414, acc: 0.9922
loss: 0.0423, acc: 0.9940
loss: 0.0426, acc: 0.9916
loss: 0.0408, acc: 0.9919
loss: 0.0421, acc: 0.9922
loss: 0.0439, acc: 0.9916
loss: 0.0435, acc: 0.9918
loss: 0.0451, acc: 0.9908
loss: 0.0444, acc: 0.9911
loss: 0.0432, acc: 0.9918
loss: 0.0444, acc: 0.9910
loss: 0.0445, acc: 0.9903
> val_acc: 0.6740, val_f1: 0.5920
>>>>>>>>>>>>>>>>>>>>>>>>>>>>>>>>>>>>>>>>>>>>>>>>>>>>>>>>>>>>>>>>>>>>>>>>>>>>>>>>>>>>>>>>>>>>>>>>>>>>
epoch: 29
loss: 0.0653, acc: 0.9792
loss: 0.0432, acc: 0.9922
loss: 0.0390, acc: 0.9928
loss: 0.0368, acc: 0.9931
loss: 0.0409, acc: 0.9918
loss: 0.0459, acc: 0.9877
loss: 0.0426, acc: 0.9896
loss: 0.0417, acc: 0.9901
loss: 0.0409, acc: 0.9906
loss: 0.0415, acc: 0.9909
loss: 0.0451, acc: 0.9888
loss: 0.0441, acc: 0.9892
loss: 0.0441, acc: 0.9891
loss: 0.0435, acc: 0.9899
loss: 0.0452, acc: 0.9893
> val_acc: 0.6724, val_f1: 0.5921
>> test_acc: 0.6928, test_f1: 0.6247
