cuda memory allocated: 12166656
n_trainable_params: 1715403, n_nontrainable_params: 1323600
> training arguments:
>>> model_name: gc_ian
>>> dataset: restaurant
>>> optimizer: <class 'torch.optim.adagrad.Adagrad'>
>>> initializer: <function xavier_uniform_ at 0x0000026D82807620>
>>> learning_rate: 0.01
>>> momentum: 0.95
>>> dropout: 0.2
>>> l2reg: 5e-05
>>> num_epoch: 30
>>> batch_size: 32
>>> log_step: 5
>>> embed_dim: 300
>>> hidden_dim: 300
>>> bert_dim: 768
>>> pretrained_bert_name: bert-base-uncased
>>> max_seq_len: 80
>>> polarities_dim: 3
>>> hops: 3
>>> device: cuda
>>> seed: 10
>>> valset_ratio: 0
>>> num_layers: 1
>>> in_channels: 100
>>> out_channels: 1
>>> downbot: 10
>>> kernel_size: 3
>>> glove_path: ./glove/glove.840B.300d.txt
>>> model_class: <class 'models.gc_ian.GC_IAN'>
>>> dataset_file: {'train': './datasets/semeval14/Restaurants_Train.xml.seg', 'test': './datasets/semeval14/Restaurants_Test_Gold.xml.seg'}
>>> inputs_cols: ['text_raw_indices', 'aspect_indices']
>>>>>>>>>>>>>>>>>>>>>>>>>>>>>>>>>>>>>>>>>>>>>>>>>>>>>>>>>>>>>>>>>>>>>>>>>>>>>>>>>>>>>>>>>>>>>>>>>>>>
epoch: 0
loss: 3.1266, acc: 0.4625
loss: 2.1321, acc: 0.4938
loss: 1.7464, acc: 0.5250
loss: 1.5447, acc: 0.5437
loss: 1.4189, acc: 0.5587
loss: 1.3394, acc: 0.5594
loss: 1.2725, acc: 0.5705
loss: 1.2246, acc: 0.5734
loss: 1.1915, acc: 0.5708
loss: 1.1652, acc: 0.5769
loss: 1.1412, acc: 0.5784
loss: 1.1142, acc: 0.5870
loss: 1.1016, acc: 0.5837
loss: 1.0880, acc: 0.5835
loss: 1.0737, acc: 0.5846
loss: 1.0654, acc: 0.5875
loss: 1.0536, acc: 0.5897
loss: 1.0422, acc: 0.5927
loss: 1.0331, acc: 0.5944
loss: 1.0232, acc: 0.5962
loss: 1.0185, acc: 0.5955
loss: 1.0104, acc: 0.5972
> val_acc: 0.6536, val_f1: 0.2955
>> saved: state_dict/gc_ian_restaurant_val_acc0.6536
>>>>>>>>>>>>>>>>>>>>>>>>>>>>>>>>>>>>>>>>>>>>>>>>>>>>>>>>>>>>>>>>>>>>>>>>>>>>>>>>>>>>>>>>>>>>>>>>>>>>
epoch: 1
loss: 1.0660, acc: 0.4531
loss: 0.8781, acc: 0.5848
loss: 0.8282, acc: 0.6328
loss: 0.8308, acc: 0.6287
loss: 0.8368, acc: 0.6278
loss: 0.8205, acc: 0.6435
loss: 0.8224, acc: 0.6377
loss: 0.8143, acc: 0.6368
loss: 0.8110, acc: 0.6429
loss: 0.8072, acc: 0.6430
loss: 0.8110, acc: 0.6418
loss: 0.8052, acc: 0.6453
loss: 0.8027, acc: 0.6472
loss: 0.8051, acc: 0.6465
loss: 0.7996, acc: 0.6506
loss: 0.7991, acc: 0.6498
loss: 0.8063, acc: 0.6471
loss: 0.8065, acc: 0.6480
loss: 0.8053, acc: 0.6484
loss: 0.8049, acc: 0.6498
loss: 0.8018, acc: 0.6526
loss: 0.8045, acc: 0.6501
loss: 0.8032, acc: 0.6523
> val_acc: 0.6848, val_f1: 0.5017
>> saved: state_dict/gc_ian_restaurant_val_acc0.6848
>>>>>>>>>>>>>>>>>>>>>>>>>>>>>>>>>>>>>>>>>>>>>>>>>>>>>>>>>>>>>>>>>>>>>>>>>>>>>>>>>>>>>>>>>>>>>>>>>>>>
epoch: 2
loss: 0.6313, acc: 0.7266
loss: 0.7259, acc: 0.6771
loss: 0.7420, acc: 0.6585
loss: 0.7671, acc: 0.6497
loss: 0.7568, acc: 0.6693
loss: 0.7681, acc: 0.6724
loss: 0.7522, acc: 0.6774
loss: 0.7467, acc: 0.6827
loss: 0.7470, acc: 0.6804
loss: 0.7430, acc: 0.6856
loss: 0.7345, acc: 0.6892
loss: 0.7325, acc: 0.6928
loss: 0.7248, acc: 0.6968
loss: 0.7289, acc: 0.6934
loss: 0.7331, acc: 0.6879
loss: 0.7377, acc: 0.6863
loss: 0.7371, acc: 0.6853
loss: 0.7362, acc: 0.6864
loss: 0.7430, acc: 0.6828
loss: 0.7456, acc: 0.6812
loss: 0.7420, acc: 0.6830
loss: 0.7431, acc: 0.6815
> val_acc: 0.6795, val_f1: 0.4526
>>>>>>>>>>>>>>>>>>>>>>>>>>>>>>>>>>>>>>>>>>>>>>>>>>>>>>>>>>>>>>>>>>>>>>>>>>>>>>>>>>>>>>>>>>>>>>>>>>>>
epoch: 3
loss: 0.8295, acc: 0.6562
loss: 0.7605, acc: 0.6667
loss: 0.7244, acc: 0.6932
loss: 0.7057, acc: 0.6953
loss: 0.6786, acc: 0.7068
loss: 0.6768, acc: 0.7055
loss: 0.7037, acc: 0.6946
loss: 0.6901, acc: 0.7031
loss: 0.6847, acc: 0.7081
loss: 0.6797, acc: 0.7099
loss: 0.6779, acc: 0.7108
loss: 0.6846, acc: 0.7093
loss: 0.6813, acc: 0.7111
loss: 0.6896, acc: 0.7088
loss: 0.6875, acc: 0.7091
loss: 0.6901, acc: 0.7113
loss: 0.6903, acc: 0.7122
loss: 0.6958, acc: 0.7086
loss: 0.6964, acc: 0.7078
loss: 0.6906, acc: 0.7103
loss: 0.6915, acc: 0.7104
loss: 0.6902, acc: 0.7102
loss: 0.6947, acc: 0.7069
> val_acc: 0.6884, val_f1: 0.4635
>> saved: state_dict/gc_ian_restaurant_val_acc0.6884
>>>>>>>>>>>>>>>>>>>>>>>>>>>>>>>>>>>>>>>>>>>>>>>>>>>>>>>>>>>>>>>>>>>>>>>>>>>>>>>>>>>>>>>>>>>>>>>>>>>>
epoch: 4
loss: 0.6639, acc: 0.6771
loss: 0.6706, acc: 0.7109
loss: 0.6656, acc: 0.7139
loss: 0.6682, acc: 0.7257
loss: 0.6617, acc: 0.7323
loss: 0.6562, acc: 0.7422
loss: 0.6397, acc: 0.7509
loss: 0.6334, acc: 0.7525
loss: 0.6405, acc: 0.7449
loss: 0.6502, acc: 0.7402
loss: 0.6498, acc: 0.7388
loss: 0.6568, acc: 0.7338
loss: 0.6585, acc: 0.7297
loss: 0.6643, acc: 0.7279
loss: 0.6690, acc: 0.7273
loss: 0.6666, acc: 0.7260
loss: 0.6582, acc: 0.7289
loss: 0.6547, acc: 0.7308
loss: 0.6553, acc: 0.7308
loss: 0.6598, acc: 0.7286
loss: 0.6665, acc: 0.7242
loss: 0.6712, acc: 0.7216
loss: 0.6688, acc: 0.7223
> val_acc: 0.6786, val_f1: 0.4619
>>>>>>>>>>>>>>>>>>>>>>>>>>>>>>>>>>>>>>>>>>>>>>>>>>>>>>>>>>>>>>>>>>>>>>>>>>>>>>>>>>>>>>>>>>>>>>>>>>>>
epoch: 5
loss: 0.6003, acc: 0.7688
loss: 0.5935, acc: 0.7688
loss: 0.5791, acc: 0.7667
loss: 0.6036, acc: 0.7547
loss: 0.5872, acc: 0.7662
loss: 0.5972, acc: 0.7562
loss: 0.6184, acc: 0.7491
loss: 0.6225, acc: 0.7500
loss: 0.6158, acc: 0.7556
loss: 0.6187, acc: 0.7525
loss: 0.6322, acc: 0.7466
loss: 0.6329, acc: 0.7458
loss: 0.6341, acc: 0.7418
loss: 0.6296, acc: 0.7442
loss: 0.6305, acc: 0.7429
loss: 0.6353, acc: 0.7391
loss: 0.6321, acc: 0.7401
loss: 0.6356, acc: 0.7375
loss: 0.6370, acc: 0.7385
loss: 0.6389, acc: 0.7372
loss: 0.6380, acc: 0.7375
loss: 0.6433, acc: 0.7349
> val_acc: 0.6750, val_f1: 0.5372
>>>>>>>>>>>>>>>>>>>>>>>>>>>>>>>>>>>>>>>>>>>>>>>>>>>>>>>>>>>>>>>>>>>>>>>>>>>>>>>>>>>>>>>>>>>>>>>>>>>>
epoch: 6
loss: 0.5355, acc: 0.7969
loss: 0.5140, acc: 0.8036
loss: 0.5380, acc: 0.7865
loss: 0.5610, acc: 0.7812
loss: 0.5695, acc: 0.7727
loss: 0.5678, acc: 0.7720
loss: 0.5762, acc: 0.7686
loss: 0.5732, acc: 0.7720
loss: 0.5932, acc: 0.7656
loss: 0.5942, acc: 0.7593
loss: 0.5935, acc: 0.7584
loss: 0.5855, acc: 0.7643
loss: 0.5888, acc: 0.7626
loss: 0.5878, acc: 0.7621
loss: 0.5842, acc: 0.7648
loss: 0.5873, acc: 0.7646
loss: 0.5887, acc: 0.7637
loss: 0.5859, acc: 0.7662
loss: 0.5861, acc: 0.7670
loss: 0.5910, acc: 0.7626
loss: 0.5884, acc: 0.7656
loss: 0.5924, acc: 0.7637
loss: 0.5992, acc: 0.7620
> val_acc: 0.6813, val_f1: 0.5217
>>>>>>>>>>>>>>>>>>>>>>>>>>>>>>>>>>>>>>>>>>>>>>>>>>>>>>>>>>>>>>>>>>>>>>>>>>>>>>>>>>>>>>>>>>>>>>>>>>>>
epoch: 7
loss: 0.5532, acc: 0.7969
loss: 0.6114, acc: 0.7743
loss: 0.5854, acc: 0.7746
loss: 0.5936, acc: 0.7648
loss: 0.5681, acc: 0.7812
loss: 0.5697, acc: 0.7812
loss: 0.5587, acc: 0.7868
loss: 0.5646, acc: 0.7780
loss: 0.5780, acc: 0.7713
loss: 0.5820, acc: 0.7691
loss: 0.5826, acc: 0.7685
loss: 0.5895, acc: 0.7664
loss: 0.5893, acc: 0.7671
loss: 0.5958, acc: 0.7627
loss: 0.6010, acc: 0.7597
loss: 0.5997, acc: 0.7607
loss: 0.6025, acc: 0.7597
loss: 0.6036, acc: 0.7567
loss: 0.6024, acc: 0.7570
loss: 0.6087, acc: 0.7554
loss: 0.6107, acc: 0.7545
loss: 0.6079, acc: 0.7543
> val_acc: 0.6759, val_f1: 0.4733
>>>>>>>>>>>>>>>>>>>>>>>>>>>>>>>>>>>>>>>>>>>>>>>>>>>>>>>>>>>>>>>>>>>>>>>>>>>>>>>>>>>>>>>>>>>>>>>>>>>>
epoch: 8
loss: 0.6099, acc: 0.6875
loss: 0.5909, acc: 0.7396
loss: 0.5695, acc: 0.7557
loss: 0.5686, acc: 0.7617
loss: 0.5789, acc: 0.7574
loss: 0.5661, acc: 0.7620
loss: 0.5640, acc: 0.7661
loss: 0.5696, acc: 0.7700
loss: 0.5773, acc: 0.7645
loss: 0.5785, acc: 0.7663
loss: 0.5807, acc: 0.7641
loss: 0.5937, acc: 0.7578
loss: 0.5962, acc: 0.7577
loss: 0.5926, acc: 0.7580
loss: 0.5965, acc: 0.7544
loss: 0.5983, acc: 0.7516
loss: 0.5959, acc: 0.7535
loss: 0.5922, acc: 0.7544
loss: 0.5925, acc: 0.7538
loss: 0.5947, acc: 0.7526
loss: 0.5917, acc: 0.7546
loss: 0.5934, acc: 0.7547
loss: 0.5917, acc: 0.7559
> val_acc: 0.6741, val_f1: 0.4624
>>>>>>>>>>>>>>>>>>>>>>>>>>>>>>>>>>>>>>>>>>>>>>>>>>>>>>>>>>>>>>>>>>>>>>>>>>>>>>>>>>>>>>>>>>>>>>>>>>>>
epoch: 9
loss: 0.5621, acc: 0.7500
loss: 0.5811, acc: 0.7656
loss: 0.5904, acc: 0.7596
loss: 0.5690, acc: 0.7674
loss: 0.5527, acc: 0.7812
loss: 0.5511, acc: 0.7757
loss: 0.5462, acc: 0.7803
loss: 0.5605, acc: 0.7722
loss: 0.5643, acc: 0.7718
loss: 0.5617, acc: 0.7747
loss: 0.5593, acc: 0.7759
loss: 0.5542, acc: 0.7769
loss: 0.5510, acc: 0.7748
loss: 0.5573, acc: 0.7739
loss: 0.5619, acc: 0.7723
loss: 0.5617, acc: 0.7712
loss: 0.5553, acc: 0.7737
loss: 0.5564, acc: 0.7731
loss: 0.5551, acc: 0.7742
loss: 0.5569, acc: 0.7733
loss: 0.5588, acc: 0.7725
loss: 0.5606, acc: 0.7700
loss: 0.5628, acc: 0.7697
> val_acc: 0.6241, val_f1: 0.4919
>>>>>>>>>>>>>>>>>>>>>>>>>>>>>>>>>>>>>>>>>>>>>>>>>>>>>>>>>>>>>>>>>>>>>>>>>>>>>>>>>>>>>>>>>>>>>>>>>>>>
epoch: 10
loss: 0.5347, acc: 0.7812
loss: 0.5387, acc: 0.7750
loss: 0.5382, acc: 0.7729
loss: 0.5458, acc: 0.7750
loss: 0.5420, acc: 0.7788
loss: 0.5504, acc: 0.7792
loss: 0.5575, acc: 0.7786
loss: 0.5534, acc: 0.7750
loss: 0.5451, acc: 0.7743
loss: 0.5487, acc: 0.7731
loss: 0.5387, acc: 0.7812
loss: 0.5392, acc: 0.7823
loss: 0.5394, acc: 0.7803
loss: 0.5412, acc: 0.7812
loss: 0.5364, acc: 0.7846
loss: 0.5398, acc: 0.7828
loss: 0.5396, acc: 0.7842
loss: 0.5440, acc: 0.7809
loss: 0.5483, acc: 0.7783
loss: 0.5481, acc: 0.7772
loss: 0.5522, acc: 0.7753
loss: 0.5543, acc: 0.7747
> val_acc: 0.6643, val_f1: 0.5097
>>>>>>>>>>>>>>>>>>>>>>>>>>>>>>>>>>>>>>>>>>>>>>>>>>>>>>>>>>>>>>>>>>>>>>>>>>>>>>>>>>>>>>>>>>>>>>>>>>>>
epoch: 11
loss: 0.5068, acc: 0.7969
loss: 0.4922, acc: 0.7812
loss: 0.5063, acc: 0.7865
loss: 0.4969, acc: 0.7978
loss: 0.5252, acc: 0.7827
loss: 0.5143, acc: 0.7824
loss: 0.4975, acc: 0.7910
loss: 0.4991, acc: 0.7922
loss: 0.4913, acc: 0.7961
loss: 0.4950, acc: 0.7959
loss: 0.5052, acc: 0.7885
loss: 0.5219, acc: 0.7840
loss: 0.5270, acc: 0.7828
loss: 0.5245, acc: 0.7850
loss: 0.5256, acc: 0.7843
loss: 0.5227, acc: 0.7849
loss: 0.5217, acc: 0.7866
loss: 0.5262, acc: 0.7827
loss: 0.5287, acc: 0.7816
loss: 0.5304, acc: 0.7803
loss: 0.5310, acc: 0.7797
loss: 0.5344, acc: 0.7780
loss: 0.5319, acc: 0.7790
> val_acc: 0.6089, val_f1: 0.4975
>>>>>>>>>>>>>>>>>>>>>>>>>>>>>>>>>>>>>>>>>>>>>>>>>>>>>>>>>>>>>>>>>>>>>>>>>>>>>>>>>>>>>>>>>>>>>>>>>>>>
epoch: 12
loss: 0.5144, acc: 0.7734
loss: 0.4963, acc: 0.7847
loss: 0.5153, acc: 0.7723
loss: 0.5116, acc: 0.7796
loss: 0.4926, acc: 0.7891
loss: 0.4975, acc: 0.7888
loss: 0.4872, acc: 0.7895
loss: 0.4927, acc: 0.7845
loss: 0.4984, acc: 0.7855
loss: 0.4962, acc: 0.7864
loss: 0.4958, acc: 0.7917
loss: 0.4978, acc: 0.7918
loss: 0.5006, acc: 0.7915
loss: 0.5048, acc: 0.7867
loss: 0.5022, acc: 0.7872
loss: 0.4995, acc: 0.7896
loss: 0.5012, acc: 0.7887
loss: 0.5066, acc: 0.7858
loss: 0.5097, acc: 0.7862
loss: 0.5125, acc: 0.7857
loss: 0.5118, acc: 0.7870
loss: 0.5145, acc: 0.7853
> val_acc: 0.6357, val_f1: 0.4935
>>>>>>>>>>>>>>>>>>>>>>>>>>>>>>>>>>>>>>>>>>>>>>>>>>>>>>>>>>>>>>>>>>>>>>>>>>>>>>>>>>>>>>>>>>>>>>>>>>>>
epoch: 13
loss: 0.3277, acc: 0.9375
loss: 0.5045, acc: 0.8177
loss: 0.4764, acc: 0.8352
loss: 0.4797, acc: 0.8184
loss: 0.4664, acc: 0.8214
loss: 0.4587, acc: 0.8257
loss: 0.4607, acc: 0.8246
loss: 0.4584, acc: 0.8238
loss: 0.4641, acc: 0.8201
loss: 0.4672, acc: 0.8186
loss: 0.4622, acc: 0.8217
loss: 0.4602, acc: 0.8209
loss: 0.4635, acc: 0.8212
loss: 0.4685, acc: 0.8210
loss: 0.4713, acc: 0.8204
loss: 0.4762, acc: 0.8158
loss: 0.4770, acc: 0.8156
loss: 0.4791, acc: 0.8143
loss: 0.4788, acc: 0.8128
loss: 0.4800, acc: 0.8135
loss: 0.4800, acc: 0.8131
loss: 0.4848, acc: 0.8101
loss: 0.4842, acc: 0.8083
> val_acc: 0.6375, val_f1: 0.5130
>>>>>>>>>>>>>>>>>>>>>>>>>>>>>>>>>>>>>>>>>>>>>>>>>>>>>>>>>>>>>>>>>>>>>>>>>>>>>>>>>>>>>>>>>>>>>>>>>>>>
epoch: 14
loss: 0.5184, acc: 0.8021
loss: 0.4345, acc: 0.8281
loss: 0.4153, acc: 0.8510
loss: 0.4268, acc: 0.8490
loss: 0.4347, acc: 0.8356
loss: 0.4372, acc: 0.8259
loss: 0.4395, acc: 0.8267
loss: 0.4402, acc: 0.8265
loss: 0.4379, acc: 0.8256
loss: 0.4441, acc: 0.8242
loss: 0.4424, acc: 0.8225
loss: 0.4441, acc: 0.8217
loss: 0.4481, acc: 0.8219
loss: 0.4472, acc: 0.8249
loss: 0.4511, acc: 0.8202
loss: 0.4623, acc: 0.8125
loss: 0.4631, acc: 0.8136
loss: 0.4631, acc: 0.8121
loss: 0.4631, acc: 0.8105
loss: 0.4667, acc: 0.8096
loss: 0.4670, acc: 0.8098
loss: 0.4642, acc: 0.8116
loss: 0.4645, acc: 0.8113
> val_acc: 0.6491, val_f1: 0.4914
>>>>>>>>>>>>>>>>>>>>>>>>>>>>>>>>>>>>>>>>>>>>>>>>>>>>>>>>>>>>>>>>>>>>>>>>>>>>>>>>>>>>>>>>>>>>>>>>>>>>
epoch: 15
loss: 0.3663, acc: 0.8812
loss: 0.4383, acc: 0.8406
loss: 0.4310, acc: 0.8417
loss: 0.4137, acc: 0.8453
loss: 0.4276, acc: 0.8325
loss: 0.4280, acc: 0.8365
loss: 0.4272, acc: 0.8375
loss: 0.4337, acc: 0.8344
loss: 0.4256, acc: 0.8382
loss: 0.4315, acc: 0.8344
loss: 0.4311, acc: 0.8352
loss: 0.4323, acc: 0.8349
loss: 0.4283, acc: 0.8351
loss: 0.4286, acc: 0.8362
loss: 0.4324, acc: 0.8342
loss: 0.4356, acc: 0.8309
loss: 0.4343, acc: 0.8309
loss: 0.4314, acc: 0.8344
loss: 0.4328, acc: 0.8355
loss: 0.4339, acc: 0.8341
loss: 0.4358, acc: 0.8339
loss: 0.4406, acc: 0.8313
> val_acc: 0.6250, val_f1: 0.5047
>>>>>>>>>>>>>>>>>>>>>>>>>>>>>>>>>>>>>>>>>>>>>>>>>>>>>>>>>>>>>>>>>>>>>>>>>>>>>>>>>>>>>>>>>>>>>>>>>>>>
epoch: 16
loss: 0.3948, acc: 0.8906
loss: 0.4034, acc: 0.8661
loss: 0.3975, acc: 0.8594
loss: 0.4114, acc: 0.8419
loss: 0.4269, acc: 0.8409
loss: 0.4357, acc: 0.8356
loss: 0.4187, acc: 0.8369
loss: 0.4178, acc: 0.8378
loss: 0.4279, acc: 0.8356
loss: 0.4405, acc: 0.8285
loss: 0.4418, acc: 0.8257
loss: 0.4432, acc: 0.8273
loss: 0.4420, acc: 0.8271
loss: 0.4477, acc: 0.8214
loss: 0.4441, acc: 0.8238
loss: 0.4444, acc: 0.8247
loss: 0.4481, acc: 0.8224
loss: 0.4486, acc: 0.8229
loss: 0.4440, acc: 0.8251
loss: 0.4423, acc: 0.8260
loss: 0.4436, acc: 0.8251
loss: 0.4464, acc: 0.8242
loss: 0.4487, acc: 0.8234
> val_acc: 0.6036, val_f1: 0.5097
>>>>>>>>>>>>>>>>>>>>>>>>>>>>>>>>>>>>>>>>>>>>>>>>>>>>>>>>>>>>>>>>>>>>>>>>>>>>>>>>>>>>>>>>>>>>>>>>>>>>
epoch: 17
loss: 0.3256, acc: 0.8672
loss: 0.3705, acc: 0.8611
loss: 0.4162, acc: 0.8460
loss: 0.4131, acc: 0.8421
loss: 0.4272, acc: 0.8346
loss: 0.4173, acc: 0.8394
loss: 0.4151, acc: 0.8373
loss: 0.4037, acc: 0.8389
loss: 0.4077, acc: 0.8395
loss: 0.4137, acc: 0.8380
loss: 0.4122, acc: 0.8397
loss: 0.4208, acc: 0.8347
loss: 0.4237, acc: 0.8354
loss: 0.4247, acc: 0.8351
loss: 0.4193, acc: 0.8374
loss: 0.4232, acc: 0.8358
loss: 0.4246, acc: 0.8344
loss: 0.4303, acc: 0.8315
loss: 0.4299, acc: 0.8314
loss: 0.4291, acc: 0.8327
loss: 0.4274, acc: 0.8326
loss: 0.4264, acc: 0.8329
> val_acc: 0.6411, val_f1: 0.4694
>>>>>>>>>>>>>>>>>>>>>>>>>>>>>>>>>>>>>>>>>>>>>>>>>>>>>>>>>>>>>>>>>>>>>>>>>>>>>>>>>>>>>>>>>>>>>>>>>>>>
epoch: 18
loss: 0.5439, acc: 0.7812
loss: 0.4507, acc: 0.8229
loss: 0.4314, acc: 0.8381
loss: 0.4103, acc: 0.8457
loss: 0.4235, acc: 0.8408
loss: 0.4123, acc: 0.8438
loss: 0.4013, acc: 0.8468
loss: 0.3929, acc: 0.8516
loss: 0.3901, acc: 0.8521
loss: 0.3920, acc: 0.8526
loss: 0.3900, acc: 0.8523
loss: 0.3893, acc: 0.8527
loss: 0.3946, acc: 0.8509
loss: 0.4007, acc: 0.8485
loss: 0.3998, acc: 0.8464
loss: 0.3996, acc: 0.8442
loss: 0.4016, acc: 0.8438
loss: 0.4031, acc: 0.8448
loss: 0.4070, acc: 0.8431
loss: 0.4046, acc: 0.8447
loss: 0.4051, acc: 0.8434
loss: 0.4055, acc: 0.8426
loss: 0.4058, acc: 0.8432
> val_acc: 0.6598, val_f1: 0.4644
>>>>>>>>>>>>>>>>>>>>>>>>>>>>>>>>>>>>>>>>>>>>>>>>>>>>>>>>>>>>>>>>>>>>>>>>>>>>>>>>>>>>>>>>>>>>>>>>>>>>
epoch: 19
loss: 0.5293, acc: 0.8229
loss: 0.4050, acc: 0.8594
loss: 0.4283, acc: 0.8413
loss: 0.4339, acc: 0.8316
loss: 0.4351, acc: 0.8315
loss: 0.4156, acc: 0.8382
loss: 0.4088, acc: 0.8419
loss: 0.4061, acc: 0.8446
loss: 0.4050, acc: 0.8467
loss: 0.4020, acc: 0.8483
loss: 0.4046, acc: 0.8479
loss: 0.4052, acc: 0.8454
loss: 0.4067, acc: 0.8447
loss: 0.4128, acc: 0.8415
loss: 0.4107, acc: 0.8403
loss: 0.4114, acc: 0.8417
loss: 0.4073, acc: 0.8441
loss: 0.4066, acc: 0.8413
loss: 0.4113, acc: 0.8387
loss: 0.4106, acc: 0.8383
loss: 0.4133, acc: 0.8380
loss: 0.4111, acc: 0.8391
loss: 0.4135, acc: 0.8370
> val_acc: 0.6420, val_f1: 0.4649
>>>>>>>>>>>>>>>>>>>>>>>>>>>>>>>>>>>>>>>>>>>>>>>>>>>>>>>>>>>>>>>>>>>>>>>>>>>>>>>>>>>>>>>>>>>>>>>>>>>>
epoch: 20
loss: 0.4456, acc: 0.8625
loss: 0.3850, acc: 0.8812
loss: 0.3657, acc: 0.8812
loss: 0.3724, acc: 0.8797
loss: 0.3981, acc: 0.8688
loss: 0.3788, acc: 0.8740
loss: 0.3717, acc: 0.8741
loss: 0.3703, acc: 0.8727
loss: 0.3579, acc: 0.8771
loss: 0.3624, acc: 0.8744
loss: 0.3644, acc: 0.8716
loss: 0.3681, acc: 0.8688
loss: 0.3819, acc: 0.8615
loss: 0.3912, acc: 0.8594
loss: 0.3918, acc: 0.8592
loss: 0.3906, acc: 0.8598
loss: 0.3937, acc: 0.8566
loss: 0.3928, acc: 0.8566
loss: 0.3913, acc: 0.8549
loss: 0.3957, acc: 0.8522
loss: 0.3968, acc: 0.8527
loss: 0.3985, acc: 0.8526
> val_acc: 0.6616, val_f1: 0.4594
>>>>>>>>>>>>>>>>>>>>>>>>>>>>>>>>>>>>>>>>>>>>>>>>>>>>>>>>>>>>>>>>>>>>>>>>>>>>>>>>>>>>>>>>>>>>>>>>>>>>
epoch: 21
loss: 0.4428, acc: 0.8281
loss: 0.3530, acc: 0.8705
loss: 0.3475, acc: 0.8698
loss: 0.3765, acc: 0.8529
loss: 0.3647, acc: 0.8636
loss: 0.3702, acc: 0.8600
loss: 0.3756, acc: 0.8555
loss: 0.3714, acc: 0.8581
loss: 0.3754, acc: 0.8571
loss: 0.3720, acc: 0.8604
loss: 0.3808, acc: 0.8576
loss: 0.3763, acc: 0.8586
loss: 0.3707, acc: 0.8639
loss: 0.3825, acc: 0.8573
loss: 0.3798, acc: 0.8568
loss: 0.3767, acc: 0.8575
loss: 0.3800, acc: 0.8544
loss: 0.3809, acc: 0.8538
loss: 0.3836, acc: 0.8522
loss: 0.3792, acc: 0.8544
loss: 0.3801, acc: 0.8532
loss: 0.3792, acc: 0.8528
loss: 0.3847, acc: 0.8510
> val_acc: 0.5929, val_f1: 0.4873
>>>>>>>>>>>>>>>>>>>>>>>>>>>>>>>>>>>>>>>>>>>>>>>>>>>>>>>>>>>>>>>>>>>>>>>>>>>>>>>>>>>>>>>>>>>>>>>>>>>>
epoch: 22
loss: 0.3123, acc: 0.8984
loss: 0.2964, acc: 0.8958
loss: 0.3303, acc: 0.8884
loss: 0.3079, acc: 0.8997
loss: 0.3134, acc: 0.8945
loss: 0.3302, acc: 0.8879
loss: 0.3383, acc: 0.8824
loss: 0.3414, acc: 0.8790
loss: 0.3472, acc: 0.8736
loss: 0.3451, acc: 0.8705
loss: 0.3532, acc: 0.8704
loss: 0.3521, acc: 0.8702
loss: 0.3523, acc: 0.8691
loss: 0.3523, acc: 0.8691
loss: 0.3563, acc: 0.8657
loss: 0.3623, acc: 0.8631
loss: 0.3601, acc: 0.8635
loss: 0.3660, acc: 0.8617
loss: 0.3685, acc: 0.8607
loss: 0.3747, acc: 0.8573
loss: 0.3731, acc: 0.8576
loss: 0.3749, acc: 0.8567
> val_acc: 0.6098, val_f1: 0.4682
>>>>>>>>>>>>>>>>>>>>>>>>>>>>>>>>>>>>>>>>>>>>>>>>>>>>>>>>>>>>>>>>>>>>>>>>>>>>>>>>>>>>>>>>>>>>>>>>>>>>
epoch: 23
loss: 0.2155, acc: 0.9688
loss: 0.2763, acc: 0.9167
loss: 0.2944, acc: 0.9091
loss: 0.3179, acc: 0.8984
loss: 0.3200, acc: 0.8914
loss: 0.3173, acc: 0.8966
loss: 0.3230, acc: 0.8911
loss: 0.3297, acc: 0.8854
loss: 0.3330, acc: 0.8834
loss: 0.3379, acc: 0.8845
loss: 0.3425, acc: 0.8830
loss: 0.3405, acc: 0.8834
loss: 0.3416, acc: 0.8822
loss: 0.3436, acc: 0.8807
loss: 0.3434, acc: 0.8781
loss: 0.3453, acc: 0.8783
loss: 0.3477, acc: 0.8762
loss: 0.3458, acc: 0.8757
loss: 0.3440, acc: 0.8771
loss: 0.3486, acc: 0.8763
loss: 0.3508, acc: 0.8735
loss: 0.3551, acc: 0.8715
loss: 0.3588, acc: 0.8702
> val_acc: 0.6045, val_f1: 0.4737
>>>>>>>>>>>>>>>>>>>>>>>>>>>>>>>>>>>>>>>>>>>>>>>>>>>>>>>>>>>>>>>>>>>>>>>>>>>>>>>>>>>>>>>>>>>>>>>>>>>>
epoch: 24
loss: 0.3299, acc: 0.8750
loss: 0.3151, acc: 0.8789
loss: 0.2977, acc: 0.8846
loss: 0.2928, acc: 0.8837
loss: 0.3242, acc: 0.8723
loss: 0.3393, acc: 0.8694
loss: 0.3281, acc: 0.8778
loss: 0.3346, acc: 0.8758
loss: 0.3400, acc: 0.8735
loss: 0.3494, acc: 0.8685
loss: 0.3517, acc: 0.8685
loss: 0.3476, acc: 0.8691
loss: 0.3457, acc: 0.8710
loss: 0.3413, acc: 0.8732
loss: 0.3449, acc: 0.8711
loss: 0.3483, acc: 0.8682
loss: 0.3457, acc: 0.8701
loss: 0.3418, acc: 0.8711
loss: 0.3422, acc: 0.8713
loss: 0.3427, acc: 0.8709
loss: 0.3502, acc: 0.8680
loss: 0.3524, acc: 0.8675
loss: 0.3513, acc: 0.8675
> val_acc: 0.6295, val_f1: 0.4845
>>>>>>>>>>>>>>>>>>>>>>>>>>>>>>>>>>>>>>>>>>>>>>>>>>>>>>>>>>>>>>>>>>>>>>>>>>>>>>>>>>>>>>>>>>>>>>>>>>>>
epoch: 25
loss: 0.2425, acc: 0.9187
loss: 0.2381, acc: 0.9000
loss: 0.2632, acc: 0.9000
loss: 0.2806, acc: 0.8906
loss: 0.2759, acc: 0.8975
loss: 0.2898, acc: 0.8938
loss: 0.2997, acc: 0.8866
loss: 0.3173, acc: 0.8773
loss: 0.3224, acc: 0.8785
loss: 0.3244, acc: 0.8781
loss: 0.3373, acc: 0.8710
loss: 0.3394, acc: 0.8698
loss: 0.3426, acc: 0.8683
loss: 0.3428, acc: 0.8683
loss: 0.3411, acc: 0.8692
loss: 0.3411, acc: 0.8699
loss: 0.3375, acc: 0.8713
loss: 0.3318, acc: 0.8747
loss: 0.3351, acc: 0.8727
loss: 0.3353, acc: 0.8725
loss: 0.3441, acc: 0.8693
loss: 0.3453, acc: 0.8682
> val_acc: 0.6214, val_f1: 0.4731
>>>>>>>>>>>>>>>>>>>>>>>>>>>>>>>>>>>>>>>>>>>>>>>>>>>>>>>>>>>>>>>>>>>>>>>>>>>>>>>>>>>>>>>>>>>>>>>>>>>>
epoch: 26
loss: 0.3475, acc: 0.8438
loss: 0.2888, acc: 0.9018
loss: 0.3076, acc: 0.8932
loss: 0.3334, acc: 0.8860
loss: 0.3357, acc: 0.8835
loss: 0.3272, acc: 0.8866
loss: 0.3298, acc: 0.8887
loss: 0.3227, acc: 0.8885
loss: 0.3221, acc: 0.8862
loss: 0.3164, acc: 0.8870
loss: 0.3161, acc: 0.8846
loss: 0.3140, acc: 0.8854
loss: 0.3176, acc: 0.8836
loss: 0.3213, acc: 0.8825
loss: 0.3216, acc: 0.8806
loss: 0.3261, acc: 0.8791
loss: 0.3234, acc: 0.8803
loss: 0.3209, acc: 0.8800
loss: 0.3192, acc: 0.8798
loss: 0.3223, acc: 0.8792
loss: 0.3249, acc: 0.8784
loss: 0.3251, acc: 0.8773
loss: 0.3246, acc: 0.8772
> val_acc: 0.6312, val_f1: 0.4609
>>>>>>>>>>>>>>>>>>>>>>>>>>>>>>>>>>>>>>>>>>>>>>>>>>>>>>>>>>>>>>>>>>>>>>>>>>>>>>>>>>>>>>>>>>>>>>>>>>>>
epoch: 27
loss: 0.2674, acc: 0.9062
loss: 0.2980, acc: 0.8924
loss: 0.2679, acc: 0.9107
loss: 0.2495, acc: 0.9194
loss: 0.2560, acc: 0.9141
loss: 0.2683, acc: 0.9073
loss: 0.2749, acc: 0.9062
loss: 0.2767, acc: 0.9062
loss: 0.2815, acc: 0.9020
loss: 0.2794, acc: 0.9031
loss: 0.2851, acc: 0.9005
loss: 0.2894, acc: 0.8988
loss: 0.3048, acc: 0.8931
loss: 0.3057, acc: 0.8909
loss: 0.3085, acc: 0.8889
loss: 0.3093, acc: 0.8877
loss: 0.3148, acc: 0.8854
loss: 0.3180, acc: 0.8831
loss: 0.3162, acc: 0.8840
loss: 0.3168, acc: 0.8835
loss: 0.3151, acc: 0.8834
loss: 0.3156, acc: 0.8833
> val_acc: 0.6009, val_f1: 0.4705
>>>>>>>>>>>>>>>>>>>>>>>>>>>>>>>>>>>>>>>>>>>>>>>>>>>>>>>>>>>>>>>>>>>>>>>>>>>>>>>>>>>>>>>>>>>>>>>>>>>>
epoch: 28
loss: 0.1901, acc: 0.9688
loss: 0.2346, acc: 0.9062
loss: 0.2217, acc: 0.9176
loss: 0.2271, acc: 0.9141
loss: 0.2758, acc: 0.8884
loss: 0.2788, acc: 0.8870
loss: 0.2837, acc: 0.8841
loss: 0.2851, acc: 0.8854
loss: 0.2901, acc: 0.8841
loss: 0.2864, acc: 0.8845
loss: 0.2859, acc: 0.8848
loss: 0.2934, acc: 0.8811
loss: 0.2896, acc: 0.8837
loss: 0.2938, acc: 0.8816
loss: 0.2911, acc: 0.8834
loss: 0.2908, acc: 0.8840
loss: 0.2925, acc: 0.8839
loss: 0.2971, acc: 0.8819
loss: 0.2965, acc: 0.8812
loss: 0.2971, acc: 0.8815
loss: 0.2975, acc: 0.8806
loss: 0.3015, acc: 0.8791
loss: 0.3032, acc: 0.8789
> val_acc: 0.6045, val_f1: 0.4686
>>>>>>>>>>>>>>>>>>>>>>>>>>>>>>>>>>>>>>>>>>>>>>>>>>>>>>>>>>>>>>>>>>>>>>>>>>>>>>>>>>>>>>>>>>>>>>>>>>>>
epoch: 29
loss: 0.1766, acc: 0.9583
loss: 0.2659, acc: 0.9141
loss: 0.2652, acc: 0.9087
loss: 0.2850, acc: 0.8976
loss: 0.2736, acc: 0.9035
loss: 0.2706, acc: 0.9029
loss: 0.2762, acc: 0.8987
loss: 0.2726, acc: 0.8988
loss: 0.2734, acc: 0.8968
loss: 0.2715, acc: 0.8984
loss: 0.2714, acc: 0.9009
loss: 0.2800, acc: 0.8992
loss: 0.2779, acc: 0.9008
loss: 0.2874, acc: 0.8975
loss: 0.2863, acc: 0.8964
loss: 0.2899, acc: 0.8946
loss: 0.2874, acc: 0.8957
loss: 0.2902, acc: 0.8945
loss: 0.2919, acc: 0.8945
loss: 0.2925, acc: 0.8929
loss: 0.2899, acc: 0.8938
loss: 0.2883, acc: 0.8944
loss: 0.2855, acc: 0.8958
> val_acc: 0.6411, val_f1: 0.4605
>> test_acc: 0.6884, test_f1: 0.4635
