cuda memory allocated: 8836608
n_trainable_params: 1766003, n_nontrainable_params: 441200
> training arguments:
>>> model_name: gc_ian
>>> model_ver: 2
>>> dataset: restaurant
>>> optimizer: <class 'torch.optim.adagrad.Adagrad'>
>>> initializer: <function xavier_uniform_ at 0x000001D6F1BC76A8>
>>> learning_rate: 0.01
>>> momentum: 0.95
>>> dropout: 0.5
>>> l2reg: 5e-05
>>> num_epoch: 30
>>> batch_size: 32
>>> log_step: 5
>>> embed_dim: 100
>>> hidden_dim: 300
>>> bert_dim: 768
>>> pretrained_bert_name: bert-base-uncased
>>> embeddings: d
>>> max_seq_len: 80
>>> polarities_dim: 3
>>> hops: 3
>>> device: cuda
>>> seed: 10
>>> valset_ratio: 0
>>> num_layers: 1
>>> in_channels: 100
>>> out_channels: 1
>>> downbot: 20
>>> kernel_size: 3
>>> glove_path: ./embeddings/glove.840B.300d.txt
>>> embedding_matrix_path: gen_data/embeddings/100_restaurant_domain_embedding_matrix.dat
>>> model_class: <class 'models.gc_ian.GC_IAN2'>
>>> dataset_file: {'train': './datasets/semeval14/Restaurants_Train.xml.seg', 'test': './datasets/semeval14/Restaurants_Test_Gold.xml.seg'}
>>> inputs_cols: ['text_raw_indices', 'aspect_indices']
>>>>>>>>>>>>>>>>>>>>>>>>>>>>>>>>>>>>>>>>>>>>>>>>>>>>>>>>>>>>>>>>>>>>>>>>>>>>>>>>>>>>>>>>>>>>>>>>>>>>
epoch: 0
loss: 1.1840, acc: 0.5125
loss: 1.0639, acc: 0.5563
loss: 1.0079, acc: 0.5792
loss: 0.9713, acc: 0.5938
loss: 0.9302, acc: 0.6075
loss: 0.9054, acc: 0.6219
loss: 0.8904, acc: 0.6330
loss: 0.8714, acc: 0.6391
loss: 0.8586, acc: 0.6424
loss: 0.8450, acc: 0.6456
loss: 0.8335, acc: 0.6511
loss: 0.8227, acc: 0.6573
loss: 0.8138, acc: 0.6615
loss: 0.8140, acc: 0.6589
loss: 0.8092, acc: 0.6617
loss: 0.8055, acc: 0.6641
loss: 0.7990, acc: 0.6654
loss: 0.7881, acc: 0.6705
loss: 0.7857, acc: 0.6724
loss: 0.7819, acc: 0.6744
loss: 0.7753, acc: 0.6762
loss: 0.7729, acc: 0.6767
> val_acc: 0.7759, val_f1: 0.6001
>> saved: state_dict/gc_ian_restaurant_val_acc0.7759
>>>>>>>>>>>>>>>>>>>>>>>>>>>>>>>>>>>>>>>>>>>>>>>>>>>>>>>>>>>>>>>>>>>>>>>>>>>>>>>>>>>>>>>>>>>>>>>>>>>>
epoch: 1
loss: 0.5872, acc: 0.7344
cuda memory allocated: 19891200
n_trainable_params: 3206003, n_nontrainable_params: 1764800
> training arguments:
>>> model_name: gc_ian
>>> model_ver: 2
>>> dataset: restaurant
>>> optimizer: <class 'torch.optim.adagrad.Adagrad'>
>>> initializer: <function xavier_uniform_ at 0x000001C37ACD76A8>
>>> learning_rate: 0.01
>>> momentum: 0.95
>>> dropout: 0.5
>>> l2reg: 5e-05
>>> num_epoch: 30
>>> batch_size: 32
>>> log_step: 5
>>> embed_dim: 400
>>> hidden_dim: 300
>>> bert_dim: 768
>>> pretrained_bert_name: bert-base-uncased
>>> embeddings: gd
>>> max_seq_len: 80
>>> polarities_dim: 3
>>> hops: 3
>>> device: cuda
>>> seed: 10
>>> valset_ratio: 0
>>> num_layers: 1
>>> in_channels: 100
>>> out_channels: 1
>>> downbot: 20
>>> kernel_size: 3
>>> glove_path: ./embeddings/glove.840B.300d.txt
>>> embedding_matrix_path: gen_data/embeddings/400_restaurant_glove_domain_embedding_matrix.dat
>>> model_class: <class 'models.gc_ian.GC_IAN2'>
>>> dataset_file: {'train': './datasets/semeval14/Restaurants_Train.xml.seg', 'test': './datasets/semeval14/Restaurants_Test_Gold.xml.seg'}
>>> inputs_cols: ['text_raw_indices', 'aspect_indices']
>>>>>>>>>>>>>>>>>>>>>>>>>>>>>>>>>>>>>>>>>>>>>>>>>>>>>>>>>>>>>>>>>>>>>>>>>>>>>>>>>>>>>>>>>>>>>>>>>>>>
epoch: 0
loss: 0.5774, acc: 0.7768
loss: 0.6292, acc: 0.7448
loss: 0.6036, acc: 0.7518
loss: 0.6033, acc: 0.7528
loss: 0.5889, acc: 0.7639
loss: 0.5905, acc: 0.7559
loss: 0.5850, acc: 0.7601
loss: 2.4088, acc: 0.4500
loss: 0.5813, acc: 0.7656
loss: 0.5752, acc: 0.7693
loss: 1.8104, acc: 0.4750
loss: 0.5710, acc: 0.7746
loss: 0.5733, acc: 0.7736
loss: 1.6367, acc: 0.4896
loss: 0.5720, acc: 0.7762
loss: 0.5660, acc: 0.7817
loss: 1.4848, acc: 0.5031
loss: 0.5715, acc: 0.7791
loss: 1.3646, acc: 0.5200
loss: 0.5703, acc: 0.7804
loss: 0.5699, acc: 0.7793
loss: 1.2790, acc: 0.5302
loss: 0.5714, acc: 0.7773
loss: 0.5702, acc: 0.7748
loss: 1.2358, acc: 0.5464
loss: 0.5678, acc: 0.7755
loss: 1.1995, acc: 0.5469
loss: 0.5695, acc: 0.7745
loss: 0.5684, acc: 0.7742
loss: 1.1567, acc: 0.5583
loss: 0.5668, acc: 0.7748
loss: 1.1235, acc: 0.5644
loss: 1.1025, acc: 0.5670
> val_acc: 0.8018, val_f1: 0.6826
>> saved: state_dict/gc_ian_restaurant_val_acc0.8018
>>>>>>>>>>>>>>>>>>>>>>>>>>>>>>>>>>>>>>>>>>>>>>>>>>>>>>>>>>>>>>>>>>>>>>>>>>>>>>>>>>>>>>>>>>>>>>>>>>>>
epoch: 2
loss: 0.6050, acc: 0.7188
loss: 1.0716, acc: 0.5755
loss: 0.5676, acc: 0.7812
loss: 0.5500, acc: 0.7902
loss: 1.0511, acc: 0.5788
loss: 0.5265, acc: 0.8043
loss: 1.0242, acc: 0.5911
loss: 0.5301, acc: 0.8021
loss: 0.5117, acc: 0.8082
loss: 1.0041, acc: 0.5988
loss: 0.5054, acc: 0.8088
loss: 0.5213, acc: 0.8061
loss: 0.9883, acc: 0.6043
loss: 0.5244, acc: 0.8033
loss: 0.5247, acc: 0.8042
loss: 0.9694, acc: 0.6103
loss: 0.5184, acc: 0.8084
loss: 0.9514, acc: 0.6163
loss: 0.5099, acc: 0.8109
loss: 0.5096, acc: 0.8105
loss: 0.9408, acc: 0.6201
loss: 0.5063, acc: 0.8107
loss: 0.5027, acc: 0.8121
loss: 0.9250, acc: 0.6259
loss: 0.5000, acc: 0.8141
loss: 0.5005, acc: 0.8129
loss: 0.9110, acc: 0.6315
loss: 0.4997, acc: 0.8129
loss: 0.9001, acc: 0.6364
loss: 0.5025, acc: 0.8112
loss: 0.5028, acc: 0.8103
loss: 0.5024, acc: 0.8104
loss: 0.5006, acc: 0.8108
> val_acc: 0.7580, val_f1: 0.5859
>> saved: state_dict/gc_ian_restaurant_val_acc0.758
>>>>>>>>>>>>>>>>>>>>>>>>>>>>>>>>>>>>>>>>>>>>>>>>>>>>>>>>>>>>>>>>>>>>>>>>>>>>>>>>>>>>>>>>>>>>>>>>>>>>
epoch: 1
loss: 0.4963, acc: 0.7969
> val_acc: 0.7929, val_f1: 0.6598
>>>>>>>>>>>>>>>>>>>>>>>>>>>>>>>>>>>>>>>>>>>>>>>>>>>>>>>>>>>>>>>>>>>>>>>>>>>>>>>>>>>>>>>>>>>>>>>>>>>>
epoch: 3
loss: 0.4529, acc: 0.8438
loss: 0.5279, acc: 0.8036
loss: 0.4156, acc: 0.8385
loss: 0.3991, acc: 0.8551
loss: 0.5590, acc: 0.8021
loss: 0.4173, acc: 0.8438
loss: 0.4308, acc: 0.8393
loss: 0.5619, acc: 0.7904
loss: 0.4252, acc: 0.8450
loss: 0.5666, acc: 0.7841
loss: 0.4336, acc: 0.8438
loss: 0.4335, acc: 0.8438
loss: 0.5700, acc: 0.7812
loss: 0.4308, acc: 0.8415
loss: 0.4300, acc: 0.8410
loss: 0.5748, acc: 0.7793
loss: 0.4343, acc: 0.8407
loss: 0.4371, acc: 0.8398
loss: 0.5827, acc: 0.7779
loss: 0.4393, acc: 0.8366
loss: 0.4383, acc: 0.8371
loss: 0.5861, acc: 0.7738
loss: 0.4437, acc: 0.8341
loss: 0.5769, acc: 0.7753
loss: 0.4503, acc: 0.8314
loss: 0.4527, acc: 0.8295
loss: 0.5710, acc: 0.7746
loss: 0.4505, acc: 0.8318
loss: 0.4515, acc: 0.8321
loss: 0.5673, acc: 0.7752
loss: 0.4534, acc: 0.8301
loss: 0.4528, acc: 0.8304
loss: 0.5632, acc: 0.7752
loss: 0.4509, acc: 0.8320
loss: 0.5576, acc: 0.7799
loss: 0.4513, acc: 0.8316
loss: 0.5583, acc: 0.7773
> val_acc: 0.8000, val_f1: 0.6909
>>>>>>>>>>>>>>>>>>>>>>>>>>>>>>>>>>>>>>>>>>>>>>>>>>>>>>>>>>>>>>>>>>>>>>>>>>>>>>>>>>>>>>>>>>>>>>>>>>>>
epoch: 4
loss: 0.5579, acc: 0.7788
loss: 0.5240, acc: 0.8125
loss: 0.4633, acc: 0.8203
loss: 0.5605, acc: 0.7759
loss: 0.4822, acc: 0.8053
loss: 0.4686, acc: 0.8177
loss: 0.5569, acc: 0.7780
loss: 0.4508, acc: 0.8220
loss: 0.4362, acc: 0.8315
loss: 0.5602, acc: 0.7745
loss: 0.4381, acc: 0.8295
loss: 0.4413, acc: 0.8265
loss: 0.5646, acc: 0.7719
loss: 0.4350, acc: 0.8307
loss: 0.5638, acc: 0.7711
loss: 0.4330, acc: 0.8294
loss: 0.4238, acc: 0.8349
loss: 0.5656, acc: 0.7696
loss: 0.4221, acc: 0.8357
loss: 0.4170, acc: 0.8363
loss: 0.5622, acc: 0.7701
loss: 0.4160, acc: 0.8378
loss: 0.4153, acc: 0.8378
loss: 0.4102, acc: 0.8397
loss: 0.4091, acc: 0.8400
> val_acc: 0.7786, val_f1: 0.6478
loss: 0.4109, acc: 0.8381
>> saved: state_dict/gc_ian_restaurant_val_acc0.7786
>>>>>>>>>>>>>>>>>>>>>>>>>>>>>>>>>>>>>>>>>>>>>>>>>>>>>>>>>>>>>>>>>>>>>>>>>>>>>>>>>>>>>>>>>>>>>>>>>>>>
epoch: 2
loss: 0.4079, acc: 0.8397
loss: 0.4845, acc: 0.8125
loss: 0.4070, acc: 0.8406
loss: 0.4087, acc: 0.8404
loss: 0.4596, acc: 0.8264
loss: 0.4090, acc: 0.8403
loss: 0.4923, acc: 0.8125
loss: 0.4109, acc: 0.8398
loss: 0.4855, acc: 0.8092
> val_acc: 0.8000, val_f1: 0.6808
>>>>>>>>>>>>>>>>>>>>>>>>>>>>>>>>>>>>>>>>>>>>>>>>>>>>>>>>>>>>>>>>>>>>>>>>>>>>>>>>>>>>>>>>>>>>>>>>>>>>
epoch: 5
loss: 0.4793, acc: 0.8099
loss: 0.3967, acc: 0.8500
loss: 0.4118, acc: 0.8531
loss: 0.4798, acc: 0.8125
loss: 0.3805, acc: 0.8667
loss: 0.3865, acc: 0.8641
loss: 0.4817, acc: 0.8079
loss: 0.3908, acc: 0.8575
loss: 0.3940, acc: 0.8573
loss: 0.4819, acc: 0.8085
loss: 0.3902, acc: 0.8571
loss: 0.3905, acc: 0.8586
loss: 0.4821, acc: 0.8082
loss: 0.3908, acc: 0.8597
loss: 0.3919, acc: 0.8588
loss: 0.4834, acc: 0.8068
loss: 0.3913, acc: 0.8591
loss: 0.4767, acc: 0.8125
loss: 0.3936, acc: 0.8578
loss: 0.3931, acc: 0.8562
loss: 0.4834, acc: 0.8104
loss: 0.3933, acc: 0.8554
loss: 0.3915, acc: 0.8562
loss: 0.4893, acc: 0.8096
loss: 0.3904, acc: 0.8566
loss: 0.3930, acc: 0.8562
loss: 0.4883, acc: 0.8107
loss: 0.3923, acc: 0.8559
loss: 0.3901, acc: 0.8562
loss: 0.4816, acc: 0.8138
loss: 0.3929, acc: 0.8544
loss: 0.4804, acc: 0.8133
loss: 0.3909, acc: 0.8562
loss: 0.3897, acc: 0.8568
loss: 0.4825, acc: 0.8114
loss: 0.4807, acc: 0.8118
> val_acc: 0.7955, val_f1: 0.6673
>>>>>>>>>>>>>>>>>>>>>>>>>>>>>>>>>>>>>>>>>>>>>>>>>>>>>>>>>>>>>>>>>>>>>>>>>>>>>>>>>>>>>>>>>>>>>>>>>>>>
epoch: 6
loss: 0.3610, acc: 0.8281
loss: 0.4773, acc: 0.8138
loss: 0.3380, acc: 0.8661
loss: 0.3473, acc: 0.8672
loss: 0.4736, acc: 0.8150
loss: 0.3576, acc: 0.8640
loss: 0.3536, acc: 0.8651
loss: 0.4708, acc: 0.8164
loss: 0.3493, acc: 0.8704
loss: 0.4695, acc: 0.8171
loss: 0.3522, acc: 0.8691
loss: 0.3561, acc: 0.8657
loss: 0.3542, acc: 0.8653
loss: 0.3548, acc: 0.8670
loss: 0.3526, acc: 0.8702
loss: 0.3524, acc: 0.8673
> val_acc: 0.7937, val_f1: 0.6817
>> saved: state_dict/gc_ian_restaurant_val_acc0.7937
>>>>>>>>>>>>>>>>>>>>>>>>>>>>>>>>>>>>>>>>>>>>>>>>>>>>>>>>>>>>>>>>>>>>>>>>>>>>>>>>>>>>>>>>>>>>>>>>>>>>
epoch: 3
loss: 0.3521, acc: 0.8674
loss: 0.4253, acc: 0.8750
loss: 0.3579, acc: 0.8652
loss: 0.3747, acc: 0.8542
loss: 0.3610, acc: 0.8637
loss: 0.3603, acc: 0.8640
loss: 0.3983, acc: 0.8494
loss: 0.3610, acc: 0.8632
loss: 0.3621, acc: 0.8631
loss: 0.3932, acc: 0.8496
loss: 0.3627, acc: 0.8645
loss: 0.3626, acc: 0.8650
loss: 0.4024, acc: 0.8467
loss: 0.3634, acc: 0.8643
loss: 0.3653, acc: 0.8642
loss: 0.4151, acc: 0.8462
loss: 0.3635, acc: 0.8655
loss: 0.4088, acc: 0.8448
> val_acc: 0.7812, val_f1: 0.6387
>>>>>>>>>>>>>>>>>>>>>>>>>>>>>>>>>>>>>>>>>>>>>>>>>>>>>>>>>>>>>>>>>>>>>>>>>>>>>>>>>>>>>>>>>>>>>>>>>>>>
epoch: 7
loss: 0.4126, acc: 0.8429
loss: 0.2563, acc: 0.9219
loss: 0.4091, acc: 0.8430
loss: 0.2803, acc: 0.9201
loss: 0.2691, acc: 0.9219
loss: 0.4042, acc: 0.8458
loss: 0.2833, acc: 0.9112
loss: 0.3115, acc: 0.8958
loss: 0.4002, acc: 0.8468
loss: 0.3254, acc: 0.8836
loss: 0.4056, acc: 0.8443
loss: 0.3356, acc: 0.8814
loss: 0.3357, acc: 0.8806
loss: 0.4022, acc: 0.8468
loss: 0.3365, acc: 0.8800
loss: 0.3331, acc: 0.8833
loss: 0.4085, acc: 0.8447
loss: 0.3393, acc: 0.8791
loss: 0.3376, acc: 0.8776
loss: 0.4079, acc: 0.8451
loss: 0.3373, acc: 0.8789
loss: 0.3390, acc: 0.8764
loss: 0.4094, acc: 0.8454
loss: 0.3366, acc: 0.8780
loss: 0.4073, acc: 0.8468
loss: 0.3367, acc: 0.8794
loss: 0.3391, acc: 0.8787
loss: 0.4075, acc: 0.8459
loss: 0.3375, acc: 0.8799
loss: 0.3381, acc: 0.8787
loss: 0.4086, acc: 0.8448
loss: 0.3419, acc: 0.8769
loss: 0.3430, acc: 0.8759
loss: 0.4055, acc: 0.8470
loss: 0.3410, acc: 0.8753
loss: 0.4048, acc: 0.8465
loss: 0.4073, acc: 0.8452
> val_acc: 0.7937, val_f1: 0.6584
>>>>>>>>>>>>>>>>>>>>>>>>>>>>>>>>>>>>>>>>>>>>>>>>>>>>>>>>>>>>>>>>>>>>>>>>>>>>>>>>>>>>>>>>>>>>>>>>>>>>
epoch: 8
loss: 0.2485, acc: 0.9062
loss: 0.2708, acc: 0.9323
loss: 0.4076, acc: 0.8443
loss: 0.2830, acc: 0.9119
loss: 0.2726, acc: 0.9180
loss: 0.2900, acc: 0.9107
loss: 0.2974, acc: 0.8966
loss: 0.2870, acc: 0.9042
> val_acc: 0.7893, val_f1: 0.6599
>>>>>>>>>>>>>>>>>>>>>>>>>>>>>>>>>>>>>>>>>>>>>>>>>>>>>>>>>>>>>>>>>>>>>>>>>>>>>>>>>>>>>>>>>>>>>>>>>>>>
epoch: 4
loss: 0.2914, acc: 0.8993
loss: 0.3526, acc: 0.8646
loss: 0.2945, acc: 0.8979
loss: 0.3004, acc: 0.8961
loss: 0.3608, acc: 0.8633
loss: 0.3060, acc: 0.8952
loss: 0.3560, acc: 0.8750
loss: 0.3089, acc: 0.8929
loss: 0.3067, acc: 0.8945
loss: 0.3419, acc: 0.8802
loss: 0.3076, acc: 0.8930
loss: 0.3085, acc: 0.8926
loss: 0.3523, acc: 0.8764
loss: 0.3125, acc: 0.8894
loss: 0.3139, acc: 0.8897
loss: 0.3548, acc: 0.8705
loss: 0.3141, acc: 0.8895
loss: 0.3489, acc: 0.8741
loss: 0.3148, acc: 0.8894
loss: 0.3132, acc: 0.8903
loss: 0.3422, acc: 0.8766
loss: 0.3166, acc: 0.8877
loss: 0.3175, acc: 0.8874
loss: 0.3486, acc: 0.8699
loss: 0.3172, acc: 0.8882
loss: 0.3503, acc: 0.8704
loss: 0.3503, acc: 0.8667
> val_acc: 0.8000, val_f1: 0.6930
>>>>>>>>>>>>>>>>>>>>>>>>>>>>>>>>>>>>>>>>>>>>>>>>>>>>>>>>>>>>>>>>>>>>>>>>>>>>>>>>>>>>>>>>>>>>>>>>>>>>
epoch: 9
loss: 0.3485, acc: 0.8542
loss: 0.3547, acc: 0.8653
loss: 0.2965, acc: 0.9023
loss: 0.3100, acc: 0.8990
loss: 0.3560, acc: 0.8666
loss: 0.3087, acc: 0.9028
loss: 0.3146, acc: 0.8981
loss: 0.3555, acc: 0.8653
loss: 0.3220, acc: 0.8917
loss: 0.3139, acc: 0.8920
loss: 0.3541, acc: 0.8669
loss: 0.3162, acc: 0.8914
loss: 0.3576, acc: 0.8654
loss: 0.3108, acc: 0.8903
loss: 0.3133, acc: 0.8887
loss: 0.3641, acc: 0.8626
loss: 0.3141, acc: 0.8880
loss: 0.3127, acc: 0.8874
loss: 0.3681, acc: 0.8615
loss: 0.3044, acc: 0.8919
loss: 0.3028, acc: 0.8934
loss: 0.3692, acc: 0.8606
loss: 0.3064, acc: 0.8917
loss: 0.3693, acc: 0.8603
loss: 0.3020, acc: 0.8938
loss: 0.3014, acc: 0.8927
loss: 0.3675, acc: 0.8620
loss: 0.2972, acc: 0.8952
loss: 0.2970, acc: 0.8955
loss: 0.3641, acc: 0.8634
loss: 0.3001, acc: 0.8945
loss: 0.3032, acc: 0.8929
loss: 0.3623, acc: 0.8647
loss: 0.3049, acc: 0.8909
loss: 0.3037, acc: 0.8916
> val_acc: 0.7929, val_f1: 0.6579
>>>>>>>>>>>>>>>>>>>>>>>>>>>>>>>>>>>>>>>>>>>>>>>>>>>>>>>>>>>>>>>>>>>>>>>>>>>>>>>>>>>>>>>>>>>>>>>>>>>>
epoch: 10
> val_acc: 0.7893, val_f1: 0.6581
>>>>>>>>>>>>>>>>>>>>>>>>>>>>>>>>>>>>>>>>>>>>>>>>>>>>>>>>>>>>>>>>>>>>>>>>>>>>>>>>>>>>>>>>>>>>>>>>>>>>
epoch: 5
loss: 0.3173, acc: 0.8625
loss: 0.2621, acc: 0.9375
loss: 0.2833, acc: 0.8906
loss: 0.2815, acc: 0.9021
loss: 0.2618, acc: 0.9375
loss: 0.2895, acc: 0.9000
loss: 0.2916, acc: 0.8988
loss: 0.2744, acc: 0.9250
loss: 0.3006, acc: 0.8948
loss: 0.3013, acc: 0.9078
loss: 0.2999, acc: 0.8946
loss: 0.3025, acc: 0.8938
loss: 0.3104, acc: 0.9050
loss: 0.3033, acc: 0.8938
loss: 0.2980, acc: 0.8944
loss: 0.3205, acc: 0.8979
loss: 0.2983, acc: 0.8943
loss: 0.3358, acc: 0.8875
loss: 0.2951, acc: 0.8948
loss: 0.2926, acc: 0.8971
loss: 0.3301, acc: 0.8875
loss: 0.2882, acc: 0.9004
loss: 0.2887, acc: 0.9004
loss: 0.3336, acc: 0.8868
loss: 0.2864, acc: 0.9016
loss: 0.2894, acc: 0.9000
loss: 0.3339, acc: 0.8831
loss: 0.2873, acc: 0.9010
loss: 0.2874, acc: 0.9000
loss: 0.3277, acc: 0.8835
loss: 0.2876, acc: 0.8997
loss: 0.3296, acc: 0.8823
loss: 0.2907, acc: 0.8991
loss: 0.2939, acc: 0.8977
loss: 0.3262, acc: 0.8841
loss: 0.3270, acc: 0.8830
> val_acc: 0.8000, val_f1: 0.6954
>>>>>>>>>>>>>>>>>>>>>>>>>>>>>>>>>>>>>>>>>>>>>>>>>>>>>>>>>>>>>>>>>>>>>>>>>>>>>>>>>>>>>>>>>>>>>>>>>>>>
epoch: 11
loss: 0.2327, acc: 0.9375
loss: 0.3225, acc: 0.8829
loss: 0.3132, acc: 0.9018
loss: 0.3002, acc: 0.9141
loss: 0.3164, acc: 0.8859
loss: 0.3041, acc: 0.9062
loss: 0.3080, acc: 0.8935
loss: 0.3155, acc: 0.8875
loss: 0.3054, acc: 0.8900
loss: 0.3050, acc: 0.8906
loss: 0.3107, acc: 0.8903
loss: 0.3000, acc: 0.8936
loss: 0.3101, acc: 0.8908
loss: 0.2969, acc: 0.8929
loss: 0.2952, acc: 0.8949
loss: 0.3173, acc: 0.8869
loss: 0.2943, acc: 0.8954
loss: 0.2925, acc: 0.8980
loss: 0.3228, acc: 0.8836
loss: 0.2903, acc: 0.9007
loss: 0.2884, acc: 0.9021
loss: 0.3251, acc: 0.8830
loss: 0.2908, acc: 0.9002
loss: 0.2866, acc: 0.9034
loss: 0.2856, acc: 0.9028
loss: 0.2873, acc: 0.9009
loss: 0.2853, acc: 0.9005
> val_acc: 0.7911, val_f1: 0.6684
>>>>>>>>>>>>>>>>>>>>>>>>>>>>>>>>>>>>>>>>>>>>>>>>>>>>>>>>>>>>>>>>>>>>>>>>>>>>>>>>>>>>>>>>>>>>>>>>>>>>
epoch: 6
loss: 0.2864, acc: 0.9008
loss: 0.2705, acc: 0.9219
loss: 0.2860, acc: 0.9010
loss: 0.2863, acc: 0.9010
loss: 0.2510, acc: 0.9241
loss: 0.2862, acc: 0.9001
loss: 0.2564, acc: 0.9141
loss: 0.2655, acc: 0.9118
> val_acc: 0.7911, val_f1: 0.6591
>>>>>>>>>>>>>>>>>>>>>>>>>>>>>>>>>>>>>>>>>>>>>>>>>>>>>>>>>>>>>>>>>>>>>>>>>>>>>>>>>>>>>>>>>>>>>>>>>>>>
epoch: 12
loss: 0.2691, acc: 0.9219
loss: 0.2665, acc: 0.9176
loss: 0.2654, acc: 0.9097
loss: 0.2515, acc: 0.9241
loss: 0.2655, acc: 0.9167
loss: 0.2534, acc: 0.9211
loss: 0.2534, acc: 0.9245
loss: 0.2821, acc: 0.9023
loss: 0.2535, acc: 0.9224
loss: 0.2579, acc: 0.9173
loss: 0.2850, acc: 0.8986
loss: 0.2592, acc: 0.9159
loss: 0.2841, acc: 0.9018
loss: 0.2566, acc: 0.9176
loss: 0.2586, acc: 0.9158
loss: 0.2829, acc: 0.9036
loss: 0.2598, acc: 0.9138
loss: 0.2614, acc: 0.9121
loss: 0.2785, acc: 0.9075
loss: 0.2600, acc: 0.9121
loss: 0.2592, acc: 0.9117
loss: 0.2795, acc: 0.9068
loss: 0.2589, acc: 0.9109
loss: 0.2792, acc: 0.9068
loss: 0.2559, acc: 0.9118
loss: 0.2592, acc: 0.9096
loss: 0.2763, acc: 0.9090
loss: 0.2633, acc: 0.9084
loss: 0.2627, acc: 0.9092
loss: 0.2817, acc: 0.9067
loss: 0.2613, acc: 0.9100
loss: 0.2594, acc: 0.9105
loss: 0.2792, acc: 0.9087
loss: 0.2634, acc: 0.9088
loss: 0.2858, acc: 0.9055
loss: 0.2867, acc: 0.9037
> val_acc: 0.8063, val_f1: 0.7047
>> saved: state_dict/gc_ian_restaurant_val_acc0.8063
>>>>>>>>>>>>>>>>>>>>>>>>>>>>>>>>>>>>>>>>>>>>>>>>>>>>>>>>>>>>>>>>>>>>>>>>>>>>>>>>>>>>>>>>>>>>>>>>>>>>
epoch: 13
loss: 0.2275, acc: 0.9375
loss: 0.2186, acc: 0.9271
loss: 0.2905, acc: 0.9018
loss: 0.2118, acc: 0.9318
loss: 0.2927, acc: 0.9001
loss: 0.2211, acc: 0.9277
loss: 0.2324, acc: 0.9182
loss: 0.2919, acc: 0.9001
loss: 0.2509, acc: 0.9075
loss: 0.2545, acc: 0.9113
loss: 0.2949, acc: 0.8992
loss: 0.2500, acc: 0.9123
loss: 0.2551, acc: 0.9085
loss: 0.2977, acc: 0.8976
loss: 0.2562, acc: 0.9076
loss: 0.2548, acc: 0.9081
loss: 0.2550, acc: 0.9079
loss: 0.2600, acc: 0.9073
loss: 0.2617, acc: 0.9058
> val_acc: 0.7911, val_f1: 0.6696
>>>>>>>>>>>>>>>>>>>>>>>>>>>>>>>>>>>>>>>>>>>>>>>>>>>>>>>>>>>>>>>>>>>>>>>>>>>>>>>>>>>>>>>>>>>>>>>>>>>>
epoch: 7
loss: 0.2608, acc: 0.9049
loss: 0.2264, acc: 0.9531
loss: 0.2618, acc: 0.9042
loss: 0.2622, acc: 0.9059
loss: 0.2386, acc: 0.9271
loss: 0.2595, acc: 0.9070
loss: 0.2294, acc: 0.9174
loss: 0.2566, acc: 0.9093
loss: 0.2579, acc: 0.9089
loss: 0.2715, acc: 0.8964
loss: 0.2594, acc: 0.9081
loss: 0.2596, acc: 0.9077
loss: 0.2665, acc: 0.9023
loss: 0.2606, acc: 0.9060
loss: 0.2704, acc: 0.9019
> val_acc: 0.8036, val_f1: 0.6865
>>>>>>>>>>>>>>>>>>>>>>>>>>>>>>>>>>>>>>>>>>>>>>>>>>>>>>>>>>>>>>>>>>>>>>>>>>>>>>>>>>>>>>>>>>>>>>>>>>>>
epoch: 14
loss: 0.2761, acc: 0.8971
loss: 0.2064, acc: 0.9583
loss: 0.2202, acc: 0.9336
loss: 0.2672, acc: 0.9038
loss: 0.2177, acc: 0.9375
loss: 0.2103, acc: 0.9358
loss: 0.2648, acc: 0.9062
loss: 0.2228, acc: 0.9280
loss: 0.2593, acc: 0.9082
loss: 0.2250, acc: 0.9308
loss: 0.2315, acc: 0.9242
loss: 0.2606, acc: 0.9051
loss: 0.2357, acc: 0.9227
loss: 0.2346, acc: 0.9230
loss: 0.2580, acc: 0.9078
loss: 0.2413, acc: 0.9180
loss: 0.2645, acc: 0.9043
loss: 0.2447, acc: 0.9175
loss: 0.2478, acc: 0.9138
loss: 0.2681, acc: 0.9022
loss: 0.2511, acc: 0.9112
loss: 0.2481, acc: 0.9127
loss: 0.2709, acc: 0.9012
loss: 0.2481, acc: 0.9144
loss: 0.2474, acc: 0.9155
loss: 0.2727, acc: 0.9019
loss: 0.2464, acc: 0.9160
loss: 0.2469, acc: 0.9155
loss: 0.2714, acc: 0.9022
loss: 0.2497, acc: 0.9147
loss: 0.2729, acc: 0.9013
loss: 0.2519, acc: 0.9123
loss: 0.2533, acc: 0.9117
loss: 0.2735, acc: 0.9006
loss: 0.2531, acc: 0.9112
loss: 0.2547, acc: 0.9108
loss: 0.2740, acc: 0.9003
loss: 0.2730, acc: 0.8999
> val_acc: 0.7946, val_f1: 0.6703
>>>>>>>>>>>>>>>>>>>>>>>>>>>>>>>>>>>>>>>>>>>>>>>>>>>>>>>>>>>>>>>>>>>>>>>>>>>>>>>>>>>>>>>>>>>>>>>>>>>>
epoch: 15
loss: 0.1793, acc: 0.9563
loss: 0.2756, acc: 0.8994
loss: 0.2167, acc: 0.9344
loss: 0.2266, acc: 0.9333
loss: 0.2250, acc: 0.9313
loss: 0.2402, acc: 0.9213
loss: 0.2361, acc: 0.9240
> val_acc: 0.7920, val_f1: 0.6654
>>>>>>>>>>>>>>>>>>>>>>>>>>>>>>>>>>>>>>>>>>>>>>>>>>>>>>>>>>>>>>>>>>>>>>>>>>>>>>>>>>>>>>>>>>>>>>>>>>>>
epoch: 8
loss: 0.2380, acc: 0.9259
loss: 0.2293, acc: 0.9375
loss: 0.2434, acc: 0.9211
loss: 0.2448, acc: 0.9215
loss: 0.2328, acc: 0.9271
loss: 0.2456, acc: 0.9187
loss: 0.2495, acc: 0.9176
loss: 0.2464, acc: 0.9193
loss: 0.2439, acc: 0.9193
loss: 0.2502, acc: 0.9160
loss: 0.2427, acc: 0.9187
loss: 0.2398, acc: 0.9201
loss: 0.2449, acc: 0.9167
loss: 0.2405, acc: 0.9192
loss: 0.2373, acc: 0.9203
loss: 0.2445, acc: 0.9159
loss: 0.2399, acc: 0.9176
loss: 0.2377, acc: 0.9204
loss: 0.2390, acc: 0.9177
loss: 0.2418, acc: 0.9171
loss: 0.2432, acc: 0.9210
loss: 0.2402, acc: 0.9178
loss: 0.2380, acc: 0.9190
loss: 0.2466, acc: 0.9162
loss: 0.2408, acc: 0.9185
loss: 0.2478, acc: 0.9164
loss: 0.2454, acc: 0.9173
> val_acc: 0.8009, val_f1: 0.6938
>>>>>>>>>>>>>>>>>>>>>>>>>>>>>>>>>>>>>>>>>>>>>>>>>>>>>>>>>>>>>>>>>>>>>>>>>>>>>>>>>>>>>>>>>>>>>>>>>>>>
epoch: 16
loss: 0.2104, acc: 0.9219
loss: 0.2385, acc: 0.9241
loss: 0.2460, acc: 0.9180
loss: 0.2268, acc: 0.9271
loss: 0.2462, acc: 0.9170
loss: 0.2371, acc: 0.9173
loss: 0.2210, acc: 0.9247
loss: 0.2440, acc: 0.9186
loss: 0.2272, acc: 0.9201
loss: 0.2293, acc: 0.9199
loss: 0.2461, acc: 0.9177
loss: 0.2288, acc: 0.9206
loss: 0.2430, acc: 0.9194
loss: 0.2255, acc: 0.9234
loss: 0.2296, acc: 0.9215
loss: 0.2477, acc: 0.9171
loss: 0.2278, acc: 0.9243
loss: 0.2263, acc: 0.9249
loss: 0.2472, acc: 0.9168
loss: 0.2274, acc: 0.9244
loss: 0.2320, acc: 0.9230
loss: 0.2457, acc: 0.9176
loss: 0.2325, acc: 0.9227
loss: 0.2311, acc: 0.9233
loss: 0.2501, acc: 0.9160
loss: 0.2315, acc: 0.9230
loss: 0.2304, acc: 0.9231
loss: 0.2493, acc: 0.9155
loss: 0.2304, acc: 0.9232
loss: 0.2291, acc: 0.9249
loss: 0.2522, acc: 0.9142
loss: 0.2313, acc: 0.9237
loss: 0.2499, acc: 0.9158
loss: 0.2317, acc: 0.9244
loss: 0.2352, acc: 0.9222
> val_acc: 0.7973, val_f1: 0.6831
>>>>>>>>>>>>>>>>>>>>>>>>>>>>>>>>>>>>>>>>>>>>>>>>>>>>>>>>>>>>>>>>>>>>>>>>>>>>>>>>>>>>>>>>>>>>>>>>>>>>
epoch: 17
loss: 0.2019, acc: 0.9453
> val_acc: 0.7848, val_f1: 0.6642
>>>>>>>>>>>>>>>>>>>>>>>>>>>>>>>>>>>>>>>>>>>>>>>>>>>>>>>>>>>>>>>>>>>>>>>>>>>>>>>>>>>>>>>>>>>>>>>>>>>>
epoch: 9
loss: 0.2039, acc: 0.9410
loss: 0.2954, acc: 0.8750
loss: 0.2125, acc: 0.9353
loss: 0.2141, acc: 0.9293
loss: 0.2408, acc: 0.8906
loss: 0.2122, acc: 0.9310
loss: 0.2282, acc: 0.9062
loss: 0.2097, acc: 0.9321
loss: 0.2117, acc: 0.9301
loss: 0.2150, acc: 0.9201
loss: 0.2126, acc: 0.9295
loss: 0.2101, acc: 0.9325
loss: 0.2088, acc: 0.9280
loss: 0.2080, acc: 0.9337
loss: 0.2155, acc: 0.9306
loss: 0.2206, acc: 0.9196
loss: 0.2157, acc: 0.9301
loss: 0.2166, acc: 0.9287
loss: 0.2121, acc: 0.9223
loss: 0.2193, acc: 0.9271
loss: 0.2143, acc: 0.9252
loss: 0.2181, acc: 0.9269
loss: 0.2186, acc: 0.9272
loss: 0.2115, acc: 0.9273
loss: 0.2200, acc: 0.9267
loss: 0.2183, acc: 0.9263
loss: 0.2151, acc: 0.9245
loss: 0.2176, acc: 0.9265
loss: 0.2190, acc: 0.9252
loss: 0.2178, acc: 0.9245
loss: 0.2189, acc: 0.9255
loss: 0.2203, acc: 0.9246
loss: 0.2191, acc: 0.9224
loss: 0.2175, acc: 0.9226
> val_acc: 0.7955, val_f1: 0.6816
>>>>>>>>>>>>>>>>>>>>>>>>>>>>>>>>>>>>>>>>>>>>>>>>>>>>>>>>>>>>>>>>>>>>>>>>>>>>>>>>>>>>>>>>>>>>>>>>>>>>
epoch: 18
loss: 0.2666, acc: 0.9062
loss: 0.2165, acc: 0.9246
loss: 0.2437, acc: 0.9062
loss: 0.2324, acc: 0.9091
loss: 0.2214, acc: 0.9225
loss: 0.2165, acc: 0.9238
loss: 0.2291, acc: 0.9187
loss: 0.2160, acc: 0.9241
loss: 0.2132, acc: 0.9279
loss: 0.2319, acc: 0.9172
loss: 0.2217, acc: 0.9264
loss: 0.2204, acc: 0.9253
loss: 0.2280, acc: 0.9190
loss: 0.2170, acc: 0.9261
loss: 0.2147, acc: 0.9273
loss: 0.2298, acc: 0.9180
loss: 0.2178, acc: 0.9265
loss: 0.2222, acc: 0.9252
loss: 0.2334, acc: 0.9165
loss: 0.2205, acc: 0.9267
loss: 0.2357, acc: 0.9147
loss: 0.2223, acc: 0.9261
loss: 0.2173, acc: 0.9291
loss: 0.2359, acc: 0.9144
loss: 0.2168, acc: 0.9305
loss: 0.2188, acc: 0.9298
loss: 0.2370, acc: 0.9149
loss: 0.2200, acc: 0.9270
loss: 0.2201, acc: 0.9251
loss: 0.2200, acc: 0.9248
loss: 0.2207, acc: 0.9230
> val_acc: 0.7830, val_f1: 0.6424
>>>>>>>>>>>>>>>>>>>>>>>>>>>>>>>>>>>>>>>>>>>>>>>>>>>>>>>>>>>>>>>>>>>>>>>>>>>>>>>>>>>>>>>>>>>>>>>>>>>>
epoch: 10
loss: 0.2217, acc: 0.9233
loss: 0.2215, acc: 0.9231
loss: 0.1910, acc: 0.9375
loss: 0.2090, acc: 0.9156
> val_acc: 0.7982, val_f1: 0.6807
>>>>>>>>>>>>>>>>>>>>>>>>>>>>>>>>>>>>>>>>>>>>>>>>>>>>>>>>>>>>>>>>>>>>>>>>>>>>>>>>>>>>>>>>>>>>>>>>>>>>
epoch: 19
loss: 0.2189, acc: 0.9375
loss: 0.2046, acc: 0.9208
loss: 0.2181, acc: 0.9258
loss: 0.2152, acc: 0.9351
loss: 0.2040, acc: 0.9234
loss: 0.2124, acc: 0.9340
loss: 0.2128, acc: 0.9348
loss: 0.1963, acc: 0.9300
loss: 0.2206, acc: 0.9308
loss: 0.2029, acc: 0.9302
loss: 0.2136, acc: 0.9318
loss: 0.2138, acc: 0.9301
loss: 0.2027, acc: 0.9321
loss: 0.2111, acc: 0.9324
loss: 0.2079, acc: 0.9329
loss: 0.2047, acc: 0.9313
loss: 0.2146, acc: 0.9287
loss: 0.2189, acc: 0.9267
loss: 0.2093, acc: 0.9313
loss: 0.2191, acc: 0.9266
loss: 0.2181, acc: 0.9260
loss: 0.2136, acc: 0.9287
loss: 0.2176, acc: 0.9251
loss: 0.2181, acc: 0.9247
loss: 0.2168, acc: 0.9273
loss: 0.2166, acc: 0.9247
loss: 0.2162, acc: 0.9247
loss: 0.2162, acc: 0.9276
loss: 0.2152, acc: 0.9267
loss: 0.2168, acc: 0.9269
loss: 0.2152, acc: 0.9263
loss: 0.2156, acc: 0.9266
loss: 0.2166, acc: 0.9250
loss: 0.2169, acc: 0.9259
loss: 0.2193, acc: 0.9252
loss: 0.2170, acc: 0.9250
loss: 0.2206, acc: 0.9230
> val_acc: 0.7964, val_f1: 0.6800
>>>>>>>>>>>>>>>>>>>>>>>>>>>>>>>>>>>>>>>>>>>>>>>>>>>>>>>>>>>>>>>>>>>>>>>>>>>>>>>>>>>>>>>>>>>>>>>>>>>>
epoch: 20
loss: 0.2008, acc: 0.9187
loss: 0.2180, acc: 0.9243
loss: 0.2057, acc: 0.9313
loss: 0.1829, acc: 0.9437
loss: 0.2210, acc: 0.9229
loss: 0.1780, acc: 0.9469
loss: 0.2242, acc: 0.9214
loss: 0.1733, acc: 0.9487
loss: 0.1775, acc: 0.9479
loss: 0.2232, acc: 0.9219
loss: 0.1830, acc: 0.9455
loss: 0.1812, acc: 0.9477
loss: 0.2265, acc: 0.9202
loss: 0.1912, acc: 0.9417
loss: 0.1915, acc: 0.9425
loss: 0.2245, acc: 0.9216
loss: 0.1951, acc: 0.9398
loss: 0.1940, acc: 0.9406
loss: 0.2032, acc: 0.9332
loss: 0.2050, acc: 0.9321
loss: 0.2058, acc: 0.9321
> val_acc: 0.7875, val_f1: 0.6410
>>>>>>>>>>>>>>>>>>>>>>>>>>>>>>>>>>>>>>>>>>>>>>>>>>>>>>>>>>>>>>>>>>>>>>>>>>>>>>>>>>>>>>>>>>>>>>>>>>>>
epoch: 11
loss: 0.2047, acc: 0.9328
loss: 0.2589, acc: 0.9062
loss: 0.2035, acc: 0.9327
loss: 0.2058, acc: 0.9319
loss: 0.1872, acc: 0.9420
loss: 0.2066, acc: 0.9322
loss: 0.1867, acc: 0.9427
loss: 0.2066, acc: 0.9325
loss: 0.2061, acc: 0.9324
loss: 0.1876, acc: 0.9449
loss: 0.2064, acc: 0.9318
loss: 0.1909, acc: 0.9446
> val_acc: 0.7946, val_f1: 0.6740
>>>>>>>>>>>>>>>>>>>>>>>>>>>>>>>>>>>>>>>>>>>>>>>>>>>>>>>>>>>>>>>>>>>>>>>>>>>>>>>>>>>>>>>>>>>>>>>>>>>>
epoch: 21
loss: 0.1956, acc: 0.9410
loss: 0.2309, acc: 0.9219
loss: 0.1997, acc: 0.9420
loss: 0.1999, acc: 0.9375
loss: 0.1990, acc: 0.9349
loss: 0.1987, acc: 0.9357
loss: 0.2025, acc: 0.9358
loss: 0.1924, acc: 0.9432
loss: 0.1915, acc: 0.9421
loss: 0.2118, acc: 0.9308
loss: 0.1875, acc: 0.9424
loss: 0.1895, acc: 0.9451
loss: 0.2112, acc: 0.9295
loss: 0.1877, acc: 0.9435
loss: 0.1977, acc: 0.9395
loss: 0.2078, acc: 0.9309
loss: 0.2005, acc: 0.9357
loss: 0.2104, acc: 0.9293
loss: 0.2038, acc: 0.9331
loss: 0.2033, acc: 0.9320
loss: 0.2111, acc: 0.9284
loss: 0.1996, acc: 0.9342
loss: 0.2006, acc: 0.9336
loss: 0.2110, acc: 0.9286
loss: 0.2034, acc: 0.9330
loss: 0.2046, acc: 0.9322
loss: 0.2100, acc: 0.9288
loss: 0.2057, acc: 0.9307
loss: 0.2058, acc: 0.9300
loss: 0.2075, acc: 0.9298
loss: 0.2073, acc: 0.9278
loss: 0.2099, acc: 0.9287
loss: 0.2065, acc: 0.9274
loss: 0.2069, acc: 0.9267
loss: 0.2077, acc: 0.9289
loss: 0.2069, acc: 0.9266
loss: 0.2092, acc: 0.9266
> val_acc: 0.7973, val_f1: 0.6777
>>>>>>>>>>>>>>>>>>>>>>>>>>>>>>>>>>>>>>>>>>>>>>>>>>>>>>>>>>>>>>>>>>>>>>>>>>>>>>>>>>>>>>>>>>>>>>>>>>>>
epoch: 22
loss: 0.2090, acc: 0.9262
loss: 0.2117, acc: 0.9297
loss: 0.2186, acc: 0.9201
loss: 0.2097, acc: 0.9265
loss: 0.2133, acc: 0.9241
loss: 0.2149, acc: 0.9293
loss: 0.2123, acc: 0.9246
loss: 0.2102, acc: 0.9310
loss: 0.2143, acc: 0.9230
loss: 0.2044, acc: 0.9343
loss: 0.2092, acc: 0.9292
loss: 0.2166, acc: 0.9263
loss: 0.2164, acc: 0.9276
loss: 0.2166, acc: 0.9279
> val_acc: 0.7857, val_f1: 0.6625
>>>>>>>>>>>>>>>>>>>>>>>>>>>>>>>>>>>>>>>>>>>>>>>>>>>>>>>>>>>>>>>>>>>>>>>>>>>>>>>>>>>>>>>>>>>>>>>>>>>>
epoch: 12
loss: 0.2149, acc: 0.9282
loss: 0.1861, acc: 0.9453
loss: 0.2209, acc: 0.9253
loss: 0.2182, acc: 0.9268
loss: 0.1735, acc: 0.9514
loss: 0.2121, acc: 0.9307
loss: 0.2098, acc: 0.9312
loss: 0.1895, acc: 0.9442
loss: 0.2080, acc: 0.9304
loss: 0.2068, acc: 0.9304
loss: 0.1887, acc: 0.9474
loss: 0.2083, acc: 0.9291
loss: 0.2072, acc: 0.9299
loss: 0.1872, acc: 0.9466
loss: 0.2082, acc: 0.9290
loss: 0.1855, acc: 0.9483
loss: 0.2082, acc: 0.9282
loss: 0.2082, acc: 0.9275
loss: 0.1881, acc: 0.9439
loss: 0.1859, acc: 0.9431
> val_acc: 0.7982, val_f1: 0.6786
>>>>>>>>>>>>>>>>>>>>>>>>>>>>>>>>>>>>>>>>>>>>>>>>>>>>>>>>>>>>>>>>>>>>>>>>>>>>>>>>>>>>>>>>>>>>>>>>>>>>
epoch: 23
loss: 0.1988, acc: 0.9375
loss: 0.1903, acc: 0.9368
loss: 0.1987, acc: 0.9219
loss: 0.1822, acc: 0.9375
loss: 0.1960, acc: 0.9343
loss: 0.1859, acc: 0.9355
loss: 0.1967, acc: 0.9346
loss: 0.1856, acc: 0.9345
loss: 0.1990, acc: 0.9267
loss: 0.2014, acc: 0.9338
loss: 0.2022, acc: 0.9274
loss: 0.1977, acc: 0.9297
loss: 0.1996, acc: 0.9346
loss: 0.1934, acc: 0.9314
loss: 0.1922, acc: 0.9341
loss: 0.1994, acc: 0.9352
loss: 0.1920, acc: 0.9332
loss: 0.1958, acc: 0.9314
loss: 0.2037, acc: 0.9341
loss: 0.1961, acc: 0.9314
loss: 0.2013, acc: 0.9363
loss: 0.1956, acc: 0.9304
loss: 0.1950, acc: 0.9309
loss: 0.2033, acc: 0.9349
loss: 0.1960, acc: 0.9305
loss: 0.1937, acc: 0.9325
loss: 0.2029, acc: 0.9343
loss: 0.1922, acc: 0.9331
loss: 0.2033, acc: 0.9342
loss: 0.1927, acc: 0.9327
loss: 0.1922, acc: 0.9329
loss: 0.2023, acc: 0.9337
loss: 0.1919, acc: 0.9335
loss: 0.1927, acc: 0.9331
loss: 0.2034, acc: 0.9324
loss: 0.1936, acc: 0.9327
loss: 0.2051, acc: 0.9318
> val_acc: 0.7955, val_f1: 0.6900
>>>>>>>>>>>>>>>>>>>>>>>>>>>>>>>>>>>>>>>>>>>>>>>>>>>>>>>>>>>>>>>>>>>>>>>>>>>>>>>>>>>>>>>>>>>>>>>>>>>>
epoch: 24
loss: 0.1623, acc: 0.9271
loss: 0.1801, acc: 0.9375
loss: 0.1781, acc: 0.9447
loss: 0.1804, acc: 0.9375
> val_acc: 0.7857, val_f1: 0.6423
>>>>>>>>>>>>>>>>>>>>>>>>>>>>>>>>>>>>>>>>>>>>>>>>>>>>>>>>>>>>>>>>>>>>>>>>>>>>>>>>>>>>>>>>>>>>>>>>>>>>
epoch: 13
loss: 0.1323, acc: 1.0000
loss: 0.1730, acc: 0.9429
loss: 0.1730, acc: 0.9442
loss: 0.2004, acc: 0.9479
loss: 0.1740, acc: 0.9422
loss: 0.1792, acc: 0.9383
loss: 0.1846, acc: 0.9460
loss: 0.1802, acc: 0.9397
loss: 0.1804, acc: 0.9395
loss: 0.1861, acc: 0.9473
loss: 0.1769, acc: 0.9428
loss: 0.1775, acc: 0.9429
loss: 0.1769, acc: 0.9479
loss: 0.1812, acc: 0.9410
loss: 0.1809, acc: 0.9411
loss: 0.1839, acc: 0.9384
loss: 0.1833, acc: 0.9388
loss: 0.1831, acc: 0.9405
loss: 0.1861, acc: 0.9383
loss: 0.1875, acc: 0.9375
loss: 0.1828, acc: 0.9410
loss: 0.1879, acc: 0.9371
loss: 0.1887, acc: 0.9365
loss: 0.1780, acc: 0.9436
loss: 0.1908, acc: 0.9359
loss: 0.1912, acc: 0.9357
loss: 0.1801, acc: 0.9429
loss: 0.1930, acc: 0.9352
loss: 0.1880, acc: 0.9393
loss: 0.1955, acc: 0.9329
loss: 0.1852, acc: 0.9392
> val_acc: 0.7982, val_f1: 0.6795
>>>>>>>>>>>>>>>>>>>>>>>>>>>>>>>>>>>>>>>>>>>>>>>>>>>>>>>>>>>>>>>>>>>>>>>>>>>>>>>>>>>>>>>>>>>>>>>>>>>>
epoch: 25
loss: 0.1863, acc: 0.9380
loss: 0.1730, acc: 0.9688
loss: 0.1652, acc: 0.9563
loss: 0.1888, acc: 0.9375
loss: 0.1737, acc: 0.9521
loss: 0.1649, acc: 0.9578
loss: 0.1914, acc: 0.9362
loss: 0.1738, acc: 0.9525
loss: 0.1798, acc: 0.9479
loss: 0.1909, acc: 0.9371
loss: 0.1850, acc: 0.9455
loss: 0.1805, acc: 0.9461
loss: 0.1906, acc: 0.9379
loss: 0.1785, acc: 0.9479
loss: 0.1889, acc: 0.9386
loss: 0.1900, acc: 0.9419
loss: 0.1893, acc: 0.9420
loss: 0.1901, acc: 0.9365
loss: 0.1914, acc: 0.9411
loss: 0.1950, acc: 0.9385
loss: 0.1904, acc: 0.9359
loss: 0.1936, acc: 0.9397
loss: 0.1925, acc: 0.9392
loss: 0.1887, acc: 0.9366
loss: 0.1929, acc: 0.9391
loss: 0.1886, acc: 0.9369
loss: 0.1944, acc: 0.9379
loss: 0.1938, acc: 0.9372
loss: 0.1904, acc: 0.9364
loss: 0.1939, acc: 0.9365
loss: 0.1946, acc: 0.9359
loss: 0.1965, acc: 0.9357
loss: 0.1957, acc: 0.9364
> val_acc: 0.7821, val_f1: 0.6272
>>>>>>>>>>>>>>>>>>>>>>>>>>>>>>>>>>>>>>>>>>>>>>>>>>>>>>>>>>>>>>>>>>>>>>>>>>>>>>>>>>>>>>>>>>>>>>>>>>>>
epoch: 14
loss: 0.1214, acc: 0.9792
> val_acc: 0.7902, val_f1: 0.6578
>>>>>>>>>>>>>>>>>>>>>>>>>>>>>>>>>>>>>>>>>>>>>>>>>>>>>>>>>>>>>>>>>>>>>>>>>>>>>>>>>>>>>>>>>>>>>>>>>>>>
epoch: 26
loss: 0.1908, acc: 0.9375
loss: 0.1780, acc: 0.9453
loss: 0.1429, acc: 0.9554
loss: 0.1442, acc: 0.9609
loss: 0.1640, acc: 0.9495
loss: 0.1491, acc: 0.9632
loss: 0.1488, acc: 0.9602
loss: 0.1517, acc: 0.9531
loss: 0.1592, acc: 0.9525
loss: 0.1625, acc: 0.9463
loss: 0.1565, acc: 0.9524
loss: 0.1677, acc: 0.9426
loss: 0.1707, acc: 0.9412
loss: 0.1600, acc: 0.9531
loss: 0.1666, acc: 0.9428
loss: 0.1680, acc: 0.9517
loss: 0.1725, acc: 0.9405
loss: 0.1739, acc: 0.9386
loss: 0.1644, acc: 0.9531
loss: 0.1750, acc: 0.9380
loss: 0.1773, acc: 0.9375
loss: 0.1708, acc: 0.9484
loss: 0.1815, acc: 0.9353
loss: 0.1825, acc: 0.9343
loss: 0.1729, acc: 0.9473
loss: 0.1845, acc: 0.9333
loss: 0.1853, acc: 0.9325
loss: 0.1762, acc: 0.9469
loss: 0.1854, acc: 0.9327
loss: 0.1856, acc: 0.9340
loss: 0.1713, acc: 0.9488
loss: 0.1867, acc: 0.9332
loss: 0.1878, acc: 0.9328
loss: 0.1730, acc: 0.9464
loss: 0.1876, acc: 0.9328
loss: 0.1729, acc: 0.9453
loss: 0.1765, acc: 0.9439
> val_acc: 0.7937, val_f1: 0.6746
>>>>>>>>>>>>>>>>>>>>>>>>>>>>>>>>>>>>>>>>>>>>>>>>>>>>>>>>>>>>>>>>>>>>>>>>>>>>>>>>>>>>>>>>>>>>>>>>>>>>
epoch: 27
loss: 0.1920, acc: 0.9297
loss: 0.1746, acc: 0.9447
loss: 0.1704, acc: 0.9340
loss: 0.1909, acc: 0.9353
loss: 0.1782, acc: 0.9420
loss: 0.1825, acc: 0.9391
loss: 0.1850, acc: 0.9362
loss: 0.1838, acc: 0.9396
loss: 0.1909, acc: 0.9353
loss: 0.1888, acc: 0.9338
loss: 0.1852, acc: 0.9392
loss: 0.1889, acc: 0.9327
loss: 0.1873, acc: 0.9378
loss: 0.1863, acc: 0.9354
loss: 0.1862, acc: 0.9375
loss: 0.1879, acc: 0.9378
loss: 0.1866, acc: 0.9369
loss: 0.1844, acc: 0.9380
loss: 0.1878, acc: 0.9381
loss: 0.1840, acc: 0.9370
loss: 0.1858, acc: 0.9366
loss: 0.1901, acc: 0.9371
loss: 0.1810, acc: 0.9392
loss: 0.1779, acc: 0.9399
loss: 0.1761, acc: 0.9408
loss: 0.1785, acc: 0.9407
> val_acc: 0.7875, val_f1: 0.6612
>>>>>>>>>>>>>>>>>>>>>>>>>>>>>>>>>>>>>>>>>>>>>>>>>>>>>>>>>>>>>>>>>>>>>>>>>>>>>>>>>>>>>>>>>>>>>>>>>>>>
epoch: 15
loss: 0.1798, acc: 0.9395
loss: 0.1809, acc: 0.9381
loss: 0.1903, acc: 0.9250
loss: 0.1816, acc: 0.9381
loss: 0.1808, acc: 0.9381
loss: 0.2147, acc: 0.9156
loss: 0.1944, acc: 0.9250
> val_acc: 0.7937, val_f1: 0.6811
>>>>>>>>>>>>>>>>>>>>>>>>>>>>>>>>>>>>>>>>>>>>>>>>>>>>>>>>>>>>>>>>>>>>>>>>>>>>>>>>>>>>>>>>>>>>>>>>>>>>
epoch: 28
loss: 0.1908, acc: 0.9313
loss: 0.3826, acc: 0.8125
loss: 0.2270, acc: 0.8958
loss: 0.1798, acc: 0.9375
loss: 0.2031, acc: 0.9148
loss: 0.2011, acc: 0.9141
loss: 0.1843, acc: 0.9344
loss: 0.1950, acc: 0.9211
loss: 0.1959, acc: 0.9195
loss: 0.1849, acc: 0.9339
loss: 0.1899, acc: 0.9274
loss: 0.1872, acc: 0.9314
loss: 0.1873, acc: 0.9336
loss: 0.1818, acc: 0.9322
loss: 0.1871, acc: 0.9333
loss: 0.1792, acc: 0.9348
loss: 0.1732, acc: 0.9387
loss: 0.1857, acc: 0.9344
loss: 0.1728, acc: 0.9386
loss: 0.1744, acc: 0.9385
loss: 0.1870, acc: 0.9335
loss: 0.1768, acc: 0.9375
loss: 0.1801, acc: 0.9353
loss: 0.1836, acc: 0.9349
loss: 0.1807, acc: 0.9346
loss: 0.1805, acc: 0.9360
loss: 0.1824, acc: 0.9351
loss: 0.1821, acc: 0.9360
loss: 0.1797, acc: 0.9371
loss: 0.1851, acc: 0.9354
loss: 0.1839, acc: 0.9365
loss: 0.1800, acc: 0.9367
loss: 0.1842, acc: 0.9372
loss: 0.1823, acc: 0.9375
loss: 0.1802, acc: 0.9379
loss: 0.1811, acc: 0.9378
loss: 0.1785, acc: 0.9386
> val_acc: 0.7920, val_f1: 0.6626
>>>>>>>>>>>>>>>>>>>>>>>>>>>>>>>>>>>>>>>>>>>>>>>>>>>>>>>>>>>>>>>>>>>>>>>>>>>>>>>>>>>>>>>>>>>>>>>>>>>>
epoch: 29
loss: 0.1767, acc: 0.9389
loss: 0.1291, acc: 0.9583
loss: 0.1348, acc: 0.9492
loss: 0.1782, acc: 0.9382
loss: 0.1473, acc: 0.9423
loss: 0.1581, acc: 0.9392
loss: 0.1817, acc: 0.9353
loss: 0.1724, acc: 0.9361
loss: 0.1848, acc: 0.9339
loss: 0.1684, acc: 0.9397
loss: 0.1712, acc: 0.9394
loss: 0.1834, acc: 0.9338
loss: 0.1761, acc: 0.9375
loss: 0.1740, acc: 0.9375
loss: 0.1751, acc: 0.9368
loss: 0.1736, acc: 0.9381
loss: 0.1766, acc: 0.9380
> val_acc: 0.7795, val_f1: 0.6306
>>>>>>>>>>>>>>>>>>>>>>>>>>>>>>>>>>>>>>>>>>>>>>>>>>>>>>>>>>>>>>>>>>>>>>>>>>>>>>>>>>>>>>>>>>>>>>>>>>>>
epoch: 16
loss: 0.1760, acc: 0.9385
loss: 0.1167, acc: 0.9375
loss: 0.1773, acc: 0.9380
loss: 0.1754, acc: 0.9388
loss: 0.1316, acc: 0.9330
loss: 0.1748, acc: 0.9383
loss: 0.1785, acc: 0.9371
loss: 0.1463, acc: 0.9427
loss: 0.1786, acc: 0.9368
loss: 0.1787, acc: 0.9372
loss: 0.1562, acc: 0.9357
loss: 0.1790, acc: 0.9369
loss: 0.1560, acc: 0.9418
loss: 0.1785, acc: 0.9372
loss: 0.1775, acc: 0.9378
loss: 0.1603, acc: 0.9410
loss: 0.1786, acc: 0.9368
loss: 0.1558, acc: 0.9443
> val_acc: 0.7982, val_f1: 0.6825
loss: 0.1633, acc: 0.9417
>> test_acc: 0.8063, test_f1: 0.7047
loss: 0.1652, acc: 0.9420
loss: 0.1692, acc: 0.9408
loss: 0.1670, acc: 0.9405
loss: 0.1669, acc: 0.9419
loss: 0.1652, acc: 0.9430
loss: 0.1653, acc: 0.9426
loss: 0.1682, acc: 0.9410
loss: 0.1678, acc: 0.9420
loss: 0.1718, acc: 0.9398
loss: 0.1752, acc: 0.9386
loss: 0.1741, acc: 0.9392
loss: 0.1738, acc: 0.9391
loss: 0.1752, acc: 0.9390
loss: 0.1768, acc: 0.9378
loss: 0.1798, acc: 0.9364
> val_acc: 0.7830, val_f1: 0.6433
>>>>>>>>>>>>>>>>>>>>>>>>>>>>>>>>>>>>>>>>>>>>>>>>>>>>>>>>>>>>>>>>>>>>>>>>>>>>>>>>>>>>>>>>>>>>>>>>>>>>
epoch: 17
loss: 0.1501, acc: 0.9688
loss: 0.1507, acc: 0.9583
loss: 0.1594, acc: 0.9531
loss: 0.1474, acc: 0.9572
loss: 0.1483, acc: 0.9531
loss: 0.1518, acc: 0.9515
loss: 0.1425, acc: 0.9559
loss: 0.1473, acc: 0.9503
loss: 0.1519, acc: 0.9503
loss: 0.1488, acc: 0.9528
loss: 0.1540, acc: 0.9502
loss: 0.1569, acc: 0.9507
loss: 0.1586, acc: 0.9492
loss: 0.1554, acc: 0.9502
loss: 0.1587, acc: 0.9485
loss: 0.1586, acc: 0.9486
loss: 0.1592, acc: 0.9483
loss: 0.1604, acc: 0.9494
loss: 0.1618, acc: 0.9478
loss: 0.1618, acc: 0.9473
loss: 0.1650, acc: 0.9450
loss: 0.1658, acc: 0.9447
> val_acc: 0.7902, val_f1: 0.6613
>>>>>>>>>>>>>>>>>>>>>>>>>>>>>>>>>>>>>>>>>>>>>>>>>>>>>>>>>>>>>>>>>>>>>>>>>>>>>>>>>>>>>>>>>>>>>>>>>>>>
epoch: 18
loss: 0.2796, acc: 0.8750
loss: 0.2400, acc: 0.8958
loss: 0.1925, acc: 0.9261
loss: 0.1745, acc: 0.9355
loss: 0.1725, acc: 0.9330
loss: 0.1774, acc: 0.9327
loss: 0.1737, acc: 0.9375
loss: 0.1695, acc: 0.9427
loss: 0.1630, acc: 0.9474
loss: 0.1653, acc: 0.9457
loss: 0.1637, acc: 0.9455
loss: 0.1619, acc: 0.9470
loss: 0.1597, acc: 0.9477
loss: 0.1564, acc: 0.9493
loss: 0.1588, acc: 0.9476
loss: 0.1601, acc: 0.9465
loss: 0.1605, acc: 0.9460
loss: 0.1578, acc: 0.9473
loss: 0.1595, acc: 0.9464
loss: 0.1607, acc: 0.9466
loss: 0.1592, acc: 0.9468
loss: 0.1583, acc: 0.9466
loss: 0.1591, acc: 0.9459
> val_acc: 0.7804, val_f1: 0.6345
>>>>>>>>>>>>>>>>>>>>>>>>>>>>>>>>>>>>>>>>>>>>>>>>>>>>>>>>>>>>>>>>>>>>>>>>>>>>>>>>>>>>>>>>>>>>>>>>>>>>
epoch: 19
loss: 0.1405, acc: 0.9479
loss: 0.1402, acc: 0.9531
loss: 0.1414, acc: 0.9567
loss: 0.1348, acc: 0.9583
loss: 0.1389, acc: 0.9592
loss: 0.1455, acc: 0.9587
loss: 0.1423, acc: 0.9612
loss: 0.1516, acc: 0.9572
loss: 0.1504, acc: 0.9571
loss: 0.1523, acc: 0.9551
loss: 0.1552, acc: 0.9517
loss: 0.1524, acc: 0.9526
loss: 0.1493, acc: 0.9539
loss: 0.1515, acc: 0.9522
loss: 0.1541, acc: 0.9499
loss: 0.1526, acc: 0.9511
loss: 0.1530, acc: 0.9511
loss: 0.1545, acc: 0.9496
loss: 0.1554, acc: 0.9493
loss: 0.1546, acc: 0.9493
loss: 0.1550, acc: 0.9487
loss: 0.1588, acc: 0.9476
loss: 0.1583, acc: 0.9482
> val_acc: 0.7893, val_f1: 0.6540
>>>>>>>>>>>>>>>>>>>>>>>>>>>>>>>>>>>>>>>>>>>>>>>>>>>>>>>>>>>>>>>>>>>>>>>>>>>>>>>>>>>>>>>>>>>>>>>>>>>>
epoch: 20
loss: 0.1667, acc: 0.9375
loss: 0.1638, acc: 0.9531
loss: 0.1568, acc: 0.9521
loss: 0.1438, acc: 0.9531
loss: 0.1448, acc: 0.9513
loss: 0.1435, acc: 0.9521
loss: 0.1429, acc: 0.9554
loss: 0.1462, acc: 0.9539
loss: 0.1490, acc: 0.9514
loss: 0.1501, acc: 0.9500
loss: 0.1507, acc: 0.9500
loss: 0.1495, acc: 0.9510
loss: 0.1507, acc: 0.9510
loss: 0.1501, acc: 0.9513
loss: 0.1498, acc: 0.9525
loss: 0.1475, acc: 0.9527
loss: 0.1458, acc: 0.9537
loss: 0.1478, acc: 0.9524
loss: 0.1467, acc: 0.9536
loss: 0.1477, acc: 0.9525
loss: 0.1495, acc: 0.9509
loss: 0.1488, acc: 0.9509
> val_acc: 0.7866, val_f1: 0.6441
>>>>>>>>>>>>>>>>>>>>>>>>>>>>>>>>>>>>>>>>>>>>>>>>>>>>>>>>>>>>>>>>>>>>>>>>>>>>>>>>>>>>>>>>>>>>>>>>>>>>
epoch: 21
loss: 0.1089, acc: 0.9531
loss: 0.1206, acc: 0.9509
loss: 0.1254, acc: 0.9557
loss: 0.1153, acc: 0.9596
loss: 0.1175, acc: 0.9588
loss: 0.1187, acc: 0.9572
loss: 0.1226, acc: 0.9570
loss: 0.1220, acc: 0.9586
loss: 0.1271, acc: 0.9568
loss: 0.1341, acc: 0.9548
loss: 0.1370, acc: 0.9537
loss: 0.1401, acc: 0.9518
loss: 0.1384, acc: 0.9521
loss: 0.1398, acc: 0.9515
loss: 0.1418, acc: 0.9501
loss: 0.1429, acc: 0.9509
loss: 0.1431, acc: 0.9505
loss: 0.1423, acc: 0.9501
loss: 0.1450, acc: 0.9487
loss: 0.1450, acc: 0.9501
loss: 0.1462, acc: 0.9498
loss: 0.1449, acc: 0.9506
loss: 0.1449, acc: 0.9506
> val_acc: 0.7866, val_f1: 0.6525
>>>>>>>>>>>>>>>>>>>>>>>>>>>>>>>>>>>>>>>>>>>>>>>>>>>>>>>>>>>>>>>>>>>>>>>>>>>>>>>>>>>>>>>>>>>>>>>>>>>>
epoch: 22
loss: 0.1403, acc: 0.9453
loss: 0.1126, acc: 0.9583
loss: 0.1060, acc: 0.9621
loss: 0.1110, acc: 0.9589
loss: 0.1205, acc: 0.9531
loss: 0.1316, acc: 0.9504
loss: 0.1316, acc: 0.9522
loss: 0.1300, acc: 0.9551
loss: 0.1313, acc: 0.9524
loss: 0.1319, acc: 0.9528
loss: 0.1342, acc: 0.9514
loss: 0.1336, acc: 0.9518
loss: 0.1376, acc: 0.9502
loss: 0.1392, acc: 0.9493
loss: 0.1400, acc: 0.9493
loss: 0.1395, acc: 0.9502
loss: 0.1424, acc: 0.9490
loss: 0.1444, acc: 0.9477
loss: 0.1441, acc: 0.9471
loss: 0.1461, acc: 0.9463
loss: 0.1458, acc: 0.9462
loss: 0.1466, acc: 0.9464
> val_acc: 0.7857, val_f1: 0.6447
>>>>>>>>>>>>>>>>>>>>>>>>>>>>>>>>>>>>>>>>>>>>>>>>>>>>>>>>>>>>>>>>>>>>>>>>>>>>>>>>>>>>>>>>>>>>>>>>>>>>
epoch: 23
loss: 0.2346, acc: 0.9062
loss: 0.1123, acc: 0.9688
loss: 0.1096, acc: 0.9744
loss: 0.1126, acc: 0.9707
loss: 0.1145, acc: 0.9658
loss: 0.1204, acc: 0.9603
loss: 0.1195, acc: 0.9627
loss: 0.1249, acc: 0.9575
loss: 0.1230, acc: 0.9588
loss: 0.1261, acc: 0.9579
loss: 0.1297, acc: 0.9565
loss: 0.1305, acc: 0.9576
loss: 0.1293, acc: 0.9590
loss: 0.1293, acc: 0.9593
loss: 0.1305, acc: 0.9577
loss: 0.1317, acc: 0.9564
loss: 0.1321, acc: 0.9560
loss: 0.1311, acc: 0.9571
loss: 0.1327, acc: 0.9567
loss: 0.1319, acc: 0.9567
loss: 0.1333, acc: 0.9554
loss: 0.1372, acc: 0.9534
loss: 0.1401, acc: 0.9524
> val_acc: 0.7857, val_f1: 0.6439
>>>>>>>>>>>>>>>>>>>>>>>>>>>>>>>>>>>>>>>>>>>>>>>>>>>>>>>>>>>>>>>>>>>>>>>>>>>>>>>>>>>>>>>>>>>>>>>>>>>>
epoch: 24
loss: 0.0733, acc: 0.9896
loss: 0.0629, acc: 0.9922
loss: 0.0936, acc: 0.9808
loss: 0.1035, acc: 0.9774
loss: 0.1099, acc: 0.9742
loss: 0.1223, acc: 0.9688
loss: 0.1184, acc: 0.9688
loss: 0.1189, acc: 0.9663
loss: 0.1197, acc: 0.9658
loss: 0.1210, acc: 0.9642
loss: 0.1226, acc: 0.9640
loss: 0.1250, acc: 0.9634
loss: 0.1285, acc: 0.9618
loss: 0.1305, acc: 0.9609
loss: 0.1357, acc: 0.9585
loss: 0.1320, acc: 0.9603
loss: 0.1319, acc: 0.9597
loss: 0.1332, acc: 0.9592
loss: 0.1344, acc: 0.9583
loss: 0.1357, acc: 0.9573
loss: 0.1353, acc: 0.9572
loss: 0.1357, acc: 0.9575
loss: 0.1342, acc: 0.9584
> val_acc: 0.7777, val_f1: 0.6424
>>>>>>>>>>>>>>>>>>>>>>>>>>>>>>>>>>>>>>>>>>>>>>>>>>>>>>>>>>>>>>>>>>>>>>>>>>>>>>>>>>>>>>>>>>>>>>>>>>>>
epoch: 25
loss: 0.1130, acc: 0.9688
loss: 0.1178, acc: 0.9719
loss: 0.1161, acc: 0.9708
loss: 0.1266, acc: 0.9625
loss: 0.1267, acc: 0.9625
loss: 0.1300, acc: 0.9594
loss: 0.1311, acc: 0.9598
loss: 0.1272, acc: 0.9602
loss: 0.1230, acc: 0.9625
loss: 0.1255, acc: 0.9625
loss: 0.1247, acc: 0.9636
loss: 0.1218, acc: 0.9651
loss: 0.1238, acc: 0.9635
loss: 0.1228, acc: 0.9634
loss: 0.1238, acc: 0.9625
loss: 0.1271, acc: 0.9602
loss: 0.1255, acc: 0.9599
loss: 0.1287, acc: 0.9580
loss: 0.1289, acc: 0.9582
loss: 0.1276, acc: 0.9581
loss: 0.1293, acc: 0.9563
loss: 0.1287, acc: 0.9563
> val_acc: 0.7804, val_f1: 0.6390
>>>>>>>>>>>>>>>>>>>>>>>>>>>>>>>>>>>>>>>>>>>>>>>>>>>>>>>>>>>>>>>>>>>>>>>>>>>>>>>>>>>>>>>>>>>>>>>>>>>>
epoch: 26
loss: 0.1113, acc: 0.9688
loss: 0.1356, acc: 0.9509
loss: 0.1404, acc: 0.9505
loss: 0.1354, acc: 0.9540
loss: 0.1351, acc: 0.9517
loss: 0.1327, acc: 0.9537
loss: 0.1356, acc: 0.9541
loss: 0.1313, acc: 0.9578
loss: 0.1344, acc: 0.9554
loss: 0.1341, acc: 0.9561
loss: 0.1321, acc: 0.9567
loss: 0.1329, acc: 0.9572
loss: 0.1332, acc: 0.9567
loss: 0.1337, acc: 0.9562
loss: 0.1310, acc: 0.9579
loss: 0.1299, acc: 0.9574
loss: 0.1304, acc: 0.9566
loss: 0.1305, acc: 0.9562
loss: 0.1306, acc: 0.9565
loss: 0.1350, acc: 0.9549
loss: 0.1367, acc: 0.9547
loss: 0.1386, acc: 0.9544
loss: 0.1393, acc: 0.9540
> val_acc: 0.7821, val_f1: 0.6400
>>>>>>>>>>>>>>>>>>>>>>>>>>>>>>>>>>>>>>>>>>>>>>>>>>>>>>>>>>>>>>>>>>>>>>>>>>>>>>>>>>>>>>>>>>>>>>>>>>>>
epoch: 27
loss: 0.1661, acc: 0.9375
loss: 0.1151, acc: 0.9618
loss: 0.1132, acc: 0.9621
loss: 0.1176, acc: 0.9605
loss: 0.1199, acc: 0.9609
loss: 0.1152, acc: 0.9644
loss: 0.1170, acc: 0.9614
loss: 0.1267, acc: 0.9583
loss: 0.1274, acc: 0.9595
loss: 0.1306, acc: 0.9560
loss: 0.1269, acc: 0.9572
loss: 0.1256, acc: 0.9582
loss: 0.1269, acc: 0.9575
loss: 0.1293, acc: 0.9574
loss: 0.1293, acc: 0.9569
loss: 0.1274, acc: 0.9573
loss: 0.1257, acc: 0.9583
loss: 0.1266, acc: 0.9579
loss: 0.1257, acc: 0.9578
loss: 0.1260, acc: 0.9577
loss: 0.1287, acc: 0.9570
loss: 0.1311, acc: 0.9550
> val_acc: 0.7830, val_f1: 0.6400
>>>>>>>>>>>>>>>>>>>>>>>>>>>>>>>>>>>>>>>>>>>>>>>>>>>>>>>>>>>>>>>>>>>>>>>>>>>>>>>>>>>>>>>>>>>>>>>>>>>>
epoch: 28
loss: 0.1943, acc: 0.8750
loss: 0.1141, acc: 0.9583
loss: 0.1043, acc: 0.9688
loss: 0.1013, acc: 0.9707
loss: 0.1001, acc: 0.9688
loss: 0.0993, acc: 0.9700
loss: 0.1070, acc: 0.9637
loss: 0.1143, acc: 0.9592
loss: 0.1170, acc: 0.9581
loss: 0.1186, acc: 0.9572
loss: 0.1187, acc: 0.9596
loss: 0.1197, acc: 0.9581
loss: 0.1193, acc: 0.9590
loss: 0.1202, acc: 0.9593
loss: 0.1202, acc: 0.9591
loss: 0.1216, acc: 0.9581
loss: 0.1213, acc: 0.9591
loss: 0.1208, acc: 0.9593
loss: 0.1194, acc: 0.9602
loss: 0.1232, acc: 0.9583
loss: 0.1239, acc: 0.9582
loss: 0.1234, acc: 0.9584
loss: 0.1251, acc: 0.9578
> val_acc: 0.7804, val_f1: 0.6507
>>>>>>>>>>>>>>>>>>>>>>>>>>>>>>>>>>>>>>>>>>>>>>>>>>>>>>>>>>>>>>>>>>>>>>>>>>>>>>>>>>>>>>>>>>>>>>>>>>>>
epoch: 29
loss: 0.0648, acc: 0.9896
loss: 0.0933, acc: 0.9766
loss: 0.1107, acc: 0.9639
loss: 0.1248, acc: 0.9635
loss: 0.1173, acc: 0.9674
loss: 0.1189, acc: 0.9632
loss: 0.1222, acc: 0.9593
loss: 0.1228, acc: 0.9572
loss: 0.1180, acc: 0.9600
loss: 0.1195, acc: 0.9596
loss: 0.1241, acc: 0.9558
loss: 0.1303, acc: 0.9537
loss: 0.1319, acc: 0.9529
loss: 0.1320, acc: 0.9522
loss: 0.1316, acc: 0.9538
loss: 0.1305, acc: 0.9551
loss: 0.1305, acc: 0.9544
loss: 0.1306, acc: 0.9545
loss: 0.1324, acc: 0.9536
loss: 0.1324, acc: 0.9534
loss: 0.1343, acc: 0.9524
loss: 0.1336, acc: 0.9525
loss: 0.1355, acc: 0.9521
> val_acc: 0.7804, val_f1: 0.6333
>> test_acc: 0.7937, test_f1: 0.6817
