cuda memory allocated: 19891200
n_trainable_params: 3206003, n_nontrainable_params: 1764800
> training arguments:
>>> model_name: gc_ian
>>> dataset: restaurant
>>> optimizer: <class 'torch.optim.adagrad.Adagrad'>
>>> initializer: <function xavier_uniform_ at 0x000001DD14DC76A8>
>>> learning_rate: 0.01
>>> momentum: 0.95
>>> dropout: 0.5
>>> l2reg: 5e-05
>>> num_epoch: 30
>>> batch_size: 32
>>> log_step: 5
>>> embed_dim: 400
>>> hidden_dim: 300
>>> bert_dim: 768
>>> pretrained_bert_name: bert-base-uncased
>>> embeddings: gd
>>> max_seq_len: 80
>>> polarities_dim: 3
>>> hops: 3
>>> device: cuda
>>> seed: 10
>>> valset_ratio: 0
>>> num_layers: 1
>>> in_channels: 100
>>> out_channels: 1
>>> downbot: 20
>>> kernel_size: 3
>>> glove_path: ./embeddings/glove.840B.300d.txt
>>> embedding_matrix_path: gen_data/embeddings/400_restaurant_glove_domain_embedding_matrix.dat
>>> model_class: <class 'models.gc_ian.GC_IAN'>
>>> dataset_file: {'train': './datasets/semeval14/Restaurants_Train.xml.seg', 'test': './datasets/semeval14/Restaurants_Test_Gold.xml.seg'}
>>> inputs_cols: ['text_raw_indices', 'aspect_indices']
>>>>>>>>>>>>>>>>>>>>>>>>>>>>>>>>>>>>>>>>>>>>>>>>>>>>>>>>>>>>>>>>>>>>>>>>>>>>>>>>>>>>>>>>>>>>>>>>>>>>
epoch: 0
loss: 2.3617, acc: 0.4562
loss: 1.7577, acc: 0.4844
loss: 1.5773, acc: 0.4917
loss: 1.4351, acc: 0.5062
loss: 1.3215, acc: 0.5250
loss: 1.2411, acc: 0.5375
loss: 1.1968, acc: 0.5518
loss: 1.1610, acc: 0.5555
loss: 1.1232, acc: 0.5653
loss: 1.0940, acc: 0.5713
loss: 1.0750, acc: 0.5761
loss: 1.0460, acc: 0.5833
loss: 1.0275, acc: 0.5851
loss: 1.0024, acc: 0.5964
loss: 0.9816, acc: 0.6033
loss: 0.9671, acc: 0.6082
loss: 0.9492, acc: 0.6154
loss: 0.9330, acc: 0.6205
loss: 0.9226, acc: 0.6234
loss: 0.9068, acc: 0.6306
loss: 0.8945, acc: 0.6348
loss: 0.8837, acc: 0.6395
> val_acc: 0.7536, val_f1: 0.5721
>> saved: state_dict/gc_ian_restaurant_val_acc0.7536
>>>>>>>>>>>>>>>>>>>>>>>>>>>>>>>>>>>>>>>>>>>>>>>>>>>>>>>>>>>>>>>>>>>>>>>>>>>>>>>>>>>>>>>>>>>>>>>>>>>>
epoch: 1
loss: 0.5236, acc: 0.7500
loss: 0.5493, acc: 0.7723
loss: 0.5742, acc: 0.7891
loss: 0.5678, acc: 0.7757
loss: 0.5705, acc: 0.7685
loss: 0.5745, acc: 0.7662
loss: 0.5751, acc: 0.7666
loss: 0.5797, acc: 0.7652
loss: 0.5793, acc: 0.7634
loss: 0.5710, acc: 0.7686
loss: 0.5663, acc: 0.7698
loss: 0.5617, acc: 0.7719
loss: 0.5585, acc: 0.7742
loss: 0.5533, acc: 0.7803
loss: 0.5538, acc: 0.7782
loss: 0.5536, acc: 0.7800
loss: 0.5566, acc: 0.7778
loss: 0.5538, acc: 0.7802
loss: 0.5568, acc: 0.7785
loss: 0.5607, acc: 0.7761
loss: 0.5606, acc: 0.7748
loss: 0.5609, acc: 0.7751
loss: 0.5581, acc: 0.7765
> val_acc: 0.7848, val_f1: 0.6564
>> saved: state_dict/gc_ian_restaurant_val_acc0.7848
>>>>>>>>>>>>>>>>>>>>>>>>>>>>>>>>>>>>>>>>>>>>>>>>>>>>>>>>>>>>>>>>>>>>>>>>>>>>>>>>>>>>>>>>>>>>>>>>>>>>
epoch: 2
loss: 0.4582, acc: 0.8125
loss: 0.4599, acc: 0.8229
loss: 0.4876, acc: 0.8080
loss: 0.4848, acc: 0.8092
loss: 0.4788, acc: 0.8125
loss: 0.4768, acc: 0.8168
loss: 0.4761, acc: 0.8134
loss: 0.4773, acc: 0.8117
loss: 0.4748, acc: 0.8139
loss: 0.4786, acc: 0.8119
loss: 0.4718, acc: 0.8160
loss: 0.4790, acc: 0.8146
loss: 0.4845, acc: 0.8125
loss: 0.4845, acc: 0.8125
loss: 0.4791, acc: 0.8159
loss: 0.4784, acc: 0.8161
loss: 0.4801, acc: 0.8147
loss: 0.4793, acc: 0.8136
loss: 0.4765, acc: 0.8145
loss: 0.4723, acc: 0.8163
loss: 0.4698, acc: 0.8176
loss: 0.4678, acc: 0.8182
> val_acc: 0.7848, val_f1: 0.6631
>>>>>>>>>>>>>>>>>>>>>>>>>>>>>>>>>>>>>>>>>>>>>>>>>>>>>>>>>>>>>>>>>>>>>>>>>>>>>>>>>>>>>>>>>>>>>>>>>>>>
epoch: 3
loss: 0.4127, acc: 0.8438
loss: 0.3574, acc: 0.8750
loss: 0.4003, acc: 0.8608
loss: 0.3873, acc: 0.8633
loss: 0.3963, acc: 0.8586
loss: 0.4101, acc: 0.8522
loss: 0.4065, acc: 0.8468
loss: 0.4111, acc: 0.8490
loss: 0.4063, acc: 0.8483
loss: 0.4013, acc: 0.8526
loss: 0.3987, acc: 0.8529
loss: 0.4064, acc: 0.8454
loss: 0.4031, acc: 0.8468
loss: 0.4073, acc: 0.8452
loss: 0.4062, acc: 0.8468
loss: 0.4081, acc: 0.8454
loss: 0.4068, acc: 0.8445
loss: 0.4072, acc: 0.8430
loss: 0.4073, acc: 0.8420
loss: 0.4044, acc: 0.8444
loss: 0.4026, acc: 0.8456
loss: 0.4051, acc: 0.8438
loss: 0.4055, acc: 0.8438
> val_acc: 0.7964, val_f1: 0.6741
>> saved: state_dict/gc_ian_restaurant_val_acc0.7964
>>>>>>>>>>>>>>>>>>>>>>>>>>>>>>>>>>>>>>>>>>>>>>>>>>>>>>>>>>>>>>>>>>>>>>>>>>>>>>>>>>>>>>>>>>>>>>>>>>>>
epoch: 4
loss: 0.3155, acc: 0.8646
loss: 0.3361, acc: 0.8711
loss: 0.3370, acc: 0.8798
loss: 0.3265, acc: 0.8819
loss: 0.3420, acc: 0.8736
loss: 0.3430, acc: 0.8705
loss: 0.3394, acc: 0.8741
loss: 0.3333, acc: 0.8775
loss: 0.3407, acc: 0.8721
loss: 0.3420, acc: 0.8724
loss: 0.3417, acc: 0.8703
loss: 0.3455, acc: 0.8680
loss: 0.3476, acc: 0.8705
loss: 0.3479, acc: 0.8704
loss: 0.3444, acc: 0.8716
loss: 0.3490, acc: 0.8686
loss: 0.3549, acc: 0.8656
loss: 0.3574, acc: 0.8647
loss: 0.3576, acc: 0.8649
loss: 0.3589, acc: 0.8638
loss: 0.3571, acc: 0.8653
loss: 0.3536, acc: 0.8669
loss: 0.3520, acc: 0.8678
> val_acc: 0.7920, val_f1: 0.6601
>>>>>>>>>>>>>>>>>>>>>>>>>>>>>>>>>>>>>>>>>>>>>>>>>>>>>>>>>>>>>>>>>>>>>>>>>>>>>>>>>>>>>>>>>>>>>>>>>>>>
epoch: 5
loss: 0.2756, acc: 0.9187
loss: 0.2658, acc: 0.9313
loss: 0.2759, acc: 0.9187
loss: 0.2997, acc: 0.9062
loss: 0.3080, acc: 0.9038
loss: 0.3171, acc: 0.8979
loss: 0.3306, acc: 0.8911
loss: 0.3229, acc: 0.8945
loss: 0.3263, acc: 0.8951
loss: 0.3260, acc: 0.8950
loss: 0.3203, acc: 0.8960
loss: 0.3212, acc: 0.8953
loss: 0.3170, acc: 0.8952
loss: 0.3185, acc: 0.8924
loss: 0.3144, acc: 0.8929
loss: 0.3091, acc: 0.8965
loss: 0.3080, acc: 0.8974
loss: 0.3047, acc: 0.9003
loss: 0.3044, acc: 0.9003
loss: 0.3102, acc: 0.8969
loss: 0.3159, acc: 0.8935
loss: 0.3189, acc: 0.8912
> val_acc: 0.7946, val_f1: 0.6721
>>>>>>>>>>>>>>>>>>>>>>>>>>>>>>>>>>>>>>>>>>>>>>>>>>>>>>>>>>>>>>>>>>>>>>>>>>>>>>>>>>>>>>>>>>>>>>>>>>>>
epoch: 6
loss: 0.2726, acc: 0.9219
loss: 0.2628, acc: 0.9241
loss: 0.2529, acc: 0.9271
loss: 0.2602, acc: 0.9265
loss: 0.2589, acc: 0.9261
loss: 0.2584, acc: 0.9259
loss: 0.2708, acc: 0.9150
loss: 0.2769, acc: 0.9122
loss: 0.2743, acc: 0.9122
loss: 0.2734, acc: 0.9136
loss: 0.2699, acc: 0.9147
loss: 0.2720, acc: 0.9145
loss: 0.2717, acc: 0.9143
loss: 0.2682, acc: 0.9170
loss: 0.2720, acc: 0.9149
loss: 0.2694, acc: 0.9168
loss: 0.2750, acc: 0.9139
loss: 0.2761, acc: 0.9124
loss: 0.2805, acc: 0.9096
loss: 0.2828, acc: 0.9079
loss: 0.2821, acc: 0.9087
loss: 0.2839, acc: 0.9077
loss: 0.2861, acc: 0.9060
> val_acc: 0.7937, val_f1: 0.6691
>>>>>>>>>>>>>>>>>>>>>>>>>>>>>>>>>>>>>>>>>>>>>>>>>>>>>>>>>>>>>>>>>>>>>>>>>>>>>>>>>>>>>>>>>>>>>>>>>>>>
epoch: 7
loss: 0.2005, acc: 0.9609
loss: 0.2255, acc: 0.9410
loss: 0.2169, acc: 0.9420
loss: 0.2544, acc: 0.9194
loss: 0.2518, acc: 0.9232
loss: 0.2533, acc: 0.9224
loss: 0.2550, acc: 0.9200
loss: 0.2469, acc: 0.9247
loss: 0.2470, acc: 0.9240
loss: 0.2423, acc: 0.9254
loss: 0.2452, acc: 0.9213
loss: 0.2419, acc: 0.9232
loss: 0.2470, acc: 0.9204
loss: 0.2497, acc: 0.9185
loss: 0.2535, acc: 0.9155
loss: 0.2552, acc: 0.9161
loss: 0.2532, acc: 0.9178
loss: 0.2546, acc: 0.9161
loss: 0.2536, acc: 0.9162
loss: 0.2548, acc: 0.9157
loss: 0.2533, acc: 0.9159
loss: 0.2555, acc: 0.9151
> val_acc: 0.7920, val_f1: 0.6711
>>>>>>>>>>>>>>>>>>>>>>>>>>>>>>>>>>>>>>>>>>>>>>>>>>>>>>>>>>>>>>>>>>>>>>>>>>>>>>>>>>>>>>>>>>>>>>>>>>>>
epoch: 8
loss: 0.2557, acc: 0.8438
loss: 0.2223, acc: 0.9271
loss: 0.2335, acc: 0.9290
loss: 0.2328, acc: 0.9297
loss: 0.2271, acc: 0.9286
loss: 0.2285, acc: 0.9291
loss: 0.2227, acc: 0.9304
loss: 0.2269, acc: 0.9306
loss: 0.2265, acc: 0.9291
loss: 0.2301, acc: 0.9287
loss: 0.2277, acc: 0.9277
loss: 0.2303, acc: 0.9258
loss: 0.2319, acc: 0.9242
loss: 0.2299, acc: 0.9261
loss: 0.2319, acc: 0.9256
loss: 0.2290, acc: 0.9264
loss: 0.2340, acc: 0.9240
loss: 0.2330, acc: 0.9244
loss: 0.2312, acc: 0.9245
loss: 0.2333, acc: 0.9219
loss: 0.2328, acc: 0.9217
loss: 0.2349, acc: 0.9207
loss: 0.2334, acc: 0.9223
> val_acc: 0.7884, val_f1: 0.6714
>>>>>>>>>>>>>>>>>>>>>>>>>>>>>>>>>>>>>>>>>>>>>>>>>>>>>>>>>>>>>>>>>>>>>>>>>>>>>>>>>>>>>>>>>>>>>>>>>>>>
epoch: 9
loss: 0.2644, acc: 0.8958
loss: 0.2140, acc: 0.9180
loss: 0.2051, acc: 0.9279
loss: 0.1922, acc: 0.9410
loss: 0.1883, acc: 0.9443
loss: 0.1947, acc: 0.9397
loss: 0.1880, acc: 0.9422
loss: 0.1910, acc: 0.9416
loss: 0.1882, acc: 0.9426
loss: 0.1912, acc: 0.9382
loss: 0.1948, acc: 0.9387
loss: 0.1993, acc: 0.9348
loss: 0.1970, acc: 0.9355
loss: 0.1959, acc: 0.9361
loss: 0.2019, acc: 0.9328
loss: 0.2089, acc: 0.9299
loss: 0.2121, acc: 0.9281
loss: 0.2089, acc: 0.9300
loss: 0.2113, acc: 0.9278
loss: 0.2151, acc: 0.9260
loss: 0.2165, acc: 0.9257
loss: 0.2162, acc: 0.9253
loss: 0.2162, acc: 0.9257
> val_acc: 0.7830, val_f1: 0.6476
>>>>>>>>>>>>>>>>>>>>>>>>>>>>>>>>>>>>>>>>>>>>>>>>>>>>>>>>>>>>>>>>>>>>>>>>>>>>>>>>>>>>>>>>>>>>>>>>>>>>
epoch: 10
loss: 0.1850, acc: 0.9375
loss: 0.1952, acc: 0.9281
loss: 0.1904, acc: 0.9396
loss: 0.1889, acc: 0.9359
loss: 0.1812, acc: 0.9437
loss: 0.1892, acc: 0.9417
loss: 0.1879, acc: 0.9429
loss: 0.1886, acc: 0.9398
loss: 0.1936, acc: 0.9382
loss: 0.1990, acc: 0.9356
loss: 0.2008, acc: 0.9352
loss: 0.2011, acc: 0.9359
loss: 0.2041, acc: 0.9346
loss: 0.2036, acc: 0.9339
loss: 0.2036, acc: 0.9329
loss: 0.2052, acc: 0.9320
loss: 0.2028, acc: 0.9335
loss: 0.2060, acc: 0.9316
loss: 0.2084, acc: 0.9309
loss: 0.2073, acc: 0.9319
loss: 0.2093, acc: 0.9304
loss: 0.2068, acc: 0.9315
> val_acc: 0.7857, val_f1: 0.6484
>>>>>>>>>>>>>>>>>>>>>>>>>>>>>>>>>>>>>>>>>>>>>>>>>>>>>>>>>>>>>>>>>>>>>>>>>>>>>>>>>>>>>>>>>>>>>>>>>>>>
epoch: 11
loss: 0.2744, acc: 0.8750
loss: 0.1824, acc: 0.9375
loss: 0.1769, acc: 0.9479
loss: 0.1770, acc: 0.9485
loss: 0.1762, acc: 0.9517
loss: 0.1770, acc: 0.9491
loss: 0.1805, acc: 0.9473
loss: 0.1819, acc: 0.9468
loss: 0.1920, acc: 0.9390
loss: 0.1939, acc: 0.9368
loss: 0.1886, acc: 0.9393
loss: 0.1891, acc: 0.9402
loss: 0.1907, acc: 0.9385
loss: 0.1905, acc: 0.9384
loss: 0.1884, acc: 0.9388
loss: 0.1856, acc: 0.9395
loss: 0.1864, acc: 0.9394
loss: 0.1849, acc: 0.9397
loss: 0.1866, acc: 0.9399
loss: 0.1873, acc: 0.9391
loss: 0.1883, acc: 0.9390
loss: 0.1905, acc: 0.9378
loss: 0.1924, acc: 0.9369
> val_acc: 0.7848, val_f1: 0.6613
>>>>>>>>>>>>>>>>>>>>>>>>>>>>>>>>>>>>>>>>>>>>>>>>>>>>>>>>>>>>>>>>>>>>>>>>>>>>>>>>>>>>>>>>>>>>>>>>>>>>
epoch: 12
loss: 0.1456, acc: 0.9609
loss: 0.1509, acc: 0.9583
loss: 0.1696, acc: 0.9487
loss: 0.1652, acc: 0.9507
loss: 0.1659, acc: 0.9505
loss: 0.1672, acc: 0.9537
loss: 0.1708, acc: 0.9522
loss: 0.1721, acc: 0.9503
loss: 0.1780, acc: 0.9453
loss: 0.1780, acc: 0.9458
loss: 0.1764, acc: 0.9450
loss: 0.1777, acc: 0.9454
loss: 0.1762, acc: 0.9468
loss: 0.1765, acc: 0.9470
loss: 0.1786, acc: 0.9468
loss: 0.1764, acc: 0.9474
loss: 0.1787, acc: 0.9464
loss: 0.1780, acc: 0.9456
loss: 0.1783, acc: 0.9455
loss: 0.1772, acc: 0.9460
loss: 0.1793, acc: 0.9450
loss: 0.1805, acc: 0.9450
> val_acc: 0.7866, val_f1: 0.6464
>>>>>>>>>>>>>>>>>>>>>>>>>>>>>>>>>>>>>>>>>>>>>>>>>>>>>>>>>>>>>>>>>>>>>>>>>>>>>>>>>>>>>>>>>>>>>>>>>>>>
epoch: 13
loss: 0.1102, acc: 1.0000
loss: 0.1983, acc: 0.9531
loss: 0.1664, acc: 0.9631
loss: 0.1721, acc: 0.9551
loss: 0.1633, acc: 0.9539
loss: 0.1645, acc: 0.9507
loss: 0.1654, acc: 0.9506
loss: 0.1676, acc: 0.9497
loss: 0.1651, acc: 0.9512
loss: 0.1655, acc: 0.9511
loss: 0.1697, acc: 0.9491
loss: 0.1653, acc: 0.9515
loss: 0.1669, acc: 0.9508
loss: 0.1710, acc: 0.9493
loss: 0.1724, acc: 0.9472
loss: 0.1715, acc: 0.9470
loss: 0.1714, acc: 0.9471
loss: 0.1706, acc: 0.9466
loss: 0.1702, acc: 0.9457
loss: 0.1703, acc: 0.9463
loss: 0.1687, acc: 0.9465
loss: 0.1683, acc: 0.9475
loss: 0.1696, acc: 0.9462
> val_acc: 0.7866, val_f1: 0.6407
>>>>>>>>>>>>>>>>>>>>>>>>>>>>>>>>>>>>>>>>>>>>>>>>>>>>>>>>>>>>>>>>>>>>>>>>>>>>>>>>>>>>>>>>>>>>>>>>>>>>
epoch: 14
loss: 0.0990, acc: 0.9896
loss: 0.1551, acc: 0.9609
loss: 0.1392, acc: 0.9639
loss: 0.1297, acc: 0.9653
loss: 0.1371, acc: 0.9592
loss: 0.1408, acc: 0.9587
loss: 0.1510, acc: 0.9545
loss: 0.1456, acc: 0.9597
loss: 0.1530, acc: 0.9571
loss: 0.1566, acc: 0.9544
loss: 0.1579, acc: 0.9522
loss: 0.1536, acc: 0.9542
loss: 0.1547, acc: 0.9529
loss: 0.1538, acc: 0.9527
loss: 0.1581, acc: 0.9499
loss: 0.1569, acc: 0.9511
loss: 0.1600, acc: 0.9492
loss: 0.1638, acc: 0.9482
loss: 0.1645, acc: 0.9469
loss: 0.1660, acc: 0.9461
loss: 0.1665, acc: 0.9454
loss: 0.1665, acc: 0.9453
loss: 0.1678, acc: 0.9451
> val_acc: 0.7777, val_f1: 0.6498
>>>>>>>>>>>>>>>>>>>>>>>>>>>>>>>>>>>>>>>>>>>>>>>>>>>>>>>>>>>>>>>>>>>>>>>>>>>>>>>>>>>>>>>>>>>>>>>>>>>>
epoch: 15
loss: 0.1609, acc: 0.9437
loss: 0.1648, acc: 0.9437
loss: 0.1558, acc: 0.9479
loss: 0.1570, acc: 0.9484
loss: 0.1499, acc: 0.9513
loss: 0.1518, acc: 0.9500
loss: 0.1514, acc: 0.9509
loss: 0.1569, acc: 0.9492
loss: 0.1546, acc: 0.9521
loss: 0.1554, acc: 0.9531
loss: 0.1579, acc: 0.9528
loss: 0.1540, acc: 0.9547
loss: 0.1526, acc: 0.9548
loss: 0.1496, acc: 0.9571
loss: 0.1514, acc: 0.9563
loss: 0.1522, acc: 0.9559
loss: 0.1513, acc: 0.9570
loss: 0.1507, acc: 0.9573
loss: 0.1524, acc: 0.9563
loss: 0.1556, acc: 0.9544
loss: 0.1577, acc: 0.9524
loss: 0.1570, acc: 0.9523
> val_acc: 0.7786, val_f1: 0.6360
>>>>>>>>>>>>>>>>>>>>>>>>>>>>>>>>>>>>>>>>>>>>>>>>>>>>>>>>>>>>>>>>>>>>>>>>>>>>>>>>>>>>>>>>>>>>>>>>>>>>
epoch: 16
loss: 0.0795, acc: 1.0000
loss: 0.1040, acc: 0.9821
loss: 0.1134, acc: 0.9792
loss: 0.1240, acc: 0.9706
loss: 0.1249, acc: 0.9688
loss: 0.1251, acc: 0.9676
loss: 0.1233, acc: 0.9658
loss: 0.1301, acc: 0.9603
loss: 0.1333, acc: 0.9583
loss: 0.1369, acc: 0.9594
loss: 0.1362, acc: 0.9597
loss: 0.1349, acc: 0.9605
loss: 0.1344, acc: 0.9602
loss: 0.1369, acc: 0.9585
loss: 0.1385, acc: 0.9570
loss: 0.1379, acc: 0.9570
loss: 0.1405, acc: 0.9562
loss: 0.1436, acc: 0.9555
loss: 0.1432, acc: 0.9552
loss: 0.1444, acc: 0.9549
loss: 0.1467, acc: 0.9537
loss: 0.1489, acc: 0.9524
loss: 0.1503, acc: 0.9520
> val_acc: 0.7902, val_f1: 0.6658
>>>>>>>>>>>>>>>>>>>>>>>>>>>>>>>>>>>>>>>>>>>>>>>>>>>>>>>>>>>>>>>>>>>>>>>>>>>>>>>>>>>>>>>>>>>>>>>>>>>>
epoch: 17
loss: 0.1166, acc: 0.9844
loss: 0.1283, acc: 0.9653
loss: 0.1328, acc: 0.9665
loss: 0.1230, acc: 0.9720
loss: 0.1231, acc: 0.9714
loss: 0.1260, acc: 0.9698
loss: 0.1197, acc: 0.9715
loss: 0.1263, acc: 0.9671
loss: 0.1312, acc: 0.9666
loss: 0.1283, acc: 0.9668
loss: 0.1321, acc: 0.9624
loss: 0.1338, acc: 0.9619
loss: 0.1357, acc: 0.9619
loss: 0.1322, acc: 0.9638
loss: 0.1332, acc: 0.9641
loss: 0.1329, acc: 0.9644
loss: 0.1332, acc: 0.9635
loss: 0.1338, acc: 0.9621
loss: 0.1353, acc: 0.9601
loss: 0.1366, acc: 0.9586
loss: 0.1385, acc: 0.9573
loss: 0.1390, acc: 0.9570
> val_acc: 0.7875, val_f1: 0.6520
>>>>>>>>>>>>>>>>>>>>>>>>>>>>>>>>>>>>>>>>>>>>>>>>>>>>>>>>>>>>>>>>>>>>>>>>>>>>>>>>>>>>>>>>>>>>>>>>>>>>
epoch: 18
loss: 0.1788, acc: 0.8750
loss: 0.1836, acc: 0.9219
loss: 0.1527, acc: 0.9403
loss: 0.1391, acc: 0.9512
loss: 0.1444, acc: 0.9479
loss: 0.1513, acc: 0.9447
loss: 0.1446, acc: 0.9486
loss: 0.1430, acc: 0.9531
loss: 0.1378, acc: 0.9566
loss: 0.1398, acc: 0.9565
loss: 0.1385, acc: 0.9571
loss: 0.1365, acc: 0.9581
loss: 0.1358, acc: 0.9580
loss: 0.1322, acc: 0.9593
loss: 0.1336, acc: 0.9591
loss: 0.1341, acc: 0.9589
loss: 0.1330, acc: 0.9587
loss: 0.1303, acc: 0.9604
loss: 0.1310, acc: 0.9598
loss: 0.1317, acc: 0.9603
loss: 0.1300, acc: 0.9607
loss: 0.1284, acc: 0.9614
loss: 0.1289, acc: 0.9606
> val_acc: 0.7804, val_f1: 0.6401
>>>>>>>>>>>>>>>>>>>>>>>>>>>>>>>>>>>>>>>>>>>>>>>>>>>>>>>>>>>>>>>>>>>>>>>>>>>>>>>>>>>>>>>>>>>>>>>>>>>>
epoch: 19
loss: 0.1049, acc: 0.9896
loss: 0.1131, acc: 0.9766
loss: 0.1194, acc: 0.9736
loss: 0.1170, acc: 0.9740
loss: 0.1156, acc: 0.9742
loss: 0.1239, acc: 0.9710
loss: 0.1212, acc: 0.9697
loss: 0.1260, acc: 0.9671
loss: 0.1235, acc: 0.9673
loss: 0.1247, acc: 0.9642
loss: 0.1263, acc: 0.9629
loss: 0.1242, acc: 0.9644
loss: 0.1227, acc: 0.9648
loss: 0.1234, acc: 0.9651
loss: 0.1248, acc: 0.9645
loss: 0.1231, acc: 0.9655
loss: 0.1233, acc: 0.9654
loss: 0.1249, acc: 0.9627
loss: 0.1268, acc: 0.9617
loss: 0.1261, acc: 0.9617
loss: 0.1257, acc: 0.9615
loss: 0.1288, acc: 0.9598
loss: 0.1282, acc: 0.9604
> val_acc: 0.7804, val_f1: 0.6462
>>>>>>>>>>>>>>>>>>>>>>>>>>>>>>>>>>>>>>>>>>>>>>>>>>>>>>>>>>>>>>>>>>>>>>>>>>>>>>>>>>>>>>>>>>>>>>>>>>>>
epoch: 20
loss: 0.1231, acc: 0.9688
loss: 0.1155, acc: 0.9781
loss: 0.1194, acc: 0.9688
loss: 0.1083, acc: 0.9719
loss: 0.1131, acc: 0.9700
loss: 0.1140, acc: 0.9698
loss: 0.1116, acc: 0.9723
loss: 0.1145, acc: 0.9703
loss: 0.1152, acc: 0.9688
loss: 0.1171, acc: 0.9675
loss: 0.1170, acc: 0.9670
loss: 0.1178, acc: 0.9661
loss: 0.1192, acc: 0.9668
loss: 0.1187, acc: 0.9665
loss: 0.1191, acc: 0.9663
loss: 0.1188, acc: 0.9664
loss: 0.1176, acc: 0.9662
loss: 0.1186, acc: 0.9653
loss: 0.1178, acc: 0.9655
loss: 0.1180, acc: 0.9656
loss: 0.1189, acc: 0.9649
loss: 0.1181, acc: 0.9653
> val_acc: 0.7830, val_f1: 0.6416
>>>>>>>>>>>>>>>>>>>>>>>>>>>>>>>>>>>>>>>>>>>>>>>>>>>>>>>>>>>>>>>>>>>>>>>>>>>>>>>>>>>>>>>>>>>>>>>>>>>>
epoch: 21
loss: 0.0578, acc: 1.0000
loss: 0.0918, acc: 0.9732
loss: 0.1028, acc: 0.9714
loss: 0.0963, acc: 0.9706
loss: 0.0949, acc: 0.9730
loss: 0.0949, acc: 0.9757
loss: 0.0984, acc: 0.9746
loss: 0.0992, acc: 0.9747
loss: 0.1000, acc: 0.9762
loss: 0.1048, acc: 0.9741
loss: 0.1076, acc: 0.9736
loss: 0.1119, acc: 0.9720
loss: 0.1101, acc: 0.9713
loss: 0.1125, acc: 0.9697
loss: 0.1165, acc: 0.9670
loss: 0.1182, acc: 0.9663
loss: 0.1183, acc: 0.9649
loss: 0.1173, acc: 0.9648
loss: 0.1198, acc: 0.9643
loss: 0.1203, acc: 0.9642
loss: 0.1211, acc: 0.9648
loss: 0.1205, acc: 0.9655
loss: 0.1206, acc: 0.9654
> val_acc: 0.7866, val_f1: 0.6545
>>>>>>>>>>>>>>>>>>>>>>>>>>>>>>>>>>>>>>>>>>>>>>>>>>>>>>>>>>>>>>>>>>>>>>>>>>>>>>>>>>>>>>>>>>>>>>>>>>>>
epoch: 22
loss: 0.1012, acc: 0.9688
loss: 0.0937, acc: 0.9757
loss: 0.0828, acc: 0.9799
loss: 0.0858, acc: 0.9786
loss: 0.0949, acc: 0.9714
loss: 0.1041, acc: 0.9677
loss: 0.1053, acc: 0.9678
loss: 0.1047, acc: 0.9696
loss: 0.1042, acc: 0.9695
loss: 0.1040, acc: 0.9700
loss: 0.1072, acc: 0.9676
loss: 0.1070, acc: 0.9677
loss: 0.1089, acc: 0.9673
loss: 0.1110, acc: 0.9669
loss: 0.1109, acc: 0.9675
loss: 0.1112, acc: 0.9680
loss: 0.1136, acc: 0.9673
loss: 0.1134, acc: 0.9666
loss: 0.1130, acc: 0.9664
loss: 0.1139, acc: 0.9659
loss: 0.1136, acc: 0.9657
loss: 0.1143, acc: 0.9656
> val_acc: 0.7830, val_f1: 0.6448
>>>>>>>>>>>>>>>>>>>>>>>>>>>>>>>>>>>>>>>>>>>>>>>>>>>>>>>>>>>>>>>>>>>>>>>>>>>>>>>>>>>>>>>>>>>>>>>>>>>>
epoch: 23
loss: 0.1710, acc: 0.9688
loss: 0.0994, acc: 0.9792
loss: 0.0975, acc: 0.9801
loss: 0.0943, acc: 0.9785
loss: 0.0916, acc: 0.9807
loss: 0.1017, acc: 0.9724
loss: 0.1035, acc: 0.9708
loss: 0.1066, acc: 0.9670
loss: 0.1034, acc: 0.9688
loss: 0.1032, acc: 0.9694
loss: 0.1059, acc: 0.9681
loss: 0.1041, acc: 0.9704
loss: 0.1046, acc: 0.9693
loss: 0.1046, acc: 0.9688
loss: 0.1056, acc: 0.9683
loss: 0.1059, acc: 0.9683
loss: 0.1051, acc: 0.9684
loss: 0.1045, acc: 0.9691
loss: 0.1053, acc: 0.9691
loss: 0.1058, acc: 0.9694
loss: 0.1068, acc: 0.9688
loss: 0.1091, acc: 0.9676
loss: 0.1112, acc: 0.9662
> val_acc: 0.7795, val_f1: 0.6351
>>>>>>>>>>>>>>>>>>>>>>>>>>>>>>>>>>>>>>>>>>>>>>>>>>>>>>>>>>>>>>>>>>>>>>>>>>>>>>>>>>>>>>>>>>>>>>>>>>>>
epoch: 24
loss: 0.0502, acc: 0.9896
loss: 0.0525, acc: 0.9922
loss: 0.0800, acc: 0.9832
loss: 0.0843, acc: 0.9774
loss: 0.0916, acc: 0.9728
loss: 0.0990, acc: 0.9699
loss: 0.0952, acc: 0.9716
loss: 0.0968, acc: 0.9712
loss: 0.0960, acc: 0.9731
loss: 0.0948, acc: 0.9727
loss: 0.0960, acc: 0.9723
loss: 0.0984, acc: 0.9709
loss: 0.1028, acc: 0.9692
loss: 0.1059, acc: 0.9669
loss: 0.1092, acc: 0.9653
loss: 0.1063, acc: 0.9667
loss: 0.1066, acc: 0.9669
loss: 0.1066, acc: 0.9677
loss: 0.1071, acc: 0.9677
loss: 0.1082, acc: 0.9662
loss: 0.1080, acc: 0.9663
loss: 0.1087, acc: 0.9661
loss: 0.1073, acc: 0.9673
> val_acc: 0.7857, val_f1: 0.6524
>>>>>>>>>>>>>>>>>>>>>>>>>>>>>>>>>>>>>>>>>>>>>>>>>>>>>>>>>>>>>>>>>>>>>>>>>>>>>>>>>>>>>>>>>>>>>>>>>>>>
epoch: 25
loss: 0.0759, acc: 0.9812
loss: 0.0873, acc: 0.9812
loss: 0.0854, acc: 0.9833
loss: 0.0952, acc: 0.9750
loss: 0.0949, acc: 0.9762
loss: 0.0968, acc: 0.9740
loss: 0.0975, acc: 0.9741
loss: 0.0961, acc: 0.9742
loss: 0.0943, acc: 0.9757
loss: 0.0950, acc: 0.9762
loss: 0.0964, acc: 0.9761
loss: 0.0944, acc: 0.9766
loss: 0.0952, acc: 0.9769
loss: 0.0938, acc: 0.9781
loss: 0.0952, acc: 0.9771
loss: 0.0975, acc: 0.9754
loss: 0.0969, acc: 0.9754
loss: 0.0979, acc: 0.9743
loss: 0.0978, acc: 0.9740
loss: 0.0973, acc: 0.9741
loss: 0.0978, acc: 0.9738
loss: 0.0976, acc: 0.9741
> val_acc: 0.7830, val_f1: 0.6426
>>>>>>>>>>>>>>>>>>>>>>>>>>>>>>>>>>>>>>>>>>>>>>>>>>>>>>>>>>>>>>>>>>>>>>>>>>>>>>>>>>>>>>>>>>>>>>>>>>>>
epoch: 26
loss: 0.0795, acc: 0.9688
loss: 0.0982, acc: 0.9598
loss: 0.1063, acc: 0.9609
loss: 0.1019, acc: 0.9669
loss: 0.1047, acc: 0.9631
loss: 0.1019, acc: 0.9653
loss: 0.1065, acc: 0.9668
loss: 0.1006, acc: 0.9704
loss: 0.1057, acc: 0.9673
loss: 0.1061, acc: 0.9661
loss: 0.1032, acc: 0.9675
loss: 0.1031, acc: 0.9677
loss: 0.1009, acc: 0.9682
loss: 0.1020, acc: 0.9669
loss: 0.1009, acc: 0.9683
loss: 0.1000, acc: 0.9688
loss: 0.0999, acc: 0.9691
loss: 0.1002, acc: 0.9688
loss: 0.0999, acc: 0.9691
loss: 0.1030, acc: 0.9681
loss: 0.1044, acc: 0.9678
loss: 0.1063, acc: 0.9673
loss: 0.1059, acc: 0.9671
> val_acc: 0.7804, val_f1: 0.6486
>>>>>>>>>>>>>>>>>>>>>>>>>>>>>>>>>>>>>>>>>>>>>>>>>>>>>>>>>>>>>>>>>>>>>>>>>>>>>>>>>>>>>>>>>>>>>>>>>>>>
epoch: 27
loss: 0.1006, acc: 0.9766
loss: 0.0807, acc: 0.9826
loss: 0.0803, acc: 0.9844
loss: 0.0841, acc: 0.9819
loss: 0.0869, acc: 0.9805
loss: 0.0851, acc: 0.9828
loss: 0.0842, acc: 0.9825
loss: 0.0921, acc: 0.9752
loss: 0.0918, acc: 0.9759
loss: 0.0958, acc: 0.9745
loss: 0.0930, acc: 0.9745
loss: 0.0923, acc: 0.9751
loss: 0.0931, acc: 0.9736
loss: 0.0949, acc: 0.9728
loss: 0.0940, acc: 0.9730
loss: 0.0929, acc: 0.9735
loss: 0.0919, acc: 0.9740
loss: 0.0928, acc: 0.9737
loss: 0.0914, acc: 0.9747
loss: 0.0922, acc: 0.9741
loss: 0.0939, acc: 0.9739
loss: 0.0950, acc: 0.9733
> val_acc: 0.7821, val_f1: 0.6399
>>>>>>>>>>>>>>>>>>>>>>>>>>>>>>>>>>>>>>>>>>>>>>>>>>>>>>>>>>>>>>>>>>>>>>>>>>>>>>>>>>>>>>>>>>>>>>>>>>>>
epoch: 28
loss: 0.1426, acc: 0.9688
loss: 0.0906, acc: 0.9740
loss: 0.0801, acc: 0.9858
loss: 0.0750, acc: 0.9863
loss: 0.0748, acc: 0.9851
loss: 0.0718, acc: 0.9868
loss: 0.0779, acc: 0.9849
loss: 0.0816, acc: 0.9835
loss: 0.0821, acc: 0.9832
loss: 0.0824, acc: 0.9803
loss: 0.0852, acc: 0.9798
loss: 0.0859, acc: 0.9794
loss: 0.0869, acc: 0.9785
loss: 0.0864, acc: 0.9792
loss: 0.0870, acc: 0.9780
loss: 0.0881, acc: 0.9778
loss: 0.0876, acc: 0.9772
loss: 0.0873, acc: 0.9775
loss: 0.0866, acc: 0.9773
loss: 0.0904, acc: 0.9753
loss: 0.0903, acc: 0.9752
loss: 0.0895, acc: 0.9761
loss: 0.0908, acc: 0.9761
> val_acc: 0.7795, val_f1: 0.6475
>>>>>>>>>>>>>>>>>>>>>>>>>>>>>>>>>>>>>>>>>>>>>>>>>>>>>>>>>>>>>>>>>>>>>>>>>>>>>>>>>>>>>>>>>>>>>>>>>>>>
epoch: 29
loss: 0.0559, acc: 1.0000
loss: 0.0781, acc: 0.9805
loss: 0.0861, acc: 0.9784
loss: 0.0968, acc: 0.9740
loss: 0.0896, acc: 0.9769
loss: 0.0916, acc: 0.9732
loss: 0.0975, acc: 0.9678
loss: 0.0973, acc: 0.9688
loss: 0.0933, acc: 0.9709
loss: 0.0935, acc: 0.9701
loss: 0.0942, acc: 0.9699
loss: 0.1003, acc: 0.9655
loss: 0.1022, acc: 0.9638
loss: 0.1008, acc: 0.9646
loss: 0.1002, acc: 0.9658
loss: 0.0997, acc: 0.9671
loss: 0.1004, acc: 0.9669
loss: 0.0994, acc: 0.9666
loss: 0.1007, acc: 0.9661
loss: 0.1002, acc: 0.9665
loss: 0.1003, acc: 0.9666
loss: 0.0995, acc: 0.9673
loss: 0.0993, acc: 0.9678
> val_acc: 0.7804, val_f1: 0.6399
>> test_acc: 0.7964, test_f1: 0.6741
