cuda memory allocated: 13804544
n_trainable_params: 2566403, n_nontrainable_params: 882400
> training arguments:
>>> model_name: gc_ian
>>> model_ver: 3
>>> dataset: restaurant
>>> optimizer: <class 'torch.optim.adagrad.Adagrad'>
>>> initializer: <function xavier_uniform_ at 0x7f7bda9c4ae8>
>>> learning_rate: 0.01
>>> momentum: 0.95
>>> dropout: 0.5
>>> l2reg: 5e-05
>>> num_epoch: 30
>>> batch_size: 32
>>> log_step: 5
>>> embed_dim: 200
>>> hidden_dim: 300
>>> bert_dim: 768
>>> pretrained_bert_name: bert-base-uncased
>>> embeddings: gd
>>> max_seq_len: 80
>>> polarities_dim: 3
>>> hops: 3
>>> device: cuda
>>> seed: 10
>>> valset_ratio: 0
>>> num_layers: 1
>>> in_channels: 100
>>> out_channels: 1
>>> downbot: 20
>>> kernel_size: 3
>>> glove_path: ./embeddings/glove.840B.300d.txt
>>> embedding_matrix_path: gen_data/embeddings/200_restaurant_glove_domain_embedding_matrix.dat
>>> model_class: <class 'models.gc_ian.GC_IAN3'>
>>> dataset_file: {'train': './datasets/semeval14/Restaurants_Train.xml.seg', 'test': './datasets/semeval14/Restaurants_Test_Gold.xml.seg'}
>>> inputs_cols: ['text_raw_indices', 'aspect_indices']
>>>>>>>>>>>>>>>>>>>>>>>>>>>>>>>>>>>>>>>>>>>>>>>>>>>>>>>>>>>>>>>>>>>>>>>>>>>>>>>>>>>>>>>>>>>>>>>>>>>>
epoch: 0
loss: 2.4980, acc: 0.3812
loss: 1.7083, acc: 0.5125
loss: 1.4510, acc: 0.5312
loss: 1.3309, acc: 0.5469
loss: 1.2383, acc: 0.5550
loss: 1.1426, acc: 0.5844
loss: 1.1114, acc: 0.5875
loss: 1.0811, acc: 0.5883
loss: 1.0458, acc: 0.5944
loss: 1.0196, acc: 0.6025
loss: 0.9914, acc: 0.6114
loss: 0.9727, acc: 0.6172
loss: 0.9572, acc: 0.6212
loss: 0.9404, acc: 0.6232
loss: 0.9238, acc: 0.6304
loss: 0.9090, acc: 0.6336
loss: 0.8953, acc: 0.6382
loss: 0.8839, acc: 0.6406
loss: 0.8763, acc: 0.6421
loss: 0.8678, acc: 0.6444
loss: 0.8546, acc: 0.6494
loss: 0.8462, acc: 0.6520
> val_acc: 0.7741, val_f1: 0.6230
>> saved: state_dict/gc_ian_restaurant_val_acc0.7741
>>>>>>>>>>>>>>>>>>>>>>>>>>>>>>>>>>>>>>>>>>>>>>>>>>>>>>>>>>>>>>>>>>>>>>>>>>>>>>>>>>>>>>>>>>>>>>>>>>>>
epoch: 1
loss: 0.5142, acc: 0.7969
loss: 0.5826, acc: 0.7723
loss: 0.5770, acc: 0.7839
loss: 0.5692, acc: 0.7794
loss: 0.5732, acc: 0.7784
loss: 0.5752, acc: 0.7708
loss: 0.5756, acc: 0.7686
loss: 0.5714, acc: 0.7703
loss: 0.5761, acc: 0.7686
loss: 0.5693, acc: 0.7719
loss: 0.5660, acc: 0.7728
loss: 0.5688, acc: 0.7719
loss: 0.5681, acc: 0.7732
loss: 0.5740, acc: 0.7733
loss: 0.5778, acc: 0.7739
loss: 0.5719, acc: 0.7780
loss: 0.5704, acc: 0.7793
loss: 0.5695, acc: 0.7787
loss: 0.5635, acc: 0.7812
loss: 0.5598, acc: 0.7845
loss: 0.5627, acc: 0.7819
loss: 0.5642, acc: 0.7801
loss: 0.5608, acc: 0.7815
> val_acc: 0.7884, val_f1: 0.6715
>> saved: state_dict/gc_ian_restaurant_val_acc0.7884
>>>>>>>>>>>>>>>>>>>>>>>>>>>>>>>>>>>>>>>>>>>>>>>>>>>>>>>>>>>>>>>>>>>>>>>>>>>>>>>>>>>>>>>>>>>>>>>>>>>>
epoch: 2
loss: 0.4434, acc: 0.8359
loss: 0.4314, acc: 0.8333
loss: 0.4185, acc: 0.8371
loss: 0.4198, acc: 0.8405
loss: 0.4419, acc: 0.8333
loss: 0.4587, acc: 0.8319
loss: 0.4593, acc: 0.8290
loss: 0.4677, acc: 0.8229
loss: 0.4672, acc: 0.8217
loss: 0.4643, acc: 0.8240
loss: 0.4658, acc: 0.8241
loss: 0.4695, acc: 0.8210
loss: 0.4673, acc: 0.8193
loss: 0.4698, acc: 0.8161
loss: 0.4711, acc: 0.8163
loss: 0.4751, acc: 0.8121
loss: 0.4764, acc: 0.8129
loss: 0.4761, acc: 0.8118
loss: 0.4760, acc: 0.8115
loss: 0.4754, acc: 0.8103
loss: 0.4730, acc: 0.8131
loss: 0.4741, acc: 0.8131
> val_acc: 0.7920, val_f1: 0.6594
>> saved: state_dict/gc_ian_restaurant_val_acc0.792
>>>>>>>>>>>>>>>>>>>>>>>>>>>>>>>>>>>>>>>>>>>>>>>>>>>>>>>>>>>>>>>>>>>>>>>>>>>>>>>>>>>>>>>>>>>>>>>>>>>>
epoch: 3
loss: 0.2704, acc: 0.9375
loss: 0.4276, acc: 0.8490
loss: 0.4330, acc: 0.8523
loss: 0.4278, acc: 0.8457
loss: 0.4113, acc: 0.8542
loss: 0.4103, acc: 0.8534
loss: 0.4113, acc: 0.8508
loss: 0.4152, acc: 0.8455
loss: 0.4158, acc: 0.8453
loss: 0.4155, acc: 0.8458
loss: 0.4220, acc: 0.8431
loss: 0.4223, acc: 0.8438
loss: 0.4191, acc: 0.8463
loss: 0.4180, acc: 0.8485
loss: 0.4209, acc: 0.8473
loss: 0.4205, acc: 0.8458
loss: 0.4222, acc: 0.8438
loss: 0.4179, acc: 0.8445
loss: 0.4156, acc: 0.8438
loss: 0.4146, acc: 0.8431
loss: 0.4138, acc: 0.8444
loss: 0.4124, acc: 0.8438
loss: 0.4128, acc: 0.8429
> val_acc: 0.7857, val_f1: 0.6549
>>>>>>>>>>>>>>>>>>>>>>>>>>>>>>>>>>>>>>>>>>>>>>>>>>>>>>>>>>>>>>>>>>>>>>>>>>>>>>>>>>>>>>>>>>>>>>>>>>>>
epoch: 4
loss: 0.2842, acc: 0.9479
loss: 0.3318, acc: 0.8906
loss: 0.3164, acc: 0.8966
loss: 0.3163, acc: 0.8941
loss: 0.3200, acc: 0.8899
loss: 0.3520, acc: 0.8750
loss: 0.3466, acc: 0.8769
loss: 0.3417, acc: 0.8766
loss: 0.3488, acc: 0.8743
loss: 0.3569, acc: 0.8678
loss: 0.3617, acc: 0.8650
loss: 0.3620, acc: 0.8648
loss: 0.3624, acc: 0.8646
loss: 0.3677, acc: 0.8621
loss: 0.3630, acc: 0.8656
loss: 0.3649, acc: 0.8654
loss: 0.3641, acc: 0.8660
loss: 0.3606, acc: 0.8675
loss: 0.3622, acc: 0.8673
loss: 0.3630, acc: 0.8667
loss: 0.3635, acc: 0.8656
loss: 0.3638, acc: 0.8655
loss: 0.3639, acc: 0.8650
> val_acc: 0.7893, val_f1: 0.6616
>>>>>>>>>>>>>>>>>>>>>>>>>>>>>>>>>>>>>>>>>>>>>>>>>>>>>>>>>>>>>>>>>>>>>>>>>>>>>>>>>>>>>>>>>>>>>>>>>>>>
epoch: 5
loss: 0.2429, acc: 0.9187
loss: 0.2706, acc: 0.9062
loss: 0.2948, acc: 0.8958
loss: 0.3013, acc: 0.8922
loss: 0.3103, acc: 0.8812
loss: 0.3181, acc: 0.8760
loss: 0.3152, acc: 0.8830
loss: 0.3144, acc: 0.8859
loss: 0.3210, acc: 0.8826
loss: 0.3138, acc: 0.8875
loss: 0.3191, acc: 0.8841
loss: 0.3146, acc: 0.8859
loss: 0.3151, acc: 0.8851
loss: 0.3232, acc: 0.8817
loss: 0.3229, acc: 0.8829
loss: 0.3251, acc: 0.8820
loss: 0.3265, acc: 0.8805
loss: 0.3240, acc: 0.8809
loss: 0.3234, acc: 0.8822
loss: 0.3250, acc: 0.8825
loss: 0.3266, acc: 0.8821
loss: 0.3295, acc: 0.8810
> val_acc: 0.7848, val_f1: 0.6423
>>>>>>>>>>>>>>>>>>>>>>>>>>>>>>>>>>>>>>>>>>>>>>>>>>>>>>>>>>>>>>>>>>>>>>>>>>>>>>>>>>>>>>>>>>>>>>>>>>>>
epoch: 6
loss: 0.2593, acc: 0.9062
loss: 0.2734, acc: 0.9107
loss: 0.2807, acc: 0.9141
loss: 0.2713, acc: 0.9210
loss: 0.2777, acc: 0.9162
loss: 0.2808, acc: 0.9097
loss: 0.2853, acc: 0.9072
loss: 0.2878, acc: 0.9046
loss: 0.2882, acc: 0.9033
loss: 0.2899, acc: 0.9029
loss: 0.2902, acc: 0.9008
loss: 0.2912, acc: 0.9019
loss: 0.2933, acc: 0.9017
loss: 0.2908, acc: 0.9016
loss: 0.2924, acc: 0.9006
loss: 0.2928, acc: 0.9010
loss: 0.2928, acc: 0.9021
loss: 0.2911, acc: 0.9023
loss: 0.2961, acc: 0.8984
loss: 0.2942, acc: 0.8992
loss: 0.2994, acc: 0.8968
loss: 0.3000, acc: 0.8966
loss: 0.3016, acc: 0.8945
> val_acc: 0.7875, val_f1: 0.6487
>>>>>>>>>>>>>>>>>>>>>>>>>>>>>>>>>>>>>>>>>>>>>>>>>>>>>>>>>>>>>>>>>>>>>>>>>>>>>>>>>>>>>>>>>>>>>>>>>>>>
epoch: 7
loss: 0.2916, acc: 0.9062
loss: 0.2630, acc: 0.9097
loss: 0.2832, acc: 0.9018
loss: 0.2845, acc: 0.8964
loss: 0.2840, acc: 0.8997
loss: 0.2846, acc: 0.8987
loss: 0.2842, acc: 0.8989
loss: 0.2862, acc: 0.8998
loss: 0.2880, acc: 0.8999
loss: 0.2817, acc: 0.9018
loss: 0.2776, acc: 0.9034
loss: 0.2846, acc: 0.8972
loss: 0.2833, acc: 0.8960
loss: 0.2796, acc: 0.8986
loss: 0.2845, acc: 0.8953
loss: 0.2832, acc: 0.8960
loss: 0.2801, acc: 0.8977
loss: 0.2795, acc: 0.8992
loss: 0.2773, acc: 0.8996
loss: 0.2823, acc: 0.8968
loss: 0.2843, acc: 0.8963
loss: 0.2848, acc: 0.8965
> val_acc: 0.7884, val_f1: 0.6644
>>>>>>>>>>>>>>>>>>>>>>>>>>>>>>>>>>>>>>>>>>>>>>>>>>>>>>>>>>>>>>>>>>>>>>>>>>>>>>>>>>>>>>>>>>>>>>>>>>>>
epoch: 8
loss: 0.2125, acc: 0.9688
loss: 0.2198, acc: 0.9427
loss: 0.2292, acc: 0.9290
loss: 0.2268, acc: 0.9297
loss: 0.2396, acc: 0.9226
loss: 0.2367, acc: 0.9207
loss: 0.2332, acc: 0.9214
loss: 0.2391, acc: 0.9201
loss: 0.2432, acc: 0.9192
loss: 0.2471, acc: 0.9158
loss: 0.2468, acc: 0.9173
loss: 0.2525, acc: 0.9174
loss: 0.2507, acc: 0.9185
loss: 0.2537, acc: 0.9157
loss: 0.2534, acc: 0.9168
loss: 0.2523, acc: 0.9165
loss: 0.2536, acc: 0.9147
loss: 0.2542, acc: 0.9153
loss: 0.2582, acc: 0.9131
loss: 0.2633, acc: 0.9098
loss: 0.2623, acc: 0.9100
loss: 0.2624, acc: 0.9089
loss: 0.2631, acc: 0.9099
> val_acc: 0.7884, val_f1: 0.6586
>>>>>>>>>>>>>>>>>>>>>>>>>>>>>>>>>>>>>>>>>>>>>>>>>>>>>>>>>>>>>>>>>>>>>>>>>>>>>>>>>>>>>>>>>>>>>>>>>>>>
epoch: 9
loss: 0.2575, acc: 0.8854
loss: 0.2418, acc: 0.9219
loss: 0.2447, acc: 0.9207
loss: 0.2327, acc: 0.9236
loss: 0.2344, acc: 0.9212
loss: 0.2342, acc: 0.9185
loss: 0.2317, acc: 0.9214
loss: 0.2326, acc: 0.9211
loss: 0.2397, acc: 0.9215
loss: 0.2350, acc: 0.9232
loss: 0.2402, acc: 0.9198
loss: 0.2435, acc: 0.9192
loss: 0.2434, acc: 0.9187
loss: 0.2446, acc: 0.9177
loss: 0.2437, acc: 0.9170
loss: 0.2474, acc: 0.9139
loss: 0.2477, acc: 0.9145
loss: 0.2501, acc: 0.9137
loss: 0.2493, acc: 0.9140
loss: 0.2492, acc: 0.9133
loss: 0.2479, acc: 0.9132
loss: 0.2459, acc: 0.9152
loss: 0.2466, acc: 0.9157
> val_acc: 0.7866, val_f1: 0.6615
>>>>>>>>>>>>>>>>>>>>>>>>>>>>>>>>>>>>>>>>>>>>>>>>>>>>>>>>>>>>>>>>>>>>>>>>>>>>>>>>>>>>>>>>>>>>>>>>>>>>
epoch: 10
loss: 0.2159, acc: 0.9250
loss: 0.2051, acc: 0.9375
loss: 0.2080, acc: 0.9375
loss: 0.2014, acc: 0.9406
loss: 0.2018, acc: 0.9413
loss: 0.2004, acc: 0.9406
loss: 0.1970, acc: 0.9384
loss: 0.2011, acc: 0.9375
loss: 0.2050, acc: 0.9340
loss: 0.2082, acc: 0.9325
loss: 0.2105, acc: 0.9318
loss: 0.2115, acc: 0.9313
loss: 0.2136, acc: 0.9293
loss: 0.2185, acc: 0.9263
loss: 0.2153, acc: 0.9283
loss: 0.2153, acc: 0.9285
loss: 0.2184, acc: 0.9287
loss: 0.2200, acc: 0.9267
loss: 0.2191, acc: 0.9270
loss: 0.2217, acc: 0.9263
loss: 0.2231, acc: 0.9259
loss: 0.2249, acc: 0.9247
> val_acc: 0.7920, val_f1: 0.6644
>>>>>>>>>>>>>>>>>>>>>>>>>>>>>>>>>>>>>>>>>>>>>>>>>>>>>>>>>>>>>>>>>>>>>>>>>>>>>>>>>>>>>>>>>>>>>>>>>>>>
epoch: 11
loss: 0.3514, acc: 0.8125
loss: 0.2458, acc: 0.9062
loss: 0.2485, acc: 0.9141
loss: 0.2413, acc: 0.9154
loss: 0.2349, acc: 0.9219
loss: 0.2273, acc: 0.9259
loss: 0.2205, acc: 0.9287
loss: 0.2272, acc: 0.9206
loss: 0.2202, acc: 0.9256
loss: 0.2247, acc: 0.9222
loss: 0.2196, acc: 0.9225
loss: 0.2218, acc: 0.9232
loss: 0.2244, acc: 0.9239
loss: 0.2241, acc: 0.9240
loss: 0.2236, acc: 0.9240
loss: 0.2250, acc: 0.9233
loss: 0.2213, acc: 0.9245
loss: 0.2220, acc: 0.9242
loss: 0.2199, acc: 0.9260
loss: 0.2229, acc: 0.9246
loss: 0.2219, acc: 0.9256
loss: 0.2208, acc: 0.9261
loss: 0.2205, acc: 0.9252
> val_acc: 0.7848, val_f1: 0.6496
>>>>>>>>>>>>>>>>>>>>>>>>>>>>>>>>>>>>>>>>>>>>>>>>>>>>>>>>>>>>>>>>>>>>>>>>>>>>>>>>>>>>>>>>>>>>>>>>>>>>
epoch: 12
loss: 0.1976, acc: 0.9453
loss: 0.1837, acc: 0.9410
loss: 0.1982, acc: 0.9375
loss: 0.1862, acc: 0.9457
loss: 0.1888, acc: 0.9401
loss: 0.1891, acc: 0.9407
loss: 0.1921, acc: 0.9393
loss: 0.1938, acc: 0.9367
loss: 0.1852, acc: 0.9411
loss: 0.1806, acc: 0.9452
loss: 0.1864, acc: 0.9404
loss: 0.1894, acc: 0.9401
loss: 0.1900, acc: 0.9390
loss: 0.1922, acc: 0.9402
loss: 0.1963, acc: 0.9375
loss: 0.1996, acc: 0.9363
loss: 0.1991, acc: 0.9364
loss: 0.1991, acc: 0.9354
loss: 0.2026, acc: 0.9338
loss: 0.2033, acc: 0.9334
loss: 0.2027, acc: 0.9330
loss: 0.2024, acc: 0.9323
> val_acc: 0.7937, val_f1: 0.6645
>> saved: state_dict/gc_ian_restaurant_val_acc0.7937
>>>>>>>>>>>>>>>>>>>>>>>>>>>>>>>>>>>>>>>>>>>>>>>>>>>>>>>>>>>>>>>>>>>>>>>>>>>>>>>>>>>>>>>>>>>>>>>>>>>>
epoch: 13
loss: 0.1626, acc: 0.9688
loss: 0.1732, acc: 0.9688
loss: 0.1669, acc: 0.9631
loss: 0.1868, acc: 0.9473
loss: 0.1890, acc: 0.9464
loss: 0.1957, acc: 0.9387
loss: 0.1945, acc: 0.9375
loss: 0.2021, acc: 0.9349
loss: 0.1995, acc: 0.9383
loss: 0.1995, acc: 0.9375
loss: 0.1985, acc: 0.9369
loss: 0.1975, acc: 0.9364
loss: 0.1979, acc: 0.9355
loss: 0.1978, acc: 0.9356
loss: 0.1984, acc: 0.9340
loss: 0.1958, acc: 0.9342
loss: 0.1971, acc: 0.9329
loss: 0.1978, acc: 0.9317
loss: 0.1950, acc: 0.9337
loss: 0.1939, acc: 0.9355
loss: 0.1935, acc: 0.9356
loss: 0.1944, acc: 0.9351
loss: 0.1963, acc: 0.9347
> val_acc: 0.7839, val_f1: 0.6446
>>>>>>>>>>>>>>>>>>>>>>>>>>>>>>>>>>>>>>>>>>>>>>>>>>>>>>>>>>>>>>>>>>>>>>>>>>>>>>>>>>>>>>>>>>>>>>>>>>>>
epoch: 14
loss: 0.2238, acc: 0.9375
loss: 0.2021, acc: 0.9414
loss: 0.1943, acc: 0.9399
loss: 0.1915, acc: 0.9444
loss: 0.1918, acc: 0.9443
loss: 0.1865, acc: 0.9487
loss: 0.1874, acc: 0.9479
loss: 0.1864, acc: 0.9457
loss: 0.1894, acc: 0.9390
loss: 0.1840, acc: 0.9414
loss: 0.1843, acc: 0.9416
loss: 0.1833, acc: 0.9423
loss: 0.1837, acc: 0.9415
loss: 0.1857, acc: 0.9398
loss: 0.1854, acc: 0.9401
loss: 0.1851, acc: 0.9395
loss: 0.1873, acc: 0.9379
loss: 0.1863, acc: 0.9382
loss: 0.1879, acc: 0.9375
loss: 0.1863, acc: 0.9378
loss: 0.1885, acc: 0.9369
loss: 0.1872, acc: 0.9378
loss: 0.1878, acc: 0.9371
> val_acc: 0.7884, val_f1: 0.6549
>>>>>>>>>>>>>>>>>>>>>>>>>>>>>>>>>>>>>>>>>>>>>>>>>>>>>>>>>>>>>>>>>>>>>>>>>>>>>>>>>>>>>>>>>>>>>>>>>>>>
epoch: 15
loss: 0.1824, acc: 0.9375
loss: 0.1679, acc: 0.9500
loss: 0.1714, acc: 0.9437
loss: 0.1631, acc: 0.9516
loss: 0.1678, acc: 0.9475
loss: 0.1634, acc: 0.9500
loss: 0.1714, acc: 0.9482
loss: 0.1696, acc: 0.9484
loss: 0.1702, acc: 0.9479
loss: 0.1733, acc: 0.9463
loss: 0.1735, acc: 0.9455
loss: 0.1726, acc: 0.9458
loss: 0.1766, acc: 0.9428
loss: 0.1792, acc: 0.9433
loss: 0.1848, acc: 0.9404
loss: 0.1849, acc: 0.9395
loss: 0.1833, acc: 0.9401
loss: 0.1861, acc: 0.9375
loss: 0.1858, acc: 0.9378
loss: 0.1828, acc: 0.9397
loss: 0.1818, acc: 0.9405
loss: 0.1829, acc: 0.9403
> val_acc: 0.7920, val_f1: 0.6616
>>>>>>>>>>>>>>>>>>>>>>>>>>>>>>>>>>>>>>>>>>>>>>>>>>>>>>>>>>>>>>>>>>>>>>>>>>>>>>>>>>>>>>>>>>>>>>>>>>>>
epoch: 16
loss: 0.1204, acc: 0.9531
loss: 0.1839, acc: 0.9241
loss: 0.1820, acc: 0.9297
loss: 0.1765, acc: 0.9320
loss: 0.1799, acc: 0.9318
loss: 0.1759, acc: 0.9352
loss: 0.1708, acc: 0.9375
loss: 0.1733, acc: 0.9383
loss: 0.1785, acc: 0.9375
loss: 0.1838, acc: 0.9355
loss: 0.1869, acc: 0.9357
loss: 0.1866, acc: 0.9353
loss: 0.1839, acc: 0.9375
loss: 0.1794, acc: 0.9389
loss: 0.1805, acc: 0.9379
loss: 0.1795, acc: 0.9379
loss: 0.1778, acc: 0.9390
loss: 0.1800, acc: 0.9382
loss: 0.1813, acc: 0.9368
loss: 0.1808, acc: 0.9365
loss: 0.1787, acc: 0.9381
loss: 0.1776, acc: 0.9378
loss: 0.1786, acc: 0.9381
> val_acc: 0.7875, val_f1: 0.6512
>>>>>>>>>>>>>>>>>>>>>>>>>>>>>>>>>>>>>>>>>>>>>>>>>>>>>>>>>>>>>>>>>>>>>>>>>>>>>>>>>>>>>>>>>>>>>>>>>>>>
epoch: 17
loss: 0.1260, acc: 0.9688
loss: 0.1204, acc: 0.9722
loss: 0.1348, acc: 0.9643
loss: 0.1387, acc: 0.9622
loss: 0.1466, acc: 0.9596
loss: 0.1442, acc: 0.9612
loss: 0.1469, acc: 0.9596
loss: 0.1466, acc: 0.9599
loss: 0.1463, acc: 0.9602
loss: 0.1458, acc: 0.9592
loss: 0.1471, acc: 0.9578
loss: 0.1519, acc: 0.9555
loss: 0.1563, acc: 0.9531
loss: 0.1594, acc: 0.9506
loss: 0.1576, acc: 0.9506
loss: 0.1593, acc: 0.9494
loss: 0.1617, acc: 0.9483
loss: 0.1618, acc: 0.9484
loss: 0.1616, acc: 0.9491
loss: 0.1645, acc: 0.9482
loss: 0.1643, acc: 0.9474
loss: 0.1658, acc: 0.9470
> val_acc: 0.7875, val_f1: 0.6629
>>>>>>>>>>>>>>>>>>>>>>>>>>>>>>>>>>>>>>>>>>>>>>>>>>>>>>>>>>>>>>>>>>>>>>>>>>>>>>>>>>>>>>>>>>>>>>>>>>>>
epoch: 18
loss: 0.2148, acc: 0.9062
loss: 0.1740, acc: 0.9479
loss: 0.1481, acc: 0.9602
loss: 0.1527, acc: 0.9531
loss: 0.1621, acc: 0.9464
loss: 0.1548, acc: 0.9495
loss: 0.1499, acc: 0.9526
loss: 0.1531, acc: 0.9505
loss: 0.1589, acc: 0.9482
loss: 0.1542, acc: 0.9497
loss: 0.1576, acc: 0.9479
loss: 0.1588, acc: 0.9492
loss: 0.1564, acc: 0.9498
loss: 0.1584, acc: 0.9498
loss: 0.1577, acc: 0.9503
loss: 0.1602, acc: 0.9494
loss: 0.1599, acc: 0.9491
loss: 0.1589, acc: 0.9502
loss: 0.1587, acc: 0.9499
loss: 0.1563, acc: 0.9518
loss: 0.1562, acc: 0.9511
loss: 0.1558, acc: 0.9502
loss: 0.1596, acc: 0.9490
> val_acc: 0.7866, val_f1: 0.6508
>>>>>>>>>>>>>>>>>>>>>>>>>>>>>>>>>>>>>>>>>>>>>>>>>>>>>>>>>>>>>>>>>>>>>>>>>>>>>>>>>>>>>>>>>>>>>>>>>>>>
epoch: 19
loss: 0.1333, acc: 0.9688
loss: 0.1776, acc: 0.9414
loss: 0.1800, acc: 0.9327
loss: 0.1735, acc: 0.9375
loss: 0.1679, acc: 0.9429
loss: 0.1720, acc: 0.9397
loss: 0.1610, acc: 0.9460
loss: 0.1598, acc: 0.9474
loss: 0.1599, acc: 0.9491
loss: 0.1624, acc: 0.9492
loss: 0.1577, acc: 0.9499
loss: 0.1532, acc: 0.9520
loss: 0.1536, acc: 0.9519
loss: 0.1523, acc: 0.9517
loss: 0.1530, acc: 0.9508
loss: 0.1571, acc: 0.9491
loss: 0.1566, acc: 0.9492
loss: 0.1596, acc: 0.9474
loss: 0.1574, acc: 0.9486
loss: 0.1585, acc: 0.9471
loss: 0.1603, acc: 0.9466
loss: 0.1608, acc: 0.9456
loss: 0.1614, acc: 0.9448
> val_acc: 0.7839, val_f1: 0.6629
>>>>>>>>>>>>>>>>>>>>>>>>>>>>>>>>>>>>>>>>>>>>>>>>>>>>>>>>>>>>>>>>>>>>>>>>>>>>>>>>>>>>>>>>>>>>>>>>>>>>
epoch: 20
loss: 0.1617, acc: 0.9500
loss: 0.1559, acc: 0.9437
loss: 0.1457, acc: 0.9542
loss: 0.1488, acc: 0.9531
loss: 0.1573, acc: 0.9500
loss: 0.1535, acc: 0.9542
loss: 0.1512, acc: 0.9571
loss: 0.1513, acc: 0.9555
loss: 0.1452, acc: 0.9576
loss: 0.1403, acc: 0.9600
loss: 0.1404, acc: 0.9614
loss: 0.1390, acc: 0.9620
loss: 0.1390, acc: 0.9611
loss: 0.1418, acc: 0.9603
loss: 0.1447, acc: 0.9587
loss: 0.1437, acc: 0.9594
loss: 0.1475, acc: 0.9566
loss: 0.1503, acc: 0.9545
loss: 0.1500, acc: 0.9539
loss: 0.1504, acc: 0.9541
loss: 0.1496, acc: 0.9545
loss: 0.1491, acc: 0.9551
> val_acc: 0.7830, val_f1: 0.6407
>>>>>>>>>>>>>>>>>>>>>>>>>>>>>>>>>>>>>>>>>>>>>>>>>>>>>>>>>>>>>>>>>>>>>>>>>>>>>>>>>>>>>>>>>>>>>>>>>>>>
epoch: 21
loss: 0.1201, acc: 0.9844
loss: 0.1103, acc: 0.9821
loss: 0.1223, acc: 0.9740
loss: 0.1174, acc: 0.9743
loss: 0.1162, acc: 0.9716
loss: 0.1177, acc: 0.9699
loss: 0.1227, acc: 0.9668
loss: 0.1279, acc: 0.9628
loss: 0.1292, acc: 0.9621
loss: 0.1313, acc: 0.9608
loss: 0.1333, acc: 0.9585
loss: 0.1397, acc: 0.9550
loss: 0.1410, acc: 0.9536
loss: 0.1394, acc: 0.9543
loss: 0.1405, acc: 0.9544
loss: 0.1399, acc: 0.9537
loss: 0.1386, acc: 0.9543
loss: 0.1389, acc: 0.9544
loss: 0.1410, acc: 0.9545
loss: 0.1443, acc: 0.9526
loss: 0.1478, acc: 0.9510
loss: 0.1473, acc: 0.9509
loss: 0.1473, acc: 0.9512
> val_acc: 0.7902, val_f1: 0.6682
>>>>>>>>>>>>>>>>>>>>>>>>>>>>>>>>>>>>>>>>>>>>>>>>>>>>>>>>>>>>>>>>>>>>>>>>>>>>>>>>>>>>>>>>>>>>>>>>>>>>
epoch: 22
loss: 0.1079, acc: 0.9766
loss: 0.1212, acc: 0.9618
loss: 0.1316, acc: 0.9531
loss: 0.1261, acc: 0.9572
loss: 0.1343, acc: 0.9531
loss: 0.1288, acc: 0.9569
loss: 0.1311, acc: 0.9559
loss: 0.1330, acc: 0.9551
loss: 0.1315, acc: 0.9545
loss: 0.1292, acc: 0.9560
loss: 0.1381, acc: 0.9520
loss: 0.1409, acc: 0.9507
loss: 0.1398, acc: 0.9526
loss: 0.1385, acc: 0.9534
loss: 0.1420, acc: 0.9523
loss: 0.1417, acc: 0.9521
loss: 0.1385, acc: 0.9539
loss: 0.1402, acc: 0.9533
loss: 0.1405, acc: 0.9535
loss: 0.1419, acc: 0.9533
loss: 0.1424, acc: 0.9534
loss: 0.1419, acc: 0.9533
> val_acc: 0.7759, val_f1: 0.6312
>>>>>>>>>>>>>>>>>>>>>>>>>>>>>>>>>>>>>>>>>>>>>>>>>>>>>>>>>>>>>>>>>>>>>>>>>>>>>>>>>>>>>>>>>>>>>>>>>>>>
epoch: 23
loss: 0.1129, acc: 1.0000
loss: 0.1295, acc: 0.9583
loss: 0.1369, acc: 0.9489
loss: 0.1276, acc: 0.9492
loss: 0.1298, acc: 0.9524
loss: 0.1375, acc: 0.9471
loss: 0.1430, acc: 0.9496
loss: 0.1476, acc: 0.9488
loss: 0.1465, acc: 0.9489
loss: 0.1447, acc: 0.9484
loss: 0.1446, acc: 0.9498
loss: 0.1409, acc: 0.9509
loss: 0.1411, acc: 0.9498
loss: 0.1400, acc: 0.9512
loss: 0.1398, acc: 0.9507
loss: 0.1400, acc: 0.9502
loss: 0.1393, acc: 0.9502
loss: 0.1402, acc: 0.9495
loss: 0.1407, acc: 0.9488
loss: 0.1391, acc: 0.9502
loss: 0.1398, acc: 0.9502
loss: 0.1382, acc: 0.9511
loss: 0.1372, acc: 0.9521
> val_acc: 0.7857, val_f1: 0.6574
>>>>>>>>>>>>>>>>>>>>>>>>>>>>>>>>>>>>>>>>>>>>>>>>>>>>>>>>>>>>>>>>>>>>>>>>>>>>>>>>>>>>>>>>>>>>>>>>>>>>
epoch: 24
loss: 0.1198, acc: 0.9583
loss: 0.1147, acc: 0.9727
loss: 0.1172, acc: 0.9663
loss: 0.1281, acc: 0.9583
loss: 0.1222, acc: 0.9606
loss: 0.1187, acc: 0.9621
loss: 0.1222, acc: 0.9612
loss: 0.1256, acc: 0.9589
loss: 0.1274, acc: 0.9586
loss: 0.1263, acc: 0.9590
loss: 0.1231, acc: 0.9605
loss: 0.1241, acc: 0.9591
loss: 0.1254, acc: 0.9598
loss: 0.1266, acc: 0.9605
loss: 0.1312, acc: 0.9580
loss: 0.1357, acc: 0.9555
loss: 0.1365, acc: 0.9556
loss: 0.1369, acc: 0.9549
loss: 0.1355, acc: 0.9560
loss: 0.1353, acc: 0.9557
loss: 0.1349, acc: 0.9563
loss: 0.1365, acc: 0.9557
loss: 0.1376, acc: 0.9551
> val_acc: 0.7848, val_f1: 0.6473
>>>>>>>>>>>>>>>>>>>>>>>>>>>>>>>>>>>>>>>>>>>>>>>>>>>>>>>>>>>>>>>>>>>>>>>>>>>>>>>>>>>>>>>>>>>>>>>>>>>>
epoch: 25
loss: 0.1329, acc: 0.9563
loss: 0.1305, acc: 0.9563
loss: 0.1276, acc: 0.9583
loss: 0.1282, acc: 0.9563
loss: 0.1418, acc: 0.9500
loss: 0.1352, acc: 0.9552
loss: 0.1309, acc: 0.9589
loss: 0.1284, acc: 0.9602
loss: 0.1302, acc: 0.9583
loss: 0.1262, acc: 0.9606
loss: 0.1285, acc: 0.9602
loss: 0.1308, acc: 0.9594
loss: 0.1304, acc: 0.9601
loss: 0.1289, acc: 0.9598
loss: 0.1282, acc: 0.9604
loss: 0.1284, acc: 0.9613
loss: 0.1309, acc: 0.9592
loss: 0.1309, acc: 0.9583
loss: 0.1310, acc: 0.9579
loss: 0.1301, acc: 0.9587
loss: 0.1291, acc: 0.9589
loss: 0.1293, acc: 0.9585
> val_acc: 0.7911, val_f1: 0.6697
>>>>>>>>>>>>>>>>>>>>>>>>>>>>>>>>>>>>>>>>>>>>>>>>>>>>>>>>>>>>>>>>>>>>>>>>>>>>>>>>>>>>>>>>>>>>>>>>>>>>
epoch: 26
loss: 0.1092, acc: 0.9688
loss: 0.1006, acc: 0.9732
loss: 0.1146, acc: 0.9635
loss: 0.1145, acc: 0.9669
loss: 0.1102, acc: 0.9702
loss: 0.1091, acc: 0.9688
loss: 0.1137, acc: 0.9678
loss: 0.1155, acc: 0.9671
loss: 0.1167, acc: 0.9665
loss: 0.1193, acc: 0.9648
loss: 0.1225, acc: 0.9633
loss: 0.1201, acc: 0.9649
loss: 0.1207, acc: 0.9642
loss: 0.1200, acc: 0.9650
loss: 0.1213, acc: 0.9653
loss: 0.1239, acc: 0.9635
loss: 0.1236, acc: 0.9627
loss: 0.1247, acc: 0.9616
loss: 0.1258, acc: 0.9606
loss: 0.1287, acc: 0.9591
loss: 0.1275, acc: 0.9589
loss: 0.1288, acc: 0.9582
loss: 0.1287, acc: 0.9576
> val_acc: 0.7875, val_f1: 0.6585
>>>>>>>>>>>>>>>>>>>>>>>>>>>>>>>>>>>>>>>>>>>>>>>>>>>>>>>>>>>>>>>>>>>>>>>>>>>>>>>>>>>>>>>>>>>>>>>>>>>>
epoch: 27
loss: 0.1437, acc: 0.9609
loss: 0.1116, acc: 0.9688
loss: 0.1146, acc: 0.9688
loss: 0.1079, acc: 0.9720
loss: 0.1140, acc: 0.9635
loss: 0.1107, acc: 0.9677
loss: 0.1144, acc: 0.9669
loss: 0.1147, acc: 0.9647
loss: 0.1136, acc: 0.9673
loss: 0.1123, acc: 0.9694
loss: 0.1142, acc: 0.9676
loss: 0.1167, acc: 0.9666
loss: 0.1150, acc: 0.9673
loss: 0.1179, acc: 0.9660
loss: 0.1171, acc: 0.9666
loss: 0.1165, acc: 0.9660
loss: 0.1204, acc: 0.9635
loss: 0.1225, acc: 0.9624
loss: 0.1250, acc: 0.9611
loss: 0.1230, acc: 0.9618
loss: 0.1240, acc: 0.9609
loss: 0.1257, acc: 0.9601
> val_acc: 0.7920, val_f1: 0.6689
>>>>>>>>>>>>>>>>>>>>>>>>>>>>>>>>>>>>>>>>>>>>>>>>>>>>>>>>>>>>>>>>>>>>>>>>>>>>>>>>>>>>>>>>>>>>>>>>>>>>
epoch: 28
loss: 0.1002, acc: 0.9688
loss: 0.1232, acc: 0.9479
loss: 0.0971, acc: 0.9659
loss: 0.1082, acc: 0.9609
loss: 0.1052, acc: 0.9658
loss: 0.1081, acc: 0.9639
loss: 0.1167, acc: 0.9577
loss: 0.1200, acc: 0.9575
loss: 0.1237, acc: 0.9566
loss: 0.1241, acc: 0.9572
loss: 0.1233, acc: 0.9571
loss: 0.1256, acc: 0.9576
loss: 0.1269, acc: 0.9585
loss: 0.1252, acc: 0.9602
loss: 0.1260, acc: 0.9595
loss: 0.1291, acc: 0.9568
loss: 0.1290, acc: 0.9579
loss: 0.1295, acc: 0.9568
loss: 0.1313, acc: 0.9560
loss: 0.1309, acc: 0.9567
loss: 0.1308, acc: 0.9564
loss: 0.1292, acc: 0.9575
loss: 0.1280, acc: 0.9581
> val_acc: 0.7875, val_f1: 0.6607
>>>>>>>>>>>>>>>>>>>>>>>>>>>>>>>>>>>>>>>>>>>>>>>>>>>>>>>>>>>>>>>>>>>>>>>>>>>>>>>>>>>>>>>>>>>>>>>>>>>>
epoch: 29
loss: 0.0783, acc: 0.9896
loss: 0.1051, acc: 0.9844
loss: 0.1021, acc: 0.9784
loss: 0.1040, acc: 0.9774
loss: 0.1123, acc: 0.9728
loss: 0.1112, acc: 0.9710
loss: 0.1110, acc: 0.9697
loss: 0.1133, acc: 0.9671
loss: 0.1178, acc: 0.9644
loss: 0.1178, acc: 0.9635
loss: 0.1153, acc: 0.9652
loss: 0.1132, acc: 0.9650
loss: 0.1139, acc: 0.9638
loss: 0.1155, acc: 0.9623
loss: 0.1177, acc: 0.9606
loss: 0.1172, acc: 0.9611
loss: 0.1202, acc: 0.9597
loss: 0.1246, acc: 0.9588
loss: 0.1233, acc: 0.9597
loss: 0.1221, acc: 0.9608
loss: 0.1206, acc: 0.9612
loss: 0.1212, acc: 0.9601
loss: 0.1217, acc: 0.9590
> val_acc: 0.7884, val_f1: 0.6653
>> test_acc: 0.7937, test_f1: 0.6645
