cuda memory allocated: 24697344
n_trainable_params: 4407503, n_nontrainable_params: 1764800
> training arguments:
>>> model_name: gc_ian
>>> model_ver: 3
>>> dataset: restaurant
>>> optimizer: <class 'torch.optim.adagrad.Adagrad'>
>>> initializer: <function xavier_uniform_ at 0x00000272501D76A8>
>>> learning_rate: 0.005
>>> momentum: 0.95
>>> dropout: 0.2
>>> l2reg: 5e-05
>>> num_epoch: 30
>>> batch_size: 32
>>> log_step: 5
>>> embed_dim: 400
>>> hidden_dim: 300
>>> bert_dim: 768
>>> pretrained_bert_name: bert-base-uncased
>>> embeddings: gd
>>> max_seq_len: 80
>>> polarities_dim: 3
>>> hops: 3
>>> device: cuda
>>> seed: 0
>>> valset_ratio: 0
>>> num_layers: 1
>>> in_channels: 125
>>> out_channels: 1
>>> downbot: 20
>>> kernel_size: 3
>>> glove_path: ./embeddings/glove.840B.300d.txt
>>> embedding_matrix_path: gen_data/embeddings/400_restaurant_glove_domain_embedding_matrix.dat
>>> model_class: <class 'models.gc_ian.GC_IAN3'>
>>> dataset_file: {'train': './datasets/semeval14/Restaurants_Train.xml.seg', 'test': './datasets/semeval14/Restaurants_Test_Gold.xml.seg'}
>>> inputs_cols: ['text_raw_indices', 'aspect_indices']
>>>>>>>>>>>>>>>>>>>>>>>>>>>>>>>>>>>>>>>>>>>>>>>>>>>>>>>>>>>>>>>>>>>>>>>>>>>>>>>>>>>>>>>>>>>>>>>>>>>>
epoch: 0
loss: 1.6543, acc: 0.4813
loss: 1.3335, acc: 0.5406
loss: 1.1682, acc: 0.5771
loss: 1.0940, acc: 0.5875
loss: 1.0270, acc: 0.6025
loss: 0.9874, acc: 0.6167
loss: 0.9506, acc: 0.6241
loss: 0.9301, acc: 0.6328
loss: 0.9020, acc: 0.6431
loss: 0.8915, acc: 0.6444
loss: 0.8751, acc: 0.6511
loss: 0.8465, acc: 0.6604
loss: 0.8305, acc: 0.6644
loss: 0.8210, acc: 0.6674
loss: 0.8115, acc: 0.6696
loss: 0.7936, acc: 0.6758
loss: 0.7941, acc: 0.6746
loss: 0.7867, acc: 0.6781
loss: 0.7851, acc: 0.6773
loss: 0.7850, acc: 0.6756
loss: 0.7793, acc: 0.6780
loss: 0.7739, acc: 0.6790
> val_acc: 0.7616, val_f1: 0.5966
>> saved: state_dict/gc_ian_restaurant_val_acc0.7616
>>>>>>>>>>>>>>>>>>>>>>>>>>>>>>>>>>>>>>>>>>>>>>>>>>>>>>>>>>>>>>>>>>>>>>>>>>>>>>>>>>>>>>>>>>>>>>>>>>>>
epoch: 1
loss: 0.4763, acc: 0.7969
loss: 0.4848, acc: 0.7991
loss: 0.4782, acc: 0.8099
loss: 0.4779, acc: 0.8180
loss: 0.4839, acc: 0.8139
loss: 0.4869, acc: 0.8102
loss: 0.4871, acc: 0.8076
loss: 0.4881, acc: 0.8066
loss: 0.4786, acc: 0.8140
loss: 0.4813, acc: 0.8152
loss: 0.4811, acc: 0.8149
loss: 0.4832, acc: 0.8136
loss: 0.4831, acc: 0.8145
loss: 0.4818, acc: 0.8130
loss: 0.4741, acc: 0.8155
loss: 0.4770, acc: 0.8145
loss: 0.4793, acc: 0.8133
loss: 0.4773, acc: 0.8136
loss: 0.4738, acc: 0.8139
loss: 0.4771, acc: 0.8122
loss: 0.4777, acc: 0.8128
loss: 0.4757, acc: 0.8157
loss: 0.4718, acc: 0.8184
> val_acc: 0.7866, val_f1: 0.6546
>> saved: state_dict/gc_ian_restaurant_val_acc0.7866
>>>>>>>>>>>>>>>>>>>>>>>>>>>>>>>>>>>>>>>>>>>>>>>>>>>>>>>>>>>>>>>>>>>>>>>>>>>>>>>>>>>>>>>>>>>>>>>>>>>>
epoch: 2
loss: 0.3415, acc: 0.8828
loss: 0.3676, acc: 0.8750
loss: 0.3538, acc: 0.8929
loss: 0.3667, acc: 0.8783
loss: 0.3716, acc: 0.8789
loss: 0.3668, acc: 0.8815
loss: 0.3682, acc: 0.8787
loss: 0.3658, acc: 0.8766
loss: 0.3736, acc: 0.8757
loss: 0.3764, acc: 0.8680
loss: 0.3821, acc: 0.8634
loss: 0.3888, acc: 0.8602
loss: 0.3899, acc: 0.8569
loss: 0.3878, acc: 0.8587
loss: 0.3904, acc: 0.8573
loss: 0.3896, acc: 0.8580
loss: 0.3852, acc: 0.8601
loss: 0.3860, acc: 0.8592
loss: 0.3881, acc: 0.8570
loss: 0.3877, acc: 0.8573
loss: 0.3885, acc: 0.8558
loss: 0.3895, acc: 0.8552
> val_acc: 0.7768, val_f1: 0.6274
>>>>>>>>>>>>>>>>>>>>>>>>>>>>>>>>>>>>>>>>>>>>>>>>>>>>>>>>>>>>>>>>>>>>>>>>>>>>>>>>>>>>>>>>>>>>>>>>>>>>
epoch: 3
loss: 0.2433, acc: 0.9375
loss: 0.2946, acc: 0.9115
loss: 0.3093, acc: 0.9148
loss: 0.2980, acc: 0.9121
loss: 0.2919, acc: 0.9196
loss: 0.2999, acc: 0.9111
loss: 0.3025, acc: 0.9123
loss: 0.3048, acc: 0.9080
loss: 0.3124, acc: 0.9032
loss: 0.3121, acc: 0.9049
loss: 0.3156, acc: 0.9020
loss: 0.3134, acc: 0.9040
loss: 0.3206, acc: 0.8996
loss: 0.3218, acc: 0.8987
loss: 0.3212, acc: 0.8992
loss: 0.3221, acc: 0.8976
loss: 0.3256, acc: 0.8951
loss: 0.3272, acc: 0.8932
loss: 0.3256, acc: 0.8929
loss: 0.3275, acc: 0.8919
loss: 0.3270, acc: 0.8920
loss: 0.3266, acc: 0.8906
loss: 0.3270, acc: 0.8891
> val_acc: 0.7875, val_f1: 0.6779
>> saved: state_dict/gc_ian_restaurant_val_acc0.7875
>>>>>>>>>>>>>>>>>>>>>>>>>>>>>>>>>>>>>>>>>>>>>>>>>>>>>>>>>>>>>>>>>>>>>>>>>>>>>>>>>>>>>>>>>>>>>>>>>>>>
epoch: 4
loss: 0.2073, acc: 0.9688
loss: 0.2709, acc: 0.9062
loss: 0.2820, acc: 0.9038
loss: 0.2808, acc: 0.9115
loss: 0.2686, acc: 0.9158
loss: 0.2859, acc: 0.9074
loss: 0.2882, acc: 0.9072
loss: 0.2838, acc: 0.9079
loss: 0.2810, acc: 0.9106
loss: 0.2844, acc: 0.9082
loss: 0.2861, acc: 0.9057
loss: 0.2889, acc: 0.9062
loss: 0.2935, acc: 0.9023
loss: 0.2926, acc: 0.9017
loss: 0.2904, acc: 0.9020
loss: 0.2917, acc: 0.9010
loss: 0.2914, acc: 0.9021
loss: 0.2909, acc: 0.9020
loss: 0.2881, acc: 0.9026
loss: 0.2895, acc: 0.9027
loss: 0.2857, acc: 0.9047
loss: 0.2870, acc: 0.9051
loss: 0.2856, acc: 0.9063
> val_acc: 0.7812, val_f1: 0.6330
>>>>>>>>>>>>>>>>>>>>>>>>>>>>>>>>>>>>>>>>>>>>>>>>>>>>>>>>>>>>>>>>>>>>>>>>>>>>>>>>>>>>>>>>>>>>>>>>>>>>
epoch: 5
loss: 0.2084, acc: 0.9625
loss: 0.2302, acc: 0.9469
loss: 0.2356, acc: 0.9333
loss: 0.2393, acc: 0.9297
loss: 0.2392, acc: 0.9313
loss: 0.2384, acc: 0.9313
loss: 0.2405, acc: 0.9321
loss: 0.2519, acc: 0.9266
loss: 0.2522, acc: 0.9250
loss: 0.2516, acc: 0.9250
loss: 0.2515, acc: 0.9261
loss: 0.2505, acc: 0.9255
loss: 0.2497, acc: 0.9269
loss: 0.2471, acc: 0.9277
loss: 0.2501, acc: 0.9263
loss: 0.2520, acc: 0.9254
loss: 0.2522, acc: 0.9235
loss: 0.2488, acc: 0.9260
loss: 0.2486, acc: 0.9266
loss: 0.2498, acc: 0.9263
loss: 0.2498, acc: 0.9259
loss: 0.2529, acc: 0.9244
> val_acc: 0.7857, val_f1: 0.6500
>>>>>>>>>>>>>>>>>>>>>>>>>>>>>>>>>>>>>>>>>>>>>>>>>>>>>>>>>>>>>>>>>>>>>>>>>>>>>>>>>>>>>>>>>>>>>>>>>>>>
epoch: 6
loss: 0.1540, acc: 0.9844
loss: 0.2242, acc: 0.9509
loss: 0.2209, acc: 0.9479
loss: 0.2258, acc: 0.9393
loss: 0.2299, acc: 0.9318
loss: 0.2323, acc: 0.9306
loss: 0.2281, acc: 0.9346
loss: 0.2241, acc: 0.9350
loss: 0.2256, acc: 0.9323
loss: 0.2242, acc: 0.9328
loss: 0.2224, acc: 0.9315
loss: 0.2228, acc: 0.9315
loss: 0.2281, acc: 0.9284
loss: 0.2231, acc: 0.9300
loss: 0.2208, acc: 0.9310
loss: 0.2226, acc: 0.9302
loss: 0.2236, acc: 0.9295
loss: 0.2262, acc: 0.9292
loss: 0.2264, acc: 0.9297
loss: 0.2266, acc: 0.9291
loss: 0.2271, acc: 0.9295
loss: 0.2282, acc: 0.9293
loss: 0.2278, acc: 0.9289
> val_acc: 0.7830, val_f1: 0.6421
>>>>>>>>>>>>>>>>>>>>>>>>>>>>>>>>>>>>>>>>>>>>>>>>>>>>>>>>>>>>>>>>>>>>>>>>>>>>>>>>>>>>>>>>>>>>>>>>>>>>
epoch: 7
loss: 0.1808, acc: 0.9688
loss: 0.1654, acc: 0.9618
loss: 0.1754, acc: 0.9598
loss: 0.1832, acc: 0.9490
loss: 0.1822, acc: 0.9518
loss: 0.1842, acc: 0.9494
loss: 0.1842, acc: 0.9504
loss: 0.1823, acc: 0.9511
loss: 0.1869, acc: 0.9489
loss: 0.1901, acc: 0.9477
loss: 0.1950, acc: 0.9444
loss: 0.1941, acc: 0.9449
loss: 0.1956, acc: 0.9443
loss: 0.1957, acc: 0.9447
loss: 0.2001, acc: 0.9417
loss: 0.1983, acc: 0.9430
loss: 0.1978, acc: 0.9420
loss: 0.1997, acc: 0.9414
loss: 0.2020, acc: 0.9382
loss: 0.2061, acc: 0.9366
loss: 0.2083, acc: 0.9357
loss: 0.2104, acc: 0.9346
> val_acc: 0.7920, val_f1: 0.6739
>> saved: state_dict/gc_ian_restaurant_val_acc0.792
>>>>>>>>>>>>>>>>>>>>>>>>>>>>>>>>>>>>>>>>>>>>>>>>>>>>>>>>>>>>>>>>>>>>>>>>>>>>>>>>>>>>>>>>>>>>>>>>>>>>
epoch: 8
loss: 0.1577, acc: 0.9688
loss: 0.1824, acc: 0.9219
loss: 0.1929, acc: 0.9205
loss: 0.1959, acc: 0.9336
loss: 0.1999, acc: 0.9360
loss: 0.1971, acc: 0.9399
loss: 0.1914, acc: 0.9395
loss: 0.1821, acc: 0.9444
loss: 0.1811, acc: 0.9436
loss: 0.1800, acc: 0.9457
loss: 0.1832, acc: 0.9461
loss: 0.1885, acc: 0.9425
loss: 0.1860, acc: 0.9447
loss: 0.1874, acc: 0.9432
loss: 0.1858, acc: 0.9441
loss: 0.1886, acc: 0.9428
loss: 0.1875, acc: 0.9437
loss: 0.1884, acc: 0.9426
loss: 0.1896, acc: 0.9437
loss: 0.1914, acc: 0.9427
loss: 0.1938, acc: 0.9418
loss: 0.1944, acc: 0.9407
loss: 0.1957, acc: 0.9400
> val_acc: 0.7929, val_f1: 0.6636
>> saved: state_dict/gc_ian_restaurant_val_acc0.7929
>>>>>>>>>>>>>>>>>>>>>>>>>>>>>>>>>>>>>>>>>>>>>>>>>>>>>>>>>>>>>>>>>>>>>>>>>>>>>>>>>>>>>>>>>>>>>>>>>>>>
epoch: 9
loss: 0.2062, acc: 0.9479
loss: 0.1915, acc: 0.9453
loss: 0.1765, acc: 0.9447
loss: 0.1790, acc: 0.9444
loss: 0.1796, acc: 0.9470
loss: 0.1882, acc: 0.9431
loss: 0.1827, acc: 0.9451
loss: 0.1787, acc: 0.9474
loss: 0.1744, acc: 0.9499
loss: 0.1774, acc: 0.9486
loss: 0.1738, acc: 0.9499
loss: 0.1741, acc: 0.9488
loss: 0.1753, acc: 0.9494
loss: 0.1753, acc: 0.9481
loss: 0.1771, acc: 0.9482
loss: 0.1750, acc: 0.9499
loss: 0.1777, acc: 0.9484
loss: 0.1760, acc: 0.9492
loss: 0.1749, acc: 0.9496
loss: 0.1746, acc: 0.9493
loss: 0.1754, acc: 0.9481
loss: 0.1794, acc: 0.9450
loss: 0.1793, acc: 0.9454
> val_acc: 0.7839, val_f1: 0.6390
>>>>>>>>>>>>>>>>>>>>>>>>>>>>>>>>>>>>>>>>>>>>>>>>>>>>>>>>>>>>>>>>>>>>>>>>>>>>>>>>>>>>>>>>>>>>>>>>>>>>
epoch: 10
loss: 0.1610, acc: 0.9563
loss: 0.1518, acc: 0.9625
loss: 0.1605, acc: 0.9583
loss: 0.1625, acc: 0.9578
loss: 0.1688, acc: 0.9475
loss: 0.1677, acc: 0.9490
loss: 0.1656, acc: 0.9509
loss: 0.1659, acc: 0.9500
loss: 0.1688, acc: 0.9493
loss: 0.1698, acc: 0.9481
loss: 0.1702, acc: 0.9477
loss: 0.1697, acc: 0.9495
loss: 0.1666, acc: 0.9519
loss: 0.1680, acc: 0.9500
loss: 0.1678, acc: 0.9500
loss: 0.1668, acc: 0.9512
loss: 0.1677, acc: 0.9500
loss: 0.1673, acc: 0.9503
loss: 0.1673, acc: 0.9493
loss: 0.1697, acc: 0.9481
loss: 0.1693, acc: 0.9485
loss: 0.1703, acc: 0.9486
> val_acc: 0.7911, val_f1: 0.6662
>>>>>>>>>>>>>>>>>>>>>>>>>>>>>>>>>>>>>>>>>>>>>>>>>>>>>>>>>>>>>>>>>>>>>>>>>>>>>>>>>>>>>>>>>>>>>>>>>>>>
epoch: 11
loss: 0.1933, acc: 0.8906
loss: 0.1701, acc: 0.9375
loss: 0.1569, acc: 0.9531
loss: 0.1572, acc: 0.9577
loss: 0.1466, acc: 0.9631
loss: 0.1423, acc: 0.9664
loss: 0.1449, acc: 0.9648
loss: 0.1501, acc: 0.9611
loss: 0.1495, acc: 0.9621
loss: 0.1469, acc: 0.9634
loss: 0.1482, acc: 0.9621
loss: 0.1495, acc: 0.9605
loss: 0.1485, acc: 0.9612
loss: 0.1523, acc: 0.9594
loss: 0.1539, acc: 0.9596
loss: 0.1550, acc: 0.9594
loss: 0.1578, acc: 0.9577
loss: 0.1595, acc: 0.9558
loss: 0.1594, acc: 0.9558
loss: 0.1601, acc: 0.9555
loss: 0.1598, acc: 0.9556
loss: 0.1617, acc: 0.9541
loss: 0.1614, acc: 0.9540
> val_acc: 0.7902, val_f1: 0.6671
>>>>>>>>>>>>>>>>>>>>>>>>>>>>>>>>>>>>>>>>>>>>>>>>>>>>>>>>>>>>>>>>>>>>>>>>>>>>>>>>>>>>>>>>>>>>>>>>>>>>
epoch: 12
loss: 0.1230, acc: 0.9688
loss: 0.1348, acc: 0.9583
loss: 0.1286, acc: 0.9665
loss: 0.1294, acc: 0.9688
loss: 0.1278, acc: 0.9688
loss: 0.1283, acc: 0.9698
loss: 0.1312, acc: 0.9697
loss: 0.1302, acc: 0.9696
loss: 0.1349, acc: 0.9666
loss: 0.1369, acc: 0.9662
loss: 0.1356, acc: 0.9659
loss: 0.1379, acc: 0.9656
loss: 0.1366, acc: 0.9668
loss: 0.1375, acc: 0.9656
loss: 0.1390, acc: 0.9633
loss: 0.1399, acc: 0.9628
loss: 0.1440, acc: 0.9594
loss: 0.1447, acc: 0.9593
loss: 0.1458, acc: 0.9584
loss: 0.1502, acc: 0.9568
loss: 0.1515, acc: 0.9552
loss: 0.1518, acc: 0.9547
> val_acc: 0.7991, val_f1: 0.6816
>> saved: state_dict/gc_ian_restaurant_val_acc0.7991
>>>>>>>>>>>>>>>>>>>>>>>>>>>>>>>>>>>>>>>>>>>>>>>>>>>>>>>>>>>>>>>>>>>>>>>>>>>>>>>>>>>>>>>>>>>>>>>>>>>>
epoch: 13
loss: 0.1128, acc: 0.9688
loss: 0.1389, acc: 0.9583
loss: 0.1288, acc: 0.9716
loss: 0.1248, acc: 0.9746
loss: 0.1231, acc: 0.9762
loss: 0.1353, acc: 0.9700
loss: 0.1309, acc: 0.9728
loss: 0.1367, acc: 0.9696
loss: 0.1371, acc: 0.9672
loss: 0.1349, acc: 0.9660
loss: 0.1370, acc: 0.9663
loss: 0.1368, acc: 0.9665
loss: 0.1357, acc: 0.9662
loss: 0.1370, acc: 0.9650
loss: 0.1373, acc: 0.9643
loss: 0.1392, acc: 0.9626
loss: 0.1379, acc: 0.9626
loss: 0.1416, acc: 0.9608
loss: 0.1423, acc: 0.9609
loss: 0.1441, acc: 0.9600
loss: 0.1444, acc: 0.9592
loss: 0.1440, acc: 0.9584
loss: 0.1443, acc: 0.9586
> val_acc: 0.7884, val_f1: 0.6581
>>>>>>>>>>>>>>>>>>>>>>>>>>>>>>>>>>>>>>>>>>>>>>>>>>>>>>>>>>>>>>>>>>>>>>>>>>>>>>>>>>>>>>>>>>>>>>>>>>>>
epoch: 14
loss: 0.1243, acc: 0.9583
loss: 0.1310, acc: 0.9609
loss: 0.1348, acc: 0.9615
loss: 0.1325, acc: 0.9583
loss: 0.1410, acc: 0.9552
loss: 0.1394, acc: 0.9576
loss: 0.1340, acc: 0.9612
loss: 0.1335, acc: 0.9630
loss: 0.1371, acc: 0.9608
loss: 0.1391, acc: 0.9596
loss: 0.1385, acc: 0.9605
loss: 0.1380, acc: 0.9591
loss: 0.1395, acc: 0.9588
loss: 0.1391, acc: 0.9591
loss: 0.1375, acc: 0.9593
loss: 0.1353, acc: 0.9611
loss: 0.1354, acc: 0.9612
loss: 0.1342, acc: 0.9613
loss: 0.1367, acc: 0.9597
loss: 0.1362, acc: 0.9592
loss: 0.1357, acc: 0.9593
loss: 0.1356, acc: 0.9595
loss: 0.1367, acc: 0.9581
> val_acc: 0.7821, val_f1: 0.6426
>>>>>>>>>>>>>>>>>>>>>>>>>>>>>>>>>>>>>>>>>>>>>>>>>>>>>>>>>>>>>>>>>>>>>>>>>>>>>>>>>>>>>>>>>>>>>>>>>>>>
epoch: 15
loss: 0.1081, acc: 0.9938
loss: 0.1086, acc: 0.9875
loss: 0.1112, acc: 0.9771
loss: 0.1204, acc: 0.9719
loss: 0.1205, acc: 0.9688
loss: 0.1205, acc: 0.9698
loss: 0.1242, acc: 0.9688
loss: 0.1280, acc: 0.9672
loss: 0.1286, acc: 0.9653
loss: 0.1298, acc: 0.9644
loss: 0.1282, acc: 0.9659
loss: 0.1311, acc: 0.9641
loss: 0.1329, acc: 0.9611
loss: 0.1318, acc: 0.9621
loss: 0.1323, acc: 0.9625
loss: 0.1331, acc: 0.9621
loss: 0.1331, acc: 0.9618
loss: 0.1320, acc: 0.9635
loss: 0.1311, acc: 0.9641
loss: 0.1306, acc: 0.9641
loss: 0.1308, acc: 0.9646
loss: 0.1308, acc: 0.9642
> val_acc: 0.7830, val_f1: 0.6378
>>>>>>>>>>>>>>>>>>>>>>>>>>>>>>>>>>>>>>>>>>>>>>>>>>>>>>>>>>>>>>>>>>>>>>>>>>>>>>>>>>>>>>>>>>>>>>>>>>>>
epoch: 16
loss: 0.1106, acc: 0.9688
loss: 0.1136, acc: 0.9688
loss: 0.1165, acc: 0.9688
loss: 0.1217, acc: 0.9669
loss: 0.1135, acc: 0.9730
loss: 0.1137, acc: 0.9745
loss: 0.1175, acc: 0.9707
loss: 0.1175, acc: 0.9704
loss: 0.1149, acc: 0.9717
loss: 0.1182, acc: 0.9707
loss: 0.1176, acc: 0.9718
loss: 0.1208, acc: 0.9688
loss: 0.1234, acc: 0.9677
loss: 0.1248, acc: 0.9669
loss: 0.1244, acc: 0.9670
loss: 0.1244, acc: 0.9667
loss: 0.1257, acc: 0.9665
loss: 0.1267, acc: 0.9655
loss: 0.1287, acc: 0.9643
loss: 0.1276, acc: 0.9655
loss: 0.1281, acc: 0.9648
loss: 0.1281, acc: 0.9647
loss: 0.1272, acc: 0.9648
> val_acc: 0.7875, val_f1: 0.6568
>>>>>>>>>>>>>>>>>>>>>>>>>>>>>>>>>>>>>>>>>>>>>>>>>>>>>>>>>>>>>>>>>>>>>>>>>>>>>>>>>>>>>>>>>>>>>>>>>>>>
epoch: 17
loss: 0.1047, acc: 0.9766
loss: 0.0896, acc: 0.9861
loss: 0.1035, acc: 0.9821
loss: 0.0996, acc: 0.9868
loss: 0.1012, acc: 0.9818
loss: 0.1029, acc: 0.9784
loss: 0.1048, acc: 0.9779
loss: 0.1065, acc: 0.9760
loss: 0.1064, acc: 0.9744
loss: 0.1096, acc: 0.9719
loss: 0.1100, acc: 0.9722
loss: 0.1097, acc: 0.9714
loss: 0.1134, acc: 0.9697
loss: 0.1142, acc: 0.9692
loss: 0.1159, acc: 0.9679
loss: 0.1151, acc: 0.9684
loss: 0.1161, acc: 0.9688
loss: 0.1150, acc: 0.9695
loss: 0.1159, acc: 0.9688
loss: 0.1179, acc: 0.9672
loss: 0.1180, acc: 0.9669
loss: 0.1195, acc: 0.9659
> val_acc: 0.7857, val_f1: 0.6605
>>>>>>>>>>>>>>>>>>>>>>>>>>>>>>>>>>>>>>>>>>>>>>>>>>>>>>>>>>>>>>>>>>>>>>>>>>>>>>>>>>>>>>>>>>>>>>>>>>>>
epoch: 18
loss: 0.0594, acc: 1.0000
loss: 0.0726, acc: 0.9896
loss: 0.0914, acc: 0.9801
loss: 0.1006, acc: 0.9766
loss: 0.1070, acc: 0.9732
loss: 0.1091, acc: 0.9724
loss: 0.1117, acc: 0.9718
loss: 0.1104, acc: 0.9714
loss: 0.1124, acc: 0.9710
loss: 0.1108, acc: 0.9708
loss: 0.1105, acc: 0.9712
loss: 0.1111, acc: 0.9710
loss: 0.1133, acc: 0.9708
loss: 0.1116, acc: 0.9721
loss: 0.1098, acc: 0.9727
loss: 0.1107, acc: 0.9716
loss: 0.1104, acc: 0.9715
loss: 0.1117, acc: 0.9709
loss: 0.1116, acc: 0.9701
loss: 0.1130, acc: 0.9701
loss: 0.1155, acc: 0.9684
loss: 0.1135, acc: 0.9696
loss: 0.1160, acc: 0.9679
> val_acc: 0.7848, val_f1: 0.6459
>>>>>>>>>>>>>>>>>>>>>>>>>>>>>>>>>>>>>>>>>>>>>>>>>>>>>>>>>>>>>>>>>>>>>>>>>>>>>>>>>>>>>>>>>>>>>>>>>>>>
epoch: 19
loss: 0.0836, acc: 0.9792
loss: 0.0957, acc: 0.9727
loss: 0.1189, acc: 0.9615
loss: 0.1139, acc: 0.9653
loss: 0.1163, acc: 0.9660
loss: 0.1163, acc: 0.9643
loss: 0.1146, acc: 0.9640
loss: 0.1185, acc: 0.9630
loss: 0.1190, acc: 0.9629
loss: 0.1177, acc: 0.9648
loss: 0.1164, acc: 0.9664
loss: 0.1161, acc: 0.9671
loss: 0.1178, acc: 0.9663
loss: 0.1147, acc: 0.9683
loss: 0.1126, acc: 0.9696
loss: 0.1130, acc: 0.9683
loss: 0.1115, acc: 0.9691
loss: 0.1112, acc: 0.9698
loss: 0.1126, acc: 0.9688
loss: 0.1137, acc: 0.9688
loss: 0.1126, acc: 0.9694
loss: 0.1113, acc: 0.9699
loss: 0.1119, acc: 0.9695
> val_acc: 0.7884, val_f1: 0.6682
>>>>>>>>>>>>>>>>>>>>>>>>>>>>>>>>>>>>>>>>>>>>>>>>>>>>>>>>>>>>>>>>>>>>>>>>>>>>>>>>>>>>>>>>>>>>>>>>>>>>
epoch: 20
loss: 0.1065, acc: 0.9625
loss: 0.0944, acc: 0.9688
loss: 0.0910, acc: 0.9729
loss: 0.0869, acc: 0.9750
loss: 0.0853, acc: 0.9788
loss: 0.0848, acc: 0.9771
loss: 0.0914, acc: 0.9723
loss: 0.0923, acc: 0.9727
loss: 0.0955, acc: 0.9708
loss: 0.0976, acc: 0.9706
loss: 0.0987, acc: 0.9693
loss: 0.1001, acc: 0.9688
loss: 0.1016, acc: 0.9688
loss: 0.1027, acc: 0.9683
loss: 0.1041, acc: 0.9688
loss: 0.1032, acc: 0.9691
loss: 0.1030, acc: 0.9691
loss: 0.1044, acc: 0.9688
loss: 0.1046, acc: 0.9688
loss: 0.1053, acc: 0.9678
loss: 0.1056, acc: 0.9682
loss: 0.1069, acc: 0.9685
> val_acc: 0.7848, val_f1: 0.6598
>>>>>>>>>>>>>>>>>>>>>>>>>>>>>>>>>>>>>>>>>>>>>>>>>>>>>>>>>>>>>>>>>>>>>>>>>>>>>>>>>>>>>>>>>>>>>>>>>>>>
epoch: 21
loss: 0.0611, acc: 1.0000
loss: 0.0832, acc: 0.9777
loss: 0.0765, acc: 0.9818
loss: 0.0805, acc: 0.9798
loss: 0.0917, acc: 0.9759
loss: 0.0950, acc: 0.9734
loss: 0.1028, acc: 0.9658
loss: 0.0992, acc: 0.9696
loss: 0.1033, acc: 0.9688
loss: 0.1004, acc: 0.9694
loss: 0.1016, acc: 0.9700
loss: 0.1006, acc: 0.9698
loss: 0.1047, acc: 0.9688
loss: 0.1035, acc: 0.9697
loss: 0.1043, acc: 0.9688
loss: 0.1052, acc: 0.9688
loss: 0.1060, acc: 0.9691
loss: 0.1073, acc: 0.9684
loss: 0.1076, acc: 0.9677
loss: 0.1074, acc: 0.9675
loss: 0.1082, acc: 0.9669
loss: 0.1088, acc: 0.9667
loss: 0.1079, acc: 0.9674
> val_acc: 0.7795, val_f1: 0.6304
>>>>>>>>>>>>>>>>>>>>>>>>>>>>>>>>>>>>>>>>>>>>>>>>>>>>>>>>>>>>>>>>>>>>>>>>>>>>>>>>>>>>>>>>>>>>>>>>>>>>
epoch: 22
loss: 0.1361, acc: 0.9609
loss: 0.1105, acc: 0.9722
loss: 0.1087, acc: 0.9754
loss: 0.1061, acc: 0.9753
loss: 0.1050, acc: 0.9766
loss: 0.1072, acc: 0.9752
loss: 0.1061, acc: 0.9761
loss: 0.1085, acc: 0.9720
loss: 0.1050, acc: 0.9730
loss: 0.1021, acc: 0.9739
loss: 0.1027, acc: 0.9745
loss: 0.1010, acc: 0.9756
loss: 0.1006, acc: 0.9756
loss: 0.1017, acc: 0.9746
loss: 0.1009, acc: 0.9747
loss: 0.1026, acc: 0.9747
loss: 0.1035, acc: 0.9740
loss: 0.1056, acc: 0.9730
loss: 0.1061, acc: 0.9727
loss: 0.1059, acc: 0.9729
loss: 0.1059, acc: 0.9727
loss: 0.1062, acc: 0.9725
> val_acc: 0.7830, val_f1: 0.6406
>>>>>>>>>>>>>>>>>>>>>>>>>>>>>>>>>>>>>>>>>>>>>>>>>>>>>>>>>>>>>>>>>>>>>>>>>>>>>>>>>>>>>>>>>>>>>>>>>>>>
epoch: 23
loss: 0.1146, acc: 0.9688
loss: 0.0672, acc: 0.9792
loss: 0.0691, acc: 0.9858
loss: 0.0785, acc: 0.9844
loss: 0.0906, acc: 0.9777
loss: 0.0944, acc: 0.9748
loss: 0.0938, acc: 0.9758
loss: 0.0937, acc: 0.9748
loss: 0.0920, acc: 0.9756
loss: 0.0936, acc: 0.9749
loss: 0.0932, acc: 0.9743
loss: 0.0928, acc: 0.9743
loss: 0.0927, acc: 0.9739
loss: 0.0933, acc: 0.9744
loss: 0.0945, acc: 0.9740
loss: 0.0934, acc: 0.9749
loss: 0.0926, acc: 0.9761
loss: 0.0936, acc: 0.9757
loss: 0.0973, acc: 0.9732
loss: 0.0962, acc: 0.9740
loss: 0.0975, acc: 0.9731
loss: 0.0972, acc: 0.9729
loss: 0.0963, acc: 0.9735
> val_acc: 0.7848, val_f1: 0.6418
>>>>>>>>>>>>>>>>>>>>>>>>>>>>>>>>>>>>>>>>>>>>>>>>>>>>>>>>>>>>>>>>>>>>>>>>>>>>>>>>>>>>>>>>>>>>>>>>>>>>
epoch: 24
loss: 0.0780, acc: 0.9792
loss: 0.0860, acc: 0.9766
loss: 0.0875, acc: 0.9784
loss: 0.0846, acc: 0.9809
loss: 0.0900, acc: 0.9796
loss: 0.0913, acc: 0.9788
loss: 0.0938, acc: 0.9754
loss: 0.0962, acc: 0.9720
loss: 0.0965, acc: 0.9717
loss: 0.0947, acc: 0.9733
loss: 0.0952, acc: 0.9735
loss: 0.0955, acc: 0.9720
loss: 0.0956, acc: 0.9717
loss: 0.0956, acc: 0.9715
loss: 0.0952, acc: 0.9717
loss: 0.0974, acc: 0.9700
loss: 0.0954, acc: 0.9710
loss: 0.0948, acc: 0.9712
loss: 0.0951, acc: 0.9718
loss: 0.0961, acc: 0.9710
loss: 0.0964, acc: 0.9712
loss: 0.0971, acc: 0.9711
loss: 0.0993, acc: 0.9703
> val_acc: 0.7804, val_f1: 0.6455
>>>>>>>>>>>>>>>>>>>>>>>>>>>>>>>>>>>>>>>>>>>>>>>>>>>>>>>>>>>>>>>>>>>>>>>>>>>>>>>>>>>>>>>>>>>>>>>>>>>>
epoch: 25
loss: 0.0725, acc: 0.9875
loss: 0.0838, acc: 0.9844
loss: 0.0795, acc: 0.9854
loss: 0.0801, acc: 0.9859
loss: 0.0805, acc: 0.9875
loss: 0.0822, acc: 0.9865
loss: 0.0802, acc: 0.9875
loss: 0.0810, acc: 0.9852
loss: 0.0838, acc: 0.9840
loss: 0.0838, acc: 0.9838
loss: 0.0865, acc: 0.9824
loss: 0.0856, acc: 0.9833
loss: 0.0849, acc: 0.9837
loss: 0.0857, acc: 0.9817
loss: 0.0848, acc: 0.9821
loss: 0.0853, acc: 0.9820
loss: 0.0857, acc: 0.9820
loss: 0.0881, acc: 0.9809
loss: 0.0891, acc: 0.9803
loss: 0.0906, acc: 0.9797
loss: 0.0912, acc: 0.9789
loss: 0.0916, acc: 0.9790
> val_acc: 0.7812, val_f1: 0.6479
>>>>>>>>>>>>>>>>>>>>>>>>>>>>>>>>>>>>>>>>>>>>>>>>>>>>>>>>>>>>>>>>>>>>>>>>>>>>>>>>>>>>>>>>>>>>>>>>>>>>
epoch: 26
loss: 0.1083, acc: 0.9688
loss: 0.1004, acc: 0.9688
loss: 0.1000, acc: 0.9661
loss: 0.1004, acc: 0.9669
loss: 0.1009, acc: 0.9645
loss: 0.0944, acc: 0.9676
loss: 0.0889, acc: 0.9717
loss: 0.0882, acc: 0.9738
loss: 0.0864, acc: 0.9762
loss: 0.0898, acc: 0.9754
loss: 0.0943, acc: 0.9730
loss: 0.0940, acc: 0.9726
loss: 0.0954, acc: 0.9733
loss: 0.0942, acc: 0.9734
loss: 0.0932, acc: 0.9731
loss: 0.0952, acc: 0.9720
loss: 0.0944, acc: 0.9722
loss: 0.0943, acc: 0.9723
loss: 0.0931, acc: 0.9728
loss: 0.0922, acc: 0.9733
loss: 0.0914, acc: 0.9740
loss: 0.0915, acc: 0.9737
loss: 0.0923, acc: 0.9732
> val_acc: 0.7911, val_f1: 0.6681
>>>>>>>>>>>>>>>>>>>>>>>>>>>>>>>>>>>>>>>>>>>>>>>>>>>>>>>>>>>>>>>>>>>>>>>>>>>>>>>>>>>>>>>>>>>>>>>>>>>>
epoch: 27
loss: 0.0818, acc: 0.9766
loss: 0.0806, acc: 0.9792
loss: 0.0834, acc: 0.9799
loss: 0.0853, acc: 0.9770
loss: 0.0883, acc: 0.9740
loss: 0.0864, acc: 0.9741
loss: 0.0827, acc: 0.9770
loss: 0.0789, acc: 0.9792
loss: 0.0809, acc: 0.9787
loss: 0.0808, acc: 0.9790
loss: 0.0840, acc: 0.9774
loss: 0.0832, acc: 0.9788
loss: 0.0837, acc: 0.9790
loss: 0.0835, acc: 0.9787
loss: 0.0849, acc: 0.9780
loss: 0.0858, acc: 0.9778
loss: 0.0850, acc: 0.9784
loss: 0.0860, acc: 0.9775
loss: 0.0860, acc: 0.9774
loss: 0.0855, acc: 0.9776
loss: 0.0858, acc: 0.9772
loss: 0.0860, acc: 0.9771
> val_acc: 0.7866, val_f1: 0.6577
>>>>>>>>>>>>>>>>>>>>>>>>>>>>>>>>>>>>>>>>>>>>>>>>>>>>>>>>>>>>>>>>>>>>>>>>>>>>>>>>>>>>>>>>>>>>>>>>>>>>
epoch: 28
loss: 0.1028, acc: 0.9688
loss: 0.0914, acc: 0.9792
loss: 0.0961, acc: 0.9773
loss: 0.0939, acc: 0.9727
loss: 0.0885, acc: 0.9792
loss: 0.0833, acc: 0.9784
loss: 0.0837, acc: 0.9768
loss: 0.0836, acc: 0.9766
loss: 0.0833, acc: 0.9771
loss: 0.0816, acc: 0.9783
loss: 0.0847, acc: 0.9761
loss: 0.0847, acc: 0.9766
loss: 0.0855, acc: 0.9759
loss: 0.0854, acc: 0.9773
loss: 0.0856, acc: 0.9776
loss: 0.0868, acc: 0.9766
loss: 0.0893, acc: 0.9749
loss: 0.0874, acc: 0.9764
loss: 0.0901, acc: 0.9746
loss: 0.0890, acc: 0.9753
loss: 0.0892, acc: 0.9752
loss: 0.0902, acc: 0.9744
loss: 0.0894, acc: 0.9752
> val_acc: 0.7812, val_f1: 0.6387
>>>>>>>>>>>>>>>>>>>>>>>>>>>>>>>>>>>>>>>>>>>>>>>>>>>>>>>>>>>>>>>>>>>>>>>>>>>>>>>>>>>>>>>>>>>>>>>>>>>>
epoch: 29
loss: 0.0686, acc: 1.0000
loss: 0.0870, acc: 0.9844
loss: 0.0832, acc: 0.9856
loss: 0.0817, acc: 0.9826
loss: 0.0787, acc: 0.9837
loss: 0.0820, acc: 0.9788
loss: 0.0818, acc: 0.9773
loss: 0.0825, acc: 0.9778
loss: 0.0828, acc: 0.9767
loss: 0.0816, acc: 0.9772
loss: 0.0808, acc: 0.9764
loss: 0.0831, acc: 0.9758
loss: 0.0810, acc: 0.9772
loss: 0.0815, acc: 0.9770
loss: 0.0811, acc: 0.9760
loss: 0.0815, acc: 0.9764
loss: 0.0808, acc: 0.9767
loss: 0.0828, acc: 0.9759
loss: 0.0817, acc: 0.9765
loss: 0.0804, acc: 0.9777
loss: 0.0824, acc: 0.9766
loss: 0.0837, acc: 0.9760
loss: 0.0847, acc: 0.9753
> val_acc: 0.7804, val_f1: 0.6347
>> test_acc: 0.7991, test_f1: 0.6816
