cuda memory allocated: 13804544
n_trainable_params: 2566403, n_nontrainable_params: 882400
> training arguments:
>>> model_name: gc_ian
>>> model_ver: 3
>>> dataset: restaurant
>>> optimizer: <class 'torch.optim.adagrad.Adagrad'>
>>> initializer: <function xavier_uniform_ at 0x7f541028bae8>
>>> learning_rate: 0.01
>>> momentum: 0.95
>>> dropout: 0.5
>>> l2reg: 5e-05
>>> num_epoch: 100
>>> batch_size: 32
>>> log_step: 5
>>> embed_dim: 200
>>> hidden_dim: 300
>>> bert_dim: 768
>>> pretrained_bert_name: bert-base-uncased
>>> embeddings: gd
>>> max_seq_len: 80
>>> polarities_dim: 3
>>> hops: 3
>>> device: cuda
>>> seed: 10
>>> valset_ratio: 0
>>> num_layers: 1
>>> in_channels: 100
>>> out_channels: 1
>>> downbot: 20
>>> kernel_size: 3
>>> glove_path: ./embeddings/glove.840B.300d.txt
>>> embedding_matrix_path: gen_data/embeddings/200_restaurant_glove_domain_embedding_matrix.dat
>>> model_class: <class 'models.gc_ian.GC_IAN3'>
>>> dataset_file: {'train': './datasets/semeval14/Restaurants_Train.xml.seg', 'test': './datasets/semeval14/Restaurants_Test_Gold.xml.seg'}
>>> inputs_cols: ['text_raw_indices', 'aspect_indices']
>>>>>>>>>>>>>>>>>>>>>>>>>>>>>>>>>>>>>>>>>>>>>>>>>>>>>>>>>>>>>>>>>>>>>>>>>>>>>>>>>>>>>>>>>>>>>>>>>>>>
epoch: 0
loss: 2.4980, acc: 0.3812
loss: 1.7083, acc: 0.5125
loss: 1.4510, acc: 0.5312
loss: 1.3309, acc: 0.5469
loss: 1.2383, acc: 0.5550
loss: 1.1426, acc: 0.5844
loss: 1.1114, acc: 0.5875
loss: 1.0811, acc: 0.5883
loss: 1.0458, acc: 0.5944
loss: 1.0196, acc: 0.6025
loss: 0.9914, acc: 0.6114
loss: 0.9727, acc: 0.6172
loss: 0.9572, acc: 0.6212
loss: 0.9404, acc: 0.6232
loss: 0.9238, acc: 0.6304
loss: 0.9090, acc: 0.6336
loss: 0.8953, acc: 0.6382
loss: 0.8839, acc: 0.6406
loss: 0.8763, acc: 0.6421
loss: 0.8678, acc: 0.6444
loss: 0.8546, acc: 0.6494
loss: 0.8462, acc: 0.6520
> val_acc: 0.7741, val_f1: 0.6230
>> saved: state_dict/gc_ian_restaurant_val_acc0.7741
>>>>>>>>>>>>>>>>>>>>>>>>>>>>>>>>>>>>>>>>>>>>>>>>>>>>>>>>>>>>>>>>>>>>>>>>>>>>>>>>>>>>>>>>>>>>>>>>>>>>
epoch: 1
loss: 0.5142, acc: 0.7969
loss: 0.5826, acc: 0.7723
loss: 0.5770, acc: 0.7839
loss: 0.5692, acc: 0.7794
loss: 0.5732, acc: 0.7784
loss: 0.5752, acc: 0.7708
loss: 0.5756, acc: 0.7686
loss: 0.5714, acc: 0.7703
loss: 0.5761, acc: 0.7686
loss: 0.5693, acc: 0.7719
loss: 0.5660, acc: 0.7728
loss: 0.5688, acc: 0.7719
loss: 0.5681, acc: 0.7732
loss: 0.5740, acc: 0.7733
loss: 0.5778, acc: 0.7739
loss: 0.5719, acc: 0.7780
loss: 0.5704, acc: 0.7793
loss: 0.5695, acc: 0.7787
loss: 0.5635, acc: 0.7812
loss: 0.5598, acc: 0.7845
loss: 0.5627, acc: 0.7819
loss: 0.5642, acc: 0.7801
loss: 0.5608, acc: 0.7815
> val_acc: 0.7884, val_f1: 0.6715
>> saved: state_dict/gc_ian_restaurant_val_acc0.7884
>>>>>>>>>>>>>>>>>>>>>>>>>>>>>>>>>>>>>>>>>>>>>>>>>>>>>>>>>>>>>>>>>>>>>>>>>>>>>>>>>>>>>>>>>>>>>>>>>>>>
epoch: 2
loss: 0.4434, acc: 0.8359
loss: 0.4314, acc: 0.8333
loss: 0.4185, acc: 0.8371
loss: 0.4198, acc: 0.8405
loss: 0.4419, acc: 0.8333
loss: 0.4587, acc: 0.8319
loss: 0.4593, acc: 0.8290
loss: 0.4677, acc: 0.8229
loss: 0.4672, acc: 0.8217
loss: 0.4643, acc: 0.8240
loss: 0.4658, acc: 0.8241
loss: 0.4695, acc: 0.8210
loss: 0.4673, acc: 0.8193
loss: 0.4698, acc: 0.8161
loss: 0.4711, acc: 0.8163
loss: 0.4751, acc: 0.8121
loss: 0.4764, acc: 0.8129
loss: 0.4761, acc: 0.8118
loss: 0.4760, acc: 0.8115
loss: 0.4754, acc: 0.8103
loss: 0.4730, acc: 0.8131
loss: 0.4741, acc: 0.8131
> val_acc: 0.7920, val_f1: 0.6594
>> saved: state_dict/gc_ian_restaurant_val_acc0.792
>>>>>>>>>>>>>>>>>>>>>>>>>>>>>>>>>>>>>>>>>>>>>>>>>>>>>>>>>>>>>>>>>>>>>>>>>>>>>>>>>>>>>>>>>>>>>>>>>>>>
epoch: 3
loss: 0.2704, acc: 0.9375
loss: 0.4276, acc: 0.8490
loss: 0.4330, acc: 0.8523
loss: 0.4278, acc: 0.8457
loss: 0.4113, acc: 0.8542
loss: 0.4103, acc: 0.8534
loss: 0.4113, acc: 0.8508
loss: 0.4152, acc: 0.8455
loss: 0.4158, acc: 0.8453
loss: 0.4155, acc: 0.8458
loss: 0.4220, acc: 0.8431
loss: 0.4223, acc: 0.8438
loss: 0.4191, acc: 0.8463
loss: 0.4180, acc: 0.8485
loss: 0.4209, acc: 0.8473
loss: 0.4205, acc: 0.8458
loss: 0.4222, acc: 0.8438
loss: 0.4179, acc: 0.8445
loss: 0.4156, acc: 0.8438
loss: 0.4146, acc: 0.8431
loss: 0.4138, acc: 0.8444
loss: 0.4124, acc: 0.8438
loss: 0.4128, acc: 0.8429
> val_acc: 0.7857, val_f1: 0.6549
>>>>>>>>>>>>>>>>>>>>>>>>>>>>>>>>>>>>>>>>>>>>>>>>>>>>>>>>>>>>>>>>>>>>>>>>>>>>>>>>>>>>>>>>>>>>>>>>>>>>
epoch: 4
loss: 0.2842, acc: 0.9479
loss: 0.3318, acc: 0.8906
loss: 0.3164, acc: 0.8966
loss: 0.3163, acc: 0.8941
loss: 0.3200, acc: 0.8899
loss: 0.3520, acc: 0.8750
loss: 0.3466, acc: 0.8769
loss: 0.3417, acc: 0.8766
loss: 0.3488, acc: 0.8743
loss: 0.3569, acc: 0.8678
loss: 0.3617, acc: 0.8650
loss: 0.3620, acc: 0.8648
loss: 0.3624, acc: 0.8646
loss: 0.3677, acc: 0.8621
loss: 0.3630, acc: 0.8656
loss: 0.3649, acc: 0.8654
loss: 0.3641, acc: 0.8660
loss: 0.3606, acc: 0.8675
loss: 0.3622, acc: 0.8673
loss: 0.3630, acc: 0.8667
loss: 0.3635, acc: 0.8656
loss: 0.3638, acc: 0.8655
loss: 0.3639, acc: 0.8650
> val_acc: 0.7893, val_f1: 0.6616
>>>>>>>>>>>>>>>>>>>>>>>>>>>>>>>>>>>>>>>>>>>>>>>>>>>>>>>>>>>>>>>>>>>>>>>>>>>>>>>>>>>>>>>>>>>>>>>>>>>>
epoch: 5
loss: 0.2429, acc: 0.9187
loss: 0.2706, acc: 0.9062
loss: 0.2948, acc: 0.8958
loss: 0.3013, acc: 0.8922
loss: 0.3103, acc: 0.8812
loss: 0.3181, acc: 0.8760
loss: 0.3152, acc: 0.8830
loss: 0.3144, acc: 0.8859
loss: 0.3210, acc: 0.8826
loss: 0.3138, acc: 0.8875
loss: 0.3191, acc: 0.8841
loss: 0.3146, acc: 0.8859
loss: 0.3151, acc: 0.8851
loss: 0.3232, acc: 0.8817
loss: 0.3229, acc: 0.8829
loss: 0.3251, acc: 0.8820
loss: 0.3265, acc: 0.8805
loss: 0.3240, acc: 0.8809
loss: 0.3234, acc: 0.8822
loss: 0.3250, acc: 0.8825
loss: 0.3266, acc: 0.8821
loss: 0.3295, acc: 0.8810
> val_acc: 0.7848, val_f1: 0.6423
>>>>>>>>>>>>>>>>>>>>>>>>>>>>>>>>>>>>>>>>>>>>>>>>>>>>>>>>>>>>>>>>>>>>>>>>>>>>>>>>>>>>>>>>>>>>>>>>>>>>
epoch: 6
loss: 0.2593, acc: 0.9062
loss: 0.2734, acc: 0.9107
loss: 0.2807, acc: 0.9141
loss: 0.2713, acc: 0.9210
loss: 0.2777, acc: 0.9162
loss: 0.2808, acc: 0.9097
loss: 0.2853, acc: 0.9072
loss: 0.2878, acc: 0.9046
loss: 0.2882, acc: 0.9033
loss: 0.2899, acc: 0.9029
loss: 0.2902, acc: 0.9008
loss: 0.2912, acc: 0.9019
loss: 0.2933, acc: 0.9017
loss: 0.2908, acc: 0.9016
loss: 0.2924, acc: 0.9006
loss: 0.2928, acc: 0.9010
loss: 0.2928, acc: 0.9021
loss: 0.2911, acc: 0.9023
loss: 0.2961, acc: 0.8984
loss: 0.2942, acc: 0.8992
loss: 0.2994, acc: 0.8968
loss: 0.3000, acc: 0.8966
loss: 0.3016, acc: 0.8945
> val_acc: 0.7875, val_f1: 0.6487
>>>>>>>>>>>>>>>>>>>>>>>>>>>>>>>>>>>>>>>>>>>>>>>>>>>>>>>>>>>>>>>>>>>>>>>>>>>>>>>>>>>>>>>>>>>>>>>>>>>>
epoch: 7
loss: 0.2916, acc: 0.9062
loss: 0.2630, acc: 0.9097
loss: 0.2832, acc: 0.9018
loss: 0.2845, acc: 0.8964
loss: 0.2840, acc: 0.8997
loss: 0.2846, acc: 0.8987
loss: 0.2842, acc: 0.8989
loss: 0.2862, acc: 0.8998
loss: 0.2880, acc: 0.8999
loss: 0.2817, acc: 0.9018
loss: 0.2776, acc: 0.9034
loss: 0.2846, acc: 0.8972
loss: 0.2833, acc: 0.8960
loss: 0.2796, acc: 0.8986
loss: 0.2845, acc: 0.8953
loss: 0.2832, acc: 0.8960
loss: 0.2801, acc: 0.8977
loss: 0.2795, acc: 0.8992
loss: 0.2773, acc: 0.8996
loss: 0.2823, acc: 0.8968
loss: 0.2843, acc: 0.8963
loss: 0.2848, acc: 0.8965
> val_acc: 0.7884, val_f1: 0.6644
>>>>>>>>>>>>>>>>>>>>>>>>>>>>>>>>>>>>>>>>>>>>>>>>>>>>>>>>>>>>>>>>>>>>>>>>>>>>>>>>>>>>>>>>>>>>>>>>>>>>
epoch: 8
loss: 0.2125, acc: 0.9688
loss: 0.2198, acc: 0.9427
loss: 0.2292, acc: 0.9290
loss: 0.2268, acc: 0.9297
loss: 0.2396, acc: 0.9226
loss: 0.2367, acc: 0.9207
loss: 0.2332, acc: 0.9214
loss: 0.2391, acc: 0.9201
loss: 0.2432, acc: 0.9192
loss: 0.2471, acc: 0.9158
loss: 0.2468, acc: 0.9173
loss: 0.2525, acc: 0.9174
loss: 0.2507, acc: 0.9185
loss: 0.2537, acc: 0.9157
loss: 0.2534, acc: 0.9168
loss: 0.2523, acc: 0.9165
loss: 0.2536, acc: 0.9147
loss: 0.2542, acc: 0.9153
loss: 0.2582, acc: 0.9131
loss: 0.2633, acc: 0.9098
loss: 0.2623, acc: 0.9100
loss: 0.2624, acc: 0.9089
loss: 0.2631, acc: 0.9099
> val_acc: 0.7884, val_f1: 0.6586
>>>>>>>>>>>>>>>>>>>>>>>>>>>>>>>>>>>>>>>>>>>>>>>>>>>>>>>>>>>>>>>>>>>>>>>>>>>>>>>>>>>>>>>>>>>>>>>>>>>>
epoch: 9
loss: 0.2575, acc: 0.8854
loss: 0.2418, acc: 0.9219
loss: 0.2447, acc: 0.9207
loss: 0.2327, acc: 0.9236
loss: 0.2344, acc: 0.9212
loss: 0.2342, acc: 0.9185
loss: 0.2317, acc: 0.9214
loss: 0.2326, acc: 0.9211
loss: 0.2397, acc: 0.9215
loss: 0.2350, acc: 0.9232
loss: 0.2402, acc: 0.9198
loss: 0.2435, acc: 0.9192
loss: 0.2434, acc: 0.9187
loss: 0.2446, acc: 0.9177
loss: 0.2437, acc: 0.9170
loss: 0.2474, acc: 0.9139
loss: 0.2477, acc: 0.9145
loss: 0.2501, acc: 0.9137
loss: 0.2493, acc: 0.9140
loss: 0.2492, acc: 0.9133
loss: 0.2479, acc: 0.9132
loss: 0.2459, acc: 0.9152
loss: 0.2466, acc: 0.9157
> val_acc: 0.7866, val_f1: 0.6615
>>>>>>>>>>>>>>>>>>>>>>>>>>>>>>>>>>>>>>>>>>>>>>>>>>>>>>>>>>>>>>>>>>>>>>>>>>>>>>>>>>>>>>>>>>>>>>>>>>>>
epoch: 10
loss: 0.2159, acc: 0.9250
loss: 0.2051, acc: 0.9375
loss: 0.2080, acc: 0.9375
loss: 0.2014, acc: 0.9406
loss: 0.2018, acc: 0.9413
loss: 0.2004, acc: 0.9406
loss: 0.1970, acc: 0.9384
loss: 0.2011, acc: 0.9375
loss: 0.2050, acc: 0.9340
loss: 0.2082, acc: 0.9325
loss: 0.2105, acc: 0.9318
loss: 0.2115, acc: 0.9313
loss: 0.2136, acc: 0.9293
loss: 0.2185, acc: 0.9263
loss: 0.2153, acc: 0.9283
loss: 0.2153, acc: 0.9285
loss: 0.2184, acc: 0.9287
loss: 0.2200, acc: 0.9267
loss: 0.2191, acc: 0.9270
loss: 0.2217, acc: 0.9263
loss: 0.2231, acc: 0.9259
loss: 0.2249, acc: 0.9247
> val_acc: 0.7920, val_f1: 0.6644
>>>>>>>>>>>>>>>>>>>>>>>>>>>>>>>>>>>>>>>>>>>>>>>>>>>>>>>>>>>>>>>>>>>>>>>>>>>>>>>>>>>>>>>>>>>>>>>>>>>>
epoch: 11
loss: 0.3514, acc: 0.8125
loss: 0.2458, acc: 0.9062
loss: 0.2485, acc: 0.9141
loss: 0.2413, acc: 0.9154
loss: 0.2349, acc: 0.9219
loss: 0.2273, acc: 0.9259
loss: 0.2205, acc: 0.9287
loss: 0.2272, acc: 0.9206
loss: 0.2202, acc: 0.9256
loss: 0.2247, acc: 0.9222
loss: 0.2196, acc: 0.9225
loss: 0.2218, acc: 0.9232
loss: 0.2244, acc: 0.9239
loss: 0.2241, acc: 0.9240
loss: 0.2236, acc: 0.9240
loss: 0.2250, acc: 0.9233
loss: 0.2213, acc: 0.9245
loss: 0.2220, acc: 0.9242
loss: 0.2199, acc: 0.9260
loss: 0.2229, acc: 0.9246
loss: 0.2219, acc: 0.9256
loss: 0.2208, acc: 0.9261
loss: 0.2205, acc: 0.9252
> val_acc: 0.7848, val_f1: 0.6496
>>>>>>>>>>>>>>>>>>>>>>>>>>>>>>>>>>>>>>>>>>>>>>>>>>>>>>>>>>>>>>>>>>>>>>>>>>>>>>>>>>>>>>>>>>>>>>>>>>>>
epoch: 12
loss: 0.1976, acc: 0.9453
loss: 0.1837, acc: 0.9410
loss: 0.1982, acc: 0.9375
loss: 0.1862, acc: 0.9457
loss: 0.1888, acc: 0.9401
loss: 0.1891, acc: 0.9407
loss: 0.1921, acc: 0.9393
loss: 0.1938, acc: 0.9367
loss: 0.1852, acc: 0.9411
loss: 0.1806, acc: 0.9452
loss: 0.1864, acc: 0.9404
loss: 0.1894, acc: 0.9401
loss: 0.1900, acc: 0.9390
loss: 0.1922, acc: 0.9402
loss: 0.1963, acc: 0.9375
loss: 0.1996, acc: 0.9363
loss: 0.1991, acc: 0.9364
loss: 0.1991, acc: 0.9354
loss: 0.2026, acc: 0.9338
loss: 0.2033, acc: 0.9334
loss: 0.2027, acc: 0.9330
loss: 0.2024, acc: 0.9323
> val_acc: 0.7937, val_f1: 0.6645
>> saved: state_dict/gc_ian_restaurant_val_acc0.7937
>>>>>>>>>>>>>>>>>>>>>>>>>>>>>>>>>>>>>>>>>>>>>>>>>>>>>>>>>>>>>>>>>>>>>>>>>>>>>>>>>>>>>>>>>>>>>>>>>>>>
epoch: 13
loss: 0.1626, acc: 0.9688
loss: 0.1732, acc: 0.9688
loss: 0.1669, acc: 0.9631
loss: 0.1868, acc: 0.9473
loss: 0.1890, acc: 0.9464
loss: 0.1957, acc: 0.9387
loss: 0.1945, acc: 0.9375
loss: 0.2021, acc: 0.9349
loss: 0.1995, acc: 0.9383
loss: 0.1995, acc: 0.9375
loss: 0.1985, acc: 0.9369
loss: 0.1975, acc: 0.9364
loss: 0.1979, acc: 0.9355
loss: 0.1978, acc: 0.9356
loss: 0.1984, acc: 0.9340
loss: 0.1958, acc: 0.9342
loss: 0.1971, acc: 0.9329
loss: 0.1978, acc: 0.9317
loss: 0.1950, acc: 0.9337
loss: 0.1939, acc: 0.9355
loss: 0.1935, acc: 0.9356
loss: 0.1944, acc: 0.9351
loss: 0.1963, acc: 0.9347
> val_acc: 0.7839, val_f1: 0.6446
>>>>>>>>>>>>>>>>>>>>>>>>>>>>>>>>>>>>>>>>>>>>>>>>>>>>>>>>>>>>>>>>>>>>>>>>>>>>>>>>>>>>>>>>>>>>>>>>>>>>
epoch: 14
loss: 0.2238, acc: 0.9375
loss: 0.2021, acc: 0.9414
loss: 0.1943, acc: 0.9399
loss: 0.1915, acc: 0.9444
loss: 0.1918, acc: 0.9443
loss: 0.1865, acc: 0.9487
loss: 0.1874, acc: 0.9479
loss: 0.1864, acc: 0.9457
loss: 0.1894, acc: 0.9390
loss: 0.1840, acc: 0.9414
loss: 0.1843, acc: 0.9416
loss: 0.1833, acc: 0.9423
loss: 0.1837, acc: 0.9415
loss: 0.1857, acc: 0.9398
loss: 0.1854, acc: 0.9401
loss: 0.1851, acc: 0.9395
loss: 0.1873, acc: 0.9379
loss: 0.1863, acc: 0.9382
loss: 0.1879, acc: 0.9375
loss: 0.1863, acc: 0.9378
loss: 0.1885, acc: 0.9369
loss: 0.1872, acc: 0.9378
loss: 0.1878, acc: 0.9371
> val_acc: 0.7884, val_f1: 0.6549
>>>>>>>>>>>>>>>>>>>>>>>>>>>>>>>>>>>>>>>>>>>>>>>>>>>>>>>>>>>>>>>>>>>>>>>>>>>>>>>>>>>>>>>>>>>>>>>>>>>>
epoch: 15
loss: 0.1824, acc: 0.9375
loss: 0.1679, acc: 0.9500
loss: 0.1714, acc: 0.9437
loss: 0.1631, acc: 0.9516
loss: 0.1678, acc: 0.9475
loss: 0.1634, acc: 0.9500
loss: 0.1714, acc: 0.9482
loss: 0.1696, acc: 0.9484
loss: 0.1702, acc: 0.9479
loss: 0.1733, acc: 0.9463
loss: 0.1735, acc: 0.9455
loss: 0.1726, acc: 0.9458
loss: 0.1766, acc: 0.9428
loss: 0.1792, acc: 0.9433
loss: 0.1848, acc: 0.9404
loss: 0.1849, acc: 0.9395
loss: 0.1833, acc: 0.9401
loss: 0.1861, acc: 0.9375
loss: 0.1858, acc: 0.9378
loss: 0.1828, acc: 0.9397
loss: 0.1818, acc: 0.9405
loss: 0.1829, acc: 0.9403
> val_acc: 0.7920, val_f1: 0.6616
>>>>>>>>>>>>>>>>>>>>>>>>>>>>>>>>>>>>>>>>>>>>>>>>>>>>>>>>>>>>>>>>>>>>>>>>>>>>>>>>>>>>>>>>>>>>>>>>>>>>
epoch: 16
loss: 0.1204, acc: 0.9531
loss: 0.1839, acc: 0.9241
loss: 0.1820, acc: 0.9297
loss: 0.1765, acc: 0.9320
loss: 0.1799, acc: 0.9318
loss: 0.1759, acc: 0.9352
loss: 0.1708, acc: 0.9375
loss: 0.1733, acc: 0.9383
loss: 0.1785, acc: 0.9375
loss: 0.1838, acc: 0.9355
loss: 0.1869, acc: 0.9357
loss: 0.1866, acc: 0.9353
loss: 0.1839, acc: 0.9375
loss: 0.1794, acc: 0.9389
loss: 0.1805, acc: 0.9379
loss: 0.1795, acc: 0.9379
loss: 0.1778, acc: 0.9390
loss: 0.1800, acc: 0.9382
loss: 0.1813, acc: 0.9368
loss: 0.1808, acc: 0.9365
loss: 0.1787, acc: 0.9381
loss: 0.1776, acc: 0.9378
loss: 0.1786, acc: 0.9381
> val_acc: 0.7875, val_f1: 0.6512
>>>>>>>>>>>>>>>>>>>>>>>>>>>>>>>>>>>>>>>>>>>>>>>>>>>>>>>>>>>>>>>>>>>>>>>>>>>>>>>>>>>>>>>>>>>>>>>>>>>>
epoch: 17
loss: 0.1260, acc: 0.9688
loss: 0.1204, acc: 0.9722
loss: 0.1348, acc: 0.9643
loss: 0.1387, acc: 0.9622
loss: 0.1466, acc: 0.9596
loss: 0.1442, acc: 0.9612
loss: 0.1469, acc: 0.9596
loss: 0.1466, acc: 0.9599
loss: 0.1463, acc: 0.9602
loss: 0.1458, acc: 0.9592
loss: 0.1471, acc: 0.9578
loss: 0.1519, acc: 0.9555
loss: 0.1563, acc: 0.9531
loss: 0.1594, acc: 0.9506
loss: 0.1576, acc: 0.9506
loss: 0.1593, acc: 0.9494
loss: 0.1617, acc: 0.9483
loss: 0.1618, acc: 0.9484
loss: 0.1616, acc: 0.9491
loss: 0.1645, acc: 0.9482
loss: 0.1643, acc: 0.9474
loss: 0.1658, acc: 0.9470
> val_acc: 0.7875, val_f1: 0.6629
>>>>>>>>>>>>>>>>>>>>>>>>>>>>>>>>>>>>>>>>>>>>>>>>>>>>>>>>>>>>>>>>>>>>>>>>>>>>>>>>>>>>>>>>>>>>>>>>>>>>
epoch: 18
loss: 0.2148, acc: 0.9062
loss: 0.1740, acc: 0.9479
loss: 0.1481, acc: 0.9602
loss: 0.1527, acc: 0.9531
loss: 0.1621, acc: 0.9464
loss: 0.1548, acc: 0.9495
loss: 0.1499, acc: 0.9526
loss: 0.1531, acc: 0.9505
loss: 0.1589, acc: 0.9482
loss: 0.1542, acc: 0.9497
loss: 0.1576, acc: 0.9479
loss: 0.1588, acc: 0.9492
loss: 0.1564, acc: 0.9498
loss: 0.1584, acc: 0.9498
loss: 0.1577, acc: 0.9503
loss: 0.1602, acc: 0.9494
loss: 0.1599, acc: 0.9491
loss: 0.1589, acc: 0.9502
loss: 0.1587, acc: 0.9499
loss: 0.1563, acc: 0.9518
loss: 0.1562, acc: 0.9511
loss: 0.1558, acc: 0.9502
loss: 0.1596, acc: 0.9490
> val_acc: 0.7866, val_f1: 0.6508
>>>>>>>>>>>>>>>>>>>>>>>>>>>>>>>>>>>>>>>>>>>>>>>>>>>>>>>>>>>>>>>>>>>>>>>>>>>>>>>>>>>>>>>>>>>>>>>>>>>>
epoch: 19
loss: 0.1333, acc: 0.9688
loss: 0.1776, acc: 0.9414
loss: 0.1800, acc: 0.9327
loss: 0.1735, acc: 0.9375
loss: 0.1679, acc: 0.9429
loss: 0.1720, acc: 0.9397
loss: 0.1610, acc: 0.9460
loss: 0.1598, acc: 0.9474
loss: 0.1599, acc: 0.9491
loss: 0.1624, acc: 0.9492
loss: 0.1577, acc: 0.9499
loss: 0.1532, acc: 0.9520
loss: 0.1536, acc: 0.9519
loss: 0.1523, acc: 0.9517
loss: 0.1530, acc: 0.9508
loss: 0.1571, acc: 0.9491
loss: 0.1566, acc: 0.9492
loss: 0.1596, acc: 0.9474
loss: 0.1574, acc: 0.9486
loss: 0.1585, acc: 0.9471
loss: 0.1603, acc: 0.9466
loss: 0.1608, acc: 0.9456
loss: 0.1614, acc: 0.9448
> val_acc: 0.7839, val_f1: 0.6629
>>>>>>>>>>>>>>>>>>>>>>>>>>>>>>>>>>>>>>>>>>>>>>>>>>>>>>>>>>>>>>>>>>>>>>>>>>>>>>>>>>>>>>>>>>>>>>>>>>>>
epoch: 20
loss: 0.1617, acc: 0.9500
loss: 0.1559, acc: 0.9437
loss: 0.1457, acc: 0.9542
loss: 0.1488, acc: 0.9531
loss: 0.1573, acc: 0.9500
loss: 0.1535, acc: 0.9542
loss: 0.1512, acc: 0.9571
loss: 0.1513, acc: 0.9555
loss: 0.1452, acc: 0.9576
loss: 0.1403, acc: 0.9600
loss: 0.1404, acc: 0.9614
loss: 0.1390, acc: 0.9620
loss: 0.1390, acc: 0.9611
loss: 0.1418, acc: 0.9603
loss: 0.1447, acc: 0.9587
loss: 0.1437, acc: 0.9594
loss: 0.1475, acc: 0.9566
loss: 0.1503, acc: 0.9545
loss: 0.1500, acc: 0.9539
loss: 0.1504, acc: 0.9541
loss: 0.1496, acc: 0.9545
loss: 0.1491, acc: 0.9551
> val_acc: 0.7830, val_f1: 0.6407
>>>>>>>>>>>>>>>>>>>>>>>>>>>>>>>>>>>>>>>>>>>>>>>>>>>>>>>>>>>>>>>>>>>>>>>>>>>>>>>>>>>>>>>>>>>>>>>>>>>>
epoch: 21
loss: 0.1201, acc: 0.9844
loss: 0.1103, acc: 0.9821
loss: 0.1223, acc: 0.9740
loss: 0.1174, acc: 0.9743
loss: 0.1162, acc: 0.9716
loss: 0.1177, acc: 0.9699
loss: 0.1227, acc: 0.9668
loss: 0.1279, acc: 0.9628
loss: 0.1292, acc: 0.9621
loss: 0.1313, acc: 0.9608
loss: 0.1333, acc: 0.9585
loss: 0.1397, acc: 0.9550
loss: 0.1410, acc: 0.9536
loss: 0.1394, acc: 0.9543
loss: 0.1405, acc: 0.9544
loss: 0.1399, acc: 0.9537
loss: 0.1386, acc: 0.9543
loss: 0.1389, acc: 0.9544
loss: 0.1410, acc: 0.9545
loss: 0.1443, acc: 0.9526
loss: 0.1478, acc: 0.9510
loss: 0.1473, acc: 0.9509
loss: 0.1473, acc: 0.9512
> val_acc: 0.7902, val_f1: 0.6682
>>>>>>>>>>>>>>>>>>>>>>>>>>>>>>>>>>>>>>>>>>>>>>>>>>>>>>>>>>>>>>>>>>>>>>>>>>>>>>>>>>>>>>>>>>>>>>>>>>>>
epoch: 22
loss: 0.1079, acc: 0.9766
loss: 0.1212, acc: 0.9618
loss: 0.1316, acc: 0.9531
loss: 0.1261, acc: 0.9572
loss: 0.1343, acc: 0.9531
loss: 0.1288, acc: 0.9569
loss: 0.1311, acc: 0.9559
loss: 0.1330, acc: 0.9551
loss: 0.1315, acc: 0.9545
loss: 0.1292, acc: 0.9560
loss: 0.1381, acc: 0.9520
loss: 0.1409, acc: 0.9507
loss: 0.1398, acc: 0.9526
loss: 0.1385, acc: 0.9534
loss: 0.1420, acc: 0.9523
loss: 0.1417, acc: 0.9521
loss: 0.1385, acc: 0.9539
loss: 0.1402, acc: 0.9533
loss: 0.1405, acc: 0.9535
loss: 0.1419, acc: 0.9533
loss: 0.1424, acc: 0.9534
loss: 0.1419, acc: 0.9533
> val_acc: 0.7759, val_f1: 0.6312
>>>>>>>>>>>>>>>>>>>>>>>>>>>>>>>>>>>>>>>>>>>>>>>>>>>>>>>>>>>>>>>>>>>>>>>>>>>>>>>>>>>>>>>>>>>>>>>>>>>>
epoch: 23
loss: 0.1129, acc: 1.0000
loss: 0.1295, acc: 0.9583
loss: 0.1369, acc: 0.9489
loss: 0.1276, acc: 0.9492
loss: 0.1298, acc: 0.9524
loss: 0.1375, acc: 0.9471
loss: 0.1430, acc: 0.9496
loss: 0.1476, acc: 0.9488
loss: 0.1465, acc: 0.9489
loss: 0.1447, acc: 0.9484
loss: 0.1446, acc: 0.9498
loss: 0.1409, acc: 0.9509
loss: 0.1411, acc: 0.9498
loss: 0.1400, acc: 0.9512
loss: 0.1398, acc: 0.9507
loss: 0.1400, acc: 0.9502
loss: 0.1393, acc: 0.9502
loss: 0.1402, acc: 0.9495
loss: 0.1407, acc: 0.9488
loss: 0.1391, acc: 0.9502
loss: 0.1398, acc: 0.9502
loss: 0.1382, acc: 0.9511
loss: 0.1372, acc: 0.9521
> val_acc: 0.7857, val_f1: 0.6574
>>>>>>>>>>>>>>>>>>>>>>>>>>>>>>>>>>>>>>>>>>>>>>>>>>>>>>>>>>>>>>>>>>>>>>>>>>>>>>>>>>>>>>>>>>>>>>>>>>>>
epoch: 24
loss: 0.1198, acc: 0.9583
loss: 0.1147, acc: 0.9727
loss: 0.1172, acc: 0.9663
loss: 0.1281, acc: 0.9583
loss: 0.1222, acc: 0.9606
loss: 0.1187, acc: 0.9621
loss: 0.1222, acc: 0.9612
loss: 0.1256, acc: 0.9589
loss: 0.1274, acc: 0.9586
loss: 0.1263, acc: 0.9590
loss: 0.1231, acc: 0.9605
loss: 0.1241, acc: 0.9591
loss: 0.1254, acc: 0.9598
loss: 0.1266, acc: 0.9605
loss: 0.1312, acc: 0.9580
loss: 0.1357, acc: 0.9555
loss: 0.1365, acc: 0.9556
loss: 0.1369, acc: 0.9549
loss: 0.1355, acc: 0.9560
loss: 0.1353, acc: 0.9557
loss: 0.1349, acc: 0.9563
loss: 0.1365, acc: 0.9557
loss: 0.1376, acc: 0.9551
> val_acc: 0.7848, val_f1: 0.6473
>>>>>>>>>>>>>>>>>>>>>>>>>>>>>>>>>>>>>>>>>>>>>>>>>>>>>>>>>>>>>>>>>>>>>>>>>>>>>>>>>>>>>>>>>>>>>>>>>>>>
epoch: 25
loss: 0.1329, acc: 0.9563
loss: 0.1305, acc: 0.9563
loss: 0.1276, acc: 0.9583
loss: 0.1282, acc: 0.9563
loss: 0.1418, acc: 0.9500
loss: 0.1352, acc: 0.9552
loss: 0.1309, acc: 0.9589
loss: 0.1284, acc: 0.9602
loss: 0.1302, acc: 0.9583
loss: 0.1262, acc: 0.9606
loss: 0.1285, acc: 0.9602
loss: 0.1308, acc: 0.9594
loss: 0.1304, acc: 0.9601
loss: 0.1289, acc: 0.9598
loss: 0.1282, acc: 0.9604
loss: 0.1284, acc: 0.9613
loss: 0.1309, acc: 0.9592
loss: 0.1309, acc: 0.9583
loss: 0.1310, acc: 0.9579
loss: 0.1301, acc: 0.9587
loss: 0.1291, acc: 0.9589
loss: 0.1293, acc: 0.9585
> val_acc: 0.7911, val_f1: 0.6697
>>>>>>>>>>>>>>>>>>>>>>>>>>>>>>>>>>>>>>>>>>>>>>>>>>>>>>>>>>>>>>>>>>>>>>>>>>>>>>>>>>>>>>>>>>>>>>>>>>>>
epoch: 26
loss: 0.1092, acc: 0.9688
loss: 0.1006, acc: 0.9732
loss: 0.1146, acc: 0.9635
loss: 0.1145, acc: 0.9669
loss: 0.1102, acc: 0.9702
loss: 0.1091, acc: 0.9688
loss: 0.1137, acc: 0.9678
loss: 0.1155, acc: 0.9671
loss: 0.1167, acc: 0.9665
loss: 0.1193, acc: 0.9648
loss: 0.1225, acc: 0.9633
loss: 0.1201, acc: 0.9649
loss: 0.1207, acc: 0.9642
loss: 0.1200, acc: 0.9650
loss: 0.1213, acc: 0.9653
loss: 0.1239, acc: 0.9635
loss: 0.1236, acc: 0.9627
loss: 0.1247, acc: 0.9616
loss: 0.1258, acc: 0.9606
loss: 0.1287, acc: 0.9591
loss: 0.1275, acc: 0.9589
loss: 0.1288, acc: 0.9582
loss: 0.1287, acc: 0.9576
> val_acc: 0.7875, val_f1: 0.6585
>>>>>>>>>>>>>>>>>>>>>>>>>>>>>>>>>>>>>>>>>>>>>>>>>>>>>>>>>>>>>>>>>>>>>>>>>>>>>>>>>>>>>>>>>>>>>>>>>>>>
epoch: 27
loss: 0.1437, acc: 0.9609
loss: 0.1116, acc: 0.9688
loss: 0.1146, acc: 0.9688
loss: 0.1079, acc: 0.9720
loss: 0.1140, acc: 0.9635
loss: 0.1107, acc: 0.9677
loss: 0.1144, acc: 0.9669
loss: 0.1147, acc: 0.9647
loss: 0.1136, acc: 0.9673
loss: 0.1123, acc: 0.9694
loss: 0.1142, acc: 0.9676
loss: 0.1167, acc: 0.9666
loss: 0.1150, acc: 0.9673
loss: 0.1179, acc: 0.9660
loss: 0.1171, acc: 0.9666
loss: 0.1165, acc: 0.9660
loss: 0.1204, acc: 0.9635
loss: 0.1225, acc: 0.9624
loss: 0.1250, acc: 0.9611
loss: 0.1230, acc: 0.9618
loss: 0.1240, acc: 0.9609
loss: 0.1257, acc: 0.9601
> val_acc: 0.7920, val_f1: 0.6689
>>>>>>>>>>>>>>>>>>>>>>>>>>>>>>>>>>>>>>>>>>>>>>>>>>>>>>>>>>>>>>>>>>>>>>>>>>>>>>>>>>>>>>>>>>>>>>>>>>>>
epoch: 28
loss: 0.1002, acc: 0.9688
loss: 0.1232, acc: 0.9479
loss: 0.0971, acc: 0.9659
loss: 0.1082, acc: 0.9609
loss: 0.1052, acc: 0.9658
loss: 0.1081, acc: 0.9639
loss: 0.1167, acc: 0.9577
loss: 0.1200, acc: 0.9575
loss: 0.1237, acc: 0.9566
loss: 0.1241, acc: 0.9572
loss: 0.1233, acc: 0.9571
loss: 0.1256, acc: 0.9576
loss: 0.1269, acc: 0.9585
loss: 0.1252, acc: 0.9602
loss: 0.1260, acc: 0.9595
loss: 0.1291, acc: 0.9568
loss: 0.1290, acc: 0.9579
loss: 0.1295, acc: 0.9568
loss: 0.1313, acc: 0.9560
loss: 0.1309, acc: 0.9567
loss: 0.1308, acc: 0.9564
loss: 0.1292, acc: 0.9575
loss: 0.1280, acc: 0.9581
> val_acc: 0.7875, val_f1: 0.6607
>>>>>>>>>>>>>>>>>>>>>>>>>>>>>>>>>>>>>>>>>>>>>>>>>>>>>>>>>>>>>>>>>>>>>>>>>>>>>>>>>>>>>>>>>>>>>>>>>>>>
epoch: 29
loss: 0.0783, acc: 0.9896
loss: 0.1051, acc: 0.9844
loss: 0.1021, acc: 0.9784
loss: 0.1040, acc: 0.9774
loss: 0.1123, acc: 0.9728
loss: 0.1112, acc: 0.9710
loss: 0.1110, acc: 0.9697
loss: 0.1133, acc: 0.9671
loss: 0.1178, acc: 0.9644
loss: 0.1178, acc: 0.9635
loss: 0.1153, acc: 0.9652
loss: 0.1132, acc: 0.9650
loss: 0.1139, acc: 0.9638
loss: 0.1155, acc: 0.9623
loss: 0.1177, acc: 0.9606
loss: 0.1172, acc: 0.9611
loss: 0.1202, acc: 0.9597
loss: 0.1246, acc: 0.9588
loss: 0.1233, acc: 0.9597
loss: 0.1221, acc: 0.9608
loss: 0.1206, acc: 0.9612
loss: 0.1212, acc: 0.9601
loss: 0.1217, acc: 0.9590
> val_acc: 0.7884, val_f1: 0.6653
>>>>>>>>>>>>>>>>>>>>>>>>>>>>>>>>>>>>>>>>>>>>>>>>>>>>>>>>>>>>>>>>>>>>>>>>>>>>>>>>>>>>>>>>>>>>>>>>>>>>
epoch: 30
loss: 0.0925, acc: 0.9875
loss: 0.0853, acc: 0.9844
loss: 0.0907, acc: 0.9812
loss: 0.0919, acc: 0.9812
loss: 0.0927, acc: 0.9775
loss: 0.1002, acc: 0.9760
loss: 0.1022, acc: 0.9759
loss: 0.1014, acc: 0.9766
loss: 0.1040, acc: 0.9736
loss: 0.1021, acc: 0.9744
loss: 0.1033, acc: 0.9739
loss: 0.1058, acc: 0.9734
loss: 0.1077, acc: 0.9716
loss: 0.1087, acc: 0.9701
loss: 0.1105, acc: 0.9683
loss: 0.1116, acc: 0.9672
loss: 0.1146, acc: 0.9658
loss: 0.1139, acc: 0.9663
loss: 0.1175, acc: 0.9641
loss: 0.1185, acc: 0.9634
loss: 0.1183, acc: 0.9634
loss: 0.1188, acc: 0.9625
> val_acc: 0.7866, val_f1: 0.6627
>>>>>>>>>>>>>>>>>>>>>>>>>>>>>>>>>>>>>>>>>>>>>>>>>>>>>>>>>>>>>>>>>>>>>>>>>>>>>>>>>>>>>>>>>>>>>>>>>>>>
epoch: 31
loss: 0.1746, acc: 0.9062
loss: 0.0985, acc: 0.9688
loss: 0.1024, acc: 0.9740
loss: 0.1048, acc: 0.9669
loss: 0.0993, acc: 0.9688
loss: 0.0977, acc: 0.9711
loss: 0.0972, acc: 0.9727
loss: 0.0951, acc: 0.9738
loss: 0.0976, acc: 0.9725
loss: 0.1019, acc: 0.9707
loss: 0.1011, acc: 0.9718
loss: 0.0996, acc: 0.9720
loss: 0.1043, acc: 0.9693
loss: 0.1061, acc: 0.9678
loss: 0.1077, acc: 0.9661
loss: 0.1079, acc: 0.9663
loss: 0.1117, acc: 0.9638
loss: 0.1134, acc: 0.9641
loss: 0.1150, acc: 0.9637
loss: 0.1148, acc: 0.9642
loss: 0.1159, acc: 0.9638
loss: 0.1153, acc: 0.9641
loss: 0.1146, acc: 0.9640
> val_acc: 0.7821, val_f1: 0.6644
>>>>>>>>>>>>>>>>>>>>>>>>>>>>>>>>>>>>>>>>>>>>>>>>>>>>>>>>>>>>>>>>>>>>>>>>>>>>>>>>>>>>>>>>>>>>>>>>>>>>
epoch: 32
loss: 0.1017, acc: 0.9688
loss: 0.1042, acc: 0.9618
loss: 0.1254, acc: 0.9576
loss: 0.1244, acc: 0.9539
loss: 0.1215, acc: 0.9557
loss: 0.1140, acc: 0.9591
loss: 0.1212, acc: 0.9550
loss: 0.1247, acc: 0.9551
loss: 0.1236, acc: 0.9545
loss: 0.1233, acc: 0.9547
loss: 0.1231, acc: 0.9554
loss: 0.1224, acc: 0.9566
loss: 0.1215, acc: 0.9575
loss: 0.1194, acc: 0.9583
loss: 0.1211, acc: 0.9595
loss: 0.1204, acc: 0.9593
loss: 0.1183, acc: 0.9606
loss: 0.1190, acc: 0.9603
loss: 0.1173, acc: 0.9611
loss: 0.1161, acc: 0.9618
loss: 0.1155, acc: 0.9621
loss: 0.1177, acc: 0.9607
> val_acc: 0.7821, val_f1: 0.6457
>>>>>>>>>>>>>>>>>>>>>>>>>>>>>>>>>>>>>>>>>>>>>>>>>>>>>>>>>>>>>>>>>>>>>>>>>>>>>>>>>>>>>>>>>>>>>>>>>>>>
epoch: 33
loss: 0.2075, acc: 0.9375
loss: 0.1288, acc: 0.9583
loss: 0.0982, acc: 0.9716
loss: 0.1099, acc: 0.9609
loss: 0.1108, acc: 0.9673
loss: 0.1109, acc: 0.9700
loss: 0.1086, acc: 0.9708
loss: 0.1057, acc: 0.9740
loss: 0.1056, acc: 0.9733
loss: 0.1088, acc: 0.9708
loss: 0.1087, acc: 0.9712
loss: 0.1094, acc: 0.9710
loss: 0.1088, acc: 0.9703
loss: 0.1095, acc: 0.9706
loss: 0.1108, acc: 0.9696
loss: 0.1086, acc: 0.9704
loss: 0.1076, acc: 0.9707
loss: 0.1072, acc: 0.9713
loss: 0.1074, acc: 0.9705
loss: 0.1074, acc: 0.9701
loss: 0.1069, acc: 0.9703
loss: 0.1058, acc: 0.9705
loss: 0.1076, acc: 0.9699
> val_acc: 0.7830, val_f1: 0.6596
>>>>>>>>>>>>>>>>>>>>>>>>>>>>>>>>>>>>>>>>>>>>>>>>>>>>>>>>>>>>>>>>>>>>>>>>>>>>>>>>>>>>>>>>>>>>>>>>>>>>
epoch: 34
loss: 0.1170, acc: 0.9688
loss: 0.1024, acc: 0.9727
loss: 0.1117, acc: 0.9688
loss: 0.1121, acc: 0.9653
loss: 0.1097, acc: 0.9688
loss: 0.1035, acc: 0.9732
loss: 0.1066, acc: 0.9725
loss: 0.1026, acc: 0.9737
loss: 0.1061, acc: 0.9731
loss: 0.1052, acc: 0.9733
loss: 0.1048, acc: 0.9735
loss: 0.1032, acc: 0.9736
loss: 0.1031, acc: 0.9717
loss: 0.1031, acc: 0.9715
loss: 0.1020, acc: 0.9717
loss: 0.1028, acc: 0.9716
loss: 0.1046, acc: 0.9710
loss: 0.1079, acc: 0.9698
loss: 0.1070, acc: 0.9701
loss: 0.1067, acc: 0.9688
loss: 0.1078, acc: 0.9678
loss: 0.1067, acc: 0.9676
loss: 0.1073, acc: 0.9673
> val_acc: 0.7830, val_f1: 0.6575
>>>>>>>>>>>>>>>>>>>>>>>>>>>>>>>>>>>>>>>>>>>>>>>>>>>>>>>>>>>>>>>>>>>>>>>>>>>>>>>>>>>>>>>>>>>>>>>>>>>>
epoch: 35
loss: 0.0989, acc: 0.9688
loss: 0.1035, acc: 0.9656
loss: 0.1023, acc: 0.9667
loss: 0.1045, acc: 0.9656
loss: 0.0989, acc: 0.9675
loss: 0.0951, acc: 0.9698
loss: 0.0959, acc: 0.9688
loss: 0.0969, acc: 0.9672
loss: 0.0937, acc: 0.9694
loss: 0.0977, acc: 0.9681
loss: 0.0961, acc: 0.9705
loss: 0.1021, acc: 0.9693
loss: 0.1022, acc: 0.9697
loss: 0.1049, acc: 0.9692
loss: 0.1089, acc: 0.9667
loss: 0.1091, acc: 0.9672
loss: 0.1113, acc: 0.9654
loss: 0.1138, acc: 0.9646
loss: 0.1145, acc: 0.9635
loss: 0.1138, acc: 0.9637
loss: 0.1137, acc: 0.9643
loss: 0.1139, acc: 0.9645
> val_acc: 0.7812, val_f1: 0.6523
>>>>>>>>>>>>>>>>>>>>>>>>>>>>>>>>>>>>>>>>>>>>>>>>>>>>>>>>>>>>>>>>>>>>>>>>>>>>>>>>>>>>>>>>>>>>>>>>>>>>
epoch: 36
loss: 0.1116, acc: 0.9375
loss: 0.0854, acc: 0.9777
loss: 0.0850, acc: 0.9792
loss: 0.0942, acc: 0.9743
loss: 0.0881, acc: 0.9787
loss: 0.0907, acc: 0.9780
loss: 0.0901, acc: 0.9775
loss: 0.0894, acc: 0.9755
loss: 0.0910, acc: 0.9740
loss: 0.0940, acc: 0.9734
loss: 0.0932, acc: 0.9730
loss: 0.0982, acc: 0.9704
loss: 0.0975, acc: 0.9698
loss: 0.0968, acc: 0.9697
loss: 0.0958, acc: 0.9705
loss: 0.0960, acc: 0.9700
loss: 0.0959, acc: 0.9695
loss: 0.0970, acc: 0.9695
loss: 0.0955, acc: 0.9704
loss: 0.0969, acc: 0.9697
loss: 0.0963, acc: 0.9697
loss: 0.0972, acc: 0.9690
loss: 0.0972, acc: 0.9685
> val_acc: 0.7857, val_f1: 0.6592
>>>>>>>>>>>>>>>>>>>>>>>>>>>>>>>>>>>>>>>>>>>>>>>>>>>>>>>>>>>>>>>>>>>>>>>>>>>>>>>>>>>>>>>>>>>>>>>>>>>>
epoch: 37
loss: 0.0638, acc: 1.0000
loss: 0.0757, acc: 0.9931
loss: 0.0951, acc: 0.9821
loss: 0.1039, acc: 0.9753
loss: 0.1011, acc: 0.9753
loss: 0.0930, acc: 0.9784
loss: 0.1011, acc: 0.9724
loss: 0.1006, acc: 0.9728
loss: 0.0990, acc: 0.9716
loss: 0.0998, acc: 0.9700
loss: 0.1042, acc: 0.9688
loss: 0.0999, acc: 0.9709
loss: 0.0972, acc: 0.9722
loss: 0.0991, acc: 0.9719
loss: 0.1007, acc: 0.9709
loss: 0.1028, acc: 0.9699
loss: 0.1024, acc: 0.9702
loss: 0.1036, acc: 0.9691
loss: 0.1036, acc: 0.9694
loss: 0.1042, acc: 0.9684
loss: 0.1035, acc: 0.9681
loss: 0.1037, acc: 0.9679
> val_acc: 0.7839, val_f1: 0.6547
>>>>>>>>>>>>>>>>>>>>>>>>>>>>>>>>>>>>>>>>>>>>>>>>>>>>>>>>>>>>>>>>>>>>>>>>>>>>>>>>>>>>>>>>>>>>>>>>>>>>
epoch: 38
loss: 0.1023, acc: 0.9688
loss: 0.1212, acc: 0.9583
loss: 0.1059, acc: 0.9631
loss: 0.0985, acc: 0.9668
loss: 0.0957, acc: 0.9688
loss: 0.0951, acc: 0.9700
loss: 0.0969, acc: 0.9698
loss: 0.0951, acc: 0.9714
loss: 0.0965, acc: 0.9703
loss: 0.0974, acc: 0.9708
loss: 0.0990, acc: 0.9706
loss: 0.1014, acc: 0.9693
loss: 0.0997, acc: 0.9693
loss: 0.1033, acc: 0.9669
loss: 0.1021, acc: 0.9674
loss: 0.0997, acc: 0.9683
loss: 0.1021, acc: 0.9668
loss: 0.1018, acc: 0.9669
loss: 0.1027, acc: 0.9663
loss: 0.1008, acc: 0.9674
loss: 0.1013, acc: 0.9678
loss: 0.1016, acc: 0.9682
loss: 0.1011, acc: 0.9685
> val_acc: 0.7795, val_f1: 0.6398
>>>>>>>>>>>>>>>>>>>>>>>>>>>>>>>>>>>>>>>>>>>>>>>>>>>>>>>>>>>>>>>>>>>>>>>>>>>>>>>>>>>>>>>>>>>>>>>>>>>>
epoch: 39
loss: 0.0951, acc: 0.9896
loss: 0.0853, acc: 0.9844
loss: 0.1175, acc: 0.9712
loss: 0.1109, acc: 0.9705
loss: 0.1176, acc: 0.9660
loss: 0.1160, acc: 0.9665
loss: 0.1117, acc: 0.9669
loss: 0.1094, acc: 0.9663
loss: 0.1036, acc: 0.9695
loss: 0.1015, acc: 0.9714
loss: 0.1006, acc: 0.9711
loss: 0.0983, acc: 0.9725
loss: 0.0992, acc: 0.9712
loss: 0.0978, acc: 0.9715
loss: 0.0993, acc: 0.9700
loss: 0.0988, acc: 0.9704
loss: 0.0982, acc: 0.9710
loss: 0.0970, acc: 0.9712
loss: 0.0977, acc: 0.9714
loss: 0.0980, acc: 0.9713
loss: 0.0978, acc: 0.9718
loss: 0.0977, acc: 0.9719
loss: 0.0970, acc: 0.9720
> val_acc: 0.7848, val_f1: 0.6535
>>>>>>>>>>>>>>>>>>>>>>>>>>>>>>>>>>>>>>>>>>>>>>>>>>>>>>>>>>>>>>>>>>>>>>>>>>>>>>>>>>>>>>>>>>>>>>>>>>>>
epoch: 40
loss: 0.1260, acc: 0.9563
loss: 0.1102, acc: 0.9688
loss: 0.1087, acc: 0.9708
loss: 0.1051, acc: 0.9703
loss: 0.1014, acc: 0.9688
loss: 0.0982, acc: 0.9698
loss: 0.0989, acc: 0.9705
loss: 0.0997, acc: 0.9703
loss: 0.0989, acc: 0.9715
loss: 0.0987, acc: 0.9712
loss: 0.0970, acc: 0.9716
loss: 0.0949, acc: 0.9729
loss: 0.0963, acc: 0.9712
loss: 0.0972, acc: 0.9705
loss: 0.0982, acc: 0.9704
loss: 0.0978, acc: 0.9703
loss: 0.0989, acc: 0.9702
loss: 0.0980, acc: 0.9701
loss: 0.0977, acc: 0.9701
loss: 0.0969, acc: 0.9706
loss: 0.0968, acc: 0.9708
loss: 0.0982, acc: 0.9699
> val_acc: 0.7804, val_f1: 0.6595
>>>>>>>>>>>>>>>>>>>>>>>>>>>>>>>>>>>>>>>>>>>>>>>>>>>>>>>>>>>>>>>>>>>>>>>>>>>>>>>>>>>>>>>>>>>>>>>>>>>>
epoch: 41
loss: 0.0817, acc: 0.9531
loss: 0.0896, acc: 0.9643
loss: 0.0929, acc: 0.9714
loss: 0.0909, acc: 0.9706
loss: 0.0857, acc: 0.9730
loss: 0.0878, acc: 0.9711
loss: 0.0913, acc: 0.9688
loss: 0.0894, acc: 0.9696
loss: 0.0886, acc: 0.9710
loss: 0.0893, acc: 0.9707
loss: 0.0890, acc: 0.9712
loss: 0.0905, acc: 0.9709
loss: 0.0933, acc: 0.9698
loss: 0.0923, acc: 0.9711
loss: 0.0918, acc: 0.9714
loss: 0.0913, acc: 0.9712
loss: 0.0920, acc: 0.9707
loss: 0.0920, acc: 0.9702
loss: 0.0910, acc: 0.9711
loss: 0.0921, acc: 0.9704
loss: 0.0937, acc: 0.9697
loss: 0.0944, acc: 0.9690
loss: 0.0953, acc: 0.9682
> val_acc: 0.7777, val_f1: 0.6450
>>>>>>>>>>>>>>>>>>>>>>>>>>>>>>>>>>>>>>>>>>>>>>>>>>>>>>>>>>>>>>>>>>>>>>>>>>>>>>>>>>>>>>>>>>>>>>>>>>>>
epoch: 42
loss: 0.0869, acc: 0.9609
loss: 0.0861, acc: 0.9722
loss: 0.0888, acc: 0.9710
loss: 0.0832, acc: 0.9753
loss: 0.0890, acc: 0.9727
loss: 0.0902, acc: 0.9709
loss: 0.0854, acc: 0.9743
loss: 0.0839, acc: 0.9760
loss: 0.0860, acc: 0.9759
loss: 0.0872, acc: 0.9758
loss: 0.0853, acc: 0.9769
loss: 0.0845, acc: 0.9767
loss: 0.0835, acc: 0.9775
loss: 0.0850, acc: 0.9764
loss: 0.0849, acc: 0.9764
loss: 0.0860, acc: 0.9759
loss: 0.0867, acc: 0.9754
loss: 0.0890, acc: 0.9744
loss: 0.0895, acc: 0.9744
loss: 0.0909, acc: 0.9738
loss: 0.0894, acc: 0.9748
loss: 0.0908, acc: 0.9742
> val_acc: 0.7830, val_f1: 0.6508
>>>>>>>>>>>>>>>>>>>>>>>>>>>>>>>>>>>>>>>>>>>>>>>>>>>>>>>>>>>>>>>>>>>>>>>>>>>>>>>>>>>>>>>>>>>>>>>>>>>>
epoch: 43
loss: 0.0827, acc: 0.9688
loss: 0.0679, acc: 0.9896
loss: 0.0847, acc: 0.9773
loss: 0.0875, acc: 0.9766
loss: 0.0885, acc: 0.9762
loss: 0.0918, acc: 0.9736
loss: 0.0872, acc: 0.9748
loss: 0.0857, acc: 0.9748
loss: 0.0896, acc: 0.9726
loss: 0.0911, acc: 0.9728
loss: 0.0883, acc: 0.9737
loss: 0.0899, acc: 0.9715
loss: 0.0886, acc: 0.9723
loss: 0.0910, acc: 0.9706
loss: 0.0925, acc: 0.9692
loss: 0.0970, acc: 0.9671
loss: 0.0960, acc: 0.9680
loss: 0.0958, acc: 0.9688
loss: 0.0946, acc: 0.9691
loss: 0.0933, acc: 0.9697
loss: 0.0923, acc: 0.9697
loss: 0.0937, acc: 0.9693
loss: 0.0958, acc: 0.9685
> val_acc: 0.7786, val_f1: 0.6382
>>>>>>>>>>>>>>>>>>>>>>>>>>>>>>>>>>>>>>>>>>>>>>>>>>>>>>>>>>>>>>>>>>>>>>>>>>>>>>>>>>>>>>>>>>>>>>>>>>>>
epoch: 44
loss: 0.0823, acc: 0.9792
loss: 0.0704, acc: 0.9922
loss: 0.0810, acc: 0.9808
loss: 0.0774, acc: 0.9809
loss: 0.0750, acc: 0.9823
loss: 0.0713, acc: 0.9844
loss: 0.0725, acc: 0.9820
loss: 0.0766, acc: 0.9794
loss: 0.0768, acc: 0.9782
loss: 0.0786, acc: 0.9772
loss: 0.0786, acc: 0.9776
loss: 0.0792, acc: 0.9774
loss: 0.0780, acc: 0.9777
loss: 0.0762, acc: 0.9784
loss: 0.0784, acc: 0.9782
loss: 0.0784, acc: 0.9784
loss: 0.0790, acc: 0.9785
loss: 0.0784, acc: 0.9787
loss: 0.0787, acc: 0.9788
loss: 0.0802, acc: 0.9783
loss: 0.0834, acc: 0.9763
loss: 0.0836, acc: 0.9757
loss: 0.0853, acc: 0.9753
> val_acc: 0.7795, val_f1: 0.6389
>>>>>>>>>>>>>>>>>>>>>>>>>>>>>>>>>>>>>>>>>>>>>>>>>>>>>>>>>>>>>>>>>>>>>>>>>>>>>>>>>>>>>>>>>>>>>>>>>>>>
epoch: 45
loss: 0.0568, acc: 0.9938
loss: 0.0691, acc: 0.9781
loss: 0.0785, acc: 0.9812
loss: 0.0754, acc: 0.9812
loss: 0.0774, acc: 0.9788
loss: 0.0856, acc: 0.9740
loss: 0.0902, acc: 0.9723
loss: 0.0918, acc: 0.9711
loss: 0.0934, acc: 0.9701
loss: 0.0922, acc: 0.9712
loss: 0.0931, acc: 0.9710
loss: 0.0905, acc: 0.9724
loss: 0.0874, acc: 0.9740
loss: 0.0862, acc: 0.9754
loss: 0.0871, acc: 0.9742
loss: 0.0869, acc: 0.9746
loss: 0.0886, acc: 0.9728
loss: 0.0894, acc: 0.9712
loss: 0.0893, acc: 0.9714
loss: 0.0895, acc: 0.9712
loss: 0.0889, acc: 0.9708
loss: 0.0900, acc: 0.9705
> val_acc: 0.7893, val_f1: 0.6634
>>>>>>>>>>>>>>>>>>>>>>>>>>>>>>>>>>>>>>>>>>>>>>>>>>>>>>>>>>>>>>>>>>>>>>>>>>>>>>>>>>>>>>>>>>>>>>>>>>>>
epoch: 46
loss: 0.0672, acc: 0.9844
loss: 0.0675, acc: 0.9866
loss: 0.0812, acc: 0.9818
loss: 0.0835, acc: 0.9798
loss: 0.0815, acc: 0.9787
loss: 0.0813, acc: 0.9769
loss: 0.0888, acc: 0.9707
loss: 0.0899, acc: 0.9713
loss: 0.0955, acc: 0.9673
loss: 0.0950, acc: 0.9688
loss: 0.0945, acc: 0.9681
loss: 0.0928, acc: 0.9688
loss: 0.0933, acc: 0.9667
loss: 0.0908, acc: 0.9683
loss: 0.0896, acc: 0.9683
loss: 0.0901, acc: 0.9683
loss: 0.0899, acc: 0.9688
loss: 0.0882, acc: 0.9698
loss: 0.0884, acc: 0.9704
loss: 0.0908, acc: 0.9691
loss: 0.0900, acc: 0.9694
loss: 0.0910, acc: 0.9690
loss: 0.0901, acc: 0.9690
> val_acc: 0.7821, val_f1: 0.6421
>>>>>>>>>>>>>>>>>>>>>>>>>>>>>>>>>>>>>>>>>>>>>>>>>>>>>>>>>>>>>>>>>>>>>>>>>>>>>>>>>>>>>>>>>>>>>>>>>>>>
epoch: 47
loss: 0.0926, acc: 0.9609
loss: 0.0706, acc: 0.9792
loss: 0.0808, acc: 0.9799
loss: 0.0876, acc: 0.9737
loss: 0.0815, acc: 0.9779
loss: 0.0808, acc: 0.9763
loss: 0.0863, acc: 0.9761
loss: 0.0827, acc: 0.9784
loss: 0.0810, acc: 0.9787
loss: 0.0795, acc: 0.9783
loss: 0.0802, acc: 0.9774
loss: 0.0838, acc: 0.9751
loss: 0.0841, acc: 0.9746
loss: 0.0838, acc: 0.9755
loss: 0.0837, acc: 0.9755
loss: 0.0844, acc: 0.9751
loss: 0.0866, acc: 0.9728
loss: 0.0874, acc: 0.9726
loss: 0.0860, acc: 0.9731
loss: 0.0880, acc: 0.9716
loss: 0.0900, acc: 0.9706
loss: 0.0885, acc: 0.9713
> val_acc: 0.7795, val_f1: 0.6510
>>>>>>>>>>>>>>>>>>>>>>>>>>>>>>>>>>>>>>>>>>>>>>>>>>>>>>>>>>>>>>>>>>>>>>>>>>>>>>>>>>>>>>>>>>>>>>>>>>>>
epoch: 48
loss: 0.0370, acc: 1.0000
loss: 0.0801, acc: 0.9688
loss: 0.0896, acc: 0.9716
loss: 0.0876, acc: 0.9746
loss: 0.0905, acc: 0.9702
loss: 0.0909, acc: 0.9700
loss: 0.0879, acc: 0.9708
loss: 0.0841, acc: 0.9731
loss: 0.0844, acc: 0.9710
loss: 0.0838, acc: 0.9715
loss: 0.0875, acc: 0.9700
loss: 0.0863, acc: 0.9704
loss: 0.0873, acc: 0.9703
loss: 0.0876, acc: 0.9683
loss: 0.0854, acc: 0.9696
loss: 0.0877, acc: 0.9679
loss: 0.0879, acc: 0.9672
loss: 0.0872, acc: 0.9680
loss: 0.0897, acc: 0.9670
loss: 0.0880, acc: 0.9684
loss: 0.0900, acc: 0.9672
loss: 0.0911, acc: 0.9667
loss: 0.0918, acc: 0.9662
> val_acc: 0.7839, val_f1: 0.6539
>>>>>>>>>>>>>>>>>>>>>>>>>>>>>>>>>>>>>>>>>>>>>>>>>>>>>>>>>>>>>>>>>>>>>>>>>>>>>>>>>>>>>>>>>>>>>>>>>>>>
epoch: 49
loss: 0.0462, acc: 1.0000
loss: 0.0596, acc: 0.9922
loss: 0.0728, acc: 0.9832
loss: 0.0773, acc: 0.9792
loss: 0.0780, acc: 0.9796
loss: 0.0760, acc: 0.9810
loss: 0.0748, acc: 0.9830
loss: 0.0769, acc: 0.9803
loss: 0.0788, acc: 0.9797
loss: 0.0805, acc: 0.9785
loss: 0.0836, acc: 0.9758
loss: 0.0797, acc: 0.9774
loss: 0.0786, acc: 0.9782
loss: 0.0810, acc: 0.9770
loss: 0.0796, acc: 0.9777
loss: 0.0798, acc: 0.9780
loss: 0.0803, acc: 0.9774
loss: 0.0809, acc: 0.9773
loss: 0.0826, acc: 0.9768
loss: 0.0818, acc: 0.9777
loss: 0.0831, acc: 0.9775
loss: 0.0850, acc: 0.9769
loss: 0.0850, acc: 0.9767
> val_acc: 0.7866, val_f1: 0.6636
>>>>>>>>>>>>>>>>>>>>>>>>>>>>>>>>>>>>>>>>>>>>>>>>>>>>>>>>>>>>>>>>>>>>>>>>>>>>>>>>>>>>>>>>>>>>>>>>>>>>
epoch: 50
loss: 0.1168, acc: 0.9688
loss: 0.0856, acc: 0.9781
loss: 0.0777, acc: 0.9792
loss: 0.0773, acc: 0.9781
loss: 0.0757, acc: 0.9800
loss: 0.0778, acc: 0.9781
loss: 0.0778, acc: 0.9768
loss: 0.0786, acc: 0.9773
loss: 0.0792, acc: 0.9764
loss: 0.0807, acc: 0.9750
loss: 0.0805, acc: 0.9739
loss: 0.0800, acc: 0.9745
loss: 0.0805, acc: 0.9736
loss: 0.0804, acc: 0.9737
loss: 0.0795, acc: 0.9746
loss: 0.0809, acc: 0.9746
loss: 0.0800, acc: 0.9754
loss: 0.0815, acc: 0.9743
loss: 0.0826, acc: 0.9743
loss: 0.0831, acc: 0.9741
loss: 0.0832, acc: 0.9744
loss: 0.0831, acc: 0.9744
> val_acc: 0.7884, val_f1: 0.6603
>>>>>>>>>>>>>>>>>>>>>>>>>>>>>>>>>>>>>>>>>>>>>>>>>>>>>>>>>>>>>>>>>>>>>>>>>>>>>>>>>>>>>>>>>>>>>>>>>>>>
epoch: 51
loss: 0.0960, acc: 0.9375
loss: 0.1024, acc: 0.9598
loss: 0.0818, acc: 0.9714
loss: 0.0826, acc: 0.9706
loss: 0.0851, acc: 0.9730
loss: 0.0832, acc: 0.9734
loss: 0.0843, acc: 0.9727
loss: 0.0840, acc: 0.9738
loss: 0.0811, acc: 0.9762
loss: 0.0838, acc: 0.9734
loss: 0.0853, acc: 0.9718
loss: 0.0862, acc: 0.9715
loss: 0.0855, acc: 0.9723
loss: 0.0848, acc: 0.9734
loss: 0.0858, acc: 0.9727
loss: 0.0853, acc: 0.9720
loss: 0.0846, acc: 0.9726
loss: 0.0854, acc: 0.9716
loss: 0.0842, acc: 0.9715
loss: 0.0850, acc: 0.9707
loss: 0.0852, acc: 0.9712
loss: 0.0845, acc: 0.9717
loss: 0.0850, acc: 0.9718
> val_acc: 0.7839, val_f1: 0.6626
>>>>>>>>>>>>>>>>>>>>>>>>>>>>>>>>>>>>>>>>>>>>>>>>>>>>>>>>>>>>>>>>>>>>>>>>>>>>>>>>>>>>>>>>>>>>>>>>>>>>
epoch: 52
loss: 0.0654, acc: 0.9766
loss: 0.0682, acc: 0.9826
loss: 0.0701, acc: 0.9844
loss: 0.0688, acc: 0.9868
loss: 0.0712, acc: 0.9844
loss: 0.0758, acc: 0.9817
loss: 0.0757, acc: 0.9816
loss: 0.0781, acc: 0.9784
loss: 0.0794, acc: 0.9773
loss: 0.0760, acc: 0.9790
loss: 0.0759, acc: 0.9792
loss: 0.0765, acc: 0.9788
loss: 0.0752, acc: 0.9790
loss: 0.0763, acc: 0.9792
loss: 0.0772, acc: 0.9785
loss: 0.0770, acc: 0.9782
loss: 0.0765, acc: 0.9777
loss: 0.0772, acc: 0.9775
loss: 0.0776, acc: 0.9777
loss: 0.0765, acc: 0.9782
loss: 0.0772, acc: 0.9775
loss: 0.0777, acc: 0.9771
> val_acc: 0.7795, val_f1: 0.6394
>>>>>>>>>>>>>>>>>>>>>>>>>>>>>>>>>>>>>>>>>>>>>>>>>>>>>>>>>>>>>>>>>>>>>>>>>>>>>>>>>>>>>>>>>>>>>>>>>>>>
epoch: 53
loss: 0.0927, acc: 0.9375
loss: 0.0865, acc: 0.9740
loss: 0.0734, acc: 0.9744
loss: 0.0726, acc: 0.9746
loss: 0.0792, acc: 0.9717
loss: 0.0832, acc: 0.9700
loss: 0.0898, acc: 0.9667
loss: 0.0889, acc: 0.9679
loss: 0.0868, acc: 0.9703
loss: 0.0855, acc: 0.9708
loss: 0.0867, acc: 0.9712
loss: 0.0891, acc: 0.9704
loss: 0.0869, acc: 0.9713
loss: 0.0862, acc: 0.9725
loss: 0.0857, acc: 0.9736
loss: 0.0844, acc: 0.9737
loss: 0.0822, acc: 0.9745
loss: 0.0823, acc: 0.9746
loss: 0.0819, acc: 0.9742
loss: 0.0810, acc: 0.9753
loss: 0.0800, acc: 0.9759
loss: 0.0805, acc: 0.9767
loss: 0.0818, acc: 0.9761
> val_acc: 0.7821, val_f1: 0.6588
>>>>>>>>>>>>>>>>>>>>>>>>>>>>>>>>>>>>>>>>>>>>>>>>>>>>>>>>>>>>>>>>>>>>>>>>>>>>>>>>>>>>>>>>>>>>>>>>>>>>
epoch: 54
loss: 0.0688, acc: 0.9896
loss: 0.0915, acc: 0.9805
loss: 0.0919, acc: 0.9736
loss: 0.0933, acc: 0.9757
loss: 0.0921, acc: 0.9742
loss: 0.0869, acc: 0.9777
loss: 0.0859, acc: 0.9782
loss: 0.0865, acc: 0.9770
loss: 0.0867, acc: 0.9760
loss: 0.0857, acc: 0.9746
loss: 0.0855, acc: 0.9741
loss: 0.0839, acc: 0.9747
loss: 0.0846, acc: 0.9747
loss: 0.0851, acc: 0.9733
loss: 0.0836, acc: 0.9739
loss: 0.0825, acc: 0.9740
loss: 0.0822, acc: 0.9752
loss: 0.0812, acc: 0.9759
loss: 0.0822, acc: 0.9758
loss: 0.0809, acc: 0.9764
loss: 0.0809, acc: 0.9769
loss: 0.0811, acc: 0.9771
loss: 0.0808, acc: 0.9773
> val_acc: 0.7848, val_f1: 0.6650
>>>>>>>>>>>>>>>>>>>>>>>>>>>>>>>>>>>>>>>>>>>>>>>>>>>>>>>>>>>>>>>>>>>>>>>>>>>>>>>>>>>>>>>>>>>>>>>>>>>>
epoch: 55
loss: 0.0775, acc: 0.9750
loss: 0.0756, acc: 0.9781
loss: 0.0722, acc: 0.9792
loss: 0.0630, acc: 0.9828
loss: 0.0631, acc: 0.9825
loss: 0.0684, acc: 0.9802
loss: 0.0669, acc: 0.9821
loss: 0.0645, acc: 0.9836
loss: 0.0681, acc: 0.9819
loss: 0.0688, acc: 0.9812
loss: 0.0731, acc: 0.9795
loss: 0.0730, acc: 0.9792
loss: 0.0753, acc: 0.9779
loss: 0.0759, acc: 0.9777
loss: 0.0763, acc: 0.9783
loss: 0.0760, acc: 0.9781
loss: 0.0775, acc: 0.9772
loss: 0.0789, acc: 0.9771
loss: 0.0775, acc: 0.9776
loss: 0.0789, acc: 0.9772
loss: 0.0782, acc: 0.9771
loss: 0.0780, acc: 0.9770
> val_acc: 0.7812, val_f1: 0.6540
>>>>>>>>>>>>>>>>>>>>>>>>>>>>>>>>>>>>>>>>>>>>>>>>>>>>>>>>>>>>>>>>>>>>>>>>>>>>>>>>>>>>>>>>>>>>>>>>>>>>
epoch: 56
loss: 0.0932, acc: 0.9688
loss: 0.0910, acc: 0.9643
loss: 0.0753, acc: 0.9766
loss: 0.0724, acc: 0.9798
loss: 0.0761, acc: 0.9787
loss: 0.0779, acc: 0.9780
loss: 0.0776, acc: 0.9775
loss: 0.0749, acc: 0.9797
loss: 0.0752, acc: 0.9777
loss: 0.0761, acc: 0.9754
loss: 0.0744, acc: 0.9766
loss: 0.0772, acc: 0.9748
loss: 0.0773, acc: 0.9748
loss: 0.0762, acc: 0.9753
loss: 0.0755, acc: 0.9761
loss: 0.0758, acc: 0.9761
loss: 0.0746, acc: 0.9760
loss: 0.0736, acc: 0.9763
loss: 0.0750, acc: 0.9762
loss: 0.0752, acc: 0.9762
loss: 0.0752, acc: 0.9767
loss: 0.0754, acc: 0.9769
loss: 0.0756, acc: 0.9766
> val_acc: 0.7812, val_f1: 0.6480
>>>>>>>>>>>>>>>>>>>>>>>>>>>>>>>>>>>>>>>>>>>>>>>>>>>>>>>>>>>>>>>>>>>>>>>>>>>>>>>>>>>>>>>>>>>>>>>>>>>>
epoch: 57
loss: 0.0616, acc: 0.9766
loss: 0.0815, acc: 0.9722
loss: 0.0738, acc: 0.9777
loss: 0.0735, acc: 0.9770
loss: 0.0720, acc: 0.9792
loss: 0.0717, acc: 0.9784
loss: 0.0702, acc: 0.9816
loss: 0.0684, acc: 0.9824
loss: 0.0707, acc: 0.9808
loss: 0.0711, acc: 0.9796
loss: 0.0712, acc: 0.9792
loss: 0.0702, acc: 0.9799
loss: 0.0703, acc: 0.9795
loss: 0.0717, acc: 0.9792
loss: 0.0727, acc: 0.9785
loss: 0.0739, acc: 0.9782
loss: 0.0736, acc: 0.9784
loss: 0.0741, acc: 0.9772
loss: 0.0748, acc: 0.9767
loss: 0.0753, acc: 0.9760
loss: 0.0748, acc: 0.9763
loss: 0.0739, acc: 0.9765
> val_acc: 0.7857, val_f1: 0.6664
>>>>>>>>>>>>>>>>>>>>>>>>>>>>>>>>>>>>>>>>>>>>>>>>>>>>>>>>>>>>>>>>>>>>>>>>>>>>>>>>>>>>>>>>>>>>>>>>>>>>
epoch: 58
loss: 0.0399, acc: 1.0000
loss: 0.0943, acc: 0.9792
loss: 0.0896, acc: 0.9744
loss: 0.0839, acc: 0.9746
loss: 0.0930, acc: 0.9688
loss: 0.0876, acc: 0.9724
loss: 0.0880, acc: 0.9738
loss: 0.0865, acc: 0.9748
loss: 0.0864, acc: 0.9748
loss: 0.0862, acc: 0.9755
loss: 0.0896, acc: 0.9743
loss: 0.0927, acc: 0.9721
loss: 0.0898, acc: 0.9739
loss: 0.0880, acc: 0.9744
loss: 0.0862, acc: 0.9749
loss: 0.0855, acc: 0.9745
loss: 0.0854, acc: 0.9742
loss: 0.0838, acc: 0.9749
loss: 0.0824, acc: 0.9756
loss: 0.0815, acc: 0.9766
loss: 0.0820, acc: 0.9762
loss: 0.0816, acc: 0.9758
loss: 0.0816, acc: 0.9761
> val_acc: 0.7821, val_f1: 0.6401
>>>>>>>>>>>>>>>>>>>>>>>>>>>>>>>>>>>>>>>>>>>>>>>>>>>>>>>>>>>>>>>>>>>>>>>>>>>>>>>>>>>>>>>>>>>>>>>>>>>>
epoch: 59
loss: 0.0876, acc: 0.9792
loss: 0.0763, acc: 0.9766
loss: 0.0775, acc: 0.9760
loss: 0.0822, acc: 0.9740
loss: 0.0839, acc: 0.9728
loss: 0.0858, acc: 0.9710
loss: 0.0771, acc: 0.9754
loss: 0.0787, acc: 0.9745
loss: 0.0755, acc: 0.9767
loss: 0.0732, acc: 0.9785
loss: 0.0726, acc: 0.9782
loss: 0.0741, acc: 0.9774
loss: 0.0740, acc: 0.9777
loss: 0.0725, acc: 0.9784
loss: 0.0758, acc: 0.9765
loss: 0.0779, acc: 0.9756
loss: 0.0760, acc: 0.9763
loss: 0.0763, acc: 0.9762
loss: 0.0795, acc: 0.9755
loss: 0.0795, acc: 0.9758
loss: 0.0803, acc: 0.9760
loss: 0.0792, acc: 0.9763
loss: 0.0788, acc: 0.9767
> val_acc: 0.7848, val_f1: 0.6580
>>>>>>>>>>>>>>>>>>>>>>>>>>>>>>>>>>>>>>>>>>>>>>>>>>>>>>>>>>>>>>>>>>>>>>>>>>>>>>>>>>>>>>>>>>>>>>>>>>>>
epoch: 60
loss: 0.0663, acc: 0.9750
loss: 0.0771, acc: 0.9719
loss: 0.0707, acc: 0.9771
loss: 0.0671, acc: 0.9797
loss: 0.0689, acc: 0.9788
loss: 0.0710, acc: 0.9781
loss: 0.0733, acc: 0.9777
loss: 0.0747, acc: 0.9781
loss: 0.0752, acc: 0.9778
loss: 0.0773, acc: 0.9750
loss: 0.0743, acc: 0.9773
loss: 0.0766, acc: 0.9760
loss: 0.0749, acc: 0.9774
loss: 0.0747, acc: 0.9772
loss: 0.0737, acc: 0.9775
loss: 0.0731, acc: 0.9777
loss: 0.0737, acc: 0.9776
loss: 0.0735, acc: 0.9785
loss: 0.0732, acc: 0.9780
loss: 0.0741, acc: 0.9778
loss: 0.0749, acc: 0.9780
loss: 0.0740, acc: 0.9787
> val_acc: 0.7812, val_f1: 0.6490
>>>>>>>>>>>>>>>>>>>>>>>>>>>>>>>>>>>>>>>>>>>>>>>>>>>>>>>>>>>>>>>>>>>>>>>>>>>>>>>>>>>>>>>>>>>>>>>>>>>>
epoch: 61
loss: 0.0318, acc: 1.0000
loss: 0.0467, acc: 0.9911
loss: 0.0633, acc: 0.9818
loss: 0.0633, acc: 0.9835
loss: 0.0679, acc: 0.9830
loss: 0.0764, acc: 0.9780
loss: 0.0765, acc: 0.9766
loss: 0.0731, acc: 0.9797
loss: 0.0697, acc: 0.9814
loss: 0.0706, acc: 0.9807
loss: 0.0691, acc: 0.9820
loss: 0.0691, acc: 0.9819
loss: 0.0700, acc: 0.9808
loss: 0.0701, acc: 0.9813
loss: 0.0697, acc: 0.9809
loss: 0.0702, acc: 0.9801
loss: 0.0700, acc: 0.9798
loss: 0.0691, acc: 0.9806
loss: 0.0687, acc: 0.9806
loss: 0.0689, acc: 0.9807
loss: 0.0690, acc: 0.9810
loss: 0.0682, acc: 0.9816
loss: 0.0696, acc: 0.9813
> val_acc: 0.7768, val_f1: 0.6500
>>>>>>>>>>>>>>>>>>>>>>>>>>>>>>>>>>>>>>>>>>>>>>>>>>>>>>>>>>>>>>>>>>>>>>>>>>>>>>>>>>>>>>>>>>>>>>>>>>>>
epoch: 62
loss: 0.0625, acc: 0.9922
loss: 0.0881, acc: 0.9757
loss: 0.0719, acc: 0.9821
loss: 0.0703, acc: 0.9786
loss: 0.0686, acc: 0.9805
loss: 0.0657, acc: 0.9828
loss: 0.0648, acc: 0.9816
loss: 0.0643, acc: 0.9816
loss: 0.0649, acc: 0.9808
loss: 0.0628, acc: 0.9828
loss: 0.0656, acc: 0.9803
loss: 0.0663, acc: 0.9804
loss: 0.0660, acc: 0.9810
loss: 0.0678, acc: 0.9796
loss: 0.0703, acc: 0.9785
loss: 0.0724, acc: 0.9786
loss: 0.0714, acc: 0.9792
loss: 0.0720, acc: 0.9782
loss: 0.0713, acc: 0.9787
loss: 0.0716, acc: 0.9789
loss: 0.0719, acc: 0.9787
loss: 0.0715, acc: 0.9788
> val_acc: 0.7786, val_f1: 0.6434
>>>>>>>>>>>>>>>>>>>>>>>>>>>>>>>>>>>>>>>>>>>>>>>>>>>>>>>>>>>>>>>>>>>>>>>>>>>>>>>>>>>>>>>>>>>>>>>>>>>>
epoch: 63
loss: 0.0671, acc: 1.0000
loss: 0.0725, acc: 0.9896
loss: 0.0638, acc: 0.9858
loss: 0.0661, acc: 0.9805
loss: 0.0627, acc: 0.9836
loss: 0.0694, acc: 0.9808
loss: 0.0792, acc: 0.9768
loss: 0.0777, acc: 0.9766
loss: 0.0725, acc: 0.9794
loss: 0.0753, acc: 0.9783
loss: 0.0754, acc: 0.9773
loss: 0.0750, acc: 0.9771
loss: 0.0732, acc: 0.9790
loss: 0.0718, acc: 0.9796
loss: 0.0729, acc: 0.9784
loss: 0.0753, acc: 0.9774
loss: 0.0750, acc: 0.9776
loss: 0.0748, acc: 0.9775
loss: 0.0750, acc: 0.9773
loss: 0.0746, acc: 0.9775
loss: 0.0746, acc: 0.9777
loss: 0.0755, acc: 0.9779
loss: 0.0757, acc: 0.9783
> val_acc: 0.7777, val_f1: 0.6398
>>>>>>>>>>>>>>>>>>>>>>>>>>>>>>>>>>>>>>>>>>>>>>>>>>>>>>>>>>>>>>>>>>>>>>>>>>>>>>>>>>>>>>>>>>>>>>>>>>>>
epoch: 64
loss: 0.0791, acc: 0.9583
loss: 0.0648, acc: 0.9727
loss: 0.0659, acc: 0.9808
loss: 0.0655, acc: 0.9826
loss: 0.0640, acc: 0.9823
loss: 0.0653, acc: 0.9821
loss: 0.0713, acc: 0.9801
loss: 0.0734, acc: 0.9794
loss: 0.0777, acc: 0.9782
loss: 0.0807, acc: 0.9779
loss: 0.0795, acc: 0.9782
loss: 0.0788, acc: 0.9784
loss: 0.0776, acc: 0.9782
loss: 0.0751, acc: 0.9793
loss: 0.0746, acc: 0.9795
loss: 0.0726, acc: 0.9804
loss: 0.0728, acc: 0.9800
loss: 0.0744, acc: 0.9787
loss: 0.0755, acc: 0.9785
loss: 0.0763, acc: 0.9780
loss: 0.0766, acc: 0.9769
loss: 0.0768, acc: 0.9769
loss: 0.0788, acc: 0.9753
> val_acc: 0.7812, val_f1: 0.6468
>>>>>>>>>>>>>>>>>>>>>>>>>>>>>>>>>>>>>>>>>>>>>>>>>>>>>>>>>>>>>>>>>>>>>>>>>>>>>>>>>>>>>>>>>>>>>>>>>>>>
epoch: 65
loss: 0.0956, acc: 0.9688
loss: 0.0949, acc: 0.9625
loss: 0.0896, acc: 0.9667
loss: 0.0810, acc: 0.9719
loss: 0.0789, acc: 0.9712
loss: 0.0782, acc: 0.9708
loss: 0.0735, acc: 0.9741
loss: 0.0774, acc: 0.9727
loss: 0.0741, acc: 0.9750
loss: 0.0726, acc: 0.9762
loss: 0.0721, acc: 0.9773
loss: 0.0715, acc: 0.9776
loss: 0.0708, acc: 0.9779
loss: 0.0709, acc: 0.9781
loss: 0.0701, acc: 0.9788
loss: 0.0702, acc: 0.9789
loss: 0.0712, acc: 0.9779
loss: 0.0722, acc: 0.9764
loss: 0.0731, acc: 0.9757
loss: 0.0735, acc: 0.9753
loss: 0.0745, acc: 0.9738
loss: 0.0755, acc: 0.9733
> val_acc: 0.7768, val_f1: 0.6362
>>>>>>>>>>>>>>>>>>>>>>>>>>>>>>>>>>>>>>>>>>>>>>>>>>>>>>>>>>>>>>>>>>>>>>>>>>>>>>>>>>>>>>>>>>>>>>>>>>>>
epoch: 66
loss: 0.0433, acc: 0.9844
loss: 0.0650, acc: 0.9821
loss: 0.0726, acc: 0.9766
loss: 0.0808, acc: 0.9724
loss: 0.0792, acc: 0.9744
loss: 0.0786, acc: 0.9745
loss: 0.0780, acc: 0.9756
loss: 0.0729, acc: 0.9780
loss: 0.0722, acc: 0.9784
loss: 0.0725, acc: 0.9787
loss: 0.0693, acc: 0.9802
loss: 0.0679, acc: 0.9814
loss: 0.0664, acc: 0.9829
loss: 0.0644, acc: 0.9832
loss: 0.0654, acc: 0.9826
loss: 0.0683, acc: 0.9805
loss: 0.0697, acc: 0.9794
loss: 0.0696, acc: 0.9795
loss: 0.0715, acc: 0.9783
loss: 0.0712, acc: 0.9787
loss: 0.0715, acc: 0.9786
loss: 0.0717, acc: 0.9781
loss: 0.0717, acc: 0.9782
> val_acc: 0.7759, val_f1: 0.6337
>>>>>>>>>>>>>>>>>>>>>>>>>>>>>>>>>>>>>>>>>>>>>>>>>>>>>>>>>>>>>>>>>>>>>>>>>>>>>>>>>>>>>>>>>>>>>>>>>>>>
epoch: 67
loss: 0.0629, acc: 0.9766
loss: 0.0689, acc: 0.9826
loss: 0.0662, acc: 0.9844
loss: 0.0655, acc: 0.9819
loss: 0.0645, acc: 0.9844
loss: 0.0611, acc: 0.9849
loss: 0.0615, acc: 0.9862
loss: 0.0590, acc: 0.9880
loss: 0.0594, acc: 0.9865
loss: 0.0568, acc: 0.9872
loss: 0.0589, acc: 0.9855
loss: 0.0587, acc: 0.9857
loss: 0.0578, acc: 0.9854
loss: 0.0585, acc: 0.9851
loss: 0.0595, acc: 0.9840
loss: 0.0606, acc: 0.9838
loss: 0.0594, acc: 0.9840
loss: 0.0606, acc: 0.9828
loss: 0.0641, acc: 0.9814
loss: 0.0646, acc: 0.9811
loss: 0.0657, acc: 0.9805
loss: 0.0665, acc: 0.9796
> val_acc: 0.7795, val_f1: 0.6520
>>>>>>>>>>>>>>>>>>>>>>>>>>>>>>>>>>>>>>>>>>>>>>>>>>>>>>>>>>>>>>>>>>>>>>>>>>>>>>>>>>>>>>>>>>>>>>>>>>>>
epoch: 68
loss: 0.0689, acc: 0.9688
loss: 0.0512, acc: 0.9896
loss: 0.0546, acc: 0.9915
loss: 0.0556, acc: 0.9883
loss: 0.0583, acc: 0.9851
loss: 0.0584, acc: 0.9832
loss: 0.0572, acc: 0.9849
loss: 0.0615, acc: 0.9826
loss: 0.0645, acc: 0.9802
loss: 0.0637, acc: 0.9796
loss: 0.0661, acc: 0.9773
loss: 0.0683, acc: 0.9771
loss: 0.0680, acc: 0.9775
loss: 0.0702, acc: 0.9759
loss: 0.0705, acc: 0.9767
loss: 0.0689, acc: 0.9774
loss: 0.0701, acc: 0.9769
loss: 0.0706, acc: 0.9771
loss: 0.0713, acc: 0.9770
loss: 0.0698, acc: 0.9779
loss: 0.0722, acc: 0.9765
loss: 0.0720, acc: 0.9767
loss: 0.0726, acc: 0.9769
> val_acc: 0.7804, val_f1: 0.6536
>>>>>>>>>>>>>>>>>>>>>>>>>>>>>>>>>>>>>>>>>>>>>>>>>>>>>>>>>>>>>>>>>>>>>>>>>>>>>>>>>>>>>>>>>>>>>>>>>>>>
epoch: 69
loss: 0.0547, acc: 0.9896
loss: 0.0639, acc: 0.9805
loss: 0.0697, acc: 0.9784
loss: 0.0739, acc: 0.9792
loss: 0.0749, acc: 0.9755
loss: 0.0759, acc: 0.9766
loss: 0.0750, acc: 0.9782
loss: 0.0715, acc: 0.9803
loss: 0.0719, acc: 0.9797
loss: 0.0703, acc: 0.9811
loss: 0.0704, acc: 0.9805
loss: 0.0691, acc: 0.9806
loss: 0.0702, acc: 0.9802
loss: 0.0691, acc: 0.9802
loss: 0.0695, acc: 0.9795
loss: 0.0697, acc: 0.9788
loss: 0.0707, acc: 0.9774
loss: 0.0702, acc: 0.9780
loss: 0.0708, acc: 0.9775
loss: 0.0706, acc: 0.9777
loss: 0.0709, acc: 0.9779
loss: 0.0731, acc: 0.9774
loss: 0.0717, acc: 0.9784
> val_acc: 0.7795, val_f1: 0.6487
>>>>>>>>>>>>>>>>>>>>>>>>>>>>>>>>>>>>>>>>>>>>>>>>>>>>>>>>>>>>>>>>>>>>>>>>>>>>>>>>>>>>>>>>>>>>>>>>>>>>
epoch: 70
loss: 0.0483, acc: 0.9938
loss: 0.0475, acc: 0.9938
loss: 0.0514, acc: 0.9917
loss: 0.0550, acc: 0.9875
loss: 0.0550, acc: 0.9862
loss: 0.0557, acc: 0.9865
loss: 0.0578, acc: 0.9839
loss: 0.0577, acc: 0.9844
loss: 0.0614, acc: 0.9826
loss: 0.0641, acc: 0.9812
loss: 0.0621, acc: 0.9830
loss: 0.0625, acc: 0.9828
loss: 0.0636, acc: 0.9817
loss: 0.0631, acc: 0.9821
loss: 0.0661, acc: 0.9808
loss: 0.0681, acc: 0.9793
loss: 0.0684, acc: 0.9787
loss: 0.0674, acc: 0.9795
loss: 0.0678, acc: 0.9793
loss: 0.0673, acc: 0.9797
loss: 0.0669, acc: 0.9801
loss: 0.0669, acc: 0.9804
> val_acc: 0.7786, val_f1: 0.6494
>>>>>>>>>>>>>>>>>>>>>>>>>>>>>>>>>>>>>>>>>>>>>>>>>>>>>>>>>>>>>>>>>>>>>>>>>>>>>>>>>>>>>>>>>>>>>>>>>>>>
epoch: 71
loss: 0.0855, acc: 0.9531
loss: 0.0711, acc: 0.9732
loss: 0.0638, acc: 0.9766
loss: 0.0634, acc: 0.9761
loss: 0.0595, acc: 0.9801
loss: 0.0623, acc: 0.9803
loss: 0.0634, acc: 0.9795
loss: 0.0643, acc: 0.9789
loss: 0.0646, acc: 0.9792
loss: 0.0635, acc: 0.9801
loss: 0.0628, acc: 0.9808
loss: 0.0621, acc: 0.9819
loss: 0.0611, acc: 0.9824
loss: 0.0606, acc: 0.9827
loss: 0.0626, acc: 0.9822
loss: 0.0625, acc: 0.9817
loss: 0.0622, acc: 0.9825
loss: 0.0638, acc: 0.9820
loss: 0.0650, acc: 0.9810
loss: 0.0655, acc: 0.9807
loss: 0.0660, acc: 0.9801
loss: 0.0655, acc: 0.9804
loss: 0.0668, acc: 0.9802
> val_acc: 0.7795, val_f1: 0.6509
>>>>>>>>>>>>>>>>>>>>>>>>>>>>>>>>>>>>>>>>>>>>>>>>>>>>>>>>>>>>>>>>>>>>>>>>>>>>>>>>>>>>>>>>>>>>>>>>>>>>
epoch: 72
loss: 0.0386, acc: 0.9922
loss: 0.0447, acc: 0.9931
loss: 0.0509, acc: 0.9911
loss: 0.0480, acc: 0.9918
loss: 0.0499, acc: 0.9935
loss: 0.0504, acc: 0.9914
loss: 0.0526, acc: 0.9917
loss: 0.0585, acc: 0.9872
loss: 0.0607, acc: 0.9858
loss: 0.0612, acc: 0.9853
loss: 0.0614, acc: 0.9850
loss: 0.0626, acc: 0.9846
loss: 0.0617, acc: 0.9854
loss: 0.0617, acc: 0.9855
loss: 0.0617, acc: 0.9856
loss: 0.0632, acc: 0.9850
loss: 0.0637, acc: 0.9844
loss: 0.0634, acc: 0.9838
loss: 0.0635, acc: 0.9837
loss: 0.0650, acc: 0.9830
loss: 0.0645, acc: 0.9832
loss: 0.0650, acc: 0.9825
> val_acc: 0.7777, val_f1: 0.6474
>>>>>>>>>>>>>>>>>>>>>>>>>>>>>>>>>>>>>>>>>>>>>>>>>>>>>>>>>>>>>>>>>>>>>>>>>>>>>>>>>>>>>>>>>>>>>>>>>>>>
epoch: 73
loss: 0.0279, acc: 1.0000
loss: 0.0446, acc: 0.9896
loss: 0.0723, acc: 0.9830
loss: 0.0731, acc: 0.9805
loss: 0.0729, acc: 0.9807
loss: 0.0687, acc: 0.9820
loss: 0.0669, acc: 0.9819
loss: 0.0683, acc: 0.9800
loss: 0.0673, acc: 0.9794
loss: 0.0728, acc: 0.9769
loss: 0.0743, acc: 0.9755
loss: 0.0721, acc: 0.9766
loss: 0.0722, acc: 0.9775
loss: 0.0717, acc: 0.9777
loss: 0.0711, acc: 0.9784
loss: 0.0693, acc: 0.9794
loss: 0.0688, acc: 0.9792
loss: 0.0691, acc: 0.9797
loss: 0.0687, acc: 0.9794
loss: 0.0697, acc: 0.9788
loss: 0.0686, acc: 0.9793
loss: 0.0693, acc: 0.9791
loss: 0.0685, acc: 0.9794
> val_acc: 0.7812, val_f1: 0.6561
>>>>>>>>>>>>>>>>>>>>>>>>>>>>>>>>>>>>>>>>>>>>>>>>>>>>>>>>>>>>>>>>>>>>>>>>>>>>>>>>>>>>>>>>>>>>>>>>>>>>
epoch: 74
loss: 0.0614, acc: 0.9896
loss: 0.0703, acc: 0.9844
loss: 0.0659, acc: 0.9880
loss: 0.0612, acc: 0.9878
loss: 0.0648, acc: 0.9851
loss: 0.0631, acc: 0.9855
loss: 0.0646, acc: 0.9820
loss: 0.0634, acc: 0.9827
loss: 0.0616, acc: 0.9833
loss: 0.0620, acc: 0.9824
loss: 0.0635, acc: 0.9811
loss: 0.0648, acc: 0.9811
loss: 0.0649, acc: 0.9816
loss: 0.0643, acc: 0.9821
loss: 0.0633, acc: 0.9820
loss: 0.0628, acc: 0.9820
loss: 0.0624, acc: 0.9819
loss: 0.0633, acc: 0.9808
loss: 0.0642, acc: 0.9808
loss: 0.0643, acc: 0.9809
loss: 0.0649, acc: 0.9803
loss: 0.0646, acc: 0.9806
loss: 0.0637, acc: 0.9812
> val_acc: 0.7821, val_f1: 0.6571
>>>>>>>>>>>>>>>>>>>>>>>>>>>>>>>>>>>>>>>>>>>>>>>>>>>>>>>>>>>>>>>>>>>>>>>>>>>>>>>>>>>>>>>>>>>>>>>>>>>>
epoch: 75
loss: 0.0563, acc: 0.9875
loss: 0.0519, acc: 0.9906
loss: 0.0564, acc: 0.9854
loss: 0.0553, acc: 0.9859
loss: 0.0547, acc: 0.9850
loss: 0.0582, acc: 0.9844
loss: 0.0585, acc: 0.9839
loss: 0.0559, acc: 0.9852
loss: 0.0574, acc: 0.9847
loss: 0.0578, acc: 0.9844
loss: 0.0592, acc: 0.9847
loss: 0.0590, acc: 0.9844
loss: 0.0597, acc: 0.9841
loss: 0.0609, acc: 0.9835
loss: 0.0605, acc: 0.9833
loss: 0.0614, acc: 0.9836
loss: 0.0612, acc: 0.9835
loss: 0.0613, acc: 0.9830
loss: 0.0608, acc: 0.9829
loss: 0.0611, acc: 0.9828
loss: 0.0611, acc: 0.9824
loss: 0.0620, acc: 0.9818
> val_acc: 0.7804, val_f1: 0.6477
>>>>>>>>>>>>>>>>>>>>>>>>>>>>>>>>>>>>>>>>>>>>>>>>>>>>>>>>>>>>>>>>>>>>>>>>>>>>>>>>>>>>>>>>>>>>>>>>>>>>
epoch: 76
loss: 0.0493, acc: 0.9844
loss: 0.0562, acc: 0.9866
loss: 0.0655, acc: 0.9844
loss: 0.0627, acc: 0.9853
loss: 0.0597, acc: 0.9872
loss: 0.0596, acc: 0.9884
loss: 0.0615, acc: 0.9883
loss: 0.0589, acc: 0.9890
loss: 0.0587, acc: 0.9896
loss: 0.0571, acc: 0.9894
loss: 0.0557, acc: 0.9892
loss: 0.0569, acc: 0.9879
loss: 0.0562, acc: 0.9884
loss: 0.0558, acc: 0.9883
loss: 0.0555, acc: 0.9887
loss: 0.0573, acc: 0.9874
loss: 0.0564, acc: 0.9874
loss: 0.0565, acc: 0.9871
loss: 0.0565, acc: 0.9871
loss: 0.0564, acc: 0.9874
loss: 0.0581, acc: 0.9865
loss: 0.0584, acc: 0.9863
loss: 0.0600, acc: 0.9855
> val_acc: 0.7821, val_f1: 0.6545
>>>>>>>>>>>>>>>>>>>>>>>>>>>>>>>>>>>>>>>>>>>>>>>>>>>>>>>>>>>>>>>>>>>>>>>>>>>>>>>>>>>>>>>>>>>>>>>>>>>>
epoch: 77
loss: 0.0438, acc: 0.9844
loss: 0.0618, acc: 0.9757
loss: 0.0553, acc: 0.9821
loss: 0.0600, acc: 0.9819
loss: 0.0626, acc: 0.9818
loss: 0.0642, acc: 0.9806
loss: 0.0615, acc: 0.9825
loss: 0.0610, acc: 0.9824
loss: 0.0665, acc: 0.9794
loss: 0.0670, acc: 0.9796
loss: 0.0677, acc: 0.9797
loss: 0.0664, acc: 0.9809
loss: 0.0654, acc: 0.9814
loss: 0.0637, acc: 0.9828
loss: 0.0640, acc: 0.9823
loss: 0.0641, acc: 0.9826
loss: 0.0628, acc: 0.9836
loss: 0.0630, acc: 0.9828
loss: 0.0628, acc: 0.9830
loss: 0.0628, acc: 0.9830
loss: 0.0637, acc: 0.9832
loss: 0.0630, acc: 0.9834
> val_acc: 0.7768, val_f1: 0.6463
>>>>>>>>>>>>>>>>>>>>>>>>>>>>>>>>>>>>>>>>>>>>>>>>>>>>>>>>>>>>>>>>>>>>>>>>>>>>>>>>>>>>>>>>>>>>>>>>>>>>
epoch: 78
loss: 0.0552, acc: 0.9688
loss: 0.0604, acc: 0.9635
loss: 0.0537, acc: 0.9744
loss: 0.0624, acc: 0.9727
loss: 0.0614, acc: 0.9762
loss: 0.0642, acc: 0.9760
loss: 0.0671, acc: 0.9738
loss: 0.0644, acc: 0.9757
loss: 0.0638, acc: 0.9771
loss: 0.0629, acc: 0.9789
loss: 0.0640, acc: 0.9786
loss: 0.0641, acc: 0.9799
loss: 0.0634, acc: 0.9810
loss: 0.0644, acc: 0.9811
loss: 0.0659, acc: 0.9789
loss: 0.0647, acc: 0.9794
loss: 0.0637, acc: 0.9803
loss: 0.0630, acc: 0.9804
loss: 0.0625, acc: 0.9811
loss: 0.0623, acc: 0.9811
loss: 0.0624, acc: 0.9811
loss: 0.0621, acc: 0.9814
loss: 0.0611, acc: 0.9817
> val_acc: 0.7812, val_f1: 0.6513
>>>>>>>>>>>>>>>>>>>>>>>>>>>>>>>>>>>>>>>>>>>>>>>>>>>>>>>>>>>>>>>>>>>>>>>>>>>>>>>>>>>>>>>>>>>>>>>>>>>>
epoch: 79
loss: 0.0564, acc: 0.9896
loss: 0.0602, acc: 0.9883
loss: 0.0510, acc: 0.9904
loss: 0.0596, acc: 0.9844
loss: 0.0624, acc: 0.9837
loss: 0.0645, acc: 0.9821
loss: 0.0656, acc: 0.9792
loss: 0.0659, acc: 0.9786
loss: 0.0640, acc: 0.9797
loss: 0.0620, acc: 0.9811
loss: 0.0645, acc: 0.9794
loss: 0.0651, acc: 0.9801
loss: 0.0658, acc: 0.9792
loss: 0.0656, acc: 0.9793
loss: 0.0652, acc: 0.9799
loss: 0.0632, acc: 0.9812
loss: 0.0620, acc: 0.9819
loss: 0.0638, acc: 0.9812
loss: 0.0621, acc: 0.9815
loss: 0.0614, acc: 0.9818
loss: 0.0618, acc: 0.9815
loss: 0.0629, acc: 0.9809
loss: 0.0631, acc: 0.9803
> val_acc: 0.7804, val_f1: 0.6526
>>>>>>>>>>>>>>>>>>>>>>>>>>>>>>>>>>>>>>>>>>>>>>>>>>>>>>>>>>>>>>>>>>>>>>>>>>>>>>>>>>>>>>>>>>>>>>>>>>>>
epoch: 80
loss: 0.0450, acc: 0.9938
loss: 0.0465, acc: 0.9906
loss: 0.0440, acc: 0.9917
loss: 0.0469, acc: 0.9906
loss: 0.0558, acc: 0.9875
loss: 0.0545, acc: 0.9885
loss: 0.0591, acc: 0.9857
loss: 0.0597, acc: 0.9859
loss: 0.0579, acc: 0.9847
loss: 0.0570, acc: 0.9850
loss: 0.0577, acc: 0.9847
loss: 0.0564, acc: 0.9854
loss: 0.0559, acc: 0.9846
loss: 0.0560, acc: 0.9844
loss: 0.0565, acc: 0.9842
loss: 0.0577, acc: 0.9832
loss: 0.0570, acc: 0.9838
loss: 0.0586, acc: 0.9833
loss: 0.0586, acc: 0.9832
loss: 0.0580, acc: 0.9834
loss: 0.0580, acc: 0.9830
loss: 0.0580, acc: 0.9832
> val_acc: 0.7804, val_f1: 0.6521
>>>>>>>>>>>>>>>>>>>>>>>>>>>>>>>>>>>>>>>>>>>>>>>>>>>>>>>>>>>>>>>>>>>>>>>>>>>>>>>>>>>>>>>>>>>>>>>>>>>>
epoch: 81
loss: 0.0439, acc: 1.0000
loss: 0.0404, acc: 0.9955
loss: 0.0402, acc: 0.9974
loss: 0.0505, acc: 0.9908
loss: 0.0490, acc: 0.9915
loss: 0.0510, acc: 0.9896
loss: 0.0496, acc: 0.9912
loss: 0.0513, acc: 0.9907
loss: 0.0498, acc: 0.9903
loss: 0.0537, acc: 0.9894
loss: 0.0560, acc: 0.9880
loss: 0.0566, acc: 0.9874
loss: 0.0565, acc: 0.9869
loss: 0.0567, acc: 0.9869
loss: 0.0560, acc: 0.9870
loss: 0.0558, acc: 0.9866
loss: 0.0547, acc: 0.9870
loss: 0.0555, acc: 0.9864
loss: 0.0557, acc: 0.9861
loss: 0.0567, acc: 0.9861
loss: 0.0580, acc: 0.9862
loss: 0.0598, acc: 0.9851
loss: 0.0595, acc: 0.9852
> val_acc: 0.7848, val_f1: 0.6593
>>>>>>>>>>>>>>>>>>>>>>>>>>>>>>>>>>>>>>>>>>>>>>>>>>>>>>>>>>>>>>>>>>>>>>>>>>>>>>>>>>>>>>>>>>>>>>>>>>>>
epoch: 82
loss: 0.0400, acc: 1.0000
loss: 0.0423, acc: 0.9931
loss: 0.0481, acc: 0.9888
loss: 0.0569, acc: 0.9819
loss: 0.0579, acc: 0.9831
loss: 0.0562, acc: 0.9828
loss: 0.0566, acc: 0.9825
loss: 0.0599, acc: 0.9816
loss: 0.0586, acc: 0.9822
loss: 0.0556, acc: 0.9841
loss: 0.0543, acc: 0.9850
loss: 0.0554, acc: 0.9841
loss: 0.0555, acc: 0.9839
loss: 0.0551, acc: 0.9841
loss: 0.0560, acc: 0.9831
loss: 0.0548, acc: 0.9842
loss: 0.0546, acc: 0.9847
loss: 0.0549, acc: 0.9842
loss: 0.0563, acc: 0.9834
loss: 0.0573, acc: 0.9830
loss: 0.0576, acc: 0.9829
loss: 0.0579, acc: 0.9825
> val_acc: 0.7759, val_f1: 0.6389
>>>>>>>>>>>>>>>>>>>>>>>>>>>>>>>>>>>>>>>>>>>>>>>>>>>>>>>>>>>>>>>>>>>>>>>>>>>>>>>>>>>>>>>>>>>>>>>>>>>>
epoch: 83
loss: 0.0908, acc: 0.9688
loss: 0.0553, acc: 0.9792
loss: 0.0575, acc: 0.9801
loss: 0.0537, acc: 0.9824
loss: 0.0540, acc: 0.9836
loss: 0.0574, acc: 0.9820
loss: 0.0611, acc: 0.9808
loss: 0.0605, acc: 0.9809
loss: 0.0589, acc: 0.9817
loss: 0.0594, acc: 0.9817
loss: 0.0608, acc: 0.9804
loss: 0.0608, acc: 0.9805
loss: 0.0625, acc: 0.9800
loss: 0.0636, acc: 0.9792
loss: 0.0628, acc: 0.9798
loss: 0.0653, acc: 0.9790
loss: 0.0635, acc: 0.9803
loss: 0.0642, acc: 0.9800
loss: 0.0653, acc: 0.9797
loss: 0.0643, acc: 0.9808
loss: 0.0634, acc: 0.9811
loss: 0.0632, acc: 0.9814
loss: 0.0645, acc: 0.9811
> val_acc: 0.7804, val_f1: 0.6469
>>>>>>>>>>>>>>>>>>>>>>>>>>>>>>>>>>>>>>>>>>>>>>>>>>>>>>>>>>>>>>>>>>>>>>>>>>>>>>>>>>>>>>>>>>>>>>>>>>>>
epoch: 84
loss: 0.0547, acc: 0.9896
loss: 0.0624, acc: 0.9883
loss: 0.0581, acc: 0.9904
loss: 0.0529, acc: 0.9931
loss: 0.0553, acc: 0.9878
loss: 0.0588, acc: 0.9855
loss: 0.0575, acc: 0.9867
loss: 0.0580, acc: 0.9852
loss: 0.0567, acc: 0.9855
loss: 0.0549, acc: 0.9863
loss: 0.0568, acc: 0.9853
loss: 0.0565, acc: 0.9855
loss: 0.0558, acc: 0.9856
loss: 0.0571, acc: 0.9848
loss: 0.0556, acc: 0.9854
loss: 0.0565, acc: 0.9848
loss: 0.0568, acc: 0.9853
loss: 0.0569, acc: 0.9851
loss: 0.0570, acc: 0.9856
loss: 0.0565, acc: 0.9860
loss: 0.0574, acc: 0.9857
loss: 0.0564, acc: 0.9864
loss: 0.0569, acc: 0.9861
> val_acc: 0.7777, val_f1: 0.6363
>>>>>>>>>>>>>>>>>>>>>>>>>>>>>>>>>>>>>>>>>>>>>>>>>>>>>>>>>>>>>>>>>>>>>>>>>>>>>>>>>>>>>>>>>>>>>>>>>>>>
epoch: 85
loss: 0.0577, acc: 0.9812
loss: 0.0710, acc: 0.9781
loss: 0.0700, acc: 0.9812
loss: 0.0605, acc: 0.9844
loss: 0.0600, acc: 0.9838
loss: 0.0586, acc: 0.9854
loss: 0.0563, acc: 0.9866
loss: 0.0546, acc: 0.9867
loss: 0.0562, acc: 0.9854
loss: 0.0542, acc: 0.9869
loss: 0.0534, acc: 0.9869
loss: 0.0561, acc: 0.9865
loss: 0.0554, acc: 0.9870
loss: 0.0538, acc: 0.9875
loss: 0.0535, acc: 0.9875
loss: 0.0545, acc: 0.9863
loss: 0.0546, acc: 0.9864
loss: 0.0550, acc: 0.9858
loss: 0.0577, acc: 0.9842
loss: 0.0590, acc: 0.9834
loss: 0.0604, acc: 0.9830
loss: 0.0600, acc: 0.9832
> val_acc: 0.7795, val_f1: 0.6448
>>>>>>>>>>>>>>>>>>>>>>>>>>>>>>>>>>>>>>>>>>>>>>>>>>>>>>>>>>>>>>>>>>>>>>>>>>>>>>>>>>>>>>>>>>>>>>>>>>>>
epoch: 86
loss: 0.0799, acc: 0.9375
loss: 0.0621, acc: 0.9688
loss: 0.0650, acc: 0.9740
loss: 0.0660, acc: 0.9743
loss: 0.0667, acc: 0.9744
loss: 0.0614, acc: 0.9769
loss: 0.0624, acc: 0.9775
loss: 0.0614, acc: 0.9789
loss: 0.0597, acc: 0.9807
loss: 0.0573, acc: 0.9820
loss: 0.0551, acc: 0.9832
loss: 0.0560, acc: 0.9836
loss: 0.0573, acc: 0.9839
loss: 0.0596, acc: 0.9837
loss: 0.0593, acc: 0.9844
loss: 0.0590, acc: 0.9850
loss: 0.0595, acc: 0.9848
loss: 0.0593, acc: 0.9849
loss: 0.0597, acc: 0.9844
loss: 0.0595, acc: 0.9849
loss: 0.0587, acc: 0.9850
loss: 0.0574, acc: 0.9857
loss: 0.0561, acc: 0.9860
> val_acc: 0.7768, val_f1: 0.6370
>>>>>>>>>>>>>>>>>>>>>>>>>>>>>>>>>>>>>>>>>>>>>>>>>>>>>>>>>>>>>>>>>>>>>>>>>>>>>>>>>>>>>>>>>>>>>>>>>>>>
epoch: 87
loss: 0.0522, acc: 0.9766
loss: 0.0757, acc: 0.9653
loss: 0.0684, acc: 0.9754
loss: 0.0632, acc: 0.9786
loss: 0.0631, acc: 0.9766
loss: 0.0618, acc: 0.9784
loss: 0.0573, acc: 0.9816
loss: 0.0559, acc: 0.9824
loss: 0.0553, acc: 0.9830
loss: 0.0534, acc: 0.9841
loss: 0.0549, acc: 0.9844
loss: 0.0532, acc: 0.9852
loss: 0.0533, acc: 0.9844
loss: 0.0538, acc: 0.9841
loss: 0.0542, acc: 0.9835
loss: 0.0543, acc: 0.9834
loss: 0.0533, acc: 0.9836
loss: 0.0534, acc: 0.9835
loss: 0.0534, acc: 0.9837
loss: 0.0547, acc: 0.9826
loss: 0.0559, acc: 0.9820
loss: 0.0563, acc: 0.9814
> val_acc: 0.7812, val_f1: 0.6603
>>>>>>>>>>>>>>>>>>>>>>>>>>>>>>>>>>>>>>>>>>>>>>>>>>>>>>>>>>>>>>>>>>>>>>>>>>>>>>>>>>>>>>>>>>>>>>>>>>>>
epoch: 88
loss: 0.1194, acc: 0.9688
loss: 0.0604, acc: 0.9844
loss: 0.0541, acc: 0.9886
loss: 0.0445, acc: 0.9922
loss: 0.0565, acc: 0.9866
loss: 0.0564, acc: 0.9856
loss: 0.0588, acc: 0.9839
loss: 0.0596, acc: 0.9826
loss: 0.0609, acc: 0.9825
loss: 0.0587, acc: 0.9837
loss: 0.0585, acc: 0.9835
loss: 0.0591, acc: 0.9833
loss: 0.0597, acc: 0.9831
loss: 0.0604, acc: 0.9820
loss: 0.0590, acc: 0.9828
loss: 0.0579, acc: 0.9831
loss: 0.0583, acc: 0.9823
loss: 0.0583, acc: 0.9826
loss: 0.0579, acc: 0.9828
loss: 0.0584, acc: 0.9827
loss: 0.0583, acc: 0.9824
loss: 0.0572, acc: 0.9832
loss: 0.0566, acc: 0.9834
> val_acc: 0.7786, val_f1: 0.6509
>>>>>>>>>>>>>>>>>>>>>>>>>>>>>>>>>>>>>>>>>>>>>>>>>>>>>>>>>>>>>>>>>>>>>>>>>>>>>>>>>>>>>>>>>>>>>>>>>>>>
epoch: 89
loss: 0.0632, acc: 0.9792
loss: 0.0603, acc: 0.9805
loss: 0.0490, acc: 0.9832
loss: 0.0489, acc: 0.9826
loss: 0.0477, acc: 0.9851
loss: 0.0498, acc: 0.9833
loss: 0.0459, acc: 0.9848
loss: 0.0478, acc: 0.9860
loss: 0.0500, acc: 0.9847
loss: 0.0500, acc: 0.9844
loss: 0.0507, acc: 0.9841
loss: 0.0515, acc: 0.9838
loss: 0.0513, acc: 0.9836
loss: 0.0503, acc: 0.9839
loss: 0.0523, acc: 0.9824
loss: 0.0519, acc: 0.9832
loss: 0.0508, acc: 0.9838
loss: 0.0513, acc: 0.9840
loss: 0.0518, acc: 0.9835
loss: 0.0523, acc: 0.9837
loss: 0.0532, acc: 0.9833
loss: 0.0532, acc: 0.9832
loss: 0.0530, acc: 0.9836
> val_acc: 0.7786, val_f1: 0.6483
>>>>>>>>>>>>>>>>>>>>>>>>>>>>>>>>>>>>>>>>>>>>>>>>>>>>>>>>>>>>>>>>>>>>>>>>>>>>>>>>>>>>>>>>>>>>>>>>>>>>
epoch: 90
loss: 0.0668, acc: 0.9812
loss: 0.0521, acc: 0.9875
loss: 0.0512, acc: 0.9896
loss: 0.0522, acc: 0.9891
loss: 0.0474, acc: 0.9900
loss: 0.0485, acc: 0.9906
loss: 0.0493, acc: 0.9902
loss: 0.0527, acc: 0.9891
loss: 0.0524, acc: 0.9882
loss: 0.0515, acc: 0.9894
loss: 0.0507, acc: 0.9898
loss: 0.0547, acc: 0.9880
loss: 0.0554, acc: 0.9875
loss: 0.0562, acc: 0.9862
loss: 0.0551, acc: 0.9862
loss: 0.0551, acc: 0.9859
loss: 0.0551, acc: 0.9860
loss: 0.0542, acc: 0.9858
loss: 0.0544, acc: 0.9852
loss: 0.0550, acc: 0.9847
loss: 0.0541, acc: 0.9851
loss: 0.0531, acc: 0.9858
> val_acc: 0.7812, val_f1: 0.6549
>>>>>>>>>>>>>>>>>>>>>>>>>>>>>>>>>>>>>>>>>>>>>>>>>>>>>>>>>>>>>>>>>>>>>>>>>>>>>>>>>>>>>>>>>>>>>>>>>>>>
epoch: 91
loss: 0.0668, acc: 0.9688
loss: 0.0665, acc: 0.9821
loss: 0.0578, acc: 0.9896
loss: 0.0618, acc: 0.9835
loss: 0.0628, acc: 0.9844
loss: 0.0652, acc: 0.9803
loss: 0.0611, acc: 0.9824
loss: 0.0598, acc: 0.9840
loss: 0.0579, acc: 0.9844
loss: 0.0602, acc: 0.9834
loss: 0.0604, acc: 0.9838
loss: 0.0594, acc: 0.9841
loss: 0.0584, acc: 0.9844
loss: 0.0596, acc: 0.9832
loss: 0.0583, acc: 0.9835
loss: 0.0597, acc: 0.9830
loss: 0.0604, acc: 0.9825
loss: 0.0593, acc: 0.9831
loss: 0.0578, acc: 0.9837
loss: 0.0587, acc: 0.9826
loss: 0.0584, acc: 0.9825
loss: 0.0587, acc: 0.9825
loss: 0.0581, acc: 0.9827
> val_acc: 0.7786, val_f1: 0.6475
>>>>>>>>>>>>>>>>>>>>>>>>>>>>>>>>>>>>>>>>>>>>>>>>>>>>>>>>>>>>>>>>>>>>>>>>>>>>>>>>>>>>>>>>>>>>>>>>>>>>
epoch: 92
loss: 0.0514, acc: 0.9922
loss: 0.0538, acc: 0.9896
loss: 0.0502, acc: 0.9888
loss: 0.0565, acc: 0.9819
loss: 0.0548, acc: 0.9818
loss: 0.0560, acc: 0.9806
loss: 0.0531, acc: 0.9816
loss: 0.0532, acc: 0.9816
loss: 0.0534, acc: 0.9830
loss: 0.0579, acc: 0.9815
loss: 0.0561, acc: 0.9826
loss: 0.0591, acc: 0.9809
loss: 0.0591, acc: 0.9810
loss: 0.0577, acc: 0.9819
loss: 0.0563, acc: 0.9827
loss: 0.0558, acc: 0.9830
loss: 0.0562, acc: 0.9829
loss: 0.0559, acc: 0.9835
loss: 0.0582, acc: 0.9824
loss: 0.0577, acc: 0.9826
loss: 0.0572, acc: 0.9829
loss: 0.0567, acc: 0.9834
> val_acc: 0.7804, val_f1: 0.6497
>>>>>>>>>>>>>>>>>>>>>>>>>>>>>>>>>>>>>>>>>>>>>>>>>>>>>>>>>>>>>>>>>>>>>>>>>>>>>>>>>>>>>>>>>>>>>>>>>>>>
epoch: 93
loss: 0.0488, acc: 0.9688
loss: 0.0388, acc: 0.9896
loss: 0.0508, acc: 0.9858
loss: 0.0464, acc: 0.9902
loss: 0.0456, acc: 0.9911
loss: 0.0454, acc: 0.9904
loss: 0.0481, acc: 0.9879
loss: 0.0500, acc: 0.9870
loss: 0.0536, acc: 0.9840
loss: 0.0509, acc: 0.9857
loss: 0.0531, acc: 0.9859
loss: 0.0537, acc: 0.9849
loss: 0.0573, acc: 0.9841
loss: 0.0566, acc: 0.9848
loss: 0.0557, acc: 0.9855
loss: 0.0575, acc: 0.9844
loss: 0.0573, acc: 0.9842
loss: 0.0563, acc: 0.9847
loss: 0.0558, acc: 0.9849
loss: 0.0561, acc: 0.9850
loss: 0.0553, acc: 0.9855
loss: 0.0552, acc: 0.9856
loss: 0.0544, acc: 0.9859
> val_acc: 0.7777, val_f1: 0.6444
>>>>>>>>>>>>>>>>>>>>>>>>>>>>>>>>>>>>>>>>>>>>>>>>>>>>>>>>>>>>>>>>>>>>>>>>>>>>>>>>>>>>>>>>>>>>>>>>>>>>
epoch: 94
loss: 0.0460, acc: 1.0000
loss: 0.0507, acc: 0.9961
loss: 0.0465, acc: 0.9952
loss: 0.0525, acc: 0.9931
loss: 0.0638, acc: 0.9837
loss: 0.0607, acc: 0.9844
loss: 0.0604, acc: 0.9839
loss: 0.0618, acc: 0.9827
loss: 0.0590, acc: 0.9840
loss: 0.0570, acc: 0.9844
loss: 0.0599, acc: 0.9823
loss: 0.0582, acc: 0.9833
loss: 0.0575, acc: 0.9836
loss: 0.0565, acc: 0.9839
loss: 0.0559, acc: 0.9842
loss: 0.0571, acc: 0.9836
loss: 0.0563, acc: 0.9838
loss: 0.0561, acc: 0.9844
loss: 0.0565, acc: 0.9845
loss: 0.0558, acc: 0.9850
loss: 0.0564, acc: 0.9842
loss: 0.0561, acc: 0.9847
loss: 0.0564, acc: 0.9839
> val_acc: 0.7786, val_f1: 0.6497
>>>>>>>>>>>>>>>>>>>>>>>>>>>>>>>>>>>>>>>>>>>>>>>>>>>>>>>>>>>>>>>>>>>>>>>>>>>>>>>>>>>>>>>>>>>>>>>>>>>>
epoch: 95
loss: 0.0489, acc: 0.9875
loss: 0.0366, acc: 0.9938
loss: 0.0371, acc: 0.9938
loss: 0.0441, acc: 0.9922
loss: 0.0444, acc: 0.9912
loss: 0.0461, acc: 0.9906
loss: 0.0458, acc: 0.9902
loss: 0.0501, acc: 0.9883
loss: 0.0519, acc: 0.9861
loss: 0.0498, acc: 0.9875
loss: 0.0528, acc: 0.9875
loss: 0.0534, acc: 0.9870
loss: 0.0548, acc: 0.9870
loss: 0.0539, acc: 0.9871
loss: 0.0531, acc: 0.9875
loss: 0.0541, acc: 0.9875
loss: 0.0540, acc: 0.9871
loss: 0.0526, acc: 0.9875
loss: 0.0526, acc: 0.9875
loss: 0.0533, acc: 0.9866
loss: 0.0531, acc: 0.9860
loss: 0.0534, acc: 0.9858
> val_acc: 0.7741, val_f1: 0.6375
>>>>>>>>>>>>>>>>>>>>>>>>>>>>>>>>>>>>>>>>>>>>>>>>>>>>>>>>>>>>>>>>>>>>>>>>>>>>>>>>>>>>>>>>>>>>>>>>>>>>
epoch: 96
loss: 0.0269, acc: 1.0000
loss: 0.0453, acc: 0.9911
loss: 0.0518, acc: 0.9870
loss: 0.0523, acc: 0.9871
loss: 0.0547, acc: 0.9858
loss: 0.0589, acc: 0.9838
loss: 0.0554, acc: 0.9854
loss: 0.0549, acc: 0.9848
loss: 0.0540, acc: 0.9851
loss: 0.0540, acc: 0.9854
loss: 0.0555, acc: 0.9844
loss: 0.0568, acc: 0.9836
loss: 0.0582, acc: 0.9834
loss: 0.0582, acc: 0.9832
loss: 0.0578, acc: 0.9835
loss: 0.0586, acc: 0.9834
loss: 0.0589, acc: 0.9829
loss: 0.0573, acc: 0.9835
loss: 0.0575, acc: 0.9830
loss: 0.0558, acc: 0.9839
loss: 0.0550, acc: 0.9841
loss: 0.0546, acc: 0.9845
loss: 0.0539, acc: 0.9852
> val_acc: 0.7786, val_f1: 0.6445
>>>>>>>>>>>>>>>>>>>>>>>>>>>>>>>>>>>>>>>>>>>>>>>>>>>>>>>>>>>>>>>>>>>>>>>>>>>>>>>>>>>>>>>>>>>>>>>>>>>>
epoch: 97
loss: 0.0709, acc: 0.9766
loss: 0.0674, acc: 0.9826
loss: 0.0618, acc: 0.9821
loss: 0.0533, acc: 0.9836
loss: 0.0491, acc: 0.9844
loss: 0.0546, acc: 0.9838
loss: 0.0567, acc: 0.9825
loss: 0.0561, acc: 0.9832
loss: 0.0542, acc: 0.9844
loss: 0.0542, acc: 0.9841
loss: 0.0545, acc: 0.9844
loss: 0.0554, acc: 0.9825
loss: 0.0558, acc: 0.9829
loss: 0.0561, acc: 0.9832
loss: 0.0553, acc: 0.9827
loss: 0.0565, acc: 0.9822
loss: 0.0562, acc: 0.9821
loss: 0.0562, acc: 0.9824
loss: 0.0560, acc: 0.9827
loss: 0.0559, acc: 0.9830
loss: 0.0574, acc: 0.9817
loss: 0.0565, acc: 0.9819
> val_acc: 0.7777, val_f1: 0.6426
>>>>>>>>>>>>>>>>>>>>>>>>>>>>>>>>>>>>>>>>>>>>>>>>>>>>>>>>>>>>>>>>>>>>>>>>>>>>>>>>>>>>>>>>>>>>>>>>>>>>
epoch: 98
loss: 0.0252, acc: 1.0000
loss: 0.0650, acc: 0.9792
loss: 0.0516, acc: 0.9858
loss: 0.0459, acc: 0.9902
loss: 0.0428, acc: 0.9896
loss: 0.0415, acc: 0.9904
loss: 0.0440, acc: 0.9889
loss: 0.0435, acc: 0.9896
loss: 0.0457, acc: 0.9893
loss: 0.0469, acc: 0.9885
loss: 0.0460, acc: 0.9890
loss: 0.0479, acc: 0.9888
loss: 0.0477, acc: 0.9887
loss: 0.0486, acc: 0.9877
loss: 0.0479, acc: 0.9877
loss: 0.0484, acc: 0.9873
loss: 0.0486, acc: 0.9869
loss: 0.0506, acc: 0.9862
loss: 0.0501, acc: 0.9863
loss: 0.0501, acc: 0.9863
loss: 0.0508, acc: 0.9861
loss: 0.0509, acc: 0.9858
loss: 0.0506, acc: 0.9859
> val_acc: 0.7786, val_f1: 0.6422
>>>>>>>>>>>>>>>>>>>>>>>>>>>>>>>>>>>>>>>>>>>>>>>>>>>>>>>>>>>>>>>>>>>>>>>>>>>>>>>>>>>>>>>>>>>>>>>>>>>>
epoch: 99
loss: 0.0218, acc: 1.0000
loss: 0.0252, acc: 0.9922
loss: 0.0297, acc: 0.9904
loss: 0.0345, acc: 0.9913
loss: 0.0351, acc: 0.9905
loss: 0.0382, acc: 0.9888
loss: 0.0413, acc: 0.9877
loss: 0.0449, acc: 0.9860
loss: 0.0481, acc: 0.9847
loss: 0.0489, acc: 0.9850
loss: 0.0498, acc: 0.9853
loss: 0.0501, acc: 0.9855
loss: 0.0504, acc: 0.9856
loss: 0.0501, acc: 0.9853
loss: 0.0492, acc: 0.9854
loss: 0.0497, acc: 0.9852
loss: 0.0493, acc: 0.9857
loss: 0.0486, acc: 0.9865
loss: 0.0495, acc: 0.9866
loss: 0.0503, acc: 0.9863
loss: 0.0510, acc: 0.9860
loss: 0.0502, acc: 0.9864
loss: 0.0510, acc: 0.9861
> val_acc: 0.7750, val_f1: 0.6408
>> test_acc: 0.7937, test_f1: 0.6645
