cuda memory allocated: 16206336
n_trainable_params: 2726003, n_nontrainable_params: 1323600
> training arguments:
>>> model_name: gc_ian
>>> dataset: restaurant
>>> optimizer: <class 'torch.optim.adagrad.Adagrad'>
>>> initializer: <function xavier_uniform_ at 0x000001F9F2297620>
>>> learning_rate: 0.01
>>> momentum: 0.95
>>> dropout: 0.5
>>> l2reg: 5e-05
>>> num_epoch: 30
>>> batch_size: 32
>>> log_step: 5
>>> embed_dim: 300
>>> hidden_dim: 300
>>> bert_dim: 768
>>> pretrained_bert_name: bert-base-uncased
>>> max_seq_len: 80
>>> polarities_dim: 3
>>> hops: 3
>>> device: cuda
>>> seed: 10
>>> valset_ratio: 0
>>> num_layers: 1
>>> in_channels: 100
>>> out_channels: 1
>>> downbot: 20
>>> kernel_size: 3
>>> glove_path: ./glove/glove.840B.300d.txt
>>> model_class: <class 'models.gc_ian.GC_IAN'>
>>> dataset_file: {'train': './datasets/semeval14/Restaurants_Train.xml.seg', 'test': './datasets/semeval14/Restaurants_Test_Gold.xml.seg'}
>>> inputs_cols: ['text_raw_indices', 'aspect_indices']
>>>>>>>>>>>>>>>>>>>>>>>>>>>>>>>>>>>>>>>>>>>>>>>>>>>>>>>>>>>>>>>>>>>>>>>>>>>>>>>>>>>>>>>>>>>>>>>>>>>>
epoch: 0
loss: 1.7337, acc: 0.4188
loss: 1.3363, acc: 0.5156
loss: 1.2116, acc: 0.5292
loss: 1.1282, acc: 0.5563
loss: 1.0817, acc: 0.5500
loss: 1.0388, acc: 0.5656
loss: 1.0317, acc: 0.5661
loss: 1.0035, acc: 0.5711
loss: 0.9822, acc: 0.5778
loss: 0.9643, acc: 0.5887
loss: 0.9504, acc: 0.5955
loss: 0.9372, acc: 0.6031
loss: 0.9177, acc: 0.6154
loss: 0.9100, acc: 0.6170
loss: 0.9030, acc: 0.6212
loss: 0.8962, acc: 0.6219
loss: 0.8880, acc: 0.6261
loss: 0.8793, acc: 0.6316
loss: 0.8758, acc: 0.6309
loss: 0.8723, acc: 0.6331
loss: 0.8642, acc: 0.6363
loss: 0.8561, acc: 0.6406
> val_acc: 0.7375, val_f1: 0.5412
>> saved: state_dict/gc_ian_restaurant_val_acc0.7375
>>>>>>>>>>>>>>>>>>>>>>>>>>>>>>>>>>>>>>>>>>>>>>>>>>>>>>>>>>>>>>>>>>>>>>>>>>>>>>>>>>>>>>>>>>>>>>>>>>>>
epoch: 1
loss: 0.5838, acc: 0.7656
loss: 0.5900, acc: 0.7545
loss: 0.5900, acc: 0.7708
loss: 0.6047, acc: 0.7629
loss: 0.5978, acc: 0.7628
loss: 0.5946, acc: 0.7674
loss: 0.5876, acc: 0.7676
loss: 0.5934, acc: 0.7703
loss: 0.6018, acc: 0.7708
loss: 0.5971, acc: 0.7759
loss: 0.6051, acc: 0.7704
loss: 0.5980, acc: 0.7741
loss: 0.5933, acc: 0.7742
loss: 0.5930, acc: 0.7733
loss: 0.5918, acc: 0.7713
loss: 0.5958, acc: 0.7691
loss: 0.5997, acc: 0.7668
loss: 0.5983, acc: 0.7669
loss: 0.5997, acc: 0.7646
loss: 0.5970, acc: 0.7658
loss: 0.5980, acc: 0.7653
loss: 0.5942, acc: 0.7664
loss: 0.5972, acc: 0.7645
> val_acc: 0.7571, val_f1: 0.5948
>> saved: state_dict/gc_ian_restaurant_val_acc0.7571
>>>>>>>>>>>>>>>>>>>>>>>>>>>>>>>>>>>>>>>>>>>>>>>>>>>>>>>>>>>>>>>>>>>>>>>>>>>>>>>>>>>>>>>>>>>>>>>>>>>>
epoch: 2
loss: 0.4608, acc: 0.8281
loss: 0.4785, acc: 0.8194
loss: 0.4820, acc: 0.8170
loss: 0.4775, acc: 0.8240
loss: 0.4791, acc: 0.8229
loss: 0.4930, acc: 0.8114
loss: 0.4888, acc: 0.8162
loss: 0.4908, acc: 0.8157
loss: 0.4945, acc: 0.8146
loss: 0.4959, acc: 0.8119
loss: 0.4951, acc: 0.8119
loss: 0.4909, acc: 0.8141
loss: 0.4966, acc: 0.8096
loss: 0.4970, acc: 0.8111
loss: 0.4997, acc: 0.8100
loss: 0.4961, acc: 0.8129
loss: 0.5008, acc: 0.8103
loss: 0.4956, acc: 0.8129
loss: 0.4941, acc: 0.8142
loss: 0.4936, acc: 0.8141
loss: 0.4962, acc: 0.8128
loss: 0.4957, acc: 0.8116
> val_acc: 0.7768, val_f1: 0.6569
>> saved: state_dict/gc_ian_restaurant_val_acc0.7768
>>>>>>>>>>>>>>>>>>>>>>>>>>>>>>>>>>>>>>>>>>>>>>>>>>>>>>>>>>>>>>>>>>>>>>>>>>>>>>>>>>>>>>>>>>>>>>>>>>>>
epoch: 3
loss: 0.5341, acc: 0.7812
loss: 0.4011, acc: 0.8594
loss: 0.4123, acc: 0.8466
loss: 0.4284, acc: 0.8418
loss: 0.4285, acc: 0.8497
loss: 0.4299, acc: 0.8486
loss: 0.4242, acc: 0.8518
loss: 0.4226, acc: 0.8464
loss: 0.4215, acc: 0.8476
loss: 0.4220, acc: 0.8465
loss: 0.4256, acc: 0.8480
loss: 0.4215, acc: 0.8521
loss: 0.4229, acc: 0.8494
loss: 0.4230, acc: 0.8494
loss: 0.4256, acc: 0.8473
loss: 0.4246, acc: 0.8470
loss: 0.4233, acc: 0.8472
loss: 0.4236, acc: 0.8474
loss: 0.4265, acc: 0.8434
loss: 0.4265, acc: 0.8421
loss: 0.4267, acc: 0.8407
loss: 0.4329, acc: 0.8367
loss: 0.4343, acc: 0.8359
> val_acc: 0.7750, val_f1: 0.6300
>>>>>>>>>>>>>>>>>>>>>>>>>>>>>>>>>>>>>>>>>>>>>>>>>>>>>>>>>>>>>>>>>>>>>>>>>>>>>>>>>>>>>>>>>>>>>>>>>>>>
epoch: 4
loss: 0.3577, acc: 0.8750
loss: 0.3796, acc: 0.8672
loss: 0.3671, acc: 0.8774
loss: 0.3808, acc: 0.8681
loss: 0.3915, acc: 0.8668
loss: 0.3867, acc: 0.8650
loss: 0.3972, acc: 0.8580
loss: 0.3964, acc: 0.8586
loss: 0.3960, acc: 0.8605
loss: 0.3955, acc: 0.8620
loss: 0.3935, acc: 0.8626
loss: 0.3896, acc: 0.8626
loss: 0.3895, acc: 0.8611
loss: 0.3837, acc: 0.8617
loss: 0.3812, acc: 0.8626
loss: 0.3800, acc: 0.8626
loss: 0.3808, acc: 0.8611
loss: 0.3801, acc: 0.8622
loss: 0.3827, acc: 0.8619
loss: 0.3796, acc: 0.8648
loss: 0.3817, acc: 0.8629
loss: 0.3866, acc: 0.8611
loss: 0.3877, acc: 0.8625
> val_acc: 0.7696, val_f1: 0.6285
>>>>>>>>>>>>>>>>>>>>>>>>>>>>>>>>>>>>>>>>>>>>>>>>>>>>>>>>>>>>>>>>>>>>>>>>>>>>>>>>>>>>>>>>>>>>>>>>>>>>
epoch: 5
loss: 0.3198, acc: 0.8875
loss: 0.3020, acc: 0.8938
loss: 0.3184, acc: 0.8896
loss: 0.3257, acc: 0.8828
loss: 0.3224, acc: 0.8875
loss: 0.3427, acc: 0.8781
loss: 0.3448, acc: 0.8768
loss: 0.3463, acc: 0.8766
loss: 0.3496, acc: 0.8764
loss: 0.3522, acc: 0.8731
loss: 0.3497, acc: 0.8739
loss: 0.3454, acc: 0.8755
loss: 0.3489, acc: 0.8731
loss: 0.3484, acc: 0.8732
loss: 0.3484, acc: 0.8729
loss: 0.3457, acc: 0.8742
loss: 0.3465, acc: 0.8717
loss: 0.3455, acc: 0.8722
loss: 0.3451, acc: 0.8727
loss: 0.3447, acc: 0.8731
loss: 0.3476, acc: 0.8726
loss: 0.3454, acc: 0.8739
> val_acc: 0.7723, val_f1: 0.6226
>>>>>>>>>>>>>>>>>>>>>>>>>>>>>>>>>>>>>>>>>>>>>>>>>>>>>>>>>>>>>>>>>>>>>>>>>>>>>>>>>>>>>>>>>>>>>>>>>>>>
epoch: 6
loss: 0.2348, acc: 0.9688
loss: 0.2839, acc: 0.9196
loss: 0.2813, acc: 0.9219
loss: 0.2878, acc: 0.9081
loss: 0.2790, acc: 0.9091
loss: 0.2875, acc: 0.9028
loss: 0.2958, acc: 0.9014
loss: 0.2993, acc: 0.9020
loss: 0.3086, acc: 0.8958
loss: 0.3144, acc: 0.8949
loss: 0.3182, acc: 0.8912
loss: 0.3207, acc: 0.8909
loss: 0.3157, acc: 0.8942
loss: 0.3148, acc: 0.8955
loss: 0.3149, acc: 0.8950
loss: 0.3110, acc: 0.8957
loss: 0.3106, acc: 0.8952
loss: 0.3086, acc: 0.8966
loss: 0.3088, acc: 0.8950
loss: 0.3114, acc: 0.8937
loss: 0.3131, acc: 0.8928
loss: 0.3120, acc: 0.8937
loss: 0.3112, acc: 0.8948
> val_acc: 0.7723, val_f1: 0.6132
>>>>>>>>>>>>>>>>>>>>>>>>>>>>>>>>>>>>>>>>>>>>>>>>>>>>>>>>>>>>>>>>>>>>>>>>>>>>>>>>>>>>>>>>>>>>>>>>>>>>
epoch: 7
loss: 0.2801, acc: 0.8906
loss: 0.2554, acc: 0.9097
loss: 0.2953, acc: 0.8929
loss: 0.2810, acc: 0.8980
loss: 0.2727, acc: 0.9115
loss: 0.2702, acc: 0.9127
loss: 0.2752, acc: 0.9090
loss: 0.2856, acc: 0.9038
loss: 0.2886, acc: 0.9020
loss: 0.2840, acc: 0.9037
loss: 0.2860, acc: 0.9045
loss: 0.2806, acc: 0.9078
loss: 0.2845, acc: 0.9062
loss: 0.2894, acc: 0.9049
loss: 0.2879, acc: 0.9067
loss: 0.2901, acc: 0.9055
loss: 0.2885, acc: 0.9048
loss: 0.2882, acc: 0.9048
loss: 0.2886, acc: 0.9043
loss: 0.2857, acc: 0.9050
loss: 0.2881, acc: 0.9047
loss: 0.2905, acc: 0.9028
> val_acc: 0.7839, val_f1: 0.6586
>> saved: state_dict/gc_ian_restaurant_val_acc0.7839
>>>>>>>>>>>>>>>>>>>>>>>>>>>>>>>>>>>>>>>>>>>>>>>>>>>>>>>>>>>>>>>>>>>>>>>>>>>>>>>>>>>>>>>>>>>>>>>>>>>>
epoch: 8
loss: 0.2161, acc: 0.9062
loss: 0.2559, acc: 0.9271
loss: 0.2671, acc: 0.9176
loss: 0.2753, acc: 0.9102
loss: 0.2673, acc: 0.9122
loss: 0.2766, acc: 0.9135
loss: 0.2787, acc: 0.9113
loss: 0.2756, acc: 0.9089
loss: 0.2718, acc: 0.9116
loss: 0.2664, acc: 0.9164
loss: 0.2640, acc: 0.9179
loss: 0.2670, acc: 0.9157
loss: 0.2635, acc: 0.9160
loss: 0.2630, acc: 0.9171
loss: 0.2618, acc: 0.9177
loss: 0.2643, acc: 0.9149
loss: 0.2620, acc: 0.9163
loss: 0.2629, acc: 0.9157
loss: 0.2645, acc: 0.9152
loss: 0.2676, acc: 0.9124
loss: 0.2696, acc: 0.9103
loss: 0.2711, acc: 0.9086
loss: 0.2681, acc: 0.9099
> val_acc: 0.7723, val_f1: 0.6233
>>>>>>>>>>>>>>>>>>>>>>>>>>>>>>>>>>>>>>>>>>>>>>>>>>>>>>>>>>>>>>>>>>>>>>>>>>>>>>>>>>>>>>>>>>>>>>>>>>>>
epoch: 9
loss: 0.2454, acc: 0.9479
loss: 0.2371, acc: 0.9258
loss: 0.2413, acc: 0.9279
loss: 0.2383, acc: 0.9288
loss: 0.2465, acc: 0.9239
loss: 0.2467, acc: 0.9208
loss: 0.2365, acc: 0.9271
loss: 0.2360, acc: 0.9268
loss: 0.2321, acc: 0.9288
loss: 0.2347, acc: 0.9258
loss: 0.2365, acc: 0.9245
loss: 0.2368, acc: 0.9235
loss: 0.2437, acc: 0.9206
loss: 0.2418, acc: 0.9219
loss: 0.2428, acc: 0.9208
loss: 0.2456, acc: 0.9207
loss: 0.2455, acc: 0.9202
loss: 0.2444, acc: 0.9201
loss: 0.2458, acc: 0.9187
loss: 0.2462, acc: 0.9190
loss: 0.2463, acc: 0.9193
loss: 0.2476, acc: 0.9178
loss: 0.2485, acc: 0.9174
> val_acc: 0.7741, val_f1: 0.6368
>>>>>>>>>>>>>>>>>>>>>>>>>>>>>>>>>>>>>>>>>>>>>>>>>>>>>>>>>>>>>>>>>>>>>>>>>>>>>>>>>>>>>>>>>>>>>>>>>>>>
epoch: 10
loss: 0.2238, acc: 0.9375
loss: 0.1892, acc: 0.9500
loss: 0.1967, acc: 0.9417
loss: 0.2089, acc: 0.9375
loss: 0.2128, acc: 0.9337
loss: 0.2164, acc: 0.9333
loss: 0.2238, acc: 0.9286
loss: 0.2305, acc: 0.9258
loss: 0.2267, acc: 0.9285
loss: 0.2308, acc: 0.9256
loss: 0.2330, acc: 0.9261
loss: 0.2307, acc: 0.9271
loss: 0.2349, acc: 0.9264
loss: 0.2346, acc: 0.9263
loss: 0.2367, acc: 0.9250
loss: 0.2344, acc: 0.9262
loss: 0.2332, acc: 0.9265
loss: 0.2353, acc: 0.9267
loss: 0.2364, acc: 0.9253
loss: 0.2364, acc: 0.9247
loss: 0.2335, acc: 0.9259
loss: 0.2320, acc: 0.9267
> val_acc: 0.7786, val_f1: 0.6421
>>>>>>>>>>>>>>>>>>>>>>>>>>>>>>>>>>>>>>>>>>>>>>>>>>>>>>>>>>>>>>>>>>>>>>>>>>>>>>>>>>>>>>>>>>>>>>>>>>>>
epoch: 11
loss: 0.1846, acc: 0.9531
loss: 0.2342, acc: 0.9286
loss: 0.2246, acc: 0.9245
loss: 0.2180, acc: 0.9338
loss: 0.2071, acc: 0.9389
loss: 0.2142, acc: 0.9363
loss: 0.2152, acc: 0.9365
loss: 0.2167, acc: 0.9367
loss: 0.2137, acc: 0.9390
loss: 0.2198, acc: 0.9322
loss: 0.2141, acc: 0.9345
loss: 0.2111, acc: 0.9364
loss: 0.2108, acc: 0.9365
loss: 0.2117, acc: 0.9370
loss: 0.2128, acc: 0.9358
loss: 0.2115, acc: 0.9375
loss: 0.2106, acc: 0.9379
loss: 0.2132, acc: 0.9361
loss: 0.2141, acc: 0.9355
loss: 0.2155, acc: 0.9333
loss: 0.2134, acc: 0.9347
loss: 0.2157, acc: 0.9325
loss: 0.2141, acc: 0.9339
> val_acc: 0.7714, val_f1: 0.6297
>>>>>>>>>>>>>>>>>>>>>>>>>>>>>>>>>>>>>>>>>>>>>>>>>>>>>>>>>>>>>>>>>>>>>>>>>>>>>>>>>>>>>>>>>>>>>>>>>>>>
epoch: 12
loss: 0.1681, acc: 0.9531
loss: 0.1675, acc: 0.9583
loss: 0.1709, acc: 0.9621
loss: 0.1828, acc: 0.9523
loss: 0.1905, acc: 0.9492
loss: 0.1908, acc: 0.9515
loss: 0.1883, acc: 0.9531
loss: 0.1931, acc: 0.9487
loss: 0.1941, acc: 0.9482
loss: 0.1980, acc: 0.9458
loss: 0.1976, acc: 0.9456
loss: 0.1950, acc: 0.9449
loss: 0.1980, acc: 0.9404
loss: 0.1962, acc: 0.9411
loss: 0.1942, acc: 0.9417
loss: 0.1937, acc: 0.9422
loss: 0.1961, acc: 0.9416
loss: 0.1980, acc: 0.9403
loss: 0.2035, acc: 0.9378
loss: 0.2024, acc: 0.9394
loss: 0.2015, acc: 0.9396
loss: 0.2011, acc: 0.9407
> val_acc: 0.7696, val_f1: 0.6247
>>>>>>>>>>>>>>>>>>>>>>>>>>>>>>>>>>>>>>>>>>>>>>>>>>>>>>>>>>>>>>>>>>>>>>>>>>>>>>>>>>>>>>>>>>>>>>>>>>>>
epoch: 13
loss: 0.2213, acc: 0.9375
loss: 0.1693, acc: 0.9688
loss: 0.1706, acc: 0.9602
loss: 0.1780, acc: 0.9570
loss: 0.1872, acc: 0.9524
loss: 0.1904, acc: 0.9459
loss: 0.1949, acc: 0.9435
loss: 0.1928, acc: 0.9462
loss: 0.1896, acc: 0.9482
loss: 0.1891, acc: 0.9490
loss: 0.1938, acc: 0.9449
loss: 0.1938, acc: 0.9436
loss: 0.1932, acc: 0.9431
loss: 0.1959, acc: 0.9427
loss: 0.1991, acc: 0.9419
loss: 0.1972, acc: 0.9428
loss: 0.1979, acc: 0.9417
loss: 0.1971, acc: 0.9430
loss: 0.1975, acc: 0.9427
loss: 0.1950, acc: 0.9434
loss: 0.1963, acc: 0.9428
loss: 0.1962, acc: 0.9422
loss: 0.1973, acc: 0.9412
> val_acc: 0.7732, val_f1: 0.6363
>>>>>>>>>>>>>>>>>>>>>>>>>>>>>>>>>>>>>>>>>>>>>>>>>>>>>>>>>>>>>>>>>>>>>>>>>>>>>>>>>>>>>>>>>>>>>>>>>>>>
epoch: 14
loss: 0.1419, acc: 0.9688
loss: 0.1412, acc: 0.9609
loss: 0.1561, acc: 0.9543
loss: 0.1748, acc: 0.9497
loss: 0.1704, acc: 0.9511
loss: 0.1711, acc: 0.9498
loss: 0.1699, acc: 0.9498
loss: 0.1660, acc: 0.9539
loss: 0.1665, acc: 0.9542
loss: 0.1687, acc: 0.9531
loss: 0.1679, acc: 0.9534
loss: 0.1680, acc: 0.9542
loss: 0.1700, acc: 0.9544
loss: 0.1746, acc: 0.9513
loss: 0.1716, acc: 0.9529
loss: 0.1742, acc: 0.9511
loss: 0.1728, acc: 0.9511
loss: 0.1721, acc: 0.9506
loss: 0.1736, acc: 0.9493
loss: 0.1736, acc: 0.9496
loss: 0.1732, acc: 0.9496
loss: 0.1750, acc: 0.9491
loss: 0.1739, acc: 0.9496
> val_acc: 0.7679, val_f1: 0.6175
>>>>>>>>>>>>>>>>>>>>>>>>>>>>>>>>>>>>>>>>>>>>>>>>>>>>>>>>>>>>>>>>>>>>>>>>>>>>>>>>>>>>>>>>>>>>>>>>>>>>
epoch: 15
loss: 0.1300, acc: 0.9875
loss: 0.1375, acc: 0.9750
loss: 0.1518, acc: 0.9667
loss: 0.1426, acc: 0.9672
loss: 0.1533, acc: 0.9637
loss: 0.1547, acc: 0.9594
loss: 0.1536, acc: 0.9616
loss: 0.1585, acc: 0.9594
loss: 0.1544, acc: 0.9604
loss: 0.1585, acc: 0.9581
loss: 0.1604, acc: 0.9568
loss: 0.1622, acc: 0.9552
loss: 0.1625, acc: 0.9558
loss: 0.1641, acc: 0.9545
loss: 0.1654, acc: 0.9537
loss: 0.1681, acc: 0.9512
loss: 0.1671, acc: 0.9511
loss: 0.1669, acc: 0.9507
loss: 0.1662, acc: 0.9510
loss: 0.1669, acc: 0.9509
loss: 0.1689, acc: 0.9503
loss: 0.1702, acc: 0.9500
> val_acc: 0.7723, val_f1: 0.6329
>>>>>>>>>>>>>>>>>>>>>>>>>>>>>>>>>>>>>>>>>>>>>>>>>>>>>>>>>>>>>>>>>>>>>>>>>>>>>>>>>>>>>>>>>>>>>>>>>>>>
epoch: 16
loss: 0.1625, acc: 0.9844
loss: 0.1850, acc: 0.9375
loss: 0.1758, acc: 0.9401
loss: 0.1737, acc: 0.9338
loss: 0.1662, acc: 0.9418
loss: 0.1645, acc: 0.9468
loss: 0.1625, acc: 0.9492
loss: 0.1587, acc: 0.9527
loss: 0.1600, acc: 0.9524
loss: 0.1612, acc: 0.9521
loss: 0.1615, acc: 0.9525
loss: 0.1613, acc: 0.9523
loss: 0.1593, acc: 0.9546
loss: 0.1615, acc: 0.9524
loss: 0.1606, acc: 0.9536
loss: 0.1577, acc: 0.9541
loss: 0.1575, acc: 0.9550
loss: 0.1616, acc: 0.9533
loss: 0.1623, acc: 0.9535
loss: 0.1617, acc: 0.9530
loss: 0.1628, acc: 0.9519
loss: 0.1628, acc: 0.9518
loss: 0.1637, acc: 0.9515
> val_acc: 0.7777, val_f1: 0.6510
>>>>>>>>>>>>>>>>>>>>>>>>>>>>>>>>>>>>>>>>>>>>>>>>>>>>>>>>>>>>>>>>>>>>>>>>>>>>>>>>>>>>>>>>>>>>>>>>>>>>
epoch: 17
loss: 0.1256, acc: 0.9844
loss: 0.1570, acc: 0.9549
loss: 0.1568, acc: 0.9576
loss: 0.1581, acc: 0.9589
loss: 0.1584, acc: 0.9570
loss: 0.1552, acc: 0.9601
loss: 0.1535, acc: 0.9605
loss: 0.1502, acc: 0.9631
loss: 0.1470, acc: 0.9638
loss: 0.1462, acc: 0.9624
loss: 0.1449, acc: 0.9624
loss: 0.1489, acc: 0.9597
loss: 0.1503, acc: 0.9595
loss: 0.1505, acc: 0.9597
loss: 0.1498, acc: 0.9599
loss: 0.1524, acc: 0.9585
loss: 0.1530, acc: 0.9580
loss: 0.1539, acc: 0.9579
loss: 0.1532, acc: 0.9578
loss: 0.1546, acc: 0.9564
loss: 0.1561, acc: 0.9552
loss: 0.1566, acc: 0.9541
> val_acc: 0.7786, val_f1: 0.6537
>>>>>>>>>>>>>>>>>>>>>>>>>>>>>>>>>>>>>>>>>>>>>>>>>>>>>>>>>>>>>>>>>>>>>>>>>>>>>>>>>>>>>>>>>>>>>>>>>>>>
epoch: 18
loss: 0.1786, acc: 0.9062
loss: 0.1357, acc: 0.9583
loss: 0.1491, acc: 0.9545
loss: 0.1559, acc: 0.9570
loss: 0.1546, acc: 0.9554
loss: 0.1486, acc: 0.9615
loss: 0.1448, acc: 0.9637
loss: 0.1441, acc: 0.9644
loss: 0.1478, acc: 0.9642
loss: 0.1448, acc: 0.9654
loss: 0.1463, acc: 0.9638
loss: 0.1465, acc: 0.9621
loss: 0.1475, acc: 0.9611
loss: 0.1481, acc: 0.9607
loss: 0.1509, acc: 0.9591
loss: 0.1488, acc: 0.9593
loss: 0.1483, acc: 0.9591
loss: 0.1497, acc: 0.9586
loss: 0.1498, acc: 0.9584
loss: 0.1500, acc: 0.9583
loss: 0.1501, acc: 0.9585
loss: 0.1494, acc: 0.9590
loss: 0.1500, acc: 0.9592
> val_acc: 0.7741, val_f1: 0.6293
>>>>>>>>>>>>>>>>>>>>>>>>>>>>>>>>>>>>>>>>>>>>>>>>>>>>>>>>>>>>>>>>>>>>>>>>>>>>>>>>>>>>>>>>>>>>>>>>>>>>
epoch: 19
loss: 0.1013, acc: 0.9896
loss: 0.1075, acc: 0.9805
loss: 0.1447, acc: 0.9639
loss: 0.1379, acc: 0.9635
loss: 0.1401, acc: 0.9620
loss: 0.1419, acc: 0.9632
loss: 0.1355, acc: 0.9659
loss: 0.1374, acc: 0.9646
loss: 0.1391, acc: 0.9637
loss: 0.1381, acc: 0.9635
loss: 0.1409, acc: 0.9634
loss: 0.1464, acc: 0.9596
loss: 0.1454, acc: 0.9603
loss: 0.1459, acc: 0.9605
loss: 0.1460, acc: 0.9602
loss: 0.1441, acc: 0.9611
loss: 0.1444, acc: 0.9608
loss: 0.1452, acc: 0.9616
loss: 0.1470, acc: 0.9603
loss: 0.1471, acc: 0.9601
loss: 0.1473, acc: 0.9596
loss: 0.1466, acc: 0.9609
loss: 0.1494, acc: 0.9598
> val_acc: 0.7750, val_f1: 0.6432
>>>>>>>>>>>>>>>>>>>>>>>>>>>>>>>>>>>>>>>>>>>>>>>>>>>>>>>>>>>>>>>>>>>>>>>>>>>>>>>>>>>>>>>>>>>>>>>>>>>>
epoch: 20
loss: 0.1192, acc: 0.9750
loss: 0.1308, acc: 0.9688
loss: 0.1293, acc: 0.9708
loss: 0.1221, acc: 0.9719
loss: 0.1222, acc: 0.9712
loss: 0.1208, acc: 0.9719
loss: 0.1221, acc: 0.9705
loss: 0.1265, acc: 0.9688
loss: 0.1318, acc: 0.9660
loss: 0.1334, acc: 0.9656
loss: 0.1369, acc: 0.9636
loss: 0.1346, acc: 0.9646
loss: 0.1370, acc: 0.9620
loss: 0.1383, acc: 0.9616
loss: 0.1392, acc: 0.9613
loss: 0.1396, acc: 0.9621
loss: 0.1403, acc: 0.9618
loss: 0.1403, acc: 0.9622
loss: 0.1385, acc: 0.9628
loss: 0.1402, acc: 0.9616
loss: 0.1403, acc: 0.9607
loss: 0.1401, acc: 0.9608
> val_acc: 0.7714, val_f1: 0.6279
>>>>>>>>>>>>>>>>>>>>>>>>>>>>>>>>>>>>>>>>>>>>>>>>>>>>>>>>>>>>>>>>>>>>>>>>>>>>>>>>>>>>>>>>>>>>>>>>>>>>
epoch: 21
loss: 0.1827, acc: 0.9375
loss: 0.1252, acc: 0.9598
loss: 0.1360, acc: 0.9609
loss: 0.1345, acc: 0.9651
loss: 0.1349, acc: 0.9631
loss: 0.1370, acc: 0.9641
loss: 0.1369, acc: 0.9648
loss: 0.1361, acc: 0.9645
loss: 0.1380, acc: 0.9613
loss: 0.1401, acc: 0.9621
loss: 0.1365, acc: 0.9633
loss: 0.1336, acc: 0.9649
loss: 0.1358, acc: 0.9642
loss: 0.1363, acc: 0.9636
loss: 0.1358, acc: 0.9635
loss: 0.1343, acc: 0.9639
loss: 0.1355, acc: 0.9623
loss: 0.1362, acc: 0.9616
loss: 0.1350, acc: 0.9623
loss: 0.1368, acc: 0.9604
loss: 0.1348, acc: 0.9617
loss: 0.1345, acc: 0.9612
loss: 0.1337, acc: 0.9612
> val_acc: 0.7723, val_f1: 0.6289
>>>>>>>>>>>>>>>>>>>>>>>>>>>>>>>>>>>>>>>>>>>>>>>>>>>>>>>>>>>>>>>>>>>>>>>>>>>>>>>>>>>>>>>>>>>>>>>>>>>>
epoch: 22
loss: 0.1439, acc: 0.9766
loss: 0.1190, acc: 0.9826
loss: 0.1288, acc: 0.9688
loss: 0.1214, acc: 0.9737
loss: 0.1251, acc: 0.9714
loss: 0.1216, acc: 0.9698
loss: 0.1210, acc: 0.9715
loss: 0.1238, acc: 0.9704
loss: 0.1232, acc: 0.9709
loss: 0.1229, acc: 0.9700
loss: 0.1236, acc: 0.9705
loss: 0.1265, acc: 0.9672
loss: 0.1263, acc: 0.9678
loss: 0.1267, acc: 0.9678
loss: 0.1265, acc: 0.9683
loss: 0.1292, acc: 0.9664
loss: 0.1281, acc: 0.9673
loss: 0.1276, acc: 0.9677
loss: 0.1278, acc: 0.9668
loss: 0.1270, acc: 0.9669
loss: 0.1262, acc: 0.9675
loss: 0.1259, acc: 0.9682
> val_acc: 0.7741, val_f1: 0.6396
>>>>>>>>>>>>>>>>>>>>>>>>>>>>>>>>>>>>>>>>>>>>>>>>>>>>>>>>>>>>>>>>>>>>>>>>>>>>>>>>>>>>>>>>>>>>>>>>>>>>
epoch: 23
loss: 0.0939, acc: 0.9688
loss: 0.1349, acc: 0.9583
loss: 0.1241, acc: 0.9688
loss: 0.1196, acc: 0.9688
loss: 0.1164, acc: 0.9702
loss: 0.1126, acc: 0.9724
loss: 0.1147, acc: 0.9708
loss: 0.1169, acc: 0.9705
loss: 0.1191, acc: 0.9695
loss: 0.1172, acc: 0.9694
loss: 0.1211, acc: 0.9669
loss: 0.1218, acc: 0.9682
loss: 0.1195, acc: 0.9693
loss: 0.1204, acc: 0.9688
loss: 0.1223, acc: 0.9683
loss: 0.1226, acc: 0.9683
loss: 0.1249, acc: 0.9688
loss: 0.1257, acc: 0.9680
loss: 0.1266, acc: 0.9684
loss: 0.1261, acc: 0.9684
loss: 0.1279, acc: 0.9666
loss: 0.1268, acc: 0.9667
loss: 0.1263, acc: 0.9665
> val_acc: 0.7696, val_f1: 0.6180
>>>>>>>>>>>>>>>>>>>>>>>>>>>>>>>>>>>>>>>>>>>>>>>>>>>>>>>>>>>>>>>>>>>>>>>>>>>>>>>>>>>>>>>>>>>>>>>>>>>>
epoch: 24
loss: 0.0811, acc: 0.9896
loss: 0.1010, acc: 0.9766
loss: 0.1055, acc: 0.9784
loss: 0.1139, acc: 0.9722
loss: 0.1117, acc: 0.9742
loss: 0.1156, acc: 0.9721
loss: 0.1167, acc: 0.9697
loss: 0.1127, acc: 0.9729
loss: 0.1145, acc: 0.9702
loss: 0.1141, acc: 0.9681
loss: 0.1127, acc: 0.9693
loss: 0.1116, acc: 0.9698
loss: 0.1126, acc: 0.9688
loss: 0.1122, acc: 0.9678
loss: 0.1147, acc: 0.9666
loss: 0.1164, acc: 0.9667
loss: 0.1178, acc: 0.9665
loss: 0.1197, acc: 0.9645
loss: 0.1176, acc: 0.9664
loss: 0.1183, acc: 0.9659
loss: 0.1171, acc: 0.9663
loss: 0.1187, acc: 0.9656
loss: 0.1186, acc: 0.9656
> val_acc: 0.7705, val_f1: 0.6288
>>>>>>>>>>>>>>>>>>>>>>>>>>>>>>>>>>>>>>>>>>>>>>>>>>>>>>>>>>>>>>>>>>>>>>>>>>>>>>>>>>>>>>>>>>>>>>>>>>>>
epoch: 25
loss: 0.1146, acc: 0.9688
loss: 0.1145, acc: 0.9688
loss: 0.1099, acc: 0.9708
loss: 0.1114, acc: 0.9672
loss: 0.1134, acc: 0.9663
loss: 0.1158, acc: 0.9656
loss: 0.1150, acc: 0.9679
loss: 0.1140, acc: 0.9680
loss: 0.1133, acc: 0.9694
loss: 0.1140, acc: 0.9694
loss: 0.1137, acc: 0.9710
loss: 0.1142, acc: 0.9708
loss: 0.1138, acc: 0.9712
loss: 0.1106, acc: 0.9728
loss: 0.1118, acc: 0.9708
loss: 0.1128, acc: 0.9703
loss: 0.1125, acc: 0.9706
loss: 0.1155, acc: 0.9688
loss: 0.1142, acc: 0.9691
loss: 0.1156, acc: 0.9681
loss: 0.1150, acc: 0.9688
loss: 0.1147, acc: 0.9693
> val_acc: 0.7732, val_f1: 0.6346
>>>>>>>>>>>>>>>>>>>>>>>>>>>>>>>>>>>>>>>>>>>>>>>>>>>>>>>>>>>>>>>>>>>>>>>>>>>>>>>>>>>>>>>>>>>>>>>>>>>>
epoch: 26
loss: 0.0817, acc: 0.9844
loss: 0.0855, acc: 0.9866
loss: 0.0908, acc: 0.9818
loss: 0.0920, acc: 0.9816
loss: 0.0911, acc: 0.9830
loss: 0.0948, acc: 0.9826
loss: 0.0981, acc: 0.9775
loss: 0.0960, acc: 0.9789
loss: 0.0951, acc: 0.9799
loss: 0.0962, acc: 0.9794
loss: 0.0969, acc: 0.9790
loss: 0.0972, acc: 0.9786
loss: 0.1004, acc: 0.9778
loss: 0.1066, acc: 0.9748
loss: 0.1062, acc: 0.9761
loss: 0.1064, acc: 0.9744
loss: 0.1079, acc: 0.9733
loss: 0.1070, acc: 0.9738
loss: 0.1087, acc: 0.9721
loss: 0.1078, acc: 0.9720
loss: 0.1096, acc: 0.9718
loss: 0.1106, acc: 0.9711
loss: 0.1121, acc: 0.9707
> val_acc: 0.7723, val_f1: 0.6265
>>>>>>>>>>>>>>>>>>>>>>>>>>>>>>>>>>>>>>>>>>>>>>>>>>>>>>>>>>>>>>>>>>>>>>>>>>>>>>>>>>>>>>>>>>>>>>>>>>>>
epoch: 27
loss: 0.1347, acc: 0.9531
loss: 0.1140, acc: 0.9722
loss: 0.1086, acc: 0.9710
loss: 0.1024, acc: 0.9753
loss: 0.1008, acc: 0.9727
loss: 0.0990, acc: 0.9741
loss: 0.0968, acc: 0.9743
loss: 0.0955, acc: 0.9760
loss: 0.0979, acc: 0.9751
loss: 0.1007, acc: 0.9739
loss: 0.1008, acc: 0.9740
loss: 0.1017, acc: 0.9725
loss: 0.1012, acc: 0.9736
loss: 0.1028, acc: 0.9733
loss: 0.1023, acc: 0.9734
loss: 0.1027, acc: 0.9739
loss: 0.1022, acc: 0.9736
loss: 0.1036, acc: 0.9733
loss: 0.1045, acc: 0.9731
loss: 0.1064, acc: 0.9719
loss: 0.1061, acc: 0.9721
loss: 0.1072, acc: 0.9719
> val_acc: 0.7741, val_f1: 0.6320
>>>>>>>>>>>>>>>>>>>>>>>>>>>>>>>>>>>>>>>>>>>>>>>>>>>>>>>>>>>>>>>>>>>>>>>>>>>>>>>>>>>>>>>>>>>>>>>>>>>>
epoch: 28
loss: 0.0915, acc: 0.9688
loss: 0.0900, acc: 0.9792
loss: 0.0932, acc: 0.9773
loss: 0.0887, acc: 0.9824
loss: 0.0892, acc: 0.9821
loss: 0.0921, acc: 0.9796
loss: 0.0902, acc: 0.9808
loss: 0.0909, acc: 0.9800
loss: 0.0909, acc: 0.9779
loss: 0.0930, acc: 0.9769
loss: 0.0982, acc: 0.9743
loss: 0.0984, acc: 0.9732
loss: 0.1008, acc: 0.9723
loss: 0.1022, acc: 0.9716
loss: 0.1037, acc: 0.9714
loss: 0.1023, acc: 0.9716
loss: 0.1023, acc: 0.9722
loss: 0.1028, acc: 0.9727
loss: 0.1014, acc: 0.9739
loss: 0.1030, acc: 0.9730
loss: 0.1048, acc: 0.9725
loss: 0.1061, acc: 0.9723
loss: 0.1065, acc: 0.9718
> val_acc: 0.7679, val_f1: 0.6330
>>>>>>>>>>>>>>>>>>>>>>>>>>>>>>>>>>>>>>>>>>>>>>>>>>>>>>>>>>>>>>>>>>>>>>>>>>>>>>>>>>>>>>>>>>>>>>>>>>>>
epoch: 29
loss: 0.0887, acc: 1.0000
loss: 0.0846, acc: 0.9883
loss: 0.0980, acc: 0.9808
loss: 0.1021, acc: 0.9792
loss: 0.1023, acc: 0.9769
loss: 0.1004, acc: 0.9766
loss: 0.0980, acc: 0.9773
loss: 0.0993, acc: 0.9778
loss: 0.1004, acc: 0.9760
loss: 0.1010, acc: 0.9753
loss: 0.1007, acc: 0.9758
loss: 0.0986, acc: 0.9768
loss: 0.0977, acc: 0.9777
loss: 0.0974, acc: 0.9779
loss: 0.0982, acc: 0.9769
loss: 0.1003, acc: 0.9756
loss: 0.0990, acc: 0.9759
loss: 0.1014, acc: 0.9748
loss: 0.1007, acc: 0.9748
loss: 0.1022, acc: 0.9735
loss: 0.1017, acc: 0.9742
loss: 0.1014, acc: 0.9745
loss: 0.1022, acc: 0.9737
> val_acc: 0.7741, val_f1: 0.6301
>> test_acc: 0.7839, test_f1: 0.6586
