cuda memory allocated: 19891200
n_trainable_params: 3206003, n_nontrainable_params: 1764800
> training arguments:
>>> model_name: gc_ian
>>> model_ver: 1
>>> dataset: restaurant
>>> optimizer: <class 'torch.optim.adagrad.Adagrad'>
>>> initializer: <function xavier_uniform_ at 0x000002C6F3E076A8>
>>> learning_rate: 0.01
>>> momentum: 0.95
>>> dropout: 0.5
>>> l2reg: 5e-05
>>> num_epoch: 30
>>> batch_size: 32
>>> log_step: 5
>>> embed_dim: 400
>>> hidden_dim: 300
>>> bert_dim: 768
>>> pretrained_bert_name: bert-base-uncased
>>> embeddings: gd
>>> max_seq_len: 80
>>> polarities_dim: 3
>>> hops: 3
>>> device: cuda
>>> seed: 10
>>> valset_ratio: 0
>>> num_layers: 1
>>> in_channels: 100
>>> out_channels: 1
>>> downbot: 20
>>> kernel_size: 3
>>> glove_path: ./embeddings/glove.840B.300d.txt
>>> embedding_matrix_path: gen_data/embeddings/400_restaurant_glove_domain_embedding_matrix.dat
>>> model_class: <class 'models.gc_ian.GC_IAN1'>
>>> dataset_file: {'train': './datasets/semeval14/Restaurants_Train.xml.seg', 'test': './datasets/semeval14/Restaurants_Test_Gold.xml.seg'}
>>> inputs_cols: ['text_raw_indices', 'aspect_indices']
>>>>>>>>>>>>>>>>>>>>>>>>>>>>>>>>>>>>>>>>>>>>>>>>>>>>>>>>>>>>>>>>>>>>>>>>>>>>>>>>>>>>>>>>>>>>>>>>>>>>
epoch: 0
loss: 1.8858, acc: 0.4313
loss: 1.5141, acc: 0.4875
loss: 1.3970, acc: 0.4958
loss: 1.3023, acc: 0.5172
loss: 1.2179, acc: 0.5375
loss: 1.1616, acc: 0.5479
loss: 1.1376, acc: 0.5554
loss: 1.1138, acc: 0.5516
loss: 1.0811, acc: 0.5611
loss: 1.0614, acc: 0.5637
loss: 1.0463, acc: 0.5653
loss: 1.0216, acc: 0.5740
loss: 1.0079, acc: 0.5755
loss: 0.9856, acc: 0.5862
loss: 0.9687, acc: 0.5946
loss: 0.9557, acc: 0.5980
loss: 0.9408, acc: 0.6033
loss: 0.9264, acc: 0.6101
loss: 0.9184, acc: 0.6135
loss: 0.9050, acc: 0.6197
loss: 0.8930, acc: 0.6250
loss: 0.8835, acc: 0.6298
> val_acc: 0.7411, val_f1: 0.5522
>> saved: state_dict/gc_ian_restaurant_val_acc0.7411
>>>>>>>>>>>>>>>>>>>>>>>>>>>>>>>>>>>>>>>>>>>>>>>>>>>>>>>>>>>>>>>>>>>>>>>>>>>>>>>>>>>>>>>>>>>>>>>>>>>>
epoch: 1
loss: 0.5210, acc: 0.7969
loss: 0.5568, acc: 0.7991
loss: 0.5851, acc: 0.7865
loss: 0.5844, acc: 0.7776
loss: 0.5896, acc: 0.7685
loss: 0.5935, acc: 0.7650
loss: 0.5990, acc: 0.7627
loss: 0.6068, acc: 0.7593
loss: 0.6075, acc: 0.7552
loss: 0.5974, acc: 0.7613
loss: 0.5912, acc: 0.7650
loss: 0.5891, acc: 0.7648
loss: 0.5868, acc: 0.7651
loss: 0.5808, acc: 0.7691
loss: 0.5814, acc: 0.7669
loss: 0.5813, acc: 0.7683
loss: 0.5834, acc: 0.7671
loss: 0.5805, acc: 0.7690
loss: 0.5841, acc: 0.7653
loss: 0.5868, acc: 0.7651
loss: 0.5859, acc: 0.7644
loss: 0.5862, acc: 0.7637
loss: 0.5828, acc: 0.7651
> val_acc: 0.7830, val_f1: 0.6498
>> saved: state_dict/gc_ian_restaurant_val_acc0.783
>>>>>>>>>>>>>>>>>>>>>>>>>>>>>>>>>>>>>>>>>>>>>>>>>>>>>>>>>>>>>>>>>>>>>>>>>>>>>>>>>>>>>>>>>>>>>>>>>>>>
epoch: 2
loss: 0.4996, acc: 0.8281
loss: 0.4721, acc: 0.8333
loss: 0.5041, acc: 0.8170
loss: 0.5006, acc: 0.8158
loss: 0.4934, acc: 0.8190
loss: 0.4929, acc: 0.8211
loss: 0.4954, acc: 0.8162
loss: 0.4971, acc: 0.8173
loss: 0.4964, acc: 0.8168
loss: 0.4983, acc: 0.8151
loss: 0.4924, acc: 0.8194
loss: 0.4994, acc: 0.8167
loss: 0.5053, acc: 0.8130
loss: 0.5071, acc: 0.8120
loss: 0.5008, acc: 0.8163
loss: 0.4996, acc: 0.8153
loss: 0.5024, acc: 0.8129
loss: 0.5007, acc: 0.8125
loss: 0.4977, acc: 0.8122
loss: 0.4941, acc: 0.8134
loss: 0.4919, acc: 0.8128
loss: 0.4908, acc: 0.8131
> val_acc: 0.7911, val_f1: 0.6723
>> saved: state_dict/gc_ian_restaurant_val_acc0.7911
>>>>>>>>>>>>>>>>>>>>>>>>>>>>>>>>>>>>>>>>>>>>>>>>>>>>>>>>>>>>>>>>>>>>>>>>>>>>>>>>>>>>>>>>>>>>>>>>>>>>
epoch: 3
loss: 0.4751, acc: 0.8750
loss: 0.4081, acc: 0.8594
loss: 0.4461, acc: 0.8295
loss: 0.4346, acc: 0.8281
loss: 0.4343, acc: 0.8333
loss: 0.4450, acc: 0.8353
loss: 0.4415, acc: 0.8327
loss: 0.4443, acc: 0.8342
loss: 0.4414, acc: 0.8346
loss: 0.4354, acc: 0.8390
loss: 0.4299, acc: 0.8395
loss: 0.4367, acc: 0.8343
loss: 0.4321, acc: 0.8376
loss: 0.4347, acc: 0.8390
loss: 0.4335, acc: 0.8398
loss: 0.4357, acc: 0.8380
loss: 0.4327, acc: 0.8391
loss: 0.4323, acc: 0.8372
loss: 0.4323, acc: 0.8369
loss: 0.4292, acc: 0.8392
loss: 0.4278, acc: 0.8391
loss: 0.4303, acc: 0.8370
loss: 0.4302, acc: 0.8376
> val_acc: 0.7884, val_f1: 0.6618
>>>>>>>>>>>>>>>>>>>>>>>>>>>>>>>>>>>>>>>>>>>>>>>>>>>>>>>>>>>>>>>>>>>>>>>>>>>>>>>>>>>>>>>>>>>>>>>>>>>>
epoch: 4
loss: 0.3637, acc: 0.8438
loss: 0.3860, acc: 0.8477
loss: 0.3893, acc: 0.8558
loss: 0.3760, acc: 0.8663
loss: 0.3848, acc: 0.8587
loss: 0.3828, acc: 0.8549
loss: 0.3737, acc: 0.8598
loss: 0.3678, acc: 0.8618
loss: 0.3759, acc: 0.8561
loss: 0.3785, acc: 0.8568
loss: 0.3776, acc: 0.8544
loss: 0.3825, acc: 0.8529
loss: 0.3835, acc: 0.8552
loss: 0.3854, acc: 0.8543
loss: 0.3821, acc: 0.8566
loss: 0.3849, acc: 0.8574
loss: 0.3898, acc: 0.8550
loss: 0.3924, acc: 0.8533
loss: 0.3915, acc: 0.8535
loss: 0.3913, acc: 0.8533
loss: 0.3892, acc: 0.8556
loss: 0.3861, acc: 0.8571
loss: 0.3841, acc: 0.8584
> val_acc: 0.7955, val_f1: 0.6746
>> saved: state_dict/gc_ian_restaurant_val_acc0.7955
>>>>>>>>>>>>>>>>>>>>>>>>>>>>>>>>>>>>>>>>>>>>>>>>>>>>>>>>>>>>>>>>>>>>>>>>>>>>>>>>>>>>>>>>>>>>>>>>>>>>
epoch: 5
loss: 0.3271, acc: 0.9000
loss: 0.3090, acc: 0.9062
loss: 0.3127, acc: 0.9042
loss: 0.3365, acc: 0.8906
loss: 0.3454, acc: 0.8950
loss: 0.3514, acc: 0.8854
loss: 0.3636, acc: 0.8804
loss: 0.3570, acc: 0.8820
loss: 0.3603, acc: 0.8806
loss: 0.3604, acc: 0.8800
loss: 0.3533, acc: 0.8812
loss: 0.3531, acc: 0.8818
loss: 0.3492, acc: 0.8827
loss: 0.3486, acc: 0.8799
loss: 0.3441, acc: 0.8808
loss: 0.3389, acc: 0.8820
loss: 0.3377, acc: 0.8831
loss: 0.3328, acc: 0.8865
loss: 0.3328, acc: 0.8865
loss: 0.3394, acc: 0.8822
loss: 0.3446, acc: 0.8789
loss: 0.3475, acc: 0.8778
> val_acc: 0.7893, val_f1: 0.6655
>>>>>>>>>>>>>>>>>>>>>>>>>>>>>>>>>>>>>>>>>>>>>>>>>>>>>>>>>>>>>>>>>>>>>>>>>>>>>>>>>>>>>>>>>>>>>>>>>>>>
epoch: 6
loss: 0.3102, acc: 0.8594
loss: 0.2750, acc: 0.9062
loss: 0.2885, acc: 0.8984
loss: 0.2888, acc: 0.9007
loss: 0.2961, acc: 0.8977
loss: 0.2971, acc: 0.8993
loss: 0.3059, acc: 0.8945
loss: 0.3092, acc: 0.8902
loss: 0.3076, acc: 0.8921
loss: 0.3070, acc: 0.8930
loss: 0.3034, acc: 0.8948
loss: 0.3030, acc: 0.8969
loss: 0.3033, acc: 0.8977
loss: 0.3006, acc: 0.8988
loss: 0.3063, acc: 0.8963
loss: 0.3024, acc: 0.8989
loss: 0.3081, acc: 0.8956
loss: 0.3081, acc: 0.8951
loss: 0.3108, acc: 0.8927
loss: 0.3123, acc: 0.8924
loss: 0.3112, acc: 0.8925
loss: 0.3134, acc: 0.8914
loss: 0.3157, acc: 0.8903
> val_acc: 0.7893, val_f1: 0.6656
>>>>>>>>>>>>>>>>>>>>>>>>>>>>>>>>>>>>>>>>>>>>>>>>>>>>>>>>>>>>>>>>>>>>>>>>>>>>>>>>>>>>>>>>>>>>>>>>>>>>
epoch: 7
loss: 0.2415, acc: 0.9297
loss: 0.2575, acc: 0.9201
loss: 0.2533, acc: 0.9152
loss: 0.2868, acc: 0.9079
loss: 0.2871, acc: 0.9115
loss: 0.2851, acc: 0.9116
loss: 0.2871, acc: 0.9090
loss: 0.2786, acc: 0.9127
loss: 0.2798, acc: 0.9126
loss: 0.2725, acc: 0.9171
loss: 0.2750, acc: 0.9132
loss: 0.2709, acc: 0.9153
loss: 0.2745, acc: 0.9136
loss: 0.2772, acc: 0.9117
loss: 0.2806, acc: 0.9101
loss: 0.2831, acc: 0.9098
loss: 0.2808, acc: 0.9096
loss: 0.2817, acc: 0.9091
loss: 0.2826, acc: 0.9086
loss: 0.2822, acc: 0.9085
loss: 0.2813, acc: 0.9078
loss: 0.2837, acc: 0.9077
> val_acc: 0.7857, val_f1: 0.6555
>>>>>>>>>>>>>>>>>>>>>>>>>>>>>>>>>>>>>>>>>>>>>>>>>>>>>>>>>>>>>>>>>>>>>>>>>>>>>>>>>>>>>>>>>>>>>>>>>>>>
epoch: 8
loss: 0.3094, acc: 0.8125
loss: 0.2823, acc: 0.8854
loss: 0.2856, acc: 0.8977
loss: 0.2826, acc: 0.9082
loss: 0.2762, acc: 0.9107
loss: 0.2759, acc: 0.9111
loss: 0.2686, acc: 0.9163
loss: 0.2684, acc: 0.9184
loss: 0.2669, acc: 0.9200
loss: 0.2686, acc: 0.9192
loss: 0.2652, acc: 0.9210
loss: 0.2668, acc: 0.9185
loss: 0.2688, acc: 0.9165
loss: 0.2668, acc: 0.9167
loss: 0.2663, acc: 0.9159
loss: 0.2625, acc: 0.9174
loss: 0.2672, acc: 0.9136
loss: 0.2665, acc: 0.9132
loss: 0.2643, acc: 0.9131
loss: 0.2666, acc: 0.9124
loss: 0.2655, acc: 0.9121
loss: 0.2675, acc: 0.9116
loss: 0.2659, acc: 0.9119
> val_acc: 0.7875, val_f1: 0.6646
>>>>>>>>>>>>>>>>>>>>>>>>>>>>>>>>>>>>>>>>>>>>>>>>>>>>>>>>>>>>>>>>>>>>>>>>>>>>>>>>>>>>>>>>>>>>>>>>>>>>
epoch: 9
loss: 0.3106, acc: 0.8750
loss: 0.2506, acc: 0.9023
loss: 0.2353, acc: 0.9183
loss: 0.2252, acc: 0.9253
loss: 0.2235, acc: 0.9266
loss: 0.2346, acc: 0.9230
loss: 0.2270, acc: 0.9252
loss: 0.2297, acc: 0.9260
loss: 0.2270, acc: 0.9281
loss: 0.2297, acc: 0.9245
loss: 0.2311, acc: 0.9245
loss: 0.2323, acc: 0.9235
loss: 0.2305, acc: 0.9236
loss: 0.2286, acc: 0.9256
loss: 0.2331, acc: 0.9247
loss: 0.2396, acc: 0.9215
loss: 0.2439, acc: 0.9179
loss: 0.2403, acc: 0.9201
loss: 0.2417, acc: 0.9194
loss: 0.2440, acc: 0.9174
loss: 0.2462, acc: 0.9163
loss: 0.2463, acc: 0.9146
loss: 0.2471, acc: 0.9138
> val_acc: 0.7839, val_f1: 0.6505
>>>>>>>>>>>>>>>>>>>>>>>>>>>>>>>>>>>>>>>>>>>>>>>>>>>>>>>>>>>>>>>>>>>>>>>>>>>>>>>>>>>>>>>>>>>>>>>>>>>>
epoch: 10
loss: 0.2099, acc: 0.9375
loss: 0.2171, acc: 0.9406
loss: 0.2133, acc: 0.9458
loss: 0.2182, acc: 0.9359
loss: 0.2108, acc: 0.9425
loss: 0.2193, acc: 0.9385
loss: 0.2188, acc: 0.9420
loss: 0.2200, acc: 0.9414
loss: 0.2253, acc: 0.9396
loss: 0.2301, acc: 0.9356
loss: 0.2330, acc: 0.9330
loss: 0.2324, acc: 0.9318
loss: 0.2332, acc: 0.9303
loss: 0.2330, acc: 0.9299
loss: 0.2339, acc: 0.9283
loss: 0.2368, acc: 0.9262
loss: 0.2344, acc: 0.9272
loss: 0.2360, acc: 0.9253
loss: 0.2386, acc: 0.9243
loss: 0.2374, acc: 0.9250
loss: 0.2404, acc: 0.9223
loss: 0.2387, acc: 0.9233
> val_acc: 0.7857, val_f1: 0.6380
>>>>>>>>>>>>>>>>>>>>>>>>>>>>>>>>>>>>>>>>>>>>>>>>>>>>>>>>>>>>>>>>>>>>>>>>>>>>>>>>>>>>>>>>>>>>>>>>>>>>
epoch: 11
loss: 0.2695, acc: 0.8906
loss: 0.2030, acc: 0.9330
loss: 0.2085, acc: 0.9349
loss: 0.2089, acc: 0.9338
loss: 0.2085, acc: 0.9347
loss: 0.2108, acc: 0.9340
loss: 0.2135, acc: 0.9326
loss: 0.2169, acc: 0.9299
loss: 0.2248, acc: 0.9256
loss: 0.2243, acc: 0.9255
loss: 0.2214, acc: 0.9273
loss: 0.2227, acc: 0.9276
loss: 0.2236, acc: 0.9254
loss: 0.2223, acc: 0.9268
loss: 0.2214, acc: 0.9258
loss: 0.2185, acc: 0.9253
loss: 0.2225, acc: 0.9242
loss: 0.2205, acc: 0.9253
loss: 0.2209, acc: 0.9256
loss: 0.2212, acc: 0.9259
loss: 0.2216, acc: 0.9259
loss: 0.2231, acc: 0.9258
loss: 0.2250, acc: 0.9252
> val_acc: 0.7866, val_f1: 0.6693
>>>>>>>>>>>>>>>>>>>>>>>>>>>>>>>>>>>>>>>>>>>>>>>>>>>>>>>>>>>>>>>>>>>>>>>>>>>>>>>>>>>>>>>>>>>>>>>>>>>>
epoch: 12
loss: 0.2130, acc: 0.9688
loss: 0.2138, acc: 0.9514
loss: 0.2162, acc: 0.9397
loss: 0.2139, acc: 0.9424
loss: 0.2085, acc: 0.9427
loss: 0.2094, acc: 0.9418
loss: 0.2155, acc: 0.9338
loss: 0.2109, acc: 0.9343
loss: 0.2131, acc: 0.9339
loss: 0.2154, acc: 0.9318
loss: 0.2124, acc: 0.9352
loss: 0.2154, acc: 0.9333
loss: 0.2130, acc: 0.9355
loss: 0.2137, acc: 0.9366
loss: 0.2150, acc: 0.9367
loss: 0.2112, acc: 0.9383
loss: 0.2125, acc: 0.9371
loss: 0.2109, acc: 0.9364
loss: 0.2115, acc: 0.9365
loss: 0.2104, acc: 0.9366
loss: 0.2116, acc: 0.9354
loss: 0.2136, acc: 0.9341
> val_acc: 0.7920, val_f1: 0.6560
>>>>>>>>>>>>>>>>>>>>>>>>>>>>>>>>>>>>>>>>>>>>>>>>>>>>>>>>>>>>>>>>>>>>>>>>>>>>>>>>>>>>>>>>>>>>>>>>>>>>
epoch: 13
loss: 0.2246, acc: 0.9375
loss: 0.2418, acc: 0.9271
loss: 0.2112, acc: 0.9375
loss: 0.2052, acc: 0.9395
loss: 0.1993, acc: 0.9420
loss: 0.1996, acc: 0.9387
loss: 0.1983, acc: 0.9375
loss: 0.1987, acc: 0.9392
loss: 0.1943, acc: 0.9413
loss: 0.1946, acc: 0.9395
loss: 0.2003, acc: 0.9375
loss: 0.1956, acc: 0.9381
loss: 0.1968, acc: 0.9395
loss: 0.2000, acc: 0.9394
loss: 0.2017, acc: 0.9384
loss: 0.2007, acc: 0.9379
loss: 0.2011, acc: 0.9363
loss: 0.1996, acc: 0.9368
loss: 0.2001, acc: 0.9351
loss: 0.2015, acc: 0.9349
loss: 0.1999, acc: 0.9353
loss: 0.1995, acc: 0.9354
loss: 0.2014, acc: 0.9352
> val_acc: 0.7911, val_f1: 0.6445
>>>>>>>>>>>>>>>>>>>>>>>>>>>>>>>>>>>>>>>>>>>>>>>>>>>>>>>>>>>>>>>>>>>>>>>>>>>>>>>>>>>>>>>>>>>>>>>>>>>>
epoch: 14
loss: 0.1299, acc: 0.9792
loss: 0.1855, acc: 0.9453
loss: 0.1771, acc: 0.9471
loss: 0.1690, acc: 0.9514
loss: 0.1747, acc: 0.9497
loss: 0.1768, acc: 0.9487
loss: 0.1865, acc: 0.9470
loss: 0.1818, acc: 0.9507
loss: 0.1850, acc: 0.9491
loss: 0.1864, acc: 0.9473
loss: 0.1893, acc: 0.9458
loss: 0.1856, acc: 0.9477
loss: 0.1854, acc: 0.9449
loss: 0.1844, acc: 0.9462
loss: 0.1879, acc: 0.9439
loss: 0.1868, acc: 0.9447
loss: 0.1899, acc: 0.9416
loss: 0.1933, acc: 0.9403
loss: 0.1928, acc: 0.9395
loss: 0.1944, acc: 0.9375
loss: 0.1940, acc: 0.9369
loss: 0.1929, acc: 0.9363
loss: 0.1957, acc: 0.9346
> val_acc: 0.7839, val_f1: 0.6611
>>>>>>>>>>>>>>>>>>>>>>>>>>>>>>>>>>>>>>>>>>>>>>>>>>>>>>>>>>>>>>>>>>>>>>>>>>>>>>>>>>>>>>>>>>>>>>>>>>>>
epoch: 15
loss: 0.1775, acc: 0.9500
loss: 0.2150, acc: 0.9219
loss: 0.2000, acc: 0.9292
loss: 0.1929, acc: 0.9359
loss: 0.1861, acc: 0.9400
loss: 0.1883, acc: 0.9385
loss: 0.1909, acc: 0.9339
loss: 0.1916, acc: 0.9344
loss: 0.1889, acc: 0.9347
loss: 0.1869, acc: 0.9375
loss: 0.1903, acc: 0.9375
loss: 0.1872, acc: 0.9385
loss: 0.1864, acc: 0.9389
loss: 0.1847, acc: 0.9402
loss: 0.1852, acc: 0.9392
loss: 0.1859, acc: 0.9391
loss: 0.1847, acc: 0.9404
loss: 0.1829, acc: 0.9413
loss: 0.1846, acc: 0.9411
loss: 0.1887, acc: 0.9384
loss: 0.1901, acc: 0.9375
loss: 0.1888, acc: 0.9386
> val_acc: 0.7795, val_f1: 0.6397
>>>>>>>>>>>>>>>>>>>>>>>>>>>>>>>>>>>>>>>>>>>>>>>>>>>>>>>>>>>>>>>>>>>>>>>>>>>>>>>>>>>>>>>>>>>>>>>>>>>>
epoch: 16
loss: 0.1251, acc: 0.9375
loss: 0.1312, acc: 0.9554
loss: 0.1479, acc: 0.9557
loss: 0.1611, acc: 0.9504
loss: 0.1649, acc: 0.9503
loss: 0.1646, acc: 0.9514
loss: 0.1608, acc: 0.9541
loss: 0.1678, acc: 0.9510
loss: 0.1682, acc: 0.9501
loss: 0.1719, acc: 0.9501
loss: 0.1704, acc: 0.9495
loss: 0.1699, acc: 0.9507
loss: 0.1680, acc: 0.9511
loss: 0.1675, acc: 0.9520
loss: 0.1690, acc: 0.9518
loss: 0.1679, acc: 0.9517
loss: 0.1715, acc: 0.9493
loss: 0.1755, acc: 0.9483
loss: 0.1752, acc: 0.9494
loss: 0.1760, acc: 0.9494
loss: 0.1783, acc: 0.9476
loss: 0.1805, acc: 0.9457
loss: 0.1816, acc: 0.9450
> val_acc: 0.7848, val_f1: 0.6588
>>>>>>>>>>>>>>>>>>>>>>>>>>>>>>>>>>>>>>>>>>>>>>>>>>>>>>>>>>>>>>>>>>>>>>>>>>>>>>>>>>>>>>>>>>>>>>>>>>>>
epoch: 17
loss: 0.1528, acc: 0.9766
loss: 0.1695, acc: 0.9444
loss: 0.1676, acc: 0.9442
loss: 0.1532, acc: 0.9523
loss: 0.1503, acc: 0.9531
loss: 0.1515, acc: 0.9537
loss: 0.1425, acc: 0.9586
loss: 0.1492, acc: 0.9543
loss: 0.1538, acc: 0.9538
loss: 0.1516, acc: 0.9566
loss: 0.1565, acc: 0.9537
loss: 0.1598, acc: 0.9534
loss: 0.1623, acc: 0.9521
loss: 0.1584, acc: 0.9547
loss: 0.1606, acc: 0.9540
loss: 0.1594, acc: 0.9553
loss: 0.1595, acc: 0.9550
loss: 0.1618, acc: 0.9533
loss: 0.1631, acc: 0.9531
loss: 0.1637, acc: 0.9520
loss: 0.1667, acc: 0.9498
loss: 0.1681, acc: 0.9487
> val_acc: 0.7902, val_f1: 0.6629
>>>>>>>>>>>>>>>>>>>>>>>>>>>>>>>>>>>>>>>>>>>>>>>>>>>>>>>>>>>>>>>>>>>>>>>>>>>>>>>>>>>>>>>>>>>>>>>>>>>>
epoch: 18
loss: 0.2724, acc: 0.9062
loss: 0.2150, acc: 0.9115
loss: 0.1825, acc: 0.9375
loss: 0.1693, acc: 0.9395
loss: 0.1663, acc: 0.9435
loss: 0.1762, acc: 0.9339
loss: 0.1722, acc: 0.9385
loss: 0.1701, acc: 0.9410
loss: 0.1665, acc: 0.9436
loss: 0.1685, acc: 0.9423
loss: 0.1681, acc: 0.9412
loss: 0.1673, acc: 0.9425
loss: 0.1658, acc: 0.9431
loss: 0.1614, acc: 0.9465
loss: 0.1643, acc: 0.9454
loss: 0.1650, acc: 0.9449
loss: 0.1643, acc: 0.9444
loss: 0.1619, acc: 0.9466
loss: 0.1626, acc: 0.9461
loss: 0.1643, acc: 0.9456
loss: 0.1625, acc: 0.9465
loss: 0.1609, acc: 0.9475
loss: 0.1613, acc: 0.9468
> val_acc: 0.7875, val_f1: 0.6553
>>>>>>>>>>>>>>>>>>>>>>>>>>>>>>>>>>>>>>>>>>>>>>>>>>>>>>>>>>>>>>>>>>>>>>>>>>>>>>>>>>>>>>>>>>>>>>>>>>>>
epoch: 19
loss: 0.1612, acc: 0.9583
loss: 0.1476, acc: 0.9609
loss: 0.1526, acc: 0.9591
loss: 0.1450, acc: 0.9601
loss: 0.1480, acc: 0.9606
loss: 0.1535, acc: 0.9587
loss: 0.1495, acc: 0.9602
loss: 0.1535, acc: 0.9597
loss: 0.1524, acc: 0.9608
loss: 0.1547, acc: 0.9577
loss: 0.1583, acc: 0.9540
loss: 0.1555, acc: 0.9537
loss: 0.1530, acc: 0.9554
loss: 0.1545, acc: 0.9554
loss: 0.1555, acc: 0.9551
loss: 0.1546, acc: 0.9555
loss: 0.1545, acc: 0.9552
loss: 0.1559, acc: 0.9538
loss: 0.1582, acc: 0.9533
loss: 0.1569, acc: 0.9541
loss: 0.1571, acc: 0.9533
loss: 0.1610, acc: 0.9499
loss: 0.1601, acc: 0.9507
> val_acc: 0.7920, val_f1: 0.6642
>>>>>>>>>>>>>>>>>>>>>>>>>>>>>>>>>>>>>>>>>>>>>>>>>>>>>>>>>>>>>>>>>>>>>>>>>>>>>>>>>>>>>>>>>>>>>>>>>>>>
epoch: 20
loss: 0.1634, acc: 0.9500
loss: 0.1641, acc: 0.9594
loss: 0.1534, acc: 0.9646
loss: 0.1408, acc: 0.9656
loss: 0.1434, acc: 0.9613
loss: 0.1444, acc: 0.9604
loss: 0.1429, acc: 0.9625
loss: 0.1433, acc: 0.9641
loss: 0.1447, acc: 0.9611
loss: 0.1462, acc: 0.9594
loss: 0.1465, acc: 0.9585
loss: 0.1470, acc: 0.9583
loss: 0.1479, acc: 0.9591
loss: 0.1464, acc: 0.9585
loss: 0.1459, acc: 0.9587
loss: 0.1445, acc: 0.9594
loss: 0.1432, acc: 0.9592
loss: 0.1447, acc: 0.9580
loss: 0.1438, acc: 0.9579
loss: 0.1446, acc: 0.9575
loss: 0.1476, acc: 0.9551
loss: 0.1462, acc: 0.9554
> val_acc: 0.7857, val_f1: 0.6524
>>>>>>>>>>>>>>>>>>>>>>>>>>>>>>>>>>>>>>>>>>>>>>>>>>>>>>>>>>>>>>>>>>>>>>>>>>>>>>>>>>>>>>>>>>>>>>>>>>>>
epoch: 21
loss: 0.1130, acc: 0.9688
loss: 0.1246, acc: 0.9598
loss: 0.1365, acc: 0.9635
loss: 0.1294, acc: 0.9614
loss: 0.1304, acc: 0.9631
loss: 0.1293, acc: 0.9653
loss: 0.1333, acc: 0.9629
loss: 0.1341, acc: 0.9620
loss: 0.1366, acc: 0.9598
loss: 0.1402, acc: 0.9561
loss: 0.1425, acc: 0.9555
loss: 0.1445, acc: 0.9556
loss: 0.1414, acc: 0.9567
loss: 0.1425, acc: 0.9562
loss: 0.1456, acc: 0.9544
loss: 0.1473, acc: 0.9533
loss: 0.1472, acc: 0.9535
loss: 0.1464, acc: 0.9533
loss: 0.1483, acc: 0.9528
loss: 0.1485, acc: 0.9533
loss: 0.1491, acc: 0.9534
loss: 0.1478, acc: 0.9541
loss: 0.1479, acc: 0.9540
> val_acc: 0.7902, val_f1: 0.6670
>>>>>>>>>>>>>>>>>>>>>>>>>>>>>>>>>>>>>>>>>>>>>>>>>>>>>>>>>>>>>>>>>>>>>>>>>>>>>>>>>>>>>>>>>>>>>>>>>>>>
epoch: 22
loss: 0.1414, acc: 0.9609
loss: 0.1143, acc: 0.9792
loss: 0.1116, acc: 0.9799
loss: 0.1151, acc: 0.9770
loss: 0.1243, acc: 0.9688
loss: 0.1336, acc: 0.9634
loss: 0.1329, acc: 0.9632
loss: 0.1302, acc: 0.9639
loss: 0.1325, acc: 0.9631
loss: 0.1332, acc: 0.9617
loss: 0.1357, acc: 0.9595
loss: 0.1354, acc: 0.9597
loss: 0.1398, acc: 0.9580
loss: 0.1407, acc: 0.9579
loss: 0.1409, acc: 0.9578
loss: 0.1416, acc: 0.9565
loss: 0.1450, acc: 0.9557
loss: 0.1457, acc: 0.9551
loss: 0.1450, acc: 0.9551
loss: 0.1466, acc: 0.9542
loss: 0.1462, acc: 0.9549
loss: 0.1475, acc: 0.9538
> val_acc: 0.7884, val_f1: 0.6575
>>>>>>>>>>>>>>>>>>>>>>>>>>>>>>>>>>>>>>>>>>>>>>>>>>>>>>>>>>>>>>>>>>>>>>>>>>>>>>>>>>>>>>>>>>>>>>>>>>>>
epoch: 23
loss: 0.1954, acc: 0.9062
loss: 0.1147, acc: 0.9635
loss: 0.1200, acc: 0.9631
loss: 0.1240, acc: 0.9609
loss: 0.1230, acc: 0.9643
loss: 0.1284, acc: 0.9603
loss: 0.1269, acc: 0.9617
loss: 0.1291, acc: 0.9601
loss: 0.1262, acc: 0.9619
loss: 0.1292, acc: 0.9606
loss: 0.1320, acc: 0.9583
loss: 0.1321, acc: 0.9598
loss: 0.1322, acc: 0.9595
loss: 0.1313, acc: 0.9598
loss: 0.1334, acc: 0.9577
loss: 0.1349, acc: 0.9568
loss: 0.1345, acc: 0.9568
loss: 0.1331, acc: 0.9578
loss: 0.1345, acc: 0.9567
loss: 0.1343, acc: 0.9564
loss: 0.1356, acc: 0.9558
loss: 0.1383, acc: 0.9540
loss: 0.1403, acc: 0.9524
> val_acc: 0.7884, val_f1: 0.6576
>>>>>>>>>>>>>>>>>>>>>>>>>>>>>>>>>>>>>>>>>>>>>>>>>>>>>>>>>>>>>>>>>>>>>>>>>>>>>>>>>>>>>>>>>>>>>>>>>>>>
epoch: 24
loss: 0.0776, acc: 0.9792
loss: 0.0689, acc: 0.9922
loss: 0.0956, acc: 0.9856
loss: 0.1069, acc: 0.9774
loss: 0.1128, acc: 0.9742
loss: 0.1242, acc: 0.9665
loss: 0.1223, acc: 0.9659
loss: 0.1218, acc: 0.9646
loss: 0.1218, acc: 0.9644
loss: 0.1199, acc: 0.9635
loss: 0.1197, acc: 0.9640
loss: 0.1217, acc: 0.9617
loss: 0.1253, acc: 0.9608
loss: 0.1272, acc: 0.9596
loss: 0.1321, acc: 0.9572
loss: 0.1287, acc: 0.9587
loss: 0.1284, acc: 0.9582
loss: 0.1289, acc: 0.9581
loss: 0.1295, acc: 0.9587
loss: 0.1311, acc: 0.9576
loss: 0.1309, acc: 0.9581
loss: 0.1316, acc: 0.9572
loss: 0.1301, acc: 0.9584
> val_acc: 0.7839, val_f1: 0.6579
>>>>>>>>>>>>>>>>>>>>>>>>>>>>>>>>>>>>>>>>>>>>>>>>>>>>>>>>>>>>>>>>>>>>>>>>>>>>>>>>>>>>>>>>>>>>>>>>>>>>
epoch: 25
loss: 0.1124, acc: 0.9625
loss: 0.1123, acc: 0.9719
loss: 0.1102, acc: 0.9729
loss: 0.1179, acc: 0.9688
loss: 0.1157, acc: 0.9675
loss: 0.1195, acc: 0.9646
loss: 0.1200, acc: 0.9661
loss: 0.1204, acc: 0.9641
loss: 0.1180, acc: 0.9660
loss: 0.1212, acc: 0.9644
loss: 0.1231, acc: 0.9642
loss: 0.1199, acc: 0.9672
loss: 0.1207, acc: 0.9668
loss: 0.1191, acc: 0.9683
loss: 0.1201, acc: 0.9667
loss: 0.1229, acc: 0.9645
loss: 0.1220, acc: 0.9651
loss: 0.1244, acc: 0.9628
loss: 0.1255, acc: 0.9628
loss: 0.1247, acc: 0.9631
loss: 0.1268, acc: 0.9616
loss: 0.1271, acc: 0.9614
> val_acc: 0.7866, val_f1: 0.6521
>>>>>>>>>>>>>>>>>>>>>>>>>>>>>>>>>>>>>>>>>>>>>>>>>>>>>>>>>>>>>>>>>>>>>>>>>>>>>>>>>>>>>>>>>>>>>>>>>>>>
epoch: 26
loss: 0.0904, acc: 0.9688
loss: 0.1118, acc: 0.9643
loss: 0.1188, acc: 0.9609
loss: 0.1174, acc: 0.9688
loss: 0.1198, acc: 0.9631
loss: 0.1211, acc: 0.9618
loss: 0.1269, acc: 0.9609
loss: 0.1241, acc: 0.9628
loss: 0.1311, acc: 0.9591
loss: 0.1298, acc: 0.9581
loss: 0.1280, acc: 0.9573
loss: 0.1269, acc: 0.9583
loss: 0.1261, acc: 0.9587
loss: 0.1257, acc: 0.9585
loss: 0.1239, acc: 0.9605
loss: 0.1237, acc: 0.9590
loss: 0.1239, acc: 0.9592
loss: 0.1253, acc: 0.9591
loss: 0.1252, acc: 0.9592
loss: 0.1290, acc: 0.9572
loss: 0.1316, acc: 0.9559
loss: 0.1326, acc: 0.9562
loss: 0.1331, acc: 0.9556
> val_acc: 0.7821, val_f1: 0.6477
>>>>>>>>>>>>>>>>>>>>>>>>>>>>>>>>>>>>>>>>>>>>>>>>>>>>>>>>>>>>>>>>>>>>>>>>>>>>>>>>>>>>>>>>>>>>>>>>>>>>
epoch: 27
loss: 0.1401, acc: 0.9375
loss: 0.1027, acc: 0.9688
loss: 0.1032, acc: 0.9754
loss: 0.1136, acc: 0.9720
loss: 0.1156, acc: 0.9674
loss: 0.1114, acc: 0.9709
loss: 0.1128, acc: 0.9688
loss: 0.1190, acc: 0.9655
loss: 0.1200, acc: 0.9659
loss: 0.1242, acc: 0.9630
loss: 0.1198, acc: 0.9653
loss: 0.1188, acc: 0.9661
loss: 0.1215, acc: 0.9634
loss: 0.1225, acc: 0.9629
loss: 0.1211, acc: 0.9637
loss: 0.1199, acc: 0.9636
loss: 0.1196, acc: 0.9639
loss: 0.1197, acc: 0.9645
loss: 0.1198, acc: 0.9644
loss: 0.1204, acc: 0.9634
loss: 0.1251, acc: 0.9612
loss: 0.1275, acc: 0.9590
> val_acc: 0.7929, val_f1: 0.6661
>>>>>>>>>>>>>>>>>>>>>>>>>>>>>>>>>>>>>>>>>>>>>>>>>>>>>>>>>>>>>>>>>>>>>>>>>>>>>>>>>>>>>>>>>>>>>>>>>>>>
epoch: 28
loss: 0.1149, acc: 0.9688
loss: 0.1074, acc: 0.9688
loss: 0.1004, acc: 0.9773
loss: 0.1017, acc: 0.9766
loss: 0.0996, acc: 0.9762
loss: 0.0961, acc: 0.9772
loss: 0.1031, acc: 0.9748
loss: 0.1070, acc: 0.9722
loss: 0.1074, acc: 0.9710
loss: 0.1078, acc: 0.9701
loss: 0.1100, acc: 0.9694
loss: 0.1121, acc: 0.9682
loss: 0.1123, acc: 0.9677
loss: 0.1112, acc: 0.9688
loss: 0.1121, acc: 0.9683
loss: 0.1140, acc: 0.9675
loss: 0.1140, acc: 0.9680
loss: 0.1140, acc: 0.9680
loss: 0.1138, acc: 0.9677
loss: 0.1167, acc: 0.9658
loss: 0.1172, acc: 0.9650
loss: 0.1167, acc: 0.9652
loss: 0.1183, acc: 0.9642
> val_acc: 0.7875, val_f1: 0.6642
>>>>>>>>>>>>>>>>>>>>>>>>>>>>>>>>>>>>>>>>>>>>>>>>>>>>>>>>>>>>>>>>>>>>>>>>>>>>>>>>>>>>>>>>>>>>>>>>>>>>
epoch: 29
loss: 0.0658, acc: 1.0000
loss: 0.0932, acc: 0.9922
loss: 0.1043, acc: 0.9808
loss: 0.1247, acc: 0.9705
loss: 0.1167, acc: 0.9728
loss: 0.1155, acc: 0.9732
loss: 0.1186, acc: 0.9716
loss: 0.1191, acc: 0.9704
loss: 0.1130, acc: 0.9724
loss: 0.1136, acc: 0.9720
loss: 0.1170, acc: 0.9688
loss: 0.1251, acc: 0.9639
loss: 0.1259, acc: 0.9628
loss: 0.1259, acc: 0.9628
loss: 0.1237, acc: 0.9640
loss: 0.1231, acc: 0.9647
loss: 0.1246, acc: 0.9639
loss: 0.1247, acc: 0.9634
loss: 0.1258, acc: 0.9624
loss: 0.1252, acc: 0.9621
loss: 0.1267, acc: 0.9621
loss: 0.1262, acc: 0.9621
loss: 0.1258, acc: 0.9626
> val_acc: 0.7929, val_f1: 0.6671
>> test_acc: 0.7955, test_f1: 0.6746
