cuda memory allocated: 13804544
n_trainable_params: 2566403, n_nontrainable_params: 882400
> training arguments:
>>> model_name: gc_ian
>>> model_ver: 3
>>> dataset: restaurant
>>> optimizer: <class 'torch.optim.adagrad.Adagrad'>
>>> initializer: <function xavier_uniform_ at 0x000001D2B60876A8>
>>> learning_rate: 0.01
>>> momentum: 0.95
>>> dropout: 0.5
>>> l2reg: 5e-05
>>> num_epoch: 30
>>> batch_size: 32
>>> log_step: 5
>>> embed_dim: 200
>>> hidden_dim: 300
>>> bert_dim: 768
>>> pretrained_bert_name: bert-base-uncased
>>> embeddings: gd
>>> max_seq_len: 80
>>> polarities_dim: 3
>>> hops: 3
>>> device: cuda
>>> seed: 10
>>> valset_ratio: 0
>>> num_layers: 1
>>> in_channels: 100
>>> out_channels: 1
>>> downbot: 20
>>> kernel_size: 3
>>> glove_path: ./embeddings/glove.840B.300d.txt
>>> embedding_matrix_path: gen_data/embeddings/200_restaurant_glove_domain_embedding_matrix.dat
>>> model_class: <class 'models.gc_ian.GC_IAN3'>
>>> dataset_file: {'train': './datasets/semeval14/Restaurants_Train.xml.seg', 'test': './datasets/semeval14/Restaurants_Test_Gold.xml.seg'}
>>> inputs_cols: ['text_raw_indices', 'aspect_indices']
>>>>>>>>>>>>>>>>>>>>>>>>>>>>>>>>>>>>>>>>>>>>>>>>>>>>>>>>>>>>>>>>>>>>>>>>>>>>>>>>>>>>>>>>>>>>>>>>>>>>
epoch: 0
loss: 2.3028, acc: 0.4062
loss: 1.6591, acc: 0.4781
loss: 1.4294, acc: 0.5188
loss: 1.3102, acc: 0.5234
loss: 1.2258, acc: 0.5387
loss: 1.1375, acc: 0.5740
loss: 1.1053, acc: 0.5759
loss: 1.0742, acc: 0.5797
loss: 1.0380, acc: 0.5931
loss: 1.0102, acc: 0.6012
loss: 0.9860, acc: 0.6085
loss: 0.9683, acc: 0.6161
loss: 0.9491, acc: 0.6260
loss: 0.9380, acc: 0.6295
loss: 0.9268, acc: 0.6321
loss: 0.9123, acc: 0.6367
loss: 0.8956, acc: 0.6423
loss: 0.8829, acc: 0.6465
loss: 0.8749, acc: 0.6503
loss: 0.8627, acc: 0.6559
loss: 0.8534, acc: 0.6607
loss: 0.8476, acc: 0.6625
> val_acc: 0.7759, val_f1: 0.6317
>> saved: state_dict/gc_ian_restaurant_val_acc0.7759
>>>>>>>>>>>>>>>>>>>>>>>>>>>>>>>>>>>>>>>>>>>>>>>>>>>>>>>>>>>>>>>>>>>>>>>>>>>>>>>>>>>>>>>>>>>>>>>>>>>>
epoch: 1
loss: 0.5426, acc: 0.8125
loss: 0.5970, acc: 0.7812
loss: 0.5860, acc: 0.7682
loss: 0.5794, acc: 0.7739
loss: 0.5874, acc: 0.7670
loss: 0.5737, acc: 0.7743
loss: 0.5801, acc: 0.7725
loss: 0.5742, acc: 0.7770
loss: 0.5725, acc: 0.7746
loss: 0.5645, acc: 0.7786
loss: 0.5611, acc: 0.7812
loss: 0.5656, acc: 0.7812
loss: 0.5640, acc: 0.7818
loss: 0.5679, acc: 0.7817
loss: 0.5695, acc: 0.7830
loss: 0.5661, acc: 0.7849
loss: 0.5631, acc: 0.7877
loss: 0.5649, acc: 0.7874
loss: 0.5576, acc: 0.7911
loss: 0.5559, acc: 0.7919
loss: 0.5573, acc: 0.7911
loss: 0.5574, acc: 0.7912
loss: 0.5543, acc: 0.7910
> val_acc: 0.7911, val_f1: 0.6731
>> saved: state_dict/gc_ian_restaurant_val_acc0.7911
>>>>>>>>>>>>>>>>>>>>>>>>>>>>>>>>>>>>>>>>>>>>>>>>>>>>>>>>>>>>>>>>>>>>>>>>>>>>>>>>>>>>>>>>>>>>>>>>>>>>
epoch: 2
loss: 0.4777, acc: 0.8125
loss: 0.4673, acc: 0.8160
loss: 0.4478, acc: 0.8281
loss: 0.4524, acc: 0.8257
loss: 0.4629, acc: 0.8242
loss: 0.4792, acc: 0.8233
loss: 0.4850, acc: 0.8143
loss: 0.4907, acc: 0.8093
loss: 0.4860, acc: 0.8097
loss: 0.4798, acc: 0.8138
loss: 0.4803, acc: 0.8113
loss: 0.4818, acc: 0.8088
loss: 0.4781, acc: 0.8135
loss: 0.4799, acc: 0.8098
loss: 0.4811, acc: 0.8100
loss: 0.4861, acc: 0.8066
loss: 0.4885, acc: 0.8039
loss: 0.4879, acc: 0.8062
loss: 0.4866, acc: 0.8059
loss: 0.4855, acc: 0.8074
loss: 0.4841, acc: 0.8098
loss: 0.4834, acc: 0.8108
> val_acc: 0.7884, val_f1: 0.6667
>>>>>>>>>>>>>>>>>>>>>>>>>>>>>>>>>>>>>>>>>>>>>>>>>>>>>>>>>>>>>>>>>>>>>>>>>>>>>>>>>>>>>>>>>>>>>>>>>>>>
epoch: 3
loss: 0.2788, acc: 0.9688
loss: 0.4453, acc: 0.8438
loss: 0.4399, acc: 0.8551
loss: 0.4288, acc: 0.8516
loss: 0.4157, acc: 0.8601
loss: 0.4042, acc: 0.8630
loss: 0.4012, acc: 0.8639
loss: 0.4009, acc: 0.8620
loss: 0.3984, acc: 0.8636
loss: 0.3991, acc: 0.8621
loss: 0.4066, acc: 0.8585
loss: 0.4058, acc: 0.8588
loss: 0.4070, acc: 0.8560
loss: 0.4075, acc: 0.8556
loss: 0.4132, acc: 0.8512
loss: 0.4108, acc: 0.8520
loss: 0.4131, acc: 0.8507
loss: 0.4125, acc: 0.8503
loss: 0.4122, acc: 0.8486
loss: 0.4109, acc: 0.8493
loss: 0.4120, acc: 0.8478
loss: 0.4111, acc: 0.8482
loss: 0.4125, acc: 0.8485
> val_acc: 0.7920, val_f1: 0.6649
>> saved: state_dict/gc_ian_restaurant_val_acc0.792
>>>>>>>>>>>>>>>>>>>>>>>>>>>>>>>>>>>>>>>>>>>>>>>>>>>>>>>>>>>>>>>>>>>>>>>>>>>>>>>>>>>>>>>>>>>>>>>>>>>>
epoch: 4
loss: 0.3485, acc: 0.8646
loss: 0.3431, acc: 0.8789
loss: 0.3332, acc: 0.8846
loss: 0.3303, acc: 0.8854
loss: 0.3374, acc: 0.8777
loss: 0.3638, acc: 0.8661
loss: 0.3515, acc: 0.8769
loss: 0.3481, acc: 0.8775
loss: 0.3539, acc: 0.8721
loss: 0.3627, acc: 0.8665
loss: 0.3629, acc: 0.8679
loss: 0.3656, acc: 0.8653
loss: 0.3647, acc: 0.8690
loss: 0.3683, acc: 0.8676
loss: 0.3662, acc: 0.8677
loss: 0.3706, acc: 0.8654
loss: 0.3712, acc: 0.8660
loss: 0.3666, acc: 0.8679
loss: 0.3685, acc: 0.8676
loss: 0.3695, acc: 0.8673
loss: 0.3710, acc: 0.8656
loss: 0.3714, acc: 0.8657
loss: 0.3714, acc: 0.8675
> val_acc: 0.7893, val_f1: 0.6721
>>>>>>>>>>>>>>>>>>>>>>>>>>>>>>>>>>>>>>>>>>>>>>>>>>>>>>>>>>>>>>>>>>>>>>>>>>>>>>>>>>>>>>>>>>>>>>>>>>>>
epoch: 5
loss: 0.2767, acc: 0.9062
loss: 0.3011, acc: 0.8906
loss: 0.3145, acc: 0.8854
loss: 0.3198, acc: 0.8828
loss: 0.3285, acc: 0.8700
loss: 0.3266, acc: 0.8740
loss: 0.3227, acc: 0.8768
loss: 0.3184, acc: 0.8805
loss: 0.3289, acc: 0.8757
loss: 0.3202, acc: 0.8800
loss: 0.3239, acc: 0.8767
loss: 0.3218, acc: 0.8786
loss: 0.3218, acc: 0.8798
loss: 0.3251, acc: 0.8804
loss: 0.3260, acc: 0.8800
loss: 0.3276, acc: 0.8809
loss: 0.3258, acc: 0.8809
loss: 0.3230, acc: 0.8826
loss: 0.3255, acc: 0.8812
loss: 0.3262, acc: 0.8812
loss: 0.3301, acc: 0.8798
loss: 0.3321, acc: 0.8790
> val_acc: 0.7920, val_f1: 0.6633
>>>>>>>>>>>>>>>>>>>>>>>>>>>>>>>>>>>>>>>>>>>>>>>>>>>>>>>>>>>>>>>>>>>>>>>>>>>>>>>>>>>>>>>>>>>>>>>>>>>>
epoch: 6
loss: 0.2253, acc: 0.9219
loss: 0.2505, acc: 0.9062
loss: 0.2550, acc: 0.9141
loss: 0.2513, acc: 0.9246
loss: 0.2586, acc: 0.9176
loss: 0.2696, acc: 0.9097
loss: 0.2813, acc: 0.8984
loss: 0.2832, acc: 0.8995
loss: 0.2883, acc: 0.8929
loss: 0.2915, acc: 0.8903
loss: 0.2907, acc: 0.8894
loss: 0.2915, acc: 0.8914
loss: 0.2934, acc: 0.8916
loss: 0.2918, acc: 0.8913
loss: 0.2900, acc: 0.8928
loss: 0.2911, acc: 0.8916
loss: 0.2934, acc: 0.8925
loss: 0.2905, acc: 0.8944
loss: 0.2969, acc: 0.8906
loss: 0.2981, acc: 0.8901
loss: 0.3020, acc: 0.8885
loss: 0.3036, acc: 0.8870
loss: 0.3063, acc: 0.8848
> val_acc: 0.7866, val_f1: 0.6499
>>>>>>>>>>>>>>>>>>>>>>>>>>>>>>>>>>>>>>>>>>>>>>>>>>>>>>>>>>>>>>>>>>>>>>>>>>>>>>>>>>>>>>>>>>>>>>>>>>>>
epoch: 7
loss: 0.3215, acc: 0.8906
loss: 0.2710, acc: 0.9132
loss: 0.2828, acc: 0.9018
loss: 0.2829, acc: 0.9046
loss: 0.2860, acc: 0.9010
loss: 0.2854, acc: 0.9009
loss: 0.2902, acc: 0.8980
loss: 0.2895, acc: 0.8974
loss: 0.2855, acc: 0.8970
loss: 0.2841, acc: 0.8992
loss: 0.2853, acc: 0.8999
loss: 0.2921, acc: 0.8978
loss: 0.2898, acc: 0.8984
loss: 0.2889, acc: 0.8976
loss: 0.2938, acc: 0.8944
loss: 0.2921, acc: 0.8940
loss: 0.2878, acc: 0.8966
loss: 0.2875, acc: 0.8961
loss: 0.2843, acc: 0.8976
loss: 0.2890, acc: 0.8955
loss: 0.2877, acc: 0.8969
loss: 0.2868, acc: 0.8968
> val_acc: 0.7964, val_f1: 0.6811
>> saved: state_dict/gc_ian_restaurant_val_acc0.7964
>>>>>>>>>>>>>>>>>>>>>>>>>>>>>>>>>>>>>>>>>>>>>>>>>>>>>>>>>>>>>>>>>>>>>>>>>>>>>>>>>>>>>>>>>>>>>>>>>>>>
epoch: 8
loss: 0.2259, acc: 0.9375
loss: 0.2764, acc: 0.9219
loss: 0.2598, acc: 0.9233
loss: 0.2512, acc: 0.9199
loss: 0.2663, acc: 0.9107
loss: 0.2513, acc: 0.9147
loss: 0.2491, acc: 0.9183
loss: 0.2537, acc: 0.9184
loss: 0.2492, acc: 0.9184
loss: 0.2536, acc: 0.9151
loss: 0.2559, acc: 0.9130
loss: 0.2577, acc: 0.9124
loss: 0.2581, acc: 0.9129
loss: 0.2572, acc: 0.9129
loss: 0.2555, acc: 0.9151
loss: 0.2510, acc: 0.9169
loss: 0.2517, acc: 0.9163
loss: 0.2516, acc: 0.9157
loss: 0.2525, acc: 0.9162
loss: 0.2570, acc: 0.9134
loss: 0.2566, acc: 0.9124
loss: 0.2567, acc: 0.9113
loss: 0.2562, acc: 0.9113
> val_acc: 0.7893, val_f1: 0.6568
>>>>>>>>>>>>>>>>>>>>>>>>>>>>>>>>>>>>>>>>>>>>>>>>>>>>>>>>>>>>>>>>>>>>>>>>>>>>>>>>>>>>>>>>>>>>>>>>>>>>
epoch: 9
loss: 0.2734, acc: 0.8958
loss: 0.2459, acc: 0.9141
loss: 0.2508, acc: 0.9135
loss: 0.2425, acc: 0.9184
loss: 0.2359, acc: 0.9253
loss: 0.2352, acc: 0.9230
loss: 0.2291, acc: 0.9280
loss: 0.2329, acc: 0.9252
loss: 0.2358, acc: 0.9237
loss: 0.2321, acc: 0.9232
loss: 0.2398, acc: 0.9216
loss: 0.2400, acc: 0.9192
loss: 0.2458, acc: 0.9172
loss: 0.2496, acc: 0.9159
loss: 0.2493, acc: 0.9157
loss: 0.2513, acc: 0.9131
loss: 0.2530, acc: 0.9119
loss: 0.2538, acc: 0.9126
loss: 0.2524, acc: 0.9126
loss: 0.2511, acc: 0.9126
loss: 0.2494, acc: 0.9132
loss: 0.2470, acc: 0.9144
loss: 0.2474, acc: 0.9155
> val_acc: 0.7920, val_f1: 0.6669
>>>>>>>>>>>>>>>>>>>>>>>>>>>>>>>>>>>>>>>>>>>>>>>>>>>>>>>>>>>>>>>>>>>>>>>>>>>>>>>>>>>>>>>>>>>>>>>>>>>>
epoch: 10
loss: 0.2120, acc: 0.9437
loss: 0.1961, acc: 0.9469
loss: 0.2048, acc: 0.9417
loss: 0.2048, acc: 0.9359
loss: 0.2024, acc: 0.9375
loss: 0.2053, acc: 0.9375
loss: 0.2060, acc: 0.9375
loss: 0.2158, acc: 0.9344
loss: 0.2151, acc: 0.9333
loss: 0.2166, acc: 0.9325
loss: 0.2142, acc: 0.9352
loss: 0.2183, acc: 0.9323
loss: 0.2208, acc: 0.9322
loss: 0.2240, acc: 0.9286
loss: 0.2221, acc: 0.9304
loss: 0.2214, acc: 0.9293
loss: 0.2234, acc: 0.9294
loss: 0.2249, acc: 0.9285
loss: 0.2236, acc: 0.9276
loss: 0.2257, acc: 0.9256
loss: 0.2273, acc: 0.9247
loss: 0.2287, acc: 0.9253
> val_acc: 0.7911, val_f1: 0.6600
>>>>>>>>>>>>>>>>>>>>>>>>>>>>>>>>>>>>>>>>>>>>>>>>>>>>>>>>>>>>>>>>>>>>>>>>>>>>>>>>>>>>>>>>>>>>>>>>>>>>
epoch: 11
loss: 0.2940, acc: 0.9062
loss: 0.2154, acc: 0.9375
loss: 0.2345, acc: 0.9245
loss: 0.2379, acc: 0.9210
loss: 0.2294, acc: 0.9276
loss: 0.2233, acc: 0.9329
loss: 0.2183, acc: 0.9326
loss: 0.2186, acc: 0.9316
loss: 0.2168, acc: 0.9323
loss: 0.2221, acc: 0.9309
loss: 0.2171, acc: 0.9339
loss: 0.2196, acc: 0.9320
loss: 0.2176, acc: 0.9320
loss: 0.2154, acc: 0.9338
loss: 0.2152, acc: 0.9332
loss: 0.2146, acc: 0.9343
loss: 0.2124, acc: 0.9345
loss: 0.2143, acc: 0.9335
loss: 0.2115, acc: 0.9358
loss: 0.2122, acc: 0.9346
loss: 0.2120, acc: 0.9344
loss: 0.2115, acc: 0.9340
loss: 0.2104, acc: 0.9339
> val_acc: 0.7866, val_f1: 0.6535
>>>>>>>>>>>>>>>>>>>>>>>>>>>>>>>>>>>>>>>>>>>>>>>>>>>>>>>>>>>>>>>>>>>>>>>>>>>>>>>>>>>>>>>>>>>>>>>>>>>>
epoch: 12
loss: 0.1659, acc: 0.9453
loss: 0.1790, acc: 0.9444
loss: 0.1876, acc: 0.9420
loss: 0.1779, acc: 0.9474
loss: 0.1885, acc: 0.9414
loss: 0.1945, acc: 0.9407
loss: 0.1922, acc: 0.9403
loss: 0.1905, acc: 0.9415
loss: 0.1839, acc: 0.9446
loss: 0.1794, acc: 0.9490
loss: 0.1832, acc: 0.9468
loss: 0.1841, acc: 0.9454
loss: 0.1835, acc: 0.9453
loss: 0.1852, acc: 0.9452
loss: 0.1929, acc: 0.9392
loss: 0.1985, acc: 0.9363
loss: 0.1975, acc: 0.9375
loss: 0.1966, acc: 0.9371
loss: 0.1983, acc: 0.9362
loss: 0.1992, acc: 0.9356
loss: 0.1999, acc: 0.9342
loss: 0.1993, acc: 0.9332
> val_acc: 0.7875, val_f1: 0.6562
>>>>>>>>>>>>>>>>>>>>>>>>>>>>>>>>>>>>>>>>>>>>>>>>>>>>>>>>>>>>>>>>>>>>>>>>>>>>>>>>>>>>>>>>>>>>>>>>>>>>
epoch: 13
loss: 0.1164, acc: 0.9688
loss: 0.1827, acc: 0.9323
loss: 0.1970, acc: 0.9290
loss: 0.1957, acc: 0.9355
loss: 0.2018, acc: 0.9330
loss: 0.2012, acc: 0.9351
loss: 0.1975, acc: 0.9355
loss: 0.1980, acc: 0.9340
loss: 0.1978, acc: 0.9337
loss: 0.1969, acc: 0.9348
loss: 0.1963, acc: 0.9344
loss: 0.1980, acc: 0.9336
loss: 0.1981, acc: 0.9319
loss: 0.1982, acc: 0.9328
loss: 0.1986, acc: 0.9327
loss: 0.1951, acc: 0.9338
loss: 0.1944, acc: 0.9344
loss: 0.1961, acc: 0.9331
loss: 0.1943, acc: 0.9327
loss: 0.1933, acc: 0.9333
loss: 0.1932, acc: 0.9344
loss: 0.1946, acc: 0.9334
loss: 0.1938, acc: 0.9344
> val_acc: 0.7875, val_f1: 0.6546
>>>>>>>>>>>>>>>>>>>>>>>>>>>>>>>>>>>>>>>>>>>>>>>>>>>>>>>>>>>>>>>>>>>>>>>>>>>>>>>>>>>>>>>>>>>>>>>>>>>>
epoch: 14
loss: 0.1826, acc: 0.9375
loss: 0.1779, acc: 0.9219
loss: 0.1807, acc: 0.9279
loss: 0.1804, acc: 0.9340
loss: 0.1824, acc: 0.9361
loss: 0.1774, acc: 0.9408
loss: 0.1795, acc: 0.9394
loss: 0.1807, acc: 0.9391
loss: 0.1880, acc: 0.9353
loss: 0.1820, acc: 0.9382
loss: 0.1848, acc: 0.9363
loss: 0.1832, acc: 0.9370
loss: 0.1865, acc: 0.9370
loss: 0.1864, acc: 0.9370
loss: 0.1853, acc: 0.9384
loss: 0.1863, acc: 0.9375
loss: 0.1864, acc: 0.9379
loss: 0.1844, acc: 0.9386
loss: 0.1823, acc: 0.9399
loss: 0.1826, acc: 0.9401
loss: 0.1835, acc: 0.9399
loss: 0.1835, acc: 0.9401
loss: 0.1852, acc: 0.9396
> val_acc: 0.7893, val_f1: 0.6690
>>>>>>>>>>>>>>>>>>>>>>>>>>>>>>>>>>>>>>>>>>>>>>>>>>>>>>>>>>>>>>>>>>>>>>>>>>>>>>>>>>>>>>>>>>>>>>>>>>>>
epoch: 15
loss: 0.1869, acc: 0.9313
loss: 0.1943, acc: 0.9344
loss: 0.1803, acc: 0.9437
loss: 0.1701, acc: 0.9484
loss: 0.1686, acc: 0.9437
loss: 0.1612, acc: 0.9500
loss: 0.1635, acc: 0.9500
loss: 0.1614, acc: 0.9500
loss: 0.1625, acc: 0.9514
loss: 0.1652, acc: 0.9513
loss: 0.1685, acc: 0.9477
loss: 0.1673, acc: 0.9484
loss: 0.1729, acc: 0.9457
loss: 0.1775, acc: 0.9437
loss: 0.1821, acc: 0.9429
loss: 0.1816, acc: 0.9441
loss: 0.1812, acc: 0.9434
loss: 0.1814, acc: 0.9434
loss: 0.1790, acc: 0.9444
loss: 0.1759, acc: 0.9459
loss: 0.1774, acc: 0.9461
loss: 0.1793, acc: 0.9452
> val_acc: 0.7866, val_f1: 0.6553
>>>>>>>>>>>>>>>>>>>>>>>>>>>>>>>>>>>>>>>>>>>>>>>>>>>>>>>>>>>>>>>>>>>>>>>>>>>>>>>>>>>>>>>>>>>>>>>>>>>>
epoch: 16
loss: 0.1075, acc: 0.9844
loss: 0.1630, acc: 0.9598
loss: 0.1703, acc: 0.9505
loss: 0.1620, acc: 0.9522
loss: 0.1640, acc: 0.9489
loss: 0.1643, acc: 0.9456
loss: 0.1586, acc: 0.9502
loss: 0.1582, acc: 0.9510
loss: 0.1602, acc: 0.9494
loss: 0.1664, acc: 0.9475
loss: 0.1689, acc: 0.9471
loss: 0.1681, acc: 0.9474
loss: 0.1661, acc: 0.9476
loss: 0.1640, acc: 0.9492
loss: 0.1627, acc: 0.9501
loss: 0.1639, acc: 0.9509
loss: 0.1627, acc: 0.9512
loss: 0.1680, acc: 0.9483
loss: 0.1687, acc: 0.9477
loss: 0.1680, acc: 0.9481
loss: 0.1694, acc: 0.9476
loss: 0.1692, acc: 0.9477
loss: 0.1692, acc: 0.9475
> val_acc: 0.7839, val_f1: 0.6559
>>>>>>>>>>>>>>>>>>>>>>>>>>>>>>>>>>>>>>>>>>>>>>>>>>>>>>>>>>>>>>>>>>>>>>>>>>>>>>>>>>>>>>>>>>>>>>>>>>>>
epoch: 17
loss: 0.1374, acc: 0.9531
loss: 0.1353, acc: 0.9583
loss: 0.1339, acc: 0.9598
loss: 0.1447, acc: 0.9572
loss: 0.1521, acc: 0.9583
loss: 0.1537, acc: 0.9580
loss: 0.1554, acc: 0.9568
loss: 0.1521, acc: 0.9591
loss: 0.1570, acc: 0.9553
loss: 0.1551, acc: 0.9566
loss: 0.1532, acc: 0.9566
loss: 0.1551, acc: 0.9539
loss: 0.1554, acc: 0.9526
loss: 0.1580, acc: 0.9502
loss: 0.1563, acc: 0.9514
loss: 0.1571, acc: 0.9517
loss: 0.1558, acc: 0.9528
loss: 0.1557, acc: 0.9529
loss: 0.1563, acc: 0.9525
loss: 0.1568, acc: 0.9523
loss: 0.1563, acc: 0.9522
loss: 0.1582, acc: 0.9504
> val_acc: 0.7911, val_f1: 0.6650
>>>>>>>>>>>>>>>>>>>>>>>>>>>>>>>>>>>>>>>>>>>>>>>>>>>>>>>>>>>>>>>>>>>>>>>>>>>>>>>>>>>>>>>>>>>>>>>>>>>>
epoch: 18
loss: 0.1742, acc: 0.9375
loss: 0.1848, acc: 0.9271
loss: 0.1671, acc: 0.9432
loss: 0.1642, acc: 0.9395
loss: 0.1622, acc: 0.9464
loss: 0.1515, acc: 0.9519
loss: 0.1473, acc: 0.9526
loss: 0.1470, acc: 0.9514
loss: 0.1518, acc: 0.9505
loss: 0.1471, acc: 0.9531
loss: 0.1518, acc: 0.9504
loss: 0.1529, acc: 0.9492
loss: 0.1506, acc: 0.9503
loss: 0.1527, acc: 0.9493
loss: 0.1531, acc: 0.9494
loss: 0.1570, acc: 0.9474
loss: 0.1571, acc: 0.9471
loss: 0.1573, acc: 0.9459
loss: 0.1577, acc: 0.9454
loss: 0.1554, acc: 0.9473
loss: 0.1555, acc: 0.9480
loss: 0.1562, acc: 0.9472
loss: 0.1620, acc: 0.9454
> val_acc: 0.7911, val_f1: 0.6663
>>>>>>>>>>>>>>>>>>>>>>>>>>>>>>>>>>>>>>>>>>>>>>>>>>>>>>>>>>>>>>>>>>>>>>>>>>>>>>>>>>>>>>>>>>>>>>>>>>>>
epoch: 19
loss: 0.1491, acc: 0.9583
loss: 0.1390, acc: 0.9570
loss: 0.1653, acc: 0.9471
loss: 0.1496, acc: 0.9549
loss: 0.1468, acc: 0.9592
loss: 0.1446, acc: 0.9587
loss: 0.1413, acc: 0.9612
loss: 0.1373, acc: 0.9622
loss: 0.1414, acc: 0.9615
loss: 0.1442, acc: 0.9583
loss: 0.1448, acc: 0.9570
loss: 0.1418, acc: 0.9574
loss: 0.1416, acc: 0.9568
loss: 0.1417, acc: 0.9573
loss: 0.1392, acc: 0.9589
loss: 0.1427, acc: 0.9575
loss: 0.1435, acc: 0.9567
loss: 0.1493, acc: 0.9556
loss: 0.1476, acc: 0.9567
loss: 0.1498, acc: 0.9554
loss: 0.1517, acc: 0.9548
loss: 0.1522, acc: 0.9537
loss: 0.1540, acc: 0.9515
> val_acc: 0.7902, val_f1: 0.6629
>>>>>>>>>>>>>>>>>>>>>>>>>>>>>>>>>>>>>>>>>>>>>>>>>>>>>>>>>>>>>>>>>>>>>>>>>>>>>>>>>>>>>>>>>>>>>>>>>>>>
epoch: 20
loss: 0.1482, acc: 0.9688
loss: 0.1433, acc: 0.9625
loss: 0.1436, acc: 0.9583
loss: 0.1435, acc: 0.9563
loss: 0.1365, acc: 0.9587
loss: 0.1426, acc: 0.9563
loss: 0.1401, acc: 0.9571
loss: 0.1382, acc: 0.9578
loss: 0.1391, acc: 0.9576
loss: 0.1360, acc: 0.9600
loss: 0.1371, acc: 0.9591
loss: 0.1354, acc: 0.9599
loss: 0.1323, acc: 0.9625
loss: 0.1351, acc: 0.9616
loss: 0.1362, acc: 0.9608
loss: 0.1375, acc: 0.9590
loss: 0.1416, acc: 0.9570
loss: 0.1463, acc: 0.9552
loss: 0.1467, acc: 0.9546
loss: 0.1480, acc: 0.9528
loss: 0.1488, acc: 0.9524
loss: 0.1492, acc: 0.9523
> val_acc: 0.7893, val_f1: 0.6615
>>>>>>>>>>>>>>>>>>>>>>>>>>>>>>>>>>>>>>>>>>>>>>>>>>>>>>>>>>>>>>>>>>>>>>>>>>>>>>>>>>>>>>>>>>>>>>>>>>>>
epoch: 21
loss: 0.0711, acc: 1.0000
loss: 0.1266, acc: 0.9598
loss: 0.1175, acc: 0.9661
loss: 0.1092, acc: 0.9688
loss: 0.1181, acc: 0.9645
loss: 0.1151, acc: 0.9676
loss: 0.1178, acc: 0.9658
loss: 0.1236, acc: 0.9628
loss: 0.1298, acc: 0.9576
loss: 0.1317, acc: 0.9568
loss: 0.1300, acc: 0.9579
loss: 0.1338, acc: 0.9572
loss: 0.1333, acc: 0.9567
loss: 0.1322, acc: 0.9580
loss: 0.1346, acc: 0.9557
loss: 0.1350, acc: 0.9550
loss: 0.1336, acc: 0.9566
loss: 0.1355, acc: 0.9544
loss: 0.1368, acc: 0.9548
loss: 0.1384, acc: 0.9543
loss: 0.1413, acc: 0.9531
loss: 0.1404, acc: 0.9539
loss: 0.1403, acc: 0.9545
> val_acc: 0.7911, val_f1: 0.6690
>>>>>>>>>>>>>>>>>>>>>>>>>>>>>>>>>>>>>>>>>>>>>>>>>>>>>>>>>>>>>>>>>>>>>>>>>>>>>>>>>>>>>>>>>>>>>>>>>>>>
epoch: 22
loss: 0.0926, acc: 0.9844
loss: 0.1083, acc: 0.9792
loss: 0.1381, acc: 0.9643
loss: 0.1448, acc: 0.9572
loss: 0.1508, acc: 0.9531
loss: 0.1440, acc: 0.9547
loss: 0.1438, acc: 0.9568
loss: 0.1481, acc: 0.9543
loss: 0.1432, acc: 0.9581
loss: 0.1426, acc: 0.9585
loss: 0.1453, acc: 0.9578
loss: 0.1462, acc: 0.9571
loss: 0.1449, acc: 0.9580
loss: 0.1425, acc: 0.9601
loss: 0.1448, acc: 0.9582
loss: 0.1460, acc: 0.9573
loss: 0.1422, acc: 0.9587
loss: 0.1437, acc: 0.9572
loss: 0.1448, acc: 0.9564
loss: 0.1465, acc: 0.9568
loss: 0.1477, acc: 0.9558
loss: 0.1474, acc: 0.9556
> val_acc: 0.7857, val_f1: 0.6560
>>>>>>>>>>>>>>>>>>>>>>>>>>>>>>>>>>>>>>>>>>>>>>>>>>>>>>>>>>>>>>>>>>>>>>>>>>>>>>>>>>>>>>>>>>>>>>>>>>>>
epoch: 23
loss: 0.0640, acc: 1.0000
loss: 0.1015, acc: 0.9635
loss: 0.1308, acc: 0.9545
loss: 0.1271, acc: 0.9551
loss: 0.1294, acc: 0.9509
loss: 0.1246, acc: 0.9567
loss: 0.1259, acc: 0.9567
loss: 0.1258, acc: 0.9583
loss: 0.1258, acc: 0.9604
loss: 0.1261, acc: 0.9599
loss: 0.1264, acc: 0.9589
loss: 0.1242, acc: 0.9604
loss: 0.1241, acc: 0.9616
loss: 0.1276, acc: 0.9607
loss: 0.1293, acc: 0.9604
loss: 0.1306, acc: 0.9593
loss: 0.1313, acc: 0.9587
loss: 0.1356, acc: 0.9568
loss: 0.1356, acc: 0.9564
loss: 0.1349, acc: 0.9570
loss: 0.1349, acc: 0.9570
loss: 0.1348, acc: 0.9567
loss: 0.1342, acc: 0.9558
> val_acc: 0.7848, val_f1: 0.6550
>>>>>>>>>>>>>>>>>>>>>>>>>>>>>>>>>>>>>>>>>>>>>>>>>>>>>>>>>>>>>>>>>>>>>>>>>>>>>>>>>>>>>>>>>>>>>>>>>>>>
epoch: 24
loss: 0.1127, acc: 0.9688
loss: 0.1185, acc: 0.9648
loss: 0.1120, acc: 0.9663
loss: 0.1299, acc: 0.9601
loss: 0.1229, acc: 0.9620
loss: 0.1186, acc: 0.9632
loss: 0.1177, acc: 0.9650
loss: 0.1183, acc: 0.9646
loss: 0.1177, acc: 0.9637
loss: 0.1198, acc: 0.9635
loss: 0.1177, acc: 0.9640
loss: 0.1180, acc: 0.9644
loss: 0.1195, acc: 0.9643
loss: 0.1222, acc: 0.9637
loss: 0.1250, acc: 0.9623
loss: 0.1313, acc: 0.9579
loss: 0.1321, acc: 0.9563
loss: 0.1327, acc: 0.9563
loss: 0.1326, acc: 0.9563
loss: 0.1320, acc: 0.9570
loss: 0.1320, acc: 0.9569
loss: 0.1342, acc: 0.9549
loss: 0.1344, acc: 0.9548
> val_acc: 0.7893, val_f1: 0.6631
>>>>>>>>>>>>>>>>>>>>>>>>>>>>>>>>>>>>>>>>>>>>>>>>>>>>>>>>>>>>>>>>>>>>>>>>>>>>>>>>>>>>>>>>>>>>>>>>>>>>
epoch: 25
loss: 0.1524, acc: 0.9500
loss: 0.1380, acc: 0.9531
loss: 0.1277, acc: 0.9604
loss: 0.1296, acc: 0.9578
loss: 0.1357, acc: 0.9550
loss: 0.1291, acc: 0.9583
loss: 0.1306, acc: 0.9563
loss: 0.1303, acc: 0.9586
loss: 0.1313, acc: 0.9569
loss: 0.1285, acc: 0.9587
loss: 0.1299, acc: 0.9568
loss: 0.1331, acc: 0.9542
loss: 0.1332, acc: 0.9548
loss: 0.1309, acc: 0.9558
loss: 0.1315, acc: 0.9537
loss: 0.1303, acc: 0.9543
loss: 0.1311, acc: 0.9529
loss: 0.1321, acc: 0.9521
loss: 0.1310, acc: 0.9526
loss: 0.1303, acc: 0.9525
loss: 0.1292, acc: 0.9533
loss: 0.1294, acc: 0.9526
> val_acc: 0.7857, val_f1: 0.6589
>>>>>>>>>>>>>>>>>>>>>>>>>>>>>>>>>>>>>>>>>>>>>>>>>>>>>>>>>>>>>>>>>>>>>>>>>>>>>>>>>>>>>>>>>>>>>>>>>>>>
epoch: 26
loss: 0.0801, acc: 0.9844
loss: 0.0867, acc: 0.9821
loss: 0.0997, acc: 0.9714
loss: 0.1124, acc: 0.9632
loss: 0.1061, acc: 0.9688
loss: 0.1082, acc: 0.9664
loss: 0.1132, acc: 0.9609
loss: 0.1156, acc: 0.9611
loss: 0.1174, acc: 0.9606
loss: 0.1166, acc: 0.9621
loss: 0.1185, acc: 0.9615
loss: 0.1156, acc: 0.9633
loss: 0.1170, acc: 0.9627
loss: 0.1165, acc: 0.9636
loss: 0.1190, acc: 0.9622
loss: 0.1203, acc: 0.9610
loss: 0.1208, acc: 0.9607
loss: 0.1220, acc: 0.9616
loss: 0.1249, acc: 0.9603
loss: 0.1255, acc: 0.9601
loss: 0.1247, acc: 0.9602
loss: 0.1255, acc: 0.9597
loss: 0.1263, acc: 0.9590
> val_acc: 0.7848, val_f1: 0.6593
>>>>>>>>>>>>>>>>>>>>>>>>>>>>>>>>>>>>>>>>>>>>>>>>>>>>>>>>>>>>>>>>>>>>>>>>>>>>>>>>>>>>>>>>>>>>>>>>>>>>
epoch: 27
loss: 0.1801, acc: 0.9531
loss: 0.1276, acc: 0.9722
loss: 0.1233, acc: 0.9710
loss: 0.1120, acc: 0.9770
loss: 0.1130, acc: 0.9727
loss: 0.1084, acc: 0.9731
loss: 0.1123, acc: 0.9706
loss: 0.1157, acc: 0.9696
loss: 0.1139, acc: 0.9695
loss: 0.1174, acc: 0.9668
loss: 0.1171, acc: 0.9664
loss: 0.1184, acc: 0.9661
loss: 0.1168, acc: 0.9668
loss: 0.1183, acc: 0.9660
loss: 0.1169, acc: 0.9671
loss: 0.1158, acc: 0.9668
loss: 0.1179, acc: 0.9650
loss: 0.1182, acc: 0.9638
loss: 0.1219, acc: 0.9611
loss: 0.1200, acc: 0.9621
loss: 0.1208, acc: 0.9624
loss: 0.1211, acc: 0.9622
> val_acc: 0.7875, val_f1: 0.6576
>>>>>>>>>>>>>>>>>>>>>>>>>>>>>>>>>>>>>>>>>>>>>>>>>>>>>>>>>>>>>>>>>>>>>>>>>>>>>>>>>>>>>>>>>>>>>>>>>>>>
epoch: 28
loss: 0.1112, acc: 0.9688
loss: 0.1197, acc: 0.9635
loss: 0.1024, acc: 0.9716
loss: 0.1104, acc: 0.9648
loss: 0.1250, acc: 0.9598
loss: 0.1179, acc: 0.9627
loss: 0.1256, acc: 0.9567
loss: 0.1261, acc: 0.9575
loss: 0.1240, acc: 0.9588
loss: 0.1219, acc: 0.9613
loss: 0.1188, acc: 0.9632
loss: 0.1225, acc: 0.9609
loss: 0.1253, acc: 0.9580
loss: 0.1247, acc: 0.9579
loss: 0.1258, acc: 0.9582
loss: 0.1272, acc: 0.9572
loss: 0.1265, acc: 0.9568
loss: 0.1269, acc: 0.9568
loss: 0.1278, acc: 0.9571
loss: 0.1261, acc: 0.9577
loss: 0.1250, acc: 0.9579
loss: 0.1248, acc: 0.9587
loss: 0.1250, acc: 0.9592
> val_acc: 0.7875, val_f1: 0.6664
>>>>>>>>>>>>>>>>>>>>>>>>>>>>>>>>>>>>>>>>>>>>>>>>>>>>>>>>>>>>>>>>>>>>>>>>>>>>>>>>>>>>>>>>>>>>>>>>>>>>
epoch: 29
loss: 0.0854, acc: 0.9792
loss: 0.1048, acc: 0.9766
loss: 0.1026, acc: 0.9736
loss: 0.1141, acc: 0.9653
loss: 0.1197, acc: 0.9620
loss: 0.1153, acc: 0.9643
loss: 0.1142, acc: 0.9650
loss: 0.1168, acc: 0.9630
loss: 0.1178, acc: 0.9637
loss: 0.1148, acc: 0.9661
loss: 0.1147, acc: 0.9664
loss: 0.1117, acc: 0.9682
loss: 0.1118, acc: 0.9683
loss: 0.1118, acc: 0.9674
loss: 0.1118, acc: 0.9662
loss: 0.1140, acc: 0.9647
loss: 0.1163, acc: 0.9642
loss: 0.1167, acc: 0.9641
loss: 0.1162, acc: 0.9640
loss: 0.1157, acc: 0.9643
loss: 0.1151, acc: 0.9645
loss: 0.1149, acc: 0.9650
loss: 0.1157, acc: 0.9642
> val_acc: 0.7875, val_f1: 0.6599
>> test_acc: 0.7964, test_f1: 0.6811
