cuda memory allocated: 13043712
n_trainable_params: 2566403, n_nontrainable_params: 692200
> training arguments:
>>> model_name: gc_ian
>>> model_ver: 3
>>> dataset: laptop
>>> optimizer: <class 'torch.optim.adagrad.Adagrad'>
>>> initializer: <function xavier_uniform_ at 0x7fbe71e83ae8>
>>> learning_rate: 0.01
>>> momentum: 0.95
>>> dropout: 0.5
>>> l2reg: 5e-05
>>> num_epoch: 100
>>> batch_size: 32
>>> log_step: 5
>>> embed_dim: 200
>>> hidden_dim: 300
>>> bert_dim: 768
>>> pretrained_bert_name: bert-base-uncased
>>> embeddings: gd
>>> max_seq_len: 80
>>> polarities_dim: 3
>>> hops: 3
>>> device: cuda
>>> seed: 10
>>> valset_ratio: 0
>>> num_layers: 1
>>> in_channels: 100
>>> out_channels: 1
>>> downbot: 20
>>> kernel_size: 3
>>> glove_path: ./embeddings/glove.840B.300d.txt
>>> embedding_matrix_path: gen_data/embeddings/200_laptop_glove_domain_embedding_matrix.dat
>>> model_class: <class 'models.gc_ian.GC_IAN3'>
>>> dataset_file: {'train': './datasets/semeval14/Laptops_Train.xml.seg', 'test': './datasets/semeval14/Laptops_Test_Gold.xml.seg'}
>>> inputs_cols: ['text_raw_indices', 'aspect_indices']
>>>>>>>>>>>>>>>>>>>>>>>>>>>>>>>>>>>>>>>>>>>>>>>>>>>>>>>>>>>>>>>>>>>>>>>>>>>>>>>>>>>>>>>>>>>>>>>>>>>>
epoch: 0
loss: 1.8762, acc: 0.3937
loss: 1.6078, acc: 0.4094
loss: 1.3857, acc: 0.4604
loss: 1.2712, acc: 0.4813
loss: 1.1865, acc: 0.5012
loss: 1.1441, acc: 0.5167
loss: 1.1043, acc: 0.5295
loss: 1.0709, acc: 0.5469
loss: 1.0331, acc: 0.5625
loss: 1.0071, acc: 0.5725
loss: 0.9834, acc: 0.5847
loss: 0.9691, acc: 0.5917
loss: 0.9553, acc: 0.5966
loss: 0.9359, acc: 0.6049
> val_acc: 0.7069, val_f1: 0.6467
>> saved: state_dict/gc_ian_laptop_val_acc0.7069
>>>>>>>>>>>>>>>>>>>>>>>>>>>>>>>>>>>>>>>>>>>>>>>>>>>>>>>>>>>>>>>>>>>>>>>>>>>>>>>>>>>>>>>>>>>>>>>>>>>>
epoch: 1
loss: 0.7255, acc: 0.6562
loss: 0.6458, acc: 0.7188
loss: 0.6044, acc: 0.7604
loss: 0.5889, acc: 0.7831
loss: 0.6057, acc: 0.7699
loss: 0.6221, acc: 0.7639
loss: 0.6073, acc: 0.7715
loss: 0.5931, acc: 0.7779
loss: 0.5893, acc: 0.7798
loss: 0.5916, acc: 0.7793
loss: 0.5846, acc: 0.7776
loss: 0.5869, acc: 0.7725
loss: 0.5864, acc: 0.7732
loss: 0.5848, acc: 0.7738
loss: 0.5792, acc: 0.7756
> val_acc: 0.7194, val_f1: 0.6665
>> saved: state_dict/gc_ian_laptop_val_acc0.7194
>>>>>>>>>>>>>>>>>>>>>>>>>>>>>>>>>>>>>>>>>>>>>>>>>>>>>>>>>>>>>>>>>>>>>>>>>>>>>>>>>>>>>>>>>>>>>>>>>>>>
epoch: 2
loss: 0.4098, acc: 0.8828
loss: 0.4823, acc: 0.8229
loss: 0.4763, acc: 0.8214
loss: 0.4906, acc: 0.8174
loss: 0.4726, acc: 0.8281
loss: 0.4587, acc: 0.8330
loss: 0.4665, acc: 0.8272
loss: 0.4648, acc: 0.8309
loss: 0.4527, acc: 0.8352
loss: 0.4476, acc: 0.8355
loss: 0.4498, acc: 0.8316
loss: 0.4459, acc: 0.8332
loss: 0.4400, acc: 0.8359
loss: 0.4446, acc: 0.8329
> val_acc: 0.6803, val_f1: 0.5873
>>>>>>>>>>>>>>>>>>>>>>>>>>>>>>>>>>>>>>>>>>>>>>>>>>>>>>>>>>>>>>>>>>>>>>>>>>>>>>>>>>>>>>>>>>>>>>>>>>>>
epoch: 3
loss: 0.3508, acc: 0.8750
loss: 0.4096, acc: 0.8750
loss: 0.4018, acc: 0.8722
loss: 0.3985, acc: 0.8711
loss: 0.3732, acc: 0.8795
loss: 0.3704, acc: 0.8774
loss: 0.3676, acc: 0.8770
loss: 0.3653, acc: 0.8793
loss: 0.3702, acc: 0.8750
loss: 0.3710, acc: 0.8730
loss: 0.3756, acc: 0.8689
loss: 0.3714, acc: 0.8717
loss: 0.3660, acc: 0.8740
loss: 0.3679, acc: 0.8717
loss: 0.3700, acc: 0.8702
> val_acc: 0.6850, val_f1: 0.6005
>>>>>>>>>>>>>>>>>>>>>>>>>>>>>>>>>>>>>>>>>>>>>>>>>>>>>>>>>>>>>>>>>>>>>>>>>>>>>>>>>>>>>>>>>>>>>>>>>>>>
epoch: 4
loss: 0.2551, acc: 0.9583
loss: 0.2823, acc: 0.9297
loss: 0.2922, acc: 0.9159
loss: 0.3034, acc: 0.9062
loss: 0.3053, acc: 0.9022
loss: 0.3174, acc: 0.8984
loss: 0.3219, acc: 0.8949
loss: 0.3150, acc: 0.8997
loss: 0.3103, acc: 0.9033
loss: 0.3135, acc: 0.8997
loss: 0.3184, acc: 0.8974
loss: 0.3189, acc: 0.8971
loss: 0.3207, acc: 0.8943
loss: 0.3200, acc: 0.8943
loss: 0.3197, acc: 0.8948
> val_acc: 0.6897, val_f1: 0.6029
>>>>>>>>>>>>>>>>>>>>>>>>>>>>>>>>>>>>>>>>>>>>>>>>>>>>>>>>>>>>>>>>>>>>>>>>>>>>>>>>>>>>>>>>>>>>>>>>>>>>
epoch: 5
loss: 0.3013, acc: 0.9000
loss: 0.2962, acc: 0.9062
loss: 0.2829, acc: 0.9187
loss: 0.2911, acc: 0.9156
loss: 0.2793, acc: 0.9213
loss: 0.2859, acc: 0.9146
loss: 0.2827, acc: 0.9116
loss: 0.2806, acc: 0.9141
loss: 0.2829, acc: 0.9090
loss: 0.2756, acc: 0.9150
loss: 0.2739, acc: 0.9142
loss: 0.2806, acc: 0.9083
loss: 0.2806, acc: 0.9077
loss: 0.2841, acc: 0.9049
> val_acc: 0.7069, val_f1: 0.6475
>>>>>>>>>>>>>>>>>>>>>>>>>>>>>>>>>>>>>>>>>>>>>>>>>>>>>>>>>>>>>>>>>>>>>>>>>>>>>>>>>>>>>>>>>>>>>>>>>>>>
epoch: 6
loss: 0.1827, acc: 0.9375
loss: 0.2158, acc: 0.9464
loss: 0.2129, acc: 0.9375
loss: 0.2121, acc: 0.9320
loss: 0.2197, acc: 0.9304
loss: 0.2293, acc: 0.9236
loss: 0.2282, acc: 0.9268
loss: 0.2380, acc: 0.9198
loss: 0.2418, acc: 0.9189
loss: 0.2386, acc: 0.9209
loss: 0.2381, acc: 0.9207
loss: 0.2423, acc: 0.9183
loss: 0.2403, acc: 0.9189
loss: 0.2435, acc: 0.9174
loss: 0.2438, acc: 0.9167
> val_acc: 0.7100, val_f1: 0.6423
>>>>>>>>>>>>>>>>>>>>>>>>>>>>>>>>>>>>>>>>>>>>>>>>>>>>>>>>>>>>>>>>>>>>>>>>>>>>>>>>>>>>>>>>>>>>>>>>>>>>
epoch: 7
loss: 0.2252, acc: 0.9375
loss: 0.1992, acc: 0.9410
loss: 0.2014, acc: 0.9442
loss: 0.2051, acc: 0.9441
loss: 0.1969, acc: 0.9479
loss: 0.1987, acc: 0.9472
loss: 0.2002, acc: 0.9430
loss: 0.2012, acc: 0.9423
loss: 0.2065, acc: 0.9368
loss: 0.2116, acc: 0.9337
loss: 0.2112, acc: 0.9340
loss: 0.2100, acc: 0.9364
loss: 0.2125, acc: 0.9346
loss: 0.2092, acc: 0.9357
> val_acc: 0.7085, val_f1: 0.6447
>>>>>>>>>>>>>>>>>>>>>>>>>>>>>>>>>>>>>>>>>>>>>>>>>>>>>>>>>>>>>>>>>>>>>>>>>>>>>>>>>>>>>>>>>>>>>>>>>>>>
epoch: 8
loss: 0.1678, acc: 0.9688
loss: 0.1958, acc: 0.9427
loss: 0.1927, acc: 0.9432
loss: 0.1880, acc: 0.9453
loss: 0.1873, acc: 0.9479
loss: 0.1853, acc: 0.9459
loss: 0.1882, acc: 0.9446
loss: 0.1871, acc: 0.9479
loss: 0.1886, acc: 0.9459
loss: 0.1884, acc: 0.9457
loss: 0.1910, acc: 0.9430
loss: 0.1913, acc: 0.9436
loss: 0.1928, acc: 0.9426
loss: 0.1957, acc: 0.9413
loss: 0.1954, acc: 0.9406
> val_acc: 0.7100, val_f1: 0.6506
>>>>>>>>>>>>>>>>>>>>>>>>>>>>>>>>>>>>>>>>>>>>>>>>>>>>>>>>>>>>>>>>>>>>>>>>>>>>>>>>>>>>>>>>>>>>>>>>>>>>
epoch: 9
loss: 0.1286, acc: 0.9792
loss: 0.1411, acc: 0.9609
loss: 0.1472, acc: 0.9615
loss: 0.1517, acc: 0.9601
loss: 0.1686, acc: 0.9524
loss: 0.1772, acc: 0.9475
loss: 0.1774, acc: 0.9460
loss: 0.1797, acc: 0.9449
loss: 0.1803, acc: 0.9440
loss: 0.1807, acc: 0.9427
loss: 0.1813, acc: 0.9428
loss: 0.1798, acc: 0.9434
loss: 0.1815, acc: 0.9430
loss: 0.1824, acc: 0.9416
loss: 0.1820, acc: 0.9429
> val_acc: 0.6991, val_f1: 0.6227
>>>>>>>>>>>>>>>>>>>>>>>>>>>>>>>>>>>>>>>>>>>>>>>>>>>>>>>>>>>>>>>>>>>>>>>>>>>>>>>>>>>>>>>>>>>>>>>>>>>>
epoch: 10
loss: 0.1383, acc: 0.9688
loss: 0.1420, acc: 0.9688
loss: 0.1565, acc: 0.9583
loss: 0.1595, acc: 0.9594
loss: 0.1671, acc: 0.9525
loss: 0.1713, acc: 0.9500
loss: 0.1724, acc: 0.9482
loss: 0.1715, acc: 0.9492
loss: 0.1716, acc: 0.9493
loss: 0.1692, acc: 0.9506
loss: 0.1667, acc: 0.9517
loss: 0.1706, acc: 0.9505
loss: 0.1717, acc: 0.9495
loss: 0.1719, acc: 0.9500
> val_acc: 0.7006, val_f1: 0.6413
>>>>>>>>>>>>>>>>>>>>>>>>>>>>>>>>>>>>>>>>>>>>>>>>>>>>>>>>>>>>>>>>>>>>>>>>>>>>>>>>>>>>>>>>>>>>>>>>>>>>
epoch: 11
loss: 0.2125, acc: 0.9375
loss: 0.2019, acc: 0.9375
loss: 0.1709, acc: 0.9531
loss: 0.1697, acc: 0.9540
loss: 0.1557, acc: 0.9616
loss: 0.1493, acc: 0.9641
loss: 0.1592, acc: 0.9609
loss: 0.1580, acc: 0.9620
loss: 0.1532, acc: 0.9635
loss: 0.1564, acc: 0.9608
loss: 0.1536, acc: 0.9615
loss: 0.1543, acc: 0.9611
loss: 0.1585, acc: 0.9597
loss: 0.1584, acc: 0.9594
loss: 0.1600, acc: 0.9583
> val_acc: 0.6991, val_f1: 0.6263
>>>>>>>>>>>>>>>>>>>>>>>>>>>>>>>>>>>>>>>>>>>>>>>>>>>>>>>>>>>>>>>>>>>>>>>>>>>>>>>>>>>>>>>>>>>>>>>>>>>>
epoch: 12
loss: 0.1079, acc: 0.9844
loss: 0.1044, acc: 0.9861
loss: 0.1133, acc: 0.9821
loss: 0.1199, acc: 0.9803
loss: 0.1277, acc: 0.9753
loss: 0.1327, acc: 0.9720
loss: 0.1345, acc: 0.9688
loss: 0.1329, acc: 0.9679
loss: 0.1349, acc: 0.9680
loss: 0.1353, acc: 0.9688
loss: 0.1370, acc: 0.9670
loss: 0.1356, acc: 0.9661
loss: 0.1426, acc: 0.9619
loss: 0.1445, acc: 0.9606
> val_acc: 0.6897, val_f1: 0.6062
>>>>>>>>>>>>>>>>>>>>>>>>>>>>>>>>>>>>>>>>>>>>>>>>>>>>>>>>>>>>>>>>>>>>>>>>>>>>>>>>>>>>>>>>>>>>>>>>>>>>
epoch: 13
loss: 0.1739, acc: 0.9375
loss: 0.1423, acc: 0.9531
loss: 0.1316, acc: 0.9659
loss: 0.1294, acc: 0.9688
loss: 0.1213, acc: 0.9702
loss: 0.1201, acc: 0.9688
loss: 0.1235, acc: 0.9688
loss: 0.1262, acc: 0.9653
loss: 0.1283, acc: 0.9634
loss: 0.1290, acc: 0.9633
loss: 0.1291, acc: 0.9626
loss: 0.1299, acc: 0.9615
loss: 0.1320, acc: 0.9600
loss: 0.1349, acc: 0.9583
loss: 0.1367, acc: 0.9582
> val_acc: 0.7132, val_f1: 0.6512
>>>>>>>>>>>>>>>>>>>>>>>>>>>>>>>>>>>>>>>>>>>>>>>>>>>>>>>>>>>>>>>>>>>>>>>>>>>>>>>>>>>>>>>>>>>>>>>>>>>>
epoch: 14
loss: 0.1086, acc: 0.9792
loss: 0.1031, acc: 0.9805
loss: 0.1171, acc: 0.9712
loss: 0.1139, acc: 0.9774
loss: 0.1084, acc: 0.9796
loss: 0.1083, acc: 0.9766
loss: 0.1046, acc: 0.9773
loss: 0.1083, acc: 0.9762
loss: 0.1141, acc: 0.9738
loss: 0.1122, acc: 0.9746
loss: 0.1168, acc: 0.9729
loss: 0.1145, acc: 0.9741
loss: 0.1153, acc: 0.9722
loss: 0.1234, acc: 0.9688
loss: 0.1245, acc: 0.9691
> val_acc: 0.6865, val_f1: 0.5919
>>>>>>>>>>>>>>>>>>>>>>>>>>>>>>>>>>>>>>>>>>>>>>>>>>>>>>>>>>>>>>>>>>>>>>>>>>>>>>>>>>>>>>>>>>>>>>>>>>>>
epoch: 15
loss: 0.1074, acc: 0.9563
loss: 0.1070, acc: 0.9656
loss: 0.1048, acc: 0.9708
loss: 0.1067, acc: 0.9719
loss: 0.1049, acc: 0.9712
loss: 0.1068, acc: 0.9698
loss: 0.1039, acc: 0.9741
loss: 0.1092, acc: 0.9711
loss: 0.1106, acc: 0.9708
loss: 0.1127, acc: 0.9700
loss: 0.1153, acc: 0.9682
loss: 0.1178, acc: 0.9672
loss: 0.1164, acc: 0.9668
loss: 0.1193, acc: 0.9656
> val_acc: 0.7132, val_f1: 0.6462
>>>>>>>>>>>>>>>>>>>>>>>>>>>>>>>>>>>>>>>>>>>>>>>>>>>>>>>>>>>>>>>>>>>>>>>>>>>>>>>>>>>>>>>>>>>>>>>>>>>>
epoch: 16
loss: 0.0871, acc: 1.0000
loss: 0.0956, acc: 0.9866
loss: 0.1037, acc: 0.9844
loss: 0.1138, acc: 0.9761
loss: 0.1078, acc: 0.9759
loss: 0.1048, acc: 0.9757
loss: 0.1038, acc: 0.9736
loss: 0.1034, acc: 0.9721
loss: 0.1077, acc: 0.9702
loss: 0.1098, acc: 0.9694
loss: 0.1135, acc: 0.9663
loss: 0.1123, acc: 0.9671
loss: 0.1133, acc: 0.9672
loss: 0.1148, acc: 0.9674
loss: 0.1170, acc: 0.9648
> val_acc: 0.6912, val_f1: 0.6107
>>>>>>>>>>>>>>>>>>>>>>>>>>>>>>>>>>>>>>>>>>>>>>>>>>>>>>>>>>>>>>>>>>>>>>>>>>>>>>>>>>>>>>>>>>>>>>>>>>>>
epoch: 17
loss: 0.1517, acc: 0.9453
loss: 0.1136, acc: 0.9722
loss: 0.1255, acc: 0.9621
loss: 0.1263, acc: 0.9589
loss: 0.1244, acc: 0.9583
loss: 0.1187, acc: 0.9634
loss: 0.1197, acc: 0.9651
loss: 0.1196, acc: 0.9639
loss: 0.1163, acc: 0.9652
loss: 0.1130, acc: 0.9681
loss: 0.1118, acc: 0.9682
loss: 0.1088, acc: 0.9693
loss: 0.1133, acc: 0.9668
loss: 0.1152, acc: 0.9656
> val_acc: 0.6771, val_f1: 0.5876
>>>>>>>>>>>>>>>>>>>>>>>>>>>>>>>>>>>>>>>>>>>>>>>>>>>>>>>>>>>>>>>>>>>>>>>>>>>>>>>>>>>>>>>>>>>>>>>>>>>>
epoch: 18
loss: 0.0443, acc: 1.0000
loss: 0.0841, acc: 0.9740
loss: 0.0924, acc: 0.9773
loss: 0.0968, acc: 0.9805
loss: 0.0934, acc: 0.9807
loss: 0.0946, acc: 0.9796
loss: 0.0956, acc: 0.9788
loss: 0.0990, acc: 0.9748
loss: 0.0978, acc: 0.9748
loss: 0.0993, acc: 0.9742
loss: 0.0961, acc: 0.9761
loss: 0.0946, acc: 0.9766
loss: 0.0972, acc: 0.9754
loss: 0.1002, acc: 0.9735
loss: 0.1021, acc: 0.9732
> val_acc: 0.6693, val_f1: 0.5731
>>>>>>>>>>>>>>>>>>>>>>>>>>>>>>>>>>>>>>>>>>>>>>>>>>>>>>>>>>>>>>>>>>>>>>>>>>>>>>>>>>>>>>>>>>>>>>>>>>>>
epoch: 19
loss: 0.1019, acc: 0.9688
loss: 0.0794, acc: 0.9844
loss: 0.0886, acc: 0.9808
loss: 0.0973, acc: 0.9705
loss: 0.0939, acc: 0.9728
loss: 0.0955, acc: 0.9732
loss: 0.1008, acc: 0.9725
loss: 0.1000, acc: 0.9720
loss: 0.0966, acc: 0.9731
loss: 0.0976, acc: 0.9714
loss: 0.0987, acc: 0.9705
loss: 0.1005, acc: 0.9704
loss: 0.0984, acc: 0.9712
loss: 0.0987, acc: 0.9706
loss: 0.0985, acc: 0.9704
> val_acc: 0.6803, val_f1: 0.5884
>>>>>>>>>>>>>>>>>>>>>>>>>>>>>>>>>>>>>>>>>>>>>>>>>>>>>>>>>>>>>>>>>>>>>>>>>>>>>>>>>>>>>>>>>>>>>>>>>>>>
epoch: 20
loss: 0.0834, acc: 0.9750
loss: 0.0994, acc: 0.9688
loss: 0.0974, acc: 0.9708
loss: 0.0951, acc: 0.9734
loss: 0.0942, acc: 0.9738
loss: 0.0925, acc: 0.9750
loss: 0.0927, acc: 0.9768
loss: 0.0928, acc: 0.9766
loss: 0.0927, acc: 0.9757
loss: 0.0958, acc: 0.9738
loss: 0.0964, acc: 0.9733
loss: 0.0972, acc: 0.9729
loss: 0.0984, acc: 0.9712
loss: 0.0983, acc: 0.9714
> val_acc: 0.6850, val_f1: 0.5958
>>>>>>>>>>>>>>>>>>>>>>>>>>>>>>>>>>>>>>>>>>>>>>>>>>>>>>>>>>>>>>>>>>>>>>>>>>>>>>>>>>>>>>>>>>>>>>>>>>>>
epoch: 21
loss: 0.0322, acc: 1.0000
loss: 0.0523, acc: 0.9866
loss: 0.0575, acc: 0.9870
loss: 0.0612, acc: 0.9890
loss: 0.0682, acc: 0.9858
loss: 0.0680, acc: 0.9850
loss: 0.0692, acc: 0.9854
loss: 0.0732, acc: 0.9806
loss: 0.0750, acc: 0.9799
loss: 0.0786, acc: 0.9781
loss: 0.0798, acc: 0.9784
loss: 0.0826, acc: 0.9781
loss: 0.0869, acc: 0.9758
loss: 0.0912, acc: 0.9734
loss: 0.0925, acc: 0.9727
> val_acc: 0.6850, val_f1: 0.6011
>>>>>>>>>>>>>>>>>>>>>>>>>>>>>>>>>>>>>>>>>>>>>>>>>>>>>>>>>>>>>>>>>>>>>>>>>>>>>>>>>>>>>>>>>>>>>>>>>>>>
epoch: 22
loss: 0.1019, acc: 0.9688
loss: 0.0937, acc: 0.9757
loss: 0.0853, acc: 0.9821
loss: 0.0806, acc: 0.9803
loss: 0.0832, acc: 0.9779
loss: 0.0802, acc: 0.9784
loss: 0.0858, acc: 0.9761
loss: 0.0841, acc: 0.9776
loss: 0.0849, acc: 0.9780
loss: 0.0848, acc: 0.9783
loss: 0.0828, acc: 0.9792
loss: 0.0839, acc: 0.9783
loss: 0.0854, acc: 0.9780
loss: 0.0887, acc: 0.9760
> val_acc: 0.7022, val_f1: 0.6320
>>>>>>>>>>>>>>>>>>>>>>>>>>>>>>>>>>>>>>>>>>>>>>>>>>>>>>>>>>>>>>>>>>>>>>>>>>>>>>>>>>>>>>>>>>>>>>>>>>>>
epoch: 23
loss: 0.0975, acc: 0.9688
loss: 0.0977, acc: 0.9792
loss: 0.0806, acc: 0.9886
loss: 0.0839, acc: 0.9805
loss: 0.0848, acc: 0.9821
loss: 0.0956, acc: 0.9748
loss: 0.0953, acc: 0.9718
loss: 0.0933, acc: 0.9714
loss: 0.0929, acc: 0.9726
loss: 0.0964, acc: 0.9708
loss: 0.0924, acc: 0.9730
loss: 0.0923, acc: 0.9743
loss: 0.0895, acc: 0.9754
loss: 0.0884, acc: 0.9754
loss: 0.0877, acc: 0.9758
> val_acc: 0.6865, val_f1: 0.6032
>>>>>>>>>>>>>>>>>>>>>>>>>>>>>>>>>>>>>>>>>>>>>>>>>>>>>>>>>>>>>>>>>>>>>>>>>>>>>>>>>>>>>>>>>>>>>>>>>>>>
epoch: 24
loss: 0.1049, acc: 0.9792
loss: 0.0995, acc: 0.9688
loss: 0.0883, acc: 0.9736
loss: 0.0911, acc: 0.9688
loss: 0.0903, acc: 0.9701
loss: 0.0863, acc: 0.9732
loss: 0.0829, acc: 0.9763
loss: 0.0807, acc: 0.9778
loss: 0.0776, acc: 0.9804
loss: 0.0784, acc: 0.9798
loss: 0.0808, acc: 0.9776
loss: 0.0832, acc: 0.9758
loss: 0.0836, acc: 0.9757
loss: 0.0823, acc: 0.9761
loss: 0.0810, acc: 0.9768
> val_acc: 0.6865, val_f1: 0.5987
>>>>>>>>>>>>>>>>>>>>>>>>>>>>>>>>>>>>>>>>>>>>>>>>>>>>>>>>>>>>>>>>>>>>>>>>>>>>>>>>>>>>>>>>>>>>>>>>>>>>
epoch: 25
loss: 0.0610, acc: 0.9938
loss: 0.0766, acc: 0.9781
loss: 0.0787, acc: 0.9771
loss: 0.0794, acc: 0.9766
loss: 0.0815, acc: 0.9775
loss: 0.0788, acc: 0.9771
loss: 0.0827, acc: 0.9777
loss: 0.0813, acc: 0.9781
loss: 0.0798, acc: 0.9778
loss: 0.0826, acc: 0.9762
loss: 0.0824, acc: 0.9767
loss: 0.0805, acc: 0.9771
loss: 0.0788, acc: 0.9779
loss: 0.0790, acc: 0.9781
> val_acc: 0.6928, val_f1: 0.6111
>>>>>>>>>>>>>>>>>>>>>>>>>>>>>>>>>>>>>>>>>>>>>>>>>>>>>>>>>>>>>>>>>>>>>>>>>>>>>>>>>>>>>>>>>>>>>>>>>>>>
epoch: 26
loss: 0.0715, acc: 0.9844
loss: 0.0699, acc: 0.9777
loss: 0.0739, acc: 0.9766
loss: 0.0760, acc: 0.9779
loss: 0.0704, acc: 0.9830
loss: 0.0780, acc: 0.9780
loss: 0.0751, acc: 0.9814
loss: 0.0742, acc: 0.9823
loss: 0.0746, acc: 0.9814
loss: 0.0757, acc: 0.9814
loss: 0.0753, acc: 0.9820
loss: 0.0737, acc: 0.9825
loss: 0.0751, acc: 0.9814
loss: 0.0745, acc: 0.9813
loss: 0.0760, acc: 0.9809
> val_acc: 0.6850, val_f1: 0.5900
>>>>>>>>>>>>>>>>>>>>>>>>>>>>>>>>>>>>>>>>>>>>>>>>>>>>>>>>>>>>>>>>>>>>>>>>>>>>>>>>>>>>>>>>>>>>>>>>>>>>
epoch: 27
loss: 0.0758, acc: 0.9844
loss: 0.0771, acc: 0.9826
loss: 0.0767, acc: 0.9821
loss: 0.0743, acc: 0.9836
loss: 0.0827, acc: 0.9818
loss: 0.0827, acc: 0.9795
loss: 0.0815, acc: 0.9789
loss: 0.0790, acc: 0.9800
loss: 0.0803, acc: 0.9801
loss: 0.0807, acc: 0.9790
loss: 0.0785, acc: 0.9792
loss: 0.0786, acc: 0.9788
loss: 0.0770, acc: 0.9795
loss: 0.0782, acc: 0.9787
> val_acc: 0.7147, val_f1: 0.6491
>>>>>>>>>>>>>>>>>>>>>>>>>>>>>>>>>>>>>>>>>>>>>>>>>>>>>>>>>>>>>>>>>>>>>>>>>>>>>>>>>>>>>>>>>>>>>>>>>>>>
epoch: 28
loss: 0.0946, acc: 0.9375
loss: 0.0734, acc: 0.9740
loss: 0.0641, acc: 0.9801
loss: 0.0712, acc: 0.9766
loss: 0.0650, acc: 0.9807
loss: 0.0660, acc: 0.9832
loss: 0.0654, acc: 0.9829
loss: 0.0638, acc: 0.9835
loss: 0.0629, acc: 0.9832
loss: 0.0670, acc: 0.9810
loss: 0.0680, acc: 0.9810
loss: 0.0693, acc: 0.9799
loss: 0.0717, acc: 0.9785
loss: 0.0722, acc: 0.9777
loss: 0.0725, acc: 0.9771
> val_acc: 0.7132, val_f1: 0.6474
>>>>>>>>>>>>>>>>>>>>>>>>>>>>>>>>>>>>>>>>>>>>>>>>>>>>>>>>>>>>>>>>>>>>>>>>>>>>>>>>>>>>>>>>>>>>>>>>>>>>
epoch: 29
loss: 0.0325, acc: 1.0000
loss: 0.0557, acc: 0.9883
loss: 0.0672, acc: 0.9832
loss: 0.0681, acc: 0.9861
loss: 0.0741, acc: 0.9837
loss: 0.0778, acc: 0.9833
loss: 0.0760, acc: 0.9820
loss: 0.0735, acc: 0.9827
loss: 0.0740, acc: 0.9818
loss: 0.0748, acc: 0.9805
loss: 0.0721, acc: 0.9811
loss: 0.0696, acc: 0.9822
loss: 0.0683, acc: 0.9826
loss: 0.0688, acc: 0.9830
loss: 0.0692, acc: 0.9820
> val_acc: 0.6944, val_f1: 0.6147
>>>>>>>>>>>>>>>>>>>>>>>>>>>>>>>>>>>>>>>>>>>>>>>>>>>>>>>>>>>>>>>>>>>>>>>>>>>>>>>>>>>>>>>>>>>>>>>>>>>>
epoch: 30
loss: 0.0642, acc: 0.9812
loss: 0.0595, acc: 0.9844
loss: 0.0620, acc: 0.9812
loss: 0.0678, acc: 0.9750
loss: 0.0696, acc: 0.9750
loss: 0.0689, acc: 0.9781
loss: 0.0658, acc: 0.9804
loss: 0.0661, acc: 0.9805
loss: 0.0676, acc: 0.9799
loss: 0.0666, acc: 0.9806
loss: 0.0656, acc: 0.9812
loss: 0.0659, acc: 0.9812
loss: 0.0666, acc: 0.9817
loss: 0.0681, acc: 0.9808
> val_acc: 0.6944, val_f1: 0.6173
>>>>>>>>>>>>>>>>>>>>>>>>>>>>>>>>>>>>>>>>>>>>>>>>>>>>>>>>>>>>>>>>>>>>>>>>>>>>>>>>>>>>>>>>>>>>>>>>>>>>
epoch: 31
loss: 0.0626, acc: 0.9844
loss: 0.0571, acc: 0.9911
loss: 0.0602, acc: 0.9870
loss: 0.0570, acc: 0.9908
loss: 0.0644, acc: 0.9901
loss: 0.0618, acc: 0.9896
loss: 0.0658, acc: 0.9873
loss: 0.0651, acc: 0.9882
loss: 0.0642, acc: 0.9874
loss: 0.0645, acc: 0.9867
loss: 0.0677, acc: 0.9850
loss: 0.0712, acc: 0.9830
loss: 0.0686, acc: 0.9844
loss: 0.0682, acc: 0.9851
loss: 0.0672, acc: 0.9852
> val_acc: 0.6991, val_f1: 0.6227
>>>>>>>>>>>>>>>>>>>>>>>>>>>>>>>>>>>>>>>>>>>>>>>>>>>>>>>>>>>>>>>>>>>>>>>>>>>>>>>>>>>>>>>>>>>>>>>>>>>>
epoch: 32
loss: 0.0571, acc: 0.9766
loss: 0.0669, acc: 0.9688
loss: 0.0595, acc: 0.9777
loss: 0.0660, acc: 0.9770
loss: 0.0645, acc: 0.9792
loss: 0.0686, acc: 0.9784
loss: 0.0667, acc: 0.9789
loss: 0.0703, acc: 0.9776
loss: 0.0675, acc: 0.9801
loss: 0.0669, acc: 0.9802
loss: 0.0658, acc: 0.9809
loss: 0.0647, acc: 0.9815
loss: 0.0631, acc: 0.9829
loss: 0.0672, acc: 0.9814
> val_acc: 0.7022, val_f1: 0.6320
>>>>>>>>>>>>>>>>>>>>>>>>>>>>>>>>>>>>>>>>>>>>>>>>>>>>>>>>>>>>>>>>>>>>>>>>>>>>>>>>>>>>>>>>>>>>>>>>>>>>
epoch: 33
loss: 0.0251, acc: 1.0000
loss: 0.0632, acc: 0.9844
loss: 0.0602, acc: 0.9858
loss: 0.0686, acc: 0.9805
loss: 0.0680, acc: 0.9807
loss: 0.0708, acc: 0.9796
loss: 0.0678, acc: 0.9798
loss: 0.0717, acc: 0.9792
loss: 0.0696, acc: 0.9809
loss: 0.0697, acc: 0.9796
loss: 0.0685, acc: 0.9804
loss: 0.0688, acc: 0.9799
loss: 0.0673, acc: 0.9810
loss: 0.0667, acc: 0.9811
loss: 0.0658, acc: 0.9820
> val_acc: 0.7132, val_f1: 0.6470
>>>>>>>>>>>>>>>>>>>>>>>>>>>>>>>>>>>>>>>>>>>>>>>>>>>>>>>>>>>>>>>>>>>>>>>>>>>>>>>>>>>>>>>>>>>>>>>>>>>>
epoch: 34
loss: 0.0515, acc: 0.9896
loss: 0.0555, acc: 0.9805
loss: 0.0613, acc: 0.9832
loss: 0.0590, acc: 0.9844
loss: 0.0585, acc: 0.9851
loss: 0.0599, acc: 0.9844
loss: 0.0598, acc: 0.9848
loss: 0.0678, acc: 0.9827
loss: 0.0680, acc: 0.9811
loss: 0.0666, acc: 0.9818
loss: 0.0649, acc: 0.9823
loss: 0.0642, acc: 0.9822
loss: 0.0635, acc: 0.9831
loss: 0.0630, acc: 0.9830
loss: 0.0647, acc: 0.9820
> val_acc: 0.6865, val_f1: 0.6037
>>>>>>>>>>>>>>>>>>>>>>>>>>>>>>>>>>>>>>>>>>>>>>>>>>>>>>>>>>>>>>>>>>>>>>>>>>>>>>>>>>>>>>>>>>>>>>>>>>>>
epoch: 35
loss: 0.0655, acc: 0.9812
loss: 0.0726, acc: 0.9781
loss: 0.0640, acc: 0.9812
loss: 0.0598, acc: 0.9859
loss: 0.0562, acc: 0.9888
loss: 0.0554, acc: 0.9875
loss: 0.0551, acc: 0.9857
loss: 0.0550, acc: 0.9852
loss: 0.0607, acc: 0.9833
loss: 0.0616, acc: 0.9825
loss: 0.0639, acc: 0.9824
loss: 0.0645, acc: 0.9828
loss: 0.0641, acc: 0.9827
loss: 0.0619, acc: 0.9835
> val_acc: 0.6818, val_f1: 0.5876
>>>>>>>>>>>>>>>>>>>>>>>>>>>>>>>>>>>>>>>>>>>>>>>>>>>>>>>>>>>>>>>>>>>>>>>>>>>>>>>>>>>>>>>>>>>>>>>>>>>>
epoch: 36
loss: 0.0550, acc: 1.0000
loss: 0.0497, acc: 0.9955
loss: 0.0457, acc: 0.9948
loss: 0.0503, acc: 0.9890
loss: 0.0607, acc: 0.9858
loss: 0.0652, acc: 0.9838
loss: 0.0603, acc: 0.9863
loss: 0.0559, acc: 0.9882
loss: 0.0568, acc: 0.9874
loss: 0.0595, acc: 0.9860
loss: 0.0593, acc: 0.9856
loss: 0.0594, acc: 0.9857
loss: 0.0606, acc: 0.9849
loss: 0.0609, acc: 0.9846
loss: 0.0604, acc: 0.9852
> val_acc: 0.6928, val_f1: 0.6126
>>>>>>>>>>>>>>>>>>>>>>>>>>>>>>>>>>>>>>>>>>>>>>>>>>>>>>>>>>>>>>>>>>>>>>>>>>>>>>>>>>>>>>>>>>>>>>>>>>>>
epoch: 37
loss: 0.0619, acc: 0.9766
loss: 0.0772, acc: 0.9722
loss: 0.0645, acc: 0.9799
loss: 0.0568, acc: 0.9852
loss: 0.0554, acc: 0.9870
loss: 0.0536, acc: 0.9871
loss: 0.0525, acc: 0.9881
loss: 0.0548, acc: 0.9872
loss: 0.0560, acc: 0.9879
loss: 0.0598, acc: 0.9866
loss: 0.0578, acc: 0.9878
loss: 0.0602, acc: 0.9862
loss: 0.0639, acc: 0.9844
loss: 0.0634, acc: 0.9851
> val_acc: 0.6834, val_f1: 0.5995
>>>>>>>>>>>>>>>>>>>>>>>>>>>>>>>>>>>>>>>>>>>>>>>>>>>>>>>>>>>>>>>>>>>>>>>>>>>>>>>>>>>>>>>>>>>>>>>>>>>>
epoch: 38
loss: 0.0589, acc: 0.9688
loss: 0.0534, acc: 0.9844
loss: 0.0661, acc: 0.9744
loss: 0.0634, acc: 0.9785
loss: 0.0588, acc: 0.9807
loss: 0.0524, acc: 0.9844
loss: 0.0532, acc: 0.9859
loss: 0.0530, acc: 0.9852
loss: 0.0508, acc: 0.9863
loss: 0.0513, acc: 0.9864
loss: 0.0509, acc: 0.9865
loss: 0.0518, acc: 0.9860
loss: 0.0526, acc: 0.9862
loss: 0.0524, acc: 0.9872
loss: 0.0544, acc: 0.9850
> val_acc: 0.6818, val_f1: 0.5909
>>>>>>>>>>>>>>>>>>>>>>>>>>>>>>>>>>>>>>>>>>>>>>>>>>>>>>>>>>>>>>>>>>>>>>>>>>>>>>>>>>>>>>>>>>>>>>>>>>>>
epoch: 39
loss: 0.0419, acc: 1.0000
loss: 0.0386, acc: 0.9961
loss: 0.0595, acc: 0.9856
loss: 0.0638, acc: 0.9878
loss: 0.0598, acc: 0.9878
loss: 0.0570, acc: 0.9877
loss: 0.0578, acc: 0.9867
loss: 0.0562, acc: 0.9868
loss: 0.0575, acc: 0.9855
loss: 0.0575, acc: 0.9850
loss: 0.0595, acc: 0.9829
loss: 0.0585, acc: 0.9838
loss: 0.0573, acc: 0.9846
loss: 0.0602, acc: 0.9830
loss: 0.0600, acc: 0.9832
> val_acc: 0.6944, val_f1: 0.6140
>>>>>>>>>>>>>>>>>>>>>>>>>>>>>>>>>>>>>>>>>>>>>>>>>>>>>>>>>>>>>>>>>>>>>>>>>>>>>>>>>>>>>>>>>>>>>>>>>>>>
epoch: 40
loss: 0.0352, acc: 1.0000
loss: 0.0479, acc: 0.9938
loss: 0.0448, acc: 0.9917
loss: 0.0494, acc: 0.9875
loss: 0.0507, acc: 0.9888
loss: 0.0532, acc: 0.9865
loss: 0.0554, acc: 0.9848
loss: 0.0565, acc: 0.9852
loss: 0.0577, acc: 0.9840
loss: 0.0552, acc: 0.9856
loss: 0.0565, acc: 0.9841
loss: 0.0566, acc: 0.9849
loss: 0.0576, acc: 0.9846
loss: 0.0572, acc: 0.9848
> val_acc: 0.6959, val_f1: 0.6201
>>>>>>>>>>>>>>>>>>>>>>>>>>>>>>>>>>>>>>>>>>>>>>>>>>>>>>>>>>>>>>>>>>>>>>>>>>>>>>>>>>>>>>>>>>>>>>>>>>>>
epoch: 41
loss: 0.0567, acc: 0.9844
loss: 0.0529, acc: 0.9821
loss: 0.0534, acc: 0.9844
loss: 0.0507, acc: 0.9871
loss: 0.0603, acc: 0.9830
loss: 0.0552, acc: 0.9861
loss: 0.0576, acc: 0.9863
loss: 0.0602, acc: 0.9831
loss: 0.0583, acc: 0.9836
loss: 0.0555, acc: 0.9854
loss: 0.0578, acc: 0.9850
loss: 0.0566, acc: 0.9852
loss: 0.0558, acc: 0.9854
loss: 0.0560, acc: 0.9855
loss: 0.0550, acc: 0.9861
> val_acc: 0.6991, val_f1: 0.6236
>>>>>>>>>>>>>>>>>>>>>>>>>>>>>>>>>>>>>>>>>>>>>>>>>>>>>>>>>>>>>>>>>>>>>>>>>>>>>>>>>>>>>>>>>>>>>>>>>>>>
epoch: 42
loss: 0.0371, acc: 0.9922
loss: 0.0388, acc: 0.9931
loss: 0.0465, acc: 0.9911
loss: 0.0485, acc: 0.9901
loss: 0.0471, acc: 0.9909
loss: 0.0470, acc: 0.9925
loss: 0.0474, acc: 0.9926
loss: 0.0485, acc: 0.9912
loss: 0.0499, acc: 0.9908
loss: 0.0500, acc: 0.9892
loss: 0.0517, acc: 0.9878
loss: 0.0506, acc: 0.9883
loss: 0.0506, acc: 0.9883
loss: 0.0505, acc: 0.9878
> val_acc: 0.6850, val_f1: 0.5947
>>>>>>>>>>>>>>>>>>>>>>>>>>>>>>>>>>>>>>>>>>>>>>>>>>>>>>>>>>>>>>>>>>>>>>>>>>>>>>>>>>>>>>>>>>>>>>>>>>>>
epoch: 43
loss: 0.0482, acc: 1.0000
loss: 0.0470, acc: 0.9896
loss: 0.0434, acc: 0.9915
loss: 0.0459, acc: 0.9902
loss: 0.0447, acc: 0.9896
loss: 0.0442, acc: 0.9904
loss: 0.0453, acc: 0.9889
loss: 0.0480, acc: 0.9887
loss: 0.0466, acc: 0.9901
loss: 0.0480, acc: 0.9891
loss: 0.0503, acc: 0.9884
loss: 0.0514, acc: 0.9877
loss: 0.0524, acc: 0.9867
loss: 0.0512, acc: 0.9877
loss: 0.0533, acc: 0.9864
> val_acc: 0.7038, val_f1: 0.6377
>>>>>>>>>>>>>>>>>>>>>>>>>>>>>>>>>>>>>>>>>>>>>>>>>>>>>>>>>>>>>>>>>>>>>>>>>>>>>>>>>>>>>>>>>>>>>>>>>>>>
epoch: 44
loss: 0.0347, acc: 1.0000
loss: 0.0454, acc: 0.9961
loss: 0.0484, acc: 0.9928
loss: 0.0506, acc: 0.9913
loss: 0.0513, acc: 0.9891
loss: 0.0553, acc: 0.9855
loss: 0.0548, acc: 0.9858
loss: 0.0513, acc: 0.9877
loss: 0.0545, acc: 0.9869
loss: 0.0532, acc: 0.9876
loss: 0.0519, acc: 0.9882
loss: 0.0525, acc: 0.9881
loss: 0.0518, acc: 0.9876
loss: 0.0525, acc: 0.9876
loss: 0.0534, acc: 0.9871
> val_acc: 0.6881, val_f1: 0.6046
>>>>>>>>>>>>>>>>>>>>>>>>>>>>>>>>>>>>>>>>>>>>>>>>>>>>>>>>>>>>>>>>>>>>>>>>>>>>>>>>>>>>>>>>>>>>>>>>>>>>
epoch: 45
loss: 0.0675, acc: 0.9812
loss: 0.0449, acc: 0.9906
loss: 0.0438, acc: 0.9938
loss: 0.0417, acc: 0.9953
loss: 0.0412, acc: 0.9950
loss: 0.0416, acc: 0.9927
loss: 0.0409, acc: 0.9929
loss: 0.0437, acc: 0.9914
loss: 0.0434, acc: 0.9917
loss: 0.0455, acc: 0.9912
loss: 0.0496, acc: 0.9892
loss: 0.0542, acc: 0.9880
loss: 0.0536, acc: 0.9885
loss: 0.0554, acc: 0.9875
> val_acc: 0.6881, val_f1: 0.6053
>>>>>>>>>>>>>>>>>>>>>>>>>>>>>>>>>>>>>>>>>>>>>>>>>>>>>>>>>>>>>>>>>>>>>>>>>>>>>>>>>>>>>>>>>>>>>>>>>>>>
epoch: 46
loss: 0.0318, acc: 1.0000
loss: 0.0481, acc: 0.9911
loss: 0.0435, acc: 0.9922
loss: 0.0406, acc: 0.9945
loss: 0.0462, acc: 0.9929
loss: 0.0452, acc: 0.9919
loss: 0.0453, acc: 0.9902
loss: 0.0432, acc: 0.9907
loss: 0.0429, acc: 0.9911
loss: 0.0446, acc: 0.9894
loss: 0.0480, acc: 0.9892
loss: 0.0484, acc: 0.9885
loss: 0.0497, acc: 0.9874
loss: 0.0491, acc: 0.9879
loss: 0.0499, acc: 0.9865
> val_acc: 0.7022, val_f1: 0.6297
>>>>>>>>>>>>>>>>>>>>>>>>>>>>>>>>>>>>>>>>>>>>>>>>>>>>>>>>>>>>>>>>>>>>>>>>>>>>>>>>>>>>>>>>>>>>>>>>>>>>
epoch: 47
loss: 0.0510, acc: 0.9844
loss: 0.0521, acc: 0.9861
loss: 0.0422, acc: 0.9911
loss: 0.0427, acc: 0.9918
loss: 0.0498, acc: 0.9857
loss: 0.0484, acc: 0.9871
loss: 0.0496, acc: 0.9881
loss: 0.0492, acc: 0.9872
loss: 0.0504, acc: 0.9865
loss: 0.0500, acc: 0.9866
loss: 0.0519, acc: 0.9861
loss: 0.0505, acc: 0.9868
loss: 0.0502, acc: 0.9868
loss: 0.0509, acc: 0.9864
> val_acc: 0.6865, val_f1: 0.6002
>>>>>>>>>>>>>>>>>>>>>>>>>>>>>>>>>>>>>>>>>>>>>>>>>>>>>>>>>>>>>>>>>>>>>>>>>>>>>>>>>>>>>>>>>>>>>>>>>>>>
epoch: 48
loss: 0.0258, acc: 1.0000
loss: 0.0335, acc: 0.9948
loss: 0.0279, acc: 0.9972
loss: 0.0326, acc: 0.9941
loss: 0.0345, acc: 0.9940
loss: 0.0363, acc: 0.9928
loss: 0.0387, acc: 0.9919
loss: 0.0429, acc: 0.9887
loss: 0.0436, acc: 0.9878
loss: 0.0437, acc: 0.9871
loss: 0.0451, acc: 0.9859
loss: 0.0462, acc: 0.9860
loss: 0.0452, acc: 0.9867
loss: 0.0464, acc: 0.9863
loss: 0.0459, acc: 0.9868
> val_acc: 0.6818, val_f1: 0.5912
>>>>>>>>>>>>>>>>>>>>>>>>>>>>>>>>>>>>>>>>>>>>>>>>>>>>>>>>>>>>>>>>>>>>>>>>>>>>>>>>>>>>>>>>>>>>>>>>>>>>
epoch: 49
loss: 0.0510, acc: 0.9896
loss: 0.0470, acc: 0.9844
loss: 0.0382, acc: 0.9880
loss: 0.0363, acc: 0.9913
loss: 0.0363, acc: 0.9918
loss: 0.0389, acc: 0.9922
loss: 0.0394, acc: 0.9905
loss: 0.0445, acc: 0.9868
loss: 0.0477, acc: 0.9847
loss: 0.0451, acc: 0.9863
loss: 0.0438, acc: 0.9870
loss: 0.0439, acc: 0.9871
loss: 0.0472, acc: 0.9856
loss: 0.0477, acc: 0.9858
loss: 0.0473, acc: 0.9858
> val_acc: 0.6912, val_f1: 0.6075
>>>>>>>>>>>>>>>>>>>>>>>>>>>>>>>>>>>>>>>>>>>>>>>>>>>>>>>>>>>>>>>>>>>>>>>>>>>>>>>>>>>>>>>>>>>>>>>>>>>>
epoch: 50
loss: 0.0589, acc: 0.9750
loss: 0.0417, acc: 0.9875
loss: 0.0446, acc: 0.9875
loss: 0.0405, acc: 0.9906
loss: 0.0404, acc: 0.9912
loss: 0.0377, acc: 0.9927
loss: 0.0359, acc: 0.9938
loss: 0.0369, acc: 0.9930
loss: 0.0376, acc: 0.9917
loss: 0.0382, acc: 0.9912
loss: 0.0404, acc: 0.9892
loss: 0.0410, acc: 0.9891
loss: 0.0434, acc: 0.9880
loss: 0.0437, acc: 0.9884
> val_acc: 0.7053, val_f1: 0.6358
>>>>>>>>>>>>>>>>>>>>>>>>>>>>>>>>>>>>>>>>>>>>>>>>>>>>>>>>>>>>>>>>>>>>>>>>>>>>>>>>>>>>>>>>>>>>>>>>>>>>
epoch: 51
loss: 0.0667, acc: 0.9844
loss: 0.0408, acc: 0.9866
loss: 0.0433, acc: 0.9870
loss: 0.0466, acc: 0.9871
loss: 0.0458, acc: 0.9872
loss: 0.0434, acc: 0.9896
loss: 0.0468, acc: 0.9893
loss: 0.0472, acc: 0.9873
loss: 0.0460, acc: 0.9881
loss: 0.0472, acc: 0.9867
loss: 0.0476, acc: 0.9862
loss: 0.0483, acc: 0.9863
loss: 0.0478, acc: 0.9864
loss: 0.0484, acc: 0.9855
loss: 0.0488, acc: 0.9852
> val_acc: 0.7038, val_f1: 0.6339
>>>>>>>>>>>>>>>>>>>>>>>>>>>>>>>>>>>>>>>>>>>>>>>>>>>>>>>>>>>>>>>>>>>>>>>>>>>>>>>>>>>>>>>>>>>>>>>>>>>>
epoch: 52
loss: 0.0463, acc: 0.9922
loss: 0.0578, acc: 0.9896
loss: 0.0533, acc: 0.9888
loss: 0.0517, acc: 0.9868
loss: 0.0569, acc: 0.9831
loss: 0.0577, acc: 0.9817
loss: 0.0554, acc: 0.9825
loss: 0.0584, acc: 0.9824
loss: 0.0567, acc: 0.9830
loss: 0.0568, acc: 0.9828
loss: 0.0539, acc: 0.9844
loss: 0.0531, acc: 0.9852
loss: 0.0531, acc: 0.9854
loss: 0.0532, acc: 0.9855
> val_acc: 0.6881, val_f1: 0.6045
>>>>>>>>>>>>>>>>>>>>>>>>>>>>>>>>>>>>>>>>>>>>>>>>>>>>>>>>>>>>>>>>>>>>>>>>>>>>>>>>>>>>>>>>>>>>>>>>>>>>
epoch: 53
loss: 0.0314, acc: 1.0000
loss: 0.0480, acc: 0.9896
loss: 0.0420, acc: 0.9915
loss: 0.0377, acc: 0.9922
loss: 0.0393, acc: 0.9896
loss: 0.0378, acc: 0.9904
loss: 0.0372, acc: 0.9899
loss: 0.0344, acc: 0.9913
loss: 0.0381, acc: 0.9909
loss: 0.0403, acc: 0.9905
loss: 0.0395, acc: 0.9914
loss: 0.0412, acc: 0.9911
loss: 0.0409, acc: 0.9913
loss: 0.0416, acc: 0.9915
loss: 0.0453, acc: 0.9894
> val_acc: 0.6897, val_f1: 0.6059
>>>>>>>>>>>>>>>>>>>>>>>>>>>>>>>>>>>>>>>>>>>>>>>>>>>>>>>>>>>>>>>>>>>>>>>>>>>>>>>>>>>>>>>>>>>>>>>>>>>>
epoch: 54
loss: 0.0309, acc: 0.9896
loss: 0.0502, acc: 0.9883
loss: 0.0504, acc: 0.9856
loss: 0.0459, acc: 0.9878
loss: 0.0477, acc: 0.9878
loss: 0.0448, acc: 0.9900
loss: 0.0470, acc: 0.9886
loss: 0.0458, acc: 0.9885
loss: 0.0445, acc: 0.9891
loss: 0.0445, acc: 0.9889
loss: 0.0447, acc: 0.9882
loss: 0.0448, acc: 0.9876
loss: 0.0444, acc: 0.9881
loss: 0.0437, acc: 0.9876
loss: 0.0439, acc: 0.9875
> val_acc: 0.6865, val_f1: 0.6012
>>>>>>>>>>>>>>>>>>>>>>>>>>>>>>>>>>>>>>>>>>>>>>>>>>>>>>>>>>>>>>>>>>>>>>>>>>>>>>>>>>>>>>>>>>>>>>>>>>>>
epoch: 55
loss: 0.0358, acc: 0.9938
loss: 0.0342, acc: 0.9906
loss: 0.0362, acc: 0.9917
loss: 0.0365, acc: 0.9922
loss: 0.0342, acc: 0.9938
loss: 0.0399, acc: 0.9906
loss: 0.0383, acc: 0.9920
loss: 0.0399, acc: 0.9898
loss: 0.0395, acc: 0.9896
loss: 0.0397, acc: 0.9900
loss: 0.0380, acc: 0.9909
loss: 0.0388, acc: 0.9911
loss: 0.0403, acc: 0.9904
loss: 0.0417, acc: 0.9902
> val_acc: 0.6850, val_f1: 0.5994
>>>>>>>>>>>>>>>>>>>>>>>>>>>>>>>>>>>>>>>>>>>>>>>>>>>>>>>>>>>>>>>>>>>>>>>>>>>>>>>>>>>>>>>>>>>>>>>>>>>>
epoch: 56
loss: 0.0312, acc: 1.0000
loss: 0.0477, acc: 0.9911
loss: 0.0470, acc: 0.9896
loss: 0.0519, acc: 0.9871
loss: 0.0474, acc: 0.9901
loss: 0.0423, acc: 0.9919
loss: 0.0420, acc: 0.9912
loss: 0.0428, acc: 0.9899
loss: 0.0462, acc: 0.9881
loss: 0.0442, acc: 0.9894
loss: 0.0441, acc: 0.9886
loss: 0.0456, acc: 0.9885
loss: 0.0455, acc: 0.9884
loss: 0.0454, acc: 0.9883
loss: 0.0468, acc: 0.9870
> val_acc: 0.7053, val_f1: 0.6356
>>>>>>>>>>>>>>>>>>>>>>>>>>>>>>>>>>>>>>>>>>>>>>>>>>>>>>>>>>>>>>>>>>>>>>>>>>>>>>>>>>>>>>>>>>>>>>>>>>>>
epoch: 57
loss: 0.0476, acc: 0.9922
loss: 0.0504, acc: 0.9896
loss: 0.0452, acc: 0.9888
loss: 0.0484, acc: 0.9901
loss: 0.0514, acc: 0.9896
loss: 0.0529, acc: 0.9860
loss: 0.0530, acc: 0.9862
loss: 0.0506, acc: 0.9872
loss: 0.0508, acc: 0.9872
loss: 0.0478, acc: 0.9885
loss: 0.0471, acc: 0.9890
loss: 0.0456, acc: 0.9899
loss: 0.0468, acc: 0.9897
loss: 0.0460, acc: 0.9900
> val_acc: 0.6928, val_f1: 0.6121
>>>>>>>>>>>>>>>>>>>>>>>>>>>>>>>>>>>>>>>>>>>>>>>>>>>>>>>>>>>>>>>>>>>>>>>>>>>>>>>>>>>>>>>>>>>>>>>>>>>>
epoch: 58
loss: 0.0102, acc: 1.0000
loss: 0.0353, acc: 0.9948
loss: 0.0314, acc: 0.9972
loss: 0.0362, acc: 0.9941
loss: 0.0377, acc: 0.9926
loss: 0.0403, acc: 0.9916
loss: 0.0395, acc: 0.9909
loss: 0.0412, acc: 0.9887
loss: 0.0413, acc: 0.9886
loss: 0.0403, acc: 0.9891
loss: 0.0420, acc: 0.9884
loss: 0.0415, acc: 0.9888
loss: 0.0408, acc: 0.9892
loss: 0.0409, acc: 0.9891
loss: 0.0421, acc: 0.9890
> val_acc: 0.6991, val_f1: 0.6213
>>>>>>>>>>>>>>>>>>>>>>>>>>>>>>>>>>>>>>>>>>>>>>>>>>>>>>>>>>>>>>>>>>>>>>>>>>>>>>>>>>>>>>>>>>>>>>>>>>>>
epoch: 59
loss: 0.0312, acc: 1.0000
loss: 0.0355, acc: 0.9961
loss: 0.0377, acc: 0.9928
loss: 0.0365, acc: 0.9931
loss: 0.0432, acc: 0.9878
loss: 0.0434, acc: 0.9866
loss: 0.0424, acc: 0.9877
loss: 0.0439, acc: 0.9868
loss: 0.0466, acc: 0.9862
loss: 0.0464, acc: 0.9863
loss: 0.0450, acc: 0.9876
loss: 0.0450, acc: 0.9876
loss: 0.0447, acc: 0.9871
loss: 0.0448, acc: 0.9876
loss: 0.0447, acc: 0.9875
> val_acc: 0.6991, val_f1: 0.6227
>>>>>>>>>>>>>>>>>>>>>>>>>>>>>>>>>>>>>>>>>>>>>>>>>>>>>>>>>>>>>>>>>>>>>>>>>>>>>>>>>>>>>>>>>>>>>>>>>>>>
epoch: 60
loss: 0.0482, acc: 0.9812
loss: 0.0482, acc: 0.9844
loss: 0.0405, acc: 0.9875
loss: 0.0389, acc: 0.9875
loss: 0.0412, acc: 0.9875
loss: 0.0422, acc: 0.9875
loss: 0.0425, acc: 0.9875
loss: 0.0401, acc: 0.9883
loss: 0.0419, acc: 0.9875
loss: 0.0426, acc: 0.9869
loss: 0.0429, acc: 0.9875
loss: 0.0427, acc: 0.9880
loss: 0.0420, acc: 0.9885
loss: 0.0414, acc: 0.9884
> val_acc: 0.6881, val_f1: 0.6069
>>>>>>>>>>>>>>>>>>>>>>>>>>>>>>>>>>>>>>>>>>>>>>>>>>>>>>>>>>>>>>>>>>>>>>>>>>>>>>>>>>>>>>>>>>>>>>>>>>>>
epoch: 61
loss: 0.0530, acc: 0.9844
loss: 0.0462, acc: 0.9866
loss: 0.0457, acc: 0.9870
loss: 0.0452, acc: 0.9871
loss: 0.0445, acc: 0.9858
loss: 0.0472, acc: 0.9826
loss: 0.0482, acc: 0.9814
loss: 0.0490, acc: 0.9823
loss: 0.0493, acc: 0.9836
loss: 0.0477, acc: 0.9854
loss: 0.0469, acc: 0.9850
loss: 0.0454, acc: 0.9857
loss: 0.0453, acc: 0.9859
loss: 0.0444, acc: 0.9865
loss: 0.0450, acc: 0.9865
> val_acc: 0.6928, val_f1: 0.6156
>>>>>>>>>>>>>>>>>>>>>>>>>>>>>>>>>>>>>>>>>>>>>>>>>>>>>>>>>>>>>>>>>>>>>>>>>>>>>>>>>>>>>>>>>>>>>>>>>>>>
epoch: 62
loss: 0.0552, acc: 0.9922
loss: 0.0510, acc: 0.9896
loss: 0.0571, acc: 0.9844
loss: 0.0506, acc: 0.9868
loss: 0.0508, acc: 0.9844
loss: 0.0510, acc: 0.9838
loss: 0.0459, acc: 0.9862
loss: 0.0433, acc: 0.9880
loss: 0.0426, acc: 0.9879
loss: 0.0457, acc: 0.9860
loss: 0.0459, acc: 0.9861
loss: 0.0466, acc: 0.9857
loss: 0.0485, acc: 0.9854
loss: 0.0474, acc: 0.9855
> val_acc: 0.6928, val_f1: 0.6124
>>>>>>>>>>>>>>>>>>>>>>>>>>>>>>>>>>>>>>>>>>>>>>>>>>>>>>>>>>>>>>>>>>>>>>>>>>>>>>>>>>>>>>>>>>>>>>>>>>>>
epoch: 63
loss: 0.0156, acc: 1.0000
loss: 0.0297, acc: 0.9948
loss: 0.0295, acc: 0.9943
loss: 0.0342, acc: 0.9922
loss: 0.0376, acc: 0.9896
loss: 0.0365, acc: 0.9904
loss: 0.0379, acc: 0.9909
loss: 0.0363, acc: 0.9922
loss: 0.0421, acc: 0.9893
loss: 0.0437, acc: 0.9864
loss: 0.0423, acc: 0.9871
loss: 0.0446, acc: 0.9866
loss: 0.0466, acc: 0.9846
loss: 0.0456, acc: 0.9853
loss: 0.0467, acc: 0.9850
> val_acc: 0.6928, val_f1: 0.6191
>>>>>>>>>>>>>>>>>>>>>>>>>>>>>>>>>>>>>>>>>>>>>>>>>>>>>>>>>>>>>>>>>>>>>>>>>>>>>>>>>>>>>>>>>>>>>>>>>>>>
epoch: 64
loss: 0.0372, acc: 0.9896
loss: 0.0317, acc: 0.9961
loss: 0.0333, acc: 0.9976
loss: 0.0322, acc: 0.9965
loss: 0.0351, acc: 0.9918
loss: 0.0330, acc: 0.9933
loss: 0.0326, acc: 0.9934
loss: 0.0345, acc: 0.9934
loss: 0.0346, acc: 0.9927
loss: 0.0346, acc: 0.9928
loss: 0.0355, acc: 0.9923
loss: 0.0342, acc: 0.9930
loss: 0.0368, acc: 0.9911
loss: 0.0387, acc: 0.9908
loss: 0.0386, acc: 0.9910
> val_acc: 0.6991, val_f1: 0.6278
>>>>>>>>>>>>>>>>>>>>>>>>>>>>>>>>>>>>>>>>>>>>>>>>>>>>>>>>>>>>>>>>>>>>>>>>>>>>>>>>>>>>>>>>>>>>>>>>>>>>
epoch: 65
loss: 0.0394, acc: 0.9938
loss: 0.0396, acc: 0.9906
loss: 0.0389, acc: 0.9896
loss: 0.0465, acc: 0.9875
loss: 0.0419, acc: 0.9900
loss: 0.0441, acc: 0.9885
loss: 0.0436, acc: 0.9875
loss: 0.0426, acc: 0.9883
loss: 0.0430, acc: 0.9882
loss: 0.0451, acc: 0.9875
loss: 0.0443, acc: 0.9881
loss: 0.0426, acc: 0.9885
loss: 0.0412, acc: 0.9894
loss: 0.0400, acc: 0.9897
> val_acc: 0.6912, val_f1: 0.6118
>>>>>>>>>>>>>>>>>>>>>>>>>>>>>>>>>>>>>>>>>>>>>>>>>>>>>>>>>>>>>>>>>>>>>>>>>>>>>>>>>>>>>>>>>>>>>>>>>>>>
epoch: 66
loss: 0.0431, acc: 0.9844
loss: 0.0399, acc: 0.9866
loss: 0.0340, acc: 0.9922
loss: 0.0380, acc: 0.9890
loss: 0.0344, acc: 0.9915
loss: 0.0407, acc: 0.9884
loss: 0.0399, acc: 0.9893
loss: 0.0381, acc: 0.9907
loss: 0.0374, acc: 0.9911
loss: 0.0374, acc: 0.9907
loss: 0.0366, acc: 0.9910
loss: 0.0391, acc: 0.9896
loss: 0.0407, acc: 0.9884
loss: 0.0409, acc: 0.9879
loss: 0.0415, acc: 0.9874
> val_acc: 0.6897, val_f1: 0.6055
>>>>>>>>>>>>>>>>>>>>>>>>>>>>>>>>>>>>>>>>>>>>>>>>>>>>>>>>>>>>>>>>>>>>>>>>>>>>>>>>>>>>>>>>>>>>>>>>>>>>
epoch: 67
loss: 0.0414, acc: 0.9766
loss: 0.0417, acc: 0.9792
loss: 0.0328, acc: 0.9866
loss: 0.0319, acc: 0.9885
loss: 0.0305, acc: 0.9896
loss: 0.0326, acc: 0.9892
loss: 0.0346, acc: 0.9881
loss: 0.0404, acc: 0.9864
loss: 0.0411, acc: 0.9865
loss: 0.0403, acc: 0.9872
loss: 0.0387, acc: 0.9878
loss: 0.0394, acc: 0.9878
loss: 0.0394, acc: 0.9878
loss: 0.0405, acc: 0.9878
> val_acc: 0.6818, val_f1: 0.5905
>>>>>>>>>>>>>>>>>>>>>>>>>>>>>>>>>>>>>>>>>>>>>>>>>>>>>>>>>>>>>>>>>>>>>>>>>>>>>>>>>>>>>>>>>>>>>>>>>>>>
epoch: 68
loss: 0.0324, acc: 1.0000
loss: 0.0353, acc: 0.9948
loss: 0.0382, acc: 0.9915
loss: 0.0402, acc: 0.9902
loss: 0.0366, acc: 0.9926
loss: 0.0356, acc: 0.9928
loss: 0.0443, acc: 0.9869
loss: 0.0444, acc: 0.9870
loss: 0.0423, acc: 0.9878
loss: 0.0400, acc: 0.9891
loss: 0.0405, acc: 0.9884
loss: 0.0405, acc: 0.9888
loss: 0.0416, acc: 0.9882
loss: 0.0406, acc: 0.9886
loss: 0.0409, acc: 0.9890
> val_acc: 0.6912, val_f1: 0.6111
>>>>>>>>>>>>>>>>>>>>>>>>>>>>>>>>>>>>>>>>>>>>>>>>>>>>>>>>>>>>>>>>>>>>>>>>>>>>>>>>>>>>>>>>>>>>>>>>>>>>
epoch: 69
loss: 0.0287, acc: 1.0000
loss: 0.0371, acc: 0.9883
loss: 0.0470, acc: 0.9880
loss: 0.0452, acc: 0.9878
loss: 0.0449, acc: 0.9891
loss: 0.0447, acc: 0.9888
loss: 0.0442, acc: 0.9886
loss: 0.0425, acc: 0.9885
loss: 0.0420, acc: 0.9884
loss: 0.0441, acc: 0.9883
loss: 0.0422, acc: 0.9894
loss: 0.0413, acc: 0.9892
loss: 0.0407, acc: 0.9896
loss: 0.0398, acc: 0.9903
loss: 0.0401, acc: 0.9901
> val_acc: 0.6865, val_f1: 0.6045
>>>>>>>>>>>>>>>>>>>>>>>>>>>>>>>>>>>>>>>>>>>>>>>>>>>>>>>>>>>>>>>>>>>>>>>>>>>>>>>>>>>>>>>>>>>>>>>>>>>>
epoch: 70
loss: 0.0379, acc: 0.9938
loss: 0.0398, acc: 0.9906
loss: 0.0380, acc: 0.9917
loss: 0.0326, acc: 0.9938
loss: 0.0316, acc: 0.9950
loss: 0.0309, acc: 0.9958
loss: 0.0291, acc: 0.9964
loss: 0.0331, acc: 0.9938
loss: 0.0313, acc: 0.9944
loss: 0.0316, acc: 0.9938
loss: 0.0340, acc: 0.9920
loss: 0.0345, acc: 0.9922
loss: 0.0346, acc: 0.9918
loss: 0.0361, acc: 0.9906
> val_acc: 0.6787, val_f1: 0.5973
>>>>>>>>>>>>>>>>>>>>>>>>>>>>>>>>>>>>>>>>>>>>>>>>>>>>>>>>>>>>>>>>>>>>>>>>>>>>>>>>>>>>>>>>>>>>>>>>>>>>
epoch: 71
loss: 0.0192, acc: 1.0000
loss: 0.0357, acc: 0.9911
loss: 0.0432, acc: 0.9870
loss: 0.0400, acc: 0.9871
loss: 0.0455, acc: 0.9858
loss: 0.0485, acc: 0.9838
loss: 0.0444, acc: 0.9854
loss: 0.0436, acc: 0.9848
loss: 0.0429, acc: 0.9859
loss: 0.0425, acc: 0.9867
loss: 0.0424, acc: 0.9868
loss: 0.0425, acc: 0.9868
loss: 0.0417, acc: 0.9874
loss: 0.0411, acc: 0.9883
loss: 0.0440, acc: 0.9865
> val_acc: 0.6834, val_f1: 0.5926
>>>>>>>>>>>>>>>>>>>>>>>>>>>>>>>>>>>>>>>>>>>>>>>>>>>>>>>>>>>>>>>>>>>>>>>>>>>>>>>>>>>>>>>>>>>>>>>>>>>>
epoch: 72
loss: 0.0587, acc: 0.9766
loss: 0.0405, acc: 0.9896
loss: 0.0414, acc: 0.9888
loss: 0.0437, acc: 0.9868
loss: 0.0458, acc: 0.9870
loss: 0.0454, acc: 0.9871
loss: 0.0437, acc: 0.9881
loss: 0.0401, acc: 0.9896
loss: 0.0382, acc: 0.9908
loss: 0.0439, acc: 0.9892
loss: 0.0424, acc: 0.9902
loss: 0.0431, acc: 0.9899
loss: 0.0429, acc: 0.9902
loss: 0.0421, acc: 0.9909
> val_acc: 0.6771, val_f1: 0.5854
>>>>>>>>>>>>>>>>>>>>>>>>>>>>>>>>>>>>>>>>>>>>>>>>>>>>>>>>>>>>>>>>>>>>>>>>>>>>>>>>>>>>>>>>>>>>>>>>>>>>
epoch: 73
loss: 0.0113, acc: 1.0000
loss: 0.0297, acc: 0.9948
loss: 0.0273, acc: 0.9972
loss: 0.0290, acc: 0.9941
loss: 0.0306, acc: 0.9940
loss: 0.0295, acc: 0.9940
loss: 0.0291, acc: 0.9950
loss: 0.0298, acc: 0.9948
loss: 0.0300, acc: 0.9939
loss: 0.0328, acc: 0.9918
loss: 0.0317, acc: 0.9920
loss: 0.0336, acc: 0.9911
loss: 0.0365, acc: 0.9903
loss: 0.0367, acc: 0.9896
loss: 0.0358, acc: 0.9903
> val_acc: 0.6897, val_f1: 0.6073
>>>>>>>>>>>>>>>>>>>>>>>>>>>>>>>>>>>>>>>>>>>>>>>>>>>>>>>>>>>>>>>>>>>>>>>>>>>>>>>>>>>>>>>>>>>>>>>>>>>>
epoch: 74
loss: 0.0434, acc: 0.9792
loss: 0.0360, acc: 0.9883
loss: 0.0327, acc: 0.9904
loss: 0.0316, acc: 0.9913
loss: 0.0319, acc: 0.9918
loss: 0.0343, acc: 0.9911
loss: 0.0329, acc: 0.9915
loss: 0.0320, acc: 0.9918
loss: 0.0348, acc: 0.9913
loss: 0.0341, acc: 0.9909
loss: 0.0386, acc: 0.9888
loss: 0.0376, acc: 0.9898
loss: 0.0377, acc: 0.9896
loss: 0.0361, acc: 0.9903
loss: 0.0382, acc: 0.9897
> val_acc: 0.6818, val_f1: 0.5890
>>>>>>>>>>>>>>>>>>>>>>>>>>>>>>>>>>>>>>>>>>>>>>>>>>>>>>>>>>>>>>>>>>>>>>>>>>>>>>>>>>>>>>>>>>>>>>>>>>>>
epoch: 75
loss: 0.0483, acc: 0.9875
loss: 0.0367, acc: 0.9906
loss: 0.0373, acc: 0.9896
loss: 0.0379, acc: 0.9891
loss: 0.0354, acc: 0.9912
loss: 0.0399, acc: 0.9885
loss: 0.0400, acc: 0.9875
loss: 0.0402, acc: 0.9883
loss: 0.0377, acc: 0.9896
loss: 0.0361, acc: 0.9906
loss: 0.0364, acc: 0.9903
loss: 0.0377, acc: 0.9896
loss: 0.0367, acc: 0.9904
loss: 0.0379, acc: 0.9897
> val_acc: 0.6787, val_f1: 0.5864
>>>>>>>>>>>>>>>>>>>>>>>>>>>>>>>>>>>>>>>>>>>>>>>>>>>>>>>>>>>>>>>>>>>>>>>>>>>>>>>>>>>>>>>>>>>>>>>>>>>>
epoch: 76
loss: 0.0759, acc: 0.9375
loss: 0.0506, acc: 0.9643
loss: 0.0415, acc: 0.9714
loss: 0.0380, acc: 0.9761
loss: 0.0342, acc: 0.9801
loss: 0.0339, acc: 0.9815
loss: 0.0322, acc: 0.9834
loss: 0.0326, acc: 0.9848
loss: 0.0347, acc: 0.9851
loss: 0.0328, acc: 0.9867
loss: 0.0358, acc: 0.9856
loss: 0.0379, acc: 0.9852
loss: 0.0366, acc: 0.9859
loss: 0.0377, acc: 0.9855
loss: 0.0375, acc: 0.9861
> val_acc: 0.6803, val_f1: 0.5934
>>>>>>>>>>>>>>>>>>>>>>>>>>>>>>>>>>>>>>>>>>>>>>>>>>>>>>>>>>>>>>>>>>>>>>>>>>>>>>>>>>>>>>>>>>>>>>>>>>>>
epoch: 77
loss: 0.0976, acc: 0.9609
loss: 0.0565, acc: 0.9826
loss: 0.0446, acc: 0.9866
loss: 0.0452, acc: 0.9868
loss: 0.0419, acc: 0.9883
loss: 0.0424, acc: 0.9892
loss: 0.0399, acc: 0.9908
loss: 0.0381, acc: 0.9920
loss: 0.0361, acc: 0.9929
loss: 0.0378, acc: 0.9923
loss: 0.0367, acc: 0.9925
loss: 0.0374, acc: 0.9921
loss: 0.0389, acc: 0.9922
loss: 0.0394, acc: 0.9918
> val_acc: 0.6850, val_f1: 0.5998
>>>>>>>>>>>>>>>>>>>>>>>>>>>>>>>>>>>>>>>>>>>>>>>>>>>>>>>>>>>>>>>>>>>>>>>>>>>>>>>>>>>>>>>>>>>>>>>>>>>>
epoch: 78
loss: 0.0136, acc: 1.0000
loss: 0.0237, acc: 0.9948
loss: 0.0247, acc: 0.9943
loss: 0.0236, acc: 0.9961
loss: 0.0298, acc: 0.9926
loss: 0.0304, acc: 0.9928
loss: 0.0308, acc: 0.9929
loss: 0.0346, acc: 0.9913
loss: 0.0371, acc: 0.9901
loss: 0.0389, acc: 0.9905
loss: 0.0365, acc: 0.9914
loss: 0.0360, acc: 0.9911
loss: 0.0370, acc: 0.9903
loss: 0.0370, acc: 0.9901
loss: 0.0353, acc: 0.9908
> val_acc: 0.6928, val_f1: 0.6116
>>>>>>>>>>>>>>>>>>>>>>>>>>>>>>>>>>>>>>>>>>>>>>>>>>>>>>>>>>>>>>>>>>>>>>>>>>>>>>>>>>>>>>>>>>>>>>>>>>>>
epoch: 79
loss: 0.0637, acc: 0.9792
loss: 0.0507, acc: 0.9844
loss: 0.0430, acc: 0.9856
loss: 0.0393, acc: 0.9861
loss: 0.0409, acc: 0.9837
loss: 0.0391, acc: 0.9844
loss: 0.0367, acc: 0.9858
loss: 0.0376, acc: 0.9852
loss: 0.0381, acc: 0.9862
loss: 0.0377, acc: 0.9863
loss: 0.0387, acc: 0.9864
loss: 0.0381, acc: 0.9865
loss: 0.0386, acc: 0.9866
loss: 0.0370, acc: 0.9876
loss: 0.0372, acc: 0.9880
> val_acc: 0.6818, val_f1: 0.5947
>>>>>>>>>>>>>>>>>>>>>>>>>>>>>>>>>>>>>>>>>>>>>>>>>>>>>>>>>>>>>>>>>>>>>>>>>>>>>>>>>>>>>>>>>>>>>>>>>>>>
epoch: 80
loss: 0.0503, acc: 0.9812
loss: 0.0459, acc: 0.9844
loss: 0.0447, acc: 0.9875
loss: 0.0420, acc: 0.9891
loss: 0.0394, acc: 0.9900
loss: 0.0363, acc: 0.9906
loss: 0.0352, acc: 0.9911
loss: 0.0334, acc: 0.9922
loss: 0.0373, acc: 0.9910
loss: 0.0370, acc: 0.9912
loss: 0.0368, acc: 0.9915
loss: 0.0369, acc: 0.9917
loss: 0.0382, acc: 0.9918
loss: 0.0394, acc: 0.9920
> val_acc: 0.6897, val_f1: 0.6087
>>>>>>>>>>>>>>>>>>>>>>>>>>>>>>>>>>>>>>>>>>>>>>>>>>>>>>>>>>>>>>>>>>>>>>>>>>>>>>>>>>>>>>>>>>>>>>>>>>>>
epoch: 81
loss: 0.0414, acc: 0.9844
loss: 0.0476, acc: 0.9911
loss: 0.0349, acc: 0.9948
loss: 0.0328, acc: 0.9945
loss: 0.0291, acc: 0.9957
loss: 0.0298, acc: 0.9954
loss: 0.0303, acc: 0.9941
loss: 0.0330, acc: 0.9932
loss: 0.0370, acc: 0.9933
loss: 0.0376, acc: 0.9934
loss: 0.0377, acc: 0.9928
loss: 0.0385, acc: 0.9923
loss: 0.0370, acc: 0.9929
loss: 0.0384, acc: 0.9921
loss: 0.0383, acc: 0.9918
> val_acc: 0.6850, val_f1: 0.6001
>>>>>>>>>>>>>>>>>>>>>>>>>>>>>>>>>>>>>>>>>>>>>>>>>>>>>>>>>>>>>>>>>>>>>>>>>>>>>>>>>>>>>>>>>>>>>>>>>>>>
epoch: 82
loss: 0.0135, acc: 1.0000
loss: 0.0222, acc: 0.9965
loss: 0.0325, acc: 0.9911
loss: 0.0301, acc: 0.9918
loss: 0.0298, acc: 0.9922
loss: 0.0284, acc: 0.9925
loss: 0.0295, acc: 0.9908
loss: 0.0301, acc: 0.9904
loss: 0.0311, acc: 0.9908
loss: 0.0332, acc: 0.9911
loss: 0.0346, acc: 0.9902
loss: 0.0349, acc: 0.9905
loss: 0.0373, acc: 0.9897
loss: 0.0398, acc: 0.9887
> val_acc: 0.6865, val_f1: 0.6038
>>>>>>>>>>>>>>>>>>>>>>>>>>>>>>>>>>>>>>>>>>>>>>>>>>>>>>>>>>>>>>>>>>>>>>>>>>>>>>>>>>>>>>>>>>>>>>>>>>>>
epoch: 83
loss: 0.0296, acc: 1.0000
loss: 0.0430, acc: 0.9896
loss: 0.0365, acc: 0.9943
loss: 0.0358, acc: 0.9922
loss: 0.0326, acc: 0.9940
loss: 0.0308, acc: 0.9952
loss: 0.0327, acc: 0.9940
loss: 0.0328, acc: 0.9939
loss: 0.0381, acc: 0.9901
loss: 0.0366, acc: 0.9905
loss: 0.0376, acc: 0.9890
loss: 0.0370, acc: 0.9888
loss: 0.0358, acc: 0.9892
loss: 0.0373, acc: 0.9891
loss: 0.0370, acc: 0.9890
> val_acc: 0.6818, val_f1: 0.5893
>>>>>>>>>>>>>>>>>>>>>>>>>>>>>>>>>>>>>>>>>>>>>>>>>>>>>>>>>>>>>>>>>>>>>>>>>>>>>>>>>>>>>>>>>>>>>>>>>>>>
epoch: 84
loss: 0.0220, acc: 1.0000
loss: 0.0330, acc: 0.9883
loss: 0.0361, acc: 0.9904
loss: 0.0325, acc: 0.9913
loss: 0.0331, acc: 0.9905
loss: 0.0327, acc: 0.9900
loss: 0.0331, acc: 0.9886
loss: 0.0314, acc: 0.9901
loss: 0.0314, acc: 0.9891
loss: 0.0294, acc: 0.9902
loss: 0.0291, acc: 0.9906
loss: 0.0290, acc: 0.9908
loss: 0.0282, acc: 0.9911
loss: 0.0284, acc: 0.9913
loss: 0.0293, acc: 0.9910
> val_acc: 0.6850, val_f1: 0.5987
>>>>>>>>>>>>>>>>>>>>>>>>>>>>>>>>>>>>>>>>>>>>>>>>>>>>>>>>>>>>>>>>>>>>>>>>>>>>>>>>>>>>>>>>>>>>>>>>>>>>
epoch: 85
loss: 0.0369, acc: 0.9875
loss: 0.0370, acc: 0.9906
loss: 0.0315, acc: 0.9938
loss: 0.0354, acc: 0.9906
loss: 0.0320, acc: 0.9912
loss: 0.0324, acc: 0.9917
loss: 0.0351, acc: 0.9902
loss: 0.0335, acc: 0.9914
loss: 0.0388, acc: 0.9889
loss: 0.0383, acc: 0.9888
loss: 0.0383, acc: 0.9892
loss: 0.0380, acc: 0.9891
loss: 0.0383, acc: 0.9889
loss: 0.0377, acc: 0.9893
> val_acc: 0.6755, val_f1: 0.5876
>>>>>>>>>>>>>>>>>>>>>>>>>>>>>>>>>>>>>>>>>>>>>>>>>>>>>>>>>>>>>>>>>>>>>>>>>>>>>>>>>>>>>>>>>>>>>>>>>>>>
epoch: 86
loss: 0.0253, acc: 1.0000
loss: 0.0407, acc: 0.9866
loss: 0.0384, acc: 0.9870
loss: 0.0364, acc: 0.9890
loss: 0.0354, acc: 0.9901
loss: 0.0355, acc: 0.9896
loss: 0.0328, acc: 0.9912
loss: 0.0335, acc: 0.9916
loss: 0.0336, acc: 0.9918
loss: 0.0347, acc: 0.9907
loss: 0.0340, acc: 0.9916
loss: 0.0346, acc: 0.9912
loss: 0.0346, acc: 0.9909
loss: 0.0357, acc: 0.9907
loss: 0.0348, acc: 0.9913
> val_acc: 0.6834, val_f1: 0.6014
>>>>>>>>>>>>>>>>>>>>>>>>>>>>>>>>>>>>>>>>>>>>>>>>>>>>>>>>>>>>>>>>>>>>>>>>>>>>>>>>>>>>>>>>>>>>>>>>>>>>
epoch: 87
loss: 0.0365, acc: 0.9922
loss: 0.0290, acc: 0.9965
loss: 0.0272, acc: 0.9978
loss: 0.0269, acc: 0.9967
loss: 0.0325, acc: 0.9935
loss: 0.0361, acc: 0.9914
loss: 0.0322, acc: 0.9926
loss: 0.0331, acc: 0.9928
loss: 0.0325, acc: 0.9929
loss: 0.0323, acc: 0.9930
loss: 0.0323, acc: 0.9925
loss: 0.0337, acc: 0.9921
loss: 0.0328, acc: 0.9927
loss: 0.0336, acc: 0.9923
> val_acc: 0.6787, val_f1: 0.5904
>>>>>>>>>>>>>>>>>>>>>>>>>>>>>>>>>>>>>>>>>>>>>>>>>>>>>>>>>>>>>>>>>>>>>>>>>>>>>>>>>>>>>>>>>>>>>>>>>>>>
epoch: 88
loss: 0.0326, acc: 1.0000
loss: 0.0336, acc: 0.9948
loss: 0.0316, acc: 0.9943
loss: 0.0344, acc: 0.9941
loss: 0.0306, acc: 0.9955
loss: 0.0289, acc: 0.9964
loss: 0.0288, acc: 0.9950
loss: 0.0304, acc: 0.9939
loss: 0.0293, acc: 0.9947
loss: 0.0294, acc: 0.9946
loss: 0.0288, acc: 0.9951
loss: 0.0294, acc: 0.9944
loss: 0.0299, acc: 0.9939
loss: 0.0296, acc: 0.9938
loss: 0.0287, acc: 0.9943
> val_acc: 0.6865, val_f1: 0.6063
>>>>>>>>>>>>>>>>>>>>>>>>>>>>>>>>>>>>>>>>>>>>>>>>>>>>>>>>>>>>>>>>>>>>>>>>>>>>>>>>>>>>>>>>>>>>>>>>>>>>
epoch: 89
loss: 0.0269, acc: 0.9896
loss: 0.0329, acc: 0.9844
loss: 0.0469, acc: 0.9832
loss: 0.0414, acc: 0.9861
loss: 0.0371, acc: 0.9891
loss: 0.0390, acc: 0.9866
loss: 0.0380, acc: 0.9877
loss: 0.0409, acc: 0.9877
loss: 0.0409, acc: 0.9876
loss: 0.0405, acc: 0.9876
loss: 0.0389, acc: 0.9882
loss: 0.0388, acc: 0.9887
loss: 0.0376, acc: 0.9891
loss: 0.0367, acc: 0.9894
loss: 0.0373, acc: 0.9893
> val_acc: 0.6787, val_f1: 0.5945
>>>>>>>>>>>>>>>>>>>>>>>>>>>>>>>>>>>>>>>>>>>>>>>>>>>>>>>>>>>>>>>>>>>>>>>>>>>>>>>>>>>>>>>>>>>>>>>>>>>>
epoch: 90
loss: 0.0471, acc: 0.9812
loss: 0.0360, acc: 0.9875
loss: 0.0319, acc: 0.9896
loss: 0.0359, acc: 0.9891
loss: 0.0324, acc: 0.9912
loss: 0.0308, acc: 0.9927
loss: 0.0302, acc: 0.9929
loss: 0.0317, acc: 0.9922
loss: 0.0314, acc: 0.9917
loss: 0.0319, acc: 0.9919
loss: 0.0322, acc: 0.9909
loss: 0.0317, acc: 0.9911
loss: 0.0345, acc: 0.9899
loss: 0.0358, acc: 0.9893
> val_acc: 0.6818, val_f1: 0.5955
>>>>>>>>>>>>>>>>>>>>>>>>>>>>>>>>>>>>>>>>>>>>>>>>>>>>>>>>>>>>>>>>>>>>>>>>>>>>>>>>>>>>>>>>>>>>>>>>>>>>
epoch: 91
loss: 0.0636, acc: 0.9844
loss: 0.0359, acc: 0.9911
loss: 0.0336, acc: 0.9896
loss: 0.0282, acc: 0.9926
loss: 0.0297, acc: 0.9929
loss: 0.0278, acc: 0.9942
loss: 0.0304, acc: 0.9932
loss: 0.0342, acc: 0.9932
loss: 0.0355, acc: 0.9926
loss: 0.0373, acc: 0.9900
loss: 0.0361, acc: 0.9904
loss: 0.0393, acc: 0.9890
loss: 0.0396, acc: 0.9884
loss: 0.0388, acc: 0.9888
loss: 0.0384, acc: 0.9887
> val_acc: 0.6850, val_f1: 0.6001
>>>>>>>>>>>>>>>>>>>>>>>>>>>>>>>>>>>>>>>>>>>>>>>>>>>>>>>>>>>>>>>>>>>>>>>>>>>>>>>>>>>>>>>>>>>>>>>>>>>>
epoch: 92
loss: 0.0537, acc: 0.9844
loss: 0.0328, acc: 0.9931
loss: 0.0307, acc: 0.9933
loss: 0.0286, acc: 0.9934
loss: 0.0336, acc: 0.9922
loss: 0.0320, acc: 0.9925
loss: 0.0309, acc: 0.9936
loss: 0.0323, acc: 0.9928
loss: 0.0320, acc: 0.9929
loss: 0.0316, acc: 0.9930
loss: 0.0347, acc: 0.9919
loss: 0.0339, acc: 0.9915
loss: 0.0328, acc: 0.9917
loss: 0.0328, acc: 0.9914
> val_acc: 0.6850, val_f1: 0.6027
>>>>>>>>>>>>>>>>>>>>>>>>>>>>>>>>>>>>>>>>>>>>>>>>>>>>>>>>>>>>>>>>>>>>>>>>>>>>>>>>>>>>>>>>>>>>>>>>>>>>
epoch: 93
loss: 0.0569, acc: 1.0000
loss: 0.0283, acc: 0.9948
loss: 0.0225, acc: 0.9972
loss: 0.0243, acc: 0.9961
loss: 0.0333, acc: 0.9926
loss: 0.0322, acc: 0.9928
loss: 0.0346, acc: 0.9909
loss: 0.0358, acc: 0.9913
loss: 0.0339, acc: 0.9924
loss: 0.0326, acc: 0.9925
loss: 0.0331, acc: 0.9926
loss: 0.0357, acc: 0.9916
loss: 0.0345, acc: 0.9923
loss: 0.0347, acc: 0.9924
loss: 0.0344, acc: 0.9925
> val_acc: 0.6865, val_f1: 0.6067
>>>>>>>>>>>>>>>>>>>>>>>>>>>>>>>>>>>>>>>>>>>>>>>>>>>>>>>>>>>>>>>>>>>>>>>>>>>>>>>>>>>>>>>>>>>>>>>>>>>>
epoch: 94
loss: 0.0260, acc: 0.9896
loss: 0.0244, acc: 0.9961
loss: 0.0239, acc: 0.9952
loss: 0.0252, acc: 0.9948
loss: 0.0279, acc: 0.9932
loss: 0.0259, acc: 0.9933
loss: 0.0297, acc: 0.9905
loss: 0.0303, acc: 0.9901
loss: 0.0314, acc: 0.9898
loss: 0.0320, acc: 0.9896
loss: 0.0336, acc: 0.9894
loss: 0.0319, acc: 0.9903
loss: 0.0325, acc: 0.9901
loss: 0.0311, acc: 0.9908
loss: 0.0313, acc: 0.9905
> val_acc: 0.6755, val_f1: 0.5836
>>>>>>>>>>>>>>>>>>>>>>>>>>>>>>>>>>>>>>>>>>>>>>>>>>>>>>>>>>>>>>>>>>>>>>>>>>>>>>>>>>>>>>>>>>>>>>>>>>>>
epoch: 95
loss: 0.0346, acc: 0.9938
loss: 0.0284, acc: 0.9969
loss: 0.0247, acc: 0.9979
loss: 0.0270, acc: 0.9969
loss: 0.0303, acc: 0.9938
loss: 0.0307, acc: 0.9927
loss: 0.0314, acc: 0.9929
loss: 0.0316, acc: 0.9922
loss: 0.0328, acc: 0.9917
loss: 0.0316, acc: 0.9925
loss: 0.0344, acc: 0.9909
loss: 0.0366, acc: 0.9896
loss: 0.0355, acc: 0.9899
loss: 0.0364, acc: 0.9897
> val_acc: 0.6865, val_f1: 0.6019
>>>>>>>>>>>>>>>>>>>>>>>>>>>>>>>>>>>>>>>>>>>>>>>>>>>>>>>>>>>>>>>>>>>>>>>>>>>>>>>>>>>>>>>>>>>>>>>>>>>>
epoch: 96
loss: 0.0157, acc: 1.0000
loss: 0.0233, acc: 0.9955
loss: 0.0242, acc: 0.9948
loss: 0.0274, acc: 0.9945
loss: 0.0278, acc: 0.9943
loss: 0.0288, acc: 0.9931
loss: 0.0277, acc: 0.9932
loss: 0.0261, acc: 0.9941
loss: 0.0257, acc: 0.9940
loss: 0.0254, acc: 0.9940
loss: 0.0259, acc: 0.9934
loss: 0.0260, acc: 0.9934
loss: 0.0258, acc: 0.9934
loss: 0.0254, acc: 0.9935
loss: 0.0282, acc: 0.9922
> val_acc: 0.6865, val_f1: 0.6067
>>>>>>>>>>>>>>>>>>>>>>>>>>>>>>>>>>>>>>>>>>>>>>>>>>>>>>>>>>>>>>>>>>>>>>>>>>>>>>>>>>>>>>>>>>>>>>>>>>>>
epoch: 97
loss: 0.0361, acc: 0.9766
loss: 0.0347, acc: 0.9861
loss: 0.0331, acc: 0.9866
loss: 0.0312, acc: 0.9885
loss: 0.0330, acc: 0.9870
loss: 0.0322, acc: 0.9871
loss: 0.0356, acc: 0.9862
loss: 0.0342, acc: 0.9880
loss: 0.0324, acc: 0.9886
loss: 0.0339, acc: 0.9892
loss: 0.0361, acc: 0.9890
loss: 0.0353, acc: 0.9894
loss: 0.0343, acc: 0.9902
loss: 0.0329, acc: 0.9905
> val_acc: 0.6803, val_f1: 0.5981
>>>>>>>>>>>>>>>>>>>>>>>>>>>>>>>>>>>>>>>>>>>>>>>>>>>>>>>>>>>>>>>>>>>>>>>>>>>>>>>>>>>>>>>>>>>>>>>>>>>>
epoch: 98
loss: 0.0431, acc: 1.0000
loss: 0.0294, acc: 1.0000
loss: 0.0284, acc: 0.9972
loss: 0.0255, acc: 0.9980
loss: 0.0254, acc: 0.9970
loss: 0.0312, acc: 0.9940
loss: 0.0329, acc: 0.9909
loss: 0.0320, acc: 0.9905
loss: 0.0334, acc: 0.9901
loss: 0.0355, acc: 0.9898
loss: 0.0369, acc: 0.9902
loss: 0.0357, acc: 0.9911
loss: 0.0348, acc: 0.9918
loss: 0.0346, acc: 0.9924
loss: 0.0336, acc: 0.9930
> val_acc: 0.6818, val_f1: 0.5983
>>>>>>>>>>>>>>>>>>>>>>>>>>>>>>>>>>>>>>>>>>>>>>>>>>>>>>>>>>>>>>>>>>>>>>>>>>>>>>>>>>>>>>>>>>>>>>>>>>>>
epoch: 99
loss: 0.0553, acc: 0.9688
loss: 0.0383, acc: 0.9844
loss: 0.0317, acc: 0.9904
loss: 0.0303, acc: 0.9913
loss: 0.0322, acc: 0.9891
loss: 0.0303, acc: 0.9911
loss: 0.0308, acc: 0.9905
loss: 0.0326, acc: 0.9893
loss: 0.0375, acc: 0.9884
loss: 0.0371, acc: 0.9889
loss: 0.0360, acc: 0.9894
loss: 0.0340, acc: 0.9903
loss: 0.0345, acc: 0.9901
loss: 0.0332, acc: 0.9908
loss: 0.0323, acc: 0.9914
> val_acc: 0.6850, val_f1: 0.6015
>> test_acc: 0.7194, test_f1: 0.6665
