cuda memory allocated: 8836608
n_trainable_params: 1766003, n_nontrainable_params: 441200
> training arguments:
>>> model_name: gc_ian
>>> dataset: restaurant
>>> optimizer: <class 'torch.optim.adagrad.Adagrad'>
>>> initializer: <function xavier_uniform_ at 0x00000180825D76A8>
>>> learning_rate: 0.01
>>> momentum: 0.95
>>> dropout: 0.5
>>> l2reg: 5e-05
>>> num_epoch: 30
>>> batch_size: 32
>>> log_step: 5
>>> embed_dim: 100
>>> hidden_dim: 300
>>> bert_dim: 768
>>> pretrained_bert_name: bert-base-uncased
>>> embeddings: d
>>> max_seq_len: 80
>>> polarities_dim: 3
>>> hops: 3
>>> device: cuda
>>> seed: 10
>>> valset_ratio: 0
>>> num_layers: 1
>>> in_channels: 100
>>> out_channels: 1
>>> downbot: 20
>>> kernel_size: 3
>>> glove_path: ./embeddings/glove.840B.300d.txt
>>> embedding_matrix_path: gen_data/embeddings/100_restaurant_domain_embedding_matrix.dat
>>> model_class: <class 'models.gc_ian.GC_IAN'>
>>> dataset_file: {'train': './datasets/semeval14/Restaurants_Train.xml.seg', 'test': './datasets/semeval14/Restaurants_Test_Gold.xml.seg'}
>>> inputs_cols: ['text_raw_indices', 'aspect_indices']
>>>>>>>>>>>>>>>>>>>>>>>>>>>>>>>>>>>>>>>>>>>>>>>>>>>>>>>>>>>>>>>>>>>>>>>>>>>>>>>>>>>>>>>>>>>>>>>>>>>>
epoch: 0
loss: 1.1812, acc: 0.5250
loss: 1.0567, acc: 0.5594
loss: 1.0028, acc: 0.5792
loss: 0.9673, acc: 0.5922
loss: 0.9252, acc: 0.6062
loss: 0.9010, acc: 0.6177
loss: 0.8864, acc: 0.6286
loss: 0.8676, acc: 0.6359
loss: 0.8555, acc: 0.6410
loss: 0.8417, acc: 0.6450
loss: 0.8309, acc: 0.6500
loss: 0.8207, acc: 0.6552
loss: 0.8125, acc: 0.6591
loss: 0.8123, acc: 0.6558
loss: 0.8076, acc: 0.6579
loss: 0.8041, acc: 0.6609
loss: 0.7974, acc: 0.6625
loss: 0.7865, acc: 0.6670
loss: 0.7845, acc: 0.6687
loss: 0.7808, acc: 0.6709
loss: 0.7743, acc: 0.6729
loss: 0.7721, acc: 0.6744
> val_acc: 0.7804, val_f1: 0.6082
>> saved: state_dict/gc_ian_restaurant_val_acc0.7804
>>>>>>>>>>>>>>>>>>>>>>>>>>>>>>>>>>>>>>>>>>>>>>>>>>>>>>>>>>>>>>>>>>>>>>>>>>>>>>>>>>>>>>>>>>>>>>>>>>>>
epoch: 1
loss: 0.6071, acc: 0.7344
loss: 0.5765, acc: 0.7902
loss: 0.6279, acc: 0.7474
loss: 0.6034, acc: 0.7537
loss: 0.6031, acc: 0.7528
loss: 0.5896, acc: 0.7604
loss: 0.5907, acc: 0.7568
loss: 0.5849, acc: 0.7610
loss: 0.5821, acc: 0.7641
loss: 0.5759, acc: 0.7699
loss: 0.5721, acc: 0.7740
loss: 0.5749, acc: 0.7708
loss: 0.5734, acc: 0.7727
loss: 0.5680, acc: 0.7771
loss: 0.5727, acc: 0.7747
loss: 0.5714, acc: 0.7764
loss: 0.5709, acc: 0.7759
loss: 0.5722, acc: 0.7741
loss: 0.5710, acc: 0.7728
loss: 0.5686, acc: 0.7738
loss: 0.5705, acc: 0.7733
loss: 0.5695, acc: 0.7731
loss: 0.5676, acc: 0.7734
> val_acc: 0.7982, val_f1: 0.6768
>> saved: state_dict/gc_ian_restaurant_val_acc0.7982
>>>>>>>>>>>>>>>>>>>>>>>>>>>>>>>>>>>>>>>>>>>>>>>>>>>>>>>>>>>>>>>>>>>>>>>>>>>>>>>>>>>>>>>>>>>>>>>>>>>>
epoch: 2
loss: 0.6107, acc: 0.7344
loss: 0.5704, acc: 0.7812
loss: 0.5498, acc: 0.7879
loss: 0.5243, acc: 0.8059
loss: 0.5278, acc: 0.7982
loss: 0.5104, acc: 0.8050
loss: 0.5050, acc: 0.8070
loss: 0.5208, acc: 0.8053
loss: 0.5246, acc: 0.8018
loss: 0.5243, acc: 0.8017
loss: 0.5186, acc: 0.8056
loss: 0.5100, acc: 0.8083
loss: 0.5098, acc: 0.8081
loss: 0.5070, acc: 0.8084
loss: 0.5037, acc: 0.8087
loss: 0.5010, acc: 0.8105
loss: 0.5017, acc: 0.8088
loss: 0.5010, acc: 0.8086
loss: 0.5036, acc: 0.8078
loss: 0.5035, acc: 0.8071
loss: 0.5028, acc: 0.8065
loss: 0.5009, acc: 0.8065
> val_acc: 0.7911, val_f1: 0.6520
>>>>>>>>>>>>>>>>>>>>>>>>>>>>>>>>>>>>>>>>>>>>>>>>>>>>>>>>>>>>>>>>>>>>>>>>>>>>>>>>>>>>>>>>>>>>>>>>>>>>
epoch: 3
loss: 0.4665, acc: 0.8438
loss: 0.4255, acc: 0.8281
loss: 0.4055, acc: 0.8523
loss: 0.4225, acc: 0.8418
loss: 0.4349, acc: 0.8408
loss: 0.4280, acc: 0.8438
loss: 0.4354, acc: 0.8427
loss: 0.4358, acc: 0.8438
loss: 0.4321, acc: 0.8422
loss: 0.4314, acc: 0.8431
loss: 0.4354, acc: 0.8431
loss: 0.4385, acc: 0.8415
loss: 0.4406, acc: 0.8381
loss: 0.4394, acc: 0.8395
loss: 0.4443, acc: 0.8376
loss: 0.4507, acc: 0.8351
loss: 0.4533, acc: 0.8337
loss: 0.4513, acc: 0.8354
loss: 0.4521, acc: 0.8365
loss: 0.4542, acc: 0.8346
loss: 0.4539, acc: 0.8338
loss: 0.4520, acc: 0.8346
loss: 0.4525, acc: 0.8339
> val_acc: 0.8027, val_f1: 0.6951
>> saved: state_dict/gc_ian_restaurant_val_acc0.8027
>>>>>>>>>>>>>>>>>>>>>>>>>>>>>>>>>>>>>>>>>>>>>>>>>>>>>>>>>>>>>>>>>>>>>>>>>>>>>>>>>>>>>>>>>>>>>>>>>>>>
epoch: 4
loss: 0.5288, acc: 0.8333
loss: 0.4685, acc: 0.8359
loss: 0.4901, acc: 0.8149
loss: 0.4773, acc: 0.8229
loss: 0.4571, acc: 0.8288
loss: 0.4400, acc: 0.8393
loss: 0.4421, acc: 0.8371
loss: 0.4447, acc: 0.8339
loss: 0.4390, acc: 0.8358
loss: 0.4374, acc: 0.8340
loss: 0.4281, acc: 0.8384
loss: 0.4253, acc: 0.8394
loss: 0.4207, acc: 0.8403
loss: 0.4194, acc: 0.8401
loss: 0.4183, acc: 0.8408
loss: 0.4131, acc: 0.8442
loss: 0.4123, acc: 0.8449
loss: 0.4137, acc: 0.8434
loss: 0.4106, acc: 0.8448
loss: 0.4099, acc: 0.8463
loss: 0.4112, acc: 0.8459
loss: 0.4119, acc: 0.8455
loss: 0.4140, acc: 0.8445
> val_acc: 0.7982, val_f1: 0.6776
>>>>>>>>>>>>>>>>>>>>>>>>>>>>>>>>>>>>>>>>>>>>>>>>>>>>>>>>>>>>>>>>>>>>>>>>>>>>>>>>>>>>>>>>>>>>>>>>>>>>
epoch: 5
loss: 0.4026, acc: 0.8625
loss: 0.4171, acc: 0.8562
loss: 0.3815, acc: 0.8708
loss: 0.3877, acc: 0.8656
loss: 0.3928, acc: 0.8600
loss: 0.3969, acc: 0.8615
loss: 0.3929, acc: 0.8634
loss: 0.3926, acc: 0.8609
loss: 0.3931, acc: 0.8597
loss: 0.3941, acc: 0.8581
loss: 0.3938, acc: 0.8585
loss: 0.3967, acc: 0.8557
loss: 0.3960, acc: 0.8558
loss: 0.3955, acc: 0.8545
loss: 0.3940, acc: 0.8546
loss: 0.3932, acc: 0.8559
loss: 0.3964, acc: 0.8544
loss: 0.3959, acc: 0.8531
loss: 0.3934, acc: 0.8539
loss: 0.3958, acc: 0.8531
loss: 0.3942, acc: 0.8545
loss: 0.3932, acc: 0.8548
> val_acc: 0.7937, val_f1: 0.6619
>>>>>>>>>>>>>>>>>>>>>>>>>>>>>>>>>>>>>>>>>>>>>>>>>>>>>>>>>>>>>>>>>>>>>>>>>>>>>>>>>>>>>>>>>>>>>>>>>>>>
epoch: 6
loss: 0.3540, acc: 0.8594
loss: 0.3409, acc: 0.8705
loss: 0.3501, acc: 0.8724
loss: 0.3606, acc: 0.8640
loss: 0.3553, acc: 0.8665
loss: 0.3518, acc: 0.8727
loss: 0.3537, acc: 0.8730
loss: 0.3583, acc: 0.8699
loss: 0.3555, acc: 0.8720
loss: 0.3551, acc: 0.8743
loss: 0.3539, acc: 0.8762
loss: 0.3535, acc: 0.8728
loss: 0.3539, acc: 0.8720
loss: 0.3589, acc: 0.8689
loss: 0.3618, acc: 0.8676
loss: 0.3604, acc: 0.8681
loss: 0.3611, acc: 0.8662
loss: 0.3624, acc: 0.8642
loss: 0.3628, acc: 0.8651
loss: 0.3626, acc: 0.8657
loss: 0.3633, acc: 0.8652
loss: 0.3652, acc: 0.8645
loss: 0.3630, acc: 0.8658
> val_acc: 0.7902, val_f1: 0.6555
>>>>>>>>>>>>>>>>>>>>>>>>>>>>>>>>>>>>>>>>>>>>>>>>>>>>>>>>>>>>>>>>>>>>>>>>>>>>>>>>>>>>>>>>>>>>>>>>>>>>
epoch: 7
loss: 0.2600, acc: 0.9219
loss: 0.2874, acc: 0.9167
loss: 0.2741, acc: 0.9174
loss: 0.2884, acc: 0.9095
loss: 0.3145, acc: 0.8932
loss: 0.3281, acc: 0.8815
loss: 0.3402, acc: 0.8759
loss: 0.3400, acc: 0.8758
loss: 0.3402, acc: 0.8743
loss: 0.3357, acc: 0.8795
loss: 0.3411, acc: 0.8762
loss: 0.3401, acc: 0.8755
loss: 0.3408, acc: 0.8760
loss: 0.3421, acc: 0.8736
loss: 0.3403, acc: 0.8746
loss: 0.3398, acc: 0.8754
loss: 0.3425, acc: 0.8750
loss: 0.3400, acc: 0.8764
loss: 0.3397, acc: 0.8753
loss: 0.3436, acc: 0.8741
loss: 0.3455, acc: 0.8723
loss: 0.3435, acc: 0.8718
> val_acc: 0.7893, val_f1: 0.6514
>>>>>>>>>>>>>>>>>>>>>>>>>>>>>>>>>>>>>>>>>>>>>>>>>>>>>>>>>>>>>>>>>>>>>>>>>>>>>>>>>>>>>>>>>>>>>>>>>>>>
epoch: 8
loss: 0.2460, acc: 0.9062
loss: 0.2746, acc: 0.9167
loss: 0.2885, acc: 0.9119
loss: 0.2777, acc: 0.9160
loss: 0.2942, acc: 0.9033
loss: 0.3035, acc: 0.8906
loss: 0.2930, acc: 0.8982
loss: 0.2969, acc: 0.8958
loss: 0.2998, acc: 0.8933
loss: 0.3055, acc: 0.8893
loss: 0.3103, acc: 0.8866
loss: 0.3127, acc: 0.8878
loss: 0.3110, acc: 0.8883
loss: 0.3113, acc: 0.8868
loss: 0.3119, acc: 0.8873
loss: 0.3155, acc: 0.8836
loss: 0.3167, acc: 0.8843
loss: 0.3166, acc: 0.8852
loss: 0.3163, acc: 0.8846
loss: 0.3146, acc: 0.8864
loss: 0.3183, acc: 0.8840
loss: 0.3189, acc: 0.8830
loss: 0.3189, acc: 0.8840
> val_acc: 0.7973, val_f1: 0.6922
>>>>>>>>>>>>>>>>>>>>>>>>>>>>>>>>>>>>>>>>>>>>>>>>>>>>>>>>>>>>>>>>>>>>>>>>>>>>>>>>>>>>>>>>>>>>>>>>>>>>
epoch: 9
loss: 0.3548, acc: 0.8542
loss: 0.3049, acc: 0.8945
loss: 0.3136, acc: 0.8966
loss: 0.3109, acc: 0.9010
loss: 0.3180, acc: 0.8954
loss: 0.3244, acc: 0.8917
loss: 0.3171, acc: 0.8939
loss: 0.3211, acc: 0.8931
loss: 0.3148, acc: 0.8924
loss: 0.3175, acc: 0.8926
loss: 0.3161, acc: 0.8921
loss: 0.3156, acc: 0.8912
loss: 0.3076, acc: 0.8938
loss: 0.3066, acc: 0.8943
loss: 0.3096, acc: 0.8930
loss: 0.3043, acc: 0.8954
loss: 0.3036, acc: 0.8950
loss: 0.2990, acc: 0.8974
loss: 0.2987, acc: 0.8989
loss: 0.3017, acc: 0.8973
loss: 0.3048, acc: 0.8959
loss: 0.3063, acc: 0.8944
loss: 0.3050, acc: 0.8944
> val_acc: 0.7964, val_f1: 0.6727
>>>>>>>>>>>>>>>>>>>>>>>>>>>>>>>>>>>>>>>>>>>>>>>>>>>>>>>>>>>>>>>>>>>>>>>>>>>>>>>>>>>>>>>>>>>>>>>>>>>>
epoch: 10
loss: 0.3122, acc: 0.8625
loss: 0.2824, acc: 0.8938
loss: 0.2834, acc: 0.9021
loss: 0.2936, acc: 0.8984
loss: 0.2975, acc: 0.8950
loss: 0.3047, acc: 0.8906
loss: 0.3025, acc: 0.8902
loss: 0.3048, acc: 0.8883
loss: 0.3042, acc: 0.8889
loss: 0.2995, acc: 0.8906
loss: 0.2997, acc: 0.8915
loss: 0.2974, acc: 0.8917
loss: 0.2954, acc: 0.8938
loss: 0.2899, acc: 0.8964
loss: 0.2898, acc: 0.8967
loss: 0.2876, acc: 0.8980
loss: 0.2897, acc: 0.8974
loss: 0.2880, acc: 0.8986
loss: 0.2881, acc: 0.8977
loss: 0.2877, acc: 0.8972
loss: 0.2909, acc: 0.8970
loss: 0.2942, acc: 0.8955
> val_acc: 0.7982, val_f1: 0.6918
>>>>>>>>>>>>>>>>>>>>>>>>>>>>>>>>>>>>>>>>>>>>>>>>>>>>>>>>>>>>>>>>>>>>>>>>>>>>>>>>>>>>>>>>>>>>>>>>>>>>
epoch: 11
loss: 0.2317, acc: 0.9219
loss: 0.3122, acc: 0.9062
loss: 0.3007, acc: 0.9141
loss: 0.3048, acc: 0.8989
loss: 0.3060, acc: 0.8949
loss: 0.3054, acc: 0.8900
loss: 0.3052, acc: 0.8887
loss: 0.2992, acc: 0.8919
loss: 0.2970, acc: 0.8914
loss: 0.2955, acc: 0.8949
loss: 0.2951, acc: 0.8954
loss: 0.2933, acc: 0.8964
loss: 0.2911, acc: 0.8992
loss: 0.2886, acc: 0.8997
loss: 0.2910, acc: 0.8971
loss: 0.2873, acc: 0.9002
loss: 0.2870, acc: 0.9002
loss: 0.2890, acc: 0.8983
loss: 0.2871, acc: 0.8991
loss: 0.2882, acc: 0.9001
loss: 0.2876, acc: 0.8998
loss: 0.2877, acc: 0.8998
loss: 0.2877, acc: 0.8996
> val_acc: 0.7946, val_f1: 0.6705
>>>>>>>>>>>>>>>>>>>>>>>>>>>>>>>>>>>>>>>>>>>>>>>>>>>>>>>>>>>>>>>>>>>>>>>>>>>>>>>>>>>>>>>>>>>>>>>>>>>>
epoch: 12
loss: 0.2779, acc: 0.9062
loss: 0.2667, acc: 0.9132
loss: 0.2554, acc: 0.9196
loss: 0.2573, acc: 0.9161
loss: 0.2578, acc: 0.9193
loss: 0.2566, acc: 0.9170
loss: 0.2615, acc: 0.9127
loss: 0.2631, acc: 0.9111
loss: 0.2596, acc: 0.9141
loss: 0.2620, acc: 0.9114
loss: 0.2632, acc: 0.9097
loss: 0.2648, acc: 0.9089
loss: 0.2637, acc: 0.9087
loss: 0.2624, acc: 0.9103
loss: 0.2614, acc: 0.9096
loss: 0.2588, acc: 0.9102
loss: 0.2629, acc: 0.9066
loss: 0.2668, acc: 0.9059
loss: 0.2668, acc: 0.9069
loss: 0.2654, acc: 0.9075
loss: 0.2634, acc: 0.9081
loss: 0.2675, acc: 0.9065
> val_acc: 0.8027, val_f1: 0.6946
>>>>>>>>>>>>>>>>>>>>>>>>>>>>>>>>>>>>>>>>>>>>>>>>>>>>>>>>>>>>>>>>>>>>>>>>>>>>>>>>>>>>>>>>>>>>>>>>>>>>
epoch: 13
loss: 0.2311, acc: 0.9062
loss: 0.2187, acc: 0.9271
loss: 0.2117, acc: 0.9290
loss: 0.2215, acc: 0.9238
loss: 0.2288, acc: 0.9211
loss: 0.2466, acc: 0.9123
loss: 0.2518, acc: 0.9113
loss: 0.2480, acc: 0.9123
loss: 0.2537, acc: 0.9055
loss: 0.2552, acc: 0.9056
loss: 0.2532, acc: 0.9056
loss: 0.2532, acc: 0.9068
loss: 0.2579, acc: 0.9042
loss: 0.2593, acc: 0.9034
loss: 0.2587, acc: 0.9032
loss: 0.2601, acc: 0.9025
loss: 0.2608, acc: 0.9035
loss: 0.2587, acc: 0.9044
loss: 0.2560, acc: 0.9073
loss: 0.2575, acc: 0.9066
loss: 0.2590, acc: 0.9053
loss: 0.2594, acc: 0.9045
loss: 0.2609, acc: 0.9043
> val_acc: 0.8018, val_f1: 0.6848
>>>>>>>>>>>>>>>>>>>>>>>>>>>>>>>>>>>>>>>>>>>>>>>>>>>>>>>>>>>>>>>>>>>>>>>>>>>>>>>>>>>>>>>>>>>>>>>>>>>>
epoch: 14
loss: 0.2185, acc: 0.9479
loss: 0.2248, acc: 0.9258
loss: 0.2230, acc: 0.9255
loss: 0.2168, acc: 0.9288
loss: 0.2275, acc: 0.9253
loss: 0.2284, acc: 0.9275
loss: 0.2385, acc: 0.9186
loss: 0.2421, acc: 0.9169
loss: 0.2408, acc: 0.9193
loss: 0.2462, acc: 0.9160
loss: 0.2499, acc: 0.9157
loss: 0.2526, acc: 0.9133
loss: 0.2556, acc: 0.9117
loss: 0.2519, acc: 0.9127
loss: 0.2516, acc: 0.9140
loss: 0.2503, acc: 0.9147
loss: 0.2487, acc: 0.9153
loss: 0.2501, acc: 0.9134
loss: 0.2527, acc: 0.9136
loss: 0.2544, acc: 0.9123
loss: 0.2558, acc: 0.9111
loss: 0.2559, acc: 0.9106
loss: 0.2574, acc: 0.9094
> val_acc: 0.7964, val_f1: 0.6760
>>>>>>>>>>>>>>>>>>>>>>>>>>>>>>>>>>>>>>>>>>>>>>>>>>>>>>>>>>>>>>>>>>>>>>>>>>>>>>>>>>>>>>>>>>>>>>>>>>>>
epoch: 15
loss: 0.1956, acc: 0.9500
loss: 0.2268, acc: 0.9313
loss: 0.2379, acc: 0.9271
loss: 0.2350, acc: 0.9266
loss: 0.2459, acc: 0.9163
loss: 0.2387, acc: 0.9219
loss: 0.2409, acc: 0.9241
loss: 0.2463, acc: 0.9203
loss: 0.2464, acc: 0.9201
loss: 0.2462, acc: 0.9169
loss: 0.2478, acc: 0.9182
loss: 0.2456, acc: 0.9187
loss: 0.2443, acc: 0.9183
loss: 0.2427, acc: 0.9187
loss: 0.2439, acc: 0.9171
loss: 0.2413, acc: 0.9180
loss: 0.2441, acc: 0.9147
loss: 0.2432, acc: 0.9160
loss: 0.2454, acc: 0.9151
loss: 0.2437, acc: 0.9150
loss: 0.2414, acc: 0.9161
loss: 0.2436, acc: 0.9159
> val_acc: 0.8009, val_f1: 0.6916
>>>>>>>>>>>>>>>>>>>>>>>>>>>>>>>>>>>>>>>>>>>>>>>>>>>>>>>>>>>>>>>>>>>>>>>>>>>>>>>>>>>>>>>>>>>>>>>>>>>>
epoch: 16
loss: 0.2046, acc: 0.9062
loss: 0.2384, acc: 0.9196
loss: 0.2241, acc: 0.9297
loss: 0.2387, acc: 0.9191
loss: 0.2247, acc: 0.9247
loss: 0.2284, acc: 0.9225
loss: 0.2292, acc: 0.9219
loss: 0.2287, acc: 0.9206
loss: 0.2256, acc: 0.9226
loss: 0.2286, acc: 0.9215
loss: 0.2263, acc: 0.9249
loss: 0.2255, acc: 0.9254
loss: 0.2268, acc: 0.9249
loss: 0.2303, acc: 0.9226
loss: 0.2312, acc: 0.9219
loss: 0.2296, acc: 0.9225
loss: 0.2307, acc: 0.9226
loss: 0.2298, acc: 0.9224
loss: 0.2302, acc: 0.9229
loss: 0.2295, acc: 0.9240
loss: 0.2317, acc: 0.9222
loss: 0.2321, acc: 0.9229
loss: 0.2354, acc: 0.9213
> val_acc: 0.7982, val_f1: 0.6852
>>>>>>>>>>>>>>>>>>>>>>>>>>>>>>>>>>>>>>>>>>>>>>>>>>>>>>>>>>>>>>>>>>>>>>>>>>>>>>>>>>>>>>>>>>>>>>>>>>>>
epoch: 17
loss: 0.2102, acc: 0.9453
loss: 0.2057, acc: 0.9479
loss: 0.2167, acc: 0.9353
loss: 0.2182, acc: 0.9276
loss: 0.2181, acc: 0.9297
loss: 0.2140, acc: 0.9321
loss: 0.2154, acc: 0.9283
loss: 0.2161, acc: 0.9287
loss: 0.2137, acc: 0.9297
loss: 0.2104, acc: 0.9318
loss: 0.2180, acc: 0.9306
loss: 0.2178, acc: 0.9296
loss: 0.2190, acc: 0.9287
loss: 0.2227, acc: 0.9289
loss: 0.2206, acc: 0.9295
loss: 0.2205, acc: 0.9308
loss: 0.2207, acc: 0.9304
loss: 0.2194, acc: 0.9312
loss: 0.2192, acc: 0.9312
loss: 0.2199, acc: 0.9299
loss: 0.2203, acc: 0.9300
loss: 0.2220, acc: 0.9286
> val_acc: 0.7991, val_f1: 0.6858
>>>>>>>>>>>>>>>>>>>>>>>>>>>>>>>>>>>>>>>>>>>>>>>>>>>>>>>>>>>>>>>>>>>>>>>>>>>>>>>>>>>>>>>>>>>>>>>>>>>>
epoch: 18
loss: 0.2718, acc: 0.9062
loss: 0.2416, acc: 0.9010
loss: 0.2383, acc: 0.9062
loss: 0.2199, acc: 0.9180
loss: 0.2200, acc: 0.9196
loss: 0.2179, acc: 0.9231
loss: 0.2246, acc: 0.9224
loss: 0.2237, acc: 0.9210
loss: 0.2208, acc: 0.9215
loss: 0.2178, acc: 0.9246
loss: 0.2206, acc: 0.9252
loss: 0.2240, acc: 0.9224
loss: 0.2222, acc: 0.9232
loss: 0.2229, acc: 0.9238
loss: 0.2183, acc: 0.9278
loss: 0.2178, acc: 0.9289
loss: 0.2189, acc: 0.9290
loss: 0.2202, acc: 0.9266
loss: 0.2200, acc: 0.9248
loss: 0.2202, acc: 0.9248
loss: 0.2215, acc: 0.9239
loss: 0.2221, acc: 0.9245
loss: 0.2218, acc: 0.9243
> val_acc: 0.7973, val_f1: 0.6771
>>>>>>>>>>>>>>>>>>>>>>>>>>>>>>>>>>>>>>>>>>>>>>>>>>>>>>>>>>>>>>>>>>>>>>>>>>>>>>>>>>>>>>>>>>>>>>>>>>>>
epoch: 19
loss: 0.2299, acc: 0.9271
loss: 0.2215, acc: 0.9141
loss: 0.2186, acc: 0.9207
loss: 0.2176, acc: 0.9219
loss: 0.2179, acc: 0.9226
loss: 0.2227, acc: 0.9208
loss: 0.2145, acc: 0.9233
loss: 0.2137, acc: 0.9252
loss: 0.2102, acc: 0.9266
loss: 0.2068, acc: 0.9284
loss: 0.2142, acc: 0.9239
loss: 0.2177, acc: 0.9224
loss: 0.2180, acc: 0.9231
loss: 0.2167, acc: 0.9233
loss: 0.2162, acc: 0.9229
loss: 0.2175, acc: 0.9227
loss: 0.2161, acc: 0.9221
loss: 0.2154, acc: 0.9219
loss: 0.2149, acc: 0.9231
loss: 0.2154, acc: 0.9222
loss: 0.2158, acc: 0.9226
loss: 0.2170, acc: 0.9216
loss: 0.2189, acc: 0.9207
> val_acc: 0.7946, val_f1: 0.6750
>>>>>>>>>>>>>>>>>>>>>>>>>>>>>>>>>>>>>>>>>>>>>>>>>>>>>>>>>>>>>>>>>>>>>>>>>>>>>>>>>>>>>>>>>>>>>>>>>>>>
epoch: 20
loss: 0.1945, acc: 0.9187
loss: 0.2017, acc: 0.9250
loss: 0.1812, acc: 0.9396
loss: 0.1785, acc: 0.9422
loss: 0.1760, acc: 0.9425
loss: 0.1806, acc: 0.9406
loss: 0.1848, acc: 0.9393
loss: 0.1839, acc: 0.9414
loss: 0.1922, acc: 0.9368
loss: 0.1927, acc: 0.9375
loss: 0.1958, acc: 0.9358
loss: 0.1955, acc: 0.9359
loss: 0.2049, acc: 0.9303
loss: 0.2064, acc: 0.9281
loss: 0.2074, acc: 0.9292
loss: 0.2066, acc: 0.9293
loss: 0.2064, acc: 0.9287
loss: 0.2091, acc: 0.9281
loss: 0.2107, acc: 0.9270
loss: 0.2104, acc: 0.9275
loss: 0.2093, acc: 0.9280
loss: 0.2098, acc: 0.9276
> val_acc: 0.7955, val_f1: 0.6768
>>>>>>>>>>>>>>>>>>>>>>>>>>>>>>>>>>>>>>>>>>>>>>>>>>>>>>>>>>>>>>>>>>>>>>>>>>>>>>>>>>>>>>>>>>>>>>>>>>>>
epoch: 21
loss: 0.2471, acc: 0.9375
loss: 0.2003, acc: 0.9375
loss: 0.2036, acc: 0.9323
loss: 0.2039, acc: 0.9283
loss: 0.1954, acc: 0.9347
loss: 0.1972, acc: 0.9340
loss: 0.1944, acc: 0.9336
loss: 0.1946, acc: 0.9375
loss: 0.1914, acc: 0.9375
loss: 0.2006, acc: 0.9342
loss: 0.2034, acc: 0.9315
loss: 0.2058, acc: 0.9298
loss: 0.2050, acc: 0.9304
loss: 0.2018, acc: 0.9324
loss: 0.2025, acc: 0.9314
loss: 0.2046, acc: 0.9322
loss: 0.2050, acc: 0.9322
loss: 0.2068, acc: 0.9310
loss: 0.2073, acc: 0.9300
loss: 0.2087, acc: 0.9285
loss: 0.2074, acc: 0.9295
loss: 0.2075, acc: 0.9290
loss: 0.2078, acc: 0.9289
> val_acc: 0.7991, val_f1: 0.6808
>>>>>>>>>>>>>>>>>>>>>>>>>>>>>>>>>>>>>>>>>>>>>>>>>>>>>>>>>>>>>>>>>>>>>>>>>>>>>>>>>>>>>>>>>>>>>>>>>>>>
epoch: 22
loss: 0.2151, acc: 0.9141
loss: 0.2124, acc: 0.9236
loss: 0.2084, acc: 0.9286
loss: 0.2088, acc: 0.9359
loss: 0.2040, acc: 0.9349
loss: 0.1994, acc: 0.9397
loss: 0.2037, acc: 0.9338
loss: 0.2107, acc: 0.9303
loss: 0.2097, acc: 0.9311
loss: 0.2112, acc: 0.9298
loss: 0.2093, acc: 0.9294
loss: 0.2164, acc: 0.9264
loss: 0.2139, acc: 0.9292
loss: 0.2087, acc: 0.9321
loss: 0.2072, acc: 0.9329
loss: 0.2056, acc: 0.9331
loss: 0.2048, acc: 0.9330
loss: 0.2055, acc: 0.9322
loss: 0.2051, acc: 0.9325
loss: 0.2060, acc: 0.9318
loss: 0.2061, acc: 0.9309
loss: 0.2056, acc: 0.9300
> val_acc: 0.7920, val_f1: 0.6644
>>>>>>>>>>>>>>>>>>>>>>>>>>>>>>>>>>>>>>>>>>>>>>>>>>>>>>>>>>>>>>>>>>>>>>>>>>>>>>>>>>>>>>>>>>>>>>>>>>>>
epoch: 23
loss: 0.2008, acc: 0.9375
loss: 0.1915, acc: 0.9271
loss: 0.1785, acc: 0.9460
loss: 0.1820, acc: 0.9414
loss: 0.1830, acc: 0.9420
loss: 0.1941, acc: 0.9387
loss: 0.1968, acc: 0.9365
loss: 0.1928, acc: 0.9358
loss: 0.1907, acc: 0.9367
loss: 0.1895, acc: 0.9389
loss: 0.1879, acc: 0.9400
loss: 0.1914, acc: 0.9386
loss: 0.1923, acc: 0.9375
loss: 0.1920, acc: 0.9370
loss: 0.1921, acc: 0.9371
loss: 0.1932, acc: 0.9367
loss: 0.1917, acc: 0.9375
loss: 0.1911, acc: 0.9371
loss: 0.1918, acc: 0.9361
loss: 0.1915, acc: 0.9362
loss: 0.1919, acc: 0.9369
loss: 0.1928, acc: 0.9360
loss: 0.1935, acc: 0.9355
> val_acc: 0.7964, val_f1: 0.6906
>>>>>>>>>>>>>>>>>>>>>>>>>>>>>>>>>>>>>>>>>>>>>>>>>>>>>>>>>>>>>>>>>>>>>>>>>>>>>>>>>>>>>>>>>>>>>>>>>>>>
epoch: 24
loss: 0.1633, acc: 0.9271
loss: 0.1768, acc: 0.9453
loss: 0.1776, acc: 0.9471
loss: 0.1802, acc: 0.9427
loss: 0.1743, acc: 0.9457
loss: 0.1755, acc: 0.9453
loss: 0.1757, acc: 0.9451
loss: 0.1788, acc: 0.9416
loss: 0.1782, acc: 0.9411
loss: 0.1790, acc: 0.9421
loss: 0.1763, acc: 0.9440
loss: 0.1772, acc: 0.9440
loss: 0.1805, acc: 0.9420
loss: 0.1825, acc: 0.9416
loss: 0.1822, acc: 0.9409
loss: 0.1848, acc: 0.9415
loss: 0.1867, acc: 0.9405
loss: 0.1869, acc: 0.9393
loss: 0.1865, acc: 0.9402
loss: 0.1888, acc: 0.9388
loss: 0.1890, acc: 0.9384
loss: 0.1903, acc: 0.9384
loss: 0.1920, acc: 0.9368
> val_acc: 0.7937, val_f1: 0.6746
>>>>>>>>>>>>>>>>>>>>>>>>>>>>>>>>>>>>>>>>>>>>>>>>>>>>>>>>>>>>>>>>>>>>>>>>>>>>>>>>>>>>>>>>>>>>>>>>>>>>
epoch: 25
loss: 0.1709, acc: 0.9563
loss: 0.1656, acc: 0.9563
loss: 0.1758, acc: 0.9500
loss: 0.1695, acc: 0.9547
loss: 0.1774, acc: 0.9500
loss: 0.1839, acc: 0.9417
loss: 0.1888, acc: 0.9411
loss: 0.1828, acc: 0.9453
loss: 0.1803, acc: 0.9465
loss: 0.1904, acc: 0.9413
loss: 0.1896, acc: 0.9415
loss: 0.1926, acc: 0.9406
loss: 0.1971, acc: 0.9365
loss: 0.1952, acc: 0.9375
loss: 0.1942, acc: 0.9387
loss: 0.1937, acc: 0.9391
loss: 0.1953, acc: 0.9379
loss: 0.1952, acc: 0.9375
loss: 0.1954, acc: 0.9372
loss: 0.1954, acc: 0.9363
loss: 0.1970, acc: 0.9363
loss: 0.1967, acc: 0.9364
> val_acc: 0.7911, val_f1: 0.6620
>>>>>>>>>>>>>>>>>>>>>>>>>>>>>>>>>>>>>>>>>>>>>>>>>>>>>>>>>>>>>>>>>>>>>>>>>>>>>>>>>>>>>>>>>>>>>>>>>>>>
epoch: 26
loss: 0.1950, acc: 0.9219
loss: 0.1445, acc: 0.9509
loss: 0.1500, acc: 0.9531
loss: 0.1533, acc: 0.9522
loss: 0.1528, acc: 0.9503
loss: 0.1658, acc: 0.9398
loss: 0.1699, acc: 0.9375
loss: 0.1755, acc: 0.9324
loss: 0.1766, acc: 0.9338
loss: 0.1697, acc: 0.9382
loss: 0.1750, acc: 0.9363
loss: 0.1762, acc: 0.9364
loss: 0.1763, acc: 0.9365
loss: 0.1791, acc: 0.9361
loss: 0.1821, acc: 0.9340
loss: 0.1832, acc: 0.9338
loss: 0.1861, acc: 0.9329
loss: 0.1868, acc: 0.9328
loss: 0.1868, acc: 0.9327
loss: 0.1858, acc: 0.9336
loss: 0.1869, acc: 0.9329
loss: 0.1868, acc: 0.9325
loss: 0.1861, acc: 0.9325
> val_acc: 0.7946, val_f1: 0.6783
>>>>>>>>>>>>>>>>>>>>>>>>>>>>>>>>>>>>>>>>>>>>>>>>>>>>>>>>>>>>>>>>>>>>>>>>>>>>>>>>>>>>>>>>>>>>>>>>>>>>
epoch: 27
loss: 0.1986, acc: 0.9141
loss: 0.1764, acc: 0.9306
loss: 0.1965, acc: 0.9241
loss: 0.1894, acc: 0.9309
loss: 0.1907, acc: 0.9336
loss: 0.1975, acc: 0.9310
loss: 0.1947, acc: 0.9347
loss: 0.1936, acc: 0.9367
loss: 0.1908, acc: 0.9375
loss: 0.1905, acc: 0.9394
loss: 0.1894, acc: 0.9392
loss: 0.1881, acc: 0.9380
loss: 0.1878, acc: 0.9375
loss: 0.1891, acc: 0.9366
loss: 0.1842, acc: 0.9388
loss: 0.1805, acc: 0.9403
loss: 0.1786, acc: 0.9416
loss: 0.1809, acc: 0.9410
loss: 0.1821, acc: 0.9405
loss: 0.1830, acc: 0.9391
loss: 0.1833, acc: 0.9384
loss: 0.1822, acc: 0.9389
> val_acc: 0.7920, val_f1: 0.6731
>>>>>>>>>>>>>>>>>>>>>>>>>>>>>>>>>>>>>>>>>>>>>>>>>>>>>>>>>>>>>>>>>>>>>>>>>>>>>>>>>>>>>>>>>>>>>>>>>>>>
epoch: 28
loss: 0.3387, acc: 0.8750
loss: 0.2118, acc: 0.9219
loss: 0.2009, acc: 0.9233
loss: 0.2034, acc: 0.9219
loss: 0.1949, acc: 0.9286
loss: 0.1974, acc: 0.9279
loss: 0.1905, acc: 0.9315
loss: 0.1875, acc: 0.9340
loss: 0.1817, acc: 0.9367
loss: 0.1799, acc: 0.9375
loss: 0.1755, acc: 0.9393
loss: 0.1755, acc: 0.9386
loss: 0.1787, acc: 0.9390
loss: 0.1811, acc: 0.9375
loss: 0.1836, acc: 0.9357
loss: 0.1843, acc: 0.9354
loss: 0.1836, acc: 0.9363
loss: 0.1843, acc: 0.9360
loss: 0.1866, acc: 0.9365
loss: 0.1853, acc: 0.9375
loss: 0.1856, acc: 0.9372
loss: 0.1829, acc: 0.9384
loss: 0.1818, acc: 0.9389
> val_acc: 0.7937, val_f1: 0.6720
>>>>>>>>>>>>>>>>>>>>>>>>>>>>>>>>>>>>>>>>>>>>>>>>>>>>>>>>>>>>>>>>>>>>>>>>>>>>>>>>>>>>>>>>>>>>>>>>>>>>
epoch: 29
loss: 0.1280, acc: 0.9688
loss: 0.1400, acc: 0.9453
loss: 0.1450, acc: 0.9495
loss: 0.1522, acc: 0.9462
loss: 0.1679, acc: 0.9402
loss: 0.1640, acc: 0.9442
loss: 0.1675, acc: 0.9441
loss: 0.1720, acc: 0.9424
loss: 0.1696, acc: 0.9419
loss: 0.1725, acc: 0.9408
loss: 0.1704, acc: 0.9410
loss: 0.1742, acc: 0.9402
loss: 0.1740, acc: 0.9400
loss: 0.1753, acc: 0.9403
loss: 0.1739, acc: 0.9405
loss: 0.1728, acc: 0.9395
loss: 0.1770, acc: 0.9379
loss: 0.1776, acc: 0.9368
loss: 0.1778, acc: 0.9368
loss: 0.1782, acc: 0.9362
loss: 0.1783, acc: 0.9363
loss: 0.1774, acc: 0.9369
loss: 0.1784, acc: 0.9363
> val_acc: 0.7937, val_f1: 0.6781
>> test_acc: 0.8027, test_f1: 0.6951
