cuda memory allocated: 7395840
n_trainable_params: 963203, n_nontrainable_params: 882400
> training arguments:
>>> model_name: gc_ian
>>> model_ver: 3
>>> dataset: restaurant
>>> optimizer: <class 'torch.optim.adam.Adam'>
>>> initializer: <function xavier_uniform_ at 0x000001F2DF77FC80>
>>> learning_rate: 0.0003
>>> momentum: 0.95
>>> dropout: 0.75
>>> l2reg: 5e-05
>>> num_epoch: 30
>>> batch_size: 32
>>> log_step: 5
>>> embed_dim: 200
>>> hidden_dim: 300
>>> bert_dim: 768
>>> pretrained_bert_name: bert-base-uncased
>>> embeddings: gd
>>> max_seq_len: 80
>>> polarities_dim: 3
>>> hops: 3
>>> device: cuda
>>> seed: 10
>>> valset_ratio: 0
>>> num_layers: 1
>>> in_channels: 50
>>> out_channels: 1
>>> downbot: 20
>>> kernel_size: 3
>>> glove_path: ./embeddings/glove.840B.300d.txt
>>> embedding_matrix_path: gen_data/embeddings/200_restaurant_glove_domain_embedding_matrix.dat
>>> model_class: <class 'models.gc_ian.GC_IAN3'>
>>> dataset_file: {'train': './datasets/semeval14/Restaurants_Train.xml.seg', 'test': './datasets/semeval14/Restaurants_Test_Gold.xml.seg'}
>>> inputs_cols: ['text_raw_indices', 'aspect_indices']
>>>>>>>>>>>>>>>>>>>>>>>>>>>>>>>>>>>>>>>>>>>>>>>>>>>>>>>>>>>>>>>>>>>>>>>>>>>>>>>>>>>>>>>>>>>>>>>>>>>>
epoch: 0
loss: 1.2074, acc: 0.4437
loss: 1.0811, acc: 0.5000
loss: 1.1059, acc: 0.4979
loss: 1.0965, acc: 0.5109
loss: 1.0830, acc: 0.5212
loss: 1.0823, acc: 0.5188
loss: 1.0856, acc: 0.5223
loss: 1.0945, acc: 0.5156
loss: 1.0815, acc: 0.5229
loss: 1.0834, acc: 0.5206
loss: 1.0708, acc: 0.5284
loss: 1.0635, acc: 0.5312
loss: 1.0581, acc: 0.5346
loss: 1.0433, acc: 0.5433
loss: 1.0391, acc: 0.5442
loss: 1.0284, acc: 0.5477
loss: 1.0181, acc: 0.5518
loss: 1.0115, acc: 0.5563
loss: 1.0114, acc: 0.5556
loss: 1.0108, acc: 0.5550
loss: 1.0058, acc: 0.5577
loss: 1.0027, acc: 0.5602
> val_acc: 0.6580, val_f1: 0.2932
>> saved: state_dict/gc_ian_restaurant_val_acc0.658
>>>>>>>>>>>>>>>>>>>>>>>>>>>>>>>>>>>>>>>>>>>>>>>>>>>>>>>>>>>>>>>>>>>>>>>>>>>>>>>>>>>>>>>>>>>>>>>>>>>>
epoch: 1
loss: 0.8577, acc: 0.6094
loss: 0.8559, acc: 0.6205
loss: 0.8639, acc: 0.6172
loss: 0.8458, acc: 0.6379
loss: 0.8601, acc: 0.6293
loss: 0.8671, acc: 0.6192
loss: 0.8574, acc: 0.6279
loss: 0.8477, acc: 0.6351
loss: 0.8477, acc: 0.6347
loss: 0.8476, acc: 0.6356
loss: 0.8479, acc: 0.6328
loss: 0.8533, acc: 0.6305
loss: 0.8494, acc: 0.6316
loss: 0.8511, acc: 0.6269
loss: 0.8523, acc: 0.6246
loss: 0.8575, acc: 0.6242
loss: 0.8583, acc: 0.6208
loss: 0.8607, acc: 0.6189
loss: 0.8588, acc: 0.6199
loss: 0.8594, acc: 0.6192
loss: 0.8552, acc: 0.6229
loss: 0.8537, acc: 0.6253
loss: 0.8504, acc: 0.6264
> val_acc: 0.6920, val_f1: 0.4104
>> saved: state_dict/gc_ian_restaurant_val_acc0.692
>>>>>>>>>>>>>>>>>>>>>>>>>>>>>>>>>>>>>>>>>>>>>>>>>>>>>>>>>>>>>>>>>>>>>>>>>>>>>>>>>>>>>>>>>>>>>>>>>>>>
epoch: 2
loss: 0.7567, acc: 0.7188
loss: 0.7945, acc: 0.6944
loss: 0.7758, acc: 0.6830
loss: 0.8134, acc: 0.6546
loss: 0.8054, acc: 0.6615
loss: 0.8110, acc: 0.6530
loss: 0.8067, acc: 0.6517
loss: 0.8017, acc: 0.6498
loss: 0.7876, acc: 0.6562
loss: 0.7789, acc: 0.6601
loss: 0.7796, acc: 0.6586
loss: 0.7850, acc: 0.6525
loss: 0.7849, acc: 0.6504
loss: 0.7840, acc: 0.6522
loss: 0.7852, acc: 0.6533
loss: 0.7829, acc: 0.6555
loss: 0.7781, acc: 0.6592
loss: 0.7817, acc: 0.6591
loss: 0.7793, acc: 0.6609
loss: 0.7792, acc: 0.6626
loss: 0.7775, acc: 0.6626
loss: 0.7768, acc: 0.6620
> val_acc: 0.7179, val_f1: 0.4880
>> saved: state_dict/gc_ian_restaurant_val_acc0.7179
>>>>>>>>>>>>>>>>>>>>>>>>>>>>>>>>>>>>>>>>>>>>>>>>>>>>>>>>>>>>>>>>>>>>>>>>>>>>>>>>>>>>>>>>>>>>>>>>>>>>
epoch: 3
loss: 0.6874, acc: 0.7812
loss: 0.6930, acc: 0.7188
loss: 0.6745, acc: 0.7131
loss: 0.6751, acc: 0.7188
loss: 0.6956, acc: 0.7113
loss: 0.7132, acc: 0.7031
loss: 0.7155, acc: 0.7016
loss: 0.7235, acc: 0.6970
loss: 0.7111, acc: 0.7058
loss: 0.7083, acc: 0.7086
loss: 0.6982, acc: 0.7145
loss: 0.7040, acc: 0.7115
loss: 0.7038, acc: 0.7106
loss: 0.6981, acc: 0.7135
loss: 0.7021, acc: 0.7104
loss: 0.7011, acc: 0.7109
loss: 0.6997, acc: 0.7106
loss: 0.6996, acc: 0.7108
loss: 0.7053, acc: 0.7078
loss: 0.7053, acc: 0.7074
loss: 0.7016, acc: 0.7104
loss: 0.6979, acc: 0.7129
loss: 0.6944, acc: 0.7157
> val_acc: 0.7375, val_f1: 0.5376
>> saved: state_dict/gc_ian_restaurant_val_acc0.7375
>>>>>>>>>>>>>>>>>>>>>>>>>>>>>>>>>>>>>>>>>>>>>>>>>>>>>>>>>>>>>>>>>>>>>>>>>>>>>>>>>>>>>>>>>>>>>>>>>>>>
epoch: 4
loss: 0.6589, acc: 0.7708
loss: 0.7505, acc: 0.6914
loss: 0.7391, acc: 0.6971
loss: 0.7186, acc: 0.7083
loss: 0.7022, acc: 0.7174
loss: 0.6973, acc: 0.7210
loss: 0.6909, acc: 0.7112
loss: 0.6960, acc: 0.7056
loss: 0.6831, acc: 0.7137
loss: 0.6802, acc: 0.7168
loss: 0.6816, acc: 0.7164
loss: 0.6734, acc: 0.7204
loss: 0.6690, acc: 0.7222
loss: 0.6727, acc: 0.7192
loss: 0.6695, acc: 0.7230
loss: 0.6657, acc: 0.7260
loss: 0.6618, acc: 0.7297
loss: 0.6593, acc: 0.7315
loss: 0.6551, acc: 0.7335
loss: 0.6576, acc: 0.7321
loss: 0.6517, acc: 0.7336
loss: 0.6532, acc: 0.7332
loss: 0.6510, acc: 0.7334
> val_acc: 0.7473, val_f1: 0.5581
>> saved: state_dict/gc_ian_restaurant_val_acc0.7473
>>>>>>>>>>>>>>>>>>>>>>>>>>>>>>>>>>>>>>>>>>>>>>>>>>>>>>>>>>>>>>>>>>>>>>>>>>>>>>>>>>>>>>>>>>>>>>>>>>>>
epoch: 5
loss: 0.6143, acc: 0.7063
loss: 0.6566, acc: 0.7094
loss: 0.6577, acc: 0.7125
loss: 0.6627, acc: 0.7078
loss: 0.6677, acc: 0.7000
loss: 0.6507, acc: 0.7229
loss: 0.6380, acc: 0.7339
loss: 0.6437, acc: 0.7359
loss: 0.6291, acc: 0.7472
loss: 0.6241, acc: 0.7525
loss: 0.6188, acc: 0.7545
loss: 0.6239, acc: 0.7495
loss: 0.6242, acc: 0.7481
loss: 0.6170, acc: 0.7545
loss: 0.6196, acc: 0.7525
loss: 0.6225, acc: 0.7504
loss: 0.6162, acc: 0.7544
loss: 0.6120, acc: 0.7559
loss: 0.6137, acc: 0.7539
loss: 0.6148, acc: 0.7522
loss: 0.6144, acc: 0.7524
loss: 0.6156, acc: 0.7489
> val_acc: 0.7732, val_f1: 0.6209
>> saved: state_dict/gc_ian_restaurant_val_acc0.7732
>>>>>>>>>>>>>>>>>>>>>>>>>>>>>>>>>>>>>>>>>>>>>>>>>>>>>>>>>>>>>>>>>>>>>>>>>>>>>>>>>>>>>>>>>>>>>>>>>>>>
epoch: 6
loss: 0.6647, acc: 0.7188
loss: 0.6023, acc: 0.7589
loss: 0.5589, acc: 0.7891
loss: 0.5566, acc: 0.7849
loss: 0.5646, acc: 0.7798
loss: 0.5583, acc: 0.7859
loss: 0.5606, acc: 0.7861
loss: 0.5609, acc: 0.7804
loss: 0.5681, acc: 0.7783
loss: 0.5698, acc: 0.7786
loss: 0.5677, acc: 0.7800
loss: 0.5715, acc: 0.7774
loss: 0.5677, acc: 0.7757
loss: 0.5661, acc: 0.7775
loss: 0.5683, acc: 0.7765
loss: 0.5676, acc: 0.7768
loss: 0.5675, acc: 0.7767
loss: 0.5676, acc: 0.7773
loss: 0.5721, acc: 0.7728
loss: 0.5726, acc: 0.7722
loss: 0.5717, acc: 0.7745
loss: 0.5765, acc: 0.7716
loss: 0.5724, acc: 0.7737
> val_acc: 0.7562, val_f1: 0.5828
>>>>>>>>>>>>>>>>>>>>>>>>>>>>>>>>>>>>>>>>>>>>>>>>>>>>>>>>>>>>>>>>>>>>>>>>>>>>>>>>>>>>>>>>>>>>>>>>>>>>
epoch: 7
loss: 0.4500, acc: 0.8438
loss: 0.4810, acc: 0.8264
loss: 0.5150, acc: 0.8058
loss: 0.5295, acc: 0.7911
loss: 0.5550, acc: 0.7734
loss: 0.5506, acc: 0.7791
loss: 0.5460, acc: 0.7812
loss: 0.5463, acc: 0.7837
loss: 0.5496, acc: 0.7834
loss: 0.5535, acc: 0.7819
loss: 0.5508, acc: 0.7841
loss: 0.5573, acc: 0.7797
loss: 0.5617, acc: 0.7788
loss: 0.5605, acc: 0.7749
loss: 0.5624, acc: 0.7720
loss: 0.5623, acc: 0.7722
loss: 0.5624, acc: 0.7731
loss: 0.5619, acc: 0.7721
loss: 0.5621, acc: 0.7733
loss: 0.5559, acc: 0.7762
loss: 0.5517, acc: 0.7785
loss: 0.5549, acc: 0.7769
> val_acc: 0.7634, val_f1: 0.5862
>>>>>>>>>>>>>>>>>>>>>>>>>>>>>>>>>>>>>>>>>>>>>>>>>>>>>>>>>>>>>>>>>>>>>>>>>>>>>>>>>>>>>>>>>>>>>>>>>>>>
epoch: 8
loss: 0.7137, acc: 0.6875
loss: 0.5728, acc: 0.7760
loss: 0.5629, acc: 0.7784
loss: 0.5327, acc: 0.7891
loss: 0.5435, acc: 0.7798
loss: 0.5288, acc: 0.7885
loss: 0.5362, acc: 0.7873
loss: 0.5482, acc: 0.7856
loss: 0.5403, acc: 0.7835
loss: 0.5376, acc: 0.7846
loss: 0.5337, acc: 0.7855
loss: 0.5302, acc: 0.7868
loss: 0.5362, acc: 0.7864
loss: 0.5344, acc: 0.7850
loss: 0.5348, acc: 0.7857
loss: 0.5348, acc: 0.7854
loss: 0.5304, acc: 0.7890
loss: 0.5292, acc: 0.7900
loss: 0.5245, acc: 0.7950
loss: 0.5200, acc: 0.7956
loss: 0.5215, acc: 0.7933
loss: 0.5192, acc: 0.7939
loss: 0.5186, acc: 0.7950
> val_acc: 0.7893, val_f1: 0.6462
>> saved: state_dict/gc_ian_restaurant_val_acc0.7893
>>>>>>>>>>>>>>>>>>>>>>>>>>>>>>>>>>>>>>>>>>>>>>>>>>>>>>>>>>>>>>>>>>>>>>>>>>>>>>>>>>>>>>>>>>>>>>>>>>>>
epoch: 9
loss: 0.5607, acc: 0.7917
loss: 0.5232, acc: 0.7734
loss: 0.4892, acc: 0.8005
loss: 0.4966, acc: 0.7917
loss: 0.5022, acc: 0.7962
loss: 0.4980, acc: 0.8002
loss: 0.5014, acc: 0.8011
loss: 0.5116, acc: 0.8018
loss: 0.5216, acc: 0.7958
loss: 0.5206, acc: 0.7995
loss: 0.5155, acc: 0.8007
loss: 0.5129, acc: 0.8017
loss: 0.5115, acc: 0.8061
loss: 0.5105, acc: 0.8061
loss: 0.5132, acc: 0.8031
loss: 0.5091, acc: 0.8053
loss: 0.5100, acc: 0.8031
loss: 0.5070, acc: 0.8022
loss: 0.5022, acc: 0.8031
loss: 0.5074, acc: 0.8001
loss: 0.5060, acc: 0.8010
loss: 0.5092, acc: 0.7986
loss: 0.5073, acc: 0.8007
> val_acc: 0.7902, val_f1: 0.6404
>> saved: state_dict/gc_ian_restaurant_val_acc0.7902
>>>>>>>>>>>>>>>>>>>>>>>>>>>>>>>>>>>>>>>>>>>>>>>>>>>>>>>>>>>>>>>>>>>>>>>>>>>>>>>>>>>>>>>>>>>>>>>>>>>>
epoch: 10
loss: 0.5135, acc: 0.8250
loss: 0.4976, acc: 0.8219
loss: 0.5037, acc: 0.8146
loss: 0.4989, acc: 0.8109
loss: 0.5074, acc: 0.8025
loss: 0.5126, acc: 0.7979
loss: 0.5072, acc: 0.8009
loss: 0.5119, acc: 0.7977
loss: 0.5097, acc: 0.7993
loss: 0.5201, acc: 0.7956
loss: 0.5177, acc: 0.7994
loss: 0.5124, acc: 0.8021
loss: 0.5109, acc: 0.8029
loss: 0.5021, acc: 0.8058
loss: 0.4970, acc: 0.8067
loss: 0.4940, acc: 0.8094
loss: 0.4921, acc: 0.8103
loss: 0.4917, acc: 0.8135
loss: 0.4914, acc: 0.8141
loss: 0.4858, acc: 0.8166
loss: 0.4824, acc: 0.8182
loss: 0.4845, acc: 0.8159
> val_acc: 0.7839, val_f1: 0.6316
>>>>>>>>>>>>>>>>>>>>>>>>>>>>>>>>>>>>>>>>>>>>>>>>>>>>>>>>>>>>>>>>>>>>>>>>>>>>>>>>>>>>>>>>>>>>>>>>>>>>
epoch: 11
loss: 0.4632, acc: 0.8750
loss: 0.5533, acc: 0.7812
loss: 0.4947, acc: 0.8047
loss: 0.4742, acc: 0.8254
loss: 0.4668, acc: 0.8224
loss: 0.4647, acc: 0.8218
loss: 0.4606, acc: 0.8232
loss: 0.4597, acc: 0.8218
loss: 0.4668, acc: 0.8229
loss: 0.4651, acc: 0.8205
loss: 0.4588, acc: 0.8233
loss: 0.4600, acc: 0.8218
loss: 0.4605, acc: 0.8246
loss: 0.4550, acc: 0.8274
loss: 0.4550, acc: 0.8268
loss: 0.4539, acc: 0.8267
loss: 0.4567, acc: 0.8243
loss: 0.4579, acc: 0.8247
loss: 0.4604, acc: 0.8230
loss: 0.4611, acc: 0.8235
loss: 0.4608, acc: 0.8248
loss: 0.4634, acc: 0.8233
loss: 0.4604, acc: 0.8245
> val_acc: 0.7946, val_f1: 0.6594
>> saved: state_dict/gc_ian_restaurant_val_acc0.7946
>>>>>>>>>>>>>>>>>>>>>>>>>>>>>>>>>>>>>>>>>>>>>>>>>>>>>>>>>>>>>>>>>>>>>>>>>>>>>>>>>>>>>>>>>>>>>>>>>>>>
epoch: 12
loss: 0.3885, acc: 0.8672
loss: 0.4219, acc: 0.8542
loss: 0.4230, acc: 0.8460
loss: 0.4350, acc: 0.8355
loss: 0.4236, acc: 0.8398
loss: 0.4346, acc: 0.8319
loss: 0.4325, acc: 0.8290
loss: 0.4413, acc: 0.8229
loss: 0.4382, acc: 0.8288
loss: 0.4321, acc: 0.8348
loss: 0.4264, acc: 0.8385
loss: 0.4472, acc: 0.8236
loss: 0.4491, acc: 0.8237
loss: 0.4456, acc: 0.8261
loss: 0.4476, acc: 0.8260
loss: 0.4492, acc: 0.8248
loss: 0.4515, acc: 0.8263
loss: 0.4504, acc: 0.8276
loss: 0.4505, acc: 0.8271
loss: 0.4537, acc: 0.8273
loss: 0.4560, acc: 0.8254
loss: 0.4567, acc: 0.8234
> val_acc: 0.7884, val_f1: 0.6696
>>>>>>>>>>>>>>>>>>>>>>>>>>>>>>>>>>>>>>>>>>>>>>>>>>>>>>>>>>>>>>>>>>>>>>>>>>>>>>>>>>>>>>>>>>>>>>>>>>>>
epoch: 13
loss: 0.3588, acc: 0.8438
loss: 0.4529, acc: 0.8229
loss: 0.4436, acc: 0.8409
loss: 0.4535, acc: 0.8359
loss: 0.4534, acc: 0.8333
loss: 0.4350, acc: 0.8413
loss: 0.4341, acc: 0.8397
loss: 0.4231, acc: 0.8411
loss: 0.4210, acc: 0.8430
loss: 0.4226, acc: 0.8431
loss: 0.4346, acc: 0.8376
loss: 0.4407, acc: 0.8376
loss: 0.4394, acc: 0.8371
loss: 0.4391, acc: 0.8357
loss: 0.4369, acc: 0.8358
loss: 0.4382, acc: 0.8351
loss: 0.4371, acc: 0.8380
loss: 0.4389, acc: 0.8376
loss: 0.4362, acc: 0.8393
loss: 0.4357, acc: 0.8385
loss: 0.4369, acc: 0.8369
loss: 0.4328, acc: 0.8379
loss: 0.4322, acc: 0.8384
> val_acc: 0.7759, val_f1: 0.6229
>>>>>>>>>>>>>>>>>>>>>>>>>>>>>>>>>>>>>>>>>>>>>>>>>>>>>>>>>>>>>>>>>>>>>>>>>>>>>>>>>>>>>>>>>>>>>>>>>>>>
epoch: 14
loss: 0.3826, acc: 0.8542
loss: 0.4237, acc: 0.8398
loss: 0.3979, acc: 0.8558
loss: 0.3994, acc: 0.8576
loss: 0.4095, acc: 0.8573
loss: 0.4330, acc: 0.8415
loss: 0.4236, acc: 0.8456
loss: 0.4224, acc: 0.8429
loss: 0.4189, acc: 0.8467
loss: 0.4184, acc: 0.8477
loss: 0.4283, acc: 0.8390
loss: 0.4304, acc: 0.8362
loss: 0.4308, acc: 0.8363
loss: 0.4277, acc: 0.8392
loss: 0.4287, acc: 0.8378
loss: 0.4321, acc: 0.8369
loss: 0.4290, acc: 0.8381
loss: 0.4284, acc: 0.8374
loss: 0.4276, acc: 0.8377
loss: 0.4263, acc: 0.8371
loss: 0.4246, acc: 0.8380
loss: 0.4242, acc: 0.8383
loss: 0.4258, acc: 0.8376
> val_acc: 0.7812, val_f1: 0.6388
>>>>>>>>>>>>>>>>>>>>>>>>>>>>>>>>>>>>>>>>>>>>>>>>>>>>>>>>>>>>>>>>>>>>>>>>>>>>>>>>>>>>>>>>>>>>>>>>>>>>
epoch: 15
loss: 0.3486, acc: 0.8688
loss: 0.4162, acc: 0.8438
loss: 0.4223, acc: 0.8479
loss: 0.4231, acc: 0.8469
loss: 0.4187, acc: 0.8500
loss: 0.4235, acc: 0.8479
loss: 0.4140, acc: 0.8536
loss: 0.4134, acc: 0.8484
loss: 0.4130, acc: 0.8486
loss: 0.4144, acc: 0.8450
loss: 0.4212, acc: 0.8398
loss: 0.4206, acc: 0.8427
loss: 0.4205, acc: 0.8452
loss: 0.4177, acc: 0.8491
loss: 0.4178, acc: 0.8483
loss: 0.4124, acc: 0.8504
loss: 0.4124, acc: 0.8507
loss: 0.4151, acc: 0.8503
loss: 0.4154, acc: 0.8497
loss: 0.4104, acc: 0.8512
loss: 0.4091, acc: 0.8515
loss: 0.4079, acc: 0.8511
> val_acc: 0.7902, val_f1: 0.6562
>>>>>>>>>>>>>>>>>>>>>>>>>>>>>>>>>>>>>>>>>>>>>>>>>>>>>>>>>>>>>>>>>>>>>>>>>>>>>>>>>>>>>>>>>>>>>>>>>>>>
epoch: 16
loss: 0.4039, acc: 0.8281
loss: 0.3791, acc: 0.8705
loss: 0.3817, acc: 0.8672
loss: 0.3787, acc: 0.8640
loss: 0.3923, acc: 0.8565
loss: 0.3949, acc: 0.8530
loss: 0.3965, acc: 0.8545
loss: 0.4021, acc: 0.8514
loss: 0.3952, acc: 0.8542
loss: 0.3988, acc: 0.8537
loss: 0.3998, acc: 0.8522
loss: 0.3950, acc: 0.8564
loss: 0.3931, acc: 0.8569
loss: 0.3922, acc: 0.8554
loss: 0.3879, acc: 0.8585
loss: 0.3913, acc: 0.8559
loss: 0.3955, acc: 0.8537
loss: 0.3913, acc: 0.8552
loss: 0.3935, acc: 0.8533
loss: 0.3920, acc: 0.8544
loss: 0.3896, acc: 0.8557
loss: 0.3884, acc: 0.8566
loss: 0.3857, acc: 0.8569
> val_acc: 0.7821, val_f1: 0.6334
>>>>>>>>>>>>>>>>>>>>>>>>>>>>>>>>>>>>>>>>>>>>>>>>>>>>>>>>>>>>>>>>>>>>>>>>>>>>>>>>>>>>>>>>>>>>>>>>>>>>
epoch: 17
loss: 0.3526, acc: 0.8516
loss: 0.3577, acc: 0.8611
loss: 0.3571, acc: 0.8728
loss: 0.3782, acc: 0.8618
loss: 0.3752, acc: 0.8672
loss: 0.3643, acc: 0.8739
loss: 0.3691, acc: 0.8732
loss: 0.3561, acc: 0.8822
loss: 0.3577, acc: 0.8800
loss: 0.3550, acc: 0.8814
loss: 0.3622, acc: 0.8785
loss: 0.3649, acc: 0.8776
loss: 0.3663, acc: 0.8760
loss: 0.3726, acc: 0.8732
loss: 0.3734, acc: 0.8733
loss: 0.3788, acc: 0.8683
loss: 0.3756, acc: 0.8705
loss: 0.3781, acc: 0.8680
loss: 0.3766, acc: 0.8680
loss: 0.3776, acc: 0.8674
loss: 0.3743, acc: 0.8693
loss: 0.3770, acc: 0.8673
> val_acc: 0.7857, val_f1: 0.6388
>>>>>>>>>>>>>>>>>>>>>>>>>>>>>>>>>>>>>>>>>>>>>>>>>>>>>>>>>>>>>>>>>>>>>>>>>>>>>>>>>>>>>>>>>>>>>>>>>>>>
epoch: 18
loss: 0.2327, acc: 0.9375
loss: 0.3711, acc: 0.8594
loss: 0.3533, acc: 0.8778
loss: 0.3692, acc: 0.8672
loss: 0.3631, acc: 0.8661
loss: 0.3563, acc: 0.8750
loss: 0.3659, acc: 0.8690
loss: 0.3761, acc: 0.8637
loss: 0.3856, acc: 0.8544
loss: 0.3854, acc: 0.8539
loss: 0.3843, acc: 0.8517
loss: 0.3848, acc: 0.8504
loss: 0.3900, acc: 0.8489
loss: 0.3944, acc: 0.8456
loss: 0.3957, acc: 0.8446
loss: 0.3922, acc: 0.8470
loss: 0.3905, acc: 0.8480
loss: 0.3946, acc: 0.8485
loss: 0.3934, acc: 0.8503
loss: 0.3906, acc: 0.8538
loss: 0.3888, acc: 0.8549
loss: 0.3909, acc: 0.8544
loss: 0.3886, acc: 0.8550
> val_acc: 0.7911, val_f1: 0.6590
>>>>>>>>>>>>>>>>>>>>>>>>>>>>>>>>>>>>>>>>>>>>>>>>>>>>>>>>>>>>>>>>>>>>>>>>>>>>>>>>>>>>>>>>>>>>>>>>>>>>
epoch: 19
loss: 0.3939, acc: 0.8333
loss: 0.3599, acc: 0.8789
loss: 0.3480, acc: 0.8750
loss: 0.3372, acc: 0.8785
loss: 0.3397, acc: 0.8818
loss: 0.3497, acc: 0.8783
loss: 0.3516, acc: 0.8769
loss: 0.3423, acc: 0.8808
loss: 0.3444, acc: 0.8823
loss: 0.3528, acc: 0.8770
loss: 0.3565, acc: 0.8762
loss: 0.3579, acc: 0.8734
loss: 0.3587, acc: 0.8725
loss: 0.3565, acc: 0.8732
loss: 0.3575, acc: 0.8724
loss: 0.3566, acc: 0.8742
loss: 0.3596, acc: 0.8712
loss: 0.3614, acc: 0.8697
loss: 0.3580, acc: 0.8710
loss: 0.3621, acc: 0.8699
loss: 0.3603, acc: 0.8695
loss: 0.3607, acc: 0.8695
loss: 0.3607, acc: 0.8686
> val_acc: 0.7848, val_f1: 0.6383
>>>>>>>>>>>>>>>>>>>>>>>>>>>>>>>>>>>>>>>>>>>>>>>>>>>>>>>>>>>>>>>>>>>>>>>>>>>>>>>>>>>>>>>>>>>>>>>>>>>>
epoch: 20
loss: 0.3173, acc: 0.9000
loss: 0.3299, acc: 0.8938
loss: 0.3275, acc: 0.9062
loss: 0.3238, acc: 0.8984
loss: 0.3170, acc: 0.8975
loss: 0.3135, acc: 0.8979
loss: 0.3172, acc: 0.8973
loss: 0.3121, acc: 0.8977
loss: 0.3172, acc: 0.8924
loss: 0.3209, acc: 0.8925
loss: 0.3258, acc: 0.8909
loss: 0.3256, acc: 0.8906
loss: 0.3261, acc: 0.8899
loss: 0.3287, acc: 0.8897
loss: 0.3287, acc: 0.8900
loss: 0.3262, acc: 0.8910
loss: 0.3269, acc: 0.8915
loss: 0.3277, acc: 0.8920
loss: 0.3310, acc: 0.8901
loss: 0.3335, acc: 0.8884
loss: 0.3346, acc: 0.8884
loss: 0.3383, acc: 0.8855
> val_acc: 0.7857, val_f1: 0.6475
>>>>>>>>>>>>>>>>>>>>>>>>>>>>>>>>>>>>>>>>>>>>>>>>>>>>>>>>>>>>>>>>>>>>>>>>>>>>>>>>>>>>>>>>>>>>>>>>>>>>
epoch: 21
loss: 0.3419, acc: 0.8438
loss: 0.3293, acc: 0.8616
loss: 0.3463, acc: 0.8542
loss: 0.3224, acc: 0.8713
loss: 0.3190, acc: 0.8750
loss: 0.3399, acc: 0.8727
loss: 0.3284, acc: 0.8818
loss: 0.3251, acc: 0.8851
loss: 0.3225, acc: 0.8847
loss: 0.3204, acc: 0.8863
loss: 0.3213, acc: 0.8864
loss: 0.3264, acc: 0.8843
loss: 0.3252, acc: 0.8846
loss: 0.3255, acc: 0.8853
loss: 0.3253, acc: 0.8867
loss: 0.3259, acc: 0.8868
loss: 0.3277, acc: 0.8868
loss: 0.3340, acc: 0.8843
loss: 0.3370, acc: 0.8838
loss: 0.3411, acc: 0.8827
loss: 0.3408, acc: 0.8820
loss: 0.3401, acc: 0.8823
loss: 0.3392, acc: 0.8831
> val_acc: 0.7839, val_f1: 0.6572
>>>>>>>>>>>>>>>>>>>>>>>>>>>>>>>>>>>>>>>>>>>>>>>>>>>>>>>>>>>>>>>>>>>>>>>>>>>>>>>>>>>>>>>>>>>>>>>>>>>>
epoch: 22
loss: 0.3291, acc: 0.8672
loss: 0.3030, acc: 0.8958
loss: 0.3280, acc: 0.8817
loss: 0.3340, acc: 0.8799
loss: 0.3297, acc: 0.8815
loss: 0.3366, acc: 0.8772
loss: 0.3294, acc: 0.8824
loss: 0.3283, acc: 0.8838
loss: 0.3242, acc: 0.8857
loss: 0.3220, acc: 0.8858
loss: 0.3238, acc: 0.8825
loss: 0.3191, acc: 0.8851
loss: 0.3202, acc: 0.8828
loss: 0.3214, acc: 0.8809
loss: 0.3246, acc: 0.8780
loss: 0.3250, acc: 0.8766
loss: 0.3270, acc: 0.8765
loss: 0.3242, acc: 0.8771
loss: 0.3266, acc: 0.8763
loss: 0.3315, acc: 0.8734
loss: 0.3324, acc: 0.8726
loss: 0.3296, acc: 0.8747
> val_acc: 0.7830, val_f1: 0.6385
>>>>>>>>>>>>>>>>>>>>>>>>>>>>>>>>>>>>>>>>>>>>>>>>>>>>>>>>>>>>>>>>>>>>>>>>>>>>>>>>>>>>>>>>>>>>>>>>>>>>
epoch: 23
loss: 0.2416, acc: 0.9062
loss: 0.2934, acc: 0.8854
loss: 0.3005, acc: 0.8807
loss: 0.3166, acc: 0.8770
loss: 0.3220, acc: 0.8810
loss: 0.3177, acc: 0.8834
loss: 0.3269, acc: 0.8790
loss: 0.3345, acc: 0.8741
loss: 0.3349, acc: 0.8727
loss: 0.3315, acc: 0.8743
loss: 0.3330, acc: 0.8744
loss: 0.3375, acc: 0.8717
loss: 0.3341, acc: 0.8740
loss: 0.3343, acc: 0.8755
loss: 0.3309, acc: 0.8785
loss: 0.3323, acc: 0.8799
loss: 0.3331, acc: 0.8781
loss: 0.3332, acc: 0.8783
loss: 0.3297, acc: 0.8802
loss: 0.3289, acc: 0.8812
loss: 0.3298, acc: 0.8809
loss: 0.3290, acc: 0.8821
loss: 0.3312, acc: 0.8801
> val_acc: 0.7875, val_f1: 0.6550
>>>>>>>>>>>>>>>>>>>>>>>>>>>>>>>>>>>>>>>>>>>>>>>>>>>>>>>>>>>>>>>>>>>>>>>>>>>>>>>>>>>>>>>>>>>>>>>>>>>>
epoch: 24
loss: 0.2335, acc: 0.9479
loss: 0.2801, acc: 0.9219
loss: 0.2895, acc: 0.9135
loss: 0.3225, acc: 0.8958
loss: 0.3127, acc: 0.8981
loss: 0.3147, acc: 0.8951
loss: 0.3354, acc: 0.8845
loss: 0.3256, acc: 0.8898
loss: 0.3228, acc: 0.8895
loss: 0.3236, acc: 0.8867
loss: 0.3146, acc: 0.8909
loss: 0.3166, acc: 0.8890
loss: 0.3237, acc: 0.8849
loss: 0.3263, acc: 0.8837
loss: 0.3217, acc: 0.8848
loss: 0.3203, acc: 0.8830
loss: 0.3224, acc: 0.8814
loss: 0.3255, acc: 0.8803
loss: 0.3216, acc: 0.8841
loss: 0.3224, acc: 0.8836
loss: 0.3242, acc: 0.8832
loss: 0.3225, acc: 0.8845
loss: 0.3217, acc: 0.8847
> val_acc: 0.7821, val_f1: 0.6431
>>>>>>>>>>>>>>>>>>>>>>>>>>>>>>>>>>>>>>>>>>>>>>>>>>>>>>>>>>>>>>>>>>>>>>>>>>>>>>>>>>>>>>>>>>>>>>>>>>>>
epoch: 25
loss: 0.3420, acc: 0.8750
loss: 0.3123, acc: 0.8781
loss: 0.3124, acc: 0.8854
loss: 0.3246, acc: 0.8781
loss: 0.3140, acc: 0.8775
loss: 0.3152, acc: 0.8781
loss: 0.3109, acc: 0.8786
loss: 0.3151, acc: 0.8758
loss: 0.3217, acc: 0.8764
loss: 0.3210, acc: 0.8781
loss: 0.3258, acc: 0.8767
loss: 0.3234, acc: 0.8771
loss: 0.3226, acc: 0.8779
loss: 0.3162, acc: 0.8817
loss: 0.3150, acc: 0.8833
loss: 0.3152, acc: 0.8848
loss: 0.3131, acc: 0.8842
loss: 0.3140, acc: 0.8844
loss: 0.3200, acc: 0.8819
loss: 0.3164, acc: 0.8838
loss: 0.3180, acc: 0.8827
loss: 0.3165, acc: 0.8832
> val_acc: 0.7812, val_f1: 0.6345
>>>>>>>>>>>>>>>>>>>>>>>>>>>>>>>>>>>>>>>>>>>>>>>>>>>>>>>>>>>>>>>>>>>>>>>>>>>>>>>>>>>>>>>>>>>>>>>>>>>>
epoch: 26
loss: 0.3668, acc: 0.8594
loss: 0.3311, acc: 0.8750
loss: 0.3361, acc: 0.8672
loss: 0.3360, acc: 0.8713
loss: 0.3232, acc: 0.8807
loss: 0.3302, acc: 0.8831
loss: 0.3207, acc: 0.8867
loss: 0.3142, acc: 0.8877
loss: 0.3165, acc: 0.8839
loss: 0.3157, acc: 0.8856
loss: 0.3066, acc: 0.8912
loss: 0.3016, acc: 0.8931
loss: 0.3000, acc: 0.8947
loss: 0.3002, acc: 0.8951
loss: 0.2981, acc: 0.8971
loss: 0.2979, acc: 0.8977
loss: 0.3005, acc: 0.8963
loss: 0.3037, acc: 0.8944
loss: 0.3037, acc: 0.8954
loss: 0.3028, acc: 0.8956
loss: 0.3051, acc: 0.8937
loss: 0.3063, acc: 0.8934
loss: 0.3094, acc: 0.8926
> val_acc: 0.7821, val_f1: 0.6401
>>>>>>>>>>>>>>>>>>>>>>>>>>>>>>>>>>>>>>>>>>>>>>>>>>>>>>>>>>>>>>>>>>>>>>>>>>>>>>>>>>>>>>>>>>>>>>>>>>>>
epoch: 27
loss: 0.2631, acc: 0.9219
loss: 0.2864, acc: 0.9062
loss: 0.3093, acc: 0.8817
loss: 0.3158, acc: 0.8832
loss: 0.3114, acc: 0.8841
loss: 0.3123, acc: 0.8869
loss: 0.3041, acc: 0.8906
loss: 0.3099, acc: 0.8886
loss: 0.2976, acc: 0.8977
loss: 0.2917, acc: 0.8986
loss: 0.2885, acc: 0.8999
loss: 0.2921, acc: 0.8994
loss: 0.3005, acc: 0.8940
loss: 0.3025, acc: 0.8936
loss: 0.3041, acc: 0.8919
loss: 0.3059, acc: 0.8924
loss: 0.3089, acc: 0.8917
loss: 0.3093, acc: 0.8908
loss: 0.3108, acc: 0.8903
loss: 0.3111, acc: 0.8902
loss: 0.3105, acc: 0.8903
loss: 0.3092, acc: 0.8902
> val_acc: 0.7848, val_f1: 0.6567
>>>>>>>>>>>>>>>>>>>>>>>>>>>>>>>>>>>>>>>>>>>>>>>>>>>>>>>>>>>>>>>>>>>>>>>>>>>>>>>>>>>>>>>>>>>>>>>>>>>>
epoch: 28
loss: 0.1604, acc: 0.9688
loss: 0.2703, acc: 0.9062
loss: 0.2717, acc: 0.9006
loss: 0.2873, acc: 0.8926
loss: 0.2795, acc: 0.8958
loss: 0.2737, acc: 0.9002
loss: 0.2851, acc: 0.8952
loss: 0.2853, acc: 0.8958
loss: 0.2808, acc: 0.9017
loss: 0.2856, acc: 0.8981
loss: 0.2929, acc: 0.8922
loss: 0.2909, acc: 0.8929
loss: 0.2883, acc: 0.8940
loss: 0.2914, acc: 0.8930
loss: 0.2946, acc: 0.8922
loss: 0.2929, acc: 0.8931
loss: 0.2923, acc: 0.8939
loss: 0.2901, acc: 0.8961
loss: 0.2912, acc: 0.8956
loss: 0.2955, acc: 0.8942
loss: 0.2969, acc: 0.8954
loss: 0.2968, acc: 0.8965
loss: 0.2966, acc: 0.8961
> val_acc: 0.7812, val_f1: 0.6428
>>>>>>>>>>>>>>>>>>>>>>>>>>>>>>>>>>>>>>>>>>>>>>>>>>>>>>>>>>>>>>>>>>>>>>>>>>>>>>>>>>>>>>>>>>>>>>>>>>>>
epoch: 29
loss: 0.2291, acc: 0.9479
loss: 0.2843, acc: 0.8828
loss: 0.2985, acc: 0.8822
loss: 0.3118, acc: 0.8698
loss: 0.2990, acc: 0.8777
loss: 0.2992, acc: 0.8795
loss: 0.2829, acc: 0.8883
loss: 0.2925, acc: 0.8849
loss: 0.2872, acc: 0.8895
loss: 0.2856, acc: 0.8919
loss: 0.2805, acc: 0.8950
loss: 0.2835, acc: 0.8960
loss: 0.2810, acc: 0.8983
loss: 0.2879, acc: 0.8952
loss: 0.2839, acc: 0.8968
loss: 0.2835, acc: 0.8966
loss: 0.2899, acc: 0.8934
loss: 0.2949, acc: 0.8920
loss: 0.2919, acc: 0.8938
loss: 0.2944, acc: 0.8935
loss: 0.2920, acc: 0.8944
loss: 0.2933, acc: 0.8941
loss: 0.2933, acc: 0.8941
> val_acc: 0.7911, val_f1: 0.6604
>> test_acc: 0.7946, test_f1: 0.6594
