cuda memory allocated: 16206336
n_trainable_params: 2726003, n_nontrainable_params: 1323600
> training arguments:
>>> model_name: gc_ian
>>> dataset: restaurant
>>> optimizer: <class 'torch.optim.adam.Adam'>
>>> initializer: <function xavier_uniform_ at 0x000001F00AF776A8>
>>> learning_rate: 0.0003
>>> momentum: 0.95
>>> dropout: 0.5
>>> l2reg: 5e-05
>>> num_epoch: 30
>>> batch_size: 32
>>> log_step: 5
>>> embed_dim: 300
>>> hidden_dim: 300
>>> bert_dim: 768
>>> pretrained_bert_name: bert-base-uncased
>>> max_seq_len: 80
>>> polarities_dim: 3
>>> hops: 3
>>> device: cuda
>>> seed: 0
>>> valset_ratio: 0
>>> num_layers: 1
>>> in_channels: 100
>>> out_channels: 1
>>> downbot: 20
>>> kernel_size: 3
>>> glove_path: ./embeddings/glove.840B.300d.txt
>>> model_class: <class 'models.gc_ian.GC_IAN'>
>>> dataset_file: {'train': './datasets/semeval14/Restaurants_Train.xml.seg', 'test': './datasets/semeval14/Restaurants_Test_Gold.xml.seg'}
>>> inputs_cols: ['text_raw_indices', 'aspect_indices']
>>>>>>>>>>>>>>>>>>>>>>>>>>>>>>>>>>>>>>>>>>>>>>>>>>>>>>>>>>>>>>>>>>>>>>>>>>>>>>>>>>>>>>>>>>>>>>>>>>>>
epoch: 0
loss: 1.0480, acc: 0.5125
loss: 0.9776, acc: 0.5656
loss: 0.9585, acc: 0.5813
loss: 0.9636, acc: 0.5766
loss: 0.9484, acc: 0.5875
loss: 0.9384, acc: 0.5906
loss: 0.9223, acc: 0.6009
loss: 0.9169, acc: 0.6023
loss: 0.9168, acc: 0.5979
loss: 0.9182, acc: 0.5919
loss: 0.9137, acc: 0.5926
loss: 0.9153, acc: 0.5943
loss: 0.9080, acc: 0.5952
loss: 0.9041, acc: 0.5982
loss: 0.8989, acc: 0.6017
loss: 0.8938, acc: 0.6043
loss: 0.8906, acc: 0.6081
loss: 0.8853, acc: 0.6101
loss: 0.8822, acc: 0.6125
loss: 0.8783, acc: 0.6138
loss: 0.8704, acc: 0.6179
loss: 0.8648, acc: 0.6210
> val_acc: 0.6830, val_f1: 0.3961
>> saved: state_dict/gc_ian_restaurant_val_acc0.683
>>>>>>>>>>>>>>>>>>>>>>>>>>>>>>>>>>>>>>>>>>>>>>>>>>>>>>>>>>>>>>>>>>>>>>>>>>>>>>>>>>>>>>>>>>>>>>>>>>>>
epoch: 1
loss: 0.6951, acc: 0.7188
loss: 0.6772, acc: 0.7143
loss: 0.7001, acc: 0.6875
loss: 0.6952, acc: 0.7059
loss: 0.6831, acc: 0.7074
loss: 0.6852, acc: 0.7049
loss: 0.6837, acc: 0.7129
loss: 0.6877, acc: 0.7145
loss: 0.6839, acc: 0.7158
loss: 0.6776, acc: 0.7194
loss: 0.6793, acc: 0.7175
loss: 0.6844, acc: 0.7138
loss: 0.6907, acc: 0.7122
loss: 0.6942, acc: 0.7099
loss: 0.6914, acc: 0.7127
loss: 0.6944, acc: 0.7110
loss: 0.6910, acc: 0.7142
loss: 0.6896, acc: 0.7137
loss: 0.6865, acc: 0.7160
loss: 0.6874, acc: 0.7155
loss: 0.6834, acc: 0.7163
loss: 0.6836, acc: 0.7167
loss: 0.6790, acc: 0.7213
> val_acc: 0.7277, val_f1: 0.5241
>> saved: state_dict/gc_ian_restaurant_val_acc0.7277
>>>>>>>>>>>>>>>>>>>>>>>>>>>>>>>>>>>>>>>>>>>>>>>>>>>>>>>>>>>>>>>>>>>>>>>>>>>>>>>>>>>>>>>>>>>>>>>>>>>>
epoch: 2
loss: 0.6385, acc: 0.7266
loss: 0.5978, acc: 0.7569
loss: 0.5940, acc: 0.7612
loss: 0.5762, acc: 0.7697
loss: 0.5969, acc: 0.7513
loss: 0.5926, acc: 0.7543
loss: 0.5822, acc: 0.7647
loss: 0.5767, acc: 0.7668
loss: 0.5769, acc: 0.7692
loss: 0.5723, acc: 0.7723
loss: 0.5742, acc: 0.7726
loss: 0.5742, acc: 0.7691
loss: 0.5840, acc: 0.7632
loss: 0.5809, acc: 0.7659
loss: 0.5799, acc: 0.7673
loss: 0.5801, acc: 0.7682
loss: 0.5775, acc: 0.7697
loss: 0.5753, acc: 0.7718
loss: 0.5781, acc: 0.7689
loss: 0.5747, acc: 0.7699
loss: 0.5738, acc: 0.7704
loss: 0.5747, acc: 0.7704
> val_acc: 0.7509, val_f1: 0.5702
>> saved: state_dict/gc_ian_restaurant_val_acc0.7509
>>>>>>>>>>>>>>>>>>>>>>>>>>>>>>>>>>>>>>>>>>>>>>>>>>>>>>>>>>>>>>>>>>>>>>>>>>>>>>>>>>>>>>>>>>>>>>>>>>>>
epoch: 3
loss: 0.5263, acc: 0.8750
loss: 0.4908, acc: 0.8333
loss: 0.5190, acc: 0.8182
loss: 0.5110, acc: 0.8125
loss: 0.4996, acc: 0.8214
loss: 0.4965, acc: 0.8245
loss: 0.4943, acc: 0.8216
loss: 0.4845, acc: 0.8212
loss: 0.4852, acc: 0.8194
loss: 0.4837, acc: 0.8193
loss: 0.4817, acc: 0.8192
loss: 0.4840, acc: 0.8164
loss: 0.4880, acc: 0.8151
loss: 0.4899, acc: 0.8149
loss: 0.4921, acc: 0.8143
loss: 0.4925, acc: 0.8125
loss: 0.4930, acc: 0.8113
loss: 0.4966, acc: 0.8092
loss: 0.4974, acc: 0.8077
loss: 0.5004, acc: 0.8063
loss: 0.4987, acc: 0.8075
loss: 0.4956, acc: 0.8093
loss: 0.4972, acc: 0.8091
> val_acc: 0.7571, val_f1: 0.6116
>> saved: state_dict/gc_ian_restaurant_val_acc0.7571
>>>>>>>>>>>>>>>>>>>>>>>>>>>>>>>>>>>>>>>>>>>>>>>>>>>>>>>>>>>>>>>>>>>>>>>>>>>>>>>>>>>>>>>>>>>>>>>>>>>>
epoch: 4
loss: 0.4798, acc: 0.8438
loss: 0.4991, acc: 0.8164
loss: 0.4678, acc: 0.8317
loss: 0.4515, acc: 0.8403
loss: 0.4486, acc: 0.8370
loss: 0.4481, acc: 0.8359
loss: 0.4393, acc: 0.8352
loss: 0.4319, acc: 0.8405
loss: 0.4355, acc: 0.8358
loss: 0.4425, acc: 0.8353
loss: 0.4404, acc: 0.8367
loss: 0.4426, acc: 0.8357
loss: 0.4475, acc: 0.8328
loss: 0.4533, acc: 0.8300
loss: 0.4527, acc: 0.8313
loss: 0.4562, acc: 0.8289
loss: 0.4518, acc: 0.8313
loss: 0.4487, acc: 0.8342
loss: 0.4445, acc: 0.8360
loss: 0.4448, acc: 0.8339
loss: 0.4465, acc: 0.8340
loss: 0.4508, acc: 0.8313
loss: 0.4528, acc: 0.8304
> val_acc: 0.7670, val_f1: 0.6325
>> saved: state_dict/gc_ian_restaurant_val_acc0.767
>>>>>>>>>>>>>>>>>>>>>>>>>>>>>>>>>>>>>>>>>>>>>>>>>>>>>>>>>>>>>>>>>>>>>>>>>>>>>>>>>>>>>>>>>>>>>>>>>>>>
epoch: 5
loss: 0.3254, acc: 0.9000
loss: 0.3587, acc: 0.8812
loss: 0.3506, acc: 0.8896
loss: 0.3557, acc: 0.8859
loss: 0.3690, acc: 0.8762
loss: 0.3763, acc: 0.8719
loss: 0.3734, acc: 0.8804
loss: 0.3828, acc: 0.8695
loss: 0.3893, acc: 0.8660
loss: 0.3908, acc: 0.8662
loss: 0.3910, acc: 0.8659
loss: 0.3879, acc: 0.8672
loss: 0.3887, acc: 0.8678
loss: 0.3916, acc: 0.8665
loss: 0.3921, acc: 0.8658
loss: 0.3966, acc: 0.8625
loss: 0.3994, acc: 0.8607
loss: 0.3971, acc: 0.8625
loss: 0.3985, acc: 0.8612
loss: 0.4013, acc: 0.8594
loss: 0.3981, acc: 0.8601
loss: 0.3998, acc: 0.8574
> val_acc: 0.7696, val_f1: 0.6375
>> saved: state_dict/gc_ian_restaurant_val_acc0.7696
>>>>>>>>>>>>>>>>>>>>>>>>>>>>>>>>>>>>>>>>>>>>>>>>>>>>>>>>>>>>>>>>>>>>>>>>>>>>>>>>>>>>>>>>>>>>>>>>>>>>
epoch: 6
loss: 0.4114, acc: 0.8281
loss: 0.3762, acc: 0.8616
loss: 0.3666, acc: 0.8698
loss: 0.3548, acc: 0.8676
loss: 0.3796, acc: 0.8608
loss: 0.3663, acc: 0.8657
loss: 0.3661, acc: 0.8682
loss: 0.3574, acc: 0.8733
loss: 0.3587, acc: 0.8735
loss: 0.3562, acc: 0.8777
loss: 0.3582, acc: 0.8762
loss: 0.3572, acc: 0.8766
loss: 0.3529, acc: 0.8790
loss: 0.3562, acc: 0.8764
loss: 0.3572, acc: 0.8763
loss: 0.3603, acc: 0.8750
loss: 0.3623, acc: 0.8731
loss: 0.3595, acc: 0.8739
loss: 0.3607, acc: 0.8747
loss: 0.3650, acc: 0.8724
loss: 0.3647, acc: 0.8729
loss: 0.3692, acc: 0.8709
loss: 0.3677, acc: 0.8708
> val_acc: 0.7723, val_f1: 0.6226
>> saved: state_dict/gc_ian_restaurant_val_acc0.7723
>>>>>>>>>>>>>>>>>>>>>>>>>>>>>>>>>>>>>>>>>>>>>>>>>>>>>>>>>>>>>>>>>>>>>>>>>>>>>>>>>>>>>>>>>>>>>>>>>>>>
epoch: 7
loss: 0.2957, acc: 0.9219
loss: 0.3170, acc: 0.8924
loss: 0.3149, acc: 0.8929
loss: 0.3066, acc: 0.9013
loss: 0.3138, acc: 0.8880
loss: 0.3181, acc: 0.8901
loss: 0.3207, acc: 0.8897
loss: 0.3262, acc: 0.8854
loss: 0.3232, acc: 0.8871
loss: 0.3203, acc: 0.8865
loss: 0.3161, acc: 0.8912
loss: 0.3230, acc: 0.8888
loss: 0.3236, acc: 0.8867
loss: 0.3224, acc: 0.8881
loss: 0.3280, acc: 0.8847
loss: 0.3305, acc: 0.8853
loss: 0.3306, acc: 0.8858
loss: 0.3330, acc: 0.8845
loss: 0.3361, acc: 0.8823
loss: 0.3382, acc: 0.8804
loss: 0.3393, acc: 0.8789
loss: 0.3375, acc: 0.8802
> val_acc: 0.7634, val_f1: 0.6081
>>>>>>>>>>>>>>>>>>>>>>>>>>>>>>>>>>>>>>>>>>>>>>>>>>>>>>>>>>>>>>>>>>>>>>>>>>>>>>>>>>>>>>>>>>>>>>>>>>>>
epoch: 8
loss: 0.2262, acc: 0.9375
loss: 0.2822, acc: 0.9219
loss: 0.3095, acc: 0.9034
loss: 0.3131, acc: 0.9043
loss: 0.3125, acc: 0.9033
loss: 0.2956, acc: 0.9087
loss: 0.2968, acc: 0.9012
loss: 0.2888, acc: 0.9036
loss: 0.2961, acc: 0.8971
loss: 0.2978, acc: 0.8974
loss: 0.2943, acc: 0.8995
loss: 0.2918, acc: 0.9023
loss: 0.2945, acc: 0.8960
loss: 0.2994, acc: 0.8949
loss: 0.3023, acc: 0.8926
loss: 0.3010, acc: 0.8931
loss: 0.3009, acc: 0.8943
loss: 0.3023, acc: 0.8928
loss: 0.3046, acc: 0.8905
loss: 0.3064, acc: 0.8874
loss: 0.3092, acc: 0.8858
loss: 0.3102, acc: 0.8847
loss: 0.3145, acc: 0.8823
> val_acc: 0.7732, val_f1: 0.6333
>> saved: state_dict/gc_ian_restaurant_val_acc0.7732
>>>>>>>>>>>>>>>>>>>>>>>>>>>>>>>>>>>>>>>>>>>>>>>>>>>>>>>>>>>>>>>>>>>>>>>>>>>>>>>>>>>>>>>>>>>>>>>>>>>>
epoch: 9
loss: 0.3027, acc: 0.9167
loss: 0.2627, acc: 0.9258
loss: 0.2686, acc: 0.9207
loss: 0.2704, acc: 0.9236
loss: 0.2698, acc: 0.9253
loss: 0.2809, acc: 0.9152
loss: 0.2960, acc: 0.9072
loss: 0.2863, acc: 0.9112
loss: 0.2885, acc: 0.9062
loss: 0.2854, acc: 0.9076
loss: 0.2849, acc: 0.9074
loss: 0.2848, acc: 0.9068
loss: 0.2870, acc: 0.9058
loss: 0.2876, acc: 0.9049
loss: 0.2906, acc: 0.9024
loss: 0.2896, acc: 0.9010
loss: 0.2897, acc: 0.8998
loss: 0.2892, acc: 0.9009
loss: 0.2901, acc: 0.9005
loss: 0.2914, acc: 0.8999
loss: 0.2923, acc: 0.8993
loss: 0.2912, acc: 0.8996
loss: 0.2925, acc: 0.8983
> val_acc: 0.7696, val_f1: 0.6230
>>>>>>>>>>>>>>>>>>>>>>>>>>>>>>>>>>>>>>>>>>>>>>>>>>>>>>>>>>>>>>>>>>>>>>>>>>>>>>>>>>>>>>>>>>>>>>>>>>>>
epoch: 10
loss: 0.2185, acc: 0.9500
loss: 0.2502, acc: 0.9250
loss: 0.2307, acc: 0.9354
loss: 0.2461, acc: 0.9203
loss: 0.2677, acc: 0.9100
loss: 0.2653, acc: 0.9104
loss: 0.2721, acc: 0.9062
loss: 0.2713, acc: 0.9102
loss: 0.2667, acc: 0.9146
loss: 0.2680, acc: 0.9144
loss: 0.2652, acc: 0.9153
loss: 0.2650, acc: 0.9141
loss: 0.2684, acc: 0.9115
loss: 0.2675, acc: 0.9125
loss: 0.2747, acc: 0.9092
loss: 0.2733, acc: 0.9086
loss: 0.2770, acc: 0.9074
loss: 0.2753, acc: 0.9083
loss: 0.2759, acc: 0.9072
loss: 0.2806, acc: 0.9038
loss: 0.2798, acc: 0.9042
loss: 0.2812, acc: 0.9040
> val_acc: 0.7723, val_f1: 0.6250
>>>>>>>>>>>>>>>>>>>>>>>>>>>>>>>>>>>>>>>>>>>>>>>>>>>>>>>>>>>>>>>>>>>>>>>>>>>>>>>>>>>>>>>>>>>>>>>>>>>>
epoch: 11
loss: 0.2644, acc: 0.8906
loss: 0.2362, acc: 0.9152
loss: 0.2464, acc: 0.9219
loss: 0.2284, acc: 0.9265
loss: 0.2362, acc: 0.9247
loss: 0.2287, acc: 0.9282
loss: 0.2343, acc: 0.9258
loss: 0.2493, acc: 0.9164
loss: 0.2417, acc: 0.9204
loss: 0.2494, acc: 0.9169
loss: 0.2446, acc: 0.9195
loss: 0.2463, acc: 0.9178
loss: 0.2453, acc: 0.9194
loss: 0.2514, acc: 0.9132
loss: 0.2502, acc: 0.9136
loss: 0.2535, acc: 0.9103
loss: 0.2557, acc: 0.9104
loss: 0.2559, acc: 0.9124
loss: 0.2568, acc: 0.9120
loss: 0.2577, acc: 0.9117
loss: 0.2566, acc: 0.9118
loss: 0.2574, acc: 0.9115
loss: 0.2588, acc: 0.9107
> val_acc: 0.7696, val_f1: 0.6284
>>>>>>>>>>>>>>>>>>>>>>>>>>>>>>>>>>>>>>>>>>>>>>>>>>>>>>>>>>>>>>>>>>>>>>>>>>>>>>>>>>>>>>>>>>>>>>>>>>>>
epoch: 12
loss: 0.2985, acc: 0.8828
loss: 0.2520, acc: 0.9028
loss: 0.2524, acc: 0.8996
loss: 0.2539, acc: 0.9062
loss: 0.2420, acc: 0.9141
loss: 0.2530, acc: 0.9095
loss: 0.2533, acc: 0.9108
loss: 0.2468, acc: 0.9151
loss: 0.2460, acc: 0.9155
loss: 0.2427, acc: 0.9177
loss: 0.2376, acc: 0.9190
loss: 0.2357, acc: 0.9195
loss: 0.2367, acc: 0.9189
loss: 0.2364, acc: 0.9198
loss: 0.2354, acc: 0.9198
loss: 0.2375, acc: 0.9177
loss: 0.2358, acc: 0.9193
loss: 0.2382, acc: 0.9192
loss: 0.2403, acc: 0.9179
loss: 0.2425, acc: 0.9157
loss: 0.2425, acc: 0.9153
loss: 0.2449, acc: 0.9137
> val_acc: 0.7696, val_f1: 0.6166
>>>>>>>>>>>>>>>>>>>>>>>>>>>>>>>>>>>>>>>>>>>>>>>>>>>>>>>>>>>>>>>>>>>>>>>>>>>>>>>>>>>>>>>>>>>>>>>>>>>>
epoch: 13
loss: 0.1274, acc: 0.9688
loss: 0.2048, acc: 0.9271
loss: 0.2191, acc: 0.9205
loss: 0.2183, acc: 0.9258
loss: 0.2097, acc: 0.9315
loss: 0.2163, acc: 0.9303
loss: 0.2108, acc: 0.9355
loss: 0.2127, acc: 0.9340
loss: 0.2138, acc: 0.9329
loss: 0.2112, acc: 0.9341
loss: 0.2116, acc: 0.9350
loss: 0.2119, acc: 0.9347
loss: 0.2127, acc: 0.9344
loss: 0.2156, acc: 0.9313
loss: 0.2133, acc: 0.9318
loss: 0.2146, acc: 0.9322
loss: 0.2120, acc: 0.9333
loss: 0.2159, acc: 0.9302
loss: 0.2177, acc: 0.9282
loss: 0.2177, acc: 0.9284
loss: 0.2240, acc: 0.9251
loss: 0.2267, acc: 0.9233
loss: 0.2282, acc: 0.9220
> val_acc: 0.7732, val_f1: 0.6372
>>>>>>>>>>>>>>>>>>>>>>>>>>>>>>>>>>>>>>>>>>>>>>>>>>>>>>>>>>>>>>>>>>>>>>>>>>>>>>>>>>>>>>>>>>>>>>>>>>>>
epoch: 14
loss: 0.1551, acc: 0.9479
loss: 0.1530, acc: 0.9531
loss: 0.1720, acc: 0.9471
loss: 0.1933, acc: 0.9392
loss: 0.1921, acc: 0.9361
loss: 0.1968, acc: 0.9342
loss: 0.2008, acc: 0.9347
loss: 0.1977, acc: 0.9367
loss: 0.2081, acc: 0.9310
loss: 0.2106, acc: 0.9303
loss: 0.2147, acc: 0.9287
loss: 0.2213, acc: 0.9267
loss: 0.2183, acc: 0.9271
loss: 0.2164, acc: 0.9274
loss: 0.2177, acc: 0.9268
loss: 0.2136, acc: 0.9295
loss: 0.2131, acc: 0.9311
loss: 0.2129, acc: 0.9311
loss: 0.2142, acc: 0.9308
loss: 0.2152, acc: 0.9305
loss: 0.2178, acc: 0.9293
loss: 0.2199, acc: 0.9285
loss: 0.2212, acc: 0.9274
> val_acc: 0.7741, val_f1: 0.6262
>> saved: state_dict/gc_ian_restaurant_val_acc0.7741
>>>>>>>>>>>>>>>>>>>>>>>>>>>>>>>>>>>>>>>>>>>>>>>>>>>>>>>>>>>>>>>>>>>>>>>>>>>>>>>>>>>>>>>>>>>>>>>>>>>>
epoch: 15
loss: 0.1773, acc: 0.9625
loss: 0.1821, acc: 0.9500
loss: 0.1901, acc: 0.9437
loss: 0.1872, acc: 0.9484
loss: 0.1809, acc: 0.9525
loss: 0.1837, acc: 0.9490
loss: 0.1762, acc: 0.9509
loss: 0.1808, acc: 0.9484
loss: 0.1736, acc: 0.9507
loss: 0.1757, acc: 0.9500
loss: 0.1778, acc: 0.9472
loss: 0.1811, acc: 0.9443
loss: 0.1808, acc: 0.9452
loss: 0.1831, acc: 0.9429
loss: 0.1917, acc: 0.9371
loss: 0.1941, acc: 0.9367
loss: 0.1984, acc: 0.9357
loss: 0.1992, acc: 0.9351
loss: 0.1999, acc: 0.9342
loss: 0.2004, acc: 0.9341
loss: 0.2004, acc: 0.9333
loss: 0.2025, acc: 0.9321
> val_acc: 0.7705, val_f1: 0.6261
>>>>>>>>>>>>>>>>>>>>>>>>>>>>>>>>>>>>>>>>>>>>>>>>>>>>>>>>>>>>>>>>>>>>>>>>>>>>>>>>>>>>>>>>>>>>>>>>>>>>
epoch: 16
loss: 0.2253, acc: 0.9375
loss: 0.1821, acc: 0.9554
loss: 0.1688, acc: 0.9583
loss: 0.1740, acc: 0.9559
loss: 0.1760, acc: 0.9531
loss: 0.1732, acc: 0.9525
loss: 0.1812, acc: 0.9482
loss: 0.1827, acc: 0.9510
loss: 0.1874, acc: 0.9487
loss: 0.1951, acc: 0.9441
loss: 0.1930, acc: 0.9441
loss: 0.1918, acc: 0.9452
loss: 0.1951, acc: 0.9405
loss: 0.1929, acc: 0.9417
loss: 0.1932, acc: 0.9414
loss: 0.1953, acc: 0.9391
loss: 0.1921, acc: 0.9409
loss: 0.1922, acc: 0.9404
loss: 0.1934, acc: 0.9402
loss: 0.1930, acc: 0.9398
loss: 0.1902, acc: 0.9409
loss: 0.1935, acc: 0.9387
loss: 0.1957, acc: 0.9375
> val_acc: 0.7705, val_f1: 0.6148
>>>>>>>>>>>>>>>>>>>>>>>>>>>>>>>>>>>>>>>>>>>>>>>>>>>>>>>>>>>>>>>>>>>>>>>>>>>>>>>>>>>>>>>>>>>>>>>>>>>>
epoch: 17
loss: 0.1369, acc: 0.9609
loss: 0.1400, acc: 0.9653
loss: 0.1440, acc: 0.9598
loss: 0.1566, acc: 0.9523
loss: 0.1611, acc: 0.9440
loss: 0.1598, acc: 0.9450
loss: 0.1702, acc: 0.9439
loss: 0.1694, acc: 0.9463
loss: 0.1751, acc: 0.9418
loss: 0.1774, acc: 0.9407
loss: 0.1749, acc: 0.9421
loss: 0.1792, acc: 0.9396
loss: 0.1831, acc: 0.9375
loss: 0.1852, acc: 0.9366
loss: 0.1868, acc: 0.9358
loss: 0.1907, acc: 0.9335
loss: 0.1915, acc: 0.9338
loss: 0.1912, acc: 0.9333
loss: 0.1896, acc: 0.9335
loss: 0.1900, acc: 0.9340
loss: 0.1912, acc: 0.9318
loss: 0.1911, acc: 0.9318
> val_acc: 0.7562, val_f1: 0.5816
>>>>>>>>>>>>>>>>>>>>>>>>>>>>>>>>>>>>>>>>>>>>>>>>>>>>>>>>>>>>>>>>>>>>>>>>>>>>>>>>>>>>>>>>>>>>>>>>>>>>
epoch: 18
loss: 0.1827, acc: 0.9688
loss: 0.2081, acc: 0.9062
loss: 0.1856, acc: 0.9233
loss: 0.1961, acc: 0.9277
loss: 0.1852, acc: 0.9301
loss: 0.1859, acc: 0.9315
loss: 0.1824, acc: 0.9304
loss: 0.1781, acc: 0.9349
loss: 0.1768, acc: 0.9360
loss: 0.1749, acc: 0.9375
loss: 0.1731, acc: 0.9375
loss: 0.1798, acc: 0.9347
loss: 0.1815, acc: 0.9360
loss: 0.1826, acc: 0.9351
loss: 0.1790, acc: 0.9371
loss: 0.1788, acc: 0.9367
loss: 0.1793, acc: 0.9379
loss: 0.1780, acc: 0.9382
loss: 0.1772, acc: 0.9389
loss: 0.1811, acc: 0.9378
loss: 0.1803, acc: 0.9375
loss: 0.1827, acc: 0.9360
loss: 0.1833, acc: 0.9355
> val_acc: 0.7705, val_f1: 0.6352
>>>>>>>>>>>>>>>>>>>>>>>>>>>>>>>>>>>>>>>>>>>>>>>>>>>>>>>>>>>>>>>>>>>>>>>>>>>>>>>>>>>>>>>>>>>>>>>>>>>>
epoch: 19
loss: 0.1611, acc: 0.9271
loss: 0.1810, acc: 0.9453
loss: 0.1739, acc: 0.9471
loss: 0.1619, acc: 0.9514
loss: 0.1599, acc: 0.9524
loss: 0.1565, acc: 0.9542
loss: 0.1568, acc: 0.9527
loss: 0.1532, acc: 0.9548
loss: 0.1626, acc: 0.9513
loss: 0.1656, acc: 0.9492
loss: 0.1654, acc: 0.9493
loss: 0.1661, acc: 0.9504
loss: 0.1707, acc: 0.9489
loss: 0.1706, acc: 0.9485
loss: 0.1707, acc: 0.9473
loss: 0.1719, acc: 0.9443
loss: 0.1708, acc: 0.9450
loss: 0.1695, acc: 0.9446
loss: 0.1693, acc: 0.9449
loss: 0.1721, acc: 0.9436
loss: 0.1716, acc: 0.9445
loss: 0.1741, acc: 0.9433
loss: 0.1742, acc: 0.9426
> val_acc: 0.7759, val_f1: 0.6430
>> saved: state_dict/gc_ian_restaurant_val_acc0.7759
>>>>>>>>>>>>>>>>>>>>>>>>>>>>>>>>>>>>>>>>>>>>>>>>>>>>>>>>>>>>>>>>>>>>>>>>>>>>>>>>>>>>>>>>>>>>>>>>>>>>
epoch: 20
loss: 0.1332, acc: 0.9437
loss: 0.1399, acc: 0.9406
loss: 0.1413, acc: 0.9458
loss: 0.1464, acc: 0.9500
loss: 0.1498, acc: 0.9450
loss: 0.1516, acc: 0.9469
loss: 0.1572, acc: 0.9464
loss: 0.1561, acc: 0.9477
loss: 0.1590, acc: 0.9472
loss: 0.1593, acc: 0.9469
loss: 0.1594, acc: 0.9466
loss: 0.1562, acc: 0.9474
loss: 0.1607, acc: 0.9457
loss: 0.1641, acc: 0.9460
loss: 0.1627, acc: 0.9467
loss: 0.1647, acc: 0.9445
loss: 0.1685, acc: 0.9419
loss: 0.1722, acc: 0.9417
loss: 0.1739, acc: 0.9401
loss: 0.1735, acc: 0.9387
loss: 0.1776, acc: 0.9360
loss: 0.1761, acc: 0.9369
> val_acc: 0.7759, val_f1: 0.6283
>>>>>>>>>>>>>>>>>>>>>>>>>>>>>>>>>>>>>>>>>>>>>>>>>>>>>>>>>>>>>>>>>>>>>>>>>>>>>>>>>>>>>>>>>>>>>>>>>>>>
epoch: 21
loss: 0.1069, acc: 0.9844
loss: 0.1410, acc: 0.9420
loss: 0.1472, acc: 0.9375
loss: 0.1350, acc: 0.9412
loss: 0.1447, acc: 0.9389
loss: 0.1451, acc: 0.9421
loss: 0.1470, acc: 0.9424
loss: 0.1531, acc: 0.9400
loss: 0.1487, acc: 0.9435
loss: 0.1498, acc: 0.9461
loss: 0.1517, acc: 0.9453
loss: 0.1520, acc: 0.9463
loss: 0.1524, acc: 0.9456
loss: 0.1494, acc: 0.9454
loss: 0.1498, acc: 0.9462
loss: 0.1488, acc: 0.9476
loss: 0.1510, acc: 0.9470
loss: 0.1511, acc: 0.9476
loss: 0.1519, acc: 0.9460
loss: 0.1553, acc: 0.9446
loss: 0.1584, acc: 0.9433
loss: 0.1578, acc: 0.9433
loss: 0.1596, acc: 0.9425
> val_acc: 0.7679, val_f1: 0.6121
>>>>>>>>>>>>>>>>>>>>>>>>>>>>>>>>>>>>>>>>>>>>>>>>>>>>>>>>>>>>>>>>>>>>>>>>>>>>>>>>>>>>>>>>>>>>>>>>>>>>
epoch: 22
loss: 0.0837, acc: 0.9844
loss: 0.1274, acc: 0.9618
loss: 0.1377, acc: 0.9554
loss: 0.1326, acc: 0.9605
loss: 0.1555, acc: 0.9466
loss: 0.1500, acc: 0.9483
loss: 0.1487, acc: 0.9476
loss: 0.1523, acc: 0.9439
loss: 0.1490, acc: 0.9467
loss: 0.1526, acc: 0.9458
loss: 0.1524, acc: 0.9456
loss: 0.1498, acc: 0.9465
loss: 0.1523, acc: 0.9458
loss: 0.1551, acc: 0.9457
loss: 0.1551, acc: 0.9459
loss: 0.1575, acc: 0.9458
loss: 0.1634, acc: 0.9427
loss: 0.1625, acc: 0.9431
loss: 0.1669, acc: 0.9415
loss: 0.1671, acc: 0.9416
loss: 0.1663, acc: 0.9417
loss: 0.1644, acc: 0.9424
> val_acc: 0.7589, val_f1: 0.6045
>>>>>>>>>>>>>>>>>>>>>>>>>>>>>>>>>>>>>>>>>>>>>>>>>>>>>>>>>>>>>>>>>>>>>>>>>>>>>>>>>>>>>>>>>>>>>>>>>>>>
epoch: 23
loss: 0.1414, acc: 0.9062
loss: 0.1444, acc: 0.9375
loss: 0.1299, acc: 0.9460
loss: 0.1287, acc: 0.9512
loss: 0.1283, acc: 0.9539
loss: 0.1292, acc: 0.9507
loss: 0.1385, acc: 0.9506
loss: 0.1341, acc: 0.9523
loss: 0.1358, acc: 0.9497
loss: 0.1412, acc: 0.9490
loss: 0.1467, acc: 0.9467
loss: 0.1473, acc: 0.9464
loss: 0.1473, acc: 0.9457
loss: 0.1487, acc: 0.9455
loss: 0.1527, acc: 0.9432
loss: 0.1542, acc: 0.9424
loss: 0.1549, acc: 0.9421
loss: 0.1525, acc: 0.9433
loss: 0.1528, acc: 0.9437
loss: 0.1540, acc: 0.9430
loss: 0.1580, acc: 0.9406
loss: 0.1550, acc: 0.9422
loss: 0.1537, acc: 0.9434
> val_acc: 0.7598, val_f1: 0.6099
>>>>>>>>>>>>>>>>>>>>>>>>>>>>>>>>>>>>>>>>>>>>>>>>>>>>>>>>>>>>>>>>>>>>>>>>>>>>>>>>>>>>>>>>>>>>>>>>>>>>
epoch: 24
loss: 0.1507, acc: 0.9271
loss: 0.1569, acc: 0.9336
loss: 0.1582, acc: 0.9447
loss: 0.1430, acc: 0.9514
loss: 0.1431, acc: 0.9538
loss: 0.1461, acc: 0.9531
loss: 0.1573, acc: 0.9460
loss: 0.1563, acc: 0.9474
loss: 0.1518, acc: 0.9484
loss: 0.1534, acc: 0.9492
loss: 0.1519, acc: 0.9493
loss: 0.1520, acc: 0.9499
loss: 0.1477, acc: 0.9529
loss: 0.1485, acc: 0.9517
loss: 0.1514, acc: 0.9499
loss: 0.1520, acc: 0.9483
loss: 0.1531, acc: 0.9484
loss: 0.1526, acc: 0.9485
loss: 0.1520, acc: 0.9493
loss: 0.1555, acc: 0.9474
loss: 0.1551, acc: 0.9475
loss: 0.1561, acc: 0.9476
loss: 0.1603, acc: 0.9462
> val_acc: 0.7723, val_f1: 0.6313
>>>>>>>>>>>>>>>>>>>>>>>>>>>>>>>>>>>>>>>>>>>>>>>>>>>>>>>>>>>>>>>>>>>>>>>>>>>>>>>>>>>>>>>>>>>>>>>>>>>>
epoch: 25
loss: 0.1194, acc: 0.9563
loss: 0.1334, acc: 0.9469
loss: 0.1329, acc: 0.9479
loss: 0.1563, acc: 0.9391
loss: 0.1503, acc: 0.9413
loss: 0.1616, acc: 0.9385
loss: 0.1563, acc: 0.9402
loss: 0.1507, acc: 0.9422
loss: 0.1503, acc: 0.9431
loss: 0.1518, acc: 0.9431
loss: 0.1471, acc: 0.9460
loss: 0.1440, acc: 0.9479
loss: 0.1483, acc: 0.9457
loss: 0.1476, acc: 0.9469
loss: 0.1466, acc: 0.9471
loss: 0.1451, acc: 0.9477
loss: 0.1454, acc: 0.9482
loss: 0.1453, acc: 0.9486
loss: 0.1447, acc: 0.9484
loss: 0.1444, acc: 0.9484
loss: 0.1435, acc: 0.9485
loss: 0.1456, acc: 0.9483
> val_acc: 0.7661, val_f1: 0.6309
>>>>>>>>>>>>>>>>>>>>>>>>>>>>>>>>>>>>>>>>>>>>>>>>>>>>>>>>>>>>>>>>>>>>>>>>>>>>>>>>>>>>>>>>>>>>>>>>>>>>
epoch: 26
loss: 0.1032, acc: 0.9844
loss: 0.1084, acc: 0.9777
loss: 0.1226, acc: 0.9635
loss: 0.1246, acc: 0.9651
loss: 0.1330, acc: 0.9616
loss: 0.1328, acc: 0.9595
loss: 0.1392, acc: 0.9551
loss: 0.1394, acc: 0.9544
loss: 0.1360, acc: 0.9546
loss: 0.1348, acc: 0.9541
loss: 0.1338, acc: 0.9537
loss: 0.1328, acc: 0.9545
loss: 0.1297, acc: 0.9551
loss: 0.1331, acc: 0.9534
loss: 0.1367, acc: 0.9527
loss: 0.1387, acc: 0.9505
loss: 0.1398, acc: 0.9493
loss: 0.1409, acc: 0.9486
loss: 0.1400, acc: 0.9497
loss: 0.1397, acc: 0.9510
loss: 0.1395, acc: 0.9507
loss: 0.1406, acc: 0.9501
loss: 0.1420, acc: 0.9495
> val_acc: 0.7670, val_f1: 0.6405
>>>>>>>>>>>>>>>>>>>>>>>>>>>>>>>>>>>>>>>>>>>>>>>>>>>>>>>>>>>>>>>>>>>>>>>>>>>>>>>>>>>>>>>>>>>>>>>>>>>>
epoch: 27
loss: 0.1173, acc: 0.9609
loss: 0.1375, acc: 0.9549
loss: 0.1332, acc: 0.9598
loss: 0.1442, acc: 0.9539
loss: 0.1444, acc: 0.9531
loss: 0.1469, acc: 0.9504
loss: 0.1462, acc: 0.9513
loss: 0.1417, acc: 0.9535
loss: 0.1468, acc: 0.9503
loss: 0.1437, acc: 0.9522
loss: 0.1391, acc: 0.9549
loss: 0.1404, acc: 0.9544
loss: 0.1404, acc: 0.9541
loss: 0.1425, acc: 0.9534
loss: 0.1423, acc: 0.9544
loss: 0.1399, acc: 0.9549
loss: 0.1434, acc: 0.9524
loss: 0.1433, acc: 0.9522
loss: 0.1446, acc: 0.9518
loss: 0.1434, acc: 0.9530
loss: 0.1466, acc: 0.9513
loss: 0.1455, acc: 0.9521
> val_acc: 0.7750, val_f1: 0.6304
>>>>>>>>>>>>>>>>>>>>>>>>>>>>>>>>>>>>>>>>>>>>>>>>>>>>>>>>>>>>>>>>>>>>>>>>>>>>>>>>>>>>>>>>>>>>>>>>>>>>
epoch: 28
loss: 0.1909, acc: 0.9375
loss: 0.1541, acc: 0.9531
loss: 0.1350, acc: 0.9574
loss: 0.1252, acc: 0.9590
loss: 0.1319, acc: 0.9524
loss: 0.1256, acc: 0.9543
loss: 0.1224, acc: 0.9577
loss: 0.1215, acc: 0.9583
loss: 0.1265, acc: 0.9566
loss: 0.1279, acc: 0.9558
loss: 0.1264, acc: 0.9565
loss: 0.1277, acc: 0.9559
loss: 0.1320, acc: 0.9539
loss: 0.1338, acc: 0.9536
loss: 0.1338, acc: 0.9529
loss: 0.1336, acc: 0.9531
loss: 0.1335, acc: 0.9533
loss: 0.1329, acc: 0.9531
loss: 0.1342, acc: 0.9536
loss: 0.1386, acc: 0.9525
loss: 0.1406, acc: 0.9524
loss: 0.1407, acc: 0.9522
loss: 0.1411, acc: 0.9513
> val_acc: 0.7723, val_f1: 0.6206
>>>>>>>>>>>>>>>>>>>>>>>>>>>>>>>>>>>>>>>>>>>>>>>>>>>>>>>>>>>>>>>>>>>>>>>>>>>>>>>>>>>>>>>>>>>>>>>>>>>>
epoch: 29
loss: 0.1368, acc: 0.9583
loss: 0.1220, acc: 0.9609
loss: 0.1245, acc: 0.9591
loss: 0.1230, acc: 0.9618
loss: 0.1190, acc: 0.9633
loss: 0.1144, acc: 0.9654
loss: 0.1141, acc: 0.9669
loss: 0.1145, acc: 0.9663
loss: 0.1134, acc: 0.9666
loss: 0.1157, acc: 0.9629
loss: 0.1144, acc: 0.9640
loss: 0.1169, acc: 0.9623
loss: 0.1160, acc: 0.9628
loss: 0.1157, acc: 0.9642
loss: 0.1170, acc: 0.9636
loss: 0.1219, acc: 0.9603
loss: 0.1239, acc: 0.9608
loss: 0.1257, acc: 0.9592
loss: 0.1277, acc: 0.9587
loss: 0.1308, acc: 0.9573
loss: 0.1315, acc: 0.9578
loss: 0.1311, acc: 0.9569
loss: 0.1326, acc: 0.9570
> val_acc: 0.7652, val_f1: 0.6326
>> test_acc: 0.7759, test_f1: 0.6430
