cuda memory allocated: 9479680
n_trainable_params: 1926403, n_nontrainable_params: 441200
> training arguments:
>>> model_name: gc_ian
>>> model_ver: 3
>>> dataset: restaurant
>>> optimizer: <class 'torch.optim.adagrad.Adagrad'>
>>> initializer: <function xavier_uniform_ at 0x0000025A91D276A8>
>>> learning_rate: 0.01
>>> momentum: 0.95
>>> dropout: 0.5
>>> l2reg: 5e-05
>>> num_epoch: 30
>>> batch_size: 32
>>> log_step: 5
>>> embed_dim: 100
>>> hidden_dim: 300
>>> bert_dim: 768
>>> pretrained_bert_name: bert-base-uncased
>>> embeddings: d
>>> max_seq_len: 80
>>> polarities_dim: 3
>>> hops: 3
>>> device: cuda
>>> seed: 0
>>> valset_ratio: 0
>>> num_layers: 1
>>> in_channels: 100
>>> out_channels: 1
>>> downbot: 20
>>> kernel_size: 3
>>> glove_path: ./embeddings/glove.840B.300d.txt
>>> embedding_matrix_path: gen_data/embeddings/100_restaurant_domain_embedding_matrix.dat
>>> model_class: <class 'models.gc_ian.GC_IAN3'>
>>> dataset_file: {'train': './datasets/semeval14/Restaurants_Train.xml.seg', 'test': './datasets/semeval14/Restaurants_Test_Gold.xml.seg'}
>>> inputs_cols: ['text_raw_indices', 'aspect_indices']
>>>>>>>>>>>>>>>>>>>>>>>>>>>>>>>>>>>>>>>>>>>>>>>>>>>>>>>>>>>>>>>>>>>>>>>>>>>>>>>>>>>>>>>>>>>>>>>>>>>>
epoch: 0
loss: 1.3438, acc: 0.6125
loss: 1.1405, acc: 0.6000
loss: 1.0579, acc: 0.6083
loss: 1.0042, acc: 0.6109
loss: 0.9717, acc: 0.6150
loss: 0.9522, acc: 0.6177
loss: 0.9378, acc: 0.6196
loss: 0.9122, acc: 0.6289
loss: 0.9019, acc: 0.6326
loss: 0.8914, acc: 0.6381
loss: 0.8783, acc: 0.6415
loss: 0.8608, acc: 0.6484
loss: 0.8526, acc: 0.6519
loss: 0.8415, acc: 0.6554
loss: 0.8279, acc: 0.6592
loss: 0.8242, acc: 0.6598
loss: 0.8190, acc: 0.6618
loss: 0.8067, acc: 0.6677
loss: 0.8000, acc: 0.6701
loss: 0.7987, acc: 0.6706
loss: 0.7956, acc: 0.6708
loss: 0.7862, acc: 0.6761
> val_acc: 0.7518, val_f1: 0.5355
>> saved: state_dict/gc_ian_restaurant_val_acc0.7518
>>>>>>>>>>>>>>>>>>>>>>>>>>>>>>>>>>>>>>>>>>>>>>>>>>>>>>>>>>>>>>>>>>>>>>>>>>>>>>>>>>>>>>>>>>>>>>>>>>>>
epoch: 1
loss: 0.4598, acc: 0.8281
loss: 0.5510, acc: 0.7857
loss: 0.5692, acc: 0.7865
loss: 0.5571, acc: 0.7904
loss: 0.5711, acc: 0.7869
loss: 0.5760, acc: 0.7870
loss: 0.5878, acc: 0.7783
loss: 0.5885, acc: 0.7745
loss: 0.5853, acc: 0.7731
loss: 0.5847, acc: 0.7739
loss: 0.5764, acc: 0.7770
loss: 0.5782, acc: 0.7763
loss: 0.5730, acc: 0.7772
loss: 0.5669, acc: 0.7789
loss: 0.5717, acc: 0.7769
loss: 0.5700, acc: 0.7756
loss: 0.5679, acc: 0.7774
loss: 0.5715, acc: 0.7751
loss: 0.5709, acc: 0.7765
loss: 0.5765, acc: 0.7738
loss: 0.5777, acc: 0.7721
loss: 0.5727, acc: 0.7748
loss: 0.5730, acc: 0.7746
> val_acc: 0.7982, val_f1: 0.6681
>> saved: state_dict/gc_ian_restaurant_val_acc0.7982
>>>>>>>>>>>>>>>>>>>>>>>>>>>>>>>>>>>>>>>>>>>>>>>>>>>>>>>>>>>>>>>>>>>>>>>>>>>>>>>>>>>>>>>>>>>>>>>>>>>>
epoch: 2
loss: 0.4675, acc: 0.8594
loss: 0.4800, acc: 0.8264
loss: 0.5284, acc: 0.8013
loss: 0.5344, acc: 0.7977
loss: 0.5203, acc: 0.8021
loss: 0.5111, acc: 0.7996
loss: 0.5119, acc: 0.7996
loss: 0.5137, acc: 0.8005
loss: 0.5103, acc: 0.8033
loss: 0.5080, acc: 0.8004
loss: 0.5064, acc: 0.7998
loss: 0.5094, acc: 0.8003
loss: 0.5113, acc: 0.8018
loss: 0.5171, acc: 0.7980
loss: 0.5159, acc: 0.7977
loss: 0.5170, acc: 0.7971
loss: 0.5168, acc: 0.7969
loss: 0.5165, acc: 0.7985
loss: 0.5141, acc: 0.7999
loss: 0.5134, acc: 0.8002
loss: 0.5121, acc: 0.8008
loss: 0.5102, acc: 0.8016
> val_acc: 0.7893, val_f1: 0.6383
>>>>>>>>>>>>>>>>>>>>>>>>>>>>>>>>>>>>>>>>>>>>>>>>>>>>>>>>>>>>>>>>>>>>>>>>>>>>>>>>>>>>>>>>>>>>>>>>>>>>
epoch: 3
loss: 0.3800, acc: 0.8750
loss: 0.4413, acc: 0.8490
loss: 0.4734, acc: 0.8267
loss: 0.4643, acc: 0.8320
loss: 0.4616, acc: 0.8363
loss: 0.4461, acc: 0.8401
loss: 0.4460, acc: 0.8397
loss: 0.4458, acc: 0.8385
loss: 0.4496, acc: 0.8384
loss: 0.4490, acc: 0.8376
loss: 0.4435, acc: 0.8419
loss: 0.4495, acc: 0.8387
loss: 0.4455, acc: 0.8407
loss: 0.4389, acc: 0.8442
loss: 0.4429, acc: 0.8429
loss: 0.4493, acc: 0.8388
loss: 0.4535, acc: 0.8356
loss: 0.4536, acc: 0.8343
loss: 0.4547, acc: 0.8331
loss: 0.4543, acc: 0.8330
loss: 0.4550, acc: 0.8320
loss: 0.4569, acc: 0.8299
loss: 0.4582, acc: 0.8285
> val_acc: 0.8098, val_f1: 0.6983
>> saved: state_dict/gc_ian_restaurant_val_acc0.8098
>>>>>>>>>>>>>>>>>>>>>>>>>>>>>>>>>>>>>>>>>>>>>>>>>>>>>>>>>>>>>>>>>>>>>>>>>>>>>>>>>>>>>>>>>>>>>>>>>>>>
epoch: 4
loss: 0.4203, acc: 0.8542
loss: 0.4457, acc: 0.8281
loss: 0.4376, acc: 0.8293
loss: 0.4259, acc: 0.8281
loss: 0.4138, acc: 0.8383
loss: 0.4204, acc: 0.8348
loss: 0.4188, acc: 0.8419
loss: 0.4198, acc: 0.8396
loss: 0.4191, acc: 0.8394
loss: 0.4163, acc: 0.8411
loss: 0.4217, acc: 0.8384
loss: 0.4177, acc: 0.8411
loss: 0.4146, acc: 0.8403
loss: 0.4192, acc: 0.8396
loss: 0.4186, acc: 0.8378
loss: 0.4202, acc: 0.8385
loss: 0.4215, acc: 0.8373
loss: 0.4247, acc: 0.8345
loss: 0.4261, acc: 0.8337
loss: 0.4230, acc: 0.8361
loss: 0.4222, acc: 0.8368
loss: 0.4224, acc: 0.8359
loss: 0.4246, acc: 0.8356
> val_acc: 0.8045, val_f1: 0.7007
>>>>>>>>>>>>>>>>>>>>>>>>>>>>>>>>>>>>>>>>>>>>>>>>>>>>>>>>>>>>>>>>>>>>>>>>>>>>>>>>>>>>>>>>>>>>>>>>>>>>
epoch: 5
loss: 0.4058, acc: 0.8438
loss: 0.4113, acc: 0.8313
loss: 0.4178, acc: 0.8208
loss: 0.4067, acc: 0.8281
loss: 0.3900, acc: 0.8425
loss: 0.3897, acc: 0.8427
loss: 0.3871, acc: 0.8446
loss: 0.3868, acc: 0.8469
loss: 0.3876, acc: 0.8479
loss: 0.3870, acc: 0.8519
loss: 0.3885, acc: 0.8489
loss: 0.3934, acc: 0.8453
loss: 0.4000, acc: 0.8423
loss: 0.3957, acc: 0.8446
loss: 0.3952, acc: 0.8450
loss: 0.3922, acc: 0.8469
loss: 0.3945, acc: 0.8456
loss: 0.3926, acc: 0.8469
loss: 0.3921, acc: 0.8474
loss: 0.3920, acc: 0.8472
loss: 0.3931, acc: 0.8470
loss: 0.3894, acc: 0.8483
> val_acc: 0.8107, val_f1: 0.7018
>> saved: state_dict/gc_ian_restaurant_val_acc0.8107
>>>>>>>>>>>>>>>>>>>>>>>>>>>>>>>>>>>>>>>>>>>>>>>>>>>>>>>>>>>>>>>>>>>>>>>>>>>>>>>>>>>>>>>>>>>>>>>>>>>>
epoch: 6
loss: 0.4515, acc: 0.8281
loss: 0.3235, acc: 0.9018
loss: 0.3276, acc: 0.8984
loss: 0.3213, acc: 0.8971
loss: 0.3375, acc: 0.8878
loss: 0.3444, acc: 0.8831
loss: 0.3432, acc: 0.8848
loss: 0.3492, acc: 0.8826
loss: 0.3536, acc: 0.8787
loss: 0.3532, acc: 0.8777
loss: 0.3531, acc: 0.8762
loss: 0.3528, acc: 0.8761
loss: 0.3529, acc: 0.8760
loss: 0.3582, acc: 0.8750
loss: 0.3636, acc: 0.8711
loss: 0.3628, acc: 0.8705
loss: 0.3650, acc: 0.8697
loss: 0.3638, acc: 0.8703
loss: 0.3636, acc: 0.8702
loss: 0.3639, acc: 0.8702
loss: 0.3658, acc: 0.8689
loss: 0.3676, acc: 0.8683
loss: 0.3680, acc: 0.8680
> val_acc: 0.8045, val_f1: 0.6901
>>>>>>>>>>>>>>>>>>>>>>>>>>>>>>>>>>>>>>>>>>>>>>>>>>>>>>>>>>>>>>>>>>>>>>>>>>>>>>>>>>>>>>>>>>>>>>>>>>>>
epoch: 7
loss: 0.3185, acc: 0.8984
loss: 0.3704, acc: 0.8715
loss: 0.3771, acc: 0.8638
loss: 0.3709, acc: 0.8668
loss: 0.3638, acc: 0.8711
loss: 0.3554, acc: 0.8739
loss: 0.3574, acc: 0.8732
loss: 0.3494, acc: 0.8798
loss: 0.3474, acc: 0.8786
loss: 0.3433, acc: 0.8795
loss: 0.3435, acc: 0.8802
loss: 0.3449, acc: 0.8776
loss: 0.3455, acc: 0.8760
loss: 0.3500, acc: 0.8741
loss: 0.3450, acc: 0.8780
loss: 0.3446, acc: 0.8758
loss: 0.3440, acc: 0.8780
loss: 0.3475, acc: 0.8757
loss: 0.3455, acc: 0.8763
loss: 0.3434, acc: 0.8772
loss: 0.3462, acc: 0.8762
loss: 0.3461, acc: 0.8750
> val_acc: 0.8071, val_f1: 0.6911
>>>>>>>>>>>>>>>>>>>>>>>>>>>>>>>>>>>>>>>>>>>>>>>>>>>>>>>>>>>>>>>>>>>>>>>>>>>>>>>>>>>>>>>>>>>>>>>>>>>>
epoch: 8
loss: 0.1872, acc: 0.9688
loss: 0.2482, acc: 0.9479
loss: 0.2559, acc: 0.9318
loss: 0.3000, acc: 0.9043
loss: 0.3041, acc: 0.9003
loss: 0.3105, acc: 0.8930
loss: 0.3053, acc: 0.8952
loss: 0.3125, acc: 0.8941
loss: 0.3152, acc: 0.8948
loss: 0.3189, acc: 0.8954
loss: 0.3174, acc: 0.8958
loss: 0.3208, acc: 0.8934
loss: 0.3210, acc: 0.8919
loss: 0.3197, acc: 0.8902
loss: 0.3245, acc: 0.8891
loss: 0.3201, acc: 0.8910
loss: 0.3241, acc: 0.8889
loss: 0.3219, acc: 0.8906
loss: 0.3202, acc: 0.8929
loss: 0.3219, acc: 0.8919
loss: 0.3206, acc: 0.8920
loss: 0.3222, acc: 0.8906
loss: 0.3209, acc: 0.8910
> val_acc: 0.8071, val_f1: 0.6923
>>>>>>>>>>>>>>>>>>>>>>>>>>>>>>>>>>>>>>>>>>>>>>>>>>>>>>>>>>>>>>>>>>>>>>>>>>>>>>>>>>>>>>>>>>>>>>>>>>>>
epoch: 9
loss: 0.2547, acc: 0.9167
loss: 0.3093, acc: 0.8867
loss: 0.3112, acc: 0.8822
loss: 0.3043, acc: 0.8924
loss: 0.3013, acc: 0.8927
loss: 0.3064, acc: 0.8929
loss: 0.3092, acc: 0.8883
loss: 0.3050, acc: 0.8914
loss: 0.3048, acc: 0.8924
loss: 0.3079, acc: 0.8913
loss: 0.3038, acc: 0.8950
loss: 0.3047, acc: 0.8949
loss: 0.3044, acc: 0.8953
loss: 0.3047, acc: 0.8938
loss: 0.3009, acc: 0.8934
loss: 0.3030, acc: 0.8926
loss: 0.3022, acc: 0.8923
loss: 0.3045, acc: 0.8935
loss: 0.3048, acc: 0.8938
loss: 0.3061, acc: 0.8925
loss: 0.3049, acc: 0.8932
loss: 0.3064, acc: 0.8918
loss: 0.3076, acc: 0.8908
> val_acc: 0.8071, val_f1: 0.7022
>>>>>>>>>>>>>>>>>>>>>>>>>>>>>>>>>>>>>>>>>>>>>>>>>>>>>>>>>>>>>>>>>>>>>>>>>>>>>>>>>>>>>>>>>>>>>>>>>>>>
epoch: 10
loss: 0.3059, acc: 0.8812
loss: 0.2924, acc: 0.8875
loss: 0.2881, acc: 0.8979
loss: 0.2896, acc: 0.9000
loss: 0.2971, acc: 0.8938
loss: 0.3001, acc: 0.8958
loss: 0.2952, acc: 0.8973
loss: 0.2868, acc: 0.9000
loss: 0.2919, acc: 0.9000
loss: 0.2934, acc: 0.8994
loss: 0.2964, acc: 0.8972
loss: 0.2984, acc: 0.8948
loss: 0.2996, acc: 0.8933
loss: 0.3013, acc: 0.8920
loss: 0.2992, acc: 0.8929
loss: 0.2999, acc: 0.8922
loss: 0.3004, acc: 0.8923
loss: 0.3021, acc: 0.8924
loss: 0.3028, acc: 0.8924
loss: 0.3019, acc: 0.8922
loss: 0.3013, acc: 0.8929
loss: 0.3003, acc: 0.8923
> val_acc: 0.8027, val_f1: 0.6829
>>>>>>>>>>>>>>>>>>>>>>>>>>>>>>>>>>>>>>>>>>>>>>>>>>>>>>>>>>>>>>>>>>>>>>>>>>>>>>>>>>>>>>>>>>>>>>>>>>>>
epoch: 11
loss: 0.3099, acc: 0.9219
loss: 0.2725, acc: 0.9196
loss: 0.2580, acc: 0.9219
loss: 0.2720, acc: 0.9173
loss: 0.2791, acc: 0.9062
loss: 0.2814, acc: 0.9039
loss: 0.2901, acc: 0.9014
loss: 0.2896, acc: 0.9003
loss: 0.2939, acc: 0.8958
loss: 0.2877, acc: 0.9009
loss: 0.2849, acc: 0.9014
loss: 0.2845, acc: 0.8986
loss: 0.2843, acc: 0.9017
loss: 0.2807, acc: 0.9025
loss: 0.2808, acc: 0.9041
loss: 0.2829, acc: 0.9026
loss: 0.2828, acc: 0.9040
loss: 0.2851, acc: 0.9027
loss: 0.2886, acc: 0.8995
loss: 0.2867, acc: 0.9001
loss: 0.2883, acc: 0.8983
loss: 0.2866, acc: 0.8998
loss: 0.2873, acc: 0.8996
> val_acc: 0.8018, val_f1: 0.6829
>>>>>>>>>>>>>>>>>>>>>>>>>>>>>>>>>>>>>>>>>>>>>>>>>>>>>>>>>>>>>>>>>>>>>>>>>>>>>>>>>>>>>>>>>>>>>>>>>>>>
epoch: 12
loss: 0.2474, acc: 0.9141
loss: 0.2806, acc: 0.9062
loss: 0.2642, acc: 0.9062
loss: 0.2629, acc: 0.9095
loss: 0.2603, acc: 0.9089
loss: 0.2544, acc: 0.9116
loss: 0.2547, acc: 0.9118
loss: 0.2530, acc: 0.9111
loss: 0.2542, acc: 0.9119
loss: 0.2517, acc: 0.9126
loss: 0.2538, acc: 0.9097
loss: 0.2494, acc: 0.9131
loss: 0.2490, acc: 0.9141
loss: 0.2505, acc: 0.9139
loss: 0.2580, acc: 0.9109
loss: 0.2628, acc: 0.9082
loss: 0.2645, acc: 0.9062
loss: 0.2672, acc: 0.9038
loss: 0.2677, acc: 0.9049
loss: 0.2654, acc: 0.9056
loss: 0.2650, acc: 0.9050
loss: 0.2642, acc: 0.9065
> val_acc: 0.8018, val_f1: 0.6798
>>>>>>>>>>>>>>>>>>>>>>>>>>>>>>>>>>>>>>>>>>>>>>>>>>>>>>>>>>>>>>>>>>>>>>>>>>>>>>>>>>>>>>>>>>>>>>>>>>>>
epoch: 13
loss: 0.2010, acc: 0.9062
loss: 0.2413, acc: 0.9271
loss: 0.2389, acc: 0.9261
loss: 0.2524, acc: 0.9258
loss: 0.2516, acc: 0.9196
loss: 0.2548, acc: 0.9147
loss: 0.2567, acc: 0.9143
loss: 0.2511, acc: 0.9210
loss: 0.2548, acc: 0.9184
loss: 0.2551, acc: 0.9178
loss: 0.2572, acc: 0.9167
loss: 0.2541, acc: 0.9180
loss: 0.2533, acc: 0.9160
loss: 0.2567, acc: 0.9148
loss: 0.2536, acc: 0.9164
loss: 0.2532, acc: 0.9174
loss: 0.2568, acc: 0.9151
loss: 0.2566, acc: 0.9150
loss: 0.2583, acc: 0.9131
loss: 0.2588, acc: 0.9128
loss: 0.2595, acc: 0.9124
loss: 0.2578, acc: 0.9136
loss: 0.2585, acc: 0.9133
> val_acc: 0.8054, val_f1: 0.6836
>>>>>>>>>>>>>>>>>>>>>>>>>>>>>>>>>>>>>>>>>>>>>>>>>>>>>>>>>>>>>>>>>>>>>>>>>>>>>>>>>>>>>>>>>>>>>>>>>>>>
epoch: 14
loss: 0.2350, acc: 0.9271
loss: 0.2386, acc: 0.9102
loss: 0.2234, acc: 0.9255
loss: 0.2113, acc: 0.9288
loss: 0.2201, acc: 0.9239
loss: 0.2374, acc: 0.9152
loss: 0.2303, acc: 0.9195
loss: 0.2327, acc: 0.9186
loss: 0.2364, acc: 0.9164
loss: 0.2444, acc: 0.9115
loss: 0.2419, acc: 0.9127
loss: 0.2485, acc: 0.9068
loss: 0.2512, acc: 0.9067
loss: 0.2495, acc: 0.9081
loss: 0.2504, acc: 0.9084
loss: 0.2533, acc: 0.9071
loss: 0.2552, acc: 0.9066
loss: 0.2537, acc: 0.9080
loss: 0.2518, acc: 0.9083
loss: 0.2522, acc: 0.9091
loss: 0.2521, acc: 0.9090
loss: 0.2512, acc: 0.9094
loss: 0.2520, acc: 0.9088
> val_acc: 0.8071, val_f1: 0.7011
>>>>>>>>>>>>>>>>>>>>>>>>>>>>>>>>>>>>>>>>>>>>>>>>>>>>>>>>>>>>>>>>>>>>>>>>>>>>>>>>>>>>>>>>>>>>>>>>>>>>
epoch: 15
loss: 0.2536, acc: 0.9250
loss: 0.2239, acc: 0.9344
loss: 0.2246, acc: 0.9375
loss: 0.2217, acc: 0.9328
loss: 0.2147, acc: 0.9350
loss: 0.2140, acc: 0.9375
loss: 0.2234, acc: 0.9339
loss: 0.2313, acc: 0.9305
loss: 0.2361, acc: 0.9264
loss: 0.2352, acc: 0.9269
loss: 0.2338, acc: 0.9261
loss: 0.2358, acc: 0.9245
loss: 0.2376, acc: 0.9231
loss: 0.2403, acc: 0.9223
loss: 0.2485, acc: 0.9171
loss: 0.2500, acc: 0.9184
loss: 0.2456, acc: 0.9206
loss: 0.2453, acc: 0.9205
loss: 0.2477, acc: 0.9191
loss: 0.2471, acc: 0.9178
loss: 0.2496, acc: 0.9173
loss: 0.2505, acc: 0.9165
> val_acc: 0.8018, val_f1: 0.6950
>>>>>>>>>>>>>>>>>>>>>>>>>>>>>>>>>>>>>>>>>>>>>>>>>>>>>>>>>>>>>>>>>>>>>>>>>>>>>>>>>>>>>>>>>>>>>>>>>>>>
epoch: 16
loss: 0.2112, acc: 0.8906
loss: 0.1751, acc: 0.9420
loss: 0.2068, acc: 0.9297
loss: 0.2183, acc: 0.9265
loss: 0.2203, acc: 0.9247
loss: 0.2333, acc: 0.9213
loss: 0.2364, acc: 0.9219
loss: 0.2314, acc: 0.9248
loss: 0.2313, acc: 0.9241
loss: 0.2291, acc: 0.9249
loss: 0.2308, acc: 0.9255
loss: 0.2287, acc: 0.9243
loss: 0.2292, acc: 0.9254
loss: 0.2292, acc: 0.9263
loss: 0.2309, acc: 0.9232
loss: 0.2283, acc: 0.9253
loss: 0.2247, acc: 0.9268
loss: 0.2287, acc: 0.9239
loss: 0.2299, acc: 0.9229
loss: 0.2300, acc: 0.9227
loss: 0.2305, acc: 0.9231
loss: 0.2349, acc: 0.9220
loss: 0.2363, acc: 0.9208
> val_acc: 0.7982, val_f1: 0.6699
>>>>>>>>>>>>>>>>>>>>>>>>>>>>>>>>>>>>>>>>>>>>>>>>>>>>>>>>>>>>>>>>>>>>>>>>>>>>>>>>>>>>>>>>>>>>>>>>>>>>
epoch: 17
loss: 0.2281, acc: 0.9141
loss: 0.2218, acc: 0.9201
loss: 0.2186, acc: 0.9196
loss: 0.2269, acc: 0.9145
loss: 0.2276, acc: 0.9115
loss: 0.2408, acc: 0.9052
loss: 0.2339, acc: 0.9090
loss: 0.2248, acc: 0.9143
loss: 0.2275, acc: 0.9176
loss: 0.2225, acc: 0.9190
loss: 0.2255, acc: 0.9190
loss: 0.2228, acc: 0.9211
loss: 0.2222, acc: 0.9219
loss: 0.2221, acc: 0.9221
loss: 0.2248, acc: 0.9210
loss: 0.2278, acc: 0.9205
loss: 0.2305, acc: 0.9204
loss: 0.2326, acc: 0.9196
loss: 0.2342, acc: 0.9195
loss: 0.2342, acc: 0.9189
loss: 0.2351, acc: 0.9180
loss: 0.2324, acc: 0.9200
> val_acc: 0.8018, val_f1: 0.6828
>>>>>>>>>>>>>>>>>>>>>>>>>>>>>>>>>>>>>>>>>>>>>>>>>>>>>>>>>>>>>>>>>>>>>>>>>>>>>>>>>>>>>>>>>>>>>>>>>>>>
epoch: 18
loss: 0.1841, acc: 0.9688
loss: 0.2247, acc: 0.9427
loss: 0.2344, acc: 0.9347
loss: 0.2340, acc: 0.9297
loss: 0.2262, acc: 0.9301
loss: 0.2286, acc: 0.9327
loss: 0.2241, acc: 0.9345
loss: 0.2274, acc: 0.9358
loss: 0.2227, acc: 0.9352
loss: 0.2249, acc: 0.9321
loss: 0.2224, acc: 0.9338
loss: 0.2231, acc: 0.9330
loss: 0.2272, acc: 0.9283
loss: 0.2274, acc: 0.9290
loss: 0.2289, acc: 0.9274
loss: 0.2270, acc: 0.9276
loss: 0.2240, acc: 0.9286
loss: 0.2229, acc: 0.9288
loss: 0.2259, acc: 0.9272
loss: 0.2246, acc: 0.9274
loss: 0.2256, acc: 0.9270
loss: 0.2267, acc: 0.9257
loss: 0.2269, acc: 0.9262
> val_acc: 0.8018, val_f1: 0.6748
>>>>>>>>>>>>>>>>>>>>>>>>>>>>>>>>>>>>>>>>>>>>>>>>>>>>>>>>>>>>>>>>>>>>>>>>>>>>>>>>>>>>>>>>>>>>>>>>>>>>
epoch: 19
loss: 0.2221, acc: 0.9271
loss: 0.2382, acc: 0.8984
loss: 0.2150, acc: 0.9135
loss: 0.2126, acc: 0.9236
loss: 0.2212, acc: 0.9185
loss: 0.2147, acc: 0.9252
loss: 0.2216, acc: 0.9214
loss: 0.2179, acc: 0.9235
loss: 0.2164, acc: 0.9230
loss: 0.2105, acc: 0.9284
loss: 0.2083, acc: 0.9310
loss: 0.2104, acc: 0.9289
loss: 0.2121, acc: 0.9301
loss: 0.2103, acc: 0.9315
loss: 0.2075, acc: 0.9319
loss: 0.2062, acc: 0.9319
loss: 0.2092, acc: 0.9311
loss: 0.2131, acc: 0.9286
loss: 0.2118, acc: 0.9291
loss: 0.2137, acc: 0.9283
loss: 0.2139, acc: 0.9275
loss: 0.2167, acc: 0.9262
loss: 0.2172, acc: 0.9260
> val_acc: 0.8045, val_f1: 0.6906
>>>>>>>>>>>>>>>>>>>>>>>>>>>>>>>>>>>>>>>>>>>>>>>>>>>>>>>>>>>>>>>>>>>>>>>>>>>>>>>>>>>>>>>>>>>>>>>>>>>>
epoch: 20
loss: 0.2453, acc: 0.8938
loss: 0.2397, acc: 0.9062
loss: 0.2055, acc: 0.9250
loss: 0.2045, acc: 0.9234
loss: 0.2239, acc: 0.9175
loss: 0.2202, acc: 0.9156
loss: 0.2128, acc: 0.9205
loss: 0.2116, acc: 0.9219
loss: 0.2079, acc: 0.9257
loss: 0.2066, acc: 0.9244
loss: 0.2084, acc: 0.9227
loss: 0.2092, acc: 0.9240
loss: 0.2078, acc: 0.9255
loss: 0.2084, acc: 0.9241
loss: 0.2072, acc: 0.9237
loss: 0.2070, acc: 0.9246
loss: 0.2074, acc: 0.9246
loss: 0.2073, acc: 0.9253
loss: 0.2099, acc: 0.9240
loss: 0.2138, acc: 0.9228
loss: 0.2150, acc: 0.9223
loss: 0.2154, acc: 0.9222
> val_acc: 0.7973, val_f1: 0.6891
>>>>>>>>>>>>>>>>>>>>>>>>>>>>>>>>>>>>>>>>>>>>>>>>>>>>>>>>>>>>>>>>>>>>>>>>>>>>>>>>>>>>>>>>>>>>>>>>>>>>
epoch: 21
loss: 0.1229, acc: 0.9688
loss: 0.2026, acc: 0.9420
loss: 0.1843, acc: 0.9427
loss: 0.1956, acc: 0.9301
loss: 0.2071, acc: 0.9290
loss: 0.2163, acc: 0.9236
loss: 0.2166, acc: 0.9209
loss: 0.2139, acc: 0.9215
loss: 0.2094, acc: 0.9249
loss: 0.2085, acc: 0.9255
loss: 0.2065, acc: 0.9273
loss: 0.2084, acc: 0.9271
loss: 0.2054, acc: 0.9289
loss: 0.2039, acc: 0.9296
loss: 0.2079, acc: 0.9288
loss: 0.2064, acc: 0.9298
loss: 0.2073, acc: 0.9295
loss: 0.2077, acc: 0.9292
loss: 0.2091, acc: 0.9287
loss: 0.2078, acc: 0.9291
loss: 0.2087, acc: 0.9283
loss: 0.2096, acc: 0.9282
loss: 0.2084, acc: 0.9286
> val_acc: 0.8036, val_f1: 0.6862
>>>>>>>>>>>>>>>>>>>>>>>>>>>>>>>>>>>>>>>>>>>>>>>>>>>>>>>>>>>>>>>>>>>>>>>>>>>>>>>>>>>>>>>>>>>>>>>>>>>>
epoch: 22
loss: 0.1671, acc: 0.9609
loss: 0.1791, acc: 0.9444
loss: 0.1863, acc: 0.9442
loss: 0.1805, acc: 0.9490
loss: 0.1777, acc: 0.9492
loss: 0.1797, acc: 0.9450
loss: 0.1884, acc: 0.9393
loss: 0.1933, acc: 0.9375
loss: 0.1904, acc: 0.9382
loss: 0.1961, acc: 0.9356
loss: 0.1970, acc: 0.9346
loss: 0.1970, acc: 0.9354
loss: 0.1966, acc: 0.9351
loss: 0.2010, acc: 0.9325
loss: 0.2000, acc: 0.9337
loss: 0.1964, acc: 0.9359
loss: 0.1972, acc: 0.9342
loss: 0.1969, acc: 0.9350
loss: 0.1984, acc: 0.9332
loss: 0.1991, acc: 0.9318
loss: 0.2023, acc: 0.9309
loss: 0.2035, acc: 0.9312
> val_acc: 0.8036, val_f1: 0.6912
>>>>>>>>>>>>>>>>>>>>>>>>>>>>>>>>>>>>>>>>>>>>>>>>>>>>>>>>>>>>>>>>>>>>>>>>>>>>>>>>>>>>>>>>>>>>>>>>>>>>
epoch: 23
loss: 0.2590, acc: 0.9062
loss: 0.1675, acc: 0.9479
loss: 0.1817, acc: 0.9403
loss: 0.1719, acc: 0.9512
loss: 0.1661, acc: 0.9554
loss: 0.1703, acc: 0.9543
loss: 0.1774, acc: 0.9516
loss: 0.1788, acc: 0.9497
loss: 0.1803, acc: 0.9489
loss: 0.1857, acc: 0.9450
loss: 0.1921, acc: 0.9400
loss: 0.1954, acc: 0.9369
loss: 0.1906, acc: 0.9395
loss: 0.1913, acc: 0.9389
loss: 0.1876, acc: 0.9410
loss: 0.1888, acc: 0.9391
loss: 0.1906, acc: 0.9379
loss: 0.1922, acc: 0.9379
loss: 0.1918, acc: 0.9385
loss: 0.1945, acc: 0.9368
loss: 0.1951, acc: 0.9369
loss: 0.1972, acc: 0.9354
loss: 0.2001, acc: 0.9338
> val_acc: 0.7982, val_f1: 0.6718
>>>>>>>>>>>>>>>>>>>>>>>>>>>>>>>>>>>>>>>>>>>>>>>>>>>>>>>>>>>>>>>>>>>>>>>>>>>>>>>>>>>>>>>>>>>>>>>>>>>>
epoch: 24
loss: 0.2181, acc: 0.9271
loss: 0.2136, acc: 0.9258
loss: 0.1848, acc: 0.9351
loss: 0.1835, acc: 0.9427
loss: 0.1790, acc: 0.9443
loss: 0.1829, acc: 0.9453
loss: 0.1812, acc: 0.9451
loss: 0.1849, acc: 0.9416
loss: 0.1820, acc: 0.9419
loss: 0.1863, acc: 0.9395
loss: 0.1855, acc: 0.9393
loss: 0.1833, acc: 0.9407
loss: 0.1831, acc: 0.9410
loss: 0.1836, acc: 0.9403
loss: 0.1839, acc: 0.9384
loss: 0.1839, acc: 0.9391
loss: 0.1857, acc: 0.9386
loss: 0.1848, acc: 0.9396
loss: 0.1865, acc: 0.9385
loss: 0.1875, acc: 0.9388
loss: 0.1885, acc: 0.9390
loss: 0.1894, acc: 0.9387
loss: 0.1901, acc: 0.9374
> val_acc: 0.8009, val_f1: 0.6888
>>>>>>>>>>>>>>>>>>>>>>>>>>>>>>>>>>>>>>>>>>>>>>>>>>>>>>>>>>>>>>>>>>>>>>>>>>>>>>>>>>>>>>>>>>>>>>>>>>>>
epoch: 25
loss: 0.1486, acc: 0.9625
loss: 0.1768, acc: 0.9594
loss: 0.1769, acc: 0.9583
loss: 0.1790, acc: 0.9500
loss: 0.1862, acc: 0.9425
loss: 0.1842, acc: 0.9448
loss: 0.1797, acc: 0.9482
loss: 0.1774, acc: 0.9461
loss: 0.1762, acc: 0.9479
loss: 0.1789, acc: 0.9444
loss: 0.1777, acc: 0.9443
loss: 0.1777, acc: 0.9432
loss: 0.1789, acc: 0.9433
loss: 0.1821, acc: 0.9411
loss: 0.1825, acc: 0.9417
loss: 0.1846, acc: 0.9398
loss: 0.1826, acc: 0.9408
loss: 0.1801, acc: 0.9413
loss: 0.1816, acc: 0.9411
loss: 0.1824, acc: 0.9413
loss: 0.1828, acc: 0.9414
loss: 0.1837, acc: 0.9412
> val_acc: 0.8036, val_f1: 0.6856
>>>>>>>>>>>>>>>>>>>>>>>>>>>>>>>>>>>>>>>>>>>>>>>>>>>>>>>>>>>>>>>>>>>>>>>>>>>>>>>>>>>>>>>>>>>>>>>>>>>>
epoch: 26
loss: 0.1751, acc: 0.9375
loss: 0.1645, acc: 0.9420
loss: 0.1749, acc: 0.9375
loss: 0.1794, acc: 0.9412
loss: 0.1811, acc: 0.9418
loss: 0.1741, acc: 0.9456
loss: 0.1695, acc: 0.9463
loss: 0.1792, acc: 0.9426
loss: 0.1767, acc: 0.9442
loss: 0.1841, acc: 0.9408
loss: 0.1815, acc: 0.9429
loss: 0.1783, acc: 0.9446
loss: 0.1796, acc: 0.9451
loss: 0.1789, acc: 0.9459
loss: 0.1803, acc: 0.9444
loss: 0.1804, acc: 0.9436
loss: 0.1819, acc: 0.9432
loss: 0.1821, acc: 0.9425
loss: 0.1840, acc: 0.9412
loss: 0.1836, acc: 0.9420
loss: 0.1832, acc: 0.9415
loss: 0.1852, acc: 0.9410
loss: 0.1853, acc: 0.9406
> val_acc: 0.8036, val_f1: 0.6809
>>>>>>>>>>>>>>>>>>>>>>>>>>>>>>>>>>>>>>>>>>>>>>>>>>>>>>>>>>>>>>>>>>>>>>>>>>>>>>>>>>>>>>>>>>>>>>>>>>>>
epoch: 27
loss: 0.1498, acc: 0.9453
loss: 0.1477, acc: 0.9549
loss: 0.1472, acc: 0.9576
loss: 0.1527, acc: 0.9539
loss: 0.1582, acc: 0.9505
loss: 0.1528, acc: 0.9526
loss: 0.1606, acc: 0.9485
loss: 0.1626, acc: 0.9495
loss: 0.1671, acc: 0.9467
loss: 0.1697, acc: 0.9452
loss: 0.1737, acc: 0.9427
loss: 0.1763, acc: 0.9396
loss: 0.1787, acc: 0.9390
loss: 0.1774, acc: 0.9398
loss: 0.1759, acc: 0.9409
loss: 0.1733, acc: 0.9419
loss: 0.1747, acc: 0.9412
loss: 0.1764, acc: 0.9403
loss: 0.1751, acc: 0.9412
loss: 0.1767, acc: 0.9407
loss: 0.1769, acc: 0.9399
loss: 0.1762, acc: 0.9404
> val_acc: 0.7991, val_f1: 0.6812
>>>>>>>>>>>>>>>>>>>>>>>>>>>>>>>>>>>>>>>>>>>>>>>>>>>>>>>>>>>>>>>>>>>>>>>>>>>>>>>>>>>>>>>>>>>>>>>>>>>>
epoch: 28
loss: 0.1781, acc: 0.9062
loss: 0.1360, acc: 0.9688
loss: 0.1454, acc: 0.9716
loss: 0.1548, acc: 0.9609
loss: 0.1637, acc: 0.9524
loss: 0.1693, acc: 0.9483
loss: 0.1738, acc: 0.9435
loss: 0.1748, acc: 0.9436
loss: 0.1799, acc: 0.9375
loss: 0.1756, acc: 0.9395
loss: 0.1752, acc: 0.9393
loss: 0.1760, acc: 0.9381
loss: 0.1772, acc: 0.9360
loss: 0.1785, acc: 0.9351
loss: 0.1782, acc: 0.9353
loss: 0.1752, acc: 0.9371
loss: 0.1742, acc: 0.9371
loss: 0.1769, acc: 0.9353
loss: 0.1780, acc: 0.9354
loss: 0.1778, acc: 0.9359
loss: 0.1770, acc: 0.9369
loss: 0.1788, acc: 0.9354
loss: 0.1784, acc: 0.9355
> val_acc: 0.8018, val_f1: 0.6831
>>>>>>>>>>>>>>>>>>>>>>>>>>>>>>>>>>>>>>>>>>>>>>>>>>>>>>>>>>>>>>>>>>>>>>>>>>>>>>>>>>>>>>>>>>>>>>>>>>>>
epoch: 29
loss: 0.1978, acc: 0.9167
loss: 0.1636, acc: 0.9336
loss: 0.1535, acc: 0.9495
loss: 0.1593, acc: 0.9479
loss: 0.1620, acc: 0.9497
loss: 0.1612, acc: 0.9531
loss: 0.1613, acc: 0.9527
loss: 0.1633, acc: 0.9515
loss: 0.1665, acc: 0.9491
loss: 0.1715, acc: 0.9440
loss: 0.1753, acc: 0.9416
loss: 0.1757, acc: 0.9402
loss: 0.1744, acc: 0.9405
loss: 0.1764, acc: 0.9384
loss: 0.1787, acc: 0.9366
loss: 0.1775, acc: 0.9379
loss: 0.1764, acc: 0.9379
loss: 0.1784, acc: 0.9379
loss: 0.1790, acc: 0.9375
loss: 0.1788, acc: 0.9378
loss: 0.1786, acc: 0.9378
loss: 0.1786, acc: 0.9375
loss: 0.1811, acc: 0.9363
> val_acc: 0.7964, val_f1: 0.6737
>> test_acc: 0.8107, test_f1: 0.7018
