cuda memory allocated: 5711360
n_trainable_params: 542403, n_nontrainable_params: 882400
> training arguments:
>>> model_name: gc_ian
>>> model_ver: 3
>>> dataset: restaurant
>>> optimizer: <class 'torch.optim.adagrad.Adagrad'>
>>> initializer: <function xavier_uniform_ at 0x000001E3E306FC80>
>>> learning_rate: 0.01
>>> momentum: 0.95
>>> dropout: 0.5
>>> l2reg: 5e-05
>>> num_epoch: 30
>>> batch_size: 32
>>> log_step: 5
>>> embed_dim: 200
>>> hidden_dim: 300
>>> bert_dim: 768
>>> pretrained_bert_name: bert-base-uncased
>>> embeddings: gd
>>> max_seq_len: 80
>>> polarities_dim: 3
>>> hops: 3
>>> device: cuda
>>> seed: 10
>>> valset_ratio: 0
>>> num_layers: 1
>>> in_channels: 50
>>> out_channels: 1
>>> downbot: 20
>>> kernel_size: 3
>>> glove_path: ./embeddings/glove.840B.300d.txt
>>> embedding_matrix_path: gen_data/embeddings/200_restaurant_glove_domain_embedding_matrix.dat
>>> model_class: <class 'models.gc_ian.GC_IAN3'>
>>> dataset_file: {'train': './datasets/semeval14/Restaurants_Train.xml.seg', 'test': './datasets/semeval14/Restaurants_Test_Gold.xml.seg'}
>>> inputs_cols: ['text_raw_indices', 'aspect_indices']
>>>>>>>>>>>>>>>>>>>>>>>>>>>>>>>>>>>>>>>>>>>>>>>>>>>>>>>>>>>>>>>>>>>>>>>>>>>>>>>>>>>>>>>>>>>>>>>>>>>>
epoch: 0
loss: 1.1584, acc: 0.5437
loss: 1.0544, acc: 0.5750
loss: 0.9902, acc: 0.5958
loss: 0.9568, acc: 0.6016
loss: 0.9327, acc: 0.6162
loss: 0.9131, acc: 0.6208
loss: 0.9011, acc: 0.6196
loss: 0.8858, acc: 0.6273
loss: 0.8880, acc: 0.6215
loss: 0.8785, acc: 0.6262
loss: 0.8717, acc: 0.6284
loss: 0.8686, acc: 0.6271
loss: 0.8640, acc: 0.6293
loss: 0.8547, acc: 0.6353
loss: 0.8443, acc: 0.6412
loss: 0.8445, acc: 0.6410
loss: 0.8378, acc: 0.6456
loss: 0.8283, acc: 0.6493
loss: 0.8214, acc: 0.6543
loss: 0.8200, acc: 0.6538
loss: 0.8164, acc: 0.6530
loss: 0.8129, acc: 0.6548
> val_acc: 0.7670, val_f1: 0.5966
>> saved: state_dict/gc_ian_restaurant_val_acc0.767
>>>>>>>>>>>>>>>>>>>>>>>>>>>>>>>>>>>>>>>>>>>>>>>>>>>>>>>>>>>>>>>>>>>>>>>>>>>>>>>>>>>>>>>>>>>>>>>>>>>>
epoch: 1
loss: 0.6657, acc: 0.7031
loss: 0.6223, acc: 0.7321
loss: 0.6319, acc: 0.7240
loss: 0.6328, acc: 0.7261
loss: 0.6164, acc: 0.7401
loss: 0.6238, acc: 0.7384
loss: 0.6201, acc: 0.7393
loss: 0.6220, acc: 0.7373
loss: 0.6165, acc: 0.7433
loss: 0.6201, acc: 0.7460
loss: 0.6176, acc: 0.7464
loss: 0.6192, acc: 0.7440
loss: 0.6192, acc: 0.7470
loss: 0.6129, acc: 0.7505
loss: 0.6095, acc: 0.7556
loss: 0.6070, acc: 0.7557
loss: 0.6106, acc: 0.7542
loss: 0.6157, acc: 0.7540
loss: 0.6131, acc: 0.7578
loss: 0.6113, acc: 0.7564
loss: 0.6058, acc: 0.7607
loss: 0.6068, acc: 0.7611
loss: 0.6083, acc: 0.7592
> val_acc: 0.7848, val_f1: 0.6395
>> saved: state_dict/gc_ian_restaurant_val_acc0.7848
>>>>>>>>>>>>>>>>>>>>>>>>>>>>>>>>>>>>>>>>>>>>>>>>>>>>>>>>>>>>>>>>>>>>>>>>>>>>>>>>>>>>>>>>>>>>>>>>>>>>
epoch: 2
loss: 0.5645, acc: 0.7656
loss: 0.5438, acc: 0.7882
loss: 0.5588, acc: 0.7812
loss: 0.5519, acc: 0.7862
loss: 0.5341, acc: 0.7904
loss: 0.5353, acc: 0.7920
loss: 0.5310, acc: 0.7941
loss: 0.5368, acc: 0.7925
loss: 0.5348, acc: 0.7955
loss: 0.5281, acc: 0.7985
loss: 0.5259, acc: 0.7986
loss: 0.5284, acc: 0.7956
loss: 0.5287, acc: 0.7964
loss: 0.5274, acc: 0.7957
loss: 0.5256, acc: 0.7965
loss: 0.5246, acc: 0.7971
loss: 0.5219, acc: 0.7976
loss: 0.5200, acc: 0.7978
loss: 0.5204, acc: 0.7982
loss: 0.5239, acc: 0.7948
loss: 0.5261, acc: 0.7927
loss: 0.5270, acc: 0.7924
> val_acc: 0.7777, val_f1: 0.6413
>>>>>>>>>>>>>>>>>>>>>>>>>>>>>>>>>>>>>>>>>>>>>>>>>>>>>>>>>>>>>>>>>>>>>>>>>>>>>>>>>>>>>>>>>>>>>>>>>>>>
epoch: 3
loss: 0.4583, acc: 0.8438
loss: 0.4931, acc: 0.8177
loss: 0.5211, acc: 0.8125
loss: 0.5066, acc: 0.8145
loss: 0.5024, acc: 0.8125
loss: 0.4964, acc: 0.8185
loss: 0.5143, acc: 0.8105
loss: 0.5219, acc: 0.8064
loss: 0.5251, acc: 0.8034
loss: 0.5247, acc: 0.8016
loss: 0.5229, acc: 0.8009
loss: 0.5194, acc: 0.8052
loss: 0.5135, acc: 0.8058
loss: 0.5084, acc: 0.8087
loss: 0.5077, acc: 0.8103
loss: 0.5071, acc: 0.8109
loss: 0.5071, acc: 0.8086
loss: 0.5080, acc: 0.8060
loss: 0.5048, acc: 0.8073
loss: 0.5029, acc: 0.8073
loss: 0.4948, acc: 0.8122
loss: 0.4974, acc: 0.8098
loss: 0.4956, acc: 0.8111
> val_acc: 0.7884, val_f1: 0.6527
>> saved: state_dict/gc_ian_restaurant_val_acc0.7884
>>>>>>>>>>>>>>>>>>>>>>>>>>>>>>>>>>>>>>>>>>>>>>>>>>>>>>>>>>>>>>>>>>>>>>>>>>>>>>>>>>>>>>>>>>>>>>>>>>>>
epoch: 4
loss: 0.3810, acc: 0.8438
loss: 0.3900, acc: 0.8477
loss: 0.4371, acc: 0.8221
loss: 0.4673, acc: 0.8108
loss: 0.4507, acc: 0.8220
loss: 0.4446, acc: 0.8237
loss: 0.4445, acc: 0.8267
loss: 0.4385, acc: 0.8289
loss: 0.4343, acc: 0.8314
loss: 0.4370, acc: 0.8275
loss: 0.4387, acc: 0.8272
loss: 0.4377, acc: 0.8297
loss: 0.4350, acc: 0.8294
loss: 0.4416, acc: 0.8249
loss: 0.4477, acc: 0.8223
loss: 0.4511, acc: 0.8221
loss: 0.4522, acc: 0.8219
loss: 0.4518, acc: 0.8228
loss: 0.4495, acc: 0.8243
loss: 0.4523, acc: 0.8237
loss: 0.4540, acc: 0.8225
loss: 0.4547, acc: 0.8229
loss: 0.4564, acc: 0.8215
> val_acc: 0.7795, val_f1: 0.6399
>>>>>>>>>>>>>>>>>>>>>>>>>>>>>>>>>>>>>>>>>>>>>>>>>>>>>>>>>>>>>>>>>>>>>>>>>>>>>>>>>>>>>>>>>>>>>>>>>>>>
epoch: 5
loss: 0.3709, acc: 0.8438
loss: 0.3870, acc: 0.8438
loss: 0.4225, acc: 0.8292
loss: 0.4152, acc: 0.8453
loss: 0.4082, acc: 0.8450
loss: 0.4086, acc: 0.8438
loss: 0.4098, acc: 0.8446
loss: 0.4182, acc: 0.8391
loss: 0.4137, acc: 0.8438
loss: 0.4189, acc: 0.8413
loss: 0.4148, acc: 0.8466
loss: 0.4158, acc: 0.8474
loss: 0.4185, acc: 0.8466
loss: 0.4272, acc: 0.8393
loss: 0.4296, acc: 0.8400
loss: 0.4287, acc: 0.8387
loss: 0.4300, acc: 0.8382
loss: 0.4289, acc: 0.8403
loss: 0.4267, acc: 0.8421
loss: 0.4275, acc: 0.8416
loss: 0.4278, acc: 0.8429
loss: 0.4336, acc: 0.8395
> val_acc: 0.7920, val_f1: 0.6623
>> saved: state_dict/gc_ian_restaurant_val_acc0.792
>>>>>>>>>>>>>>>>>>>>>>>>>>>>>>>>>>>>>>>>>>>>>>>>>>>>>>>>>>>>>>>>>>>>>>>>>>>>>>>>>>>>>>>>>>>>>>>>>>>>
epoch: 6
loss: 0.4567, acc: 0.8281
loss: 0.4065, acc: 0.8795
loss: 0.3935, acc: 0.8724
loss: 0.3844, acc: 0.8732
loss: 0.3798, acc: 0.8722
loss: 0.3755, acc: 0.8681
loss: 0.3772, acc: 0.8691
loss: 0.3770, acc: 0.8708
loss: 0.3730, acc: 0.8705
loss: 0.3756, acc: 0.8650
loss: 0.3805, acc: 0.8600
loss: 0.3806, acc: 0.8591
loss: 0.3883, acc: 0.8569
loss: 0.3852, acc: 0.8591
loss: 0.3847, acc: 0.8594
loss: 0.3897, acc: 0.8559
loss: 0.3923, acc: 0.8533
loss: 0.3943, acc: 0.8509
loss: 0.3985, acc: 0.8488
loss: 0.3966, acc: 0.8502
loss: 0.3983, acc: 0.8490
loss: 0.3992, acc: 0.8505
loss: 0.4043, acc: 0.8488
> val_acc: 0.7830, val_f1: 0.6540
>>>>>>>>>>>>>>>>>>>>>>>>>>>>>>>>>>>>>>>>>>>>>>>>>>>>>>>>>>>>>>>>>>>>>>>>>>>>>>>>>>>>>>>>>>>>>>>>>>>>
epoch: 7
loss: 0.4035, acc: 0.8516
loss: 0.3502, acc: 0.8785
loss: 0.3541, acc: 0.8795
loss: 0.3544, acc: 0.8734
loss: 0.3547, acc: 0.8711
loss: 0.3569, acc: 0.8664
loss: 0.3500, acc: 0.8704
loss: 0.3491, acc: 0.8726
loss: 0.3623, acc: 0.8658
loss: 0.3580, acc: 0.8680
loss: 0.3520, acc: 0.8727
loss: 0.3571, acc: 0.8697
loss: 0.3645, acc: 0.8667
loss: 0.3664, acc: 0.8659
loss: 0.3680, acc: 0.8644
loss: 0.3706, acc: 0.8643
loss: 0.3677, acc: 0.8653
loss: 0.3682, acc: 0.8638
loss: 0.3688, acc: 0.8634
loss: 0.3703, acc: 0.8624
loss: 0.3713, acc: 0.8615
loss: 0.3722, acc: 0.8615
> val_acc: 0.7893, val_f1: 0.6693
>>>>>>>>>>>>>>>>>>>>>>>>>>>>>>>>>>>>>>>>>>>>>>>>>>>>>>>>>>>>>>>>>>>>>>>>>>>>>>>>>>>>>>>>>>>>>>>>>>>>
epoch: 8
loss: 0.2955, acc: 0.9375
loss: 0.3747, acc: 0.8750
loss: 0.4073, acc: 0.8409
loss: 0.3765, acc: 0.8477
loss: 0.3750, acc: 0.8467
loss: 0.3571, acc: 0.8594
loss: 0.3592, acc: 0.8589
loss: 0.3559, acc: 0.8602
loss: 0.3541, acc: 0.8628
loss: 0.3572, acc: 0.8614
loss: 0.3537, acc: 0.8652
loss: 0.3521, acc: 0.8677
loss: 0.3537, acc: 0.8668
loss: 0.3557, acc: 0.8660
loss: 0.3554, acc: 0.8662
loss: 0.3606, acc: 0.8639
loss: 0.3566, acc: 0.8654
loss: 0.3589, acc: 0.8652
loss: 0.3621, acc: 0.8623
loss: 0.3565, acc: 0.8649
loss: 0.3533, acc: 0.8676
loss: 0.3566, acc: 0.8662
loss: 0.3595, acc: 0.8640
> val_acc: 0.7955, val_f1: 0.6726
>> saved: state_dict/gc_ian_restaurant_val_acc0.7955
>>>>>>>>>>>>>>>>>>>>>>>>>>>>>>>>>>>>>>>>>>>>>>>>>>>>>>>>>>>>>>>>>>>>>>>>>>>>>>>>>>>>>>>>>>>>>>>>>>>>
epoch: 9
loss: 0.3495, acc: 0.8958
loss: 0.3553, acc: 0.8750
loss: 0.3629, acc: 0.8750
loss: 0.3588, acc: 0.8698
loss: 0.3433, acc: 0.8791
loss: 0.3354, acc: 0.8806
loss: 0.3371, acc: 0.8759
loss: 0.3425, acc: 0.8758
loss: 0.3384, acc: 0.8765
loss: 0.3313, acc: 0.8815
loss: 0.3284, acc: 0.8838
loss: 0.3341, acc: 0.8798
loss: 0.3350, acc: 0.8790
loss: 0.3376, acc: 0.8773
loss: 0.3426, acc: 0.8750
loss: 0.3441, acc: 0.8722
loss: 0.3463, acc: 0.8694
loss: 0.3471, acc: 0.8686
loss: 0.3495, acc: 0.8676
loss: 0.3496, acc: 0.8689
loss: 0.3487, acc: 0.8698
loss: 0.3499, acc: 0.8698
loss: 0.3501, acc: 0.8695
> val_acc: 0.7857, val_f1: 0.6517
>>>>>>>>>>>>>>>>>>>>>>>>>>>>>>>>>>>>>>>>>>>>>>>>>>>>>>>>>>>>>>>>>>>>>>>>>>>>>>>>>>>>>>>>>>>>>>>>>>>>
epoch: 10
loss: 0.3829, acc: 0.8625
loss: 0.3476, acc: 0.8781
loss: 0.3578, acc: 0.8812
loss: 0.3494, acc: 0.8844
loss: 0.3359, acc: 0.8875
loss: 0.3306, acc: 0.8938
loss: 0.3256, acc: 0.8955
loss: 0.3243, acc: 0.8938
loss: 0.3179, acc: 0.8965
loss: 0.3173, acc: 0.8956
loss: 0.3144, acc: 0.8972
loss: 0.3154, acc: 0.8969
loss: 0.3167, acc: 0.8966
loss: 0.3202, acc: 0.8938
loss: 0.3276, acc: 0.8892
loss: 0.3305, acc: 0.8895
loss: 0.3272, acc: 0.8901
loss: 0.3279, acc: 0.8892
loss: 0.3294, acc: 0.8895
loss: 0.3316, acc: 0.8884
loss: 0.3349, acc: 0.8869
loss: 0.3350, acc: 0.8864
> val_acc: 0.7902, val_f1: 0.6626
>>>>>>>>>>>>>>>>>>>>>>>>>>>>>>>>>>>>>>>>>>>>>>>>>>>>>>>>>>>>>>>>>>>>>>>>>>>>>>>>>>>>>>>>>>>>>>>>>>>>
epoch: 11
loss: 0.2653, acc: 0.8906
loss: 0.3013, acc: 0.8973
loss: 0.3495, acc: 0.8672
loss: 0.3483, acc: 0.8768
loss: 0.3434, acc: 0.8750
loss: 0.3330, acc: 0.8819
loss: 0.3205, acc: 0.8906
loss: 0.3164, acc: 0.8919
loss: 0.3065, acc: 0.8973
loss: 0.3090, acc: 0.8943
loss: 0.3109, acc: 0.8930
loss: 0.3121, acc: 0.8942
loss: 0.3139, acc: 0.8931
loss: 0.3138, acc: 0.8932
loss: 0.3151, acc: 0.8919
loss: 0.3125, acc: 0.8945
loss: 0.3145, acc: 0.8910
loss: 0.3172, acc: 0.8883
loss: 0.3170, acc: 0.8876
loss: 0.3144, acc: 0.8905
loss: 0.3171, acc: 0.8897
loss: 0.3146, acc: 0.8916
loss: 0.3146, acc: 0.8906
> val_acc: 0.7857, val_f1: 0.6479
>>>>>>>>>>>>>>>>>>>>>>>>>>>>>>>>>>>>>>>>>>>>>>>>>>>>>>>>>>>>>>>>>>>>>>>>>>>>>>>>>>>>>>>>>>>>>>>>>>>>
epoch: 12
loss: 0.3067, acc: 0.8906
loss: 0.3000, acc: 0.8924
loss: 0.3218, acc: 0.8772
loss: 0.3009, acc: 0.8898
loss: 0.3232, acc: 0.8789
loss: 0.3038, acc: 0.8922
loss: 0.3063, acc: 0.8925
loss: 0.3141, acc: 0.8878
loss: 0.3103, acc: 0.8892
loss: 0.3112, acc: 0.8897
loss: 0.3117, acc: 0.8895
loss: 0.3137, acc: 0.8904
loss: 0.3110, acc: 0.8887
loss: 0.3120, acc: 0.8904
loss: 0.3107, acc: 0.8919
loss: 0.3150, acc: 0.8904
loss: 0.3127, acc: 0.8925
loss: 0.3101, acc: 0.8936
loss: 0.3115, acc: 0.8933
loss: 0.3085, acc: 0.8946
loss: 0.3103, acc: 0.8924
loss: 0.3101, acc: 0.8925
> val_acc: 0.7857, val_f1: 0.6441
>>>>>>>>>>>>>>>>>>>>>>>>>>>>>>>>>>>>>>>>>>>>>>>>>>>>>>>>>>>>>>>>>>>>>>>>>>>>>>>>>>>>>>>>>>>>>>>>>>>>
epoch: 13
loss: 0.1622, acc: 1.0000
loss: 0.2365, acc: 0.9167
loss: 0.2645, acc: 0.9119
loss: 0.2654, acc: 0.9121
loss: 0.2733, acc: 0.9048
loss: 0.2727, acc: 0.9014
loss: 0.2756, acc: 0.8972
loss: 0.2698, acc: 0.9045
loss: 0.2811, acc: 0.8979
loss: 0.2802, acc: 0.8988
loss: 0.2812, acc: 0.8983
loss: 0.2873, acc: 0.8945
loss: 0.2859, acc: 0.8960
loss: 0.2902, acc: 0.8954
loss: 0.2943, acc: 0.8944
loss: 0.2961, acc: 0.8927
loss: 0.3028, acc: 0.8877
loss: 0.3032, acc: 0.8884
loss: 0.3026, acc: 0.8894
loss: 0.3020, acc: 0.8903
loss: 0.3000, acc: 0.8911
loss: 0.2995, acc: 0.8909
loss: 0.3013, acc: 0.8905
> val_acc: 0.7857, val_f1: 0.6623
>>>>>>>>>>>>>>>>>>>>>>>>>>>>>>>>>>>>>>>>>>>>>>>>>>>>>>>>>>>>>>>>>>>>>>>>>>>>>>>>>>>>>>>>>>>>>>>>>>>>
epoch: 14
loss: 0.2985, acc: 0.8958
loss: 0.2337, acc: 0.9258
loss: 0.2394, acc: 0.9183
loss: 0.2487, acc: 0.9201
loss: 0.2457, acc: 0.9212
loss: 0.2603, acc: 0.9096
loss: 0.2567, acc: 0.9119
loss: 0.2582, acc: 0.9153
loss: 0.2528, acc: 0.9193
loss: 0.2558, acc: 0.9186
loss: 0.2587, acc: 0.9151
loss: 0.2659, acc: 0.9138
loss: 0.2673, acc: 0.9132
loss: 0.2699, acc: 0.9122
loss: 0.2733, acc: 0.9088
loss: 0.2775, acc: 0.9067
loss: 0.2763, acc: 0.9062
loss: 0.2772, acc: 0.9059
loss: 0.2817, acc: 0.9032
loss: 0.2822, acc: 0.9031
loss: 0.2816, acc: 0.9038
loss: 0.2820, acc: 0.9028
loss: 0.2843, acc: 0.9011
> val_acc: 0.7866, val_f1: 0.6578
>>>>>>>>>>>>>>>>>>>>>>>>>>>>>>>>>>>>>>>>>>>>>>>>>>>>>>>>>>>>>>>>>>>>>>>>>>>>>>>>>>>>>>>>>>>>>>>>>>>>
epoch: 15
loss: 0.2802, acc: 0.9125
loss: 0.2734, acc: 0.9281
loss: 0.2692, acc: 0.9250
loss: 0.2734, acc: 0.9125
loss: 0.2699, acc: 0.9163
loss: 0.2700, acc: 0.9135
loss: 0.2763, acc: 0.9107
loss: 0.2698, acc: 0.9141
loss: 0.2739, acc: 0.9097
loss: 0.2752, acc: 0.9081
loss: 0.2734, acc: 0.9091
loss: 0.2756, acc: 0.9073
loss: 0.2712, acc: 0.9082
loss: 0.2706, acc: 0.9080
loss: 0.2751, acc: 0.9067
loss: 0.2731, acc: 0.9086
loss: 0.2724, acc: 0.9077
loss: 0.2744, acc: 0.9066
loss: 0.2753, acc: 0.9076
loss: 0.2743, acc: 0.9075
loss: 0.2759, acc: 0.9057
loss: 0.2745, acc: 0.9065
> val_acc: 0.7839, val_f1: 0.6535
>>>>>>>>>>>>>>>>>>>>>>>>>>>>>>>>>>>>>>>>>>>>>>>>>>>>>>>>>>>>>>>>>>>>>>>>>>>>>>>>>>>>>>>>>>>>>>>>>>>>
epoch: 16
loss: 0.4530, acc: 0.7812
loss: 0.3386, acc: 0.8616
loss: 0.2879, acc: 0.8880
loss: 0.2761, acc: 0.8971
loss: 0.2611, acc: 0.9062
loss: 0.2615, acc: 0.9051
loss: 0.2702, acc: 0.8984
loss: 0.2713, acc: 0.8961
loss: 0.2630, acc: 0.9003
loss: 0.2626, acc: 0.9043
loss: 0.2691, acc: 0.9008
loss: 0.2683, acc: 0.9019
loss: 0.2708, acc: 0.9007
loss: 0.2715, acc: 0.9025
loss: 0.2682, acc: 0.9049
loss: 0.2688, acc: 0.9046
loss: 0.2680, acc: 0.9051
loss: 0.2720, acc: 0.9034
loss: 0.2739, acc: 0.9018
loss: 0.2762, acc: 0.8992
loss: 0.2797, acc: 0.8986
loss: 0.2772, acc: 0.8998
loss: 0.2783, acc: 0.8990
> val_acc: 0.7893, val_f1: 0.6587
>>>>>>>>>>>>>>>>>>>>>>>>>>>>>>>>>>>>>>>>>>>>>>>>>>>>>>>>>>>>>>>>>>>>>>>>>>>>>>>>>>>>>>>>>>>>>>>>>>>>
epoch: 17
loss: 0.2273, acc: 0.9219
loss: 0.2392, acc: 0.9236
loss: 0.2327, acc: 0.9330
loss: 0.2354, acc: 0.9260
loss: 0.2397, acc: 0.9219
loss: 0.2433, acc: 0.9192
loss: 0.2368, acc: 0.9228
loss: 0.2437, acc: 0.9183
loss: 0.2450, acc: 0.9162
loss: 0.2479, acc: 0.9145
loss: 0.2497, acc: 0.9126
loss: 0.2475, acc: 0.9147
loss: 0.2477, acc: 0.9131
loss: 0.2467, acc: 0.9121
loss: 0.2484, acc: 0.9105
loss: 0.2510, acc: 0.9078
loss: 0.2581, acc: 0.9040
loss: 0.2569, acc: 0.9052
loss: 0.2561, acc: 0.9049
loss: 0.2545, acc: 0.9062
loss: 0.2595, acc: 0.9047
loss: 0.2620, acc: 0.9034
> val_acc: 0.7812, val_f1: 0.6494
>>>>>>>>>>>>>>>>>>>>>>>>>>>>>>>>>>>>>>>>>>>>>>>>>>>>>>>>>>>>>>>>>>>>>>>>>>>>>>>>>>>>>>>>>>>>>>>>>>>>
epoch: 18
loss: 0.2372, acc: 0.9062
loss: 0.2586, acc: 0.9219
loss: 0.2787, acc: 0.9062
loss: 0.2627, acc: 0.9121
loss: 0.2675, acc: 0.9122
loss: 0.2668, acc: 0.9159
loss: 0.2614, acc: 0.9173
loss: 0.2563, acc: 0.9201
loss: 0.2564, acc: 0.9192
loss: 0.2551, acc: 0.9219
loss: 0.2568, acc: 0.9210
loss: 0.2552, acc: 0.9208
loss: 0.2554, acc: 0.9191
loss: 0.2529, acc: 0.9200
loss: 0.2523, acc: 0.9164
loss: 0.2529, acc: 0.9157
loss: 0.2543, acc: 0.9151
loss: 0.2554, acc: 0.9164
loss: 0.2607, acc: 0.9121
loss: 0.2630, acc: 0.9111
loss: 0.2636, acc: 0.9109
loss: 0.2671, acc: 0.9092
loss: 0.2665, acc: 0.9091
> val_acc: 0.7884, val_f1: 0.6662
>>>>>>>>>>>>>>>>>>>>>>>>>>>>>>>>>>>>>>>>>>>>>>>>>>>>>>>>>>>>>>>>>>>>>>>>>>>>>>>>>>>>>>>>>>>>>>>>>>>>
epoch: 19
loss: 0.2396, acc: 0.9167
loss: 0.2423, acc: 0.9219
loss: 0.2230, acc: 0.9279
loss: 0.2359, acc: 0.9184
loss: 0.2312, acc: 0.9253
loss: 0.2392, acc: 0.9219
loss: 0.2491, acc: 0.9157
loss: 0.2433, acc: 0.9186
loss: 0.2430, acc: 0.9179
loss: 0.2374, acc: 0.9206
loss: 0.2391, acc: 0.9186
loss: 0.2440, acc: 0.9133
loss: 0.2423, acc: 0.9147
loss: 0.2453, acc: 0.9150
loss: 0.2514, acc: 0.9092
loss: 0.2476, acc: 0.9111
loss: 0.2468, acc: 0.9104
loss: 0.2484, acc: 0.9109
loss: 0.2508, acc: 0.9089
loss: 0.2529, acc: 0.9088
loss: 0.2538, acc: 0.9078
loss: 0.2537, acc: 0.9077
loss: 0.2526, acc: 0.9083
> val_acc: 0.7857, val_f1: 0.6547
>>>>>>>>>>>>>>>>>>>>>>>>>>>>>>>>>>>>>>>>>>>>>>>>>>>>>>>>>>>>>>>>>>>>>>>>>>>>>>>>>>>>>>>>>>>>>>>>>>>>
epoch: 20
loss: 0.2577, acc: 0.9313
loss: 0.2351, acc: 0.9344
loss: 0.2238, acc: 0.9313
loss: 0.2296, acc: 0.9281
loss: 0.2273, acc: 0.9313
loss: 0.2366, acc: 0.9250
loss: 0.2411, acc: 0.9214
loss: 0.2476, acc: 0.9219
loss: 0.2452, acc: 0.9229
loss: 0.2444, acc: 0.9231
loss: 0.2433, acc: 0.9227
loss: 0.2402, acc: 0.9260
loss: 0.2426, acc: 0.9245
loss: 0.2474, acc: 0.9205
loss: 0.2492, acc: 0.9187
loss: 0.2483, acc: 0.9191
loss: 0.2451, acc: 0.9206
loss: 0.2450, acc: 0.9198
loss: 0.2468, acc: 0.9197
loss: 0.2485, acc: 0.9191
loss: 0.2491, acc: 0.9185
loss: 0.2496, acc: 0.9182
> val_acc: 0.7830, val_f1: 0.6510
>>>>>>>>>>>>>>>>>>>>>>>>>>>>>>>>>>>>>>>>>>>>>>>>>>>>>>>>>>>>>>>>>>>>>>>>>>>>>>>>>>>>>>>>>>>>>>>>>>>>
epoch: 21
loss: 0.1791, acc: 0.9688
loss: 0.1999, acc: 0.9420
loss: 0.2144, acc: 0.9401
loss: 0.2283, acc: 0.9338
loss: 0.2299, acc: 0.9361
loss: 0.2272, acc: 0.9375
loss: 0.2396, acc: 0.9297
loss: 0.2336, acc: 0.9316
loss: 0.2422, acc: 0.9241
loss: 0.2426, acc: 0.9235
loss: 0.2342, acc: 0.9267
loss: 0.2350, acc: 0.9243
loss: 0.2349, acc: 0.9244
loss: 0.2330, acc: 0.9254
loss: 0.2355, acc: 0.9227
loss: 0.2365, acc: 0.9209
loss: 0.2383, acc: 0.9204
loss: 0.2371, acc: 0.9213
loss: 0.2375, acc: 0.9215
loss: 0.2381, acc: 0.9211
loss: 0.2407, acc: 0.9194
loss: 0.2442, acc: 0.9185
loss: 0.2456, acc: 0.9171
> val_acc: 0.7839, val_f1: 0.6484
>>>>>>>>>>>>>>>>>>>>>>>>>>>>>>>>>>>>>>>>>>>>>>>>>>>>>>>>>>>>>>>>>>>>>>>>>>>>>>>>>>>>>>>>>>>>>>>>>>>>
epoch: 22
loss: 0.2158, acc: 0.9375
loss: 0.2471, acc: 0.9062
loss: 0.2422, acc: 0.9018
loss: 0.2353, acc: 0.9062
loss: 0.2324, acc: 0.9115
loss: 0.2333, acc: 0.9138
loss: 0.2324, acc: 0.9173
loss: 0.2323, acc: 0.9183
loss: 0.2321, acc: 0.9176
loss: 0.2284, acc: 0.9209
loss: 0.2277, acc: 0.9230
loss: 0.2314, acc: 0.9211
loss: 0.2307, acc: 0.9204
loss: 0.2329, acc: 0.9212
loss: 0.2338, acc: 0.9210
loss: 0.2372, acc: 0.9181
loss: 0.2376, acc: 0.9182
loss: 0.2358, acc: 0.9196
loss: 0.2356, acc: 0.9195
loss: 0.2349, acc: 0.9198
loss: 0.2360, acc: 0.9180
loss: 0.2374, acc: 0.9174
> val_acc: 0.7866, val_f1: 0.6600
>>>>>>>>>>>>>>>>>>>>>>>>>>>>>>>>>>>>>>>>>>>>>>>>>>>>>>>>>>>>>>>>>>>>>>>>>>>>>>>>>>>>>>>>>>>>>>>>>>>>
epoch: 23
loss: 0.2520, acc: 0.8438
loss: 0.2410, acc: 0.9167
loss: 0.2090, acc: 0.9318
loss: 0.2117, acc: 0.9336
loss: 0.2339, acc: 0.9152
loss: 0.2523, acc: 0.9038
loss: 0.2456, acc: 0.9093
loss: 0.2432, acc: 0.9123
loss: 0.2394, acc: 0.9139
loss: 0.2379, acc: 0.9151
loss: 0.2385, acc: 0.9142
loss: 0.2386, acc: 0.9141
loss: 0.2367, acc: 0.9180
loss: 0.2368, acc: 0.9190
loss: 0.2371, acc: 0.9186
loss: 0.2411, acc: 0.9165
loss: 0.2393, acc: 0.9167
loss: 0.2361, acc: 0.9186
loss: 0.2367, acc: 0.9186
loss: 0.2370, acc: 0.9180
loss: 0.2366, acc: 0.9174
loss: 0.2385, acc: 0.9172
loss: 0.2400, acc: 0.9164
> val_acc: 0.7839, val_f1: 0.6539
>>>>>>>>>>>>>>>>>>>>>>>>>>>>>>>>>>>>>>>>>>>>>>>>>>>>>>>>>>>>>>>>>>>>>>>>>>>>>>>>>>>>>>>>>>>>>>>>>>>>
epoch: 24
loss: 0.2379, acc: 0.9375
loss: 0.2350, acc: 0.9258
loss: 0.2267, acc: 0.9423
loss: 0.2225, acc: 0.9375
loss: 0.2180, acc: 0.9402
loss: 0.2124, acc: 0.9408
loss: 0.2107, acc: 0.9394
loss: 0.2147, acc: 0.9375
loss: 0.2111, acc: 0.9353
loss: 0.2087, acc: 0.9388
loss: 0.2091, acc: 0.9369
loss: 0.2172, acc: 0.9337
loss: 0.2175, acc: 0.9330
loss: 0.2197, acc: 0.9315
loss: 0.2194, acc: 0.9315
loss: 0.2225, acc: 0.9295
loss: 0.2233, acc: 0.9296
loss: 0.2233, acc: 0.9286
loss: 0.2203, acc: 0.9298
loss: 0.2227, acc: 0.9286
loss: 0.2259, acc: 0.9272
loss: 0.2247, acc: 0.9274
loss: 0.2240, acc: 0.9271
> val_acc: 0.7812, val_f1: 0.6476
>>>>>>>>>>>>>>>>>>>>>>>>>>>>>>>>>>>>>>>>>>>>>>>>>>>>>>>>>>>>>>>>>>>>>>>>>>>>>>>>>>>>>>>>>>>>>>>>>>>>
epoch: 25
loss: 0.2354, acc: 0.9125
loss: 0.2416, acc: 0.9156
loss: 0.2356, acc: 0.9146
loss: 0.2190, acc: 0.9234
loss: 0.2245, acc: 0.9200
loss: 0.2201, acc: 0.9198
loss: 0.2109, acc: 0.9277
loss: 0.2169, acc: 0.9242
loss: 0.2128, acc: 0.9264
loss: 0.2238, acc: 0.9213
loss: 0.2223, acc: 0.9222
loss: 0.2204, acc: 0.9240
loss: 0.2180, acc: 0.9264
loss: 0.2222, acc: 0.9246
loss: 0.2250, acc: 0.9246
loss: 0.2245, acc: 0.9242
loss: 0.2234, acc: 0.9243
loss: 0.2211, acc: 0.9250
loss: 0.2186, acc: 0.9257
loss: 0.2179, acc: 0.9250
loss: 0.2176, acc: 0.9244
loss: 0.2166, acc: 0.9247
> val_acc: 0.7830, val_f1: 0.6553
>>>>>>>>>>>>>>>>>>>>>>>>>>>>>>>>>>>>>>>>>>>>>>>>>>>>>>>>>>>>>>>>>>>>>>>>>>>>>>>>>>>>>>>>>>>>>>>>>>>>
epoch: 26
loss: 0.1646, acc: 0.9531
loss: 0.1745, acc: 0.9420
loss: 0.1960, acc: 0.9401
loss: 0.2161, acc: 0.9320
loss: 0.2175, acc: 0.9304
loss: 0.2120, acc: 0.9317
loss: 0.2209, acc: 0.9248
loss: 0.2177, acc: 0.9274
loss: 0.2164, acc: 0.9278
loss: 0.2214, acc: 0.9269
loss: 0.2188, acc: 0.9267
loss: 0.2158, acc: 0.9276
loss: 0.2157, acc: 0.9259
loss: 0.2143, acc: 0.9272
loss: 0.2151, acc: 0.9271
loss: 0.2171, acc: 0.9245
loss: 0.2170, acc: 0.9257
loss: 0.2170, acc: 0.9256
loss: 0.2167, acc: 0.9249
loss: 0.2153, acc: 0.9262
loss: 0.2165, acc: 0.9259
loss: 0.2170, acc: 0.9258
loss: 0.2150, acc: 0.9258
> val_acc: 0.7821, val_f1: 0.6515
>>>>>>>>>>>>>>>>>>>>>>>>>>>>>>>>>>>>>>>>>>>>>>>>>>>>>>>>>>>>>>>>>>>>>>>>>>>>>>>>>>>>>>>>>>>>>>>>>>>>
epoch: 27
loss: 0.2082, acc: 0.9219
loss: 0.1775, acc: 0.9479
loss: 0.1939, acc: 0.9330
loss: 0.1955, acc: 0.9342
loss: 0.2053, acc: 0.9310
loss: 0.2097, acc: 0.9289
loss: 0.2100, acc: 0.9274
loss: 0.2098, acc: 0.9271
loss: 0.2055, acc: 0.9297
loss: 0.2147, acc: 0.9247
loss: 0.2176, acc: 0.9225
loss: 0.2180, acc: 0.9227
loss: 0.2163, acc: 0.9229
loss: 0.2161, acc: 0.9226
loss: 0.2158, acc: 0.9236
loss: 0.2160, acc: 0.9229
loss: 0.2171, acc: 0.9222
loss: 0.2160, acc: 0.9231
loss: 0.2139, acc: 0.9249
loss: 0.2109, acc: 0.9268
loss: 0.2132, acc: 0.9261
loss: 0.2139, acc: 0.9255
> val_acc: 0.7830, val_f1: 0.6594
>>>>>>>>>>>>>>>>>>>>>>>>>>>>>>>>>>>>>>>>>>>>>>>>>>>>>>>>>>>>>>>>>>>>>>>>>>>>>>>>>>>>>>>>>>>>>>>>>>>>
epoch: 28
loss: 0.1503, acc: 0.9688
loss: 0.1782, acc: 0.9479
loss: 0.1925, acc: 0.9375
loss: 0.1917, acc: 0.9395
loss: 0.1869, acc: 0.9405
loss: 0.1902, acc: 0.9363
loss: 0.1921, acc: 0.9315
loss: 0.1905, acc: 0.9314
loss: 0.1863, acc: 0.9337
loss: 0.1881, acc: 0.9348
loss: 0.1882, acc: 0.9350
loss: 0.1939, acc: 0.9308
loss: 0.1958, acc: 0.9283
loss: 0.1990, acc: 0.9285
loss: 0.1973, acc: 0.9296
loss: 0.1957, acc: 0.9305
loss: 0.2007, acc: 0.9290
loss: 0.2051, acc: 0.9262
loss: 0.2046, acc: 0.9245
loss: 0.2051, acc: 0.9248
loss: 0.2056, acc: 0.9248
loss: 0.2064, acc: 0.9242
loss: 0.2071, acc: 0.9237
> val_acc: 0.7812, val_f1: 0.6438
>>>>>>>>>>>>>>>>>>>>>>>>>>>>>>>>>>>>>>>>>>>>>>>>>>>>>>>>>>>>>>>>>>>>>>>>>>>>>>>>>>>>>>>>>>>>>>>>>>>>
epoch: 29
loss: 0.2255, acc: 0.8854
loss: 0.2079, acc: 0.9258
loss: 0.1912, acc: 0.9399
loss: 0.1869, acc: 0.9375
loss: 0.1846, acc: 0.9389
loss: 0.1918, acc: 0.9375
loss: 0.1990, acc: 0.9328
loss: 0.2006, acc: 0.9309
loss: 0.2009, acc: 0.9295
loss: 0.1997, acc: 0.9316
loss: 0.1995, acc: 0.9316
loss: 0.2017, acc: 0.9321
loss: 0.1978, acc: 0.9345
loss: 0.1957, acc: 0.9357
loss: 0.1981, acc: 0.9341
loss: 0.1981, acc: 0.9359
loss: 0.1992, acc: 0.9352
loss: 0.2017, acc: 0.9347
loss: 0.2017, acc: 0.9341
loss: 0.2034, acc: 0.9337
loss: 0.2037, acc: 0.9339
loss: 0.2059, acc: 0.9329
loss: 0.2064, acc: 0.9329
> val_acc: 0.7839, val_f1: 0.6609
>> test_acc: 0.7955, test_f1: 0.6726
