cuda memory allocated: 14651392
n_trainable_params: 2726003, n_nontrainable_params: 934800
> training arguments:
>>> model_name: gc_ian
>>> dataset: laptop
>>> optimizer: <class 'torch.optim.adagrad.Adagrad'>
>>> initializer: <function xavier_uniform_ at 0x0000022D009E7620>
>>> learning_rate: 0.01
>>> momentum: 0.95
>>> dropout: 0.5
>>> l2reg: 5e-05
>>> num_epoch: 30
>>> batch_size: 32
>>> log_step: 5
>>> embed_dim: 300
>>> hidden_dim: 300
>>> bert_dim: 768
>>> pretrained_bert_name: bert-base-uncased
>>> max_seq_len: 80
>>> polarities_dim: 3
>>> hops: 3
>>> device: cuda
>>> seed: 10
>>> valset_ratio: 0
>>> num_layers: 1
>>> in_channels: 100
>>> out_channels: 1
>>> downbot: 20
>>> kernel_size: 3
>>> glove_path: ./glove/glove.840B.300d.txt
>>> model_class: <class 'models.gc_ian.GC_IAN'>
>>> dataset_file: {'train': './datasets/semeval14/Laptops_Train.xml.seg', 'test': './datasets/semeval14/Laptops_Test_Gold.xml.seg'}
>>> inputs_cols: ['text_raw_indices', 'aspect_indices']
>>>>>>>>>>>>>>>>>>>>>>>>>>>>>>>>>>>>>>>>>>>>>>>>>>>>>>>>>>>>>>>>>>>>>>>>>>>>>>>>>>>>>>>>>>>>>>>>>>>>
epoch: 0
loss: 2.0525, acc: 0.4188
loss: 1.6479, acc: 0.4250
loss: 1.4234, acc: 0.4521
loss: 1.3080, acc: 0.4859
loss: 1.2313, acc: 0.5025
loss: 1.1658, acc: 0.5260
loss: 1.1277, acc: 0.5393
loss: 1.0840, acc: 0.5570
loss: 1.0640, acc: 0.5618
loss: 1.0468, acc: 0.5669
loss: 1.0277, acc: 0.5756
loss: 1.0105, acc: 0.5807
loss: 0.9978, acc: 0.5870
loss: 0.9853, acc: 0.5911
> val_acc: 0.6395, val_f1: 0.5431
>> saved: state_dict/gc_ian_laptop_val_acc0.6395
>>>>>>>>>>>>>>>>>>>>>>>>>>>>>>>>>>>>>>>>>>>>>>>>>>>>>>>>>>>>>>>>>>>>>>>>>>>>>>>>>>>>>>>>>>>>>>>>>>>>
epoch: 1
loss: 0.5400, acc: 0.7344
loss: 0.5586, acc: 0.7634
loss: 0.5703, acc: 0.7708
loss: 0.5832, acc: 0.7555
loss: 0.5716, acc: 0.7656
loss: 0.5833, acc: 0.7674
loss: 0.5845, acc: 0.7686
loss: 0.5809, acc: 0.7694
loss: 0.5789, acc: 0.7679
loss: 0.5752, acc: 0.7686
loss: 0.5766, acc: 0.7644
loss: 0.5801, acc: 0.7637
loss: 0.5821, acc: 0.7646
loss: 0.5844, acc: 0.7631
loss: 0.5851, acc: 0.7613
> val_acc: 0.6755, val_f1: 0.5950
>> saved: state_dict/gc_ian_laptop_val_acc0.6755
>>>>>>>>>>>>>>>>>>>>>>>>>>>>>>>>>>>>>>>>>>>>>>>>>>>>>>>>>>>>>>>>>>>>>>>>>>>>>>>>>>>>>>>>>>>>>>>>>>>>
epoch: 2
loss: 0.4524, acc: 0.8594
loss: 0.4309, acc: 0.8403
loss: 0.4351, acc: 0.8415
loss: 0.4376, acc: 0.8405
loss: 0.4407, acc: 0.8385
loss: 0.4453, acc: 0.8362
loss: 0.4428, acc: 0.8355
loss: 0.4451, acc: 0.8349
loss: 0.4397, acc: 0.8381
loss: 0.4471, acc: 0.8386
loss: 0.4400, acc: 0.8426
loss: 0.4405, acc: 0.8406
loss: 0.4439, acc: 0.8379
loss: 0.4455, acc: 0.8374
> val_acc: 0.6740, val_f1: 0.5680
>>>>>>>>>>>>>>>>>>>>>>>>>>>>>>>>>>>>>>>>>>>>>>>>>>>>>>>>>>>>>>>>>>>>>>>>>>>>>>>>>>>>>>>>>>>>>>>>>>>>
epoch: 3
loss: 0.4724, acc: 0.8125
loss: 0.3943, acc: 0.8698
loss: 0.3882, acc: 0.8807
loss: 0.3558, acc: 0.8926
loss: 0.3584, acc: 0.8899
loss: 0.3610, acc: 0.8882
loss: 0.3641, acc: 0.8861
loss: 0.3690, acc: 0.8837
loss: 0.3684, acc: 0.8834
loss: 0.3708, acc: 0.8798
loss: 0.3697, acc: 0.8781
loss: 0.3674, acc: 0.8778
loss: 0.3703, acc: 0.8755
loss: 0.3753, acc: 0.8722
loss: 0.3745, acc: 0.8719
> val_acc: 0.6740, val_f1: 0.5925
>>>>>>>>>>>>>>>>>>>>>>>>>>>>>>>>>>>>>>>>>>>>>>>>>>>>>>>>>>>>>>>>>>>>>>>>>>>>>>>>>>>>>>>>>>>>>>>>>>>>
epoch: 4
loss: 0.2767, acc: 0.9271
loss: 0.2651, acc: 0.9297
loss: 0.2906, acc: 0.9231
loss: 0.3004, acc: 0.9167
loss: 0.3050, acc: 0.9158
loss: 0.3150, acc: 0.9074
loss: 0.3080, acc: 0.9100
loss: 0.3150, acc: 0.9054
loss: 0.3115, acc: 0.9070
loss: 0.3066, acc: 0.9108
loss: 0.3082, acc: 0.9074
loss: 0.3068, acc: 0.9100
loss: 0.3099, acc: 0.9087
loss: 0.3121, acc: 0.9081
loss: 0.3129, acc: 0.9059
> val_acc: 0.6708, val_f1: 0.5722
>>>>>>>>>>>>>>>>>>>>>>>>>>>>>>>>>>>>>>>>>>>>>>>>>>>>>>>>>>>>>>>>>>>>>>>>>>>>>>>>>>>>>>>>>>>>>>>>>>>>
epoch: 5
loss: 0.2271, acc: 0.9313
loss: 0.2658, acc: 0.9094
loss: 0.2638, acc: 0.9125
loss: 0.2639, acc: 0.9109
loss: 0.2570, acc: 0.9200
loss: 0.2660, acc: 0.9177
loss: 0.2643, acc: 0.9170
loss: 0.2682, acc: 0.9156
loss: 0.2762, acc: 0.9104
loss: 0.2768, acc: 0.9113
loss: 0.2803, acc: 0.9080
loss: 0.2825, acc: 0.9062
loss: 0.2792, acc: 0.9082
loss: 0.2749, acc: 0.9098
> val_acc: 0.6912, val_f1: 0.6216
>> saved: state_dict/gc_ian_laptop_val_acc0.6912
>>>>>>>>>>>>>>>>>>>>>>>>>>>>>>>>>>>>>>>>>>>>>>>>>>>>>>>>>>>>>>>>>>>>>>>>>>>>>>>>>>>>>>>>>>>>>>>>>>>>
epoch: 6
loss: 0.2286, acc: 0.9531
loss: 0.2298, acc: 0.9464
loss: 0.2273, acc: 0.9505
loss: 0.2266, acc: 0.9467
loss: 0.2435, acc: 0.9318
loss: 0.2465, acc: 0.9317
loss: 0.2485, acc: 0.9297
loss: 0.2503, acc: 0.9291
loss: 0.2486, acc: 0.9293
loss: 0.2439, acc: 0.9322
loss: 0.2396, acc: 0.9327
loss: 0.2373, acc: 0.9315
loss: 0.2392, acc: 0.9309
loss: 0.2425, acc: 0.9286
loss: 0.2418, acc: 0.9288
> val_acc: 0.6850, val_f1: 0.6005
>>>>>>>>>>>>>>>>>>>>>>>>>>>>>>>>>>>>>>>>>>>>>>>>>>>>>>>>>>>>>>>>>>>>>>>>>>>>>>>>>>>>>>>>>>>>>>>>>>>>
epoch: 7
loss: 0.1703, acc: 0.9609
loss: 0.1877, acc: 0.9514
loss: 0.1897, acc: 0.9531
loss: 0.1878, acc: 0.9589
loss: 0.1873, acc: 0.9531
loss: 0.2005, acc: 0.9461
loss: 0.1974, acc: 0.9458
loss: 0.2011, acc: 0.9431
loss: 0.2022, acc: 0.9439
loss: 0.2015, acc: 0.9445
loss: 0.1978, acc: 0.9479
loss: 0.1974, acc: 0.9481
loss: 0.2015, acc: 0.9458
loss: 0.2024, acc: 0.9452
> val_acc: 0.6881, val_f1: 0.6121
>>>>>>>>>>>>>>>>>>>>>>>>>>>>>>>>>>>>>>>>>>>>>>>>>>>>>>>>>>>>>>>>>>>>>>>>>>>>>>>>>>>>>>>>>>>>>>>>>>>>
epoch: 8
loss: 0.2161, acc: 0.9375
loss: 0.1796, acc: 0.9531
loss: 0.1758, acc: 0.9602
loss: 0.1778, acc: 0.9629
loss: 0.1694, acc: 0.9643
loss: 0.1667, acc: 0.9663
loss: 0.1720, acc: 0.9647
loss: 0.1685, acc: 0.9653
loss: 0.1809, acc: 0.9596
loss: 0.1807, acc: 0.9592
loss: 0.1823, acc: 0.9589
loss: 0.1842, acc: 0.9576
loss: 0.1850, acc: 0.9575
loss: 0.1860, acc: 0.9560
loss: 0.1876, acc: 0.9551
> val_acc: 0.6850, val_f1: 0.6026
>>>>>>>>>>>>>>>>>>>>>>>>>>>>>>>>>>>>>>>>>>>>>>>>>>>>>>>>>>>>>>>>>>>>>>>>>>>>>>>>>>>>>>>>>>>>>>>>>>>>
epoch: 9
loss: 0.1505, acc: 1.0000
loss: 0.1674, acc: 0.9688
loss: 0.1621, acc: 0.9615
loss: 0.1777, acc: 0.9514
loss: 0.1715, acc: 0.9552
loss: 0.1678, acc: 0.9576
loss: 0.1703, acc: 0.9583
loss: 0.1749, acc: 0.9556
loss: 0.1758, acc: 0.9571
loss: 0.1768, acc: 0.9551
loss: 0.1787, acc: 0.9522
loss: 0.1798, acc: 0.9504
loss: 0.1802, acc: 0.9494
loss: 0.1777, acc: 0.9513
loss: 0.1734, acc: 0.9532
> val_acc: 0.6944, val_f1: 0.6146
>> saved: state_dict/gc_ian_laptop_val_acc0.6944
>>>>>>>>>>>>>>>>>>>>>>>>>>>>>>>>>>>>>>>>>>>>>>>>>>>>>>>>>>>>>>>>>>>>>>>>>>>>>>>>>>>>>>>>>>>>>>>>>>>>
epoch: 10
loss: 0.1575, acc: 0.9688
loss: 0.1378, acc: 0.9719
loss: 0.1445, acc: 0.9688
loss: 0.1530, acc: 0.9688
loss: 0.1527, acc: 0.9700
loss: 0.1563, acc: 0.9688
loss: 0.1571, acc: 0.9688
loss: 0.1618, acc: 0.9633
loss: 0.1628, acc: 0.9632
loss: 0.1618, acc: 0.9631
loss: 0.1640, acc: 0.9619
loss: 0.1607, acc: 0.9615
loss: 0.1601, acc: 0.9601
loss: 0.1603, acc: 0.9598
> val_acc: 0.6865, val_f1: 0.6020
>>>>>>>>>>>>>>>>>>>>>>>>>>>>>>>>>>>>>>>>>>>>>>>>>>>>>>>>>>>>>>>>>>>>>>>>>>>>>>>>>>>>>>>>>>>>>>>>>>>>
epoch: 11
loss: 0.1046, acc: 1.0000
loss: 0.1342, acc: 0.9732
loss: 0.1359, acc: 0.9766
loss: 0.1396, acc: 0.9743
loss: 0.1385, acc: 0.9759
loss: 0.1353, acc: 0.9769
loss: 0.1343, acc: 0.9756
loss: 0.1391, acc: 0.9730
loss: 0.1377, acc: 0.9710
loss: 0.1367, acc: 0.9707
loss: 0.1357, acc: 0.9706
loss: 0.1374, acc: 0.9677
loss: 0.1395, acc: 0.9672
loss: 0.1413, acc: 0.9655
loss: 0.1407, acc: 0.9657
> val_acc: 0.6897, val_f1: 0.6140
>>>>>>>>>>>>>>>>>>>>>>>>>>>>>>>>>>>>>>>>>>>>>>>>>>>>>>>>>>>>>>>>>>>>>>>>>>>>>>>>>>>>>>>>>>>>>>>>>>>>
epoch: 12
loss: 0.1199, acc: 0.9609
loss: 0.1133, acc: 0.9688
loss: 0.1132, acc: 0.9688
loss: 0.1111, acc: 0.9737
loss: 0.1203, acc: 0.9688
loss: 0.1255, acc: 0.9644
loss: 0.1261, acc: 0.9614
loss: 0.1311, acc: 0.9583
loss: 0.1313, acc: 0.9581
loss: 0.1309, acc: 0.9585
loss: 0.1329, acc: 0.9566
loss: 0.1334, acc: 0.9571
loss: 0.1311, acc: 0.9585
loss: 0.1356, acc: 0.9561
> val_acc: 0.6912, val_f1: 0.6158
>>>>>>>>>>>>>>>>>>>>>>>>>>>>>>>>>>>>>>>>>>>>>>>>>>>>>>>>>>>>>>>>>>>>>>>>>>>>>>>>>>>>>>>>>>>>>>>>>>>>
epoch: 13
loss: 0.1215, acc: 1.0000
loss: 0.1422, acc: 0.9740
loss: 0.1371, acc: 0.9688
loss: 0.1300, acc: 0.9707
loss: 0.1245, acc: 0.9702
loss: 0.1287, acc: 0.9712
loss: 0.1313, acc: 0.9677
loss: 0.1293, acc: 0.9688
loss: 0.1279, acc: 0.9688
loss: 0.1274, acc: 0.9688
loss: 0.1246, acc: 0.9694
loss: 0.1295, acc: 0.9671
loss: 0.1297, acc: 0.9672
loss: 0.1292, acc: 0.9664
loss: 0.1299, acc: 0.9657
> val_acc: 0.6928, val_f1: 0.6149
>>>>>>>>>>>>>>>>>>>>>>>>>>>>>>>>>>>>>>>>>>>>>>>>>>>>>>>>>>>>>>>>>>>>>>>>>>>>>>>>>>>>>>>>>>>>>>>>>>>>
epoch: 14
loss: 0.1327, acc: 0.9688
loss: 0.1335, acc: 0.9648
loss: 0.1393, acc: 0.9615
loss: 0.1277, acc: 0.9635
loss: 0.1184, acc: 0.9701
loss: 0.1133, acc: 0.9732
loss: 0.1147, acc: 0.9716
loss: 0.1155, acc: 0.9720
loss: 0.1134, acc: 0.9731
loss: 0.1133, acc: 0.9720
loss: 0.1104, acc: 0.9741
loss: 0.1123, acc: 0.9731
loss: 0.1125, acc: 0.9742
loss: 0.1112, acc: 0.9752
loss: 0.1145, acc: 0.9729
> val_acc: 0.6897, val_f1: 0.6167
>>>>>>>>>>>>>>>>>>>>>>>>>>>>>>>>>>>>>>>>>>>>>>>>>>>>>>>>>>>>>>>>>>>>>>>>>>>>>>>>>>>>>>>>>>>>>>>>>>>>
epoch: 15
loss: 0.1321, acc: 0.9625
loss: 0.1227, acc: 0.9625
loss: 0.1182, acc: 0.9625
loss: 0.1071, acc: 0.9688
loss: 0.1078, acc: 0.9700
loss: 0.1125, acc: 0.9688
loss: 0.1098, acc: 0.9688
loss: 0.1123, acc: 0.9664
loss: 0.1081, acc: 0.9694
loss: 0.1081, acc: 0.9706
loss: 0.1079, acc: 0.9710
loss: 0.1085, acc: 0.9714
loss: 0.1101, acc: 0.9712
loss: 0.1094, acc: 0.9719
> val_acc: 0.6944, val_f1: 0.6184
>>>>>>>>>>>>>>>>>>>>>>>>>>>>>>>>>>>>>>>>>>>>>>>>>>>>>>>>>>>>>>>>>>>>>>>>>>>>>>>>>>>>>>>>>>>>>>>>>>>>
epoch: 16
loss: 0.1299, acc: 0.9375
loss: 0.1155, acc: 0.9688
loss: 0.1009, acc: 0.9766
loss: 0.0990, acc: 0.9779
loss: 0.1069, acc: 0.9744
loss: 0.1045, acc: 0.9745
loss: 0.0987, acc: 0.9785
loss: 0.0997, acc: 0.9780
loss: 0.0980, acc: 0.9784
loss: 0.0992, acc: 0.9761
loss: 0.1002, acc: 0.9748
loss: 0.1012, acc: 0.9737
loss: 0.0996, acc: 0.9743
loss: 0.1009, acc: 0.9739
loss: 0.1014, acc: 0.9744
> val_acc: 0.6850, val_f1: 0.6010
>>>>>>>>>>>>>>>>>>>>>>>>>>>>>>>>>>>>>>>>>>>>>>>>>>>>>>>>>>>>>>>>>>>>>>>>>>>>>>>>>>>>>>>>>>>>>>>>>>>>
epoch: 17
loss: 0.0657, acc: 0.9922
loss: 0.0804, acc: 0.9792
loss: 0.0859, acc: 0.9821
loss: 0.0878, acc: 0.9803
loss: 0.0927, acc: 0.9779
loss: 0.0902, acc: 0.9806
loss: 0.1003, acc: 0.9743
loss: 0.1016, acc: 0.9752
loss: 0.1018, acc: 0.9744
loss: 0.1005, acc: 0.9751
loss: 0.0967, acc: 0.9757
loss: 0.0947, acc: 0.9767
loss: 0.0956, acc: 0.9761
loss: 0.0990, acc: 0.9755
> val_acc: 0.6912, val_f1: 0.6139
>>>>>>>>>>>>>>>>>>>>>>>>>>>>>>>>>>>>>>>>>>>>>>>>>>>>>>>>>>>>>>>>>>>>>>>>>>>>>>>>>>>>>>>>>>>>>>>>>>>>
epoch: 18
loss: 0.0288, acc: 1.0000
loss: 0.1147, acc: 0.9635
loss: 0.0934, acc: 0.9744
loss: 0.0948, acc: 0.9766
loss: 0.0964, acc: 0.9747
loss: 0.0993, acc: 0.9760
loss: 0.0999, acc: 0.9728
loss: 0.0998, acc: 0.9731
loss: 0.0968, acc: 0.9756
loss: 0.0963, acc: 0.9755
loss: 0.0937, acc: 0.9773
loss: 0.0942, acc: 0.9771
loss: 0.0939, acc: 0.9769
loss: 0.0936, acc: 0.9768
loss: 0.0938, acc: 0.9776
> val_acc: 0.6865, val_f1: 0.6044
>>>>>>>>>>>>>>>>>>>>>>>>>>>>>>>>>>>>>>>>>>>>>>>>>>>>>>>>>>>>>>>>>>>>>>>>>>>>>>>>>>>>>>>>>>>>>>>>>>>>
epoch: 19
loss: 0.0844, acc: 0.9792
loss: 0.0855, acc: 0.9727
loss: 0.0926, acc: 0.9736
loss: 0.0943, acc: 0.9722
loss: 0.0902, acc: 0.9728
loss: 0.0873, acc: 0.9743
loss: 0.0924, acc: 0.9725
loss: 0.0932, acc: 0.9729
loss: 0.0941, acc: 0.9717
loss: 0.0925, acc: 0.9727
loss: 0.0922, acc: 0.9723
loss: 0.0932, acc: 0.9725
loss: 0.0944, acc: 0.9732
loss: 0.0951, acc: 0.9733
loss: 0.0935, acc: 0.9738
> val_acc: 0.6912, val_f1: 0.6156
>>>>>>>>>>>>>>>>>>>>>>>>>>>>>>>>>>>>>>>>>>>>>>>>>>>>>>>>>>>>>>>>>>>>>>>>>>>>>>>>>>>>>>>>>>>>>>>>>>>>
epoch: 20
loss: 0.0671, acc: 0.9875
loss: 0.0677, acc: 0.9938
loss: 0.0738, acc: 0.9938
loss: 0.0783, acc: 0.9875
loss: 0.0787, acc: 0.9862
loss: 0.0825, acc: 0.9854
loss: 0.0809, acc: 0.9875
loss: 0.0785, acc: 0.9875
loss: 0.0835, acc: 0.9861
loss: 0.0835, acc: 0.9856
loss: 0.0836, acc: 0.9847
loss: 0.0835, acc: 0.9839
loss: 0.0833, acc: 0.9837
loss: 0.0859, acc: 0.9808
> val_acc: 0.6881, val_f1: 0.6102
>>>>>>>>>>>>>>>>>>>>>>>>>>>>>>>>>>>>>>>>>>>>>>>>>>>>>>>>>>>>>>>>>>>>>>>>>>>>>>>>>>>>>>>>>>>>>>>>>>>>
epoch: 21
loss: 0.1023, acc: 0.9688
loss: 0.0952, acc: 0.9777
loss: 0.0956, acc: 0.9792
loss: 0.0878, acc: 0.9816
loss: 0.0797, acc: 0.9830
loss: 0.0809, acc: 0.9792
loss: 0.0787, acc: 0.9805
loss: 0.0780, acc: 0.9814
loss: 0.0790, acc: 0.9799
loss: 0.0837, acc: 0.9774
loss: 0.0817, acc: 0.9784
loss: 0.0839, acc: 0.9792
loss: 0.0822, acc: 0.9803
loss: 0.0804, acc: 0.9818
loss: 0.0797, acc: 0.9826
> val_acc: 0.6850, val_f1: 0.6040
>>>>>>>>>>>>>>>>>>>>>>>>>>>>>>>>>>>>>>>>>>>>>>>>>>>>>>>>>>>>>>>>>>>>>>>>>>>>>>>>>>>>>>>>>>>>>>>>>>>>
epoch: 22
loss: 0.0650, acc: 0.9844
loss: 0.0603, acc: 0.9861
loss: 0.0706, acc: 0.9844
loss: 0.0693, acc: 0.9852
loss: 0.0666, acc: 0.9870
loss: 0.0734, acc: 0.9849
loss: 0.0757, acc: 0.9816
loss: 0.0754, acc: 0.9832
loss: 0.0763, acc: 0.9815
loss: 0.0792, acc: 0.9802
loss: 0.0824, acc: 0.9786
loss: 0.0846, acc: 0.9772
loss: 0.0840, acc: 0.9775
loss: 0.0833, acc: 0.9774
> val_acc: 0.6834, val_f1: 0.5998
>>>>>>>>>>>>>>>>>>>>>>>>>>>>>>>>>>>>>>>>>>>>>>>>>>>>>>>>>>>>>>>>>>>>>>>>>>>>>>>>>>>>>>>>>>>>>>>>>>>>
epoch: 23
loss: 0.0803, acc: 0.9688
loss: 0.0627, acc: 0.9844
loss: 0.0657, acc: 0.9801
loss: 0.0725, acc: 0.9766
loss: 0.0672, acc: 0.9821
loss: 0.0686, acc: 0.9808
loss: 0.0690, acc: 0.9819
loss: 0.0686, acc: 0.9835
loss: 0.0685, acc: 0.9840
loss: 0.0687, acc: 0.9851
loss: 0.0683, acc: 0.9859
loss: 0.0697, acc: 0.9844
loss: 0.0715, acc: 0.9836
loss: 0.0721, acc: 0.9834
loss: 0.0732, acc: 0.9828
> val_acc: 0.6850, val_f1: 0.6019
>>>>>>>>>>>>>>>>>>>>>>>>>>>>>>>>>>>>>>>>>>>>>>>>>>>>>>>>>>>>>>>>>>>>>>>>>>>>>>>>>>>>>>>>>>>>>>>>>>>>
epoch: 24
loss: 0.0861, acc: 0.9792
loss: 0.0775, acc: 0.9805
loss: 0.0793, acc: 0.9808
loss: 0.0747, acc: 0.9826
loss: 0.0715, acc: 0.9823
loss: 0.0707, acc: 0.9821
loss: 0.0701, acc: 0.9830
loss: 0.0719, acc: 0.9819
loss: 0.0721, acc: 0.9833
loss: 0.0772, acc: 0.9805
loss: 0.0808, acc: 0.9782
loss: 0.0795, acc: 0.9790
loss: 0.0776, acc: 0.9807
loss: 0.0797, acc: 0.9793
loss: 0.0775, acc: 0.9807
> val_acc: 0.6834, val_f1: 0.6017
>>>>>>>>>>>>>>>>>>>>>>>>>>>>>>>>>>>>>>>>>>>>>>>>>>>>>>>>>>>>>>>>>>>>>>>>>>>>>>>>>>>>>>>>>>>>>>>>>>>>
epoch: 25
loss: 0.0653, acc: 0.9812
loss: 0.0697, acc: 0.9812
loss: 0.0709, acc: 0.9833
loss: 0.0688, acc: 0.9844
loss: 0.0678, acc: 0.9838
loss: 0.0651, acc: 0.9844
loss: 0.0653, acc: 0.9848
loss: 0.0664, acc: 0.9844
loss: 0.0657, acc: 0.9847
loss: 0.0655, acc: 0.9850
loss: 0.0638, acc: 0.9864
loss: 0.0623, acc: 0.9870
loss: 0.0648, acc: 0.9861
loss: 0.0695, acc: 0.9839
> val_acc: 0.6865, val_f1: 0.6122
>>>>>>>>>>>>>>>>>>>>>>>>>>>>>>>>>>>>>>>>>>>>>>>>>>>>>>>>>>>>>>>>>>>>>>>>>>>>>>>>>>>>>>>>>>>>>>>>>>>>
epoch: 26
loss: 0.0656, acc: 1.0000
loss: 0.0722, acc: 0.9866
loss: 0.0651, acc: 0.9870
loss: 0.0614, acc: 0.9890
loss: 0.0668, acc: 0.9872
loss: 0.0672, acc: 0.9873
loss: 0.0734, acc: 0.9854
loss: 0.0709, acc: 0.9865
loss: 0.0705, acc: 0.9874
loss: 0.0690, acc: 0.9887
loss: 0.0665, acc: 0.9892
loss: 0.0665, acc: 0.9896
loss: 0.0706, acc: 0.9874
loss: 0.0691, acc: 0.9879
loss: 0.0693, acc: 0.9883
> val_acc: 0.6881, val_f1: 0.6062
>>>>>>>>>>>>>>>>>>>>>>>>>>>>>>>>>>>>>>>>>>>>>>>>>>>>>>>>>>>>>>>>>>>>>>>>>>>>>>>>>>>>>>>>>>>>>>>>>>>>
epoch: 27
loss: 0.0503, acc: 1.0000
loss: 0.0485, acc: 0.9965
loss: 0.0487, acc: 0.9978
loss: 0.0628, acc: 0.9868
loss: 0.0609, acc: 0.9870
loss: 0.0608, acc: 0.9871
loss: 0.0638, acc: 0.9862
loss: 0.0633, acc: 0.9864
loss: 0.0628, acc: 0.9865
loss: 0.0623, acc: 0.9866
loss: 0.0644, acc: 0.9867
loss: 0.0661, acc: 0.9857
loss: 0.0701, acc: 0.9829
loss: 0.0696, acc: 0.9819
> val_acc: 0.6865, val_f1: 0.6087
>>>>>>>>>>>>>>>>>>>>>>>>>>>>>>>>>>>>>>>>>>>>>>>>>>>>>>>>>>>>>>>>>>>>>>>>>>>>>>>>>>>>>>>>>>>>>>>>>>>>
epoch: 28
loss: 0.0535, acc: 1.0000
loss: 0.0728, acc: 0.9896
loss: 0.0643, acc: 0.9886
loss: 0.0603, acc: 0.9863
loss: 0.0598, acc: 0.9881
loss: 0.0575, acc: 0.9892
loss: 0.0567, acc: 0.9889
loss: 0.0600, acc: 0.9852
loss: 0.0615, acc: 0.9855
loss: 0.0612, acc: 0.9851
loss: 0.0640, acc: 0.9828
loss: 0.0635, acc: 0.9827
loss: 0.0626, acc: 0.9841
loss: 0.0641, acc: 0.9834
loss: 0.0637, acc: 0.9833
> val_acc: 0.6865, val_f1: 0.6032
>>>>>>>>>>>>>>>>>>>>>>>>>>>>>>>>>>>>>>>>>>>>>>>>>>>>>>>>>>>>>>>>>>>>>>>>>>>>>>>>>>>>>>>>>>>>>>>>>>>>
epoch: 29
loss: 0.0861, acc: 0.9688
loss: 0.0559, acc: 0.9883
loss: 0.0516, acc: 0.9904
loss: 0.0512, acc: 0.9913
loss: 0.0582, acc: 0.9878
loss: 0.0622, acc: 0.9866
loss: 0.0587, acc: 0.9867
loss: 0.0584, acc: 0.9868
loss: 0.0580, acc: 0.9869
loss: 0.0586, acc: 0.9863
loss: 0.0630, acc: 0.9841
loss: 0.0619, acc: 0.9849
loss: 0.0633, acc: 0.9846
loss: 0.0617, acc: 0.9853
loss: 0.0628, acc: 0.9845
> val_acc: 0.6850, val_f1: 0.6034
>> test_acc: 0.6944, test_f1: 0.6146
