cuda memory allocated: 9099264
n_trainable_params: 1926403, n_nontrainable_params: 346100
> training arguments:
>>> model_name: gc_ian
>>> model_ver: 3
>>> dataset: laptop
>>> optimizer: <class 'torch.optim.adagrad.Adagrad'>
>>> initializer: <function xavier_uniform_ at 0x0000015B592276A8>
>>> learning_rate: 0.01
>>> momentum: 0.95
>>> dropout: 0.5
>>> l2reg: 5e-05
>>> num_epoch: 30
>>> batch_size: 32
>>> log_step: 5
>>> embed_dim: 100
>>> hidden_dim: 300
>>> bert_dim: 768
>>> pretrained_bert_name: bert-base-uncased
>>> embeddings: d
>>> max_seq_len: 80
>>> polarities_dim: 3
>>> hops: 3
>>> device: cuda
>>> seed: 0
>>> valset_ratio: 0
>>> num_layers: 1
>>> in_channels: 100
>>> out_channels: 1
>>> downbot: 20
>>> kernel_size: 3
>>> glove_path: ./embeddings/glove.840B.300d.txt
>>> embedding_matrix_path: gen_data/embeddings/100_laptop_domain_embedding_matrix.dat
>>> model_class: <class 'models.gc_ian.GC_IAN3'>
>>> dataset_file: {'train': './datasets/semeval14/Laptops_Train.xml.seg', 'test': './datasets/semeval14/Laptops_Test_Gold.xml.seg'}
>>> inputs_cols: ['text_raw_indices', 'aspect_indices']
>>>>>>>>>>>>>>>>>>>>>>>>>>>>>>>>>>>>>>>>>>>>>>>>>>>>>>>>>>>>>>>>>>>>>>>>>>>>>>>>>>>>>>>>>>>>>>>>>>>>
epoch: 0
loss: 1.3141, acc: 0.4000
loss: 1.1318, acc: 0.4656
loss: 1.0367, acc: 0.5312
loss: 0.9850, acc: 0.5687
loss: 0.9846, acc: 0.5600
loss: 0.9661, acc: 0.5646
loss: 0.9499, acc: 0.5741
loss: 0.9293, acc: 0.5859
loss: 0.9095, acc: 0.6000
loss: 0.8961, acc: 0.6038
loss: 0.8905, acc: 0.6068
loss: 0.8845, acc: 0.6094
loss: 0.8728, acc: 0.6168
loss: 0.8662, acc: 0.6201
> val_acc: 0.6881, val_f1: 0.6108
>> saved: state_dict/gc_ian_laptop_val_acc0.6881
>>>>>>>>>>>>>>>>>>>>>>>>>>>>>>>>>>>>>>>>>>>>>>>>>>>>>>>>>>>>>>>>>>>>>>>>>>>>>>>>>>>>>>>>>>>>>>>>>>>>
epoch: 1
loss: 0.6686, acc: 0.7656
loss: 0.6908, acc: 0.7054
loss: 0.6464, acc: 0.7370
loss: 0.6516, acc: 0.7335
loss: 0.6449, acc: 0.7415
loss: 0.6487, acc: 0.7373
loss: 0.6397, acc: 0.7480
loss: 0.6325, acc: 0.7475
loss: 0.6244, acc: 0.7515
loss: 0.6238, acc: 0.7493
loss: 0.6259, acc: 0.7488
loss: 0.6199, acc: 0.7505
loss: 0.6151, acc: 0.7510
loss: 0.6135, acc: 0.7495
loss: 0.6137, acc: 0.7491
> val_acc: 0.6583, val_f1: 0.5412
>>>>>>>>>>>>>>>>>>>>>>>>>>>>>>>>>>>>>>>>>>>>>>>>>>>>>>>>>>>>>>>>>>>>>>>>>>>>>>>>>>>>>>>>>>>>>>>>>>>>
epoch: 2
loss: 0.5457, acc: 0.7734
loss: 0.5514, acc: 0.7847
loss: 0.5270, acc: 0.8013
loss: 0.5111, acc: 0.8076
loss: 0.5212, acc: 0.7982
loss: 0.5224, acc: 0.7985
loss: 0.5325, acc: 0.7941
loss: 0.5279, acc: 0.7997
loss: 0.5301, acc: 0.7969
loss: 0.5291, acc: 0.7985
loss: 0.5256, acc: 0.7992
loss: 0.5231, acc: 0.7987
loss: 0.5176, acc: 0.8018
loss: 0.5137, acc: 0.8016
> val_acc: 0.6881, val_f1: 0.5938
>>>>>>>>>>>>>>>>>>>>>>>>>>>>>>>>>>>>>>>>>>>>>>>>>>>>>>>>>>>>>>>>>>>>>>>>>>>>>>>>>>>>>>>>>>>>>>>>>>>>
epoch: 3
loss: 0.3159, acc: 0.8750
loss: 0.4491, acc: 0.8281
loss: 0.4840, acc: 0.8153
loss: 0.4669, acc: 0.8398
loss: 0.4642, acc: 0.8423
loss: 0.4552, acc: 0.8462
loss: 0.4520, acc: 0.8448
loss: 0.4481, acc: 0.8464
loss: 0.4413, acc: 0.8468
loss: 0.4406, acc: 0.8478
loss: 0.4443, acc: 0.8450
loss: 0.4406, acc: 0.8465
loss: 0.4393, acc: 0.8489
loss: 0.4373, acc: 0.8494
loss: 0.4396, acc: 0.8486
> val_acc: 0.6959, val_f1: 0.5946
>> saved: state_dict/gc_ian_laptop_val_acc0.6959
>>>>>>>>>>>>>>>>>>>>>>>>>>>>>>>>>>>>>>>>>>>>>>>>>>>>>>>>>>>>>>>>>>>>>>>>>>>>>>>>>>>>>>>>>>>>>>>>>>>>
epoch: 4
loss: 0.3876, acc: 0.8646
loss: 0.3844, acc: 0.8672
loss: 0.3995, acc: 0.8606
loss: 0.3921, acc: 0.8576
loss: 0.3770, acc: 0.8709
loss: 0.3838, acc: 0.8672
loss: 0.3933, acc: 0.8589
loss: 0.3901, acc: 0.8594
loss: 0.4048, acc: 0.8525
loss: 0.3976, acc: 0.8600
loss: 0.3974, acc: 0.8620
loss: 0.4004, acc: 0.8594
loss: 0.4015, acc: 0.8571
loss: 0.4025, acc: 0.8557
loss: 0.3980, acc: 0.8591
> val_acc: 0.7006, val_f1: 0.6145
>> saved: state_dict/gc_ian_laptop_val_acc0.7006
>>>>>>>>>>>>>>>>>>>>>>>>>>>>>>>>>>>>>>>>>>>>>>>>>>>>>>>>>>>>>>>>>>>>>>>>>>>>>>>>>>>>>>>>>>>>>>>>>>>>
epoch: 5
loss: 0.3436, acc: 0.8812
loss: 0.3265, acc: 0.8938
loss: 0.3384, acc: 0.8896
loss: 0.3458, acc: 0.8859
loss: 0.3433, acc: 0.8812
loss: 0.3484, acc: 0.8802
loss: 0.3429, acc: 0.8857
loss: 0.3435, acc: 0.8828
loss: 0.3461, acc: 0.8819
loss: 0.3543, acc: 0.8762
loss: 0.3517, acc: 0.8790
loss: 0.3503, acc: 0.8771
loss: 0.3490, acc: 0.8774
loss: 0.3514, acc: 0.8763
> val_acc: 0.7038, val_f1: 0.6407
>> saved: state_dict/gc_ian_laptop_val_acc0.7038
>>>>>>>>>>>>>>>>>>>>>>>>>>>>>>>>>>>>>>>>>>>>>>>>>>>>>>>>>>>>>>>>>>>>>>>>>>>>>>>>>>>>>>>>>>>>>>>>>>>>
epoch: 6
loss: 0.3391, acc: 0.8594
loss: 0.3240, acc: 0.8795
loss: 0.3277, acc: 0.8854
loss: 0.3031, acc: 0.9044
loss: 0.3132, acc: 0.9048
loss: 0.3072, acc: 0.9062
loss: 0.3029, acc: 0.9062
loss: 0.3063, acc: 0.9037
loss: 0.3108, acc: 0.9018
loss: 0.3105, acc: 0.9009
loss: 0.3131, acc: 0.8996
loss: 0.3183, acc: 0.8964
loss: 0.3229, acc: 0.8921
loss: 0.3197, acc: 0.8932
loss: 0.3222, acc: 0.8902
> val_acc: 0.6912, val_f1: 0.5989
>>>>>>>>>>>>>>>>>>>>>>>>>>>>>>>>>>>>>>>>>>>>>>>>>>>>>>>>>>>>>>>>>>>>>>>>>>>>>>>>>>>>>>>>>>>>>>>>>>>>
epoch: 7
loss: 0.2605, acc: 0.9062
loss: 0.2358, acc: 0.9410
loss: 0.2574, acc: 0.9308
loss: 0.2824, acc: 0.9161
loss: 0.2930, acc: 0.9089
loss: 0.2935, acc: 0.9095
loss: 0.3001, acc: 0.9053
loss: 0.2959, acc: 0.9079
loss: 0.2970, acc: 0.9041
loss: 0.2952, acc: 0.9062
loss: 0.2930, acc: 0.9080
loss: 0.2940, acc: 0.9073
loss: 0.2859, acc: 0.9106
loss: 0.2871, acc: 0.9076
> val_acc: 0.6897, val_f1: 0.5873
>>>>>>>>>>>>>>>>>>>>>>>>>>>>>>>>>>>>>>>>>>>>>>>>>>>>>>>>>>>>>>>>>>>>>>>>>>>>>>>>>>>>>>>>>>>>>>>>>>>>
epoch: 8
loss: 0.3033, acc: 0.8750
loss: 0.2576, acc: 0.9010
loss: 0.2743, acc: 0.9091
loss: 0.2710, acc: 0.9141
loss: 0.2704, acc: 0.9182
loss: 0.2708, acc: 0.9207
loss: 0.2692, acc: 0.9204
loss: 0.2764, acc: 0.9158
loss: 0.2757, acc: 0.9177
loss: 0.2758, acc: 0.9151
loss: 0.2717, acc: 0.9154
loss: 0.2741, acc: 0.9135
loss: 0.2727, acc: 0.9150
loss: 0.2696, acc: 0.9134
loss: 0.2675, acc: 0.9137
> val_acc: 0.7006, val_f1: 0.6231
>>>>>>>>>>>>>>>>>>>>>>>>>>>>>>>>>>>>>>>>>>>>>>>>>>>>>>>>>>>>>>>>>>>>>>>>>>>>>>>>>>>>>>>>>>>>>>>>>>>>
epoch: 9
loss: 0.1999, acc: 0.9896
loss: 0.2271, acc: 0.9453
loss: 0.2216, acc: 0.9495
loss: 0.2327, acc: 0.9462
loss: 0.2494, acc: 0.9348
loss: 0.2532, acc: 0.9263
loss: 0.2585, acc: 0.9233
loss: 0.2577, acc: 0.9235
loss: 0.2566, acc: 0.9244
loss: 0.2556, acc: 0.9238
loss: 0.2594, acc: 0.9204
loss: 0.2580, acc: 0.9213
loss: 0.2553, acc: 0.9216
loss: 0.2567, acc: 0.9182
loss: 0.2570, acc: 0.9180
> val_acc: 0.7116, val_f1: 0.6469
>> saved: state_dict/gc_ian_laptop_val_acc0.7116
>>>>>>>>>>>>>>>>>>>>>>>>>>>>>>>>>>>>>>>>>>>>>>>>>>>>>>>>>>>>>>>>>>>>>>>>>>>>>>>>>>>>>>>>>>>>>>>>>>>>
epoch: 10
loss: 0.2156, acc: 0.9375
loss: 0.2417, acc: 0.9187
loss: 0.2340, acc: 0.9208
loss: 0.2371, acc: 0.9203
loss: 0.2325, acc: 0.9287
loss: 0.2380, acc: 0.9250
loss: 0.2427, acc: 0.9232
loss: 0.2445, acc: 0.9227
loss: 0.2372, acc: 0.9250
loss: 0.2397, acc: 0.9237
loss: 0.2417, acc: 0.9222
loss: 0.2394, acc: 0.9245
loss: 0.2391, acc: 0.9250
loss: 0.2358, acc: 0.9246
> val_acc: 0.6975, val_f1: 0.6182
>>>>>>>>>>>>>>>>>>>>>>>>>>>>>>>>>>>>>>>>>>>>>>>>>>>>>>>>>>>>>>>>>>>>>>>>>>>>>>>>>>>>>>>>>>>>>>>>>>>>
epoch: 11
loss: 0.1621, acc: 0.9844
loss: 0.1677, acc: 0.9732
loss: 0.2061, acc: 0.9375
loss: 0.2038, acc: 0.9375
loss: 0.2054, acc: 0.9403
loss: 0.2109, acc: 0.9340
loss: 0.2159, acc: 0.9336
loss: 0.2162, acc: 0.9324
loss: 0.2114, acc: 0.9368
loss: 0.2052, acc: 0.9402
loss: 0.2058, acc: 0.9405
loss: 0.2055, acc: 0.9424
loss: 0.2130, acc: 0.9380
loss: 0.2179, acc: 0.9366
loss: 0.2178, acc: 0.9353
> val_acc: 0.6850, val_f1: 0.5905
>>>>>>>>>>>>>>>>>>>>>>>>>>>>>>>>>>>>>>>>>>>>>>>>>>>>>>>>>>>>>>>>>>>>>>>>>>>>>>>>>>>>>>>>>>>>>>>>>>>>
epoch: 12
loss: 0.1845, acc: 0.9688
loss: 0.1679, acc: 0.9583
loss: 0.1737, acc: 0.9554
loss: 0.1823, acc: 0.9507
loss: 0.1879, acc: 0.9453
loss: 0.1940, acc: 0.9418
loss: 0.2013, acc: 0.9403
loss: 0.2040, acc: 0.9391
loss: 0.2038, acc: 0.9403
loss: 0.2044, acc: 0.9394
loss: 0.2055, acc: 0.9387
loss: 0.2082, acc: 0.9375
loss: 0.2095, acc: 0.9370
loss: 0.2082, acc: 0.9380
> val_acc: 0.6928, val_f1: 0.6093
>>>>>>>>>>>>>>>>>>>>>>>>>>>>>>>>>>>>>>>>>>>>>>>>>>>>>>>>>>>>>>>>>>>>>>>>>>>>>>>>>>>>>>>>>>>>>>>>>>>>
epoch: 13
loss: 0.2247, acc: 0.9375
loss: 0.2013, acc: 0.9531
loss: 0.1940, acc: 0.9545
loss: 0.1886, acc: 0.9570
loss: 0.1848, acc: 0.9539
loss: 0.1886, acc: 0.9495
loss: 0.1860, acc: 0.9536
loss: 0.1886, acc: 0.9514
loss: 0.1950, acc: 0.9466
loss: 0.1917, acc: 0.9484
loss: 0.1962, acc: 0.9424
loss: 0.1949, acc: 0.9408
loss: 0.1971, acc: 0.9401
loss: 0.1976, acc: 0.9394
loss: 0.1973, acc: 0.9393
> val_acc: 0.6897, val_f1: 0.5925
>>>>>>>>>>>>>>>>>>>>>>>>>>>>>>>>>>>>>>>>>>>>>>>>>>>>>>>>>>>>>>>>>>>>>>>>>>>>>>>>>>>>>>>>>>>>>>>>>>>>
epoch: 14
loss: 0.1525, acc: 0.9688
loss: 0.1773, acc: 0.9531
loss: 0.1693, acc: 0.9591
loss: 0.1755, acc: 0.9514
loss: 0.1749, acc: 0.9497
loss: 0.1771, acc: 0.9464
loss: 0.1750, acc: 0.9489
loss: 0.1838, acc: 0.9424
loss: 0.1816, acc: 0.9433
loss: 0.1862, acc: 0.9401
loss: 0.1879, acc: 0.9404
loss: 0.1855, acc: 0.9418
loss: 0.1832, acc: 0.9425
loss: 0.1830, acc: 0.9439
loss: 0.1864, acc: 0.9433
> val_acc: 0.6912, val_f1: 0.5990
>>>>>>>>>>>>>>>>>>>>>>>>>>>>>>>>>>>>>>>>>>>>>>>>>>>>>>>>>>>>>>>>>>>>>>>>>>>>>>>>>>>>>>>>>>>>>>>>>>>>
epoch: 15
loss: 0.1613, acc: 0.9625
loss: 0.1453, acc: 0.9656
loss: 0.1524, acc: 0.9667
loss: 0.1591, acc: 0.9625
loss: 0.1616, acc: 0.9613
loss: 0.1674, acc: 0.9583
loss: 0.1697, acc: 0.9545
loss: 0.1735, acc: 0.9516
loss: 0.1777, acc: 0.9486
loss: 0.1791, acc: 0.9469
loss: 0.1807, acc: 0.9449
loss: 0.1782, acc: 0.9458
loss: 0.1825, acc: 0.9437
loss: 0.1806, acc: 0.9460
> val_acc: 0.6944, val_f1: 0.6192
>>>>>>>>>>>>>>>>>>>>>>>>>>>>>>>>>>>>>>>>>>>>>>>>>>>>>>>>>>>>>>>>>>>>>>>>>>>>>>>>>>>>>>>>>>>>>>>>>>>>
epoch: 16
loss: 0.1545, acc: 0.9531
loss: 0.1608, acc: 0.9598
loss: 0.1605, acc: 0.9609
loss: 0.1626, acc: 0.9559
loss: 0.1674, acc: 0.9545
loss: 0.1629, acc: 0.9572
loss: 0.1575, acc: 0.9590
loss: 0.1674, acc: 0.9535
loss: 0.1694, acc: 0.9501
loss: 0.1725, acc: 0.9495
loss: 0.1711, acc: 0.9489
loss: 0.1712, acc: 0.9496
loss: 0.1713, acc: 0.9496
loss: 0.1706, acc: 0.9506
loss: 0.1696, acc: 0.9518
> val_acc: 0.6975, val_f1: 0.6126
>>>>>>>>>>>>>>>>>>>>>>>>>>>>>>>>>>>>>>>>>>>>>>>>>>>>>>>>>>>>>>>>>>>>>>>>>>>>>>>>>>>>>>>>>>>>>>>>>>>>
epoch: 17
loss: 0.1330, acc: 0.9609
loss: 0.1352, acc: 0.9688
loss: 0.1321, acc: 0.9710
loss: 0.1342, acc: 0.9688
loss: 0.1384, acc: 0.9648
loss: 0.1517, acc: 0.9558
loss: 0.1548, acc: 0.9559
loss: 0.1550, acc: 0.9559
loss: 0.1571, acc: 0.9560
loss: 0.1550, acc: 0.9547
loss: 0.1546, acc: 0.9554
loss: 0.1566, acc: 0.9529
loss: 0.1613, acc: 0.9517
loss: 0.1612, acc: 0.9520
> val_acc: 0.6912, val_f1: 0.6013
>>>>>>>>>>>>>>>>>>>>>>>>>>>>>>>>>>>>>>>>>>>>>>>>>>>>>>>>>>>>>>>>>>>>>>>>>>>>>>>>>>>>>>>>>>>>>>>>>>>>
epoch: 18
loss: 0.0748, acc: 1.0000
loss: 0.1349, acc: 0.9635
loss: 0.1412, acc: 0.9631
loss: 0.1482, acc: 0.9609
loss: 0.1476, acc: 0.9643
loss: 0.1556, acc: 0.9603
loss: 0.1490, acc: 0.9627
loss: 0.1531, acc: 0.9644
loss: 0.1538, acc: 0.9634
loss: 0.1493, acc: 0.9654
loss: 0.1502, acc: 0.9651
loss: 0.1494, acc: 0.9637
loss: 0.1493, acc: 0.9641
loss: 0.1509, acc: 0.9626
loss: 0.1503, acc: 0.9626
> val_acc: 0.6787, val_f1: 0.5768
>>>>>>>>>>>>>>>>>>>>>>>>>>>>>>>>>>>>>>>>>>>>>>>>>>>>>>>>>>>>>>>>>>>>>>>>>>>>>>>>>>>>>>>>>>>>>>>>>>>>
epoch: 19
loss: 0.1278, acc: 0.9896
loss: 0.1485, acc: 0.9609
loss: 0.1392, acc: 0.9639
loss: 0.1437, acc: 0.9635
loss: 0.1514, acc: 0.9538
loss: 0.1531, acc: 0.9520
loss: 0.1550, acc: 0.9527
loss: 0.1544, acc: 0.9556
loss: 0.1566, acc: 0.9542
loss: 0.1581, acc: 0.9531
loss: 0.1589, acc: 0.9517
loss: 0.1615, acc: 0.9504
loss: 0.1602, acc: 0.9524
loss: 0.1608, acc: 0.9508
loss: 0.1591, acc: 0.9519
> val_acc: 0.6771, val_f1: 0.5664
>>>>>>>>>>>>>>>>>>>>>>>>>>>>>>>>>>>>>>>>>>>>>>>>>>>>>>>>>>>>>>>>>>>>>>>>>>>>>>>>>>>>>>>>>>>>>>>>>>>>
epoch: 20
loss: 0.1624, acc: 0.9437
loss: 0.1392, acc: 0.9594
loss: 0.1421, acc: 0.9583
loss: 0.1451, acc: 0.9531
loss: 0.1455, acc: 0.9525
loss: 0.1434, acc: 0.9573
loss: 0.1449, acc: 0.9571
loss: 0.1434, acc: 0.9578
loss: 0.1500, acc: 0.9556
loss: 0.1484, acc: 0.9556
loss: 0.1470, acc: 0.9574
loss: 0.1489, acc: 0.9563
loss: 0.1486, acc: 0.9567
loss: 0.1502, acc: 0.9567
> val_acc: 0.6865, val_f1: 0.6004
>>>>>>>>>>>>>>>>>>>>>>>>>>>>>>>>>>>>>>>>>>>>>>>>>>>>>>>>>>>>>>>>>>>>>>>>>>>>>>>>>>>>>>>>>>>>>>>>>>>>
epoch: 21
loss: 0.1459, acc: 0.9531
loss: 0.1365, acc: 0.9598
loss: 0.1415, acc: 0.9531
loss: 0.1428, acc: 0.9577
loss: 0.1393, acc: 0.9645
loss: 0.1414, acc: 0.9606
loss: 0.1401, acc: 0.9619
loss: 0.1456, acc: 0.9595
loss: 0.1464, acc: 0.9591
loss: 0.1446, acc: 0.9601
loss: 0.1435, acc: 0.9615
loss: 0.1436, acc: 0.9611
loss: 0.1420, acc: 0.9632
loss: 0.1414, acc: 0.9632
loss: 0.1409, acc: 0.9640
> val_acc: 0.6991, val_f1: 0.6218
>>>>>>>>>>>>>>>>>>>>>>>>>>>>>>>>>>>>>>>>>>>>>>>>>>>>>>>>>>>>>>>>>>>>>>>>>>>>>>>>>>>>>>>>>>>>>>>>>>>>
epoch: 22
loss: 0.1252, acc: 0.9609
loss: 0.1167, acc: 0.9688
loss: 0.1256, acc: 0.9665
loss: 0.1289, acc: 0.9671
loss: 0.1246, acc: 0.9714
loss: 0.1291, acc: 0.9688
loss: 0.1317, acc: 0.9651
loss: 0.1324, acc: 0.9631
loss: 0.1331, acc: 0.9652
loss: 0.1334, acc: 0.9643
loss: 0.1328, acc: 0.9635
loss: 0.1342, acc: 0.9640
loss: 0.1357, acc: 0.9629
loss: 0.1361, acc: 0.9638
> val_acc: 0.6912, val_f1: 0.6063
>>>>>>>>>>>>>>>>>>>>>>>>>>>>>>>>>>>>>>>>>>>>>>>>>>>>>>>>>>>>>>>>>>>>>>>>>>>>>>>>>>>>>>>>>>>>>>>>>>>>
epoch: 23
loss: 0.1399, acc: 0.9688
loss: 0.1302, acc: 0.9635
loss: 0.1554, acc: 0.9602
loss: 0.1390, acc: 0.9668
loss: 0.1333, acc: 0.9688
loss: 0.1313, acc: 0.9688
loss: 0.1370, acc: 0.9667
loss: 0.1386, acc: 0.9653
loss: 0.1414, acc: 0.9611
loss: 0.1427, acc: 0.9606
loss: 0.1455, acc: 0.9596
loss: 0.1482, acc: 0.9581
loss: 0.1432, acc: 0.9606
loss: 0.1410, acc: 0.9616
loss: 0.1398, acc: 0.9626
> val_acc: 0.6850, val_f1: 0.5872
>>>>>>>>>>>>>>>>>>>>>>>>>>>>>>>>>>>>>>>>>>>>>>>>>>>>>>>>>>>>>>>>>>>>>>>>>>>>>>>>>>>>>>>>>>>>>>>>>>>>
epoch: 24
loss: 0.1269, acc: 0.9792
loss: 0.1354, acc: 0.9609
loss: 0.1302, acc: 0.9639
loss: 0.1179, acc: 0.9705
loss: 0.1211, acc: 0.9674
loss: 0.1280, acc: 0.9632
loss: 0.1258, acc: 0.9669
loss: 0.1217, acc: 0.9704
loss: 0.1229, acc: 0.9695
loss: 0.1227, acc: 0.9707
loss: 0.1217, acc: 0.9705
loss: 0.1198, acc: 0.9720
loss: 0.1228, acc: 0.9688
loss: 0.1267, acc: 0.9655
loss: 0.1274, acc: 0.9656
> val_acc: 0.6912, val_f1: 0.6044
>>>>>>>>>>>>>>>>>>>>>>>>>>>>>>>>>>>>>>>>>>>>>>>>>>>>>>>>>>>>>>>>>>>>>>>>>>>>>>>>>>>>>>>>>>>>>>>>>>>>
epoch: 25
loss: 0.1527, acc: 0.9500
loss: 0.1441, acc: 0.9437
loss: 0.1352, acc: 0.9521
loss: 0.1376, acc: 0.9484
loss: 0.1451, acc: 0.9475
loss: 0.1420, acc: 0.9500
loss: 0.1339, acc: 0.9545
loss: 0.1341, acc: 0.9539
loss: 0.1348, acc: 0.9542
loss: 0.1340, acc: 0.9563
loss: 0.1323, acc: 0.9568
loss: 0.1282, acc: 0.9599
loss: 0.1265, acc: 0.9615
loss: 0.1249, acc: 0.9607
> val_acc: 0.6959, val_f1: 0.6116
>>>>>>>>>>>>>>>>>>>>>>>>>>>>>>>>>>>>>>>>>>>>>>>>>>>>>>>>>>>>>>>>>>>>>>>>>>>>>>>>>>>>>>>>>>>>>>>>>>>>
epoch: 26
loss: 0.1076, acc: 0.9688
loss: 0.1187, acc: 0.9643
loss: 0.1094, acc: 0.9688
loss: 0.1190, acc: 0.9577
loss: 0.1352, acc: 0.9531
loss: 0.1252, acc: 0.9606
loss: 0.1251, acc: 0.9609
loss: 0.1275, acc: 0.9603
loss: 0.1283, acc: 0.9606
loss: 0.1255, acc: 0.9614
loss: 0.1216, acc: 0.9645
loss: 0.1221, acc: 0.9638
loss: 0.1248, acc: 0.9612
loss: 0.1273, acc: 0.9608
loss: 0.1271, acc: 0.9618
> val_acc: 0.6897, val_f1: 0.6028
>>>>>>>>>>>>>>>>>>>>>>>>>>>>>>>>>>>>>>>>>>>>>>>>>>>>>>>>>>>>>>>>>>>>>>>>>>>>>>>>>>>>>>>>>>>>>>>>>>>>
epoch: 27
loss: 0.1227, acc: 0.9844
loss: 0.1127, acc: 0.9826
loss: 0.1155, acc: 0.9754
loss: 0.1144, acc: 0.9737
loss: 0.1182, acc: 0.9714
loss: 0.1179, acc: 0.9731
loss: 0.1192, acc: 0.9724
loss: 0.1266, acc: 0.9663
loss: 0.1284, acc: 0.9666
loss: 0.1260, acc: 0.9675
loss: 0.1233, acc: 0.9688
loss: 0.1255, acc: 0.9672
loss: 0.1254, acc: 0.9663
loss: 0.1252, acc: 0.9665
> val_acc: 0.6865, val_f1: 0.5937
>>>>>>>>>>>>>>>>>>>>>>>>>>>>>>>>>>>>>>>>>>>>>>>>>>>>>>>>>>>>>>>>>>>>>>>>>>>>>>>>>>>>>>>>>>>>>>>>>>>>
epoch: 28
loss: 0.1324, acc: 0.9375
loss: 0.1425, acc: 0.9531
loss: 0.1497, acc: 0.9517
loss: 0.1293, acc: 0.9648
loss: 0.1306, acc: 0.9613
loss: 0.1327, acc: 0.9639
loss: 0.1335, acc: 0.9637
loss: 0.1275, acc: 0.9670
loss: 0.1263, acc: 0.9688
loss: 0.1220, acc: 0.9701
loss: 0.1230, acc: 0.9669
loss: 0.1204, acc: 0.9688
loss: 0.1208, acc: 0.9677
loss: 0.1202, acc: 0.9678
loss: 0.1190, acc: 0.9692
> val_acc: 0.6724, val_f1: 0.5701
>>>>>>>>>>>>>>>>>>>>>>>>>>>>>>>>>>>>>>>>>>>>>>>>>>>>>>>>>>>>>>>>>>>>>>>>>>>>>>>>>>>>>>>>>>>>>>>>>>>>
epoch: 29
loss: 0.1115, acc: 0.9792
loss: 0.1009, acc: 0.9883
loss: 0.1091, acc: 0.9784
loss: 0.1072, acc: 0.9774
loss: 0.1078, acc: 0.9769
loss: 0.1060, acc: 0.9777
loss: 0.1095, acc: 0.9763
loss: 0.1126, acc: 0.9720
loss: 0.1129, acc: 0.9724
loss: 0.1113, acc: 0.9707
loss: 0.1131, acc: 0.9693
loss: 0.1121, acc: 0.9693
loss: 0.1133, acc: 0.9692
loss: 0.1150, acc: 0.9683
loss: 0.1156, acc: 0.9686
> val_acc: 0.6881, val_f1: 0.6001
>> test_acc: 0.7116, test_f1: 0.6469
