cuda memory allocated: 18369536
n_trainable_params: 3206003, n_nontrainable_params: 1384400
> training arguments:
>>> model_name: gc_ian
>>> dataset: laptop
>>> optimizer: <class 'torch.optim.adagrad.Adagrad'>
>>> initializer: <function xavier_uniform_ at 0x000001B173FA76A8>
>>> learning_rate: 0.01
>>> momentum: 0.95
>>> dropout: 0.5
>>> l2reg: 5e-05
>>> num_epoch: 30
>>> batch_size: 32
>>> log_step: 5
>>> embed_dim: 400
>>> hidden_dim: 300
>>> bert_dim: 768
>>> pretrained_bert_name: bert-base-uncased
>>> embeddings: gd
>>> max_seq_len: 80
>>> polarities_dim: 3
>>> hops: 3
>>> device: cuda
>>> seed: 10
>>> valset_ratio: 0
>>> num_layers: 1
>>> in_channels: 100
>>> out_channels: 1
>>> downbot: 20
>>> kernel_size: 3
>>> glove_path: ./embeddings/glove.840B.300d.txt
>>> embedding_matrix_path: gen_data/embeddings/400_laptop_glove_domain_embedding_matrix.dat
>>> model_class: <class 'models.gc_ian.GC_IAN'>
>>> dataset_file: {'train': './datasets/semeval14/Laptops_Train.xml.seg', 'test': './datasets/semeval14/Laptops_Test_Gold.xml.seg'}
>>> inputs_cols: ['text_raw_indices', 'aspect_indices']
>>>>>>>>>>>>>>>>>>>>>>>>>>>>>>>>>>>>>>>>>>>>>>>>>>>>>>>>>>>>>>>>>>>>>>>>>>>>>>>>>>>>>>>>>>>>>>>>>>>>
epoch: 0
loss: 2.4639, acc: 0.3875
loss: 2.0049, acc: 0.4469
loss: 1.6832, acc: 0.4917
loss: 1.4789, acc: 0.5234
loss: 1.3798, acc: 0.5250
loss: 1.2877, acc: 0.5375
loss: 1.2178, acc: 0.5563
loss: 1.1680, acc: 0.5687
loss: 1.1446, acc: 0.5687
loss: 1.1139, acc: 0.5737
loss: 1.0865, acc: 0.5824
loss: 1.0660, acc: 0.5875
loss: 1.0532, acc: 0.5885
loss: 1.0374, acc: 0.5920
> val_acc: 0.6787, val_f1: 0.6012
>> saved: state_dict/gc_ian_laptop_val_acc0.6787
>>>>>>>>>>>>>>>>>>>>>>>>>>>>>>>>>>>>>>>>>>>>>>>>>>>>>>>>>>>>>>>>>>>>>>>>>>>>>>>>>>>>>>>>>>>>>>>>>>>>
epoch: 1
loss: 0.5581, acc: 0.7500
loss: 0.5579, acc: 0.7723
loss: 0.5859, acc: 0.7552
loss: 0.5761, acc: 0.7610
loss: 0.5838, acc: 0.7557
loss: 0.5851, acc: 0.7593
loss: 0.5718, acc: 0.7676
loss: 0.5834, acc: 0.7635
loss: 0.5882, acc: 0.7649
loss: 0.5908, acc: 0.7620
loss: 0.5850, acc: 0.7620
loss: 0.5915, acc: 0.7582
loss: 0.5850, acc: 0.7636
loss: 0.5759, acc: 0.7677
loss: 0.5689, acc: 0.7717
> val_acc: 0.6426, val_f1: 0.5011
>>>>>>>>>>>>>>>>>>>>>>>>>>>>>>>>>>>>>>>>>>>>>>>>>>>>>>>>>>>>>>>>>>>>>>>>>>>>>>>>>>>>>>>>>>>>>>>>>>>>
epoch: 2
loss: 0.3803, acc: 0.8672
loss: 0.4055, acc: 0.8438
loss: 0.4531, acc: 0.8237
loss: 0.4620, acc: 0.8240
loss: 0.4470, acc: 0.8294
loss: 0.4465, acc: 0.8330
loss: 0.4462, acc: 0.8346
loss: 0.4491, acc: 0.8317
loss: 0.4560, acc: 0.8210
loss: 0.4502, acc: 0.8246
loss: 0.4521, acc: 0.8235
loss: 0.4455, acc: 0.8273
loss: 0.4491, acc: 0.8271
loss: 0.4513, acc: 0.8270
> val_acc: 0.7053, val_f1: 0.6362
>> saved: state_dict/gc_ian_laptop_val_acc0.7053
>>>>>>>>>>>>>>>>>>>>>>>>>>>>>>>>>>>>>>>>>>>>>>>>>>>>>>>>>>>>>>>>>>>>>>>>>>>>>>>>>>>>>>>>>>>>>>>>>>>>
epoch: 3
loss: 0.2905, acc: 1.0000
loss: 0.3317, acc: 0.9219
loss: 0.3221, acc: 0.9176
loss: 0.3339, acc: 0.9043
loss: 0.3349, acc: 0.8929
loss: 0.3330, acc: 0.8906
loss: 0.3328, acc: 0.8911
loss: 0.3391, acc: 0.8872
loss: 0.3466, acc: 0.8819
loss: 0.3549, acc: 0.8770
loss: 0.3564, acc: 0.8781
loss: 0.3557, acc: 0.8795
loss: 0.3625, acc: 0.8745
loss: 0.3655, acc: 0.8722
loss: 0.3631, acc: 0.8715
> val_acc: 0.6959, val_f1: 0.6135
>>>>>>>>>>>>>>>>>>>>>>>>>>>>>>>>>>>>>>>>>>>>>>>>>>>>>>>>>>>>>>>>>>>>>>>>>>>>>>>>>>>>>>>>>>>>>>>>>>>>
epoch: 4
loss: 0.2519, acc: 0.9479
loss: 0.2893, acc: 0.9023
loss: 0.2973, acc: 0.9014
loss: 0.2902, acc: 0.9080
loss: 0.2901, acc: 0.9049
loss: 0.3020, acc: 0.9018
loss: 0.3015, acc: 0.9006
loss: 0.2990, acc: 0.8980
loss: 0.2985, acc: 0.8983
loss: 0.2943, acc: 0.9023
loss: 0.2959, acc: 0.9021
loss: 0.2996, acc: 0.8987
loss: 0.2973, acc: 0.9018
loss: 0.2959, acc: 0.9021
loss: 0.3015, acc: 0.8973
> val_acc: 0.6975, val_f1: 0.6186
>>>>>>>>>>>>>>>>>>>>>>>>>>>>>>>>>>>>>>>>>>>>>>>>>>>>>>>>>>>>>>>>>>>>>>>>>>>>>>>>>>>>>>>>>>>>>>>>>>>>
epoch: 5
loss: 0.3169, acc: 0.8812
loss: 0.2747, acc: 0.9062
loss: 0.2585, acc: 0.9167
loss: 0.2525, acc: 0.9234
loss: 0.2520, acc: 0.9250
loss: 0.2505, acc: 0.9229
loss: 0.2551, acc: 0.9187
loss: 0.2596, acc: 0.9125
loss: 0.2525, acc: 0.9174
loss: 0.2520, acc: 0.9187
loss: 0.2539, acc: 0.9176
loss: 0.2582, acc: 0.9161
loss: 0.2601, acc: 0.9154
loss: 0.2581, acc: 0.9156
> val_acc: 0.6912, val_f1: 0.5929
>>>>>>>>>>>>>>>>>>>>>>>>>>>>>>>>>>>>>>>>>>>>>>>>>>>>>>>>>>>>>>>>>>>>>>>>>>>>>>>>>>>>>>>>>>>>>>>>>>>>
epoch: 6
loss: 0.1522, acc: 0.9688
loss: 0.1954, acc: 0.9420
loss: 0.1901, acc: 0.9505
loss: 0.1891, acc: 0.9540
loss: 0.1968, acc: 0.9489
loss: 0.2127, acc: 0.9421
loss: 0.2118, acc: 0.9424
loss: 0.2235, acc: 0.9333
loss: 0.2180, acc: 0.9375
loss: 0.2253, acc: 0.9342
loss: 0.2256, acc: 0.9357
loss: 0.2249, acc: 0.9364
loss: 0.2238, acc: 0.9390
loss: 0.2229, acc: 0.9389
loss: 0.2240, acc: 0.9379
> val_acc: 0.7022, val_f1: 0.6213
>>>>>>>>>>>>>>>>>>>>>>>>>>>>>>>>>>>>>>>>>>>>>>>>>>>>>>>>>>>>>>>>>>>>>>>>>>>>>>>>>>>>>>>>>>>>>>>>>>>>
epoch: 7
loss: 0.1468, acc: 0.9766
loss: 0.1840, acc: 0.9479
loss: 0.1824, acc: 0.9487
loss: 0.1786, acc: 0.9523
loss: 0.1853, acc: 0.9466
loss: 0.1912, acc: 0.9418
loss: 0.1881, acc: 0.9458
loss: 0.1841, acc: 0.9487
loss: 0.1865, acc: 0.9474
loss: 0.1938, acc: 0.9420
loss: 0.1952, acc: 0.9410
loss: 0.1960, acc: 0.9401
loss: 0.1980, acc: 0.9409
loss: 0.1949, acc: 0.9429
> val_acc: 0.7085, val_f1: 0.6377
>> saved: state_dict/gc_ian_laptop_val_acc0.7085
>>>>>>>>>>>>>>>>>>>>>>>>>>>>>>>>>>>>>>>>>>>>>>>>>>>>>>>>>>>>>>>>>>>>>>>>>>>>>>>>>>>>>>>>>>>>>>>>>>>>
epoch: 8
loss: 0.2204, acc: 0.9375
loss: 0.1783, acc: 0.9479
loss: 0.1783, acc: 0.9489
loss: 0.1833, acc: 0.9473
loss: 0.1774, acc: 0.9479
loss: 0.1799, acc: 0.9423
loss: 0.1754, acc: 0.9456
loss: 0.1733, acc: 0.9505
loss: 0.1723, acc: 0.9520
loss: 0.1718, acc: 0.9518
loss: 0.1738, acc: 0.9498
loss: 0.1750, acc: 0.9498
loss: 0.1724, acc: 0.9513
loss: 0.1709, acc: 0.9522
loss: 0.1707, acc: 0.9529
> val_acc: 0.7132, val_f1: 0.6403
>> saved: state_dict/gc_ian_laptop_val_acc0.7132
>>>>>>>>>>>>>>>>>>>>>>>>>>>>>>>>>>>>>>>>>>>>>>>>>>>>>>>>>>>>>>>>>>>>>>>>>>>>>>>>>>>>>>>>>>>>>>>>>>>>
epoch: 9
loss: 0.1307, acc: 0.9688
loss: 0.1284, acc: 0.9766
loss: 0.1276, acc: 0.9808
loss: 0.1240, acc: 0.9844
loss: 0.1316, acc: 0.9755
loss: 0.1359, acc: 0.9721
loss: 0.1390, acc: 0.9725
loss: 0.1367, acc: 0.9729
loss: 0.1421, acc: 0.9688
loss: 0.1460, acc: 0.9674
loss: 0.1433, acc: 0.9682
loss: 0.1449, acc: 0.9655
loss: 0.1446, acc: 0.9658
loss: 0.1454, acc: 0.9651
loss: 0.1451, acc: 0.9648
> val_acc: 0.7022, val_f1: 0.6218
>>>>>>>>>>>>>>>>>>>>>>>>>>>>>>>>>>>>>>>>>>>>>>>>>>>>>>>>>>>>>>>>>>>>>>>>>>>>>>>>>>>>>>>>>>>>>>>>>>>>
epoch: 10
loss: 0.1406, acc: 0.9625
loss: 0.1490, acc: 0.9594
loss: 0.1404, acc: 0.9646
loss: 0.1367, acc: 0.9688
loss: 0.1404, acc: 0.9625
loss: 0.1406, acc: 0.9594
loss: 0.1421, acc: 0.9589
loss: 0.1494, acc: 0.9578
loss: 0.1478, acc: 0.9597
loss: 0.1463, acc: 0.9587
loss: 0.1457, acc: 0.9591
loss: 0.1469, acc: 0.9589
loss: 0.1455, acc: 0.9591
loss: 0.1460, acc: 0.9585
> val_acc: 0.6865, val_f1: 0.6017
>>>>>>>>>>>>>>>>>>>>>>>>>>>>>>>>>>>>>>>>>>>>>>>>>>>>>>>>>>>>>>>>>>>>>>>>>>>>>>>>>>>>>>>>>>>>>>>>>>>>
epoch: 11
loss: 0.0929, acc: 0.9688
loss: 0.1139, acc: 0.9643
loss: 0.1177, acc: 0.9583
loss: 0.1228, acc: 0.9559
loss: 0.1226, acc: 0.9602
loss: 0.1267, acc: 0.9572
loss: 0.1339, acc: 0.9551
loss: 0.1326, acc: 0.9586
loss: 0.1367, acc: 0.9568
loss: 0.1317, acc: 0.9594
loss: 0.1322, acc: 0.9591
loss: 0.1330, acc: 0.9583
loss: 0.1326, acc: 0.9597
loss: 0.1349, acc: 0.9590
loss: 0.1350, acc: 0.9592
> val_acc: 0.7132, val_f1: 0.6465
>>>>>>>>>>>>>>>>>>>>>>>>>>>>>>>>>>>>>>>>>>>>>>>>>>>>>>>>>>>>>>>>>>>>>>>>>>>>>>>>>>>>>>>>>>>>>>>>>>>>
epoch: 12
loss: 0.1201, acc: 0.9531
loss: 0.1266, acc: 0.9618
loss: 0.1218, acc: 0.9710
loss: 0.1224, acc: 0.9720
loss: 0.1255, acc: 0.9740
loss: 0.1280, acc: 0.9709
loss: 0.1228, acc: 0.9697
loss: 0.1195, acc: 0.9712
loss: 0.1191, acc: 0.9702
loss: 0.1192, acc: 0.9707
loss: 0.1181, acc: 0.9716
loss: 0.1144, acc: 0.9730
loss: 0.1165, acc: 0.9717
loss: 0.1156, acc: 0.9715
> val_acc: 0.7038, val_f1: 0.6249
>>>>>>>>>>>>>>>>>>>>>>>>>>>>>>>>>>>>>>>>>>>>>>>>>>>>>>>>>>>>>>>>>>>>>>>>>>>>>>>>>>>>>>>>>>>>>>>>>>>>
epoch: 13
loss: 0.0742, acc: 1.0000
loss: 0.0933, acc: 0.9844
loss: 0.0977, acc: 0.9773
loss: 0.0963, acc: 0.9785
loss: 0.1003, acc: 0.9747
loss: 0.1126, acc: 0.9675
loss: 0.1143, acc: 0.9667
loss: 0.1122, acc: 0.9670
loss: 0.1154, acc: 0.9649
loss: 0.1128, acc: 0.9681
loss: 0.1116, acc: 0.9688
loss: 0.1131, acc: 0.9688
loss: 0.1158, acc: 0.9667
loss: 0.1139, acc: 0.9683
loss: 0.1136, acc: 0.9679
> val_acc: 0.7022, val_f1: 0.6248
>>>>>>>>>>>>>>>>>>>>>>>>>>>>>>>>>>>>>>>>>>>>>>>>>>>>>>>>>>>>>>>>>>>>>>>>>>>>>>>>>>>>>>>>>>>>>>>>>>>>
epoch: 14
loss: 0.0808, acc: 0.9792
loss: 0.1001, acc: 0.9648
loss: 0.0969, acc: 0.9736
loss: 0.0944, acc: 0.9722
loss: 0.1055, acc: 0.9701
loss: 0.1042, acc: 0.9721
loss: 0.0990, acc: 0.9754
loss: 0.0981, acc: 0.9753
loss: 0.0992, acc: 0.9746
loss: 0.0979, acc: 0.9746
loss: 0.0986, acc: 0.9741
loss: 0.1009, acc: 0.9731
loss: 0.1036, acc: 0.9727
loss: 0.1021, acc: 0.9738
loss: 0.1046, acc: 0.9729
> val_acc: 0.7053, val_f1: 0.6272
>>>>>>>>>>>>>>>>>>>>>>>>>>>>>>>>>>>>>>>>>>>>>>>>>>>>>>>>>>>>>>>>>>>>>>>>>>>>>>>>>>>>>>>>>>>>>>>>>>>>
epoch: 15
loss: 0.0870, acc: 0.9875
loss: 0.0963, acc: 0.9844
loss: 0.0931, acc: 0.9833
loss: 0.0872, acc: 0.9859
loss: 0.0856, acc: 0.9850
loss: 0.0861, acc: 0.9833
loss: 0.0910, acc: 0.9795
loss: 0.0952, acc: 0.9758
loss: 0.0952, acc: 0.9764
loss: 0.0945, acc: 0.9775
loss: 0.0955, acc: 0.9767
loss: 0.0942, acc: 0.9771
loss: 0.0972, acc: 0.9755
loss: 0.0953, acc: 0.9763
> val_acc: 0.6912, val_f1: 0.5963
>>>>>>>>>>>>>>>>>>>>>>>>>>>>>>>>>>>>>>>>>>>>>>>>>>>>>>>>>>>>>>>>>>>>>>>>>>>>>>>>>>>>>>>>>>>>>>>>>>>>
epoch: 16
loss: 0.0538, acc: 1.0000
loss: 0.0633, acc: 0.9911
loss: 0.0643, acc: 0.9922
loss: 0.0640, acc: 0.9926
loss: 0.0692, acc: 0.9886
loss: 0.0741, acc: 0.9873
loss: 0.0750, acc: 0.9863
loss: 0.0817, acc: 0.9840
loss: 0.0838, acc: 0.9829
loss: 0.0853, acc: 0.9814
loss: 0.0894, acc: 0.9790
loss: 0.0912, acc: 0.9786
loss: 0.0885, acc: 0.9803
loss: 0.0911, acc: 0.9790
loss: 0.0902, acc: 0.9800
> val_acc: 0.6928, val_f1: 0.6161
>>>>>>>>>>>>>>>>>>>>>>>>>>>>>>>>>>>>>>>>>>>>>>>>>>>>>>>>>>>>>>>>>>>>>>>>>>>>>>>>>>>>>>>>>>>>>>>>>>>>
epoch: 17
loss: 0.0780, acc: 0.9766
loss: 0.0898, acc: 0.9792
loss: 0.0805, acc: 0.9799
loss: 0.0821, acc: 0.9819
loss: 0.0851, acc: 0.9818
loss: 0.0870, acc: 0.9806
loss: 0.0866, acc: 0.9789
loss: 0.0856, acc: 0.9800
loss: 0.0834, acc: 0.9808
loss: 0.0844, acc: 0.9802
loss: 0.0835, acc: 0.9803
loss: 0.0829, acc: 0.9815
loss: 0.0834, acc: 0.9810
loss: 0.0826, acc: 0.9805
> val_acc: 0.7053, val_f1: 0.6359
>>>>>>>>>>>>>>>>>>>>>>>>>>>>>>>>>>>>>>>>>>>>>>>>>>>>>>>>>>>>>>>>>>>>>>>>>>>>>>>>>>>>>>>>>>>>>>>>>>>>
epoch: 18
loss: 0.0674, acc: 1.0000
loss: 0.0622, acc: 0.9948
loss: 0.0713, acc: 0.9830
loss: 0.0763, acc: 0.9785
loss: 0.0762, acc: 0.9807
loss: 0.0850, acc: 0.9772
loss: 0.0876, acc: 0.9748
loss: 0.0866, acc: 0.9757
loss: 0.0809, acc: 0.9787
loss: 0.0834, acc: 0.9776
loss: 0.0832, acc: 0.9773
loss: 0.0829, acc: 0.9782
loss: 0.0837, acc: 0.9785
loss: 0.0838, acc: 0.9782
loss: 0.0842, acc: 0.9776
> val_acc: 0.6959, val_f1: 0.6017
>>>>>>>>>>>>>>>>>>>>>>>>>>>>>>>>>>>>>>>>>>>>>>>>>>>>>>>>>>>>>>>>>>>>>>>>>>>>>>>>>>>>>>>>>>>>>>>>>>>>
epoch: 19
loss: 0.0777, acc: 0.9792
loss: 0.0708, acc: 0.9805
loss: 0.0635, acc: 0.9856
loss: 0.0713, acc: 0.9792
loss: 0.0710, acc: 0.9823
loss: 0.0785, acc: 0.9810
loss: 0.0807, acc: 0.9820
loss: 0.0788, acc: 0.9836
loss: 0.0799, acc: 0.9826
loss: 0.0784, acc: 0.9831
loss: 0.0775, acc: 0.9829
loss: 0.0786, acc: 0.9828
loss: 0.0784, acc: 0.9831
loss: 0.0774, acc: 0.9835
loss: 0.0784, acc: 0.9828
> val_acc: 0.6975, val_f1: 0.6167
>>>>>>>>>>>>>>>>>>>>>>>>>>>>>>>>>>>>>>>>>>>>>>>>>>>>>>>>>>>>>>>>>>>>>>>>>>>>>>>>>>>>>>>>>>>>>>>>>>>>
epoch: 20
loss: 0.0715, acc: 0.9875
loss: 0.0733, acc: 0.9812
loss: 0.0793, acc: 0.9792
loss: 0.0818, acc: 0.9812
loss: 0.0755, acc: 0.9825
loss: 0.0750, acc: 0.9812
loss: 0.0748, acc: 0.9821
loss: 0.0758, acc: 0.9805
loss: 0.0753, acc: 0.9812
loss: 0.0772, acc: 0.9806
loss: 0.0788, acc: 0.9807
loss: 0.0781, acc: 0.9797
loss: 0.0796, acc: 0.9784
loss: 0.0783, acc: 0.9790
> val_acc: 0.6975, val_f1: 0.6160
>>>>>>>>>>>>>>>>>>>>>>>>>>>>>>>>>>>>>>>>>>>>>>>>>>>>>>>>>>>>>>>>>>>>>>>>>>>>>>>>>>>>>>>>>>>>>>>>>>>>
epoch: 21
loss: 0.0726, acc: 0.9844
loss: 0.0773, acc: 0.9777
loss: 0.0805, acc: 0.9766
loss: 0.0743, acc: 0.9798
loss: 0.0708, acc: 0.9830
loss: 0.0675, acc: 0.9838
loss: 0.0656, acc: 0.9854
loss: 0.0659, acc: 0.9840
loss: 0.0722, acc: 0.9799
loss: 0.0734, acc: 0.9794
loss: 0.0738, acc: 0.9796
loss: 0.0754, acc: 0.9797
loss: 0.0755, acc: 0.9793
loss: 0.0752, acc: 0.9795
loss: 0.0779, acc: 0.9774
> val_acc: 0.7053, val_f1: 0.6252
>>>>>>>>>>>>>>>>>>>>>>>>>>>>>>>>>>>>>>>>>>>>>>>>>>>>>>>>>>>>>>>>>>>>>>>>>>>>>>>>>>>>>>>>>>>>>>>>>>>>
epoch: 22
loss: 0.0687, acc: 0.9766
loss: 0.0689, acc: 0.9826
loss: 0.0620, acc: 0.9844
loss: 0.0616, acc: 0.9868
loss: 0.0649, acc: 0.9870
loss: 0.0663, acc: 0.9838
loss: 0.0690, acc: 0.9853
loss: 0.0656, acc: 0.9864
loss: 0.0648, acc: 0.9872
loss: 0.0637, acc: 0.9866
loss: 0.0643, acc: 0.9855
loss: 0.0678, acc: 0.9841
loss: 0.0683, acc: 0.9844
loss: 0.0690, acc: 0.9837
> val_acc: 0.7006, val_f1: 0.6184
>>>>>>>>>>>>>>>>>>>>>>>>>>>>>>>>>>>>>>>>>>>>>>>>>>>>>>>>>>>>>>>>>>>>>>>>>>>>>>>>>>>>>>>>>>>>>>>>>>>>
epoch: 23
loss: 0.0221, acc: 1.0000
loss: 0.0632, acc: 0.9896
loss: 0.0602, acc: 0.9886
loss: 0.0562, acc: 0.9902
loss: 0.0589, acc: 0.9911
loss: 0.0592, acc: 0.9904
loss: 0.0606, acc: 0.9869
loss: 0.0598, acc: 0.9878
loss: 0.0634, acc: 0.9855
loss: 0.0648, acc: 0.9844
loss: 0.0678, acc: 0.9835
loss: 0.0671, acc: 0.9844
loss: 0.0682, acc: 0.9841
loss: 0.0695, acc: 0.9839
loss: 0.0697, acc: 0.9846
> val_acc: 0.7053, val_f1: 0.6293
>>>>>>>>>>>>>>>>>>>>>>>>>>>>>>>>>>>>>>>>>>>>>>>>>>>>>>>>>>>>>>>>>>>>>>>>>>>>>>>>>>>>>>>>>>>>>>>>>>>>
epoch: 24
loss: 0.0720, acc: 1.0000
loss: 0.0649, acc: 0.9844
loss: 0.0607, acc: 0.9880
loss: 0.0627, acc: 0.9844
loss: 0.0585, acc: 0.9878
loss: 0.0598, acc: 0.9877
loss: 0.0563, acc: 0.9886
loss: 0.0615, acc: 0.9860
loss: 0.0607, acc: 0.9869
loss: 0.0619, acc: 0.9863
loss: 0.0612, acc: 0.9864
loss: 0.0613, acc: 0.9860
loss: 0.0618, acc: 0.9856
loss: 0.0637, acc: 0.9844
loss: 0.0639, acc: 0.9845
> val_acc: 0.6991, val_f1: 0.6170
>>>>>>>>>>>>>>>>>>>>>>>>>>>>>>>>>>>>>>>>>>>>>>>>>>>>>>>>>>>>>>>>>>>>>>>>>>>>>>>>>>>>>>>>>>>>>>>>>>>>
epoch: 25
loss: 0.0517, acc: 1.0000
loss: 0.0460, acc: 0.9969
loss: 0.0504, acc: 0.9917
loss: 0.0502, acc: 0.9922
loss: 0.0537, acc: 0.9900
loss: 0.0542, acc: 0.9906
loss: 0.0560, acc: 0.9884
loss: 0.0556, acc: 0.9883
loss: 0.0547, acc: 0.9882
loss: 0.0552, acc: 0.9888
loss: 0.0548, acc: 0.9892
loss: 0.0545, acc: 0.9896
loss: 0.0535, acc: 0.9904
loss: 0.0540, acc: 0.9906
> val_acc: 0.7006, val_f1: 0.6197
>>>>>>>>>>>>>>>>>>>>>>>>>>>>>>>>>>>>>>>>>>>>>>>>>>>>>>>>>>>>>>>>>>>>>>>>>>>>>>>>>>>>>>>>>>>>>>>>>>>>
epoch: 26
loss: 0.0365, acc: 0.9844
loss: 0.0487, acc: 0.9866
loss: 0.0472, acc: 0.9870
loss: 0.0475, acc: 0.9871
loss: 0.0490, acc: 0.9844
loss: 0.0534, acc: 0.9826
loss: 0.0510, acc: 0.9834
loss: 0.0495, acc: 0.9848
loss: 0.0501, acc: 0.9859
loss: 0.0514, acc: 0.9854
loss: 0.0527, acc: 0.9844
loss: 0.0595, acc: 0.9819
loss: 0.0592, acc: 0.9829
loss: 0.0582, acc: 0.9837
loss: 0.0587, acc: 0.9839
> val_acc: 0.7038, val_f1: 0.6261
>>>>>>>>>>>>>>>>>>>>>>>>>>>>>>>>>>>>>>>>>>>>>>>>>>>>>>>>>>>>>>>>>>>>>>>>>>>>>>>>>>>>>>>>>>>>>>>>>>>>
epoch: 27
loss: 0.0538, acc: 0.9922
loss: 0.0505, acc: 0.9896
loss: 0.0504, acc: 0.9911
loss: 0.0499, acc: 0.9918
loss: 0.0536, acc: 0.9896
loss: 0.0576, acc: 0.9881
loss: 0.0611, acc: 0.9862
loss: 0.0593, acc: 0.9872
loss: 0.0591, acc: 0.9872
loss: 0.0593, acc: 0.9866
loss: 0.0582, acc: 0.9878
loss: 0.0577, acc: 0.9873
loss: 0.0584, acc: 0.9858
loss: 0.0575, acc: 0.9864
> val_acc: 0.7053, val_f1: 0.6311
>>>>>>>>>>>>>>>>>>>>>>>>>>>>>>>>>>>>>>>>>>>>>>>>>>>>>>>>>>>>>>>>>>>>>>>>>>>>>>>>>>>>>>>>>>>>>>>>>>>>
epoch: 28
loss: 0.0997, acc: 0.9375
loss: 0.0634, acc: 0.9792
loss: 0.0690, acc: 0.9830
loss: 0.0640, acc: 0.9844
loss: 0.0636, acc: 0.9851
loss: 0.0605, acc: 0.9856
loss: 0.0634, acc: 0.9829
loss: 0.0621, acc: 0.9835
loss: 0.0602, acc: 0.9848
loss: 0.0579, acc: 0.9851
loss: 0.0566, acc: 0.9865
loss: 0.0554, acc: 0.9872
loss: 0.0566, acc: 0.9862
loss: 0.0571, acc: 0.9858
loss: 0.0583, acc: 0.9855
> val_acc: 0.6959, val_f1: 0.6135
>>>>>>>>>>>>>>>>>>>>>>>>>>>>>>>>>>>>>>>>>>>>>>>>>>>>>>>>>>>>>>>>>>>>>>>>>>>>>>>>>>>>>>>>>>>>>>>>>>>>
epoch: 29
loss: 0.0877, acc: 0.9792
loss: 0.0750, acc: 0.9766
loss: 0.0713, acc: 0.9808
loss: 0.0674, acc: 0.9826
loss: 0.0634, acc: 0.9823
loss: 0.0630, acc: 0.9833
loss: 0.0600, acc: 0.9848
loss: 0.0575, acc: 0.9852
loss: 0.0608, acc: 0.9840
loss: 0.0613, acc: 0.9837
loss: 0.0587, acc: 0.9853
loss: 0.0575, acc: 0.9860
loss: 0.0569, acc: 0.9861
loss: 0.0566, acc: 0.9862
loss: 0.0569, acc: 0.9858
> val_acc: 0.6912, val_f1: 0.5972
>> test_acc: 0.7132, test_f1: 0.6403
