cuda memory allocated: 8187392
n_trainable_params: 722403, n_nontrainable_params: 1323600
> training arguments:
>>> model_name: gc_ian
>>> dataset: restaurant
>>> optimizer: <class 'torch.optim.adagrad.Adagrad'>
>>> initializer: <function xavier_uniform_ at 0x0000023B64687620>
>>> learning_rate: 0.01
>>> momentum: 0.95
>>> dropout: 0.2
>>> l2reg: 5e-05
>>> num_epoch: 30
>>> batch_size: 32
>>> log_step: 5
>>> embed_dim: 300
>>> hidden_dim: 300
>>> bert_dim: 768
>>> pretrained_bert_name: bert-base-uncased
>>> max_seq_len: 80
>>> polarities_dim: 3
>>> hops: 3
>>> device: cuda
>>> seed: 10
>>> valset_ratio: 0
>>> num_layers: 1
>>> in_channels: 100
>>> out_channels: 1
>>> downbot: 20
>>> kernel_size: 3
>>> glove_path: ./glove/glove.840B.300d.txt
>>> model_class: <class 'models.gc_ian.GC_IAN'>
>>> dataset_file: {'train': './datasets/semeval14/Restaurants_Train.xml.seg', 'test': './datasets/semeval14/Restaurants_Test_Gold.xml.seg'}
>>> inputs_cols: ['text_raw_indices', 'aspect_indices']
>>>>>>>>>>>>>>>>>>>>>>>>>>>>>>>>>>>>>>>>>>>>>>>>>>>>>>>>>>>>>>>>>>>>>>>>>>>>>>>>>>>>>>>>>>>>>>>>>>>>
epoch: 0
loss: 1.0972, acc: 0.5062
loss: 1.0206, acc: 0.5125
loss: 1.0013, acc: 0.5250
loss: 0.9682, acc: 0.5359
loss: 0.9542, acc: 0.5500
loss: 0.9366, acc: 0.5656
loss: 0.9363, acc: 0.5652
loss: 0.9327, acc: 0.5703
loss: 0.9244, acc: 0.5764
loss: 0.9103, acc: 0.5837
loss: 0.9074, acc: 0.5841
loss: 0.9033, acc: 0.5839
loss: 0.8948, acc: 0.5913
loss: 0.8898, acc: 0.5955
loss: 0.8841, acc: 0.5996
loss: 0.8687, acc: 0.6090
loss: 0.8672, acc: 0.6110
loss: 0.8613, acc: 0.6132
loss: 0.8524, acc: 0.6184
loss: 0.8477, acc: 0.6231
loss: 0.8395, acc: 0.6268
loss: 0.8359, acc: 0.6278
> val_acc: 0.7071, val_f1: 0.5419
>> saved: state_dict/gc_ian_restaurant_val_acc0.7071
>>>>>>>>>>>>>>>>>>>>>>>>>>>>>>>>>>>>>>>>>>>>>>>>>>>>>>>>>>>>>>>>>>>>>>>>>>>>>>>>>>>>>>>>>>>>>>>>>>>>
epoch: 1
loss: 0.6562, acc: 0.7500
loss: 0.5393, acc: 0.8304
loss: 0.5539, acc: 0.8125
loss: 0.5414, acc: 0.8107
loss: 0.5424, acc: 0.8082
loss: 0.5350, acc: 0.8056
loss: 0.5290, acc: 0.8037
loss: 0.5271, acc: 0.8032
loss: 0.5269, acc: 0.8043
loss: 0.5183, acc: 0.8045
loss: 0.5199, acc: 0.8023
loss: 0.5220, acc: 0.7993
loss: 0.5205, acc: 0.8009
loss: 0.5147, acc: 0.8060
loss: 0.5104, acc: 0.8077
loss: 0.5097, acc: 0.8080
loss: 0.5094, acc: 0.8083
loss: 0.5049, acc: 0.8125
loss: 0.5043, acc: 0.8115
loss: 0.5032, acc: 0.8112
loss: 0.5016, acc: 0.8128
loss: 0.5053, acc: 0.8099
loss: 0.5075, acc: 0.8094
> val_acc: 0.7286, val_f1: 0.6069
>> saved: state_dict/gc_ian_restaurant_val_acc0.7286
>>>>>>>>>>>>>>>>>>>>>>>>>>>>>>>>>>>>>>>>>>>>>>>>>>>>>>>>>>>>>>>>>>>>>>>>>>>>>>>>>>>>>>>>>>>>>>>>>>>>
epoch: 2
loss: 0.3162, acc: 0.9219
loss: 0.3316, acc: 0.9167
loss: 0.3242, acc: 0.9174
loss: 0.3168, acc: 0.9128
loss: 0.3235, acc: 0.9062
loss: 0.3178, acc: 0.9095
loss: 0.3149, acc: 0.9090
loss: 0.3159, acc: 0.9071
loss: 0.3227, acc: 0.9006
loss: 0.3236, acc: 0.8980
loss: 0.3294, acc: 0.8947
loss: 0.3263, acc: 0.8951
loss: 0.3276, acc: 0.8940
loss: 0.3291, acc: 0.8918
loss: 0.3322, acc: 0.8898
loss: 0.3329, acc: 0.8873
loss: 0.3345, acc: 0.8862
loss: 0.3335, acc: 0.8876
loss: 0.3310, acc: 0.8873
loss: 0.3287, acc: 0.8879
loss: 0.3258, acc: 0.8903
loss: 0.3236, acc: 0.8913
> val_acc: 0.7348, val_f1: 0.5740
>> saved: state_dict/gc_ian_restaurant_val_acc0.7348
>>>>>>>>>>>>>>>>>>>>>>>>>>>>>>>>>>>>>>>>>>>>>>>>>>>>>>>>>>>>>>>>>>>>>>>>>>>>>>>>>>>>>>>>>>>>>>>>>>>>
epoch: 3
loss: 0.2038, acc: 0.9375
loss: 0.2576, acc: 0.9219
loss: 0.2312, acc: 0.9432
loss: 0.2233, acc: 0.9434
loss: 0.2120, acc: 0.9464
loss: 0.2101, acc: 0.9459
loss: 0.2067, acc: 0.9435
loss: 0.2055, acc: 0.9462
loss: 0.2090, acc: 0.9466
loss: 0.2073, acc: 0.9477
loss: 0.2104, acc: 0.9442
loss: 0.2113, acc: 0.9425
loss: 0.2110, acc: 0.9411
loss: 0.2091, acc: 0.9408
loss: 0.2080, acc: 0.9410
loss: 0.2076, acc: 0.9420
loss: 0.2055, acc: 0.9425
loss: 0.2080, acc: 0.9408
loss: 0.2064, acc: 0.9420
loss: 0.2048, acc: 0.9414
loss: 0.2070, acc: 0.9400
loss: 0.2065, acc: 0.9404
loss: 0.2075, acc: 0.9398
> val_acc: 0.7330, val_f1: 0.5929
>>>>>>>>>>>>>>>>>>>>>>>>>>>>>>>>>>>>>>>>>>>>>>>>>>>>>>>>>>>>>>>>>>>>>>>>>>>>>>>>>>>>>>>>>>>>>>>>>>>>
epoch: 4
loss: 0.1187, acc: 1.0000
loss: 0.1261, acc: 0.9844
loss: 0.1153, acc: 0.9832
loss: 0.1133, acc: 0.9844
loss: 0.1179, acc: 0.9810
loss: 0.1171, acc: 0.9821
loss: 0.1221, acc: 0.9792
loss: 0.1241, acc: 0.9762
loss: 0.1270, acc: 0.9767
loss: 0.1313, acc: 0.9733
loss: 0.1320, acc: 0.9735
loss: 0.1347, acc: 0.9720
loss: 0.1339, acc: 0.9717
loss: 0.1367, acc: 0.9692
loss: 0.1368, acc: 0.9692
loss: 0.1375, acc: 0.9683
loss: 0.1357, acc: 0.9691
loss: 0.1379, acc: 0.9680
loss: 0.1378, acc: 0.9677
loss: 0.1370, acc: 0.9675
loss: 0.1372, acc: 0.9672
loss: 0.1365, acc: 0.9673
loss: 0.1364, acc: 0.9673
> val_acc: 0.7402, val_f1: 0.6085
>> saved: state_dict/gc_ian_restaurant_val_acc0.7402
>>>>>>>>>>>>>>>>>>>>>>>>>>>>>>>>>>>>>>>>>>>>>>>>>>>>>>>>>>>>>>>>>>>>>>>>>>>>>>>>>>>>>>>>>>>>>>>>>>>>
epoch: 5
loss: 0.1059, acc: 0.9812
loss: 0.0905, acc: 0.9844
loss: 0.0848, acc: 0.9896
loss: 0.0911, acc: 0.9828
loss: 0.0920, acc: 0.9825
loss: 0.0906, acc: 0.9833
loss: 0.0902, acc: 0.9839
loss: 0.0939, acc: 0.9836
loss: 0.0943, acc: 0.9840
loss: 0.0918, acc: 0.9856
loss: 0.0892, acc: 0.9864
loss: 0.0885, acc: 0.9859
loss: 0.0885, acc: 0.9861
loss: 0.0872, acc: 0.9866
loss: 0.0884, acc: 0.9858
loss: 0.0876, acc: 0.9859
loss: 0.0893, acc: 0.9849
loss: 0.0915, acc: 0.9837
loss: 0.0930, acc: 0.9829
loss: 0.0948, acc: 0.9825
loss: 0.0941, acc: 0.9830
loss: 0.0956, acc: 0.9818
> val_acc: 0.7277, val_f1: 0.5937
>>>>>>>>>>>>>>>>>>>>>>>>>>>>>>>>>>>>>>>>>>>>>>>>>>>>>>>>>>>>>>>>>>>>>>>>>>>>>>>>>>>>>>>>>>>>>>>>>>>>
epoch: 6
loss: 0.0535, acc: 1.0000
loss: 0.0711, acc: 0.9866
loss: 0.0687, acc: 0.9896
loss: 0.0662, acc: 0.9908
loss: 0.0631, acc: 0.9915
loss: 0.0656, acc: 0.9907
loss: 0.0646, acc: 0.9893
loss: 0.0636, acc: 0.9907
loss: 0.0630, acc: 0.9903
loss: 0.0645, acc: 0.9900
loss: 0.0645, acc: 0.9892
loss: 0.0656, acc: 0.9896
loss: 0.0650, acc: 0.9899
loss: 0.0660, acc: 0.9883
loss: 0.0653, acc: 0.9891
loss: 0.0662, acc: 0.9890
loss: 0.0676, acc: 0.9886
loss: 0.0675, acc: 0.9892
loss: 0.0686, acc: 0.9891
loss: 0.0688, acc: 0.9890
loss: 0.0687, acc: 0.9893
loss: 0.0680, acc: 0.9895
loss: 0.0701, acc: 0.9891
> val_acc: 0.7330, val_f1: 0.5789
>>>>>>>>>>>>>>>>>>>>>>>>>>>>>>>>>>>>>>>>>>>>>>>>>>>>>>>>>>>>>>>>>>>>>>>>>>>>>>>>>>>>>>>>>>>>>>>>>>>>
epoch: 7
loss: 0.0449, acc: 0.9922
loss: 0.0448, acc: 0.9931
loss: 0.0442, acc: 0.9933
loss: 0.0479, acc: 0.9918
loss: 0.0458, acc: 0.9935
loss: 0.0466, acc: 0.9935
loss: 0.0479, acc: 0.9936
loss: 0.0486, acc: 0.9936
loss: 0.0469, acc: 0.9943
loss: 0.0488, acc: 0.9923
loss: 0.0489, acc: 0.9931
loss: 0.0503, acc: 0.9921
loss: 0.0499, acc: 0.9927
loss: 0.0511, acc: 0.9923
loss: 0.0516, acc: 0.9920
loss: 0.0519, acc: 0.9921
loss: 0.0541, acc: 0.9918
loss: 0.0542, acc: 0.9919
loss: 0.0541, acc: 0.9917
loss: 0.0546, acc: 0.9915
loss: 0.0547, acc: 0.9919
loss: 0.0546, acc: 0.9923
> val_acc: 0.7446, val_f1: 0.6119
>> saved: state_dict/gc_ian_restaurant_val_acc0.7446
>>>>>>>>>>>>>>>>>>>>>>>>>>>>>>>>>>>>>>>>>>>>>>>>>>>>>>>>>>>>>>>>>>>>>>>>>>>>>>>>>>>>>>>>>>>>>>>>>>>>
epoch: 8
loss: 0.0384, acc: 1.0000
loss: 0.0339, acc: 1.0000
loss: 0.0383, acc: 0.9972
loss: 0.0491, acc: 0.9902
loss: 0.0467, acc: 0.9911
loss: 0.0450, acc: 0.9928
loss: 0.0444, acc: 0.9929
loss: 0.0453, acc: 0.9931
loss: 0.0446, acc: 0.9924
loss: 0.0447, acc: 0.9918
loss: 0.0441, acc: 0.9926
loss: 0.0460, acc: 0.9916
loss: 0.0470, acc: 0.9918
loss: 0.0480, acc: 0.9915
loss: 0.0496, acc: 0.9912
loss: 0.0494, acc: 0.9905
loss: 0.0498, acc: 0.9900
loss: 0.0495, acc: 0.9902
loss: 0.0488, acc: 0.9904
loss: 0.0479, acc: 0.9909
loss: 0.0469, acc: 0.9913
loss: 0.0468, acc: 0.9915
loss: 0.0462, acc: 0.9916
> val_acc: 0.7393, val_f1: 0.5938
>>>>>>>>>>>>>>>>>>>>>>>>>>>>>>>>>>>>>>>>>>>>>>>>>>>>>>>>>>>>>>>>>>>>>>>>>>>>>>>>>>>>>>>>>>>>>>>>>>>>
epoch: 9
loss: 0.0464, acc: 0.9896
loss: 0.0485, acc: 0.9883
loss: 0.0392, acc: 0.9928
loss: 0.0395, acc: 0.9948
loss: 0.0355, acc: 0.9959
loss: 0.0346, acc: 0.9967
loss: 0.0362, acc: 0.9962
loss: 0.0341, acc: 0.9967
loss: 0.0338, acc: 0.9964
loss: 0.0335, acc: 0.9961
loss: 0.0333, acc: 0.9959
loss: 0.0324, acc: 0.9962
loss: 0.0317, acc: 0.9965
loss: 0.0316, acc: 0.9968
loss: 0.0309, acc: 0.9970
loss: 0.0312, acc: 0.9972
loss: 0.0348, acc: 0.9955
loss: 0.0352, acc: 0.9950
loss: 0.0364, acc: 0.9943
loss: 0.0378, acc: 0.9939
loss: 0.0381, acc: 0.9939
loss: 0.0377, acc: 0.9939
loss: 0.0385, acc: 0.9933
> val_acc: 0.7348, val_f1: 0.5671
>>>>>>>>>>>>>>>>>>>>>>>>>>>>>>>>>>>>>>>>>>>>>>>>>>>>>>>>>>>>>>>>>>>>>>>>>>>>>>>>>>>>>>>>>>>>>>>>>>>>
epoch: 10
loss: 0.0257, acc: 1.0000
loss: 0.0239, acc: 1.0000
loss: 0.0261, acc: 1.0000
loss: 0.0255, acc: 1.0000
loss: 0.0242, acc: 1.0000
loss: 0.0263, acc: 0.9990
loss: 0.0283, acc: 0.9964
loss: 0.0300, acc: 0.9953
loss: 0.0319, acc: 0.9944
loss: 0.0323, acc: 0.9944
loss: 0.0312, acc: 0.9949
loss: 0.0310, acc: 0.9953
loss: 0.0301, acc: 0.9957
loss: 0.0319, acc: 0.9946
loss: 0.0327, acc: 0.9942
loss: 0.0321, acc: 0.9945
loss: 0.0324, acc: 0.9945
loss: 0.0323, acc: 0.9944
loss: 0.0330, acc: 0.9941
loss: 0.0324, acc: 0.9944
loss: 0.0320, acc: 0.9946
loss: 0.0332, acc: 0.9943
> val_acc: 0.7429, val_f1: 0.5996
>>>>>>>>>>>>>>>>>>>>>>>>>>>>>>>>>>>>>>>>>>>>>>>>>>>>>>>>>>>>>>>>>>>>>>>>>>>>>>>>>>>>>>>>>>>>>>>>>>>>
epoch: 11
loss: 0.0181, acc: 1.0000
loss: 0.0180, acc: 1.0000
loss: 0.0196, acc: 1.0000
loss: 0.0189, acc: 1.0000
loss: 0.0190, acc: 1.0000
loss: 0.0262, acc: 0.9954
loss: 0.0265, acc: 0.9961
loss: 0.0251, acc: 0.9966
loss: 0.0247, acc: 0.9963
loss: 0.0253, acc: 0.9960
loss: 0.0247, acc: 0.9964
loss: 0.0244, acc: 0.9962
loss: 0.0243, acc: 0.9965
loss: 0.0256, acc: 0.9963
loss: 0.0266, acc: 0.9961
loss: 0.0268, acc: 0.9959
loss: 0.0263, acc: 0.9962
loss: 0.0268, acc: 0.9957
loss: 0.0263, acc: 0.9959
loss: 0.0274, acc: 0.9958
loss: 0.0272, acc: 0.9957
loss: 0.0280, acc: 0.9956
loss: 0.0293, acc: 0.9950
> val_acc: 0.7348, val_f1: 0.5933
>>>>>>>>>>>>>>>>>>>>>>>>>>>>>>>>>>>>>>>>>>>>>>>>>>>>>>>>>>>>>>>>>>>>>>>>>>>>>>>>>>>>>>>>>>>>>>>>>>>>
epoch: 12
loss: 0.0192, acc: 1.0000
loss: 0.0176, acc: 1.0000
loss: 0.0212, acc: 0.9978
loss: 0.0279, acc: 0.9951
loss: 0.0258, acc: 0.9961
loss: 0.0240, acc: 0.9968
loss: 0.0230, acc: 0.9972
loss: 0.0234, acc: 0.9976
loss: 0.0229, acc: 0.9979
loss: 0.0225, acc: 0.9981
loss: 0.0234, acc: 0.9977
loss: 0.0254, acc: 0.9968
loss: 0.0257, acc: 0.9966
loss: 0.0258, acc: 0.9964
loss: 0.0277, acc: 0.9958
loss: 0.0275, acc: 0.9960
loss: 0.0268, acc: 0.9963
loss: 0.0268, acc: 0.9961
loss: 0.0279, acc: 0.9957
loss: 0.0274, acc: 0.9959
loss: 0.0274, acc: 0.9958
loss: 0.0270, acc: 0.9960
> val_acc: 0.7438, val_f1: 0.5951
>>>>>>>>>>>>>>>>>>>>>>>>>>>>>>>>>>>>>>>>>>>>>>>>>>>>>>>>>>>>>>>>>>>>>>>>>>>>>>>>>>>>>>>>>>>>>>>>>>>>
epoch: 13
loss: 0.0216, acc: 1.0000
loss: 0.0154, acc: 1.0000
loss: 0.0163, acc: 1.0000
loss: 0.0193, acc: 0.9980
loss: 0.0224, acc: 0.9970
loss: 0.0223, acc: 0.9964
loss: 0.0204, acc: 0.9970
loss: 0.0202, acc: 0.9974
loss: 0.0211, acc: 0.9970
loss: 0.0217, acc: 0.9966
loss: 0.0208, acc: 0.9969
loss: 0.0211, acc: 0.9967
loss: 0.0213, acc: 0.9964
loss: 0.0212, acc: 0.9967
loss: 0.0224, acc: 0.9960
loss: 0.0225, acc: 0.9959
loss: 0.0227, acc: 0.9958
loss: 0.0239, acc: 0.9953
loss: 0.0233, acc: 0.9955
loss: 0.0228, acc: 0.9958
loss: 0.0230, acc: 0.9957
loss: 0.0236, acc: 0.9956
loss: 0.0243, acc: 0.9955
> val_acc: 0.7357, val_f1: 0.6024
>>>>>>>>>>>>>>>>>>>>>>>>>>>>>>>>>>>>>>>>>>>>>>>>>>>>>>>>>>>>>>>>>>>>>>>>>>>>>>>>>>>>>>>>>>>>>>>>>>>>
epoch: 14
loss: 0.0129, acc: 1.0000
loss: 0.0298, acc: 0.9922
loss: 0.0242, acc: 0.9952
loss: 0.0209, acc: 0.9965
loss: 0.0190, acc: 0.9973
loss: 0.0202, acc: 0.9967
loss: 0.0195, acc: 0.9972
loss: 0.0191, acc: 0.9975
loss: 0.0220, acc: 0.9964
loss: 0.0211, acc: 0.9967
loss: 0.0233, acc: 0.9965
loss: 0.0232, acc: 0.9962
loss: 0.0240, acc: 0.9960
loss: 0.0233, acc: 0.9963
loss: 0.0227, acc: 0.9966
loss: 0.0226, acc: 0.9968
loss: 0.0222, acc: 0.9970
loss: 0.0226, acc: 0.9968
loss: 0.0221, acc: 0.9970
loss: 0.0222, acc: 0.9968
loss: 0.0236, acc: 0.9961
loss: 0.0237, acc: 0.9959
loss: 0.0240, acc: 0.9956
> val_acc: 0.7420, val_f1: 0.5952
>>>>>>>>>>>>>>>>>>>>>>>>>>>>>>>>>>>>>>>>>>>>>>>>>>>>>>>>>>>>>>>>>>>>>>>>>>>>>>>>>>>>>>>>>>>>>>>>>>>>
epoch: 15
loss: 0.0166, acc: 1.0000
loss: 0.0208, acc: 0.9969
loss: 0.0172, acc: 0.9979
loss: 0.0160, acc: 0.9984
loss: 0.0215, acc: 0.9962
loss: 0.0197, acc: 0.9969
loss: 0.0184, acc: 0.9973
loss: 0.0174, acc: 0.9977
loss: 0.0177, acc: 0.9972
loss: 0.0176, acc: 0.9975
loss: 0.0169, acc: 0.9977
loss: 0.0172, acc: 0.9979
loss: 0.0181, acc: 0.9976
loss: 0.0177, acc: 0.9978
loss: 0.0173, acc: 0.9979
loss: 0.0185, acc: 0.9973
loss: 0.0190, acc: 0.9971
loss: 0.0191, acc: 0.9969
loss: 0.0196, acc: 0.9964
loss: 0.0204, acc: 0.9959
loss: 0.0199, acc: 0.9961
loss: 0.0204, acc: 0.9960
> val_acc: 0.7304, val_f1: 0.5694
>>>>>>>>>>>>>>>>>>>>>>>>>>>>>>>>>>>>>>>>>>>>>>>>>>>>>>>>>>>>>>>>>>>>>>>>>>>>>>>>>>>>>>>>>>>>>>>>>>>>
epoch: 16
loss: 0.0090, acc: 1.0000
loss: 0.0117, acc: 1.0000
loss: 0.0115, acc: 1.0000
loss: 0.0105, acc: 1.0000
loss: 0.0110, acc: 1.0000
loss: 0.0110, acc: 1.0000
loss: 0.0120, acc: 1.0000
loss: 0.0124, acc: 1.0000
loss: 0.0122, acc: 1.0000
loss: 0.0127, acc: 1.0000
loss: 0.0124, acc: 1.0000
loss: 0.0147, acc: 0.9989
loss: 0.0169, acc: 0.9980
loss: 0.0163, acc: 0.9981
loss: 0.0174, acc: 0.9974
loss: 0.0170, acc: 0.9976
loss: 0.0174, acc: 0.9973
loss: 0.0179, acc: 0.9971
loss: 0.0177, acc: 0.9973
loss: 0.0184, acc: 0.9968
loss: 0.0196, acc: 0.9963
loss: 0.0192, acc: 0.9965
loss: 0.0203, acc: 0.9961
> val_acc: 0.7339, val_f1: 0.5911
>>>>>>>>>>>>>>>>>>>>>>>>>>>>>>>>>>>>>>>>>>>>>>>>>>>>>>>>>>>>>>>>>>>>>>>>>>>>>>>>>>>>>>>>>>>>>>>>>>>>
epoch: 17
loss: 0.0170, acc: 1.0000
loss: 0.0242, acc: 0.9965
loss: 0.0192, acc: 0.9978
loss: 0.0178, acc: 0.9984
loss: 0.0222, acc: 0.9961
loss: 0.0243, acc: 0.9946
loss: 0.0236, acc: 0.9945
loss: 0.0225, acc: 0.9952
loss: 0.0211, acc: 0.9957
loss: 0.0209, acc: 0.9955
loss: 0.0214, acc: 0.9954
loss: 0.0213, acc: 0.9952
loss: 0.0227, acc: 0.9946
loss: 0.0233, acc: 0.9941
loss: 0.0245, acc: 0.9932
loss: 0.0238, acc: 0.9937
loss: 0.0233, acc: 0.9940
loss: 0.0228, acc: 0.9940
loss: 0.0226, acc: 0.9940
loss: 0.0219, acc: 0.9943
loss: 0.0221, acc: 0.9943
loss: 0.0215, acc: 0.9946
> val_acc: 0.7330, val_f1: 0.5882
>>>>>>>>>>>>>>>>>>>>>>>>>>>>>>>>>>>>>>>>>>>>>>>>>>>>>>>>>>>>>>>>>>>>>>>>>>>>>>>>>>>>>>>>>>>>>>>>>>>>
epoch: 18
loss: 0.0049, acc: 1.0000
loss: 0.0104, acc: 1.0000
loss: 0.0100, acc: 1.0000
loss: 0.0124, acc: 0.9980
loss: 0.0121, acc: 0.9985
loss: 0.0115, acc: 0.9988
loss: 0.0111, acc: 0.9990
loss: 0.0112, acc: 0.9991
loss: 0.0143, acc: 0.9977
loss: 0.0175, acc: 0.9966
loss: 0.0165, acc: 0.9969
loss: 0.0159, acc: 0.9972
loss: 0.0176, acc: 0.9964
loss: 0.0177, acc: 0.9962
loss: 0.0180, acc: 0.9960
loss: 0.0174, acc: 0.9963
loss: 0.0187, acc: 0.9954
loss: 0.0184, acc: 0.9956
loss: 0.0183, acc: 0.9959
loss: 0.0189, acc: 0.9958
loss: 0.0183, acc: 0.9960
loss: 0.0183, acc: 0.9959
loss: 0.0184, acc: 0.9958
> val_acc: 0.7402, val_f1: 0.5978
>>>>>>>>>>>>>>>>>>>>>>>>>>>>>>>>>>>>>>>>>>>>>>>>>>>>>>>>>>>>>>>>>>>>>>>>>>>>>>>>>>>>>>>>>>>>>>>>>>>>
epoch: 19
loss: 0.0067, acc: 1.0000
loss: 0.0148, acc: 0.9961
loss: 0.0164, acc: 0.9952
loss: 0.0141, acc: 0.9965
loss: 0.0134, acc: 0.9973
loss: 0.0124, acc: 0.9978
loss: 0.0131, acc: 0.9972
loss: 0.0149, acc: 0.9967
loss: 0.0163, acc: 0.9964
loss: 0.0163, acc: 0.9961
loss: 0.0157, acc: 0.9965
loss: 0.0152, acc: 0.9968
loss: 0.0167, acc: 0.9960
loss: 0.0181, acc: 0.9954
loss: 0.0196, acc: 0.9949
loss: 0.0196, acc: 0.9948
loss: 0.0192, acc: 0.9951
loss: 0.0192, acc: 0.9950
loss: 0.0186, acc: 0.9953
loss: 0.0190, acc: 0.9952
loss: 0.0192, acc: 0.9951
loss: 0.0187, acc: 0.9954
loss: 0.0185, acc: 0.9956
> val_acc: 0.7366, val_f1: 0.5906
>>>>>>>>>>>>>>>>>>>>>>>>>>>>>>>>>>>>>>>>>>>>>>>>>>>>>>>>>>>>>>>>>>>>>>>>>>>>>>>>>>>>>>>>>>>>>>>>>>>>
epoch: 20
loss: 0.0167, acc: 0.9938
loss: 0.0119, acc: 0.9969
loss: 0.0138, acc: 0.9958
loss: 0.0167, acc: 0.9953
loss: 0.0185, acc: 0.9950
loss: 0.0168, acc: 0.9958
loss: 0.0159, acc: 0.9964
loss: 0.0154, acc: 0.9969
loss: 0.0169, acc: 0.9958
loss: 0.0166, acc: 0.9962
loss: 0.0168, acc: 0.9960
loss: 0.0189, acc: 0.9948
loss: 0.0186, acc: 0.9947
loss: 0.0181, acc: 0.9951
loss: 0.0177, acc: 0.9954
loss: 0.0187, acc: 0.9949
loss: 0.0181, acc: 0.9952
loss: 0.0184, acc: 0.9951
loss: 0.0184, acc: 0.9951
loss: 0.0184, acc: 0.9950
loss: 0.0180, acc: 0.9952
loss: 0.0177, acc: 0.9955
> val_acc: 0.7455, val_f1: 0.6044
>> saved: state_dict/gc_ian_restaurant_val_acc0.7455
>>>>>>>>>>>>>>>>>>>>>>>>>>>>>>>>>>>>>>>>>>>>>>>>>>>>>>>>>>>>>>>>>>>>>>>>>>>>>>>>>>>>>>>>>>>>>>>>>>>>
epoch: 21
loss: 0.0214, acc: 1.0000
loss: 0.0112, acc: 1.0000
loss: 0.0107, acc: 1.0000
loss: 0.0100, acc: 1.0000
loss: 0.0120, acc: 0.9986
loss: 0.0164, acc: 0.9965
loss: 0.0155, acc: 0.9971
loss: 0.0177, acc: 0.9958
loss: 0.0183, acc: 0.9955
loss: 0.0191, acc: 0.9947
loss: 0.0186, acc: 0.9952
loss: 0.0184, acc: 0.9951
loss: 0.0187, acc: 0.9950
loss: 0.0178, acc: 0.9953
loss: 0.0195, acc: 0.9948
loss: 0.0186, acc: 0.9951
loss: 0.0194, acc: 0.9950
loss: 0.0196, acc: 0.9950
loss: 0.0198, acc: 0.9949
loss: 0.0193, acc: 0.9952
loss: 0.0188, acc: 0.9954
loss: 0.0183, acc: 0.9956
loss: 0.0183, acc: 0.9955
> val_acc: 0.7420, val_f1: 0.5874
>>>>>>>>>>>>>>>>>>>>>>>>>>>>>>>>>>>>>>>>>>>>>>>>>>>>>>>>>>>>>>>>>>>>>>>>>>>>>>>>>>>>>>>>>>>>>>>>>>>>
epoch: 22
loss: 0.0077, acc: 1.0000
loss: 0.0160, acc: 0.9965
loss: 0.0137, acc: 0.9978
loss: 0.0133, acc: 0.9967
loss: 0.0173, acc: 0.9948
loss: 0.0173, acc: 0.9946
loss: 0.0158, acc: 0.9954
loss: 0.0176, acc: 0.9944
loss: 0.0165, acc: 0.9950
loss: 0.0156, acc: 0.9955
loss: 0.0152, acc: 0.9959
loss: 0.0159, acc: 0.9958
loss: 0.0177, acc: 0.9951
loss: 0.0171, acc: 0.9955
loss: 0.0171, acc: 0.9954
loss: 0.0170, acc: 0.9953
loss: 0.0170, acc: 0.9952
loss: 0.0172, acc: 0.9951
loss: 0.0172, acc: 0.9950
loss: 0.0166, acc: 0.9953
loss: 0.0166, acc: 0.9952
loss: 0.0165, acc: 0.9951
> val_acc: 0.7384, val_f1: 0.5885
>>>>>>>>>>>>>>>>>>>>>>>>>>>>>>>>>>>>>>>>>>>>>>>>>>>>>>>>>>>>>>>>>>>>>>>>>>>>>>>>>>>>>>>>>>>>>>>>>>>>
epoch: 23
loss: 0.0044, acc: 1.0000
loss: 0.0082, acc: 1.0000
loss: 0.0123, acc: 0.9972
loss: 0.0103, acc: 0.9980
loss: 0.0114, acc: 0.9970
loss: 0.0105, acc: 0.9976
loss: 0.0096, acc: 0.9980
loss: 0.0091, acc: 0.9983
loss: 0.0101, acc: 0.9977
loss: 0.0098, acc: 0.9980
loss: 0.0102, acc: 0.9982
loss: 0.0106, acc: 0.9978
loss: 0.0104, acc: 0.9980
loss: 0.0116, acc: 0.9976
loss: 0.0113, acc: 0.9978
loss: 0.0117, acc: 0.9975
loss: 0.0126, acc: 0.9969
loss: 0.0128, acc: 0.9967
loss: 0.0140, acc: 0.9962
loss: 0.0142, acc: 0.9961
loss: 0.0140, acc: 0.9963
loss: 0.0144, acc: 0.9962
loss: 0.0146, acc: 0.9961
> val_acc: 0.7268, val_f1: 0.5777
>>>>>>>>>>>>>>>>>>>>>>>>>>>>>>>>>>>>>>>>>>>>>>>>>>>>>>>>>>>>>>>>>>>>>>>>>>>>>>>>>>>>>>>>>>>>>>>>>>>>
epoch: 24
loss: 0.0081, acc: 1.0000
loss: 0.0161, acc: 0.9961
loss: 0.0129, acc: 0.9976
loss: 0.0115, acc: 0.9983
loss: 0.0119, acc: 0.9986
loss: 0.0108, acc: 0.9989
loss: 0.0101, acc: 0.9991
loss: 0.0113, acc: 0.9984
loss: 0.0136, acc: 0.9971
loss: 0.0152, acc: 0.9961
loss: 0.0169, acc: 0.9959
loss: 0.0170, acc: 0.9957
loss: 0.0168, acc: 0.9955
loss: 0.0168, acc: 0.9954
loss: 0.0169, acc: 0.9953
loss: 0.0174, acc: 0.9948
loss: 0.0167, acc: 0.9951
loss: 0.0167, acc: 0.9950
loss: 0.0177, acc: 0.9946
loss: 0.0176, acc: 0.9946
loss: 0.0173, acc: 0.9948
loss: 0.0171, acc: 0.9951
loss: 0.0170, acc: 0.9950
> val_acc: 0.7304, val_f1: 0.5727
>>>>>>>>>>>>>>>>>>>>>>>>>>>>>>>>>>>>>>>>>>>>>>>>>>>>>>>>>>>>>>>>>>>>>>>>>>>>>>>>>>>>>>>>>>>>>>>>>>>>
epoch: 25
loss: 0.0089, acc: 1.0000
loss: 0.0208, acc: 0.9938
loss: 0.0163, acc: 0.9958
loss: 0.0157, acc: 0.9953
loss: 0.0176, acc: 0.9938
loss: 0.0158, acc: 0.9948
loss: 0.0142, acc: 0.9955
loss: 0.0132, acc: 0.9961
loss: 0.0127, acc: 0.9965
loss: 0.0120, acc: 0.9969
loss: 0.0131, acc: 0.9966
loss: 0.0137, acc: 0.9964
loss: 0.0133, acc: 0.9966
loss: 0.0131, acc: 0.9969
loss: 0.0136, acc: 0.9967
loss: 0.0148, acc: 0.9957
loss: 0.0150, acc: 0.9956
loss: 0.0145, acc: 0.9958
loss: 0.0144, acc: 0.9957
loss: 0.0146, acc: 0.9956
loss: 0.0159, acc: 0.9949
loss: 0.0159, acc: 0.9949
> val_acc: 0.7446, val_f1: 0.5942
>>>>>>>>>>>>>>>>>>>>>>>>>>>>>>>>>>>>>>>>>>>>>>>>>>>>>>>>>>>>>>>>>>>>>>>>>>>>>>>>>>>>>>>>>>>>>>>>>>>>
epoch: 26
loss: 0.0070, acc: 1.0000
loss: 0.0085, acc: 1.0000
loss: 0.0158, acc: 0.9948
loss: 0.0170, acc: 0.9945
loss: 0.0149, acc: 0.9957
loss: 0.0142, acc: 0.9965
loss: 0.0172, acc: 0.9951
loss: 0.0168, acc: 0.9949
loss: 0.0167, acc: 0.9948
loss: 0.0162, acc: 0.9953
loss: 0.0152, acc: 0.9958
loss: 0.0146, acc: 0.9962
loss: 0.0138, acc: 0.9965
loss: 0.0138, acc: 0.9963
loss: 0.0136, acc: 0.9965
loss: 0.0139, acc: 0.9963
loss: 0.0136, acc: 0.9966
loss: 0.0144, acc: 0.9960
loss: 0.0147, acc: 0.9959
loss: 0.0142, acc: 0.9961
loss: 0.0144, acc: 0.9960
loss: 0.0147, acc: 0.9959
loss: 0.0147, acc: 0.9958
> val_acc: 0.7411, val_f1: 0.5965
>>>>>>>>>>>>>>>>>>>>>>>>>>>>>>>>>>>>>>>>>>>>>>>>>>>>>>>>>>>>>>>>>>>>>>>>>>>>>>>>>>>>>>>>>>>>>>>>>>>>
epoch: 27
loss: 0.0184, acc: 0.9922
loss: 0.0115, acc: 0.9965
loss: 0.0089, acc: 0.9978
loss: 0.0133, acc: 0.9967
loss: 0.0163, acc: 0.9948
loss: 0.0144, acc: 0.9957
loss: 0.0149, acc: 0.9954
loss: 0.0165, acc: 0.9952
loss: 0.0170, acc: 0.9950
loss: 0.0186, acc: 0.9936
loss: 0.0174, acc: 0.9942
loss: 0.0180, acc: 0.9936
loss: 0.0171, acc: 0.9941
loss: 0.0162, acc: 0.9946
loss: 0.0165, acc: 0.9945
loss: 0.0169, acc: 0.9945
loss: 0.0164, acc: 0.9948
loss: 0.0160, acc: 0.9951
loss: 0.0170, acc: 0.9943
loss: 0.0164, acc: 0.9946
loss: 0.0165, acc: 0.9946
loss: 0.0161, acc: 0.9948
> val_acc: 0.7366, val_f1: 0.5860
>>>>>>>>>>>>>>>>>>>>>>>>>>>>>>>>>>>>>>>>>>>>>>>>>>>>>>>>>>>>>>>>>>>>>>>>>>>>>>>>>>>>>>>>>>>>>>>>>>>>
epoch: 28
loss: 0.0082, acc: 1.0000
loss: 0.0059, acc: 1.0000
loss: 0.0057, acc: 1.0000
loss: 0.0053, acc: 1.0000
loss: 0.0052, acc: 1.0000
loss: 0.0076, acc: 0.9988
loss: 0.0079, acc: 0.9990
loss: 0.0078, acc: 0.9991
loss: 0.0075, acc: 0.9992
loss: 0.0084, acc: 0.9986
loss: 0.0094, acc: 0.9982
loss: 0.0090, acc: 0.9983
loss: 0.0087, acc: 0.9985
loss: 0.0095, acc: 0.9981
loss: 0.0095, acc: 0.9982
loss: 0.0103, acc: 0.9979
loss: 0.0115, acc: 0.9973
loss: 0.0126, acc: 0.9971
loss: 0.0122, acc: 0.9973
loss: 0.0123, acc: 0.9971
loss: 0.0132, acc: 0.9966
loss: 0.0128, acc: 0.9968
loss: 0.0133, acc: 0.9966
> val_acc: 0.7429, val_f1: 0.5927
>>>>>>>>>>>>>>>>>>>>>>>>>>>>>>>>>>>>>>>>>>>>>>>>>>>>>>>>>>>>>>>>>>>>>>>>>>>>>>>>>>>>>>>>>>>>>>>>>>>>
epoch: 29
loss: 0.0038, acc: 1.0000
loss: 0.0063, acc: 1.0000
loss: 0.0128, acc: 0.9952
loss: 0.0108, acc: 0.9965
loss: 0.0104, acc: 0.9973
loss: 0.0119, acc: 0.9955
loss: 0.0133, acc: 0.9953
loss: 0.0141, acc: 0.9951
loss: 0.0147, acc: 0.9949
loss: 0.0141, acc: 0.9954
loss: 0.0140, acc: 0.9953
loss: 0.0145, acc: 0.9952
loss: 0.0139, acc: 0.9955
loss: 0.0141, acc: 0.9954
loss: 0.0156, acc: 0.9944
loss: 0.0154, acc: 0.9944
loss: 0.0148, acc: 0.9947
loss: 0.0143, acc: 0.9950
loss: 0.0145, acc: 0.9950
loss: 0.0140, acc: 0.9952
loss: 0.0138, acc: 0.9954
loss: 0.0150, acc: 0.9948
loss: 0.0155, acc: 0.9947
> val_acc: 0.7393, val_f1: 0.5893
>> test_acc: 0.7455, test_f1: 0.6044
