cuda memory allocated: 14283264
n_trainable_params: 2245603, n_nontrainable_params: 1323600
> training arguments:
>>> model_name: gc_ian
>>> dataset: restaurant
>>> optimizer: <class 'torch.optim.adagrad.Adagrad'>
>>> initializer: <function xavier_uniform_ at 0x00000114EFA87620>
>>> learning_rate: 0.01
>>> momentum: 0.95
>>> dropout: 0.5
>>> l2reg: 5e-05
>>> num_epoch: 30
>>> batch_size: 32
>>> log_step: 5
>>> embed_dim: 300
>>> hidden_dim: 300
>>> bert_dim: 768
>>> pretrained_bert_name: bert-base-uncased
>>> max_seq_len: 80
>>> polarities_dim: 3
>>> hops: 3
>>> device: cuda
>>> seed: 10
>>> valset_ratio: 0
>>> num_layers: 1
>>> in_channels: 100
>>> out_channels: 1
>>> downbot: 20
>>> kernel_size: 3
>>> glove_path: ./glove/glove.840B.300d.txt
>>> model_class: <class 'models.gc_ian.GC_IAN'>
>>> dataset_file: {'train': './datasets/semeval14/Restaurants_Train.xml.seg', 'test': './datasets/semeval14/Restaurants_Test_Gold.xml.seg'}
>>> inputs_cols: ['text_raw_indices', 'aspect_indices']
>>>>>>>>>>>>>>>>>>>>>>>>>>>>>>>>>>>>>>>>>>>>>>>>>>>>>>>>>>>>>>>>>>>>>>>>>>>>>>>>>>>>>>>>>>>>>>>>>>>>
epoch: 0
loss: 13.2255, acc: 0.4562
loss: 8.3620, acc: 0.4781
loss: 6.0883, acc: 0.4771
loss: 4.9020, acc: 0.4875
loss: 4.1422, acc: 0.5075
loss: 3.6402, acc: 0.5115
loss: 3.2742, acc: 0.5116
loss: 2.9986, acc: 0.5133
loss: 2.7647, acc: 0.5312
loss: 2.5910, acc: 0.5325
loss: 2.4469, acc: 0.5341
loss: 2.3221, acc: 0.5401
loss: 2.2268, acc: 0.5380
loss: 2.1400, acc: 0.5415
loss: 2.0588, acc: 0.5471
loss: 1.9923, acc: 0.5496
loss: 1.9304, acc: 0.5493
loss: 1.8799, acc: 0.5486
loss: 1.8315, acc: 0.5507
loss: 1.7934, acc: 0.5509
loss: 1.7894, acc: 0.5476
loss: 1.7623, acc: 0.5466
> val_acc: 0.6545, val_f1: 0.2799
>> saved: state_dict/gc_ian_restaurant_val_acc0.6545
>>>>>>>>>>>>>>>>>>>>>>>>>>>>>>>>>>>>>>>>>>>>>>>>>>>>>>>>>>>>>>>>>>>>>>>>>>>>>>>>>>>>>>>>>>>>>>>>>>>>
epoch: 1
loss: 1.2044, acc: 0.6406
loss: 1.1076, acc: 0.5893
loss: 1.0576, acc: 0.5833
loss: 1.0816, acc: 0.5643
loss: 1.0857, acc: 0.5455
loss: 1.0764, acc: 0.5498
loss: 1.0456, acc: 0.5625
loss: 1.0269, acc: 0.5726
loss: 1.0199, acc: 0.5774
loss: 0.9948, acc: 0.5864
loss: 1.0012, acc: 0.5817
loss: 0.9873, acc: 0.5927
loss: 0.9841, acc: 0.5897
loss: 0.9758, acc: 0.5914
loss: 0.9801, acc: 0.5868
loss: 0.9717, acc: 0.5885
loss: 0.9659, acc: 0.5899
loss: 0.9607, acc: 0.5916
loss: 0.9572, acc: 0.5941
loss: 0.9537, acc: 0.5954
loss: 0.9542, acc: 0.5934
loss: 0.9498, acc: 0.5943
loss: 0.9473, acc: 0.5940
> val_acc: 0.6464, val_f1: 0.4010
>>>>>>>>>>>>>>>>>>>>>>>>>>>>>>>>>>>>>>>>>>>>>>>>>>>>>>>>>>>>>>>>>>>>>>>>>>>>>>>>>>>>>>>>>>>>>>>>>>>>
epoch: 2
loss: 0.9518, acc: 0.5938
loss: 0.9259, acc: 0.6007
loss: 0.9154, acc: 0.5982
loss: 0.8856, acc: 0.6053
loss: 0.8690, acc: 0.6159
loss: 0.8697, acc: 0.6228
loss: 0.8646, acc: 0.6222
loss: 0.8665, acc: 0.6250
loss: 0.8680, acc: 0.6257
loss: 0.8724, acc: 0.6212
loss: 0.8691, acc: 0.6238
loss: 0.8701, acc: 0.6234
loss: 0.8675, acc: 0.6245
loss: 0.8715, acc: 0.6232
loss: 0.8671, acc: 0.6250
loss: 0.8643, acc: 0.6254
loss: 0.8623, acc: 0.6250
loss: 0.8616, acc: 0.6261
loss: 0.8634, acc: 0.6253
loss: 0.8651, acc: 0.6250
loss: 0.8621, acc: 0.6274
loss: 0.8615, acc: 0.6267
> val_acc: 0.6839, val_f1: 0.4428
>> saved: state_dict/gc_ian_restaurant_val_acc0.6839
>>>>>>>>>>>>>>>>>>>>>>>>>>>>>>>>>>>>>>>>>>>>>>>>>>>>>>>>>>>>>>>>>>>>>>>>>>>>>>>>>>>>>>>>>>>>>>>>>>>>
epoch: 3
loss: 0.6835, acc: 0.6562
loss: 0.7744, acc: 0.6406
loss: 0.8077, acc: 0.6165
loss: 0.8100, acc: 0.6289
loss: 0.7875, acc: 0.6443
loss: 0.7957, acc: 0.6394
loss: 0.8009, acc: 0.6431
loss: 0.8063, acc: 0.6467
loss: 0.8114, acc: 0.6479
loss: 0.8121, acc: 0.6495
loss: 0.8073, acc: 0.6507
loss: 0.8003, acc: 0.6574
loss: 0.7958, acc: 0.6609
loss: 0.7934, acc: 0.6634
loss: 0.7912, acc: 0.6659
loss: 0.7905, acc: 0.6661
loss: 0.7962, acc: 0.6609
loss: 0.7955, acc: 0.6599
loss: 0.7900, acc: 0.6628
loss: 0.7840, acc: 0.6670
loss: 0.7848, acc: 0.6649
loss: 0.7813, acc: 0.6672
loss: 0.7818, acc: 0.6661
> val_acc: 0.6866, val_f1: 0.4766
>> saved: state_dict/gc_ian_restaurant_val_acc0.6866
>>>>>>>>>>>>>>>>>>>>>>>>>>>>>>>>>>>>>>>>>>>>>>>>>>>>>>>>>>>>>>>>>>>>>>>>>>>>>>>>>>>>>>>>>>>>>>>>>>>>
epoch: 4
loss: 0.6966, acc: 0.7188
loss: 0.6620, acc: 0.7539
loss: 0.7355, acc: 0.7115
loss: 0.7141, acc: 0.7101
loss: 0.7281, acc: 0.6984
loss: 0.7269, acc: 0.7031
loss: 0.7180, acc: 0.7093
loss: 0.7222, acc: 0.7089
loss: 0.7325, acc: 0.7020
loss: 0.7492, acc: 0.6934
loss: 0.7514, acc: 0.6899
loss: 0.7476, acc: 0.6913
loss: 0.7456, acc: 0.6954
loss: 0.7377, acc: 0.6972
loss: 0.7382, acc: 0.6991
loss: 0.7361, acc: 0.6995
loss: 0.7398, acc: 0.6965
loss: 0.7340, acc: 0.6985
loss: 0.7346, acc: 0.6962
loss: 0.7326, acc: 0.6964
loss: 0.7272, acc: 0.6981
loss: 0.7243, acc: 0.6988
loss: 0.7265, acc: 0.6962
> val_acc: 0.7107, val_f1: 0.5255
>> saved: state_dict/gc_ian_restaurant_val_acc0.7107
>>>>>>>>>>>>>>>>>>>>>>>>>>>>>>>>>>>>>>>>>>>>>>>>>>>>>>>>>>>>>>>>>>>>>>>>>>>>>>>>>>>>>>>>>>>>>>>>>>>>
epoch: 5
loss: 0.5923, acc: 0.7375
loss: 0.6403, acc: 0.7438
loss: 0.6275, acc: 0.7521
loss: 0.6282, acc: 0.7500
loss: 0.6452, acc: 0.7362
loss: 0.6548, acc: 0.7271
loss: 0.6562, acc: 0.7286
loss: 0.6740, acc: 0.7195
loss: 0.6712, acc: 0.7160
loss: 0.6727, acc: 0.7150
loss: 0.6879, acc: 0.7102
loss: 0.6877, acc: 0.7094
loss: 0.6853, acc: 0.7120
loss: 0.6869, acc: 0.7121
loss: 0.6905, acc: 0.7092
loss: 0.6843, acc: 0.7129
loss: 0.6791, acc: 0.7165
loss: 0.6745, acc: 0.7184
loss: 0.6741, acc: 0.7184
loss: 0.6762, acc: 0.7181
loss: 0.6793, acc: 0.7185
loss: 0.6737, acc: 0.7193
> val_acc: 0.6536, val_f1: 0.5334
>>>>>>>>>>>>>>>>>>>>>>>>>>>>>>>>>>>>>>>>>>>>>>>>>>>>>>>>>>>>>>>>>>>>>>>>>>>>>>>>>>>>>>>>>>>>>>>>>>>>
epoch: 6
loss: 0.6340, acc: 0.7812
loss: 0.6030, acc: 0.7812
loss: 0.6365, acc: 0.7422
loss: 0.6163, acc: 0.7353
loss: 0.6199, acc: 0.7315
loss: 0.6299, acc: 0.7245
loss: 0.6225, acc: 0.7314
loss: 0.6232, acc: 0.7340
loss: 0.6192, acc: 0.7336
loss: 0.6180, acc: 0.7340
loss: 0.6136, acc: 0.7356
loss: 0.6104, acc: 0.7396
loss: 0.6211, acc: 0.7359
loss: 0.6197, acc: 0.7383
loss: 0.6171, acc: 0.7409
loss: 0.6127, acc: 0.7423
loss: 0.6137, acc: 0.7412
loss: 0.6165, acc: 0.7403
loss: 0.6131, acc: 0.7429
loss: 0.6173, acc: 0.7397
loss: 0.6223, acc: 0.7381
loss: 0.6234, acc: 0.7386
loss: 0.6278, acc: 0.7374
> val_acc: 0.6929, val_f1: 0.5263
>>>>>>>>>>>>>>>>>>>>>>>>>>>>>>>>>>>>>>>>>>>>>>>>>>>>>>>>>>>>>>>>>>>>>>>>>>>>>>>>>>>>>>>>>>>>>>>>>>>>
epoch: 7
loss: 0.6327, acc: 0.7344
loss: 0.6628, acc: 0.7257
loss: 0.5915, acc: 0.7634
loss: 0.5896, acc: 0.7599
loss: 0.5909, acc: 0.7526
loss: 0.6002, acc: 0.7425
loss: 0.6018, acc: 0.7445
loss: 0.5920, acc: 0.7524
loss: 0.5911, acc: 0.7514
loss: 0.5794, acc: 0.7577
loss: 0.5727, acc: 0.7616
loss: 0.5752, acc: 0.7606
loss: 0.5768, acc: 0.7612
loss: 0.5747, acc: 0.7618
loss: 0.5775, acc: 0.7597
loss: 0.5790, acc: 0.7619
loss: 0.5837, acc: 0.7582
loss: 0.5836, acc: 0.7574
loss: 0.5863, acc: 0.7563
loss: 0.5873, acc: 0.7563
loss: 0.5904, acc: 0.7548
loss: 0.5896, acc: 0.7554
> val_acc: 0.6920, val_f1: 0.4564
>>>>>>>>>>>>>>>>>>>>>>>>>>>>>>>>>>>>>>>>>>>>>>>>>>>>>>>>>>>>>>>>>>>>>>>>>>>>>>>>>>>>>>>>>>>>>>>>>>>>
epoch: 8
loss: 0.7586, acc: 0.7500
loss: 0.5753, acc: 0.7812
loss: 0.5420, acc: 0.7955
loss: 0.5530, acc: 0.7891
loss: 0.5630, acc: 0.7887
loss: 0.5637, acc: 0.7788
loss: 0.5524, acc: 0.7833
loss: 0.5444, acc: 0.7830
loss: 0.5392, acc: 0.7828
loss: 0.5348, acc: 0.7819
loss: 0.5367, acc: 0.7849
loss: 0.5366, acc: 0.7857
loss: 0.5413, acc: 0.7838
loss: 0.5386, acc: 0.7850
loss: 0.5344, acc: 0.7857
loss: 0.5397, acc: 0.7841
loss: 0.5352, acc: 0.7867
loss: 0.5355, acc: 0.7856
loss: 0.5365, acc: 0.7861
loss: 0.5382, acc: 0.7858
loss: 0.5403, acc: 0.7828
loss: 0.5428, acc: 0.7827
loss: 0.5431, acc: 0.7821
> val_acc: 0.6955, val_f1: 0.5367
>>>>>>>>>>>>>>>>>>>>>>>>>>>>>>>>>>>>>>>>>>>>>>>>>>>>>>>>>>>>>>>>>>>>>>>>>>>>>>>>>>>>>>>>>>>>>>>>>>>>
epoch: 9
loss: 0.5206, acc: 0.7708
loss: 0.4707, acc: 0.7969
loss: 0.4530, acc: 0.8173
loss: 0.4656, acc: 0.8142
loss: 0.4613, acc: 0.8179
loss: 0.4531, acc: 0.8237
loss: 0.4654, acc: 0.8144
loss: 0.4613, acc: 0.8199
loss: 0.4551, acc: 0.8219
loss: 0.4516, acc: 0.8242
loss: 0.4482, acc: 0.8243
loss: 0.4491, acc: 0.8227
loss: 0.4492, acc: 0.8234
loss: 0.4441, acc: 0.8272
loss: 0.4498, acc: 0.8245
loss: 0.4546, acc: 0.8209
loss: 0.4576, acc: 0.8208
loss: 0.4572, acc: 0.8207
loss: 0.4598, acc: 0.8189
loss: 0.4594, acc: 0.8182
loss: 0.4625, acc: 0.8167
loss: 0.4689, acc: 0.8139
loss: 0.4677, acc: 0.8149
> val_acc: 0.6687, val_f1: 0.5232
>>>>>>>>>>>>>>>>>>>>>>>>>>>>>>>>>>>>>>>>>>>>>>>>>>>>>>>>>>>>>>>>>>>>>>>>>>>>>>>>>>>>>>>>>>>>>>>>>>>>
epoch: 10
loss: 0.3670, acc: 0.8625
loss: 0.3406, acc: 0.8719
loss: 0.3706, acc: 0.8583
loss: 0.3662, acc: 0.8562
loss: 0.3643, acc: 0.8550
loss: 0.3816, acc: 0.8417
loss: 0.3879, acc: 0.8411
loss: 0.3910, acc: 0.8406
loss: 0.3939, acc: 0.8417
loss: 0.3986, acc: 0.8400
loss: 0.3943, acc: 0.8449
loss: 0.3947, acc: 0.8448
loss: 0.3936, acc: 0.8457
loss: 0.4038, acc: 0.8411
loss: 0.4011, acc: 0.8413
loss: 0.4034, acc: 0.8410
loss: 0.4063, acc: 0.8404
loss: 0.4048, acc: 0.8399
loss: 0.4060, acc: 0.8398
loss: 0.4083, acc: 0.8378
loss: 0.4165, acc: 0.8330
loss: 0.4244, acc: 0.8298
> val_acc: 0.6732, val_f1: 0.5289
>>>>>>>>>>>>>>>>>>>>>>>>>>>>>>>>>>>>>>>>>>>>>>>>>>>>>>>>>>>>>>>>>>>>>>>>>>>>>>>>>>>>>>>>>>>>>>>>>>>>
epoch: 11
loss: 0.3408, acc: 0.8438
loss: 0.3369, acc: 0.8661
loss: 0.3416, acc: 0.8672
loss: 0.3350, acc: 0.8713
loss: 0.3290, acc: 0.8679
loss: 0.3487, acc: 0.8600
loss: 0.3562, acc: 0.8574
loss: 0.3542, acc: 0.8615
loss: 0.3671, acc: 0.8534
loss: 0.3649, acc: 0.8544
loss: 0.3657, acc: 0.8546
loss: 0.3693, acc: 0.8547
loss: 0.3695, acc: 0.8543
loss: 0.3766, acc: 0.8531
loss: 0.3772, acc: 0.8516
loss: 0.3743, acc: 0.8511
loss: 0.3696, acc: 0.8548
loss: 0.3716, acc: 0.8549
loss: 0.3680, acc: 0.8570
loss: 0.3782, acc: 0.8534
loss: 0.3853, acc: 0.8517
loss: 0.3964, acc: 0.8458
loss: 0.3998, acc: 0.8443
> val_acc: 0.6304, val_f1: 0.5096
>>>>>>>>>>>>>>>>>>>>>>>>>>>>>>>>>>>>>>>>>>>>>>>>>>>>>>>>>>>>>>>>>>>>>>>>>>>>>>>>>>>>>>>>>>>>>>>>>>>>
epoch: 12
loss: 0.3759, acc: 0.8906
loss: 0.3280, acc: 0.8924
loss: 0.3339, acc: 0.8906
loss: 0.3439, acc: 0.8799
loss: 0.3531, acc: 0.8711
loss: 0.3585, acc: 0.8696
loss: 0.3677, acc: 0.8603
loss: 0.3649, acc: 0.8606
loss: 0.3788, acc: 0.8572
loss: 0.3805, acc: 0.8552
loss: 0.3795, acc: 0.8565
loss: 0.3813, acc: 0.8543
loss: 0.3829, acc: 0.8530
loss: 0.3855, acc: 0.8496
loss: 0.3816, acc: 0.8505
loss: 0.3802, acc: 0.8517
loss: 0.3826, acc: 0.8512
loss: 0.3845, acc: 0.8501
loss: 0.3886, acc: 0.8494
loss: 0.3874, acc: 0.8494
loss: 0.3912, acc: 0.8480
loss: 0.3914, acc: 0.8486
> val_acc: 0.6911, val_f1: 0.4927
>>>>>>>>>>>>>>>>>>>>>>>>>>>>>>>>>>>>>>>>>>>>>>>>>>>>>>>>>>>>>>>>>>>>>>>>>>>>>>>>>>>>>>>>>>>>>>>>>>>>
epoch: 13
loss: 0.4262, acc: 0.8438
loss: 0.2847, acc: 0.9010
loss: 0.4325, acc: 0.8665
loss: 0.5721, acc: 0.8008
loss: 0.6187, acc: 0.7783
loss: 0.5991, acc: 0.7752
loss: 0.6725, acc: 0.7470
loss: 0.7267, acc: 0.7309
loss: 0.7434, acc: 0.7233
loss: 0.7493, acc: 0.7208
loss: 0.7410, acc: 0.7273
loss: 0.7174, acc: 0.7327
loss: 0.7043, acc: 0.7382
loss: 0.6931, acc: 0.7429
loss: 0.6815, acc: 0.7478
loss: 0.6704, acc: 0.7525
loss: 0.6600, acc: 0.7550
loss: 0.6481, acc: 0.7584
loss: 0.6406, acc: 0.7620
loss: 0.6323, acc: 0.7646
loss: 0.6240, acc: 0.7673
loss: 0.6192, acc: 0.7662
loss: 0.6107, acc: 0.7697
> val_acc: 0.6937, val_f1: 0.4950
>>>>>>>>>>>>>>>>>>>>>>>>>>>>>>>>>>>>>>>>>>>>>>>>>>>>>>>>>>>>>>>>>>>>>>>>>>>>>>>>>>>>>>>>>>>>>>>>>>>>
epoch: 14
loss: 0.3568, acc: 0.9062
loss: 0.3921, acc: 0.8516
loss: 0.3850, acc: 0.8510
loss: 0.4105, acc: 0.8438
loss: 0.4284, acc: 0.8356
loss: 0.4480, acc: 0.8281
loss: 0.4509, acc: 0.8258
loss: 0.4337, acc: 0.8347
loss: 0.4243, acc: 0.8430
loss: 0.4218, acc: 0.8411
loss: 0.4337, acc: 0.8390
loss: 0.4404, acc: 0.8351
loss: 0.4436, acc: 0.8328
loss: 0.4364, acc: 0.8364
loss: 0.4322, acc: 0.8395
loss: 0.4220, acc: 0.8438
loss: 0.4188, acc: 0.8453
loss: 0.4175, acc: 0.8445
loss: 0.4174, acc: 0.8431
loss: 0.4123, acc: 0.8457
loss: 0.4100, acc: 0.8444
loss: 0.4071, acc: 0.8452
loss: 0.4039, acc: 0.8467
> val_acc: 0.6875, val_f1: 0.5503
>>>>>>>>>>>>>>>>>>>>>>>>>>>>>>>>>>>>>>>>>>>>>>>>>>>>>>>>>>>>>>>>>>>>>>>>>>>>>>>>>>>>>>>>>>>>>>>>>>>>
epoch: 15
loss: 0.2468, acc: 0.9125
loss: 0.2695, acc: 0.9000
loss: 0.2762, acc: 0.8958
loss: 0.3000, acc: 0.8859
loss: 0.2934, acc: 0.8925
loss: 0.2972, acc: 0.8917
loss: 0.2887, acc: 0.8982
loss: 0.2853, acc: 0.9016
loss: 0.2901, acc: 0.8993
loss: 0.2895, acc: 0.8988
loss: 0.2902, acc: 0.8955
loss: 0.2967, acc: 0.8927
loss: 0.3004, acc: 0.8899
loss: 0.3154, acc: 0.8821
loss: 0.3175, acc: 0.8804
loss: 0.3217, acc: 0.8797
loss: 0.3228, acc: 0.8776
loss: 0.3234, acc: 0.8778
loss: 0.3253, acc: 0.8763
loss: 0.3306, acc: 0.8734
loss: 0.3323, acc: 0.8717
loss: 0.3318, acc: 0.8716
> val_acc: 0.7000, val_f1: 0.5290
>>>>>>>>>>>>>>>>>>>>>>>>>>>>>>>>>>>>>>>>>>>>>>>>>>>>>>>>>>>>>>>>>>>>>>>>>>>>>>>>>>>>>>>>>>>>>>>>>>>>
epoch: 16
loss: 0.3302, acc: 0.8594
loss: 0.2945, acc: 0.8705
loss: 0.3141, acc: 0.8776
loss: 0.2993, acc: 0.8897
loss: 0.3459, acc: 0.8707
loss: 0.3377, acc: 0.8738
loss: 0.3271, acc: 0.8799
loss: 0.3176, acc: 0.8834
loss: 0.3157, acc: 0.8817
loss: 0.3167, acc: 0.8797
loss: 0.3078, acc: 0.8858
loss: 0.3066, acc: 0.8871
loss: 0.2998, acc: 0.8896
loss: 0.2993, acc: 0.8918
loss: 0.2995, acc: 0.8902
loss: 0.2962, acc: 0.8929
loss: 0.2956, acc: 0.8933
loss: 0.2958, acc: 0.8930
loss: 0.2989, acc: 0.8903
loss: 0.3034, acc: 0.8898
loss: 0.3048, acc: 0.8897
loss: 0.3058, acc: 0.8870
loss: 0.3095, acc: 0.8839
> val_acc: 0.6634, val_f1: 0.5146
>>>>>>>>>>>>>>>>>>>>>>>>>>>>>>>>>>>>>>>>>>>>>>>>>>>>>>>>>>>>>>>>>>>>>>>>>>>>>>>>>>>>>>>>>>>>>>>>>>>>
epoch: 17
loss: 0.2671, acc: 0.9219
loss: 0.2880, acc: 0.9097
loss: 0.3248, acc: 0.8929
loss: 0.3135, acc: 0.8931
loss: 0.3050, acc: 0.8919
loss: 0.2968, acc: 0.8955
loss: 0.2924, acc: 0.8961
loss: 0.2983, acc: 0.8966
loss: 0.2948, acc: 0.8984
loss: 0.2894, acc: 0.9005
loss: 0.2867, acc: 0.8970
loss: 0.2936, acc: 0.8951
loss: 0.2951, acc: 0.8931
loss: 0.2911, acc: 0.8954
loss: 0.2911, acc: 0.8940
loss: 0.2892, acc: 0.8960
loss: 0.2882, acc: 0.8977
loss: 0.2871, acc: 0.8989
loss: 0.2873, acc: 0.8989
loss: 0.2859, acc: 0.8993
loss: 0.2887, acc: 0.8987
loss: 0.2894, acc: 0.8974
> val_acc: 0.6625, val_f1: 0.5210
>>>>>>>>>>>>>>>>>>>>>>>>>>>>>>>>>>>>>>>>>>>>>>>>>>>>>>>>>>>>>>>>>>>>>>>>>>>>>>>>>>>>>>>>>>>>>>>>>>>>
epoch: 18
loss: 0.1871, acc: 0.9375
loss: 0.1995, acc: 0.9427
loss: 0.2143, acc: 0.9318
loss: 0.2128, acc: 0.9316
loss: 0.2099, acc: 0.9286
loss: 0.2150, acc: 0.9231
loss: 0.2303, acc: 0.9173
loss: 0.2268, acc: 0.9167
loss: 0.2272, acc: 0.9162
loss: 0.2258, acc: 0.9164
loss: 0.2228, acc: 0.9173
loss: 0.2256, acc: 0.9180
loss: 0.2268, acc: 0.9180
loss: 0.2276, acc: 0.9167
loss: 0.2245, acc: 0.9186
loss: 0.2238, acc: 0.9178
loss: 0.2212, acc: 0.9182
loss: 0.2202, acc: 0.9197
loss: 0.2212, acc: 0.9193
loss: 0.2228, acc: 0.9183
loss: 0.2201, acc: 0.9189
loss: 0.2174, acc: 0.9198
loss: 0.2176, acc: 0.9189
> val_acc: 0.6670, val_f1: 0.5403
>>>>>>>>>>>>>>>>>>>>>>>>>>>>>>>>>>>>>>>>>>>>>>>>>>>>>>>>>>>>>>>>>>>>>>>>>>>>>>>>>>>>>>>>>>>>>>>>>>>>
epoch: 19
loss: 0.2066, acc: 0.9375
loss: 0.1655, acc: 0.9531
loss: 0.1684, acc: 0.9471
loss: 0.1741, acc: 0.9462
loss: 0.1586, acc: 0.9511
loss: 0.1677, acc: 0.9487
loss: 0.1616, acc: 0.9498
loss: 0.1601, acc: 0.9507
loss: 0.1651, acc: 0.9484
loss: 0.1673, acc: 0.9466
loss: 0.1726, acc: 0.9458
loss: 0.1715, acc: 0.9461
loss: 0.1714, acc: 0.9464
loss: 0.1704, acc: 0.9472
loss: 0.1684, acc: 0.9473
loss: 0.1725, acc: 0.9435
loss: 0.1749, acc: 0.9424
loss: 0.1775, acc: 0.9411
loss: 0.1817, acc: 0.9392
loss: 0.1844, acc: 0.9388
loss: 0.1850, acc: 0.9384
loss: 0.1892, acc: 0.9361
loss: 0.1896, acc: 0.9360
> val_acc: 0.6696, val_f1: 0.5105
>>>>>>>>>>>>>>>>>>>>>>>>>>>>>>>>>>>>>>>>>>>>>>>>>>>>>>>>>>>>>>>>>>>>>>>>>>>>>>>>>>>>>>>>>>>>>>>>>>>>
epoch: 20
loss: 0.1935, acc: 0.9250
loss: 0.1788, acc: 0.9344
loss: 0.1493, acc: 0.9479
loss: 0.1494, acc: 0.9469
loss: 0.1515, acc: 0.9463
loss: 0.1524, acc: 0.9458
loss: 0.1519, acc: 0.9446
loss: 0.1539, acc: 0.9422
loss: 0.1516, acc: 0.9431
loss: 0.1499, acc: 0.9444
loss: 0.1496, acc: 0.9437
loss: 0.1560, acc: 0.9422
loss: 0.1594, acc: 0.9428
loss: 0.1599, acc: 0.9420
loss: 0.1570, acc: 0.9442
loss: 0.1605, acc: 0.9430
loss: 0.1593, acc: 0.9445
loss: 0.1596, acc: 0.9451
loss: 0.1597, acc: 0.9457
loss: 0.1585, acc: 0.9466
loss: 0.1590, acc: 0.9458
loss: 0.1571, acc: 0.9472
> val_acc: 0.6562, val_f1: 0.5292
>>>>>>>>>>>>>>>>>>>>>>>>>>>>>>>>>>>>>>>>>>>>>>>>>>>>>>>>>>>>>>>>>>>>>>>>>>>>>>>>>>>>>>>>>>>>>>>>>>>>
epoch: 21
loss: 0.1431, acc: 0.9688
loss: 0.1699, acc: 0.9464
loss: 0.1756, acc: 0.9453
loss: 0.1787, acc: 0.9412
loss: 0.1762, acc: 0.9432
loss: 0.1752, acc: 0.9433
loss: 0.1739, acc: 0.9443
loss: 0.1780, acc: 0.9443
loss: 0.1832, acc: 0.9464
loss: 0.1911, acc: 0.9435
loss: 0.1852, acc: 0.9447
loss: 0.1867, acc: 0.9413
loss: 0.1888, acc: 0.9390
loss: 0.1980, acc: 0.9370
loss: 0.1998, acc: 0.9362
loss: 0.2010, acc: 0.9355
loss: 0.2025, acc: 0.9337
loss: 0.2039, acc: 0.9321
loss: 0.2049, acc: 0.9314
loss: 0.2046, acc: 0.9320
loss: 0.2054, acc: 0.9314
loss: 0.2082, acc: 0.9308
loss: 0.2115, acc: 0.9297
> val_acc: 0.6866, val_f1: 0.5279
>>>>>>>>>>>>>>>>>>>>>>>>>>>>>>>>>>>>>>>>>>>>>>>>>>>>>>>>>>>>>>>>>>>>>>>>>>>>>>>>>>>>>>>>>>>>>>>>>>>>
epoch: 22
loss: 0.1005, acc: 0.9688
loss: 0.1286, acc: 0.9688
loss: 0.1527, acc: 0.9487
loss: 0.1550, acc: 0.9507
loss: 0.1458, acc: 0.9583
loss: 0.1436, acc: 0.9591
loss: 0.1473, acc: 0.9568
loss: 0.1528, acc: 0.9527
loss: 0.1482, acc: 0.9545
loss: 0.1441, acc: 0.9566
loss: 0.1539, acc: 0.9514
loss: 0.1569, acc: 0.9492
loss: 0.1564, acc: 0.9492
loss: 0.1565, acc: 0.9479
loss: 0.1546, acc: 0.9493
loss: 0.1552, acc: 0.9478
loss: 0.1590, acc: 0.9475
loss: 0.1642, acc: 0.9449
loss: 0.1633, acc: 0.9445
loss: 0.1662, acc: 0.9419
loss: 0.1647, acc: 0.9429
loss: 0.1680, acc: 0.9415
> val_acc: 0.6848, val_f1: 0.5025
>>>>>>>>>>>>>>>>>>>>>>>>>>>>>>>>>>>>>>>>>>>>>>>>>>>>>>>>>>>>>>>>>>>>>>>>>>>>>>>>>>>>>>>>>>>>>>>>>>>>
epoch: 23
loss: 0.1108, acc: 0.9688
loss: 0.2951, acc: 0.9062
loss: 0.3233, acc: 0.8977
loss: 0.3238, acc: 0.8984
loss: 0.3173, acc: 0.8943
loss: 0.3034, acc: 0.8978
loss: 0.3001, acc: 0.8992
loss: 0.2830, acc: 0.9054
loss: 0.2742, acc: 0.9101
loss: 0.2750, acc: 0.9117
loss: 0.2680, acc: 0.9130
loss: 0.2746, acc: 0.9124
loss: 0.2708, acc: 0.9150
loss: 0.2684, acc: 0.9143
loss: 0.2668, acc: 0.9155
loss: 0.2634, acc: 0.9165
loss: 0.2584, acc: 0.9182
loss: 0.2521, acc: 0.9204
loss: 0.2580, acc: 0.9179
loss: 0.2526, acc: 0.9196
loss: 0.2519, acc: 0.9189
loss: 0.2564, acc: 0.9183
loss: 0.2559, acc: 0.9178
> val_acc: 0.6875, val_f1: 0.5333
>>>>>>>>>>>>>>>>>>>>>>>>>>>>>>>>>>>>>>>>>>>>>>>>>>>>>>>>>>>>>>>>>>>>>>>>>>>>>>>>>>>>>>>>>>>>>>>>>>>>
epoch: 24
loss: 0.2320, acc: 0.9062
loss: 0.1873, acc: 0.9219
loss: 0.1958, acc: 0.9279
loss: 0.2031, acc: 0.9253
loss: 0.1981, acc: 0.9293
loss: 0.2052, acc: 0.9275
loss: 0.2007, acc: 0.9280
loss: 0.2034, acc: 0.9268
loss: 0.2011, acc: 0.9281
loss: 0.2018, acc: 0.9290
loss: 0.2026, acc: 0.9292
loss: 0.1998, acc: 0.9305
loss: 0.2016, acc: 0.9315
loss: 0.2014, acc: 0.9311
loss: 0.2031, acc: 0.9307
loss: 0.2038, acc: 0.9295
loss: 0.2024, acc: 0.9303
loss: 0.2019, acc: 0.9304
loss: 0.2042, acc: 0.9294
loss: 0.2044, acc: 0.9295
loss: 0.2065, acc: 0.9284
loss: 0.2056, acc: 0.9277
loss: 0.2058, acc: 0.9263
> val_acc: 0.6830, val_f1: 0.5157
>>>>>>>>>>>>>>>>>>>>>>>>>>>>>>>>>>>>>>>>>>>>>>>>>>>>>>>>>>>>>>>>>>>>>>>>>>>>>>>>>>>>>>>>>>>>>>>>>>>>
epoch: 25
loss: 0.2004, acc: 0.9187
loss: 0.1469, acc: 0.9469
loss: 0.1389, acc: 0.9542
loss: 0.1388, acc: 0.9547
loss: 0.1328, acc: 0.9563
loss: 0.1297, acc: 0.9573
loss: 0.1357, acc: 0.9545
loss: 0.1358, acc: 0.9547
loss: 0.1334, acc: 0.9549
loss: 0.1328, acc: 0.9550
loss: 0.1403, acc: 0.9523
loss: 0.1412, acc: 0.9526
loss: 0.1431, acc: 0.9510
loss: 0.1439, acc: 0.9504
loss: 0.1426, acc: 0.9517
loss: 0.1468, acc: 0.9500
loss: 0.1516, acc: 0.9474
loss: 0.1556, acc: 0.9462
loss: 0.1561, acc: 0.9464
loss: 0.1588, acc: 0.9453
loss: 0.1580, acc: 0.9452
loss: 0.1561, acc: 0.9460
> val_acc: 0.6955, val_f1: 0.5307
>>>>>>>>>>>>>>>>>>>>>>>>>>>>>>>>>>>>>>>>>>>>>>>>>>>>>>>>>>>>>>>>>>>>>>>>>>>>>>>>>>>>>>>>>>>>>>>>>>>>
epoch: 26
loss: 0.1026, acc: 0.9688
loss: 0.0976, acc: 0.9777
loss: 0.1112, acc: 0.9688
loss: 0.1114, acc: 0.9669
loss: 0.1082, acc: 0.9673
loss: 0.1157, acc: 0.9641
loss: 0.1185, acc: 0.9629
loss: 0.1191, acc: 0.9620
loss: 0.1165, acc: 0.9635
loss: 0.1251, acc: 0.9594
loss: 0.1250, acc: 0.9597
loss: 0.1235, acc: 0.9616
loss: 0.1217, acc: 0.9627
loss: 0.1202, acc: 0.9627
loss: 0.1216, acc: 0.9614
loss: 0.1186, acc: 0.9623
loss: 0.1222, acc: 0.9596
loss: 0.1278, acc: 0.9565
loss: 0.1292, acc: 0.9558
loss: 0.1288, acc: 0.9565
loss: 0.1275, acc: 0.9568
loss: 0.1275, acc: 0.9574
loss: 0.1267, acc: 0.9570
> val_acc: 0.6875, val_f1: 0.5379
>>>>>>>>>>>>>>>>>>>>>>>>>>>>>>>>>>>>>>>>>>>>>>>>>>>>>>>>>>>>>>>>>>>>>>>>>>>>>>>>>>>>>>>>>>>>>>>>>>>>
epoch: 27
loss: 0.0686, acc: 0.9766
loss: 0.0747, acc: 0.9757
loss: 0.0770, acc: 0.9799
loss: 0.0824, acc: 0.9770
loss: 0.0813, acc: 0.9779
loss: 0.0932, acc: 0.9731
loss: 0.0927, acc: 0.9733
loss: 0.0976, acc: 0.9704
loss: 0.0977, acc: 0.9695
loss: 0.0996, acc: 0.9688
loss: 0.1075, acc: 0.9653
loss: 0.1181, acc: 0.9635
loss: 0.1286, acc: 0.9585
loss: 0.1370, acc: 0.9543
loss: 0.1415, acc: 0.9527
loss: 0.1446, acc: 0.9513
loss: 0.1464, acc: 0.9513
loss: 0.1533, acc: 0.9487
loss: 0.1597, acc: 0.9455
loss: 0.1705, acc: 0.9438
loss: 0.1725, acc: 0.9432
loss: 0.1706, acc: 0.9429
> val_acc: 0.6687, val_f1: 0.5292
>>>>>>>>>>>>>>>>>>>>>>>>>>>>>>>>>>>>>>>>>>>>>>>>>>>>>>>>>>>>>>>>>>>>>>>>>>>>>>>>>>>>>>>>>>>>>>>>>>>>
epoch: 28
loss: 0.1829, acc: 0.9375
loss: 0.1188, acc: 0.9583
loss: 0.1200, acc: 0.9545
loss: 0.1338, acc: 0.9512
loss: 0.1543, acc: 0.9420
loss: 0.1728, acc: 0.9387
loss: 0.1771, acc: 0.9375
loss: 0.1888, acc: 0.9340
loss: 0.1841, acc: 0.9360
loss: 0.1908, acc: 0.9341
loss: 0.2015, acc: 0.9326
loss: 0.1939, acc: 0.9358
loss: 0.1950, acc: 0.9349
loss: 0.1994, acc: 0.9347
loss: 0.2071, acc: 0.9327
loss: 0.2086, acc: 0.9322
loss: 0.2035, acc: 0.9329
loss: 0.1987, acc: 0.9353
loss: 0.1949, acc: 0.9368
loss: 0.1905, acc: 0.9382
loss: 0.1861, acc: 0.9397
loss: 0.1874, acc: 0.9396
loss: 0.1855, acc: 0.9398
> val_acc: 0.6670, val_f1: 0.4994
>>>>>>>>>>>>>>>>>>>>>>>>>>>>>>>>>>>>>>>>>>>>>>>>>>>>>>>>>>>>>>>>>>>>>>>>>>>>>>>>>>>>>>>>>>>>>>>>>>>>
epoch: 29
loss: 0.2682, acc: 0.9479
loss: 0.1968, acc: 0.9375
loss: 0.1833, acc: 0.9423
loss: 0.1517, acc: 0.9549
loss: 0.1506, acc: 0.9565
loss: 0.1484, acc: 0.9565
loss: 0.1369, acc: 0.9593
loss: 0.1363, acc: 0.9581
loss: 0.1300, acc: 0.9600
loss: 0.1264, acc: 0.9622
loss: 0.1256, acc: 0.9617
loss: 0.1205, acc: 0.9634
loss: 0.1166, acc: 0.9653
loss: 0.1171, acc: 0.9651
loss: 0.1176, acc: 0.9653
loss: 0.1150, acc: 0.9655
loss: 0.1133, acc: 0.9669
loss: 0.1147, acc: 0.9652
loss: 0.1177, acc: 0.9640
loss: 0.1193, acc: 0.9624
loss: 0.1209, acc: 0.9609
loss: 0.1216, acc: 0.9604
loss: 0.1216, acc: 0.9595
> val_acc: 0.6625, val_f1: 0.5290
>> test_acc: 0.7107, test_f1: 0.5255
