cuda memory allocated: 22454272
n_trainable_params: 3846403, n_nontrainable_params: 1764800
> training arguments:
>>> model_name: gc_ian
>>> model_ver: 3
>>> dataset: restaurant
>>> optimizer: <class 'torch.optim.adagrad.Adagrad'>
>>> initializer: <function xavier_uniform_ at 0x0000018D0DB376A8>
>>> learning_rate: 0.01
>>> momentum: 0.95
>>> dropout: 0.5
>>> l2reg: 5e-05
>>> num_epoch: 30
>>> batch_size: 32
>>> log_step: 5
>>> embed_dim: 400
>>> hidden_dim: 300
>>> bert_dim: 768
>>> pretrained_bert_name: bert-base-uncased
>>> embeddings: gd
>>> max_seq_len: 80
>>> polarities_dim: 3
>>> hops: 3
>>> device: cuda
>>> seed: 0
>>> valset_ratio: 0
>>> num_layers: 1
>>> in_channels: 100
>>> out_channels: 1
>>> downbot: 20
>>> kernel_size: 3
>>> glove_path: ./embeddings/glove.840B.300d.txt
>>> embedding_matrix_path: gen_data/embeddings/400_restaurant_glove_domain_embedding_matrix.dat
>>> model_class: <class 'models.gc_ian.GC_IAN3'>
>>> dataset_file: {'train': './datasets/semeval14/Restaurants_Train.xml.seg', 'test': './datasets/semeval14/Restaurants_Test_Gold.xml.seg'}
>>> inputs_cols: ['text_raw_indices', 'aspect_indices']
>>>>>>>>>>>>>>>>>>>>>>>>>>>>>>>>>>>>>>>>>>>>>>>>>>>>>>>>>>>>>>>>>>>>>>>>>>>>>>>>>>>>>>>>>>>>>>>>>>>>
epoch: 0
loss: 2.8704, acc: 0.3625
loss: 2.0773, acc: 0.4844
loss: 1.7268, acc: 0.5083
loss: 1.5299, acc: 0.5188
loss: 1.4122, acc: 0.5312
loss: 1.3104, acc: 0.5490
loss: 1.2425, acc: 0.5687
loss: 1.2007, acc: 0.5773
loss: 1.1535, acc: 0.5896
loss: 1.1233, acc: 0.5887
loss: 1.0902, acc: 0.5983
loss: 1.0619, acc: 0.6042
loss: 1.0446, acc: 0.6087
loss: 1.0309, acc: 0.6094
loss: 1.0108, acc: 0.6171
loss: 0.9871, acc: 0.6246
loss: 0.9768, acc: 0.6276
loss: 0.9585, acc: 0.6309
loss: 0.9455, acc: 0.6349
loss: 0.9349, acc: 0.6397
loss: 0.9277, acc: 0.6402
loss: 0.9109, acc: 0.6469
> val_acc: 0.7241, val_f1: 0.5008
>> saved: state_dict/gc_ian_restaurant_val_acc0.7241
>>>>>>>>>>>>>>>>>>>>>>>>>>>>>>>>>>>>>>>>>>>>>>>>>>>>>>>>>>>>>>>>>>>>>>>>>>>>>>>>>>>>>>>>>>>>>>>>>>>>
epoch: 1
loss: 0.6404, acc: 0.7031
loss: 0.6191, acc: 0.7277
loss: 0.5821, acc: 0.7604
loss: 0.5644, acc: 0.7757
loss: 0.5666, acc: 0.7727
loss: 0.5540, acc: 0.7766
loss: 0.5542, acc: 0.7764
loss: 0.5533, acc: 0.7796
loss: 0.5561, acc: 0.7790
loss: 0.5550, acc: 0.7779
loss: 0.5443, acc: 0.7855
loss: 0.5502, acc: 0.7807
loss: 0.5448, acc: 0.7848
loss: 0.5513, acc: 0.7794
loss: 0.5517, acc: 0.7791
loss: 0.5467, acc: 0.7808
loss: 0.5491, acc: 0.7797
loss: 0.5490, acc: 0.7827
loss: 0.5514, acc: 0.7809
loss: 0.5497, acc: 0.7825
loss: 0.5543, acc: 0.7779
loss: 0.5522, acc: 0.7786
loss: 0.5497, acc: 0.7790
> val_acc: 0.7723, val_f1: 0.6115
>> saved: state_dict/gc_ian_restaurant_val_acc0.7723
>>>>>>>>>>>>>>>>>>>>>>>>>>>>>>>>>>>>>>>>>>>>>>>>>>>>>>>>>>>>>>>>>>>>>>>>>>>>>>>>>>>>>>>>>>>>>>>>>>>>
epoch: 2
loss: 0.5361, acc: 0.7891
loss: 0.4971, acc: 0.7917
loss: 0.4583, acc: 0.8147
loss: 0.4494, acc: 0.8257
loss: 0.4603, acc: 0.8190
loss: 0.4582, acc: 0.8179
loss: 0.4543, acc: 0.8244
loss: 0.4597, acc: 0.8205
loss: 0.4543, acc: 0.8253
loss: 0.4588, acc: 0.8233
loss: 0.4579, acc: 0.8223
loss: 0.4520, acc: 0.8257
loss: 0.4510, acc: 0.8252
loss: 0.4538, acc: 0.8234
loss: 0.4529, acc: 0.8226
loss: 0.4509, acc: 0.8228
loss: 0.4497, acc: 0.8240
loss: 0.4520, acc: 0.8234
loss: 0.4502, acc: 0.8248
loss: 0.4490, acc: 0.8264
loss: 0.4533, acc: 0.8251
loss: 0.4549, acc: 0.8234
> val_acc: 0.7893, val_f1: 0.6620
>> saved: state_dict/gc_ian_restaurant_val_acc0.7893
>>>>>>>>>>>>>>>>>>>>>>>>>>>>>>>>>>>>>>>>>>>>>>>>>>>>>>>>>>>>>>>>>>>>>>>>>>>>>>>>>>>>>>>>>>>>>>>>>>>>
epoch: 3
loss: 0.3028, acc: 0.8750
loss: 0.3692, acc: 0.8750
loss: 0.3463, acc: 0.8835
loss: 0.3869, acc: 0.8535
loss: 0.3846, acc: 0.8527
loss: 0.3902, acc: 0.8522
loss: 0.3832, acc: 0.8569
loss: 0.3736, acc: 0.8611
loss: 0.3691, acc: 0.8636
loss: 0.3725, acc: 0.8621
loss: 0.3833, acc: 0.8566
loss: 0.3903, acc: 0.8566
loss: 0.3871, acc: 0.8586
loss: 0.3844, acc: 0.8584
loss: 0.3878, acc: 0.8570
loss: 0.3893, acc: 0.8565
loss: 0.3873, acc: 0.8565
loss: 0.3937, acc: 0.8543
loss: 0.3952, acc: 0.8530
loss: 0.3937, acc: 0.8542
loss: 0.3939, acc: 0.8533
loss: 0.3943, acc: 0.8535
loss: 0.3972, acc: 0.8516
> val_acc: 0.7875, val_f1: 0.6621
>>>>>>>>>>>>>>>>>>>>>>>>>>>>>>>>>>>>>>>>>>>>>>>>>>>>>>>>>>>>>>>>>>>>>>>>>>>>>>>>>>>>>>>>>>>>>>>>>>>>
epoch: 4
loss: 0.3329, acc: 0.9062
loss: 0.3148, acc: 0.8945
loss: 0.2979, acc: 0.9087
loss: 0.3007, acc: 0.9062
loss: 0.3081, acc: 0.9022
loss: 0.3186, acc: 0.8895
loss: 0.3184, acc: 0.8902
loss: 0.3237, acc: 0.8890
loss: 0.3176, acc: 0.8910
loss: 0.3163, acc: 0.8926
loss: 0.3223, acc: 0.8886
loss: 0.3257, acc: 0.8863
loss: 0.3276, acc: 0.8849
loss: 0.3276, acc: 0.8842
loss: 0.3284, acc: 0.8836
loss: 0.3339, acc: 0.8802
loss: 0.3337, acc: 0.8822
loss: 0.3366, acc: 0.8793
loss: 0.3359, acc: 0.8787
loss: 0.3373, acc: 0.8791
loss: 0.3398, acc: 0.8780
loss: 0.3399, acc: 0.8785
loss: 0.3407, acc: 0.8783
> val_acc: 0.7875, val_f1: 0.6447
>>>>>>>>>>>>>>>>>>>>>>>>>>>>>>>>>>>>>>>>>>>>>>>>>>>>>>>>>>>>>>>>>>>>>>>>>>>>>>>>>>>>>>>>>>>>>>>>>>>>
epoch: 5
loss: 0.3877, acc: 0.8500
loss: 0.3273, acc: 0.8906
loss: 0.3323, acc: 0.8833
loss: 0.3193, acc: 0.8859
loss: 0.3181, acc: 0.8825
loss: 0.3142, acc: 0.8854
loss: 0.3106, acc: 0.8884
loss: 0.3060, acc: 0.8898
loss: 0.3082, acc: 0.8868
loss: 0.3070, acc: 0.8875
loss: 0.3197, acc: 0.8830
loss: 0.3180, acc: 0.8828
loss: 0.3142, acc: 0.8841
loss: 0.3199, acc: 0.8817
loss: 0.3171, acc: 0.8854
loss: 0.3202, acc: 0.8852
loss: 0.3172, acc: 0.8860
loss: 0.3171, acc: 0.8858
loss: 0.3224, acc: 0.8832
loss: 0.3235, acc: 0.8828
loss: 0.3229, acc: 0.8827
loss: 0.3184, acc: 0.8852
> val_acc: 0.7946, val_f1: 0.6760
>> saved: state_dict/gc_ian_restaurant_val_acc0.7946
>>>>>>>>>>>>>>>>>>>>>>>>>>>>>>>>>>>>>>>>>>>>>>>>>>>>>>>>>>>>>>>>>>>>>>>>>>>>>>>>>>>>>>>>>>>>>>>>>>>>
epoch: 6
loss: 0.3488, acc: 0.8750
loss: 0.3116, acc: 0.9018
loss: 0.2946, acc: 0.9062
loss: 0.2968, acc: 0.9007
loss: 0.2934, acc: 0.8977
loss: 0.2875, acc: 0.9016
loss: 0.2940, acc: 0.9004
loss: 0.2866, acc: 0.9029
loss: 0.2827, acc: 0.9077
loss: 0.2787, acc: 0.9069
loss: 0.2824, acc: 0.9050
loss: 0.2809, acc: 0.9057
loss: 0.2807, acc: 0.9042
loss: 0.2764, acc: 0.9058
loss: 0.2778, acc: 0.9049
loss: 0.2805, acc: 0.9018
loss: 0.2840, acc: 0.8990
loss: 0.2833, acc: 0.9012
loss: 0.2820, acc: 0.9015
loss: 0.2800, acc: 0.9017
loss: 0.2815, acc: 0.9004
loss: 0.2803, acc: 0.9010
loss: 0.2804, acc: 0.9007
> val_acc: 0.7848, val_f1: 0.6464
>>>>>>>>>>>>>>>>>>>>>>>>>>>>>>>>>>>>>>>>>>>>>>>>>>>>>>>>>>>>>>>>>>>>>>>>>>>>>>>>>>>>>>>>>>>>>>>>>>>>
epoch: 7
loss: 0.2726, acc: 0.9062
loss: 0.2596, acc: 0.9097
loss: 0.2491, acc: 0.9241
loss: 0.2507, acc: 0.9260
loss: 0.2587, acc: 0.9180
loss: 0.2443, acc: 0.9256
loss: 0.2458, acc: 0.9246
loss: 0.2457, acc: 0.9247
loss: 0.2507, acc: 0.9197
loss: 0.2539, acc: 0.9184
loss: 0.2498, acc: 0.9219
loss: 0.2501, acc: 0.9200
loss: 0.2493, acc: 0.9194
loss: 0.2525, acc: 0.9167
loss: 0.2527, acc: 0.9193
loss: 0.2526, acc: 0.9209
loss: 0.2576, acc: 0.9193
loss: 0.2591, acc: 0.9161
loss: 0.2573, acc: 0.9176
loss: 0.2596, acc: 0.9170
loss: 0.2587, acc: 0.9174
loss: 0.2593, acc: 0.9163
> val_acc: 0.7893, val_f1: 0.6640
>>>>>>>>>>>>>>>>>>>>>>>>>>>>>>>>>>>>>>>>>>>>>>>>>>>>>>>>>>>>>>>>>>>>>>>>>>>>>>>>>>>>>>>>>>>>>>>>>>>>
epoch: 8
loss: 0.2979, acc: 0.9062
loss: 0.2038, acc: 0.9375
loss: 0.2058, acc: 0.9403
loss: 0.2105, acc: 0.9355
loss: 0.2286, acc: 0.9241
loss: 0.2225, acc: 0.9303
loss: 0.2241, acc: 0.9294
loss: 0.2178, acc: 0.9332
loss: 0.2228, acc: 0.9306
loss: 0.2225, acc: 0.9307
loss: 0.2242, acc: 0.9289
loss: 0.2296, acc: 0.9258
loss: 0.2323, acc: 0.9232
loss: 0.2323, acc: 0.9223
loss: 0.2324, acc: 0.9225
loss: 0.2310, acc: 0.9239
loss: 0.2332, acc: 0.9232
loss: 0.2322, acc: 0.9233
loss: 0.2317, acc: 0.9241
loss: 0.2347, acc: 0.9219
loss: 0.2325, acc: 0.9226
loss: 0.2316, acc: 0.9239
loss: 0.2343, acc: 0.9226
> val_acc: 0.7812, val_f1: 0.6465
>>>>>>>>>>>>>>>>>>>>>>>>>>>>>>>>>>>>>>>>>>>>>>>>>>>>>>>>>>>>>>>>>>>>>>>>>>>>>>>>>>>>>>>>>>>>>>>>>>>>
epoch: 9
loss: 0.2483, acc: 0.9167
loss: 0.2256, acc: 0.9258
loss: 0.2141, acc: 0.9327
loss: 0.2016, acc: 0.9323
loss: 0.2155, acc: 0.9239
loss: 0.2059, acc: 0.9297
loss: 0.1999, acc: 0.9347
loss: 0.2053, acc: 0.9309
loss: 0.2007, acc: 0.9331
loss: 0.1978, acc: 0.9336
loss: 0.2009, acc: 0.9346
loss: 0.2036, acc: 0.9343
loss: 0.2080, acc: 0.9315
loss: 0.2084, acc: 0.9315
loss: 0.2075, acc: 0.9332
loss: 0.2085, acc: 0.9339
loss: 0.2066, acc: 0.9356
loss: 0.2110, acc: 0.9332
loss: 0.2101, acc: 0.9341
loss: 0.2129, acc: 0.9330
loss: 0.2140, acc: 0.9317
loss: 0.2133, acc: 0.9320
loss: 0.2134, acc: 0.9324
> val_acc: 0.7804, val_f1: 0.6627
>>>>>>>>>>>>>>>>>>>>>>>>>>>>>>>>>>>>>>>>>>>>>>>>>>>>>>>>>>>>>>>>>>>>>>>>>>>>>>>>>>>>>>>>>>>>>>>>>>>>
epoch: 10
loss: 0.1667, acc: 0.9500
loss: 0.1680, acc: 0.9469
loss: 0.1682, acc: 0.9396
loss: 0.1679, acc: 0.9422
loss: 0.1755, acc: 0.9413
loss: 0.1796, acc: 0.9406
loss: 0.1833, acc: 0.9384
loss: 0.1790, acc: 0.9422
loss: 0.1763, acc: 0.9437
loss: 0.1783, acc: 0.9431
loss: 0.1816, acc: 0.9415
loss: 0.1828, acc: 0.9417
loss: 0.1815, acc: 0.9418
loss: 0.1831, acc: 0.9429
loss: 0.1840, acc: 0.9429
loss: 0.1855, acc: 0.9422
loss: 0.1894, acc: 0.9404
loss: 0.1932, acc: 0.9385
loss: 0.1972, acc: 0.9368
loss: 0.1967, acc: 0.9375
loss: 0.1972, acc: 0.9372
loss: 0.1953, acc: 0.9381
> val_acc: 0.7741, val_f1: 0.6041
>>>>>>>>>>>>>>>>>>>>>>>>>>>>>>>>>>>>>>>>>>>>>>>>>>>>>>>>>>>>>>>>>>>>>>>>>>>>>>>>>>>>>>>>>>>>>>>>>>>>
epoch: 11
loss: 0.2419, acc: 0.9219
loss: 0.2027, acc: 0.9241
loss: 0.1827, acc: 0.9323
loss: 0.1893, acc: 0.9338
loss: 0.1954, acc: 0.9361
loss: 0.1928, acc: 0.9317
loss: 0.1930, acc: 0.9336
loss: 0.1858, acc: 0.9367
loss: 0.1854, acc: 0.9368
loss: 0.1875, acc: 0.9362
loss: 0.1872, acc: 0.9375
loss: 0.1826, acc: 0.9397
loss: 0.1840, acc: 0.9380
loss: 0.1839, acc: 0.9375
loss: 0.1860, acc: 0.9353
loss: 0.1884, acc: 0.9347
loss: 0.1888, acc: 0.9348
loss: 0.1899, acc: 0.9353
loss: 0.1907, acc: 0.9348
loss: 0.1911, acc: 0.9346
loss: 0.1913, acc: 0.9354
loss: 0.1924, acc: 0.9355
loss: 0.1921, acc: 0.9358
> val_acc: 0.7812, val_f1: 0.6540
>>>>>>>>>>>>>>>>>>>>>>>>>>>>>>>>>>>>>>>>>>>>>>>>>>>>>>>>>>>>>>>>>>>>>>>>>>>>>>>>>>>>>>>>>>>>>>>>>>>>
epoch: 12
loss: 0.1461, acc: 0.9609
loss: 0.1763, acc: 0.9514
loss: 0.1689, acc: 0.9442
loss: 0.1645, acc: 0.9441
loss: 0.1615, acc: 0.9492
loss: 0.1599, acc: 0.9504
loss: 0.1590, acc: 0.9522
loss: 0.1589, acc: 0.9527
loss: 0.1580, acc: 0.9553
loss: 0.1573, acc: 0.9554
loss: 0.1602, acc: 0.9525
loss: 0.1609, acc: 0.9529
loss: 0.1638, acc: 0.9507
loss: 0.1672, acc: 0.9497
loss: 0.1677, acc: 0.9502
loss: 0.1684, acc: 0.9478
loss: 0.1680, acc: 0.9483
loss: 0.1664, acc: 0.9498
loss: 0.1683, acc: 0.9491
loss: 0.1724, acc: 0.9482
loss: 0.1704, acc: 0.9495
loss: 0.1698, acc: 0.9498
> val_acc: 0.7848, val_f1: 0.6574
>>>>>>>>>>>>>>>>>>>>>>>>>>>>>>>>>>>>>>>>>>>>>>>>>>>>>>>>>>>>>>>>>>>>>>>>>>>>>>>>>>>>>>>>>>>>>>>>>>>>
epoch: 13
loss: 0.1448, acc: 0.9375
loss: 0.1720, acc: 0.9323
loss: 0.1711, acc: 0.9432
loss: 0.1716, acc: 0.9395
loss: 0.1618, acc: 0.9464
loss: 0.1593, acc: 0.9495
loss: 0.1544, acc: 0.9546
loss: 0.1529, acc: 0.9566
loss: 0.1558, acc: 0.9550
loss: 0.1551, acc: 0.9545
loss: 0.1578, acc: 0.9528
loss: 0.1587, acc: 0.9520
loss: 0.1571, acc: 0.9534
loss: 0.1576, acc: 0.9517
loss: 0.1567, acc: 0.9525
loss: 0.1560, acc: 0.9523
loss: 0.1560, acc: 0.9522
loss: 0.1581, acc: 0.9517
loss: 0.1587, acc: 0.9509
loss: 0.1591, acc: 0.9499
loss: 0.1592, acc: 0.9496
loss: 0.1602, acc: 0.9484
loss: 0.1606, acc: 0.9485
> val_acc: 0.7812, val_f1: 0.6474
>>>>>>>>>>>>>>>>>>>>>>>>>>>>>>>>>>>>>>>>>>>>>>>>>>>>>>>>>>>>>>>>>>>>>>>>>>>>>>>>>>>>>>>>>>>>>>>>>>>>
epoch: 14
loss: 0.1403, acc: 0.9792
loss: 0.1087, acc: 0.9883
loss: 0.1251, acc: 0.9784
loss: 0.1357, acc: 0.9653
loss: 0.1359, acc: 0.9633
loss: 0.1399, acc: 0.9598
loss: 0.1378, acc: 0.9621
loss: 0.1424, acc: 0.9605
loss: 0.1402, acc: 0.9608
loss: 0.1425, acc: 0.9577
loss: 0.1417, acc: 0.9581
loss: 0.1409, acc: 0.9596
loss: 0.1425, acc: 0.9583
loss: 0.1488, acc: 0.9550
loss: 0.1479, acc: 0.9551
loss: 0.1461, acc: 0.9551
loss: 0.1476, acc: 0.9544
loss: 0.1490, acc: 0.9542
loss: 0.1497, acc: 0.9540
loss: 0.1503, acc: 0.9541
loss: 0.1507, acc: 0.9539
loss: 0.1499, acc: 0.9543
loss: 0.1506, acc: 0.9537
> val_acc: 0.7804, val_f1: 0.6468
>>>>>>>>>>>>>>>>>>>>>>>>>>>>>>>>>>>>>>>>>>>>>>>>>>>>>>>>>>>>>>>>>>>>>>>>>>>>>>>>>>>>>>>>>>>>>>>>>>>>
epoch: 15
loss: 0.1361, acc: 0.9750
loss: 0.1231, acc: 0.9781
loss: 0.1225, acc: 0.9812
loss: 0.1273, acc: 0.9781
loss: 0.1239, acc: 0.9775
loss: 0.1239, acc: 0.9719
loss: 0.1300, acc: 0.9688
loss: 0.1286, acc: 0.9695
loss: 0.1280, acc: 0.9694
loss: 0.1290, acc: 0.9681
loss: 0.1323, acc: 0.9659
loss: 0.1312, acc: 0.9646
loss: 0.1330, acc: 0.9625
loss: 0.1301, acc: 0.9638
loss: 0.1328, acc: 0.9629
loss: 0.1340, acc: 0.9625
loss: 0.1345, acc: 0.9625
loss: 0.1378, acc: 0.9604
loss: 0.1372, acc: 0.9609
loss: 0.1406, acc: 0.9594
loss: 0.1410, acc: 0.9586
loss: 0.1420, acc: 0.9582
> val_acc: 0.7795, val_f1: 0.6501
>>>>>>>>>>>>>>>>>>>>>>>>>>>>>>>>>>>>>>>>>>>>>>>>>>>>>>>>>>>>>>>>>>>>>>>>>>>>>>>>>>>>>>>>>>>>>>>>>>>>
epoch: 16
loss: 0.0992, acc: 0.9688
loss: 0.1187, acc: 0.9554
loss: 0.1308, acc: 0.9557
loss: 0.1271, acc: 0.9614
loss: 0.1231, acc: 0.9645
loss: 0.1246, acc: 0.9618
loss: 0.1262, acc: 0.9609
loss: 0.1250, acc: 0.9620
loss: 0.1312, acc: 0.9613
loss: 0.1277, acc: 0.9634
loss: 0.1290, acc: 0.9627
loss: 0.1302, acc: 0.9605
loss: 0.1306, acc: 0.9607
loss: 0.1302, acc: 0.9604
loss: 0.1306, acc: 0.9592
loss: 0.1299, acc: 0.9586
loss: 0.1287, acc: 0.9592
loss: 0.1281, acc: 0.9598
loss: 0.1312, acc: 0.9582
loss: 0.1315, acc: 0.9584
loss: 0.1322, acc: 0.9583
loss: 0.1319, acc: 0.9588
loss: 0.1317, acc: 0.9590
> val_acc: 0.7812, val_f1: 0.6492
>>>>>>>>>>>>>>>>>>>>>>>>>>>>>>>>>>>>>>>>>>>>>>>>>>>>>>>>>>>>>>>>>>>>>>>>>>>>>>>>>>>>>>>>>>>>>>>>>>>>
epoch: 17
loss: 0.0928, acc: 0.9688
loss: 0.0887, acc: 0.9826
loss: 0.1001, acc: 0.9754
loss: 0.0998, acc: 0.9786
loss: 0.1061, acc: 0.9766
loss: 0.1110, acc: 0.9752
loss: 0.1223, acc: 0.9688
loss: 0.1312, acc: 0.9631
loss: 0.1265, acc: 0.9645
loss: 0.1272, acc: 0.9636
loss: 0.1255, acc: 0.9641
loss: 0.1231, acc: 0.9650
loss: 0.1222, acc: 0.9653
loss: 0.1214, acc: 0.9660
loss: 0.1234, acc: 0.9649
loss: 0.1236, acc: 0.9640
loss: 0.1231, acc: 0.9647
loss: 0.1219, acc: 0.9656
loss: 0.1248, acc: 0.9644
loss: 0.1242, acc: 0.9650
loss: 0.1252, acc: 0.9642
loss: 0.1266, acc: 0.9636
> val_acc: 0.7848, val_f1: 0.6663
>>>>>>>>>>>>>>>>>>>>>>>>>>>>>>>>>>>>>>>>>>>>>>>>>>>>>>>>>>>>>>>>>>>>>>>>>>>>>>>>>>>>>>>>>>>>>>>>>>>>
epoch: 18
loss: 0.2859, acc: 0.9062
loss: 0.1489, acc: 0.9583
loss: 0.1372, acc: 0.9517
loss: 0.1334, acc: 0.9590
loss: 0.1329, acc: 0.9568
loss: 0.1203, acc: 0.9627
loss: 0.1211, acc: 0.9627
loss: 0.1144, acc: 0.9661
loss: 0.1112, acc: 0.9680
loss: 0.1147, acc: 0.9667
loss: 0.1159, acc: 0.9638
loss: 0.1212, acc: 0.9615
loss: 0.1217, acc: 0.9616
loss: 0.1236, acc: 0.9616
loss: 0.1231, acc: 0.9626
loss: 0.1217, acc: 0.9634
loss: 0.1194, acc: 0.9641
loss: 0.1218, acc: 0.9622
loss: 0.1252, acc: 0.9605
loss: 0.1241, acc: 0.9619
loss: 0.1240, acc: 0.9616
loss: 0.1245, acc: 0.9614
loss: 0.1249, acc: 0.9611
> val_acc: 0.7732, val_f1: 0.6394
>>>>>>>>>>>>>>>>>>>>>>>>>>>>>>>>>>>>>>>>>>>>>>>>>>>>>>>>>>>>>>>>>>>>>>>>>>>>>>>>>>>>>>>>>>>>>>>>>>>>
epoch: 19
loss: 0.0661, acc: 0.9792
loss: 0.0756, acc: 0.9766
loss: 0.0841, acc: 0.9760
loss: 0.0801, acc: 0.9774
loss: 0.0868, acc: 0.9755
loss: 0.0989, acc: 0.9710
loss: 0.1001, acc: 0.9725
loss: 0.1052, acc: 0.9688
loss: 0.1059, acc: 0.9695
loss: 0.1073, acc: 0.9694
loss: 0.1116, acc: 0.9670
loss: 0.1099, acc: 0.9688
loss: 0.1110, acc: 0.9683
loss: 0.1103, acc: 0.9688
loss: 0.1091, acc: 0.9692
loss: 0.1087, acc: 0.9692
loss: 0.1085, acc: 0.9691
loss: 0.1064, acc: 0.9695
loss: 0.1073, acc: 0.9698
loss: 0.1077, acc: 0.9700
loss: 0.1086, acc: 0.9694
loss: 0.1100, acc: 0.9688
loss: 0.1120, acc: 0.9670
> val_acc: 0.7732, val_f1: 0.6261
>>>>>>>>>>>>>>>>>>>>>>>>>>>>>>>>>>>>>>>>>>>>>>>>>>>>>>>>>>>>>>>>>>>>>>>>>>>>>>>>>>>>>>>>>>>>>>>>>>>>
epoch: 20
loss: 0.1013, acc: 0.9750
loss: 0.0989, acc: 0.9750
loss: 0.1120, acc: 0.9625
loss: 0.1156, acc: 0.9641
loss: 0.1161, acc: 0.9625
loss: 0.1155, acc: 0.9635
loss: 0.1171, acc: 0.9652
loss: 0.1138, acc: 0.9664
loss: 0.1143, acc: 0.9667
loss: 0.1167, acc: 0.9663
loss: 0.1170, acc: 0.9676
loss: 0.1154, acc: 0.9672
loss: 0.1140, acc: 0.9688
loss: 0.1150, acc: 0.9688
loss: 0.1136, acc: 0.9700
loss: 0.1138, acc: 0.9695
loss: 0.1138, acc: 0.9695
loss: 0.1150, acc: 0.9688
loss: 0.1132, acc: 0.9701
loss: 0.1119, acc: 0.9700
loss: 0.1136, acc: 0.9702
loss: 0.1140, acc: 0.9696
> val_acc: 0.7759, val_f1: 0.6450
>>>>>>>>>>>>>>>>>>>>>>>>>>>>>>>>>>>>>>>>>>>>>>>>>>>>>>>>>>>>>>>>>>>>>>>>>>>>>>>>>>>>>>>>>>>>>>>>>>>>
epoch: 21
loss: 0.0547, acc: 0.9688
loss: 0.0918, acc: 0.9732
loss: 0.1035, acc: 0.9688
loss: 0.1064, acc: 0.9669
loss: 0.1065, acc: 0.9659
loss: 0.1134, acc: 0.9595
loss: 0.1116, acc: 0.9619
loss: 0.1096, acc: 0.9628
loss: 0.1083, acc: 0.9650
loss: 0.1091, acc: 0.9661
loss: 0.1087, acc: 0.9669
loss: 0.1106, acc: 0.9666
loss: 0.1126, acc: 0.9657
loss: 0.1137, acc: 0.9650
loss: 0.1109, acc: 0.9674
loss: 0.1096, acc: 0.9679
loss: 0.1098, acc: 0.9676
loss: 0.1089, acc: 0.9680
loss: 0.1094, acc: 0.9674
loss: 0.1096, acc: 0.9675
loss: 0.1118, acc: 0.9666
loss: 0.1119, acc: 0.9664
loss: 0.1135, acc: 0.9662
> val_acc: 0.7741, val_f1: 0.6366
>>>>>>>>>>>>>>>>>>>>>>>>>>>>>>>>>>>>>>>>>>>>>>>>>>>>>>>>>>>>>>>>>>>>>>>>>>>>>>>>>>>>>>>>>>>>>>>>>>>>
epoch: 22
loss: 0.1119, acc: 0.9688
loss: 0.0887, acc: 0.9792
loss: 0.0770, acc: 0.9866
loss: 0.0818, acc: 0.9852
loss: 0.0887, acc: 0.9857
loss: 0.0955, acc: 0.9795
loss: 0.0996, acc: 0.9770
loss: 0.1024, acc: 0.9760
loss: 0.1010, acc: 0.9759
loss: 0.1040, acc: 0.9745
loss: 0.1062, acc: 0.9722
loss: 0.1051, acc: 0.9725
loss: 0.1058, acc: 0.9707
loss: 0.1052, acc: 0.9706
loss: 0.1059, acc: 0.9700
loss: 0.1056, acc: 0.9691
loss: 0.1052, acc: 0.9706
loss: 0.1045, acc: 0.9716
loss: 0.1041, acc: 0.9721
loss: 0.1038, acc: 0.9722
loss: 0.1046, acc: 0.9715
loss: 0.1057, acc: 0.9708
> val_acc: 0.7795, val_f1: 0.6521
>>>>>>>>>>>>>>>>>>>>>>>>>>>>>>>>>>>>>>>>>>>>>>>>>>>>>>>>>>>>>>>>>>>>>>>>>>>>>>>>>>>>>>>>>>>>>>>>>>>>
epoch: 23
loss: 0.1113, acc: 0.9688
loss: 0.0959, acc: 0.9688
loss: 0.0946, acc: 0.9773
loss: 0.0864, acc: 0.9824
loss: 0.0892, acc: 0.9821
loss: 0.0968, acc: 0.9760
loss: 0.0918, acc: 0.9778
loss: 0.0937, acc: 0.9774
loss: 0.0921, acc: 0.9779
loss: 0.0942, acc: 0.9749
loss: 0.0925, acc: 0.9755
loss: 0.0941, acc: 0.9766
loss: 0.0972, acc: 0.9734
loss: 0.0962, acc: 0.9740
loss: 0.0976, acc: 0.9723
loss: 0.0954, acc: 0.9737
loss: 0.0963, acc: 0.9730
loss: 0.0987, acc: 0.9717
loss: 0.0990, acc: 0.9712
loss: 0.0989, acc: 0.9714
loss: 0.0991, acc: 0.9718
loss: 0.0997, acc: 0.9714
loss: 0.1007, acc: 0.9713
> val_acc: 0.7777, val_f1: 0.6451
>>>>>>>>>>>>>>>>>>>>>>>>>>>>>>>>>>>>>>>>>>>>>>>>>>>>>>>>>>>>>>>>>>>>>>>>>>>>>>>>>>>>>>>>>>>>>>>>>>>>
epoch: 24
loss: 0.1005, acc: 0.9792
loss: 0.0959, acc: 0.9805
loss: 0.0819, acc: 0.9808
loss: 0.0801, acc: 0.9774
loss: 0.0863, acc: 0.9769
loss: 0.0822, acc: 0.9777
loss: 0.0870, acc: 0.9744
loss: 0.0850, acc: 0.9762
loss: 0.0882, acc: 0.9753
loss: 0.0880, acc: 0.9766
loss: 0.0905, acc: 0.9752
loss: 0.0915, acc: 0.9736
loss: 0.0907, acc: 0.9732
loss: 0.0939, acc: 0.9720
loss: 0.0951, acc: 0.9709
loss: 0.0948, acc: 0.9704
loss: 0.0942, acc: 0.9706
loss: 0.0964, acc: 0.9698
loss: 0.0978, acc: 0.9684
loss: 0.0973, acc: 0.9691
loss: 0.0991, acc: 0.9678
loss: 0.1002, acc: 0.9670
loss: 0.1020, acc: 0.9656
> val_acc: 0.7705, val_f1: 0.6472
>>>>>>>>>>>>>>>>>>>>>>>>>>>>>>>>>>>>>>>>>>>>>>>>>>>>>>>>>>>>>>>>>>>>>>>>>>>>>>>>>>>>>>>>>>>>>>>>>>>>
epoch: 25
loss: 0.0915, acc: 0.9812
loss: 0.0892, acc: 0.9844
loss: 0.0931, acc: 0.9771
loss: 0.0874, acc: 0.9781
loss: 0.0839, acc: 0.9800
loss: 0.0839, acc: 0.9802
loss: 0.0839, acc: 0.9812
loss: 0.0870, acc: 0.9797
loss: 0.0896, acc: 0.9792
loss: 0.0910, acc: 0.9788
loss: 0.0912, acc: 0.9790
loss: 0.0915, acc: 0.9792
loss: 0.0896, acc: 0.9793
loss: 0.0914, acc: 0.9772
loss: 0.0934, acc: 0.9767
loss: 0.0926, acc: 0.9770
loss: 0.0924, acc: 0.9768
loss: 0.0928, acc: 0.9764
loss: 0.0932, acc: 0.9760
loss: 0.0941, acc: 0.9750
loss: 0.0944, acc: 0.9750
loss: 0.0945, acc: 0.9744
> val_acc: 0.7714, val_f1: 0.6417
>>>>>>>>>>>>>>>>>>>>>>>>>>>>>>>>>>>>>>>>>>>>>>>>>>>>>>>>>>>>>>>>>>>>>>>>>>>>>>>>>>>>>>>>>>>>>>>>>>>>
epoch: 26
loss: 0.0966, acc: 0.9531
loss: 0.0895, acc: 0.9732
loss: 0.0959, acc: 0.9740
loss: 0.1018, acc: 0.9688
loss: 0.0963, acc: 0.9702
loss: 0.0942, acc: 0.9711
loss: 0.0936, acc: 0.9717
loss: 0.0932, acc: 0.9713
loss: 0.0906, acc: 0.9725
loss: 0.0929, acc: 0.9714
loss: 0.0933, acc: 0.9718
loss: 0.0941, acc: 0.9704
loss: 0.0926, acc: 0.9718
loss: 0.0912, acc: 0.9734
loss: 0.0910, acc: 0.9744
loss: 0.0926, acc: 0.9740
loss: 0.0905, acc: 0.9741
loss: 0.0900, acc: 0.9749
loss: 0.0921, acc: 0.9742
loss: 0.0918, acc: 0.9739
loss: 0.0929, acc: 0.9740
loss: 0.0948, acc: 0.9728
loss: 0.0963, acc: 0.9721
> val_acc: 0.7768, val_f1: 0.6505
>>>>>>>>>>>>>>>>>>>>>>>>>>>>>>>>>>>>>>>>>>>>>>>>>>>>>>>>>>>>>>>>>>>>>>>>>>>>>>>>>>>>>>>>>>>>>>>>>>>>
epoch: 27
loss: 0.0695, acc: 0.9844
loss: 0.0581, acc: 0.9896
loss: 0.0718, acc: 0.9821
loss: 0.0696, acc: 0.9836
loss: 0.0700, acc: 0.9857
loss: 0.0697, acc: 0.9860
loss: 0.0740, acc: 0.9835
loss: 0.0725, acc: 0.9840
loss: 0.0700, acc: 0.9851
loss: 0.0739, acc: 0.9828
loss: 0.0758, acc: 0.9821
loss: 0.0756, acc: 0.9820
loss: 0.0808, acc: 0.9800
loss: 0.0815, acc: 0.9792
loss: 0.0813, acc: 0.9793
loss: 0.0814, acc: 0.9794
loss: 0.0809, acc: 0.9792
loss: 0.0829, acc: 0.9782
loss: 0.0827, acc: 0.9777
loss: 0.0834, acc: 0.9779
loss: 0.0850, acc: 0.9775
loss: 0.0867, acc: 0.9768
> val_acc: 0.7670, val_f1: 0.6236
>>>>>>>>>>>>>>>>>>>>>>>>>>>>>>>>>>>>>>>>>>>>>>>>>>>>>>>>>>>>>>>>>>>>>>>>>>>>>>>>>>>>>>>>>>>>>>>>>>>>
epoch: 28
loss: 0.1804, acc: 0.9062
loss: 0.0899, acc: 0.9792
loss: 0.0876, acc: 0.9773
loss: 0.0804, acc: 0.9785
loss: 0.0808, acc: 0.9792
loss: 0.0769, acc: 0.9820
loss: 0.0793, acc: 0.9808
loss: 0.0828, acc: 0.9792
loss: 0.0833, acc: 0.9794
loss: 0.0821, acc: 0.9796
loss: 0.0793, acc: 0.9810
loss: 0.0827, acc: 0.9782
loss: 0.0866, acc: 0.9759
loss: 0.0856, acc: 0.9768
loss: 0.0853, acc: 0.9767
loss: 0.0862, acc: 0.9757
loss: 0.0851, acc: 0.9765
loss: 0.0856, acc: 0.9764
loss: 0.0859, acc: 0.9763
loss: 0.0851, acc: 0.9766
loss: 0.0849, acc: 0.9771
loss: 0.0853, acc: 0.9770
loss: 0.0873, acc: 0.9764
> val_acc: 0.7768, val_f1: 0.6438
>>>>>>>>>>>>>>>>>>>>>>>>>>>>>>>>>>>>>>>>>>>>>>>>>>>>>>>>>>>>>>>>>>>>>>>>>>>>>>>>>>>>>>>>>>>>>>>>>>>>
epoch: 29
loss: 0.0449, acc: 1.0000
loss: 0.0586, acc: 0.9844
loss: 0.0670, acc: 0.9832
loss: 0.0728, acc: 0.9774
loss: 0.0738, acc: 0.9796
loss: 0.0752, acc: 0.9766
loss: 0.0759, acc: 0.9782
loss: 0.0811, acc: 0.9770
loss: 0.0823, acc: 0.9760
loss: 0.0788, acc: 0.9785
loss: 0.0790, acc: 0.9782
loss: 0.0791, acc: 0.9779
loss: 0.0801, acc: 0.9772
loss: 0.0796, acc: 0.9770
loss: 0.0806, acc: 0.9777
loss: 0.0805, acc: 0.9772
loss: 0.0817, acc: 0.9774
loss: 0.0812, acc: 0.9776
loss: 0.0812, acc: 0.9772
loss: 0.0811, acc: 0.9774
loss: 0.0808, acc: 0.9766
loss: 0.0828, acc: 0.9760
loss: 0.0815, acc: 0.9770
> val_acc: 0.7670, val_f1: 0.6302
>> test_acc: 0.7946, test_f1: 0.6760
