cuda memory allocated: 5778944
n_trainable_params: 118123, n_nontrainable_params: 1323600
> training arguments:
>>> model_name: gcae
>>> dataset: restaurant
>>> optimizer: <class 'torch.optim.adagrad.Adagrad'>
>>> initializer: <function xavier_uniform_ at 0x000002532B957620>
>>> learning_rate: 0.01
>>> momentum: 0.95
>>> dropout: 0.2
>>> l2reg: 5e-05
>>> num_epoch: 30
>>> batch_size: 32
>>> log_step: 5
>>> embed_dim: 300
>>> hidden_dim: 300
>>> bert_dim: 768
>>> pretrained_bert_name: bert-base-uncased
>>> max_seq_len: 80
>>> polarities_dim: 3
>>> hops: 3
>>> device: cuda
>>> seed: None
>>> valset_ratio: 0
>>> num_layers: 1
>>> in_channels: 100
>>> out_channels: 1
>>> downbot: 10
>>> kernel_size: 3
>>> glove_path: ./glove/glove.840B.300d.txt
>>> model_class: <class 'models.gcae.GCAE'>
>>> dataset_file: {'train': './datasets/semeval14/Restaurants_Train.xml.seg', 'test': './datasets/semeval14/Restaurants_Test_Gold.xml.seg'}
>>> inputs_cols: ['text_raw_indices', 'aspect_indices']
>>>>>>>>>>>>>>>>>>>>>>>>>>>>>>>>>>>>>>>>>>>>>>>>>>>>>>>>>>>>>>>>>>>>>>>>>>>>>>>>>>>>>>>>>>>>>>>>>>>>
epoch: 0
loss: 1.1442, acc: 0.5062
loss: 1.0209, acc: 0.5594
loss: 0.9770, acc: 0.5646
loss: 0.9546, acc: 0.5703
loss: 0.9291, acc: 0.5887
loss: 0.9276, acc: 0.5938
loss: 0.9155, acc: 0.5938
loss: 0.8994, acc: 0.6000
loss: 0.8902, acc: 0.6042
loss: 0.8808, acc: 0.6075
loss: 0.8739, acc: 0.6108
loss: 0.8659, acc: 0.6167
loss: 0.8534, acc: 0.6226
loss: 0.8413, acc: 0.6308
loss: 0.8371, acc: 0.6317
loss: 0.8327, acc: 0.6344
loss: 0.8325, acc: 0.6368
loss: 0.8292, acc: 0.6413
loss: 0.8230, acc: 0.6441
loss: 0.8158, acc: 0.6478
loss: 0.8097, acc: 0.6488
loss: 0.8056, acc: 0.6509
> val_acc: 0.7607, val_f1: 0.6102
>> saved: state_dict/gcae_restaurant_val_acc0.7607
>>>>>>>>>>>>>>>>>>>>>>>>>>>>>>>>>>>>>>>>>>>>>>>>>>>>>>>>>>>>>>>>>>>>>>>>>>>>>>>>>>>>>>>>>>>>>>>>>>>>
epoch: 1
loss: 0.7081, acc: 0.7500
loss: 0.6070, acc: 0.7768
loss: 0.6151, acc: 0.7552
loss: 0.6154, acc: 0.7445
loss: 0.6013, acc: 0.7528
loss: 0.5940, acc: 0.7535
loss: 0.5932, acc: 0.7529
loss: 0.5978, acc: 0.7525
loss: 0.5965, acc: 0.7552
loss: 0.5982, acc: 0.7560
loss: 0.6013, acc: 0.7566
loss: 0.5972, acc: 0.7599
loss: 0.5995, acc: 0.7586
loss: 0.6008, acc: 0.7579
loss: 0.6017, acc: 0.7569
loss: 0.6024, acc: 0.7553
loss: 0.6069, acc: 0.7519
loss: 0.6080, acc: 0.7507
loss: 0.6062, acc: 0.7507
loss: 0.6018, acc: 0.7539
loss: 0.6007, acc: 0.7528
loss: 0.5984, acc: 0.7544
loss: 0.5987, acc: 0.7559
> val_acc: 0.7714, val_f1: 0.6414
>> saved: state_dict/gcae_restaurant_val_acc0.7714
>>>>>>>>>>>>>>>>>>>>>>>>>>>>>>>>>>>>>>>>>>>>>>>>>>>>>>>>>>>>>>>>>>>>>>>>>>>>>>>>>>>>>>>>>>>>>>>>>>>>
epoch: 2
loss: 0.4963, acc: 0.7969
loss: 0.5142, acc: 0.7812
loss: 0.5327, acc: 0.7723
loss: 0.5110, acc: 0.7763
loss: 0.5110, acc: 0.7826
loss: 0.5187, acc: 0.7823
loss: 0.5258, acc: 0.7776
loss: 0.5228, acc: 0.7829
loss: 0.5201, acc: 0.7862
loss: 0.5156, acc: 0.7902
loss: 0.5230, acc: 0.7882
loss: 0.5229, acc: 0.7871
loss: 0.5210, acc: 0.7915
loss: 0.5250, acc: 0.7899
loss: 0.5247, acc: 0.7867
loss: 0.5256, acc: 0.7872
loss: 0.5303, acc: 0.7872
loss: 0.5298, acc: 0.7869
loss: 0.5305, acc: 0.7876
loss: 0.5316, acc: 0.7872
loss: 0.5316, acc: 0.7882
loss: 0.5295, acc: 0.7887
> val_acc: 0.7732, val_f1: 0.6389
>> saved: state_dict/gcae_restaurant_val_acc0.7732
>>>>>>>>>>>>>>>>>>>>>>>>>>>>>>>>>>>>>>>>>>>>>>>>>>>>>>>>>>>>>>>>>>>>>>>>>>>>>>>>>>>>>>>>>>>>>>>>>>>>
epoch: 3
loss: 0.4453, acc: 0.8750
loss: 0.5319, acc: 0.8073
loss: 0.4985, acc: 0.8153
loss: 0.4532, acc: 0.8320
loss: 0.4797, acc: 0.8229
loss: 0.4924, acc: 0.8137
loss: 0.4877, acc: 0.8075
loss: 0.4866, acc: 0.8047
loss: 0.4760, acc: 0.8125
loss: 0.4752, acc: 0.8111
loss: 0.4752, acc: 0.8113
loss: 0.4763, acc: 0.8092
loss: 0.4719, acc: 0.8115
loss: 0.4718, acc: 0.8111
loss: 0.4704, acc: 0.8121
loss: 0.4766, acc: 0.8096
loss: 0.4768, acc: 0.8079
loss: 0.4727, acc: 0.8103
loss: 0.4762, acc: 0.8104
loss: 0.4714, acc: 0.8122
loss: 0.4712, acc: 0.8106
loss: 0.4715, acc: 0.8116
loss: 0.4714, acc: 0.8105
> val_acc: 0.7562, val_f1: 0.5808
>>>>>>>>>>>>>>>>>>>>>>>>>>>>>>>>>>>>>>>>>>>>>>>>>>>>>>>>>>>>>>>>>>>>>>>>>>>>>>>>>>>>>>>>>>>>>>>>>>>>
epoch: 4
loss: 0.3903, acc: 0.8438
loss: 0.3608, acc: 0.8750
loss: 0.3882, acc: 0.8630
loss: 0.4090, acc: 0.8507
loss: 0.3976, acc: 0.8533
loss: 0.4005, acc: 0.8471
loss: 0.4103, acc: 0.8438
loss: 0.4060, acc: 0.8462
loss: 0.4193, acc: 0.8401
loss: 0.4255, acc: 0.8379
loss: 0.4295, acc: 0.8367
loss: 0.4290, acc: 0.8367
loss: 0.4319, acc: 0.8338
loss: 0.4378, acc: 0.8295
loss: 0.4353, acc: 0.8313
loss: 0.4358, acc: 0.8317
loss: 0.4349, acc: 0.8309
loss: 0.4303, acc: 0.8331
loss: 0.4320, acc: 0.8323
loss: 0.4339, acc: 0.8307
loss: 0.4345, acc: 0.8301
loss: 0.4387, acc: 0.8275
loss: 0.4367, acc: 0.8290
> val_acc: 0.7759, val_f1: 0.6416
>> saved: state_dict/gcae_restaurant_val_acc0.7759
>>>>>>>>>>>>>>>>>>>>>>>>>>>>>>>>>>>>>>>>>>>>>>>>>>>>>>>>>>>>>>>>>>>>>>>>>>>>>>>>>>>>>>>>>>>>>>>>>>>>
epoch: 5
loss: 0.3611, acc: 0.8562
loss: 0.4054, acc: 0.8281
loss: 0.3921, acc: 0.8375
loss: 0.4110, acc: 0.8328
loss: 0.4059, acc: 0.8413
loss: 0.4006, acc: 0.8448
loss: 0.4047, acc: 0.8411
loss: 0.3997, acc: 0.8445
loss: 0.3966, acc: 0.8451
loss: 0.3974, acc: 0.8462
loss: 0.3920, acc: 0.8483
loss: 0.3936, acc: 0.8458
loss: 0.3937, acc: 0.8471
loss: 0.4016, acc: 0.8451
loss: 0.4020, acc: 0.8450
loss: 0.4030, acc: 0.8445
loss: 0.4040, acc: 0.8401
loss: 0.4007, acc: 0.8427
loss: 0.3996, acc: 0.8421
loss: 0.3982, acc: 0.8425
loss: 0.3987, acc: 0.8435
loss: 0.4021, acc: 0.8420
> val_acc: 0.7643, val_f1: 0.6470
>>>>>>>>>>>>>>>>>>>>>>>>>>>>>>>>>>>>>>>>>>>>>>>>>>>>>>>>>>>>>>>>>>>>>>>>>>>>>>>>>>>>>>>>>>>>>>>>>>>>
epoch: 6
loss: 0.3160, acc: 0.8906
loss: 0.3397, acc: 0.8661
loss: 0.3477, acc: 0.8672
loss: 0.3356, acc: 0.8787
loss: 0.3462, acc: 0.8679
loss: 0.3427, acc: 0.8681
loss: 0.3418, acc: 0.8701
loss: 0.3502, acc: 0.8623
loss: 0.3541, acc: 0.8601
loss: 0.3600, acc: 0.8584
loss: 0.3630, acc: 0.8570
loss: 0.3616, acc: 0.8580
loss: 0.3648, acc: 0.8569
loss: 0.3663, acc: 0.8559
loss: 0.3658, acc: 0.8559
loss: 0.3647, acc: 0.8555
loss: 0.3661, acc: 0.8559
loss: 0.3670, acc: 0.8556
loss: 0.3662, acc: 0.8567
loss: 0.3668, acc: 0.8560
loss: 0.3688, acc: 0.8554
loss: 0.3719, acc: 0.8528
loss: 0.3763, acc: 0.8499
> val_acc: 0.7688, val_f1: 0.6444
>>>>>>>>>>>>>>>>>>>>>>>>>>>>>>>>>>>>>>>>>>>>>>>>>>>>>>>>>>>>>>>>>>>>>>>>>>>>>>>>>>>>>>>>>>>>>>>>>>>>
epoch: 7
loss: 0.3639, acc: 0.8594
loss: 0.3708, acc: 0.8576
loss: 0.3514, acc: 0.8683
loss: 0.3553, acc: 0.8651
loss: 0.3624, acc: 0.8568
loss: 0.3565, acc: 0.8610
loss: 0.3560, acc: 0.8612
loss: 0.3565, acc: 0.8606
loss: 0.3574, acc: 0.8594
loss: 0.3552, acc: 0.8603
loss: 0.3594, acc: 0.8571
loss: 0.3543, acc: 0.8618
loss: 0.3518, acc: 0.8623
loss: 0.3535, acc: 0.8628
loss: 0.3508, acc: 0.8636
loss: 0.3517, acc: 0.8627
loss: 0.3556, acc: 0.8597
loss: 0.3540, acc: 0.8603
loss: 0.3545, acc: 0.8594
loss: 0.3545, acc: 0.8595
loss: 0.3536, acc: 0.8600
loss: 0.3544, acc: 0.8595
> val_acc: 0.7688, val_f1: 0.6227
>>>>>>>>>>>>>>>>>>>>>>>>>>>>>>>>>>>>>>>>>>>>>>>>>>>>>>>>>>>>>>>>>>>>>>>>>>>>>>>>>>>>>>>>>>>>>>>>>>>>
epoch: 8
loss: 0.3856, acc: 0.8750
loss: 0.2899, acc: 0.8958
loss: 0.3035, acc: 0.8892
loss: 0.2931, acc: 0.8926
loss: 0.3005, acc: 0.8899
loss: 0.3131, acc: 0.8822
loss: 0.3183, acc: 0.8770
loss: 0.3039, acc: 0.8819
loss: 0.3108, acc: 0.8780
loss: 0.3069, acc: 0.8811
loss: 0.3245, acc: 0.8750
loss: 0.3233, acc: 0.8750
loss: 0.3284, acc: 0.8730
loss: 0.3328, acc: 0.8717
loss: 0.3356, acc: 0.8710
loss: 0.3349, acc: 0.8713
loss: 0.3314, acc: 0.8723
loss: 0.3349, acc: 0.8706
loss: 0.3362, acc: 0.8702
loss: 0.3363, acc: 0.8711
loss: 0.3378, acc: 0.8688
loss: 0.3366, acc: 0.8673
loss: 0.3341, acc: 0.8685
> val_acc: 0.7598, val_f1: 0.5947
>>>>>>>>>>>>>>>>>>>>>>>>>>>>>>>>>>>>>>>>>>>>>>>>>>>>>>>>>>>>>>>>>>>>>>>>>>>>>>>>>>>>>>>>>>>>>>>>>>>>
epoch: 9
loss: 0.2251, acc: 0.9062
loss: 0.2866, acc: 0.8867
loss: 0.2808, acc: 0.8846
loss: 0.2831, acc: 0.8924
loss: 0.2808, acc: 0.8940
loss: 0.2856, acc: 0.8929
loss: 0.2962, acc: 0.8892
loss: 0.2974, acc: 0.8898
loss: 0.3080, acc: 0.8844
loss: 0.3040, acc: 0.8861
loss: 0.3044, acc: 0.8903
loss: 0.3031, acc: 0.8917
loss: 0.3023, acc: 0.8919
loss: 0.3040, acc: 0.8892
loss: 0.3061, acc: 0.8896
loss: 0.3065, acc: 0.8898
loss: 0.3066, acc: 0.8908
loss: 0.3048, acc: 0.8920
loss: 0.3091, acc: 0.8884
loss: 0.3104, acc: 0.8881
loss: 0.3110, acc: 0.8874
loss: 0.3130, acc: 0.8845
loss: 0.3147, acc: 0.8833
> val_acc: 0.7696, val_f1: 0.6276
>>>>>>>>>>>>>>>>>>>>>>>>>>>>>>>>>>>>>>>>>>>>>>>>>>>>>>>>>>>>>>>>>>>>>>>>>>>>>>>>>>>>>>>>>>>>>>>>>>>>
epoch: 10
loss: 0.2656, acc: 0.9062
loss: 0.2685, acc: 0.9000
loss: 0.2702, acc: 0.9000
loss: 0.2725, acc: 0.8984
loss: 0.2782, acc: 0.8988
loss: 0.2788, acc: 0.8958
loss: 0.2989, acc: 0.8893
loss: 0.2993, acc: 0.8891
loss: 0.2962, acc: 0.8924
loss: 0.3035, acc: 0.8906
loss: 0.3007, acc: 0.8926
loss: 0.2993, acc: 0.8927
loss: 0.2966, acc: 0.8947
loss: 0.2975, acc: 0.8924
loss: 0.2944, acc: 0.8933
loss: 0.2936, acc: 0.8930
loss: 0.2927, acc: 0.8930
loss: 0.2940, acc: 0.8917
loss: 0.2962, acc: 0.8898
loss: 0.2964, acc: 0.8903
loss: 0.2978, acc: 0.8893
loss: 0.2987, acc: 0.8895
> val_acc: 0.7661, val_f1: 0.6308
>>>>>>>>>>>>>>>>>>>>>>>>>>>>>>>>>>>>>>>>>>>>>>>>>>>>>>>>>>>>>>>>>>>>>>>>>>>>>>>>>>>>>>>>>>>>>>>>>>>>
epoch: 11
loss: 0.4088, acc: 0.8281
loss: 0.3067, acc: 0.8884
loss: 0.3205, acc: 0.8724
loss: 0.2908, acc: 0.8915
loss: 0.2893, acc: 0.8892
loss: 0.2971, acc: 0.8866
loss: 0.2869, acc: 0.8906
loss: 0.2859, acc: 0.8885
loss: 0.2929, acc: 0.8847
loss: 0.2904, acc: 0.8896
loss: 0.2864, acc: 0.8930
loss: 0.2876, acc: 0.8931
loss: 0.2823, acc: 0.8967
loss: 0.2822, acc: 0.8955
loss: 0.2778, acc: 0.8984
loss: 0.2848, acc: 0.8949
loss: 0.2840, acc: 0.8956
loss: 0.2864, acc: 0.8948
loss: 0.2840, acc: 0.8954
loss: 0.2833, acc: 0.8956
loss: 0.2838, acc: 0.8949
loss: 0.2809, acc: 0.8954
loss: 0.2808, acc: 0.8945
> val_acc: 0.7616, val_f1: 0.6293
>>>>>>>>>>>>>>>>>>>>>>>>>>>>>>>>>>>>>>>>>>>>>>>>>>>>>>>>>>>>>>>>>>>>>>>>>>>>>>>>>>>>>>>>>>>>>>>>>>>>
epoch: 12
loss: 0.2607, acc: 0.9219
loss: 0.2571, acc: 0.9236
loss: 0.2490, acc: 0.9263
loss: 0.2609, acc: 0.9178
loss: 0.2766, acc: 0.9036
loss: 0.2722, acc: 0.9041
loss: 0.2789, acc: 0.9007
loss: 0.2792, acc: 0.9030
loss: 0.2682, acc: 0.9091
loss: 0.2698, acc: 0.9082
loss: 0.2719, acc: 0.9068
loss: 0.2735, acc: 0.9052
loss: 0.2756, acc: 0.9033
loss: 0.2719, acc: 0.9040
loss: 0.2692, acc: 0.9054
loss: 0.2704, acc: 0.9035
loss: 0.2662, acc: 0.9051
loss: 0.2681, acc: 0.9031
loss: 0.2684, acc: 0.9026
loss: 0.2687, acc: 0.9025
loss: 0.2708, acc: 0.9002
loss: 0.2705, acc: 0.8994
> val_acc: 0.7679, val_f1: 0.6494
>>>>>>>>>>>>>>>>>>>>>>>>>>>>>>>>>>>>>>>>>>>>>>>>>>>>>>>>>>>>>>>>>>>>>>>>>>>>>>>>>>>>>>>>>>>>>>>>>>>>
epoch: 13
loss: 0.2277, acc: 0.9375
loss: 0.2771, acc: 0.9010
loss: 0.2717, acc: 0.8949
loss: 0.2619, acc: 0.9004
loss: 0.2593, acc: 0.8973
loss: 0.2600, acc: 0.8990
loss: 0.2629, acc: 0.8972
loss: 0.2675, acc: 0.8924
loss: 0.2580, acc: 0.8994
loss: 0.2560, acc: 0.9035
loss: 0.2650, acc: 0.9026
loss: 0.2644, acc: 0.9007
loss: 0.2623, acc: 0.9032
loss: 0.2623, acc: 0.9034
loss: 0.2640, acc: 0.9014
loss: 0.2641, acc: 0.9034
loss: 0.2622, acc: 0.9047
loss: 0.2618, acc: 0.9059
loss: 0.2606, acc: 0.9062
loss: 0.2578, acc: 0.9069
loss: 0.2589, acc: 0.9059
loss: 0.2627, acc: 0.9030
loss: 0.2602, acc: 0.9040
> val_acc: 0.7652, val_f1: 0.6433
>>>>>>>>>>>>>>>>>>>>>>>>>>>>>>>>>>>>>>>>>>>>>>>>>>>>>>>>>>>>>>>>>>>>>>>>>>>>>>>>>>>>>>>>>>>>>>>>>>>>
epoch: 14
loss: 0.2456, acc: 0.9375
loss: 0.2443, acc: 0.9102
loss: 0.2430, acc: 0.9135
loss: 0.2425, acc: 0.9132
loss: 0.2449, acc: 0.9130
loss: 0.2430, acc: 0.9074
loss: 0.2349, acc: 0.9129
loss: 0.2427, acc: 0.9079
loss: 0.2429, acc: 0.9041
loss: 0.2445, acc: 0.9030
loss: 0.2452, acc: 0.9021
loss: 0.2458, acc: 0.9025
loss: 0.2498, acc: 0.9008
loss: 0.2504, acc: 0.8984
loss: 0.2489, acc: 0.9015
loss: 0.2486, acc: 0.9014
loss: 0.2459, acc: 0.9040
loss: 0.2465, acc: 0.9031
loss: 0.2467, acc: 0.9036
loss: 0.2529, acc: 0.9011
loss: 0.2513, acc: 0.9017
loss: 0.2510, acc: 0.9019
loss: 0.2525, acc: 0.9011
> val_acc: 0.7661, val_f1: 0.6406
>>>>>>>>>>>>>>>>>>>>>>>>>>>>>>>>>>>>>>>>>>>>>>>>>>>>>>>>>>>>>>>>>>>>>>>>>>>>>>>>>>>>>>>>>>>>>>>>>>>>
epoch: 15
loss: 0.2198, acc: 0.9250
loss: 0.2461, acc: 0.9094
loss: 0.2319, acc: 0.9146
loss: 0.2371, acc: 0.9109
loss: 0.2306, acc: 0.9137
loss: 0.2305, acc: 0.9104
loss: 0.2268, acc: 0.9152
loss: 0.2296, acc: 0.9164
loss: 0.2338, acc: 0.9125
loss: 0.2451, acc: 0.9081
loss: 0.2435, acc: 0.9091
loss: 0.2385, acc: 0.9115
loss: 0.2350, acc: 0.9139
loss: 0.2335, acc: 0.9147
loss: 0.2332, acc: 0.9146
loss: 0.2356, acc: 0.9125
loss: 0.2344, acc: 0.9136
loss: 0.2360, acc: 0.9125
loss: 0.2410, acc: 0.9102
loss: 0.2416, acc: 0.9103
loss: 0.2442, acc: 0.9080
loss: 0.2427, acc: 0.9088
> val_acc: 0.7625, val_f1: 0.6225
>>>>>>>>>>>>>>>>>>>>>>>>>>>>>>>>>>>>>>>>>>>>>>>>>>>>>>>>>>>>>>>>>>>>>>>>>>>>>>>>>>>>>>>>>>>>>>>>>>>>
epoch: 16
loss: 0.1911, acc: 0.9844
loss: 0.2210, acc: 0.9375
loss: 0.2219, acc: 0.9245
loss: 0.2307, acc: 0.9210
loss: 0.2210, acc: 0.9233
loss: 0.2112, acc: 0.9294
loss: 0.2070, acc: 0.9287
loss: 0.2116, acc: 0.9257
loss: 0.2162, acc: 0.9249
loss: 0.2157, acc: 0.9242
loss: 0.2160, acc: 0.9237
loss: 0.2150, acc: 0.9238
loss: 0.2140, acc: 0.9244
loss: 0.2156, acc: 0.9230
loss: 0.2174, acc: 0.9227
loss: 0.2209, acc: 0.9213
loss: 0.2246, acc: 0.9200
loss: 0.2242, acc: 0.9206
loss: 0.2271, acc: 0.9195
loss: 0.2277, acc: 0.9207
loss: 0.2305, acc: 0.9203
loss: 0.2287, acc: 0.9214
loss: 0.2313, acc: 0.9196
> val_acc: 0.7616, val_f1: 0.6250
>>>>>>>>>>>>>>>>>>>>>>>>>>>>>>>>>>>>>>>>>>>>>>>>>>>>>>>>>>>>>>>>>>>>>>>>>>>>>>>>>>>>>>>>>>>>>>>>>>>>
epoch: 17
loss: 0.1740, acc: 0.9453
loss: 0.1934, acc: 0.9271
loss: 0.2034, acc: 0.9286
loss: 0.2065, acc: 0.9260
loss: 0.2063, acc: 0.9271
loss: 0.2087, acc: 0.9256
loss: 0.2119, acc: 0.9237
loss: 0.2096, acc: 0.9271
loss: 0.2110, acc: 0.9290
loss: 0.2163, acc: 0.9279
loss: 0.2212, acc: 0.9236
loss: 0.2186, acc: 0.9248
loss: 0.2192, acc: 0.9248
loss: 0.2153, acc: 0.9266
loss: 0.2169, acc: 0.9240
loss: 0.2142, acc: 0.9260
loss: 0.2166, acc: 0.9241
loss: 0.2205, acc: 0.9221
loss: 0.2205, acc: 0.9222
loss: 0.2227, acc: 0.9217
loss: 0.2234, acc: 0.9210
loss: 0.2231, acc: 0.9209
> val_acc: 0.7598, val_f1: 0.6299
>>>>>>>>>>>>>>>>>>>>>>>>>>>>>>>>>>>>>>>>>>>>>>>>>>>>>>>>>>>>>>>>>>>>>>>>>>>>>>>>>>>>>>>>>>>>>>>>>>>>
epoch: 18
loss: 0.2290, acc: 0.8750
loss: 0.2216, acc: 0.9219
loss: 0.2187, acc: 0.9148
loss: 0.2136, acc: 0.9199
loss: 0.2009, acc: 0.9241
loss: 0.2138, acc: 0.9243
loss: 0.2126, acc: 0.9264
loss: 0.2169, acc: 0.9245
loss: 0.2210, acc: 0.9223
loss: 0.2200, acc: 0.9239
loss: 0.2181, acc: 0.9259
loss: 0.2131, acc: 0.9269
loss: 0.2092, acc: 0.9293
loss: 0.2138, acc: 0.9261
loss: 0.2152, acc: 0.9256
loss: 0.2159, acc: 0.9227
loss: 0.2147, acc: 0.9244
loss: 0.2156, acc: 0.9226
loss: 0.2154, acc: 0.9234
loss: 0.2142, acc: 0.9238
loss: 0.2129, acc: 0.9233
loss: 0.2117, acc: 0.9242
loss: 0.2130, acc: 0.9237
> val_acc: 0.7589, val_f1: 0.6192
>>>>>>>>>>>>>>>>>>>>>>>>>>>>>>>>>>>>>>>>>>>>>>>>>>>>>>>>>>>>>>>>>>>>>>>>>>>>>>>>>>>>>>>>>>>>>>>>>>>>
epoch: 19
loss: 0.1771, acc: 0.9479
loss: 0.1763, acc: 0.9531
loss: 0.1819, acc: 0.9447
loss: 0.1856, acc: 0.9375
loss: 0.1877, acc: 0.9402
loss: 0.1910, acc: 0.9386
loss: 0.1943, acc: 0.9356
loss: 0.1975, acc: 0.9317
loss: 0.1969, acc: 0.9339
loss: 0.1962, acc: 0.9336
loss: 0.2000, acc: 0.9304
loss: 0.1970, acc: 0.9327
loss: 0.1961, acc: 0.9330
loss: 0.1965, acc: 0.9334
loss: 0.1949, acc: 0.9341
loss: 0.1954, acc: 0.9343
loss: 0.2005, acc: 0.9322
loss: 0.2016, acc: 0.9315
loss: 0.2024, acc: 0.9301
loss: 0.2053, acc: 0.9292
loss: 0.2052, acc: 0.9296
loss: 0.2051, acc: 0.9291
loss: 0.2061, acc: 0.9288
> val_acc: 0.7589, val_f1: 0.6304
>>>>>>>>>>>>>>>>>>>>>>>>>>>>>>>>>>>>>>>>>>>>>>>>>>>>>>>>>>>>>>>>>>>>>>>>>>>>>>>>>>>>>>>>>>>>>>>>>>>>
epoch: 20
loss: 0.2518, acc: 0.9000
loss: 0.2565, acc: 0.9031
loss: 0.2282, acc: 0.9083
loss: 0.2279, acc: 0.9078
loss: 0.2167, acc: 0.9163
loss: 0.2197, acc: 0.9146
loss: 0.2204, acc: 0.9143
loss: 0.2157, acc: 0.9180
loss: 0.2118, acc: 0.9201
loss: 0.2118, acc: 0.9200
loss: 0.2092, acc: 0.9233
loss: 0.2090, acc: 0.9245
loss: 0.2079, acc: 0.9255
loss: 0.2069, acc: 0.9246
loss: 0.2039, acc: 0.9258
loss: 0.2083, acc: 0.9234
loss: 0.2077, acc: 0.9243
loss: 0.2072, acc: 0.9243
loss: 0.2058, acc: 0.9250
loss: 0.2047, acc: 0.9256
loss: 0.2045, acc: 0.9262
loss: 0.2044, acc: 0.9264
> val_acc: 0.7634, val_f1: 0.6401
>>>>>>>>>>>>>>>>>>>>>>>>>>>>>>>>>>>>>>>>>>>>>>>>>>>>>>>>>>>>>>>>>>>>>>>>>>>>>>>>>>>>>>>>>>>>>>>>>>>>
epoch: 21
loss: 0.2341, acc: 0.9219
loss: 0.1989, acc: 0.9330
loss: 0.1716, acc: 0.9427
loss: 0.1746, acc: 0.9393
loss: 0.1781, acc: 0.9375
loss: 0.1828, acc: 0.9329
loss: 0.1858, acc: 0.9346
loss: 0.1848, acc: 0.9333
loss: 0.1820, acc: 0.9338
loss: 0.1835, acc: 0.9328
loss: 0.1834, acc: 0.9333
loss: 0.1823, acc: 0.9331
loss: 0.1811, acc: 0.9355
loss: 0.1810, acc: 0.9352
loss: 0.1821, acc: 0.9349
loss: 0.1858, acc: 0.9330
loss: 0.1891, acc: 0.9318
loss: 0.1904, acc: 0.9318
loss: 0.1911, acc: 0.9317
loss: 0.1895, acc: 0.9333
loss: 0.1909, acc: 0.9326
loss: 0.1915, acc: 0.9325
loss: 0.1910, acc: 0.9333
> val_acc: 0.7554, val_f1: 0.6213
>>>>>>>>>>>>>>>>>>>>>>>>>>>>>>>>>>>>>>>>>>>>>>>>>>>>>>>>>>>>>>>>>>>>>>>>>>>>>>>>>>>>>>>>>>>>>>>>>>>>
epoch: 22
loss: 0.1644, acc: 0.9297
loss: 0.1777, acc: 0.9306
loss: 0.1819, acc: 0.9330
loss: 0.1770, acc: 0.9359
loss: 0.1764, acc: 0.9401
loss: 0.1741, acc: 0.9418
loss: 0.1681, acc: 0.9449
loss: 0.1736, acc: 0.9423
loss: 0.1791, acc: 0.9411
loss: 0.1835, acc: 0.9388
loss: 0.1820, acc: 0.9404
loss: 0.1842, acc: 0.9391
loss: 0.1842, acc: 0.9390
loss: 0.1847, acc: 0.9375
loss: 0.1844, acc: 0.9358
loss: 0.1864, acc: 0.9331
loss: 0.1898, acc: 0.9323
loss: 0.1895, acc: 0.9329
loss: 0.1883, acc: 0.9338
loss: 0.1881, acc: 0.9343
loss: 0.1865, acc: 0.9348
loss: 0.1855, acc: 0.9349
> val_acc: 0.7634, val_f1: 0.6355
>>>>>>>>>>>>>>>>>>>>>>>>>>>>>>>>>>>>>>>>>>>>>>>>>>>>>>>>>>>>>>>>>>>>>>>>>>>>>>>>>>>>>>>>>>>>>>>>>>>>
epoch: 23
loss: 0.1739, acc: 0.9062
loss: 0.1386, acc: 0.9635
loss: 0.1729, acc: 0.9290
loss: 0.1722, acc: 0.9375
loss: 0.1772, acc: 0.9330
loss: 0.1628, acc: 0.9423
loss: 0.1644, acc: 0.9446
loss: 0.1632, acc: 0.9462
loss: 0.1670, acc: 0.9444
loss: 0.1674, acc: 0.9429
loss: 0.1691, acc: 0.9418
loss: 0.1752, acc: 0.9381
loss: 0.1714, acc: 0.9411
loss: 0.1769, acc: 0.9370
loss: 0.1780, acc: 0.9362
loss: 0.1766, acc: 0.9350
loss: 0.1771, acc: 0.9356
loss: 0.1773, acc: 0.9364
loss: 0.1790, acc: 0.9358
loss: 0.1791, acc: 0.9355
loss: 0.1795, acc: 0.9353
loss: 0.1784, acc: 0.9369
loss: 0.1808, acc: 0.9364
> val_acc: 0.7643, val_f1: 0.6306
>>>>>>>>>>>>>>>>>>>>>>>>>>>>>>>>>>>>>>>>>>>>>>>>>>>>>>>>>>>>>>>>>>>>>>>>>>>>>>>>>>>>>>>>>>>>>>>>>>>>
epoch: 24
loss: 0.1327, acc: 0.9688
loss: 0.1286, acc: 0.9648
loss: 0.1310, acc: 0.9712
loss: 0.1437, acc: 0.9635
loss: 0.1473, acc: 0.9592
loss: 0.1472, acc: 0.9565
loss: 0.1555, acc: 0.9517
loss: 0.1676, acc: 0.9441
loss: 0.1683, acc: 0.9419
loss: 0.1698, acc: 0.9414
loss: 0.1695, acc: 0.9428
loss: 0.1688, acc: 0.9434
loss: 0.1697, acc: 0.9430
loss: 0.1688, acc: 0.9430
loss: 0.1680, acc: 0.9443
loss: 0.1699, acc: 0.9447
loss: 0.1714, acc: 0.9447
loss: 0.1730, acc: 0.9435
loss: 0.1756, acc: 0.9425
loss: 0.1780, acc: 0.9401
loss: 0.1780, acc: 0.9396
loss: 0.1772, acc: 0.9395
loss: 0.1775, acc: 0.9396
> val_acc: 0.7536, val_f1: 0.6309
>>>>>>>>>>>>>>>>>>>>>>>>>>>>>>>>>>>>>>>>>>>>>>>>>>>>>>>>>>>>>>>>>>>>>>>>>>>>>>>>>>>>>>>>>>>>>>>>>>>>
epoch: 25
loss: 0.1932, acc: 0.9313
loss: 0.1659, acc: 0.9469
loss: 0.1746, acc: 0.9437
loss: 0.1701, acc: 0.9453
loss: 0.1642, acc: 0.9487
loss: 0.1628, acc: 0.9490
loss: 0.1558, acc: 0.9536
loss: 0.1540, acc: 0.9547
loss: 0.1547, acc: 0.9535
loss: 0.1614, acc: 0.9500
loss: 0.1633, acc: 0.9489
loss: 0.1619, acc: 0.9484
loss: 0.1663, acc: 0.9457
loss: 0.1646, acc: 0.9455
loss: 0.1628, acc: 0.9471
loss: 0.1610, acc: 0.9484
loss: 0.1643, acc: 0.9463
loss: 0.1628, acc: 0.9465
loss: 0.1663, acc: 0.9451
loss: 0.1698, acc: 0.9428
loss: 0.1693, acc: 0.9435
loss: 0.1673, acc: 0.9449
> val_acc: 0.7571, val_f1: 0.6329
>>>>>>>>>>>>>>>>>>>>>>>>>>>>>>>>>>>>>>>>>>>>>>>>>>>>>>>>>>>>>>>>>>>>>>>>>>>>>>>>>>>>>>>>>>>>>>>>>>>>
epoch: 26
loss: 0.1494, acc: 0.9688
loss: 0.1775, acc: 0.9196
loss: 0.1751, acc: 0.9297
loss: 0.1722, acc: 0.9357
loss: 0.1733, acc: 0.9347
loss: 0.1646, acc: 0.9410
loss: 0.1655, acc: 0.9404
loss: 0.1662, acc: 0.9400
loss: 0.1726, acc: 0.9382
loss: 0.1720, acc: 0.9382
loss: 0.1721, acc: 0.9399
loss: 0.1716, acc: 0.9408
loss: 0.1752, acc: 0.9390
loss: 0.1760, acc: 0.9403
loss: 0.1782, acc: 0.9392
loss: 0.1784, acc: 0.9371
loss: 0.1781, acc: 0.9379
loss: 0.1746, acc: 0.9393
loss: 0.1733, acc: 0.9395
loss: 0.1718, acc: 0.9410
loss: 0.1729, acc: 0.9400
loss: 0.1753, acc: 0.9381
loss: 0.1736, acc: 0.9395
> val_acc: 0.7562, val_f1: 0.6192
>>>>>>>>>>>>>>>>>>>>>>>>>>>>>>>>>>>>>>>>>>>>>>>>>>>>>>>>>>>>>>>>>>>>>>>>>>>>>>>>>>>>>>>>>>>>>>>>>>>>
epoch: 27
loss: 0.1467, acc: 0.9688
loss: 0.1579, acc: 0.9549
loss: 0.1688, acc: 0.9487
loss: 0.1667, acc: 0.9457
loss: 0.1612, acc: 0.9440
loss: 0.1654, acc: 0.9407
loss: 0.1647, acc: 0.9412
loss: 0.1693, acc: 0.9399
loss: 0.1687, acc: 0.9403
loss: 0.1681, acc: 0.9413
loss: 0.1750, acc: 0.9387
loss: 0.1715, acc: 0.9396
loss: 0.1719, acc: 0.9395
loss: 0.1695, acc: 0.9411
loss: 0.1708, acc: 0.9426
loss: 0.1727, acc: 0.9395
loss: 0.1706, acc: 0.9412
loss: 0.1676, acc: 0.9428
loss: 0.1655, acc: 0.9441
loss: 0.1669, acc: 0.9441
loss: 0.1691, acc: 0.9429
loss: 0.1692, acc: 0.9427
> val_acc: 0.7571, val_f1: 0.6134
>>>>>>>>>>>>>>>>>>>>>>>>>>>>>>>>>>>>>>>>>>>>>>>>>>>>>>>>>>>>>>>>>>>>>>>>>>>>>>>>>>>>>>>>>>>>>>>>>>>>
epoch: 28
loss: 0.1332, acc: 0.9688
loss: 0.1056, acc: 0.9740
loss: 0.1364, acc: 0.9602
loss: 0.1468, acc: 0.9570
loss: 0.1487, acc: 0.9568
loss: 0.1543, acc: 0.9519
loss: 0.1672, acc: 0.9456
loss: 0.1647, acc: 0.9462
loss: 0.1600, acc: 0.9489
loss: 0.1563, acc: 0.9511
loss: 0.1560, acc: 0.9528
loss: 0.1539, acc: 0.9537
loss: 0.1545, acc: 0.9524
loss: 0.1553, acc: 0.9517
loss: 0.1568, acc: 0.9498
loss: 0.1577, acc: 0.9490
loss: 0.1577, acc: 0.9491
loss: 0.1591, acc: 0.9473
loss: 0.1590, acc: 0.9475
loss: 0.1597, acc: 0.9460
loss: 0.1584, acc: 0.9471
loss: 0.1602, acc: 0.9460
loss: 0.1599, acc: 0.9459
> val_acc: 0.7607, val_f1: 0.6284
>>>>>>>>>>>>>>>>>>>>>>>>>>>>>>>>>>>>>>>>>>>>>>>>>>>>>>>>>>>>>>>>>>>>>>>>>>>>>>>>>>>>>>>>>>>>>>>>>>>>
epoch: 29
loss: 0.2001, acc: 0.9479
loss: 0.1831, acc: 0.9492
loss: 0.1773, acc: 0.9351
loss: 0.1633, acc: 0.9462
loss: 0.1569, acc: 0.9484
loss: 0.1494, acc: 0.9542
loss: 0.1459, acc: 0.9555
loss: 0.1477, acc: 0.9523
loss: 0.1449, acc: 0.9549
loss: 0.1468, acc: 0.9525
loss: 0.1510, acc: 0.9511
loss: 0.1533, acc: 0.9499
loss: 0.1554, acc: 0.9489
loss: 0.1557, acc: 0.9476
loss: 0.1555, acc: 0.9486
loss: 0.1541, acc: 0.9499
loss: 0.1581, acc: 0.9473
loss: 0.1559, acc: 0.9485
loss: 0.1560, acc: 0.9479
loss: 0.1556, acc: 0.9477
loss: 0.1546, acc: 0.9487
loss: 0.1560, acc: 0.9485
loss: 0.1558, acc: 0.9487
> val_acc: 0.7571, val_f1: 0.6194
>> test_acc: 0.7759, test_f1: 0.6416
