cuda memory allocated: 8544768
n_trainable_params: 811603, n_nontrainable_params: 1323600
> training arguments:
>>> model_name: gcae
>>> dataset: restaurant
>>> optimizer: <class 'torch.optim.adagrad.Adagrad'>
>>> initializer: <function xavier_uniform_ at 0x0000025602557620>
>>> learning_rate: 0.01
>>> momentum: 0.95
>>> dropout: 0.2
>>> l2reg: 5e-05
>>> num_epoch: 30
>>> batch_size: 32
>>> log_step: 5
>>> embed_dim: 300
>>> hidden_dim: 300
>>> bert_dim: 768
>>> pretrained_bert_name: bert-base-uncased
>>> max_seq_len: 80
>>> polarities_dim: 3
>>> hops: 3
>>> device: cuda
>>> seed: None
>>> valset_ratio: 0
>>> num_layers: 1
>>> in_channels: 100
>>> out_channels: 1
>>> downbot: 5
>>> kernel_size: 3
>>> glove_path: ./glove/glove.840B.300d.txt
>>> model_class: <class 'models.gcae.GCAE'>
>>> dataset_file: {'train': './datasets/semeval14/Restaurants_Train.xml.seg', 'test': './datasets/semeval14/Restaurants_Test_Gold.xml.seg'}
>>> inputs_cols: ['text_raw_indices', 'aspect_indices']
>>>>>>>>>>>>>>>>>>>>>>>>>>>>>>>>>>>>>>>>>>>>>>>>>>>>>>>>>>>>>>>>>>>>>>>>>>>>>>>>>>>>>>>>>>>>>>>>>>>>
epoch: 0
loss: 2.5566, acc: 0.5250
loss: 2.6206, acc: 0.5219
loss: 2.0752, acc: 0.5417
loss: 1.7617, acc: 0.5719
loss: 1.5720, acc: 0.5962
loss: 1.4421, acc: 0.6083
loss: 1.3501, acc: 0.6223
loss: 1.2899, acc: 0.6266
loss: 1.2343, acc: 0.6319
loss: 1.1790, acc: 0.6406
loss: 1.1324, acc: 0.6466
loss: 1.1078, acc: 0.6484
loss: 1.0897, acc: 0.6462
loss: 1.0635, acc: 0.6513
loss: 1.0430, acc: 0.6538
loss: 1.0237, acc: 0.6555
loss: 1.0074, acc: 0.6585
loss: 0.9824, acc: 0.6635
loss: 0.9648, acc: 0.6674
loss: 0.9493, acc: 0.6706
loss: 0.9309, acc: 0.6762
loss: 0.9204, acc: 0.6784
> val_acc: 0.7643, val_f1: 0.6417
>> saved: state_dict/gcae_restaurant_val_acc0.7643
>>>>>>>>>>>>>>>>>>>>>>>>>>>>>>>>>>>>>>>>>>>>>>>>>>>>>>>>>>>>>>>>>>>>>>>>>>>>>>>>>>>>>>>>>>>>>>>>>>>>
epoch: 1
loss: 0.6137, acc: 0.7812
loss: 0.5508, acc: 0.7768
loss: 0.5357, acc: 0.7969
loss: 0.5071, acc: 0.8088
loss: 0.5001, acc: 0.8196
loss: 0.4845, acc: 0.8218
loss: 0.4773, acc: 0.8262
loss: 0.4688, acc: 0.8269
loss: 0.4749, acc: 0.8214
loss: 0.4766, acc: 0.8205
loss: 0.4736, acc: 0.8215
loss: 0.4721, acc: 0.8235
loss: 0.4752, acc: 0.8226
loss: 0.4724, acc: 0.8237
loss: 0.4736, acc: 0.8225
loss: 0.4709, acc: 0.8226
loss: 0.4700, acc: 0.8228
loss: 0.4725, acc: 0.8215
loss: 0.4728, acc: 0.8220
loss: 0.4750, acc: 0.8206
loss: 0.4817, acc: 0.8162
loss: 0.4852, acc: 0.8140
loss: 0.4822, acc: 0.8153
> val_acc: 0.7625, val_f1: 0.6199
>>>>>>>>>>>>>>>>>>>>>>>>>>>>>>>>>>>>>>>>>>>>>>>>>>>>>>>>>>>>>>>>>>>>>>>>>>>>>>>>>>>>>>>>>>>>>>>>>>>>
epoch: 2
loss: 0.3655, acc: 0.8438
loss: 0.3187, acc: 0.8958
loss: 0.3557, acc: 0.8750
loss: 0.3355, acc: 0.8882
loss: 0.3379, acc: 0.8841
loss: 0.3557, acc: 0.8761
loss: 0.3512, acc: 0.8787
loss: 0.3513, acc: 0.8750
loss: 0.3505, acc: 0.8729
loss: 0.3570, acc: 0.8693
loss: 0.3635, acc: 0.8675
loss: 0.3578, acc: 0.8686
loss: 0.3537, acc: 0.8701
loss: 0.3561, acc: 0.8714
loss: 0.3575, acc: 0.8708
loss: 0.3514, acc: 0.8738
loss: 0.3618, acc: 0.8698
loss: 0.3727, acc: 0.8641
loss: 0.3737, acc: 0.8634
loss: 0.3758, acc: 0.8614
loss: 0.3786, acc: 0.8588
loss: 0.3771, acc: 0.8575
> val_acc: 0.7723, val_f1: 0.6303
>> saved: state_dict/gcae_restaurant_val_acc0.7723
>>>>>>>>>>>>>>>>>>>>>>>>>>>>>>>>>>>>>>>>>>>>>>>>>>>>>>>>>>>>>>>>>>>>>>>>>>>>>>>>>>>>>>>>>>>>>>>>>>>>
epoch: 3
loss: 0.3024, acc: 0.8750
loss: 0.3170, acc: 0.8698
loss: 0.3056, acc: 0.8807
loss: 0.2894, acc: 0.8906
loss: 0.2957, acc: 0.8914
loss: 0.3070, acc: 0.8858
loss: 0.3108, acc: 0.8891
loss: 0.3097, acc: 0.8880
loss: 0.3046, acc: 0.8895
loss: 0.3100, acc: 0.8879
loss: 0.3108, acc: 0.8885
loss: 0.3037, acc: 0.8906
loss: 0.3093, acc: 0.8878
loss: 0.3119, acc: 0.8859
loss: 0.3118, acc: 0.8864
loss: 0.3142, acc: 0.8849
loss: 0.3165, acc: 0.8831
loss: 0.3190, acc: 0.8819
loss: 0.3162, acc: 0.8822
loss: 0.3172, acc: 0.8815
loss: 0.3220, acc: 0.8800
loss: 0.3208, acc: 0.8803
loss: 0.3233, acc: 0.8792
> val_acc: 0.7536, val_f1: 0.5820
>>>>>>>>>>>>>>>>>>>>>>>>>>>>>>>>>>>>>>>>>>>>>>>>>>>>>>>>>>>>>>>>>>>>>>>>>>>>>>>>>>>>>>>>>>>>>>>>>>>>
epoch: 4
loss: 0.2936, acc: 0.8854
loss: 0.2551, acc: 0.9102
loss: 0.2593, acc: 0.9087
loss: 0.2855, acc: 0.8976
loss: 0.2838, acc: 0.8967
loss: 0.2776, acc: 0.9007
loss: 0.2745, acc: 0.9006
loss: 0.2730, acc: 0.9005
loss: 0.2680, acc: 0.9012
loss: 0.2645, acc: 0.9010
loss: 0.2685, acc: 0.9004
loss: 0.2737, acc: 0.8982
loss: 0.2794, acc: 0.8968
loss: 0.2779, acc: 0.8989
loss: 0.2836, acc: 0.8934
loss: 0.2854, acc: 0.8934
loss: 0.2868, acc: 0.8931
loss: 0.2866, acc: 0.8913
loss: 0.2851, acc: 0.8921
loss: 0.2870, acc: 0.8919
loss: 0.2829, acc: 0.8941
loss: 0.2858, acc: 0.8924
loss: 0.2872, acc: 0.8922
> val_acc: 0.7804, val_f1: 0.6365
>> saved: state_dict/gcae_restaurant_val_acc0.7804
>>>>>>>>>>>>>>>>>>>>>>>>>>>>>>>>>>>>>>>>>>>>>>>>>>>>>>>>>>>>>>>>>>>>>>>>>>>>>>>>>>>>>>>>>>>>>>>>>>>>
epoch: 5
loss: 0.2431, acc: 0.9313
loss: 0.2429, acc: 0.9125
loss: 0.2381, acc: 0.9187
loss: 0.2599, acc: 0.9109
loss: 0.2606, acc: 0.9087
loss: 0.2513, acc: 0.9115
loss: 0.2506, acc: 0.9134
loss: 0.2432, acc: 0.9156
loss: 0.2442, acc: 0.9153
loss: 0.2470, acc: 0.9125
loss: 0.2470, acc: 0.9119
loss: 0.2470, acc: 0.9109
loss: 0.2449, acc: 0.9120
loss: 0.2500, acc: 0.9089
loss: 0.2479, acc: 0.9100
loss: 0.2523, acc: 0.9078
loss: 0.2512, acc: 0.9062
loss: 0.2533, acc: 0.9049
loss: 0.2538, acc: 0.9056
loss: 0.2527, acc: 0.9056
loss: 0.2555, acc: 0.9027
loss: 0.2570, acc: 0.9020
> val_acc: 0.7670, val_f1: 0.6131
>>>>>>>>>>>>>>>>>>>>>>>>>>>>>>>>>>>>>>>>>>>>>>>>>>>>>>>>>>>>>>>>>>>>>>>>>>>>>>>>>>>>>>>>>>>>>>>>>>>>
epoch: 6
loss: 0.2315, acc: 0.9062
loss: 0.1929, acc: 0.9286
loss: 0.1856, acc: 0.9401
loss: 0.1927, acc: 0.9393
loss: 0.1993, acc: 0.9332
loss: 0.1975, acc: 0.9317
loss: 0.2000, acc: 0.9287
loss: 0.1994, acc: 0.9282
loss: 0.2033, acc: 0.9286
loss: 0.2080, acc: 0.9249
loss: 0.2054, acc: 0.9279
loss: 0.2056, acc: 0.9282
loss: 0.2107, acc: 0.9274
loss: 0.2123, acc: 0.9254
loss: 0.2153, acc: 0.9232
loss: 0.2151, acc: 0.9229
loss: 0.2165, acc: 0.9226
loss: 0.2200, acc: 0.9210
loss: 0.2230, acc: 0.9198
loss: 0.2230, acc: 0.9191
loss: 0.2227, acc: 0.9194
loss: 0.2234, acc: 0.9188
loss: 0.2266, acc: 0.9166
> val_acc: 0.7759, val_f1: 0.6472
>>>>>>>>>>>>>>>>>>>>>>>>>>>>>>>>>>>>>>>>>>>>>>>>>>>>>>>>>>>>>>>>>>>>>>>>>>>>>>>>>>>>>>>>>>>>>>>>>>>>
epoch: 7
loss: 0.1315, acc: 0.9609
loss: 0.1911, acc: 0.9410
loss: 0.1989, acc: 0.9308
loss: 0.1906, acc: 0.9375
loss: 0.1806, acc: 0.9466
loss: 0.1794, acc: 0.9450
loss: 0.1861, acc: 0.9393
loss: 0.1875, acc: 0.9399
loss: 0.1879, acc: 0.9389
loss: 0.1891, acc: 0.9388
loss: 0.1833, acc: 0.9421
loss: 0.1866, acc: 0.9396
loss: 0.1831, acc: 0.9399
loss: 0.1800, acc: 0.9420
loss: 0.1813, acc: 0.9400
loss: 0.1905, acc: 0.9363
loss: 0.1897, acc: 0.9364
loss: 0.1908, acc: 0.9361
loss: 0.1927, acc: 0.9342
loss: 0.1978, acc: 0.9328
loss: 0.2023, acc: 0.9303
loss: 0.2021, acc: 0.9312
> val_acc: 0.7732, val_f1: 0.6231
>>>>>>>>>>>>>>>>>>>>>>>>>>>>>>>>>>>>>>>>>>>>>>>>>>>>>>>>>>>>>>>>>>>>>>>>>>>>>>>>>>>>>>>>>>>>>>>>>>>>
epoch: 8
loss: 0.2691, acc: 0.8750
loss: 0.1745, acc: 0.9323
loss: 0.1684, acc: 0.9432
loss: 0.1457, acc: 0.9531
loss: 0.1553, acc: 0.9568
loss: 0.1553, acc: 0.9555
loss: 0.1630, acc: 0.9516
loss: 0.1695, acc: 0.9497
loss: 0.1692, acc: 0.9512
loss: 0.1765, acc: 0.9477
loss: 0.1846, acc: 0.9436
loss: 0.1855, acc: 0.9431
loss: 0.1856, acc: 0.9431
loss: 0.1879, acc: 0.9403
loss: 0.1853, acc: 0.9423
loss: 0.1859, acc: 0.9424
loss: 0.1861, acc: 0.9421
loss: 0.1899, acc: 0.9393
loss: 0.1898, acc: 0.9399
loss: 0.1894, acc: 0.9401
loss: 0.1886, acc: 0.9409
loss: 0.1876, acc: 0.9407
loss: 0.1861, acc: 0.9414
> val_acc: 0.7768, val_f1: 0.6404
>>>>>>>>>>>>>>>>>>>>>>>>>>>>>>>>>>>>>>>>>>>>>>>>>>>>>>>>>>>>>>>>>>>>>>>>>>>>>>>>>>>>>>>>>>>>>>>>>>>>
epoch: 9
loss: 0.1102, acc: 0.9792
loss: 0.1314, acc: 0.9648
loss: 0.1363, acc: 0.9591
loss: 0.1406, acc: 0.9549
loss: 0.1552, acc: 0.9511
loss: 0.1510, acc: 0.9487
loss: 0.1538, acc: 0.9470
loss: 0.1534, acc: 0.9490
loss: 0.1592, acc: 0.9448
loss: 0.1619, acc: 0.9440
loss: 0.1602, acc: 0.9458
loss: 0.1578, acc: 0.9461
loss: 0.1645, acc: 0.9430
loss: 0.1636, acc: 0.9416
loss: 0.1648, acc: 0.9401
loss: 0.1666, acc: 0.9399
loss: 0.1685, acc: 0.9383
loss: 0.1671, acc: 0.9379
loss: 0.1689, acc: 0.9368
loss: 0.1691, acc: 0.9369
loss: 0.1681, acc: 0.9375
loss: 0.1689, acc: 0.9375
loss: 0.1681, acc: 0.9385
> val_acc: 0.7768, val_f1: 0.6558
>>>>>>>>>>>>>>>>>>>>>>>>>>>>>>>>>>>>>>>>>>>>>>>>>>>>>>>>>>>>>>>>>>>>>>>>>>>>>>>>>>>>>>>>>>>>>>>>>>>>
epoch: 10
loss: 0.1364, acc: 0.9625
loss: 0.1336, acc: 0.9594
loss: 0.1263, acc: 0.9625
loss: 0.1198, acc: 0.9688
loss: 0.1244, acc: 0.9637
loss: 0.1229, acc: 0.9646
loss: 0.1263, acc: 0.9616
loss: 0.1282, acc: 0.9602
loss: 0.1290, acc: 0.9611
loss: 0.1334, acc: 0.9575
loss: 0.1363, acc: 0.9557
loss: 0.1390, acc: 0.9536
loss: 0.1429, acc: 0.9524
loss: 0.1456, acc: 0.9496
loss: 0.1481, acc: 0.9487
loss: 0.1490, acc: 0.9477
loss: 0.1519, acc: 0.9449
loss: 0.1517, acc: 0.9441
loss: 0.1540, acc: 0.9434
loss: 0.1562, acc: 0.9425
loss: 0.1572, acc: 0.9420
loss: 0.1596, acc: 0.9403
> val_acc: 0.7732, val_f1: 0.6384
>>>>>>>>>>>>>>>>>>>>>>>>>>>>>>>>>>>>>>>>>>>>>>>>>>>>>>>>>>>>>>>>>>>>>>>>>>>>>>>>>>>>>>>>>>>>>>>>>>>>
epoch: 11
loss: 0.0856, acc: 0.9844
loss: 0.1294, acc: 0.9643
loss: 0.1318, acc: 0.9661
loss: 0.1225, acc: 0.9688
loss: 0.1261, acc: 0.9631
loss: 0.1326, acc: 0.9606
loss: 0.1366, acc: 0.9609
loss: 0.1344, acc: 0.9611
loss: 0.1329, acc: 0.9621
loss: 0.1338, acc: 0.9601
loss: 0.1387, acc: 0.9567
loss: 0.1395, acc: 0.9561
loss: 0.1402, acc: 0.9561
loss: 0.1447, acc: 0.9534
loss: 0.1460, acc: 0.9518
loss: 0.1454, acc: 0.9517
loss: 0.1462, acc: 0.9508
loss: 0.1448, acc: 0.9515
loss: 0.1460, acc: 0.9518
loss: 0.1522, acc: 0.9485
loss: 0.1540, acc: 0.9464
loss: 0.1541, acc: 0.9463
loss: 0.1532, acc: 0.9473
> val_acc: 0.7830, val_f1: 0.6585
>> saved: state_dict/gcae_restaurant_val_acc0.783
>>>>>>>>>>>>>>>>>>>>>>>>>>>>>>>>>>>>>>>>>>>>>>>>>>>>>>>>>>>>>>>>>>>>>>>>>>>>>>>>>>>>>>>>>>>>>>>>>>>>
epoch: 12
loss: 0.0949, acc: 0.9766
loss: 0.1056, acc: 0.9618
loss: 0.1147, acc: 0.9598
loss: 0.1219, acc: 0.9572
loss: 0.1343, acc: 0.9505
loss: 0.1318, acc: 0.9537
loss: 0.1295, acc: 0.9550
loss: 0.1364, acc: 0.9511
loss: 0.1376, acc: 0.9503
loss: 0.1379, acc: 0.9509
loss: 0.1419, acc: 0.9485
loss: 0.1427, acc: 0.9481
loss: 0.1401, acc: 0.9507
loss: 0.1374, acc: 0.9520
loss: 0.1374, acc: 0.9527
loss: 0.1379, acc: 0.9521
loss: 0.1373, acc: 0.9528
loss: 0.1357, acc: 0.9537
loss: 0.1358, acc: 0.9538
loss: 0.1376, acc: 0.9527
loss: 0.1368, acc: 0.9528
loss: 0.1374, acc: 0.9533
> val_acc: 0.7688, val_f1: 0.6061
>>>>>>>>>>>>>>>>>>>>>>>>>>>>>>>>>>>>>>>>>>>>>>>>>>>>>>>>>>>>>>>>>>>>>>>>>>>>>>>>>>>>>>>>>>>>>>>>>>>>
epoch: 13
loss: 0.0902, acc: 0.9688
loss: 0.1235, acc: 0.9427
loss: 0.1283, acc: 0.9489
loss: 0.1283, acc: 0.9570
loss: 0.1436, acc: 0.9479
loss: 0.1355, acc: 0.9519
loss: 0.1334, acc: 0.9546
loss: 0.1331, acc: 0.9549
loss: 0.1372, acc: 0.9535
loss: 0.1353, acc: 0.9545
loss: 0.1316, acc: 0.9534
loss: 0.1302, acc: 0.9548
loss: 0.1305, acc: 0.9544
loss: 0.1310, acc: 0.9527
loss: 0.1320, acc: 0.9520
loss: 0.1314, acc: 0.9527
loss: 0.1299, acc: 0.9541
loss: 0.1276, acc: 0.9557
loss: 0.1306, acc: 0.9543
loss: 0.1294, acc: 0.9554
loss: 0.1280, acc: 0.9561
loss: 0.1276, acc: 0.9561
loss: 0.1287, acc: 0.9558
> val_acc: 0.7804, val_f1: 0.6426
>>>>>>>>>>>>>>>>>>>>>>>>>>>>>>>>>>>>>>>>>>>>>>>>>>>>>>>>>>>>>>>>>>>>>>>>>>>>>>>>>>>>>>>>>>>>>>>>>>>>
epoch: 14
loss: 0.1153, acc: 0.9583
loss: 0.1129, acc: 0.9492
loss: 0.1113, acc: 0.9519
loss: 0.1114, acc: 0.9549
loss: 0.1129, acc: 0.9579
loss: 0.1182, acc: 0.9531
loss: 0.1216, acc: 0.9545
loss: 0.1192, acc: 0.9564
loss: 0.1187, acc: 0.9564
loss: 0.1181, acc: 0.9583
loss: 0.1156, acc: 0.9599
loss: 0.1168, acc: 0.9596
loss: 0.1196, acc: 0.9578
loss: 0.1188, acc: 0.9586
loss: 0.1171, acc: 0.9598
loss: 0.1188, acc: 0.9587
loss: 0.1207, acc: 0.9582
loss: 0.1188, acc: 0.9585
loss: 0.1187, acc: 0.9580
loss: 0.1209, acc: 0.9570
loss: 0.1228, acc: 0.9560
loss: 0.1254, acc: 0.9554
loss: 0.1270, acc: 0.9543
> val_acc: 0.7812, val_f1: 0.6432
>>>>>>>>>>>>>>>>>>>>>>>>>>>>>>>>>>>>>>>>>>>>>>>>>>>>>>>>>>>>>>>>>>>>>>>>>>>>>>>>>>>>>>>>>>>>>>>>>>>>
epoch: 15
loss: 0.1146, acc: 0.9688
loss: 0.1030, acc: 0.9719
loss: 0.1058, acc: 0.9688
loss: 0.1110, acc: 0.9688
loss: 0.1139, acc: 0.9675
loss: 0.1055, acc: 0.9708
loss: 0.1046, acc: 0.9714
loss: 0.1043, acc: 0.9711
loss: 0.1074, acc: 0.9694
loss: 0.1056, acc: 0.9688
loss: 0.1061, acc: 0.9688
loss: 0.1065, acc: 0.9677
loss: 0.1060, acc: 0.9668
loss: 0.1085, acc: 0.9643
loss: 0.1147, acc: 0.9625
loss: 0.1163, acc: 0.9621
loss: 0.1185, acc: 0.9614
loss: 0.1174, acc: 0.9615
loss: 0.1162, acc: 0.9612
loss: 0.1164, acc: 0.9606
loss: 0.1168, acc: 0.9607
loss: 0.1188, acc: 0.9597
> val_acc: 0.7759, val_f1: 0.6388
>>>>>>>>>>>>>>>>>>>>>>>>>>>>>>>>>>>>>>>>>>>>>>>>>>>>>>>>>>>>>>>>>>>>>>>>>>>>>>>>>>>>>>>>>>>>>>>>>>>>
epoch: 16
loss: 0.1000, acc: 0.9531
loss: 0.1219, acc: 0.9598
loss: 0.1060, acc: 0.9661
loss: 0.0966, acc: 0.9706
loss: 0.0958, acc: 0.9702
loss: 0.0920, acc: 0.9711
loss: 0.0912, acc: 0.9727
loss: 0.0895, acc: 0.9738
loss: 0.0937, acc: 0.9725
loss: 0.0944, acc: 0.9727
loss: 0.0914, acc: 0.9748
loss: 0.0935, acc: 0.9731
loss: 0.0929, acc: 0.9728
loss: 0.0933, acc: 0.9720
loss: 0.0931, acc: 0.9718
loss: 0.0934, acc: 0.9720
loss: 0.0927, acc: 0.9726
loss: 0.0922, acc: 0.9723
loss: 0.0951, acc: 0.9704
loss: 0.0954, acc: 0.9704
loss: 0.0954, acc: 0.9706
loss: 0.0972, acc: 0.9693
loss: 0.0984, acc: 0.9685
> val_acc: 0.7768, val_f1: 0.6295
>>>>>>>>>>>>>>>>>>>>>>>>>>>>>>>>>>>>>>>>>>>>>>>>>>>>>>>>>>>>>>>>>>>>>>>>>>>>>>>>>>>>>>>>>>>>>>>>>>>>
epoch: 17
loss: 0.0751, acc: 0.9766
loss: 0.0851, acc: 0.9722
loss: 0.0844, acc: 0.9754
loss: 0.0879, acc: 0.9720
loss: 0.0844, acc: 0.9740
loss: 0.0882, acc: 0.9698
loss: 0.0835, acc: 0.9743
loss: 0.0872, acc: 0.9728
loss: 0.0860, acc: 0.9737
loss: 0.0893, acc: 0.9719
loss: 0.0891, acc: 0.9716
loss: 0.0898, acc: 0.9703
loss: 0.0920, acc: 0.9688
loss: 0.0918, acc: 0.9692
loss: 0.0950, acc: 0.9671
loss: 0.0945, acc: 0.9676
loss: 0.0933, acc: 0.9688
loss: 0.0965, acc: 0.9680
loss: 0.0967, acc: 0.9681
loss: 0.0972, acc: 0.9672
loss: 0.0972, acc: 0.9672
loss: 0.0967, acc: 0.9676
> val_acc: 0.7688, val_f1: 0.6160
>>>>>>>>>>>>>>>>>>>>>>>>>>>>>>>>>>>>>>>>>>>>>>>>>>>>>>>>>>>>>>>>>>>>>>>>>>>>>>>>>>>>>>>>>>>>>>>>>>>>
epoch: 18
loss: 0.0840, acc: 0.9688
loss: 0.0599, acc: 0.9844
loss: 0.0685, acc: 0.9830
loss: 0.0694, acc: 0.9824
loss: 0.0675, acc: 0.9807
loss: 0.0766, acc: 0.9760
loss: 0.0802, acc: 0.9718
loss: 0.0781, acc: 0.9748
loss: 0.0835, acc: 0.9726
loss: 0.0881, acc: 0.9715
loss: 0.0903, acc: 0.9706
loss: 0.0878, acc: 0.9721
loss: 0.0892, acc: 0.9723
loss: 0.0900, acc: 0.9716
loss: 0.0880, acc: 0.9727
loss: 0.0918, acc: 0.9708
loss: 0.0903, acc: 0.9715
loss: 0.0898, acc: 0.9717
loss: 0.0912, acc: 0.9712
loss: 0.0912, acc: 0.9720
loss: 0.0920, acc: 0.9715
loss: 0.0910, acc: 0.9723
loss: 0.0913, acc: 0.9724
> val_acc: 0.7750, val_f1: 0.6518
>>>>>>>>>>>>>>>>>>>>>>>>>>>>>>>>>>>>>>>>>>>>>>>>>>>>>>>>>>>>>>>>>>>>>>>>>>>>>>>>>>>>>>>>>>>>>>>>>>>>
epoch: 19
loss: 0.0712, acc: 0.9896
loss: 0.0504, acc: 0.9961
loss: 0.0510, acc: 0.9928
loss: 0.0595, acc: 0.9861
loss: 0.0567, acc: 0.9864
loss: 0.0633, acc: 0.9844
loss: 0.0653, acc: 0.9820
loss: 0.0739, acc: 0.9778
loss: 0.0770, acc: 0.9775
loss: 0.0784, acc: 0.9772
loss: 0.0763, acc: 0.9782
loss: 0.0797, acc: 0.9774
loss: 0.0814, acc: 0.9767
loss: 0.0859, acc: 0.9756
loss: 0.0875, acc: 0.9743
loss: 0.0869, acc: 0.9740
loss: 0.0860, acc: 0.9736
loss: 0.0856, acc: 0.9737
loss: 0.0851, acc: 0.9741
loss: 0.0858, acc: 0.9742
loss: 0.0855, acc: 0.9748
loss: 0.0892, acc: 0.9734
loss: 0.0904, acc: 0.9728
> val_acc: 0.7777, val_f1: 0.6586
>>>>>>>>>>>>>>>>>>>>>>>>>>>>>>>>>>>>>>>>>>>>>>>>>>>>>>>>>>>>>>>>>>>>>>>>>>>>>>>>>>>>>>>>>>>>>>>>>>>>
epoch: 20
loss: 0.0541, acc: 0.9938
loss: 0.0690, acc: 0.9812
loss: 0.0723, acc: 0.9792
loss: 0.0733, acc: 0.9797
loss: 0.0771, acc: 0.9800
loss: 0.0843, acc: 0.9771
loss: 0.0821, acc: 0.9777
loss: 0.0795, acc: 0.9789
loss: 0.0766, acc: 0.9799
loss: 0.0806, acc: 0.9769
loss: 0.0870, acc: 0.9739
loss: 0.0878, acc: 0.9724
loss: 0.0879, acc: 0.9726
loss: 0.0872, acc: 0.9728
loss: 0.0861, acc: 0.9729
loss: 0.0847, acc: 0.9738
loss: 0.0849, acc: 0.9743
loss: 0.0861, acc: 0.9740
loss: 0.0850, acc: 0.9740
loss: 0.0863, acc: 0.9728
loss: 0.0849, acc: 0.9738
loss: 0.0857, acc: 0.9730
> val_acc: 0.7768, val_f1: 0.6322
>>>>>>>>>>>>>>>>>>>>>>>>>>>>>>>>>>>>>>>>>>>>>>>>>>>>>>>>>>>>>>>>>>>>>>>>>>>>>>>>>>>>>>>>>>>>>>>>>>>>
epoch: 21
loss: 0.0640, acc: 0.9844
loss: 0.0808, acc: 0.9643
loss: 0.0767, acc: 0.9661
loss: 0.0803, acc: 0.9688
loss: 0.0913, acc: 0.9659
loss: 0.0864, acc: 0.9676
loss: 0.0848, acc: 0.9678
loss: 0.0809, acc: 0.9713
loss: 0.0839, acc: 0.9695
loss: 0.0827, acc: 0.9707
loss: 0.0818, acc: 0.9718
loss: 0.0822, acc: 0.9720
loss: 0.0813, acc: 0.9733
loss: 0.0814, acc: 0.9734
loss: 0.0818, acc: 0.9727
loss: 0.0833, acc: 0.9724
loss: 0.0836, acc: 0.9722
loss: 0.0841, acc: 0.9713
loss: 0.0832, acc: 0.9725
loss: 0.0814, acc: 0.9736
loss: 0.0811, acc: 0.9733
loss: 0.0832, acc: 0.9723
loss: 0.0832, acc: 0.9721
> val_acc: 0.7732, val_f1: 0.6320
>>>>>>>>>>>>>>>>>>>>>>>>>>>>>>>>>>>>>>>>>>>>>>>>>>>>>>>>>>>>>>>>>>>>>>>>>>>>>>>>>>>>>>>>>>>>>>>>>>>>
epoch: 22
loss: 0.0917, acc: 0.9688
loss: 0.0760, acc: 0.9826
loss: 0.0808, acc: 0.9799
loss: 0.0779, acc: 0.9819
loss: 0.0770, acc: 0.9818
loss: 0.0736, acc: 0.9838
loss: 0.0729, acc: 0.9844
loss: 0.0712, acc: 0.9840
loss: 0.0697, acc: 0.9837
loss: 0.0689, acc: 0.9841
loss: 0.0669, acc: 0.9850
loss: 0.0657, acc: 0.9852
loss: 0.0743, acc: 0.9810
loss: 0.0739, acc: 0.9805
loss: 0.0746, acc: 0.9793
loss: 0.0740, acc: 0.9790
loss: 0.0729, acc: 0.9795
loss: 0.0730, acc: 0.9796
loss: 0.0721, acc: 0.9801
loss: 0.0732, acc: 0.9795
loss: 0.0724, acc: 0.9796
loss: 0.0743, acc: 0.9791
> val_acc: 0.7795, val_f1: 0.6494
>>>>>>>>>>>>>>>>>>>>>>>>>>>>>>>>>>>>>>>>>>>>>>>>>>>>>>>>>>>>>>>>>>>>>>>>>>>>>>>>>>>>>>>>>>>>>>>>>>>>
epoch: 23
loss: 0.0765, acc: 0.9688
loss: 0.0627, acc: 0.9792
loss: 0.0604, acc: 0.9801
loss: 0.0561, acc: 0.9844
loss: 0.0575, acc: 0.9851
loss: 0.0562, acc: 0.9844
loss: 0.0629, acc: 0.9819
loss: 0.0614, acc: 0.9826
loss: 0.0649, acc: 0.9817
loss: 0.0659, acc: 0.9817
loss: 0.0655, acc: 0.9816
loss: 0.0644, acc: 0.9827
loss: 0.0633, acc: 0.9831
loss: 0.0612, acc: 0.9839
loss: 0.0622, acc: 0.9842
loss: 0.0620, acc: 0.9848
loss: 0.0660, acc: 0.9834
loss: 0.0660, acc: 0.9833
loss: 0.0671, acc: 0.9832
loss: 0.0681, acc: 0.9827
loss: 0.0686, acc: 0.9824
loss: 0.0677, acc: 0.9826
loss: 0.0693, acc: 0.9817
> val_acc: 0.7777, val_f1: 0.6304
>>>>>>>>>>>>>>>>>>>>>>>>>>>>>>>>>>>>>>>>>>>>>>>>>>>>>>>>>>>>>>>>>>>>>>>>>>>>>>>>>>>>>>>>>>>>>>>>>>>>
epoch: 24
loss: 0.0580, acc: 0.9896
loss: 0.0543, acc: 0.9922
loss: 0.0532, acc: 0.9928
loss: 0.0658, acc: 0.9861
loss: 0.0619, acc: 0.9864
loss: 0.0582, acc: 0.9877
loss: 0.0582, acc: 0.9858
loss: 0.0591, acc: 0.9852
loss: 0.0602, acc: 0.9855
loss: 0.0630, acc: 0.9831
loss: 0.0617, acc: 0.9829
loss: 0.0640, acc: 0.9817
loss: 0.0630, acc: 0.9816
loss: 0.0615, acc: 0.9830
loss: 0.0610, acc: 0.9833
loss: 0.0615, acc: 0.9836
loss: 0.0627, acc: 0.9827
loss: 0.0630, acc: 0.9822
loss: 0.0634, acc: 0.9819
loss: 0.0627, acc: 0.9821
loss: 0.0621, acc: 0.9824
loss: 0.0621, acc: 0.9829
loss: 0.0637, acc: 0.9820
> val_acc: 0.7768, val_f1: 0.6341
>>>>>>>>>>>>>>>>>>>>>>>>>>>>>>>>>>>>>>>>>>>>>>>>>>>>>>>>>>>>>>>>>>>>>>>>>>>>>>>>>>>>>>>>>>>>>>>>>>>>
epoch: 25
loss: 0.0544, acc: 0.9875
loss: 0.0572, acc: 0.9844
loss: 0.0533, acc: 0.9896
loss: 0.0501, acc: 0.9906
loss: 0.0474, acc: 0.9912
loss: 0.0529, acc: 0.9885
loss: 0.0516, acc: 0.9902
loss: 0.0528, acc: 0.9891
loss: 0.0518, acc: 0.9896
loss: 0.0554, acc: 0.9875
loss: 0.0550, acc: 0.9881
loss: 0.0619, acc: 0.9849
loss: 0.0629, acc: 0.9851
loss: 0.0645, acc: 0.9835
loss: 0.0664, acc: 0.9829
loss: 0.0652, acc: 0.9832
loss: 0.0657, acc: 0.9827
loss: 0.0659, acc: 0.9830
loss: 0.0650, acc: 0.9829
loss: 0.0642, acc: 0.9831
loss: 0.0632, acc: 0.9836
loss: 0.0630, acc: 0.9832
> val_acc: 0.7830, val_f1: 0.6522
>>>>>>>>>>>>>>>>>>>>>>>>>>>>>>>>>>>>>>>>>>>>>>>>>>>>>>>>>>>>>>>>>>>>>>>>>>>>>>>>>>>>>>>>>>>>>>>>>>>>
epoch: 26
loss: 0.0824, acc: 0.9688
loss: 0.0636, acc: 0.9821
loss: 0.0633, acc: 0.9792
loss: 0.0550, acc: 0.9835
loss: 0.0544, acc: 0.9844
loss: 0.0562, acc: 0.9826
loss: 0.0575, acc: 0.9814
loss: 0.0610, acc: 0.9814
loss: 0.0592, acc: 0.9829
loss: 0.0572, acc: 0.9840
loss: 0.0560, acc: 0.9850
loss: 0.0569, acc: 0.9846
loss: 0.0558, acc: 0.9849
loss: 0.0556, acc: 0.9851
loss: 0.0575, acc: 0.9839
loss: 0.0581, acc: 0.9838
loss: 0.0580, acc: 0.9840
loss: 0.0581, acc: 0.9842
loss: 0.0585, acc: 0.9844
loss: 0.0589, acc: 0.9839
loss: 0.0595, acc: 0.9828
loss: 0.0603, acc: 0.9825
loss: 0.0598, acc: 0.9824
> val_acc: 0.7759, val_f1: 0.6337
>>>>>>>>>>>>>>>>>>>>>>>>>>>>>>>>>>>>>>>>>>>>>>>>>>>>>>>>>>>>>>>>>>>>>>>>>>>>>>>>>>>>>>>>>>>>>>>>>>>>
epoch: 27
loss: 0.0576, acc: 0.9844
loss: 0.0407, acc: 0.9931
loss: 0.0450, acc: 0.9911
loss: 0.0529, acc: 0.9852
loss: 0.0494, acc: 0.9883
loss: 0.0532, acc: 0.9860
loss: 0.0510, acc: 0.9881
loss: 0.0494, acc: 0.9888
loss: 0.0512, acc: 0.9886
loss: 0.0524, acc: 0.9879
loss: 0.0506, acc: 0.9884
loss: 0.0522, acc: 0.9878
loss: 0.0540, acc: 0.9854
loss: 0.0576, acc: 0.9846
loss: 0.0569, acc: 0.9852
loss: 0.0565, acc: 0.9862
loss: 0.0573, acc: 0.9855
loss: 0.0560, acc: 0.9863
loss: 0.0558, acc: 0.9860
loss: 0.0562, acc: 0.9861
loss: 0.0568, acc: 0.9856
loss: 0.0592, acc: 0.9848
> val_acc: 0.7786, val_f1: 0.6424
>>>>>>>>>>>>>>>>>>>>>>>>>>>>>>>>>>>>>>>>>>>>>>>>>>>>>>>>>>>>>>>>>>>>>>>>>>>>>>>>>>>>>>>>>>>>>>>>>>>>
epoch: 28
loss: 0.0180, acc: 1.0000
loss: 0.0624, acc: 0.9792
loss: 0.0500, acc: 0.9830
loss: 0.0454, acc: 0.9883
loss: 0.0450, acc: 0.9896
loss: 0.0436, acc: 0.9904
loss: 0.0449, acc: 0.9889
loss: 0.0454, acc: 0.9887
loss: 0.0513, acc: 0.9878
loss: 0.0503, acc: 0.9871
loss: 0.0539, acc: 0.9865
loss: 0.0521, acc: 0.9877
loss: 0.0533, acc: 0.9862
loss: 0.0512, acc: 0.9872
loss: 0.0525, acc: 0.9868
loss: 0.0531, acc: 0.9864
loss: 0.0536, acc: 0.9865
loss: 0.0549, acc: 0.9855
loss: 0.0564, acc: 0.9852
loss: 0.0556, acc: 0.9860
loss: 0.0553, acc: 0.9864
loss: 0.0543, acc: 0.9867
loss: 0.0554, acc: 0.9859
> val_acc: 0.7768, val_f1: 0.6407
>>>>>>>>>>>>>>>>>>>>>>>>>>>>>>>>>>>>>>>>>>>>>>>>>>>>>>>>>>>>>>>>>>>>>>>>>>>>>>>>>>>>>>>>>>>>>>>>>>>>
epoch: 29
loss: 0.0632, acc: 0.9792
loss: 0.0593, acc: 0.9766
loss: 0.0490, acc: 0.9856
loss: 0.0510, acc: 0.9844
loss: 0.0448, acc: 0.9878
loss: 0.0476, acc: 0.9877
loss: 0.0453, acc: 0.9896
loss: 0.0446, acc: 0.9910
loss: 0.0467, acc: 0.9891
loss: 0.0476, acc: 0.9883
loss: 0.0475, acc: 0.9876
loss: 0.0480, acc: 0.9881
loss: 0.0483, acc: 0.9876
loss: 0.0471, acc: 0.9881
loss: 0.0467, acc: 0.9884
loss: 0.0465, acc: 0.9888
loss: 0.0477, acc: 0.9880
loss: 0.0487, acc: 0.9872
loss: 0.0494, acc: 0.9872
loss: 0.0486, acc: 0.9879
loss: 0.0490, acc: 0.9879
loss: 0.0490, acc: 0.9881
loss: 0.0489, acc: 0.9884
> val_acc: 0.7714, val_f1: 0.6224
>> test_acc: 0.7830, test_f1: 0.6585
