cuda memory allocated: 8544768
n_trainable_params: 811603, n_nontrainable_params: 1323600
> training arguments:
>>> model_name: gcae
>>> dataset: restaurant
>>> optimizer: <class 'torch.optim.adagrad.Adagrad'>
>>> initializer: <function xavier_uniform_ at 0x00000272CC4C7620>
>>> learning_rate: 0.01
>>> momentum: 0.95
>>> dropout: 0.2
>>> l2reg: 5e-05
>>> num_epoch: 30
>>> batch_size: 32
>>> log_step: 5
>>> embed_dim: 300
>>> hidden_dim: 300
>>> bert_dim: 768
>>> pretrained_bert_name: bert-base-uncased
>>> max_seq_len: 80
>>> polarities_dim: 3
>>> hops: 3
>>> device: cuda
>>> seed: None
>>> valset_ratio: 0
>>> num_layers: 1
>>> in_channels: 100
>>> out_channels: 1
>>> downbot: 5
>>> kernel_size: 3
>>> glove_path: ./glove/glove.840B.300d.txt
>>> model_class: <class 'models.gcae.GCAE'>
>>> dataset_file: {'train': './datasets/semeval14/Restaurants_Train.xml.seg', 'test': './datasets/semeval14/Restaurants_Test_Gold.xml.seg'}
>>> inputs_cols: ['text_raw_indices', 'aspect_indices']
>>>>>>>>>>>>>>>>>>>>>>>>>>>>>>>>>>>>>>>>>>>>>>>>>>>>>>>>>>>>>>>>>>>>>>>>>>>>>>>>>>>>>>>>>>>>>>>>>>>>
epoch: 0
cuda memory allocated: 8544768
n_trainable_params: 811603, n_nontrainable_params: 1323600
> training arguments:
>>> model_name: gcae
>>> dataset: restaurant
>>> optimizer: <class 'torch.optim.adagrad.Adagrad'>
>>> initializer: <function xavier_uniform_ at 0x0000015B3CE87620>
>>> learning_rate: 0.01
>>> momentum: 0.95
>>> dropout: 0.2
>>> l2reg: 5e-05
>>> num_epoch: 30
>>> batch_size: 32
>>> log_step: 5
>>> embed_dim: 300
>>> hidden_dim: 300
>>> bert_dim: 768
>>> pretrained_bert_name: bert-base-uncased
>>> max_seq_len: 80
>>> polarities_dim: 3
>>> hops: 3
>>> device: cuda
>>> seed: None
>>> valset_ratio: 0
>>> num_layers: 1
>>> in_channels: 100
>>> out_channels: 1
>>> downbot: 5
>>> kernel_size: 3
>>> glove_path: ./glove/glove.840B.300d.txt
>>> model_class: <class 'models.gcae.GCAE'>
>>> dataset_file: {'train': './datasets/semeval14/Restaurants_Train.xml.seg', 'test': './datasets/semeval14/Restaurants_Test_Gold.xml.seg'}
>>> inputs_cols: ['text_raw_indices', 'aspect_indices']
>>>>>>>>>>>>>>>>>>>>>>>>>>>>>>>>>>>>>>>>>>>>>>>>>>>>>>>>>>>>>>>>>>>>>>>>>>>>>>>>>>>>>>>>>>>>>>>>>>>>
epoch: 0
loss: 3.8871, acc: 0.4437
loss: 2.8115, acc: 0.4906
loss: 2.2953, acc: 0.5188
loss: 1.9353, acc: 0.5547
loss: 1.7294, acc: 0.5713
loss: 1.5824, acc: 0.5823
loss: 1.4674, acc: 0.5946
loss: 1.3777, acc: 0.6102
loss: 1.3090, acc: 0.6174
loss: 1.2550, acc: 0.6250
loss: 1.2108, acc: 0.6330
loss: 1.1711, acc: 0.6380
loss: 1.1413, acc: 0.6423
loss: 1.1108, acc: 0.6442
loss: 1.0807, acc: 0.6483
loss: 1.0627, acc: 0.6504
loss: 1.0349, acc: 0.6570
loss: 1.0175, acc: 0.6611
loss: 0.9983, acc: 0.6655
loss: 0.9856, acc: 0.6656
loss: 0.9688, acc: 0.6702
loss: 0.9525, acc: 0.6739
> val_acc: 0.7688, val_f1: 0.6230
>> saved: state_dict/gcae_restaurant_val_acc0.7688
>>>>>>>>>>>>>>>>>>>>>>>>>>>>>>>>>>>>>>>>>>>>>>>>>>>>>>>>>>>>>>>>>>>>>>>>>>>>>>>>>>>>>>>>>>>>>>>>>>>>
epoch: 1
loss: 0.5902, acc: 0.7969
loss: 0.5566, acc: 0.7679
loss: 0.5663, acc: 0.7786
loss: 0.5280, acc: 0.7904
loss: 0.5229, acc: 0.7983
loss: 0.4964, acc: 0.8113
loss: 0.4865, acc: 0.8164
loss: 0.4878, acc: 0.8159
loss: 0.4851, acc: 0.8177
loss: 0.4834, acc: 0.8158
loss: 0.4804, acc: 0.8137
loss: 0.4857, acc: 0.8087
loss: 0.4871, acc: 0.8090
loss: 0.4929, acc: 0.8050
loss: 0.4890, acc: 0.8086
loss: 0.4923, acc: 0.8084
loss: 0.4875, acc: 0.8117
loss: 0.4871, acc: 0.8118
loss: 0.4848, acc: 0.8122
loss: 0.4839, acc: 0.8125
loss: 0.4797, acc: 0.8150
loss: 0.4804, acc: 0.8160
loss: 0.4795, acc: 0.8156
> val_acc: 0.7688, val_f1: 0.6247
>>>>>>>>>>>>>>>>>>>>>>>>>>>>>>>>>>>>>>>>>>>>>>>>>>>>>>>>>>>>>>>>>>>>>>>>>>>>>>>>>>>>>>>>>>>>>>>>>>>>
epoch: 2
loss: 0.2919, acc: 0.8906
loss: 0.3487, acc: 0.8611
loss: 0.3797, acc: 0.8482
loss: 0.3577, acc: 0.8586
loss: 0.3616, acc: 0.8568
loss: 0.3611, acc: 0.8610
loss: 0.3635, acc: 0.8594
loss: 0.3594, acc: 0.8638
loss: 0.3620, acc: 0.8658
loss: 0.3549, acc: 0.8686
loss: 0.3568, acc: 0.8692
loss: 0.3607, acc: 0.8676
loss: 0.3621, acc: 0.8662
loss: 0.3558, acc: 0.8687
loss: 0.3556, acc: 0.8682
loss: 0.3581, acc: 0.8667
loss: 0.3595, acc: 0.8679
loss: 0.3637, acc: 0.8662
loss: 0.3662, acc: 0.8667
loss: 0.3699, acc: 0.8643
loss: 0.3711, acc: 0.8636
loss: 0.3746, acc: 0.8627
> val_acc: 0.7812, val_f1: 0.6562
>> saved: state_dict/gcae_restaurant_val_acc0.7812
>>>>>>>>>>>>>>>>>>>>>>>>>>>>>>>>>>>>>>>>>>>>>>>>>>>>>>>>>>>>>>>>>>>>>>>>>>>>>>>>>>>>>>>>>>>>>>>>>>>>
epoch: 3
loss: 0.2821, acc: 0.9375
loss: 0.3112, acc: 0.8906
loss: 0.3053, acc: 0.8920
loss: 0.2984, acc: 0.8926
loss: 0.2977, acc: 0.8943
loss: 0.3120, acc: 0.8906
loss: 0.3276, acc: 0.8831
loss: 0.3150, acc: 0.8872
loss: 0.3232, acc: 0.8819
loss: 0.3240, acc: 0.8764
loss: 0.3382, acc: 0.8713
loss: 0.3300, acc: 0.8761
loss: 0.3303, acc: 0.8765
loss: 0.3340, acc: 0.8731
loss: 0.3353, acc: 0.8715
loss: 0.3355, acc: 0.8717
loss: 0.3329, acc: 0.8738
loss: 0.3302, acc: 0.8757
loss: 0.3247, acc: 0.8791
loss: 0.3278, acc: 0.8779
loss: 0.3258, acc: 0.8793
loss: 0.3285, acc: 0.8785
loss: 0.3301, acc: 0.8781
> val_acc: 0.7705, val_f1: 0.6402
>>>>>>>>>>>>>>>>>>>>>>>>>>>>>>>>>>>>>>>>>>>>>>>>>>>>>>>>>>>>>>>>>>>>>>>>>>>>>>>>>>>>>>>>>>>>>>>>>>>>
epoch: 4
loss: 0.1880, acc: 0.9375
loss: 0.2081, acc: 0.9180
loss: 0.2144, acc: 0.9255
loss: 0.2300, acc: 0.9236
loss: 0.2335, acc: 0.9266
loss: 0.2371, acc: 0.9263
loss: 0.2475, acc: 0.9214
loss: 0.2563, acc: 0.9161
loss: 0.2553, acc: 0.9142
loss: 0.2559, acc: 0.9128
loss: 0.2626, acc: 0.9098
loss: 0.2674, acc: 0.9062
loss: 0.2724, acc: 0.9053
loss: 0.2780, acc: 0.9017
loss: 0.2813, acc: 0.8985
loss: 0.2796, acc: 0.8990
loss: 0.2775, acc: 0.8995
loss: 0.2804, acc: 0.8988
loss: 0.2774, acc: 0.8999
loss: 0.2789, acc: 0.8989
loss: 0.2805, acc: 0.8981
loss: 0.2843, acc: 0.8961
loss: 0.2828, acc: 0.8958
> val_acc: 0.7786, val_f1: 0.6505
>>>>>>>>>>>>>>>>>>>>>>>>>>>>>>>>>>>>>>>>>>>>>>>>>>>>>>>>>>>>>>>>>>>>>>>>>>>>>>>>>>>>>>>>>>>>>>>>>>>>
epoch: 5
loss: 0.1806, acc: 0.9250
loss: 0.1989, acc: 0.9219
loss: 0.1941, acc: 0.9250
loss: 0.2017, acc: 0.9187
loss: 0.2061, acc: 0.9163
loss: 0.2115, acc: 0.9167
loss: 0.2168, acc: 0.9161
loss: 0.2212, acc: 0.9164
loss: 0.2245, acc: 0.9153
loss: 0.2371, acc: 0.9119
loss: 0.2381, acc: 0.9125
loss: 0.2316, acc: 0.9172
loss: 0.2327, acc: 0.9178
loss: 0.2403, acc: 0.9147
loss: 0.2408, acc: 0.9154
loss: 0.2390, acc: 0.9160
loss: 0.2420, acc: 0.9140
loss: 0.2455, acc: 0.9128
loss: 0.2501, acc: 0.9112
loss: 0.2510, acc: 0.9103
loss: 0.2513, acc: 0.9104
loss: 0.2473, acc: 0.9131
> val_acc: 0.7723, val_f1: 0.6229
>>>>>>>>>>>>>>>>>>>>>>>>>>>>>>>>>>>>>>>>>>>>>>>>>>>>>>>>>>>>>>>>>>>>>>>>>>>>>>>>>>>>>>>>>>>>>>>>>>>>
epoch: 6
loss: 0.1486, acc: 0.9531
loss: 0.1647, acc: 0.9554
loss: 0.1845, acc: 0.9401
loss: 0.1787, acc: 0.9393
loss: 0.1831, acc: 0.9389
loss: 0.1882, acc: 0.9340
loss: 0.1843, acc: 0.9365
loss: 0.1910, acc: 0.9341
loss: 0.1943, acc: 0.9338
loss: 0.1915, acc: 0.9335
loss: 0.1944, acc: 0.9333
loss: 0.1960, acc: 0.9326
loss: 0.2013, acc: 0.9294
loss: 0.2013, acc: 0.9305
loss: 0.2034, acc: 0.9297
loss: 0.2046, acc: 0.9286
loss: 0.2068, acc: 0.9268
loss: 0.2105, acc: 0.9246
loss: 0.2135, acc: 0.9232
loss: 0.2127, acc: 0.9230
loss: 0.2137, acc: 0.9228
loss: 0.2148, acc: 0.9223
loss: 0.2165, acc: 0.9210
> val_acc: 0.7812, val_f1: 0.6612
>>>>>>>>>>>>>>>>>>>>>>>>>>>>>>>>>>>>>>>>>>>>>>>>>>>>>>>>>>>>>>>>>>>>>>>>>>>>>>>>>>>>>>>>>>>>>>>>>>>>
epoch: 7
loss: 0.1610, acc: 0.9453
loss: 0.1814, acc: 0.9236
loss: 0.1733, acc: 0.9330
loss: 0.1769, acc: 0.9326
loss: 0.1917, acc: 0.9297
loss: 0.1836, acc: 0.9332
loss: 0.1929, acc: 0.9301
loss: 0.1941, acc: 0.9295
loss: 0.1937, acc: 0.9297
loss: 0.1993, acc: 0.9279
loss: 0.1995, acc: 0.9288
loss: 0.1953, acc: 0.9317
loss: 0.1955, acc: 0.9312
loss: 0.1983, acc: 0.9303
loss: 0.1972, acc: 0.9299
loss: 0.1982, acc: 0.9296
loss: 0.1971, acc: 0.9304
loss: 0.1965, acc: 0.9315
loss: 0.1979, acc: 0.9318
loss: 0.1960, acc: 0.9324
loss: 0.1947, acc: 0.9318
loss: 0.1984, acc: 0.9300
> val_acc: 0.7714, val_f1: 0.6365
>>>>>>>>>>>>>>>>>>>>>>>>>>>>>>>>>>>>>>>>>>>>>>>>>>>>>>>>>>>>>>>>>>>>>>>>>>>>>>>>>>>>>>>>>>>>>>>>>>>>
epoch: 8
loss: 0.2031, acc: 0.9688
loss: 0.1633, acc: 0.9375
loss: 0.1453, acc: 0.9489
loss: 0.1469, acc: 0.9512
loss: 0.1556, acc: 0.9479
loss: 0.1658, acc: 0.9423
loss: 0.1614, acc: 0.9456
loss: 0.1602, acc: 0.9470
loss: 0.1683, acc: 0.9413
loss: 0.1657, acc: 0.9443
loss: 0.1653, acc: 0.9455
loss: 0.1655, acc: 0.9442
loss: 0.1664, acc: 0.9436
loss: 0.1659, acc: 0.9422
loss: 0.1732, acc: 0.9397
loss: 0.1740, acc: 0.9371
loss: 0.1785, acc: 0.9348
loss: 0.1793, acc: 0.9346
loss: 0.1810, acc: 0.9351
loss: 0.1838, acc: 0.9346
loss: 0.1833, acc: 0.9338
loss: 0.1851, acc: 0.9334
loss: 0.1864, acc: 0.9330
> val_acc: 0.7723, val_f1: 0.6255
>>>>>>>>>>>>>>>>>>>>>>>>>>>>>>>>>>>>>>>>>>>>>>>>>>>>>>>>>>>>>>>>>>>>>>>>>>>>>>>>>>>>>>>>>>>>>>>>>>>>
epoch: 9
loss: 0.1940, acc: 0.9375
loss: 0.1750, acc: 0.9492
loss: 0.1719, acc: 0.9471
loss: 0.1556, acc: 0.9497
loss: 0.1540, acc: 0.9511
loss: 0.1563, acc: 0.9498
loss: 0.1568, acc: 0.9489
loss: 0.1569, acc: 0.9498
loss: 0.1552, acc: 0.9506
loss: 0.1620, acc: 0.9473
loss: 0.1639, acc: 0.9458
loss: 0.1638, acc: 0.9461
loss: 0.1623, acc: 0.9474
loss: 0.1612, acc: 0.9476
loss: 0.1593, acc: 0.9491
loss: 0.1668, acc: 0.9467
loss: 0.1684, acc: 0.9454
loss: 0.1691, acc: 0.9446
loss: 0.1706, acc: 0.9435
loss: 0.1696, acc: 0.9445
loss: 0.1688, acc: 0.9448
loss: 0.1709, acc: 0.9427
loss: 0.1710, acc: 0.9424
> val_acc: 0.7741, val_f1: 0.6447
>>>>>>>>>>>>>>>>>>>>>>>>>>>>>>>>>>>>>>>>>>>>>>>>>>>>>>>>>>>>>>>>>>>>>>>>>>>>>>>>>>>>>>>>>>>>>>>>>>>>
epoch: 10
loss: 0.1382, acc: 0.9500
loss: 0.1633, acc: 0.9437
loss: 0.1691, acc: 0.9375
loss: 0.1579, acc: 0.9437
loss: 0.1514, acc: 0.9487
loss: 0.1508, acc: 0.9510
loss: 0.1524, acc: 0.9518
loss: 0.1528, acc: 0.9547
loss: 0.1517, acc: 0.9535
loss: 0.1485, acc: 0.9531
loss: 0.1493, acc: 0.9523
loss: 0.1457, acc: 0.9542
loss: 0.1471, acc: 0.9534
loss: 0.1460, acc: 0.9531
loss: 0.1508, acc: 0.9517
loss: 0.1497, acc: 0.9520
loss: 0.1483, acc: 0.9526
loss: 0.1495, acc: 0.9517
loss: 0.1510, acc: 0.9520
loss: 0.1515, acc: 0.9519
loss: 0.1524, acc: 0.9512
loss: 0.1543, acc: 0.9500
> val_acc: 0.7750, val_f1: 0.6223
>>>>>>>>>>>>>>>>>>>>>>>>>>>>>>>>>>>>>>>>>>>>>>>>>>>>>>>>>>>>>>>>>>>>>>>>>>>>>>>>>>>>>>>>>>>>>>>>>>>>
epoch: 11
loss: 0.0805, acc: 0.9844
loss: 0.1156, acc: 0.9777
loss: 0.1151, acc: 0.9740
loss: 0.1127, acc: 0.9724
loss: 0.1224, acc: 0.9659
loss: 0.1136, acc: 0.9688
loss: 0.1202, acc: 0.9639
loss: 0.1226, acc: 0.9628
loss: 0.1220, acc: 0.9635
loss: 0.1312, acc: 0.9601
loss: 0.1398, acc: 0.9555
loss: 0.1410, acc: 0.9545
loss: 0.1378, acc: 0.9551
loss: 0.1433, acc: 0.9510
loss: 0.1452, acc: 0.9505
loss: 0.1459, acc: 0.9497
loss: 0.1460, acc: 0.9505
loss: 0.1453, acc: 0.9501
loss: 0.1456, acc: 0.9497
loss: 0.1449, acc: 0.9501
loss: 0.1475, acc: 0.9485
loss: 0.1465, acc: 0.9486
loss: 0.1481, acc: 0.9481
> val_acc: 0.7732, val_f1: 0.6320
>>>>>>>>>>>>>>>>>>>>>>>>>>>>>>>>>>>>>>>>>>>>>>>>>>>>>>>>>>>>>>>>>>>>>>>>>>>>>>>>>>>>>>>>>>>>>>>>>>>>
epoch: 12
loss: 0.0722, acc: 0.9922
loss: 0.0942, acc: 0.9792
loss: 0.1059, acc: 0.9732
loss: 0.1085, acc: 0.9688
loss: 0.1118, acc: 0.9674
loss: 0.1130, acc: 0.9666
loss: 0.1167, acc: 0.9660
loss: 0.1174, acc: 0.9639
loss: 0.1196, acc: 0.9638
loss: 0.1190, acc: 0.9643
loss: 0.1238, acc: 0.9630
loss: 0.1249, acc: 0.9613
loss: 0.1219, acc: 0.9634
loss: 0.1250, acc: 0.9611
loss: 0.1246, acc: 0.9611
loss: 0.1244, acc: 0.9616
loss: 0.1254, acc: 0.9609
loss: 0.1241, acc: 0.9617
loss: 0.1234, acc: 0.9614
loss: 0.1228, acc: 0.9615
loss: 0.1243, acc: 0.9618
loss: 0.1238, acc: 0.9610
> val_acc: 0.7804, val_f1: 0.6833
>>>>>>>>>>>>>>>>>>>>>>>>>>>>>>>>>>>>>>>>>>>>>>>>>>>>>>>>>>>>>>>>>>>>>>>>>>>>>>>>>>>>>>>>>>>>>>>>>>>>
epoch: 13
loss: 0.1169, acc: 0.9688
loss: 0.1120, acc: 0.9688
loss: 0.1164, acc: 0.9688
loss: 0.1113, acc: 0.9727
loss: 0.1115, acc: 0.9673
loss: 0.1093, acc: 0.9675
loss: 0.1152, acc: 0.9627
loss: 0.1145, acc: 0.9618
loss: 0.1165, acc: 0.9619
loss: 0.1186, acc: 0.9599
loss: 0.1204, acc: 0.9583
loss: 0.1212, acc: 0.9587
loss: 0.1202, acc: 0.9585
loss: 0.1192, acc: 0.9593
loss: 0.1187, acc: 0.9591
loss: 0.1206, acc: 0.9585
loss: 0.1227, acc: 0.9579
loss: 0.1246, acc: 0.9568
loss: 0.1257, acc: 0.9564
loss: 0.1262, acc: 0.9557
loss: 0.1270, acc: 0.9551
loss: 0.1263, acc: 0.9558
loss: 0.1285, acc: 0.9544
> val_acc: 0.7786, val_f1: 0.6495
>>>>>>>>>>>>>>>>>>>>>>>>>>>>>>>>>>>>>>>>>>>>>>>>>>>>>>>>>>>>>>>>>>>>>>>>>>>>>>>>>>>>>>>>>>>>>>>>>>>>
epoch: 14
loss: 0.0857, acc: 0.9792
loss: 0.0942, acc: 0.9805
loss: 0.1125, acc: 0.9639
loss: 0.1038, acc: 0.9670
loss: 0.1121, acc: 0.9579
loss: 0.1136, acc: 0.9565
loss: 0.1147, acc: 0.9545
loss: 0.1099, acc: 0.9589
loss: 0.1098, acc: 0.9608
loss: 0.1139, acc: 0.9609
loss: 0.1140, acc: 0.9617
loss: 0.1156, acc: 0.9607
loss: 0.1147, acc: 0.9608
loss: 0.1158, acc: 0.9605
loss: 0.1144, acc: 0.9606
loss: 0.1151, acc: 0.9603
loss: 0.1146, acc: 0.9608
loss: 0.1162, acc: 0.9606
loss: 0.1152, acc: 0.9614
loss: 0.1134, acc: 0.9624
loss: 0.1147, acc: 0.9612
loss: 0.1193, acc: 0.9589
loss: 0.1216, acc: 0.9590
> val_acc: 0.7705, val_f1: 0.6257
>>>>>>>>>>>>>>>>>>>>>>>>>>>>>>>>>>>>>>>>>>>>>>>>>>>>>>>>>>>>>>>>>>>>>>>>>>>>>>>>>>>>>>>>>>>>>>>>>>>>
epoch: 15
loss: 0.1060, acc: 0.9750
loss: 0.1063, acc: 0.9625
loss: 0.1152, acc: 0.9563
loss: 0.1112, acc: 0.9609
loss: 0.1021, acc: 0.9650
loss: 0.0999, acc: 0.9656
loss: 0.0961, acc: 0.9670
loss: 0.1023, acc: 0.9625
loss: 0.1041, acc: 0.9625
loss: 0.1108, acc: 0.9587
loss: 0.1113, acc: 0.9585
loss: 0.1122, acc: 0.9578
loss: 0.1115, acc: 0.9587
loss: 0.1071, acc: 0.9616
loss: 0.1070, acc: 0.9621
loss: 0.1065, acc: 0.9633
loss: 0.1070, acc: 0.9636
loss: 0.1095, acc: 0.9618
loss: 0.1126, acc: 0.9609
loss: 0.1123, acc: 0.9609
loss: 0.1141, acc: 0.9592
loss: 0.1132, acc: 0.9602
> val_acc: 0.7839, val_f1: 0.6579
>> saved: state_dict/gcae_restaurant_val_acc0.7839
>>>>>>>>>>>>>>>>>>>>>>>>>>>>>>>>>>>>>>>>>>>>>>>>>>>>>>>>>>>>>>>>>>>>>>>>>>>>>>>>>>>>>>>>>>>>>>>>>>>>
epoch: 16
loss: 0.1008, acc: 0.9688
loss: 0.0951, acc: 0.9732
loss: 0.1027, acc: 0.9740
loss: 0.0951, acc: 0.9761
loss: 0.1027, acc: 0.9716
loss: 0.0980, acc: 0.9734
loss: 0.1012, acc: 0.9717
loss: 0.1001, acc: 0.9704
loss: 0.0998, acc: 0.9725
loss: 0.1009, acc: 0.9714
loss: 0.0987, acc: 0.9730
loss: 0.0999, acc: 0.9726
loss: 0.1020, acc: 0.9703
loss: 0.1016, acc: 0.9697
loss: 0.1041, acc: 0.9683
loss: 0.1054, acc: 0.9667
loss: 0.1065, acc: 0.9665
loss: 0.1051, acc: 0.9662
loss: 0.1062, acc: 0.9660
loss: 0.1049, acc: 0.9665
loss: 0.1044, acc: 0.9660
loss: 0.1033, acc: 0.9673
loss: 0.1049, acc: 0.9662
> val_acc: 0.7812, val_f1: 0.6452
>>>>>>>>>>>>>>>>>>>>>>>>>>>>>>>>>>>>>>>>>>>>>>>>>>>>>>>>>>>>>>>>>>>>>>>>>>>>>>>>>>>>>>>>>>>>>>>>>>>>
epoch: 17
loss: 0.0662, acc: 0.9844
loss: 0.0765, acc: 0.9861
loss: 0.0890, acc: 0.9799
loss: 0.0844, acc: 0.9803
loss: 0.0866, acc: 0.9779
loss: 0.0905, acc: 0.9784
loss: 0.0934, acc: 0.9761
loss: 0.0946, acc: 0.9760
loss: 0.0949, acc: 0.9751
loss: 0.0924, acc: 0.9764
loss: 0.0932, acc: 0.9763
loss: 0.0905, acc: 0.9772
loss: 0.0896, acc: 0.9766
loss: 0.0897, acc: 0.9755
loss: 0.0893, acc: 0.9742
loss: 0.0912, acc: 0.9735
loss: 0.0929, acc: 0.9728
loss: 0.0924, acc: 0.9730
loss: 0.0934, acc: 0.9731
loss: 0.0918, acc: 0.9735
loss: 0.0926, acc: 0.9730
loss: 0.0936, acc: 0.9713
> val_acc: 0.7768, val_f1: 0.6376
>>>>>>>>>>>>>>>>>>>>>>>>>>>>>>>>>>>>>>>>>>>>>>>>>>>>>>>>>>>>>>>>>>>>>>>>>>>>>>>>>>>>>>>>>>>>>>>>>>>>
epoch: 18
loss: 0.0366, acc: 1.0000
loss: 0.0702, acc: 0.9844
loss: 0.0700, acc: 0.9886
loss: 0.0708, acc: 0.9824
loss: 0.0658, acc: 0.9866
loss: 0.0705, acc: 0.9832
loss: 0.0704, acc: 0.9839
loss: 0.0772, acc: 0.9800
loss: 0.0803, acc: 0.9779
loss: 0.0785, acc: 0.9789
loss: 0.0792, acc: 0.9786
loss: 0.0788, acc: 0.9782
loss: 0.0806, acc: 0.9775
loss: 0.0811, acc: 0.9768
loss: 0.0803, acc: 0.9771
loss: 0.0812, acc: 0.9766
loss: 0.0812, acc: 0.9769
loss: 0.0845, acc: 0.9757
loss: 0.0832, acc: 0.9756
loss: 0.0851, acc: 0.9753
loss: 0.0871, acc: 0.9731
loss: 0.0881, acc: 0.9723
loss: 0.0872, acc: 0.9730
> val_acc: 0.7705, val_f1: 0.6438
>>>>>>>>>>>>>>>>>>>>>>>>>>>>>>>>>>>>>>>>>>>>>>>>>>>>>>>>>>>>>>>>>>>>>>>>>>>>>>>>>>>>>>>>>>>>>>>>>>>>
epoch: 19
loss: 0.0422, acc: 1.0000
loss: 0.0521, acc: 0.9961
loss: 0.0656, acc: 0.9856
loss: 0.0694, acc: 0.9826
loss: 0.0711, acc: 0.9810
loss: 0.0779, acc: 0.9754
loss: 0.0769, acc: 0.9782
loss: 0.0763, acc: 0.9794
loss: 0.0849, acc: 0.9746
loss: 0.0845, acc: 0.9746
loss: 0.0829, acc: 0.9746
loss: 0.0839, acc: 0.9741
loss: 0.0820, acc: 0.9747
loss: 0.0809, acc: 0.9747
loss: 0.0823, acc: 0.9735
loss: 0.0809, acc: 0.9744
loss: 0.0816, acc: 0.9744
loss: 0.0818, acc: 0.9741
loss: 0.0834, acc: 0.9731
loss: 0.0831, acc: 0.9735
loss: 0.0832, acc: 0.9733
loss: 0.0840, acc: 0.9734
loss: 0.0827, acc: 0.9739
> val_acc: 0.7786, val_f1: 0.6484
>>>>>>>>>>>>>>>>>>>>>>>>>>>>>>>>>>>>>>>>>>>>>>>>>>>>>>>>>>>>>>>>>>>>>>>>>>>>>>>>>>>>>>>>>>>>>>>>>>>>
epoch: 20
loss: 0.0685, acc: 0.9812
loss: 0.0739, acc: 0.9750
loss: 0.0621, acc: 0.9833
loss: 0.0685, acc: 0.9797
loss: 0.0679, acc: 0.9812
loss: 0.0658, acc: 0.9844
loss: 0.0632, acc: 0.9848
loss: 0.0661, acc: 0.9828
loss: 0.0660, acc: 0.9847
loss: 0.0702, acc: 0.9838
loss: 0.0691, acc: 0.9835
loss: 0.0713, acc: 0.9828
loss: 0.0765, acc: 0.9803
loss: 0.0767, acc: 0.9795
loss: 0.0773, acc: 0.9792
loss: 0.0783, acc: 0.9777
loss: 0.0773, acc: 0.9783
loss: 0.0775, acc: 0.9785
loss: 0.0799, acc: 0.9780
loss: 0.0806, acc: 0.9775
loss: 0.0809, acc: 0.9774
loss: 0.0806, acc: 0.9773
> val_acc: 0.7804, val_f1: 0.6473
>>>>>>>>>>>>>>>>>>>>>>>>>>>>>>>>>>>>>>>>>>>>>>>>>>>>>>>>>>>>>>>>>>>>>>>>>>>>>>>>>>>>>>>>>>>>>>>>>>>>
epoch: 21
loss: 0.1254, acc: 0.9688
loss: 0.0711, acc: 0.9866
loss: 0.0669, acc: 0.9870
loss: 0.0661, acc: 0.9871
loss: 0.0626, acc: 0.9886
loss: 0.0638, acc: 0.9873
loss: 0.0677, acc: 0.9834
loss: 0.0690, acc: 0.9831
loss: 0.0737, acc: 0.9814
loss: 0.0724, acc: 0.9807
loss: 0.0706, acc: 0.9820
loss: 0.0724, acc: 0.9808
loss: 0.0726, acc: 0.9814
loss: 0.0736, acc: 0.9804
loss: 0.0717, acc: 0.9818
loss: 0.0711, acc: 0.9817
loss: 0.0706, acc: 0.9825
loss: 0.0704, acc: 0.9824
loss: 0.0720, acc: 0.9810
loss: 0.0725, acc: 0.9803
loss: 0.0731, acc: 0.9801
loss: 0.0736, acc: 0.9796
loss: 0.0764, acc: 0.9788
> val_acc: 0.7830, val_f1: 0.6414
>>>>>>>>>>>>>>>>>>>>>>>>>>>>>>>>>>>>>>>>>>>>>>>>>>>>>>>>>>>>>>>>>>>>>>>>>>>>>>>>>>>>>>>>>>>>>>>>>>>>
epoch: 22
loss: 0.1047, acc: 0.9688
loss: 0.0792, acc: 0.9757
loss: 0.0748, acc: 0.9777
loss: 0.0793, acc: 0.9737
loss: 0.0738, acc: 0.9779
loss: 0.0712, acc: 0.9784
loss: 0.0680, acc: 0.9798
loss: 0.0657, acc: 0.9824
loss: 0.0679, acc: 0.9822
loss: 0.0671, acc: 0.9821
loss: 0.0671, acc: 0.9821
loss: 0.0715, acc: 0.9804
loss: 0.0727, acc: 0.9795
loss: 0.0712, acc: 0.9801
loss: 0.0708, acc: 0.9802
loss: 0.0733, acc: 0.9782
loss: 0.0721, acc: 0.9781
loss: 0.0736, acc: 0.9772
loss: 0.0741, acc: 0.9771
loss: 0.0748, acc: 0.9760
loss: 0.0750, acc: 0.9766
loss: 0.0741, acc: 0.9771
> val_acc: 0.7795, val_f1: 0.6530
>>>>>>>>>>>>>>>>>>>>>>>>>>>>>>>>>>>>>>>>>>>>>>>>>>>>>>>>>>>>>>>>>>>>>>>>>>>>>>>>>>>>>>>>>>>>>>>>>>>>
epoch: 23
loss: 0.1168, acc: 0.9375
loss: 0.0730, acc: 0.9740
loss: 0.0687, acc: 0.9773
loss: 0.0611, acc: 0.9805
loss: 0.0638, acc: 0.9807
loss: 0.0630, acc: 0.9820
loss: 0.0722, acc: 0.9788
loss: 0.0691, acc: 0.9809
loss: 0.0689, acc: 0.9809
loss: 0.0677, acc: 0.9823
loss: 0.0657, acc: 0.9828
loss: 0.0693, acc: 0.9816
loss: 0.0684, acc: 0.9816
loss: 0.0698, acc: 0.9815
loss: 0.0701, acc: 0.9806
loss: 0.0677, acc: 0.9819
loss: 0.0690, acc: 0.9823
loss: 0.0673, acc: 0.9829
loss: 0.0671, acc: 0.9832
loss: 0.0669, acc: 0.9834
loss: 0.0670, acc: 0.9839
loss: 0.0663, acc: 0.9841
loss: 0.0673, acc: 0.9834
> val_acc: 0.7857, val_f1: 0.6596
>> saved: state_dict/gcae_restaurant_val_acc0.7857
>>>>>>>>>>>>>>>>>>>>>>>>>>>>>>>>>>>>>>>>>>>>>>>>>>>>>>>>>>>>>>>>>>>>>>>>>>>>>>>>>>>>>>>>>>>>>>>>>>>>
epoch: 24
loss: 0.0717, acc: 1.0000
loss: 0.0765, acc: 0.9883
loss: 0.0713, acc: 0.9832
loss: 0.0703, acc: 0.9826
loss: 0.0642, acc: 0.9864
loss: 0.0686, acc: 0.9833
loss: 0.0725, acc: 0.9839
loss: 0.0694, acc: 0.9844
loss: 0.0670, acc: 0.9862
loss: 0.0664, acc: 0.9863
loss: 0.0646, acc: 0.9858
loss: 0.0642, acc: 0.9860
loss: 0.0635, acc: 0.9856
loss: 0.0653, acc: 0.9853
loss: 0.0691, acc: 0.9837
loss: 0.0679, acc: 0.9840
loss: 0.0668, acc: 0.9846
loss: 0.0694, acc: 0.9830
loss: 0.0682, acc: 0.9832
loss: 0.0690, acc: 0.9818
loss: 0.0682, acc: 0.9821
loss: 0.0691, acc: 0.9812
loss: 0.0690, acc: 0.9812
> val_acc: 0.7750, val_f1: 0.6422
>>>>>>>>>>>>>>>>>>>>>>>>>>>>>>>>>>>>>>>>>>>>>>>>>>>>>>>>>>>>>>>>>>>>>>>>>>>>>>>>>>>>>>>>>>>>>>>>>>>>
epoch: 25
loss: 0.0426, acc: 0.9875
loss: 0.0502, acc: 0.9844
loss: 0.0575, acc: 0.9792
loss: 0.0626, acc: 0.9812
loss: 0.0592, acc: 0.9838
loss: 0.0546, acc: 0.9865
loss: 0.0537, acc: 0.9875
loss: 0.0563, acc: 0.9859
loss: 0.0555, acc: 0.9861
loss: 0.0587, acc: 0.9850
loss: 0.0591, acc: 0.9847
loss: 0.0584, acc: 0.9854
loss: 0.0592, acc: 0.9841
loss: 0.0572, acc: 0.9853
loss: 0.0566, acc: 0.9854
loss: 0.0561, acc: 0.9852
loss: 0.0569, acc: 0.9846
loss: 0.0578, acc: 0.9837
loss: 0.0589, acc: 0.9832
loss: 0.0607, acc: 0.9828
loss: 0.0612, acc: 0.9824
loss: 0.0626, acc: 0.9821
> val_acc: 0.7777, val_f1: 0.6588
>>>>>>>>>>>>>>>>>>>>>>>>>>>>>>>>>>>>>>>>>>>>>>>>>>>>>>>>>>>>>>>>>>>>>>>>>>>>>>>>>>>>>>>>>>>>>>>>>>>>
epoch: 26
loss: 0.0494, acc: 0.9844
loss: 0.0406, acc: 0.9911
loss: 0.0437, acc: 0.9896
loss: 0.0499, acc: 0.9890
loss: 0.0498, acc: 0.9872
loss: 0.0511, acc: 0.9884
loss: 0.0524, acc: 0.9883
loss: 0.0621, acc: 0.9831
loss: 0.0598, acc: 0.9836
loss: 0.0580, acc: 0.9847
loss: 0.0575, acc: 0.9844
loss: 0.0578, acc: 0.9836
loss: 0.0588, acc: 0.9834
loss: 0.0576, acc: 0.9832
loss: 0.0588, acc: 0.9826
loss: 0.0580, acc: 0.9830
loss: 0.0564, acc: 0.9840
loss: 0.0576, acc: 0.9831
loss: 0.0582, acc: 0.9830
loss: 0.0590, acc: 0.9829
loss: 0.0601, acc: 0.9825
loss: 0.0610, acc: 0.9828
loss: 0.0606, acc: 0.9827
> val_acc: 0.7795, val_f1: 0.6505
>>>>>>>>>>>>>>>>>>>>>>>>>>>>>>>>>>>>>>>>>>>>>>>>>>>>>>>>>>>>>>>>>>>>>>>>>>>>>>>>>>>>>>>>>>>>>>>>>>>>
epoch: 27
loss: 0.0417, acc: 1.0000
loss: 0.0465, acc: 0.9896
loss: 0.0412, acc: 0.9933
loss: 0.0451, acc: 0.9901
loss: 0.0408, acc: 0.9922
loss: 0.0404, acc: 0.9925
loss: 0.0425, acc: 0.9917
loss: 0.0452, acc: 0.9904
loss: 0.0493, acc: 0.9872
loss: 0.0508, acc: 0.9872
loss: 0.0495, acc: 0.9878
loss: 0.0502, acc: 0.9878
loss: 0.0522, acc: 0.9863
loss: 0.0511, acc: 0.9873
loss: 0.0508, acc: 0.9873
loss: 0.0517, acc: 0.9869
loss: 0.0514, acc: 0.9862
loss: 0.0542, acc: 0.9846
loss: 0.0578, acc: 0.9830
loss: 0.0593, acc: 0.9826
loss: 0.0587, acc: 0.9823
loss: 0.0592, acc: 0.9822
> val_acc: 0.7786, val_f1: 0.6553
>>>>>>>>>>>>>>>>>>>>>>>>>>>>>>>>>>>>>>>>>>>>>>>>>>>>>>>>>>>>>>>>>>>>>>>>>>>>>>>>>>>>>>>>>>>>>>>>>>>>
epoch: 28
loss: 0.0594, acc: 0.9688
loss: 0.0413, acc: 0.9896
loss: 0.0438, acc: 0.9915
loss: 0.0441, acc: 0.9922
loss: 0.0402, acc: 0.9940
loss: 0.0413, acc: 0.9928
loss: 0.0420, acc: 0.9919
loss: 0.0472, acc: 0.9905
loss: 0.0463, acc: 0.9909
loss: 0.0493, acc: 0.9891
loss: 0.0482, acc: 0.9896
loss: 0.0487, acc: 0.9888
loss: 0.0477, acc: 0.9892
loss: 0.0487, acc: 0.9886
loss: 0.0501, acc: 0.9886
loss: 0.0487, acc: 0.9893
loss: 0.0493, acc: 0.9888
loss: 0.0498, acc: 0.9887
loss: 0.0504, acc: 0.9883
loss: 0.0501, acc: 0.9883
loss: 0.0507, acc: 0.9873
loss: 0.0517, acc: 0.9867
loss: 0.0518, acc: 0.9865
> val_acc: 0.7839, val_f1: 0.6548
>>>>>>>>>>>>>>>>>>>>>>>>>>>>>>>>>>>>>>>>>>>>>>>>>>>>>>>>>>>>>>>>>>>>>>>>>>>>>>>>>>>>>>>>>>>>>>>>>>>>
epoch: 29
loss: 0.0237, acc: 1.0000
loss: 0.0290, acc: 1.0000
loss: 0.0340, acc: 0.9928
loss: 0.0365, acc: 0.9878
loss: 0.0434, acc: 0.9878
loss: 0.0436, acc: 0.9877
loss: 0.0459, acc: 0.9877
loss: 0.0459, acc: 0.9885
loss: 0.0457, acc: 0.9876
loss: 0.0439, acc: 0.9889
loss: 0.0447, acc: 0.9894
loss: 0.0472, acc: 0.9881
loss: 0.0482, acc: 0.9881
loss: 0.0489, acc: 0.9881
loss: 0.0490, acc: 0.9876
loss: 0.0490, acc: 0.9876
loss: 0.0503, acc: 0.9872
loss: 0.0496, acc: 0.9876
loss: 0.0500, acc: 0.9872
loss: 0.0493, acc: 0.9879
loss: 0.0499, acc: 0.9876
loss: 0.0488, acc: 0.9878
loss: 0.0485, acc: 0.9884
> val_acc: 0.7830, val_f1: 0.6591
>> test_acc: 0.7857, test_f1: 0.6596
