cuda memory allocated: 8544768
n_trainable_params: 811603, n_nontrainable_params: 1323600
> training arguments:
>>> model_name: gcae
>>> dataset: restaurant
>>> optimizer: <class 'torch.optim.adam.Adam'>
>>> initializer: <function xavier_uniform_ at 0x0000020056087620>
>>> learning_rate: 0.0003
>>> momentum: 0.95
>>> dropout: 0.2
>>> l2reg: 5e-05
>>> num_epoch: 30
>>> batch_size: 32
>>> log_step: 5
>>> embed_dim: 300
>>> hidden_dim: 300
>>> bert_dim: 768
>>> pretrained_bert_name: bert-base-uncased
>>> max_seq_len: 80
>>> polarities_dim: 3
>>> hops: 3
>>> device: cuda
>>> seed: None
>>> valset_ratio: 0
>>> num_layers: 1
>>> in_channels: 100
>>> out_channels: 1
>>> downbot: 10
>>> kernel_size: 3
>>> glove_path: ./glove/glove.840B.300d.txt
>>> model_class: <class 'models.gcae.GCAE'>
>>> dataset_file: {'train': './datasets/semeval14/Restaurants_Train.xml.seg', 'test': './datasets/semeval14/Restaurants_Test_Gold.xml.seg'}
>>> inputs_cols: ['text_raw_indices', 'aspect_indices']
>>>>>>>>>>>>>>>>>>>>>>>>>>>>>>>>>>>>>>>>>>>>>>>>>>>>>>>>>>>>>>>>>>>>>>>>>>>>>>>>>>>>>>>>>>>>>>>>>>>>
epoch: 0
loss: 1.3296, acc: 0.3063
loss: 1.1287, acc: 0.4719
loss: 1.1148, acc: 0.5042
loss: 1.0658, acc: 0.5406
loss: 1.0217, acc: 0.5613
loss: 0.9936, acc: 0.5740
loss: 0.9765, acc: 0.5830
loss: 0.9548, acc: 0.5906
loss: 0.9525, acc: 0.5889
loss: 0.9300, acc: 0.5994
loss: 0.9231, acc: 0.6023
loss: 0.9180, acc: 0.6031
loss: 0.9105, acc: 0.6082
loss: 0.8973, acc: 0.6161
loss: 0.8868, acc: 0.6225
loss: 0.8795, acc: 0.6262
loss: 0.8765, acc: 0.6268
loss: 0.8666, acc: 0.6326
loss: 0.8559, acc: 0.6385
loss: 0.8500, acc: 0.6397
loss: 0.8465, acc: 0.6423
loss: 0.8410, acc: 0.6446
> val_acc: 0.7554, val_f1: 0.6133
>> saved: state_dict/gcae_restaurant_val_acc0.7554
>>>>>>>>>>>>>>>>>>>>>>>>>>>>>>>>>>>>>>>>>>>>>>>>>>>>>>>>>>>>>>>>>>>>>>>>>>>>>>>>>>>>>>>>>>>>>>>>>>>>
epoch: 1
loss: 0.5295, acc: 0.7969
loss: 0.5836, acc: 0.7723
loss: 0.5574, acc: 0.7839
loss: 0.5540, acc: 0.7886
loss: 0.5449, acc: 0.7884
loss: 0.5329, acc: 0.7905
loss: 0.5211, acc: 0.7949
loss: 0.5193, acc: 0.7981
loss: 0.5354, acc: 0.7887
loss: 0.5341, acc: 0.7899
loss: 0.5368, acc: 0.7909
loss: 0.5313, acc: 0.7939
loss: 0.5410, acc: 0.7908
loss: 0.5437, acc: 0.7906
loss: 0.5479, acc: 0.7878
loss: 0.5521, acc: 0.7833
loss: 0.5520, acc: 0.7851
loss: 0.5531, acc: 0.7848
loss: 0.5488, acc: 0.7853
loss: 0.5474, acc: 0.7854
loss: 0.5499, acc: 0.7831
loss: 0.5510, acc: 0.7818
loss: 0.5507, acc: 0.7824
> val_acc: 0.7545, val_f1: 0.5949
>>>>>>>>>>>>>>>>>>>>>>>>>>>>>>>>>>>>>>>>>>>>>>>>>>>>>>>>>>>>>>>>>>>>>>>>>>>>>>>>>>>>>>>>>>>>>>>>>>>>
epoch: 2
loss: 0.4052, acc: 0.8750
loss: 0.3897, acc: 0.8611
loss: 0.3734, acc: 0.8683
loss: 0.3862, acc: 0.8586
loss: 0.3866, acc: 0.8568
loss: 0.3863, acc: 0.8610
loss: 0.3899, acc: 0.8520
loss: 0.3867, acc: 0.8566
loss: 0.3963, acc: 0.8509
loss: 0.3975, acc: 0.8520
loss: 0.3967, acc: 0.8530
loss: 0.4042, acc: 0.8496
loss: 0.4163, acc: 0.8438
loss: 0.4250, acc: 0.8383
loss: 0.4260, acc: 0.8383
loss: 0.4275, acc: 0.8370
loss: 0.4299, acc: 0.8371
loss: 0.4379, acc: 0.8329
loss: 0.4392, acc: 0.8305
loss: 0.4408, acc: 0.8286
loss: 0.4388, acc: 0.8287
loss: 0.4376, acc: 0.8288
> val_acc: 0.7670, val_f1: 0.6285
>> saved: state_dict/gcae_restaurant_val_acc0.767
>>>>>>>>>>>>>>>>>>>>>>>>>>>>>>>>>>>>>>>>>>>>>>>>>>>>>>>>>>>>>>>>>>>>>>>>>>>>>>>>>>>>>>>>>>>>>>>>>>>>
epoch: 3
loss: 0.3020, acc: 0.9375
loss: 0.3454, acc: 0.8802
loss: 0.3532, acc: 0.8750
loss: 0.3459, acc: 0.8789
loss: 0.3575, acc: 0.8735
loss: 0.3495, acc: 0.8774
loss: 0.3578, acc: 0.8720
loss: 0.3503, acc: 0.8785
loss: 0.3524, acc: 0.8735
loss: 0.3550, acc: 0.8696
loss: 0.3511, acc: 0.8738
loss: 0.3588, acc: 0.8705
loss: 0.3541, acc: 0.8730
loss: 0.3550, acc: 0.8722
loss: 0.3589, acc: 0.8693
loss: 0.3606, acc: 0.8688
loss: 0.3580, acc: 0.8688
loss: 0.3590, acc: 0.8670
loss: 0.3617, acc: 0.8661
loss: 0.3642, acc: 0.8646
loss: 0.3664, acc: 0.8648
loss: 0.3692, acc: 0.8623
loss: 0.3722, acc: 0.8601
> val_acc: 0.7661, val_f1: 0.6191
>>>>>>>>>>>>>>>>>>>>>>>>>>>>>>>>>>>>>>>>>>>>>>>>>>>>>>>>>>>>>>>>>>>>>>>>>>>>>>>>>>>>>>>>>>>>>>>>>>>>
epoch: 4
loss: 0.3230, acc: 0.8542
loss: 0.2653, acc: 0.8984
loss: 0.2879, acc: 0.8894
loss: 0.2729, acc: 0.9045
loss: 0.2795, acc: 0.9022
loss: 0.2870, acc: 0.8984
loss: 0.2988, acc: 0.8902
loss: 0.2956, acc: 0.8931
loss: 0.2931, acc: 0.8961
loss: 0.3027, acc: 0.8893
loss: 0.3028, acc: 0.8880
loss: 0.3016, acc: 0.8885
loss: 0.3037, acc: 0.8874
loss: 0.3052, acc: 0.8869
loss: 0.3052, acc: 0.8878
loss: 0.3035, acc: 0.8878
loss: 0.3045, acc: 0.8870
loss: 0.3056, acc: 0.8867
loss: 0.3088, acc: 0.8841
loss: 0.3142, acc: 0.8820
loss: 0.3188, acc: 0.8799
loss: 0.3211, acc: 0.8779
loss: 0.3212, acc: 0.8775
> val_acc: 0.7571, val_f1: 0.6013
>>>>>>>>>>>>>>>>>>>>>>>>>>>>>>>>>>>>>>>>>>>>>>>>>>>>>>>>>>>>>>>>>>>>>>>>>>>>>>>>>>>>>>>>>>>>>>>>>>>>
epoch: 5
loss: 0.2395, acc: 0.9125
loss: 0.2480, acc: 0.9000
loss: 0.2357, acc: 0.9187
loss: 0.2373, acc: 0.9172
loss: 0.2377, acc: 0.9163
loss: 0.2570, acc: 0.9031
loss: 0.2576, acc: 0.9018
loss: 0.2677, acc: 0.8992
loss: 0.2637, acc: 0.9014
loss: 0.2648, acc: 0.9025
loss: 0.2641, acc: 0.9034
loss: 0.2626, acc: 0.9042
loss: 0.2658, acc: 0.9014
loss: 0.2644, acc: 0.9018
loss: 0.2712, acc: 0.9000
loss: 0.2789, acc: 0.8961
loss: 0.2797, acc: 0.8967
loss: 0.2763, acc: 0.8993
loss: 0.2797, acc: 0.8984
loss: 0.2853, acc: 0.8944
loss: 0.2865, acc: 0.8952
loss: 0.2903, acc: 0.8946
> val_acc: 0.7643, val_f1: 0.6080
>>>>>>>>>>>>>>>>>>>>>>>>>>>>>>>>>>>>>>>>>>>>>>>>>>>>>>>>>>>>>>>>>>>>>>>>>>>>>>>>>>>>>>>>>>>>>>>>>>>>
epoch: 6
loss: 0.1963, acc: 0.9219
loss: 0.2232, acc: 0.9286
loss: 0.2051, acc: 0.9297
loss: 0.2132, acc: 0.9301
loss: 0.2413, acc: 0.9162
loss: 0.2401, acc: 0.9144
loss: 0.2341, acc: 0.9170
loss: 0.2360, acc: 0.9181
loss: 0.2347, acc: 0.9182
loss: 0.2397, acc: 0.9162
loss: 0.2457, acc: 0.9129
loss: 0.2453, acc: 0.9134
loss: 0.2483, acc: 0.9128
loss: 0.2507, acc: 0.9104
loss: 0.2497, acc: 0.9110
loss: 0.2560, acc: 0.9087
loss: 0.2585, acc: 0.9070
loss: 0.2610, acc: 0.9055
loss: 0.2613, acc: 0.9049
loss: 0.2652, acc: 0.9034
loss: 0.2695, acc: 0.9020
loss: 0.2692, acc: 0.9025
loss: 0.2684, acc: 0.9023
> val_acc: 0.7616, val_f1: 0.5755
>>>>>>>>>>>>>>>>>>>>>>>>>>>>>>>>>>>>>>>>>>>>>>>>>>>>>>>>>>>>>>>>>>>>>>>>>>>>>>>>>>>>>>>>>>>>>>>>>>>>
epoch: 7
loss: 0.2038, acc: 0.9297
loss: 0.1946, acc: 0.9444
loss: 0.2286, acc: 0.9174
loss: 0.2240, acc: 0.9211
loss: 0.2269, acc: 0.9180
loss: 0.2207, acc: 0.9203
loss: 0.2115, acc: 0.9256
loss: 0.2175, acc: 0.9231
loss: 0.2235, acc: 0.9197
loss: 0.2256, acc: 0.9177
loss: 0.2240, acc: 0.9184
loss: 0.2261, acc: 0.9184
loss: 0.2279, acc: 0.9155
loss: 0.2296, acc: 0.9149
loss: 0.2299, acc: 0.9139
loss: 0.2347, acc: 0.9126
loss: 0.2361, acc: 0.9126
loss: 0.2372, acc: 0.9133
loss: 0.2414, acc: 0.9119
loss: 0.2455, acc: 0.9100
loss: 0.2441, acc: 0.9096
loss: 0.2431, acc: 0.9097
> val_acc: 0.7688, val_f1: 0.6312
>> saved: state_dict/gcae_restaurant_val_acc0.7688
>>>>>>>>>>>>>>>>>>>>>>>>>>>>>>>>>>>>>>>>>>>>>>>>>>>>>>>>>>>>>>>>>>>>>>>>>>>>>>>>>>>>>>>>>>>>>>>>>>>>
epoch: 8
loss: 0.1507, acc: 0.9688
loss: 0.1880, acc: 0.9427
loss: 0.1763, acc: 0.9460
loss: 0.1931, acc: 0.9414
loss: 0.1840, acc: 0.9405
loss: 0.1843, acc: 0.9399
loss: 0.1905, acc: 0.9345
loss: 0.1949, acc: 0.9340
loss: 0.1977, acc: 0.9337
loss: 0.2026, acc: 0.9314
loss: 0.1998, acc: 0.9332
loss: 0.2090, acc: 0.9297
loss: 0.2083, acc: 0.9298
loss: 0.2110, acc: 0.9266
loss: 0.2062, acc: 0.9278
loss: 0.2125, acc: 0.9260
loss: 0.2152, acc: 0.9240
loss: 0.2221, acc: 0.9215
loss: 0.2204, acc: 0.9224
loss: 0.2216, acc: 0.9209
loss: 0.2223, acc: 0.9205
loss: 0.2219, acc: 0.9204
loss: 0.2231, acc: 0.9203
> val_acc: 0.7536, val_f1: 0.5842
>>>>>>>>>>>>>>>>>>>>>>>>>>>>>>>>>>>>>>>>>>>>>>>>>>>>>>>>>>>>>>>>>>>>>>>>>>>>>>>>>>>>>>>>>>>>>>>>>>>>
epoch: 9
loss: 0.2516, acc: 0.9062
loss: 0.2111, acc: 0.9297
loss: 0.2259, acc: 0.9255
loss: 0.2182, acc: 0.9288
loss: 0.2083, acc: 0.9266
loss: 0.1986, acc: 0.9297
loss: 0.2007, acc: 0.9261
loss: 0.1991, acc: 0.9268
loss: 0.1985, acc: 0.9273
loss: 0.2002, acc: 0.9251
loss: 0.2020, acc: 0.9233
loss: 0.2027, acc: 0.9235
loss: 0.1989, acc: 0.9251
loss: 0.1979, acc: 0.9260
loss: 0.1966, acc: 0.9272
loss: 0.2038, acc: 0.9259
loss: 0.2044, acc: 0.9251
loss: 0.2089, acc: 0.9240
loss: 0.2122, acc: 0.9220
loss: 0.2113, acc: 0.9219
loss: 0.2115, acc: 0.9214
loss: 0.2153, acc: 0.9213
loss: 0.2156, acc: 0.9213
> val_acc: 0.7705, val_f1: 0.5929
>> saved: state_dict/gcae_restaurant_val_acc0.7705
>>>>>>>>>>>>>>>>>>>>>>>>>>>>>>>>>>>>>>>>>>>>>>>>>>>>>>>>>>>>>>>>>>>>>>>>>>>>>>>>>>>>>>>>>>>>>>>>>>>>
epoch: 10
loss: 0.2302, acc: 0.9187
loss: 0.1936, acc: 0.9344
loss: 0.1796, acc: 0.9354
loss: 0.1823, acc: 0.9375
loss: 0.1820, acc: 0.9363
loss: 0.1755, acc: 0.9365
loss: 0.1769, acc: 0.9366
loss: 0.1730, acc: 0.9375
loss: 0.1709, acc: 0.9389
loss: 0.1665, acc: 0.9419
loss: 0.1711, acc: 0.9403
loss: 0.1761, acc: 0.9380
loss: 0.1789, acc: 0.9356
loss: 0.1778, acc: 0.9371
loss: 0.1813, acc: 0.9363
loss: 0.1907, acc: 0.9313
loss: 0.1939, acc: 0.9294
loss: 0.1961, acc: 0.9292
loss: 0.1993, acc: 0.9286
loss: 0.1979, acc: 0.9297
loss: 0.1945, acc: 0.9307
loss: 0.1954, acc: 0.9293
> val_acc: 0.7768, val_f1: 0.6358
>> saved: state_dict/gcae_restaurant_val_acc0.7768
>>>>>>>>>>>>>>>>>>>>>>>>>>>>>>>>>>>>>>>>>>>>>>>>>>>>>>>>>>>>>>>>>>>>>>>>>>>>>>>>>>>>>>>>>>>>>>>>>>>>
epoch: 11
loss: 0.1412, acc: 0.9531
loss: 0.1577, acc: 0.9509
loss: 0.1682, acc: 0.9401
loss: 0.1648, acc: 0.9430
loss: 0.1570, acc: 0.9460
loss: 0.1487, acc: 0.9491
loss: 0.1527, acc: 0.9414
loss: 0.1605, acc: 0.9383
loss: 0.1639, acc: 0.9375
loss: 0.1606, acc: 0.9402
loss: 0.1637, acc: 0.9387
loss: 0.1641, acc: 0.9397
loss: 0.1690, acc: 0.9385
loss: 0.1687, acc: 0.9384
loss: 0.1711, acc: 0.9384
loss: 0.1732, acc: 0.9367
loss: 0.1752, acc: 0.9360
loss: 0.1802, acc: 0.9335
loss: 0.1860, acc: 0.9310
loss: 0.1881, acc: 0.9307
loss: 0.1892, acc: 0.9298
loss: 0.1872, acc: 0.9305
loss: 0.1869, acc: 0.9305
> val_acc: 0.7804, val_f1: 0.6352
>> saved: state_dict/gcae_restaurant_val_acc0.7804
>>>>>>>>>>>>>>>>>>>>>>>>>>>>>>>>>>>>>>>>>>>>>>>>>>>>>>>>>>>>>>>>>>>>>>>>>>>>>>>>>>>>>>>>>>>>>>>>>>>>
epoch: 12
loss: 0.1024, acc: 0.9688
loss: 0.1323, acc: 0.9583
loss: 0.1571, acc: 0.9442
loss: 0.1508, acc: 0.9523
loss: 0.1468, acc: 0.9518
loss: 0.1477, acc: 0.9526
loss: 0.1493, acc: 0.9522
loss: 0.1574, acc: 0.9471
loss: 0.1623, acc: 0.9460
loss: 0.1637, acc: 0.9452
loss: 0.1735, acc: 0.9398
loss: 0.1812, acc: 0.9359
loss: 0.1784, acc: 0.9375
loss: 0.1804, acc: 0.9370
loss: 0.1813, acc: 0.9371
loss: 0.1873, acc: 0.9351
loss: 0.1876, acc: 0.9345
loss: 0.1851, acc: 0.9364
loss: 0.1862, acc: 0.9355
loss: 0.1854, acc: 0.9359
loss: 0.1848, acc: 0.9363
loss: 0.1837, acc: 0.9364
> val_acc: 0.7723, val_f1: 0.6360
>>>>>>>>>>>>>>>>>>>>>>>>>>>>>>>>>>>>>>>>>>>>>>>>>>>>>>>>>>>>>>>>>>>>>>>>>>>>>>>>>>>>>>>>>>>>>>>>>>>>
epoch: 13
loss: 0.1350, acc: 0.9375
loss: 0.1507, acc: 0.9531
loss: 0.1403, acc: 0.9545
loss: 0.1311, acc: 0.9590
loss: 0.1421, acc: 0.9554
loss: 0.1325, acc: 0.9579
loss: 0.1283, acc: 0.9597
loss: 0.1251, acc: 0.9618
loss: 0.1358, acc: 0.9550
loss: 0.1397, acc: 0.9511
loss: 0.1433, acc: 0.9510
loss: 0.1448, acc: 0.9498
loss: 0.1515, acc: 0.9472
loss: 0.1496, acc: 0.9465
loss: 0.1514, acc: 0.9459
loss: 0.1530, acc: 0.9445
loss: 0.1575, acc: 0.9429
loss: 0.1545, acc: 0.9444
loss: 0.1554, acc: 0.9437
loss: 0.1571, acc: 0.9430
loss: 0.1627, acc: 0.9403
loss: 0.1625, acc: 0.9399
loss: 0.1661, acc: 0.9383
> val_acc: 0.7661, val_f1: 0.6115
>>>>>>>>>>>>>>>>>>>>>>>>>>>>>>>>>>>>>>>>>>>>>>>>>>>>>>>>>>>>>>>>>>>>>>>>>>>>>>>>>>>>>>>>>>>>>>>>>>>>
epoch: 14
loss: 0.1406, acc: 0.9479
loss: 0.1401, acc: 0.9531
loss: 0.1279, acc: 0.9567
loss: 0.1259, acc: 0.9531
loss: 0.1286, acc: 0.9538
loss: 0.1297, acc: 0.9542
loss: 0.1338, acc: 0.9517
loss: 0.1374, acc: 0.9490
loss: 0.1410, acc: 0.9469
loss: 0.1401, acc: 0.9473
loss: 0.1434, acc: 0.9481
loss: 0.1491, acc: 0.9461
loss: 0.1498, acc: 0.9469
loss: 0.1495, acc: 0.9472
loss: 0.1453, acc: 0.9495
loss: 0.1432, acc: 0.9507
loss: 0.1451, acc: 0.9499
loss: 0.1480, acc: 0.9485
loss: 0.1505, acc: 0.9476
loss: 0.1501, acc: 0.9483
loss: 0.1500, acc: 0.9484
loss: 0.1537, acc: 0.9476
loss: 0.1554, acc: 0.9462
> val_acc: 0.7723, val_f1: 0.6441
>>>>>>>>>>>>>>>>>>>>>>>>>>>>>>>>>>>>>>>>>>>>>>>>>>>>>>>>>>>>>>>>>>>>>>>>>>>>>>>>>>>>>>>>>>>>>>>>>>>>
epoch: 15
loss: 0.1594, acc: 0.9437
loss: 0.1257, acc: 0.9531
loss: 0.1120, acc: 0.9625
loss: 0.1140, acc: 0.9625
loss: 0.1144, acc: 0.9625
loss: 0.1164, acc: 0.9604
loss: 0.1157, acc: 0.9598
loss: 0.1264, acc: 0.9539
loss: 0.1246, acc: 0.9542
loss: 0.1272, acc: 0.9544
loss: 0.1269, acc: 0.9551
loss: 0.1297, acc: 0.9542
loss: 0.1314, acc: 0.9519
loss: 0.1353, acc: 0.9504
loss: 0.1366, acc: 0.9496
loss: 0.1362, acc: 0.9500
loss: 0.1372, acc: 0.9496
loss: 0.1417, acc: 0.9486
loss: 0.1426, acc: 0.9484
loss: 0.1488, acc: 0.9456
loss: 0.1479, acc: 0.9461
loss: 0.1485, acc: 0.9460
> val_acc: 0.7768, val_f1: 0.6458
>>>>>>>>>>>>>>>>>>>>>>>>>>>>>>>>>>>>>>>>>>>>>>>>>>>>>>>>>>>>>>>>>>>>>>>>>>>>>>>>>>>>>>>>>>>>>>>>>>>>
epoch: 16
loss: 0.0772, acc: 0.9844
loss: 0.1289, acc: 0.9554
loss: 0.1187, acc: 0.9635
loss: 0.1289, acc: 0.9577
loss: 0.1211, acc: 0.9602
loss: 0.1355, acc: 0.9514
loss: 0.1399, acc: 0.9492
loss: 0.1380, acc: 0.9510
loss: 0.1345, acc: 0.9524
loss: 0.1421, acc: 0.9468
loss: 0.1426, acc: 0.9471
loss: 0.1399, acc: 0.9479
loss: 0.1395, acc: 0.9471
loss: 0.1350, acc: 0.9487
loss: 0.1384, acc: 0.9497
loss: 0.1421, acc: 0.9489
loss: 0.1382, acc: 0.9501
loss: 0.1380, acc: 0.9508
loss: 0.1450, acc: 0.9477
loss: 0.1459, acc: 0.9478
loss: 0.1442, acc: 0.9482
loss: 0.1447, acc: 0.9471
loss: 0.1448, acc: 0.9475
> val_acc: 0.7723, val_f1: 0.6346
>>>>>>>>>>>>>>>>>>>>>>>>>>>>>>>>>>>>>>>>>>>>>>>>>>>>>>>>>>>>>>>>>>>>>>>>>>>>>>>>>>>>>>>>>>>>>>>>>>>>
epoch: 17
loss: 0.1303, acc: 0.9531
loss: 0.1284, acc: 0.9549
loss: 0.1360, acc: 0.9487
loss: 0.1322, acc: 0.9539
loss: 0.1251, acc: 0.9583
loss: 0.1253, acc: 0.9569
loss: 0.1244, acc: 0.9568
loss: 0.1232, acc: 0.9583
loss: 0.1319, acc: 0.9538
loss: 0.1288, acc: 0.9547
loss: 0.1313, acc: 0.9520
loss: 0.1341, acc: 0.9513
loss: 0.1348, acc: 0.9521
loss: 0.1325, acc: 0.9524
loss: 0.1327, acc: 0.9519
loss: 0.1326, acc: 0.9521
loss: 0.1314, acc: 0.9535
loss: 0.1327, acc: 0.9529
loss: 0.1323, acc: 0.9528
loss: 0.1337, acc: 0.9523
loss: 0.1333, acc: 0.9528
loss: 0.1352, acc: 0.9518
> val_acc: 0.7598, val_f1: 0.6161
>>>>>>>>>>>>>>>>>>>>>>>>>>>>>>>>>>>>>>>>>>>>>>>>>>>>>>>>>>>>>>>>>>>>>>>>>>>>>>>>>>>>>>>>>>>>>>>>>>>>
epoch: 18
loss: 0.1039, acc: 0.9375
loss: 0.1275, acc: 0.9479
loss: 0.1084, acc: 0.9602
loss: 0.1068, acc: 0.9629
loss: 0.1085, acc: 0.9628
loss: 0.1078, acc: 0.9639
loss: 0.1145, acc: 0.9597
loss: 0.1081, acc: 0.9618
loss: 0.1077, acc: 0.9619
loss: 0.1126, acc: 0.9606
loss: 0.1148, acc: 0.9596
loss: 0.1146, acc: 0.9598
loss: 0.1145, acc: 0.9595
loss: 0.1134, acc: 0.9593
loss: 0.1179, acc: 0.9577
loss: 0.1180, acc: 0.9572
loss: 0.1230, acc: 0.9537
loss: 0.1208, acc: 0.9553
loss: 0.1237, acc: 0.9547
loss: 0.1305, acc: 0.9525
loss: 0.1306, acc: 0.9530
loss: 0.1320, acc: 0.9519
loss: 0.1305, acc: 0.9527
> val_acc: 0.7705, val_f1: 0.6229
>>>>>>>>>>>>>>>>>>>>>>>>>>>>>>>>>>>>>>>>>>>>>>>>>>>>>>>>>>>>>>>>>>>>>>>>>>>>>>>>>>>>>>>>>>>>>>>>>>>>
epoch: 19
loss: 0.1048, acc: 0.9479
loss: 0.0804, acc: 0.9727
loss: 0.0769, acc: 0.9784
loss: 0.0900, acc: 0.9757
loss: 0.1067, acc: 0.9701
loss: 0.1067, acc: 0.9699
loss: 0.1068, acc: 0.9678
loss: 0.1070, acc: 0.9663
loss: 0.1135, acc: 0.9637
loss: 0.1169, acc: 0.9629
loss: 0.1148, acc: 0.9646
loss: 0.1136, acc: 0.9644
loss: 0.1160, acc: 0.9633
loss: 0.1191, acc: 0.9632
loss: 0.1213, acc: 0.9615
loss: 0.1218, acc: 0.9607
loss: 0.1183, acc: 0.9623
loss: 0.1159, acc: 0.9638
loss: 0.1193, acc: 0.9617
loss: 0.1217, acc: 0.9605
loss: 0.1257, acc: 0.9596
loss: 0.1268, acc: 0.9586
loss: 0.1271, acc: 0.9584
> val_acc: 0.7643, val_f1: 0.6178
>>>>>>>>>>>>>>>>>>>>>>>>>>>>>>>>>>>>>>>>>>>>>>>>>>>>>>>>>>>>>>>>>>>>>>>>>>>>>>>>>>>>>>>>>>>>>>>>>>>>
epoch: 20
loss: 0.1338, acc: 0.9437
loss: 0.1095, acc: 0.9563
loss: 0.1198, acc: 0.9521
loss: 0.1031, acc: 0.9641
loss: 0.1122, acc: 0.9600
loss: 0.1089, acc: 0.9615
loss: 0.1005, acc: 0.9652
loss: 0.0988, acc: 0.9648
loss: 0.0971, acc: 0.9660
loss: 0.0962, acc: 0.9675
loss: 0.0977, acc: 0.9665
loss: 0.1012, acc: 0.9646
loss: 0.1054, acc: 0.9630
loss: 0.1040, acc: 0.9634
loss: 0.1056, acc: 0.9621
loss: 0.1057, acc: 0.9621
loss: 0.1059, acc: 0.9625
loss: 0.1079, acc: 0.9622
loss: 0.1111, acc: 0.9615
loss: 0.1132, acc: 0.9603
loss: 0.1124, acc: 0.9610
loss: 0.1136, acc: 0.9608
> val_acc: 0.7723, val_f1: 0.6465
>>>>>>>>>>>>>>>>>>>>>>>>>>>>>>>>>>>>>>>>>>>>>>>>>>>>>>>>>>>>>>>>>>>>>>>>>>>>>>>>>>>>>>>>>>>>>>>>>>>>
epoch: 21
loss: 0.1331, acc: 0.9375
loss: 0.0899, acc: 0.9688
loss: 0.1080, acc: 0.9688
loss: 0.0969, acc: 0.9724
loss: 0.0999, acc: 0.9744
loss: 0.1028, acc: 0.9711
loss: 0.1034, acc: 0.9697
loss: 0.1023, acc: 0.9688
loss: 0.1040, acc: 0.9680
loss: 0.1002, acc: 0.9694
loss: 0.0973, acc: 0.9700
loss: 0.0991, acc: 0.9688
loss: 0.0978, acc: 0.9693
loss: 0.0982, acc: 0.9692
loss: 0.1024, acc: 0.9670
loss: 0.1009, acc: 0.9675
loss: 0.1020, acc: 0.9661
loss: 0.1049, acc: 0.9659
loss: 0.1039, acc: 0.9674
loss: 0.1029, acc: 0.9678
loss: 0.1028, acc: 0.9675
loss: 0.1033, acc: 0.9679
loss: 0.1039, acc: 0.9676
> val_acc: 0.7670, val_f1: 0.6312
>>>>>>>>>>>>>>>>>>>>>>>>>>>>>>>>>>>>>>>>>>>>>>>>>>>>>>>>>>>>>>>>>>>>>>>>>>>>>>>>>>>>>>>>>>>>>>>>>>>>
epoch: 22
loss: 0.0392, acc: 1.0000
loss: 0.0832, acc: 0.9826
loss: 0.0832, acc: 0.9799
loss: 0.0890, acc: 0.9737
loss: 0.0931, acc: 0.9714
loss: 0.1013, acc: 0.9688
loss: 0.0992, acc: 0.9688
loss: 0.1011, acc: 0.9671
loss: 0.1006, acc: 0.9680
loss: 0.0946, acc: 0.9713
loss: 0.0907, acc: 0.9728
loss: 0.0939, acc: 0.9725
loss: 0.0960, acc: 0.9707
loss: 0.0973, acc: 0.9706
loss: 0.0974, acc: 0.9696
loss: 0.0973, acc: 0.9703
loss: 0.0970, acc: 0.9699
loss: 0.0983, acc: 0.9695
loss: 0.0998, acc: 0.9694
loss: 0.1001, acc: 0.9694
loss: 0.1023, acc: 0.9675
loss: 0.1021, acc: 0.9676
> val_acc: 0.7688, val_f1: 0.6422
>>>>>>>>>>>>>>>>>>>>>>>>>>>>>>>>>>>>>>>>>>>>>>>>>>>>>>>>>>>>>>>>>>>>>>>>>>>>>>>>>>>>>>>>>>>>>>>>>>>>
epoch: 23
loss: 0.2616, acc: 0.9062
loss: 0.1156, acc: 0.9635
loss: 0.1098, acc: 0.9688
loss: 0.0912, acc: 0.9766
loss: 0.0806, acc: 0.9777
loss: 0.0831, acc: 0.9760
loss: 0.0817, acc: 0.9768
loss: 0.0806, acc: 0.9766
loss: 0.0837, acc: 0.9756
loss: 0.0833, acc: 0.9749
loss: 0.0820, acc: 0.9749
loss: 0.0839, acc: 0.9732
loss: 0.0834, acc: 0.9739
loss: 0.0846, acc: 0.9730
loss: 0.0894, acc: 0.9710
loss: 0.0883, acc: 0.9716
loss: 0.0864, acc: 0.9726
loss: 0.0877, acc: 0.9724
loss: 0.0885, acc: 0.9725
loss: 0.0938, acc: 0.9694
loss: 0.0958, acc: 0.9681
loss: 0.0965, acc: 0.9679
loss: 0.0973, acc: 0.9676
> val_acc: 0.7732, val_f1: 0.6365
>>>>>>>>>>>>>>>>>>>>>>>>>>>>>>>>>>>>>>>>>>>>>>>>>>>>>>>>>>>>>>>>>>>>>>>>>>>>>>>>>>>>>>>>>>>>>>>>>>>>
epoch: 24
loss: 0.1269, acc: 0.9688
loss: 0.0934, acc: 0.9766
loss: 0.0945, acc: 0.9712
loss: 0.0884, acc: 0.9740
loss: 0.0821, acc: 0.9769
loss: 0.0829, acc: 0.9766
loss: 0.0817, acc: 0.9763
loss: 0.0800, acc: 0.9778
loss: 0.0824, acc: 0.9775
loss: 0.0794, acc: 0.9798
loss: 0.0822, acc: 0.9794
loss: 0.0834, acc: 0.9784
loss: 0.0868, acc: 0.9767
loss: 0.0870, acc: 0.9775
loss: 0.0874, acc: 0.9769
loss: 0.0856, acc: 0.9776
loss: 0.0861, acc: 0.9770
loss: 0.0863, acc: 0.9773
loss: 0.0910, acc: 0.9745
loss: 0.0922, acc: 0.9735
loss: 0.0917, acc: 0.9730
loss: 0.0907, acc: 0.9734
loss: 0.0911, acc: 0.9734
> val_acc: 0.7670, val_f1: 0.6108
>>>>>>>>>>>>>>>>>>>>>>>>>>>>>>>>>>>>>>>>>>>>>>>>>>>>>>>>>>>>>>>>>>>>>>>>>>>>>>>>>>>>>>>>>>>>>>>>>>>>
epoch: 25
loss: 0.0663, acc: 0.9812
loss: 0.0531, acc: 0.9906
loss: 0.0537, acc: 0.9875
loss: 0.0548, acc: 0.9875
loss: 0.0546, acc: 0.9888
loss: 0.0548, acc: 0.9875
loss: 0.0624, acc: 0.9857
loss: 0.0652, acc: 0.9844
loss: 0.0718, acc: 0.9819
loss: 0.0715, acc: 0.9812
loss: 0.0752, acc: 0.9801
loss: 0.0736, acc: 0.9807
loss: 0.0755, acc: 0.9803
loss: 0.0760, acc: 0.9804
loss: 0.0761, acc: 0.9804
loss: 0.0756, acc: 0.9805
loss: 0.0756, acc: 0.9801
loss: 0.0766, acc: 0.9799
loss: 0.0772, acc: 0.9796
loss: 0.0784, acc: 0.9788
loss: 0.0780, acc: 0.9783
loss: 0.0803, acc: 0.9776
> val_acc: 0.7714, val_f1: 0.6478
>>>>>>>>>>>>>>>>>>>>>>>>>>>>>>>>>>>>>>>>>>>>>>>>>>>>>>>>>>>>>>>>>>>>>>>>>>>>>>>>>>>>>>>>>>>>>>>>>>>>
epoch: 26
loss: 0.0381, acc: 1.0000
loss: 0.0706, acc: 0.9821
loss: 0.0769, acc: 0.9714
loss: 0.0746, acc: 0.9761
loss: 0.0845, acc: 0.9673
loss: 0.0859, acc: 0.9699
loss: 0.0807, acc: 0.9746
loss: 0.0763, acc: 0.9764
loss: 0.0743, acc: 0.9777
loss: 0.0750, acc: 0.9767
loss: 0.0751, acc: 0.9778
loss: 0.0744, acc: 0.9764
loss: 0.0738, acc: 0.9763
loss: 0.0747, acc: 0.9753
loss: 0.0745, acc: 0.9753
loss: 0.0763, acc: 0.9748
loss: 0.0765, acc: 0.9748
loss: 0.0789, acc: 0.9731
loss: 0.0786, acc: 0.9732
loss: 0.0774, acc: 0.9742
loss: 0.0768, acc: 0.9743
loss: 0.0793, acc: 0.9737
loss: 0.0805, acc: 0.9732
> val_acc: 0.7652, val_f1: 0.6213
>>>>>>>>>>>>>>>>>>>>>>>>>>>>>>>>>>>>>>>>>>>>>>>>>>>>>>>>>>>>>>>>>>>>>>>>>>>>>>>>>>>>>>>>>>>>>>>>>>>>
epoch: 27
loss: 0.0957, acc: 0.9766
loss: 0.0867, acc: 0.9722
loss: 0.0753, acc: 0.9754
loss: 0.0713, acc: 0.9786
loss: 0.0726, acc: 0.9779
loss: 0.0669, acc: 0.9795
loss: 0.0661, acc: 0.9798
loss: 0.0665, acc: 0.9800
loss: 0.0706, acc: 0.9780
loss: 0.0747, acc: 0.9751
loss: 0.0736, acc: 0.9751
loss: 0.0750, acc: 0.9735
loss: 0.0764, acc: 0.9741
loss: 0.0790, acc: 0.9733
loss: 0.0793, acc: 0.9734
loss: 0.0810, acc: 0.9715
loss: 0.0806, acc: 0.9714
loss: 0.0827, acc: 0.9705
loss: 0.0818, acc: 0.9704
loss: 0.0826, acc: 0.9697
loss: 0.0829, acc: 0.9700
loss: 0.0832, acc: 0.9696
> val_acc: 0.7670, val_f1: 0.6174
>>>>>>>>>>>>>>>>>>>>>>>>>>>>>>>>>>>>>>>>>>>>>>>>>>>>>>>>>>>>>>>>>>>>>>>>>>>>>>>>>>>>>>>>>>>>>>>>>>>>
epoch: 28
loss: 0.0489, acc: 1.0000
loss: 0.0586, acc: 0.9948
loss: 0.0490, acc: 0.9886
loss: 0.0543, acc: 0.9883
loss: 0.0657, acc: 0.9866
loss: 0.0653, acc: 0.9820
loss: 0.0660, acc: 0.9829
loss: 0.0675, acc: 0.9826
loss: 0.0634, acc: 0.9840
loss: 0.0686, acc: 0.9830
loss: 0.0665, acc: 0.9841
loss: 0.0633, acc: 0.9849
loss: 0.0646, acc: 0.9851
loss: 0.0672, acc: 0.9834
loss: 0.0684, acc: 0.9833
loss: 0.0684, acc: 0.9831
loss: 0.0689, acc: 0.9826
loss: 0.0690, acc: 0.9822
loss: 0.0710, acc: 0.9808
loss: 0.0698, acc: 0.9811
loss: 0.0720, acc: 0.9796
loss: 0.0731, acc: 0.9788
loss: 0.0727, acc: 0.9792
> val_acc: 0.7652, val_f1: 0.6254
>>>>>>>>>>>>>>>>>>>>>>>>>>>>>>>>>>>>>>>>>>>>>>>>>>>>>>>>>>>>>>>>>>>>>>>>>>>>>>>>>>>>>>>>>>>>>>>>>>>>
epoch: 29
loss: 0.0685, acc: 0.9792
loss: 0.0639, acc: 0.9844
loss: 0.0693, acc: 0.9784
loss: 0.0688, acc: 0.9774
loss: 0.0679, acc: 0.9796
loss: 0.0689, acc: 0.9788
loss: 0.0642, acc: 0.9811
loss: 0.0646, acc: 0.9811
loss: 0.0673, acc: 0.9797
loss: 0.0661, acc: 0.9805
loss: 0.0645, acc: 0.9811
loss: 0.0675, acc: 0.9806
loss: 0.0680, acc: 0.9802
loss: 0.0720, acc: 0.9775
loss: 0.0763, acc: 0.9765
loss: 0.0768, acc: 0.9744
loss: 0.0765, acc: 0.9744
loss: 0.0752, acc: 0.9744
loss: 0.0755, acc: 0.9745
loss: 0.0760, acc: 0.9745
loss: 0.0755, acc: 0.9751
loss: 0.0754, acc: 0.9754
loss: 0.0774, acc: 0.9742
> val_acc: 0.7705, val_f1: 0.6395
>> test_acc: 0.7804, test_f1: 0.6352
