cuda memory allocated: 8544768
n_trainable_params: 811603, n_nontrainable_params: 1323600
> training arguments:
>>> model_name: gcae
>>> dataset: restaurant
>>> optimizer: <class 'torch.optim.adam.Adam'>
>>> initializer: <function xavier_uniform_ at 0x000002E1AE997620>
>>> learning_rate: 0.01
>>> momentum: 0.95
>>> dropout: 0.5
>>> l2reg: 5e-05
>>> num_epoch: 30
>>> batch_size: 32
>>> log_step: 5
>>> embed_dim: 300
>>> hidden_dim: 300
>>> bert_dim: 768
>>> pretrained_bert_name: bert-base-uncased
>>> max_seq_len: 80
>>> polarities_dim: 3
>>> hops: 3
>>> device: cuda
>>> seed: None
>>> valset_ratio: 0
>>> num_layers: 1
>>> in_channels: 100
>>> out_channels: 1
>>> downbot: 20
>>> kernel_size: 3
>>> glove_path: ./glove/glove.840B.300d.txt
>>> model_class: <class 'models.gcae.GCAE'>
>>> dataset_file: {'train': './datasets/semeval14/Restaurants_Train.xml.seg', 'test': './datasets/semeval14/Restaurants_Test_Gold.xml.seg'}
>>> inputs_cols: ['text_raw_indices', 'aspect_indices']
>>>>>>>>>>>>>>>>>>>>>>>>>>>>>>>>>>>>>>>>>>>>>>>>>>>>>>>>>>>>>>>>>>>>>>>>>>>>>>>>>>>>>>>>>>>>>>>>>>>>
epoch: 0
loss: 4.0398, acc: 0.5125
loss: 2.7290, acc: 0.5375
loss: 2.1848, acc: 0.5500
loss: 1.8496, acc: 0.5844
loss: 1.6341, acc: 0.6012
loss: 1.5310, acc: 0.6083
loss: 1.4484, acc: 0.6134
loss: 1.3701, acc: 0.6266
loss: 1.3024, acc: 0.6326
loss: 1.2742, acc: 0.6331
loss: 1.2400, acc: 0.6347
loss: 1.1993, acc: 0.6406
loss: 1.1616, acc: 0.6495
loss: 1.1312, acc: 0.6554
loss: 1.1013, acc: 0.6583
loss: 1.0844, acc: 0.6609
loss: 1.0702, acc: 0.6621
loss: 1.0533, acc: 0.6646
loss: 1.0354, acc: 0.6655
loss: 1.0252, acc: 0.6669
loss: 1.0081, acc: 0.6717
loss: 0.9931, acc: 0.6747
> val_acc: 0.7232, val_f1: 0.5161
>> saved: state_dict/gcae_restaurant_val_acc0.7232
>>>>>>>>>>>>>>>>>>>>>>>>>>>>>>>>>>>>>>>>>>>>>>>>>>>>>>>>>>>>>>>>>>>>>>>>>>>>>>>>>>>>>>>>>>>>>>>>>>>>
epoch: 1
loss: 0.5356, acc: 0.7656
loss: 0.5464, acc: 0.7946
loss: 0.5897, acc: 0.7760
loss: 0.5722, acc: 0.7849
loss: 0.5840, acc: 0.7756
loss: 0.5730, acc: 0.7836
loss: 0.5628, acc: 0.7910
loss: 0.5459, acc: 0.7939
loss: 0.5561, acc: 0.7932
loss: 0.5580, acc: 0.7932
loss: 0.5519, acc: 0.7969
loss: 0.5499, acc: 0.7955
loss: 0.5572, acc: 0.7933
loss: 0.5651, acc: 0.7892
loss: 0.5684, acc: 0.7886
loss: 0.5751, acc: 0.7861
loss: 0.5881, acc: 0.7816
loss: 0.5956, acc: 0.7812
loss: 0.6053, acc: 0.7772
loss: 0.6076, acc: 0.7745
loss: 0.6165, acc: 0.7705
loss: 0.6183, acc: 0.7690
loss: 0.6271, acc: 0.7667
> val_acc: 0.7464, val_f1: 0.6362
>> saved: state_dict/gcae_restaurant_val_acc0.7464
>>>>>>>>>>>>>>>>>>>>>>>>>>>>>>>>>>>>>>>>>>>>>>>>>>>>>>>>>>>>>>>>>>>>>>>>>>>>>>>>>>>>>>>>>>>>>>>>>>>>
epoch: 2
loss: 0.5701, acc: 0.8125
loss: 0.5484, acc: 0.7986
loss: 0.5317, acc: 0.8103
loss: 0.5101, acc: 0.8207
loss: 0.5050, acc: 0.8229
loss: 0.5134, acc: 0.8200
loss: 0.5332, acc: 0.8134
loss: 0.5261, acc: 0.8149
loss: 0.5444, acc: 0.8089
loss: 0.5463, acc: 0.8093
loss: 0.5437, acc: 0.8067
loss: 0.5363, acc: 0.8051
loss: 0.5403, acc: 0.8032
loss: 0.5447, acc: 0.7994
loss: 0.5407, acc: 0.7994
loss: 0.5458, acc: 0.7963
loss: 0.5524, acc: 0.7954
loss: 0.5576, acc: 0.7949
loss: 0.5671, acc: 0.7909
loss: 0.5705, acc: 0.7914
loss: 0.5694, acc: 0.7906
loss: 0.5672, acc: 0.7913
> val_acc: 0.7241, val_f1: 0.6203
>>>>>>>>>>>>>>>>>>>>>>>>>>>>>>>>>>>>>>>>>>>>>>>>>>>>>>>>>>>>>>>>>>>>>>>>>>>>>>>>>>>>>>>>>>>>>>>>>>>>
epoch: 3
loss: 0.5662, acc: 0.7812
loss: 0.6035, acc: 0.7760
loss: 0.5121, acc: 0.8068
loss: 0.4898, acc: 0.8145
loss: 0.4841, acc: 0.8140
loss: 0.4861, acc: 0.8149
loss: 0.4938, acc: 0.8135
loss: 0.5059, acc: 0.8134
loss: 0.4992, acc: 0.8110
loss: 0.5035, acc: 0.8111
loss: 0.5090, acc: 0.8100
loss: 0.5133, acc: 0.8075
loss: 0.5046, acc: 0.8094
loss: 0.5021, acc: 0.8120
loss: 0.5018, acc: 0.8160
loss: 0.5014, acc: 0.8178
loss: 0.5070, acc: 0.8175
loss: 0.5163, acc: 0.8136
loss: 0.5163, acc: 0.8118
loss: 0.5154, acc: 0.8118
loss: 0.5152, acc: 0.8119
loss: 0.5172, acc: 0.8104
loss: 0.5182, acc: 0.8105
> val_acc: 0.7455, val_f1: 0.5952
>>>>>>>>>>>>>>>>>>>>>>>>>>>>>>>>>>>>>>>>>>>>>>>>>>>>>>>>>>>>>>>>>>>>>>>>>>>>>>>>>>>>>>>>>>>>>>>>>>>>
epoch: 4
loss: 0.4968, acc: 0.8021
loss: 0.5127, acc: 0.8125
loss: 0.4823, acc: 0.8149
loss: 0.4776, acc: 0.8212
loss: 0.4771, acc: 0.8220
loss: 0.4613, acc: 0.8292
loss: 0.4758, acc: 0.8277
loss: 0.4850, acc: 0.8289
loss: 0.4814, acc: 0.8285
loss: 0.4856, acc: 0.8268
loss: 0.4821, acc: 0.8290
loss: 0.4849, acc: 0.8292
loss: 0.4910, acc: 0.8254
loss: 0.4939, acc: 0.8263
loss: 0.4960, acc: 0.8253
loss: 0.4873, acc: 0.8281
loss: 0.4838, acc: 0.8291
loss: 0.4855, acc: 0.8278
loss: 0.4945, acc: 0.8263
loss: 0.5015, acc: 0.8243
loss: 0.5076, acc: 0.8240
loss: 0.5086, acc: 0.8235
loss: 0.5066, acc: 0.8240
> val_acc: 0.7589, val_f1: 0.6036
>> saved: state_dict/gcae_restaurant_val_acc0.7589
>>>>>>>>>>>>>>>>>>>>>>>>>>>>>>>>>>>>>>>>>>>>>>>>>>>>>>>>>>>>>>>>>>>>>>>>>>>>>>>>>>>>>>>>>>>>>>>>>>>>
epoch: 5
loss: 0.4184, acc: 0.8625
loss: 0.3964, acc: 0.8688
loss: 0.4338, acc: 0.8542
loss: 0.4432, acc: 0.8516
loss: 0.4322, acc: 0.8575
loss: 0.4247, acc: 0.8510
loss: 0.4229, acc: 0.8518
loss: 0.4239, acc: 0.8539
loss: 0.4464, acc: 0.8493
loss: 0.4406, acc: 0.8494
loss: 0.4489, acc: 0.8460
loss: 0.4510, acc: 0.8464
loss: 0.4441, acc: 0.8490
loss: 0.4554, acc: 0.8446
loss: 0.4539, acc: 0.8458
loss: 0.4677, acc: 0.8414
loss: 0.4683, acc: 0.8419
loss: 0.4714, acc: 0.8392
loss: 0.4733, acc: 0.8398
loss: 0.4766, acc: 0.8384
loss: 0.4763, acc: 0.8384
loss: 0.4786, acc: 0.8364
> val_acc: 0.7518, val_f1: 0.6050
>>>>>>>>>>>>>>>>>>>>>>>>>>>>>>>>>>>>>>>>>>>>>>>>>>>>>>>>>>>>>>>>>>>>>>>>>>>>>>>>>>>>>>>>>>>>>>>>>>>>
epoch: 6
loss: 0.3161, acc: 0.8750
loss: 0.3214, acc: 0.8884
loss: 0.3206, acc: 0.8880
loss: 0.3537, acc: 0.8732
loss: 0.3606, acc: 0.8665
loss: 0.3784, acc: 0.8588
loss: 0.3870, acc: 0.8623
loss: 0.4002, acc: 0.8581
loss: 0.4066, acc: 0.8564
loss: 0.3983, acc: 0.8597
loss: 0.3939, acc: 0.8600
loss: 0.3977, acc: 0.8607
loss: 0.3879, acc: 0.8644
loss: 0.3840, acc: 0.8647
loss: 0.4023, acc: 0.8594
loss: 0.4228, acc: 0.8543
loss: 0.4249, acc: 0.8525
loss: 0.4318, acc: 0.8470
loss: 0.4348, acc: 0.8478
loss: 0.4335, acc: 0.8476
loss: 0.4349, acc: 0.8480
loss: 0.4329, acc: 0.8484
loss: 0.4417, acc: 0.8460
> val_acc: 0.7429, val_f1: 0.5968
>>>>>>>>>>>>>>>>>>>>>>>>>>>>>>>>>>>>>>>>>>>>>>>>>>>>>>>>>>>>>>>>>>>>>>>>>>>>>>>>>>>>>>>>>>>>>>>>>>>>
epoch: 7
loss: 0.5921, acc: 0.8594
loss: 0.4260, acc: 0.8646
loss: 0.4172, acc: 0.8571
loss: 0.4376, acc: 0.8520
loss: 0.4928, acc: 0.8398
loss: 0.4628, acc: 0.8491
loss: 0.4403, acc: 0.8529
loss: 0.4349, acc: 0.8558
loss: 0.4147, acc: 0.8636
loss: 0.4056, acc: 0.8680
loss: 0.3909, acc: 0.8727
loss: 0.3936, acc: 0.8671
loss: 0.3879, acc: 0.8682
loss: 0.3934, acc: 0.8659
loss: 0.3948, acc: 0.8636
loss: 0.3969, acc: 0.8655
loss: 0.4022, acc: 0.8620
loss: 0.4117, acc: 0.8588
loss: 0.4153, acc: 0.8584
loss: 0.4114, acc: 0.8595
loss: 0.4122, acc: 0.8591
loss: 0.4110, acc: 0.8584
> val_acc: 0.7455, val_f1: 0.5915
>>>>>>>>>>>>>>>>>>>>>>>>>>>>>>>>>>>>>>>>>>>>>>>>>>>>>>>>>>>>>>>>>>>>>>>>>>>>>>>>>>>>>>>>>>>>>>>>>>>>
epoch: 8
loss: 0.3300, acc: 0.8438
loss: 0.3966, acc: 0.8698
loss: 0.4107, acc: 0.8636
loss: 0.3675, acc: 0.8789
loss: 0.3458, acc: 0.8780
loss: 0.3552, acc: 0.8774
loss: 0.3597, acc: 0.8770
loss: 0.3748, acc: 0.8715
loss: 0.3601, acc: 0.8758
loss: 0.3631, acc: 0.8770
loss: 0.3733, acc: 0.8756
loss: 0.3701, acc: 0.8756
loss: 0.3670, acc: 0.8740
loss: 0.3644, acc: 0.8755
loss: 0.3666, acc: 0.8754
loss: 0.3692, acc: 0.8762
loss: 0.3682, acc: 0.8773
loss: 0.3729, acc: 0.8783
loss: 0.3895, acc: 0.8736
loss: 0.3873, acc: 0.8730
loss: 0.3965, acc: 0.8710
loss: 0.3961, acc: 0.8712
loss: 0.3993, acc: 0.8697
> val_acc: 0.7464, val_f1: 0.6125
>>>>>>>>>>>>>>>>>>>>>>>>>>>>>>>>>>>>>>>>>>>>>>>>>>>>>>>>>>>>>>>>>>>>>>>>>>>>>>>>>>>>>>>>>>>>>>>>>>>>
epoch: 9
loss: 0.3714, acc: 0.8750
loss: 0.3611, acc: 0.8750
loss: 0.3851, acc: 0.8798
loss: 0.3497, acc: 0.8889
loss: 0.3501, acc: 0.8872
loss: 0.3333, acc: 0.8940
loss: 0.3247, acc: 0.8958
loss: 0.3524, acc: 0.8824
loss: 0.3451, acc: 0.8852
loss: 0.3483, acc: 0.8835
loss: 0.3543, acc: 0.8821
loss: 0.3590, acc: 0.8777
loss: 0.3717, acc: 0.8725
loss: 0.3672, acc: 0.8732
loss: 0.3628, acc: 0.8741
loss: 0.3582, acc: 0.8762
loss: 0.3530, acc: 0.8776
loss: 0.3523, acc: 0.8775
loss: 0.3522, acc: 0.8790
loss: 0.3675, acc: 0.8747
loss: 0.3634, acc: 0.8759
loss: 0.3682, acc: 0.8750
loss: 0.3728, acc: 0.8742
> val_acc: 0.7429, val_f1: 0.6102
>>>>>>>>>>>>>>>>>>>>>>>>>>>>>>>>>>>>>>>>>>>>>>>>>>>>>>>>>>>>>>>>>>>>>>>>>>>>>>>>>>>>>>>>>>>>>>>>>>>>
epoch: 10
loss: 0.1851, acc: 0.9375
loss: 0.2330, acc: 0.9219
loss: 0.2564, acc: 0.9187
loss: 0.2754, acc: 0.9062
loss: 0.2730, acc: 0.9075
loss: 0.2830, acc: 0.9010
loss: 0.3014, acc: 0.8938
loss: 0.2892, acc: 0.8977
loss: 0.2877, acc: 0.8993
loss: 0.2912, acc: 0.8981
loss: 0.2996, acc: 0.8983
loss: 0.3052, acc: 0.8979
loss: 0.3050, acc: 0.8966
loss: 0.3065, acc: 0.8946
loss: 0.3187, acc: 0.8871
loss: 0.3196, acc: 0.8859
loss: 0.3237, acc: 0.8849
loss: 0.3309, acc: 0.8823
loss: 0.3351, acc: 0.8806
loss: 0.3339, acc: 0.8806
loss: 0.3374, acc: 0.8792
loss: 0.3433, acc: 0.8784
> val_acc: 0.7429, val_f1: 0.5840
>>>>>>>>>>>>>>>>>>>>>>>>>>>>>>>>>>>>>>>>>>>>>>>>>>>>>>>>>>>>>>>>>>>>>>>>>>>>>>>>>>>>>>>>>>>>>>>>>>>>
epoch: 11
loss: 0.3353, acc: 0.8594
loss: 0.3364, acc: 0.8616
loss: 0.3423, acc: 0.8802
loss: 0.2907, acc: 0.8952
loss: 0.3157, acc: 0.8864
loss: 0.3072, acc: 0.8900
loss: 0.3142, acc: 0.8916
loss: 0.3022, acc: 0.8936
loss: 0.2985, acc: 0.8906
loss: 0.2953, acc: 0.8910
loss: 0.2890, acc: 0.8948
loss: 0.2937, acc: 0.8953
loss: 0.3065, acc: 0.8916
loss: 0.3130, acc: 0.8867
loss: 0.3070, acc: 0.8880
loss: 0.3103, acc: 0.8872
loss: 0.3184, acc: 0.8864
loss: 0.3266, acc: 0.8840
loss: 0.3300, acc: 0.8842
loss: 0.3315, acc: 0.8840
loss: 0.3346, acc: 0.8833
loss: 0.3357, acc: 0.8838
loss: 0.3389, acc: 0.8823
> val_acc: 0.7509, val_f1: 0.6253
>>>>>>>>>>>>>>>>>>>>>>>>>>>>>>>>>>>>>>>>>>>>>>>>>>>>>>>>>>>>>>>>>>>>>>>>>>>>>>>>>>>>>>>>>>>>>>>>>>>>
epoch: 12
loss: 0.2830, acc: 0.9141
loss: 0.3096, acc: 0.9028
loss: 0.2719, acc: 0.9174
loss: 0.2568, acc: 0.9161
loss: 0.2682, acc: 0.9128
loss: 0.2851, acc: 0.9084
loss: 0.2819, acc: 0.9072
loss: 0.2730, acc: 0.9095
loss: 0.2704, acc: 0.9105
loss: 0.2641, acc: 0.9126
loss: 0.2650, acc: 0.9144
loss: 0.2592, acc: 0.9153
loss: 0.2570, acc: 0.9146
loss: 0.2578, acc: 0.9149
loss: 0.2642, acc: 0.9122
loss: 0.2670, acc: 0.9110
loss: 0.2710, acc: 0.9089
loss: 0.2688, acc: 0.9094
loss: 0.2705, acc: 0.9086
loss: 0.2711, acc: 0.9078
loss: 0.2758, acc: 0.9069
loss: 0.2798, acc: 0.9062
> val_acc: 0.7545, val_f1: 0.6080
>>>>>>>>>>>>>>>>>>>>>>>>>>>>>>>>>>>>>>>>>>>>>>>>>>>>>>>>>>>>>>>>>>>>>>>>>>>>>>>>>>>>>>>>>>>>>>>>>>>>
epoch: 13
loss: 0.2213, acc: 0.9375
loss: 0.2413, acc: 0.9427
loss: 0.2621, acc: 0.9176
loss: 0.2841, acc: 0.9102
loss: 0.2472, acc: 0.9226
loss: 0.2376, acc: 0.9267
loss: 0.2428, acc: 0.9244
loss: 0.2321, acc: 0.9245
loss: 0.2451, acc: 0.9177
loss: 0.2442, acc: 0.9185
loss: 0.2468, acc: 0.9191
loss: 0.2467, acc: 0.9196
loss: 0.2439, acc: 0.9206
loss: 0.2489, acc: 0.9181
loss: 0.2482, acc: 0.9186
loss: 0.2564, acc: 0.9153
loss: 0.2610, acc: 0.9144
loss: 0.2667, acc: 0.9121
loss: 0.2752, acc: 0.9100
loss: 0.2763, acc: 0.9076
loss: 0.2795, acc: 0.9062
loss: 0.2776, acc: 0.9074
loss: 0.2791, acc: 0.9062
> val_acc: 0.7473, val_f1: 0.6134
>>>>>>>>>>>>>>>>>>>>>>>>>>>>>>>>>>>>>>>>>>>>>>>>>>>>>>>>>>>>>>>>>>>>>>>>>>>>>>>>>>>>>>>>>>>>>>>>>>>>
epoch: 14
loss: 0.1021, acc: 0.9688
loss: 0.1782, acc: 0.9258
loss: 0.1898, acc: 0.9327
loss: 0.1969, acc: 0.9271
loss: 0.1824, acc: 0.9321
loss: 0.2088, acc: 0.9263
loss: 0.2105, acc: 0.9271
loss: 0.2211, acc: 0.9243
loss: 0.2245, acc: 0.9215
loss: 0.2284, acc: 0.9206
loss: 0.2295, acc: 0.9186
loss: 0.2373, acc: 0.9170
loss: 0.2402, acc: 0.9152
loss: 0.2445, acc: 0.9159
loss: 0.2460, acc: 0.9152
loss: 0.2534, acc: 0.9139
loss: 0.2680, acc: 0.9089
loss: 0.2710, acc: 0.9084
loss: 0.2705, acc: 0.9083
loss: 0.2689, acc: 0.9075
loss: 0.2713, acc: 0.9056
loss: 0.2790, acc: 0.9010
loss: 0.2842, acc: 0.8999
> val_acc: 0.7259, val_f1: 0.5298
>>>>>>>>>>>>>>>>>>>>>>>>>>>>>>>>>>>>>>>>>>>>>>>>>>>>>>>>>>>>>>>>>>>>>>>>>>>>>>>>>>>>>>>>>>>>>>>>>>>>
epoch: 15
loss: 0.2442, acc: 0.9187
loss: 0.3066, acc: 0.8938
loss: 0.2948, acc: 0.9021
loss: 0.2785, acc: 0.9094
loss: 0.2774, acc: 0.9100
loss: 0.2667, acc: 0.9135
loss: 0.2709, acc: 0.9045
loss: 0.2695, acc: 0.9062
loss: 0.2744, acc: 0.9049
loss: 0.2707, acc: 0.9050
loss: 0.2709, acc: 0.9040
loss: 0.2718, acc: 0.9062
loss: 0.2658, acc: 0.9087
loss: 0.2752, acc: 0.9085
loss: 0.2760, acc: 0.9096
loss: 0.2754, acc: 0.9082
loss: 0.2788, acc: 0.9055
loss: 0.2915, acc: 0.9024
loss: 0.2954, acc: 0.9020
loss: 0.2982, acc: 0.9019
loss: 0.2975, acc: 0.9030
loss: 0.2976, acc: 0.9031
> val_acc: 0.7357, val_f1: 0.5983
>>>>>>>>>>>>>>>>>>>>>>>>>>>>>>>>>>>>>>>>>>>>>>>>>>>>>>>>>>>>>>>>>>>>>>>>>>>>>>>>>>>>>>>>>>>>>>>>>>>>
epoch: 16
loss: 0.2321, acc: 0.9062
loss: 0.1846, acc: 0.9420
loss: 0.2120, acc: 0.9245
loss: 0.1894, acc: 0.9375
loss: 0.2327, acc: 0.9290
loss: 0.2325, acc: 0.9248
loss: 0.2227, acc: 0.9268
loss: 0.2274, acc: 0.9291
loss: 0.2374, acc: 0.9278
loss: 0.2311, acc: 0.9269
loss: 0.2341, acc: 0.9255
loss: 0.2415, acc: 0.9238
loss: 0.2470, acc: 0.9224
loss: 0.2626, acc: 0.9188
loss: 0.2591, acc: 0.9184
loss: 0.2726, acc: 0.9136
loss: 0.2731, acc: 0.9135
loss: 0.2845, acc: 0.9102
loss: 0.2848, acc: 0.9096
loss: 0.2910, acc: 0.9075
loss: 0.2923, acc: 0.9069
loss: 0.2986, acc: 0.9051
loss: 0.2960, acc: 0.9051
> val_acc: 0.7438, val_f1: 0.6046
>>>>>>>>>>>>>>>>>>>>>>>>>>>>>>>>>>>>>>>>>>>>>>>>>>>>>>>>>>>>>>>>>>>>>>>>>>>>>>>>>>>>>>>>>>>>>>>>>>>>
epoch: 17
loss: 0.1930, acc: 0.9453
loss: 0.2292, acc: 0.9167
loss: 0.2556, acc: 0.9241
loss: 0.2426, acc: 0.9276
loss: 0.2313, acc: 0.9310
loss: 0.2262, acc: 0.9310
loss: 0.2136, acc: 0.9366
loss: 0.2262, acc: 0.9335
loss: 0.2395, acc: 0.9297
loss: 0.2383, acc: 0.9305
loss: 0.2554, acc: 0.9242
loss: 0.2597, acc: 0.9221
loss: 0.2669, acc: 0.9194
loss: 0.2659, acc: 0.9194
loss: 0.2601, acc: 0.9202
loss: 0.2593, acc: 0.9209
loss: 0.2641, acc: 0.9174
loss: 0.2655, acc: 0.9164
loss: 0.2753, acc: 0.9132
loss: 0.2853, acc: 0.9094
loss: 0.2876, acc: 0.9084
loss: 0.2911, acc: 0.9083
> val_acc: 0.7179, val_f1: 0.5831
>>>>>>>>>>>>>>>>>>>>>>>>>>>>>>>>>>>>>>>>>>>>>>>>>>>>>>>>>>>>>>>>>>>>>>>>>>>>>>>>>>>>>>>>>>>>>>>>>>>>
epoch: 18
loss: 0.2896, acc: 0.9062
loss: 0.2252, acc: 0.9271
loss: 0.2446, acc: 0.9119
loss: 0.2131, acc: 0.9238
loss: 0.2048, acc: 0.9301
loss: 0.2281, acc: 0.9279
loss: 0.2426, acc: 0.9254
loss: 0.2542, acc: 0.9201
loss: 0.2469, acc: 0.9223
loss: 0.2533, acc: 0.9192
loss: 0.2477, acc: 0.9222
loss: 0.2526, acc: 0.9180
loss: 0.2572, acc: 0.9144
loss: 0.2642, acc: 0.9105
loss: 0.2794, acc: 0.9062
loss: 0.2819, acc: 0.9042
loss: 0.2796, acc: 0.9051
loss: 0.2874, acc: 0.9015
loss: 0.2893, acc: 0.9008
loss: 0.2849, acc: 0.9020
loss: 0.2782, acc: 0.9035
loss: 0.2914, acc: 0.9030
loss: 0.2984, acc: 0.9006
> val_acc: 0.7188, val_f1: 0.5047
>>>>>>>>>>>>>>>>>>>>>>>>>>>>>>>>>>>>>>>>>>>>>>>>>>>>>>>>>>>>>>>>>>>>>>>>>>>>>>>>>>>>>>>>>>>>>>>>>>>>
epoch: 19
loss: 0.3512, acc: 0.8646
loss: 0.3079, acc: 0.9062
loss: 0.2710, acc: 0.9159
loss: 0.2617, acc: 0.9132
loss: 0.2591, acc: 0.9144
loss: 0.2609, acc: 0.9174
loss: 0.2580, acc: 0.9157
loss: 0.2577, acc: 0.9137
loss: 0.2687, acc: 0.9121
loss: 0.2772, acc: 0.9115
loss: 0.2821, acc: 0.9080
loss: 0.2859, acc: 0.9079
loss: 0.2868, acc: 0.9062
loss: 0.2805, acc: 0.9090
loss: 0.2965, acc: 0.9080
loss: 0.2999, acc: 0.9067
loss: 0.2976, acc: 0.9085
loss: 0.2946, acc: 0.9091
loss: 0.2927, acc: 0.9099
loss: 0.2914, acc: 0.9101
loss: 0.2904, acc: 0.9111
loss: 0.3003, acc: 0.9083
loss: 0.2994, acc: 0.9077
> val_acc: 0.7107, val_f1: 0.5953
>>>>>>>>>>>>>>>>>>>>>>>>>>>>>>>>>>>>>>>>>>>>>>>>>>>>>>>>>>>>>>>>>>>>>>>>>>>>>>>>>>>>>>>>>>>>>>>>>>>>
epoch: 20
loss: 0.1962, acc: 0.9500
loss: 0.1965, acc: 0.9437
loss: 0.2189, acc: 0.9396
loss: 0.2103, acc: 0.9406
loss: 0.2224, acc: 0.9363
loss: 0.2211, acc: 0.9375
loss: 0.2042, acc: 0.9393
loss: 0.2070, acc: 0.9383
loss: 0.2161, acc: 0.9326
loss: 0.2184, acc: 0.9319
loss: 0.2198, acc: 0.9307
loss: 0.2237, acc: 0.9292
loss: 0.2300, acc: 0.9250
loss: 0.2356, acc: 0.9250
loss: 0.2409, acc: 0.9237
loss: 0.2370, acc: 0.9250
loss: 0.2406, acc: 0.9235
loss: 0.2474, acc: 0.9222
loss: 0.2552, acc: 0.9214
loss: 0.2595, acc: 0.9200
loss: 0.2670, acc: 0.9182
loss: 0.2697, acc: 0.9179
> val_acc: 0.7312, val_f1: 0.5760
>>>>>>>>>>>>>>>>>>>>>>>>>>>>>>>>>>>>>>>>>>>>>>>>>>>>>>>>>>>>>>>>>>>>>>>>>>>>>>>>>>>>>>>>>>>>>>>>>>>>
epoch: 21
loss: 0.1606, acc: 0.9531
loss: 0.1446, acc: 0.9509
loss: 0.1888, acc: 0.9401
loss: 0.1591, acc: 0.9504
loss: 0.1848, acc: 0.9418
loss: 0.1980, acc: 0.9398
loss: 0.1966, acc: 0.9404
loss: 0.1889, acc: 0.9426
loss: 0.1926, acc: 0.9382
loss: 0.1967, acc: 0.9388
loss: 0.1914, acc: 0.9381
loss: 0.1940, acc: 0.9380
loss: 0.1965, acc: 0.9380
loss: 0.2115, acc: 0.9333
loss: 0.2187, acc: 0.9319
loss: 0.2326, acc: 0.9286
loss: 0.2296, acc: 0.9287
loss: 0.2308, acc: 0.9292
loss: 0.2363, acc: 0.9260
loss: 0.2394, acc: 0.9256
loss: 0.2445, acc: 0.9249
loss: 0.2490, acc: 0.9235
loss: 0.2515, acc: 0.9227
> val_acc: 0.7250, val_f1: 0.6044
>>>>>>>>>>>>>>>>>>>>>>>>>>>>>>>>>>>>>>>>>>>>>>>>>>>>>>>>>>>>>>>>>>>>>>>>>>>>>>>>>>>>>>>>>>>>>>>>>>>>
epoch: 22
loss: 0.2069, acc: 0.9219
loss: 0.2146, acc: 0.9236
loss: 0.2046, acc: 0.9219
loss: 0.1977, acc: 0.9227
loss: 0.1798, acc: 0.9284
loss: 0.1864, acc: 0.9289
loss: 0.1902, acc: 0.9283
loss: 0.2131, acc: 0.9247
loss: 0.2126, acc: 0.9254
loss: 0.2201, acc: 0.9241
loss: 0.2176, acc: 0.9259
loss: 0.2246, acc: 0.9232
loss: 0.2233, acc: 0.9243
loss: 0.2243, acc: 0.9244
loss: 0.2254, acc: 0.9231
loss: 0.2242, acc: 0.9241
loss: 0.2285, acc: 0.9234
loss: 0.2295, acc: 0.9235
loss: 0.2275, acc: 0.9239
loss: 0.2297, acc: 0.9233
loss: 0.2328, acc: 0.9234
loss: 0.2280, acc: 0.9249
> val_acc: 0.7402, val_f1: 0.6115
>>>>>>>>>>>>>>>>>>>>>>>>>>>>>>>>>>>>>>>>>>>>>>>>>>>>>>>>>>>>>>>>>>>>>>>>>>>>>>>>>>>>>>>>>>>>>>>>>>>>
epoch: 23
loss: 0.0629, acc: 1.0000
loss: 0.1037, acc: 0.9635
loss: 0.1213, acc: 0.9517
loss: 0.1561, acc: 0.9434
loss: 0.1852, acc: 0.9390
loss: 0.1918, acc: 0.9387
loss: 0.1975, acc: 0.9405
loss: 0.2146, acc: 0.9358
loss: 0.2095, acc: 0.9367
loss: 0.1972, acc: 0.9402
loss: 0.1954, acc: 0.9381
loss: 0.1936, acc: 0.9392
loss: 0.2007, acc: 0.9375
loss: 0.1954, acc: 0.9389
loss: 0.2120, acc: 0.9357
loss: 0.2173, acc: 0.9346
loss: 0.2186, acc: 0.9336
loss: 0.2193, acc: 0.9331
loss: 0.2233, acc: 0.9320
loss: 0.2287, acc: 0.9310
loss: 0.2371, acc: 0.9276
loss: 0.2346, acc: 0.9290
loss: 0.2346, acc: 0.9282
> val_acc: 0.7509, val_f1: 0.5700
>>>>>>>>>>>>>>>>>>>>>>>>>>>>>>>>>>>>>>>>>>>>>>>>>>>>>>>>>>>>>>>>>>>>>>>>>>>>>>>>>>>>>>>>>>>>>>>>>>>>
epoch: 24
loss: 0.1999, acc: 0.9271
loss: 0.1536, acc: 0.9414
loss: 0.1973, acc: 0.9279
loss: 0.1781, acc: 0.9410
loss: 0.2012, acc: 0.9348
loss: 0.2094, acc: 0.9342
loss: 0.2031, acc: 0.9337
loss: 0.2063, acc: 0.9334
loss: 0.2149, acc: 0.9317
loss: 0.2217, acc: 0.9310
loss: 0.2078, acc: 0.9363
loss: 0.2023, acc: 0.9364
loss: 0.2064, acc: 0.9330
loss: 0.2097, acc: 0.9315
loss: 0.2096, acc: 0.9324
loss: 0.2079, acc: 0.9327
loss: 0.2172, acc: 0.9303
loss: 0.2135, acc: 0.9315
loss: 0.2227, acc: 0.9294
loss: 0.2268, acc: 0.9289
loss: 0.2310, acc: 0.9287
loss: 0.2338, acc: 0.9280
loss: 0.2355, acc: 0.9263
> val_acc: 0.7089, val_f1: 0.6033
>>>>>>>>>>>>>>>>>>>>>>>>>>>>>>>>>>>>>>>>>>>>>>>>>>>>>>>>>>>>>>>>>>>>>>>>>>>>>>>>>>>>>>>>>>>>>>>>>>>>
epoch: 25
loss: 0.2006, acc: 0.9375
loss: 0.1987, acc: 0.9437
loss: 0.2380, acc: 0.9292
loss: 0.2185, acc: 0.9328
loss: 0.2204, acc: 0.9350
loss: 0.2318, acc: 0.9344
loss: 0.2333, acc: 0.9330
loss: 0.2460, acc: 0.9297
loss: 0.2331, acc: 0.9326
loss: 0.2443, acc: 0.9319
loss: 0.2444, acc: 0.9301
loss: 0.2491, acc: 0.9286
loss: 0.2615, acc: 0.9255
loss: 0.2761, acc: 0.9214
loss: 0.2723, acc: 0.9208
loss: 0.2731, acc: 0.9203
loss: 0.2741, acc: 0.9206
loss: 0.2866, acc: 0.9174
loss: 0.2852, acc: 0.9181
loss: 0.2870, acc: 0.9175
loss: 0.2909, acc: 0.9176
loss: 0.2892, acc: 0.9182
> val_acc: 0.7241, val_f1: 0.6225
>>>>>>>>>>>>>>>>>>>>>>>>>>>>>>>>>>>>>>>>>>>>>>>>>>>>>>>>>>>>>>>>>>>>>>>>>>>>>>>>>>>>>>>>>>>>>>>>>>>>
epoch: 26
loss: 0.2661, acc: 0.9375
loss: 0.3123, acc: 0.9286
loss: 0.2919, acc: 0.9193
loss: 0.3234, acc: 0.9118
loss: 0.3108, acc: 0.9134
loss: 0.3227, acc: 0.9097
loss: 0.3304, acc: 0.9102
loss: 0.3352, acc: 0.9113
loss: 0.3373, acc: 0.9100
loss: 0.3304, acc: 0.9116
loss: 0.3228, acc: 0.9111
loss: 0.3117, acc: 0.9145
loss: 0.3118, acc: 0.9118
loss: 0.3068, acc: 0.9137
loss: 0.3006, acc: 0.9154
loss: 0.2965, acc: 0.9160
loss: 0.2946, acc: 0.9158
loss: 0.2910, acc: 0.9163
loss: 0.2999, acc: 0.9144
loss: 0.3009, acc: 0.9146
loss: 0.3025, acc: 0.9130
loss: 0.3039, acc: 0.9124
loss: 0.3119, acc: 0.9110
> val_acc: 0.7348, val_f1: 0.5396
>>>>>>>>>>>>>>>>>>>>>>>>>>>>>>>>>>>>>>>>>>>>>>>>>>>>>>>>>>>>>>>>>>>>>>>>>>>>>>>>>>>>>>>>>>>>>>>>>>>>
epoch: 27
loss: 0.2855, acc: 0.9297
loss: 0.3437, acc: 0.9167
loss: 0.3842, acc: 0.8973
loss: 0.3471, acc: 0.9095
loss: 0.3418, acc: 0.9102
loss: 0.3268, acc: 0.9095
loss: 0.3146, acc: 0.9127
loss: 0.3053, acc: 0.9111
loss: 0.3110, acc: 0.9126
loss: 0.3018, acc: 0.9133
loss: 0.2975, acc: 0.9138
loss: 0.2953, acc: 0.9142
loss: 0.2863, acc: 0.9160
loss: 0.2866, acc: 0.9153
loss: 0.2881, acc: 0.9139
loss: 0.2878, acc: 0.9142
loss: 0.2910, acc: 0.9137
loss: 0.2934, acc: 0.9129
loss: 0.2914, acc: 0.9136
loss: 0.2870, acc: 0.9151
loss: 0.2843, acc: 0.9162
loss: 0.2825, acc: 0.9169
> val_acc: 0.7286, val_f1: 0.6018
>>>>>>>>>>>>>>>>>>>>>>>>>>>>>>>>>>>>>>>>>>>>>>>>>>>>>>>>>>>>>>>>>>>>>>>>>>>>>>>>>>>>>>>>>>>>>>>>>>>>
epoch: 28
loss: 0.1301, acc: 0.9688
loss: 0.2219, acc: 0.9479
loss: 0.2266, acc: 0.9432
loss: 0.2616, acc: 0.9375
loss: 0.2581, acc: 0.9315
loss: 0.2507, acc: 0.9303
loss: 0.2428, acc: 0.9315
loss: 0.2668, acc: 0.9262
loss: 0.2520, acc: 0.9299
loss: 0.2660, acc: 0.9266
loss: 0.2867, acc: 0.9210
loss: 0.2768, acc: 0.9219
loss: 0.2748, acc: 0.9221
loss: 0.2774, acc: 0.9214
loss: 0.2697, acc: 0.9217
loss: 0.2749, acc: 0.9206
loss: 0.2754, acc: 0.9201
loss: 0.2680, acc: 0.9215
loss: 0.2631, acc: 0.9227
loss: 0.2573, acc: 0.9242
loss: 0.2566, acc: 0.9230
loss: 0.2637, acc: 0.9222
loss: 0.2630, acc: 0.9215
> val_acc: 0.7143, val_f1: 0.5995
>>>>>>>>>>>>>>>>>>>>>>>>>>>>>>>>>>>>>>>>>>>>>>>>>>>>>>>>>>>>>>>>>>>>>>>>>>>>>>>>>>>>>>>>>>>>>>>>>>>>
epoch: 29
loss: 0.2149, acc: 0.9375
loss: 0.2666, acc: 0.9219
loss: 0.2323, acc: 0.9303
loss: 0.2192, acc: 0.9323
loss: 0.2184, acc: 0.9348
loss: 0.2166, acc: 0.9319
loss: 0.2053, acc: 0.9375
loss: 0.2044, acc: 0.9334
loss: 0.2009, acc: 0.9353
loss: 0.1932, acc: 0.9382
loss: 0.1893, acc: 0.9399
loss: 0.1905, acc: 0.9386
loss: 0.1863, acc: 0.9390
loss: 0.1888, acc: 0.9384
loss: 0.1944, acc: 0.9354
loss: 0.1925, acc: 0.9351
loss: 0.1928, acc: 0.9364
loss: 0.1920, acc: 0.9364
loss: 0.1901, acc: 0.9362
loss: 0.1936, acc: 0.9353
loss: 0.1993, acc: 0.9345
loss: 0.1997, acc: 0.9343
loss: 0.1967, acc: 0.9346
> val_acc: 0.7339, val_f1: 0.5688
>> test_acc: 0.7589, test_f1: 0.6036
