cuda memory allocated: 8544768
n_trainable_params: 811803, n_nontrainable_params: 1323600
> training arguments:
>>> model_name: gcae
>>> dataset: restaurant
>>> optimizer: <class 'torch.optim.adam.Adam'>
>>> initializer: <function xavier_uniform_ at 0x0000024BC7E97620>
>>> learning_rate: 0.01
>>> momentum: 0.95
>>> dropout: 0.5
>>> l2reg: 5e-05
>>> num_epoch: 30
>>> batch_size: 32
>>> log_step: 5
>>> embed_dim: 300
>>> hidden_dim: 300
>>> bert_dim: 768
>>> pretrained_bert_name: bert-base-uncased
>>> max_seq_len: 80
>>> polarities_dim: 3
>>> hops: 3
>>> device: cuda
>>> seed: None
>>> valset_ratio: 0
>>> num_layers: 1
>>> in_channels: 600
>>> out_channels: 1
>>> downbot: 20
>>> kernel_size: 3
>>> glove_path: ./glove/glove.840B.300d.txt
>>> model_class: <class 'models.gcae.GCAE'>
>>> dataset_file: {'train': './datasets/semeval14/Restaurants_Train.xml.seg', 'test': './datasets/semeval14/Restaurants_Test_Gold.xml.seg'}
>>> inputs_cols: ['text_raw_indices', 'aspect_indices']
>>>>>>>>>>>>>>>>>>>>>>>>>>>>>>>>>>>>>>>>>>>>>>>>>>>>>>>>>>>>>>>>>>>>>>>>>>>>>>>>>>>>>>>>>>>>>>>>>>>>
epoch: 0
loss: 2.6025, acc: 0.4562
loss: 2.0309, acc: 0.5031
loss: 1.7463, acc: 0.5312
loss: 1.5730, acc: 0.5578
loss: 1.4356, acc: 0.5863
loss: 1.3618, acc: 0.5906
loss: 1.3082, acc: 0.5911
loss: 1.2475, acc: 0.6047
loss: 1.2043, acc: 0.6139
loss: 1.1691, acc: 0.6162
loss: 1.1398, acc: 0.6233
loss: 1.1124, acc: 0.6286
loss: 1.0824, acc: 0.6341
loss: 1.0565, acc: 0.6411
loss: 1.0406, acc: 0.6404
loss: 1.0169, acc: 0.6453
loss: 0.9985, acc: 0.6489
loss: 0.9814, acc: 0.6524
loss: 0.9662, acc: 0.6559
loss: 0.9534, acc: 0.6578
loss: 0.9427, acc: 0.6601
loss: 0.9361, acc: 0.6608
> val_acc: 0.7509, val_f1: 0.5347
>> saved: state_dict/gcae_restaurant_val_acc0.7509
>>>>>>>>>>>>>>>>>>>>>>>>>>>>>>>>>>>>>>>>>>>>>>>>>>>>>>>>>>>>>>>>>>>>>>>>>>>>>>>>>>>>>>>>>>>>>>>>>>>>
epoch: 1
loss: 0.4507, acc: 0.8594
loss: 0.5024, acc: 0.8259
loss: 0.5479, acc: 0.8021
loss: 0.5550, acc: 0.7960
loss: 0.5454, acc: 0.7969
loss: 0.5768, acc: 0.7870
loss: 0.5795, acc: 0.7832
loss: 0.5734, acc: 0.7829
loss: 0.5744, acc: 0.7835
loss: 0.5607, acc: 0.7859
loss: 0.5748, acc: 0.7794
loss: 0.5816, acc: 0.7796
loss: 0.5882, acc: 0.7767
loss: 0.6027, acc: 0.7724
loss: 0.5986, acc: 0.7730
loss: 0.6087, acc: 0.7699
loss: 0.6117, acc: 0.7683
loss: 0.6078, acc: 0.7694
loss: 0.6042, acc: 0.7704
loss: 0.6076, acc: 0.7684
loss: 0.6078, acc: 0.7693
loss: 0.6130, acc: 0.7666
loss: 0.6171, acc: 0.7648
> val_acc: 0.7429, val_f1: 0.6353
>>>>>>>>>>>>>>>>>>>>>>>>>>>>>>>>>>>>>>>>>>>>>>>>>>>>>>>>>>>>>>>>>>>>>>>>>>>>>>>>>>>>>>>>>>>>>>>>>>>>
epoch: 2
loss: 0.6942, acc: 0.7344
loss: 0.5861, acc: 0.7604
loss: 0.5654, acc: 0.7723
loss: 0.5474, acc: 0.7796
loss: 0.5590, acc: 0.7773
loss: 0.5580, acc: 0.7802
loss: 0.5585, acc: 0.7767
loss: 0.5794, acc: 0.7700
loss: 0.5738, acc: 0.7720
loss: 0.5704, acc: 0.7742
loss: 0.5730, acc: 0.7772
loss: 0.5645, acc: 0.7807
loss: 0.5657, acc: 0.7822
loss: 0.5662, acc: 0.7831
loss: 0.5731, acc: 0.7812
loss: 0.5863, acc: 0.7785
loss: 0.5882, acc: 0.7775
loss: 0.5902, acc: 0.7770
loss: 0.5879, acc: 0.7769
loss: 0.5855, acc: 0.7778
loss: 0.5930, acc: 0.7743
loss: 0.5916, acc: 0.7738
> val_acc: 0.7232, val_f1: 0.6479
>>>>>>>>>>>>>>>>>>>>>>>>>>>>>>>>>>>>>>>>>>>>>>>>>>>>>>>>>>>>>>>>>>>>>>>>>>>>>>>>>>>>>>>>>>>>>>>>>>>>
epoch: 3
loss: 0.7525, acc: 0.6562
loss: 0.6361, acc: 0.7760
loss: 0.5878, acc: 0.7955
loss: 0.5364, acc: 0.8047
loss: 0.5249, acc: 0.7991
loss: 0.5013, acc: 0.8101
loss: 0.4924, acc: 0.8145
loss: 0.4949, acc: 0.8142
loss: 0.4977, acc: 0.8155
loss: 0.5063, acc: 0.8125
loss: 0.5198, acc: 0.8051
loss: 0.5224, acc: 0.8069
loss: 0.5239, acc: 0.8079
loss: 0.5146, acc: 0.8101
loss: 0.5188, acc: 0.8081
loss: 0.5184, acc: 0.8076
loss: 0.5193, acc: 0.8090
loss: 0.5177, acc: 0.8089
loss: 0.5165, acc: 0.8087
loss: 0.5268, acc: 0.8060
loss: 0.5252, acc: 0.8063
loss: 0.5302, acc: 0.8051
loss: 0.5354, acc: 0.8021
> val_acc: 0.7438, val_f1: 0.5851
>>>>>>>>>>>>>>>>>>>>>>>>>>>>>>>>>>>>>>>>>>>>>>>>>>>>>>>>>>>>>>>>>>>>>>>>>>>>>>>>>>>>>>>>>>>>>>>>>>>>
epoch: 4
loss: 0.2912, acc: 0.8958
loss: 0.3661, acc: 0.8516
loss: 0.3529, acc: 0.8606
loss: 0.4009, acc: 0.8507
loss: 0.4244, acc: 0.8397
loss: 0.4220, acc: 0.8426
loss: 0.4647, acc: 0.8333
loss: 0.4814, acc: 0.8240
loss: 0.4942, acc: 0.8227
loss: 0.5087, acc: 0.8158
loss: 0.5101, acc: 0.8131
loss: 0.5122, acc: 0.8103
loss: 0.5178, acc: 0.8135
loss: 0.5202, acc: 0.8107
loss: 0.5203, acc: 0.8099
loss: 0.5206, acc: 0.8101
loss: 0.5145, acc: 0.8106
loss: 0.5080, acc: 0.8121
loss: 0.5064, acc: 0.8128
loss: 0.5001, acc: 0.8147
loss: 0.5036, acc: 0.8140
loss: 0.5025, acc: 0.8154
loss: 0.5085, acc: 0.8140
> val_acc: 0.7420, val_f1: 0.6415
>>>>>>>>>>>>>>>>>>>>>>>>>>>>>>>>>>>>>>>>>>>>>>>>>>>>>>>>>>>>>>>>>>>>>>>>>>>>>>>>>>>>>>>>>>>>>>>>>>>>
epoch: 5
loss: 0.3234, acc: 0.8500
loss: 0.3191, acc: 0.8656
loss: 0.3433, acc: 0.8604
loss: 0.3928, acc: 0.8453
loss: 0.4034, acc: 0.8425
loss: 0.4148, acc: 0.8438
loss: 0.4038, acc: 0.8482
loss: 0.4240, acc: 0.8484
loss: 0.4258, acc: 0.8500
loss: 0.4317, acc: 0.8512
loss: 0.4241, acc: 0.8545
loss: 0.4276, acc: 0.8526
loss: 0.4284, acc: 0.8510
loss: 0.4308, acc: 0.8491
loss: 0.4280, acc: 0.8492
loss: 0.4321, acc: 0.8461
loss: 0.4290, acc: 0.8474
loss: 0.4338, acc: 0.8438
loss: 0.4400, acc: 0.8431
loss: 0.4388, acc: 0.8438
loss: 0.4466, acc: 0.8399
loss: 0.4518, acc: 0.8389
> val_acc: 0.7089, val_f1: 0.6164
>>>>>>>>>>>>>>>>>>>>>>>>>>>>>>>>>>>>>>>>>>>>>>>>>>>>>>>>>>>>>>>>>>>>>>>>>>>>>>>>>>>>>>>>>>>>>>>>>>>>
epoch: 6
loss: 0.4720, acc: 0.8594
loss: 0.3401, acc: 0.8795
loss: 0.3280, acc: 0.8828
loss: 0.3329, acc: 0.8860
loss: 0.3461, acc: 0.8778
loss: 0.3666, acc: 0.8750
loss: 0.3556, acc: 0.8779
loss: 0.3547, acc: 0.8767
loss: 0.3556, acc: 0.8795
loss: 0.3523, acc: 0.8790
loss: 0.3579, acc: 0.8750
loss: 0.3553, acc: 0.8755
loss: 0.3697, acc: 0.8730
loss: 0.3733, acc: 0.8713
loss: 0.3779, acc: 0.8694
loss: 0.3795, acc: 0.8693
loss: 0.3888, acc: 0.8647
loss: 0.3923, acc: 0.8614
loss: 0.3955, acc: 0.8611
loss: 0.3991, acc: 0.8599
loss: 0.4008, acc: 0.8600
loss: 0.4010, acc: 0.8610
loss: 0.4079, acc: 0.8585
> val_acc: 0.7277, val_f1: 0.5321
>>>>>>>>>>>>>>>>>>>>>>>>>>>>>>>>>>>>>>>>>>>>>>>>>>>>>>>>>>>>>>>>>>>>>>>>>>>>>>>>>>>>>>>>>>>>>>>>>>>>
epoch: 7
loss: 0.3173, acc: 0.8828
loss: 0.3760, acc: 0.8646
loss: 0.4144, acc: 0.8571
loss: 0.3841, acc: 0.8651
loss: 0.3924, acc: 0.8607
loss: 0.3949, acc: 0.8599
loss: 0.4045, acc: 0.8649
loss: 0.4045, acc: 0.8606
loss: 0.4014, acc: 0.8615
loss: 0.3877, acc: 0.8642
loss: 0.3816, acc: 0.8663
loss: 0.3737, acc: 0.8681
loss: 0.3658, acc: 0.8701
loss: 0.3633, acc: 0.8723
loss: 0.3686, acc: 0.8716
loss: 0.3741, acc: 0.8710
loss: 0.3777, acc: 0.8702
loss: 0.3750, acc: 0.8697
loss: 0.3790, acc: 0.8674
loss: 0.3816, acc: 0.8649
loss: 0.3837, acc: 0.8630
loss: 0.3886, acc: 0.8601
> val_acc: 0.7420, val_f1: 0.5710
>>>>>>>>>>>>>>>>>>>>>>>>>>>>>>>>>>>>>>>>>>>>>>>>>>>>>>>>>>>>>>>>>>>>>>>>>>>>>>>>>>>>>>>>>>>>>>>>>>>>
epoch: 8
loss: 0.1369, acc: 0.9688
loss: 0.2686, acc: 0.9010
loss: 0.2810, acc: 0.8892
loss: 0.2931, acc: 0.8906
loss: 0.2957, acc: 0.8929
loss: 0.2845, acc: 0.8942
loss: 0.2912, acc: 0.8921
loss: 0.2915, acc: 0.8889
loss: 0.3008, acc: 0.8880
loss: 0.3158, acc: 0.8865
loss: 0.3202, acc: 0.8848
loss: 0.3230, acc: 0.8811
loss: 0.3315, acc: 0.8786
loss: 0.3350, acc: 0.8783
loss: 0.3423, acc: 0.8741
loss: 0.3426, acc: 0.8717
loss: 0.3406, acc: 0.8735
loss: 0.3453, acc: 0.8703
loss: 0.3463, acc: 0.8688
loss: 0.3476, acc: 0.8672
loss: 0.3472, acc: 0.8676
loss: 0.3540, acc: 0.8665
loss: 0.3578, acc: 0.8668
> val_acc: 0.7420, val_f1: 0.6257
>>>>>>>>>>>>>>>>>>>>>>>>>>>>>>>>>>>>>>>>>>>>>>>>>>>>>>>>>>>>>>>>>>>>>>>>>>>>>>>>>>>>>>>>>>>>>>>>>>>>
epoch: 9
loss: 0.2209, acc: 0.9167
loss: 0.2075, acc: 0.9258
loss: 0.2158, acc: 0.9231
loss: 0.2379, acc: 0.9184
loss: 0.2856, acc: 0.9008
loss: 0.2813, acc: 0.8973
loss: 0.2915, acc: 0.8949
loss: 0.2945, acc: 0.8972
loss: 0.2899, acc: 0.8990
loss: 0.2859, acc: 0.8997
loss: 0.2825, acc: 0.9009
loss: 0.2947, acc: 0.8992
loss: 0.3051, acc: 0.8963
loss: 0.3056, acc: 0.8957
loss: 0.3037, acc: 0.8955
loss: 0.3038, acc: 0.8958
loss: 0.3048, acc: 0.8934
loss: 0.3018, acc: 0.8938
loss: 0.3076, acc: 0.8942
loss: 0.3113, acc: 0.8916
loss: 0.3122, acc: 0.8917
loss: 0.3137, acc: 0.8918
loss: 0.3248, acc: 0.8900
> val_acc: 0.7366, val_f1: 0.6350
>>>>>>>>>>>>>>>>>>>>>>>>>>>>>>>>>>>>>>>>>>>>>>>>>>>>>>>>>>>>>>>>>>>>>>>>>>>>>>>>>>>>>>>>>>>>>>>>>>>>
epoch: 10
loss: 0.2837, acc: 0.9187
loss: 0.2839, acc: 0.9125
loss: 0.3087, acc: 0.9042
loss: 0.2774, acc: 0.9094
loss: 0.2801, acc: 0.9050
loss: 0.2763, acc: 0.9042
loss: 0.2781, acc: 0.9036
loss: 0.2815, acc: 0.9047
loss: 0.2733, acc: 0.9069
loss: 0.2771, acc: 0.9069
loss: 0.2734, acc: 0.9085
loss: 0.2731, acc: 0.9099
loss: 0.2757, acc: 0.9082
loss: 0.2746, acc: 0.9089
loss: 0.2837, acc: 0.9071
loss: 0.2874, acc: 0.9055
loss: 0.2972, acc: 0.9000
loss: 0.3077, acc: 0.8972
loss: 0.3184, acc: 0.8934
loss: 0.3245, acc: 0.8925
loss: 0.3333, acc: 0.8896
loss: 0.3388, acc: 0.8872
> val_acc: 0.7295, val_f1: 0.6108
>>>>>>>>>>>>>>>>>>>>>>>>>>>>>>>>>>>>>>>>>>>>>>>>>>>>>>>>>>>>>>>>>>>>>>>>>>>>>>>>>>>>>>>>>>>>>>>>>>>>
epoch: 11
loss: 0.1782, acc: 0.9375
loss: 0.2384, acc: 0.9062
loss: 0.2043, acc: 0.9089
loss: 0.1919, acc: 0.9173
loss: 0.2119, acc: 0.9105
loss: 0.2187, acc: 0.9097
loss: 0.2314, acc: 0.9072
loss: 0.2525, acc: 0.9012
loss: 0.2599, acc: 0.9033
loss: 0.2585, acc: 0.9043
loss: 0.2606, acc: 0.9026
loss: 0.2649, acc: 0.9041
loss: 0.2680, acc: 0.9017
loss: 0.2748, acc: 0.8997
loss: 0.2707, acc: 0.9010
loss: 0.2672, acc: 0.9026
loss: 0.2664, acc: 0.9024
loss: 0.2726, acc: 0.9019
loss: 0.2720, acc: 0.9022
loss: 0.2714, acc: 0.9024
loss: 0.2763, acc: 0.8992
loss: 0.2763, acc: 0.8987
loss: 0.2838, acc: 0.8962
> val_acc: 0.7643, val_f1: 0.6643
>> saved: state_dict/gcae_restaurant_val_acc0.7643
>>>>>>>>>>>>>>>>>>>>>>>>>>>>>>>>>>>>>>>>>>>>>>>>>>>>>>>>>>>>>>>>>>>>>>>>>>>>>>>>>>>>>>>>>>>>>>>>>>>>
epoch: 12
loss: 0.2539, acc: 0.9219
loss: 0.2472, acc: 0.9201
loss: 0.2462, acc: 0.9219
loss: 0.2503, acc: 0.9243
loss: 0.2573, acc: 0.9206
loss: 0.2532, acc: 0.9235
loss: 0.2503, acc: 0.9219
loss: 0.2459, acc: 0.9191
loss: 0.2480, acc: 0.9190
loss: 0.2585, acc: 0.9145
loss: 0.2560, acc: 0.9138
loss: 0.2606, acc: 0.9115
loss: 0.2650, acc: 0.9111
loss: 0.2725, acc: 0.9085
loss: 0.2901, acc: 0.9016
loss: 0.3191, acc: 0.8960
loss: 0.3226, acc: 0.8951
loss: 0.3201, acc: 0.8936
loss: 0.3234, acc: 0.8926
loss: 0.3250, acc: 0.8924
loss: 0.3262, acc: 0.8903
loss: 0.3261, acc: 0.8913
> val_acc: 0.7295, val_f1: 0.6232
>>>>>>>>>>>>>>>>>>>>>>>>>>>>>>>>>>>>>>>>>>>>>>>>>>>>>>>>>>>>>>>>>>>>>>>>>>>>>>>>>>>>>>>>>>>>>>>>>>>>
epoch: 13
loss: 0.1183, acc: 0.9375
loss: 0.3291, acc: 0.8958
loss: 0.2474, acc: 0.9176
loss: 0.2686, acc: 0.9121
loss: 0.2681, acc: 0.9137
loss: 0.2579, acc: 0.9159
loss: 0.2626, acc: 0.9183
loss: 0.2877, acc: 0.9132
loss: 0.2877, acc: 0.9062
loss: 0.2891, acc: 0.9042
loss: 0.2994, acc: 0.9038
loss: 0.3045, acc: 0.8990
loss: 0.3008, acc: 0.9001
loss: 0.3027, acc: 0.8968
loss: 0.3068, acc: 0.8966
loss: 0.3069, acc: 0.8956
loss: 0.3047, acc: 0.8962
loss: 0.3090, acc: 0.8950
loss: 0.3088, acc: 0.8946
loss: 0.3179, acc: 0.8923
loss: 0.3218, acc: 0.8917
loss: 0.3267, acc: 0.8886
loss: 0.3263, acc: 0.8894
> val_acc: 0.7277, val_f1: 0.6039
>>>>>>>>>>>>>>>>>>>>>>>>>>>>>>>>>>>>>>>>>>>>>>>>>>>>>>>>>>>>>>>>>>>>>>>>>>>>>>>>>>>>>>>>>>>>>>>>>>>>
epoch: 14
loss: 0.3446, acc: 0.8542
loss: 0.2502, acc: 0.8984
loss: 0.2504, acc: 0.9038
loss: 0.2364, acc: 0.9115
loss: 0.2445, acc: 0.9117
loss: 0.2482, acc: 0.9085
loss: 0.2617, acc: 0.9062
loss: 0.2618, acc: 0.9095
loss: 0.2753, acc: 0.9062
loss: 0.2840, acc: 0.9043
loss: 0.2888, acc: 0.9027
loss: 0.2967, acc: 0.8976
loss: 0.2972, acc: 0.8978
loss: 0.3010, acc: 0.8961
loss: 0.2980, acc: 0.8964
loss: 0.3016, acc: 0.8958
loss: 0.3005, acc: 0.8946
loss: 0.3063, acc: 0.8928
loss: 0.3087, acc: 0.8925
loss: 0.3054, acc: 0.8935
loss: 0.3114, acc: 0.8923
loss: 0.3110, acc: 0.8929
loss: 0.3171, acc: 0.8905
> val_acc: 0.7598, val_f1: 0.6369
>>>>>>>>>>>>>>>>>>>>>>>>>>>>>>>>>>>>>>>>>>>>>>>>>>>>>>>>>>>>>>>>>>>>>>>>>>>>>>>>>>>>>>>>>>>>>>>>>>>>
epoch: 15
loss: 0.2029, acc: 0.9250
loss: 0.2103, acc: 0.9375
loss: 0.2190, acc: 0.9354
loss: 0.2324, acc: 0.9219
loss: 0.2586, acc: 0.9163
loss: 0.2803, acc: 0.9083
loss: 0.2831, acc: 0.9036
loss: 0.2844, acc: 0.9016
loss: 0.2777, acc: 0.9028
loss: 0.2835, acc: 0.9019
loss: 0.2898, acc: 0.9028
loss: 0.2810, acc: 0.9031
loss: 0.2799, acc: 0.9034
loss: 0.2863, acc: 0.9013
loss: 0.2883, acc: 0.8988
loss: 0.2871, acc: 0.8984
loss: 0.2814, acc: 0.8989
loss: 0.2783, acc: 0.8993
loss: 0.2844, acc: 0.8987
loss: 0.2835, acc: 0.8984
loss: 0.2838, acc: 0.8976
loss: 0.2913, acc: 0.8949
> val_acc: 0.7196, val_f1: 0.6252
>>>>>>>>>>>>>>>>>>>>>>>>>>>>>>>>>>>>>>>>>>>>>>>>>>>>>>>>>>>>>>>>>>>>>>>>>>>>>>>>>>>>>>>>>>>>>>>>>>>>
epoch: 16
loss: 0.1947, acc: 0.9219
loss: 0.2387, acc: 0.9152
loss: 0.2187, acc: 0.9245
loss: 0.2415, acc: 0.9210
loss: 0.2379, acc: 0.9162
loss: 0.2553, acc: 0.9097
loss: 0.2548, acc: 0.9092
loss: 0.2517, acc: 0.9113
loss: 0.2581, acc: 0.9077
loss: 0.2591, acc: 0.9089
loss: 0.2579, acc: 0.9081
loss: 0.2526, acc: 0.9106
loss: 0.2615, acc: 0.9103
loss: 0.2662, acc: 0.9076
loss: 0.2633, acc: 0.9076
loss: 0.2644, acc: 0.9067
loss: 0.2635, acc: 0.9089
loss: 0.2694, acc: 0.9077
loss: 0.2642, acc: 0.9096
loss: 0.2629, acc: 0.9098
loss: 0.2634, acc: 0.9093
loss: 0.2708, acc: 0.9080
loss: 0.2697, acc: 0.9079
> val_acc: 0.7321, val_f1: 0.5908
>>>>>>>>>>>>>>>>>>>>>>>>>>>>>>>>>>>>>>>>>>>>>>>>>>>>>>>>>>>>>>>>>>>>>>>>>>>>>>>>>>>>>>>>>>>>>>>>>>>>
epoch: 17
loss: 0.1430, acc: 0.9531
loss: 0.1990, acc: 0.9514
loss: 0.1956, acc: 0.9397
loss: 0.2066, acc: 0.9359
loss: 0.1856, acc: 0.9401
loss: 0.1708, acc: 0.9429
loss: 0.1713, acc: 0.9421
loss: 0.1723, acc: 0.9407
loss: 0.1865, acc: 0.9339
loss: 0.1816, acc: 0.9356
loss: 0.1821, acc: 0.9369
loss: 0.2034, acc: 0.9301
loss: 0.1993, acc: 0.9316
loss: 0.2092, acc: 0.9266
loss: 0.2147, acc: 0.9236
loss: 0.2192, acc: 0.9221
loss: 0.2161, acc: 0.9234
loss: 0.2136, acc: 0.9238
loss: 0.2205, acc: 0.9222
loss: 0.2248, acc: 0.9205
loss: 0.2291, acc: 0.9186
loss: 0.2345, acc: 0.9180
> val_acc: 0.7321, val_f1: 0.6351
>>>>>>>>>>>>>>>>>>>>>>>>>>>>>>>>>>>>>>>>>>>>>>>>>>>>>>>>>>>>>>>>>>>>>>>>>>>>>>>>>>>>>>>>>>>>>>>>>>>>
epoch: 18
loss: 0.2641, acc: 0.8750
loss: 0.2512, acc: 0.9115
loss: 0.1999, acc: 0.9318
loss: 0.2127, acc: 0.9316
loss: 0.1920, acc: 0.9390
loss: 0.1976, acc: 0.9387
loss: 0.1854, acc: 0.9425
loss: 0.1816, acc: 0.9436
loss: 0.1977, acc: 0.9367
loss: 0.1936, acc: 0.9368
loss: 0.1924, acc: 0.9363
loss: 0.1963, acc: 0.9369
loss: 0.2090, acc: 0.9339
loss: 0.2135, acc: 0.9318
loss: 0.2279, acc: 0.9265
loss: 0.2270, acc: 0.9252
loss: 0.2325, acc: 0.9228
loss: 0.2315, acc: 0.9233
loss: 0.2363, acc: 0.9217
loss: 0.2410, acc: 0.9202
loss: 0.2484, acc: 0.9171
loss: 0.2475, acc: 0.9175
loss: 0.2521, acc: 0.9161
> val_acc: 0.7295, val_f1: 0.6014
>>>>>>>>>>>>>>>>>>>>>>>>>>>>>>>>>>>>>>>>>>>>>>>>>>>>>>>>>>>>>>>>>>>>>>>>>>>>>>>>>>>>>>>>>>>>>>>>>>>>
epoch: 19
loss: 0.1943, acc: 0.9167
loss: 0.1649, acc: 0.9414
loss: 0.1701, acc: 0.9495
loss: 0.1552, acc: 0.9531
loss: 0.1758, acc: 0.9484
loss: 0.1684, acc: 0.9487
loss: 0.1763, acc: 0.9470
loss: 0.1927, acc: 0.9391
loss: 0.1926, acc: 0.9404
loss: 0.2057, acc: 0.9368
loss: 0.2231, acc: 0.9322
loss: 0.2223, acc: 0.9316
loss: 0.2235, acc: 0.9301
loss: 0.2236, acc: 0.9297
loss: 0.2242, acc: 0.9272
loss: 0.2394, acc: 0.9227
loss: 0.2417, acc: 0.9202
loss: 0.2541, acc: 0.9165
loss: 0.2665, acc: 0.9150
loss: 0.2662, acc: 0.9142
loss: 0.2696, acc: 0.9126
loss: 0.2672, acc: 0.9117
loss: 0.2704, acc: 0.9102
> val_acc: 0.7536, val_f1: 0.6123
>>>>>>>>>>>>>>>>>>>>>>>>>>>>>>>>>>>>>>>>>>>>>>>>>>>>>>>>>>>>>>>>>>>>>>>>>>>>>>>>>>>>>>>>>>>>>>>>>>>>
epoch: 20
loss: 0.1953, acc: 0.9313
loss: 0.2136, acc: 0.9250
loss: 0.2124, acc: 0.9271
loss: 0.2084, acc: 0.9250
loss: 0.2088, acc: 0.9237
loss: 0.2042, acc: 0.9271
loss: 0.2062, acc: 0.9277
loss: 0.2006, acc: 0.9305
loss: 0.2083, acc: 0.9271
loss: 0.2049, acc: 0.9275
loss: 0.2066, acc: 0.9290
loss: 0.2009, acc: 0.9307
loss: 0.2115, acc: 0.9269
loss: 0.2089, acc: 0.9268
loss: 0.2075, acc: 0.9267
loss: 0.2091, acc: 0.9273
loss: 0.2077, acc: 0.9268
loss: 0.2074, acc: 0.9271
loss: 0.2032, acc: 0.9283
loss: 0.2122, acc: 0.9259
loss: 0.2218, acc: 0.9238
loss: 0.2236, acc: 0.9216
> val_acc: 0.7616, val_f1: 0.6531
>>>>>>>>>>>>>>>>>>>>>>>>>>>>>>>>>>>>>>>>>>>>>>>>>>>>>>>>>>>>>>>>>>>>>>>>>>>>>>>>>>>>>>>>>>>>>>>>>>>>
epoch: 21
loss: 0.2063, acc: 0.9375
loss: 0.2238, acc: 0.9330
loss: 0.1898, acc: 0.9401
loss: 0.2080, acc: 0.9412
loss: 0.2087, acc: 0.9403
loss: 0.2138, acc: 0.9340
loss: 0.2163, acc: 0.9336
loss: 0.2226, acc: 0.9333
loss: 0.2168, acc: 0.9360
loss: 0.2210, acc: 0.9335
loss: 0.2143, acc: 0.9345
loss: 0.2182, acc: 0.9320
loss: 0.2191, acc: 0.9320
loss: 0.2229, acc: 0.9305
loss: 0.2208, acc: 0.9306
loss: 0.2217, acc: 0.9294
loss: 0.2217, acc: 0.9291
loss: 0.2198, acc: 0.9296
loss: 0.2312, acc: 0.9253
loss: 0.2338, acc: 0.9240
loss: 0.2320, acc: 0.9246
loss: 0.2331, acc: 0.9238
loss: 0.2312, acc: 0.9235
> val_acc: 0.7330, val_f1: 0.5974
>>>>>>>>>>>>>>>>>>>>>>>>>>>>>>>>>>>>>>>>>>>>>>>>>>>>>>>>>>>>>>>>>>>>>>>>>>>>>>>>>>>>>>>>>>>>>>>>>>>>
epoch: 22
loss: 0.2798, acc: 0.9141
loss: 0.1727, acc: 0.9444
loss: 0.1678, acc: 0.9464
loss: 0.1624, acc: 0.9490
loss: 0.1798, acc: 0.9440
loss: 0.1741, acc: 0.9450
loss: 0.1769, acc: 0.9439
loss: 0.1858, acc: 0.9407
loss: 0.1985, acc: 0.9339
loss: 0.1973, acc: 0.9324
loss: 0.2047, acc: 0.9317
loss: 0.2079, acc: 0.9290
loss: 0.2069, acc: 0.9302
loss: 0.2056, acc: 0.9298
loss: 0.2060, acc: 0.9307
loss: 0.2075, acc: 0.9300
loss: 0.2102, acc: 0.9286
loss: 0.2166, acc: 0.9266
loss: 0.2200, acc: 0.9245
loss: 0.2193, acc: 0.9252
loss: 0.2223, acc: 0.9237
loss: 0.2285, acc: 0.9235
> val_acc: 0.7438, val_f1: 0.6014
>>>>>>>>>>>>>>>>>>>>>>>>>>>>>>>>>>>>>>>>>>>>>>>>>>>>>>>>>>>>>>>>>>>>>>>>>>>>>>>>>>>>>>>>>>>>>>>>>>>>
epoch: 23
loss: 0.1241, acc: 0.9688
loss: 0.1366, acc: 0.9531
loss: 0.1449, acc: 0.9432
loss: 0.1426, acc: 0.9473
loss: 0.1502, acc: 0.9449
loss: 0.1489, acc: 0.9411
loss: 0.1636, acc: 0.9385
loss: 0.1659, acc: 0.9401
loss: 0.1578, acc: 0.9444
loss: 0.1683, acc: 0.9402
loss: 0.1705, acc: 0.9393
loss: 0.1749, acc: 0.9375
loss: 0.1748, acc: 0.9370
loss: 0.1733, acc: 0.9370
loss: 0.1751, acc: 0.9353
loss: 0.1851, acc: 0.9322
loss: 0.1922, acc: 0.9309
loss: 0.1991, acc: 0.9299
loss: 0.1962, acc: 0.9313
loss: 0.2015, acc: 0.9290
loss: 0.2060, acc: 0.9282
loss: 0.2050, acc: 0.9269
loss: 0.2070, acc: 0.9265
> val_acc: 0.7536, val_f1: 0.6188
>>>>>>>>>>>>>>>>>>>>>>>>>>>>>>>>>>>>>>>>>>>>>>>>>>>>>>>>>>>>>>>>>>>>>>>>>>>>>>>>>>>>>>>>>>>>>>>>>>>>
epoch: 24
loss: 0.2108, acc: 0.9375
loss: 0.2292, acc: 0.9297
loss: 0.2118, acc: 0.9351
loss: 0.2291, acc: 0.9410
loss: 0.2200, acc: 0.9389
loss: 0.2250, acc: 0.9375
loss: 0.2053, acc: 0.9432
loss: 0.2101, acc: 0.9383
loss: 0.2179, acc: 0.9331
loss: 0.2208, acc: 0.9303
loss: 0.2190, acc: 0.9292
loss: 0.2273, acc: 0.9262
loss: 0.2256, acc: 0.9261
loss: 0.2273, acc: 0.9269
loss: 0.2261, acc: 0.9272
loss: 0.2250, acc: 0.9271
loss: 0.2257, acc: 0.9266
loss: 0.2300, acc: 0.9258
loss: 0.2334, acc: 0.9251
loss: 0.2290, acc: 0.9273
loss: 0.2271, acc: 0.9278
loss: 0.2268, acc: 0.9271
loss: 0.2265, acc: 0.9260
> val_acc: 0.7357, val_f1: 0.5798
>>>>>>>>>>>>>>>>>>>>>>>>>>>>>>>>>>>>>>>>>>>>>>>>>>>>>>>>>>>>>>>>>>>>>>>>>>>>>>>>>>>>>>>>>>>>>>>>>>>>
epoch: 25
loss: 0.1078, acc: 0.9750
loss: 0.1179, acc: 0.9625
loss: 0.1645, acc: 0.9583
loss: 0.1536, acc: 0.9563
loss: 0.1533, acc: 0.9500
loss: 0.1608, acc: 0.9469
loss: 0.1527, acc: 0.9500
loss: 0.1459, acc: 0.9555
loss: 0.1583, acc: 0.9542
loss: 0.1732, acc: 0.9475
loss: 0.1694, acc: 0.9483
loss: 0.1723, acc: 0.9479
loss: 0.1740, acc: 0.9452
loss: 0.2002, acc: 0.9420
loss: 0.1995, acc: 0.9408
loss: 0.1978, acc: 0.9406
loss: 0.2018, acc: 0.9382
loss: 0.2038, acc: 0.9361
loss: 0.2022, acc: 0.9365
loss: 0.2103, acc: 0.9331
loss: 0.2221, acc: 0.9310
loss: 0.2246, acc: 0.9310
> val_acc: 0.7295, val_f1: 0.6031
>>>>>>>>>>>>>>>>>>>>>>>>>>>>>>>>>>>>>>>>>>>>>>>>>>>>>>>>>>>>>>>>>>>>>>>>>>>>>>>>>>>>>>>>>>>>>>>>>>>>
epoch: 26
loss: 0.1619, acc: 0.8906
loss: 0.2068, acc: 0.9196
loss: 0.2504, acc: 0.9219
loss: 0.2377, acc: 0.9265
loss: 0.2381, acc: 0.9261
loss: 0.2495, acc: 0.9271
loss: 0.2404, acc: 0.9287
loss: 0.2272, acc: 0.9282
loss: 0.2299, acc: 0.9263
loss: 0.2457, acc: 0.9235
loss: 0.2487, acc: 0.9231
loss: 0.2481, acc: 0.9232
loss: 0.2399, acc: 0.9244
loss: 0.2347, acc: 0.9263
loss: 0.2397, acc: 0.9262
loss: 0.2407, acc: 0.9245
loss: 0.2442, acc: 0.9242
loss: 0.2406, acc: 0.9249
loss: 0.2494, acc: 0.9229
loss: 0.2504, acc: 0.9217
loss: 0.2534, acc: 0.9206
loss: 0.2563, acc: 0.9197
loss: 0.2613, acc: 0.9180
> val_acc: 0.7286, val_f1: 0.5337
>>>>>>>>>>>>>>>>>>>>>>>>>>>>>>>>>>>>>>>>>>>>>>>>>>>>>>>>>>>>>>>>>>>>>>>>>>>>>>>>>>>>>>>>>>>>>>>>>>>>
epoch: 27
loss: 0.1671, acc: 0.9375
loss: 0.1707, acc: 0.9306
loss: 0.1666, acc: 0.9330
loss: 0.1821, acc: 0.9309
loss: 0.1737, acc: 0.9362
loss: 0.1661, acc: 0.9375
loss: 0.1936, acc: 0.9292
loss: 0.1982, acc: 0.9271
loss: 0.1989, acc: 0.9276
loss: 0.2103, acc: 0.9260
loss: 0.2137, acc: 0.9265
loss: 0.2177, acc: 0.9253
loss: 0.2354, acc: 0.9224
loss: 0.2427, acc: 0.9221
loss: 0.2360, acc: 0.9236
loss: 0.2343, acc: 0.9237
loss: 0.2440, acc: 0.9230
loss: 0.2503, acc: 0.9203
loss: 0.2512, acc: 0.9199
loss: 0.2587, acc: 0.9173
loss: 0.2668, acc: 0.9162
loss: 0.2695, acc: 0.9149
> val_acc: 0.7518, val_f1: 0.6148
>>>>>>>>>>>>>>>>>>>>>>>>>>>>>>>>>>>>>>>>>>>>>>>>>>>>>>>>>>>>>>>>>>>>>>>>>>>>>>>>>>>>>>>>>>>>>>>>>>>>
epoch: 28
loss: 0.3012, acc: 0.9375
loss: 0.2163, acc: 0.9271
loss: 0.2460, acc: 0.9176
loss: 0.2316, acc: 0.9238
loss: 0.2067, acc: 0.9315
loss: 0.1957, acc: 0.9339
loss: 0.2322, acc: 0.9325
loss: 0.2332, acc: 0.9297
loss: 0.2304, acc: 0.9306
loss: 0.2383, acc: 0.9266
loss: 0.2300, acc: 0.9277
loss: 0.2273, acc: 0.9297
loss: 0.2308, acc: 0.9267
loss: 0.2423, acc: 0.9247
loss: 0.2549, acc: 0.9212
loss: 0.2568, acc: 0.9211
loss: 0.2603, acc: 0.9205
loss: 0.2701, acc: 0.9168
loss: 0.2843, acc: 0.9138
loss: 0.2822, acc: 0.9147
loss: 0.2769, acc: 0.9152
loss: 0.2709, acc: 0.9166
loss: 0.2762, acc: 0.9144
> val_acc: 0.7402, val_f1: 0.6014
>>>>>>>>>>>>>>>>>>>>>>>>>>>>>>>>>>>>>>>>>>>>>>>>>>>>>>>>>>>>>>>>>>>>>>>>>>>>>>>>>>>>>>>>>>>>>>>>>>>>
epoch: 29
loss: 0.0995, acc: 0.9583
loss: 0.2410, acc: 0.9297
loss: 0.1993, acc: 0.9279
loss: 0.1769, acc: 0.9340
loss: 0.1749, acc: 0.9361
loss: 0.1771, acc: 0.9364
loss: 0.1669, acc: 0.9394
loss: 0.1572, acc: 0.9433
loss: 0.1563, acc: 0.9433
loss: 0.1572, acc: 0.9447
loss: 0.1647, acc: 0.9422
loss: 0.1826, acc: 0.9397
loss: 0.1900, acc: 0.9365
loss: 0.1891, acc: 0.9366
loss: 0.1871, acc: 0.9379
loss: 0.1879, acc: 0.9367
loss: 0.1872, acc: 0.9371
loss: 0.1909, acc: 0.9364
loss: 0.1899, acc: 0.9362
loss: 0.1963, acc: 0.9340
loss: 0.1997, acc: 0.9329
loss: 0.1969, acc: 0.9340
loss: 0.1933, acc: 0.9343
> val_acc: 0.7259, val_f1: 0.6061
>> test_acc: 0.7643, test_f1: 0.6643
