cuda memory allocated: 8544768
n_trainable_params: 811603, n_nontrainable_params: 1323600
> training arguments:
>>> model_name: gcae
>>> dataset: restaurant
>>> optimizer: <class 'torch.optim.adagrad.Adagrad'>
>>> initializer: <function xavier_uniform_ at 0x000002A7827A7620>
>>> learning_rate: 0.01
>>> momentum: 0.95
>>> dropout: 0.5
>>> l2reg: 5e-05
>>> num_epoch: 30
>>> batch_size: 32
>>> log_step: 5
>>> embed_dim: 300
>>> hidden_dim: 300
>>> bert_dim: 768
>>> pretrained_bert_name: bert-base-uncased
>>> max_seq_len: 80
>>> polarities_dim: 3
>>> hops: 3
>>> device: cuda
>>> seed: None
>>> valset_ratio: 0
>>> num_layers: 1
>>> in_channels: 100
>>> out_channels: 1
>>> downbot: 20
>>> kernel_size: 3
>>> glove_path: ./glove/glove.840B.300d.txt
>>> model_class: <class 'models.gcae.GCAE'>
>>> dataset_file: {'train': './datasets/semeval14/Restaurants_Train.xml.seg', 'test': './datasets/semeval14/Restaurants_Test_Gold.xml.seg'}
>>> inputs_cols: ['text_raw_indices', 'aspect_indices']
>>>>>>>>>>>>>>>>>>>>>>>>>>>>>>>>>>>>>>>>>>>>>>>>>>>>>>>>>>>>>>>>>>>>>>>>>>>>>>>>>>>>>>>>>>>>>>>>>>>>
epoch: 0
loss: 4.3856, acc: 0.3937
loss: 2.8177, acc: 0.4656
loss: 2.1978, acc: 0.5167
loss: 1.8590, acc: 0.5469
loss: 1.6367, acc: 0.5700
loss: 1.5432, acc: 0.5719
loss: 1.4252, acc: 0.5920
loss: 1.3571, acc: 0.5969
loss: 1.2930, acc: 0.6090
loss: 1.2260, acc: 0.6256
loss: 1.1734, acc: 0.6358
loss: 1.1418, acc: 0.6359
loss: 1.1082, acc: 0.6438
loss: 1.0778, acc: 0.6482
loss: 1.0458, acc: 0.6571
loss: 1.0203, acc: 0.6629
loss: 1.0002, acc: 0.6647
loss: 0.9828, acc: 0.6687
loss: 0.9597, acc: 0.6737
loss: 0.9441, acc: 0.6772
loss: 0.9320, acc: 0.6795
loss: 0.9195, acc: 0.6798
> val_acc: 0.7670, val_f1: 0.6432
>> saved: state_dict/gcae_restaurant_val_acc0.767
>>>>>>>>>>>>>>>>>>>>>>>>>>>>>>>>>>>>>>>>>>>>>>>>>>>>>>>>>>>>>>>>>>>>>>>>>>>>>>>>>>>>>>>>>>>>>>>>>>>>
epoch: 1
loss: 0.4148, acc: 0.8438
loss: 0.4168, acc: 0.8438
loss: 0.4205, acc: 0.8490
loss: 0.4290, acc: 0.8419
loss: 0.4253, acc: 0.8366
loss: 0.4260, acc: 0.8356
loss: 0.4192, acc: 0.8418
loss: 0.4101, acc: 0.8471
loss: 0.4163, acc: 0.8438
loss: 0.4331, acc: 0.8398
loss: 0.4337, acc: 0.8383
loss: 0.4360, acc: 0.8372
loss: 0.4408, acc: 0.8347
loss: 0.4386, acc: 0.8349
loss: 0.4316, acc: 0.8381
loss: 0.4393, acc: 0.8332
loss: 0.4400, acc: 0.8312
loss: 0.4385, acc: 0.8312
loss: 0.4339, acc: 0.8342
loss: 0.4346, acc: 0.8334
loss: 0.4343, acc: 0.8327
loss: 0.4360, acc: 0.8329
loss: 0.4417, acc: 0.8304
> val_acc: 0.7714, val_f1: 0.6072
>> saved: state_dict/gcae_restaurant_val_acc0.7714
>>>>>>>>>>>>>>>>>>>>>>>>>>>>>>>>>>>>>>>>>>>>>>>>>>>>>>>>>>>>>>>>>>>>>>>>>>>>>>>>>>>>>>>>>>>>>>>>>>>>
epoch: 2
loss: 0.2953, acc: 0.8906
loss: 0.2903, acc: 0.8889
loss: 0.3029, acc: 0.8839
loss: 0.3312, acc: 0.8750
loss: 0.3158, acc: 0.8828
loss: 0.3155, acc: 0.8804
loss: 0.3237, acc: 0.8759
loss: 0.3249, acc: 0.8790
loss: 0.3267, acc: 0.8771
loss: 0.3302, acc: 0.8744
loss: 0.3272, acc: 0.8773
loss: 0.3301, acc: 0.8755
loss: 0.3286, acc: 0.8755
loss: 0.3296, acc: 0.8764
loss: 0.3305, acc: 0.8750
loss: 0.3287, acc: 0.8758
loss: 0.3292, acc: 0.8757
loss: 0.3302, acc: 0.8750
loss: 0.3301, acc: 0.8740
loss: 0.3309, acc: 0.8747
loss: 0.3297, acc: 0.8759
loss: 0.3340, acc: 0.8727
> val_acc: 0.7750, val_f1: 0.6478
>> saved: state_dict/gcae_restaurant_val_acc0.775
>>>>>>>>>>>>>>>>>>>>>>>>>>>>>>>>>>>>>>>>>>>>>>>>>>>>>>>>>>>>>>>>>>>>>>>>>>>>>>>>>>>>>>>>>>>>>>>>>>>>
epoch: 3
loss: 0.2312, acc: 0.9375
loss: 0.2195, acc: 0.9271
loss: 0.2396, acc: 0.9176
loss: 0.2327, acc: 0.9219
loss: 0.2319, acc: 0.9196
loss: 0.2301, acc: 0.9207
loss: 0.2364, acc: 0.9194
loss: 0.2388, acc: 0.9175
loss: 0.2492, acc: 0.9123
loss: 0.2500, acc: 0.9096
loss: 0.2552, acc: 0.9056
loss: 0.2508, acc: 0.9074
loss: 0.2450, acc: 0.9109
loss: 0.2412, acc: 0.9119
loss: 0.2452, acc: 0.9107
loss: 0.2470, acc: 0.9079
loss: 0.2495, acc: 0.9070
loss: 0.2556, acc: 0.9033
loss: 0.2585, acc: 0.9028
loss: 0.2617, acc: 0.9010
loss: 0.2641, acc: 0.9010
loss: 0.2673, acc: 0.8986
loss: 0.2694, acc: 0.8970
> val_acc: 0.7589, val_f1: 0.5943
>>>>>>>>>>>>>>>>>>>>>>>>>>>>>>>>>>>>>>>>>>>>>>>>>>>>>>>>>>>>>>>>>>>>>>>>>>>>>>>>>>>>>>>>>>>>>>>>>>>>
epoch: 4
loss: 0.1510, acc: 0.9479
loss: 0.1931, acc: 0.9336
loss: 0.2073, acc: 0.9279
loss: 0.2043, acc: 0.9392
loss: 0.2042, acc: 0.9375
loss: 0.2154, acc: 0.9286
loss: 0.2157, acc: 0.9280
loss: 0.2138, acc: 0.9285
loss: 0.2185, acc: 0.9273
loss: 0.2247, acc: 0.9238
loss: 0.2257, acc: 0.9228
loss: 0.2214, acc: 0.9230
loss: 0.2217, acc: 0.9221
loss: 0.2214, acc: 0.9205
loss: 0.2219, acc: 0.9195
loss: 0.2231, acc: 0.9195
loss: 0.2264, acc: 0.9175
loss: 0.2271, acc: 0.9169
loss: 0.2263, acc: 0.9187
loss: 0.2300, acc: 0.9180
loss: 0.2323, acc: 0.9163
loss: 0.2315, acc: 0.9161
loss: 0.2312, acc: 0.9155
> val_acc: 0.7750, val_f1: 0.6551
>>>>>>>>>>>>>>>>>>>>>>>>>>>>>>>>>>>>>>>>>>>>>>>>>>>>>>>>>>>>>>>>>>>>>>>>>>>>>>>>>>>>>>>>>>>>>>>>>>>>
epoch: 5
loss: 0.1355, acc: 0.9688
loss: 0.1778, acc: 0.9406
loss: 0.1719, acc: 0.9479
loss: 0.1625, acc: 0.9531
loss: 0.1704, acc: 0.9487
loss: 0.1687, acc: 0.9448
loss: 0.1716, acc: 0.9420
loss: 0.1767, acc: 0.9359
loss: 0.1795, acc: 0.9333
loss: 0.1822, acc: 0.9331
loss: 0.1819, acc: 0.9341
loss: 0.1792, acc: 0.9339
loss: 0.1813, acc: 0.9346
loss: 0.1824, acc: 0.9348
loss: 0.1835, acc: 0.9354
loss: 0.1848, acc: 0.9352
loss: 0.1853, acc: 0.9346
loss: 0.1858, acc: 0.9337
loss: 0.1889, acc: 0.9319
loss: 0.1895, acc: 0.9319
loss: 0.1908, acc: 0.9310
loss: 0.1943, acc: 0.9301
> val_acc: 0.7598, val_f1: 0.5877
>>>>>>>>>>>>>>>>>>>>>>>>>>>>>>>>>>>>>>>>>>>>>>>>>>>>>>>>>>>>>>>>>>>>>>>>>>>>>>>>>>>>>>>>>>>>>>>>>>>>
epoch: 6
loss: 0.2058, acc: 0.9375
loss: 0.1554, acc: 0.9554
loss: 0.1449, acc: 0.9583
loss: 0.1452, acc: 0.9577
loss: 0.1398, acc: 0.9602
loss: 0.1423, acc: 0.9583
loss: 0.1426, acc: 0.9570
loss: 0.1428, acc: 0.9510
loss: 0.1413, acc: 0.9546
loss: 0.1500, acc: 0.9508
loss: 0.1527, acc: 0.9501
loss: 0.1578, acc: 0.9468
loss: 0.1603, acc: 0.9466
loss: 0.1591, acc: 0.9482
loss: 0.1618, acc: 0.9462
loss: 0.1657, acc: 0.9428
loss: 0.1632, acc: 0.9432
loss: 0.1659, acc: 0.9411
loss: 0.1681, acc: 0.9402
loss: 0.1682, acc: 0.9417
loss: 0.1693, acc: 0.9415
loss: 0.1695, acc: 0.9401
loss: 0.1698, acc: 0.9403
> val_acc: 0.7670, val_f1: 0.6401
>>>>>>>>>>>>>>>>>>>>>>>>>>>>>>>>>>>>>>>>>>>>>>>>>>>>>>>>>>>>>>>>>>>>>>>>>>>>>>>>>>>>>>>>>>>>>>>>>>>>
epoch: 7
loss: 0.1360, acc: 0.9609
loss: 0.1207, acc: 0.9653
loss: 0.1213, acc: 0.9688
loss: 0.1200, acc: 0.9720
loss: 0.1199, acc: 0.9701
loss: 0.1237, acc: 0.9655
loss: 0.1269, acc: 0.9623
loss: 0.1243, acc: 0.9647
loss: 0.1313, acc: 0.9616
loss: 0.1364, acc: 0.9566
loss: 0.1396, acc: 0.9554
loss: 0.1444, acc: 0.9534
loss: 0.1434, acc: 0.9531
loss: 0.1453, acc: 0.9529
loss: 0.1460, acc: 0.9523
loss: 0.1513, acc: 0.9494
loss: 0.1514, acc: 0.9490
loss: 0.1511, acc: 0.9480
loss: 0.1495, acc: 0.9485
loss: 0.1532, acc: 0.9476
loss: 0.1524, acc: 0.9477
loss: 0.1520, acc: 0.9484
> val_acc: 0.7920, val_f1: 0.6767
>> saved: state_dict/gcae_restaurant_val_acc0.792
>>>>>>>>>>>>>>>>>>>>>>>>>>>>>>>>>>>>>>>>>>>>>>>>>>>>>>>>>>>>>>>>>>>>>>>>>>>>>>>>>>>>>>>>>>>>>>>>>>>>
epoch: 8
loss: 0.1447, acc: 0.9375
loss: 0.1493, acc: 0.9531
loss: 0.1482, acc: 0.9517
loss: 0.1383, acc: 0.9570
loss: 0.1225, acc: 0.9673
loss: 0.1257, acc: 0.9663
loss: 0.1260, acc: 0.9637
loss: 0.1280, acc: 0.9618
loss: 0.1258, acc: 0.9627
loss: 0.1308, acc: 0.9606
loss: 0.1276, acc: 0.9614
loss: 0.1277, acc: 0.9621
loss: 0.1289, acc: 0.9611
loss: 0.1273, acc: 0.9612
loss: 0.1252, acc: 0.9621
loss: 0.1242, acc: 0.9609
loss: 0.1264, acc: 0.9599
loss: 0.1266, acc: 0.9597
loss: 0.1272, acc: 0.9595
loss: 0.1291, acc: 0.9574
loss: 0.1327, acc: 0.9545
loss: 0.1331, acc: 0.9540
loss: 0.1357, acc: 0.9521
> val_acc: 0.7732, val_f1: 0.6354
>>>>>>>>>>>>>>>>>>>>>>>>>>>>>>>>>>>>>>>>>>>>>>>>>>>>>>>>>>>>>>>>>>>>>>>>>>>>>>>>>>>>>>>>>>>>>>>>>>>>
epoch: 9
loss: 0.0883, acc: 0.9792
loss: 0.1134, acc: 0.9766
loss: 0.1046, acc: 0.9760
loss: 0.0986, acc: 0.9809
loss: 0.1043, acc: 0.9755
loss: 0.1059, acc: 0.9766
loss: 0.1124, acc: 0.9706
loss: 0.1098, acc: 0.9720
loss: 0.1071, acc: 0.9724
loss: 0.1107, acc: 0.9701
loss: 0.1110, acc: 0.9693
loss: 0.1109, acc: 0.9677
loss: 0.1100, acc: 0.9678
loss: 0.1111, acc: 0.9665
loss: 0.1126, acc: 0.9645
loss: 0.1158, acc: 0.9631
loss: 0.1153, acc: 0.9627
loss: 0.1180, acc: 0.9613
loss: 0.1183, acc: 0.9607
loss: 0.1171, acc: 0.9614
loss: 0.1181, acc: 0.9606
loss: 0.1185, acc: 0.9598
loss: 0.1187, acc: 0.9601
> val_acc: 0.7777, val_f1: 0.6523
>>>>>>>>>>>>>>>>>>>>>>>>>>>>>>>>>>>>>>>>>>>>>>>>>>>>>>>>>>>>>>>>>>>>>>>>>>>>>>>>>>>>>>>>>>>>>>>>>>>>
epoch: 10
loss: 0.0924, acc: 0.9812
loss: 0.0992, acc: 0.9781
loss: 0.0885, acc: 0.9812
loss: 0.0860, acc: 0.9828
loss: 0.0891, acc: 0.9800
loss: 0.0887, acc: 0.9812
loss: 0.0881, acc: 0.9812
loss: 0.0931, acc: 0.9766
loss: 0.0953, acc: 0.9771
loss: 0.0953, acc: 0.9769
loss: 0.0950, acc: 0.9756
loss: 0.0937, acc: 0.9750
loss: 0.0978, acc: 0.9736
loss: 0.0984, acc: 0.9723
loss: 0.1017, acc: 0.9700
loss: 0.1027, acc: 0.9688
loss: 0.1031, acc: 0.9688
loss: 0.1050, acc: 0.9663
loss: 0.1063, acc: 0.9661
loss: 0.1061, acc: 0.9663
loss: 0.1077, acc: 0.9646
loss: 0.1093, acc: 0.9639
> val_acc: 0.7848, val_f1: 0.6659
>>>>>>>>>>>>>>>>>>>>>>>>>>>>>>>>>>>>>>>>>>>>>>>>>>>>>>>>>>>>>>>>>>>>>>>>>>>>>>>>>>>>>>>>>>>>>>>>>>>>
epoch: 11
loss: 0.1029, acc: 0.9844
loss: 0.0826, acc: 0.9821
loss: 0.0889, acc: 0.9792
loss: 0.0858, acc: 0.9816
loss: 0.0850, acc: 0.9787
loss: 0.0883, acc: 0.9745
loss: 0.0866, acc: 0.9756
loss: 0.0868, acc: 0.9738
loss: 0.0925, acc: 0.9710
loss: 0.0959, acc: 0.9701
loss: 0.0980, acc: 0.9688
loss: 0.0996, acc: 0.9682
loss: 0.0994, acc: 0.9688
loss: 0.0986, acc: 0.9688
loss: 0.0981, acc: 0.9692
loss: 0.0975, acc: 0.9696
loss: 0.0995, acc: 0.9688
loss: 0.1008, acc: 0.9688
loss: 0.0998, acc: 0.9688
loss: 0.0991, acc: 0.9691
loss: 0.0992, acc: 0.9697
loss: 0.0984, acc: 0.9705
loss: 0.0989, acc: 0.9707
> val_acc: 0.7804, val_f1: 0.6564
>>>>>>>>>>>>>>>>>>>>>>>>>>>>>>>>>>>>>>>>>>>>>>>>>>>>>>>>>>>>>>>>>>>>>>>>>>>>>>>>>>>>>>>>>>>>>>>>>>>>
epoch: 12
loss: 0.0550, acc: 0.9844
loss: 0.0644, acc: 0.9792
loss: 0.0617, acc: 0.9866
loss: 0.0623, acc: 0.9868
loss: 0.0620, acc: 0.9857
loss: 0.0616, acc: 0.9860
loss: 0.0646, acc: 0.9835
loss: 0.0644, acc: 0.9840
loss: 0.0679, acc: 0.9837
loss: 0.0704, acc: 0.9828
loss: 0.0727, acc: 0.9821
loss: 0.0731, acc: 0.9825
loss: 0.0765, acc: 0.9800
loss: 0.0785, acc: 0.9787
loss: 0.0813, acc: 0.9768
loss: 0.0841, acc: 0.9755
loss: 0.0851, acc: 0.9754
loss: 0.0851, acc: 0.9754
loss: 0.0856, acc: 0.9751
loss: 0.0872, acc: 0.9741
loss: 0.0879, acc: 0.9742
loss: 0.0879, acc: 0.9733
> val_acc: 0.7759, val_f1: 0.6711
>>>>>>>>>>>>>>>>>>>>>>>>>>>>>>>>>>>>>>>>>>>>>>>>>>>>>>>>>>>>>>>>>>>>>>>>>>>>>>>>>>>>>>>>>>>>>>>>>>>>
epoch: 13
loss: 0.1627, acc: 0.9688
loss: 0.0912, acc: 0.9792
loss: 0.0855, acc: 0.9801
loss: 0.0793, acc: 0.9844
loss: 0.0813, acc: 0.9792
loss: 0.0804, acc: 0.9796
loss: 0.0760, acc: 0.9819
loss: 0.0767, acc: 0.9818
loss: 0.0749, acc: 0.9825
loss: 0.0718, acc: 0.9844
loss: 0.0699, acc: 0.9853
loss: 0.0709, acc: 0.9844
loss: 0.0693, acc: 0.9846
loss: 0.0684, acc: 0.9848
loss: 0.0701, acc: 0.9837
loss: 0.0736, acc: 0.9815
loss: 0.0751, acc: 0.9799
loss: 0.0765, acc: 0.9800
loss: 0.0756, acc: 0.9801
loss: 0.0762, acc: 0.9792
loss: 0.0764, acc: 0.9790
loss: 0.0776, acc: 0.9785
loss: 0.0787, acc: 0.9780
> val_acc: 0.7777, val_f1: 0.6360
>>>>>>>>>>>>>>>>>>>>>>>>>>>>>>>>>>>>>>>>>>>>>>>>>>>>>>>>>>>>>>>>>>>>>>>>>>>>>>>>>>>>>>>>>>>>>>>>>>>>
epoch: 14
loss: 0.0503, acc: 1.0000
loss: 0.0618, acc: 0.9883
loss: 0.0595, acc: 0.9904
loss: 0.0621, acc: 0.9878
loss: 0.0585, acc: 0.9905
loss: 0.0596, acc: 0.9888
loss: 0.0630, acc: 0.9858
loss: 0.0610, acc: 0.9868
loss: 0.0593, acc: 0.9876
loss: 0.0586, acc: 0.9876
loss: 0.0608, acc: 0.9864
loss: 0.0635, acc: 0.9855
loss: 0.0652, acc: 0.9846
loss: 0.0652, acc: 0.9844
loss: 0.0656, acc: 0.9842
loss: 0.0649, acc: 0.9848
loss: 0.0659, acc: 0.9838
loss: 0.0672, acc: 0.9833
loss: 0.0675, acc: 0.9829
loss: 0.0688, acc: 0.9825
loss: 0.0706, acc: 0.9812
loss: 0.0710, acc: 0.9815
loss: 0.0728, acc: 0.9806
> val_acc: 0.7777, val_f1: 0.6362
>>>>>>>>>>>>>>>>>>>>>>>>>>>>>>>>>>>>>>>>>>>>>>>>>>>>>>>>>>>>>>>>>>>>>>>>>>>>>>>>>>>>>>>>>>>>>>>>>>>>
epoch: 15
loss: 0.0437, acc: 1.0000
loss: 0.0546, acc: 0.9906
loss: 0.0589, acc: 0.9875
loss: 0.0606, acc: 0.9875
loss: 0.0572, acc: 0.9888
loss: 0.0577, acc: 0.9885
loss: 0.0621, acc: 0.9848
loss: 0.0603, acc: 0.9852
loss: 0.0608, acc: 0.9854
loss: 0.0616, acc: 0.9844
loss: 0.0613, acc: 0.9847
loss: 0.0614, acc: 0.9849
loss: 0.0635, acc: 0.9832
loss: 0.0650, acc: 0.9817
loss: 0.0648, acc: 0.9825
loss: 0.0655, acc: 0.9832
loss: 0.0675, acc: 0.9820
loss: 0.0686, acc: 0.9812
loss: 0.0676, acc: 0.9816
loss: 0.0677, acc: 0.9819
loss: 0.0672, acc: 0.9818
loss: 0.0687, acc: 0.9807
> val_acc: 0.7786, val_f1: 0.6522
>>>>>>>>>>>>>>>>>>>>>>>>>>>>>>>>>>>>>>>>>>>>>>>>>>>>>>>>>>>>>>>>>>>>>>>>>>>>>>>>>>>>>>>>>>>>>>>>>>>>
epoch: 16
loss: 0.0593, acc: 0.9688
loss: 0.0505, acc: 0.9866
loss: 0.0460, acc: 0.9896
loss: 0.0477, acc: 0.9890
loss: 0.0471, acc: 0.9901
loss: 0.0470, acc: 0.9896
loss: 0.0456, acc: 0.9902
loss: 0.0450, acc: 0.9916
loss: 0.0514, acc: 0.9881
loss: 0.0540, acc: 0.9854
loss: 0.0560, acc: 0.9850
loss: 0.0571, acc: 0.9846
loss: 0.0571, acc: 0.9844
loss: 0.0583, acc: 0.9832
loss: 0.0580, acc: 0.9835
loss: 0.0593, acc: 0.9834
loss: 0.0586, acc: 0.9836
loss: 0.0582, acc: 0.9846
loss: 0.0585, acc: 0.9840
loss: 0.0606, acc: 0.9836
loss: 0.0606, acc: 0.9831
loss: 0.0606, acc: 0.9828
loss: 0.0617, acc: 0.9819
> val_acc: 0.7857, val_f1: 0.6648
>>>>>>>>>>>>>>>>>>>>>>>>>>>>>>>>>>>>>>>>>>>>>>>>>>>>>>>>>>>>>>>>>>>>>>>>>>>>>>>>>>>>>>>>>>>>>>>>>>>>
epoch: 17
loss: 0.0539, acc: 0.9844
loss: 0.0561, acc: 0.9861
loss: 0.0582, acc: 0.9866
loss: 0.0566, acc: 0.9901
loss: 0.0556, acc: 0.9896
loss: 0.0542, acc: 0.9903
loss: 0.0597, acc: 0.9881
loss: 0.0598, acc: 0.9872
loss: 0.0598, acc: 0.9872
loss: 0.0642, acc: 0.9841
loss: 0.0637, acc: 0.9844
loss: 0.0661, acc: 0.9836
loss: 0.0636, acc: 0.9844
loss: 0.0627, acc: 0.9846
loss: 0.0612, acc: 0.9852
loss: 0.0595, acc: 0.9862
loss: 0.0583, acc: 0.9866
loss: 0.0579, acc: 0.9874
loss: 0.0574, acc: 0.9877
loss: 0.0567, acc: 0.9877
loss: 0.0574, acc: 0.9874
loss: 0.0569, acc: 0.9874
> val_acc: 0.7812, val_f1: 0.6699
>>>>>>>>>>>>>>>>>>>>>>>>>>>>>>>>>>>>>>>>>>>>>>>>>>>>>>>>>>>>>>>>>>>>>>>>>>>>>>>>>>>>>>>>>>>>>>>>>>>>
epoch: 18
loss: 0.0604, acc: 0.9688
loss: 0.0573, acc: 0.9844
loss: 0.0423, acc: 0.9915
loss: 0.0385, acc: 0.9941
loss: 0.0438, acc: 0.9896
loss: 0.0466, acc: 0.9892
loss: 0.0515, acc: 0.9859
loss: 0.0517, acc: 0.9861
loss: 0.0515, acc: 0.9863
loss: 0.0498, acc: 0.9871
loss: 0.0511, acc: 0.9859
loss: 0.0507, acc: 0.9866
loss: 0.0521, acc: 0.9857
loss: 0.0515, acc: 0.9858
loss: 0.0504, acc: 0.9868
loss: 0.0527, acc: 0.9856
loss: 0.0516, acc: 0.9865
loss: 0.0513, acc: 0.9869
loss: 0.0514, acc: 0.9863
loss: 0.0525, acc: 0.9854
loss: 0.0530, acc: 0.9858
loss: 0.0523, acc: 0.9864
loss: 0.0523, acc: 0.9868
> val_acc: 0.7741, val_f1: 0.6298
>>>>>>>>>>>>>>>>>>>>>>>>>>>>>>>>>>>>>>>>>>>>>>>>>>>>>>>>>>>>>>>>>>>>>>>>>>>>>>>>>>>>>>>>>>>>>>>>>>>>
epoch: 19
loss: 0.0213, acc: 1.0000
loss: 0.0369, acc: 0.9883
loss: 0.0440, acc: 0.9904
loss: 0.0450, acc: 0.9896
loss: 0.0477, acc: 0.9878
loss: 0.0530, acc: 0.9877
loss: 0.0493, acc: 0.9886
loss: 0.0470, acc: 0.9901
loss: 0.0472, acc: 0.9913
loss: 0.0479, acc: 0.9915
loss: 0.0488, acc: 0.9906
loss: 0.0475, acc: 0.9908
loss: 0.0463, acc: 0.9911
loss: 0.0475, acc: 0.9903
loss: 0.0483, acc: 0.9893
loss: 0.0500, acc: 0.9880
loss: 0.0497, acc: 0.9880
loss: 0.0490, acc: 0.9886
loss: 0.0491, acc: 0.9886
loss: 0.0492, acc: 0.9885
loss: 0.0489, acc: 0.9888
loss: 0.0476, acc: 0.9893
loss: 0.0476, acc: 0.9892
> val_acc: 0.7795, val_f1: 0.6570
>>>>>>>>>>>>>>>>>>>>>>>>>>>>>>>>>>>>>>>>>>>>>>>>>>>>>>>>>>>>>>>>>>>>>>>>>>>>>>>>>>>>>>>>>>>>>>>>>>>>
epoch: 20
loss: 0.0305, acc: 1.0000
loss: 0.0361, acc: 0.9969
loss: 0.0376, acc: 0.9958
loss: 0.0360, acc: 0.9953
loss: 0.0361, acc: 0.9950
loss: 0.0354, acc: 0.9948
loss: 0.0352, acc: 0.9955
loss: 0.0370, acc: 0.9938
loss: 0.0368, acc: 0.9938
loss: 0.0366, acc: 0.9944
loss: 0.0369, acc: 0.9949
loss: 0.0375, acc: 0.9943
loss: 0.0413, acc: 0.9928
loss: 0.0422, acc: 0.9924
loss: 0.0417, acc: 0.9925
loss: 0.0429, acc: 0.9914
loss: 0.0425, acc: 0.9915
loss: 0.0433, acc: 0.9910
loss: 0.0446, acc: 0.9905
loss: 0.0449, acc: 0.9903
loss: 0.0450, acc: 0.9905
loss: 0.0451, acc: 0.9903
> val_acc: 0.7750, val_f1: 0.6466
>>>>>>>>>>>>>>>>>>>>>>>>>>>>>>>>>>>>>>>>>>>>>>>>>>>>>>>>>>>>>>>>>>>>>>>>>>>>>>>>>>>>>>>>>>>>>>>>>>>>
epoch: 21
loss: 0.0203, acc: 1.0000
loss: 0.0277, acc: 0.9955
loss: 0.0292, acc: 0.9948
loss: 0.0323, acc: 0.9963
loss: 0.0300, acc: 0.9972
loss: 0.0299, acc: 0.9977
loss: 0.0304, acc: 0.9971
loss: 0.0315, acc: 0.9966
loss: 0.0350, acc: 0.9955
loss: 0.0333, acc: 0.9960
loss: 0.0335, acc: 0.9964
loss: 0.0334, acc: 0.9967
loss: 0.0333, acc: 0.9965
loss: 0.0332, acc: 0.9963
loss: 0.0329, acc: 0.9965
loss: 0.0354, acc: 0.9955
loss: 0.0370, acc: 0.9947
loss: 0.0383, acc: 0.9935
loss: 0.0377, acc: 0.9935
loss: 0.0429, acc: 0.9913
loss: 0.0441, acc: 0.9908
loss: 0.0432, acc: 0.9912
loss: 0.0427, acc: 0.9914
> val_acc: 0.7812, val_f1: 0.6539
>>>>>>>>>>>>>>>>>>>>>>>>>>>>>>>>>>>>>>>>>>>>>>>>>>>>>>>>>>>>>>>>>>>>>>>>>>>>>>>>>>>>>>>>>>>>>>>>>>>>
epoch: 22
loss: 0.0243, acc: 1.0000
loss: 0.0377, acc: 0.9931
loss: 0.0313, acc: 0.9955
loss: 0.0332, acc: 0.9934
loss: 0.0320, acc: 0.9948
loss: 0.0300, acc: 0.9957
loss: 0.0304, acc: 0.9954
loss: 0.0321, acc: 0.9944
loss: 0.0323, acc: 0.9943
loss: 0.0335, acc: 0.9936
loss: 0.0345, acc: 0.9931
loss: 0.0336, acc: 0.9936
loss: 0.0355, acc: 0.9927
loss: 0.0347, acc: 0.9932
loss: 0.0341, acc: 0.9937
loss: 0.0339, acc: 0.9937
loss: 0.0339, acc: 0.9940
loss: 0.0351, acc: 0.9933
loss: 0.0352, acc: 0.9930
loss: 0.0377, acc: 0.9921
loss: 0.0382, acc: 0.9919
loss: 0.0387, acc: 0.9917
> val_acc: 0.7795, val_f1: 0.6480
>>>>>>>>>>>>>>>>>>>>>>>>>>>>>>>>>>>>>>>>>>>>>>>>>>>>>>>>>>>>>>>>>>>>>>>>>>>>>>>>>>>>>>>>>>>>>>>>>>>>
epoch: 23
loss: 0.0745, acc: 0.9688
loss: 0.0349, acc: 0.9896
loss: 0.0296, acc: 0.9943
loss: 0.0270, acc: 0.9961
loss: 0.0327, acc: 0.9955
loss: 0.0417, acc: 0.9904
loss: 0.0392, acc: 0.9919
loss: 0.0369, acc: 0.9931
loss: 0.0352, acc: 0.9939
loss: 0.0369, acc: 0.9925
loss: 0.0366, acc: 0.9926
loss: 0.0359, acc: 0.9933
loss: 0.0363, acc: 0.9928
loss: 0.0354, acc: 0.9934
loss: 0.0341, acc: 0.9938
loss: 0.0341, acc: 0.9938
loss: 0.0332, acc: 0.9942
loss: 0.0339, acc: 0.9935
loss: 0.0344, acc: 0.9935
loss: 0.0357, acc: 0.9932
loss: 0.0360, acc: 0.9929
loss: 0.0362, acc: 0.9929
loss: 0.0370, acc: 0.9930
> val_acc: 0.7812, val_f1: 0.6599
>>>>>>>>>>>>>>>>>>>>>>>>>>>>>>>>>>>>>>>>>>>>>>>>>>>>>>>>>>>>>>>>>>>>>>>>>>>>>>>>>>>>>>>>>>>>>>>>>>>>
epoch: 24
loss: 0.0677, acc: 0.9896
loss: 0.0419, acc: 0.9922
loss: 0.0397, acc: 0.9928
loss: 0.0367, acc: 0.9931
loss: 0.0321, acc: 0.9946
loss: 0.0312, acc: 0.9955
loss: 0.0300, acc: 0.9962
loss: 0.0331, acc: 0.9951
loss: 0.0329, acc: 0.9949
loss: 0.0321, acc: 0.9954
loss: 0.0314, acc: 0.9959
loss: 0.0308, acc: 0.9962
loss: 0.0313, acc: 0.9960
loss: 0.0317, acc: 0.9954
loss: 0.0309, acc: 0.9957
loss: 0.0310, acc: 0.9960
loss: 0.0319, acc: 0.9955
loss: 0.0339, acc: 0.9943
loss: 0.0357, acc: 0.9933
loss: 0.0354, acc: 0.9933
loss: 0.0353, acc: 0.9933
loss: 0.0352, acc: 0.9936
loss: 0.0348, acc: 0.9939
> val_acc: 0.7804, val_f1: 0.6466
>>>>>>>>>>>>>>>>>>>>>>>>>>>>>>>>>>>>>>>>>>>>>>>>>>>>>>>>>>>>>>>>>>>>>>>>>>>>>>>>>>>>>>>>>>>>>>>>>>>>
epoch: 25
loss: 0.0302, acc: 0.9938
loss: 0.0256, acc: 0.9969
loss: 0.0237, acc: 0.9979
loss: 0.0225, acc: 0.9984
loss: 0.0224, acc: 0.9975
loss: 0.0283, acc: 0.9958
loss: 0.0275, acc: 0.9964
loss: 0.0285, acc: 0.9961
loss: 0.0273, acc: 0.9965
loss: 0.0299, acc: 0.9956
loss: 0.0288, acc: 0.9960
loss: 0.0294, acc: 0.9958
loss: 0.0303, acc: 0.9952
loss: 0.0306, acc: 0.9951
loss: 0.0307, acc: 0.9950
loss: 0.0321, acc: 0.9945
loss: 0.0321, acc: 0.9949
loss: 0.0320, acc: 0.9948
loss: 0.0319, acc: 0.9947
loss: 0.0320, acc: 0.9944
loss: 0.0331, acc: 0.9938
loss: 0.0333, acc: 0.9938
> val_acc: 0.7821, val_f1: 0.6503
>>>>>>>>>>>>>>>>>>>>>>>>>>>>>>>>>>>>>>>>>>>>>>>>>>>>>>>>>>>>>>>>>>>>>>>>>>>>>>>>>>>>>>>>>>>>>>>>>>>>
epoch: 26
loss: 0.0277, acc: 1.0000
loss: 0.0317, acc: 0.9911
loss: 0.0294, acc: 0.9922
loss: 0.0317, acc: 0.9926
loss: 0.0330, acc: 0.9901
loss: 0.0298, acc: 0.9919
loss: 0.0341, acc: 0.9902
loss: 0.0315, acc: 0.9916
loss: 0.0297, acc: 0.9926
loss: 0.0289, acc: 0.9927
loss: 0.0292, acc: 0.9928
loss: 0.0292, acc: 0.9929
loss: 0.0295, acc: 0.9929
loss: 0.0295, acc: 0.9930
loss: 0.0302, acc: 0.9926
loss: 0.0304, acc: 0.9927
loss: 0.0299, acc: 0.9931
loss: 0.0320, acc: 0.9928
loss: 0.0313, acc: 0.9932
loss: 0.0311, acc: 0.9936
loss: 0.0313, acc: 0.9936
loss: 0.0307, acc: 0.9939
loss: 0.0311, acc: 0.9939
> val_acc: 0.7786, val_f1: 0.6396
>>>>>>>>>>>>>>>>>>>>>>>>>>>>>>>>>>>>>>>>>>>>>>>>>>>>>>>>>>>>>>>>>>>>>>>>>>>>>>>>>>>>>>>>>>>>>>>>>>>>
epoch: 27
loss: 0.0422, acc: 0.9922
loss: 0.0438, acc: 0.9896
loss: 0.0440, acc: 0.9888
loss: 0.0379, acc: 0.9918
loss: 0.0337, acc: 0.9935
loss: 0.0315, acc: 0.9946
loss: 0.0304, acc: 0.9954
loss: 0.0292, acc: 0.9960
loss: 0.0280, acc: 0.9964
loss: 0.0269, acc: 0.9968
loss: 0.0279, acc: 0.9959
loss: 0.0277, acc: 0.9958
loss: 0.0277, acc: 0.9961
loss: 0.0295, acc: 0.9955
loss: 0.0292, acc: 0.9958
loss: 0.0292, acc: 0.9953
loss: 0.0291, acc: 0.9952
loss: 0.0301, acc: 0.9947
loss: 0.0306, acc: 0.9943
loss: 0.0305, acc: 0.9943
loss: 0.0306, acc: 0.9943
loss: 0.0302, acc: 0.9943
> val_acc: 0.7804, val_f1: 0.6450
>>>>>>>>>>>>>>>>>>>>>>>>>>>>>>>>>>>>>>>>>>>>>>>>>>>>>>>>>>>>>>>>>>>>>>>>>>>>>>>>>>>>>>>>>>>>>>>>>>>>
epoch: 28
loss: 0.0098, acc: 1.0000
loss: 0.0187, acc: 1.0000
loss: 0.0160, acc: 1.0000
loss: 0.0197, acc: 0.9980
loss: 0.0238, acc: 0.9970
loss: 0.0221, acc: 0.9976
loss: 0.0245, acc: 0.9960
loss: 0.0273, acc: 0.9957
loss: 0.0258, acc: 0.9962
loss: 0.0251, acc: 0.9966
loss: 0.0247, acc: 0.9969
loss: 0.0242, acc: 0.9972
loss: 0.0234, acc: 0.9974
loss: 0.0237, acc: 0.9972
loss: 0.0253, acc: 0.9969
loss: 0.0252, acc: 0.9971
loss: 0.0254, acc: 0.9973
loss: 0.0247, acc: 0.9975
loss: 0.0254, acc: 0.9973
loss: 0.0265, acc: 0.9967
loss: 0.0265, acc: 0.9969
loss: 0.0273, acc: 0.9965
loss: 0.0284, acc: 0.9958
> val_acc: 0.7786, val_f1: 0.6478
>>>>>>>>>>>>>>>>>>>>>>>>>>>>>>>>>>>>>>>>>>>>>>>>>>>>>>>>>>>>>>>>>>>>>>>>>>>>>>>>>>>>>>>>>>>>>>>>>>>>
epoch: 29
loss: 0.0143, acc: 1.0000
loss: 0.0182, acc: 1.0000
loss: 0.0217, acc: 0.9976
loss: 0.0253, acc: 0.9948
loss: 0.0235, acc: 0.9959
loss: 0.0222, acc: 0.9967
loss: 0.0213, acc: 0.9972
loss: 0.0202, acc: 0.9975
loss: 0.0197, acc: 0.9978
loss: 0.0192, acc: 0.9980
loss: 0.0196, acc: 0.9976
loss: 0.0210, acc: 0.9973
loss: 0.0208, acc: 0.9975
loss: 0.0207, acc: 0.9977
loss: 0.0204, acc: 0.9979
loss: 0.0202, acc: 0.9980
loss: 0.0220, acc: 0.9970
loss: 0.0241, acc: 0.9964
loss: 0.0249, acc: 0.9963
loss: 0.0255, acc: 0.9959
loss: 0.0264, acc: 0.9951
loss: 0.0271, acc: 0.9951
loss: 0.0271, acc: 0.9950
> val_acc: 0.7714, val_f1: 0.6290
>> test_acc: 0.7920, test_f1: 0.6767
