cuda memory allocated: 6989824
n_trainable_params: 811603, n_nontrainable_params: 934800
> training arguments:
>>> model_name: gcae
>>> dataset: laptop
>>> optimizer: <class 'torch.optim.adagrad.Adagrad'>
>>> initializer: <function xavier_uniform_ at 0x00000270207F7620>
>>> learning_rate: 0.01
>>> momentum: 0.95
>>> dropout: 0.2
>>> l2reg: 5e-05
>>> num_epoch: 30
>>> batch_size: 32
>>> log_step: 5
>>> embed_dim: 300
>>> hidden_dim: 300
>>> bert_dim: 768
>>> pretrained_bert_name: bert-base-uncased
>>> max_seq_len: 80
>>> polarities_dim: 3
>>> hops: 3
>>> device: cuda
>>> seed: None
>>> valset_ratio: 0
>>> num_layers: 1
>>> in_channels: 100
>>> out_channels: 1
>>> downbot: 5
>>> kernel_size: 3
>>> glove_path: ./glove/glove.840B.300d.txt
>>> model_class: <class 'models.gcae.GCAE'>
>>> dataset_file: {'train': './datasets/semeval14/Laptops_Train.xml.seg', 'test': './datasets/semeval14/Laptops_Test_Gold.xml.seg'}
>>> inputs_cols: ['text_raw_indices', 'aspect_indices']
>>>>>>>>>>>>>>>>>>>>>>>>>>>>>>>>>>>>>>>>>>>>>>>>>>>>>>>>>>>>>>>>>>>>>>>>>>>>>>>>>>>>>>>>>>>>>>>>>>>>
epoch: 0
loss: 3.8919, acc: 0.4125
loss: 2.9508, acc: 0.4531
loss: 2.3849, acc: 0.4792
loss: 2.0377, acc: 0.5109
loss: 1.8528, acc: 0.5262
loss: 1.7230, acc: 0.5427
loss: 1.5963, acc: 0.5563
loss: 1.5079, acc: 0.5664
loss: 1.4317, acc: 0.5778
loss: 1.3649, acc: 0.5869
loss: 1.3084, acc: 0.5966
loss: 1.2591, acc: 0.6083
loss: 1.2191, acc: 0.6154
loss: 1.1761, acc: 0.6232
> val_acc: 0.6207, val_f1: 0.4857
>> saved: state_dict/gcae_laptop_val_acc0.6207
>>>>>>>>>>>>>>>>>>>>>>>>>>>>>>>>>>>>>>>>>>>>>>>>>>>>>>>>>>>>>>>>>>>>>>>>>>>>>>>>>>>>>>>>>>>>>>>>>>>>
epoch: 1
loss: 0.4726, acc: 0.8438
loss: 0.3989, acc: 0.8527
loss: 0.4179, acc: 0.8438
loss: 0.4230, acc: 0.8493
loss: 0.4212, acc: 0.8480
loss: 0.4383, acc: 0.8380
loss: 0.4612, acc: 0.8320
loss: 0.4675, acc: 0.8319
loss: 0.4617, acc: 0.8326
loss: 0.4631, acc: 0.8291
loss: 0.4551, acc: 0.8335
loss: 0.4602, acc: 0.8289
loss: 0.4781, acc: 0.8206
loss: 0.4745, acc: 0.8232
loss: 0.4775, acc: 0.8225
> val_acc: 0.6520, val_f1: 0.5675
>> saved: state_dict/gcae_laptop_val_acc0.652
>>>>>>>>>>>>>>>>>>>>>>>>>>>>>>>>>>>>>>>>>>>>>>>>>>>>>>>>>>>>>>>>>>>>>>>>>>>>>>>>>>>>>>>>>>>>>>>>>>>>
epoch: 2
loss: 0.2944, acc: 0.9141
loss: 0.2841, acc: 0.9167
loss: 0.3293, acc: 0.8906
loss: 0.3353, acc: 0.8766
loss: 0.3257, acc: 0.8802
loss: 0.3258, acc: 0.8804
loss: 0.3297, acc: 0.8796
loss: 0.3325, acc: 0.8782
loss: 0.3361, acc: 0.8778
loss: 0.3355, acc: 0.8788
loss: 0.3439, acc: 0.8721
loss: 0.3425, acc: 0.8718
loss: 0.3485, acc: 0.8696
loss: 0.3531, acc: 0.8687
> val_acc: 0.6567, val_f1: 0.5678
>> saved: state_dict/gcae_laptop_val_acc0.6567
>>>>>>>>>>>>>>>>>>>>>>>>>>>>>>>>>>>>>>>>>>>>>>>>>>>>>>>>>>>>>>>>>>>>>>>>>>>>>>>>>>>>>>>>>>>>>>>>>>>>
epoch: 3
loss: 0.2615, acc: 0.8750
loss: 0.2536, acc: 0.8906
loss: 0.2339, acc: 0.9119
loss: 0.2547, acc: 0.9062
loss: 0.2559, acc: 0.9033
loss: 0.2527, acc: 0.9087
loss: 0.2606, acc: 0.9073
loss: 0.2773, acc: 0.8976
loss: 0.2763, acc: 0.8994
loss: 0.2741, acc: 0.8995
loss: 0.2765, acc: 0.8983
loss: 0.2771, acc: 0.8973
loss: 0.2757, acc: 0.8981
loss: 0.2781, acc: 0.8977
loss: 0.2805, acc: 0.8974
> val_acc: 0.6850, val_f1: 0.6100
>> saved: state_dict/gcae_laptop_val_acc0.685
>>>>>>>>>>>>>>>>>>>>>>>>>>>>>>>>>>>>>>>>>>>>>>>>>>>>>>>>>>>>>>>>>>>>>>>>>>>>>>>>>>>>>>>>>>>>>>>>>>>>
epoch: 4
loss: 0.2625, acc: 0.9167
loss: 0.2268, acc: 0.9258
loss: 0.2350, acc: 0.9159
loss: 0.2228, acc: 0.9184
loss: 0.2286, acc: 0.9144
loss: 0.2366, acc: 0.9051
loss: 0.2345, acc: 0.9081
loss: 0.2289, acc: 0.9145
loss: 0.2353, acc: 0.9128
loss: 0.2389, acc: 0.9102
loss: 0.2354, acc: 0.9133
loss: 0.2336, acc: 0.9143
loss: 0.2294, acc: 0.9167
loss: 0.2390, acc: 0.9131
loss: 0.2413, acc: 0.9111
> val_acc: 0.6583, val_f1: 0.5550
>>>>>>>>>>>>>>>>>>>>>>>>>>>>>>>>>>>>>>>>>>>>>>>>>>>>>>>>>>>>>>>>>>>>>>>>>>>>>>>>>>>>>>>>>>>>>>>>>>>>
epoch: 5
loss: 0.1511, acc: 0.9500
loss: 0.1632, acc: 0.9594
loss: 0.1620, acc: 0.9625
loss: 0.1623, acc: 0.9578
loss: 0.1693, acc: 0.9563
loss: 0.1722, acc: 0.9552
loss: 0.1743, acc: 0.9536
loss: 0.1772, acc: 0.9516
loss: 0.1809, acc: 0.9493
loss: 0.1902, acc: 0.9406
loss: 0.1859, acc: 0.9420
loss: 0.1892, acc: 0.9385
loss: 0.1911, acc: 0.9375
loss: 0.1983, acc: 0.9330
> val_acc: 0.6724, val_f1: 0.5887
>>>>>>>>>>>>>>>>>>>>>>>>>>>>>>>>>>>>>>>>>>>>>>>>>>>>>>>>>>>>>>>>>>>>>>>>>>>>>>>>>>>>>>>>>>>>>>>>>>>>
epoch: 6
loss: 0.1678, acc: 0.9688
loss: 0.1348, acc: 0.9688
loss: 0.1487, acc: 0.9505
loss: 0.1483, acc: 0.9504
loss: 0.1486, acc: 0.9517
loss: 0.1447, acc: 0.9549
loss: 0.1524, acc: 0.9492
loss: 0.1615, acc: 0.9459
loss: 0.1592, acc: 0.9479
loss: 0.1598, acc: 0.9475
loss: 0.1632, acc: 0.9459
loss: 0.1638, acc: 0.9446
loss: 0.1660, acc: 0.9441
loss: 0.1642, acc: 0.9445
loss: 0.1672, acc: 0.9431
> val_acc: 0.6567, val_f1: 0.5630
>>>>>>>>>>>>>>>>>>>>>>>>>>>>>>>>>>>>>>>>>>>>>>>>>>>>>>>>>>>>>>>>>>>>>>>>>>>>>>>>>>>>>>>>>>>>>>>>>>>>
epoch: 7
loss: 0.1287, acc: 0.9766
loss: 0.1337, acc: 0.9583
loss: 0.1489, acc: 0.9576
loss: 0.1432, acc: 0.9622
loss: 0.1403, acc: 0.9622
loss: 0.1378, acc: 0.9623
loss: 0.1417, acc: 0.9596
loss: 0.1411, acc: 0.9583
loss: 0.1425, acc: 0.9588
loss: 0.1484, acc: 0.9547
loss: 0.1484, acc: 0.9549
loss: 0.1508, acc: 0.9523
loss: 0.1569, acc: 0.9512
loss: 0.1567, acc: 0.9515
> val_acc: 0.6489, val_f1: 0.5576
>>>>>>>>>>>>>>>>>>>>>>>>>>>>>>>>>>>>>>>>>>>>>>>>>>>>>>>>>>>>>>>>>>>>>>>>>>>>>>>>>>>>>>>>>>>>>>>>>>>>
epoch: 8
loss: 0.0737, acc: 1.0000
loss: 0.1052, acc: 0.9844
loss: 0.1101, acc: 0.9716
loss: 0.1114, acc: 0.9727
loss: 0.1175, acc: 0.9717
loss: 0.1156, acc: 0.9675
loss: 0.1182, acc: 0.9657
loss: 0.1219, acc: 0.9635
loss: 0.1209, acc: 0.9642
loss: 0.1207, acc: 0.9647
loss: 0.1220, acc: 0.9645
loss: 0.1214, acc: 0.9643
loss: 0.1225, acc: 0.9636
loss: 0.1272, acc: 0.9612
loss: 0.1250, acc: 0.9613
> val_acc: 0.6834, val_f1: 0.6100
>>>>>>>>>>>>>>>>>>>>>>>>>>>>>>>>>>>>>>>>>>>>>>>>>>>>>>>>>>>>>>>>>>>>>>>>>>>>>>>>>>>>>>>>>>>>>>>>>>>>
epoch: 9
loss: 0.0747, acc: 0.9896
loss: 0.0778, acc: 0.9922
loss: 0.0960, acc: 0.9784
loss: 0.0990, acc: 0.9705
loss: 0.1152, acc: 0.9633
loss: 0.1159, acc: 0.9621
loss: 0.1143, acc: 0.9659
loss: 0.1182, acc: 0.9630
loss: 0.1171, acc: 0.9637
loss: 0.1112, acc: 0.9655
loss: 0.1106, acc: 0.9664
loss: 0.1150, acc: 0.9644
loss: 0.1160, acc: 0.9633
loss: 0.1189, acc: 0.9628
loss: 0.1170, acc: 0.9639
> val_acc: 0.6536, val_f1: 0.5612
>>>>>>>>>>>>>>>>>>>>>>>>>>>>>>>>>>>>>>>>>>>>>>>>>>>>>>>>>>>>>>>>>>>>>>>>>>>>>>>>>>>>>>>>>>>>>>>>>>>>
epoch: 10
loss: 0.0937, acc: 0.9750
loss: 0.1066, acc: 0.9688
loss: 0.0988, acc: 0.9646
loss: 0.1095, acc: 0.9625
loss: 0.1094, acc: 0.9600
loss: 0.1102, acc: 0.9625
loss: 0.1046, acc: 0.9652
loss: 0.1034, acc: 0.9656
loss: 0.1056, acc: 0.9646
loss: 0.1123, acc: 0.9613
loss: 0.1123, acc: 0.9602
loss: 0.1155, acc: 0.9594
loss: 0.1152, acc: 0.9606
loss: 0.1160, acc: 0.9598
> val_acc: 0.6818, val_f1: 0.6019
>>>>>>>>>>>>>>>>>>>>>>>>>>>>>>>>>>>>>>>>>>>>>>>>>>>>>>>>>>>>>>>>>>>>>>>>>>>>>>>>>>>>>>>>>>>>>>>>>>>>
epoch: 11
loss: 0.1233, acc: 0.9531
loss: 0.0747, acc: 0.9821
loss: 0.0783, acc: 0.9818
loss: 0.0814, acc: 0.9761
loss: 0.0837, acc: 0.9759
loss: 0.0965, acc: 0.9688
loss: 0.0944, acc: 0.9678
loss: 0.0970, acc: 0.9662
loss: 0.1005, acc: 0.9665
loss: 0.0975, acc: 0.9674
loss: 0.0979, acc: 0.9681
loss: 0.1011, acc: 0.9666
loss: 0.1031, acc: 0.9657
loss: 0.1074, acc: 0.9641
loss: 0.1096, acc: 0.9640
> val_acc: 0.6771, val_f1: 0.5986
>>>>>>>>>>>>>>>>>>>>>>>>>>>>>>>>>>>>>>>>>>>>>>>>>>>>>>>>>>>>>>>>>>>>>>>>>>>>>>>>>>>>>>>>>>>>>>>>>>>>
epoch: 12
loss: 0.0640, acc: 0.9844
loss: 0.0668, acc: 0.9826
loss: 0.0770, acc: 0.9821
loss: 0.0839, acc: 0.9803
loss: 0.0838, acc: 0.9792
loss: 0.0835, acc: 0.9795
loss: 0.0834, acc: 0.9789
loss: 0.0839, acc: 0.9784
loss: 0.0832, acc: 0.9780
loss: 0.0886, acc: 0.9764
loss: 0.0856, acc: 0.9763
loss: 0.0882, acc: 0.9751
loss: 0.0920, acc: 0.9741
loss: 0.0916, acc: 0.9742
> val_acc: 0.6646, val_f1: 0.5886
>>>>>>>>>>>>>>>>>>>>>>>>>>>>>>>>>>>>>>>>>>>>>>>>>>>>>>>>>>>>>>>>>>>>>>>>>>>>>>>>>>>>>>>>>>>>>>>>>>>>
epoch: 13
loss: 0.1026, acc: 0.9688
loss: 0.0949, acc: 0.9635
loss: 0.0764, acc: 0.9744
loss: 0.0828, acc: 0.9727
loss: 0.0791, acc: 0.9762
loss: 0.0858, acc: 0.9760
loss: 0.0904, acc: 0.9718
loss: 0.0882, acc: 0.9722
loss: 0.0851, acc: 0.9741
loss: 0.0901, acc: 0.9728
loss: 0.0940, acc: 0.9694
loss: 0.0961, acc: 0.9688
loss: 0.0950, acc: 0.9688
loss: 0.0942, acc: 0.9692
loss: 0.0950, acc: 0.9688
> val_acc: 0.6661, val_f1: 0.5744
>>>>>>>>>>>>>>>>>>>>>>>>>>>>>>>>>>>>>>>>>>>>>>>>>>>>>>>>>>>>>>>>>>>>>>>>>>>>>>>>>>>>>>>>>>>>>>>>>>>>
epoch: 14
loss: 0.0634, acc: 0.9896
loss: 0.0592, acc: 0.9922
loss: 0.0623, acc: 0.9880
loss: 0.0646, acc: 0.9844
loss: 0.0642, acc: 0.9837
loss: 0.0652, acc: 0.9810
loss: 0.0696, acc: 0.9801
loss: 0.0700, acc: 0.9794
loss: 0.0767, acc: 0.9775
loss: 0.0770, acc: 0.9772
loss: 0.0805, acc: 0.9770
loss: 0.0848, acc: 0.9758
loss: 0.0889, acc: 0.9737
loss: 0.0874, acc: 0.9747
loss: 0.0878, acc: 0.9742
> val_acc: 0.6724, val_f1: 0.5850
>>>>>>>>>>>>>>>>>>>>>>>>>>>>>>>>>>>>>>>>>>>>>>>>>>>>>>>>>>>>>>>>>>>>>>>>>>>>>>>>>>>>>>>>>>>>>>>>>>>>
epoch: 15
loss: 0.0513, acc: 0.9875
loss: 0.0769, acc: 0.9781
loss: 0.0778, acc: 0.9771
loss: 0.0754, acc: 0.9766
loss: 0.0769, acc: 0.9750
loss: 0.0769, acc: 0.9750
loss: 0.0773, acc: 0.9750
loss: 0.0749, acc: 0.9766
loss: 0.0768, acc: 0.9757
loss: 0.0751, acc: 0.9769
loss: 0.0799, acc: 0.9756
loss: 0.0804, acc: 0.9750
loss: 0.0823, acc: 0.9740
loss: 0.0819, acc: 0.9750
> val_acc: 0.6536, val_f1: 0.5500
>>>>>>>>>>>>>>>>>>>>>>>>>>>>>>>>>>>>>>>>>>>>>>>>>>>>>>>>>>>>>>>>>>>>>>>>>>>>>>>>>>>>>>>>>>>>>>>>>>>>
epoch: 16
loss: 0.0402, acc: 0.9844
loss: 0.0562, acc: 0.9866
loss: 0.0863, acc: 0.9714
loss: 0.0835, acc: 0.9743
loss: 0.0953, acc: 0.9702
loss: 0.0904, acc: 0.9722
loss: 0.0839, acc: 0.9746
loss: 0.0814, acc: 0.9738
loss: 0.0809, acc: 0.9717
loss: 0.0829, acc: 0.9721
loss: 0.0838, acc: 0.9730
loss: 0.0814, acc: 0.9737
loss: 0.0820, acc: 0.9728
loss: 0.0805, acc: 0.9734
loss: 0.0815, acc: 0.9735
> val_acc: 0.6630, val_f1: 0.5718
>>>>>>>>>>>>>>>>>>>>>>>>>>>>>>>>>>>>>>>>>>>>>>>>>>>>>>>>>>>>>>>>>>>>>>>>>>>>>>>>>>>>>>>>>>>>>>>>>>>>
epoch: 17
loss: 0.0733, acc: 0.9766
loss: 0.0800, acc: 0.9583
loss: 0.0629, acc: 0.9732
loss: 0.0631, acc: 0.9737
loss: 0.0632, acc: 0.9766
loss: 0.0603, acc: 0.9795
loss: 0.0584, acc: 0.9807
loss: 0.0588, acc: 0.9816
loss: 0.0585, acc: 0.9815
loss: 0.0608, acc: 0.9815
loss: 0.0665, acc: 0.9786
loss: 0.0697, acc: 0.9772
loss: 0.0719, acc: 0.9771
loss: 0.0687, acc: 0.9787
> val_acc: 0.6630, val_f1: 0.5825
>>>>>>>>>>>>>>>>>>>>>>>>>>>>>>>>>>>>>>>>>>>>>>>>>>>>>>>>>>>>>>>>>>>>>>>>>>>>>>>>>>>>>>>>>>>>>>>>>>>>
epoch: 18
loss: 0.1592, acc: 0.9688
loss: 0.0594, acc: 0.9896
loss: 0.0571, acc: 0.9915
loss: 0.0578, acc: 0.9922
loss: 0.0563, acc: 0.9911
loss: 0.0585, acc: 0.9880
loss: 0.0602, acc: 0.9849
loss: 0.0645, acc: 0.9835
loss: 0.0639, acc: 0.9848
loss: 0.0648, acc: 0.9844
loss: 0.0669, acc: 0.9828
loss: 0.0658, acc: 0.9816
loss: 0.0651, acc: 0.9816
loss: 0.0638, acc: 0.9825
loss: 0.0650, acc: 0.9820
> val_acc: 0.6787, val_f1: 0.6033
>>>>>>>>>>>>>>>>>>>>>>>>>>>>>>>>>>>>>>>>>>>>>>>>>>>>>>>>>>>>>>>>>>>>>>>>>>>>>>>>>>>>>>>>>>>>>>>>>>>>
epoch: 19
loss: 0.0379, acc: 1.0000
loss: 0.0411, acc: 0.9922
loss: 0.0657, acc: 0.9760
loss: 0.0563, acc: 0.9809
loss: 0.0511, acc: 0.9837
loss: 0.0547, acc: 0.9821
loss: 0.0570, acc: 0.9811
loss: 0.0581, acc: 0.9811
loss: 0.0630, acc: 0.9797
loss: 0.0660, acc: 0.9792
loss: 0.0629, acc: 0.9811
loss: 0.0621, acc: 0.9817
loss: 0.0637, acc: 0.9802
loss: 0.0657, acc: 0.9798
loss: 0.0636, acc: 0.9802
> val_acc: 0.6599, val_f1: 0.5664
>>>>>>>>>>>>>>>>>>>>>>>>>>>>>>>>>>>>>>>>>>>>>>>>>>>>>>>>>>>>>>>>>>>>>>>>>>>>>>>>>>>>>>>>>>>>>>>>>>>>
epoch: 20
loss: 0.0502, acc: 0.9750
loss: 0.0464, acc: 0.9812
loss: 0.0532, acc: 0.9792
loss: 0.0474, acc: 0.9844
loss: 0.0518, acc: 0.9825
loss: 0.0528, acc: 0.9823
loss: 0.0531, acc: 0.9812
loss: 0.0570, acc: 0.9805
loss: 0.0633, acc: 0.9778
loss: 0.0609, acc: 0.9800
loss: 0.0622, acc: 0.9801
loss: 0.0621, acc: 0.9807
loss: 0.0605, acc: 0.9822
loss: 0.0613, acc: 0.9826
> val_acc: 0.6473, val_f1: 0.5589
>>>>>>>>>>>>>>>>>>>>>>>>>>>>>>>>>>>>>>>>>>>>>>>>>>>>>>>>>>>>>>>>>>>>>>>>>>>>>>>>>>>>>>>>>>>>>>>>>>>>
epoch: 21
loss: 0.0392, acc: 1.0000
loss: 0.0408, acc: 0.9955
loss: 0.0520, acc: 0.9870
loss: 0.0483, acc: 0.9871
loss: 0.0490, acc: 0.9858
loss: 0.0498, acc: 0.9861
loss: 0.0523, acc: 0.9863
loss: 0.0500, acc: 0.9865
loss: 0.0500, acc: 0.9859
loss: 0.0516, acc: 0.9860
loss: 0.0539, acc: 0.9856
loss: 0.0525, acc: 0.9863
loss: 0.0519, acc: 0.9864
loss: 0.0512, acc: 0.9865
loss: 0.0519, acc: 0.9857
> val_acc: 0.6614, val_f1: 0.5620
>>>>>>>>>>>>>>>>>>>>>>>>>>>>>>>>>>>>>>>>>>>>>>>>>>>>>>>>>>>>>>>>>>>>>>>>>>>>>>>>>>>>>>>>>>>>>>>>>>>>
epoch: 22
loss: 0.0218, acc: 1.0000
loss: 0.0359, acc: 0.9931
loss: 0.0316, acc: 0.9933
loss: 0.0453, acc: 0.9885
loss: 0.0502, acc: 0.9883
loss: 0.0506, acc: 0.9881
loss: 0.0507, acc: 0.9881
loss: 0.0503, acc: 0.9880
loss: 0.0517, acc: 0.9879
loss: 0.0514, acc: 0.9872
loss: 0.0570, acc: 0.9850
loss: 0.0585, acc: 0.9836
loss: 0.0578, acc: 0.9834
loss: 0.0562, acc: 0.9846
> val_acc: 0.6614, val_f1: 0.5620
>>>>>>>>>>>>>>>>>>>>>>>>>>>>>>>>>>>>>>>>>>>>>>>>>>>>>>>>>>>>>>>>>>>>>>>>>>>>>>>>>>>>>>>>>>>>>>>>>>>>
epoch: 23
loss: 0.0845, acc: 0.9688
loss: 0.0436, acc: 0.9896
loss: 0.0378, acc: 0.9886
loss: 0.0365, acc: 0.9922
loss: 0.0408, acc: 0.9926
loss: 0.0409, acc: 0.9916
loss: 0.0436, acc: 0.9909
loss: 0.0441, acc: 0.9896
loss: 0.0492, acc: 0.9878
loss: 0.0464, acc: 0.9891
loss: 0.0466, acc: 0.9890
loss: 0.0471, acc: 0.9883
loss: 0.0471, acc: 0.9882
loss: 0.0505, acc: 0.9863
loss: 0.0536, acc: 0.9855
> val_acc: 0.6693, val_f1: 0.5874
>>>>>>>>>>>>>>>>>>>>>>>>>>>>>>>>>>>>>>>>>>>>>>>>>>>>>>>>>>>>>>>>>>>>>>>>>>>>>>>>>>>>>>>>>>>>>>>>>>>>
epoch: 24
loss: 0.0485, acc: 1.0000
loss: 0.0559, acc: 0.9844
loss: 0.0466, acc: 0.9904
loss: 0.0417, acc: 0.9913
loss: 0.0408, acc: 0.9918
loss: 0.0429, acc: 0.9922
loss: 0.0409, acc: 0.9934
loss: 0.0418, acc: 0.9934
loss: 0.0422, acc: 0.9935
loss: 0.0447, acc: 0.9922
loss: 0.0471, acc: 0.9906
loss: 0.0506, acc: 0.9881
loss: 0.0512, acc: 0.9871
loss: 0.0504, acc: 0.9871
loss: 0.0499, acc: 0.9871
> val_acc: 0.6536, val_f1: 0.5570
>>>>>>>>>>>>>>>>>>>>>>>>>>>>>>>>>>>>>>>>>>>>>>>>>>>>>>>>>>>>>>>>>>>>>>>>>>>>>>>>>>>>>>>>>>>>>>>>>>>>
epoch: 25
loss: 0.0406, acc: 0.9938
loss: 0.0643, acc: 0.9812
loss: 0.0565, acc: 0.9833
loss: 0.0543, acc: 0.9859
loss: 0.0509, acc: 0.9875
loss: 0.0527, acc: 0.9875
loss: 0.0507, acc: 0.9884
loss: 0.0533, acc: 0.9867
loss: 0.0520, acc: 0.9875
loss: 0.0526, acc: 0.9875
loss: 0.0525, acc: 0.9881
loss: 0.0522, acc: 0.9880
loss: 0.0530, acc: 0.9880
loss: 0.0510, acc: 0.9884
> val_acc: 0.6411, val_f1: 0.5548
>>>>>>>>>>>>>>>>>>>>>>>>>>>>>>>>>>>>>>>>>>>>>>>>>>>>>>>>>>>>>>>>>>>>>>>>>>>>>>>>>>>>>>>>>>>>>>>>>>>>
epoch: 26
loss: 0.0242, acc: 1.0000
loss: 0.0462, acc: 0.9866
loss: 0.0492, acc: 0.9870
loss: 0.0440, acc: 0.9890
loss: 0.0475, acc: 0.9886
loss: 0.0507, acc: 0.9873
loss: 0.0468, acc: 0.9893
loss: 0.0475, acc: 0.9882
loss: 0.0500, acc: 0.9866
loss: 0.0500, acc: 0.9860
loss: 0.0498, acc: 0.9856
loss: 0.0510, acc: 0.9846
loss: 0.0536, acc: 0.9834
loss: 0.0531, acc: 0.9841
loss: 0.0518, acc: 0.9848
> val_acc: 0.6614, val_f1: 0.5724
>>>>>>>>>>>>>>>>>>>>>>>>>>>>>>>>>>>>>>>>>>>>>>>>>>>>>>>>>>>>>>>>>>>>>>>>>>>>>>>>>>>>>>>>>>>>>>>>>>>>
epoch: 27
loss: 0.0260, acc: 1.0000
loss: 0.0332, acc: 0.9931
loss: 0.0313, acc: 0.9933
loss: 0.0295, acc: 0.9934
loss: 0.0326, acc: 0.9922
loss: 0.0348, acc: 0.9914
loss: 0.0346, acc: 0.9908
loss: 0.0381, acc: 0.9896
loss: 0.0386, acc: 0.9893
loss: 0.0374, acc: 0.9898
loss: 0.0372, acc: 0.9896
loss: 0.0405, acc: 0.9878
loss: 0.0435, acc: 0.9863
loss: 0.0446, acc: 0.9855
> val_acc: 0.6552, val_f1: 0.5657
>>>>>>>>>>>>>>>>>>>>>>>>>>>>>>>>>>>>>>>>>>>>>>>>>>>>>>>>>>>>>>>>>>>>>>>>>>>>>>>>>>>>>>>>>>>>>>>>>>>>
epoch: 28
loss: 0.0170, acc: 1.0000
loss: 0.0305, acc: 0.9896
loss: 0.0329, acc: 0.9886
loss: 0.0474, acc: 0.9824
loss: 0.0538, acc: 0.9792
loss: 0.0530, acc: 0.9808
loss: 0.0494, acc: 0.9829
loss: 0.0498, acc: 0.9826
loss: 0.0490, acc: 0.9825
loss: 0.0508, acc: 0.9823
loss: 0.0482, acc: 0.9835
loss: 0.0493, acc: 0.9844
loss: 0.0491, acc: 0.9851
loss: 0.0490, acc: 0.9858
loss: 0.0481, acc: 0.9864
> val_acc: 0.6630, val_f1: 0.5675
>>>>>>>>>>>>>>>>>>>>>>>>>>>>>>>>>>>>>>>>>>>>>>>>>>>>>>>>>>>>>>>>>>>>>>>>>>>>>>>>>>>>>>>>>>>>>>>>>>>>
epoch: 29
loss: 0.0719, acc: 0.9688
loss: 0.0549, acc: 0.9727
loss: 0.0530, acc: 0.9784
loss: 0.0499, acc: 0.9809
loss: 0.0481, acc: 0.9823
loss: 0.0503, acc: 0.9821
loss: 0.0480, acc: 0.9830
loss: 0.0469, acc: 0.9844
loss: 0.0454, acc: 0.9855
loss: 0.0430, acc: 0.9870
loss: 0.0418, acc: 0.9882
loss: 0.0400, acc: 0.9892
loss: 0.0413, acc: 0.9891
loss: 0.0439, acc: 0.9885
loss: 0.0426, acc: 0.9893
> val_acc: 0.6661, val_f1: 0.5860
>> test_acc: 0.6850, test_f1: 0.6100
