cuda memory allocated: 8544768
n_trainable_params: 811603, n_nontrainable_params: 1323600
> training arguments:
>>> model_name: gcae
>>> dataset: restaurant
>>> optimizer: <class 'torch.optim.adam.Adam'>
>>> initializer: <function xavier_uniform_ at 0x0000022860127620>
>>> learning_rate: 0.0003
>>> momentum: 0.95
>>> dropout: 0.2
>>> l2reg: 5e-05
>>> num_epoch: 30
>>> batch_size: 32
>>> log_step: 5
>>> embed_dim: 300
>>> hidden_dim: 300
>>> bert_dim: 768
>>> pretrained_bert_name: bert-base-uncased
>>> max_seq_len: 80
>>> polarities_dim: 3
>>> hops: 3
>>> device: cuda
>>> seed: 10
>>> valset_ratio: 0
>>> num_layers: 1
>>> in_channels: 100
>>> out_channels: 1
>>> downbot: 10
>>> kernel_size: 3
>>> glove_path: ./glove/glove.840B.300d.txt
>>> model_class: <class 'models.gcae.GCAE'>
>>> dataset_file: {'train': './datasets/semeval14/Restaurants_Train.xml.seg', 'test': './datasets/semeval14/Restaurants_Test_Gold.xml.seg'}
>>> inputs_cols: ['text_raw_indices', 'aspect_indices']
>>>>>>>>>>>>>>>>>>>>>>>>>>>>>>>>>>>>>>>>>>>>>>>>>>>>>>>>>>>>>>>>>>>>>>>>>>>>>>>>>>>>>>>>>>>>>>>>>>>>
epoch: 0
loss: 1.0291, acc: 0.4875
loss: 0.9390, acc: 0.5625
loss: 0.9795, acc: 0.5604
loss: 0.9693, acc: 0.5703
loss: 0.9505, acc: 0.5813
loss: 0.9319, acc: 0.5948
loss: 0.9195, acc: 0.5991
loss: 0.9066, acc: 0.6023
loss: 0.9027, acc: 0.5972
loss: 0.9008, acc: 0.5956
loss: 0.8888, acc: 0.6034
loss: 0.8816, acc: 0.6094
loss: 0.8730, acc: 0.6135
loss: 0.8654, acc: 0.6161
loss: 0.8538, acc: 0.6221
loss: 0.8449, acc: 0.6285
loss: 0.8366, acc: 0.6335
loss: 0.8292, acc: 0.6378
loss: 0.8207, acc: 0.6441
loss: 0.8095, acc: 0.6478
loss: 0.8067, acc: 0.6494
loss: 0.7982, acc: 0.6543
> val_acc: 0.7393, val_f1: 0.5767
>> saved: state_dict/gcae_restaurant_val_acc0.7393
>>>>>>>>>>>>>>>>>>>>>>>>>>>>>>>>>>>>>>>>>>>>>>>>>>>>>>>>>>>>>>>>>>>>>>>>>>>>>>>>>>>>>>>>>>>>>>>>>>>>
epoch: 1
loss: 0.5028, acc: 0.8750
loss: 0.5483, acc: 0.8080
loss: 0.5498, acc: 0.7943
loss: 0.5694, acc: 0.7757
loss: 0.5626, acc: 0.7784
loss: 0.5658, acc: 0.7685
loss: 0.5556, acc: 0.7744
loss: 0.5596, acc: 0.7762
loss: 0.5627, acc: 0.7723
loss: 0.5619, acc: 0.7746
loss: 0.5571, acc: 0.7782
loss: 0.5507, acc: 0.7834
loss: 0.5488, acc: 0.7833
loss: 0.5492, acc: 0.7850
loss: 0.5472, acc: 0.7856
loss: 0.5486, acc: 0.7841
loss: 0.5467, acc: 0.7866
loss: 0.5432, acc: 0.7856
loss: 0.5414, acc: 0.7863
loss: 0.5426, acc: 0.7838
loss: 0.5429, acc: 0.7825
loss: 0.5462, acc: 0.7818
loss: 0.5421, acc: 0.7857
> val_acc: 0.7536, val_f1: 0.5766
>> saved: state_dict/gcae_restaurant_val_acc0.7536
>>>>>>>>>>>>>>>>>>>>>>>>>>>>>>>>>>>>>>>>>>>>>>>>>>>>>>>>>>>>>>>>>>>>>>>>>>>>>>>>>>>>>>>>>>>>>>>>>>>>
epoch: 2
loss: 0.4351, acc: 0.8516
loss: 0.4551, acc: 0.8160
loss: 0.4398, acc: 0.8281
loss: 0.4307, acc: 0.8388
loss: 0.4252, acc: 0.8398
loss: 0.4278, acc: 0.8373
loss: 0.4367, acc: 0.8364
loss: 0.4341, acc: 0.8421
loss: 0.4315, acc: 0.8430
loss: 0.4336, acc: 0.8418
loss: 0.4368, acc: 0.8385
loss: 0.4361, acc: 0.8406
loss: 0.4343, acc: 0.8403
loss: 0.4358, acc: 0.8392
loss: 0.4340, acc: 0.8387
loss: 0.4413, acc: 0.8362
loss: 0.4420, acc: 0.8352
loss: 0.4389, acc: 0.8367
loss: 0.4394, acc: 0.8368
loss: 0.4432, acc: 0.8343
loss: 0.4442, acc: 0.8347
loss: 0.4459, acc: 0.8329
> val_acc: 0.7679, val_f1: 0.6165
>> saved: state_dict/gcae_restaurant_val_acc0.7679
>>>>>>>>>>>>>>>>>>>>>>>>>>>>>>>>>>>>>>>>>>>>>>>>>>>>>>>>>>>>>>>>>>>>>>>>>>>>>>>>>>>>>>>>>>>>>>>>>>>>
epoch: 3
loss: 0.3490, acc: 0.8750
loss: 0.3965, acc: 0.8646
loss: 0.3556, acc: 0.8778
loss: 0.3468, acc: 0.8809
loss: 0.3448, acc: 0.8780
loss: 0.3412, acc: 0.8798
loss: 0.3390, acc: 0.8790
loss: 0.3392, acc: 0.8785
loss: 0.3448, acc: 0.8750
loss: 0.3455, acc: 0.8730
loss: 0.3490, acc: 0.8695
loss: 0.3495, acc: 0.8694
loss: 0.3586, acc: 0.8663
loss: 0.3658, acc: 0.8603
loss: 0.3650, acc: 0.8587
loss: 0.3643, acc: 0.8598
loss: 0.3664, acc: 0.8584
loss: 0.3700, acc: 0.8565
loss: 0.3680, acc: 0.8578
loss: 0.3699, acc: 0.8568
loss: 0.3695, acc: 0.8564
loss: 0.3690, acc: 0.8591
loss: 0.3707, acc: 0.8578
> val_acc: 0.7696, val_f1: 0.6302
>> saved: state_dict/gcae_restaurant_val_acc0.7696
>>>>>>>>>>>>>>>>>>>>>>>>>>>>>>>>>>>>>>>>>>>>>>>>>>>>>>>>>>>>>>>>>>>>>>>>>>>>>>>>>>>>>>>>>>>>>>>>>>>>
epoch: 4
loss: 0.2614, acc: 0.9271
loss: 0.2761, acc: 0.9141
loss: 0.2905, acc: 0.9111
loss: 0.2893, acc: 0.9115
loss: 0.2795, acc: 0.9171
loss: 0.2937, acc: 0.9107
loss: 0.2982, acc: 0.9034
loss: 0.3094, acc: 0.8972
loss: 0.3058, acc: 0.8997
loss: 0.3084, acc: 0.8978
loss: 0.3172, acc: 0.8939
loss: 0.3184, acc: 0.8912
loss: 0.3174, acc: 0.8924
loss: 0.3207, acc: 0.8902
loss: 0.3206, acc: 0.8883
loss: 0.3197, acc: 0.8866
loss: 0.3246, acc: 0.8837
loss: 0.3270, acc: 0.8832
loss: 0.3293, acc: 0.8821
loss: 0.3356, acc: 0.8782
loss: 0.3346, acc: 0.8792
loss: 0.3334, acc: 0.8793
loss: 0.3331, acc: 0.8803
> val_acc: 0.7679, val_f1: 0.6270
>>>>>>>>>>>>>>>>>>>>>>>>>>>>>>>>>>>>>>>>>>>>>>>>>>>>>>>>>>>>>>>>>>>>>>>>>>>>>>>>>>>>>>>>>>>>>>>>>>>>
epoch: 5
loss: 0.2109, acc: 0.9250
loss: 0.2232, acc: 0.9313
loss: 0.2494, acc: 0.9146
loss: 0.2564, acc: 0.9062
loss: 0.2455, acc: 0.9163
loss: 0.2602, acc: 0.9094
loss: 0.2624, acc: 0.9089
loss: 0.2507, acc: 0.9141
loss: 0.2493, acc: 0.9167
loss: 0.2522, acc: 0.9169
loss: 0.2601, acc: 0.9108
loss: 0.2620, acc: 0.9083
loss: 0.2693, acc: 0.9029
loss: 0.2750, acc: 0.8987
loss: 0.2832, acc: 0.8946
loss: 0.2890, acc: 0.8902
loss: 0.2909, acc: 0.8901
loss: 0.2932, acc: 0.8875
loss: 0.2921, acc: 0.8882
loss: 0.2937, acc: 0.8872
loss: 0.2980, acc: 0.8854
loss: 0.2999, acc: 0.8838
> val_acc: 0.7634, val_f1: 0.6251
>>>>>>>>>>>>>>>>>>>>>>>>>>>>>>>>>>>>>>>>>>>>>>>>>>>>>>>>>>>>>>>>>>>>>>>>>>>>>>>>>>>>>>>>>>>>>>>>>>>>
epoch: 6
loss: 0.2542, acc: 0.8906
loss: 0.2515, acc: 0.9062
loss: 0.2277, acc: 0.9193
loss: 0.2299, acc: 0.9191
loss: 0.2430, acc: 0.9148
loss: 0.2483, acc: 0.9097
loss: 0.2478, acc: 0.9121
loss: 0.2440, acc: 0.9155
loss: 0.2551, acc: 0.9129
loss: 0.2553, acc: 0.9122
loss: 0.2645, acc: 0.9062
loss: 0.2596, acc: 0.9106
loss: 0.2625, acc: 0.9078
loss: 0.2611, acc: 0.9067
loss: 0.2564, acc: 0.9080
loss: 0.2598, acc: 0.9075
loss: 0.2640, acc: 0.9051
loss: 0.2673, acc: 0.9034
loss: 0.2655, acc: 0.9042
loss: 0.2640, acc: 0.9053
loss: 0.2654, acc: 0.9038
loss: 0.2668, acc: 0.9016
loss: 0.2655, acc: 0.9021
> val_acc: 0.7688, val_f1: 0.6143
>>>>>>>>>>>>>>>>>>>>>>>>>>>>>>>>>>>>>>>>>>>>>>>>>>>>>>>>>>>>>>>>>>>>>>>>>>>>>>>>>>>>>>>>>>>>>>>>>>>>
epoch: 7
loss: 0.2226, acc: 0.9297
loss: 0.2597, acc: 0.9167
loss: 0.2461, acc: 0.9174
loss: 0.2328, acc: 0.9227
loss: 0.2316, acc: 0.9219
loss: 0.2304, acc: 0.9224
loss: 0.2277, acc: 0.9246
loss: 0.2276, acc: 0.9247
loss: 0.2276, acc: 0.9226
loss: 0.2288, acc: 0.9235
loss: 0.2383, acc: 0.9184
loss: 0.2390, acc: 0.9190
loss: 0.2421, acc: 0.9185
loss: 0.2434, acc: 0.9162
loss: 0.2386, acc: 0.9193
loss: 0.2394, acc: 0.9189
loss: 0.2404, acc: 0.9185
loss: 0.2404, acc: 0.9164
loss: 0.2441, acc: 0.9139
loss: 0.2438, acc: 0.9138
loss: 0.2430, acc: 0.9144
loss: 0.2445, acc: 0.9140
> val_acc: 0.7679, val_f1: 0.6219
>>>>>>>>>>>>>>>>>>>>>>>>>>>>>>>>>>>>>>>>>>>>>>>>>>>>>>>>>>>>>>>>>>>>>>>>>>>>>>>>>>>>>>>>>>>>>>>>>>>>
epoch: 8
loss: 0.0941, acc: 1.0000
loss: 0.2076, acc: 0.9479
loss: 0.2040, acc: 0.9432
loss: 0.1872, acc: 0.9492
loss: 0.1875, acc: 0.9435
loss: 0.1918, acc: 0.9411
loss: 0.1951, acc: 0.9405
loss: 0.1932, acc: 0.9401
loss: 0.1931, acc: 0.9405
loss: 0.2113, acc: 0.9321
loss: 0.2053, acc: 0.9350
loss: 0.2118, acc: 0.9325
loss: 0.2151, acc: 0.9298
loss: 0.2193, acc: 0.9290
loss: 0.2184, acc: 0.9291
loss: 0.2177, acc: 0.9272
loss: 0.2228, acc: 0.9240
loss: 0.2263, acc: 0.9237
loss: 0.2248, acc: 0.9255
loss: 0.2261, acc: 0.9242
loss: 0.2252, acc: 0.9242
loss: 0.2252, acc: 0.9242
loss: 0.2249, acc: 0.9248
> val_acc: 0.7714, val_f1: 0.6301
>> saved: state_dict/gcae_restaurant_val_acc0.7714
>>>>>>>>>>>>>>>>>>>>>>>>>>>>>>>>>>>>>>>>>>>>>>>>>>>>>>>>>>>>>>>>>>>>>>>>>>>>>>>>>>>>>>>>>>>>>>>>>>>>
epoch: 9
loss: 0.2019, acc: 0.9167
loss: 0.2317, acc: 0.9180
loss: 0.2290, acc: 0.9255
loss: 0.2471, acc: 0.9149
loss: 0.2251, acc: 0.9239
loss: 0.2168, acc: 0.9275
loss: 0.2194, acc: 0.9261
loss: 0.2177, acc: 0.9252
loss: 0.2160, acc: 0.9237
loss: 0.2146, acc: 0.9238
loss: 0.2110, acc: 0.9251
loss: 0.2178, acc: 0.9230
loss: 0.2149, acc: 0.9246
loss: 0.2163, acc: 0.9242
loss: 0.2180, acc: 0.9221
loss: 0.2172, acc: 0.9215
loss: 0.2204, acc: 0.9198
loss: 0.2186, acc: 0.9208
loss: 0.2200, acc: 0.9190
loss: 0.2220, acc: 0.9180
loss: 0.2223, acc: 0.9181
loss: 0.2215, acc: 0.9193
loss: 0.2218, acc: 0.9205
> val_acc: 0.7679, val_f1: 0.6114
>>>>>>>>>>>>>>>>>>>>>>>>>>>>>>>>>>>>>>>>>>>>>>>>>>>>>>>>>>>>>>>>>>>>>>>>>>>>>>>>>>>>>>>>>>>>>>>>>>>>
epoch: 10
loss: 0.1834, acc: 0.9313
loss: 0.1697, acc: 0.9375
loss: 0.1568, acc: 0.9417
loss: 0.1610, acc: 0.9359
loss: 0.1594, acc: 0.9363
loss: 0.1628, acc: 0.9323
loss: 0.1663, acc: 0.9348
loss: 0.1706, acc: 0.9328
loss: 0.1806, acc: 0.9278
loss: 0.1837, acc: 0.9281
loss: 0.1836, acc: 0.9267
loss: 0.1826, acc: 0.9266
loss: 0.1859, acc: 0.9264
loss: 0.1887, acc: 0.9241
loss: 0.1861, acc: 0.9267
loss: 0.1925, acc: 0.9234
loss: 0.1938, acc: 0.9228
loss: 0.1931, acc: 0.9233
loss: 0.1959, acc: 0.9217
loss: 0.1958, acc: 0.9216
loss: 0.1978, acc: 0.9193
loss: 0.2006, acc: 0.9190
> val_acc: 0.7625, val_f1: 0.5987
>>>>>>>>>>>>>>>>>>>>>>>>>>>>>>>>>>>>>>>>>>>>>>>>>>>>>>>>>>>>>>>>>>>>>>>>>>>>>>>>>>>>>>>>>>>>>>>>>>>>
epoch: 11
loss: 0.1298, acc: 0.9688
loss: 0.1860, acc: 0.9286
loss: 0.1684, acc: 0.9401
loss: 0.1711, acc: 0.9375
loss: 0.1709, acc: 0.9318
loss: 0.1719, acc: 0.9329
loss: 0.1804, acc: 0.9287
loss: 0.1803, acc: 0.9307
loss: 0.1782, acc: 0.9330
loss: 0.1901, acc: 0.9242
loss: 0.1893, acc: 0.9255
loss: 0.1903, acc: 0.9249
loss: 0.1897, acc: 0.9244
loss: 0.1915, acc: 0.9230
loss: 0.1886, acc: 0.9245
loss: 0.1919, acc: 0.9225
loss: 0.1884, acc: 0.9253
loss: 0.1906, acc: 0.9260
loss: 0.1938, acc: 0.9243
loss: 0.1913, acc: 0.9269
loss: 0.1922, acc: 0.9259
loss: 0.1939, acc: 0.9258
loss: 0.1944, acc: 0.9258
> val_acc: 0.7786, val_f1: 0.6364
>> saved: state_dict/gcae_restaurant_val_acc0.7786
>>>>>>>>>>>>>>>>>>>>>>>>>>>>>>>>>>>>>>>>>>>>>>>>>>>>>>>>>>>>>>>>>>>>>>>>>>>>>>>>>>>>>>>>>>>>>>>>>>>>
epoch: 12
loss: 0.1346, acc: 0.9531
loss: 0.1679, acc: 0.9340
loss: 0.1792, acc: 0.9152
loss: 0.1858, acc: 0.9194
loss: 0.1869, acc: 0.9206
loss: 0.1890, acc: 0.9159
loss: 0.1793, acc: 0.9237
loss: 0.1740, acc: 0.9263
loss: 0.1729, acc: 0.9290
loss: 0.1770, acc: 0.9292
loss: 0.1768, acc: 0.9300
loss: 0.1733, acc: 0.9322
loss: 0.1724, acc: 0.9331
loss: 0.1706, acc: 0.9334
loss: 0.1694, acc: 0.9333
loss: 0.1706, acc: 0.9320
loss: 0.1725, acc: 0.9315
loss: 0.1731, acc: 0.9319
loss: 0.1749, acc: 0.9315
loss: 0.1738, acc: 0.9321
loss: 0.1750, acc: 0.9318
loss: 0.1758, acc: 0.9321
> val_acc: 0.7580, val_f1: 0.5959
>>>>>>>>>>>>>>>>>>>>>>>>>>>>>>>>>>>>>>>>>>>>>>>>>>>>>>>>>>>>>>>>>>>>>>>>>>>>>>>>>>>>>>>>>>>>>>>>>>>>
epoch: 13
loss: 0.0847, acc: 0.9688
loss: 0.1211, acc: 0.9688
loss: 0.1137, acc: 0.9716
loss: 0.1200, acc: 0.9688
loss: 0.1245, acc: 0.9673
loss: 0.1271, acc: 0.9663
loss: 0.1337, acc: 0.9607
loss: 0.1373, acc: 0.9575
loss: 0.1389, acc: 0.9573
loss: 0.1424, acc: 0.9545
loss: 0.1436, acc: 0.9534
loss: 0.1412, acc: 0.9548
loss: 0.1421, acc: 0.9549
loss: 0.1459, acc: 0.9531
loss: 0.1481, acc: 0.9525
loss: 0.1493, acc: 0.9519
loss: 0.1481, acc: 0.9525
loss: 0.1492, acc: 0.9520
loss: 0.1523, acc: 0.9505
loss: 0.1581, acc: 0.9479
loss: 0.1587, acc: 0.9468
loss: 0.1588, acc: 0.9463
loss: 0.1643, acc: 0.9426
> val_acc: 0.7661, val_f1: 0.6179
>>>>>>>>>>>>>>>>>>>>>>>>>>>>>>>>>>>>>>>>>>>>>>>>>>>>>>>>>>>>>>>>>>>>>>>>>>>>>>>>>>>>>>>>>>>>>>>>>>>>
epoch: 14
loss: 0.1104, acc: 0.9792
loss: 0.1215, acc: 0.9688
loss: 0.1212, acc: 0.9615
loss: 0.1160, acc: 0.9653
loss: 0.1161, acc: 0.9660
loss: 0.1227, acc: 0.9643
loss: 0.1287, acc: 0.9621
loss: 0.1266, acc: 0.9638
loss: 0.1325, acc: 0.9600
loss: 0.1302, acc: 0.9590
loss: 0.1350, acc: 0.9564
loss: 0.1354, acc: 0.9569
loss: 0.1400, acc: 0.9554
loss: 0.1414, acc: 0.9545
loss: 0.1439, acc: 0.9533
loss: 0.1423, acc: 0.9539
loss: 0.1494, acc: 0.9499
loss: 0.1493, acc: 0.9496
loss: 0.1516, acc: 0.9489
loss: 0.1529, acc: 0.9480
loss: 0.1551, acc: 0.9469
loss: 0.1615, acc: 0.9447
loss: 0.1619, acc: 0.9446
> val_acc: 0.7714, val_f1: 0.6153
>>>>>>>>>>>>>>>>>>>>>>>>>>>>>>>>>>>>>>>>>>>>>>>>>>>>>>>>>>>>>>>>>>>>>>>>>>>>>>>>>>>>>>>>>>>>>>>>>>>>
epoch: 15
loss: 0.1283, acc: 0.9688
loss: 0.1227, acc: 0.9688
loss: 0.1208, acc: 0.9688
loss: 0.1148, acc: 0.9672
loss: 0.1116, acc: 0.9700
loss: 0.1160, acc: 0.9688
loss: 0.1173, acc: 0.9679
loss: 0.1218, acc: 0.9641
loss: 0.1260, acc: 0.9618
loss: 0.1272, acc: 0.9600
loss: 0.1250, acc: 0.9602
loss: 0.1295, acc: 0.9573
loss: 0.1324, acc: 0.9558
loss: 0.1335, acc: 0.9554
loss: 0.1378, acc: 0.9525
loss: 0.1365, acc: 0.9535
loss: 0.1388, acc: 0.9518
loss: 0.1406, acc: 0.9517
loss: 0.1405, acc: 0.9513
loss: 0.1419, acc: 0.9509
loss: 0.1449, acc: 0.9494
loss: 0.1481, acc: 0.9480
> val_acc: 0.7696, val_f1: 0.6496
>>>>>>>>>>>>>>>>>>>>>>>>>>>>>>>>>>>>>>>>>>>>>>>>>>>>>>>>>>>>>>>>>>>>>>>>>>>>>>>>>>>>>>>>>>>>>>>>>>>>
epoch: 16
loss: 0.0469, acc: 1.0000
loss: 0.1308, acc: 0.9464
loss: 0.1185, acc: 0.9531
loss: 0.1224, acc: 0.9577
loss: 0.1350, acc: 0.9517
loss: 0.1363, acc: 0.9537
loss: 0.1394, acc: 0.9521
loss: 0.1347, acc: 0.9527
loss: 0.1348, acc: 0.9524
loss: 0.1378, acc: 0.9501
loss: 0.1412, acc: 0.9489
loss: 0.1419, acc: 0.9479
loss: 0.1421, acc: 0.9461
loss: 0.1464, acc: 0.9450
loss: 0.1453, acc: 0.9453
loss: 0.1445, acc: 0.9452
loss: 0.1504, acc: 0.9425
loss: 0.1480, acc: 0.9429
loss: 0.1486, acc: 0.9423
loss: 0.1514, acc: 0.9420
loss: 0.1533, acc: 0.9409
loss: 0.1522, acc: 0.9413
loss: 0.1533, acc: 0.9414
> val_acc: 0.7759, val_f1: 0.6401
>>>>>>>>>>>>>>>>>>>>>>>>>>>>>>>>>>>>>>>>>>>>>>>>>>>>>>>>>>>>>>>>>>>>>>>>>>>>>>>>>>>>>>>>>>>>>>>>>>>>
epoch: 17
loss: 0.1219, acc: 0.9609
loss: 0.1162, acc: 0.9653
loss: 0.1078, acc: 0.9665
loss: 0.1076, acc: 0.9671
loss: 0.1099, acc: 0.9661
loss: 0.1048, acc: 0.9677
loss: 0.1063, acc: 0.9678
loss: 0.1097, acc: 0.9639
loss: 0.1115, acc: 0.9638
loss: 0.1091, acc: 0.9643
loss: 0.1122, acc: 0.9612
loss: 0.1124, acc: 0.9624
loss: 0.1237, acc: 0.9590
loss: 0.1245, acc: 0.9588
loss: 0.1270, acc: 0.9578
loss: 0.1342, acc: 0.9553
loss: 0.1369, acc: 0.9550
loss: 0.1363, acc: 0.9554
loss: 0.1380, acc: 0.9545
loss: 0.1376, acc: 0.9552
loss: 0.1367, acc: 0.9552
loss: 0.1357, acc: 0.9553
> val_acc: 0.7696, val_f1: 0.6307
>>>>>>>>>>>>>>>>>>>>>>>>>>>>>>>>>>>>>>>>>>>>>>>>>>>>>>>>>>>>>>>>>>>>>>>>>>>>>>>>>>>>>>>>>>>>>>>>>>>>
epoch: 18
loss: 0.0536, acc: 1.0000
loss: 0.0851, acc: 0.9896
loss: 0.1117, acc: 0.9602
loss: 0.1048, acc: 0.9648
loss: 0.0997, acc: 0.9673
loss: 0.1026, acc: 0.9663
loss: 0.1039, acc: 0.9677
loss: 0.1051, acc: 0.9670
loss: 0.1054, acc: 0.9665
loss: 0.1079, acc: 0.9660
loss: 0.1048, acc: 0.9669
loss: 0.1034, acc: 0.9676
loss: 0.1080, acc: 0.9662
loss: 0.1090, acc: 0.9669
loss: 0.1111, acc: 0.9639
loss: 0.1143, acc: 0.9626
loss: 0.1175, acc: 0.9606
loss: 0.1158, acc: 0.9615
loss: 0.1173, acc: 0.9598
loss: 0.1243, acc: 0.9583
loss: 0.1252, acc: 0.9585
loss: 0.1293, acc: 0.9564
loss: 0.1323, acc: 0.9547
> val_acc: 0.7723, val_f1: 0.6445
>>>>>>>>>>>>>>>>>>>>>>>>>>>>>>>>>>>>>>>>>>>>>>>>>>>>>>>>>>>>>>>>>>>>>>>>>>>>>>>>>>>>>>>>>>>>>>>>>>>>
epoch: 19
loss: 0.1014, acc: 0.9688
loss: 0.1322, acc: 0.9570
loss: 0.1220, acc: 0.9615
loss: 0.1268, acc: 0.9566
loss: 0.1323, acc: 0.9592
loss: 0.1258, acc: 0.9609
loss: 0.1321, acc: 0.9564
loss: 0.1258, acc: 0.9572
loss: 0.1271, acc: 0.9578
loss: 0.1274, acc: 0.9564
loss: 0.1275, acc: 0.9564
loss: 0.1249, acc: 0.9574
loss: 0.1251, acc: 0.9563
loss: 0.1270, acc: 0.9540
loss: 0.1247, acc: 0.9546
loss: 0.1259, acc: 0.9543
loss: 0.1258, acc: 0.9541
loss: 0.1254, acc: 0.9542
loss: 0.1259, acc: 0.9536
loss: 0.1259, acc: 0.9538
loss: 0.1293, acc: 0.9530
loss: 0.1294, acc: 0.9520
loss: 0.1292, acc: 0.9523
> val_acc: 0.7696, val_f1: 0.6311
>>>>>>>>>>>>>>>>>>>>>>>>>>>>>>>>>>>>>>>>>>>>>>>>>>>>>>>>>>>>>>>>>>>>>>>>>>>>>>>>>>>>>>>>>>>>>>>>>>>>
epoch: 20
loss: 0.0753, acc: 0.9875
loss: 0.0965, acc: 0.9750
loss: 0.0886, acc: 0.9771
loss: 0.0930, acc: 0.9719
loss: 0.0954, acc: 0.9700
loss: 0.0993, acc: 0.9688
loss: 0.0980, acc: 0.9696
loss: 0.0993, acc: 0.9695
loss: 0.1020, acc: 0.9674
loss: 0.0991, acc: 0.9694
loss: 0.1049, acc: 0.9659
loss: 0.1046, acc: 0.9661
loss: 0.1054, acc: 0.9654
loss: 0.1100, acc: 0.9629
loss: 0.1138, acc: 0.9600
loss: 0.1159, acc: 0.9594
loss: 0.1170, acc: 0.9596
loss: 0.1187, acc: 0.9583
loss: 0.1176, acc: 0.9592
loss: 0.1176, acc: 0.9594
loss: 0.1182, acc: 0.9595
loss: 0.1193, acc: 0.9591
> val_acc: 0.7732, val_f1: 0.6389
>>>>>>>>>>>>>>>>>>>>>>>>>>>>>>>>>>>>>>>>>>>>>>>>>>>>>>>>>>>>>>>>>>>>>>>>>>>>>>>>>>>>>>>>>>>>>>>>>>>>
epoch: 21
loss: 0.0819, acc: 0.9844
loss: 0.0963, acc: 0.9777
loss: 0.0861, acc: 0.9792
loss: 0.0876, acc: 0.9743
loss: 0.0908, acc: 0.9716
loss: 0.0863, acc: 0.9745
loss: 0.0912, acc: 0.9736
loss: 0.0921, acc: 0.9721
loss: 0.0926, acc: 0.9717
loss: 0.0915, acc: 0.9721
loss: 0.0875, acc: 0.9730
loss: 0.0941, acc: 0.9709
loss: 0.0951, acc: 0.9708
loss: 0.0983, acc: 0.9692
loss: 0.0988, acc: 0.9692
loss: 0.1002, acc: 0.9692
loss: 0.1018, acc: 0.9672
loss: 0.1031, acc: 0.9659
loss: 0.1062, acc: 0.9660
loss: 0.1061, acc: 0.9659
loss: 0.1070, acc: 0.9654
loss: 0.1090, acc: 0.9647
loss: 0.1095, acc: 0.9648
> val_acc: 0.7750, val_f1: 0.6260
>>>>>>>>>>>>>>>>>>>>>>>>>>>>>>>>>>>>>>>>>>>>>>>>>>>>>>>>>>>>>>>>>>>>>>>>>>>>>>>>>>>>>>>>>>>>>>>>>>>>
epoch: 22
loss: 0.1140, acc: 0.9609
loss: 0.0981, acc: 0.9688
loss: 0.0934, acc: 0.9710
loss: 0.0858, acc: 0.9737
loss: 0.0834, acc: 0.9766
loss: 0.0907, acc: 0.9741
loss: 0.0912, acc: 0.9733
loss: 0.0953, acc: 0.9696
loss: 0.0905, acc: 0.9716
loss: 0.0904, acc: 0.9707
loss: 0.0913, acc: 0.9699
loss: 0.0920, acc: 0.9688
loss: 0.0941, acc: 0.9688
loss: 0.0923, acc: 0.9706
loss: 0.0918, acc: 0.9709
loss: 0.0980, acc: 0.9688
loss: 0.0989, acc: 0.9676
loss: 0.1020, acc: 0.9663
loss: 0.1020, acc: 0.9654
loss: 0.1031, acc: 0.9643
loss: 0.1024, acc: 0.9645
loss: 0.1025, acc: 0.9650
> val_acc: 0.7777, val_f1: 0.6373
>>>>>>>>>>>>>>>>>>>>>>>>>>>>>>>>>>>>>>>>>>>>>>>>>>>>>>>>>>>>>>>>>>>>>>>>>>>>>>>>>>>>>>>>>>>>>>>>>>>>
epoch: 23
loss: 0.1335, acc: 0.9688
loss: 0.0820, acc: 0.9844
loss: 0.0793, acc: 0.9801
loss: 0.0924, acc: 0.9727
loss: 0.0930, acc: 0.9717
loss: 0.0904, acc: 0.9724
loss: 0.0875, acc: 0.9708
loss: 0.0882, acc: 0.9688
loss: 0.0879, acc: 0.9695
loss: 0.0879, acc: 0.9688
loss: 0.0848, acc: 0.9700
loss: 0.0865, acc: 0.9704
loss: 0.0882, acc: 0.9693
loss: 0.0917, acc: 0.9683
loss: 0.0932, acc: 0.9670
loss: 0.0944, acc: 0.9671
loss: 0.0975, acc: 0.9645
loss: 0.0978, acc: 0.9648
loss: 0.0983, acc: 0.9643
loss: 0.0967, acc: 0.9652
loss: 0.0964, acc: 0.9660
loss: 0.0974, acc: 0.9655
loss: 0.0970, acc: 0.9659
> val_acc: 0.7679, val_f1: 0.6254
>>>>>>>>>>>>>>>>>>>>>>>>>>>>>>>>>>>>>>>>>>>>>>>>>>>>>>>>>>>>>>>>>>>>>>>>>>>>>>>>>>>>>>>>>>>>>>>>>>>>
epoch: 24
loss: 0.0411, acc: 0.9896
loss: 0.0593, acc: 0.9844
loss: 0.0671, acc: 0.9832
loss: 0.0625, acc: 0.9826
loss: 0.0677, acc: 0.9783
loss: 0.0696, acc: 0.9777
loss: 0.0702, acc: 0.9754
loss: 0.0671, acc: 0.9778
loss: 0.0691, acc: 0.9767
loss: 0.0760, acc: 0.9753
loss: 0.0763, acc: 0.9746
loss: 0.0759, acc: 0.9758
loss: 0.0767, acc: 0.9757
loss: 0.0833, acc: 0.9729
loss: 0.0804, acc: 0.9735
loss: 0.0841, acc: 0.9712
loss: 0.0853, acc: 0.9695
loss: 0.0866, acc: 0.9688
loss: 0.0869, acc: 0.9688
loss: 0.0871, acc: 0.9678
loss: 0.0876, acc: 0.9678
loss: 0.0897, acc: 0.9670
loss: 0.0915, acc: 0.9667
> val_acc: 0.7679, val_f1: 0.6480
>>>>>>>>>>>>>>>>>>>>>>>>>>>>>>>>>>>>>>>>>>>>>>>>>>>>>>>>>>>>>>>>>>>>>>>>>>>>>>>>>>>>>>>>>>>>>>>>>>>>
epoch: 25
loss: 0.0727, acc: 0.9625
loss: 0.0893, acc: 0.9625
loss: 0.0845, acc: 0.9667
loss: 0.0849, acc: 0.9641
loss: 0.0837, acc: 0.9637
loss: 0.0811, acc: 0.9667
loss: 0.0825, acc: 0.9670
loss: 0.0809, acc: 0.9688
loss: 0.0778, acc: 0.9715
loss: 0.0782, acc: 0.9719
loss: 0.0816, acc: 0.9716
loss: 0.0826, acc: 0.9719
loss: 0.0847, acc: 0.9702
loss: 0.0840, acc: 0.9710
loss: 0.0857, acc: 0.9704
loss: 0.0861, acc: 0.9707
loss: 0.0857, acc: 0.9710
loss: 0.0860, acc: 0.9705
loss: 0.0859, acc: 0.9707
loss: 0.0859, acc: 0.9703
loss: 0.0880, acc: 0.9696
loss: 0.0887, acc: 0.9693
> val_acc: 0.7679, val_f1: 0.6380
>>>>>>>>>>>>>>>>>>>>>>>>>>>>>>>>>>>>>>>>>>>>>>>>>>>>>>>>>>>>>>>>>>>>>>>>>>>>>>>>>>>>>>>>>>>>>>>>>>>>
epoch: 26
loss: 0.0630, acc: 0.9844
loss: 0.0542, acc: 0.9866
loss: 0.0525, acc: 0.9870
loss: 0.0634, acc: 0.9835
loss: 0.0664, acc: 0.9830
loss: 0.0668, acc: 0.9838
loss: 0.0636, acc: 0.9854
loss: 0.0636, acc: 0.9848
loss: 0.0618, acc: 0.9851
loss: 0.0643, acc: 0.9840
loss: 0.0674, acc: 0.9826
loss: 0.0764, acc: 0.9781
loss: 0.0790, acc: 0.9758
loss: 0.0775, acc: 0.9767
loss: 0.0784, acc: 0.9766
loss: 0.0789, acc: 0.9761
loss: 0.0784, acc: 0.9760
loss: 0.0788, acc: 0.9756
loss: 0.0787, acc: 0.9755
loss: 0.0805, acc: 0.9749
loss: 0.0843, acc: 0.9730
loss: 0.0854, acc: 0.9714
loss: 0.0858, acc: 0.9713
> val_acc: 0.7643, val_f1: 0.6121
>>>>>>>>>>>>>>>>>>>>>>>>>>>>>>>>>>>>>>>>>>>>>>>>>>>>>>>>>>>>>>>>>>>>>>>>>>>>>>>>>>>>>>>>>>>>>>>>>>>>
epoch: 27
loss: 0.0652, acc: 0.9922
loss: 0.0598, acc: 0.9931
loss: 0.0771, acc: 0.9821
loss: 0.0794, acc: 0.9803
loss: 0.0815, acc: 0.9818
loss: 0.0778, acc: 0.9828
loss: 0.0712, acc: 0.9844
loss: 0.0718, acc: 0.9848
loss: 0.0754, acc: 0.9844
loss: 0.0752, acc: 0.9821
loss: 0.0740, acc: 0.9821
loss: 0.0740, acc: 0.9809
loss: 0.0785, acc: 0.9790
loss: 0.0785, acc: 0.9787
loss: 0.0783, acc: 0.9785
loss: 0.0782, acc: 0.9794
loss: 0.0800, acc: 0.9784
loss: 0.0815, acc: 0.9772
loss: 0.0796, acc: 0.9777
loss: 0.0785, acc: 0.9779
loss: 0.0797, acc: 0.9775
loss: 0.0795, acc: 0.9776
> val_acc: 0.7750, val_f1: 0.6406
>>>>>>>>>>>>>>>>>>>>>>>>>>>>>>>>>>>>>>>>>>>>>>>>>>>>>>>>>>>>>>>>>>>>>>>>>>>>>>>>>>>>>>>>>>>>>>>>>>>>
epoch: 28
loss: 0.0381, acc: 1.0000
loss: 0.0413, acc: 0.9948
loss: 0.0506, acc: 0.9886
loss: 0.0535, acc: 0.9824
loss: 0.0622, acc: 0.9821
loss: 0.0585, acc: 0.9832
loss: 0.0609, acc: 0.9819
loss: 0.0606, acc: 0.9818
loss: 0.0627, acc: 0.9809
loss: 0.0663, acc: 0.9810
loss: 0.0668, acc: 0.9816
loss: 0.0652, acc: 0.9821
loss: 0.0665, acc: 0.9810
loss: 0.0648, acc: 0.9820
loss: 0.0635, acc: 0.9828
loss: 0.0639, acc: 0.9836
loss: 0.0666, acc: 0.9826
loss: 0.0665, acc: 0.9833
loss: 0.0671, acc: 0.9832
loss: 0.0670, acc: 0.9827
loss: 0.0677, acc: 0.9821
loss: 0.0671, acc: 0.9823
loss: 0.0661, acc: 0.9825
> val_acc: 0.7580, val_f1: 0.5983
>>>>>>>>>>>>>>>>>>>>>>>>>>>>>>>>>>>>>>>>>>>>>>>>>>>>>>>>>>>>>>>>>>>>>>>>>>>>>>>>>>>>>>>>>>>>>>>>>>>>
epoch: 29
loss: 0.0459, acc: 1.0000
loss: 0.0412, acc: 0.9961
loss: 0.0483, acc: 0.9880
loss: 0.0528, acc: 0.9844
loss: 0.0528, acc: 0.9864
loss: 0.0555, acc: 0.9844
loss: 0.0531, acc: 0.9858
loss: 0.0578, acc: 0.9860
loss: 0.0573, acc: 0.9855
loss: 0.0632, acc: 0.9844
loss: 0.0672, acc: 0.9829
loss: 0.0660, acc: 0.9838
loss: 0.0667, acc: 0.9846
loss: 0.0688, acc: 0.9835
loss: 0.0668, acc: 0.9846
loss: 0.0695, acc: 0.9836
loss: 0.0690, acc: 0.9834
loss: 0.0686, acc: 0.9826
loss: 0.0716, acc: 0.9819
loss: 0.0717, acc: 0.9818
loss: 0.0760, acc: 0.9806
loss: 0.0741, acc: 0.9815
loss: 0.0752, acc: 0.9809
> val_acc: 0.7696, val_f1: 0.6167
>> test_acc: 0.7786, test_f1: 0.6364
