cuda memory allocated: 8070144
n_trainable_params: 689855, n_nontrainable_params: 1323600
> training arguments:
>>> model_name: gcnn
>>> dataset: restaurant
>>> optimizer: <class 'torch.optim.asgd.ASGD'>
>>> initializer: <function xavier_uniform_ at 0x000001A69F8486A8>
>>> learning_rate: 1
>>> momentum: 0.95
>>> dropout: 0.5
>>> l2reg: 5e-05
>>> num_epoch: 10
>>> batch_size: 50
>>> log_step: 5
>>> embed_dim: 300
>>> hidden_dim: 300
>>> bert_dim: 768
>>> pretrained_bert_name: bert-base-uncased
>>> max_seq_len: 80
>>> polarities_dim: 3
>>> hops: 3
>>> device: cuda
>>> seed: None
>>> valset_ratio: 0
>>> num_layers: 1
>>> in_channels: 300
>>> out_channels: 1
>>> downbot: 8
>>> kernel_size: 10
>>> glove_path: ./glove/glove.840B.300d.txt
>>> model_class: <class 'models.gated_cnn.Gated_CNN'>
>>> dataset_file: {'train': './datasets/semeval14/Restaurants_Train.xml.seg', 'test': './datasets/semeval14/Restaurants_Test_Gold.xml.seg'}
>>> inputs_cols: ['text_raw_indices']
cuda memory allocated: 8070144
n_trainable_params: 689855, n_nontrainable_params: 1323600
> training arguments:
>>> model_name: gcnn
>>> dataset: restaurant
>>> optimizer: <class 'torch.optim.asgd.ASGD'>
>>> initializer: <function xavier_uniform_ at 0x0000020D0B8A76A8>
>>> learning_rate: 1
>>> momentum: 0.95
>>> dropout: 0.5
>>> l2reg: 5e-05
>>> num_epoch: 10
>>> batch_size: 50
>>> log_step: 5
>>> embed_dim: 300
>>> hidden_dim: 300
>>> bert_dim: 768
>>> pretrained_bert_name: bert-base-uncased
>>> max_seq_len: 80
>>> polarities_dim: 3
>>> hops: 3
>>> device: cuda
>>> seed: None
>>> valset_ratio: 0
>>> num_layers: 1
>>> in_channels: 300
>>> out_channels: 1
>>> downbot: 8
>>> kernel_size: 10
>>> glove_path: ./glove/glove.840B.300d.txt
>>> model_class: <class 'models.gated_cnn.Gated_CNN'>
>>> dataset_file: {'train': './datasets/semeval14/Restaurants_Train.xml.seg', 'test': './datasets/semeval14/Restaurants_Test_Gold.xml.seg'}
>>> inputs_cols: ['text_raw_indices']
