cuda memory allocated: 13975040
n_trainable_params: 2168403, n_nontrainable_params: 1323600
> training arguments:
>>> model_name: ian
>>> dataset: restaurant
>>> optimizer: <class 'torch.optim.adam.Adam'>
>>> initializer: <function xavier_uniform_ at 0x000001EE43F88730>
>>> learning_rate: 0.0003
>>> dropout: 0.5
>>> l2reg: 1e-05
>>> num_epoch: 50
>>> batch_size: 32
>>> log_step: 5
>>> embed_dim: 300
>>> hidden_dim: 300
>>> bert_dim: 768
>>> pretrained_bert_name: bert-base-uncased
>>> max_seq_len: 80
>>> polarities_dim: 3
>>> hops: 3
>>> device: cuda
>>> seed: None
>>> valset_ratio: 0
>>> glove_path: ./glove/glove.840B.300d.txt
>>> model_class: <class 'models.ian.IAN'>
>>> dataset_file: {'train': './datasets/semeval14/Restaurants_Train.xml.seg', 'test': './datasets/semeval14/Restaurants_Test_Gold.xml.seg'}
>>> inputs_cols: ['text_raw_indices', 'aspect_indices']
>>>>>>>>>>>>>>>>>>>>>>>>>>>>>>>>>>>>>>>>>>>>>>>>>>>>>>>>>>>>>>>>>>>>>>>>>>>>>>>>>>>>>>>>>>>>>>>>>>>>
epoch: 0
loss: 1.0773, acc: 0.3625
loss: 1.0574, acc: 0.4344
loss: 1.0083, acc: 0.4979
loss: 0.9700, acc: 0.5359
loss: 0.9754, acc: 0.5387
loss: 0.9514, acc: 0.5563
loss: 0.9270, acc: 0.5705
loss: 0.9134, acc: 0.5813
loss: 0.9073, acc: 0.5896
loss: 0.8990, acc: 0.5988
loss: 0.8971, acc: 0.5983
loss: 0.8857, acc: 0.6052
loss: 0.8705, acc: 0.6149
loss: 0.8669, acc: 0.6156
loss: 0.8565, acc: 0.6233
loss: 0.8439, acc: 0.6293
loss: 0.8408, acc: 0.6327
loss: 0.8334, acc: 0.6358
loss: 0.8260, acc: 0.6395
loss: 0.8176, acc: 0.6431
loss: 0.8106, acc: 0.6473
loss: 0.8091, acc: 0.6474
> val_acc: 0.7357, val_f1: 0.5526
>> saved: state_dict/ian_restaurant_val_acc0.7357
>>>>>>>>>>>>>>>>>>>>>>>>>>>>>>>>>>>>>>>>>>>>>>>>>>>>>>>>>>>>>>>>>>>>>>>>>>>>>>>>>>>>>>>>>>>>>>>>>>>>
epoch: 1
loss: 0.8088, acc: 0.6250
loss: 0.7294, acc: 0.6696
loss: 0.6984, acc: 0.6979
loss: 0.6948, acc: 0.7059
loss: 0.7036, acc: 0.7060
loss: 0.6882, acc: 0.7083
loss: 0.6753, acc: 0.7119
loss: 0.6581, acc: 0.7204
loss: 0.6530, acc: 0.7269
loss: 0.6533, acc: 0.7287
loss: 0.6487, acc: 0.7320
loss: 0.6474, acc: 0.7330
loss: 0.6517, acc: 0.7314
loss: 0.6520, acc: 0.7323
loss: 0.6483, acc: 0.7352
loss: 0.6462, acc: 0.7362
loss: 0.6467, acc: 0.7355
loss: 0.6462, acc: 0.7356
loss: 0.6489, acc: 0.7340
loss: 0.6477, acc: 0.7336
loss: 0.6467, acc: 0.7331
loss: 0.6456, acc: 0.7342
loss: 0.6444, acc: 0.7333
> val_acc: 0.7598, val_f1: 0.5883
>> saved: state_dict/ian_restaurant_val_acc0.7598
>>>>>>>>>>>>>>>>>>>>>>>>>>>>>>>>>>>>>>>>>>>>>>>>>>>>>>>>>>>>>>>>>>>>>>>>>>>>>>>>>>>>>>>>>>>>>>>>>>>>
epoch: 2
loss: 0.5078, acc: 0.8203
loss: 0.5339, acc: 0.7708
loss: 0.5024, acc: 0.7946
loss: 0.5415, acc: 0.7812
loss: 0.5505, acc: 0.7669
loss: 0.5304, acc: 0.7780
loss: 0.5525, acc: 0.7629
loss: 0.5572, acc: 0.7620
loss: 0.5513, acc: 0.7635
loss: 0.5436, acc: 0.7653
loss: 0.5481, acc: 0.7610
loss: 0.5527, acc: 0.7590
loss: 0.5579, acc: 0.7559
loss: 0.5558, acc: 0.7591
loss: 0.5632, acc: 0.7551
loss: 0.5619, acc: 0.7571
loss: 0.5704, acc: 0.7533
loss: 0.5752, acc: 0.7528
loss: 0.5754, acc: 0.7530
loss: 0.5715, acc: 0.7566
loss: 0.5700, acc: 0.7584
loss: 0.5704, acc: 0.7597
> val_acc: 0.7491, val_f1: 0.5458
>>>>>>>>>>>>>>>>>>>>>>>>>>>>>>>>>>>>>>>>>>>>>>>>>>>>>>>>>>>>>>>>>>>>>>>>>>>>>>>>>>>>>>>>>>>>>>>>>>>>
epoch: 3
loss: 0.4393, acc: 0.8125
loss: 0.4654, acc: 0.8177
loss: 0.4516, acc: 0.8210
loss: 0.4254, acc: 0.8281
loss: 0.4565, acc: 0.8170
loss: 0.4571, acc: 0.8173
loss: 0.4638, acc: 0.8185
loss: 0.4850, acc: 0.8134
loss: 0.4821, acc: 0.8140
loss: 0.4807, acc: 0.8166
loss: 0.4840, acc: 0.8119
loss: 0.4930, acc: 0.8069
loss: 0.4871, acc: 0.8094
loss: 0.4907, acc: 0.8054
loss: 0.4929, acc: 0.8041
loss: 0.4898, acc: 0.8067
loss: 0.4956, acc: 0.8044
loss: 0.4982, acc: 0.8027
loss: 0.5055, acc: 0.7977
loss: 0.5078, acc: 0.7956
loss: 0.5058, acc: 0.7967
loss: 0.5025, acc: 0.7972
loss: 0.5070, acc: 0.7967
> val_acc: 0.7661, val_f1: 0.6213
>> saved: state_dict/ian_restaurant_val_acc0.7661
>>>>>>>>>>>>>>>>>>>>>>>>>>>>>>>>>>>>>>>>>>>>>>>>>>>>>>>>>>>>>>>>>>>>>>>>>>>>>>>>>>>>>>>>>>>>>>>>>>>>
epoch: 4
loss: 0.5209, acc: 0.7500
loss: 0.4678, acc: 0.7969
loss: 0.4305, acc: 0.8221
loss: 0.4274, acc: 0.8247
loss: 0.4372, acc: 0.8179
loss: 0.4425, acc: 0.8170
loss: 0.4321, acc: 0.8210
loss: 0.4359, acc: 0.8183
loss: 0.4350, acc: 0.8212
loss: 0.4332, acc: 0.8229
loss: 0.4420, acc: 0.8178
loss: 0.4423, acc: 0.8163
loss: 0.4386, acc: 0.8185
loss: 0.4408, acc: 0.8148
loss: 0.4408, acc: 0.8134
loss: 0.4352, acc: 0.8157
loss: 0.4361, acc: 0.8155
loss: 0.4366, acc: 0.8171
loss: 0.4365, acc: 0.8196
loss: 0.4338, acc: 0.8198
loss: 0.4376, acc: 0.8180
loss: 0.4371, acc: 0.8183
loss: 0.4380, acc: 0.8179
> val_acc: 0.7705, val_f1: 0.6364
>> saved: state_dict/ian_restaurant_val_acc0.7705
>>>>>>>>>>>>>>>>>>>>>>>>>>>>>>>>>>>>>>>>>>>>>>>>>>>>>>>>>>>>>>>>>>>>>>>>>>>>>>>>>>>>>>>>>>>>>>>>>>>>
epoch: 5
loss: 0.3630, acc: 0.8562
loss: 0.3730, acc: 0.8625
loss: 0.3588, acc: 0.8667
loss: 0.3532, acc: 0.8641
loss: 0.3554, acc: 0.8612
loss: 0.3580, acc: 0.8573
loss: 0.3601, acc: 0.8562
loss: 0.3548, acc: 0.8578
loss: 0.3612, acc: 0.8542
loss: 0.3598, acc: 0.8550
loss: 0.3656, acc: 0.8534
loss: 0.3652, acc: 0.8547
loss: 0.3649, acc: 0.8543
loss: 0.3712, acc: 0.8504
loss: 0.3667, acc: 0.8538
loss: 0.3669, acc: 0.8535
loss: 0.3709, acc: 0.8522
loss: 0.3775, acc: 0.8490
loss: 0.3822, acc: 0.8461
loss: 0.3835, acc: 0.8472
loss: 0.3848, acc: 0.8443
loss: 0.3884, acc: 0.8426
> val_acc: 0.7679, val_f1: 0.6626
>>>>>>>>>>>>>>>>>>>>>>>>>>>>>>>>>>>>>>>>>>>>>>>>>>>>>>>>>>>>>>>>>>>>>>>>>>>>>>>>>>>>>>>>>>>>>>>>>>>>
epoch: 6
loss: 0.3227, acc: 0.9062
loss: 0.3647, acc: 0.8393
loss: 0.3195, acc: 0.8672
loss: 0.3139, acc: 0.8695
loss: 0.3230, acc: 0.8636
loss: 0.3180, acc: 0.8681
loss: 0.3099, acc: 0.8721
loss: 0.3132, acc: 0.8699
loss: 0.3120, acc: 0.8720
loss: 0.3217, acc: 0.8703
loss: 0.3144, acc: 0.8738
loss: 0.3144, acc: 0.8750
loss: 0.3151, acc: 0.8735
loss: 0.3165, acc: 0.8727
loss: 0.3145, acc: 0.8737
loss: 0.3230, acc: 0.8722
loss: 0.3297, acc: 0.8689
loss: 0.3304, acc: 0.8693
loss: 0.3326, acc: 0.8685
loss: 0.3337, acc: 0.8669
loss: 0.3320, acc: 0.8664
loss: 0.3325, acc: 0.8654
loss: 0.3370, acc: 0.8633
> val_acc: 0.7679, val_f1: 0.6413
>>>>>>>>>>>>>>>>>>>>>>>>>>>>>>>>>>>>>>>>>>>>>>>>>>>>>>>>>>>>>>>>>>>>>>>>>>>>>>>>>>>>>>>>>>>>>>>>>>>>
epoch: 7
loss: 0.2859, acc: 0.8750
loss: 0.3053, acc: 0.8681
loss: 0.3081, acc: 0.8683
loss: 0.2940, acc: 0.8766
loss: 0.3152, acc: 0.8672
loss: 0.3027, acc: 0.8696
loss: 0.3040, acc: 0.8695
loss: 0.2962, acc: 0.8750
loss: 0.2977, acc: 0.8757
loss: 0.2961, acc: 0.8737
loss: 0.2950, acc: 0.8750
loss: 0.2942, acc: 0.8755
loss: 0.2927, acc: 0.8750
loss: 0.3000, acc: 0.8732
loss: 0.3007, acc: 0.8704
loss: 0.2988, acc: 0.8714
loss: 0.2975, acc: 0.8735
loss: 0.2957, acc: 0.8739
loss: 0.3012, acc: 0.8727
loss: 0.3000, acc: 0.8734
loss: 0.3015, acc: 0.8732
loss: 0.3031, acc: 0.8730
> val_acc: 0.7616, val_f1: 0.6468
>>>>>>>>>>>>>>>>>>>>>>>>>>>>>>>>>>>>>>>>>>>>>>>>>>>>>>>>>>>>>>>>>>>>>>>>>>>>>>>>>>>>>>>>>>>>>>>>>>>>
epoch: 8
loss: 0.2019, acc: 0.9062
loss: 0.3378, acc: 0.8594
loss: 0.3381, acc: 0.8551
loss: 0.3026, acc: 0.8809
loss: 0.3027, acc: 0.8869
loss: 0.2913, acc: 0.8882
loss: 0.2896, acc: 0.8891
loss: 0.2815, acc: 0.8889
loss: 0.2752, acc: 0.8902
loss: 0.2676, acc: 0.8933
loss: 0.2659, acc: 0.8971
loss: 0.2633, acc: 0.8979
loss: 0.2602, acc: 0.8981
loss: 0.2584, acc: 0.8977
loss: 0.2579, acc: 0.8966
loss: 0.2617, acc: 0.8956
loss: 0.2611, acc: 0.8954
loss: 0.2612, acc: 0.8957
loss: 0.2589, acc: 0.8956
loss: 0.2581, acc: 0.8955
loss: 0.2580, acc: 0.8948
loss: 0.2598, acc: 0.8956
loss: 0.2605, acc: 0.8950
> val_acc: 0.7598, val_f1: 0.6242
>>>>>>>>>>>>>>>>>>>>>>>>>>>>>>>>>>>>>>>>>>>>>>>>>>>>>>>>>>>>>>>>>>>>>>>>>>>>>>>>>>>>>>>>>>>>>>>>>>>>
epoch: 9
loss: 0.2201, acc: 0.9167
loss: 0.2119, acc: 0.9180
loss: 0.2109, acc: 0.9207
loss: 0.2393, acc: 0.9115
loss: 0.2413, acc: 0.9076
loss: 0.2396, acc: 0.9085
loss: 0.2378, acc: 0.9072
loss: 0.2405, acc: 0.9071
loss: 0.2296, acc: 0.9128
loss: 0.2242, acc: 0.9141
loss: 0.2270, acc: 0.9116
loss: 0.2260, acc: 0.9095
loss: 0.2221, acc: 0.9107
loss: 0.2255, acc: 0.9108
loss: 0.2243, acc: 0.9110
loss: 0.2317, acc: 0.9087
loss: 0.2325, acc: 0.9096
loss: 0.2381, acc: 0.9059
loss: 0.2398, acc: 0.9059
loss: 0.2367, acc: 0.9078
loss: 0.2382, acc: 0.9072
loss: 0.2407, acc: 0.9068
loss: 0.2450, acc: 0.9052
> val_acc: 0.7527, val_f1: 0.6452
>>>>>>>>>>>>>>>>>>>>>>>>>>>>>>>>>>>>>>>>>>>>>>>>>>>>>>>>>>>>>>>>>>>>>>>>>>>>>>>>>>>>>>>>>>>>>>>>>>>>
epoch: 10
loss: 0.2513, acc: 0.9062
loss: 0.2796, acc: 0.9031
loss: 0.2611, acc: 0.9104
loss: 0.2483, acc: 0.9203
loss: 0.2254, acc: 0.9250
loss: 0.2228, acc: 0.9229
loss: 0.2227, acc: 0.9214
loss: 0.2204, acc: 0.9203
loss: 0.2221, acc: 0.9167
loss: 0.2274, acc: 0.9169
loss: 0.2305, acc: 0.9136
loss: 0.2308, acc: 0.9120
loss: 0.2356, acc: 0.9091
loss: 0.2329, acc: 0.9103
loss: 0.2273, acc: 0.9125
loss: 0.2230, acc: 0.9137
loss: 0.2256, acc: 0.9125
loss: 0.2279, acc: 0.9122
loss: 0.2290, acc: 0.9112
loss: 0.2306, acc: 0.9106
loss: 0.2324, acc: 0.9101
loss: 0.2392, acc: 0.9068
> val_acc: 0.7554, val_f1: 0.6193
>>>>>>>>>>>>>>>>>>>>>>>>>>>>>>>>>>>>>>>>>>>>>>>>>>>>>>>>>>>>>>>>>>>>>>>>>>>>>>>>>>>>>>>>>>>>>>>>>>>>
epoch: 11
loss: 0.2004, acc: 0.9375
loss: 0.1848, acc: 0.9420
loss: 0.1858, acc: 0.9375
loss: 0.2113, acc: 0.9228
loss: 0.2020, acc: 0.9290
loss: 0.1973, acc: 0.9306
loss: 0.2040, acc: 0.9258
loss: 0.2061, acc: 0.9248
loss: 0.2062, acc: 0.9241
loss: 0.2032, acc: 0.9249
loss: 0.2058, acc: 0.9213
loss: 0.1994, acc: 0.9232
loss: 0.2047, acc: 0.9199
loss: 0.2039, acc: 0.9202
loss: 0.2001, acc: 0.9193
loss: 0.1938, acc: 0.9233
loss: 0.1919, acc: 0.9242
loss: 0.1914, acc: 0.9249
loss: 0.1935, acc: 0.9239
loss: 0.1928, acc: 0.9236
loss: 0.1909, acc: 0.9246
loss: 0.1901, acc: 0.9252
loss: 0.1909, acc: 0.9258
> val_acc: 0.7634, val_f1: 0.6583
>>>>>>>>>>>>>>>>>>>>>>>>>>>>>>>>>>>>>>>>>>>>>>>>>>>>>>>>>>>>>>>>>>>>>>>>>>>>>>>>>>>>>>>>>>>>>>>>>>>>
epoch: 12
loss: 0.1590, acc: 0.9375
loss: 0.1713, acc: 0.9271
loss: 0.1532, acc: 0.9353
loss: 0.1380, acc: 0.9408
loss: 0.1309, acc: 0.9414
loss: 0.1315, acc: 0.9429
loss: 0.1324, acc: 0.9458
loss: 0.1288, acc: 0.9455
loss: 0.1417, acc: 0.9403
loss: 0.1486, acc: 0.9362
loss: 0.1523, acc: 0.9346
loss: 0.1550, acc: 0.9349
loss: 0.1564, acc: 0.9341
loss: 0.1562, acc: 0.9343
loss: 0.1576, acc: 0.9337
loss: 0.1596, acc: 0.9347
loss: 0.1661, acc: 0.9327
loss: 0.1629, acc: 0.9343
loss: 0.1643, acc: 0.9342
loss: 0.1694, acc: 0.9318
loss: 0.1691, acc: 0.9318
loss: 0.1738, acc: 0.9309
> val_acc: 0.7688, val_f1: 0.6474
>>>>>>>>>>>>>>>>>>>>>>>>>>>>>>>>>>>>>>>>>>>>>>>>>>>>>>>>>>>>>>>>>>>>>>>>>>>>>>>>>>>>>>>>>>>>>>>>>>>>
epoch: 13
loss: 0.2512, acc: 0.9062
loss: 0.1655, acc: 0.9427
loss: 0.1403, acc: 0.9517
loss: 0.1445, acc: 0.9570
loss: 0.1420, acc: 0.9583
loss: 0.1354, acc: 0.9591
loss: 0.1332, acc: 0.9627
loss: 0.1398, acc: 0.9592
loss: 0.1409, acc: 0.9573
loss: 0.1400, acc: 0.9565
loss: 0.1370, acc: 0.9577
loss: 0.1392, acc: 0.9570
loss: 0.1463, acc: 0.9534
loss: 0.1486, acc: 0.9522
loss: 0.1528, acc: 0.9503
loss: 0.1523, acc: 0.9498
loss: 0.1589, acc: 0.9468
loss: 0.1582, acc: 0.9466
loss: 0.1616, acc: 0.9440
loss: 0.1628, acc: 0.9437
loss: 0.1703, acc: 0.9409
loss: 0.1709, acc: 0.9393
loss: 0.1792, acc: 0.9364
> val_acc: 0.7536, val_f1: 0.6253
>>>>>>>>>>>>>>>>>>>>>>>>>>>>>>>>>>>>>>>>>>>>>>>>>>>>>>>>>>>>>>>>>>>>>>>>>>>>>>>>>>>>>>>>>>>>>>>>>>>>
epoch: 14
loss: 0.1256, acc: 0.9375
loss: 0.1594, acc: 0.9414
loss: 0.1767, acc: 0.9423
loss: 0.1841, acc: 0.9358
loss: 0.1873, acc: 0.9334
loss: 0.1982, acc: 0.9297
loss: 0.1937, acc: 0.9309
loss: 0.1897, acc: 0.9309
loss: 0.1845, acc: 0.9310
loss: 0.1831, acc: 0.9323
loss: 0.1734, acc: 0.9346
loss: 0.1707, acc: 0.9364
loss: 0.1696, acc: 0.9365
loss: 0.1696, acc: 0.9366
loss: 0.1694, acc: 0.9366
loss: 0.1674, acc: 0.9371
loss: 0.1671, acc: 0.9360
loss: 0.1634, acc: 0.9375
loss: 0.1639, acc: 0.9355
loss: 0.1623, acc: 0.9359
loss: 0.1616, acc: 0.9357
loss: 0.1604, acc: 0.9358
loss: 0.1617, acc: 0.9363
> val_acc: 0.7580, val_f1: 0.6394
>>>>>>>>>>>>>>>>>>>>>>>>>>>>>>>>>>>>>>>>>>>>>>>>>>>>>>>>>>>>>>>>>>>>>>>>>>>>>>>>>>>>>>>>>>>>>>>>>>>>
epoch: 15
loss: 0.1158, acc: 0.9812
loss: 0.1112, acc: 0.9719
loss: 0.1029, acc: 0.9646
loss: 0.1053, acc: 0.9625
loss: 0.1061, acc: 0.9625
loss: 0.1003, acc: 0.9656
loss: 0.1071, acc: 0.9625
loss: 0.1097, acc: 0.9641
loss: 0.1137, acc: 0.9604
loss: 0.1155, acc: 0.9587
loss: 0.1172, acc: 0.9585
loss: 0.1147, acc: 0.9594
loss: 0.1113, acc: 0.9611
loss: 0.1147, acc: 0.9603
loss: 0.1161, acc: 0.9596
loss: 0.1158, acc: 0.9598
loss: 0.1201, acc: 0.9581
loss: 0.1220, acc: 0.9569
loss: 0.1278, acc: 0.9559
loss: 0.1254, acc: 0.9569
loss: 0.1281, acc: 0.9568
loss: 0.1293, acc: 0.9565
> val_acc: 0.7509, val_f1: 0.6311
>>>>>>>>>>>>>>>>>>>>>>>>>>>>>>>>>>>>>>>>>>>>>>>>>>>>>>>>>>>>>>>>>>>>>>>>>>>>>>>>>>>>>>>>>>>>>>>>>>>>
epoch: 16
loss: 0.1374, acc: 0.9531
loss: 0.0903, acc: 0.9732
loss: 0.0902, acc: 0.9688
loss: 0.0761, acc: 0.9761
loss: 0.0915, acc: 0.9688
loss: 0.0877, acc: 0.9722
loss: 0.0827, acc: 0.9736
loss: 0.0778, acc: 0.9747
loss: 0.0771, acc: 0.9754
loss: 0.0827, acc: 0.9734
loss: 0.0820, acc: 0.9730
loss: 0.0845, acc: 0.9720
loss: 0.0874, acc: 0.9703
loss: 0.0905, acc: 0.9692
loss: 0.0925, acc: 0.9679
loss: 0.1001, acc: 0.9647
loss: 0.0975, acc: 0.9649
loss: 0.1036, acc: 0.9612
loss: 0.1027, acc: 0.9616
loss: 0.1023, acc: 0.9623
loss: 0.1009, acc: 0.9632
loss: 0.1011, acc: 0.9626
loss: 0.1035, acc: 0.9618
> val_acc: 0.7562, val_f1: 0.6231
>>>>>>>>>>>>>>>>>>>>>>>>>>>>>>>>>>>>>>>>>>>>>>>>>>>>>>>>>>>>>>>>>>>>>>>>>>>>>>>>>>>>>>>>>>>>>>>>>>>>
epoch: 17
loss: 0.0637, acc: 0.9688
loss: 0.0951, acc: 0.9688
loss: 0.0987, acc: 0.9688
loss: 0.1120, acc: 0.9556
loss: 0.1136, acc: 0.9570
loss: 0.1096, acc: 0.9601
loss: 0.1113, acc: 0.9586
loss: 0.1104, acc: 0.9607
loss: 0.1073, acc: 0.9616
loss: 0.1045, acc: 0.9611
loss: 0.1088, acc: 0.9595
loss: 0.1084, acc: 0.9597
loss: 0.1057, acc: 0.9609
loss: 0.1039, acc: 0.9620
loss: 0.1049, acc: 0.9616
loss: 0.1039, acc: 0.9604
loss: 0.1016, acc: 0.9609
loss: 0.1017, acc: 0.9607
loss: 0.1006, acc: 0.9611
loss: 0.1013, acc: 0.9609
loss: 0.1021, acc: 0.9612
loss: 0.1018, acc: 0.9613
> val_acc: 0.7366, val_f1: 0.6305
>>>>>>>>>>>>>>>>>>>>>>>>>>>>>>>>>>>>>>>>>>>>>>>>>>>>>>>>>>>>>>>>>>>>>>>>>>>>>>>>>>>>>>>>>>>>>>>>>>>>
epoch: 18
loss: 0.0495, acc: 1.0000
loss: 0.1073, acc: 0.9635
loss: 0.0933, acc: 0.9716
loss: 0.1106, acc: 0.9707
loss: 0.1006, acc: 0.9732
loss: 0.1026, acc: 0.9675
loss: 0.0913, acc: 0.9708
loss: 0.0898, acc: 0.9714
loss: 0.0890, acc: 0.9710
loss: 0.0892, acc: 0.9721
loss: 0.0848, acc: 0.9743
loss: 0.0818, acc: 0.9754
loss: 0.0801, acc: 0.9759
loss: 0.0786, acc: 0.9763
loss: 0.0786, acc: 0.9762
loss: 0.0798, acc: 0.9753
loss: 0.0775, acc: 0.9761
loss: 0.0779, acc: 0.9753
loss: 0.0781, acc: 0.9756
loss: 0.0821, acc: 0.9736
loss: 0.0838, acc: 0.9740
loss: 0.0816, acc: 0.9749
loss: 0.0813, acc: 0.9747
> val_acc: 0.7679, val_f1: 0.6363
>>>>>>>>>>>>>>>>>>>>>>>>>>>>>>>>>>>>>>>>>>>>>>>>>>>>>>>>>>>>>>>>>>>>>>>>>>>>>>>>>>>>>>>>>>>>>>>>>>>>
epoch: 19
loss: 0.0405, acc: 0.9896
loss: 0.0576, acc: 0.9727
loss: 0.0462, acc: 0.9808
loss: 0.0522, acc: 0.9774
loss: 0.0536, acc: 0.9769
loss: 0.0544, acc: 0.9754
loss: 0.0511, acc: 0.9782
loss: 0.0526, acc: 0.9794
loss: 0.0527, acc: 0.9782
loss: 0.0600, acc: 0.9766
loss: 0.0569, acc: 0.9788
loss: 0.0588, acc: 0.9774
loss: 0.0627, acc: 0.9757
loss: 0.0653, acc: 0.9756
loss: 0.0646, acc: 0.9769
loss: 0.0630, acc: 0.9772
loss: 0.0652, acc: 0.9759
loss: 0.0658, acc: 0.9755
loss: 0.0682, acc: 0.9741
loss: 0.0684, acc: 0.9739
loss: 0.0745, acc: 0.9727
loss: 0.0772, acc: 0.9714
loss: 0.0805, acc: 0.9703
> val_acc: 0.7625, val_f1: 0.6528
>>>>>>>>>>>>>>>>>>>>>>>>>>>>>>>>>>>>>>>>>>>>>>>>>>>>>>>>>>>>>>>>>>>>>>>>>>>>>>>>>>>>>>>>>>>>>>>>>>>>
epoch: 20
loss: 0.0787, acc: 0.9688
loss: 0.0542, acc: 0.9812
loss: 0.0630, acc: 0.9750
loss: 0.0563, acc: 0.9781
loss: 0.0573, acc: 0.9762
loss: 0.0592, acc: 0.9750
loss: 0.0656, acc: 0.9759
loss: 0.0710, acc: 0.9742
loss: 0.0736, acc: 0.9729
loss: 0.0852, acc: 0.9712
loss: 0.0829, acc: 0.9722
loss: 0.0868, acc: 0.9714
loss: 0.0891, acc: 0.9716
loss: 0.0926, acc: 0.9692
loss: 0.0996, acc: 0.9667
loss: 0.1004, acc: 0.9660
loss: 0.0996, acc: 0.9665
loss: 0.0974, acc: 0.9670
loss: 0.0946, acc: 0.9678
loss: 0.1023, acc: 0.9656
loss: 0.1037, acc: 0.9655
loss: 0.1024, acc: 0.9659
> val_acc: 0.7464, val_f1: 0.6159
>>>>>>>>>>>>>>>>>>>>>>>>>>>>>>>>>>>>>>>>>>>>>>>>>>>>>>>>>>>>>>>>>>>>>>>>>>>>>>>>>>>>>>>>>>>>>>>>>>>>
epoch: 21
loss: 0.1047, acc: 0.9531
loss: 0.0659, acc: 0.9688
loss: 0.0697, acc: 0.9714
loss: 0.0630, acc: 0.9761
loss: 0.0597, acc: 0.9801
loss: 0.0606, acc: 0.9803
loss: 0.0604, acc: 0.9814
loss: 0.0650, acc: 0.9806
loss: 0.0588, acc: 0.9829
loss: 0.0595, acc: 0.9827
loss: 0.0598, acc: 0.9808
loss: 0.0634, acc: 0.9786
loss: 0.0648, acc: 0.9793
loss: 0.0651, acc: 0.9790
loss: 0.0655, acc: 0.9779
loss: 0.0667, acc: 0.9773
loss: 0.0705, acc: 0.9760
loss: 0.0717, acc: 0.9752
loss: 0.0766, acc: 0.9745
loss: 0.0789, acc: 0.9729
loss: 0.0829, acc: 0.9715
loss: 0.0854, acc: 0.9708
loss: 0.0850, acc: 0.9704
> val_acc: 0.7527, val_f1: 0.6220
>>>>>>>>>>>>>>>>>>>>>>>>>>>>>>>>>>>>>>>>>>>>>>>>>>>>>>>>>>>>>>>>>>>>>>>>>>>>>>>>>>>>>>>>>>>>>>>>>>>>
epoch: 22
loss: 0.0781, acc: 0.9609
loss: 0.1107, acc: 0.9653
loss: 0.1230, acc: 0.9643
loss: 0.1216, acc: 0.9622
loss: 0.1084, acc: 0.9661
loss: 0.1032, acc: 0.9688
loss: 0.0974, acc: 0.9706
loss: 0.1033, acc: 0.9671
loss: 0.1003, acc: 0.9666
loss: 0.1035, acc: 0.9668
loss: 0.1027, acc: 0.9670
loss: 0.1049, acc: 0.9645
loss: 0.1050, acc: 0.9644
loss: 0.1035, acc: 0.9656
loss: 0.1014, acc: 0.9666
loss: 0.0999, acc: 0.9676
loss: 0.1001, acc: 0.9673
loss: 0.0979, acc: 0.9684
loss: 0.0957, acc: 0.9688
loss: 0.0950, acc: 0.9691
loss: 0.0958, acc: 0.9691
loss: 0.0973, acc: 0.9690
> val_acc: 0.7580, val_f1: 0.6366
>>>>>>>>>>>>>>>>>>>>>>>>>>>>>>>>>>>>>>>>>>>>>>>>>>>>>>>>>>>>>>>>>>>>>>>>>>>>>>>>>>>>>>>>>>>>>>>>>>>>
epoch: 23
loss: 0.0199, acc: 1.0000
loss: 0.0495, acc: 0.9792
loss: 0.0648, acc: 0.9830
loss: 0.0665, acc: 0.9824
loss: 0.0588, acc: 0.9836
loss: 0.0653, acc: 0.9820
loss: 0.0673, acc: 0.9839
loss: 0.0627, acc: 0.9844
loss: 0.0613, acc: 0.9848
loss: 0.0579, acc: 0.9857
loss: 0.0576, acc: 0.9841
loss: 0.0588, acc: 0.9838
loss: 0.0587, acc: 0.9836
loss: 0.0598, acc: 0.9820
loss: 0.0613, acc: 0.9815
loss: 0.0699, acc: 0.9794
loss: 0.0704, acc: 0.9792
loss: 0.0751, acc: 0.9778
loss: 0.0748, acc: 0.9784
loss: 0.0750, acc: 0.9775
loss: 0.0756, acc: 0.9774
loss: 0.0792, acc: 0.9767
loss: 0.0782, acc: 0.9772
> val_acc: 0.7625, val_f1: 0.6414
>>>>>>>>>>>>>>>>>>>>>>>>>>>>>>>>>>>>>>>>>>>>>>>>>>>>>>>>>>>>>>>>>>>>>>>>>>>>>>>>>>>>>>>>>>>>>>>>>>>>
epoch: 24
loss: 0.0596, acc: 0.9792
loss: 0.0693, acc: 0.9805
loss: 0.0725, acc: 0.9784
loss: 0.0654, acc: 0.9826
loss: 0.0622, acc: 0.9851
loss: 0.0672, acc: 0.9810
loss: 0.0705, acc: 0.9792
loss: 0.0708, acc: 0.9794
loss: 0.0781, acc: 0.9767
loss: 0.0845, acc: 0.9753
loss: 0.0867, acc: 0.9746
loss: 0.0905, acc: 0.9736
loss: 0.0910, acc: 0.9717
loss: 0.0873, acc: 0.9729
loss: 0.0845, acc: 0.9739
loss: 0.0850, acc: 0.9740
loss: 0.0842, acc: 0.9736
loss: 0.0863, acc: 0.9734
loss: 0.0857, acc: 0.9731
loss: 0.0838, acc: 0.9739
loss: 0.0815, acc: 0.9745
loss: 0.0807, acc: 0.9748
loss: 0.0800, acc: 0.9751
> val_acc: 0.7527, val_f1: 0.6348
>>>>>>>>>>>>>>>>>>>>>>>>>>>>>>>>>>>>>>>>>>>>>>>>>>>>>>>>>>>>>>>>>>>>>>>>>>>>>>>>>>>>>>>>>>>>>>>>>>>>
epoch: 25
loss: 0.0266, acc: 0.9938
loss: 0.0477, acc: 0.9906
loss: 0.0484, acc: 0.9875
loss: 0.0472, acc: 0.9891
loss: 0.0486, acc: 0.9862
loss: 0.0485, acc: 0.9854
loss: 0.0484, acc: 0.9839
loss: 0.0465, acc: 0.9844
loss: 0.0470, acc: 0.9840
loss: 0.0484, acc: 0.9844
loss: 0.0497, acc: 0.9841
loss: 0.0492, acc: 0.9839
loss: 0.0477, acc: 0.9846
loss: 0.0472, acc: 0.9848
loss: 0.0484, acc: 0.9846
loss: 0.0504, acc: 0.9840
loss: 0.0525, acc: 0.9827
loss: 0.0530, acc: 0.9819
loss: 0.0547, acc: 0.9812
loss: 0.0577, acc: 0.9809
loss: 0.0636, acc: 0.9801
loss: 0.0657, acc: 0.9781
> val_acc: 0.7143, val_f1: 0.5915
>>>>>>>>>>>>>>>>>>>>>>>>>>>>>>>>>>>>>>>>>>>>>>>>>>>>>>>>>>>>>>>>>>>>>>>>>>>>>>>>>>>>>>>>>>>>>>>>>>>>
epoch: 26
loss: 0.2760, acc: 0.9219
loss: 0.1434, acc: 0.9598
loss: 0.1420, acc: 0.9531
loss: 0.1173, acc: 0.9614
loss: 0.1118, acc: 0.9631
loss: 0.1054, acc: 0.9664
loss: 0.1108, acc: 0.9648
loss: 0.1090, acc: 0.9654
loss: 0.1140, acc: 0.9643
loss: 0.1137, acc: 0.9654
loss: 0.1207, acc: 0.9627
loss: 0.1133, acc: 0.9655
loss: 0.1129, acc: 0.9662
loss: 0.1095, acc: 0.9674
loss: 0.1083, acc: 0.9674
loss: 0.1138, acc: 0.9671
loss: 0.1159, acc: 0.9676
loss: 0.1139, acc: 0.9677
loss: 0.1139, acc: 0.9674
loss: 0.1141, acc: 0.9671
loss: 0.1153, acc: 0.9660
loss: 0.1147, acc: 0.9652
loss: 0.1138, acc: 0.9646
> val_acc: 0.7536, val_f1: 0.6151
>>>>>>>>>>>>>>>>>>>>>>>>>>>>>>>>>>>>>>>>>>>>>>>>>>>>>>>>>>>>>>>>>>>>>>>>>>>>>>>>>>>>>>>>>>>>>>>>>>>>
epoch: 27
loss: 0.0689, acc: 0.9766
loss: 0.0718, acc: 0.9722
loss: 0.0800, acc: 0.9754
loss: 0.0892, acc: 0.9671
loss: 0.1007, acc: 0.9661
loss: 0.0937, acc: 0.9677
loss: 0.0869, acc: 0.9697
loss: 0.0814, acc: 0.9720
loss: 0.0919, acc: 0.9680
loss: 0.0930, acc: 0.9688
loss: 0.0917, acc: 0.9699
loss: 0.0908, acc: 0.9688
loss: 0.0879, acc: 0.9697
loss: 0.0848, acc: 0.9706
loss: 0.0853, acc: 0.9700
loss: 0.0834, acc: 0.9707
loss: 0.0852, acc: 0.9699
loss: 0.0851, acc: 0.9698
loss: 0.0826, acc: 0.9707
loss: 0.0819, acc: 0.9706
loss: 0.0842, acc: 0.9706
loss: 0.0842, acc: 0.9702
> val_acc: 0.7554, val_f1: 0.6186
>>>>>>>>>>>>>>>>>>>>>>>>>>>>>>>>>>>>>>>>>>>>>>>>>>>>>>>>>>>>>>>>>>>>>>>>>>>>>>>>>>>>>>>>>>>>>>>>>>>>
epoch: 28
loss: 0.0072, acc: 1.0000
loss: 0.0668, acc: 0.9635
loss: 0.0553, acc: 0.9773
loss: 0.0715, acc: 0.9746
loss: 0.0864, acc: 0.9777
loss: 0.0751, acc: 0.9820
loss: 0.0716, acc: 0.9829
loss: 0.0660, acc: 0.9835
loss: 0.0644, acc: 0.9832
loss: 0.0595, acc: 0.9851
loss: 0.0572, acc: 0.9853
loss: 0.0549, acc: 0.9860
loss: 0.0549, acc: 0.9862
loss: 0.0554, acc: 0.9853
loss: 0.0576, acc: 0.9837
loss: 0.0607, acc: 0.9827
loss: 0.0587, acc: 0.9834
loss: 0.0596, acc: 0.9826
loss: 0.0596, acc: 0.9821
loss: 0.0585, acc: 0.9824
loss: 0.0602, acc: 0.9817
loss: 0.0615, acc: 0.9814
loss: 0.0607, acc: 0.9817
> val_acc: 0.7509, val_f1: 0.6192
>>>>>>>>>>>>>>>>>>>>>>>>>>>>>>>>>>>>>>>>>>>>>>>>>>>>>>>>>>>>>>>>>>>>>>>>>>>>>>>>>>>>>>>>>>>>>>>>>>>>
epoch: 29
loss: 0.0243, acc: 1.0000
loss: 0.0427, acc: 0.9922
loss: 0.0444, acc: 0.9880
loss: 0.0383, acc: 0.9896
loss: 0.0438, acc: 0.9864
loss: 0.0532, acc: 0.9866
loss: 0.0499, acc: 0.9877
loss: 0.0454, acc: 0.9893
loss: 0.0506, acc: 0.9862
loss: 0.0495, acc: 0.9863
loss: 0.0528, acc: 0.9841
loss: 0.0614, acc: 0.9833
loss: 0.0624, acc: 0.9836
loss: 0.0662, acc: 0.9802
loss: 0.0685, acc: 0.9795
loss: 0.0663, acc: 0.9800
loss: 0.0649, acc: 0.9800
loss: 0.0617, acc: 0.9812
loss: 0.0614, acc: 0.9812
loss: 0.0604, acc: 0.9815
loss: 0.0605, acc: 0.9815
loss: 0.0601, acc: 0.9815
loss: 0.0582, acc: 0.9823
> val_acc: 0.7589, val_f1: 0.6142
>>>>>>>>>>>>>>>>>>>>>>>>>>>>>>>>>>>>>>>>>>>>>>>>>>>>>>>>>>>>>>>>>>>>>>>>>>>>>>>>>>>>>>>>>>>>>>>>>>>>
epoch: 30
loss: 0.0284, acc: 0.9875
loss: 0.0416, acc: 0.9844
loss: 0.0401, acc: 0.9854
loss: 0.0376, acc: 0.9875
loss: 0.0333, acc: 0.9888
loss: 0.0393, acc: 0.9875
loss: 0.0408, acc: 0.9857
loss: 0.0416, acc: 0.9852
loss: 0.0386, acc: 0.9861
loss: 0.0371, acc: 0.9869
loss: 0.0357, acc: 0.9869
loss: 0.0348, acc: 0.9875
loss: 0.0328, acc: 0.9885
loss: 0.0324, acc: 0.9884
loss: 0.0346, acc: 0.9879
loss: 0.0369, acc: 0.9879
loss: 0.0351, acc: 0.9886
loss: 0.0339, acc: 0.9892
loss: 0.0334, acc: 0.9895
loss: 0.0335, acc: 0.9894
loss: 0.0331, acc: 0.9896
loss: 0.0344, acc: 0.9892
> val_acc: 0.7670, val_f1: 0.6381
>>>>>>>>>>>>>>>>>>>>>>>>>>>>>>>>>>>>>>>>>>>>>>>>>>>>>>>>>>>>>>>>>>>>>>>>>>>>>>>>>>>>>>>>>>>>>>>>>>>>
epoch: 31
loss: 0.0061, acc: 1.0000
loss: 0.0173, acc: 0.9955
loss: 0.0689, acc: 0.9870
loss: 0.0520, acc: 0.9908
loss: 0.0583, acc: 0.9901
loss: 0.0689, acc: 0.9873
loss: 0.0688, acc: 0.9844
loss: 0.0628, acc: 0.9865
loss: 0.0602, acc: 0.9874
loss: 0.0586, acc: 0.9867
loss: 0.0605, acc: 0.9850
loss: 0.0570, acc: 0.9857
loss: 0.0562, acc: 0.9849
loss: 0.0558, acc: 0.9841
loss: 0.0554, acc: 0.9839
loss: 0.0531, acc: 0.9842
loss: 0.0507, acc: 0.9848
loss: 0.0517, acc: 0.9846
loss: 0.0572, acc: 0.9840
loss: 0.0570, acc: 0.9842
loss: 0.0592, acc: 0.9844
loss: 0.0644, acc: 0.9828
loss: 0.0679, acc: 0.9816
> val_acc: 0.7562, val_f1: 0.6191
>>>>>>>>>>>>>>>>>>>>>>>>>>>>>>>>>>>>>>>>>>>>>>>>>>>>>>>>>>>>>>>>>>>>>>>>>>>>>>>>>>>>>>>>>>>>>>>>>>>>
epoch: 32
loss: 0.1746, acc: 0.9531
loss: 0.1325, acc: 0.9688
loss: 0.1173, acc: 0.9732
loss: 0.0986, acc: 0.9737
loss: 0.0882, acc: 0.9766
loss: 0.0810, acc: 0.9774
loss: 0.0799, acc: 0.9770
loss: 0.0731, acc: 0.9792
loss: 0.0729, acc: 0.9801
loss: 0.0671, acc: 0.9821
loss: 0.0685, acc: 0.9809
loss: 0.0689, acc: 0.9799
loss: 0.0712, acc: 0.9795
loss: 0.0720, acc: 0.9783
loss: 0.0694, acc: 0.9789
loss: 0.0667, acc: 0.9798
loss: 0.0653, acc: 0.9807
loss: 0.0655, acc: 0.9803
loss: 0.0643, acc: 0.9801
loss: 0.0634, acc: 0.9801
loss: 0.0640, acc: 0.9805
loss: 0.0644, acc: 0.9805
> val_acc: 0.7455, val_f1: 0.6288
>>>>>>>>>>>>>>>>>>>>>>>>>>>>>>>>>>>>>>>>>>>>>>>>>>>>>>>>>>>>>>>>>>>>>>>>>>>>>>>>>>>>>>>>>>>>>>>>>>>>
epoch: 33
loss: 0.0142, acc: 1.0000
loss: 0.0478, acc: 0.9844
loss: 0.0424, acc: 0.9858
loss: 0.0450, acc: 0.9844
loss: 0.0419, acc: 0.9836
loss: 0.0390, acc: 0.9856
loss: 0.0404, acc: 0.9849
loss: 0.0401, acc: 0.9844
loss: 0.0475, acc: 0.9840
loss: 0.0454, acc: 0.9844
loss: 0.0420, acc: 0.9853
loss: 0.0409, acc: 0.9860
loss: 0.0414, acc: 0.9867
loss: 0.0403, acc: 0.9872
loss: 0.0444, acc: 0.9868
loss: 0.0431, acc: 0.9873
loss: 0.0436, acc: 0.9869
loss: 0.0452, acc: 0.9869
loss: 0.0442, acc: 0.9870
loss: 0.0453, acc: 0.9863
loss: 0.0449, acc: 0.9861
loss: 0.0442, acc: 0.9858
loss: 0.0438, acc: 0.9862
> val_acc: 0.7616, val_f1: 0.6328
>>>>>>>>>>>>>>>>>>>>>>>>>>>>>>>>>>>>>>>>>>>>>>>>>>>>>>>>>>>>>>>>>>>>>>>>>>>>>>>>>>>>>>>>>>>>>>>>>>>>
epoch: 34
loss: 0.0077, acc: 1.0000
loss: 0.0216, acc: 0.9961
loss: 0.0375, acc: 0.9904
loss: 0.0384, acc: 0.9896
loss: 0.0483, acc: 0.9878
loss: 0.0500, acc: 0.9866
loss: 0.0447, acc: 0.9886
loss: 0.0402, acc: 0.9901
loss: 0.0443, acc: 0.9884
loss: 0.0416, acc: 0.9889
loss: 0.0408, acc: 0.9894
loss: 0.0380, acc: 0.9903
loss: 0.0422, acc: 0.9901
loss: 0.0406, acc: 0.9903
loss: 0.0407, acc: 0.9906
loss: 0.0420, acc: 0.9904
loss: 0.0423, acc: 0.9898
loss: 0.0406, acc: 0.9901
loss: 0.0412, acc: 0.9896
loss: 0.0409, acc: 0.9895
loss: 0.0420, acc: 0.9894
loss: 0.0416, acc: 0.9890
loss: 0.0412, acc: 0.9892
> val_acc: 0.7643, val_f1: 0.6459
>>>>>>>>>>>>>>>>>>>>>>>>>>>>>>>>>>>>>>>>>>>>>>>>>>>>>>>>>>>>>>>>>>>>>>>>>>>>>>>>>>>>>>>>>>>>>>>>>>>>
epoch: 35
loss: 0.0228, acc: 0.9938
loss: 0.0181, acc: 0.9969
loss: 0.0222, acc: 0.9938
loss: 0.0235, acc: 0.9938
loss: 0.0214, acc: 0.9950
loss: 0.0236, acc: 0.9948
loss: 0.0248, acc: 0.9946
loss: 0.0242, acc: 0.9945
loss: 0.0228, acc: 0.9951
loss: 0.0223, acc: 0.9950
loss: 0.0229, acc: 0.9949
loss: 0.0230, acc: 0.9938
loss: 0.0223, acc: 0.9938
loss: 0.0229, acc: 0.9933
loss: 0.0246, acc: 0.9925
loss: 0.0243, acc: 0.9926
loss: 0.0239, acc: 0.9926
loss: 0.0250, acc: 0.9920
loss: 0.0258, acc: 0.9914
loss: 0.0260, acc: 0.9912
loss: 0.0273, acc: 0.9908
loss: 0.0271, acc: 0.9909
> val_acc: 0.7402, val_f1: 0.6340
>>>>>>>>>>>>>>>>>>>>>>>>>>>>>>>>>>>>>>>>>>>>>>>>>>>>>>>>>>>>>>>>>>>>>>>>>>>>>>>>>>>>>>>>>>>>>>>>>>>>
epoch: 36
loss: 0.0798, acc: 0.9688
loss: 0.0284, acc: 0.9911
loss: 0.0286, acc: 0.9922
loss: 0.0309, acc: 0.9908
loss: 0.0275, acc: 0.9901
loss: 0.0256, acc: 0.9907
loss: 0.0272, acc: 0.9902
loss: 0.0263, acc: 0.9907
loss: 0.0290, acc: 0.9903
loss: 0.0308, acc: 0.9907
loss: 0.0300, acc: 0.9910
loss: 0.0278, acc: 0.9918
loss: 0.0272, acc: 0.9919
loss: 0.0301, acc: 0.9907
loss: 0.0338, acc: 0.9900
loss: 0.0338, acc: 0.9903
loss: 0.0389, acc: 0.9893
loss: 0.0378, acc: 0.9896
loss: 0.0364, acc: 0.9898
loss: 0.0367, acc: 0.9894
loss: 0.0356, acc: 0.9899
loss: 0.0391, acc: 0.9892
loss: 0.0402, acc: 0.9891
> val_acc: 0.7446, val_f1: 0.6361
>>>>>>>>>>>>>>>>>>>>>>>>>>>>>>>>>>>>>>>>>>>>>>>>>>>>>>>>>>>>>>>>>>>>>>>>>>>>>>>>>>>>>>>>>>>>>>>>>>>>
epoch: 37
loss: 0.0674, acc: 0.9922
loss: 0.0509, acc: 0.9896
loss: 0.0380, acc: 0.9911
loss: 0.0360, acc: 0.9918
loss: 0.0335, acc: 0.9922
loss: 0.0431, acc: 0.9881
loss: 0.0378, acc: 0.9899
loss: 0.0374, acc: 0.9896
loss: 0.0348, acc: 0.9901
loss: 0.0324, acc: 0.9911
loss: 0.0338, acc: 0.9913
loss: 0.0327, acc: 0.9910
loss: 0.0327, acc: 0.9907
loss: 0.0311, acc: 0.9914
loss: 0.0295, acc: 0.9920
loss: 0.0293, acc: 0.9921
loss: 0.0290, acc: 0.9918
loss: 0.0302, acc: 0.9916
loss: 0.0298, acc: 0.9917
loss: 0.0310, acc: 0.9915
loss: 0.0328, acc: 0.9910
loss: 0.0338, acc: 0.9903
> val_acc: 0.7616, val_f1: 0.6535
>>>>>>>>>>>>>>>>>>>>>>>>>>>>>>>>>>>>>>>>>>>>>>>>>>>>>>>>>>>>>>>>>>>>>>>>>>>>>>>>>>>>>>>>>>>>>>>>>>>>
epoch: 38
loss: 0.0698, acc: 0.9688
loss: 0.0366, acc: 0.9896
loss: 0.0325, acc: 0.9886
loss: 0.0323, acc: 0.9902
loss: 0.0283, acc: 0.9911
loss: 0.0246, acc: 0.9928
loss: 0.0294, acc: 0.9929
loss: 0.0276, acc: 0.9931
loss: 0.0272, acc: 0.9924
loss: 0.0337, acc: 0.9905
loss: 0.0395, acc: 0.9890
loss: 0.0451, acc: 0.9877
loss: 0.0448, acc: 0.9872
loss: 0.0473, acc: 0.9858
loss: 0.0491, acc: 0.9846
loss: 0.0571, acc: 0.9827
loss: 0.0620, acc: 0.9807
loss: 0.0679, acc: 0.9797
loss: 0.0709, acc: 0.9784
loss: 0.0738, acc: 0.9769
loss: 0.0777, acc: 0.9756
loss: 0.0805, acc: 0.9735
loss: 0.0814, acc: 0.9730
> val_acc: 0.7250, val_f1: 0.6253
>>>>>>>>>>>>>>>>>>>>>>>>>>>>>>>>>>>>>>>>>>>>>>>>>>>>>>>>>>>>>>>>>>>>>>>>>>>>>>>>>>>>>>>>>>>>>>>>>>>>
epoch: 39
loss: 0.0804, acc: 0.9688
loss: 0.0860, acc: 0.9727
loss: 0.0938, acc: 0.9688
loss: 0.1233, acc: 0.9688
loss: 0.1173, acc: 0.9674
loss: 0.1110, acc: 0.9676
loss: 0.1151, acc: 0.9631
loss: 0.1173, acc: 0.9622
loss: 0.1143, acc: 0.9622
loss: 0.1309, acc: 0.9577
loss: 0.1333, acc: 0.9575
loss: 0.1361, acc: 0.9558
loss: 0.1360, acc: 0.9549
loss: 0.1343, acc: 0.9559
loss: 0.1283, acc: 0.9580
loss: 0.1253, acc: 0.9591
loss: 0.1202, acc: 0.9608
loss: 0.1172, acc: 0.9609
loss: 0.1177, acc: 0.9603
loss: 0.1158, acc: 0.9605
loss: 0.1129, acc: 0.9612
loss: 0.1116, acc: 0.9621
loss: 0.1103, acc: 0.9620
> val_acc: 0.7464, val_f1: 0.6302
>>>>>>>>>>>>>>>>>>>>>>>>>>>>>>>>>>>>>>>>>>>>>>>>>>>>>>>>>>>>>>>>>>>>>>>>>>>>>>>>>>>>>>>>>>>>>>>>>>>>
epoch: 40
loss: 0.0911, acc: 0.9750
loss: 0.0665, acc: 0.9812
loss: 0.0544, acc: 0.9854
loss: 0.0678, acc: 0.9844
loss: 0.0650, acc: 0.9838
loss: 0.0600, acc: 0.9844
loss: 0.0677, acc: 0.9812
loss: 0.0679, acc: 0.9789
loss: 0.0677, acc: 0.9799
loss: 0.0706, acc: 0.9800
loss: 0.0661, acc: 0.9812
loss: 0.0666, acc: 0.9807
loss: 0.0717, acc: 0.9803
loss: 0.0726, acc: 0.9799
loss: 0.0716, acc: 0.9800
loss: 0.0740, acc: 0.9801
loss: 0.0727, acc: 0.9805
loss: 0.0703, acc: 0.9816
loss: 0.0694, acc: 0.9819
loss: 0.0704, acc: 0.9806
loss: 0.0696, acc: 0.9807
loss: 0.0705, acc: 0.9804
> val_acc: 0.7545, val_f1: 0.6426
>>>>>>>>>>>>>>>>>>>>>>>>>>>>>>>>>>>>>>>>>>>>>>>>>>>>>>>>>>>>>>>>>>>>>>>>>>>>>>>>>>>>>>>>>>>>>>>>>>>>
epoch: 41
loss: 0.0528, acc: 0.9844
loss: 0.0230, acc: 0.9955
loss: 0.0188, acc: 0.9974
loss: 0.0195, acc: 0.9963
loss: 0.0265, acc: 0.9901
loss: 0.0244, acc: 0.9919
loss: 0.0305, acc: 0.9902
loss: 0.0482, acc: 0.9890
loss: 0.0502, acc: 0.9881
loss: 0.0523, acc: 0.9867
loss: 0.0531, acc: 0.9856
loss: 0.0520, acc: 0.9857
loss: 0.0523, acc: 0.9849
loss: 0.0506, acc: 0.9855
loss: 0.0522, acc: 0.9848
loss: 0.0519, acc: 0.9850
loss: 0.0519, acc: 0.9844
loss: 0.0510, acc: 0.9846
loss: 0.0507, acc: 0.9847
loss: 0.0489, acc: 0.9852
loss: 0.0480, acc: 0.9856
loss: 0.0480, acc: 0.9857
loss: 0.0478, acc: 0.9858
> val_acc: 0.7473, val_f1: 0.6418
>>>>>>>>>>>>>>>>>>>>>>>>>>>>>>>>>>>>>>>>>>>>>>>>>>>>>>>>>>>>>>>>>>>>>>>>>>>>>>>>>>>>>>>>>>>>>>>>>>>>
epoch: 42
loss: 0.1375, acc: 0.9688
loss: 0.0833, acc: 0.9722
loss: 0.0670, acc: 0.9799
loss: 0.0528, acc: 0.9852
loss: 0.0512, acc: 0.9844
loss: 0.0611, acc: 0.9828
loss: 0.0552, acc: 0.9853
loss: 0.0528, acc: 0.9856
loss: 0.0492, acc: 0.9872
loss: 0.0463, acc: 0.9885
loss: 0.0439, acc: 0.9890
loss: 0.0410, acc: 0.9899
loss: 0.0392, acc: 0.9902
loss: 0.0370, acc: 0.9909
loss: 0.0372, acc: 0.9907
loss: 0.0365, acc: 0.9909
loss: 0.0360, acc: 0.9911
loss: 0.0359, acc: 0.9912
loss: 0.0366, acc: 0.9904
loss: 0.0379, acc: 0.9896
loss: 0.0372, acc: 0.9898
loss: 0.0377, acc: 0.9897
> val_acc: 0.7634, val_f1: 0.6399
>>>>>>>>>>>>>>>>>>>>>>>>>>>>>>>>>>>>>>>>>>>>>>>>>>>>>>>>>>>>>>>>>>>>>>>>>>>>>>>>>>>>>>>>>>>>>>>>>>>>
epoch: 43
loss: 0.0554, acc: 0.9688
loss: 0.0546, acc: 0.9844
loss: 0.0436, acc: 0.9886
loss: 0.0444, acc: 0.9883
loss: 0.0380, acc: 0.9911
loss: 0.0321, acc: 0.9928
loss: 0.0288, acc: 0.9940
loss: 0.0314, acc: 0.9931
loss: 0.0311, acc: 0.9931
loss: 0.0288, acc: 0.9939
loss: 0.0273, acc: 0.9939
loss: 0.0257, acc: 0.9944
loss: 0.0267, acc: 0.9939
loss: 0.0254, acc: 0.9943
loss: 0.0246, acc: 0.9943
loss: 0.0255, acc: 0.9942
loss: 0.0243, acc: 0.9946
loss: 0.0241, acc: 0.9942
loss: 0.0266, acc: 0.9928
loss: 0.0288, acc: 0.9922
loss: 0.0290, acc: 0.9920
loss: 0.0279, acc: 0.9923
loss: 0.0278, acc: 0.9924
> val_acc: 0.7438, val_f1: 0.6105
>>>>>>>>>>>>>>>>>>>>>>>>>>>>>>>>>>>>>>>>>>>>>>>>>>>>>>>>>>>>>>>>>>>>>>>>>>>>>>>>>>>>>>>>>>>>>>>>>>>>
epoch: 44
loss: 0.0164, acc: 0.9896
loss: 0.0089, acc: 0.9961
loss: 0.0267, acc: 0.9928
loss: 0.0261, acc: 0.9931
loss: 0.0232, acc: 0.9946
loss: 0.0296, acc: 0.9922
loss: 0.0289, acc: 0.9924
loss: 0.0286, acc: 0.9926
loss: 0.0296, acc: 0.9927
loss: 0.0273, acc: 0.9935
loss: 0.0281, acc: 0.9929
loss: 0.0268, acc: 0.9930
loss: 0.0282, acc: 0.9926
loss: 0.0268, acc: 0.9931
loss: 0.0276, acc: 0.9932
loss: 0.0292, acc: 0.9928
loss: 0.0297, acc: 0.9925
loss: 0.0293, acc: 0.9925
loss: 0.0320, acc: 0.9916
loss: 0.0323, acc: 0.9914
loss: 0.0322, acc: 0.9909
loss: 0.0330, acc: 0.9907
loss: 0.0323, acc: 0.9909
> val_acc: 0.7518, val_f1: 0.6369
>>>>>>>>>>>>>>>>>>>>>>>>>>>>>>>>>>>>>>>>>>>>>>>>>>>>>>>>>>>>>>>>>>>>>>>>>>>>>>>>>>>>>>>>>>>>>>>>>>>>
epoch: 45
loss: 0.0067, acc: 1.0000
loss: 0.0066, acc: 1.0000
loss: 0.0218, acc: 0.9938
loss: 0.0343, acc: 0.9906
loss: 0.0304, acc: 0.9912
loss: 0.0361, acc: 0.9885
loss: 0.0341, acc: 0.9893
loss: 0.0317, acc: 0.9906
loss: 0.0308, acc: 0.9910
loss: 0.0322, acc: 0.9900
loss: 0.0303, acc: 0.9909
loss: 0.0323, acc: 0.9901
loss: 0.0325, acc: 0.9899
loss: 0.0341, acc: 0.9897
loss: 0.0355, acc: 0.9900
loss: 0.0341, acc: 0.9906
loss: 0.0329, acc: 0.9912
loss: 0.0334, acc: 0.9910
loss: 0.0333, acc: 0.9911
loss: 0.0328, acc: 0.9909
loss: 0.0340, acc: 0.9902
loss: 0.0336, acc: 0.9903
> val_acc: 0.7545, val_f1: 0.6347
>>>>>>>>>>>>>>>>>>>>>>>>>>>>>>>>>>>>>>>>>>>>>>>>>>>>>>>>>>>>>>>>>>>>>>>>>>>>>>>>>>>>>>>>>>>>>>>>>>>>
epoch: 46
loss: 0.0321, acc: 0.9844
loss: 0.0456, acc: 0.9866
loss: 0.0317, acc: 0.9922
loss: 0.0330, acc: 0.9890
loss: 0.0325, acc: 0.9872
loss: 0.0293, acc: 0.9884
loss: 0.0307, acc: 0.9883
loss: 0.0333, acc: 0.9882
loss: 0.0311, acc: 0.9888
loss: 0.0285, acc: 0.9900
loss: 0.0298, acc: 0.9898
loss: 0.0336, acc: 0.9890
loss: 0.0313, acc: 0.9899
loss: 0.0330, acc: 0.9902
loss: 0.0323, acc: 0.9900
loss: 0.0319, acc: 0.9903
loss: 0.0308, acc: 0.9905
loss: 0.0294, acc: 0.9910
loss: 0.0282, acc: 0.9915
loss: 0.0295, acc: 0.9916
loss: 0.0282, acc: 0.9920
loss: 0.0279, acc: 0.9921
loss: 0.0280, acc: 0.9922
> val_acc: 0.7545, val_f1: 0.6140
>>>>>>>>>>>>>>>>>>>>>>>>>>>>>>>>>>>>>>>>>>>>>>>>>>>>>>>>>>>>>>>>>>>>>>>>>>>>>>>>>>>>>>>>>>>>>>>>>>>>
epoch: 47
loss: 0.0051, acc: 1.0000
loss: 0.0050, acc: 1.0000
loss: 0.0079, acc: 0.9978
loss: 0.0185, acc: 0.9951
loss: 0.0164, acc: 0.9948
loss: 0.0170, acc: 0.9946
loss: 0.0151, acc: 0.9954
loss: 0.0196, acc: 0.9952
loss: 0.0219, acc: 0.9943
loss: 0.0225, acc: 0.9943
loss: 0.0218, acc: 0.9948
loss: 0.0214, acc: 0.9947
loss: 0.0201, acc: 0.9951
loss: 0.0189, acc: 0.9955
loss: 0.0186, acc: 0.9954
loss: 0.0197, acc: 0.9949
loss: 0.0237, acc: 0.9937
loss: 0.0228, acc: 0.9937
loss: 0.0224, acc: 0.9937
loss: 0.0215, acc: 0.9940
loss: 0.0227, acc: 0.9940
loss: 0.0219, acc: 0.9943
> val_acc: 0.7571, val_f1: 0.6263
>>>>>>>>>>>>>>>>>>>>>>>>>>>>>>>>>>>>>>>>>>>>>>>>>>>>>>>>>>>>>>>>>>>>>>>>>>>>>>>>>>>>>>>>>>>>>>>>>>>>
epoch: 48
loss: 0.0077, acc: 1.0000
loss: 0.0051, acc: 1.0000
loss: 0.0083, acc: 0.9972
loss: 0.0067, acc: 0.9980
loss: 0.0096, acc: 0.9955
loss: 0.0081, acc: 0.9964
loss: 0.0122, acc: 0.9960
loss: 0.0110, acc: 0.9965
loss: 0.0107, acc: 0.9962
loss: 0.0124, acc: 0.9959
loss: 0.0126, acc: 0.9957
loss: 0.0125, acc: 0.9955
loss: 0.0136, acc: 0.9954
loss: 0.0130, acc: 0.9957
loss: 0.0168, acc: 0.9943
loss: 0.0186, acc: 0.9942
loss: 0.0204, acc: 0.9934
loss: 0.0198, acc: 0.9935
loss: 0.0189, acc: 0.9938
loss: 0.0187, acc: 0.9938
loss: 0.0190, acc: 0.9938
loss: 0.0184, acc: 0.9941
loss: 0.0178, acc: 0.9944
> val_acc: 0.7598, val_f1: 0.6382
>>>>>>>>>>>>>>>>>>>>>>>>>>>>>>>>>>>>>>>>>>>>>>>>>>>>>>>>>>>>>>>>>>>>>>>>>>>>>>>>>>>>>>>>>>>>>>>>>>>>
epoch: 49
loss: 0.0148, acc: 1.0000
loss: 0.0230, acc: 0.9961
loss: 0.0173, acc: 0.9976
loss: 0.0175, acc: 0.9965
loss: 0.0275, acc: 0.9946
loss: 0.0231, acc: 0.9955
loss: 0.0203, acc: 0.9962
loss: 0.0179, acc: 0.9967
loss: 0.0164, acc: 0.9971
loss: 0.0182, acc: 0.9961
loss: 0.0168, acc: 0.9965
loss: 0.0166, acc: 0.9962
loss: 0.0160, acc: 0.9960
loss: 0.0151, acc: 0.9963
loss: 0.0173, acc: 0.9957
loss: 0.0177, acc: 0.9956
loss: 0.0169, acc: 0.9959
loss: 0.0169, acc: 0.9957
loss: 0.0178, acc: 0.9956
loss: 0.0172, acc: 0.9959
loss: 0.0172, acc: 0.9958
loss: 0.0166, acc: 0.9959
loss: 0.0159, acc: 0.9961
> val_acc: 0.7536, val_f1: 0.6324
>> test_acc: 0.7705, test_f1: 0.6364
