cuda memory allocated: 12420096
n_trainable_params: 2168403, n_nontrainable_params: 934800
> training arguments:
>>> model_name: ian
>>> dataset: laptop
>>> optimizer: <class 'torch.optim.adam.Adam'>
>>> initializer: <function xavier_uniform_ at 0x000001EE81128730>
>>> learning_rate: 0.001
>>> dropout: 0.5
>>> l2reg: 1e-05
>>> num_epoch: 50
>>> batch_size: 64
>>> log_step: 5
>>> embed_dim: 300
>>> hidden_dim: 300
>>> bert_dim: 768
>>> pretrained_bert_name: bert-base-uncased
>>> max_seq_len: 80
>>> polarities_dim: 3
>>> hops: 3
>>> device: cuda
>>> seed: None
>>> valset_ratio: 0
>>> glove_path: ./glove/glove.840B.300d.txt
>>> model_class: <class 'models.ian.IAN'>
>>> dataset_file: {'train': './datasets/semeval14/Laptops_Train.xml.seg', 'test': './datasets/semeval14/Laptops_Test_Gold.xml.seg'}
>>> inputs_cols: ['text_raw_indices', 'aspect_indices']
>>>>>>>>>>>>>>>>>>>>>>>>>>>>>>>>>>>>>>>>>>>>>>>>>>>>>>>>>>>>>>>>>>>>>>>>>>>>>>>>>>>>>>>>>>>>>>>>>>>>
epoch: 0
loss: 1.1342, acc: 0.3375
loss: 1.0812, acc: 0.3922
loss: 1.0513, acc: 0.4490
loss: 1.0099, acc: 0.4891
loss: 0.9896, acc: 0.5094
loss: 0.9726, acc: 0.5250
loss: 0.9548, acc: 0.5402
> val_acc: 0.6019, val_f1: 0.4270
>> saved: state_dict/ian_laptop_val_acc0.6019
>>>>>>>>>>>>>>>>>>>>>>>>>>>>>>>>>>>>>>>>>>>>>>>>>>>>>>>>>>>>>>>>>>>>>>>>>>>>>>>>>>>>>>>>>>>>>>>>>>>>
epoch: 1
loss: 0.8329, acc: 0.6198
loss: 0.8267, acc: 0.6270
loss: 0.8048, acc: 0.6382
loss: 0.7989, acc: 0.6424
loss: 0.7846, acc: 0.6522
loss: 0.7707, acc: 0.6635
loss: 0.7562, acc: 0.6690
> val_acc: 0.6317, val_f1: 0.5738
>> saved: state_dict/ian_laptop_val_acc0.6317
>>>>>>>>>>>>>>>>>>>>>>>>>>>>>>>>>>>>>>>>>>>>>>>>>>>>>>>>>>>>>>>>>>>>>>>>>>>>>>>>>>>>>>>>>>>>>>>>>>>>
epoch: 2
loss: 0.6614, acc: 0.7344
loss: 0.5918, acc: 0.7865
loss: 0.6255, acc: 0.7500
loss: 0.6316, acc: 0.7363
loss: 0.6514, acc: 0.7269
loss: 0.6530, acc: 0.7290
loss: 0.6543, acc: 0.7278
loss: 0.6396, acc: 0.7335
> val_acc: 0.6693, val_f1: 0.5746
>> saved: state_dict/ian_laptop_val_acc0.6693
>>>>>>>>>>>>>>>>>>>>>>>>>>>>>>>>>>>>>>>>>>>>>>>>>>>>>>>>>>>>>>>>>>>>>>>>>>>>>>>>>>>>>>>>>>>>>>>>>>>>
epoch: 3
loss: 0.5690, acc: 0.7812
loss: 0.5327, acc: 0.7882
loss: 0.5448, acc: 0.7902
loss: 0.5486, acc: 0.7829
loss: 0.5510, acc: 0.7812
loss: 0.5663, acc: 0.7721
loss: 0.5699, acc: 0.7698
> val_acc: 0.6411, val_f1: 0.5044
>>>>>>>>>>>>>>>>>>>>>>>>>>>>>>>>>>>>>>>>>>>>>>>>>>>>>>>>>>>>>>>>>>>>>>>>>>>>>>>>>>>>>>>>>>>>>>>>>>>>
epoch: 4
loss: 0.4209, acc: 0.8203
loss: 0.4397, acc: 0.8103
loss: 0.4733, acc: 0.7891
loss: 0.4833, acc: 0.7877
loss: 0.4872, acc: 0.7827
loss: 0.4985, acc: 0.7853
loss: 0.5029, acc: 0.7852
loss: 0.5033, acc: 0.7882
> val_acc: 0.6881, val_f1: 0.6310
>> saved: state_dict/ian_laptop_val_acc0.6881
>>>>>>>>>>>>>>>>>>>>>>>>>>>>>>>>>>>>>>>>>>>>>>>>>>>>>>>>>>>>>>>>>>>>>>>>>>>>>>>>>>>>>>>>>>>>>>>>>>>>
epoch: 5
loss: 0.4466, acc: 0.8281
loss: 0.4503, acc: 0.8219
loss: 0.4395, acc: 0.8271
loss: 0.4474, acc: 0.8211
loss: 0.4442, acc: 0.8225
loss: 0.4325, acc: 0.8266
loss: 0.4501, acc: 0.8183
> val_acc: 0.6505, val_f1: 0.5354
>>>>>>>>>>>>>>>>>>>>>>>>>>>>>>>>>>>>>>>>>>>>>>>>>>>>>>>>>>>>>>>>>>>>>>>>>>>>>>>>>>>>>>>>>>>>>>>>>>>>
epoch: 6
loss: 0.3456, acc: 0.8542
loss: 0.3258, acc: 0.8730
loss: 0.3602, acc: 0.8606
loss: 0.3640, acc: 0.8559
loss: 0.3777, acc: 0.8539
loss: 0.3765, acc: 0.8516
loss: 0.3752, acc: 0.8504
> val_acc: 0.6458, val_f1: 0.5786
>>>>>>>>>>>>>>>>>>>>>>>>>>>>>>>>>>>>>>>>>>>>>>>>>>>>>>>>>>>>>>>>>>>>>>>>>>>>>>>>>>>>>>>>>>>>>>>>>>>>
epoch: 7
loss: 0.1943, acc: 0.9531
loss: 0.3216, acc: 0.8802
loss: 0.3519, acc: 0.8551
loss: 0.3362, acc: 0.8613
loss: 0.3311, acc: 0.8594
loss: 0.3347, acc: 0.8594
loss: 0.3358, acc: 0.8634
loss: 0.3309, acc: 0.8659
> val_acc: 0.6583, val_f1: 0.5862
>>>>>>>>>>>>>>>>>>>>>>>>>>>>>>>>>>>>>>>>>>>>>>>>>>>>>>>>>>>>>>>>>>>>>>>>>>>>>>>>>>>>>>>>>>>>>>>>>>>>
epoch: 8
loss: 0.2178, acc: 0.9141
loss: 0.2213, acc: 0.9167
loss: 0.2208, acc: 0.9163
loss: 0.2340, acc: 0.9145
loss: 0.2297, acc: 0.9160
loss: 0.2407, acc: 0.9100
loss: 0.2653, acc: 0.9012
> val_acc: 0.6505, val_f1: 0.5581
>>>>>>>>>>>>>>>>>>>>>>>>>>>>>>>>>>>>>>>>>>>>>>>>>>>>>>>>>>>>>>>>>>>>>>>>>>>>>>>>>>>>>>>>>>>>>>>>>>>>
epoch: 9
loss: 0.2603, acc: 0.8984
loss: 0.2353, acc: 0.9107
loss: 0.2516, acc: 0.9089
loss: 0.2484, acc: 0.9062
loss: 0.2636, acc: 0.9027
loss: 0.2668, acc: 0.9010
loss: 0.2709, acc: 0.8999
loss: 0.2682, acc: 0.8999
> val_acc: 0.6505, val_f1: 0.5899
>>>>>>>>>>>>>>>>>>>>>>>>>>>>>>>>>>>>>>>>>>>>>>>>>>>>>>>>>>>>>>>>>>>>>>>>>>>>>>>>>>>>>>>>>>>>>>>>>>>>
epoch: 10
loss: 0.2225, acc: 0.9125
loss: 0.2159, acc: 0.9187
loss: 0.2343, acc: 0.9125
loss: 0.2341, acc: 0.9078
loss: 0.2404, acc: 0.9081
loss: 0.2446, acc: 0.9062
loss: 0.2480, acc: 0.9045
> val_acc: 0.6160, val_f1: 0.5207
>>>>>>>>>>>>>>>>>>>>>>>>>>>>>>>>>>>>>>>>>>>>>>>>>>>>>>>>>>>>>>>>>>>>>>>>>>>>>>>>>>>>>>>>>>>>>>>>>>>>
epoch: 11
loss: 0.2088, acc: 0.9323
loss: 0.2028, acc: 0.9297
loss: 0.2087, acc: 0.9279
loss: 0.1944, acc: 0.9297
loss: 0.2097, acc: 0.9239
loss: 0.2188, acc: 0.9196
loss: 0.2308, acc: 0.9134
> val_acc: 0.6505, val_f1: 0.5757
>>>>>>>>>>>>>>>>>>>>>>>>>>>>>>>>>>>>>>>>>>>>>>>>>>>>>>>>>>>>>>>>>>>>>>>>>>>>>>>>>>>>>>>>>>>>>>>>>>>>
epoch: 12
loss: 0.1727, acc: 0.9531
loss: 0.1853, acc: 0.9271
loss: 0.2016, acc: 0.9318
loss: 0.2002, acc: 0.9316
loss: 0.1970, acc: 0.9330
loss: 0.1906, acc: 0.9333
loss: 0.2095, acc: 0.9244
loss: 0.2152, acc: 0.9206
> val_acc: 0.6238, val_f1: 0.5158
>>>>>>>>>>>>>>>>>>>>>>>>>>>>>>>>>>>>>>>>>>>>>>>>>>>>>>>>>>>>>>>>>>>>>>>>>>>>>>>>>>>>>>>>>>>>>>>>>>>>
epoch: 13
loss: 0.2013, acc: 0.9297
loss: 0.1862, acc: 0.9358
loss: 0.2078, acc: 0.9252
loss: 0.2022, acc: 0.9293
loss: 0.2041, acc: 0.9284
loss: 0.2017, acc: 0.9300
loss: 0.1980, acc: 0.9306
> val_acc: 0.6881, val_f1: 0.6284
>>>>>>>>>>>>>>>>>>>>>>>>>>>>>>>>>>>>>>>>>>>>>>>>>>>>>>>>>>>>>>>>>>>>>>>>>>>>>>>>>>>>>>>>>>>>>>>>>>>>
epoch: 14
loss: 0.1261, acc: 0.9688
loss: 0.2384, acc: 0.9174
loss: 0.2377, acc: 0.9128
loss: 0.2277, acc: 0.9173
loss: 0.2167, acc: 0.9197
loss: 0.2249, acc: 0.9178
loss: 0.2235, acc: 0.9165
loss: 0.2323, acc: 0.9158
> val_acc: 0.6458, val_f1: 0.5822
>>>>>>>>>>>>>>>>>>>>>>>>>>>>>>>>>>>>>>>>>>>>>>>>>>>>>>>>>>>>>>>>>>>>>>>>>>>>>>>>>>>>>>>>>>>>>>>>>>>>
epoch: 15
loss: 0.1493, acc: 0.9563
loss: 0.1503, acc: 0.9484
loss: 0.1543, acc: 0.9448
loss: 0.1716, acc: 0.9422
loss: 0.1686, acc: 0.9425
loss: 0.1704, acc: 0.9437
loss: 0.1713, acc: 0.9402
> val_acc: 0.6583, val_f1: 0.6038
>>>>>>>>>>>>>>>>>>>>>>>>>>>>>>>>>>>>>>>>>>>>>>>>>>>>>>>>>>>>>>>>>>>>>>>>>>>>>>>>>>>>>>>>>>>>>>>>>>>>
epoch: 16
loss: 0.1203, acc: 0.9479
loss: 0.1324, acc: 0.9551
loss: 0.1482, acc: 0.9519
loss: 0.1469, acc: 0.9497
loss: 0.1393, acc: 0.9531
loss: 0.1375, acc: 0.9526
loss: 0.1356, acc: 0.9536
> val_acc: 0.6364, val_f1: 0.5757
>>>>>>>>>>>>>>>>>>>>>>>>>>>>>>>>>>>>>>>>>>>>>>>>>>>>>>>>>>>>>>>>>>>>>>>>>>>>>>>>>>>>>>>>>>>>>>>>>>>>
epoch: 17
loss: 0.0773, acc: 0.9844
loss: 0.1459, acc: 0.9531
loss: 0.1517, acc: 0.9418
loss: 0.1485, acc: 0.9443
loss: 0.1707, acc: 0.9375
loss: 0.1625, acc: 0.9411
loss: 0.1626, acc: 0.9385
loss: 0.1597, acc: 0.9379
> val_acc: 0.6755, val_f1: 0.6038
>>>>>>>>>>>>>>>>>>>>>>>>>>>>>>>>>>>>>>>>>>>>>>>>>>>>>>>>>>>>>>>>>>>>>>>>>>>>>>>>>>>>>>>>>>>>>>>>>>>>
epoch: 18
loss: 0.1532, acc: 0.9258
loss: 0.2059, acc: 0.9288
loss: 0.2116, acc: 0.9208
loss: 0.2262, acc: 0.9178
loss: 0.2300, acc: 0.9193
loss: 0.2225, acc: 0.9192
loss: 0.2349, acc: 0.9131
> val_acc: 0.6034, val_f1: 0.5600
>>>>>>>>>>>>>>>>>>>>>>>>>>>>>>>>>>>>>>>>>>>>>>>>>>>>>>>>>>>>>>>>>>>>>>>>>>>>>>>>>>>>>>>>>>>>>>>>>>>>
epoch: 19
loss: 0.3056, acc: 0.8984
loss: 0.2108, acc: 0.9241
loss: 0.1746, acc: 0.9349
loss: 0.1708, acc: 0.9403
loss: 0.1723, acc: 0.9403
loss: 0.1695, acc: 0.9421
loss: 0.1714, acc: 0.9414
loss: 0.1763, acc: 0.9407
> val_acc: 0.6426, val_f1: 0.5710
>>>>>>>>>>>>>>>>>>>>>>>>>>>>>>>>>>>>>>>>>>>>>>>>>>>>>>>>>>>>>>>>>>>>>>>>>>>>>>>>>>>>>>>>>>>>>>>>>>>>
epoch: 20
loss: 0.1261, acc: 0.9531
loss: 0.1491, acc: 0.9500
loss: 0.1374, acc: 0.9552
loss: 0.1465, acc: 0.9469
loss: 0.1462, acc: 0.9494
loss: 0.1502, acc: 0.9474
loss: 0.1446, acc: 0.9504
> val_acc: 0.6395, val_f1: 0.5606
>>>>>>>>>>>>>>>>>>>>>>>>>>>>>>>>>>>>>>>>>>>>>>>>>>>>>>>>>>>>>>>>>>>>>>>>>>>>>>>>>>>>>>>>>>>>>>>>>>>>
epoch: 21
loss: 0.1363, acc: 0.9531
loss: 0.1259, acc: 0.9590
loss: 0.1176, acc: 0.9591
loss: 0.1158, acc: 0.9583
loss: 0.1098, acc: 0.9592
loss: 0.1229, acc: 0.9570
loss: 0.1340, acc: 0.9550
> val_acc: 0.6285, val_f1: 0.5478
>>>>>>>>>>>>>>>>>>>>>>>>>>>>>>>>>>>>>>>>>>>>>>>>>>>>>>>>>>>>>>>>>>>>>>>>>>>>>>>>>>>>>>>>>>>>>>>>>>>>
epoch: 22
loss: 0.1463, acc: 0.9219
loss: 0.1556, acc: 0.9401
loss: 0.2038, acc: 0.9347
loss: 0.2123, acc: 0.9258
loss: 0.2207, acc: 0.9196
loss: 0.2464, acc: 0.9141
loss: 0.2644, acc: 0.9078
loss: 0.2647, acc: 0.9080
> val_acc: 0.6426, val_f1: 0.5732
>>>>>>>>>>>>>>>>>>>>>>>>>>>>>>>>>>>>>>>>>>>>>>>>>>>>>>>>>>>>>>>>>>>>>>>>>>>>>>>>>>>>>>>>>>>>>>>>>>>>
epoch: 23
loss: 0.1473, acc: 0.9570
loss: 0.1859, acc: 0.9497
loss: 0.2059, acc: 0.9375
loss: 0.2063, acc: 0.9375
loss: 0.1972, acc: 0.9395
loss: 0.1958, acc: 0.9397
loss: 0.1957, acc: 0.9412
> val_acc: 0.6411, val_f1: 0.5860
>>>>>>>>>>>>>>>>>>>>>>>>>>>>>>>>>>>>>>>>>>>>>>>>>>>>>>>>>>>>>>>>>>>>>>>>>>>>>>>>>>>>>>>>>>>>>>>>>>>>
epoch: 24
loss: 0.1115, acc: 0.9688
loss: 0.1557, acc: 0.9531
loss: 0.1401, acc: 0.9531
loss: 0.1337, acc: 0.9540
loss: 0.1448, acc: 0.9510
loss: 0.1459, acc: 0.9497
loss: 0.1487, acc: 0.9492
loss: 0.1477, acc: 0.9497
> val_acc: 0.6458, val_f1: 0.5695
>>>>>>>>>>>>>>>>>>>>>>>>>>>>>>>>>>>>>>>>>>>>>>>>>>>>>>>>>>>>>>>>>>>>>>>>>>>>>>>>>>>>>>>>>>>>>>>>>>>>
epoch: 25
loss: 0.0984, acc: 0.9750
loss: 0.1021, acc: 0.9703
loss: 0.1269, acc: 0.9635
loss: 0.1196, acc: 0.9672
loss: 0.1130, acc: 0.9688
loss: 0.1101, acc: 0.9677
loss: 0.1121, acc: 0.9634
> val_acc: 0.6411, val_f1: 0.5635
>>>>>>>>>>>>>>>>>>>>>>>>>>>>>>>>>>>>>>>>>>>>>>>>>>>>>>>>>>>>>>>>>>>>>>>>>>>>>>>>>>>>>>>>>>>>>>>>>>>>
epoch: 26
loss: 0.0545, acc: 0.9688
loss: 0.0900, acc: 0.9629
loss: 0.0965, acc: 0.9627
loss: 0.1033, acc: 0.9592
loss: 0.1004, acc: 0.9613
loss: 0.1054, acc: 0.9598
loss: 0.1023, acc: 0.9612
> val_acc: 0.6458, val_f1: 0.5876
>>>>>>>>>>>>>>>>>>>>>>>>>>>>>>>>>>>>>>>>>>>>>>>>>>>>>>>>>>>>>>>>>>>>>>>>>>>>>>>>>>>>>>>>>>>>>>>>>>>>
epoch: 27
loss: 0.0523, acc: 0.9844
loss: 0.0703, acc: 0.9766
loss: 0.0779, acc: 0.9744
loss: 0.0796, acc: 0.9736
loss: 0.0790, acc: 0.9740
loss: 0.0739, acc: 0.9748
loss: 0.0743, acc: 0.9743
loss: 0.0758, acc: 0.9735
> val_acc: 0.6348, val_f1: 0.5715
>>>>>>>>>>>>>>>>>>>>>>>>>>>>>>>>>>>>>>>>>>>>>>>>>>>>>>>>>>>>>>>>>>>>>>>>>>>>>>>>>>>>>>>>>>>>>>>>>>>>
epoch: 28
loss: 0.0497, acc: 0.9844
loss: 0.0645, acc: 0.9757
loss: 0.0693, acc: 0.9777
loss: 0.0609, acc: 0.9803
loss: 0.0603, acc: 0.9798
loss: 0.0659, acc: 0.9784
loss: 0.0677, acc: 0.9770
> val_acc: 0.6348, val_f1: 0.5617
>>>>>>>>>>>>>>>>>>>>>>>>>>>>>>>>>>>>>>>>>>>>>>>>>>>>>>>>>>>>>>>>>>>>>>>>>>>>>>>>>>>>>>>>>>>>>>>>>>>>
epoch: 29
loss: 0.0625, acc: 0.9844
loss: 0.0404, acc: 0.9911
loss: 0.0606, acc: 0.9831
loss: 0.0650, acc: 0.9807
loss: 0.0638, acc: 0.9808
loss: 0.0666, acc: 0.9780
loss: 0.0711, acc: 0.9766
loss: 0.0800, acc: 0.9755
> val_acc: 0.6348, val_f1: 0.5624
>>>>>>>>>>>>>>>>>>>>>>>>>>>>>>>>>>>>>>>>>>>>>>>>>>>>>>>>>>>>>>>>>>>>>>>>>>>>>>>>>>>>>>>>>>>>>>>>>>>>
epoch: 30
loss: 0.1249, acc: 0.9656
loss: 0.1037, acc: 0.9688
loss: 0.1120, acc: 0.9615
loss: 0.1212, acc: 0.9586
loss: 0.1256, acc: 0.9569
loss: 0.1303, acc: 0.9568
loss: 0.1424, acc: 0.9549
> val_acc: 0.6442, val_f1: 0.5668
>>>>>>>>>>>>>>>>>>>>>>>>>>>>>>>>>>>>>>>>>>>>>>>>>>>>>>>>>>>>>>>>>>>>>>>>>>>>>>>>>>>>>>>>>>>>>>>>>>>>
epoch: 31
loss: 0.1732, acc: 0.9531
loss: 0.1221, acc: 0.9609
loss: 0.1020, acc: 0.9688
loss: 0.1067, acc: 0.9670
loss: 0.1026, acc: 0.9654
loss: 0.1127, acc: 0.9665
loss: 0.1114, acc: 0.9678
> val_acc: 0.6285, val_f1: 0.5292
>>>>>>>>>>>>>>>>>>>>>>>>>>>>>>>>>>>>>>>>>>>>>>>>>>>>>>>>>>>>>>>>>>>>>>>>>>>>>>>>>>>>>>>>>>>>>>>>>>>>
epoch: 32
loss: 0.1183, acc: 0.9688
loss: 0.0684, acc: 0.9740
loss: 0.0524, acc: 0.9815
loss: 0.0592, acc: 0.9785
loss: 0.0514, acc: 0.9814
loss: 0.0502, acc: 0.9826
loss: 0.0533, acc: 0.9814
loss: 0.0575, acc: 0.9792
> val_acc: 0.6426, val_f1: 0.5683
>>>>>>>>>>>>>>>>>>>>>>>>>>>>>>>>>>>>>>>>>>>>>>>>>>>>>>>>>>>>>>>>>>>>>>>>>>>>>>>>>>>>>>>>>>>>>>>>>>>>
epoch: 33
loss: 0.0290, acc: 0.9922
loss: 0.0428, acc: 0.9861
loss: 0.0443, acc: 0.9844
loss: 0.0625, acc: 0.9811
loss: 0.0681, acc: 0.9792
loss: 0.0792, acc: 0.9752
loss: 0.0799, acc: 0.9766
> val_acc: 0.6317, val_f1: 0.5465
>>>>>>>>>>>>>>>>>>>>>>>>>>>>>>>>>>>>>>>>>>>>>>>>>>>>>>>>>>>>>>>>>>>>>>>>>>>>>>>>>>>>>>>>>>>>>>>>>>>>
epoch: 34
loss: 0.0925, acc: 0.9766
loss: 0.0695, acc: 0.9799
loss: 0.0686, acc: 0.9805
loss: 0.0720, acc: 0.9798
loss: 0.0717, acc: 0.9794
loss: 0.0718, acc: 0.9769
loss: 0.0811, acc: 0.9751
loss: 0.0796, acc: 0.9768
> val_acc: 0.6505, val_f1: 0.5953
>>>>>>>>>>>>>>>>>>>>>>>>>>>>>>>>>>>>>>>>>>>>>>>>>>>>>>>>>>>>>>>>>>>>>>>>>>>>>>>>>>>>>>>>>>>>>>>>>>>>
epoch: 35
loss: 0.0534, acc: 0.9812
loss: 0.0609, acc: 0.9828
loss: 0.0643, acc: 0.9771
loss: 0.0615, acc: 0.9781
loss: 0.0610, acc: 0.9800
loss: 0.0617, acc: 0.9792
loss: 0.0713, acc: 0.9772
> val_acc: 0.6395, val_f1: 0.5566
>>>>>>>>>>>>>>>>>>>>>>>>>>>>>>>>>>>>>>>>>>>>>>>>>>>>>>>>>>>>>>>>>>>>>>>>>>>>>>>>>>>>>>>>>>>>>>>>>>>>
epoch: 36
loss: 0.0503, acc: 0.9844
loss: 0.0588, acc: 0.9844
loss: 0.0895, acc: 0.9772
loss: 0.1009, acc: 0.9696
loss: 0.1029, acc: 0.9681
loss: 0.1073, acc: 0.9637
loss: 0.1174, acc: 0.9602
> val_acc: 0.6254, val_f1: 0.5572
>>>>>>>>>>>>>>>>>>>>>>>>>>>>>>>>>>>>>>>>>>>>>>>>>>>>>>>>>>>>>>>>>>>>>>>>>>>>>>>>>>>>>>>>>>>>>>>>>>>>
epoch: 37
loss: 0.0961, acc: 0.9531
loss: 0.1467, acc: 0.9505
loss: 0.1324, acc: 0.9517
loss: 0.1194, acc: 0.9580
loss: 0.1250, acc: 0.9546
loss: 0.1299, acc: 0.9549
loss: 0.1266, acc: 0.9556
loss: 0.1264, acc: 0.9549
> val_acc: 0.6583, val_f1: 0.5947
>>>>>>>>>>>>>>>>>>>>>>>>>>>>>>>>>>>>>>>>>>>>>>>>>>>>>>>>>>>>>>>>>>>>>>>>>>>>>>>>>>>>>>>>>>>>>>>>>>>>
epoch: 38
loss: 0.0787, acc: 0.9766
loss: 0.0770, acc: 0.9705
loss: 0.0923, acc: 0.9643
loss: 0.0822, acc: 0.9696
loss: 0.0879, acc: 0.9681
loss: 0.0877, acc: 0.9693
loss: 0.0854, acc: 0.9701
> val_acc: 0.6567, val_f1: 0.5981
>>>>>>>>>>>>>>>>>>>>>>>>>>>>>>>>>>>>>>>>>>>>>>>>>>>>>>>>>>>>>>>>>>>>>>>>>>>>>>>>>>>>>>>>>>>>>>>>>>>>
epoch: 39
loss: 0.0928, acc: 0.9688
loss: 0.1209, acc: 0.9509
loss: 0.1258, acc: 0.9570
loss: 0.1250, acc: 0.9586
loss: 0.1173, acc: 0.9616
loss: 0.1117, acc: 0.9612
loss: 0.1087, acc: 0.9629
loss: 0.1106, acc: 0.9635
> val_acc: 0.6395, val_f1: 0.5552
>>>>>>>>>>>>>>>>>>>>>>>>>>>>>>>>>>>>>>>>>>>>>>>>>>>>>>>>>>>>>>>>>>>>>>>>>>>>>>>>>>>>>>>>>>>>>>>>>>>>
epoch: 40
loss: 0.0695, acc: 0.9812
loss: 0.0796, acc: 0.9750
loss: 0.0788, acc: 0.9792
loss: 0.0726, acc: 0.9820
loss: 0.0734, acc: 0.9806
loss: 0.0792, acc: 0.9766
loss: 0.0868, acc: 0.9728
> val_acc: 0.6395, val_f1: 0.5632
>>>>>>>>>>>>>>>>>>>>>>>>>>>>>>>>>>>>>>>>>>>>>>>>>>>>>>>>>>>>>>>>>>>>>>>>>>>>>>>>>>>>>>>>>>>>>>>>>>>>
epoch: 41
loss: 0.0852, acc: 0.9635
loss: 0.0619, acc: 0.9766
loss: 0.0783, acc: 0.9736
loss: 0.0777, acc: 0.9731
loss: 0.0743, acc: 0.9762
loss: 0.0921, acc: 0.9721
loss: 0.1021, acc: 0.9692
> val_acc: 0.6364, val_f1: 0.5398
>>>>>>>>>>>>>>>>>>>>>>>>>>>>>>>>>>>>>>>>>>>>>>>>>>>>>>>>>>>>>>>>>>>>>>>>>>>>>>>>>>>>>>>>>>>>>>>>>>>>
epoch: 42
loss: 0.0820, acc: 0.9688
loss: 0.0915, acc: 0.9635
loss: 0.0814, acc: 0.9688
loss: 0.0812, acc: 0.9736
loss: 0.0875, acc: 0.9710
loss: 0.0811, acc: 0.9718
loss: 0.0857, acc: 0.9713
loss: 0.0829, acc: 0.9727
> val_acc: 0.6301, val_f1: 0.5543
>>>>>>>>>>>>>>>>>>>>>>>>>>>>>>>>>>>>>>>>>>>>>>>>>>>>>>>>>>>>>>>>>>>>>>>>>>>>>>>>>>>>>>>>>>>>>>>>>>>>
epoch: 43
loss: 0.0309, acc: 0.9883
loss: 0.0356, acc: 0.9913
loss: 0.0442, acc: 0.9911
loss: 0.0503, acc: 0.9868
loss: 0.0520, acc: 0.9850
loss: 0.0520, acc: 0.9855
loss: 0.0545, acc: 0.9853
> val_acc: 0.6442, val_f1: 0.5712
>>>>>>>>>>>>>>>>>>>>>>>>>>>>>>>>>>>>>>>>>>>>>>>>>>>>>>>>>>>>>>>>>>>>>>>>>>>>>>>>>>>>>>>>>>>>>>>>>>>>
epoch: 44
loss: 0.0219, acc: 0.9922
loss: 0.0228, acc: 0.9933
loss: 0.0305, acc: 0.9896
loss: 0.0342, acc: 0.9890
loss: 0.0334, acc: 0.9886
loss: 0.0345, acc: 0.9884
loss: 0.0357, acc: 0.9878
loss: 0.0370, acc: 0.9871
> val_acc: 0.6332, val_f1: 0.5651
>>>>>>>>>>>>>>>>>>>>>>>>>>>>>>>>>>>>>>>>>>>>>>>>>>>>>>>>>>>>>>>>>>>>>>>>>>>>>>>>>>>>>>>>>>>>>>>>>>>>
epoch: 45
loss: 0.0230, acc: 0.9906
loss: 0.0360, acc: 0.9859
loss: 0.0326, acc: 0.9875
loss: 0.0347, acc: 0.9867
loss: 0.0348, acc: 0.9856
loss: 0.0324, acc: 0.9875
loss: 0.0323, acc: 0.9875
> val_acc: 0.6473, val_f1: 0.5737
>>>>>>>>>>>>>>>>>>>>>>>>>>>>>>>>>>>>>>>>>>>>>>>>>>>>>>>>>>>>>>>>>>>>>>>>>>>>>>>>>>>>>>>>>>>>>>>>>>>>
epoch: 46
loss: 0.1424, acc: 0.9844
loss: 0.0626, acc: 0.9902
loss: 0.0451, acc: 0.9916
loss: 0.0438, acc: 0.9913
loss: 0.0503, acc: 0.9885
loss: 0.0504, acc: 0.9872
loss: 0.0507, acc: 0.9867
> val_acc: 0.6332, val_f1: 0.5377
>>>>>>>>>>>>>>>>>>>>>>>>>>>>>>>>>>>>>>>>>>>>>>>>>>>>>>>>>>>>>>>>>>>>>>>>>>>>>>>>>>>>>>>>>>>>>>>>>>>>
epoch: 47
loss: 0.0091, acc: 1.0000
loss: 0.0737, acc: 0.9688
loss: 0.0697, acc: 0.9744
loss: 0.0611, acc: 0.9766
loss: 0.0659, acc: 0.9762
loss: 0.0741, acc: 0.9772
loss: 0.0727, acc: 0.9783
loss: 0.0685, acc: 0.9792
> val_acc: 0.6489, val_f1: 0.5796
>>>>>>>>>>>>>>>>>>>>>>>>>>>>>>>>>>>>>>>>>>>>>>>>>>>>>>>>>>>>>>>>>>>>>>>>>>>>>>>>>>>>>>>>>>>>>>>>>>>>
epoch: 48
loss: 0.0460, acc: 0.9805
loss: 0.0635, acc: 0.9809
loss: 0.0684, acc: 0.9777
loss: 0.0865, acc: 0.9753
loss: 0.0937, acc: 0.9720
loss: 0.1066, acc: 0.9661
loss: 0.1232, acc: 0.9591
> val_acc: 0.6520, val_f1: 0.5744
>>>>>>>>>>>>>>>>>>>>>>>>>>>>>>>>>>>>>>>>>>>>>>>>>>>>>>>>>>>>>>>>>>>>>>>>>>>>>>>>>>>>>>>>>>>>>>>>>>>>
epoch: 49
loss: 0.2082, acc: 0.9375
loss: 0.2848, acc: 0.9107
loss: 0.3135, acc: 0.9010
loss: 0.3618, acc: 0.8768
loss: 0.3607, acc: 0.8807
loss: 0.3494, acc: 0.8854
loss: 0.3460, acc: 0.8867
loss: 0.3408, acc: 0.8866
> val_acc: 0.6348, val_f1: 0.5588
>> test_acc: 0.6881, test_f1: 0.6310
