cuda memory allocated: 12420096
n_trainable_params: 2168403, n_nontrainable_params: 934800
> training arguments:
>>> model_name: ian
>>> dataset: laptop
>>> optimizer: <class 'torch.optim.adam.Adam'>
>>> initializer: <function xavier_uniform_ at 0x0000018002ED9730>
>>> learning_rate: 0.0003
>>> dropout: 0.5
>>> l2reg: 1e-05
>>> num_epoch: 50
>>> batch_size: 32
>>> log_step: 5
>>> embed_dim: 300
>>> hidden_dim: 300
>>> bert_dim: 768
>>> pretrained_bert_name: bert-base-uncased
>>> max_seq_len: 80
>>> polarities_dim: 3
>>> hops: 3
>>> device: cuda
>>> seed: None
>>> valset_ratio: 0
>>> glove_path: ./glove/glove.840B.300d.txt
>>> model_class: <class 'models.ian.IAN'>
>>> dataset_file: {'train': './datasets/semeval14/Laptops_Train.xml.seg', 'test': './datasets/semeval14/Laptops_Test_Gold.xml.seg'}
>>> inputs_cols: ['text_raw_indices', 'aspect_indices']
>>>>>>>>>>>>>>>>>>>>>>>>>>>>>>>>>>>>>>>>>>>>>>>>>>>>>>>>>>>>>>>>>>>>>>>>>>>>>>>>>>>>>>>>>>>>>>>>>>>>
epoch: 0
loss: 1.1170, acc: 0.3063
loss: 1.1008, acc: 0.3625
loss: 1.0803, acc: 0.4125
loss: 1.0776, acc: 0.4281
loss: 1.0554, acc: 0.4637
loss: 1.0375, acc: 0.4813
loss: 1.0169, acc: 0.4982
loss: 0.9948, acc: 0.5180
loss: 0.9752, acc: 0.5319
loss: 0.9608, acc: 0.5444
loss: 0.9567, acc: 0.5494
loss: 0.9505, acc: 0.5568
loss: 0.9486, acc: 0.5611
loss: 0.9402, acc: 0.5656
> val_acc: 0.6176, val_f1: 0.4710
>> saved: state_dict/ian_laptop_val_acc0.6176
>>>>>>>>>>>>>>>>>>>>>>>>>>>>>>>>>>>>>>>>>>>>>>>>>>>>>>>>>>>>>>>>>>>>>>>>>>>>>>>>>>>>>>>>>>>>>>>>>>>>
epoch: 1
loss: 0.6787, acc: 0.7031
loss: 0.7567, acc: 0.6429
loss: 0.7227, acc: 0.6875
loss: 0.7325, acc: 0.6820
loss: 0.7278, acc: 0.6918
loss: 0.7177, acc: 0.6933
loss: 0.7194, acc: 0.6934
loss: 0.7226, acc: 0.6917
loss: 0.7162, acc: 0.6994
loss: 0.7162, acc: 0.6968
loss: 0.7119, acc: 0.6983
loss: 0.7092, acc: 0.6979
loss: 0.7130, acc: 0.6961
loss: 0.7122, acc: 0.6982
loss: 0.7068, acc: 0.7010
> val_acc: 0.6724, val_f1: 0.5827
>> saved: state_dict/ian_laptop_val_acc0.6724
>>>>>>>>>>>>>>>>>>>>>>>>>>>>>>>>>>>>>>>>>>>>>>>>>>>>>>>>>>>>>>>>>>>>>>>>>>>>>>>>>>>>>>>>>>>>>>>>>>>>
epoch: 2
loss: 0.6352, acc: 0.7266
loss: 0.6206, acc: 0.7535
loss: 0.6122, acc: 0.7612
loss: 0.6045, acc: 0.7516
loss: 0.6187, acc: 0.7409
loss: 0.6098, acc: 0.7478
loss: 0.6112, acc: 0.7463
loss: 0.6086, acc: 0.7492
loss: 0.6033, acc: 0.7536
loss: 0.6039, acc: 0.7506
loss: 0.6042, acc: 0.7477
loss: 0.6043, acc: 0.7463
loss: 0.6105, acc: 0.7427
loss: 0.6069, acc: 0.7455
> val_acc: 0.6818, val_f1: 0.6134
>> saved: state_dict/ian_laptop_val_acc0.6818
>>>>>>>>>>>>>>>>>>>>>>>>>>>>>>>>>>>>>>>>>>>>>>>>>>>>>>>>>>>>>>>>>>>>>>>>>>>>>>>>>>>>>>>>>>>>>>>>>>>>
epoch: 3
loss: 0.4429, acc: 0.8125
loss: 0.5266, acc: 0.7604
loss: 0.4940, acc: 0.7869
loss: 0.5123, acc: 0.7812
loss: 0.5281, acc: 0.7768
loss: 0.5481, acc: 0.7632
loss: 0.5317, acc: 0.7772
loss: 0.5310, acc: 0.7786
loss: 0.5219, acc: 0.7828
loss: 0.5203, acc: 0.7867
loss: 0.5197, acc: 0.7874
loss: 0.5225, acc: 0.7874
loss: 0.5264, acc: 0.7838
loss: 0.5246, acc: 0.7855
loss: 0.5228, acc: 0.7874
> val_acc: 0.6677, val_f1: 0.5891
>>>>>>>>>>>>>>>>>>>>>>>>>>>>>>>>>>>>>>>>>>>>>>>>>>>>>>>>>>>>>>>>>>>>>>>>>>>>>>>>>>>>>>>>>>>>>>>>>>>>
epoch: 4
loss: 0.5046, acc: 0.8229
loss: 0.4665, acc: 0.8203
loss: 0.4588, acc: 0.8029
loss: 0.4283, acc: 0.8194
loss: 0.4387, acc: 0.8207
loss: 0.4506, acc: 0.8125
loss: 0.4415, acc: 0.8182
loss: 0.4463, acc: 0.8150
loss: 0.4493, acc: 0.8132
loss: 0.4477, acc: 0.8158
loss: 0.4455, acc: 0.8190
loss: 0.4450, acc: 0.8190
loss: 0.4454, acc: 0.8170
loss: 0.4453, acc: 0.8171
loss: 0.4455, acc: 0.8157
> val_acc: 0.6740, val_f1: 0.5952
>>>>>>>>>>>>>>>>>>>>>>>>>>>>>>>>>>>>>>>>>>>>>>>>>>>>>>>>>>>>>>>>>>>>>>>>>>>>>>>>>>>>>>>>>>>>>>>>>>>>
epoch: 5
loss: 0.4134, acc: 0.8250
loss: 0.4336, acc: 0.8156
loss: 0.4123, acc: 0.8375
loss: 0.4088, acc: 0.8375
loss: 0.4179, acc: 0.8325
loss: 0.4109, acc: 0.8385
loss: 0.4158, acc: 0.8357
loss: 0.4177, acc: 0.8344
loss: 0.4285, acc: 0.8306
loss: 0.4264, acc: 0.8337
loss: 0.4284, acc: 0.8324
loss: 0.4271, acc: 0.8333
loss: 0.4281, acc: 0.8308
loss: 0.4268, acc: 0.8308
> val_acc: 0.6740, val_f1: 0.6183
>>>>>>>>>>>>>>>>>>>>>>>>>>>>>>>>>>>>>>>>>>>>>>>>>>>>>>>>>>>>>>>>>>>>>>>>>>>>>>>>>>>>>>>>>>>>>>>>>>>>
epoch: 6
loss: 0.3018, acc: 0.8750
loss: 0.3101, acc: 0.8929
loss: 0.3077, acc: 0.8802
loss: 0.3193, acc: 0.8805
loss: 0.3431, acc: 0.8707
loss: 0.3306, acc: 0.8796
loss: 0.3403, acc: 0.8760
loss: 0.3344, acc: 0.8767
loss: 0.3491, acc: 0.8668
loss: 0.3459, acc: 0.8697
loss: 0.3519, acc: 0.8630
loss: 0.3594, acc: 0.8618
loss: 0.3641, acc: 0.8564
loss: 0.3640, acc: 0.8554
loss: 0.3687, acc: 0.8524
> val_acc: 0.6803, val_f1: 0.6073
>>>>>>>>>>>>>>>>>>>>>>>>>>>>>>>>>>>>>>>>>>>>>>>>>>>>>>>>>>>>>>>>>>>>>>>>>>>>>>>>>>>>>>>>>>>>>>>>>>>>
epoch: 7
loss: 0.3487, acc: 0.8594
loss: 0.3350, acc: 0.8646
loss: 0.3335, acc: 0.8683
loss: 0.3274, acc: 0.8701
loss: 0.3140, acc: 0.8789
loss: 0.3115, acc: 0.8825
loss: 0.3167, acc: 0.8796
loss: 0.3144, acc: 0.8806
loss: 0.3240, acc: 0.8743
loss: 0.3209, acc: 0.8769
loss: 0.3270, acc: 0.8744
loss: 0.3298, acc: 0.8713
loss: 0.3233, acc: 0.8726
loss: 0.3224, acc: 0.8727
> val_acc: 0.6661, val_f1: 0.5940
>>>>>>>>>>>>>>>>>>>>>>>>>>>>>>>>>>>>>>>>>>>>>>>>>>>>>>>>>>>>>>>>>>>>>>>>>>>>>>>>>>>>>>>>>>>>>>>>>>>>
epoch: 8
loss: 0.4425, acc: 0.8125
loss: 0.2802, acc: 0.9010
loss: 0.2932, acc: 0.8949
loss: 0.2789, acc: 0.9004
loss: 0.2603, acc: 0.9092
loss: 0.2654, acc: 0.9038
loss: 0.2724, acc: 0.8992
loss: 0.2699, acc: 0.8967
loss: 0.2765, acc: 0.8941
loss: 0.2708, acc: 0.8961
loss: 0.2724, acc: 0.8958
loss: 0.2744, acc: 0.8929
loss: 0.2659, acc: 0.8981
loss: 0.2657, acc: 0.8968
loss: 0.2668, acc: 0.8961
> val_acc: 0.6755, val_f1: 0.6135
>>>>>>>>>>>>>>>>>>>>>>>>>>>>>>>>>>>>>>>>>>>>>>>>>>>>>>>>>>>>>>>>>>>>>>>>>>>>>>>>>>>>>>>>>>>>>>>>>>>>
epoch: 9
loss: 0.1004, acc: 0.9896
loss: 0.1503, acc: 0.9570
loss: 0.1643, acc: 0.9399
loss: 0.1886, acc: 0.9340
loss: 0.1863, acc: 0.9334
loss: 0.1981, acc: 0.9342
loss: 0.2062, acc: 0.9261
loss: 0.2003, acc: 0.9252
loss: 0.2018, acc: 0.9230
loss: 0.2101, acc: 0.9186
loss: 0.2072, acc: 0.9222
loss: 0.2129, acc: 0.9213
loss: 0.2159, acc: 0.9201
loss: 0.2207, acc: 0.9187
loss: 0.2225, acc: 0.9171
> val_acc: 0.6708, val_f1: 0.6111
>>>>>>>>>>>>>>>>>>>>>>>>>>>>>>>>>>>>>>>>>>>>>>>>>>>>>>>>>>>>>>>>>>>>>>>>>>>>>>>>>>>>>>>>>>>>>>>>>>>>
epoch: 10
loss: 0.1167, acc: 0.9563
loss: 0.1494, acc: 0.9313
loss: 0.1583, acc: 0.9354
loss: 0.1607, acc: 0.9359
loss: 0.1733, acc: 0.9325
loss: 0.1735, acc: 0.9344
loss: 0.1755, acc: 0.9357
loss: 0.1757, acc: 0.9336
loss: 0.1842, acc: 0.9292
loss: 0.1909, acc: 0.9256
loss: 0.1950, acc: 0.9244
loss: 0.2047, acc: 0.9219
loss: 0.2065, acc: 0.9216
loss: 0.2069, acc: 0.9219
> val_acc: 0.6755, val_f1: 0.6039
>>>>>>>>>>>>>>>>>>>>>>>>>>>>>>>>>>>>>>>>>>>>>>>>>>>>>>>>>>>>>>>>>>>>>>>>>>>>>>>>>>>>>>>>>>>>>>>>>>>>
epoch: 11
loss: 0.1302, acc: 0.9531
loss: 0.1757, acc: 0.9330
loss: 0.1619, acc: 0.9349
loss: 0.1776, acc: 0.9283
loss: 0.1655, acc: 0.9389
loss: 0.1620, acc: 0.9410
loss: 0.1642, acc: 0.9424
loss: 0.1636, acc: 0.9409
loss: 0.1773, acc: 0.9360
loss: 0.1810, acc: 0.9355
loss: 0.1852, acc: 0.9321
loss: 0.1761, acc: 0.9364
loss: 0.1782, acc: 0.9360
loss: 0.1747, acc: 0.9370
loss: 0.1797, acc: 0.9336
> val_acc: 0.6803, val_f1: 0.6217
>>>>>>>>>>>>>>>>>>>>>>>>>>>>>>>>>>>>>>>>>>>>>>>>>>>>>>>>>>>>>>>>>>>>>>>>>>>>>>>>>>>>>>>>>>>>>>>>>>>>
epoch: 12
loss: 0.1283, acc: 0.9453
loss: 0.1609, acc: 0.9444
loss: 0.1522, acc: 0.9464
loss: 0.1431, acc: 0.9490
loss: 0.1478, acc: 0.9414
loss: 0.1528, acc: 0.9375
loss: 0.1556, acc: 0.9347
loss: 0.1472, acc: 0.9399
loss: 0.1488, acc: 0.9389
loss: 0.1538, acc: 0.9381
loss: 0.1530, acc: 0.9387
loss: 0.1604, acc: 0.9364
loss: 0.1611, acc: 0.9375
loss: 0.1622, acc: 0.9389
> val_acc: 0.6520, val_f1: 0.5931
>>>>>>>>>>>>>>>>>>>>>>>>>>>>>>>>>>>>>>>>>>>>>>>>>>>>>>>>>>>>>>>>>>>>>>>>>>>>>>>>>>>>>>>>>>>>>>>>>>>>
epoch: 13
loss: 0.2105, acc: 0.9375
loss: 0.1747, acc: 0.9427
loss: 0.1534, acc: 0.9545
loss: 0.1497, acc: 0.9512
loss: 0.1630, acc: 0.9464
loss: 0.1727, acc: 0.9399
loss: 0.1777, acc: 0.9375
loss: 0.1959, acc: 0.9297
loss: 0.1997, acc: 0.9276
loss: 0.2152, acc: 0.9246
loss: 0.2154, acc: 0.9203
loss: 0.2157, acc: 0.9174
loss: 0.2132, acc: 0.9185
loss: 0.2123, acc: 0.9200
loss: 0.2086, acc: 0.9221
> val_acc: 0.6520, val_f1: 0.5718
>>>>>>>>>>>>>>>>>>>>>>>>>>>>>>>>>>>>>>>>>>>>>>>>>>>>>>>>>>>>>>>>>>>>>>>>>>>>>>>>>>>>>>>>>>>>>>>>>>>>
epoch: 14
loss: 0.2173, acc: 0.9375
loss: 0.1969, acc: 0.9453
loss: 0.1632, acc: 0.9543
loss: 0.1567, acc: 0.9549
loss: 0.1733, acc: 0.9457
loss: 0.1847, acc: 0.9397
loss: 0.1854, acc: 0.9375
loss: 0.1818, acc: 0.9350
loss: 0.1932, acc: 0.9324
loss: 0.1901, acc: 0.9342
loss: 0.1921, acc: 0.9334
loss: 0.1875, acc: 0.9359
loss: 0.1930, acc: 0.9345
loss: 0.1876, acc: 0.9357
loss: 0.1846, acc: 0.9356
> val_acc: 0.6693, val_f1: 0.6067
>>>>>>>>>>>>>>>>>>>>>>>>>>>>>>>>>>>>>>>>>>>>>>>>>>>>>>>>>>>>>>>>>>>>>>>>>>>>>>>>>>>>>>>>>>>>>>>>>>>>
epoch: 15
loss: 0.1042, acc: 0.9625
loss: 0.1379, acc: 0.9563
loss: 0.1297, acc: 0.9583
loss: 0.1321, acc: 0.9578
loss: 0.1260, acc: 0.9587
loss: 0.1272, acc: 0.9583
loss: 0.1339, acc: 0.9536
loss: 0.1301, acc: 0.9539
loss: 0.1458, acc: 0.9500
loss: 0.1452, acc: 0.9487
loss: 0.1448, acc: 0.9506
loss: 0.1497, acc: 0.9490
loss: 0.1532, acc: 0.9486
loss: 0.1558, acc: 0.9460
> val_acc: 0.6693, val_f1: 0.6080
>>>>>>>>>>>>>>>>>>>>>>>>>>>>>>>>>>>>>>>>>>>>>>>>>>>>>>>>>>>>>>>>>>>>>>>>>>>>>>>>>>>>>>>>>>>>>>>>>>>>
epoch: 16
loss: 0.1074, acc: 0.9688
loss: 0.1181, acc: 0.9643
loss: 0.0927, acc: 0.9714
loss: 0.0941, acc: 0.9706
loss: 0.0856, acc: 0.9730
loss: 0.0864, acc: 0.9699
loss: 0.0876, acc: 0.9688
loss: 0.0878, acc: 0.9679
loss: 0.0840, acc: 0.9695
loss: 0.0836, acc: 0.9688
loss: 0.0859, acc: 0.9675
loss: 0.0912, acc: 0.9655
loss: 0.0926, acc: 0.9647
loss: 0.0926, acc: 0.9660
loss: 0.0957, acc: 0.9661
> val_acc: 0.6724, val_f1: 0.6121
>>>>>>>>>>>>>>>>>>>>>>>>>>>>>>>>>>>>>>>>>>>>>>>>>>>>>>>>>>>>>>>>>>>>>>>>>>>>>>>>>>>>>>>>>>>>>>>>>>>>
epoch: 17
loss: 0.0585, acc: 0.9766
loss: 0.0774, acc: 0.9757
loss: 0.0826, acc: 0.9643
loss: 0.0891, acc: 0.9655
loss: 0.0886, acc: 0.9648
loss: 0.0903, acc: 0.9644
loss: 0.0873, acc: 0.9669
loss: 0.0893, acc: 0.9671
loss: 0.0869, acc: 0.9688
loss: 0.0875, acc: 0.9688
loss: 0.0854, acc: 0.9693
loss: 0.0844, acc: 0.9693
loss: 0.0870, acc: 0.9688
loss: 0.0875, acc: 0.9692
> val_acc: 0.6599, val_f1: 0.5857
>>>>>>>>>>>>>>>>>>>>>>>>>>>>>>>>>>>>>>>>>>>>>>>>>>>>>>>>>>>>>>>>>>>>>>>>>>>>>>>>>>>>>>>>>>>>>>>>>>>>
epoch: 18
loss: 0.0155, acc: 1.0000
loss: 0.0398, acc: 0.9896
loss: 0.0515, acc: 0.9858
loss: 0.0658, acc: 0.9805
loss: 0.0688, acc: 0.9807
loss: 0.0650, acc: 0.9808
loss: 0.0764, acc: 0.9798
loss: 0.0747, acc: 0.9800
loss: 0.0796, acc: 0.9779
loss: 0.0737, acc: 0.9796
loss: 0.0768, acc: 0.9773
loss: 0.0760, acc: 0.9777
loss: 0.0805, acc: 0.9759
loss: 0.0825, acc: 0.9744
loss: 0.0804, acc: 0.9754
> val_acc: 0.6520, val_f1: 0.5742
>>>>>>>>>>>>>>>>>>>>>>>>>>>>>>>>>>>>>>>>>>>>>>>>>>>>>>>>>>>>>>>>>>>>>>>>>>>>>>>>>>>>>>>>>>>>>>>>>>>>
epoch: 19
loss: 0.0283, acc: 0.9896
loss: 0.0679, acc: 0.9805
loss: 0.0710, acc: 0.9784
loss: 0.0757, acc: 0.9740
loss: 0.0693, acc: 0.9755
loss: 0.0633, acc: 0.9777
loss: 0.0622, acc: 0.9773
loss: 0.0729, acc: 0.9729
loss: 0.0715, acc: 0.9738
loss: 0.0764, acc: 0.9720
loss: 0.0727, acc: 0.9735
loss: 0.0765, acc: 0.9720
loss: 0.0806, acc: 0.9707
loss: 0.0822, acc: 0.9701
loss: 0.0817, acc: 0.9704
> val_acc: 0.6285, val_f1: 0.5544
>>>>>>>>>>>>>>>>>>>>>>>>>>>>>>>>>>>>>>>>>>>>>>>>>>>>>>>>>>>>>>>>>>>>>>>>>>>>>>>>>>>>>>>>>>>>>>>>>>>>
epoch: 20
loss: 0.1061, acc: 0.9875
loss: 0.0935, acc: 0.9875
loss: 0.0951, acc: 0.9771
loss: 0.1126, acc: 0.9719
loss: 0.1164, acc: 0.9712
loss: 0.1151, acc: 0.9688
loss: 0.1227, acc: 0.9688
loss: 0.1165, acc: 0.9695
loss: 0.1200, acc: 0.9688
loss: 0.1230, acc: 0.9681
loss: 0.1268, acc: 0.9665
loss: 0.1218, acc: 0.9682
loss: 0.1281, acc: 0.9673
loss: 0.1335, acc: 0.9656
> val_acc: 0.6489, val_f1: 0.6051
>>>>>>>>>>>>>>>>>>>>>>>>>>>>>>>>>>>>>>>>>>>>>>>>>>>>>>>>>>>>>>>>>>>>>>>>>>>>>>>>>>>>>>>>>>>>>>>>>>>>
epoch: 21
loss: 0.5577, acc: 0.8438
loss: 0.2915, acc: 0.9062
loss: 0.2279, acc: 0.9271
loss: 0.1905, acc: 0.9375
loss: 0.1602, acc: 0.9474
loss: 0.1467, acc: 0.9537
loss: 0.1324, acc: 0.9580
loss: 0.1254, acc: 0.9595
loss: 0.1227, acc: 0.9598
loss: 0.1183, acc: 0.9614
loss: 0.1121, acc: 0.9639
loss: 0.1086, acc: 0.9660
loss: 0.1045, acc: 0.9677
loss: 0.1033, acc: 0.9688
loss: 0.1001, acc: 0.9696
> val_acc: 0.6536, val_f1: 0.5779
>>>>>>>>>>>>>>>>>>>>>>>>>>>>>>>>>>>>>>>>>>>>>>>>>>>>>>>>>>>>>>>>>>>>>>>>>>>>>>>>>>>>>>>>>>>>>>>>>>>>
epoch: 22
loss: 0.0416, acc: 0.9844
loss: 0.0488, acc: 0.9826
loss: 0.0486, acc: 0.9844
loss: 0.0637, acc: 0.9803
loss: 0.0526, acc: 0.9844
loss: 0.0516, acc: 0.9838
loss: 0.0578, acc: 0.9835
loss: 0.0529, acc: 0.9856
loss: 0.0648, acc: 0.9844
loss: 0.0618, acc: 0.9853
loss: 0.0634, acc: 0.9838
loss: 0.0636, acc: 0.9841
loss: 0.0677, acc: 0.9819
loss: 0.0659, acc: 0.9823
> val_acc: 0.6411, val_f1: 0.5740
>>>>>>>>>>>>>>>>>>>>>>>>>>>>>>>>>>>>>>>>>>>>>>>>>>>>>>>>>>>>>>>>>>>>>>>>>>>>>>>>>>>>>>>>>>>>>>>>>>>>
epoch: 23
loss: 0.0328, acc: 0.9688
loss: 0.0764, acc: 0.9635
loss: 0.0791, acc: 0.9716
loss: 0.0980, acc: 0.9746
loss: 0.0849, acc: 0.9777
loss: 0.0820, acc: 0.9784
loss: 0.0826, acc: 0.9778
loss: 0.0796, acc: 0.9766
loss: 0.0756, acc: 0.9779
loss: 0.0703, acc: 0.9796
loss: 0.0684, acc: 0.9810
loss: 0.0713, acc: 0.9794
loss: 0.0759, acc: 0.9775
loss: 0.0747, acc: 0.9773
loss: 0.0748, acc: 0.9767
> val_acc: 0.6473, val_f1: 0.5727
>>>>>>>>>>>>>>>>>>>>>>>>>>>>>>>>>>>>>>>>>>>>>>>>>>>>>>>>>>>>>>>>>>>>>>>>>>>>>>>>>>>>>>>>>>>>>>>>>>>>
epoch: 24
loss: 0.0259, acc: 0.9896
loss: 0.0344, acc: 0.9844
loss: 0.0318, acc: 0.9880
loss: 0.0353, acc: 0.9861
loss: 0.0361, acc: 0.9878
loss: 0.0430, acc: 0.9844
loss: 0.0417, acc: 0.9848
loss: 0.0565, acc: 0.9811
loss: 0.0580, acc: 0.9804
loss: 0.0589, acc: 0.9805
loss: 0.0586, acc: 0.9811
loss: 0.0603, acc: 0.9806
loss: 0.0615, acc: 0.9802
loss: 0.0584, acc: 0.9816
loss: 0.0620, acc: 0.9802
> val_acc: 0.6567, val_f1: 0.5960
>>>>>>>>>>>>>>>>>>>>>>>>>>>>>>>>>>>>>>>>>>>>>>>>>>>>>>>>>>>>>>>>>>>>>>>>>>>>>>>>>>>>>>>>>>>>>>>>>>>>
epoch: 25
loss: 0.0293, acc: 0.9938
loss: 0.0563, acc: 0.9812
loss: 0.0606, acc: 0.9792
loss: 0.0622, acc: 0.9797
loss: 0.0734, acc: 0.9762
loss: 0.0640, acc: 0.9802
loss: 0.0697, acc: 0.9786
loss: 0.0685, acc: 0.9789
loss: 0.0740, acc: 0.9778
loss: 0.0712, acc: 0.9781
loss: 0.0756, acc: 0.9761
loss: 0.0786, acc: 0.9750
loss: 0.0804, acc: 0.9731
loss: 0.0894, acc: 0.9719
> val_acc: 0.6332, val_f1: 0.5669
>>>>>>>>>>>>>>>>>>>>>>>>>>>>>>>>>>>>>>>>>>>>>>>>>>>>>>>>>>>>>>>>>>>>>>>>>>>>>>>>>>>>>>>>>>>>>>>>>>>>
epoch: 26
loss: 0.0415, acc: 0.9844
loss: 0.0868, acc: 0.9866
loss: 0.0847, acc: 0.9818
loss: 0.0821, acc: 0.9798
loss: 0.0821, acc: 0.9773
loss: 0.0853, acc: 0.9734
loss: 0.0844, acc: 0.9746
loss: 0.0911, acc: 0.9755
loss: 0.0915, acc: 0.9762
loss: 0.1008, acc: 0.9747
loss: 0.0979, acc: 0.9748
loss: 0.0942, acc: 0.9753
loss: 0.0916, acc: 0.9753
loss: 0.0927, acc: 0.9739
loss: 0.0950, acc: 0.9731
> val_acc: 0.6489, val_f1: 0.5776
>>>>>>>>>>>>>>>>>>>>>>>>>>>>>>>>>>>>>>>>>>>>>>>>>>>>>>>>>>>>>>>>>>>>>>>>>>>>>>>>>>>>>>>>>>>>>>>>>>>>
epoch: 27
loss: 0.1245, acc: 0.9766
loss: 0.1715, acc: 0.9618
loss: 0.1223, acc: 0.9688
loss: 0.1085, acc: 0.9737
loss: 0.1070, acc: 0.9740
loss: 0.1031, acc: 0.9731
loss: 0.0980, acc: 0.9743
loss: 0.0942, acc: 0.9752
loss: 0.0941, acc: 0.9737
loss: 0.0958, acc: 0.9739
loss: 0.0936, acc: 0.9745
loss: 0.0953, acc: 0.9746
loss: 0.0984, acc: 0.9722
loss: 0.1010, acc: 0.9710
> val_acc: 0.6411, val_f1: 0.5875
>>>>>>>>>>>>>>>>>>>>>>>>>>>>>>>>>>>>>>>>>>>>>>>>>>>>>>>>>>>>>>>>>>>>>>>>>>>>>>>>>>>>>>>>>>>>>>>>>>>>
epoch: 28
loss: 0.1880, acc: 0.9062
loss: 0.0973, acc: 0.9531
loss: 0.0816, acc: 0.9631
loss: 0.0857, acc: 0.9668
loss: 0.0713, acc: 0.9747
loss: 0.0698, acc: 0.9748
loss: 0.0713, acc: 0.9728
loss: 0.0710, acc: 0.9722
loss: 0.0826, acc: 0.9703
loss: 0.0782, acc: 0.9721
loss: 0.0809, acc: 0.9712
loss: 0.0813, acc: 0.9721
loss: 0.0858, acc: 0.9718
loss: 0.0813, acc: 0.9730
loss: 0.0773, acc: 0.9749
> val_acc: 0.6458, val_f1: 0.5815
>>>>>>>>>>>>>>>>>>>>>>>>>>>>>>>>>>>>>>>>>>>>>>>>>>>>>>>>>>>>>>>>>>>>>>>>>>>>>>>>>>>>>>>>>>>>>>>>>>>>
epoch: 29
loss: 0.0496, acc: 0.9688
loss: 0.0418, acc: 0.9766
loss: 0.0350, acc: 0.9856
loss: 0.0323, acc: 0.9878
loss: 0.0317, acc: 0.9878
loss: 0.0313, acc: 0.9877
loss: 0.0292, acc: 0.9896
loss: 0.0357, acc: 0.9868
loss: 0.0403, acc: 0.9847
loss: 0.0390, acc: 0.9850
loss: 0.0411, acc: 0.9835
loss: 0.0385, acc: 0.9849
loss: 0.0411, acc: 0.9851
loss: 0.0449, acc: 0.9844
loss: 0.0509, acc: 0.9841
> val_acc: 0.6379, val_f1: 0.5844
>>>>>>>>>>>>>>>>>>>>>>>>>>>>>>>>>>>>>>>>>>>>>>>>>>>>>>>>>>>>>>>>>>>>>>>>>>>>>>>>>>>>>>>>>>>>>>>>>>>>
epoch: 30
loss: 0.0266, acc: 0.9875
loss: 0.0338, acc: 0.9875
loss: 0.0489, acc: 0.9854
loss: 0.0534, acc: 0.9844
loss: 0.0567, acc: 0.9800
loss: 0.0540, acc: 0.9812
loss: 0.0569, acc: 0.9795
loss: 0.0600, acc: 0.9773
loss: 0.0628, acc: 0.9771
loss: 0.0643, acc: 0.9781
loss: 0.0634, acc: 0.9784
loss: 0.0643, acc: 0.9781
loss: 0.0613, acc: 0.9793
loss: 0.0643, acc: 0.9786
> val_acc: 0.6317, val_f1: 0.5642
>>>>>>>>>>>>>>>>>>>>>>>>>>>>>>>>>>>>>>>>>>>>>>>>>>>>>>>>>>>>>>>>>>>>>>>>>>>>>>>>>>>>>>>>>>>>>>>>>>>>
epoch: 31
loss: 0.0034, acc: 1.0000
loss: 0.0360, acc: 0.9911
loss: 0.0451, acc: 0.9870
loss: 0.0363, acc: 0.9908
loss: 0.0515, acc: 0.9858
loss: 0.0501, acc: 0.9850
loss: 0.0585, acc: 0.9805
loss: 0.0604, acc: 0.9797
loss: 0.0717, acc: 0.9769
loss: 0.0824, acc: 0.9761
loss: 0.0827, acc: 0.9754
loss: 0.0876, acc: 0.9737
loss: 0.0943, acc: 0.9718
loss: 0.0914, acc: 0.9725
loss: 0.0914, acc: 0.9718
> val_acc: 0.6583, val_f1: 0.5976
>>>>>>>>>>>>>>>>>>>>>>>>>>>>>>>>>>>>>>>>>>>>>>>>>>>>>>>>>>>>>>>>>>>>>>>>>>>>>>>>>>>>>>>>>>>>>>>>>>>>
epoch: 32
loss: 0.0519, acc: 0.9766
loss: 0.0416, acc: 0.9826
loss: 0.0622, acc: 0.9777
loss: 0.0647, acc: 0.9770
loss: 0.0665, acc: 0.9779
loss: 0.0696, acc: 0.9752
loss: 0.0710, acc: 0.9743
loss: 0.0637, acc: 0.9776
loss: 0.0598, acc: 0.9794
loss: 0.0614, acc: 0.9802
loss: 0.0608, acc: 0.9803
loss: 0.0722, acc: 0.9783
loss: 0.0686, acc: 0.9790
loss: 0.0709, acc: 0.9778
> val_acc: 0.6505, val_f1: 0.5911
>>>>>>>>>>>>>>>>>>>>>>>>>>>>>>>>>>>>>>>>>>>>>>>>>>>>>>>>>>>>>>>>>>>>>>>>>>>>>>>>>>>>>>>>>>>>>>>>>>>>
epoch: 33
loss: 0.0345, acc: 0.9688
loss: 0.0205, acc: 0.9948
loss: 0.0424, acc: 0.9886
loss: 0.0474, acc: 0.9863
loss: 0.0436, acc: 0.9851
loss: 0.0707, acc: 0.9784
loss: 0.0625, acc: 0.9808
loss: 0.0609, acc: 0.9809
loss: 0.0561, acc: 0.9832
loss: 0.0552, acc: 0.9830
loss: 0.0524, acc: 0.9841
loss: 0.0546, acc: 0.9833
loss: 0.0530, acc: 0.9841
loss: 0.0530, acc: 0.9834
loss: 0.0570, acc: 0.9828
> val_acc: 0.6411, val_f1: 0.5731
>>>>>>>>>>>>>>>>>>>>>>>>>>>>>>>>>>>>>>>>>>>>>>>>>>>>>>>>>>>>>>>>>>>>>>>>>>>>>>>>>>>>>>>>>>>>>>>>>>>>
epoch: 34
loss: 0.0545, acc: 0.9792
loss: 0.0352, acc: 0.9883
loss: 0.0527, acc: 0.9880
loss: 0.0464, acc: 0.9878
loss: 0.0432, acc: 0.9878
loss: 0.0482, acc: 0.9866
loss: 0.0620, acc: 0.9839
loss: 0.0563, acc: 0.9852
loss: 0.0530, acc: 0.9862
loss: 0.0531, acc: 0.9857
loss: 0.0581, acc: 0.9835
loss: 0.0572, acc: 0.9833
loss: 0.0540, acc: 0.9841
loss: 0.0543, acc: 0.9848
loss: 0.0614, acc: 0.9845
> val_acc: 0.6489, val_f1: 0.5870
>>>>>>>>>>>>>>>>>>>>>>>>>>>>>>>>>>>>>>>>>>>>>>>>>>>>>>>>>>>>>>>>>>>>>>>>>>>>>>>>>>>>>>>>>>>>>>>>>>>>
epoch: 35
loss: 0.0161, acc: 1.0000
loss: 0.0139, acc: 1.0000
loss: 0.0122, acc: 1.0000
loss: 0.0146, acc: 0.9984
loss: 0.0139, acc: 0.9988
loss: 0.0241, acc: 0.9948
loss: 0.0280, acc: 0.9938
loss: 0.0336, acc: 0.9930
loss: 0.0361, acc: 0.9917
loss: 0.0385, acc: 0.9900
loss: 0.0385, acc: 0.9898
loss: 0.0381, acc: 0.9901
loss: 0.0377, acc: 0.9904
loss: 0.0413, acc: 0.9897
> val_acc: 0.6599, val_f1: 0.5929
>>>>>>>>>>>>>>>>>>>>>>>>>>>>>>>>>>>>>>>>>>>>>>>>>>>>>>>>>>>>>>>>>>>>>>>>>>>>>>>>>>>>>>>>>>>>>>>>>>>>
epoch: 36
loss: 0.0042, acc: 1.0000
loss: 0.0054, acc: 1.0000
loss: 0.0071, acc: 1.0000
loss: 0.0061, acc: 1.0000
loss: 0.0092, acc: 0.9986
loss: 0.0130, acc: 0.9965
loss: 0.0150, acc: 0.9961
loss: 0.0196, acc: 0.9941
loss: 0.0191, acc: 0.9940
loss: 0.0183, acc: 0.9947
loss: 0.0236, acc: 0.9922
loss: 0.0288, acc: 0.9907
loss: 0.0298, acc: 0.9904
loss: 0.0341, acc: 0.9888
loss: 0.0343, acc: 0.9887
> val_acc: 0.6411, val_f1: 0.5674
>>>>>>>>>>>>>>>>>>>>>>>>>>>>>>>>>>>>>>>>>>>>>>>>>>>>>>>>>>>>>>>>>>>>>>>>>>>>>>>>>>>>>>>>>>>>>>>>>>>>
epoch: 37
loss: 0.0466, acc: 0.9688
loss: 0.0631, acc: 0.9722
loss: 0.0516, acc: 0.9799
loss: 0.0496, acc: 0.9819
loss: 0.0446, acc: 0.9844
loss: 0.0500, acc: 0.9828
loss: 0.0528, acc: 0.9825
loss: 0.0659, acc: 0.9784
loss: 0.0639, acc: 0.9787
loss: 0.0712, acc: 0.9783
loss: 0.0771, acc: 0.9769
loss: 0.0786, acc: 0.9767
loss: 0.0760, acc: 0.9780
loss: 0.0745, acc: 0.9783
> val_acc: 0.6520, val_f1: 0.5888
>>>>>>>>>>>>>>>>>>>>>>>>>>>>>>>>>>>>>>>>>>>>>>>>>>>>>>>>>>>>>>>>>>>>>>>>>>>>>>>>>>>>>>>>>>>>>>>>>>>>
epoch: 38
loss: 0.1055, acc: 0.9688
loss: 0.0370, acc: 0.9896
loss: 0.0523, acc: 0.9858
loss: 0.0628, acc: 0.9863
loss: 0.0518, acc: 0.9881
loss: 0.0457, acc: 0.9904
loss: 0.0502, acc: 0.9899
loss: 0.0558, acc: 0.9887
loss: 0.0619, acc: 0.9863
loss: 0.0613, acc: 0.9844
loss: 0.0586, acc: 0.9847
loss: 0.0558, acc: 0.9849
loss: 0.0548, acc: 0.9846
loss: 0.0526, acc: 0.9848
loss: 0.0507, acc: 0.9855
> val_acc: 0.6583, val_f1: 0.6016
>>>>>>>>>>>>>>>>>>>>>>>>>>>>>>>>>>>>>>>>>>>>>>>>>>>>>>>>>>>>>>>>>>>>>>>>>>>>>>>>>>>>>>>>>>>>>>>>>>>>
epoch: 39
loss: 0.0108, acc: 1.0000
loss: 0.0114, acc: 0.9961
loss: 0.0135, acc: 0.9952
loss: 0.0282, acc: 0.9913
loss: 0.0308, acc: 0.9918
loss: 0.0271, acc: 0.9933
loss: 0.0272, acc: 0.9934
loss: 0.0278, acc: 0.9926
loss: 0.0317, acc: 0.9920
loss: 0.0368, acc: 0.9902
loss: 0.0349, acc: 0.9900
loss: 0.0366, acc: 0.9892
loss: 0.0379, acc: 0.9886
loss: 0.0393, acc: 0.9876
loss: 0.0403, acc: 0.9875
> val_acc: 0.6505, val_f1: 0.5750
>>>>>>>>>>>>>>>>>>>>>>>>>>>>>>>>>>>>>>>>>>>>>>>>>>>>>>>>>>>>>>>>>>>>>>>>>>>>>>>>>>>>>>>>>>>>>>>>>>>>
epoch: 40
loss: 0.0123, acc: 0.9938
loss: 0.0172, acc: 0.9938
loss: 0.0175, acc: 0.9917
loss: 0.0184, acc: 0.9922
loss: 0.0205, acc: 0.9925
loss: 0.0237, acc: 0.9917
loss: 0.0228, acc: 0.9920
loss: 0.0280, acc: 0.9914
loss: 0.0301, acc: 0.9910
loss: 0.0340, acc: 0.9900
loss: 0.0323, acc: 0.9903
loss: 0.0334, acc: 0.9891
loss: 0.0363, acc: 0.9889
loss: 0.0375, acc: 0.9893
> val_acc: 0.6489, val_f1: 0.5723
>>>>>>>>>>>>>>>>>>>>>>>>>>>>>>>>>>>>>>>>>>>>>>>>>>>>>>>>>>>>>>>>>>>>>>>>>>>>>>>>>>>>>>>>>>>>>>>>>>>>
epoch: 41
loss: 0.0048, acc: 1.0000
loss: 0.0244, acc: 0.9911
loss: 0.0356, acc: 0.9870
loss: 0.0304, acc: 0.9890
loss: 0.0282, acc: 0.9901
loss: 0.0303, acc: 0.9896
loss: 0.0272, acc: 0.9912
loss: 0.0253, acc: 0.9924
loss: 0.0295, acc: 0.9918
loss: 0.0296, acc: 0.9914
loss: 0.0284, acc: 0.9916
loss: 0.0324, acc: 0.9901
loss: 0.0309, acc: 0.9904
loss: 0.0312, acc: 0.9902
loss: 0.0314, acc: 0.9896
> val_acc: 0.6536, val_f1: 0.5782
>>>>>>>>>>>>>>>>>>>>>>>>>>>>>>>>>>>>>>>>>>>>>>>>>>>>>>>>>>>>>>>>>>>>>>>>>>>>>>>>>>>>>>>>>>>>>>>>>>>>
epoch: 42
loss: 0.0548, acc: 0.9922
loss: 0.0334, acc: 0.9931
loss: 0.0248, acc: 0.9955
loss: 0.0195, acc: 0.9967
loss: 0.0260, acc: 0.9948
loss: 0.0304, acc: 0.9935
loss: 0.0288, acc: 0.9936
loss: 0.0312, acc: 0.9928
loss: 0.0320, acc: 0.9922
loss: 0.0308, acc: 0.9923
loss: 0.0311, acc: 0.9919
loss: 0.0322, acc: 0.9915
loss: 0.0316, acc: 0.9917
loss: 0.0296, acc: 0.9923
> val_acc: 0.6567, val_f1: 0.5783
>>>>>>>>>>>>>>>>>>>>>>>>>>>>>>>>>>>>>>>>>>>>>>>>>>>>>>>>>>>>>>>>>>>>>>>>>>>>>>>>>>>>>>>>>>>>>>>>>>>>
epoch: 43
loss: 0.0021, acc: 1.0000
loss: 0.0063, acc: 1.0000
loss: 0.0106, acc: 0.9972
loss: 0.0197, acc: 0.9961
loss: 0.0195, acc: 0.9955
loss: 0.0265, acc: 0.9904
loss: 0.0259, acc: 0.9909
loss: 0.0240, acc: 0.9922
loss: 0.0218, acc: 0.9931
loss: 0.0221, acc: 0.9932
loss: 0.0257, acc: 0.9920
loss: 0.0267, acc: 0.9922
loss: 0.0288, acc: 0.9913
loss: 0.0289, acc: 0.9915
loss: 0.0277, acc: 0.9921
> val_acc: 0.6489, val_f1: 0.5799
>>>>>>>>>>>>>>>>>>>>>>>>>>>>>>>>>>>>>>>>>>>>>>>>>>>>>>>>>>>>>>>>>>>>>>>>>>>>>>>>>>>>>>>>>>>>>>>>>>>>
epoch: 44
loss: 0.0032, acc: 1.0000
loss: 0.0467, acc: 0.9883
loss: 0.0360, acc: 0.9904
loss: 0.0335, acc: 0.9913
loss: 0.0423, acc: 0.9905
loss: 0.0362, acc: 0.9922
loss: 0.0422, acc: 0.9896
loss: 0.0388, acc: 0.9901
loss: 0.0375, acc: 0.9898
loss: 0.0377, acc: 0.9889
loss: 0.0366, acc: 0.9882
loss: 0.0405, acc: 0.9876
loss: 0.0380, acc: 0.9886
loss: 0.0390, acc: 0.9881
loss: 0.0431, acc: 0.9875
> val_acc: 0.6599, val_f1: 0.5928
>>>>>>>>>>>>>>>>>>>>>>>>>>>>>>>>>>>>>>>>>>>>>>>>>>>>>>>>>>>>>>>>>>>>>>>>>>>>>>>>>>>>>>>>>>>>>>>>>>>>
epoch: 45
loss: 0.0177, acc: 0.9875
loss: 0.0141, acc: 0.9906
loss: 0.0131, acc: 0.9938
loss: 0.0192, acc: 0.9922
loss: 0.0188, acc: 0.9925
loss: 0.0310, acc: 0.9885
loss: 0.0372, acc: 0.9866
loss: 0.0375, acc: 0.9867
loss: 0.0404, acc: 0.9868
loss: 0.0429, acc: 0.9862
loss: 0.0445, acc: 0.9864
loss: 0.0606, acc: 0.9849
loss: 0.0662, acc: 0.9837
loss: 0.0729, acc: 0.9804
> val_acc: 0.6583, val_f1: 0.5890
>>>>>>>>>>>>>>>>>>>>>>>>>>>>>>>>>>>>>>>>>>>>>>>>>>>>>>>>>>>>>>>>>>>>>>>>>>>>>>>>>>>>>>>>>>>>>>>>>>>>
epoch: 46
loss: 0.0795, acc: 0.9688
loss: 0.0805, acc: 0.9732
loss: 0.1283, acc: 0.9609
loss: 0.1219, acc: 0.9651
loss: 0.1214, acc: 0.9645
loss: 0.1191, acc: 0.9641
loss: 0.1081, acc: 0.9668
loss: 0.1091, acc: 0.9662
loss: 0.1004, acc: 0.9688
loss: 0.1074, acc: 0.9661
loss: 0.1043, acc: 0.9663
loss: 0.1055, acc: 0.9671
loss: 0.1053, acc: 0.9677
loss: 0.1063, acc: 0.9669
loss: 0.1061, acc: 0.9666
> val_acc: 0.6708, val_f1: 0.6089
>>>>>>>>>>>>>>>>>>>>>>>>>>>>>>>>>>>>>>>>>>>>>>>>>>>>>>>>>>>>>>>>>>>>>>>>>>>>>>>>>>>>>>>>>>>>>>>>>>>>
epoch: 47
loss: 0.0615, acc: 0.9766
loss: 0.0459, acc: 0.9826
loss: 0.0535, acc: 0.9799
loss: 0.0509, acc: 0.9819
loss: 0.0463, acc: 0.9831
loss: 0.0449, acc: 0.9849
loss: 0.0435, acc: 0.9844
loss: 0.0420, acc: 0.9856
loss: 0.0407, acc: 0.9858
loss: 0.0479, acc: 0.9841
loss: 0.0584, acc: 0.9797
loss: 0.0573, acc: 0.9809
loss: 0.0592, acc: 0.9800
loss: 0.0605, acc: 0.9792
> val_acc: 0.6614, val_f1: 0.6035
>>>>>>>>>>>>>>>>>>>>>>>>>>>>>>>>>>>>>>>>>>>>>>>>>>>>>>>>>>>>>>>>>>>>>>>>>>>>>>>>>>>>>>>>>>>>>>>>>>>>
epoch: 48
loss: 0.0144, acc: 1.0000
loss: 0.0183, acc: 0.9948
loss: 0.0249, acc: 0.9943
loss: 0.0247, acc: 0.9941
loss: 0.0250, acc: 0.9940
loss: 0.0264, acc: 0.9940
loss: 0.0238, acc: 0.9950
loss: 0.0275, acc: 0.9939
loss: 0.0290, acc: 0.9931
loss: 0.0297, acc: 0.9925
loss: 0.0288, acc: 0.9926
loss: 0.0329, acc: 0.9927
loss: 0.0364, acc: 0.9918
loss: 0.0370, acc: 0.9905
loss: 0.0368, acc: 0.9899
> val_acc: 0.6583, val_f1: 0.5820
>>>>>>>>>>>>>>>>>>>>>>>>>>>>>>>>>>>>>>>>>>>>>>>>>>>>>>>>>>>>>>>>>>>>>>>>>>>>>>>>>>>>>>>>>>>>>>>>>>>>
epoch: 49
loss: 0.0620, acc: 0.9688
loss: 0.0451, acc: 0.9805
loss: 0.0422, acc: 0.9832
loss: 0.0386, acc: 0.9861
loss: 0.0334, acc: 0.9891
loss: 0.0284, acc: 0.9911
loss: 0.0279, acc: 0.9915
loss: 0.0312, acc: 0.9910
loss: 0.0338, acc: 0.9898
loss: 0.0317, acc: 0.9909
loss: 0.0296, acc: 0.9917
loss: 0.0282, acc: 0.9919
loss: 0.0304, acc: 0.9916
loss: 0.0337, acc: 0.9908
loss: 0.0332, acc: 0.9910
> val_acc: 0.6583, val_f1: 0.5934
>> test_acc: 0.6818, test_f1: 0.6134
