cuda memory allocated: 5564928
n_trainable_params: 944203, n_nontrainable_params: 442532
> training arguments:
>>> model_name: igcn_embed
>>> model_ver: 3
>>> dataset: restaurant
>>> optimizer: <class 'torch.optim.adam.Adam'>
>>> initializer: <function xavier_uniform_ at 0x00000207DF943E18>
>>> learning_rate: 0.0003
>>> momentum: 0.95
>>> dropout: 0.35
>>> l2reg: 5e-05
>>> num_epoch: 30
>>> batch_size: 32
>>> log_step: 5
>>> embed_dim: 100
>>> hidden_dim: 300
>>> bert_dim: 768
>>> pretrained_bert_name: bert-base-uncased
>>> embeddings: d
>>> max_seq_len: 180
>>> polarities_dim: 3
>>> hops: 3
>>> device: cuda
>>> seed: 0
>>> valset_ratio: 0
>>> num_layers: 1
>>> in_channels: 100
>>> out_channels: 1
>>> downbot: 20
>>> kernel_size: 3
>>> position_dim: 0
>>> gating: GTU
>>> stanford_pos_model: C:/NLP_Programs/stanford-postagger-2018-10-16/models/english-bidirectional-distsim.tagger
>>> stanford_pos_jar: C:/NLP_Programs/stanford-postagger-2018-10-16/stanford-postagger.jar
>>> glove_path: ./embeddings/glove.840B.300d.txt
>>> embedding_matrix_path: gen_data/embeddings/100_restaurant_domain_embedding_matrix.dat
>>> model_class: <class 'models.igcn.IGCN'>
>>> dataset_file: {'train': './datasets/semeval14/Restaurants_Train.xml.seg', 'test': './datasets/semeval14/Restaurants_Test_Gold.xml.seg'}
>>> inputs_cols: ['text_raw_indices', 'aspect_indices', 'pos_indices', 'aspect_pos_indices', 'position_indices']
>>>>>>>>>>>>>>>>>>>>>>>>>>>>>>>>>>>>>>>>>>>>>>>>>>>>>>>>>>>>>>>>>>>>>>>>>>>>>>>>>>>>>>>>>>>>>>>>>>>>
epoch: 0
loss: 1.0609, acc: 0.4625
loss: 1.0298, acc: 0.5188
loss: 0.9969, acc: 0.5500
loss: 0.9747, acc: 0.5687
loss: 0.9645, acc: 0.5737
loss: 0.9521, acc: 0.5813
loss: 0.9470, acc: 0.5875
loss: 0.9512, acc: 0.5836
loss: 0.9478, acc: 0.5875
loss: 0.9463, acc: 0.5875
loss: 0.9433, acc: 0.5875
loss: 0.9387, acc: 0.5880
loss: 0.9328, acc: 0.5894
loss: 0.9381, acc: 0.5866
loss: 0.9338, acc: 0.5887
loss: 0.9278, acc: 0.5922
loss: 0.9265, acc: 0.5908
loss: 0.9230, acc: 0.5920
loss: 0.9172, acc: 0.5964
loss: 0.9129, acc: 0.5984
loss: 0.9098, acc: 0.5988
loss: 0.9049, acc: 0.6009
> val_acc: 0.6696, val_f1: 0.3394
> best_val_acc: 0.0000, best_val_f1: 0.0000
>> saved: state_dict/igcn_embed_restaurant_val_acc0.6696
>>>>>>>>>>>>>>>>>>>>>>>>>>>>>>>>>>>>>>>>>>>>>>>>>>>>>>>>>>>>>>>>>>>>>>>>>>>>>>>>>>>>>>>>>>>>>>>>>>>>
epoch: 1
loss: 0.7790, acc: 0.6562
loss: 0.7905, acc: 0.6250
loss: 0.7971, acc: 0.6354
loss: 0.7824, acc: 0.6452
loss: 0.7862, acc: 0.6477
loss: 0.7828, acc: 0.6505
loss: 0.7859, acc: 0.6494
loss: 0.7865, acc: 0.6503
loss: 0.7845, acc: 0.6533
loss: 0.7735, acc: 0.6589
loss: 0.7659, acc: 0.6617
loss: 0.7676, acc: 0.6628
loss: 0.7662, acc: 0.6633
loss: 0.7655, acc: 0.6609
loss: 0.7703, acc: 0.6584
loss: 0.7666, acc: 0.6636
loss: 0.7636, acc: 0.6639
loss: 0.7641, acc: 0.6627
loss: 0.7616, acc: 0.6641
loss: 0.7597, acc: 0.6659
loss: 0.7588, acc: 0.6688
loss: 0.7574, acc: 0.6697
loss: 0.7518, acc: 0.6733
> val_acc: 0.7509, val_f1: 0.5889
> best_val_acc: 0.6696, best_val_f1: 0.3394
>> saved: state_dict/igcn_embed_restaurant_val_acc0.7509
>>>>>>>>>>>>>>>>>>>>>>>>>>>>>>>>>>>>>>>>>>>>>>>>>>>>>>>>>>>>>>>>>>>>>>>>>>>>>>>>>>>>>>>>>>>>>>>>>>>>
epoch: 2
loss: 0.7269, acc: 0.7031
loss: 0.7334, acc: 0.7083
loss: 0.6919, acc: 0.7254
loss: 0.6904, acc: 0.7105
loss: 0.6755, acc: 0.7096
loss: 0.6833, acc: 0.7112
loss: 0.6946, acc: 0.7077
loss: 0.6898, acc: 0.7099
loss: 0.7035, acc: 0.7003
loss: 0.6973, acc: 0.7041
loss: 0.6901, acc: 0.7089
loss: 0.6921, acc: 0.7060
loss: 0.6899, acc: 0.7070
loss: 0.6873, acc: 0.7074
loss: 0.6854, acc: 0.7090
loss: 0.6854, acc: 0.7085
loss: 0.6873, acc: 0.7091
loss: 0.6854, acc: 0.7100
loss: 0.6843, acc: 0.7114
loss: 0.6860, acc: 0.7121
loss: 0.6824, acc: 0.7157
loss: 0.6800, acc: 0.7176
> val_acc: 0.7696, val_f1: 0.6175
> best_val_acc: 0.7509, best_val_f1: 0.5889
>> saved: state_dict/igcn_embed_restaurant_val_acc0.7696
>>>>>>>>>>>>>>>>>>>>>>>>>>>>>>>>>>>>>>>>>>>>>>>>>>>>>>>>>>>>>>>>>>>>>>>>>>>>>>>>>>>>>>>>>>>>>>>>>>>>
epoch: 3
loss: 0.7127, acc: 0.6875
loss: 0.7258, acc: 0.6823
loss: 0.6814, acc: 0.7188
loss: 0.6674, acc: 0.7246
loss: 0.6581, acc: 0.7292
loss: 0.6521, acc: 0.7308
loss: 0.6503, acc: 0.7339
loss: 0.6411, acc: 0.7431
loss: 0.6444, acc: 0.7386
loss: 0.6446, acc: 0.7344
loss: 0.6476, acc: 0.7316
loss: 0.6447, acc: 0.7360
loss: 0.6429, acc: 0.7357
loss: 0.6394, acc: 0.7363
loss: 0.6421, acc: 0.7320
loss: 0.6465, acc: 0.7311
loss: 0.6426, acc: 0.7350
loss: 0.6413, acc: 0.7358
loss: 0.6414, acc: 0.7349
loss: 0.6418, acc: 0.7344
loss: 0.6445, acc: 0.7351
loss: 0.6439, acc: 0.7358
loss: 0.6400, acc: 0.7382
> val_acc: 0.7750, val_f1: 0.6313
> best_val_acc: 0.7696, best_val_f1: 0.6175
>> saved: state_dict/igcn_embed_restaurant_val_acc0.775
>>>>>>>>>>>>>>>>>>>>>>>>>>>>>>>>>>>>>>>>>>>>>>>>>>>>>>>>>>>>>>>>>>>>>>>>>>>>>>>>>>>>>>>>>>>>>>>>>>>>
epoch: 4
loss: 0.6111, acc: 0.7708
loss: 0.6421, acc: 0.7500
loss: 0.6353, acc: 0.7644
loss: 0.6548, acc: 0.7552
loss: 0.6416, acc: 0.7609
loss: 0.6276, acc: 0.7634
loss: 0.6397, acc: 0.7509
loss: 0.6384, acc: 0.7500
loss: 0.6370, acc: 0.7442
loss: 0.6263, acc: 0.7487
loss: 0.6206, acc: 0.7524
loss: 0.6197, acc: 0.7532
loss: 0.6140, acc: 0.7564
loss: 0.6145, acc: 0.7541
loss: 0.6128, acc: 0.7539
loss: 0.6152, acc: 0.7548
loss: 0.6129, acc: 0.7560
loss: 0.6086, acc: 0.7596
loss: 0.6056, acc: 0.7621
loss: 0.6109, acc: 0.7596
loss: 0.6121, acc: 0.7588
loss: 0.6129, acc: 0.7581
loss: 0.6150, acc: 0.7567
> val_acc: 0.7857, val_f1: 0.6741
> best_val_acc: 0.7750, best_val_f1: 0.6313
>> saved: state_dict/igcn_embed_restaurant_val_acc0.7857
>>>>>>>>>>>>>>>>>>>>>>>>>>>>>>>>>>>>>>>>>>>>>>>>>>>>>>>>>>>>>>>>>>>>>>>>>>>>>>>>>>>>>>>>>>>>>>>>>>>>
epoch: 5
loss: 0.6359, acc: 0.7500
loss: 0.6239, acc: 0.7531
loss: 0.6185, acc: 0.7479
loss: 0.6025, acc: 0.7641
loss: 0.6016, acc: 0.7700
loss: 0.5972, acc: 0.7667
loss: 0.5852, acc: 0.7714
loss: 0.5889, acc: 0.7648
loss: 0.5887, acc: 0.7701
loss: 0.5931, acc: 0.7631
loss: 0.5972, acc: 0.7636
loss: 0.5992, acc: 0.7656
loss: 0.6126, acc: 0.7562
loss: 0.6095, acc: 0.7558
loss: 0.6075, acc: 0.7575
loss: 0.6104, acc: 0.7559
loss: 0.6101, acc: 0.7566
loss: 0.6071, acc: 0.7580
loss: 0.6054, acc: 0.7576
loss: 0.6003, acc: 0.7609
loss: 0.5993, acc: 0.7601
loss: 0.6005, acc: 0.7588
> val_acc: 0.7786, val_f1: 0.6365
> best_val_acc: 0.7857, best_val_f1: 0.6741
>>>>>>>>>>>>>>>>>>>>>>>>>>>>>>>>>>>>>>>>>>>>>>>>>>>>>>>>>>>>>>>>>>>>>>>>>>>>>>>>>>>>>>>>>>>>>>>>>>>>
epoch: 6
loss: 0.4523, acc: 0.8125
loss: 0.5015, acc: 0.7946
loss: 0.5237, acc: 0.7891
loss: 0.5338, acc: 0.7794
loss: 0.5529, acc: 0.7756
loss: 0.5551, acc: 0.7801
loss: 0.5553, acc: 0.7822
loss: 0.5689, acc: 0.7703
loss: 0.5718, acc: 0.7649
loss: 0.5706, acc: 0.7686
loss: 0.5719, acc: 0.7692
loss: 0.5735, acc: 0.7692
loss: 0.5738, acc: 0.7707
loss: 0.5724, acc: 0.7710
loss: 0.5719, acc: 0.7682
loss: 0.5713, acc: 0.7691
loss: 0.5743, acc: 0.7660
loss: 0.5731, acc: 0.7654
loss: 0.5749, acc: 0.7639
loss: 0.5753, acc: 0.7661
loss: 0.5719, acc: 0.7678
loss: 0.5714, acc: 0.7696
loss: 0.5756, acc: 0.7662
> val_acc: 0.7964, val_f1: 0.6824
> best_val_acc: 0.7857, best_val_f1: 0.6741
>> saved: state_dict/igcn_embed_restaurant_val_acc0.7964
>>>>>>>>>>>>>>>>>>>>>>>>>>>>>>>>>>>>>>>>>>>>>>>>>>>>>>>>>>>>>>>>>>>>>>>>>>>>>>>>>>>>>>>>>>>>>>>>>>>>
epoch: 7
loss: 0.6203, acc: 0.7500
loss: 0.6220, acc: 0.7465
loss: 0.5769, acc: 0.7746
loss: 0.5734, acc: 0.7747
loss: 0.5747, acc: 0.7682
loss: 0.5849, acc: 0.7662
loss: 0.5786, acc: 0.7711
loss: 0.5744, acc: 0.7716
loss: 0.5709, acc: 0.7734
loss: 0.5700, acc: 0.7768
loss: 0.5709, acc: 0.7760
loss: 0.5597, acc: 0.7823
loss: 0.5571, acc: 0.7832
loss: 0.5595, acc: 0.7840
loss: 0.5632, acc: 0.7804
loss: 0.5613, acc: 0.7793
loss: 0.5593, acc: 0.7798
loss: 0.5601, acc: 0.7784
loss: 0.5599, acc: 0.7779
loss: 0.5591, acc: 0.7784
loss: 0.5557, acc: 0.7794
loss: 0.5561, acc: 0.7798
> val_acc: 0.7929, val_f1: 0.6673
> best_val_acc: 0.7964, best_val_f1: 0.6824
>>>>>>>>>>>>>>>>>>>>>>>>>>>>>>>>>>>>>>>>>>>>>>>>>>>>>>>>>>>>>>>>>>>>>>>>>>>>>>>>>>>>>>>>>>>>>>>>>>>>
epoch: 8
loss: 0.5183, acc: 0.7812
loss: 0.5389, acc: 0.7812
loss: 0.5235, acc: 0.7898
loss: 0.5574, acc: 0.7715
loss: 0.5640, acc: 0.7664
loss: 0.5707, acc: 0.7668
loss: 0.5645, acc: 0.7671
loss: 0.5553, acc: 0.7726
loss: 0.5541, acc: 0.7706
loss: 0.5537, acc: 0.7717
loss: 0.5619, acc: 0.7672
loss: 0.5618, acc: 0.7656
loss: 0.5613, acc: 0.7679
loss: 0.5664, acc: 0.7670
loss: 0.5639, acc: 0.7689
loss: 0.5641, acc: 0.7685
loss: 0.5598, acc: 0.7689
loss: 0.5574, acc: 0.7696
loss: 0.5552, acc: 0.7720
loss: 0.5520, acc: 0.7725
loss: 0.5518, acc: 0.7732
loss: 0.5481, acc: 0.7754
loss: 0.5441, acc: 0.7782
> val_acc: 0.7991, val_f1: 0.6804
> best_val_acc: 0.7964, best_val_f1: 0.6824
>> saved: state_dict/igcn_embed_restaurant_val_acc0.7991
>>>>>>>>>>>>>>>>>>>>>>>>>>>>>>>>>>>>>>>>>>>>>>>>>>>>>>>>>>>>>>>>>>>>>>>>>>>>>>>>>>>>>>>>>>>>>>>>>>>>
epoch: 9
loss: 0.5711, acc: 0.8021
loss: 0.5937, acc: 0.7539
loss: 0.5511, acc: 0.7644
loss: 0.5412, acc: 0.7656
loss: 0.5428, acc: 0.7690
loss: 0.5360, acc: 0.7812
loss: 0.5368, acc: 0.7850
loss: 0.5493, acc: 0.7812
loss: 0.5481, acc: 0.7783
loss: 0.5418, acc: 0.7832
loss: 0.5360, acc: 0.7889
loss: 0.5373, acc: 0.7883
loss: 0.5316, acc: 0.7922
loss: 0.5312, acc: 0.7941
loss: 0.5340, acc: 0.7928
loss: 0.5333, acc: 0.7917
loss: 0.5368, acc: 0.7873
loss: 0.5338, acc: 0.7894
loss: 0.5357, acc: 0.7880
loss: 0.5327, acc: 0.7886
loss: 0.5301, acc: 0.7888
loss: 0.5306, acc: 0.7894
loss: 0.5339, acc: 0.7880
> val_acc: 0.7902, val_f1: 0.6918
> best_val_acc: 0.7991, best_val_f1: 0.6824
>>>>>>>>>>>>>>>>>>>>>>>>>>>>>>>>>>>>>>>>>>>>>>>>>>>>>>>>>>>>>>>>>>>>>>>>>>>>>>>>>>>>>>>>>>>>>>>>>>>>
epoch: 10
loss: 0.5174, acc: 0.8125
loss: 0.4806, acc: 0.8187
loss: 0.4848, acc: 0.8146
loss: 0.4837, acc: 0.8172
loss: 0.5161, acc: 0.8050
loss: 0.5106, acc: 0.8073
loss: 0.5166, acc: 0.8009
loss: 0.5199, acc: 0.7992
loss: 0.5210, acc: 0.8007
loss: 0.5163, acc: 0.8000
loss: 0.5193, acc: 0.7966
loss: 0.5201, acc: 0.7943
loss: 0.5128, acc: 0.7990
loss: 0.5100, acc: 0.8000
loss: 0.5050, acc: 0.8017
loss: 0.5106, acc: 0.7961
loss: 0.5105, acc: 0.7945
loss: 0.5095, acc: 0.7944
loss: 0.5149, acc: 0.7924
loss: 0.5157, acc: 0.7916
loss: 0.5179, acc: 0.7899
loss: 0.5175, acc: 0.7895
> val_acc: 0.7857, val_f1: 0.6759
> best_val_acc: 0.7991, best_val_f1: 0.6918
>>>>>>>>>>>>>>>>>>>>>>>>>>>>>>>>>>>>>>>>>>>>>>>>>>>>>>>>>>>>>>>>>>>>>>>>>>>>>>>>>>>>>>>>>>>>>>>>>>>>
epoch: 11
loss: 0.4877, acc: 0.7969
loss: 0.5216, acc: 0.7946
loss: 0.5074, acc: 0.7943
loss: 0.5092, acc: 0.7886
loss: 0.4936, acc: 0.7983
loss: 0.4982, acc: 0.7998
loss: 0.5211, acc: 0.7920
loss: 0.5162, acc: 0.7939
loss: 0.5114, acc: 0.7961
loss: 0.5114, acc: 0.7979
loss: 0.5130, acc: 0.8005
loss: 0.5082, acc: 0.8021
loss: 0.5056, acc: 0.7999
loss: 0.4975, acc: 0.8041
loss: 0.5041, acc: 0.8025
loss: 0.4989, acc: 0.8044
loss: 0.4978, acc: 0.8049
loss: 0.4982, acc: 0.8068
loss: 0.4930, acc: 0.8084
loss: 0.4905, acc: 0.8093
loss: 0.4883, acc: 0.8104
loss: 0.4947, acc: 0.8058
loss: 0.4956, acc: 0.8064
> val_acc: 0.7911, val_f1: 0.6956
> best_val_acc: 0.7991, best_val_f1: 0.6918
>>>>>>>>>>>>>>>>>>>>>>>>>>>>>>>>>>>>>>>>>>>>>>>>>>>>>>>>>>>>>>>>>>>>>>>>>>>>>>>>>>>>>>>>>>>>>>>>>>>>
epoch: 12
loss: 0.4437, acc: 0.8359
loss: 0.4582, acc: 0.8229
loss: 0.4353, acc: 0.8259
loss: 0.4400, acc: 0.8207
loss: 0.4591, acc: 0.8151
loss: 0.4564, acc: 0.8190
loss: 0.4615, acc: 0.8125
loss: 0.4589, acc: 0.8157
loss: 0.4581, acc: 0.8153
loss: 0.4606, acc: 0.8131
loss: 0.4557, acc: 0.8177
loss: 0.4627, acc: 0.8162
loss: 0.4587, acc: 0.8188
loss: 0.4651, acc: 0.8134
loss: 0.4689, acc: 0.8112
loss: 0.4725, acc: 0.8101
loss: 0.4735, acc: 0.8103
loss: 0.4813, acc: 0.8086
loss: 0.4767, acc: 0.8098
loss: 0.4782, acc: 0.8097
loss: 0.4770, acc: 0.8104
loss: 0.4783, acc: 0.8093
> val_acc: 0.7946, val_f1: 0.6830
> best_val_acc: 0.7991, best_val_f1: 0.6956
>>>>>>>>>>>>>>>>>>>>>>>>>>>>>>>>>>>>>>>>>>>>>>>>>>>>>>>>>>>>>>>>>>>>>>>>>>>>>>>>>>>>>>>>>>>>>>>>>>>>
epoch: 13
loss: 0.4197, acc: 0.8125
loss: 0.4037, acc: 0.8385
loss: 0.4528, acc: 0.8182
loss: 0.4787, acc: 0.8145
loss: 0.4817, acc: 0.8095
loss: 0.4628, acc: 0.8185
loss: 0.4681, acc: 0.8125
loss: 0.4578, acc: 0.8151
loss: 0.4547, acc: 0.8194
loss: 0.4572, acc: 0.8193
loss: 0.4631, acc: 0.8150
loss: 0.4605, acc: 0.8181
loss: 0.4614, acc: 0.8151
loss: 0.4606, acc: 0.8144
loss: 0.4594, acc: 0.8143
loss: 0.4661, acc: 0.8133
loss: 0.4701, acc: 0.8098
loss: 0.4669, acc: 0.8114
loss: 0.4729, acc: 0.8091
loss: 0.4705, acc: 0.8099
loss: 0.4666, acc: 0.8119
loss: 0.4665, acc: 0.8131
loss: 0.4664, acc: 0.8139
> val_acc: 0.7786, val_f1: 0.6350
> best_val_acc: 0.7991, best_val_f1: 0.6956
>>>>>>>>>>>>>>>>>>>>>>>>>>>>>>>>>>>>>>>>>>>>>>>>>>>>>>>>>>>>>>>>>>>>>>>>>>>>>>>>>>>>>>>>>>>>>>>>>>>>
epoch: 14
loss: 0.4638, acc: 0.8021
loss: 0.4657, acc: 0.8164
loss: 0.4350, acc: 0.8221
loss: 0.4432, acc: 0.8125
loss: 0.4408, acc: 0.8166
loss: 0.4445, acc: 0.8125
loss: 0.4472, acc: 0.8125
loss: 0.4477, acc: 0.8166
loss: 0.4450, acc: 0.8198
loss: 0.4453, acc: 0.8210
loss: 0.4451, acc: 0.8202
loss: 0.4532, acc: 0.8184
loss: 0.4521, acc: 0.8175
loss: 0.4425, acc: 0.8222
loss: 0.4443, acc: 0.8215
loss: 0.4375, acc: 0.8265
loss: 0.4385, acc: 0.8268
loss: 0.4375, acc: 0.8281
loss: 0.4421, acc: 0.8256
loss: 0.4413, acc: 0.8253
loss: 0.4431, acc: 0.8246
loss: 0.4429, acc: 0.8247
loss: 0.4403, acc: 0.8246
> val_acc: 0.7884, val_f1: 0.6709
> best_val_acc: 0.7991, best_val_f1: 0.6956
>>>>>>>>>>>>>>>>>>>>>>>>>>>>>>>>>>>>>>>>>>>>>>>>>>>>>>>>>>>>>>>>>>>>>>>>>>>>>>>>>>>>>>>>>>>>>>>>>>>>
epoch: 15
loss: 0.4256, acc: 0.8562
loss: 0.4396, acc: 0.8313
loss: 0.4221, acc: 0.8396
loss: 0.4025, acc: 0.8453
loss: 0.4138, acc: 0.8337
loss: 0.4229, acc: 0.8302
loss: 0.4171, acc: 0.8339
loss: 0.4100, acc: 0.8398
loss: 0.4054, acc: 0.8431
loss: 0.4024, acc: 0.8431
loss: 0.4134, acc: 0.8375
loss: 0.4187, acc: 0.8365
loss: 0.4175, acc: 0.8361
loss: 0.4253, acc: 0.8353
loss: 0.4325, acc: 0.8337
loss: 0.4310, acc: 0.8328
loss: 0.4348, acc: 0.8316
loss: 0.4318, acc: 0.8326
loss: 0.4338, acc: 0.8316
loss: 0.4337, acc: 0.8309
loss: 0.4336, acc: 0.8313
loss: 0.4320, acc: 0.8315
> val_acc: 0.7884, val_f1: 0.6680
> best_val_acc: 0.7991, best_val_f1: 0.6956
>>>>>>>>>>>>>>>>>>>>>>>>>>>>>>>>>>>>>>>>>>>>>>>>>>>>>>>>>>>>>>>>>>>>>>>>>>>>>>>>>>>>>>>>>>>>>>>>>>>>
epoch: 16
loss: 0.3466, acc: 0.8906
loss: 0.3834, acc: 0.8705
loss: 0.3872, acc: 0.8646
loss: 0.3879, acc: 0.8676
loss: 0.3901, acc: 0.8665
loss: 0.3968, acc: 0.8657
loss: 0.4003, acc: 0.8574
loss: 0.3990, acc: 0.8547
loss: 0.3981, acc: 0.8534
loss: 0.4002, acc: 0.8517
loss: 0.3903, acc: 0.8558
loss: 0.3902, acc: 0.8553
loss: 0.3986, acc: 0.8488
loss: 0.4025, acc: 0.8475
loss: 0.4071, acc: 0.8464
loss: 0.4038, acc: 0.8486
loss: 0.4068, acc: 0.8457
loss: 0.4072, acc: 0.8466
loss: 0.4067, acc: 0.8461
loss: 0.4071, acc: 0.8454
loss: 0.4063, acc: 0.8474
loss: 0.4080, acc: 0.8475
loss: 0.4094, acc: 0.8457
> val_acc: 0.7857, val_f1: 0.6522
> best_val_acc: 0.7991, best_val_f1: 0.6956
>>>>>>>>>>>>>>>>>>>>>>>>>>>>>>>>>>>>>>>>>>>>>>>>>>>>>>>>>>>>>>>>>>>>>>>>>>>>>>>>>>>>>>>>>>>>>>>>>>>>
epoch: 17
loss: 0.3932, acc: 0.8438
loss: 0.3973, acc: 0.8368
loss: 0.3881, acc: 0.8281
loss: 0.3871, acc: 0.8372
loss: 0.3960, acc: 0.8333
loss: 0.3912, acc: 0.8427
loss: 0.3879, acc: 0.8419
loss: 0.3920, acc: 0.8438
loss: 0.3836, acc: 0.8516
loss: 0.3885, acc: 0.8482
loss: 0.3870, acc: 0.8495
loss: 0.3889, acc: 0.8480
loss: 0.3869, acc: 0.8491
loss: 0.3932, acc: 0.8447
loss: 0.3963, acc: 0.8454
loss: 0.3999, acc: 0.8422
loss: 0.4037, acc: 0.8400
loss: 0.4049, acc: 0.8381
loss: 0.4007, acc: 0.8411
loss: 0.4061, acc: 0.8400
loss: 0.4043, acc: 0.8422
loss: 0.4065, acc: 0.8426
> val_acc: 0.7839, val_f1: 0.6559
> best_val_acc: 0.7991, best_val_f1: 0.6956
>>>>>>>>>>>>>>>>>>>>>>>>>>>>>>>>>>>>>>>>>>>>>>>>>>>>>>>>>>>>>>>>>>>>>>>>>>>>>>>>>>>>>>>>>>>>>>>>>>>>
epoch: 18
loss: 0.6729, acc: 0.7188
loss: 0.4031, acc: 0.8333
loss: 0.3837, acc: 0.8580
loss: 0.3895, acc: 0.8574
loss: 0.3777, acc: 0.8601
loss: 0.3725, acc: 0.8630
loss: 0.3755, acc: 0.8629
loss: 0.3745, acc: 0.8611
loss: 0.3783, acc: 0.8613
loss: 0.3775, acc: 0.8614
loss: 0.3701, acc: 0.8676
loss: 0.3649, acc: 0.8694
loss: 0.3731, acc: 0.8663
loss: 0.3751, acc: 0.8646
loss: 0.3739, acc: 0.8644
loss: 0.3792, acc: 0.8614
loss: 0.3795, acc: 0.8611
loss: 0.3810, acc: 0.8612
loss: 0.3863, acc: 0.8575
loss: 0.3860, acc: 0.8561
loss: 0.3887, acc: 0.8546
loss: 0.3860, acc: 0.8567
loss: 0.3861, acc: 0.8561
> val_acc: 0.7786, val_f1: 0.6541
> best_val_acc: 0.7991, best_val_f1: 0.6956
>>>>>>>>>>>>>>>>>>>>>>>>>>>>>>>>>>>>>>>>>>>>>>>>>>>>>>>>>>>>>>>>>>>>>>>>>>>>>>>>>>>>>>>>>>>>>>>>>>>>
epoch: 19
loss: 0.2829, acc: 0.9271
loss: 0.3589, acc: 0.8711
loss: 0.3697, acc: 0.8654
loss: 0.3845, acc: 0.8611
loss: 0.3834, acc: 0.8601
loss: 0.3866, acc: 0.8605
loss: 0.3825, acc: 0.8598
loss: 0.3836, acc: 0.8586
loss: 0.3828, acc: 0.8583
loss: 0.3897, acc: 0.8548
loss: 0.3879, acc: 0.8508
loss: 0.3878, acc: 0.8518
loss: 0.3878, acc: 0.8527
loss: 0.3866, acc: 0.8534
loss: 0.3940, acc: 0.8506
loss: 0.3905, acc: 0.8518
loss: 0.3902, acc: 0.8517
loss: 0.3902, acc: 0.8526
loss: 0.3886, acc: 0.8518
loss: 0.3896, acc: 0.8517
loss: 0.3850, acc: 0.8535
loss: 0.3836, acc: 0.8527
loss: 0.3829, acc: 0.8539
> val_acc: 0.7902, val_f1: 0.6852
> best_val_acc: 0.7991, best_val_f1: 0.6956
>>>>>>>>>>>>>>>>>>>>>>>>>>>>>>>>>>>>>>>>>>>>>>>>>>>>>>>>>>>>>>>>>>>>>>>>>>>>>>>>>>>>>>>>>>>>>>>>>>>>
epoch: 20
loss: 0.3267, acc: 0.9000
loss: 0.3482, acc: 0.8812
loss: 0.3543, acc: 0.8792
loss: 0.3535, acc: 0.8734
loss: 0.3548, acc: 0.8725
loss: 0.3512, acc: 0.8708
loss: 0.3510, acc: 0.8741
loss: 0.3561, acc: 0.8703
loss: 0.3502, acc: 0.8757
loss: 0.3476, acc: 0.8756
loss: 0.3434, acc: 0.8778
loss: 0.3531, acc: 0.8740
loss: 0.3540, acc: 0.8697
loss: 0.3534, acc: 0.8696
loss: 0.3568, acc: 0.8696
loss: 0.3667, acc: 0.8648
loss: 0.3671, acc: 0.8654
loss: 0.3636, acc: 0.8660
loss: 0.3639, acc: 0.8651
loss: 0.3647, acc: 0.8631
loss: 0.3637, acc: 0.8637
loss: 0.3651, acc: 0.8625
> val_acc: 0.7804, val_f1: 0.6567
> best_val_acc: 0.7991, best_val_f1: 0.6956
>>>>>>>>>>>>>>>>>>>>>>>>>>>>>>>>>>>>>>>>>>>>>>>>>>>>>>>>>>>>>>>>>>>>>>>>>>>>>>>>>>>>>>>>>>>>>>>>>>>>
epoch: 21
loss: 0.3885, acc: 0.8750
loss: 0.3153, acc: 0.8929
loss: 0.3230, acc: 0.8880
loss: 0.3207, acc: 0.8897
loss: 0.3205, acc: 0.8878
loss: 0.3270, acc: 0.8854
loss: 0.3346, acc: 0.8799
loss: 0.3341, acc: 0.8792
loss: 0.3417, acc: 0.8757
loss: 0.3370, acc: 0.8777
loss: 0.3397, acc: 0.8762
loss: 0.3480, acc: 0.8712
loss: 0.3430, acc: 0.8745
loss: 0.3418, acc: 0.8759
loss: 0.3434, acc: 0.8741
loss: 0.3471, acc: 0.8738
loss: 0.3478, acc: 0.8708
loss: 0.3479, acc: 0.8710
loss: 0.3469, acc: 0.8692
loss: 0.3474, acc: 0.8689
loss: 0.3497, acc: 0.8676
loss: 0.3467, acc: 0.8695
loss: 0.3463, acc: 0.8700
> val_acc: 0.7804, val_f1: 0.6510
> best_val_acc: 0.7991, best_val_f1: 0.6956
>>>>>>>>>>>>>>>>>>>>>>>>>>>>>>>>>>>>>>>>>>>>>>>>>>>>>>>>>>>>>>>>>>>>>>>>>>>>>>>>>>>>>>>>>>>>>>>>>>>>
epoch: 22
loss: 0.2936, acc: 0.8906
loss: 0.3144, acc: 0.8785
loss: 0.3216, acc: 0.8862
loss: 0.3282, acc: 0.8816
loss: 0.3306, acc: 0.8854
loss: 0.3195, acc: 0.8890
loss: 0.3309, acc: 0.8814
loss: 0.3262, acc: 0.8814
loss: 0.3319, acc: 0.8793
loss: 0.3273, acc: 0.8814
loss: 0.3312, acc: 0.8796
loss: 0.3294, acc: 0.8808
loss: 0.3291, acc: 0.8794
loss: 0.3286, acc: 0.8791
loss: 0.3303, acc: 0.8813
loss: 0.3279, acc: 0.8821
loss: 0.3287, acc: 0.8832
loss: 0.3311, acc: 0.8817
loss: 0.3289, acc: 0.8826
loss: 0.3283, acc: 0.8819
loss: 0.3256, acc: 0.8828
loss: 0.3300, acc: 0.8804
> val_acc: 0.7768, val_f1: 0.6751
> best_val_acc: 0.7991, best_val_f1: 0.6956
>>>>>>>>>>>>>>>>>>>>>>>>>>>>>>>>>>>>>>>>>>>>>>>>>>>>>>>>>>>>>>>>>>>>>>>>>>>>>>>>>>>>>>>>>>>>>>>>>>>>
epoch: 23
loss: 0.2035, acc: 0.8750
loss: 0.3463, acc: 0.8646
loss: 0.3209, acc: 0.8778
loss: 0.3150, acc: 0.8828
loss: 0.3191, acc: 0.8839
loss: 0.3178, acc: 0.8870
loss: 0.3169, acc: 0.8851
loss: 0.3094, acc: 0.8880
loss: 0.3108, acc: 0.8849
loss: 0.3089, acc: 0.8845
loss: 0.3123, acc: 0.8836
loss: 0.3087, acc: 0.8862
loss: 0.3114, acc: 0.8832
loss: 0.3190, acc: 0.8802
loss: 0.3190, acc: 0.8825
loss: 0.3212, acc: 0.8828
loss: 0.3222, acc: 0.8819
loss: 0.3206, acc: 0.8823
loss: 0.3206, acc: 0.8836
loss: 0.3193, acc: 0.8838
loss: 0.3169, acc: 0.8846
loss: 0.3180, acc: 0.8833
loss: 0.3245, acc: 0.8818
> val_acc: 0.7777, val_f1: 0.6870
> best_val_acc: 0.7991, best_val_f1: 0.6956
>>>>>>>>>>>>>>>>>>>>>>>>>>>>>>>>>>>>>>>>>>>>>>>>>>>>>>>>>>>>>>>>>>>>>>>>>>>>>>>>>>>>>>>>>>>>>>>>>>>>
epoch: 24
loss: 0.2690, acc: 0.9062
loss: 0.2779, acc: 0.8984
loss: 0.3131, acc: 0.8870
loss: 0.3069, acc: 0.8854
loss: 0.3159, acc: 0.8845
loss: 0.3115, acc: 0.8873
loss: 0.3138, acc: 0.8883
loss: 0.3053, acc: 0.8939
loss: 0.3078, acc: 0.8859
loss: 0.3020, acc: 0.8906
loss: 0.3150, acc: 0.8856
loss: 0.3156, acc: 0.8842
loss: 0.3141, acc: 0.8834
loss: 0.3079, acc: 0.8851
loss: 0.3103, acc: 0.8857
loss: 0.3096, acc: 0.8870
loss: 0.3089, acc: 0.8870
loss: 0.3058, acc: 0.8885
loss: 0.3055, acc: 0.8874
loss: 0.3076, acc: 0.8862
loss: 0.3070, acc: 0.8862
loss: 0.3059, acc: 0.8866
loss: 0.3076, acc: 0.8861
> val_acc: 0.7786, val_f1: 0.6546
> best_val_acc: 0.7991, best_val_f1: 0.6956
>>>>>>>>>>>>>>>>>>>>>>>>>>>>>>>>>>>>>>>>>>>>>>>>>>>>>>>>>>>>>>>>>>>>>>>>>>>>>>>>>>>>>>>>>>>>>>>>>>>>
epoch: 25
loss: 0.2283, acc: 0.9313
loss: 0.2520, acc: 0.9219
loss: 0.2449, acc: 0.9229
loss: 0.2557, acc: 0.9172
loss: 0.2822, acc: 0.9038
loss: 0.2859, acc: 0.9000
loss: 0.2821, acc: 0.8982
loss: 0.2800, acc: 0.8992
loss: 0.2912, acc: 0.8958
loss: 0.2926, acc: 0.8975
loss: 0.2924, acc: 0.8989
loss: 0.2939, acc: 0.8964
loss: 0.2911, acc: 0.8990
loss: 0.2921, acc: 0.8987
loss: 0.2952, acc: 0.8958
loss: 0.2939, acc: 0.8961
loss: 0.2954, acc: 0.8941
loss: 0.2961, acc: 0.8931
loss: 0.2973, acc: 0.8918
loss: 0.2976, acc: 0.8922
loss: 0.2955, acc: 0.8938
loss: 0.2938, acc: 0.8943
> val_acc: 0.7804, val_f1: 0.6542
> best_val_acc: 0.7991, best_val_f1: 0.6956
>>>>>>>>>>>>>>>>>>>>>>>>>>>>>>>>>>>>>>>>>>>>>>>>>>>>>>>>>>>>>>>>>>>>>>>>>>>>>>>>>>>>>>>>>>>>>>>>>>>>
epoch: 26
loss: 0.3152, acc: 0.8594
loss: 0.2360, acc: 0.9196
loss: 0.2251, acc: 0.9219
loss: 0.2392, acc: 0.9118
loss: 0.2489, acc: 0.9062
loss: 0.2482, acc: 0.9074
loss: 0.2542, acc: 0.9043
loss: 0.2682, acc: 0.8961
loss: 0.2661, acc: 0.8996
loss: 0.2612, acc: 0.9029
loss: 0.2587, acc: 0.9062
loss: 0.2571, acc: 0.9057
loss: 0.2625, acc: 0.9042
loss: 0.2668, acc: 0.9044
loss: 0.2682, acc: 0.9036
loss: 0.2730, acc: 0.9034
loss: 0.2770, acc: 0.9002
loss: 0.2757, acc: 0.9012
loss: 0.2780, acc: 0.9008
loss: 0.2829, acc: 0.8995
loss: 0.2872, acc: 0.8968
loss: 0.2880, acc: 0.8963
loss: 0.2867, acc: 0.8965
> val_acc: 0.7759, val_f1: 0.6465
> best_val_acc: 0.7991, best_val_f1: 0.6956
>>>>>>>>>>>>>>>>>>>>>>>>>>>>>>>>>>>>>>>>>>>>>>>>>>>>>>>>>>>>>>>>>>>>>>>>>>>>>>>>>>>>>>>>>>>>>>>>>>>>
epoch: 27
loss: 0.2548, acc: 0.8984
loss: 0.2631, acc: 0.9097
loss: 0.2592, acc: 0.9085
loss: 0.2559, acc: 0.9161
loss: 0.2598, acc: 0.9102
loss: 0.2648, acc: 0.9052
loss: 0.2692, acc: 0.9017
loss: 0.2680, acc: 0.9022
loss: 0.2616, acc: 0.9041
loss: 0.2700, acc: 0.8980
loss: 0.2713, acc: 0.8976
loss: 0.2753, acc: 0.8972
loss: 0.2802, acc: 0.8936
loss: 0.2774, acc: 0.8940
loss: 0.2746, acc: 0.8948
loss: 0.2763, acc: 0.8932
loss: 0.2734, acc: 0.8947
loss: 0.2752, acc: 0.8954
loss: 0.2741, acc: 0.8963
loss: 0.2748, acc: 0.8952
loss: 0.2750, acc: 0.8957
loss: 0.2754, acc: 0.8956
> val_acc: 0.7804, val_f1: 0.6674
> best_val_acc: 0.7991, best_val_f1: 0.6956
>>>>>>>>>>>>>>>>>>>>>>>>>>>>>>>>>>>>>>>>>>>>>>>>>>>>>>>>>>>>>>>>>>>>>>>>>>>>>>>>>>>>>>>>>>>>>>>>>>>>
epoch: 28
loss: 0.2875, acc: 0.8438
loss: 0.2355, acc: 0.9062
loss: 0.2459, acc: 0.9062
loss: 0.2477, acc: 0.9082
loss: 0.2568, acc: 0.9107
loss: 0.2419, acc: 0.9147
loss: 0.2454, acc: 0.9163
loss: 0.2438, acc: 0.9184
loss: 0.2523, acc: 0.9169
loss: 0.2506, acc: 0.9192
loss: 0.2545, acc: 0.9148
loss: 0.2571, acc: 0.9124
loss: 0.2629, acc: 0.9083
loss: 0.2612, acc: 0.9096
loss: 0.2698, acc: 0.9049
loss: 0.2670, acc: 0.9058
loss: 0.2676, acc: 0.9062
loss: 0.2674, acc: 0.9037
loss: 0.2697, acc: 0.9011
loss: 0.2713, acc: 0.8988
loss: 0.2714, acc: 0.8982
loss: 0.2737, acc: 0.8962
loss: 0.2731, acc: 0.8958
> val_acc: 0.7705, val_f1: 0.6459
> best_val_acc: 0.7991, best_val_f1: 0.6956
>>>>>>>>>>>>>>>>>>>>>>>>>>>>>>>>>>>>>>>>>>>>>>>>>>>>>>>>>>>>>>>>>>>>>>>>>>>>>>>>>>>>>>>>>>>>>>>>>>>>
epoch: 29
loss: 0.2291, acc: 0.9375
loss: 0.2470, acc: 0.9180
loss: 0.2757, acc: 0.8942
loss: 0.2974, acc: 0.8733
loss: 0.2788, acc: 0.8886
loss: 0.2723, acc: 0.8940
loss: 0.2600, acc: 0.9006
loss: 0.2559, acc: 0.9054
loss: 0.2535, acc: 0.9070
loss: 0.2618, acc: 0.9076
loss: 0.2538, acc: 0.9121
loss: 0.2467, acc: 0.9154
loss: 0.2470, acc: 0.9172
loss: 0.2510, acc: 0.9159
loss: 0.2524, acc: 0.9152
loss: 0.2579, acc: 0.9123
loss: 0.2612, acc: 0.9115
loss: 0.2592, acc: 0.9116
loss: 0.2603, acc: 0.9099
loss: 0.2644, acc: 0.9085
loss: 0.2625, acc: 0.9090
loss: 0.2613, acc: 0.9094
loss: 0.2612, acc: 0.9080
> val_acc: 0.7750, val_f1: 0.6571
> best_val_acc: 0.7991, best_val_f1: 0.6956
>> test_acc: 0.7991, test_f1: 0.6804
