cuda memory allocated: 4706816
n_trainable_params: 825503, n_nontrainable_params: 347432
> training arguments:
>>> model_name: igcn_embed
>>> model_ver: 3
>>> dataset: laptop
>>> optimizer: <class 'torch.optim.adam.Adam'>
>>> initializer: <function xavier_uniform_ at 0x0000016947353D90>
>>> learning_rate: 0.0003
>>> momentum: 0.95
>>> dropout: 0.5
>>> l2reg: 5e-05
>>> num_epoch: 50
>>> batch_size: 32
>>> log_step: 5
>>> embed_dim: 136
>>> hidden_dim: 300
>>> bert_dim: 768
>>> pretrained_bert_name: bert-base-uncased
>>> embeddings: d
>>> max_seq_len: 180
>>> polarities_dim: 3
>>> hops: 3
>>> device: cuda
>>> seed: 0
>>> valset_ratio: 0
>>> num_layers: 1
>>> in_channels: 100
>>> out_channels: 1
>>> downbot: 20
>>> kernel_size: 3
>>> position_dim: 100
>>> gating: GTU
>>> stanford_pos_model: C:/NLP_Programs/stanford-postagger-2018-10-16/models/english-bidirectional-distsim.tagger
>>> stanford_pos_jar: C:/NLP_Programs/stanford-postagger-2018-10-16/stanford-postagger.jar
>>> glove_path: ./embeddings/glove.840B.300d.txt
>>> embedding_matrix_path: gen_data/embeddings/100_laptop_domain_embedding_matrix.dat
>>> model_class: <class 'models.igcn.IGCN_3'>
>>> dataset_file: {'train': './datasets/semeval14/Laptops_Train.xml.seg', 'test': './datasets/semeval14/Laptops_Test_Gold.xml.seg'}
>>> inputs_cols: ['text_raw_indices', 'aspect_indices', 'pos_indices', 'aspect_pos_indices', 'position_indices']
>>>>>>>>>>>>>>>>>>>>>>>>>>>>>>>>>>>>>>>>>>>>>>>>>>>>>>>>>>>>>>>>>>>>>>>>>>>>>>>>>>>>>>>>>>>>>>>>>>>>
epoch: 0
loss: 1.1196, acc: 0.3750
loss: 1.1088, acc: 0.3781
loss: 1.1004, acc: 0.3729
loss: 1.0860, acc: 0.3984
loss: 1.0869, acc: 0.3925
loss: 1.0836, acc: 0.3854
loss: 1.0859, acc: 0.3839
loss: 1.0798, acc: 0.3961
loss: 1.0773, acc: 0.3993
loss: 1.0789, acc: 0.3994
loss: 1.0782, acc: 0.4017
loss: 1.0767, acc: 0.4052
loss: 1.0740, acc: 0.4096
loss: 1.0719, acc: 0.4112
> val_acc: 0.2335, val_f1: 0.1568
> best_val_acc: 0.0000, best_val_f1: 0.0000
>> saved: state_dict/igcn_embed_laptop_val_acc0.2335
>>>>>>>>>>>>>>>>>>>>>>>>>>>>>>>>>>>>>>>>>>>>>>>>>>>>>>>>>>>>>>>>>>>>>>>>>>>>>>>>>>>>>>>>>>>>>>>>>>>>
epoch: 1
loss: 1.0928, acc: 0.3438
loss: 1.0590, acc: 0.4375
loss: 1.0478, acc: 0.4557
loss: 1.0404, acc: 0.4779
loss: 1.0376, acc: 0.4858
loss: 1.0368, acc: 0.4815
loss: 1.0320, acc: 0.4873
loss: 1.0330, acc: 0.4823
loss: 1.0313, acc: 0.4836
loss: 1.0271, acc: 0.4880
loss: 1.0260, acc: 0.4898
loss: 1.0246, acc: 0.4956
loss: 1.0239, acc: 0.4970
loss: 1.0280, acc: 0.4953
loss: 1.0255, acc: 0.5000
> val_acc: 0.4232, val_f1: 0.3249
> best_val_acc: 0.2335, best_val_f1: 0.1568
>> saved: state_dict/igcn_embed_laptop_val_acc0.4232
>>>>>>>>>>>>>>>>>>>>>>>>>>>>>>>>>>>>>>>>>>>>>>>>>>>>>>>>>>>>>>>>>>>>>>>>>>>>>>>>>>>>>>>>>>>>>>>>>>>>
epoch: 2
loss: 1.0279, acc: 0.5078
loss: 1.0169, acc: 0.4826
loss: 0.9958, acc: 0.5201
loss: 0.9888, acc: 0.5345
loss: 0.9875, acc: 0.5417
loss: 0.9774, acc: 0.5571
loss: 0.9700, acc: 0.5643
loss: 0.9682, acc: 0.5657
loss: 0.9674, acc: 0.5646
loss: 0.9613, acc: 0.5721
loss: 0.9560, acc: 0.5758
loss: 0.9546, acc: 0.5779
loss: 0.9547, acc: 0.5767
loss: 0.9494, acc: 0.5820
> val_acc: 0.5564, val_f1: 0.4113
> best_val_acc: 0.4232, best_val_f1: 0.3249
>> saved: state_dict/igcn_embed_laptop_val_acc0.5564
>>>>>>>>>>>>>>>>>>>>>>>>>>>>>>>>>>>>>>>>>>>>>>>>>>>>>>>>>>>>>>>>>>>>>>>>>>>>>>>>>>>>>>>>>>>>>>>>>>>>
epoch: 3
loss: 1.0532, acc: 0.5000
loss: 0.8787, acc: 0.6198
loss: 0.8867, acc: 0.6278
loss: 0.8746, acc: 0.6348
loss: 0.8626, acc: 0.6429
loss: 0.8641, acc: 0.6406
loss: 0.8609, acc: 0.6371
loss: 0.8651, acc: 0.6354
loss: 0.8616, acc: 0.6372
loss: 0.8692, acc: 0.6304
loss: 0.8636, acc: 0.6354
loss: 0.8606, acc: 0.6356
loss: 0.8570, acc: 0.6373
loss: 0.8495, acc: 0.6392
loss: 0.8471, acc: 0.6400
> val_acc: 0.6003, val_f1: 0.4376
> best_val_acc: 0.5564, best_val_f1: 0.4113
>> saved: state_dict/igcn_embed_laptop_val_acc0.6003
>>>>>>>>>>>>>>>>>>>>>>>>>>>>>>>>>>>>>>>>>>>>>>>>>>>>>>>>>>>>>>>>>>>>>>>>>>>>>>>>>>>>>>>>>>>>>>>>>>>>
epoch: 4
loss: 0.8944, acc: 0.5729
loss: 0.8088, acc: 0.6250
loss: 0.8022, acc: 0.6370
loss: 0.7775, acc: 0.6528
loss: 0.7790, acc: 0.6562
loss: 0.7884, acc: 0.6551
loss: 0.7707, acc: 0.6638
loss: 0.7710, acc: 0.6645
loss: 0.7799, acc: 0.6584
loss: 0.7762, acc: 0.6628
loss: 0.7769, acc: 0.6645
loss: 0.7698, acc: 0.6686
loss: 0.7599, acc: 0.6741
loss: 0.7673, acc: 0.6691
loss: 0.7626, acc: 0.6731
> val_acc: 0.6301, val_f1: 0.4766
> best_val_acc: 0.6003, best_val_f1: 0.4376
>> saved: state_dict/igcn_embed_laptop_val_acc0.6301
>>>>>>>>>>>>>>>>>>>>>>>>>>>>>>>>>>>>>>>>>>>>>>>>>>>>>>>>>>>>>>>>>>>>>>>>>>>>>>>>>>>>>>>>>>>>>>>>>>>>
epoch: 5
loss: 0.6941, acc: 0.7500
loss: 0.6689, acc: 0.7500
loss: 0.6923, acc: 0.7229
loss: 0.6884, acc: 0.7344
loss: 0.7061, acc: 0.7175
loss: 0.7098, acc: 0.7115
loss: 0.7125, acc: 0.7116
loss: 0.7146, acc: 0.7094
loss: 0.7152, acc: 0.7076
loss: 0.7175, acc: 0.7050
loss: 0.7202, acc: 0.7045
loss: 0.7238, acc: 0.7005
loss: 0.7160, acc: 0.7038
loss: 0.7211, acc: 0.7013
> val_acc: 0.6426, val_f1: 0.5048
> best_val_acc: 0.6301, best_val_f1: 0.4766
>> saved: state_dict/igcn_embed_laptop_val_acc0.6426
>>>>>>>>>>>>>>>>>>>>>>>>>>>>>>>>>>>>>>>>>>>>>>>>>>>>>>>>>>>>>>>>>>>>>>>>>>>>>>>>>>>>>>>>>>>>>>>>>>>>
epoch: 6
loss: 0.6276, acc: 0.7500
loss: 0.6697, acc: 0.7188
loss: 0.6984, acc: 0.7135
loss: 0.6921, acc: 0.7077
loss: 0.7037, acc: 0.6946
loss: 0.7021, acc: 0.6991
loss: 0.6959, acc: 0.7031
loss: 0.6916, acc: 0.7061
loss: 0.6941, acc: 0.7076
loss: 0.6810, acc: 0.7181
loss: 0.6822, acc: 0.7206
loss: 0.6771, acc: 0.7198
loss: 0.6802, acc: 0.7182
loss: 0.6840, acc: 0.7160
loss: 0.6838, acc: 0.7179
> val_acc: 0.6724, val_f1: 0.5490
> best_val_acc: 0.6426, best_val_f1: 0.5048
>> saved: state_dict/igcn_embed_laptop_val_acc0.6724
>>>>>>>>>>>>>>>>>>>>>>>>>>>>>>>>>>>>>>>>>>>>>>>>>>>>>>>>>>>>>>>>>>>>>>>>>>>>>>>>>>>>>>>>>>>>>>>>>>>>
epoch: 7
loss: 0.6851, acc: 0.7188
loss: 0.6781, acc: 0.7257
loss: 0.6738, acc: 0.7188
loss: 0.6537, acc: 0.7352
loss: 0.6520, acc: 0.7370
loss: 0.6519, acc: 0.7328
loss: 0.6475, acc: 0.7417
loss: 0.6475, acc: 0.7444
loss: 0.6400, acc: 0.7457
loss: 0.6513, acc: 0.7385
loss: 0.6553, acc: 0.7332
loss: 0.6508, acc: 0.7368
loss: 0.6440, acc: 0.7412
loss: 0.6477, acc: 0.7378
> val_acc: 0.6850, val_f1: 0.5826
> best_val_acc: 0.6724, best_val_f1: 0.5490
>> saved: state_dict/igcn_embed_laptop_val_acc0.685
>>>>>>>>>>>>>>>>>>>>>>>>>>>>>>>>>>>>>>>>>>>>>>>>>>>>>>>>>>>>>>>>>>>>>>>>>>>>>>>>>>>>>>>>>>>>>>>>>>>>
epoch: 8
loss: 0.4580, acc: 0.8438
loss: 0.5864, acc: 0.7604
loss: 0.6036, acc: 0.7670
loss: 0.5985, acc: 0.7754
loss: 0.6031, acc: 0.7649
loss: 0.6222, acc: 0.7476
loss: 0.6341, acc: 0.7440
loss: 0.6269, acc: 0.7439
loss: 0.6317, acc: 0.7424
loss: 0.6324, acc: 0.7432
loss: 0.6243, acc: 0.7488
loss: 0.6149, acc: 0.7545
loss: 0.6230, acc: 0.7500
loss: 0.6213, acc: 0.7509
loss: 0.6158, acc: 0.7540
> val_acc: 0.6897, val_f1: 0.6160
> best_val_acc: 0.6850, best_val_f1: 0.5826
>> saved: state_dict/igcn_embed_laptop_val_acc0.6897
>>>>>>>>>>>>>>>>>>>>>>>>>>>>>>>>>>>>>>>>>>>>>>>>>>>>>>>>>>>>>>>>>>>>>>>>>>>>>>>>>>>>>>>>>>>>>>>>>>>>
epoch: 9
loss: 0.5840, acc: 0.7812
loss: 0.5728, acc: 0.7891
loss: 0.5902, acc: 0.7812
loss: 0.6023, acc: 0.7674
loss: 0.5891, acc: 0.7677
loss: 0.5928, acc: 0.7679
loss: 0.6025, acc: 0.7604
loss: 0.5898, acc: 0.7697
loss: 0.5967, acc: 0.7616
loss: 0.5992, acc: 0.7598
loss: 0.5998, acc: 0.7594
loss: 0.5964, acc: 0.7570
loss: 0.5957, acc: 0.7569
loss: 0.5929, acc: 0.7578
loss: 0.5913, acc: 0.7586
> val_acc: 0.6865, val_f1: 0.5915
> best_val_acc: 0.6897, best_val_f1: 0.6160
>>>>>>>>>>>>>>>>>>>>>>>>>>>>>>>>>>>>>>>>>>>>>>>>>>>>>>>>>>>>>>>>>>>>>>>>>>>>>>>>>>>>>>>>>>>>>>>>>>>>
epoch: 10
loss: 0.6168, acc: 0.7375
loss: 0.5739, acc: 0.7625
loss: 0.5716, acc: 0.7646
loss: 0.5577, acc: 0.7734
loss: 0.5570, acc: 0.7712
loss: 0.5558, acc: 0.7708
loss: 0.5731, acc: 0.7634
loss: 0.5779, acc: 0.7633
loss: 0.5763, acc: 0.7618
loss: 0.5660, acc: 0.7662
loss: 0.5599, acc: 0.7699
loss: 0.5535, acc: 0.7714
loss: 0.5563, acc: 0.7702
loss: 0.5510, acc: 0.7705
> val_acc: 0.6975, val_f1: 0.6234
> best_val_acc: 0.6897, best_val_f1: 0.6160
>> saved: state_dict/igcn_embed_laptop_val_acc0.6975
>>>>>>>>>>>>>>>>>>>>>>>>>>>>>>>>>>>>>>>>>>>>>>>>>>>>>>>>>>>>>>>>>>>>>>>>>>>>>>>>>>>>>>>>>>>>>>>>>>>>
epoch: 11
loss: 0.4767, acc: 0.8281
loss: 0.5492, acc: 0.7634
loss: 0.5611, acc: 0.7891
loss: 0.5824, acc: 0.7794
loss: 0.5577, acc: 0.7940
loss: 0.5500, acc: 0.7917
loss: 0.5523, acc: 0.7852
loss: 0.5539, acc: 0.7838
loss: 0.5596, acc: 0.7835
loss: 0.5505, acc: 0.7892
loss: 0.5443, acc: 0.7927
loss: 0.5409, acc: 0.7950
loss: 0.5312, acc: 0.8004
loss: 0.5371, acc: 0.7957
loss: 0.5379, acc: 0.7943
> val_acc: 0.7257, val_f1: 0.6725
> best_val_acc: 0.6975, best_val_f1: 0.6234
>> saved: state_dict/igcn_embed_laptop_val_acc0.7257
>>>>>>>>>>>>>>>>>>>>>>>>>>>>>>>>>>>>>>>>>>>>>>>>>>>>>>>>>>>>>>>>>>>>>>>>>>>>>>>>>>>>>>>>>>>>>>>>>>>>
epoch: 12
loss: 0.5380, acc: 0.8125
loss: 0.5132, acc: 0.8229
loss: 0.5035, acc: 0.8170
loss: 0.5183, acc: 0.7961
loss: 0.5073, acc: 0.7982
loss: 0.4975, acc: 0.8060
loss: 0.4921, acc: 0.8116
loss: 0.4984, acc: 0.8053
loss: 0.4998, acc: 0.8054
loss: 0.5039, acc: 0.8023
loss: 0.5073, acc: 0.8032
loss: 0.5103, acc: 0.7982
loss: 0.5022, acc: 0.8027
loss: 0.4973, acc: 0.8057
> val_acc: 0.6865, val_f1: 0.5890
> best_val_acc: 0.7257, best_val_f1: 0.6725
>>>>>>>>>>>>>>>>>>>>>>>>>>>>>>>>>>>>>>>>>>>>>>>>>>>>>>>>>>>>>>>>>>>>>>>>>>>>>>>>>>>>>>>>>>>>>>>>>>>>
epoch: 13
loss: 0.4860, acc: 0.8125
loss: 0.5341, acc: 0.8125
loss: 0.5042, acc: 0.8097
loss: 0.4837, acc: 0.8125
loss: 0.4743, acc: 0.8259
loss: 0.4890, acc: 0.8173
loss: 0.4828, acc: 0.8216
loss: 0.4903, acc: 0.8194
loss: 0.4865, acc: 0.8194
loss: 0.4892, acc: 0.8145
loss: 0.4898, acc: 0.8137
loss: 0.4882, acc: 0.8158
loss: 0.4825, acc: 0.8192
loss: 0.4855, acc: 0.8163
loss: 0.4846, acc: 0.8165
> val_acc: 0.7116, val_f1: 0.6361
> best_val_acc: 0.7257, best_val_f1: 0.6725
>>>>>>>>>>>>>>>>>>>>>>>>>>>>>>>>>>>>>>>>>>>>>>>>>>>>>>>>>>>>>>>>>>>>>>>>>>>>>>>>>>>>>>>>>>>>>>>>>>>>
epoch: 14
loss: 0.5359, acc: 0.7604
loss: 0.5160, acc: 0.7695
loss: 0.4797, acc: 0.7885
loss: 0.4580, acc: 0.8125
loss: 0.4386, acc: 0.8234
loss: 0.4538, acc: 0.8192
loss: 0.4687, acc: 0.8116
loss: 0.4707, acc: 0.8125
loss: 0.4579, acc: 0.8198
loss: 0.4624, acc: 0.8184
loss: 0.4662, acc: 0.8172
loss: 0.4588, acc: 0.8217
loss: 0.4566, acc: 0.8234
loss: 0.4508, acc: 0.8263
loss: 0.4508, acc: 0.8260
> val_acc: 0.7132, val_f1: 0.6402
> best_val_acc: 0.7257, best_val_f1: 0.6725
>>>>>>>>>>>>>>>>>>>>>>>>>>>>>>>>>>>>>>>>>>>>>>>>>>>>>>>>>>>>>>>>>>>>>>>>>>>>>>>>>>>>>>>>>>>>>>>>>>>>
epoch: 15
loss: 0.3341, acc: 0.8875
loss: 0.3386, acc: 0.8844
loss: 0.4086, acc: 0.8500
loss: 0.4097, acc: 0.8484
loss: 0.4236, acc: 0.8438
loss: 0.4282, acc: 0.8396
loss: 0.4325, acc: 0.8402
loss: 0.4241, acc: 0.8445
loss: 0.4214, acc: 0.8438
loss: 0.4295, acc: 0.8387
loss: 0.4275, acc: 0.8381
loss: 0.4332, acc: 0.8349
loss: 0.4322, acc: 0.8351
loss: 0.4320, acc: 0.8362
> val_acc: 0.7163, val_f1: 0.6534
> best_val_acc: 0.7257, best_val_f1: 0.6725
>>>>>>>>>>>>>>>>>>>>>>>>>>>>>>>>>>>>>>>>>>>>>>>>>>>>>>>>>>>>>>>>>>>>>>>>>>>>>>>>>>>>>>>>>>>>>>>>>>>>
epoch: 16
loss: 0.5420, acc: 0.7656
loss: 0.4235, acc: 0.8214
loss: 0.4033, acc: 0.8385
loss: 0.3928, acc: 0.8419
loss: 0.3934, acc: 0.8438
loss: 0.3965, acc: 0.8414
loss: 0.3998, acc: 0.8438
loss: 0.3990, acc: 0.8446
loss: 0.3956, acc: 0.8452
loss: 0.4037, acc: 0.8424
loss: 0.4074, acc: 0.8401
loss: 0.4121, acc: 0.8372
loss: 0.4133, acc: 0.8357
loss: 0.4110, acc: 0.8377
loss: 0.4120, acc: 0.8359
> val_acc: 0.7163, val_f1: 0.6398
> best_val_acc: 0.7257, best_val_f1: 0.6725
>>>>>>>>>>>>>>>>>>>>>>>>>>>>>>>>>>>>>>>>>>>>>>>>>>>>>>>>>>>>>>>>>>>>>>>>>>>>>>>>>>>>>>>>>>>>>>>>>>>>
epoch: 17
loss: 0.4092, acc: 0.8359
loss: 0.3744, acc: 0.8542
loss: 0.3553, acc: 0.8616
loss: 0.3431, acc: 0.8684
loss: 0.3621, acc: 0.8568
loss: 0.3650, acc: 0.8578
loss: 0.3854, acc: 0.8539
loss: 0.3828, acc: 0.8574
loss: 0.3836, acc: 0.8537
loss: 0.3874, acc: 0.8540
loss: 0.3910, acc: 0.8542
loss: 0.3898, acc: 0.8543
loss: 0.3905, acc: 0.8540
loss: 0.3887, acc: 0.8551
> val_acc: 0.7241, val_f1: 0.6580
> best_val_acc: 0.7257, best_val_f1: 0.6725
>>>>>>>>>>>>>>>>>>>>>>>>>>>>>>>>>>>>>>>>>>>>>>>>>>>>>>>>>>>>>>>>>>>>>>>>>>>>>>>>>>>>>>>>>>>>>>>>>>>>
epoch: 18
loss: 0.6214, acc: 0.6875
loss: 0.3750, acc: 0.8646
loss: 0.3584, acc: 0.8636
loss: 0.3353, acc: 0.8730
loss: 0.3348, acc: 0.8735
loss: 0.3475, acc: 0.8690
loss: 0.3576, acc: 0.8619
loss: 0.3558, acc: 0.8628
loss: 0.3475, acc: 0.8689
loss: 0.3497, acc: 0.8675
loss: 0.3529, acc: 0.8658
loss: 0.3504, acc: 0.8694
loss: 0.3511, acc: 0.8694
loss: 0.3511, acc: 0.8679
loss: 0.3574, acc: 0.8653
> val_acc: 0.7226, val_f1: 0.6590
> best_val_acc: 0.7257, best_val_f1: 0.6725
>>>>>>>>>>>>>>>>>>>>>>>>>>>>>>>>>>>>>>>>>>>>>>>>>>>>>>>>>>>>>>>>>>>>>>>>>>>>>>>>>>>>>>>>>>>>>>>>>>>>
epoch: 19
loss: 0.3360, acc: 0.9167
loss: 0.3271, acc: 0.9102
loss: 0.3063, acc: 0.9135
loss: 0.3219, acc: 0.9062
loss: 0.3178, acc: 0.8995
loss: 0.3317, acc: 0.8917
loss: 0.3413, acc: 0.8873
loss: 0.3371, acc: 0.8898
loss: 0.3379, acc: 0.8888
loss: 0.3373, acc: 0.8880
loss: 0.3329, acc: 0.8892
loss: 0.3351, acc: 0.8858
loss: 0.3424, acc: 0.8834
loss: 0.3386, acc: 0.8842
loss: 0.3386, acc: 0.8836
> val_acc: 0.7038, val_f1: 0.6198
> best_val_acc: 0.7257, best_val_f1: 0.6725
>>>>>>>>>>>>>>>>>>>>>>>>>>>>>>>>>>>>>>>>>>>>>>>>>>>>>>>>>>>>>>>>>>>>>>>>>>>>>>>>>>>>>>>>>>>>>>>>>>>>
epoch: 20
loss: 0.3124, acc: 0.8750
loss: 0.2798, acc: 0.8906
loss: 0.2897, acc: 0.8979
loss: 0.2869, acc: 0.8953
loss: 0.3005, acc: 0.8900
loss: 0.3032, acc: 0.8885
loss: 0.3100, acc: 0.8857
loss: 0.3029, acc: 0.8922
loss: 0.3030, acc: 0.8958
loss: 0.3063, acc: 0.8944
loss: 0.3118, acc: 0.8949
loss: 0.3084, acc: 0.8943
loss: 0.3114, acc: 0.8942
loss: 0.3138, acc: 0.8924
> val_acc: 0.7100, val_f1: 0.6416
> best_val_acc: 0.7257, best_val_f1: 0.6725
>>>>>>>>>>>>>>>>>>>>>>>>>>>>>>>>>>>>>>>>>>>>>>>>>>>>>>>>>>>>>>>>>>>>>>>>>>>>>>>>>>>>>>>>>>>>>>>>>>>>
epoch: 21
loss: 0.3709, acc: 0.8281
loss: 0.2953, acc: 0.8795
loss: 0.3146, acc: 0.8776
loss: 0.2950, acc: 0.8915
loss: 0.3112, acc: 0.8835
loss: 0.2998, acc: 0.8924
loss: 0.2972, acc: 0.8936
loss: 0.2993, acc: 0.8961
loss: 0.2987, acc: 0.8966
loss: 0.2906, acc: 0.8989
loss: 0.2936, acc: 0.8972
loss: 0.2952, acc: 0.8953
loss: 0.2931, acc: 0.8957
loss: 0.2957, acc: 0.8946
loss: 0.2987, acc: 0.8945
> val_acc: 0.7053, val_f1: 0.6304
> best_val_acc: 0.7257, best_val_f1: 0.6725
>>>>>>>>>>>>>>>>>>>>>>>>>>>>>>>>>>>>>>>>>>>>>>>>>>>>>>>>>>>>>>>>>>>>>>>>>>>>>>>>>>>>>>>>>>>>>>>>>>>>
epoch: 22
loss: 0.3188, acc: 0.8750
loss: 0.3119, acc: 0.8785
loss: 0.2908, acc: 0.8929
loss: 0.2878, acc: 0.8980
loss: 0.2794, acc: 0.9049
loss: 0.2839, acc: 0.9062
loss: 0.2893, acc: 0.9035
loss: 0.2821, acc: 0.9030
loss: 0.2822, acc: 0.9013
loss: 0.2817, acc: 0.9018
loss: 0.2788, acc: 0.9022
loss: 0.2763, acc: 0.9062
loss: 0.2762, acc: 0.9053
loss: 0.2763, acc: 0.9058
> val_acc: 0.7226, val_f1: 0.6651
> best_val_acc: 0.7257, best_val_f1: 0.6725
>>>>>>>>>>>>>>>>>>>>>>>>>>>>>>>>>>>>>>>>>>>>>>>>>>>>>>>>>>>>>>>>>>>>>>>>>>>>>>>>>>>>>>>>>>>>>>>>>>>>
epoch: 23
loss: 0.2072, acc: 0.8750
loss: 0.3067, acc: 0.9115
loss: 0.3020, acc: 0.9091
loss: 0.2868, acc: 0.9121
loss: 0.2851, acc: 0.9107
loss: 0.2727, acc: 0.9147
loss: 0.2626, acc: 0.9153
loss: 0.2576, acc: 0.9167
loss: 0.2528, acc: 0.9146
loss: 0.2513, acc: 0.9144
loss: 0.2549, acc: 0.9124
loss: 0.2567, acc: 0.9107
loss: 0.2557, acc: 0.9114
loss: 0.2589, acc: 0.9119
loss: 0.2553, acc: 0.9137
> val_acc: 0.7241, val_f1: 0.6715
> best_val_acc: 0.7257, best_val_f1: 0.6725
>>>>>>>>>>>>>>>>>>>>>>>>>>>>>>>>>>>>>>>>>>>>>>>>>>>>>>>>>>>>>>>>>>>>>>>>>>>>>>>>>>>>>>>>>>>>>>>>>>>>
epoch: 24
loss: 0.1929, acc: 0.9792
loss: 0.2031, acc: 0.9492
loss: 0.2304, acc: 0.9351
loss: 0.2288, acc: 0.9323
loss: 0.2431, acc: 0.9226
loss: 0.2400, acc: 0.9263
loss: 0.2350, acc: 0.9271
loss: 0.2396, acc: 0.9260
loss: 0.2369, acc: 0.9273
loss: 0.2363, acc: 0.9238
loss: 0.2330, acc: 0.9257
loss: 0.2267, acc: 0.9289
loss: 0.2258, acc: 0.9306
loss: 0.2305, acc: 0.9292
loss: 0.2315, acc: 0.9287
> val_acc: 0.7257, val_f1: 0.6704
> best_val_acc: 0.7257, best_val_f1: 0.6725
>>>>>>>>>>>>>>>>>>>>>>>>>>>>>>>>>>>>>>>>>>>>>>>>>>>>>>>>>>>>>>>>>>>>>>>>>>>>>>>>>>>>>>>>>>>>>>>>>>>>
epoch: 25
loss: 0.1464, acc: 0.9437
loss: 0.1784, acc: 0.9500
loss: 0.1874, acc: 0.9417
loss: 0.1837, acc: 0.9437
loss: 0.1825, acc: 0.9450
loss: 0.1796, acc: 0.9458
loss: 0.1826, acc: 0.9411
loss: 0.1928, acc: 0.9359
loss: 0.1875, acc: 0.9382
loss: 0.1896, acc: 0.9381
loss: 0.1944, acc: 0.9381
loss: 0.1962, acc: 0.9375
loss: 0.1998, acc: 0.9365
loss: 0.2004, acc: 0.9371
> val_acc: 0.7367, val_f1: 0.6848
> best_val_acc: 0.7257, best_val_f1: 0.6725
>> saved: state_dict/igcn_embed_laptop_val_acc0.7367
>>>>>>>>>>>>>>>>>>>>>>>>>>>>>>>>>>>>>>>>>>>>>>>>>>>>>>>>>>>>>>>>>>>>>>>>>>>>>>>>>>>>>>>>>>>>>>>>>>>>
epoch: 26
loss: 0.2076, acc: 0.9531
loss: 0.1801, acc: 0.9420
loss: 0.1787, acc: 0.9401
loss: 0.1846, acc: 0.9301
loss: 0.1925, acc: 0.9219
loss: 0.1906, acc: 0.9282
loss: 0.1928, acc: 0.9307
loss: 0.1977, acc: 0.9291
loss: 0.1956, acc: 0.9323
loss: 0.1918, acc: 0.9335
loss: 0.1908, acc: 0.9339
loss: 0.1909, acc: 0.9337
loss: 0.1951, acc: 0.9325
loss: 0.1976, acc: 0.9314
loss: 0.1927, acc: 0.9340
> val_acc: 0.7116, val_f1: 0.6402
> best_val_acc: 0.7367, best_val_f1: 0.6848
>>>>>>>>>>>>>>>>>>>>>>>>>>>>>>>>>>>>>>>>>>>>>>>>>>>>>>>>>>>>>>>>>>>>>>>>>>>>>>>>>>>>>>>>>>>>>>>>>>>>
epoch: 27
loss: 0.2537, acc: 0.9297
loss: 0.1806, acc: 0.9583
loss: 0.1646, acc: 0.9621
loss: 0.1799, acc: 0.9490
loss: 0.1626, acc: 0.9544
loss: 0.1629, acc: 0.9504
loss: 0.1640, acc: 0.9494
loss: 0.1674, acc: 0.9487
loss: 0.1772, acc: 0.9446
loss: 0.1740, acc: 0.9458
loss: 0.1748, acc: 0.9439
loss: 0.1814, acc: 0.9417
loss: 0.1808, acc: 0.9429
loss: 0.1821, acc: 0.9429
> val_acc: 0.7163, val_f1: 0.6701
> best_val_acc: 0.7367, best_val_f1: 0.6848
>>>>>>>>>>>>>>>>>>>>>>>>>>>>>>>>>>>>>>>>>>>>>>>>>>>>>>>>>>>>>>>>>>>>>>>>>>>>>>>>>>>>>>>>>>>>>>>>>>>>
epoch: 28
loss: 0.1639, acc: 0.9375
loss: 0.1699, acc: 0.9688
loss: 0.1614, acc: 0.9659
loss: 0.1501, acc: 0.9688
loss: 0.1555, acc: 0.9613
loss: 0.1536, acc: 0.9591
loss: 0.1610, acc: 0.9526
loss: 0.1573, acc: 0.9540
loss: 0.1621, acc: 0.9535
loss: 0.1675, acc: 0.9524
loss: 0.1633, acc: 0.9528
loss: 0.1617, acc: 0.9531
loss: 0.1606, acc: 0.9534
loss: 0.1589, acc: 0.9522
loss: 0.1605, acc: 0.9520
> val_acc: 0.7320, val_f1: 0.6777
> best_val_acc: 0.7367, best_val_f1: 0.6848
>>>>>>>>>>>>>>>>>>>>>>>>>>>>>>>>>>>>>>>>>>>>>>>>>>>>>>>>>>>>>>>>>>>>>>>>>>>>>>>>>>>>>>>>>>>>>>>>>>>>
epoch: 29
loss: 0.0931, acc: 0.9896
loss: 0.0848, acc: 0.9883
loss: 0.1258, acc: 0.9760
loss: 0.1241, acc: 0.9705
loss: 0.1271, acc: 0.9715
loss: 0.1273, acc: 0.9699
loss: 0.1259, acc: 0.9716
loss: 0.1238, acc: 0.9704
loss: 0.1277, acc: 0.9702
loss: 0.1317, acc: 0.9688
loss: 0.1375, acc: 0.9640
loss: 0.1398, acc: 0.9628
loss: 0.1411, acc: 0.9613
loss: 0.1390, acc: 0.9614
loss: 0.1393, acc: 0.9613
> val_acc: 0.7273, val_f1: 0.6687
> best_val_acc: 0.7367, best_val_f1: 0.6848
>>>>>>>>>>>>>>>>>>>>>>>>>>>>>>>>>>>>>>>>>>>>>>>>>>>>>>>>>>>>>>>>>>>>>>>>>>>>>>>>>>>>>>>>>>>>>>>>>>>>
epoch: 30
loss: 0.1701, acc: 0.9437
loss: 0.1526, acc: 0.9594
loss: 0.1499, acc: 0.9542
loss: 0.1377, acc: 0.9594
loss: 0.1343, acc: 0.9625
loss: 0.1291, acc: 0.9646
loss: 0.1325, acc: 0.9607
loss: 0.1318, acc: 0.9617
loss: 0.1314, acc: 0.9618
loss: 0.1293, acc: 0.9613
loss: 0.1316, acc: 0.9619
loss: 0.1290, acc: 0.9630
loss: 0.1297, acc: 0.9630
loss: 0.1293, acc: 0.9621
> val_acc: 0.7194, val_f1: 0.6532
> best_val_acc: 0.7367, best_val_f1: 0.6848
>>>>>>>>>>>>>>>>>>>>>>>>>>>>>>>>>>>>>>>>>>>>>>>>>>>>>>>>>>>>>>>>>>>>>>>>>>>>>>>>>>>>>>>>>>>>>>>>>>>>
epoch: 31
loss: 0.1279, acc: 0.9688
loss: 0.1457, acc: 0.9598
loss: 0.1394, acc: 0.9635
loss: 0.1369, acc: 0.9651
loss: 0.1246, acc: 0.9673
loss: 0.1203, acc: 0.9699
loss: 0.1274, acc: 0.9658
loss: 0.1297, acc: 0.9637
loss: 0.1314, acc: 0.9628
loss: 0.1380, acc: 0.9594
loss: 0.1353, acc: 0.9597
loss: 0.1355, acc: 0.9600
loss: 0.1333, acc: 0.9587
loss: 0.1341, acc: 0.9590
loss: 0.1355, acc: 0.9575
> val_acc: 0.7210, val_f1: 0.6685
> best_val_acc: 0.7367, best_val_f1: 0.6848
>>>>>>>>>>>>>>>>>>>>>>>>>>>>>>>>>>>>>>>>>>>>>>>>>>>>>>>>>>>>>>>>>>>>>>>>>>>>>>>>>>>>>>>>>>>>>>>>>>>>
epoch: 32
loss: 0.0704, acc: 0.9922
loss: 0.1293, acc: 0.9722
loss: 0.1207, acc: 0.9710
loss: 0.1145, acc: 0.9737
loss: 0.1085, acc: 0.9714
loss: 0.1071, acc: 0.9720
loss: 0.1053, acc: 0.9715
loss: 0.1052, acc: 0.9696
loss: 0.1035, acc: 0.9709
loss: 0.1036, acc: 0.9707
loss: 0.1052, acc: 0.9705
loss: 0.1116, acc: 0.9677
loss: 0.1119, acc: 0.9678
loss: 0.1163, acc: 0.9669
> val_acc: 0.7147, val_f1: 0.6466
> best_val_acc: 0.7367, best_val_f1: 0.6848
>>>>>>>>>>>>>>>>>>>>>>>>>>>>>>>>>>>>>>>>>>>>>>>>>>>>>>>>>>>>>>>>>>>>>>>>>>>>>>>>>>>>>>>>>>>>>>>>>>>>
epoch: 33
loss: 0.2312, acc: 0.9375
loss: 0.1546, acc: 0.9531
loss: 0.1269, acc: 0.9659
loss: 0.1139, acc: 0.9688
loss: 0.1027, acc: 0.9717
loss: 0.1109, acc: 0.9688
loss: 0.1049, acc: 0.9688
loss: 0.1066, acc: 0.9696
loss: 0.1003, acc: 0.9718
loss: 0.1033, acc: 0.9701
loss: 0.1035, acc: 0.9700
loss: 0.1081, acc: 0.9682
loss: 0.1097, acc: 0.9682
loss: 0.1079, acc: 0.9678
loss: 0.1063, acc: 0.9692
> val_acc: 0.7273, val_f1: 0.6663
> best_val_acc: 0.7367, best_val_f1: 0.6848
>>>>>>>>>>>>>>>>>>>>>>>>>>>>>>>>>>>>>>>>>>>>>>>>>>>>>>>>>>>>>>>>>>>>>>>>>>>>>>>>>>>>>>>>>>>>>>>>>>>>
epoch: 34
loss: 0.1198, acc: 0.9583
loss: 0.1341, acc: 0.9570
loss: 0.1001, acc: 0.9712
loss: 0.1138, acc: 0.9670
loss: 0.1120, acc: 0.9660
loss: 0.1067, acc: 0.9688
loss: 0.1014, acc: 0.9725
loss: 0.0988, acc: 0.9720
loss: 0.1019, acc: 0.9702
loss: 0.1003, acc: 0.9707
loss: 0.1031, acc: 0.9682
loss: 0.1020, acc: 0.9698
loss: 0.0999, acc: 0.9712
loss: 0.1025, acc: 0.9706
loss: 0.1007, acc: 0.9712
> val_acc: 0.7116, val_f1: 0.6522
> best_val_acc: 0.7367, best_val_f1: 0.6848
>>>>>>>>>>>>>>>>>>>>>>>>>>>>>>>>>>>>>>>>>>>>>>>>>>>>>>>>>>>>>>>>>>>>>>>>>>>>>>>>>>>>>>>>>>>>>>>>>>>>
epoch: 35
loss: 0.0450, acc: 0.9938
loss: 0.0526, acc: 0.9906
loss: 0.0635, acc: 0.9875
loss: 0.0710, acc: 0.9828
loss: 0.0867, acc: 0.9800
loss: 0.0842, acc: 0.9823
loss: 0.0846, acc: 0.9821
loss: 0.0874, acc: 0.9789
loss: 0.0896, acc: 0.9785
loss: 0.0871, acc: 0.9794
loss: 0.0865, acc: 0.9784
loss: 0.0848, acc: 0.9792
loss: 0.0826, acc: 0.9798
loss: 0.0816, acc: 0.9795
> val_acc: 0.7288, val_f1: 0.6775
> best_val_acc: 0.7367, best_val_f1: 0.6848
>>>>>>>>>>>>>>>>>>>>>>>>>>>>>>>>>>>>>>>>>>>>>>>>>>>>>>>>>>>>>>>>>>>>>>>>>>>>>>>>>>>>>>>>>>>>>>>>>>>>
epoch: 36
loss: 0.0781, acc: 0.9688
loss: 0.0534, acc: 0.9866
loss: 0.0669, acc: 0.9766
loss: 0.0666, acc: 0.9779
loss: 0.0661, acc: 0.9773
loss: 0.0654, acc: 0.9780
loss: 0.0652, acc: 0.9775
loss: 0.0637, acc: 0.9797
loss: 0.0635, acc: 0.9807
loss: 0.0772, acc: 0.9761
loss: 0.0775, acc: 0.9766
loss: 0.0784, acc: 0.9764
loss: 0.0805, acc: 0.9768
loss: 0.0812, acc: 0.9767
loss: 0.0829, acc: 0.9761
> val_acc: 0.7288, val_f1: 0.6730
> best_val_acc: 0.7367, best_val_f1: 0.6848
>>>>>>>>>>>>>>>>>>>>>>>>>>>>>>>>>>>>>>>>>>>>>>>>>>>>>>>>>>>>>>>>>>>>>>>>>>>>>>>>>>>>>>>>>>>>>>>>>>>>
epoch: 37
loss: 0.1023, acc: 0.9609
loss: 0.0664, acc: 0.9826
loss: 0.0867, acc: 0.9777
loss: 0.0749, acc: 0.9803
loss: 0.0824, acc: 0.9792
loss: 0.0793, acc: 0.9795
loss: 0.0776, acc: 0.9807
loss: 0.0805, acc: 0.9808
loss: 0.0864, acc: 0.9780
loss: 0.0850, acc: 0.9777
loss: 0.0841, acc: 0.9780
loss: 0.0831, acc: 0.9788
loss: 0.0793, acc: 0.9805
loss: 0.0821, acc: 0.9801
> val_acc: 0.7163, val_f1: 0.6680
> best_val_acc: 0.7367, best_val_f1: 0.6848
>>>>>>>>>>>>>>>>>>>>>>>>>>>>>>>>>>>>>>>>>>>>>>>>>>>>>>>>>>>>>>>>>>>>>>>>>>>>>>>>>>>>>>>>>>>>>>>>>>>>
epoch: 38
loss: 0.0811, acc: 0.9688
loss: 0.0691, acc: 0.9792
loss: 0.0588, acc: 0.9830
loss: 0.0568, acc: 0.9824
loss: 0.0546, acc: 0.9836
loss: 0.0519, acc: 0.9868
loss: 0.0536, acc: 0.9869
loss: 0.0526, acc: 0.9870
loss: 0.0582, acc: 0.9840
loss: 0.0597, acc: 0.9837
loss: 0.0643, acc: 0.9822
loss: 0.0631, acc: 0.9827
loss: 0.0650, acc: 0.9831
loss: 0.0698, acc: 0.9820
loss: 0.0715, acc: 0.9824
> val_acc: 0.7367, val_f1: 0.6845
> best_val_acc: 0.7367, best_val_f1: 0.6848
>>>>>>>>>>>>>>>>>>>>>>>>>>>>>>>>>>>>>>>>>>>>>>>>>>>>>>>>>>>>>>>>>>>>>>>>>>>>>>>>>>>>>>>>>>>>>>>>>>>>
epoch: 39
loss: 0.0458, acc: 0.9896
loss: 0.0382, acc: 0.9922
loss: 0.0454, acc: 0.9856
loss: 0.0417, acc: 0.9878
loss: 0.0395, acc: 0.9891
loss: 0.0456, acc: 0.9855
loss: 0.0522, acc: 0.9820
loss: 0.0518, acc: 0.9836
loss: 0.0520, acc: 0.9833
loss: 0.0504, acc: 0.9844
loss: 0.0545, acc: 0.9835
loss: 0.0564, acc: 0.9833
loss: 0.0603, acc: 0.9816
loss: 0.0670, acc: 0.9802
loss: 0.0670, acc: 0.9802
> val_acc: 0.7226, val_f1: 0.6606
> best_val_acc: 0.7367, best_val_f1: 0.6848
>>>>>>>>>>>>>>>>>>>>>>>>>>>>>>>>>>>>>>>>>>>>>>>>>>>>>>>>>>>>>>>>>>>>>>>>>>>>>>>>>>>>>>>>>>>>>>>>>>>>
epoch: 40
loss: 0.0602, acc: 0.9875
loss: 0.0549, acc: 0.9844
loss: 0.0637, acc: 0.9812
loss: 0.0562, acc: 0.9844
loss: 0.0561, acc: 0.9850
loss: 0.0515, acc: 0.9875
loss: 0.0489, acc: 0.9884
loss: 0.0474, acc: 0.9891
loss: 0.0464, acc: 0.9903
loss: 0.0535, acc: 0.9881
loss: 0.0610, acc: 0.9864
loss: 0.0585, acc: 0.9875
loss: 0.0585, acc: 0.9870
loss: 0.0591, acc: 0.9862
> val_acc: 0.7320, val_f1: 0.6728
> best_val_acc: 0.7367, best_val_f1: 0.6848
>>>>>>>>>>>>>>>>>>>>>>>>>>>>>>>>>>>>>>>>>>>>>>>>>>>>>>>>>>>>>>>>>>>>>>>>>>>>>>>>>>>>>>>>>>>>>>>>>>>>
epoch: 41
loss: 0.0470, acc: 0.9844
loss: 0.0605, acc: 0.9866
loss: 0.0565, acc: 0.9896
loss: 0.0557, acc: 0.9890
loss: 0.0593, acc: 0.9858
loss: 0.0565, acc: 0.9873
loss: 0.0545, acc: 0.9873
loss: 0.0524, acc: 0.9873
loss: 0.0534, acc: 0.9874
loss: 0.0511, acc: 0.9887
loss: 0.0518, acc: 0.9880
loss: 0.0526, acc: 0.9879
loss: 0.0582, acc: 0.9859
loss: 0.0584, acc: 0.9846
loss: 0.0589, acc: 0.9839
> val_acc: 0.7226, val_f1: 0.6653
> best_val_acc: 0.7367, best_val_f1: 0.6848
>>>>>>>>>>>>>>>>>>>>>>>>>>>>>>>>>>>>>>>>>>>>>>>>>>>>>>>>>>>>>>>>>>>>>>>>>>>>>>>>>>>>>>>>>>>>>>>>>>>>
epoch: 42
loss: 0.0525, acc: 0.9922
loss: 0.0772, acc: 0.9826
loss: 0.0679, acc: 0.9844
loss: 0.0670, acc: 0.9852
loss: 0.0605, acc: 0.9857
loss: 0.0543, acc: 0.9871
loss: 0.0522, acc: 0.9871
loss: 0.0512, acc: 0.9872
loss: 0.0507, acc: 0.9879
loss: 0.0499, acc: 0.9879
loss: 0.0521, acc: 0.9873
loss: 0.0506, acc: 0.9878
loss: 0.0506, acc: 0.9878
loss: 0.0518, acc: 0.9878
> val_acc: 0.7288, val_f1: 0.6694
> best_val_acc: 0.7367, best_val_f1: 0.6848
>>>>>>>>>>>>>>>>>>>>>>>>>>>>>>>>>>>>>>>>>>>>>>>>>>>>>>>>>>>>>>>>>>>>>>>>>>>>>>>>>>>>>>>>>>>>>>>>>>>>
epoch: 43
loss: 0.0281, acc: 1.0000
loss: 0.0376, acc: 0.9896
loss: 0.0314, acc: 0.9915
loss: 0.0346, acc: 0.9883
loss: 0.0376, acc: 0.9896
loss: 0.0348, acc: 0.9916
loss: 0.0396, acc: 0.9909
loss: 0.0383, acc: 0.9913
loss: 0.0405, acc: 0.9901
loss: 0.0409, acc: 0.9905
loss: 0.0432, acc: 0.9896
loss: 0.0431, acc: 0.9894
loss: 0.0457, acc: 0.9877
loss: 0.0442, acc: 0.9886
loss: 0.0452, acc: 0.9881
> val_acc: 0.7116, val_f1: 0.6619
> best_val_acc: 0.7367, best_val_f1: 0.6848
>>>>>>>>>>>>>>>>>>>>>>>>>>>>>>>>>>>>>>>>>>>>>>>>>>>>>>>>>>>>>>>>>>>>>>>>>>>>>>>>>>>>>>>>>>>>>>>>>>>>
epoch: 44
loss: 0.0466, acc: 0.9896
loss: 0.0382, acc: 0.9922
loss: 0.0445, acc: 0.9880
loss: 0.0430, acc: 0.9896
loss: 0.0414, acc: 0.9905
loss: 0.0435, acc: 0.9900
loss: 0.0456, acc: 0.9877
loss: 0.0485, acc: 0.9868
loss: 0.0468, acc: 0.9869
loss: 0.0471, acc: 0.9870
loss: 0.0476, acc: 0.9864
loss: 0.0475, acc: 0.9865
loss: 0.0488, acc: 0.9861
loss: 0.0490, acc: 0.9862
loss: 0.0479, acc: 0.9867
> val_acc: 0.7273, val_f1: 0.6706
> best_val_acc: 0.7367, best_val_f1: 0.6848
>>>>>>>>>>>>>>>>>>>>>>>>>>>>>>>>>>>>>>>>>>>>>>>>>>>>>>>>>>>>>>>>>>>>>>>>>>>>>>>>>>>>>>>>>>>>>>>>>>>>
epoch: 45
loss: 0.0262, acc: 0.9938
loss: 0.0317, acc: 0.9938
loss: 0.0335, acc: 0.9917
loss: 0.0492, acc: 0.9859
loss: 0.0475, acc: 0.9862
loss: 0.0462, acc: 0.9865
loss: 0.0443, acc: 0.9866
loss: 0.0438, acc: 0.9875
loss: 0.0431, acc: 0.9875
loss: 0.0428, acc: 0.9881
loss: 0.0415, acc: 0.9892
loss: 0.0421, acc: 0.9891
loss: 0.0438, acc: 0.9889
loss: 0.0445, acc: 0.9879
> val_acc: 0.7163, val_f1: 0.6609
> best_val_acc: 0.7367, best_val_f1: 0.6848
>>>>>>>>>>>>>>>>>>>>>>>>>>>>>>>>>>>>>>>>>>>>>>>>>>>>>>>>>>>>>>>>>>>>>>>>>>>>>>>>>>>>>>>>>>>>>>>>>>>>
epoch: 46
loss: 0.0246, acc: 1.0000
loss: 0.0214, acc: 1.0000
loss: 0.0239, acc: 0.9974
loss: 0.0280, acc: 0.9963
loss: 0.0289, acc: 0.9943
loss: 0.0384, acc: 0.9884
loss: 0.0406, acc: 0.9883
loss: 0.0459, acc: 0.9873
loss: 0.0444, acc: 0.9881
loss: 0.0426, acc: 0.9887
loss: 0.0410, acc: 0.9892
loss: 0.0403, acc: 0.9896
loss: 0.0426, acc: 0.9879
loss: 0.0425, acc: 0.9879
loss: 0.0421, acc: 0.9883
> val_acc: 0.7194, val_f1: 0.6590
> best_val_acc: 0.7367, best_val_f1: 0.6848
>>>>>>>>>>>>>>>>>>>>>>>>>>>>>>>>>>>>>>>>>>>>>>>>>>>>>>>>>>>>>>>>>>>>>>>>>>>>>>>>>>>>>>>>>>>>>>>>>>>>
epoch: 47
loss: 0.0273, acc: 1.0000
loss: 0.0352, acc: 0.9931
loss: 0.0324, acc: 0.9933
loss: 0.0296, acc: 0.9951
loss: 0.0311, acc: 0.9935
loss: 0.0311, acc: 0.9925
loss: 0.0313, acc: 0.9926
loss: 0.0325, acc: 0.9904
loss: 0.0317, acc: 0.9908
loss: 0.0308, acc: 0.9917
loss: 0.0326, acc: 0.9907
loss: 0.0332, acc: 0.9905
loss: 0.0338, acc: 0.9902
loss: 0.0358, acc: 0.9891
> val_acc: 0.7194, val_f1: 0.6587
> best_val_acc: 0.7367, best_val_f1: 0.6848
>>>>>>>>>>>>>>>>>>>>>>>>>>>>>>>>>>>>>>>>>>>>>>>>>>>>>>>>>>>>>>>>>>>>>>>>>>>>>>>>>>>>>>>>>>>>>>>>>>>>
epoch: 48
loss: 0.0170, acc: 1.0000
loss: 0.0407, acc: 0.9896
loss: 0.0318, acc: 0.9915
loss: 0.0338, acc: 0.9902
loss: 0.0391, acc: 0.9866
loss: 0.0381, acc: 0.9868
loss: 0.0430, acc: 0.9859
loss: 0.0394, acc: 0.9878
loss: 0.0385, acc: 0.9878
loss: 0.0382, acc: 0.9885
loss: 0.0383, acc: 0.9896
loss: 0.0373, acc: 0.9894
loss: 0.0386, acc: 0.9882
loss: 0.0392, acc: 0.9882
loss: 0.0378, acc: 0.9890
> val_acc: 0.7163, val_f1: 0.6644
> best_val_acc: 0.7367, best_val_f1: 0.6848
>>>>>>>>>>>>>>>>>>>>>>>>>>>>>>>>>>>>>>>>>>>>>>>>>>>>>>>>>>>>>>>>>>>>>>>>>>>>>>>>>>>>>>>>>>>>>>>>>>>>
epoch: 49
loss: 0.0429, acc: 0.9792
loss: 0.0396, acc: 0.9883
loss: 0.0324, acc: 0.9904
loss: 0.0291, acc: 0.9931
loss: 0.0284, acc: 0.9946
loss: 0.0278, acc: 0.9955
loss: 0.0271, acc: 0.9953
loss: 0.0270, acc: 0.9942
loss: 0.0277, acc: 0.9935
loss: 0.0280, acc: 0.9935
loss: 0.0294, acc: 0.9923
loss: 0.0300, acc: 0.9919
loss: 0.0302, acc: 0.9921
loss: 0.0292, acc: 0.9926
loss: 0.0285, acc: 0.9931
> val_acc: 0.7132, val_f1: 0.6499
> best_val_acc: 0.7367, best_val_f1: 0.6848
>> test_acc: 0.7367, test_f1: 0.6848
