cuda memory allocated: 3061760
n_trainable_params: 321903, n_nontrainable_params: 442532
> training arguments:
>>> model_name: igcn_embed
>>> model_ver: 5
>>> dataset: restaurant
>>> optimizer: <class 'torch.optim.adam.Adam'>
>>> initializer: <function xavier_uniform_ at 0x000001E50EF02EA0>
>>> learning_rate: 0.0003
>>> momentum: 0.95
>>> dropout: 0.5
>>> l2reg: 5e-05
>>> num_epoch: 50
>>> batch_size: 32
>>> log_step: 5
>>> embed_dim: 136
>>> hidden_dim: 300
>>> bert_dim: 768
>>> pretrained_bert_name: bert-base-uncased
>>> embeddings: d
>>> max_seq_len: 180
>>> polarities_dim: 3
>>> hops: 3
>>> device: cuda
>>> seed: 0
>>> valset_ratio: 0
>>> num_layers: 1
>>> in_channels: 100
>>> out_channels: 1
>>> downbot: 20
>>> kernel_size: 3
>>> position_dim: 100
>>> gating: GTU
>>> eval: False
>>> stanford_pos_model: C:/NLP_Programs/stanford-postagger-2018-10-16/models/english-bidirectional-distsim.tagger
>>> stanford_pos_jar: C:/NLP_Programs/stanford-postagger-2018-10-16/stanford-postagger.jar
>>> glove_path: ./embeddings/glove.840B.300d.txt
>>> embedding_matrix_path: gen_data/embeddings/100_restaurant_domain_embedding_matrix.dat
>>> model_class: <class 'models.igcn.IGCN_5'>
>>> dataset_file: {'train': './datasets/semeval14/Restaurants_Train.xml.seg', 'test': './datasets/semeval14/Restaurants_Test_Gold.xml.seg'}
>>> inputs_cols: ['text_raw_indices', 'aspect_indices', 'pos_indices', 'aspect_pos_indices', 'position_indices']
>>>>>>>>>>>>>>>>>>>>>>>>>>>>>>>>>>>>>>>>>>>>>>>>>>>>>>>>>>>>>>>>>>>>>>>>>>>>>>>>>>>>>>>>>>>>>>>>>>>>
epoch: 0
loss: 1.3543, acc: 0.2938
loss: 1.1659, acc: 0.4406
loss: 1.1126, acc: 0.5042
loss: 1.1085, acc: 0.5312
loss: 1.0777, acc: 0.5437
loss: 1.0629, acc: 0.5500
loss: 1.0494, acc: 0.5509
loss: 1.0446, acc: 0.5492
loss: 1.0379, acc: 0.5528
loss: 1.0341, acc: 0.5563
loss: 1.0302, acc: 0.5574
loss: 1.0209, acc: 0.5615
loss: 1.0226, acc: 0.5553
loss: 1.0221, acc: 0.5536
loss: 1.0161, acc: 0.5567
loss: 1.0130, acc: 0.5566
loss: 1.0112, acc: 0.5555
loss: 1.0117, acc: 0.5538
loss: 1.0092, acc: 0.5523
loss: 1.0024, acc: 0.5556
loss: 0.9921, acc: 0.5613
loss: 0.9857, acc: 0.5636
> val_acc: 0.6616, val_f1: 0.3092
> best_val_acc: 0.0000, best_val_f1: 0.0000
>> saved: state_dict/igcn_embed_5_restaurant_val_acc0.6616
>>>>>>>>>>>>>>>>>>>>>>>>>>>>>>>>>>>>>>>>>>>>>>>>>>>>>>>>>>>>>>>>>>>>>>>>>>>>>>>>>>>>>>>>>>>>>>>>>>>>
epoch: 1
loss: 0.9635, acc: 0.5781
loss: 0.9158, acc: 0.5625
loss: 0.9082, acc: 0.5755
loss: 0.9238, acc: 0.5625
loss: 0.9029, acc: 0.5724
loss: 0.9074, acc: 0.5775
loss: 0.8961, acc: 0.5889
loss: 0.8883, acc: 0.5971
loss: 0.8815, acc: 0.6027
loss: 0.8763, acc: 0.6051
loss: 0.8689, acc: 0.6100
loss: 0.8641, acc: 0.6124
loss: 0.8636, acc: 0.6114
loss: 0.8560, acc: 0.6161
loss: 0.8520, acc: 0.6198
loss: 0.8479, acc: 0.6209
loss: 0.8449, acc: 0.6223
loss: 0.8417, acc: 0.6246
loss: 0.8370, acc: 0.6267
loss: 0.8318, acc: 0.6289
loss: 0.8300, acc: 0.6311
loss: 0.8330, acc: 0.6305
loss: 0.8284, acc: 0.6320
> val_acc: 0.7348, val_f1: 0.5031
> best_val_acc: 0.6616, best_val_f1: 0.3092
>> saved: state_dict/igcn_embed_5_restaurant_val_acc0.7348
>>>>>>>>>>>>>>>>>>>>>>>>>>>>>>>>>>>>>>>>>>>>>>>>>>>>>>>>>>>>>>>>>>>>>>>>>>>>>>>>>>>>>>>>>>>>>>>>>>>>
epoch: 2
loss: 0.7582, acc: 0.6172
loss: 0.7809, acc: 0.6285
loss: 0.7398, acc: 0.6652
loss: 0.7531, acc: 0.6711
loss: 0.7617, acc: 0.6667
loss: 0.7604, acc: 0.6692
loss: 0.7631, acc: 0.6700
loss: 0.7569, acc: 0.6659
loss: 0.7560, acc: 0.6683
loss: 0.7442, acc: 0.6760
loss: 0.7465, acc: 0.6690
loss: 0.7476, acc: 0.6684
loss: 0.7476, acc: 0.6694
loss: 0.7509, acc: 0.6716
loss: 0.7520, acc: 0.6706
loss: 0.7510, acc: 0.6717
loss: 0.7438, acc: 0.6763
loss: 0.7406, acc: 0.6766
loss: 0.7437, acc: 0.6749
loss: 0.7412, acc: 0.6765
loss: 0.7381, acc: 0.6785
loss: 0.7339, acc: 0.6812
> val_acc: 0.7518, val_f1: 0.5635
> best_val_acc: 0.7348, best_val_f1: 0.5031
>> saved: state_dict/igcn_embed_5_restaurant_val_acc0.7518
>>>>>>>>>>>>>>>>>>>>>>>>>>>>>>>>>>>>>>>>>>>>>>>>>>>>>>>>>>>>>>>>>>>>>>>>>>>>>>>>>>>>>>>>>>>>>>>>>>>>
epoch: 3
loss: 0.5959, acc: 0.7812
loss: 0.6491, acc: 0.7240
loss: 0.6818, acc: 0.7045
loss: 0.7015, acc: 0.6953
loss: 0.7013, acc: 0.6979
loss: 0.7077, acc: 0.6947
loss: 0.7154, acc: 0.6956
loss: 0.7124, acc: 0.6962
loss: 0.7115, acc: 0.6959
loss: 0.7045, acc: 0.6984
loss: 0.6931, acc: 0.7040
loss: 0.6847, acc: 0.7076
loss: 0.6809, acc: 0.7121
loss: 0.6851, acc: 0.7112
loss: 0.6813, acc: 0.7126
loss: 0.6845, acc: 0.7101
loss: 0.6835, acc: 0.7122
loss: 0.6814, acc: 0.7115
loss: 0.6818, acc: 0.7109
loss: 0.6853, acc: 0.7080
loss: 0.6830, acc: 0.7101
loss: 0.6808, acc: 0.7111
loss: 0.6772, acc: 0.7114
> val_acc: 0.7830, val_f1: 0.6317
> best_val_acc: 0.7518, best_val_f1: 0.5635
>> saved: state_dict/igcn_embed_5_restaurant_val_acc0.783
>>>>>>>>>>>>>>>>>>>>>>>>>>>>>>>>>>>>>>>>>>>>>>>>>>>>>>>>>>>>>>>>>>>>>>>>>>>>>>>>>>>>>>>>>>>>>>>>>>>>
epoch: 4
loss: 0.6268, acc: 0.7188
loss: 0.6135, acc: 0.7422
loss: 0.6494, acc: 0.7308
loss: 0.6393, acc: 0.7361
loss: 0.6484, acc: 0.7215
loss: 0.6471, acc: 0.7154
loss: 0.6421, acc: 0.7225
loss: 0.6375, acc: 0.7245
loss: 0.6356, acc: 0.7260
loss: 0.6273, acc: 0.7337
loss: 0.6373, acc: 0.7258
loss: 0.6380, acc: 0.7236
loss: 0.6337, acc: 0.7297
loss: 0.6293, acc: 0.7316
loss: 0.6322, acc: 0.7295
loss: 0.6349, acc: 0.7272
loss: 0.6368, acc: 0.7263
loss: 0.6346, acc: 0.7273
loss: 0.6368, acc: 0.7241
loss: 0.6365, acc: 0.7242
loss: 0.6369, acc: 0.7242
loss: 0.6341, acc: 0.7257
loss: 0.6295, acc: 0.7275
> val_acc: 0.7830, val_f1: 0.6205
> best_val_acc: 0.7830, best_val_f1: 0.6317
>>>>>>>>>>>>>>>>>>>>>>>>>>>>>>>>>>>>>>>>>>>>>>>>>>>>>>>>>>>>>>>>>>>>>>>>>>>>>>>>>>>>>>>>>>>>>>>>>>>>
epoch: 5
loss: 0.6087, acc: 0.7625
loss: 0.5989, acc: 0.7688
loss: 0.5755, acc: 0.7750
loss: 0.5818, acc: 0.7625
loss: 0.5909, acc: 0.7588
loss: 0.6084, acc: 0.7490
loss: 0.5951, acc: 0.7554
loss: 0.5958, acc: 0.7547
loss: 0.5882, acc: 0.7569
loss: 0.6004, acc: 0.7500
loss: 0.5993, acc: 0.7500
loss: 0.5999, acc: 0.7521
loss: 0.5988, acc: 0.7500
loss: 0.6057, acc: 0.7473
loss: 0.5987, acc: 0.7517
loss: 0.6013, acc: 0.7504
loss: 0.5980, acc: 0.7533
loss: 0.6018, acc: 0.7514
loss: 0.6027, acc: 0.7520
loss: 0.6064, acc: 0.7509
loss: 0.6080, acc: 0.7506
loss: 0.6089, acc: 0.7480
> val_acc: 0.7768, val_f1: 0.6212
> best_val_acc: 0.7830, best_val_f1: 0.6317
>>>>>>>>>>>>>>>>>>>>>>>>>>>>>>>>>>>>>>>>>>>>>>>>>>>>>>>>>>>>>>>>>>>>>>>>>>>>>>>>>>>>>>>>>>>>>>>>>>>>
epoch: 6
loss: 0.5648, acc: 0.7812
loss: 0.5845, acc: 0.7500
loss: 0.6014, acc: 0.7474
loss: 0.6283, acc: 0.7243
loss: 0.6324, acc: 0.7372
loss: 0.6316, acc: 0.7373
loss: 0.6241, acc: 0.7412
loss: 0.6094, acc: 0.7441
loss: 0.6039, acc: 0.7455
loss: 0.6103, acc: 0.7434
loss: 0.6041, acc: 0.7446
loss: 0.6013, acc: 0.7456
loss: 0.6086, acc: 0.7424
loss: 0.6046, acc: 0.7444
loss: 0.6053, acc: 0.7426
loss: 0.6045, acc: 0.7451
loss: 0.5984, acc: 0.7508
loss: 0.5966, acc: 0.7511
loss: 0.5936, acc: 0.7517
loss: 0.5942, acc: 0.7513
loss: 0.5975, acc: 0.7488
loss: 0.5973, acc: 0.7506
loss: 0.5940, acc: 0.7514
> val_acc: 0.7982, val_f1: 0.6750
> best_val_acc: 0.7830, best_val_f1: 0.6317
>> saved: state_dict/igcn_embed_5_restaurant_val_acc0.7982
>>>>>>>>>>>>>>>>>>>>>>>>>>>>>>>>>>>>>>>>>>>>>>>>>>>>>>>>>>>>>>>>>>>>>>>>>>>>>>>>>>>>>>>>>>>>>>>>>>>>
epoch: 7
loss: 0.5553, acc: 0.7812
loss: 0.6108, acc: 0.7639
loss: 0.5796, acc: 0.7879
loss: 0.5823, acc: 0.7730
loss: 0.5720, acc: 0.7773
loss: 0.5742, acc: 0.7802
loss: 0.5621, acc: 0.7812
loss: 0.5626, acc: 0.7764
loss: 0.5591, acc: 0.7784
loss: 0.5684, acc: 0.7755
loss: 0.5646, acc: 0.7766
loss: 0.5638, acc: 0.7738
loss: 0.5570, acc: 0.7754
loss: 0.5566, acc: 0.7749
loss: 0.5592, acc: 0.7732
loss: 0.5599, acc: 0.7733
loss: 0.5565, acc: 0.7738
loss: 0.5577, acc: 0.7746
loss: 0.5596, acc: 0.7746
loss: 0.5614, acc: 0.7711
loss: 0.5669, acc: 0.7686
loss: 0.5696, acc: 0.7666
> val_acc: 0.8000, val_f1: 0.6789
> best_val_acc: 0.7982, best_val_f1: 0.6750
>> saved: state_dict/igcn_embed_5_restaurant_val_acc0.8
>>>>>>>>>>>>>>>>>>>>>>>>>>>>>>>>>>>>>>>>>>>>>>>>>>>>>>>>>>>>>>>>>>>>>>>>>>>>>>>>>>>>>>>>>>>>>>>>>>>>
epoch: 8
loss: 0.5974, acc: 0.8125
loss: 0.5701, acc: 0.7760
loss: 0.5501, acc: 0.7727
loss: 0.5447, acc: 0.7754
loss: 0.5372, acc: 0.7827
loss: 0.5296, acc: 0.7873
loss: 0.5224, acc: 0.7893
loss: 0.5221, acc: 0.7899
loss: 0.5220, acc: 0.7912
loss: 0.5331, acc: 0.7867
loss: 0.5379, acc: 0.7837
loss: 0.5359, acc: 0.7852
loss: 0.5328, acc: 0.7848
loss: 0.5248, acc: 0.7865
loss: 0.5260, acc: 0.7865
loss: 0.5187, acc: 0.7899
loss: 0.5203, acc: 0.7886
loss: 0.5208, acc: 0.7889
loss: 0.5239, acc: 0.7864
loss: 0.5239, acc: 0.7868
loss: 0.5318, acc: 0.7831
loss: 0.5320, acc: 0.7827
loss: 0.5342, acc: 0.7818
> val_acc: 0.7929, val_f1: 0.6488
> best_val_acc: 0.8000, best_val_f1: 0.6789
>>>>>>>>>>>>>>>>>>>>>>>>>>>>>>>>>>>>>>>>>>>>>>>>>>>>>>>>>>>>>>>>>>>>>>>>>>>>>>>>>>>>>>>>>>>>>>>>>>>>
epoch: 9
loss: 0.4861, acc: 0.7917
loss: 0.4345, acc: 0.8281
loss: 0.4758, acc: 0.8149
loss: 0.4952, acc: 0.8038
loss: 0.5193, acc: 0.7867
loss: 0.5174, acc: 0.7857
loss: 0.5210, acc: 0.7926
loss: 0.5283, acc: 0.7878
loss: 0.5252, acc: 0.7863
loss: 0.5211, acc: 0.7897
loss: 0.5262, acc: 0.7836
loss: 0.5255, acc: 0.7872
loss: 0.5237, acc: 0.7877
loss: 0.5226, acc: 0.7868
loss: 0.5210, acc: 0.7872
loss: 0.5250, acc: 0.7845
loss: 0.5217, acc: 0.7873
loss: 0.5186, acc: 0.7887
loss: 0.5150, acc: 0.7900
loss: 0.5178, acc: 0.7876
loss: 0.5217, acc: 0.7849
loss: 0.5215, acc: 0.7870
loss: 0.5200, acc: 0.7874
> val_acc: 0.7937, val_f1: 0.6457
> best_val_acc: 0.8000, best_val_f1: 0.6789
>>>>>>>>>>>>>>>>>>>>>>>>>>>>>>>>>>>>>>>>>>>>>>>>>>>>>>>>>>>>>>>>>>>>>>>>>>>>>>>>>>>>>>>>>>>>>>>>>>>>
epoch: 10
loss: 0.4803, acc: 0.8063
loss: 0.4584, acc: 0.8156
loss: 0.4573, acc: 0.8125
loss: 0.4565, acc: 0.8109
loss: 0.4607, acc: 0.8075
loss: 0.4831, acc: 0.7958
loss: 0.4787, acc: 0.8000
loss: 0.4872, acc: 0.7977
loss: 0.4897, acc: 0.7972
loss: 0.4895, acc: 0.7963
loss: 0.4864, acc: 0.7972
loss: 0.4910, acc: 0.7995
loss: 0.4983, acc: 0.7966
loss: 0.4989, acc: 0.7982
loss: 0.5022, acc: 0.7963
loss: 0.5034, acc: 0.7961
loss: 0.5038, acc: 0.7949
loss: 0.5060, acc: 0.7948
loss: 0.5040, acc: 0.7954
loss: 0.5023, acc: 0.7956
loss: 0.5053, acc: 0.7943
loss: 0.5079, acc: 0.7932
> val_acc: 0.7911, val_f1: 0.6874
> best_val_acc: 0.8000, best_val_f1: 0.6789
>>>>>>>>>>>>>>>>>>>>>>>>>>>>>>>>>>>>>>>>>>>>>>>>>>>>>>>>>>>>>>>>>>>>>>>>>>>>>>>>>>>>>>>>>>>>>>>>>>>>
epoch: 11
loss: 0.4734, acc: 0.8125
loss: 0.5445, acc: 0.7679
loss: 0.5014, acc: 0.7891
loss: 0.4885, acc: 0.7978
loss: 0.4743, acc: 0.8097
loss: 0.4761, acc: 0.8113
loss: 0.4743, acc: 0.8096
loss: 0.4692, acc: 0.8117
loss: 0.4914, acc: 0.8065
loss: 0.4979, acc: 0.8039
loss: 0.4871, acc: 0.8083
loss: 0.4827, acc: 0.8087
loss: 0.4881, acc: 0.8095
loss: 0.4939, acc: 0.8069
loss: 0.4954, acc: 0.8060
loss: 0.4914, acc: 0.8084
loss: 0.4899, acc: 0.8079
loss: 0.4898, acc: 0.8064
loss: 0.4889, acc: 0.8060
loss: 0.4866, acc: 0.8070
loss: 0.4913, acc: 0.8048
loss: 0.4922, acc: 0.8040
loss: 0.4894, acc: 0.8058
> val_acc: 0.8018, val_f1: 0.6881
> best_val_acc: 0.8000, best_val_f1: 0.6874
>> saved: state_dict/igcn_embed_5_restaurant_val_acc0.8018
>>>>>>>>>>>>>>>>>>>>>>>>>>>>>>>>>>>>>>>>>>>>>>>>>>>>>>>>>>>>>>>>>>>>>>>>>>>>>>>>>>>>>>>>>>>>>>>>>>>>
epoch: 12
loss: 0.4801, acc: 0.8047
loss: 0.4457, acc: 0.8299
loss: 0.4602, acc: 0.8058
loss: 0.4788, acc: 0.8059
loss: 0.4786, acc: 0.7969
loss: 0.4740, acc: 0.8028
loss: 0.4909, acc: 0.7978
loss: 0.4893, acc: 0.7965
loss: 0.4926, acc: 0.7940
loss: 0.4792, acc: 0.7997
loss: 0.4797, acc: 0.7998
loss: 0.4789, acc: 0.7998
loss: 0.4836, acc: 0.7983
loss: 0.4828, acc: 0.7980
loss: 0.4778, acc: 0.7998
loss: 0.4790, acc: 0.7998
loss: 0.4782, acc: 0.8013
loss: 0.4726, acc: 0.8055
loss: 0.4707, acc: 0.8072
loss: 0.4716, acc: 0.8068
loss: 0.4659, acc: 0.8107
loss: 0.4683, acc: 0.8088
> val_acc: 0.8009, val_f1: 0.6763
> best_val_acc: 0.8018, best_val_f1: 0.6881
>>>>>>>>>>>>>>>>>>>>>>>>>>>>>>>>>>>>>>>>>>>>>>>>>>>>>>>>>>>>>>>>>>>>>>>>>>>>>>>>>>>>>>>>>>>>>>>>>>>>
epoch: 13
loss: 0.3144, acc: 0.8750
loss: 0.4707, acc: 0.8125
loss: 0.4261, acc: 0.8523
loss: 0.4462, acc: 0.8301
loss: 0.4372, acc: 0.8274
loss: 0.4360, acc: 0.8257
loss: 0.4375, acc: 0.8226
loss: 0.4411, acc: 0.8229
loss: 0.4384, acc: 0.8239
loss: 0.4375, acc: 0.8247
loss: 0.4440, acc: 0.8205
loss: 0.4459, acc: 0.8209
loss: 0.4483, acc: 0.8186
loss: 0.4440, acc: 0.8210
loss: 0.4437, acc: 0.8213
loss: 0.4438, acc: 0.8220
loss: 0.4428, acc: 0.8225
loss: 0.4410, acc: 0.8219
loss: 0.4405, acc: 0.8218
loss: 0.4404, acc: 0.8213
loss: 0.4396, acc: 0.8212
loss: 0.4419, acc: 0.8213
loss: 0.4418, acc: 0.8221
> val_acc: 0.7929, val_f1: 0.6894
> best_val_acc: 0.8018, best_val_f1: 0.6881
>>>>>>>>>>>>>>>>>>>>>>>>>>>>>>>>>>>>>>>>>>>>>>>>>>>>>>>>>>>>>>>>>>>>>>>>>>>>>>>>>>>>>>>>>>>>>>>>>>>>
epoch: 14
loss: 0.3318, acc: 0.9271
loss: 0.3978, acc: 0.8672
loss: 0.3943, acc: 0.8630
loss: 0.4185, acc: 0.8490
loss: 0.4138, acc: 0.8533
loss: 0.4301, acc: 0.8382
loss: 0.4259, acc: 0.8381
loss: 0.4309, acc: 0.8347
loss: 0.4289, acc: 0.8350
loss: 0.4338, acc: 0.8314
loss: 0.4330, acc: 0.8314
loss: 0.4323, acc: 0.8324
loss: 0.4325, acc: 0.8294
loss: 0.4380, acc: 0.8286
loss: 0.4345, acc: 0.8288
loss: 0.4349, acc: 0.8289
loss: 0.4333, acc: 0.8294
loss: 0.4330, acc: 0.8310
loss: 0.4305, acc: 0.8306
loss: 0.4281, acc: 0.8316
loss: 0.4296, acc: 0.8319
loss: 0.4308, acc: 0.8293
loss: 0.4261, acc: 0.8329
> val_acc: 0.7982, val_f1: 0.6986
> best_val_acc: 0.8018, best_val_f1: 0.6894
>>>>>>>>>>>>>>>>>>>>>>>>>>>>>>>>>>>>>>>>>>>>>>>>>>>>>>>>>>>>>>>>>>>>>>>>>>>>>>>>>>>>>>>>>>>>>>>>>>>>
epoch: 15
loss: 0.4078, acc: 0.8313
loss: 0.4148, acc: 0.8375
loss: 0.4383, acc: 0.8396
loss: 0.4115, acc: 0.8531
loss: 0.4192, acc: 0.8500
loss: 0.4160, acc: 0.8448
loss: 0.4033, acc: 0.8509
loss: 0.3934, acc: 0.8539
loss: 0.3901, acc: 0.8535
loss: 0.3864, acc: 0.8531
loss: 0.3926, acc: 0.8494
loss: 0.3936, acc: 0.8495
loss: 0.3967, acc: 0.8471
loss: 0.3966, acc: 0.8460
loss: 0.4001, acc: 0.8438
loss: 0.4019, acc: 0.8434
loss: 0.4056, acc: 0.8415
loss: 0.4057, acc: 0.8420
loss: 0.4124, acc: 0.8368
loss: 0.4145, acc: 0.8353
loss: 0.4124, acc: 0.8381
loss: 0.4125, acc: 0.8375
> val_acc: 0.8027, val_f1: 0.6824
> best_val_acc: 0.8018, best_val_f1: 0.6986
>> saved: state_dict/igcn_embed_5_restaurant_val_acc0.8027
>>>>>>>>>>>>>>>>>>>>>>>>>>>>>>>>>>>>>>>>>>>>>>>>>>>>>>>>>>>>>>>>>>>>>>>>>>>>>>>>>>>>>>>>>>>>>>>>>>>>
epoch: 16
loss: 0.4076, acc: 0.8750
loss: 0.3506, acc: 0.8884
loss: 0.3470, acc: 0.8776
loss: 0.3473, acc: 0.8658
loss: 0.3471, acc: 0.8736
loss: 0.3634, acc: 0.8669
loss: 0.3621, acc: 0.8633
loss: 0.3613, acc: 0.8649
loss: 0.3679, acc: 0.8638
loss: 0.3662, acc: 0.8644
loss: 0.3685, acc: 0.8636
loss: 0.3717, acc: 0.8624
loss: 0.3713, acc: 0.8604
loss: 0.3748, acc: 0.8573
loss: 0.3756, acc: 0.8594
loss: 0.3729, acc: 0.8604
loss: 0.3692, acc: 0.8620
loss: 0.3695, acc: 0.8628
loss: 0.3699, acc: 0.8621
loss: 0.3717, acc: 0.8618
loss: 0.3733, acc: 0.8609
loss: 0.3767, acc: 0.8584
loss: 0.3777, acc: 0.8574
> val_acc: 0.8054, val_f1: 0.6958
> best_val_acc: 0.8027, best_val_f1: 0.6986
>> saved: state_dict/igcn_embed_5_restaurant_val_acc0.8054
>>>>>>>>>>>>>>>>>>>>>>>>>>>>>>>>>>>>>>>>>>>>>>>>>>>>>>>>>>>>>>>>>>>>>>>>>>>>>>>>>>>>>>>>>>>>>>>>>>>>
epoch: 17
loss: 0.3461, acc: 0.8828
loss: 0.3850, acc: 0.8750
loss: 0.4008, acc: 0.8705
loss: 0.3954, acc: 0.8734
loss: 0.3842, acc: 0.8711
loss: 0.3756, acc: 0.8739
loss: 0.3832, acc: 0.8676
loss: 0.3779, acc: 0.8654
loss: 0.3792, acc: 0.8622
loss: 0.3768, acc: 0.8603
loss: 0.3752, acc: 0.8582
loss: 0.3746, acc: 0.8602
loss: 0.3749, acc: 0.8613
loss: 0.3767, acc: 0.8614
loss: 0.3821, acc: 0.8602
loss: 0.3798, acc: 0.8619
loss: 0.3794, acc: 0.8605
loss: 0.3779, acc: 0.8592
loss: 0.3794, acc: 0.8600
loss: 0.3814, acc: 0.8592
loss: 0.3780, acc: 0.8609
loss: 0.3780, acc: 0.8595
> val_acc: 0.8027, val_f1: 0.6908
> best_val_acc: 0.8054, best_val_f1: 0.6986
>>>>>>>>>>>>>>>>>>>>>>>>>>>>>>>>>>>>>>>>>>>>>>>>>>>>>>>>>>>>>>>>>>>>>>>>>>>>>>>>>>>>>>>>>>>>>>>>>>>>
epoch: 18
loss: 0.2142, acc: 0.9688
loss: 0.3571, acc: 0.8542
loss: 0.3520, acc: 0.8693
loss: 0.3221, acc: 0.8828
