cuda memory allocated: 7541760
n_trainable_params: 1438603, n_nontrainable_params: 442532
> training arguments:
>>> model_name: igcn_embed
>>> model_ver: 3
>>> dataset: restaurant
>>> optimizer: <class 'torch.optim.adamax.Adamax'>
>>> initializer: <function xavier_uniform_ at 0x00000201B1B43D90>
>>> learning_rate: 0.02
>>> momentum: 0.95
>>> dropout: 0.5
>>> l2reg: 5e-05
>>> num_epoch: 30
>>> batch_size: 32
>>> log_step: 5
>>> embed_dim: 136
>>> hidden_dim: 300
>>> bert_dim: 768
>>> pretrained_bert_name: bert-base-uncased
>>> embeddings: d
>>> max_seq_len: 180
>>> polarities_dim: 3
>>> hops: 3
>>> device: cuda
>>> seed: 0
>>> valset_ratio: 0
>>> num_layers: 1
>>> in_channels: 100
>>> out_channels: 1
>>> downbot: 20
>>> kernel_size: 3
>>> position_dim: 100
>>> gating: GTU
>>> stanford_pos_model: C:/NLP_Programs/stanford-postagger-2018-10-16/models/english-bidirectional-distsim.tagger
>>> stanford_pos_jar: C:/NLP_Programs/stanford-postagger-2018-10-16/stanford-postagger.jar
>>> glove_path: ./embeddings/glove.840B.300d.txt
>>> embedding_matrix_path: gen_data/embeddings/100_restaurant_domain_embedding_matrix.dat
>>> model_class: <class 'models.igcn.IGCN_3'>
>>> dataset_file: {'train': './datasets/semeval14/Restaurants_Train.xml.seg', 'test': './datasets/semeval14/Restaurants_Test_Gold.xml.seg'}
>>> inputs_cols: ['text_raw_indices', 'aspect_indices', 'pos_indices', 'aspect_pos_indices', 'position_indices']
>>>>>>>>>>>>>>>>>>>>>>>>>>>>>>>>>>>>>>>>>>>>>>>>>>>>>>>>>>>>>>>>>>>>>>>>>>>>>>>>>>>>>>>>>>>>>>>>>>>>
epoch: 0
loss: 1.6288, acc: 0.5125
loss: 1.3286, acc: 0.5219
loss: 1.2208, acc: 0.5271
loss: 1.1305, acc: 0.5609
loss: 1.0714, acc: 0.5813
loss: 1.0618, acc: 0.5833
loss: 1.0487, acc: 0.5839
loss: 1.0402, acc: 0.5852
loss: 1.0290, acc: 0.5882
loss: 1.0202, acc: 0.5900
loss: 1.0112, acc: 0.5898
loss: 1.0007, acc: 0.5917
loss: 0.9960, acc: 0.5894
loss: 0.9896, acc: 0.5879
loss: 0.9748, acc: 0.5929
loss: 0.9632, acc: 0.5965
loss: 0.9542, acc: 0.5989
loss: 0.9405, acc: 0.6052
loss: 0.9278, acc: 0.6105
loss: 0.9163, acc: 0.6144
loss: 0.9081, acc: 0.6182
loss: 0.9047, acc: 0.6179
> val_acc: 0.7679, val_f1: 0.6087
> best_val_acc: 0.0000, best_val_f1: 0.0000
>> saved: state_dict/igcn_embed_restaurant_val_acc0.7679
>>>>>>>>>>>>>>>>>>>>>>>>>>>>>>>>>>>>>>>>>>>>>>>>>>>>>>>>>>>>>>>>>>>>>>>>>>>>>>>>>>>>>>>>>>>>>>>>>>>>
epoch: 1
loss: 0.6295, acc: 0.8125
loss: 0.7272, acc: 0.7366
loss: 0.7148, acc: 0.7161
loss: 0.7236, acc: 0.7004
loss: 0.7074, acc: 0.7074
loss: 0.7113, acc: 0.7106
loss: 0.7245, acc: 0.6982
loss: 0.7309, acc: 0.6926
loss: 0.7183, acc: 0.6949
loss: 0.7063, acc: 0.7048
loss: 0.7169, acc: 0.7007
loss: 0.7102, acc: 0.7045
loss: 0.7058, acc: 0.7036
loss: 0.6996, acc: 0.7076
loss: 0.6958, acc: 0.7057
loss: 0.6924, acc: 0.7054
loss: 0.6904, acc: 0.7050
loss: 0.6866, acc: 0.7069
loss: 0.6847, acc: 0.7079
loss: 0.6870, acc: 0.7075
loss: 0.6850, acc: 0.7083
loss: 0.6850, acc: 0.7085
loss: 0.6921, acc: 0.7037
> val_acc: 0.7848, val_f1: 0.6564
> best_val_acc: 0.7679, best_val_f1: 0.6087
>> saved: state_dict/igcn_embed_restaurant_val_acc0.7848
>>>>>>>>>>>>>>>>>>>>>>>>>>>>>>>>>>>>>>>>>>>>>>>>>>>>>>>>>>>>>>>>>>>>>>>>>>>>>>>>>>>>>>>>>>>>>>>>>>>>
epoch: 2
loss: 0.6471, acc: 0.7422
loss: 0.6327, acc: 0.7569
loss: 0.6206, acc: 0.7478
loss: 0.6172, acc: 0.7467
loss: 0.6206, acc: 0.7435
loss: 0.6314, acc: 0.7328
loss: 0.6280, acc: 0.7335
loss: 0.6238, acc: 0.7380
loss: 0.6153, acc: 0.7401
loss: 0.6156, acc: 0.7379
loss: 0.6180, acc: 0.7373
loss: 0.6184, acc: 0.7368
loss: 0.6185, acc: 0.7339
loss: 0.6273, acc: 0.7278
loss: 0.6282, acc: 0.7264
loss: 0.6233, acc: 0.7294
loss: 0.6254, acc: 0.7284
loss: 0.6283, acc: 0.7286
loss: 0.6242, acc: 0.7324
loss: 0.6177, acc: 0.7358
loss: 0.6255, acc: 0.7347
loss: 0.6276, acc: 0.7342
> val_acc: 0.7812, val_f1: 0.6416
> best_val_acc: 0.7848, best_val_f1: 0.6564
>>>>>>>>>>>>>>>>>>>>>>>>>>>>>>>>>>>>>>>>>>>>>>>>>>>>>>>>>>>>>>>>>>>>>>>>>>>>>>>>>>>>>>>>>>>>>>>>>>>>
epoch: 3
loss: 0.5694, acc: 0.7812
loss: 0.5791, acc: 0.7396
loss: 0.5079, acc: 0.7869
loss: 0.5277, acc: 0.7812
loss: 0.5485, acc: 0.7783
loss: 0.5692, acc: 0.7620
loss: 0.5727, acc: 0.7560
loss: 0.5645, acc: 0.7595
loss: 0.5624, acc: 0.7622
loss: 0.5671, acc: 0.7629
loss: 0.5575, acc: 0.7659
loss: 0.5616, acc: 0.7623
loss: 0.5550, acc: 0.7664
loss: 0.5564, acc: 0.7633
loss: 0.5639, acc: 0.7566
loss: 0.5662, acc: 0.7558
loss: 0.5689, acc: 0.7550
loss: 0.5681, acc: 0.7562
loss: 0.5682, acc: 0.7548
loss: 0.5681, acc: 0.7555
loss: 0.5673, acc: 0.7577
loss: 0.5716, acc: 0.7556
loss: 0.5699, acc: 0.7553
> val_acc: 0.7732, val_f1: 0.6051
> best_val_acc: 0.7848, best_val_f1: 0.6564
>>>>>>>>>>>>>>>>>>>>>>>>>>>>>>>>>>>>>>>>>>>>>>>>>>>>>>>>>>>>>>>>>>>>>>>>>>>>>>>>>>>>>>>>>>>>>>>>>>>>
epoch: 4
loss: 0.4977, acc: 0.7396
loss: 0.5271, acc: 0.7734
loss: 0.5729, acc: 0.7476
loss: 0.5616, acc: 0.7569
loss: 0.5501, acc: 0.7663
loss: 0.5482, acc: 0.7667
loss: 0.5466, acc: 0.7680
loss: 0.5435, acc: 0.7681
loss: 0.5299, acc: 0.7747
loss: 0.5177, acc: 0.7786
loss: 0.5181, acc: 0.7795
loss: 0.5225, acc: 0.7775
loss: 0.5274, acc: 0.7743
loss: 0.5322, acc: 0.7730
loss: 0.5367, acc: 0.7714
loss: 0.5383, acc: 0.7700
loss: 0.5442, acc: 0.7681
loss: 0.5390, acc: 0.7717
loss: 0.5390, acc: 0.7735
loss: 0.5413, acc: 0.7710
loss: 0.5430, acc: 0.7703
loss: 0.5410, acc: 0.7703
loss: 0.5457, acc: 0.7669
> val_acc: 0.7723, val_f1: 0.6137
> best_val_acc: 0.7848, best_val_f1: 0.6564
>>>>>>>>>>>>>>>>>>>>>>>>>>>>>>>>>>>>>>>>>>>>>>>>>>>>>>>>>>>>>>>>>>>>>>>>>>>>>>>>>>>>>>>>>>>>>>>>>>>>
epoch: 5
loss: 0.5117, acc: 0.7750
loss: 0.4817, acc: 0.7875
loss: 0.4803, acc: 0.7854
loss: 0.4758, acc: 0.7906
loss: 0.4836, acc: 0.7925
loss: 0.4833, acc: 0.8000
loss: 0.4880, acc: 0.7955
loss: 0.4856, acc: 0.7984
loss: 0.4807, acc: 0.7986
loss: 0.4830, acc: 0.7981
loss: 0.4862, acc: 0.7960
loss: 0.4918, acc: 0.7937
loss: 0.5000, acc: 0.7909
loss: 0.5004, acc: 0.7871
loss: 0.4988, acc: 0.7875
loss: 0.4940, acc: 0.7930
loss: 0.4934, acc: 0.7934
loss: 0.4901, acc: 0.7958
loss: 0.4947, acc: 0.7941
loss: 0.4917, acc: 0.7963
loss: 0.4927, acc: 0.7958
loss: 0.4955, acc: 0.7957
> val_acc: 0.7920, val_f1: 0.6500
> best_val_acc: 0.7848, best_val_f1: 0.6564
>> saved: state_dict/igcn_embed_restaurant_val_acc0.792
>>>>>>>>>>>>>>>>>>>>>>>>>>>>>>>>>>>>>>>>>>>>>>>>>>>>>>>>>>>>>>>>>>>>>>>>>>>>>>>>>>>>>>>>>>>>>>>>>>>>
epoch: 6
loss: 0.4039, acc: 0.8281
loss: 0.4297, acc: 0.8304
loss: 0.4518, acc: 0.8229
loss: 0.4652, acc: 0.8143
loss: 0.4978, acc: 0.8111
loss: 0.4918, acc: 0.8125
loss: 0.5009, acc: 0.8096
loss: 0.5027, acc: 0.8091
loss: 0.4893, acc: 0.8125
loss: 0.4807, acc: 0.8158
loss: 0.4769, acc: 0.8161
loss: 0.4841, acc: 0.8098
loss: 0.4799, acc: 0.8120
loss: 0.4761, acc: 0.8116
loss: 0.4716, acc: 0.8138
loss: 0.4639, acc: 0.8170
loss: 0.4733, acc: 0.8121
loss: 0.4793, acc: 0.8111
loss: 0.4787, acc: 0.8101
loss: 0.4785, acc: 0.8102
loss: 0.4722, acc: 0.8125
loss: 0.4707, acc: 0.8131
loss: 0.4713, acc: 0.8136
> val_acc: 0.7777, val_f1: 0.6358
> best_val_acc: 0.7920, best_val_f1: 0.6564
>>>>>>>>>>>>>>>>>>>>>>>>>>>>>>>>>>>>>>>>>>>>>>>>>>>>>>>>>>>>>>>>>>>>>>>>>>>>>>>>>>>>>>>>>>>>>>>>>>>>
epoch: 7
loss: 0.4177, acc: 0.8047
loss: 0.4298, acc: 0.7986
loss: 0.4410, acc: 0.7902
loss: 0.4335, acc: 0.7993
loss: 0.4210, acc: 0.8060
loss: 0.4219, acc: 0.8114
loss: 0.4209, acc: 0.8143
loss: 0.4286, acc: 0.8149
loss: 0.4316, acc: 0.8153
loss: 0.4398, acc: 0.8106
loss: 0.4342, acc: 0.8119
loss: 0.4333, acc: 0.8162
loss: 0.4359, acc: 0.8154
loss: 0.4324, acc: 0.8175
loss: 0.4356, acc: 0.8176
loss: 0.4355, acc: 0.8157
loss: 0.4368, acc: 0.8155
loss: 0.4389, acc: 0.8160
loss: 0.4379, acc: 0.8188
loss: 0.4400, acc: 0.8172
loss: 0.4406, acc: 0.8164
loss: 0.4407, acc: 0.8171
> val_acc: 0.7812, val_f1: 0.6151
> best_val_acc: 0.7920, best_val_f1: 0.6564
>>>>>>>>>>>>>>>>>>>>>>>>>>>>>>>>>>>>>>>>>>>>>>>>>>>>>>>>>>>>>>>>>>>>>>>>>>>>>>>>>>>>>>>>>>>>>>>>>>>>
epoch: 8
loss: 0.5570, acc: 0.7812
loss: 0.3435, acc: 0.8802
loss: 0.3644, acc: 0.8580
loss: 0.3757, acc: 0.8477
loss: 0.3921, acc: 0.8408
loss: 0.3885, acc: 0.8474
loss: 0.3788, acc: 0.8508
loss: 0.3943, acc: 0.8446
loss: 0.4026, acc: 0.8445
loss: 0.4048, acc: 0.8438
loss: 0.4077, acc: 0.8413
loss: 0.4135, acc: 0.8371
loss: 0.4149, acc: 0.8366
loss: 0.4107, acc: 0.8376
loss: 0.4105, acc: 0.8354
loss: 0.4210, acc: 0.8314
loss: 0.4149, acc: 0.8353
loss: 0.4205, acc: 0.8321
loss: 0.4190, acc: 0.8331
loss: 0.4173, acc: 0.8343
loss: 0.4163, acc: 0.8354
loss: 0.4153, acc: 0.8358
loss: 0.4190, acc: 0.8333
> val_acc: 0.7848, val_f1: 0.6700
> best_val_acc: 0.7920, best_val_f1: 0.6564
>>>>>>>>>>>>>>>>>>>>>>>>>>>>>>>>>>>>>>>>>>>>>>>>>>>>>>>>>>>>>>>>>>>>>>>>>>>>>>>>>>>>>>>>>>>>>>>>>>>>
epoch: 9
loss: 0.4613, acc: 0.8438
loss: 0.4403, acc: 0.8320
loss: 0.4225, acc: 0.8389
loss: 0.4067, acc: 0.8472
loss: 0.4020, acc: 0.8424
loss: 0.3963, acc: 0.8482
loss: 0.3885, acc: 0.8513
loss: 0.3877, acc: 0.8495
loss: 0.3865, acc: 0.8532
loss: 0.3767, acc: 0.8548
loss: 0.3758, acc: 0.8550
loss: 0.3734, acc: 0.8561
loss: 0.3696, acc: 0.8581
loss: 0.3695, acc: 0.8594
loss: 0.3729, acc: 0.8596
loss: 0.3725, acc: 0.8590
loss: 0.3746, acc: 0.8566
loss: 0.3744, acc: 0.8562
loss: 0.3752, acc: 0.8552
loss: 0.3783, acc: 0.8530
loss: 0.3808, acc: 0.8504
loss: 0.3859, acc: 0.8464
loss: 0.3889, acc: 0.8442
> val_acc: 0.7920, val_f1: 0.6676
> best_val_acc: 0.7920, best_val_f1: 0.6700
>>>>>>>>>>>>>>>>>>>>>>>>>>>>>>>>>>>>>>>>>>>>>>>>>>>>>>>>>>>>>>>>>>>>>>>>>>>>>>>>>>>>>>>>>>>>>>>>>>>>
epoch: 10
loss: 0.3678, acc: 0.8875
loss: 0.3923, acc: 0.8656
loss: 0.3873, acc: 0.8583
loss: 0.3602, acc: 0.8719
loss: 0.3378, acc: 0.8750
loss: 0.3392, acc: 0.8760
loss: 0.3430, acc: 0.8723
loss: 0.3414, acc: 0.8719
loss: 0.3439, acc: 0.8715
loss: 0.3488, acc: 0.8694
loss: 0.3532, acc: 0.8648
loss: 0.3561, acc: 0.8630
loss: 0.3487, acc: 0.8668
loss: 0.3473, acc: 0.8670
loss: 0.3502, acc: 0.8650
loss: 0.3512, acc: 0.8637
loss: 0.3576, acc: 0.8599
loss: 0.3632, acc: 0.8576
loss: 0.3614, acc: 0.8582
loss: 0.3692, acc: 0.8547
loss: 0.3746, acc: 0.8539
loss: 0.3703, acc: 0.8551
> val_acc: 0.7875, val_f1: 0.6537
> best_val_acc: 0.7920, best_val_f1: 0.6700
>>>>>>>>>>>>>>>>>>>>>>>>>>>>>>>>>>>>>>>>>>>>>>>>>>>>>>>>>>>>>>>>>>>>>>>>>>>>>>>>>>>>>>>>>>>>>>>>>>>>
epoch: 11
loss: 0.3145, acc: 0.9062
loss: 0.3396, acc: 0.8839
loss: 0.3490, acc: 0.8646
loss: 0.3599, acc: 0.8640
loss: 0.3442, acc: 0.8679
loss: 0.3347, acc: 0.8692
loss: 0.3373, acc: 0.8701
loss: 0.3344, acc: 0.8708
loss: 0.3475, acc: 0.8661
loss: 0.3461, acc: 0.8664
loss: 0.3416, acc: 0.8672
loss: 0.3484, acc: 0.8657
loss: 0.3449, acc: 0.8679
loss: 0.3498, acc: 0.8661
loss: 0.3507, acc: 0.8646
loss: 0.3523, acc: 0.8640
loss: 0.3468, acc: 0.8651
loss: 0.3446, acc: 0.8653
loss: 0.3456, acc: 0.8624
loss: 0.3431, acc: 0.8634
loss: 0.3430, acc: 0.8627
loss: 0.3392, acc: 0.8636
loss: 0.3395, acc: 0.8641
> val_acc: 0.7946, val_f1: 0.6488
> best_val_acc: 0.7920, best_val_f1: 0.6700
>> saved: state_dict/igcn_embed_restaurant_val_acc0.7946
>>>>>>>>>>>>>>>>>>>>>>>>>>>>>>>>>>>>>>>>>>>>>>>>>>>>>>>>>>>>>>>>>>>>>>>>>>>>>>>>>>>>>>>>>>>>>>>>>>>>
epoch: 12
loss: 0.3467, acc: 0.8594
loss: 0.3275, acc: 0.8542
loss: 0.3450, acc: 0.8460
loss: 0.3300, acc: 0.8586
loss: 0.3095, acc: 0.8698
loss: 0.3147, acc: 0.8707
loss: 0.3151, acc: 0.8713
loss: 0.3358, acc: 0.8638
loss: 0.3308, acc: 0.8700
loss: 0.3399, acc: 0.8680
loss: 0.3375, acc: 0.8681
loss: 0.3388, acc: 0.8671
loss: 0.3452, acc: 0.8647
loss: 0.3439, acc: 0.8646
loss: 0.3407, acc: 0.8640
loss: 0.3399, acc: 0.8643
loss: 0.3379, acc: 0.8657
loss: 0.3342, acc: 0.8659
loss: 0.3313, acc: 0.8674
loss: 0.3328, acc: 0.8665
loss: 0.3332, acc: 0.8663
loss: 0.3342, acc: 0.8658
> val_acc: 0.7830, val_f1: 0.6276
> best_val_acc: 0.7946, best_val_f1: 0.6700
>>>>>>>>>>>>>>>>>>>>>>>>>>>>>>>>>>>>>>>>>>>>>>>>>>>>>>>>>>>>>>>>>>>>>>>>>>>>>>>>>>>>>>>>>>>>>>>>>>>>
epoch: 13
loss: 0.3636, acc: 0.8438
loss: 0.3202, acc: 0.8750
loss: 0.2911, acc: 0.8807
loss: 0.2877, acc: 0.8848
loss: 0.2650, acc: 0.8914
loss: 0.2722, acc: 0.8918
loss: 0.2805, acc: 0.8851
loss: 0.2832, acc: 0.8845
loss: 0.2742, acc: 0.8910
loss: 0.2715, acc: 0.8927
loss: 0.2770, acc: 0.8915
loss: 0.2847, acc: 0.8878
loss: 0.2782, acc: 0.8919
loss: 0.2907, acc: 0.8864
loss: 0.2944, acc: 0.8851
loss: 0.2994, acc: 0.8812
loss: 0.3007, acc: 0.8796
loss: 0.2986, acc: 0.8805
loss: 0.3022, acc: 0.8791
loss: 0.3013, acc: 0.8809
loss: 0.3031, acc: 0.8793
loss: 0.3072, acc: 0.8779
loss: 0.3072, acc: 0.8787
> val_acc: 0.7973, val_f1: 0.6896
> best_val_acc: 0.7946, best_val_f1: 0.6700
>> saved: state_dict/igcn_embed_restaurant_val_acc0.7973
>>>>>>>>>>>>>>>>>>>>>>>>>>>>>>>>>>>>>>>>>>>>>>>>>>>>>>>>>>>>>>>>>>>>>>>>>>>>>>>>>>>>>>>>>>>>>>>>>>>>
epoch: 14
loss: 0.2220, acc: 0.9271
loss: 0.2681, acc: 0.8867
loss: 0.2978, acc: 0.8798
loss: 0.2860, acc: 0.8854
loss: 0.2904, acc: 0.8859
loss: 0.2839, acc: 0.8929
loss: 0.2679, acc: 0.9006
loss: 0.2546, acc: 0.9038
loss: 0.2612, acc: 0.9026
loss: 0.2628, acc: 0.8978
loss: 0.2703, acc: 0.8974
loss: 0.2678, acc: 0.8971
loss: 0.2733, acc: 0.8958
loss: 0.2789, acc: 0.8934
loss: 0.2804, acc: 0.8908
loss: 0.2758, acc: 0.8930
loss: 0.2789, acc: 0.8923
loss: 0.2801, acc: 0.8917
loss: 0.2786, acc: 0.8935
loss: 0.2838, acc: 0.8906
loss: 0.2821, acc: 0.8902
loss: 0.2805, acc: 0.8906
loss: 0.2865, acc: 0.8872
> val_acc: 0.8063, val_f1: 0.7122
> best_val_acc: 0.7973, best_val_f1: 0.6896
>> saved: state_dict/igcn_embed_restaurant_val_acc0.8063
>>>>>>>>>>>>>>>>>>>>>>>>>>>>>>>>>>>>>>>>>>>>>>>>>>>>>>>>>>>>>>>>>>>>>>>>>>>>>>>>>>>>>>>>>>>>>>>>>>>>
epoch: 15
loss: 0.2556, acc: 0.8875
loss: 0.3349, acc: 0.8812
loss: 0.3043, acc: 0.8917
loss: 0.3006, acc: 0.8906
loss: 0.2871, acc: 0.8962
loss: 0.2967, acc: 0.8969
loss: 0.2913, acc: 0.8991
loss: 0.2930, acc: 0.8969
loss: 0.2952, acc: 0.8931
loss: 0.2982, acc: 0.8881
loss: 0.2962, acc: 0.8898
loss: 0.2946, acc: 0.8880
loss: 0.2883, acc: 0.8899
loss: 0.2884, acc: 0.8902
loss: 0.2894, acc: 0.8892
loss: 0.2866, acc: 0.8891
loss: 0.2845, acc: 0.8915
loss: 0.2818, acc: 0.8924
loss: 0.2851, acc: 0.8921
loss: 0.2881, acc: 0.8906
loss: 0.2840, acc: 0.8917
loss: 0.2810, acc: 0.8938
> val_acc: 0.7973, val_f1: 0.6904
> best_val_acc: 0.8063, best_val_f1: 0.7122
>>>>>>>>>>>>>>>>>>>>>>>>>>>>>>>>>>>>>>>>>>>>>>>>>>>>>>>>>>>>>>>>>>>>>>>>>>>>>>>>>>>>>>>>>>>>>>>>>>>>
epoch: 16
loss: 0.2822, acc: 0.9219
loss: 0.2358, acc: 0.9241
loss: 0.2613, acc: 0.9062
loss: 0.2380, acc: 0.9154
loss: 0.2407, acc: 0.9162
loss: 0.2414, acc: 0.9167
loss: 0.2411, acc: 0.9150
loss: 0.2320, acc: 0.9198
loss: 0.2426, acc: 0.9167
loss: 0.2440, acc: 0.9149
loss: 0.2441, acc: 0.9123
loss: 0.2489, acc: 0.9079
loss: 0.2557, acc: 0.9073
loss: 0.2520, acc: 0.9081
loss: 0.2521, acc: 0.9067
loss: 0.2541, acc: 0.9050
loss: 0.2541, acc: 0.9055
loss: 0.2496, acc: 0.9070
loss: 0.2551, acc: 0.9052
loss: 0.2518, acc: 0.9062
loss: 0.2530, acc: 0.9050
loss: 0.2531, acc: 0.9039
loss: 0.2544, acc: 0.9043
> val_acc: 0.7893, val_f1: 0.6601
> best_val_acc: 0.8063, best_val_f1: 0.7122
>>>>>>>>>>>>>>>>>>>>>>>>>>>>>>>>>>>>>>>>>>>>>>>>>>>>>>>>>>>>>>>>>>>>>>>>>>>>>>>>>>>>>>>>>>>>>>>>>>>>
epoch: 17
loss: 0.1898, acc: 0.9375
loss: 0.2155, acc: 0.9271
loss: 0.2409, acc: 0.9174
loss: 0.2472, acc: 0.9112
loss: 0.2403, acc: 0.9128
loss: 0.2378, acc: 0.9138
loss: 0.2278, acc: 0.9173
loss: 0.2154, acc: 0.9207
loss: 0.2179, acc: 0.9183
loss: 0.2206, acc: 0.9158
loss: 0.2244, acc: 0.9132
loss: 0.2319, acc: 0.9084
loss: 0.2361, acc: 0.9072
loss: 0.2397, acc: 0.9040
loss: 0.2474, acc: 0.9003
loss: 0.2511, acc: 0.8995
loss: 0.2511, acc: 0.8984
loss: 0.2514, acc: 0.8985
loss: 0.2549, acc: 0.8986
loss: 0.2544, acc: 0.8990
loss: 0.2597, acc: 0.8981
loss: 0.2574, acc: 0.8994
> val_acc: 0.7937, val_f1: 0.6458
> best_val_acc: 0.8063, best_val_f1: 0.7122
>>>>>>>>>>>>>>>>>>>>>>>>>>>>>>>>>>>>>>>>>>>>>>>>>>>>>>>>>>>>>>>>>>>>>>>>>>>>>>>>>>>>>>>>>>>>>>>>>>>>
epoch: 18
loss: 0.0567, acc: 1.0000
loss: 0.2222, acc: 0.9167
loss: 0.2173, acc: 0.9290
loss: 0.2227, acc: 0.9238
loss: 0.2211, acc: 0.9256
loss: 0.2145, acc: 0.9279
loss: 0.2099, acc: 0.9284
loss: 0.2045, acc: 0.9297
loss: 0.2116, acc: 0.9245
loss: 0.2230, acc: 0.9212
loss: 0.2287, acc: 0.9191
loss: 0.2298, acc: 0.9180
loss: 0.2276, acc: 0.9180
loss: 0.2238, acc: 0.9186
loss: 0.2241, acc: 0.9168
loss: 0.2254, acc: 0.9174
loss: 0.2278, acc: 0.9147
loss: 0.2312, acc: 0.9135
loss: 0.2315, acc: 0.9117
loss: 0.2331, acc: 0.9115
loss: 0.2359, acc: 0.9103
loss: 0.2355, acc: 0.9101
loss: 0.2395, acc: 0.9085
> val_acc: 0.7946, val_f1: 0.6471
> best_val_acc: 0.8063, best_val_f1: 0.7122
>>>>>>>>>>>>>>>>>>>>>>>>>>>>>>>>>>>>>>>>>>>>>>>>>>>>>>>>>>>>>>>>>>>>>>>>>>>>>>>>>>>>>>>>>>>>>>>>>>>>
epoch: 19
loss: 0.1590, acc: 0.9375
loss: 0.1729, acc: 0.9453
loss: 0.1922, acc: 0.9375
loss: 0.1867, acc: 0.9392
loss: 0.1890, acc: 0.9389
loss: 0.1854, acc: 0.9364
loss: 0.1978, acc: 0.9280
loss: 0.2034, acc: 0.9260
loss: 0.2038, acc: 0.9244
loss: 0.2119, acc: 0.9245
loss: 0.2179, acc: 0.9233
loss: 0.2122, acc: 0.9262
loss: 0.2066, acc: 0.9281
loss: 0.2118, acc: 0.9251
loss: 0.2102, acc: 0.9255
loss: 0.2157, acc: 0.9243
loss: 0.2160, acc: 0.9232
loss: 0.2179, acc: 0.9219
loss: 0.2161, acc: 0.9224
loss: 0.2181, acc: 0.9216
loss: 0.2173, acc: 0.9214
loss: 0.2190, acc: 0.9213
loss: 0.2223, acc: 0.9199
> val_acc: 0.8000, val_f1: 0.6827
> best_val_acc: 0.8063, best_val_f1: 0.7122
>>>>>>>>>>>>>>>>>>>>>>>>>>>>>>>>>>>>>>>>>>>>>>>>>>>>>>>>>>>>>>>>>>>>>>>>>>>>>>>>>>>>>>>>>>>>>>>>>>>>
epoch: 20
loss: 0.1939, acc: 0.9375
loss: 0.1905, acc: 0.9375
loss: 0.2220, acc: 0.9229
loss: 0.2067, acc: 0.9297
loss: 0.2117, acc: 0.9263
loss: 0.2180, acc: 0.9229
loss: 0.2154, acc: 0.9205
loss: 0.2169, acc: 0.9219
loss: 0.2134, acc: 0.9243
loss: 0.2060, acc: 0.9275
loss: 0.2060, acc: 0.9256
loss: 0.2139, acc: 0.9214
loss: 0.2235, acc: 0.9168
loss: 0.2208, acc: 0.9170
loss: 0.2185, acc: 0.9179
loss: 0.2169, acc: 0.9187
loss: 0.2165, acc: 0.9195
loss: 0.2187, acc: 0.9187
loss: 0.2185, acc: 0.9191
loss: 0.2201, acc: 0.9172
loss: 0.2232, acc: 0.9161
loss: 0.2222, acc: 0.9165
> val_acc: 0.7920, val_f1: 0.6661
> best_val_acc: 0.8063, best_val_f1: 0.7122
>>>>>>>>>>>>>>>>>>>>>>>>>>>>>>>>>>>>>>>>>>>>>>>>>>>>>>>>>>>>>>>>>>>>>>>>>>>>>>>>>>>>>>>>>>>>>>>>>>>>
epoch: 21
loss: 0.1565, acc: 0.9688
loss: 0.1531, acc: 0.9509
loss: 0.1399, acc: 0.9479
loss: 0.1437, acc: 0.9449
loss: 0.1439, acc: 0.9460
loss: 0.1505, acc: 0.9421
loss: 0.1577, acc: 0.9395
loss: 0.1664, acc: 0.9367
loss: 0.1761, acc: 0.9345
loss: 0.1690, acc: 0.9362
loss: 0.1709, acc: 0.9339
loss: 0.1696, acc: 0.9353
loss: 0.1752, acc: 0.9335
loss: 0.1779, acc: 0.9338
loss: 0.1806, acc: 0.9327
loss: 0.1807, acc: 0.9330
loss: 0.1807, acc: 0.9341
loss: 0.1774, acc: 0.9343
loss: 0.1744, acc: 0.9355
loss: 0.1801, acc: 0.9349
loss: 0.1809, acc: 0.9341
loss: 0.1928, acc: 0.9314
loss: 0.1917, acc: 0.9319
> val_acc: 0.8000, val_f1: 0.6854
> best_val_acc: 0.8063, best_val_f1: 0.7122
>>>>>>>>>>>>>>>>>>>>>>>>>>>>>>>>>>>>>>>>>>>>>>>>>>>>>>>>>>>>>>>>>>>>>>>>>>>>>>>>>>>>>>>>>>>>>>>>>>>>
epoch: 22
loss: 0.1473, acc: 0.9531
loss: 0.1525, acc: 0.9340
loss: 0.1564, acc: 0.9375
loss: 0.1774, acc: 0.9326
loss: 0.1986, acc: 0.9284
loss: 0.1914, acc: 0.9332
loss: 0.1859, acc: 0.9347
loss: 0.1773, acc: 0.9391
loss: 0.1704, acc: 0.9411
loss: 0.1680, acc: 0.9426
loss: 0.1692, acc: 0.9404
loss: 0.1758, acc: 0.9370
loss: 0.1775, acc: 0.9355
loss: 0.1806, acc: 0.9357
loss: 0.1817, acc: 0.9350
loss: 0.1813, acc: 0.9343
loss: 0.1788, acc: 0.9360
loss: 0.1808, acc: 0.9361
loss: 0.1837, acc: 0.9358
loss: 0.1869, acc: 0.9343
loss: 0.1869, acc: 0.9342
loss: 0.1871, acc: 0.9341
> val_acc: 0.7804, val_f1: 0.6315
> best_val_acc: 0.8063, best_val_f1: 0.7122
>>>>>>>>>>>>>>>>>>>>>>>>>>>>>>>>>>>>>>>>>>>>>>>>>>>>>>>>>>>>>>>>>>>>>>>>>>>>>>>>>>>>>>>>>>>>>>>>>>>>
epoch: 23
loss: 0.6412, acc: 0.8750
loss: 0.2489, acc: 0.9271
loss: 0.2904, acc: 0.8864
loss: 0.2670, acc: 0.8926
loss: 0.2704, acc: 0.8973
loss: 0.2729, acc: 0.8930
loss: 0.2744, acc: 0.8911
loss: 0.2576, acc: 0.9002
loss: 0.2535, acc: 0.9047
loss: 0.2417, acc: 0.9090
loss: 0.2356, acc: 0.9105
loss: 0.2332, acc: 0.9113
loss: 0.2284, acc: 0.9139
loss: 0.2317, acc: 0.9124
loss: 0.2258, acc: 0.9124
loss: 0.2255, acc: 0.9120
loss: 0.2262, acc: 0.9120
loss: 0.2257, acc: 0.9132
loss: 0.2280, acc: 0.9141
loss: 0.2232, acc: 0.9150
loss: 0.2253, acc: 0.9146
loss: 0.2226, acc: 0.9157
loss: 0.2223, acc: 0.9153
> val_acc: 0.7777, val_f1: 0.6375
> best_val_acc: 0.8063, best_val_f1: 0.7122
>>>>>>>>>>>>>>>>>>>>>>>>>>>>>>>>>>>>>>>>>>>>>>>>>>>>>>>>>>>>>>>>>>>>>>>>>>>>>>>>>>>>>>>>>>>>>>>>>>>>
epoch: 24
loss: 0.2114, acc: 0.9375
loss: 0.1786, acc: 0.9336
loss: 0.1583, acc: 0.9423
loss: 0.1775, acc: 0.9323
loss: 0.1606, acc: 0.9375
loss: 0.1617, acc: 0.9353
loss: 0.1527, acc: 0.9384
loss: 0.1515, acc: 0.9400
loss: 0.1500, acc: 0.9411
loss: 0.1578, acc: 0.9342
loss: 0.1544, acc: 0.9357
loss: 0.1521, acc: 0.9359
loss: 0.1536, acc: 0.9365
loss: 0.1582, acc: 0.9357
loss: 0.1579, acc: 0.9371
loss: 0.1568, acc: 0.9387
loss: 0.1557, acc: 0.9401
loss: 0.1609, acc: 0.9386
loss: 0.1678, acc: 0.9365
loss: 0.1784, acc: 0.9330
loss: 0.1769, acc: 0.9342
loss: 0.1789, acc: 0.9329
loss: 0.1810, acc: 0.9324
> val_acc: 0.7937, val_f1: 0.6733
> best_val_acc: 0.8063, best_val_f1: 0.7122
>>>>>>>>>>>>>>>>>>>>>>>>>>>>>>>>>>>>>>>>>>>>>>>>>>>>>>>>>>>>>>>>>>>>>>>>>>>>>>>>>>>>>>>>>>>>>>>>>>>>
epoch: 25
loss: 0.2038, acc: 0.9062
loss: 0.1849, acc: 0.9281
loss: 0.1973, acc: 0.9250
loss: 0.1801, acc: 0.9297
loss: 0.1879, acc: 0.9275
loss: 0.1884, acc: 0.9250
loss: 0.1775, acc: 0.9295
loss: 0.1709, acc: 0.9344
loss: 0.1630, acc: 0.9382
loss: 0.1593, acc: 0.9413
loss: 0.1590, acc: 0.9415
loss: 0.1586, acc: 0.9411
loss: 0.1577, acc: 0.9409
loss: 0.1609, acc: 0.9415
loss: 0.1603, acc: 0.9417
loss: 0.1579, acc: 0.9430
loss: 0.1577, acc: 0.9437
loss: 0.1695, acc: 0.9420
loss: 0.1678, acc: 0.9424
loss: 0.1674, acc: 0.9419
loss: 0.1682, acc: 0.9417
loss: 0.1671, acc: 0.9420
> val_acc: 0.7875, val_f1: 0.6471
> best_val_acc: 0.8063, best_val_f1: 0.7122
>>>>>>>>>>>>>>>>>>>>>>>>>>>>>>>>>>>>>>>>>>>>>>>>>>>>>>>>>>>>>>>>>>>>>>>>>>>>>>>>>>>>>>>>>>>>>>>>>>>>
epoch: 26
loss: 0.1023, acc: 0.9531
loss: 0.1574, acc: 0.9420
loss: 0.1396, acc: 0.9453
loss: 0.1520, acc: 0.9338
loss: 0.1749, acc: 0.9332
loss: 0.1636, acc: 0.9398
loss: 0.1586, acc: 0.9414
loss: 0.1660, acc: 0.9409
loss: 0.1618, acc: 0.9397
loss: 0.1552, acc: 0.9422
loss: 0.1559, acc: 0.9405
loss: 0.1620, acc: 0.9386
loss: 0.1577, acc: 0.9400
loss: 0.1578, acc: 0.9394
loss: 0.1618, acc: 0.9388
loss: 0.1649, acc: 0.9399
loss: 0.1658, acc: 0.9409
loss: 0.1657, acc: 0.9400
loss: 0.1679, acc: 0.9402
loss: 0.1698, acc: 0.9391
loss: 0.1697, acc: 0.9387
loss: 0.1678, acc: 0.9387
loss: 0.1669, acc: 0.9381
> val_acc: 0.7857, val_f1: 0.6392
> best_val_acc: 0.8063, best_val_f1: 0.7122
>>>>>>>>>>>>>>>>>>>>>>>>>>>>>>>>>>>>>>>>>>>>>>>>>>>>>>>>>>>>>>>>>>>>>>>>>>>>>>>>>>>>>>>>>>>>>>>>>>>>
epoch: 27
loss: 0.0944, acc: 0.9531
loss: 0.1236, acc: 0.9375
loss: 0.1560, acc: 0.9263
loss: 0.1518, acc: 0.9326
loss: 0.1469, acc: 0.9401
loss: 0.1483, acc: 0.9407
loss: 0.1521, acc: 0.9412
loss: 0.1495, acc: 0.9407
loss: 0.1425, acc: 0.9453
loss: 0.1430, acc: 0.9464
loss: 0.1403, acc: 0.9468
loss: 0.1414, acc: 0.9460
loss: 0.1383, acc: 0.9482
loss: 0.1340, acc: 0.9493
loss: 0.1302, acc: 0.9510
loss: 0.1304, acc: 0.9502
loss: 0.1425, acc: 0.9468
loss: 0.1429, acc: 0.9473
loss: 0.1428, acc: 0.9465
loss: 0.1470, acc: 0.9457
loss: 0.1464, acc: 0.9456
loss: 0.1492, acc: 0.9447
> val_acc: 0.7732, val_f1: 0.6235
> best_val_acc: 0.8063, best_val_f1: 0.7122
>>>>>>>>>>>>>>>>>>>>>>>>>>>>>>>>>>>>>>>>>>>>>>>>>>>>>>>>>>>>>>>>>>>>>>>>>>>>>>>>>>>>>>>>>>>>>>>>>>>>
epoch: 28
loss: 0.0202, acc: 1.0000
loss: 0.1064, acc: 0.9583
loss: 0.1536, acc: 0.9432
loss: 0.1494, acc: 0.9453
loss: 0.1553, acc: 0.9405
loss: 0.1535, acc: 0.9411
loss: 0.1705, acc: 0.9375
loss: 0.1621, acc: 0.9401
loss: 0.1581, acc: 0.9413
loss: 0.1509, acc: 0.9450
loss: 0.1501, acc: 0.9442
loss: 0.1479, acc: 0.9453
loss: 0.1464, acc: 0.9462
loss: 0.1456, acc: 0.9470
loss: 0.1433, acc: 0.9481
loss: 0.1396, acc: 0.9490
loss: 0.1440, acc: 0.9468
loss: 0.1447, acc: 0.9466
loss: 0.1420, acc: 0.9478
loss: 0.1415, acc: 0.9473
loss: 0.1436, acc: 0.9459
loss: 0.1411, acc: 0.9466
loss: 0.1403, acc: 0.9468
> val_acc: 0.7875, val_f1: 0.6503
> best_val_acc: 0.8063, best_val_f1: 0.7122
>>>>>>>>>>>>>>>>>>>>>>>>>>>>>>>>>>>>>>>>>>>>>>>>>>>>>>>>>>>>>>>>>>>>>>>>>>>>>>>>>>>>>>>>>>>>>>>>>>>>
epoch: 29
loss: 0.1411, acc: 0.9375
loss: 0.1836, acc: 0.9219
loss: 0.1849, acc: 0.9375
loss: 0.1740, acc: 0.9375
loss: 0.1767, acc: 0.9402
loss: 0.1711, acc: 0.9420
loss: 0.1733, acc: 0.9432
loss: 0.1634, acc: 0.9465
loss: 0.1558, acc: 0.9506
loss: 0.1484, acc: 0.9525
loss: 0.1518, acc: 0.9511
loss: 0.1454, acc: 0.9531
loss: 0.1405, acc: 0.9549
loss: 0.1436, acc: 0.9527
loss: 0.1481, acc: 0.9525
loss: 0.1546, acc: 0.9499
loss: 0.1579, acc: 0.9480
loss: 0.1581, acc: 0.9474
loss: 0.1580, acc: 0.9476
loss: 0.1596, acc: 0.9477
loss: 0.1573, acc: 0.9484
loss: 0.1538, acc: 0.9497
loss: 0.1522, acc: 0.9501
> val_acc: 0.7911, val_f1: 0.6662
> best_val_acc: 0.8063, best_val_f1: 0.7122
>> test_acc: 0.8063, test_f1: 0.7122
