cuda memory allocated: 7165952
n_trainable_params: 1439803, n_nontrainable_params: 347432
> training arguments:
>>> model_name: igcn_embed
>>> model_ver: 3
>>> dataset: laptop
>>> optimizer: <class 'torch.optim.adam.Adam'>
>>> initializer: <function xavier_uniform_ at 0x00000132436A3E18>
>>> learning_rate: 0.0003
>>> momentum: 0.95
>>> dropout: 0.35
>>> l2reg: 5e-05
>>> num_epoch: 30
>>> batch_size: 32
>>> log_step: 5
>>> embed_dim: 136
>>> hidden_dim: 300
>>> bert_dim: 768
>>> pretrained_bert_name: bert-base-uncased
>>> embeddings: d
>>> max_seq_len: 180
>>> polarities_dim: 3
>>> hops: 3
>>> device: cuda
>>> seed: 0
>>> valset_ratio: 0
>>> num_layers: 1
>>> in_channels: 100
>>> out_channels: 1
>>> downbot: 20
>>> kernel_size: 3
>>> position_dim: 100
>>> gating: GTU
>>> stanford_pos_model: C:/NLP_Programs/stanford-postagger-2018-10-16/models/english-bidirectional-distsim.tagger
>>> stanford_pos_jar: C:/NLP_Programs/stanford-postagger-2018-10-16/stanford-postagger.jar
>>> glove_path: ./embeddings/glove.840B.300d.txt
>>> embedding_matrix_path: gen_data/embeddings/100_laptop_domain_embedding_matrix.dat
>>> model_class: <class 'models.igcn.IGCN'>
>>> dataset_file: {'train': './datasets/semeval14/Laptops_Train.xml.seg', 'test': './datasets/semeval14/Laptops_Test_Gold.xml.seg'}
>>> inputs_cols: ['text_raw_indices', 'aspect_indices', 'pos_indices', 'aspect_pos_indices', 'position_indices']
>>>>>>>>>>>>>>>>>>>>>>>>>>>>>>>>>>>>>>>>>>>>>>>>>>>>>>>>>>>>>>>>>>>>>>>>>>>>>>>>>>>>>>>>>>>>>>>>>>>>
epoch: 0
loss: 1.1491, acc: 0.3187
loss: 1.1055, acc: 0.3719
loss: 1.0776, acc: 0.4083
loss: 1.0905, acc: 0.4062
loss: 1.0831, acc: 0.4088
loss: 1.0752, acc: 0.4260
loss: 1.0694, acc: 0.4357
loss: 1.0659, acc: 0.4414
loss: 1.0578, acc: 0.4479
loss: 1.0544, acc: 0.4562
loss: 1.0456, acc: 0.4676
loss: 1.0439, acc: 0.4688
loss: 1.0380, acc: 0.4822
loss: 1.0325, acc: 0.4897
> val_acc: 0.6066, val_f1: 0.4265
> best_val_acc: 0.0000, best_val_f1: 0.0000
>> saved: state_dict/igcn_embed_laptop_val_acc0.6066
>>>>>>>>>>>>>>>>>>>>>>>>>>>>>>>>>>>>>>>>>>>>>>>>>>>>>>>>>>>>>>>>>>>>>>>>>>>>>>>>>>>>>>>>>>>>>>>>>>>>
epoch: 1
loss: 0.9001, acc: 0.5938
loss: 0.8949, acc: 0.6384
loss: 0.8881, acc: 0.6380
loss: 0.8830, acc: 0.6379
loss: 0.8782, acc: 0.6378
loss: 0.8740, acc: 0.6377
loss: 0.8832, acc: 0.6318
loss: 0.8790, acc: 0.6326
loss: 0.8677, acc: 0.6399
loss: 0.8698, acc: 0.6350
loss: 0.8656, acc: 0.6364
loss: 0.8662, acc: 0.6343
loss: 0.8606, acc: 0.6381
loss: 0.8602, acc: 0.6357
loss: 0.8617, acc: 0.6328
> val_acc: 0.6803, val_f1: 0.5975
> best_val_acc: 0.6066, best_val_f1: 0.4265
>> saved: state_dict/igcn_embed_laptop_val_acc0.6803
>>>>>>>>>>>>>>>>>>>>>>>>>>>>>>>>>>>>>>>>>>>>>>>>>>>>>>>>>>>>>>>>>>>>>>>>>>>>>>>>>>>>>>>>>>>>>>>>>>>>
epoch: 2
loss: 0.8208, acc: 0.6562
loss: 0.8178, acc: 0.6458
loss: 0.8105, acc: 0.6496
loss: 0.7897, acc: 0.6661
loss: 0.7880, acc: 0.6641
loss: 0.7857, acc: 0.6595
loss: 0.7826, acc: 0.6664
loss: 0.7801, acc: 0.6651
loss: 0.7818, acc: 0.6626
loss: 0.7865, acc: 0.6569
loss: 0.7803, acc: 0.6603
loss: 0.7748, acc: 0.6674
loss: 0.7641, acc: 0.6748
loss: 0.7635, acc: 0.6762
> val_acc: 0.6505, val_f1: 0.5401
> best_val_acc: 0.6803, best_val_f1: 0.5975
>>>>>>>>>>>>>>>>>>>>>>>>>>>>>>>>>>>>>>>>>>>>>>>>>>>>>>>>>>>>>>>>>>>>>>>>>>>>>>>>>>>>>>>>>>>>>>>>>>>>
epoch: 3
loss: 0.8423, acc: 0.6250
loss: 0.7782, acc: 0.6198
loss: 0.7456, acc: 0.6619
loss: 0.7230, acc: 0.6895
loss: 0.7230, acc: 0.6920
loss: 0.7150, acc: 0.6995
loss: 0.7081, acc: 0.7077
loss: 0.7081, acc: 0.7083
loss: 0.7072, acc: 0.7081
loss: 0.7082, acc: 0.7079
loss: 0.7057, acc: 0.7077
loss: 0.7087, acc: 0.7026
loss: 0.7102, acc: 0.7029
loss: 0.7050, acc: 0.7060
loss: 0.7051, acc: 0.7051
> val_acc: 0.6740, val_f1: 0.5786
> best_val_acc: 0.6803, best_val_f1: 0.5975
>>>>>>>>>>>>>>>>>>>>>>>>>>>>>>>>>>>>>>>>>>>>>>>>>>>>>>>>>>>>>>>>>>>>>>>>>>>>>>>>>>>>>>>>>>>>>>>>>>>>
epoch: 4
loss: 0.6296, acc: 0.7917
loss: 0.6161, acc: 0.7695
loss: 0.6500, acc: 0.7380
loss: 0.6802, acc: 0.7170
loss: 0.6725, acc: 0.7160
loss: 0.6766, acc: 0.7098
loss: 0.6639, acc: 0.7178
loss: 0.6602, acc: 0.7196
loss: 0.6708, acc: 0.7115
loss: 0.6678, acc: 0.7135
loss: 0.6632, acc: 0.7182
loss: 0.6666, acc: 0.7204
loss: 0.6650, acc: 0.7183
loss: 0.6596, acc: 0.7220
loss: 0.6601, acc: 0.7229
> val_acc: 0.6944, val_f1: 0.6268
> best_val_acc: 0.6803, best_val_f1: 0.5975
>> saved: state_dict/igcn_embed_laptop_val_acc0.6944
>>>>>>>>>>>>>>>>>>>>>>>>>>>>>>>>>>>>>>>>>>>>>>>>>>>>>>>>>>>>>>>>>>>>>>>>>>>>>>>>>>>>>>>>>>>>>>>>>>>>
epoch: 5
loss: 0.6505, acc: 0.7500
loss: 0.6358, acc: 0.7562
loss: 0.6292, acc: 0.7583
loss: 0.6038, acc: 0.7688
loss: 0.6009, acc: 0.7712
loss: 0.6068, acc: 0.7625
loss: 0.6004, acc: 0.7670
loss: 0.5964, acc: 0.7664
loss: 0.5998, acc: 0.7646
loss: 0.6025, acc: 0.7562
loss: 0.6084, acc: 0.7545
loss: 0.6044, acc: 0.7583
loss: 0.6114, acc: 0.7548
loss: 0.6120, acc: 0.7531
> val_acc: 0.7179, val_f1: 0.6645
> best_val_acc: 0.6944, best_val_f1: 0.6268
>> saved: state_dict/igcn_embed_laptop_val_acc0.7179
>>>>>>>>>>>>>>>>>>>>>>>>>>>>>>>>>>>>>>>>>>>>>>>>>>>>>>>>>>>>>>>>>>>>>>>>>>>>>>>>>>>>>>>>>>>>>>>>>>>>
epoch: 6
loss: 0.5615, acc: 0.7656
loss: 0.5794, acc: 0.7455
loss: 0.6086, acc: 0.7422
loss: 0.5836, acc: 0.7500
loss: 0.5945, acc: 0.7457
loss: 0.5870, acc: 0.7523
loss: 0.5958, acc: 0.7490
loss: 0.5874, acc: 0.7559
loss: 0.5921, acc: 0.7493
loss: 0.5953, acc: 0.7493
loss: 0.5911, acc: 0.7530
loss: 0.5860, acc: 0.7549
loss: 0.5935, acc: 0.7530
loss: 0.5973, acc: 0.7523
loss: 0.5947, acc: 0.7543
> val_acc: 0.7179, val_f1: 0.6597
> best_val_acc: 0.7179, best_val_f1: 0.6645
>>>>>>>>>>>>>>>>>>>>>>>>>>>>>>>>>>>>>>>>>>>>>>>>>>>>>>>>>>>>>>>>>>>>>>>>>>>>>>>>>>>>>>>>>>>>>>>>>>>>
epoch: 7
loss: 0.5388, acc: 0.7891
loss: 0.5837, acc: 0.7708
loss: 0.5874, acc: 0.7634
loss: 0.5871, acc: 0.7632
loss: 0.6037, acc: 0.7474
loss: 0.6009, acc: 0.7489
loss: 0.6022, acc: 0.7518
loss: 0.5980, acc: 0.7516
loss: 0.5990, acc: 0.7521
loss: 0.5991, acc: 0.7570
loss: 0.5938, acc: 0.7610
loss: 0.5881, acc: 0.7664
loss: 0.5788, acc: 0.7700
loss: 0.5772, acc: 0.7704
> val_acc: 0.7132, val_f1: 0.6500
> best_val_acc: 0.7179, best_val_f1: 0.6645
>>>>>>>>>>>>>>>>>>>>>>>>>>>>>>>>>>>>>>>>>>>>>>>>>>>>>>>>>>>>>>>>>>>>>>>>>>>>>>>>>>>>>>>>>>>>>>>>>>>>
epoch: 8
loss: 0.5220, acc: 0.8125
loss: 0.4773, acc: 0.8438
loss: 0.4844, acc: 0.8295
loss: 0.5234, acc: 0.8027
loss: 0.5259, acc: 0.7932
loss: 0.5251, acc: 0.7909
loss: 0.5271, acc: 0.7903
loss: 0.5185, acc: 0.7951
loss: 0.5176, acc: 0.7965
loss: 0.5172, acc: 0.7921
loss: 0.5296, acc: 0.7849
loss: 0.5315, acc: 0.7874
loss: 0.5277, acc: 0.7884
loss: 0.5262, acc: 0.7879
loss: 0.5267, acc: 0.7861
> val_acc: 0.7461, val_f1: 0.6964
> best_val_acc: 0.7179, best_val_f1: 0.6645
>> saved: state_dict/igcn_embed_laptop_val_acc0.7461
>>>>>>>>>>>>>>>>>>>>>>>>>>>>>>>>>>>>>>>>>>>>>>>>>>>>>>>>>>>>>>>>>>>>>>>>>>>>>>>>>>>>>>>>>>>>>>>>>>>>
epoch: 9
loss: 0.5163, acc: 0.8021
loss: 0.5509, acc: 0.7891
loss: 0.5437, acc: 0.7909
loss: 0.5468, acc: 0.7865
loss: 0.5319, acc: 0.7921
loss: 0.5341, acc: 0.7902
loss: 0.5364, acc: 0.7869
loss: 0.5256, acc: 0.7903
loss: 0.5172, acc: 0.7943
loss: 0.5141, acc: 0.7962
loss: 0.5122, acc: 0.7983
loss: 0.5068, acc: 0.8023
loss: 0.4950, acc: 0.8070
loss: 0.4946, acc: 0.8047
loss: 0.5008, acc: 0.8015
> val_acc: 0.7445, val_f1: 0.6996
> best_val_acc: 0.7461, best_val_f1: 0.6964
>>>>>>>>>>>>>>>>>>>>>>>>>>>>>>>>>>>>>>>>>>>>>>>>>>>>>>>>>>>>>>>>>>>>>>>>>>>>>>>>>>>>>>>>>>>>>>>>>>>>
epoch: 10
loss: 0.4359, acc: 0.8375
loss: 0.4548, acc: 0.8406
loss: 0.4503, acc: 0.8333
loss: 0.4691, acc: 0.8219
loss: 0.4539, acc: 0.8263
loss: 0.4572, acc: 0.8250
loss: 0.4581, acc: 0.8205
loss: 0.4552, acc: 0.8258
loss: 0.4637, acc: 0.8174
loss: 0.4638, acc: 0.8175
loss: 0.4618, acc: 0.8216
loss: 0.4726, acc: 0.8135
loss: 0.4690, acc: 0.8159
loss: 0.4734, acc: 0.8129
> val_acc: 0.7179, val_f1: 0.6564
> best_val_acc: 0.7461, best_val_f1: 0.6996
>>>>>>>>>>>>>>>>>>>>>>>>>>>>>>>>>>>>>>>>>>>>>>>>>>>>>>>>>>>>>>>>>>>>>>>>>>>>>>>>>>>>>>>>>>>>>>>>>>>>
epoch: 11
loss: 0.5037, acc: 0.8281
loss: 0.4649, acc: 0.8393
loss: 0.4629, acc: 0.8177
loss: 0.4533, acc: 0.8235
loss: 0.4316, acc: 0.8352
loss: 0.4586, acc: 0.8229
loss: 0.4552, acc: 0.8232
loss: 0.4553, acc: 0.8243
loss: 0.4452, acc: 0.8326
loss: 0.4422, acc: 0.8344
loss: 0.4449, acc: 0.8353
loss: 0.4438, acc: 0.8350
loss: 0.4465, acc: 0.8322
loss: 0.4423, acc: 0.8354
loss: 0.4391, acc: 0.8368
> val_acc: 0.7320, val_f1: 0.6800
> best_val_acc: 0.7461, best_val_f1: 0.6996
>>>>>>>>>>>>>>>>>>>>>>>>>>>>>>>>>>>>>>>>>>>>>>>>>>>>>>>>>>>>>>>>>>>>>>>>>>>>>>>>>>>>>>>>>>>>>>>>>>>>
epoch: 12
loss: 0.4293, acc: 0.8359
loss: 0.4221, acc: 0.8403
loss: 0.4371, acc: 0.8393
loss: 0.4348, acc: 0.8470
loss: 0.4390, acc: 0.8451
loss: 0.4284, acc: 0.8481
loss: 0.4260, acc: 0.8465
loss: 0.4260, acc: 0.8454
loss: 0.4215, acc: 0.8466
loss: 0.4182, acc: 0.8476
loss: 0.4137, acc: 0.8519
loss: 0.4168, acc: 0.8506
loss: 0.4158, acc: 0.8511
loss: 0.4220, acc: 0.8474
> val_acc: 0.7304, val_f1: 0.6925
> best_val_acc: 0.7461, best_val_f1: 0.6996
>>>>>>>>>>>>>>>>>>>>>>>>>>>>>>>>>>>>>>>>>>>>>>>>>>>>>>>>>>>>>>>>>>>>>>>>>>>>>>>>>>>>>>>>>>>>>>>>>>>>
epoch: 13
loss: 0.4688, acc: 0.8125
loss: 0.4189, acc: 0.8229
loss: 0.4006, acc: 0.8466
loss: 0.4168, acc: 0.8418
loss: 0.4161, acc: 0.8423
loss: 0.4051, acc: 0.8450
loss: 0.4104, acc: 0.8438
loss: 0.4112, acc: 0.8394
loss: 0.4020, acc: 0.8468
loss: 0.3919, acc: 0.8526
loss: 0.3916, acc: 0.8505
loss: 0.3884, acc: 0.8516
loss: 0.3919, acc: 0.8509
loss: 0.3938, acc: 0.8494
loss: 0.3949, acc: 0.8486
> val_acc: 0.7226, val_f1: 0.6660
> best_val_acc: 0.7461, best_val_f1: 0.6996
>>>>>>>>>>>>>>>>>>>>>>>>>>>>>>>>>>>>>>>>>>>>>>>>>>>>>>>>>>>>>>>>>>>>>>>>>>>>>>>>>>>>>>>>>>>>>>>>>>>>
epoch: 14
loss: 0.3906, acc: 0.8646
loss: 0.3413, acc: 0.8789
loss: 0.3658, acc: 0.8750
loss: 0.3702, acc: 0.8698
loss: 0.3659, acc: 0.8750
loss: 0.3653, acc: 0.8739
loss: 0.3673, acc: 0.8722
loss: 0.3612, acc: 0.8734
loss: 0.3573, acc: 0.8721
loss: 0.3666, acc: 0.8659
loss: 0.3624, acc: 0.8703
loss: 0.3674, acc: 0.8685
loss: 0.3672, acc: 0.8676
loss: 0.3699, acc: 0.8667
loss: 0.3650, acc: 0.8664
> val_acc: 0.7226, val_f1: 0.6701
> best_val_acc: 0.7461, best_val_f1: 0.6996
>>>>>>>>>>>>>>>>>>>>>>>>>>>>>>>>>>>>>>>>>>>>>>>>>>>>>>>>>>>>>>>>>>>>>>>>>>>>>>>>>>>>>>>>>>>>>>>>>>>>
epoch: 15
loss: 0.3232, acc: 0.8812
loss: 0.3593, acc: 0.8750
loss: 0.3661, acc: 0.8729
loss: 0.3551, acc: 0.8828
loss: 0.3600, acc: 0.8762
loss: 0.3545, acc: 0.8771
loss: 0.3533, acc: 0.8786
loss: 0.3476, acc: 0.8789
loss: 0.3480, acc: 0.8785
loss: 0.3467, acc: 0.8756
loss: 0.3523, acc: 0.8710
loss: 0.3529, acc: 0.8703
loss: 0.3511, acc: 0.8712
loss: 0.3518, acc: 0.8705
> val_acc: 0.7382, val_f1: 0.6994
> best_val_acc: 0.7461, best_val_f1: 0.6996
>>>>>>>>>>>>>>>>>>>>>>>>>>>>>>>>>>>>>>>>>>>>>>>>>>>>>>>>>>>>>>>>>>>>>>>>>>>>>>>>>>>>>>>>>>>>>>>>>>>>
epoch: 16
loss: 0.2682, acc: 0.9375
loss: 0.3163, acc: 0.9062
loss: 0.3211, acc: 0.9089
loss: 0.3003, acc: 0.9099
loss: 0.2904, acc: 0.9134
loss: 0.2960, acc: 0.9074
loss: 0.2928, acc: 0.9072
loss: 0.2921, acc: 0.9062
loss: 0.2942, acc: 0.9040
loss: 0.2884, acc: 0.9082
loss: 0.2915, acc: 0.9050
loss: 0.2986, acc: 0.9013
loss: 0.2953, acc: 0.9007
loss: 0.2976, acc: 0.8993
loss: 0.2985, acc: 0.8980
> val_acc: 0.7429, val_f1: 0.7025
> best_val_acc: 0.7461, best_val_f1: 0.6996
>>>>>>>>>>>>>>>>>>>>>>>>>>>>>>>>>>>>>>>>>>>>>>>>>>>>>>>>>>>>>>>>>>>>>>>>>>>>>>>>>>>>>>>>>>>>>>>>>>>>
epoch: 17
loss: 0.2550, acc: 0.9141
loss: 0.2603, acc: 0.9167
loss: 0.2604, acc: 0.9219
loss: 0.2544, acc: 0.9276
loss: 0.2589, acc: 0.9271
loss: 0.2693, acc: 0.9246
loss: 0.2715, acc: 0.9210
loss: 0.2624, acc: 0.9255
loss: 0.2632, acc: 0.9233
loss: 0.2695, acc: 0.9184
loss: 0.2681, acc: 0.9184
loss: 0.2654, acc: 0.9211
loss: 0.2648, acc: 0.9209
loss: 0.2678, acc: 0.9185
> val_acc: 0.7335, val_f1: 0.6879
> best_val_acc: 0.7461, best_val_f1: 0.7025
>>>>>>>>>>>>>>>>>>>>>>>>>>>>>>>>>>>>>>>>>>>>>>>>>>>>>>>>>>>>>>>>>>>>>>>>>>>>>>>>>>>>>>>>>>>>>>>>>>>>
epoch: 18
loss: 0.3700, acc: 0.8750
loss: 0.2611, acc: 0.9115
loss: 0.2444, acc: 0.9261
loss: 0.2646, acc: 0.9297
loss: 0.2458, acc: 0.9390
loss: 0.2487, acc: 0.9363
loss: 0.2562, acc: 0.9264
loss: 0.2547, acc: 0.9271
loss: 0.2569, acc: 0.9245
loss: 0.2571, acc: 0.9232
loss: 0.2544, acc: 0.9228
loss: 0.2547, acc: 0.9196
loss: 0.2558, acc: 0.9196
loss: 0.2578, acc: 0.9176
loss: 0.2588, acc: 0.9173
> val_acc: 0.7429, val_f1: 0.7099
> best_val_acc: 0.7461, best_val_f1: 0.7025
>>>>>>>>>>>>>>>>>>>>>>>>>>>>>>>>>>>>>>>>>>>>>>>>>>>>>>>>>>>>>>>>>>>>>>>>>>>>>>>>>>>>>>>>>>>>>>>>>>>>
epoch: 19
loss: 0.2293, acc: 0.9271
loss: 0.2738, acc: 0.9141
loss: 0.2593, acc: 0.9303
loss: 0.2475, acc: 0.9340
loss: 0.2459, acc: 0.9321
loss: 0.2559, acc: 0.9297
loss: 0.2427, acc: 0.9347
loss: 0.2339, acc: 0.9375
loss: 0.2372, acc: 0.9346
loss: 0.2394, acc: 0.9303
loss: 0.2365, acc: 0.9322
loss: 0.2364, acc: 0.9310
loss: 0.2317, acc: 0.9335
loss: 0.2342, acc: 0.9320
loss: 0.2331, acc: 0.9317
> val_acc: 0.7351, val_f1: 0.6763
> best_val_acc: 0.7461, best_val_f1: 0.7099
>>>>>>>>>>>>>>>>>>>>>>>>>>>>>>>>>>>>>>>>>>>>>>>>>>>>>>>>>>>>>>>>>>>>>>>>>>>>>>>>>>>>>>>>>>>>>>>>>>>>
epoch: 20
loss: 0.2268, acc: 0.9187
loss: 0.2207, acc: 0.9250
loss: 0.1955, acc: 0.9375
loss: 0.1889, acc: 0.9422
loss: 0.1953, acc: 0.9437
loss: 0.1961, acc: 0.9427
loss: 0.1928, acc: 0.9446
loss: 0.1967, acc: 0.9445
loss: 0.1974, acc: 0.9424
loss: 0.1977, acc: 0.9425
loss: 0.1982, acc: 0.9426
loss: 0.1976, acc: 0.9427
loss: 0.2021, acc: 0.9409
loss: 0.2038, acc: 0.9411
> val_acc: 0.7241, val_f1: 0.6825
> best_val_acc: 0.7461, best_val_f1: 0.7099
>>>>>>>>>>>>>>>>>>>>>>>>>>>>>>>>>>>>>>>>>>>>>>>>>>>>>>>>>>>>>>>>>>>>>>>>>>>>>>>>>>>>>>>>>>>>>>>>>>>>
epoch: 21
loss: 0.2176, acc: 0.9531
loss: 0.2106, acc: 0.9330
loss: 0.1979, acc: 0.9427
loss: 0.1865, acc: 0.9467
loss: 0.1820, acc: 0.9460
loss: 0.1727, acc: 0.9537
loss: 0.1744, acc: 0.9541
loss: 0.1769, acc: 0.9485
loss: 0.1780, acc: 0.9487
loss: 0.1809, acc: 0.9488
loss: 0.1816, acc: 0.9495
loss: 0.1840, acc: 0.9474
loss: 0.1826, acc: 0.9481
loss: 0.1809, acc: 0.9492
loss: 0.1813, acc: 0.9479
> val_acc: 0.7194, val_f1: 0.6637
> best_val_acc: 0.7461, best_val_f1: 0.7099
>>>>>>>>>>>>>>>>>>>>>>>>>>>>>>>>>>>>>>>>>>>>>>>>>>>>>>>>>>>>>>>>>>>>>>>>>>>>>>>>>>>>>>>>>>>>>>>>>>>>
epoch: 22
loss: 0.1506, acc: 0.9609
loss: 0.1502, acc: 0.9722
loss: 0.1751, acc: 0.9554
loss: 0.1711, acc: 0.9539
loss: 0.1739, acc: 0.9518
loss: 0.1678, acc: 0.9537
loss: 0.1627, acc: 0.9568
loss: 0.1630, acc: 0.9559
loss: 0.1669, acc: 0.9538
loss: 0.1680, acc: 0.9554
loss: 0.1662, acc: 0.9549
loss: 0.1703, acc: 0.9544
loss: 0.1661, acc: 0.9565
loss: 0.1650, acc: 0.9574
> val_acc: 0.7288, val_f1: 0.6886
> best_val_acc: 0.7461, best_val_f1: 0.7099
>>>>>>>>>>>>>>>>>>>>>>>>>>>>>>>>>>>>>>>>>>>>>>>>>>>>>>>>>>>>>>>>>>>>>>>>>>>>>>>>>>>>>>>>>>>>>>>>>>>>
epoch: 23
loss: 0.0966, acc: 0.9688
loss: 0.1412, acc: 0.9531
loss: 0.1313, acc: 0.9631
loss: 0.1370, acc: 0.9688
loss: 0.1315, acc: 0.9702
loss: 0.1292, acc: 0.9712
loss: 0.1266, acc: 0.9728
loss: 0.1259, acc: 0.9722
loss: 0.1304, acc: 0.9688
loss: 0.1356, acc: 0.9674
loss: 0.1328, acc: 0.9688
loss: 0.1337, acc: 0.9693
loss: 0.1335, acc: 0.9703
loss: 0.1345, acc: 0.9683
loss: 0.1382, acc: 0.9657
> val_acc: 0.7351, val_f1: 0.6942
> best_val_acc: 0.7461, best_val_f1: 0.7099
>>>>>>>>>>>>>>>>>>>>>>>>>>>>>>>>>>>>>>>>>>>>>>>>>>>>>>>>>>>>>>>>>>>>>>>>>>>>>>>>>>>>>>>>>>>>>>>>>>>>
epoch: 24
loss: 0.1169, acc: 0.9583
loss: 0.1201, acc: 0.9648
loss: 0.1095, acc: 0.9712
loss: 0.1119, acc: 0.9705
loss: 0.1206, acc: 0.9715
loss: 0.1147, acc: 0.9732
loss: 0.1146, acc: 0.9735
loss: 0.1156, acc: 0.9745
loss: 0.1155, acc: 0.9760
loss: 0.1171, acc: 0.9759
loss: 0.1169, acc: 0.9764
loss: 0.1188, acc: 0.9747
loss: 0.1190, acc: 0.9747
loss: 0.1200, acc: 0.9738
loss: 0.1196, acc: 0.9738
> val_acc: 0.7273, val_f1: 0.6716
> best_val_acc: 0.7461, best_val_f1: 0.7099
>>>>>>>>>>>>>>>>>>>>>>>>>>>>>>>>>>>>>>>>>>>>>>>>>>>>>>>>>>>>>>>>>>>>>>>>>>>>>>>>>>>>>>>>>>>>>>>>>>>>
epoch: 25
loss: 0.1740, acc: 0.9437
loss: 0.1624, acc: 0.9531
loss: 0.1366, acc: 0.9646
loss: 0.1275, acc: 0.9656
loss: 0.1267, acc: 0.9650
loss: 0.1260, acc: 0.9646
loss: 0.1207, acc: 0.9688
loss: 0.1170, acc: 0.9688
loss: 0.1118, acc: 0.9715
loss: 0.1090, acc: 0.9725
loss: 0.1102, acc: 0.9733
loss: 0.1080, acc: 0.9745
loss: 0.1067, acc: 0.9745
loss: 0.1094, acc: 0.9741
> val_acc: 0.7288, val_f1: 0.6845
> best_val_acc: 0.7461, best_val_f1: 0.7099
>>>>>>>>>>>>>>>>>>>>>>>>>>>>>>>>>>>>>>>>>>>>>>>>>>>>>>>>>>>>>>>>>>>>>>>>>>>>>>>>>>>>>>>>>>>>>>>>>>>>
epoch: 26
loss: 0.0919, acc: 0.9844
loss: 0.0816, acc: 0.9955
loss: 0.0731, acc: 0.9948
loss: 0.0883, acc: 0.9890
loss: 0.0862, acc: 0.9901
loss: 0.0919, acc: 0.9861
loss: 0.0905, acc: 0.9863
loss: 0.0894, acc: 0.9873
loss: 0.0913, acc: 0.9859
loss: 0.0879, acc: 0.9867
loss: 0.0885, acc: 0.9856
loss: 0.0873, acc: 0.9852
loss: 0.0882, acc: 0.9844
loss: 0.0896, acc: 0.9837
loss: 0.0905, acc: 0.9818
> val_acc: 0.7320, val_f1: 0.6853
> best_val_acc: 0.7461, best_val_f1: 0.7099
>>>>>>>>>>>>>>>>>>>>>>>>>>>>>>>>>>>>>>>>>>>>>>>>>>>>>>>>>>>>>>>>>>>>>>>>>>>>>>>>>>>>>>>>>>>>>>>>>>>>
epoch: 27
loss: 0.0631, acc: 0.9844
loss: 0.0730, acc: 0.9792
loss: 0.0704, acc: 0.9866
loss: 0.0707, acc: 0.9885
loss: 0.0736, acc: 0.9883
loss: 0.0718, acc: 0.9892
loss: 0.0771, acc: 0.9871
loss: 0.0811, acc: 0.9856
loss: 0.0793, acc: 0.9872
loss: 0.0777, acc: 0.9879
loss: 0.0778, acc: 0.9878
loss: 0.0790, acc: 0.9868
loss: 0.0835, acc: 0.9849
loss: 0.0847, acc: 0.9841
> val_acc: 0.7304, val_f1: 0.6742
> best_val_acc: 0.7461, best_val_f1: 0.7099
>>>>>>>>>>>>>>>>>>>>>>>>>>>>>>>>>>>>>>>>>>>>>>>>>>>>>>>>>>>>>>>>>>>>>>>>>>>>>>>>>>>>>>>>>>>>>>>>>>>>
epoch: 28
loss: 0.0327, acc: 1.0000
loss: 0.0826, acc: 0.9844
loss: 0.0828, acc: 0.9858
loss: 0.0780, acc: 0.9863
loss: 0.0768, acc: 0.9881
loss: 0.0755, acc: 0.9868
loss: 0.0747, acc: 0.9849
loss: 0.0765, acc: 0.9861
loss: 0.0742, acc: 0.9855
loss: 0.0754, acc: 0.9851
loss: 0.0741, acc: 0.9853
loss: 0.0731, acc: 0.9849
loss: 0.0759, acc: 0.9841
loss: 0.0752, acc: 0.9844
loss: 0.0765, acc: 0.9833
> val_acc: 0.7273, val_f1: 0.6857
> best_val_acc: 0.7461, best_val_f1: 0.7099
>>>>>>>>>>>>>>>>>>>>>>>>>>>>>>>>>>>>>>>>>>>>>>>>>>>>>>>>>>>>>>>>>>>>>>>>>>>>>>>>>>>>>>>>>>>>>>>>>>>>
epoch: 29
loss: 0.0567, acc: 0.9896
loss: 0.0537, acc: 0.9883
loss: 0.0578, acc: 0.9880
loss: 0.0563, acc: 0.9913
loss: 0.0616, acc: 0.9891
loss: 0.0640, acc: 0.9888
loss: 0.0656, acc: 0.9867
loss: 0.0643, acc: 0.9868
loss: 0.0652, acc: 0.9862
loss: 0.0658, acc: 0.9863
loss: 0.0654, acc: 0.9876
loss: 0.0666, acc: 0.9865
loss: 0.0688, acc: 0.9861
loss: 0.0677, acc: 0.9867
loss: 0.0681, acc: 0.9871
> val_acc: 0.7288, val_f1: 0.6782
> best_val_acc: 0.7461, best_val_f1: 0.7099
>> test_acc: 0.7461, test_f1: 0.6964
