n_trainable_params: 1248203, n_nontrainable_params: 1766132
> training arguments:
>>> model_name: igcn_embed
>>> model_ver: 3
>>> dataset: restaurant
>>> optimizer: <class 'torch.optim.adamax.Adamax'>
>>> initializer: <function xavier_uniform_ at 0x7f1fa29cbe18>
>>> learning_rate: 0.002
>>> momentum: 0.95
>>> dropout: 0.35
>>> l2reg: 5e-05
>>> num_epoch: 30
>>> batch_size: 32
>>> log_step: 5
>>> embed_dim: 436
>>> hidden_dim: 300
>>> bert_dim: 768
>>> pretrained_bert_name: bert-base-uncased
>>> embeddings: gd
>>> max_seq_len: 80
>>> polarities_dim: 3
>>> hops: 3
>>> device: cpu
>>> seed: 0
>>> valset_ratio: 0
>>> num_layers: 1
>>> in_channels: 100
>>> out_channels: 1
>>> downbot: 20
>>> kernel_size: 3
>>> position_dim: 100
>>> stanford_pos_model: C:/NLP_Programs/stanford-postagger-2018-10-16/models/english-bidirectional-distsim.tagger
>>> stanford_pos_jar: C:/NLP_Programs/stanford-postagger-2018-10-16/stanford-postagger.jar
>>> glove_path: ./embeddings/glove.840B.300d.txt
>>> embedding_matrix_path: gen_data/embeddings/400_restaurant_glove_domain_embedding_matrix.dat
>>> model_class: <class 'models.igcn.IGCN'>
>>> dataset_file: {'train': './datasets/semeval14/Restaurants_Train.xml.seg', 'test': './datasets/semeval14/Restaurants_Test_Gold.xml.seg'}
>>> inputs_cols: ['text_raw_indices', 'aspect_indices', 'pos_indices', 'aspect_pos_indices', 'position_indices']
>>>>>>>>>>>>>>>>>>>>>>>>>>>>>>>>>>>>>>>>>>>>>>>>>>>>>>>>>>>>>>>>>>>>>>>>>>>>>>>>>>>>>>>>>>>>>>>>>>>>
epoch: 0
loss: 1.1002, acc: 0.5125
loss: 1.0532, acc: 0.5344
loss: 1.0280, acc: 0.5479
loss: 0.9770, acc: 0.5734
loss: 0.9527, acc: 0.5850
loss: 0.9352, acc: 0.5906
loss: 0.9205, acc: 0.5938
loss: 0.9032, acc: 0.6023
loss: 0.8828, acc: 0.6132
loss: 0.8692, acc: 0.6206
loss: 0.8576, acc: 0.6267
loss: 0.8532, acc: 0.6266
loss: 0.8439, acc: 0.6298
loss: 0.8396, acc: 0.6312
loss: 0.8270, acc: 0.6388
loss: 0.8120, acc: 0.6457
loss: 0.7996, acc: 0.6504
loss: 0.7911, acc: 0.6576
loss: 0.7817, acc: 0.6618
loss: 0.7737, acc: 0.6672
loss: 0.7651, acc: 0.6720
loss: 0.7627, acc: 0.6736
> val_acc: 0.7634, val_f1: 0.6038
> best_val_acc: 0.0000, best_val_f1: 0.0000
>> saved: state_dict/igcn_embed_restaurant_val_acc0.7634
>>>>>>>>>>>>>>>>>>>>>>>>>>>>>>>>>>>>>>>>>>>>>>>>>>>>>>>>>>>>>>>>>>>>>>>>>>>>>>>>>>>>>>>>>>>>>>>>>>>>
epoch: 1
loss: 0.5121, acc: 0.7500
loss: 0.4842, acc: 0.8036
loss: 0.5103, acc: 0.7917
loss: 0.5234, acc: 0.7849
loss: 0.5355, acc: 0.7812
loss: 0.5447, acc: 0.7766
loss: 0.5227, acc: 0.7910
loss: 0.5229, acc: 0.7914
loss: 0.5263, acc: 0.7909
loss: 0.5279, acc: 0.7919
loss: 0.5227, acc: 0.7921
loss: 0.5236, acc: 0.7900
loss: 0.5237, acc: 0.7888
loss: 0.5197, acc: 0.7896
loss: 0.5184, acc: 0.7908
loss: 0.5226, acc: 0.7890
loss: 0.5238, acc: 0.7885
loss: 0.5239, acc: 0.7874
loss: 0.5237, acc: 0.7884
loss: 0.5239, acc: 0.7887
loss: 0.5246, acc: 0.7880
loss: 0.5241, acc: 0.7886
loss: 0.5237, acc: 0.7891
> val_acc: 0.7973, val_f1: 0.6693
> best_val_acc: 0.7634, best_val_f1: 0.6038
>> saved: state_dict/igcn_embed_restaurant_val_acc0.7973
>>>>>>>>>>>>>>>>>>>>>>>>>>>>>>>>>>>>>>>>>>>>>>>>>>>>>>>>>>>>>>>>>>>>>>>>>>>>>>>>>>>>>>>>>>>>>>>>>>>>
epoch: 2
loss: 0.4381, acc: 0.8359
loss: 0.4206, acc: 0.8472
loss: 0.4221, acc: 0.8393
loss: 0.4290, acc: 0.8289
loss: 0.4386, acc: 0.8229
loss: 0.4284, acc: 0.8308
loss: 0.4328, acc: 0.8318
loss: 0.4281, acc: 0.8325
loss: 0.4280, acc: 0.8324
loss: 0.4270, acc: 0.8323
loss: 0.4222, acc: 0.8339
loss: 0.4204, acc: 0.8347
loss: 0.4168, acc: 0.8394
loss: 0.4229, acc: 0.8383
loss: 0.4190, acc: 0.8404
loss: 0.4167, acc: 0.8418
loss: 0.4148, acc: 0.8438
loss: 0.4188, acc: 0.8413
loss: 0.4170, acc: 0.8411
loss: 0.4199, acc: 0.8390
loss: 0.4226, acc: 0.8380
loss: 0.4240, acc: 0.8377
> val_acc: 0.7982, val_f1: 0.6875
> best_val_acc: 0.7973, best_val_f1: 0.6693
>> saved: state_dict/igcn_embed_restaurant_val_acc0.7982
>>>>>>>>>>>>>>>>>>>>>>>>>>>>>>>>>>>>>>>>>>>>>>>>>>>>>>>>>>>>>>>>>>>>>>>>>>>>>>>>>>>>>>>>>>>>>>>>>>>>
epoch: 3
loss: 0.1913, acc: 0.9062
loss: 0.3350, acc: 0.8594
loss: 0.3657, acc: 0.8636
loss: 0.3375, acc: 0.8770
loss: 0.3455, acc: 0.8810
loss: 0.3373, acc: 0.8894
loss: 0.3352, acc: 0.8881
loss: 0.3320, acc: 0.8880
loss: 0.3255, acc: 0.8925
loss: 0.3246, acc: 0.8920
loss: 0.3199, acc: 0.8928
loss: 0.3206, acc: 0.8906
loss: 0.3243, acc: 0.8893
loss: 0.3294, acc: 0.8868
loss: 0.3367, acc: 0.8820
loss: 0.3386, acc: 0.8812
loss: 0.3418, acc: 0.8769
loss: 0.3437, acc: 0.8765
loss: 0.3412, acc: 0.8767
loss: 0.3393, acc: 0.8773
loss: 0.3370, acc: 0.8781
loss: 0.3379, acc: 0.8762
loss: 0.3365, acc: 0.8764
> val_acc: 0.7920, val_f1: 0.6569
> best_val_acc: 0.7982, best_val_f1: 0.6875
>>>>>>>>>>>>>>>>>>>>>>>>>>>>>>>>>>>>>>>>>>>>>>>>>>>>>>>>>>>>>>>>>>>>>>>>>>>>>>>>>>>>>>>>>>>>>>>>>>>>
epoch: 4
loss: 0.2810, acc: 0.9375
loss: 0.2535, acc: 0.9375
loss: 0.2403, acc: 0.9423
loss: 0.2312, acc: 0.9514
loss: 0.2340, acc: 0.9443
loss: 0.2332, acc: 0.9420
loss: 0.2273, acc: 0.9413
loss: 0.2255, acc: 0.9400
loss: 0.2311, acc: 0.9346
loss: 0.2321, acc: 0.9323
loss: 0.2344, acc: 0.9287
loss: 0.2386, acc: 0.9283
loss: 0.2456, acc: 0.9261
loss: 0.2462, acc: 0.9265
loss: 0.2428, acc: 0.9272
loss: 0.2422, acc: 0.9275
loss: 0.2424, acc: 0.9281
loss: 0.2468, acc: 0.9254
loss: 0.2492, acc: 0.9224
loss: 0.2469, acc: 0.9235
loss: 0.2463, acc: 0.9238
loss: 0.2461, acc: 0.9225
loss: 0.2500, acc: 0.9210
> val_acc: 0.8000, val_f1: 0.6930
> best_val_acc: 0.7982, best_val_f1: 0.6875
>> saved: state_dict/igcn_embed_restaurant_val_acc0.8
>>>>>>>>>>>>>>>>>>>>>>>>>>>>>>>>>>>>>>>>>>>>>>>>>>>>>>>>>>>>>>>>>>>>>>>>>>>>>>>>>>>>>>>>>>>>>>>>>>>>
epoch: 5
loss: 0.1436, acc: 0.9563
loss: 0.1627, acc: 0.9563
loss: 0.1754, acc: 0.9479
loss: 0.1727, acc: 0.9516
loss: 0.1766, acc: 0.9537
loss: 0.1820, acc: 0.9490
loss: 0.1814, acc: 0.9500
loss: 0.1803, acc: 0.9500
loss: 0.1816, acc: 0.9493
loss: 0.1818, acc: 0.9519
loss: 0.1838, acc: 0.9511
loss: 0.1884, acc: 0.9474
loss: 0.1898, acc: 0.9462
loss: 0.1869, acc: 0.9482
loss: 0.1851, acc: 0.9479
loss: 0.1876, acc: 0.9457
loss: 0.1888, acc: 0.9452
loss: 0.1902, acc: 0.9441
loss: 0.1912, acc: 0.9431
loss: 0.1930, acc: 0.9413
loss: 0.1902, acc: 0.9426
loss: 0.1901, acc: 0.9423
> val_acc: 0.7875, val_f1: 0.6602
> best_val_acc: 0.8000, best_val_f1: 0.6930
>>>>>>>>>>>>>>>>>>>>>>>>>>>>>>>>>>>>>>>>>>>>>>>>>>>>>>>>>>>>>>>>>>>>>>>>>>>>>>>>>>>>>>>>>>>>>>>>>>>>
epoch: 6
loss: 0.0981, acc: 0.9844
loss: 0.1400, acc: 0.9688
loss: 0.1316, acc: 0.9661
loss: 0.1265, acc: 0.9743
loss: 0.1282, acc: 0.9744
loss: 0.1318, acc: 0.9699
loss: 0.1344, acc: 0.9707
loss: 0.1319, acc: 0.9730
loss: 0.1339, acc: 0.9695
loss: 0.1330, acc: 0.9688
loss: 0.1341, acc: 0.9675
loss: 0.1328, acc: 0.9677
loss: 0.1328, acc: 0.9672
loss: 0.1337, acc: 0.9688
loss: 0.1323, acc: 0.9688
loss: 0.1316, acc: 0.9688
loss: 0.1330, acc: 0.9680
loss: 0.1314, acc: 0.9688
loss: 0.1302, acc: 0.9688
loss: 0.1327, acc: 0.9665
loss: 0.1348, acc: 0.9651
loss: 0.1365, acc: 0.9644
loss: 0.1376, acc: 0.9640
> val_acc: 0.7893, val_f1: 0.6746
> best_val_acc: 0.8000, best_val_f1: 0.6930
>>>>>>>>>>>>>>>>>>>>>>>>>>>>>>>>>>>>>>>>>>>>>>>>>>>>>>>>>>>>>>>>>>>>>>>>>>>>>>>>>>>>>>>>>>>>>>>>>>>>
epoch: 7
loss: 0.1142, acc: 0.9922
loss: 0.1099, acc: 0.9896
loss: 0.1099, acc: 0.9844
loss: 0.1080, acc: 0.9819
loss: 0.1057, acc: 0.9831
loss: 0.1036, acc: 0.9817
loss: 0.1015, acc: 0.9835
loss: 0.1033, acc: 0.9824
loss: 0.1009, acc: 0.9837
loss: 0.0997, acc: 0.9834
loss: 0.0982, acc: 0.9826
loss: 0.0982, acc: 0.9815
loss: 0.0981, acc: 0.9819
loss: 0.0976, acc: 0.9828
loss: 0.0956, acc: 0.9831
loss: 0.0961, acc: 0.9834
loss: 0.0977, acc: 0.9825
loss: 0.0999, acc: 0.9800
loss: 0.1008, acc: 0.9791
loss: 0.1020, acc: 0.9779
loss: 0.1018, acc: 0.9784
loss: 0.1021, acc: 0.9776
> val_acc: 0.7902, val_f1: 0.6550
> best_val_acc: 0.8000, best_val_f1: 0.6930
>>>>>>>>>>>>>>>>>>>>>>>>>>>>>>>>>>>>>>>>>>>>>>>>>>>>>>>>>>>>>>>>>>>>>>>>>>>>>>>>>>>>>>>>>>>>>>>>>>>>
epoch: 8
loss: 0.0835, acc: 1.0000
loss: 0.0743, acc: 0.9896
loss: 0.0664, acc: 0.9915
loss: 0.0667, acc: 0.9902
loss: 0.0685, acc: 0.9881
loss: 0.0682, acc: 0.9880
loss: 0.0682, acc: 0.9899
loss: 0.0680, acc: 0.9887
loss: 0.0684, acc: 0.9893
loss: 0.0672, acc: 0.9898
loss: 0.0661, acc: 0.9902
loss: 0.0671, acc: 0.9900
loss: 0.0678, acc: 0.9898
loss: 0.0677, acc: 0.9905
loss: 0.0655, acc: 0.9912
loss: 0.0635, acc: 0.9918
loss: 0.0636, acc: 0.9911
loss: 0.0644, acc: 0.9909
loss: 0.0644, acc: 0.9904
loss: 0.0646, acc: 0.9902
loss: 0.0653, acc: 0.9898
loss: 0.0650, acc: 0.9903
loss: 0.0649, acc: 0.9904
> val_acc: 0.7946, val_f1: 0.6910
> best_val_acc: 0.8000, best_val_f1: 0.6930
>>>>>>>>>>>>>>>>>>>>>>>>>>>>>>>>>>>>>>>>>>>>>>>>>>>>>>>>>>>>>>>>>>>>>>>>>>>>>>>>>>>>>>>>>>>>>>>>>>>>
epoch: 9
loss: 0.0392, acc: 1.0000
loss: 0.0509, acc: 0.9961
loss: 0.0487, acc: 0.9952
loss: 0.0481, acc: 0.9965
loss: 0.0474, acc: 0.9959
loss: 0.0470, acc: 0.9967
loss: 0.0464, acc: 0.9972
loss: 0.0458, acc: 0.9975
loss: 0.0453, acc: 0.9978
loss: 0.0455, acc: 0.9967
loss: 0.0455, acc: 0.9971
loss: 0.0448, acc: 0.9973
loss: 0.0451, acc: 0.9970
loss: 0.0446, acc: 0.9968
loss: 0.0445, acc: 0.9970
loss: 0.0441, acc: 0.9972
loss: 0.0452, acc: 0.9962
loss: 0.0453, acc: 0.9964
loss: 0.0442, acc: 0.9966
loss: 0.0449, acc: 0.9955
loss: 0.0466, acc: 0.9948
loss: 0.0467, acc: 0.9945
loss: 0.0469, acc: 0.9947
> val_acc: 0.7902, val_f1: 0.6513
> best_val_acc: 0.8000, best_val_f1: 0.6930
>>>>>>>>>>>>>>>>>>>>>>>>>>>>>>>>>>>>>>>>>>>>>>>>>>>>>>>>>>>>>>>>>>>>>>>>>>>>>>>>>>>>>>>>>>>>>>>>>>>>
epoch: 10
loss: 0.0380, acc: 0.9875
loss: 0.0364, acc: 0.9938
loss: 0.0374, acc: 0.9938
loss: 0.0357, acc: 0.9953
loss: 0.0341, acc: 0.9962
loss: 0.0315, acc: 0.9969
loss: 0.0320, acc: 0.9973
loss: 0.0318, acc: 0.9977
loss: 0.0322, acc: 0.9979
loss: 0.0321, acc: 0.9975
loss: 0.0323, acc: 0.9972
loss: 0.0336, acc: 0.9969
loss: 0.0343, acc: 0.9962
loss: 0.0341, acc: 0.9964
loss: 0.0340, acc: 0.9962
loss: 0.0346, acc: 0.9965
loss: 0.0345, acc: 0.9967
loss: 0.0349, acc: 0.9962
loss: 0.0355, acc: 0.9957
loss: 0.0360, acc: 0.9959
loss: 0.0362, acc: 0.9958
loss: 0.0370, acc: 0.9957
> val_acc: 0.7902, val_f1: 0.6407
> best_val_acc: 0.8000, best_val_f1: 0.6930
>>>>>>>>>>>>>>>>>>>>>>>>>>>>>>>>>>>>>>>>>>>>>>>>>>>>>>>>>>>>>>>>>>>>>>>>>>>>>>>>>>>>>>>>>>>>>>>>>>>>
epoch: 11
loss: 0.0580, acc: 0.9844
loss: 0.0382, acc: 0.9955
loss: 0.0354, acc: 0.9948
loss: 0.0325, acc: 0.9963
loss: 0.0312, acc: 0.9972
loss: 0.0293, acc: 0.9977
loss: 0.0288, acc: 0.9980
loss: 0.0291, acc: 0.9983
loss: 0.0289, acc: 0.9978
loss: 0.0309, acc: 0.9967
loss: 0.0327, acc: 0.9958
loss: 0.0339, acc: 0.9956
loss: 0.0333, acc: 0.9960
loss: 0.0326, acc: 0.9963
loss: 0.0320, acc: 0.9965
loss: 0.0314, acc: 0.9968
loss: 0.0315, acc: 0.9966
loss: 0.0312, acc: 0.9968
loss: 0.0318, acc: 0.9969
loss: 0.0319, acc: 0.9968
loss: 0.0318, acc: 0.9969
loss: 0.0311, acc: 0.9971
loss: 0.0309, acc: 0.9969
> val_acc: 0.7955, val_f1: 0.6771
> best_val_acc: 0.8000, best_val_f1: 0.6930
>>>>>>>>>>>>>>>>>>>>>>>>>>>>>>>>>>>>>>>>>>>>>>>>>>>>>>>>>>>>>>>>>>>>>>>>>>>>>>>>>>>>>>>>>>>>>>>>>>>>
epoch: 12
loss: 0.0266, acc: 1.0000
loss: 0.0245, acc: 1.0000
loss: 0.0217, acc: 1.0000
loss: 0.0202, acc: 1.0000
loss: 0.0205, acc: 0.9987
loss: 0.0215, acc: 0.9989
loss: 0.0210, acc: 0.9991
loss: 0.0207, acc: 0.9992
loss: 0.0205, acc: 0.9986
loss: 0.0205, acc: 0.9987
loss: 0.0206, acc: 0.9983
loss: 0.0202, acc: 0.9984
loss: 0.0199, acc: 0.9985
loss: 0.0206, acc: 0.9986
loss: 0.0204, acc: 0.9983
loss: 0.0210, acc: 0.9980
loss: 0.0209, acc: 0.9981
loss: 0.0207, acc: 0.9982
loss: 0.0206, acc: 0.9983
loss: 0.0214, acc: 0.9984
loss: 0.0219, acc: 0.9982
loss: 0.0217, acc: 0.9983
> val_acc: 0.7937, val_f1: 0.6813
> best_val_acc: 0.8000, best_val_f1: 0.6930
>>>>>>>>>>>>>>>>>>>>>>>>>>>>>>>>>>>>>>>>>>>>>>>>>>>>>>>>>>>>>>>>>>>>>>>>>>>>>>>>>>>>>>>>>>>>>>>>>>>>
epoch: 13
loss: 0.0125, acc: 1.0000
loss: 0.0150, acc: 1.0000
loss: 0.0143, acc: 1.0000
loss: 0.0133, acc: 1.0000
loss: 0.0132, acc: 1.0000
loss: 0.0130, acc: 1.0000
loss: 0.0135, acc: 1.0000
loss: 0.0130, acc: 1.0000
loss: 0.0128, acc: 1.0000
loss: 0.0145, acc: 0.9993
loss: 0.0151, acc: 0.9994
loss: 0.0157, acc: 0.9989
loss: 0.0161, acc: 0.9990
loss: 0.0158, acc: 0.9991
loss: 0.0154, acc: 0.9991
loss: 0.0154, acc: 0.9992
loss: 0.0156, acc: 0.9992
loss: 0.0155, acc: 0.9993
loss: 0.0155, acc: 0.9993
loss: 0.0156, acc: 0.9993
loss: 0.0156, acc: 0.9994
loss: 0.0157, acc: 0.9994
loss: 0.0156, acc: 0.9994
> val_acc: 0.7964, val_f1: 0.6832
> best_val_acc: 0.8000, best_val_f1: 0.6930
>>>>>>>>>>>>>>>>>>>>>>>>>>>>>>>>>>>>>>>>>>>>>>>>>>>>>>>>>>>>>>>>>>>>>>>>>>>>>>>>>>>>>>>>>>>>>>>>>>>>
epoch: 14
loss: 0.0124, acc: 1.0000
loss: 0.0123, acc: 1.0000
loss: 0.0106, acc: 1.0000
loss: 0.0109, acc: 1.0000
loss: 0.0117, acc: 0.9986
loss: 0.0116, acc: 0.9989
loss: 0.0112, acc: 0.9991
loss: 0.0111, acc: 0.9992
loss: 0.0110, acc: 0.9993
loss: 0.0108, acc: 0.9993
loss: 0.0107, acc: 0.9994
loss: 0.0110, acc: 0.9995
loss: 0.0110, acc: 0.9995
loss: 0.0109, acc: 0.9995
loss: 0.0108, acc: 0.9996
loss: 0.0110, acc: 0.9996
loss: 0.0109, acc: 0.9996
loss: 0.0109, acc: 0.9996
loss: 0.0108, acc: 0.9997
loss: 0.0108, acc: 0.9997
loss: 0.0106, acc: 0.9997
loss: 0.0110, acc: 0.9994
loss: 0.0110, acc: 0.9994
> val_acc: 0.7911, val_f1: 0.6712
> best_val_acc: 0.8000, best_val_f1: 0.6930
>>>>>>>>>>>>>>>>>>>>>>>>>>>>>>>>>>>>>>>>>>>>>>>>>>>>>>>>>>>>>>>>>>>>>>>>>>>>>>>>>>>>>>>>>>>>>>>>>>>>
epoch: 15
loss: 0.0112, acc: 1.0000
loss: 0.0094, acc: 1.0000
loss: 0.0086, acc: 1.0000
loss: 0.0085, acc: 1.0000
loss: 0.0082, acc: 1.0000
loss: 0.0082, acc: 1.0000
loss: 0.0079, acc: 1.0000
loss: 0.0084, acc: 1.0000
loss: 0.0083, acc: 1.0000
loss: 0.0084, acc: 1.0000
loss: 0.0087, acc: 1.0000
loss: 0.0089, acc: 1.0000
loss: 0.0087, acc: 1.0000
loss: 0.0087, acc: 1.0000
loss: 0.0086, acc: 1.0000
loss: 0.0089, acc: 1.0000
loss: 0.0090, acc: 1.0000
loss: 0.0090, acc: 1.0000
loss: 0.0098, acc: 0.9997
loss: 0.0100, acc: 0.9997
loss: 0.0103, acc: 0.9994
loss: 0.0113, acc: 0.9989
> val_acc: 0.7804, val_f1: 0.6420
> best_val_acc: 0.8000, best_val_f1: 0.6930
>>>>>>>>>>>>>>>>>>>>>>>>>>>>>>>>>>>>>>>>>>>>>>>>>>>>>>>>>>>>>>>>>>>>>>>>>>>>>>>>>>>>>>>>>>>>>>>>>>>>
epoch: 16
loss: 0.0085, acc: 1.0000
loss: 0.0101, acc: 1.0000
loss: 0.0107, acc: 1.0000
loss: 0.0111, acc: 1.0000
loss: 0.0103, acc: 1.0000
loss: 0.0105, acc: 1.0000
loss: 0.0105, acc: 1.0000
loss: 0.0101, acc: 1.0000
loss: 0.0100, acc: 1.0000
loss: 0.0097, acc: 1.0000
loss: 0.0098, acc: 1.0000
loss: 0.0111, acc: 0.9989
loss: 0.0109, acc: 0.9990
loss: 0.0108, acc: 0.9991
loss: 0.0105, acc: 0.9991
loss: 0.0104, acc: 0.9992
loss: 0.0101, acc: 0.9992
loss: 0.0101, acc: 0.9993
loss: 0.0100, acc: 0.9993
