n_trainable_params: 538203, n_nontrainable_params: 347432
> training arguments:
>>> model_name: igcn_embed
>>> model_ver: 3
>>> dataset: laptop
>>> optimizer: <class 'torch.optim.adamax.Adamax'>
>>> initializer: <function xavier_uniform_ at 0x7f2c141c4e18>
>>> learning_rate: 0.002
>>> momentum: 0.95
>>> dropout: 0.35
>>> l2reg: 5e-05
>>> num_epoch: 30
>>> batch_size: 32
>>> log_step: 5
>>> embed_dim: 136
>>> hidden_dim: 300
>>> bert_dim: 768
>>> pretrained_bert_name: bert-base-uncased
>>> embeddings: d
>>> max_seq_len: 180
>>> polarities_dim: 3
>>> hops: 3
>>> device: cpu
>>> seed: 0
>>> valset_ratio: 0
>>> num_layers: 1
>>> in_channels: 100
>>> out_channels: 1
>>> downbot: 20
>>> kernel_size: 3
>>> position_dim: 100
>>> stanford_pos_model: C:/NLP_Programs/stanford-postagger-2018-10-16/models/english-bidirectional-distsim.tagger
>>> stanford_pos_jar: C:/NLP_Programs/stanford-postagger-2018-10-16/stanford-postagger.jar
>>> glove_path: ./embeddings/glove.840B.300d.txt
>>> embedding_matrix_path: gen_data/embeddings/100_laptop_domain_embedding_matrix.dat
>>> model_class: <class 'models.igcn.IGCN'>
>>> dataset_file: {'train': './datasets/semeval14/Laptops_Train.xml.seg', 'test': './datasets/semeval14/Laptops_Test_Gold.xml.seg'}
>>> inputs_cols: ['text_raw_indices', 'aspect_indices', 'pos_indices', 'aspect_pos_indices', 'position_indices']
>>>>>>>>>>>>>>>>>>>>>>>>>>>>>>>>>>>>>>>>>>>>>>>>>>>>>>>>>>>>>>>>>>>>>>>>>>>>>>>>>>>>>>>>>>>>>>>>>>>>
epoch: 0
loss: 1.0966, acc: 0.4688
loss: 1.0488, acc: 0.5062
loss: 1.0223, acc: 0.5042
loss: 0.9951, acc: 0.5375
loss: 0.9677, acc: 0.5575
loss: 0.9457, acc: 0.5656
loss: 0.9276, acc: 0.5795
loss: 0.9198, acc: 0.5867
loss: 0.9119, acc: 0.5903
loss: 0.9016, acc: 0.5988
loss: 0.8977, acc: 0.5989
loss: 0.8959, acc: 0.5969
loss: 0.8955, acc: 0.5938
loss: 0.8893, acc: 0.5982
> val_acc: 0.6270, val_f1: 0.4613
> best_val_acc: 0.0000, best_val_f1: 0.0000
>> saved: state_dict/igcn_embed_laptop_val_acc0.627
>>>>>>>>>>>>>>>>>>>>>>>>>>>>>>>>>>>>>>>>>>>>>>>>>>>>>>>>>>>>>>>>>>>>>>>>>>>>>>>>>>>>>>>>>>>>>>>>>>>>
epoch: 1
loss: 0.8468, acc: 0.5781
loss: 0.7878, acc: 0.6250
loss: 0.7533, acc: 0.6745
loss: 0.7268, acc: 0.6912
loss: 0.7301, acc: 0.6875
loss: 0.7313, acc: 0.6863
loss: 0.7158, acc: 0.7002
loss: 0.7046, acc: 0.7019
loss: 0.6965, acc: 0.7068
loss: 0.6831, acc: 0.7188
loss: 0.6805, acc: 0.7194
loss: 0.6831, acc: 0.7209
loss: 0.6831, acc: 0.7203
loss: 0.6794, acc: 0.7220
loss: 0.6744, acc: 0.7222
> val_acc: 0.6630, val_f1: 0.5330
> best_val_acc: 0.6270, best_val_f1: 0.4613
>> saved: state_dict/igcn_embed_laptop_val_acc0.663
>>>>>>>>>>>>>>>>>>>>>>>>>>>>>>>>>>>>>>>>>>>>>>>>>>>>>>>>>>>>>>>>>>>>>>>>>>>>>>>>>>>>>>>>>>>>>>>>>>>>
epoch: 2
loss: 0.5752, acc: 0.7812
loss: 0.5482, acc: 0.8021
loss: 0.5618, acc: 0.7835
loss: 0.5699, acc: 0.7829
loss: 0.5708, acc: 0.7786
loss: 0.5634, acc: 0.7716
loss: 0.5639, acc: 0.7748
loss: 0.5616, acc: 0.7748
loss: 0.5553, acc: 0.7812
loss: 0.5541, acc: 0.7844
loss: 0.5562, acc: 0.7818
loss: 0.5499, acc: 0.7865
loss: 0.5493, acc: 0.7881
loss: 0.5481, acc: 0.7871
> val_acc: 0.7053, val_f1: 0.6316
> best_val_acc: 0.6630, best_val_f1: 0.5330
>> saved: state_dict/igcn_embed_laptop_val_acc0.7053
>>>>>>>>>>>>>>>>>>>>>>>>>>>>>>>>>>>>>>>>>>>>>>>>>>>>>>>>>>>>>>>>>>>>>>>>>>>>>>>>>>>>>>>>>>>>>>>>>>>>
epoch: 3
loss: 0.4076, acc: 0.9062
loss: 0.4879, acc: 0.8542
loss: 0.4397, acc: 0.8665
loss: 0.4470, acc: 0.8574
loss: 0.4495, acc: 0.8467
loss: 0.4563, acc: 0.8438
loss: 0.4514, acc: 0.8448
loss: 0.4553, acc: 0.8420
loss: 0.4529, acc: 0.8407
loss: 0.4500, acc: 0.8376
loss: 0.4469, acc: 0.8407
loss: 0.4429, acc: 0.8415
loss: 0.4400, acc: 0.8422
loss: 0.4398, acc: 0.8423
loss: 0.4391, acc: 0.8420
> val_acc: 0.6881, val_f1: 0.5833
> best_val_acc: 0.7053, best_val_f1: 0.6316
>>>>>>>>>>>>>>>>>>>>>>>>>>>>>>>>>>>>>>>>>>>>>>>>>>>>>>>>>>>>>>>>>>>>>>>>>>>>>>>>>>>>>>>>>>>>>>>>>>>>
epoch: 4
loss: 0.3700, acc: 0.8333
loss: 0.3091, acc: 0.8945
loss: 0.3347, acc: 0.8846
loss: 0.3525, acc: 0.8819
loss: 0.3575, acc: 0.8750
loss: 0.3574, acc: 0.8739
loss: 0.3514, acc: 0.8807
loss: 0.3523, acc: 0.8799
loss: 0.3489, acc: 0.8801
loss: 0.3503, acc: 0.8770
loss: 0.3506, acc: 0.8785
loss: 0.3494, acc: 0.8820
loss: 0.3498, acc: 0.8814
loss: 0.3497, acc: 0.8796
loss: 0.3523, acc: 0.8789
> val_acc: 0.7006, val_f1: 0.6247
> best_val_acc: 0.7053, best_val_f1: 0.6316
>>>>>>>>>>>>>>>>>>>>>>>>>>>>>>>>>>>>>>>>>>>>>>>>>>>>>>>>>>>>>>>>>>>>>>>>>>>>>>>>>>>>>>>>>>>>>>>>>>>>
epoch: 5
loss: 0.3364, acc: 0.8938
loss: 0.3038, acc: 0.9187
loss: 0.2775, acc: 0.9354
loss: 0.2771, acc: 0.9234
loss: 0.2659, acc: 0.9337
loss: 0.2631, acc: 0.9323
loss: 0.2688, acc: 0.9277
loss: 0.2704, acc: 0.9273
loss: 0.2697, acc: 0.9271
loss: 0.2754, acc: 0.9244
loss: 0.2749, acc: 0.9222
loss: 0.2717, acc: 0.9234
loss: 0.2729, acc: 0.9240
loss: 0.2730, acc: 0.9232
> val_acc: 0.7414, val_f1: 0.6926
> best_val_acc: 0.7053, best_val_f1: 0.6316
>> saved: state_dict/igcn_embed_laptop_val_acc0.7414
>>>>>>>>>>>>>>>>>>>>>>>>>>>>>>>>>>>>>>>>>>>>>>>>>>>>>>>>>>>>>>>>>>>>>>>>>>>>>>>>>>>>>>>>>>>>>>>>>>>>
epoch: 6
loss: 0.1784, acc: 0.9844
loss: 0.2484, acc: 0.9554
loss: 0.2326, acc: 0.9531
loss: 0.2236, acc: 0.9559
loss: 0.2053, acc: 0.9659
loss: 0.2062, acc: 0.9641
loss: 0.2126, acc: 0.9570
loss: 0.2115, acc: 0.9578
loss: 0.2117, acc: 0.9539
loss: 0.2098, acc: 0.9555
loss: 0.2066, acc: 0.9561
loss: 0.2068, acc: 0.9561
loss: 0.2075, acc: 0.9556
loss: 0.2054, acc: 0.9557
loss: 0.2060, acc: 0.9531
> val_acc: 0.7194, val_f1: 0.6489
> best_val_acc: 0.7414, best_val_f1: 0.6926
>>>>>>>>>>>>>>>>>>>>>>>>>>>>>>>>>>>>>>>>>>>>>>>>>>>>>>>>>>>>>>>>>>>>>>>>>>>>>>>>>>>>>>>>>>>>>>>>>>>>
epoch: 7
loss: 0.1488, acc: 0.9766
loss: 0.1462, acc: 0.9826
loss: 0.1528, acc: 0.9777
loss: 0.1460, acc: 0.9770
loss: 0.1456, acc: 0.9753
loss: 0.1410, acc: 0.9774
loss: 0.1428, acc: 0.9743
loss: 0.1461, acc: 0.9744
loss: 0.1456, acc: 0.9744
loss: 0.1440, acc: 0.9745
loss: 0.1471, acc: 0.9722
loss: 0.1481, acc: 0.9719
loss: 0.1468, acc: 0.9736
loss: 0.1483, acc: 0.9728
> val_acc: 0.7116, val_f1: 0.6473
> best_val_acc: 0.7414, best_val_f1: 0.6926
>>>>>>>>>>>>>>>>>>>>>>>>>>>>>>>>>>>>>>>>>>>>>>>>>>>>>>>>>>>>>>>>>>>>>>>>>>>>>>>>>>>>>>>>>>>>>>>>>>>>
epoch: 8
loss: 0.1724, acc: 0.9688
loss: 0.1263, acc: 0.9792
loss: 0.1190, acc: 0.9773
loss: 0.1125, acc: 0.9844
loss: 0.1111, acc: 0.9851
loss: 0.1117, acc: 0.9868
loss: 0.1070, acc: 0.9879
loss: 0.1089, acc: 0.9870
loss: 0.1090, acc: 0.9878
loss: 0.1096, acc: 0.9885
loss: 0.1071, acc: 0.9884
loss: 0.1067, acc: 0.9894
loss: 0.1057, acc: 0.9898
loss: 0.1076, acc: 0.9891
loss: 0.1089, acc: 0.9877
> val_acc: 0.7147, val_f1: 0.6477
> best_val_acc: 0.7414, best_val_f1: 0.6926
>>>>>>>>>>>>>>>>>>>>>>>>>>>>>>>>>>>>>>>>>>>>>>>>>>>>>>>>>>>>>>>>>>>>>>>>>>>>>>>>>>>>>>>>>>>>>>>>>>>>
epoch: 9
loss: 0.0903, acc: 0.9896
loss: 0.0681, acc: 0.9961
loss: 0.0677, acc: 0.9976
loss: 0.0635, acc: 0.9983
loss: 0.0664, acc: 0.9973
loss: 0.0705, acc: 0.9967
loss: 0.0733, acc: 0.9962
loss: 0.0726, acc: 0.9967
loss: 0.0726, acc: 0.9964
loss: 0.0725, acc: 0.9961
loss: 0.0747, acc: 0.9953
loss: 0.0759, acc: 0.9952
loss: 0.0774, acc: 0.9950
loss: 0.0772, acc: 0.9949
loss: 0.0759, acc: 0.9953
> val_acc: 0.7163, val_f1: 0.6536
> best_val_acc: 0.7414, best_val_f1: 0.6926
>>>>>>>>>>>>>>>>>>>>>>>>>>>>>>>>>>>>>>>>>>>>>>>>>>>>>>>>>>>>>>>>>>>>>>>>>>>>>>>>>>>>>>>>>>>>>>>>>>>>
epoch: 10
loss: 0.0625, acc: 1.0000
loss: 0.0556, acc: 1.0000
loss: 0.0543, acc: 1.0000
loss: 0.0580, acc: 0.9969
loss: 0.0566, acc: 0.9962
loss: 0.0574, acc: 0.9958
loss: 0.0579, acc: 0.9964
loss: 0.0581, acc: 0.9969
loss: 0.0575, acc: 0.9972
loss: 0.0565, acc: 0.9975
loss: 0.0561, acc: 0.9977
loss: 0.0559, acc: 0.9979
loss: 0.0549, acc: 0.9981
loss: 0.0556, acc: 0.9978
> val_acc: 0.7179, val_f1: 0.6500
> best_val_acc: 0.7414, best_val_f1: 0.6926
>>>>>>>>>>>>>>>>>>>>>>>>>>>>>>>>>>>>>>>>>>>>>>>>>>>>>>>>>>>>>>>>>>>>>>>>>>>>>>>>>>>>>>>>>>>>>>>>>>>>
epoch: 11
loss: 0.0349, acc: 1.0000
loss: 0.0406, acc: 1.0000
loss: 0.0417, acc: 1.0000
loss: 0.0413, acc: 0.9982
loss: 0.0393, acc: 0.9986
loss: 0.0411, acc: 0.9988
loss: 0.0402, acc: 0.9990
loss: 0.0410, acc: 0.9992
loss: 0.0418, acc: 0.9985
loss: 0.0419, acc: 0.9987
loss: 0.0421, acc: 0.9982
loss: 0.0414, acc: 0.9984
loss: 0.0410, acc: 0.9985
loss: 0.0404, acc: 0.9986
loss: 0.0403, acc: 0.9987
> val_acc: 0.7147, val_f1: 0.6493
> best_val_acc: 0.7414, best_val_f1: 0.6926
>>>>>>>>>>>>>>>>>>>>>>>>>>>>>>>>>>>>>>>>>>>>>>>>>>>>>>>>>>>>>>>>>>>>>>>>>>>>>>>>>>>>>>>>>>>>>>>>>>>>
epoch: 12
loss: 0.0351, acc: 1.0000
loss: 0.0263, acc: 1.0000
loss: 0.0286, acc: 1.0000
loss: 0.0300, acc: 1.0000
loss: 0.0289, acc: 1.0000
loss: 0.0292, acc: 1.0000
loss: 0.0307, acc: 1.0000
loss: 0.0315, acc: 1.0000
loss: 0.0312, acc: 1.0000
loss: 0.0316, acc: 1.0000
loss: 0.0310, acc: 1.0000
loss: 0.0309, acc: 1.0000
loss: 0.0311, acc: 1.0000
loss: 0.0308, acc: 1.0000
> val_acc: 0.7241, val_f1: 0.6575
> best_val_acc: 0.7414, best_val_f1: 0.6926
>>>>>>>>>>>>>>>>>>>>>>>>>>>>>>>>>>>>>>>>>>>>>>>>>>>>>>>>>>>>>>>>>>>>>>>>>>>>>>>>>>>>>>>>>>>>>>>>>>>>
epoch: 13
loss: 0.0266, acc: 1.0000
loss: 0.0221, acc: 1.0000
loss: 0.0218, acc: 1.0000
loss: 0.0220, acc: 1.0000
loss: 0.0220, acc: 1.0000
loss: 0.0235, acc: 1.0000
loss: 0.0239, acc: 1.0000
loss: 0.0237, acc: 1.0000
loss: 0.0236, acc: 1.0000
loss: 0.0241, acc: 1.0000
loss: 0.0240, acc: 1.0000
loss: 0.0241, acc: 1.0000
loss: 0.0243, acc: 1.0000
loss: 0.0241, acc: 1.0000
loss: 0.0242, acc: 1.0000
> val_acc: 0.7257, val_f1: 0.6702
> best_val_acc: 0.7414, best_val_f1: 0.6926
>>>>>>>>>>>>>>>>>>>>>>>>>>>>>>>>>>>>>>>>>>>>>>>>>>>>>>>>>>>>>>>>>>>>>>>>>>>>>>>>>>>>>>>>>>>>>>>>>>>>
epoch: 14
loss: 0.0212, acc: 1.0000
loss: 0.0215, acc: 0.9961
loss: 0.0208, acc: 0.9976
loss: 0.0201, acc: 0.9983
loss: 0.0210, acc: 0.9986
loss: 0.0203, acc: 0.9989
loss: 0.0202, acc: 0.9991
loss: 0.0200, acc: 0.9992
loss: 0.0201, acc: 0.9993
loss: 0.0196, acc: 0.9993
loss: 0.0196, acc: 0.9994
loss: 0.0193, acc: 0.9995
loss: 0.0189, acc: 0.9995
loss: 0.0191, acc: 0.9995
loss: 0.0191, acc: 0.9996
> val_acc: 0.7241, val_f1: 0.6613
> best_val_acc: 0.7414, best_val_f1: 0.6926
>>>>>>>>>>>>>>>>>>>>>>>>>>>>>>>>>>>>>>>>>>>>>>>>>>>>>>>>>>>>>>>>>>>>>>>>>>>>>>>>>>>>>>>>>>>>>>>>>>>>
epoch: 15
loss: 0.0164, acc: 1.0000
loss: 0.0154, acc: 1.0000
loss: 0.0148, acc: 1.0000
loss: 0.0142, acc: 1.0000
loss: 0.0142, acc: 1.0000
loss: 0.0143, acc: 1.0000
loss: 0.0139, acc: 1.0000
loss: 0.0137, acc: 1.0000
loss: 0.0136, acc: 1.0000
loss: 0.0134, acc: 1.0000
loss: 0.0133, acc: 1.0000
loss: 0.0137, acc: 1.0000
loss: 0.0139, acc: 1.0000
loss: 0.0141, acc: 1.0000
> val_acc: 0.7226, val_f1: 0.6687
> best_val_acc: 0.7414, best_val_f1: 0.6926
>>>>>>>>>>>>>>>>>>>>>>>>>>>>>>>>>>>>>>>>>>>>>>>>>>>>>>>>>>>>>>>>>>>>>>>>>>>>>>>>>>>>>>>>>>>>>>>>>>>>
epoch: 16
loss: 0.0152, acc: 1.0000
loss: 0.0137, acc: 1.0000
loss: 0.0131, acc: 1.0000
loss: 0.0125, acc: 1.0000
loss: 0.0122, acc: 1.0000
loss: 0.0121, acc: 1.0000
loss: 0.0121, acc: 1.0000
loss: 0.0119, acc: 1.0000
loss: 0.0120, acc: 1.0000
loss: 0.0121, acc: 1.0000
loss: 0.0122, acc: 1.0000
loss: 0.0122, acc: 1.0000
loss: 0.0124, acc: 1.0000
loss: 0.0127, acc: 1.0000
loss: 0.0125, acc: 1.0000
> val_acc: 0.7226, val_f1: 0.6563
> best_val_acc: 0.7414, best_val_f1: 0.6926
>>>>>>>>>>>>>>>>>>>>>>>>>>>>>>>>>>>>>>>>>>>>>>>>>>>>>>>>>>>>>>>>>>>>>>>>>>>>>>>>>>>>>>>>>>>>>>>>>>>>
epoch: 17
loss: 0.0084, acc: 1.0000
loss: 0.0091, acc: 1.0000
loss: 0.0094, acc: 1.0000
loss: 0.0094, acc: 1.0000
loss: 0.0097, acc: 1.0000
loss: 0.0097, acc: 1.0000
loss: 0.0097, acc: 1.0000
loss: 0.0101, acc: 1.0000
loss: 0.0100, acc: 1.0000
loss: 0.0101, acc: 1.0000
loss: 0.0100, acc: 1.0000
loss: 0.0100, acc: 1.0000
loss: 0.0099, acc: 1.0000
loss: 0.0099, acc: 1.0000
> val_acc: 0.7163, val_f1: 0.6430
> best_val_acc: 0.7414, best_val_f1: 0.6926
>>>>>>>>>>>>>>>>>>>>>>>>>>>>>>>>>>>>>>>>>>>>>>>>>>>>>>>>>>>>>>>>>>>>>>>>>>>>>>>>>>>>>>>>>>>>>>>>>>>>
epoch: 18
loss: 0.0153, acc: 1.0000
loss: 0.0093, acc: 1.0000
loss: 0.0084, acc: 1.0000
loss: 0.0085, acc: 1.0000
loss: 0.0088, acc: 1.0000
loss: 0.0090, acc: 1.0000
loss: 0.0086, acc: 1.0000
loss: 0.0084, acc: 1.0000
loss: 0.0085, acc: 1.0000
loss: 0.0086, acc: 1.0000
loss: 0.0085, acc: 1.0000
loss: 0.0085, acc: 1.0000
loss: 0.0085, acc: 1.0000
loss: 0.0086, acc: 1.0000
loss: 0.0086, acc: 1.0000
> val_acc: 0.7194, val_f1: 0.6610
> best_val_acc: 0.7414, best_val_f1: 0.6926
>>>>>>>>>>>>>>>>>>>>>>>>>>>>>>>>>>>>>>>>>>>>>>>>>>>>>>>>>>>>>>>>>>>>>>>>>>>>>>>>>>>>>>>>>>>>>>>>>>>>
epoch: 19
loss: 0.0055, acc: 1.0000
loss: 0.0059, acc: 1.0000
loss: 0.0061, acc: 1.0000
loss: 0.0060, acc: 1.0000
loss: 0.0066, acc: 1.0000
loss: 0.0065, acc: 1.0000
loss: 0.0069, acc: 1.0000
loss: 0.0069, acc: 1.0000
loss: 0.0070, acc: 1.0000
loss: 0.0074, acc: 1.0000
loss: 0.0076, acc: 1.0000
loss: 0.0077, acc: 1.0000
loss: 0.0077, acc: 1.0000
loss: 0.0077, acc: 1.0000
loss: 0.0077, acc: 1.0000
> val_acc: 0.7163, val_f1: 0.6438
> best_val_acc: 0.7414, best_val_f1: 0.6926
>>>>>>>>>>>>>>>>>>>>>>>>>>>>>>>>>>>>>>>>>>>>>>>>>>>>>>>>>>>>>>>>>>>>>>>>>>>>>>>>>>>>>>>>>>>>>>>>>>>>
epoch: 20
loss: 0.0065, acc: 1.0000
loss: 0.0066, acc: 1.0000
loss: 0.0067, acc: 1.0000
loss: 0.0064, acc: 1.0000
loss: 0.0067, acc: 1.0000
loss: 0.0065, acc: 1.0000
loss: 0.0067, acc: 1.0000
loss: 0.0065, acc: 1.0000
loss: 0.0062, acc: 1.0000
loss: 0.0062, acc: 1.0000
loss: 0.0063, acc: 1.0000
loss: 0.0063, acc: 1.0000
loss: 0.0063, acc: 1.0000
loss: 0.0065, acc: 1.0000
> val_acc: 0.7132, val_f1: 0.6428
> best_val_acc: 0.7414, best_val_f1: 0.6926
>>>>>>>>>>>>>>>>>>>>>>>>>>>>>>>>>>>>>>>>>>>>>>>>>>>>>>>>>>>>>>>>>>>>>>>>>>>>>>>>>>>>>>>>>>>>>>>>>>>>
epoch: 21
loss: 0.0044, acc: 1.0000
loss: 0.0051, acc: 1.0000
loss: 0.0055, acc: 1.0000
loss: 0.0054, acc: 1.0000
loss: 0.0054, acc: 1.0000
loss: 0.0055, acc: 1.0000
loss: 0.0054, acc: 1.0000
loss: 0.0057, acc: 1.0000
loss: 0.0056, acc: 1.0000
loss: 0.0056, acc: 1.0000
loss: 0.0058, acc: 1.0000
loss: 0.0058, acc: 1.0000
loss: 0.0061, acc: 1.0000
loss: 0.0061, acc: 1.0000
loss: 0.0060, acc: 1.0000
> val_acc: 0.7194, val_f1: 0.6560
> best_val_acc: 0.7414, best_val_f1: 0.6926
>>>>>>>>>>>>>>>>>>>>>>>>>>>>>>>>>>>>>>>>>>>>>>>>>>>>>>>>>>>>>>>>>>>>>>>>>>>>>>>>>>>>>>>>>>>>>>>>>>>>
epoch: 22
loss: 0.0038, acc: 1.0000
loss: 0.0043, acc: 1.0000
loss: 0.0046, acc: 1.0000
loss: 0.0044, acc: 1.0000
loss: 0.0045, acc: 1.0000
loss: 0.0047, acc: 1.0000
loss: 0.0051, acc: 1.0000
loss: 0.0051, acc: 1.0000
loss: 0.0052, acc: 1.0000
loss: 0.0053, acc: 1.0000
loss: 0.0056, acc: 1.0000
loss: 0.0055, acc: 1.0000
loss: 0.0055, acc: 1.0000
loss: 0.0058, acc: 1.0000
> val_acc: 0.7194, val_f1: 0.6547
> best_val_acc: 0.7414, best_val_f1: 0.6926
>>>>>>>>>>>>>>>>>>>>>>>>>>>>>>>>>>>>>>>>>>>>>>>>>>>>>>>>>>>>>>>>>>>>>>>>>>>>>>>>>>>>>>>>>>>>>>>>>>>>
epoch: 23
loss: 0.0067, acc: 1.0000
loss: 0.0054, acc: 1.0000
loss: 0.0049, acc: 1.0000
loss: 0.0049, acc: 1.0000
loss: 0.0050, acc: 1.0000
loss: 0.0059, acc: 1.0000
loss: 0.0057, acc: 1.0000
loss: 0.0058, acc: 1.0000
loss: 0.0056, acc: 1.0000
loss: 0.0058, acc: 1.0000
loss: 0.0057, acc: 1.0000
loss: 0.0057, acc: 1.0000
loss: 0.0057, acc: 1.0000
loss: 0.0056, acc: 1.0000
loss: 0.0057, acc: 1.0000
> val_acc: 0.7210, val_f1: 0.6570
> best_val_acc: 0.7414, best_val_f1: 0.6926
>>>>>>>>>>>>>>>>>>>>>>>>>>>>>>>>>>>>>>>>>>>>>>>>>>>>>>>>>>>>>>>>>>>>>>>>>>>>>>>>>>>>>>>>>>>>>>>>>>>>
epoch: 24
loss: 0.0041, acc: 1.0000
loss: 0.0038, acc: 1.0000
loss: 0.0035, acc: 1.0000
loss: 0.0036, acc: 1.0000
loss: 0.0039, acc: 1.0000
loss: 0.0044, acc: 1.0000
loss: 0.0043, acc: 1.0000
loss: 0.0044, acc: 1.0000
loss: 0.0043, acc: 1.0000
loss: 0.0042, acc: 1.0000
loss: 0.0041, acc: 1.0000
loss: 0.0041, acc: 1.0000
loss: 0.0042, acc: 1.0000
loss: 0.0042, acc: 1.0000
loss: 0.0043, acc: 1.0000
> val_acc: 0.7147, val_f1: 0.6473
> best_val_acc: 0.7414, best_val_f1: 0.6926
>>>>>>>>>>>>>>>>>>>>>>>>>>>>>>>>>>>>>>>>>>>>>>>>>>>>>>>>>>>>>>>>>>>>>>>>>>>>>>>>>>>>>>>>>>>>>>>>>>>>
epoch: 25
loss: 0.0039, acc: 1.0000
loss: 0.0038, acc: 1.0000
loss: 0.0035, acc: 1.0000
loss: 0.0038, acc: 1.0000
loss: 0.0038, acc: 1.0000
loss: 0.0037, acc: 1.0000
loss: 0.0037, acc: 1.0000
loss: 0.0037, acc: 1.0000
loss: 0.0039, acc: 1.0000
loss: 0.0040, acc: 1.0000
loss: 0.0039, acc: 1.0000
loss: 0.0039, acc: 1.0000
loss: 0.0040, acc: 1.0000
loss: 0.0039, acc: 1.0000
> val_acc: 0.7210, val_f1: 0.6570
> best_val_acc: 0.7414, best_val_f1: 0.6926
>>>>>>>>>>>>>>>>>>>>>>>>>>>>>>>>>>>>>>>>>>>>>>>>>>>>>>>>>>>>>>>>>>>>>>>>>>>>>>>>>>>>>>>>>>>>>>>>>>>>
epoch: 26
loss: 0.0025, acc: 1.0000
loss: 0.0027, acc: 1.0000
loss: 0.0029, acc: 1.0000
loss: 0.0029, acc: 1.0000
loss: 0.0030, acc: 1.0000
loss: 0.0030, acc: 1.0000
loss: 0.0031, acc: 1.0000
loss: 0.0032, acc: 1.0000
loss: 0.0033, acc: 1.0000
loss: 0.0033, acc: 1.0000
loss: 0.0033, acc: 1.0000
loss: 0.0033, acc: 1.0000
loss: 0.0033, acc: 1.0000
loss: 0.0034, acc: 1.0000
loss: 0.0034, acc: 1.0000
> val_acc: 0.7210, val_f1: 0.6617
> best_val_acc: 0.7414, best_val_f1: 0.6926
>>>>>>>>>>>>>>>>>>>>>>>>>>>>>>>>>>>>>>>>>>>>>>>>>>>>>>>>>>>>>>>>>>>>>>>>>>>>>>>>>>>>>>>>>>>>>>>>>>>>
epoch: 27
loss: 0.0036, acc: 1.0000
loss: 0.0028, acc: 1.0000
loss: 0.0029, acc: 1.0000
loss: 0.0029, acc: 1.0000
loss: 0.0029, acc: 1.0000
loss: 0.0028, acc: 1.0000
loss: 0.0028, acc: 1.0000
loss: 0.0028, acc: 1.0000
loss: 0.0028, acc: 1.0000
loss: 0.0028, acc: 1.0000
loss: 0.0027, acc: 1.0000
loss: 0.0028, acc: 1.0000
loss: 0.0028, acc: 1.0000
loss: 0.0028, acc: 1.0000
> val_acc: 0.7179, val_f1: 0.6513
> best_val_acc: 0.7414, best_val_f1: 0.6926
>>>>>>>>>>>>>>>>>>>>>>>>>>>>>>>>>>>>>>>>>>>>>>>>>>>>>>>>>>>>>>>>>>>>>>>>>>>>>>>>>>>>>>>>>>>>>>>>>>>>
epoch: 28
loss: 0.0031, acc: 1.0000
loss: 0.0026, acc: 1.0000
loss: 0.0025, acc: 1.0000
loss: 0.0025, acc: 1.0000
loss: 0.0024, acc: 1.0000
loss: 0.0027, acc: 1.0000
loss: 0.0027, acc: 1.0000
loss: 0.0026, acc: 1.0000
loss: 0.0027, acc: 1.0000
loss: 0.0028, acc: 1.0000
loss: 0.0027, acc: 1.0000
loss: 0.0027, acc: 1.0000
loss: 0.0028, acc: 1.0000
loss: 0.0028, acc: 1.0000
loss: 0.0028, acc: 1.0000
> val_acc: 0.7116, val_f1: 0.6379
> best_val_acc: 0.7414, best_val_f1: 0.6926
>>>>>>>>>>>>>>>>>>>>>>>>>>>>>>>>>>>>>>>>>>>>>>>>>>>>>>>>>>>>>>>>>>>>>>>>>>>>>>>>>>>>>>>>>>>>>>>>>>>>
epoch: 29
loss: 0.0030, acc: 1.0000
loss: 0.0028, acc: 1.0000
loss: 0.0028, acc: 1.0000
loss: 0.0027, acc: 1.0000
loss: 0.0027, acc: 1.0000
loss: 0.0027, acc: 1.0000
loss: 0.0027, acc: 1.0000
loss: 0.0027, acc: 1.0000
loss: 0.0027, acc: 1.0000
loss: 0.0027, acc: 1.0000
loss: 0.0027, acc: 1.0000
loss: 0.0026, acc: 1.0000
loss: 0.0026, acc: 1.0000
loss: 0.0026, acc: 1.0000
loss: 0.0026, acc: 1.0000
> val_acc: 0.7132, val_f1: 0.6526
> best_val_acc: 0.7414, best_val_f1: 0.6926
>> test_acc: 0.7414, test_f1: 0.6926
