n_trainable_params: 1171803, n_nontrainable_params: 1766132
> training arguments:
>>> model_name: igcn_embed
>>> model_ver: 3
>>> dataset: restaurant
>>> optimizer: <class 'torch.optim.adamax.Adamax'>
>>> initializer: <function xavier_uniform_ at 0x7fdf1b08de18>
>>> learning_rate: 0.002
>>> momentum: 0.95
>>> dropout: 0.35
>>> l2reg: 5e-05
>>> num_epoch: 30
>>> batch_size: 32
>>> log_step: 5
>>> embed_dim: 400
>>> hidden_dim: 300
>>> bert_dim: 768
>>> pretrained_bert_name: bert-base-uncased
>>> embeddings: gd
>>> max_seq_len: 180
>>> polarities_dim: 3
>>> hops: 3
>>> device: cpu
>>> seed: 0
>>> valset_ratio: 0
>>> num_layers: 1
>>> in_channels: 100
>>> out_channels: 1
>>> downbot: 20
>>> kernel_size: 3
>>> position_dim: 100
>>> stanford_pos_model: C:/NLP_Programs/stanford-postagger-2018-10-16/models/english-bidirectional-distsim.tagger
>>> stanford_pos_jar: C:/NLP_Programs/stanford-postagger-2018-10-16/stanford-postagger.jar
>>> glove_path: ./embeddings/glove.840B.300d.txt
>>> embedding_matrix_path: gen_data/embeddings/400_restaurant_glove_domain_embedding_matrix.dat
>>> model_class: <class 'models.igcn.IGCN'>
>>> dataset_file: {'train': './datasets/semeval14/Restaurants_Train.xml.seg', 'test': './datasets/semeval14/Restaurants_Test_Gold.xml.seg'}
>>> inputs_cols: ['text_raw_indices', 'aspect_indices', 'pos_indices', 'aspect_pos_indices', 'position_indices']
>>>>>>>>>>>>>>>>>>>>>>>>>>>>>>>>>>>>>>>>>>>>>>>>>>>>>>>>>>>>>>>>>>>>>>>>>>>>>>>>>>>>>>>>>>>>>>>>>>>>
epoch: 0
loss: 1.0270, acc: 0.5687
loss: 0.9479, acc: 0.6031
loss: 0.9608, acc: 0.5813
loss: 0.9494, acc: 0.5859
loss: 0.9221, acc: 0.6025
loss: 0.9170, acc: 0.6031
loss: 0.8980, acc: 0.6152
loss: 0.8741, acc: 0.6305
loss: 0.8550, acc: 0.6396
loss: 0.8404, acc: 0.6450
loss: 0.8294, acc: 0.6500
loss: 0.8245, acc: 0.6505
loss: 0.8192, acc: 0.6543
loss: 0.8108, acc: 0.6603
loss: 0.8013, acc: 0.6642
loss: 0.7933, acc: 0.6691
loss: 0.7867, acc: 0.6743
loss: 0.7812, acc: 0.6760
loss: 0.7759, acc: 0.6796
loss: 0.7710, acc: 0.6809
loss: 0.7649, acc: 0.6839
loss: 0.7579, acc: 0.6866
> val_acc: 0.7759, val_f1: 0.6373
> best_val_acc: 0.0000, best_val_f1: 0.0000
>> saved: state_dict/igcn_embed_restaurant_val_acc0.7759
>>>>>>>>>>>>>>>>>>>>>>>>>>>>>>>>>>>>>>>>>>>>>>>>>>>>>>>>>>>>>>>>>>>>>>>>>>>>>>>>>>>>>>>>>>>>>>>>>>>>
epoch: 1
loss: 0.5835, acc: 0.7031
loss: 0.5121, acc: 0.7589
loss: 0.5325, acc: 0.7656
loss: 0.5516, acc: 0.7739
loss: 0.5432, acc: 0.7770
loss: 0.5548, acc: 0.7755
loss: 0.5569, acc: 0.7754
loss: 0.5467, acc: 0.7829
loss: 0.5393, acc: 0.7842
loss: 0.5468, acc: 0.7773
loss: 0.5443, acc: 0.7788
loss: 0.5472, acc: 0.7774
loss: 0.5442, acc: 0.7792
loss: 0.5409, acc: 0.7817
loss: 0.5399, acc: 0.7826
loss: 0.5364, acc: 0.7833
loss: 0.5381, acc: 0.7824
loss: 0.5383, acc: 0.7812
loss: 0.5439, acc: 0.7775
loss: 0.5405, acc: 0.7796
loss: 0.5335, acc: 0.7831
loss: 0.5297, acc: 0.7856
loss: 0.5271, acc: 0.7877
> val_acc: 0.7937, val_f1: 0.6656
> best_val_acc: 0.7759, best_val_f1: 0.6373
>> saved: state_dict/igcn_embed_restaurant_val_acc0.7937
>>>>>>>>>>>>>>>>>>>>>>>>>>>>>>>>>>>>>>>>>>>>>>>>>>>>>>>>>>>>>>>>>>>>>>>>>>>>>>>>>>>>>>>>>>>>>>>>>>>>
epoch: 2
loss: 0.4254, acc: 0.8125
loss: 0.3934, acc: 0.8403
loss: 0.3988, acc: 0.8438
loss: 0.4019, acc: 0.8438
loss: 0.4074, acc: 0.8424
loss: 0.4133, acc: 0.8351
loss: 0.4074, acc: 0.8410
loss: 0.4124, acc: 0.8413
loss: 0.4106, acc: 0.8445
loss: 0.4106, acc: 0.8425
loss: 0.4124, acc: 0.8403
loss: 0.4175, acc: 0.8374
loss: 0.4188, acc: 0.8379
loss: 0.4182, acc: 0.8347
loss: 0.4222, acc: 0.8328
loss: 0.4197, acc: 0.8339
loss: 0.4193, acc: 0.8348
loss: 0.4161, acc: 0.8364
loss: 0.4141, acc: 0.8368
loss: 0.4117, acc: 0.8390
loss: 0.4131, acc: 0.8389
loss: 0.4096, acc: 0.8386
> val_acc: 0.7946, val_f1: 0.6809
> best_val_acc: 0.7937, best_val_f1: 0.6656
>> saved: state_dict/igcn_embed_restaurant_val_acc0.7946
>>>>>>>>>>>>>>>>>>>>>>>>>>>>>>>>>>>>>>>>>>>>>>>>>>>>>>>>>>>>>>>>>>>>>>>>>>>>>>>>>>>>>>>>>>>>>>>>>>>>
epoch: 3
loss: 0.2861, acc: 0.9062
loss: 0.3652, acc: 0.8698
loss: 0.3387, acc: 0.8778
loss: 0.3314, acc: 0.8789
loss: 0.3242, acc: 0.8824
loss: 0.3248, acc: 0.8810
loss: 0.3218, acc: 0.8821
loss: 0.3186, acc: 0.8872
loss: 0.3327, acc: 0.8819
loss: 0.3253, acc: 0.8859
loss: 0.3238, acc: 0.8873
loss: 0.3226, acc: 0.8873
loss: 0.3211, acc: 0.8878
loss: 0.3227, acc: 0.8868
loss: 0.3244, acc: 0.8856
loss: 0.3267, acc: 0.8857
loss: 0.3273, acc: 0.8831
loss: 0.3289, acc: 0.8826
loss: 0.3319, acc: 0.8808
loss: 0.3278, acc: 0.8838
loss: 0.3307, acc: 0.8818
loss: 0.3319, acc: 0.8815
loss: 0.3334, acc: 0.8798
> val_acc: 0.7812, val_f1: 0.6226
> best_val_acc: 0.7946, best_val_f1: 0.6809
>>>>>>>>>>>>>>>>>>>>>>>>>>>>>>>>>>>>>>>>>>>>>>>>>>>>>>>>>>>>>>>>>>>>>>>>>>>>>>>>>>>>>>>>>>>>>>>>>>>>
epoch: 4
loss: 0.2533, acc: 0.9271
loss: 0.2176, acc: 0.9414
loss: 0.2371, acc: 0.9255
loss: 0.2415, acc: 0.9306
loss: 0.2516, acc: 0.9253
loss: 0.2527, acc: 0.9252
loss: 0.2482, acc: 0.9242
loss: 0.2522, acc: 0.9202
loss: 0.2490, acc: 0.9230
loss: 0.2521, acc: 0.9212
loss: 0.2520, acc: 0.9222
loss: 0.2518, acc: 0.9235
loss: 0.2471, acc: 0.9266
loss: 0.2494, acc: 0.9251
loss: 0.2470, acc: 0.9255
loss: 0.2487, acc: 0.9227
loss: 0.2506, acc: 0.9221
loss: 0.2510, acc: 0.9226
loss: 0.2512, acc: 0.9210
loss: 0.2491, acc: 0.9209
loss: 0.2476, acc: 0.9205
loss: 0.2469, acc: 0.9222
loss: 0.2471, acc: 0.9218
> val_acc: 0.8125, val_f1: 0.7265
> best_val_acc: 0.7946, best_val_f1: 0.6809
>> saved: state_dict/igcn_embed_restaurant_val_acc0.8125
>>>>>>>>>>>>>>>>>>>>>>>>>>>>>>>>>>>>>>>>>>>>>>>>>>>>>>>>>>>>>>>>>>>>>>>>>>>>>>>>>>>>>>>>>>>>>>>>>>>>
epoch: 5
loss: 0.1651, acc: 0.9625
loss: 0.1958, acc: 0.9469
loss: 0.1957, acc: 0.9500
loss: 0.1906, acc: 0.9547
loss: 0.1907, acc: 0.9563
loss: 0.1950, acc: 0.9552
loss: 0.1916, acc: 0.9554
loss: 0.1920, acc: 0.9516
loss: 0.1897, acc: 0.9486
loss: 0.1870, acc: 0.9500
loss: 0.1881, acc: 0.9506
loss: 0.1909, acc: 0.9484
loss: 0.1929, acc: 0.9490
loss: 0.1912, acc: 0.9491
loss: 0.1886, acc: 0.9496
loss: 0.1905, acc: 0.9477
loss: 0.1910, acc: 0.9467
loss: 0.1940, acc: 0.9451
loss: 0.1927, acc: 0.9454
loss: 0.1911, acc: 0.9459
loss: 0.1912, acc: 0.9452
loss: 0.1920, acc: 0.9449
> val_acc: 0.8000, val_f1: 0.6915
> best_val_acc: 0.8125, best_val_f1: 0.7265
>>>>>>>>>>>>>>>>>>>>>>>>>>>>>>>>>>>>>>>>>>>>>>>>>>>>>>>>>>>>>>>>>>>>>>>>>>>>>>>>>>>>>>>>>>>>>>>>>>>>
epoch: 6
loss: 0.1245, acc: 1.0000
loss: 0.1311, acc: 0.9732
loss: 0.1350, acc: 0.9688
loss: 0.1456, acc: 0.9614
loss: 0.1461, acc: 0.9631
loss: 0.1433, acc: 0.9641
loss: 0.1448, acc: 0.9639
loss: 0.1442, acc: 0.9637
loss: 0.1488, acc: 0.9613
loss: 0.1508, acc: 0.9608
loss: 0.1499, acc: 0.9609
loss: 0.1530, acc: 0.9605
loss: 0.1537, acc: 0.9587
loss: 0.1536, acc: 0.9590
loss: 0.1521, acc: 0.9601
loss: 0.1528, acc: 0.9594
loss: 0.1520, acc: 0.9592
loss: 0.1530, acc: 0.9583
loss: 0.1525, acc: 0.9586
loss: 0.1539, acc: 0.9568
loss: 0.1540, acc: 0.9562
loss: 0.1528, acc: 0.9571
loss: 0.1514, acc: 0.9570
> val_acc: 0.7964, val_f1: 0.6710
> best_val_acc: 0.8125, best_val_f1: 0.7265
>>>>>>>>>>>>>>>>>>>>>>>>>>>>>>>>>>>>>>>>>>>>>>>>>>>>>>>>>>>>>>>>>>>>>>>>>>>>>>>>>>>>>>>>>>>>>>>>>>>>
epoch: 7
loss: 0.0790, acc: 0.9844
loss: 0.1007, acc: 0.9722
loss: 0.1010, acc: 0.9777
loss: 0.0963, acc: 0.9786
loss: 0.1008, acc: 0.9779
loss: 0.0990, acc: 0.9774
loss: 0.0986, acc: 0.9770
loss: 0.0998, acc: 0.9752
loss: 0.1029, acc: 0.9737
loss: 0.1031, acc: 0.9726
loss: 0.1013, acc: 0.9740
loss: 0.1021, acc: 0.9751
loss: 0.1011, acc: 0.9756
loss: 0.1042, acc: 0.9742
loss: 0.1039, acc: 0.9742
loss: 0.1050, acc: 0.9735
loss: 0.1065, acc: 0.9732
loss: 0.1087, acc: 0.9723
loss: 0.1089, acc: 0.9721
loss: 0.1085, acc: 0.9719
loss: 0.1084, acc: 0.9724
loss: 0.1077, acc: 0.9728
> val_acc: 0.7929, val_f1: 0.6535
> best_val_acc: 0.8125, best_val_f1: 0.7265
>>>>>>>>>>>>>>>>>>>>>>>>>>>>>>>>>>>>>>>>>>>>>>>>>>>>>>>>>>>>>>>>>>>>>>>>>>>>>>>>>>>>>>>>>>>>>>>>>>>>
epoch: 8
loss: 0.1395, acc: 0.9062
loss: 0.0800, acc: 0.9740
loss: 0.0708, acc: 0.9830
loss: 0.0757, acc: 0.9824
loss: 0.0792, acc: 0.9792
loss: 0.0790, acc: 0.9808
loss: 0.0759, acc: 0.9839
loss: 0.0754, acc: 0.9852
loss: 0.0752, acc: 0.9855
loss: 0.0760, acc: 0.9851
loss: 0.0721, acc: 0.9865
loss: 0.0732, acc: 0.9872
loss: 0.0747, acc: 0.9862
loss: 0.0742, acc: 0.9863
loss: 0.0729, acc: 0.9872
loss: 0.0735, acc: 0.9868
loss: 0.0725, acc: 0.9873
loss: 0.0725, acc: 0.9880
loss: 0.0732, acc: 0.9873
loss: 0.0746, acc: 0.9870
loss: 0.0756, acc: 0.9858
loss: 0.0757, acc: 0.9861
loss: 0.0749, acc: 0.9865
> val_acc: 0.7929, val_f1: 0.6707
> best_val_acc: 0.8125, best_val_f1: 0.7265
>>>>>>>>>>>>>>>>>>>>>>>>>>>>>>>>>>>>>>>>>>>>>>>>>>>>>>>>>>>>>>>>>>>>>>>>>>>>>>>>>>>>>>>>>>>>>>>>>>>>
epoch: 9
loss: 0.0438, acc: 1.0000
loss: 0.0492, acc: 0.9961
loss: 0.0546, acc: 0.9952
loss: 0.0537, acc: 0.9948
loss: 0.0529, acc: 0.9946
loss: 0.0501, acc: 0.9955
loss: 0.0507, acc: 0.9962
loss: 0.0504, acc: 0.9967
loss: 0.0526, acc: 0.9949
loss: 0.0531, acc: 0.9948
loss: 0.0536, acc: 0.9953
loss: 0.0527, acc: 0.9957
loss: 0.0517, acc: 0.9955
loss: 0.0539, acc: 0.9940
loss: 0.0532, acc: 0.9944
loss: 0.0535, acc: 0.9940
loss: 0.0533, acc: 0.9932
loss: 0.0529, acc: 0.9936
loss: 0.0528, acc: 0.9933
loss: 0.0524, acc: 0.9933
loss: 0.0522, acc: 0.9933
loss: 0.0520, acc: 0.9936
loss: 0.0517, acc: 0.9939
> val_acc: 0.7937, val_f1: 0.6577
> best_val_acc: 0.8125, best_val_f1: 0.7265
>>>>>>>>>>>>>>>>>>>>>>>>>>>>>>>>>>>>>>>>>>>>>>>>>>>>>>>>>>>>>>>>>>>>>>>>>>>>>>>>>>>>>>>>>>>>>>>>>>>>
epoch: 10
loss: 0.0461, acc: 0.9938
loss: 0.0349, acc: 0.9969
loss: 0.0386, acc: 0.9958
loss: 0.0384, acc: 0.9953
loss: 0.0379, acc: 0.9962
loss: 0.0373, acc: 0.9969
loss: 0.0373, acc: 0.9964
loss: 0.0371, acc: 0.9969
loss: 0.0375, acc: 0.9958
loss: 0.0372, acc: 0.9956
loss: 0.0375, acc: 0.9960
loss: 0.0384, acc: 0.9953
loss: 0.0400, acc: 0.9952
loss: 0.0400, acc: 0.9951
loss: 0.0400, acc: 0.9954
loss: 0.0407, acc: 0.9949
loss: 0.0405, acc: 0.9949
loss: 0.0409, acc: 0.9948
loss: 0.0412, acc: 0.9944
loss: 0.0414, acc: 0.9944
loss: 0.0407, acc: 0.9946
loss: 0.0407, acc: 0.9946
> val_acc: 0.8027, val_f1: 0.6994
> best_val_acc: 0.8125, best_val_f1: 0.7265
>>>>>>>>>>>>>>>>>>>>>>>>>>>>>>>>>>>>>>>>>>>>>>>>>>>>>>>>>>>>>>>>>>>>>>>>>>>>>>>>>>>>>>>>>>>>>>>>>>>>
epoch: 11
loss: 0.0179, acc: 1.0000
loss: 0.0307, acc: 0.9955
loss: 0.0327, acc: 0.9974
loss: 0.0295, acc: 0.9982
loss: 0.0277, acc: 0.9986
loss: 0.0276, acc: 0.9988
loss: 0.0305, acc: 0.9990
loss: 0.0292, acc: 0.9992
loss: 0.0280, acc: 0.9993
loss: 0.0283, acc: 0.9987
loss: 0.0281, acc: 0.9988
loss: 0.0277, acc: 0.9989
loss: 0.0270, acc: 0.9990
loss: 0.0274, acc: 0.9986
loss: 0.0265, acc: 0.9987
loss: 0.0274, acc: 0.9984
loss: 0.0279, acc: 0.9981
loss: 0.0280, acc: 0.9982
loss: 0.0295, acc: 0.9976
loss: 0.0293, acc: 0.9974
loss: 0.0299, acc: 0.9969
loss: 0.0305, acc: 0.9968
loss: 0.0305, acc: 0.9969
> val_acc: 0.8018, val_f1: 0.6966
> best_val_acc: 0.8125, best_val_f1: 0.7265
>>>>>>>>>>>>>>>>>>>>>>>>>>>>>>>>>>>>>>>>>>>>>>>>>>>>>>>>>>>>>>>>>>>>>>>>>>>>>>>>>>>>>>>>>>>>>>>>>>>>
epoch: 12
loss: 0.0243, acc: 0.9922
loss: 0.0280, acc: 0.9931
loss: 0.0259, acc: 0.9955
loss: 0.0234, acc: 0.9951
loss: 0.0225, acc: 0.9961
loss: 0.0231, acc: 0.9957
loss: 0.0252, acc: 0.9954
loss: 0.0260, acc: 0.9960
loss: 0.0266, acc: 0.9957
loss: 0.0257, acc: 0.9962
loss: 0.0259, acc: 0.9965
loss: 0.0260, acc: 0.9968
loss: 0.0253, acc: 0.9971
loss: 0.0258, acc: 0.9968
loss: 0.0266, acc: 0.9962
loss: 0.0263, acc: 0.9964
loss: 0.0260, acc: 0.9967
loss: 0.0263, acc: 0.9965
loss: 0.0266, acc: 0.9963
loss: 0.0267, acc: 0.9965
loss: 0.0261, acc: 0.9967
loss: 0.0274, acc: 0.9966
> val_acc: 0.8018, val_f1: 0.6894
> best_val_acc: 0.8125, best_val_f1: 0.7265
>>>>>>>>>>>>>>>>>>>>>>>>>>>>>>>>>>>>>>>>>>>>>>>>>>>>>>>>>>>>>>>>>>>>>>>>>>>>>>>>>>>>>>>>>>>>>>>>>>>>
epoch: 13
loss: 0.0212, acc: 1.0000
loss: 0.0182, acc: 0.9948
loss: 0.0153, acc: 0.9972
loss: 0.0152, acc: 0.9980
loss: 0.0200, acc: 0.9970
loss: 0.0190, acc: 0.9976
loss: 0.0180, acc: 0.9980
loss: 0.0185, acc: 0.9983
loss: 0.0179, acc: 0.9985
loss: 0.0184, acc: 0.9986
loss: 0.0187, acc: 0.9988
loss: 0.0191, acc: 0.9989
loss: 0.0188, acc: 0.9990
loss: 0.0185, acc: 0.9991
loss: 0.0183, acc: 0.9991
loss: 0.0183, acc: 0.9988
loss: 0.0182, acc: 0.9988
loss: 0.0184, acc: 0.9989
loss: 0.0185, acc: 0.9990
loss: 0.0180, acc: 0.9990
loss: 0.0181, acc: 0.9991
loss: 0.0180, acc: 0.9991
loss: 0.0177, acc: 0.9992
> val_acc: 0.8009, val_f1: 0.6899
> best_val_acc: 0.8125, best_val_f1: 0.7265
>>>>>>>>>>>>>>>>>>>>>>>>>>>>>>>>>>>>>>>>>>>>>>>>>>>>>>>>>>>>>>>>>>>>>>>>>>>>>>>>>>>>>>>>>>>>>>>>>>>>
epoch: 14
loss: 0.0174, acc: 1.0000
loss: 0.0161, acc: 1.0000
loss: 0.0150, acc: 1.0000
loss: 0.0146, acc: 1.0000
loss: 0.0145, acc: 1.0000
loss: 0.0143, acc: 1.0000
loss: 0.0140, acc: 1.0000
loss: 0.0137, acc: 1.0000
loss: 0.0143, acc: 1.0000
loss: 0.0147, acc: 1.0000
loss: 0.0146, acc: 1.0000
loss: 0.0145, acc: 0.9995
loss: 0.0143, acc: 0.9995
loss: 0.0142, acc: 0.9995
loss: 0.0142, acc: 0.9996
loss: 0.0145, acc: 0.9992
loss: 0.0144, acc: 0.9992
loss: 0.0143, acc: 0.9993
loss: 0.0140, acc: 0.9993
loss: 0.0142, acc: 0.9994
loss: 0.0141, acc: 0.9994
loss: 0.0141, acc: 0.9994
loss: 0.0138, acc: 0.9994
> val_acc: 0.7973, val_f1: 0.6795
> best_val_acc: 0.8125, best_val_f1: 0.7265
>>>>>>>>>>>>>>>>>>>>>>>>>>>>>>>>>>>>>>>>>>>>>>>>>>>>>>>>>>>>>>>>>>>>>>>>>>>>>>>>>>>>>>>>>>>>>>>>>>>>
epoch: 15
loss: 0.0109, acc: 1.0000
loss: 0.0099, acc: 1.0000
loss: 0.0097, acc: 1.0000
loss: 0.0104, acc: 1.0000
loss: 0.0098, acc: 1.0000
loss: 0.0095, acc: 1.0000
loss: 0.0092, acc: 1.0000
loss: 0.0096, acc: 1.0000
loss: 0.0097, acc: 1.0000
loss: 0.0096, acc: 1.0000
loss: 0.0094, acc: 1.0000
loss: 0.0096, acc: 1.0000
loss: 0.0096, acc: 1.0000
loss: 0.0096, acc: 1.0000
loss: 0.0109, acc: 0.9992
loss: 0.0114, acc: 0.9992
loss: 0.0112, acc: 0.9993
loss: 0.0112, acc: 0.9993
loss: 0.0119, acc: 0.9990
loss: 0.0118, acc: 0.9991
loss: 0.0123, acc: 0.9988
loss: 0.0124, acc: 0.9989
> val_acc: 0.7937, val_f1: 0.6846
> best_val_acc: 0.8125, best_val_f1: 0.7265
>>>>>>>>>>>>>>>>>>>>>>>>>>>>>>>>>>>>>>>>>>>>>>>>>>>>>>>>>>>>>>>>>>>>>>>>>>>>>>>>>>>>>>>>>>>>>>>>>>>>
epoch: 16
loss: 0.0120, acc: 1.0000
loss: 0.0119, acc: 1.0000
loss: 0.0117, acc: 1.0000
loss: 0.0105, acc: 1.0000
loss: 0.0101, acc: 1.0000
loss: 0.0094, acc: 1.0000
loss: 0.0104, acc: 1.0000
loss: 0.0100, acc: 1.0000
loss: 0.0098, acc: 1.0000
loss: 0.0094, acc: 1.0000
loss: 0.0091, acc: 1.0000
loss: 0.0088, acc: 1.0000
loss: 0.0087, acc: 1.0000
loss: 0.0085, acc: 1.0000
loss: 0.0085, acc: 1.0000
loss: 0.0086, acc: 1.0000
loss: 0.0085, acc: 1.0000
loss: 0.0084, acc: 1.0000
loss: 0.0083, acc: 1.0000
loss: 0.0083, acc: 1.0000
loss: 0.0083, acc: 1.0000
loss: 0.0084, acc: 1.0000
loss: 0.0083, acc: 1.0000
> val_acc: 0.7991, val_f1: 0.6782
> best_val_acc: 0.8125, best_val_f1: 0.7265
>>>>>>>>>>>>>>>>>>>>>>>>>>>>>>>>>>>>>>>>>>>>>>>>>>>>>>>>>>>>>>>>>>>>>>>>>>>>>>>>>>>>>>>>>>>>>>>>>>>>
epoch: 17
loss: 0.0077, acc: 1.0000
loss: 0.0079, acc: 1.0000
loss: 0.0084, acc: 1.0000
loss: 0.0089, acc: 1.0000
loss: 0.0090, acc: 1.0000
loss: 0.0089, acc: 1.0000
loss: 0.0091, acc: 0.9991
loss: 0.0089, acc: 0.9992
loss: 0.0084, acc: 0.9993
loss: 0.0081, acc: 0.9994
loss: 0.0078, acc: 0.9994
loss: 0.0085, acc: 0.9989
loss: 0.0084, acc: 0.9990
loss: 0.0086, acc: 0.9991
loss: 0.0086, acc: 0.9992
loss: 0.0086, acc: 0.9992
loss: 0.0085, acc: 0.9993
loss: 0.0086, acc: 0.9993
loss: 0.0087, acc: 0.9993
loss: 0.0090, acc: 0.9994
loss: 0.0091, acc: 0.9991
loss: 0.0090, acc: 0.9991
> val_acc: 0.8000, val_f1: 0.6684
> best_val_acc: 0.8125, best_val_f1: 0.7265
>>>>>>>>>>>>>>>>>>>>>>>>>>>>>>>>>>>>>>>>>>>>>>>>>>>>>>>>>>>>>>>>>>>>>>>>>>>>>>>>>>>>>>>>>>>>>>>>>>>>
epoch: 18
loss: 0.0115, acc: 1.0000
loss: 0.0060, acc: 1.0000
loss: 0.0092, acc: 1.0000
loss: 0.0095, acc: 1.0000
loss: 0.0099, acc: 1.0000
loss: 0.0091, acc: 1.0000
loss: 0.0095, acc: 1.0000
loss: 0.0096, acc: 1.0000
loss: 0.0092, acc: 1.0000
loss: 0.0093, acc: 1.0000
loss: 0.0093, acc: 1.0000
loss: 0.0090, acc: 1.0000
loss: 0.0094, acc: 1.0000
loss: 0.0092, acc: 1.0000
loss: 0.0090, acc: 1.0000
loss: 0.0087, acc: 1.0000
loss: 0.0085, acc: 1.0000
loss: 0.0083, acc: 1.0000
loss: 0.0083, acc: 1.0000
loss: 0.0084, acc: 1.0000
loss: 0.0085, acc: 1.0000
loss: 0.0082, acc: 1.0000
loss: 0.0082, acc: 1.0000
> val_acc: 0.7991, val_f1: 0.6857
> best_val_acc: 0.8125, best_val_f1: 0.7265
>>>>>>>>>>>>>>>>>>>>>>>>>>>>>>>>>>>>>>>>>>>>>>>>>>>>>>>>>>>>>>>>>>>>>>>>>>>>>>>>>>>>>>>>>>>>>>>>>>>>
epoch: 19
loss: 0.0042, acc: 1.0000
loss: 0.0048, acc: 1.0000
loss: 0.0046, acc: 1.0000
loss: 0.0048, acc: 1.0000
loss: 0.0051, acc: 1.0000
loss: 0.0052, acc: 1.0000
loss: 0.0062, acc: 0.9991
loss: 0.0061, acc: 0.9992
loss: 0.0068, acc: 0.9993
loss: 0.0067, acc: 0.9993
loss: 0.0067, acc: 0.9994
loss: 0.0066, acc: 0.9995
loss: 0.0066, acc: 0.9995
loss: 0.0065, acc: 0.9995
loss: 0.0069, acc: 0.9991
loss: 0.0068, acc: 0.9992
loss: 0.0068, acc: 0.9992
loss: 0.0068, acc: 0.9993
loss: 0.0069, acc: 0.9990
loss: 0.0070, acc: 0.9990
loss: 0.0072, acc: 0.9991
loss: 0.0073, acc: 0.9991
loss: 0.0073, acc: 0.9992
> val_acc: 0.7991, val_f1: 0.6932
> best_val_acc: 0.8125, best_val_f1: 0.7265
>>>>>>>>>>>>>>>>>>>>>>>>>>>>>>>>>>>>>>>>>>>>>>>>>>>>>>>>>>>>>>>>>>>>>>>>>>>>>>>>>>>>>>>>>>>>>>>>>>>>
epoch: 20
loss: 0.0109, acc: 1.0000
loss: 0.0074, acc: 1.0000
loss: 0.0065, acc: 1.0000
loss: 0.0062, acc: 1.0000
loss: 0.0059, acc: 1.0000
loss: 0.0059, acc: 1.0000
loss: 0.0057, acc: 1.0000
loss: 0.0056, acc: 1.0000
loss: 0.0059, acc: 1.0000
loss: 0.0061, acc: 1.0000
loss: 0.0060, acc: 1.0000
loss: 0.0060, acc: 1.0000
loss: 0.0058, acc: 1.0000
loss: 0.0057, acc: 1.0000
loss: 0.0057, acc: 1.0000
loss: 0.0057, acc: 1.0000
loss: 0.0058, acc: 1.0000
loss: 0.0058, acc: 1.0000
loss: 0.0058, acc: 1.0000
loss: 0.0058, acc: 1.0000
loss: 0.0058, acc: 1.0000
loss: 0.0059, acc: 1.0000
> val_acc: 0.7955, val_f1: 0.6841
> best_val_acc: 0.8125, best_val_f1: 0.7265
>>>>>>>>>>>>>>>>>>>>>>>>>>>>>>>>>>>>>>>>>>>>>>>>>>>>>>>>>>>>>>>>>>>>>>>>>>>>>>>>>>>>>>>>>>>>>>>>>>>>
epoch: 21
loss: 0.0028, acc: 1.0000
loss: 0.0049, acc: 1.0000
loss: 0.0042, acc: 1.0000
loss: 0.0041, acc: 1.0000
loss: 0.0042, acc: 1.0000
loss: 0.0043, acc: 1.0000
loss: 0.0044, acc: 1.0000
loss: 0.0042, acc: 1.0000
loss: 0.0042, acc: 1.0000
loss: 0.0040, acc: 1.0000
loss: 0.0041, acc: 1.0000
loss: 0.0043, acc: 1.0000
loss: 0.0043, acc: 1.0000
loss: 0.0043, acc: 1.0000
loss: 0.0042, acc: 1.0000
loss: 0.0042, acc: 1.0000
loss: 0.0042, acc: 1.0000
loss: 0.0042, acc: 1.0000
loss: 0.0042, acc: 1.0000
loss: 0.0042, acc: 1.0000
loss: 0.0042, acc: 1.0000
loss: 0.0043, acc: 1.0000
loss: 0.0044, acc: 1.0000
> val_acc: 0.7937, val_f1: 0.6957
> best_val_acc: 0.8125, best_val_f1: 0.7265
>>>>>>>>>>>>>>>>>>>>>>>>>>>>>>>>>>>>>>>>>>>>>>>>>>>>>>>>>>>>>>>>>>>>>>>>>>>>>>>>>>>>>>>>>>>>>>>>>>>>
epoch: 22
loss: 0.0042, acc: 1.0000
loss: 0.0043, acc: 1.0000
loss: 0.0047, acc: 1.0000
loss: 0.0042, acc: 1.0000
loss: 0.0041, acc: 1.0000
loss: 0.0040, acc: 1.0000
loss: 0.0039, acc: 1.0000
loss: 0.0039, acc: 1.0000
loss: 0.0040, acc: 1.0000
loss: 0.0040, acc: 1.0000
loss: 0.0038, acc: 1.0000
loss: 0.0038, acc: 1.0000
loss: 0.0039, acc: 1.0000
loss: 0.0039, acc: 1.0000
loss: 0.0038, acc: 1.0000
loss: 0.0039, acc: 1.0000
loss: 0.0042, acc: 0.9996
loss: 0.0042, acc: 0.9996
loss: 0.0042, acc: 0.9997
loss: 0.0047, acc: 0.9994
loss: 0.0047, acc: 0.9994
loss: 0.0046, acc: 0.9994
> val_acc: 0.7955, val_f1: 0.6838
> best_val_acc: 0.8125, best_val_f1: 0.7265
>>>>>>>>>>>>>>>>>>>>>>>>>>>>>>>>>>>>>>>>>>>>>>>>>>>>>>>>>>>>>>>>>>>>>>>>>>>>>>>>>>>>>>>>>>>>>>>>>>>>
epoch: 23
loss: 0.0027, acc: 1.0000
loss: 0.0052, acc: 1.0000
loss: 0.0047, acc: 1.0000
loss: 0.0051, acc: 1.0000
loss: 0.0053, acc: 1.0000
loss: 0.0057, acc: 1.0000
loss: 0.0059, acc: 1.0000
loss: 0.0054, acc: 1.0000
loss: 0.0052, acc: 1.0000
loss: 0.0063, acc: 0.9993
loss: 0.0063, acc: 0.9994
loss: 0.0061, acc: 0.9994
loss: 0.0058, acc: 0.9995
loss: 0.0058, acc: 0.9995
loss: 0.0058, acc: 0.9996
loss: 0.0057, acc: 0.9996
loss: 0.0055, acc: 0.9996
loss: 0.0053, acc: 0.9996
loss: 0.0052, acc: 0.9997
loss: 0.0052, acc: 0.9997
loss: 0.0053, acc: 0.9997
loss: 0.0053, acc: 0.9997
loss: 0.0054, acc: 0.9997
> val_acc: 0.7964, val_f1: 0.6950
> best_val_acc: 0.8125, best_val_f1: 0.7265
>>>>>>>>>>>>>>>>>>>>>>>>>>>>>>>>>>>>>>>>>>>>>>>>>>>>>>>>>>>>>>>>>>>>>>>>>>>>>>>>>>>>>>>>>>>>>>>>>>>>
epoch: 24
loss: 0.0048, acc: 1.0000
loss: 0.0038, acc: 1.0000
loss: 0.0039, acc: 1.0000
loss: 0.0033, acc: 1.0000
loss: 0.0029, acc: 1.0000
loss: 0.0030, acc: 1.0000
loss: 0.0030, acc: 1.0000
loss: 0.0029, acc: 1.0000
loss: 0.0028, acc: 1.0000
loss: 0.0030, acc: 1.0000
loss: 0.0030, acc: 1.0000
loss: 0.0030, acc: 1.0000
loss: 0.0038, acc: 0.9995
loss: 0.0040, acc: 0.9995
loss: 0.0041, acc: 0.9996
loss: 0.0041, acc: 0.9996
loss: 0.0042, acc: 0.9996
loss: 0.0043, acc: 0.9996
loss: 0.0042, acc: 0.9997
loss: 0.0044, acc: 0.9997
loss: 0.0044, acc: 0.9997
loss: 0.0046, acc: 0.9994
loss: 0.0045, acc: 0.9994
> val_acc: 0.7991, val_f1: 0.7013
> best_val_acc: 0.8125, best_val_f1: 0.7265
>>>>>>>>>>>>>>>>>>>>>>>>>>>>>>>>>>>>>>>>>>>>>>>>>>>>>>>>>>>>>>>>>>>>>>>>>>>>>>>>>>>>>>>>>>>>>>>>>>>>
epoch: 25
loss: 0.0054, acc: 1.0000
loss: 0.0049, acc: 1.0000
loss: 0.0045, acc: 1.0000
loss: 0.0049, acc: 1.0000
loss: 0.0043, acc: 1.0000
loss: 0.0044, acc: 1.0000
loss: 0.0043, acc: 1.0000
loss: 0.0044, acc: 1.0000
loss: 0.0042, acc: 1.0000
loss: 0.0042, acc: 1.0000
loss: 0.0040, acc: 1.0000
loss: 0.0044, acc: 0.9995
loss: 0.0045, acc: 0.9995
loss: 0.0044, acc: 0.9996
loss: 0.0043, acc: 0.9996
loss: 0.0043, acc: 0.9996
loss: 0.0044, acc: 0.9996
loss: 0.0043, acc: 0.9997
loss: 0.0047, acc: 0.9997
loss: 0.0053, acc: 0.9994
loss: 0.0052, acc: 0.9994
loss: 0.0052, acc: 0.9994
> val_acc: 0.7964, val_f1: 0.6686
> best_val_acc: 0.8125, best_val_f1: 0.7265
>>>>>>>>>>>>>>>>>>>>>>>>>>>>>>>>>>>>>>>>>>>>>>>>>>>>>>>>>>>>>>>>>>>>>>>>>>>>>>>>>>>>>>>>>>>>>>>>>>>>
epoch: 26
loss: 0.0032, acc: 1.0000
loss: 0.0029, acc: 1.0000
loss: 0.0103, acc: 0.9974
loss: 0.0099, acc: 0.9982
loss: 0.0082, acc: 0.9986
loss: 0.0072, acc: 0.9988
loss: 0.0069, acc: 0.9990
loss: 0.0067, acc: 0.9992
loss: 0.0064, acc: 0.9993
loss: 0.0060, acc: 0.9993
loss: 0.0057, acc: 0.9994
loss: 0.0057, acc: 0.9995
loss: 0.0055, acc: 0.9995
loss: 0.0058, acc: 0.9995
loss: 0.0056, acc: 0.9996
loss: 0.0054, acc: 0.9996
loss: 0.0056, acc: 0.9996
loss: 0.0055, acc: 0.9996
loss: 0.0055, acc: 0.9997
loss: 0.0055, acc: 0.9997
loss: 0.0054, acc: 0.9997
loss: 0.0053, acc: 0.9997
loss: 0.0053, acc: 0.9997
> val_acc: 0.7946, val_f1: 0.6586
> best_val_acc: 0.8125, best_val_f1: 0.7265
>>>>>>>>>>>>>>>>>>>>>>>>>>>>>>>>>>>>>>>>>>>>>>>>>>>>>>>>>>>>>>>>>>>>>>>>>>>>>>>>>>>>>>>>>>>>>>>>>>>>
epoch: 27
loss: 0.0208, acc: 0.9922
loss: 0.0166, acc: 0.9965
loss: 0.0120, acc: 0.9978
loss: 0.0100, acc: 0.9984
loss: 0.0089, acc: 0.9987
loss: 0.0081, acc: 0.9989
loss: 0.0078, acc: 0.9991
loss: 0.0076, acc: 0.9992
loss: 0.0070, acc: 0.9993
loss: 0.0066, acc: 0.9994
loss: 0.0065, acc: 0.9994
loss: 0.0061, acc: 0.9995
loss: 0.0059, acc: 0.9995
loss: 0.0061, acc: 0.9995
loss: 0.0059, acc: 0.9996
loss: 0.0058, acc: 0.9996
loss: 0.0056, acc: 0.9996
loss: 0.0054, acc: 0.9996
loss: 0.0054, acc: 0.9997
loss: 0.0053, acc: 0.9997
loss: 0.0052, acc: 0.9997
loss: 0.0051, acc: 0.9997
> val_acc: 0.8018, val_f1: 0.6901
> best_val_acc: 0.8125, best_val_f1: 0.7265
>>>>>>>>>>>>>>>>>>>>>>>>>>>>>>>>>>>>>>>>>>>>>>>>>>>>>>>>>>>>>>>>>>>>>>>>>>>>>>>>>>>>>>>>>>>>>>>>>>>>
epoch: 28
loss: 0.0016, acc: 1.0000
loss: 0.0012, acc: 1.0000
loss: 0.0019, acc: 1.0000
loss: 0.0028, acc: 1.0000
loss: 0.0028, acc: 1.0000
loss: 0.0025, acc: 1.0000
loss: 0.0024, acc: 1.0000
loss: 0.0022, acc: 1.0000
loss: 0.0024, acc: 1.0000
loss: 0.0025, acc: 1.0000
loss: 0.0025, acc: 1.0000
loss: 0.0025, acc: 1.0000
loss: 0.0024, acc: 1.0000
loss: 0.0024, acc: 1.0000
loss: 0.0024, acc: 1.0000
loss: 0.0025, acc: 1.0000
loss: 0.0027, acc: 1.0000
loss: 0.0026, acc: 1.0000
loss: 0.0026, acc: 1.0000
loss: 0.0026, acc: 1.0000
loss: 0.0025, acc: 1.0000
loss: 0.0025, acc: 1.0000
loss: 0.0025, acc: 1.0000
> val_acc: 0.7991, val_f1: 0.6836
> best_val_acc: 0.8125, best_val_f1: 0.7265
>>>>>>>>>>>>>>>>>>>>>>>>>>>>>>>>>>>>>>>>>>>>>>>>>>>>>>>>>>>>>>>>>>>>>>>>>>>>>>>>>>>>>>>>>>>>>>>>>>>>
epoch: 29
loss: 0.0015, acc: 1.0000
loss: 0.0012, acc: 1.0000
loss: 0.0015, acc: 1.0000
loss: 0.0019, acc: 1.0000
loss: 0.0022, acc: 1.0000
loss: 0.0021, acc: 1.0000
loss: 0.0023, acc: 1.0000
loss: 0.0022, acc: 1.0000
loss: 0.0022, acc: 1.0000
loss: 0.0022, acc: 1.0000
loss: 0.0021, acc: 1.0000
loss: 0.0022, acc: 1.0000
loss: 0.0022, acc: 1.0000
loss: 0.0022, acc: 1.0000
loss: 0.0021, acc: 1.0000
loss: 0.0022, acc: 1.0000
loss: 0.0021, acc: 1.0000
loss: 0.0021, acc: 1.0000
loss: 0.0021, acc: 1.0000
loss: 0.0022, acc: 1.0000
loss: 0.0022, acc: 1.0000
loss: 0.0022, acc: 1.0000
loss: 0.0021, acc: 1.0000
> val_acc: 0.7991, val_f1: 0.6850
> best_val_acc: 0.8125, best_val_f1: 0.7265
>> test_acc: 0.8125, test_f1: 0.7265
