n_trainable_params: 1088203, n_nontrainable_params: 1766132
> training arguments:
>>> model_name: igcn_embed
>>> model_ver: 3
>>> dataset: restaurant
>>> optimizer: <class 'torch.optim.adamax.Adamax'>
>>> initializer: <function xavier_uniform_ at 0x7fc4cec61e18>
>>> learning_rate: 0.002
>>> momentum: 0.95
>>> dropout: 0.35
>>> l2reg: 5e-05
>>> num_epoch: 30
>>> batch_size: 32
>>> log_step: 5
>>> embed_dim: 436
>>> hidden_dim: 300
>>> bert_dim: 768
>>> pretrained_bert_name: bert-base-uncased
>>> embeddings: gd
>>> max_seq_len: 180
>>> polarities_dim: 3
>>> hops: 3
>>> device: cpu
>>> seed: 0
>>> valset_ratio: 0
>>> num_layers: 1
>>> in_channels: 100
>>> out_channels: 1
>>> downbot: 20
>>> kernel_size: 3
>>> position_dim: 100
>>> stanford_pos_model: C:/NLP_Programs/stanford-postagger-2018-10-16/models/english-bidirectional-distsim.tagger
>>> stanford_pos_jar: C:/NLP_Programs/stanford-postagger-2018-10-16/stanford-postagger.jar
>>> glove_path: ./embeddings/glove.840B.300d.txt
>>> embedding_matrix_path: gen_data/embeddings/400_restaurant_glove_domain_embedding_matrix.dat
>>> model_class: <class 'models.igcn.IGCN'>
>>> dataset_file: {'train': './datasets/semeval14/Restaurants_Train.xml.seg', 'test': './datasets/semeval14/Restaurants_Test_Gold.xml.seg'}
>>> inputs_cols: ['text_raw_indices', 'aspect_indices', 'pos_indices', 'aspect_pos_indices', 'position_indices']
>>>>>>>>>>>>>>>>>>>>>>>>>>>>>>>>>>>>>>>>>>>>>>>>>>>>>>>>>>>>>>>>>>>>>>>>>>>>>>>>>>>>>>>>>>>>>>>>>>>>
epoch: 0
loss: 0.9816, acc: 0.6000
loss: 0.9284, acc: 0.6125
loss: 0.8917, acc: 0.6167
loss: 0.8925, acc: 0.6234
loss: 0.8721, acc: 0.6300
loss: 0.8578, acc: 0.6292
loss: 0.8486, acc: 0.6330
loss: 0.8305, acc: 0.6414
loss: 0.8123, acc: 0.6528
loss: 0.8057, acc: 0.6587
loss: 0.7989, acc: 0.6597
loss: 0.7940, acc: 0.6609
loss: 0.7873, acc: 0.6620
loss: 0.7814, acc: 0.6621
loss: 0.7810, acc: 0.6617
loss: 0.7774, acc: 0.6668
loss: 0.7702, acc: 0.6702
loss: 0.7610, acc: 0.6740
loss: 0.7583, acc: 0.6750
loss: 0.7521, acc: 0.6781
loss: 0.7460, acc: 0.6818
loss: 0.7408, acc: 0.6844
> val_acc: 0.7812, val_f1: 0.6761
> best_val_acc: 0.0000, best_val_f1: 0.0000
>> saved: state_dict/igcn_embed_restaurant_val_acc0.7812
>>>>>>>>>>>>>>>>>>>>>>>>>>>>>>>>>>>>>>>>>>>>>>>>>>>>>>>>>>>>>>>>>>>>>>>>>>>>>>>>>>>>>>>>>>>>>>>>>>>>
epoch: 1
loss: 0.6550, acc: 0.7344
loss: 0.5730, acc: 0.7679
loss: 0.5443, acc: 0.7865
loss: 0.5476, acc: 0.7849
loss: 0.5512, acc: 0.7884
loss: 0.5292, acc: 0.7986
loss: 0.5329, acc: 0.7949
loss: 0.5181, acc: 0.7990
loss: 0.5284, acc: 0.7961
loss: 0.5247, acc: 0.7972
loss: 0.5440, acc: 0.7855
loss: 0.5425, acc: 0.7873
loss: 0.5410, acc: 0.7873
loss: 0.5463, acc: 0.7826
loss: 0.5438, acc: 0.7830
loss: 0.5461, acc: 0.7825
loss: 0.5460, acc: 0.7816
loss: 0.5427, acc: 0.7827
loss: 0.5412, acc: 0.7833
loss: 0.5401, acc: 0.7841
loss: 0.5405, acc: 0.7840
loss: 0.5435, acc: 0.7821
loss: 0.5433, acc: 0.7829
> val_acc: 0.7937, val_f1: 0.6717
> best_val_acc: 0.7812, best_val_f1: 0.6761
>> saved: state_dict/igcn_embed_restaurant_val_acc0.7937
>>>>>>>>>>>>>>>>>>>>>>>>>>>>>>>>>>>>>>>>>>>>>>>>>>>>>>>>>>>>>>>>>>>>>>>>>>>>>>>>>>>>>>>>>>>>>>>>>>>>
epoch: 2
loss: 0.4961, acc: 0.7891
loss: 0.4130, acc: 0.8507
loss: 0.4303, acc: 0.8304
loss: 0.4396, acc: 0.8339
loss: 0.4325, acc: 0.8359
loss: 0.4374, acc: 0.8308
loss: 0.4371, acc: 0.8309
loss: 0.4407, acc: 0.8301
loss: 0.4401, acc: 0.8295
loss: 0.4402, acc: 0.8297
loss: 0.4451, acc: 0.8275
loss: 0.4416, acc: 0.8310
loss: 0.4485, acc: 0.8257
loss: 0.4515, acc: 0.8220
loss: 0.4512, acc: 0.8226
loss: 0.4507, acc: 0.8224
loss: 0.4522, acc: 0.8211
loss: 0.4511, acc: 0.8220
loss: 0.4575, acc: 0.8208
loss: 0.4548, acc: 0.8217
loss: 0.4520, acc: 0.8227
loss: 0.4495, acc: 0.8240
> val_acc: 0.7929, val_f1: 0.6920
> best_val_acc: 0.7937, best_val_f1: 0.6761
>>>>>>>>>>>>>>>>>>>>>>>>>>>>>>>>>>>>>>>>>>>>>>>>>>>>>>>>>>>>>>>>>>>>>>>>>>>>>>>>>>>>>>>>>>>>>>>>>>>>
epoch: 3
loss: 0.4353, acc: 0.9062
loss: 0.3566, acc: 0.8750
loss: 0.3468, acc: 0.8807
loss: 0.3587, acc: 0.8672
loss: 0.3663, acc: 0.8646
loss: 0.3641, acc: 0.8594
loss: 0.3526, acc: 0.8690
loss: 0.3708, acc: 0.8611
loss: 0.3673, acc: 0.8628
loss: 0.3630, acc: 0.8648
loss: 0.3702, acc: 0.8615
loss: 0.3705, acc: 0.8605
loss: 0.3764, acc: 0.8566
loss: 0.3795, acc: 0.8537
loss: 0.3800, acc: 0.8521
loss: 0.3817, acc: 0.8512
loss: 0.3766, acc: 0.8534
loss: 0.3757, acc: 0.8543
loss: 0.3788, acc: 0.8534
loss: 0.3788, acc: 0.8545
loss: 0.3790, acc: 0.8546
loss: 0.3795, acc: 0.8532
loss: 0.3802, acc: 0.8516
> val_acc: 0.7857, val_f1: 0.6815
> best_val_acc: 0.7937, best_val_f1: 0.6920
>>>>>>>>>>>>>>>>>>>>>>>>>>>>>>>>>>>>>>>>>>>>>>>>>>>>>>>>>>>>>>>>>>>>>>>>>>>>>>>>>>>>>>>>>>>>>>>>>>>>
epoch: 4
loss: 0.2880, acc: 0.9167
loss: 0.2984, acc: 0.8945
loss: 0.2995, acc: 0.8966
loss: 0.2911, acc: 0.9028
loss: 0.2984, acc: 0.8967
loss: 0.2983, acc: 0.8951
loss: 0.2962, acc: 0.8949
loss: 0.3160, acc: 0.8857
loss: 0.3209, acc: 0.8844
loss: 0.3259, acc: 0.8828
loss: 0.3305, acc: 0.8791
loss: 0.3309, acc: 0.8772
loss: 0.3320, acc: 0.8770
loss: 0.3294, acc: 0.8750
loss: 0.3321, acc: 0.8729
loss: 0.3357, acc: 0.8706
loss: 0.3362, acc: 0.8709
loss: 0.3368, acc: 0.8697
loss: 0.3336, acc: 0.8716
loss: 0.3327, acc: 0.8721
loss: 0.3328, acc: 0.8735
loss: 0.3321, acc: 0.8736
loss: 0.3325, acc: 0.8744
> val_acc: 0.7920, val_f1: 0.6815
> best_val_acc: 0.7937, best_val_f1: 0.6920
>>>>>>>>>>>>>>>>>>>>>>>>>>>>>>>>>>>>>>>>>>>>>>>>>>>>>>>>>>>>>>>>>>>>>>>>>>>>>>>>>>>>>>>>>>>>>>>>>>>>
epoch: 5
loss: 0.2156, acc: 0.9563
loss: 0.2318, acc: 0.9469
loss: 0.2536, acc: 0.9250
loss: 0.2427, acc: 0.9281
loss: 0.2540, acc: 0.9187
loss: 0.2685, acc: 0.9104
loss: 0.2633, acc: 0.9125
loss: 0.2628, acc: 0.9125
loss: 0.2657, acc: 0.9111
loss: 0.2628, acc: 0.9113
loss: 0.2664, acc: 0.9074
loss: 0.2654, acc: 0.9078
loss: 0.2654, acc: 0.9087
loss: 0.2662, acc: 0.9080
loss: 0.2655, acc: 0.9067
loss: 0.2657, acc: 0.9070
loss: 0.2689, acc: 0.9044
loss: 0.2700, acc: 0.9035
loss: 0.2728, acc: 0.9010
loss: 0.2822, acc: 0.8969
loss: 0.2829, acc: 0.8961
loss: 0.2862, acc: 0.8943
> val_acc: 0.7634, val_f1: 0.6518
> best_val_acc: 0.7937, best_val_f1: 0.6920
>>>>>>>>>>>>>>>>>>>>>>>>>>>>>>>>>>>>>>>>>>>>>>>>>>>>>>>>>>>>>>>>>>>>>>>>>>>>>>>>>>>>>>>>>>>>>>>>>>>>
epoch: 6
loss: 0.2984, acc: 0.9219
loss: 0.2849, acc: 0.9018
loss: 0.2892, acc: 0.8932
loss: 0.2770, acc: 0.8915
loss: 0.2647, acc: 0.9006
loss: 0.2714, acc: 0.8981
loss: 0.2566, acc: 0.9062
loss: 0.2651, acc: 0.9012
loss: 0.2602, acc: 0.9025
loss: 0.2556, acc: 0.9029
loss: 0.2557, acc: 0.9032
loss: 0.2581, acc: 0.9013
loss: 0.2601, acc: 0.8987
loss: 0.2610, acc: 0.8979
loss: 0.2645, acc: 0.8954
loss: 0.2691, acc: 0.8929
loss: 0.2683, acc: 0.8941
loss: 0.2671, acc: 0.8940
loss: 0.2680, acc: 0.8947
loss: 0.2626, acc: 0.8985
loss: 0.2648, acc: 0.8968
loss: 0.2660, acc: 0.8954
loss: 0.2643, acc: 0.8976
> val_acc: 0.7866, val_f1: 0.6536
> best_val_acc: 0.7937, best_val_f1: 0.6920
>>>>>>>>>>>>>>>>>>>>>>>>>>>>>>>>>>>>>>>>>>>>>>>>>>>>>>>>>>>>>>>>>>>>>>>>>>>>>>>>>>>>>>>>>>>>>>>>>>>>
epoch: 7
loss: 0.1902, acc: 0.9297
loss: 0.1889, acc: 0.9271
loss: 0.1830, acc: 0.9330
loss: 0.1836, acc: 0.9375
loss: 0.1976, acc: 0.9284
loss: 0.1998, acc: 0.9267
loss: 0.2059, acc: 0.9237
loss: 0.1999, acc: 0.9255
loss: 0.2080, acc: 0.9233
loss: 0.2164, acc: 0.9196
loss: 0.2253, acc: 0.9144
loss: 0.2298, acc: 0.9100
loss: 0.2310, acc: 0.9097
loss: 0.2322, acc: 0.9094
loss: 0.2343, acc: 0.9088
loss: 0.2343, acc: 0.9078
loss: 0.2348, acc: 0.9077
loss: 0.2343, acc: 0.9084
loss: 0.2319, acc: 0.9109
loss: 0.2338, acc: 0.9104
loss: 0.2350, acc: 0.9108
loss: 0.2370, acc: 0.9100
> val_acc: 0.7830, val_f1: 0.6745
> best_val_acc: 0.7937, best_val_f1: 0.6920
>>>>>>>>>>>>>>>>>>>>>>>>>>>>>>>>>>>>>>>>>>>>>>>>>>>>>>>>>>>>>>>>>>>>>>>>>>>>>>>>>>>>>>>>>>>>>>>>>>>>
epoch: 8
loss: 0.2335, acc: 0.9062
loss: 0.2277, acc: 0.9271
loss: 0.2201, acc: 0.9205
loss: 0.2241, acc: 0.9180
loss: 0.2179, acc: 0.9211
loss: 0.2169, acc: 0.9207
loss: 0.2209, acc: 0.9244
loss: 0.2147, acc: 0.9288
loss: 0.2138, acc: 0.9276
loss: 0.2128, acc: 0.9266
loss: 0.2135, acc: 0.9252
loss: 0.2140, acc: 0.9247
loss: 0.2157, acc: 0.9252
loss: 0.2121, acc: 0.9266
loss: 0.2123, acc: 0.9256
loss: 0.2145, acc: 0.9243
loss: 0.2167, acc: 0.9236
loss: 0.2148, acc: 0.9244
loss: 0.2156, acc: 0.9238
loss: 0.2156, acc: 0.9232
loss: 0.2152, acc: 0.9226
loss: 0.2156, acc: 0.9216
loss: 0.2172, acc: 0.9212
> val_acc: 0.7839, val_f1: 0.6346
> best_val_acc: 0.7937, best_val_f1: 0.6920
>>>>>>>>>>>>>>>>>>>>>>>>>>>>>>>>>>>>>>>>>>>>>>>>>>>>>>>>>>>>>>>>>>>>>>>>>>>>>>>>>>>>>>>>>>>>>>>>>>>>
epoch: 9
loss: 0.1896, acc: 0.9479
loss: 0.1765, acc: 0.9492
loss: 0.1850, acc: 0.9447
loss: 0.1977, acc: 0.9340
loss: 0.1916, acc: 0.9375
loss: 0.1973, acc: 0.9330
loss: 0.1944, acc: 0.9328
loss: 0.1922, acc: 0.9342
loss: 0.1893, acc: 0.9353
loss: 0.1918, acc: 0.9329
loss: 0.1901, acc: 0.9328
loss: 0.1959, acc: 0.9310
loss: 0.1940, acc: 0.9315
loss: 0.1977, acc: 0.9301
loss: 0.1975, acc: 0.9311
loss: 0.1987, acc: 0.9311
loss: 0.1964, acc: 0.9322
loss: 0.1994, acc: 0.9315
loss: 0.2016, acc: 0.9315
loss: 0.2043, acc: 0.9295
loss: 0.2063, acc: 0.9266
loss: 0.2068, acc: 0.9262
loss: 0.2062, acc: 0.9263
> val_acc: 0.7839, val_f1: 0.6900
> best_val_acc: 0.7937, best_val_f1: 0.6920
>>>>>>>>>>>>>>>>>>>>>>>>>>>>>>>>>>>>>>>>>>>>>>>>>>>>>>>>>>>>>>>>>>>>>>>>>>>>>>>>>>>>>>>>>>>>>>>>>>>>
epoch: 10
loss: 0.1178, acc: 0.9688
loss: 0.1483, acc: 0.9563
loss: 0.1499, acc: 0.9479
loss: 0.1615, acc: 0.9406
loss: 0.1677, acc: 0.9363
loss: 0.1762, acc: 0.9333
loss: 0.1749, acc: 0.9339
loss: 0.1755, acc: 0.9297
loss: 0.1796, acc: 0.9306
loss: 0.1779, acc: 0.9319
loss: 0.1777, acc: 0.9324
loss: 0.1764, acc: 0.9328
loss: 0.1814, acc: 0.9293
loss: 0.1838, acc: 0.9272
loss: 0.1922, acc: 0.9237
loss: 0.1886, acc: 0.9262
loss: 0.1949, acc: 0.9228
loss: 0.1926, acc: 0.9240
loss: 0.1956, acc: 0.9224
loss: 0.1981, acc: 0.9225
loss: 0.1995, acc: 0.9226
loss: 0.2003, acc: 0.9227
> val_acc: 0.7830, val_f1: 0.6469
> best_val_acc: 0.7937, best_val_f1: 0.6920
>>>>>>>>>>>>>>>>>>>>>>>>>>>>>>>>>>>>>>>>>>>>>>>>>>>>>>>>>>>>>>>>>>>>>>>>>>>>>>>>>>>>>>>>>>>>>>>>>>>>
epoch: 11
loss: 0.1404, acc: 0.9531
loss: 0.1389, acc: 0.9509
loss: 0.1430, acc: 0.9505
loss: 0.1560, acc: 0.9485
loss: 0.1681, acc: 0.9446
loss: 0.1779, acc: 0.9375
loss: 0.1822, acc: 0.9395
loss: 0.1756, acc: 0.9417
loss: 0.1694, acc: 0.9435
loss: 0.1764, acc: 0.9415
loss: 0.1754, acc: 0.9411
loss: 0.1721, acc: 0.9424
loss: 0.1717, acc: 0.9425
loss: 0.1737, acc: 0.9412
loss: 0.1758, acc: 0.9401
loss: 0.1726, acc: 0.9420
loss: 0.1763, acc: 0.9398
loss: 0.1784, acc: 0.9379
loss: 0.1810, acc: 0.9361
loss: 0.1798, acc: 0.9365
loss: 0.1797, acc: 0.9366
loss: 0.1804, acc: 0.9366
loss: 0.1825, acc: 0.9347
> val_acc: 0.7795, val_f1: 0.6529
> best_val_acc: 0.7937, best_val_f1: 0.6920
>>>>>>>>>>>>>>>>>>>>>>>>>>>>>>>>>>>>>>>>>>>>>>>>>>>>>>>>>>>>>>>>>>>>>>>>>>>>>>>>>>>>>>>>>>>>>>>>>>>>
epoch: 12
loss: 0.1231, acc: 0.9609
loss: 0.1245, acc: 0.9618
loss: 0.1278, acc: 0.9621
loss: 0.1355, acc: 0.9556
loss: 0.1338, acc: 0.9570
loss: 0.1428, acc: 0.9504
loss: 0.1405, acc: 0.9504
loss: 0.1546, acc: 0.9455
loss: 0.1561, acc: 0.9460
loss: 0.1568, acc: 0.9458
loss: 0.1513, acc: 0.9485
loss: 0.1520, acc: 0.9486
loss: 0.1501, acc: 0.9497
loss: 0.1501, acc: 0.9515
loss: 0.1529, acc: 0.9485
loss: 0.1605, acc: 0.9442
loss: 0.1611, acc: 0.9438
loss: 0.1614, acc: 0.9435
loss: 0.1611, acc: 0.9425
loss: 0.1618, acc: 0.9413
loss: 0.1643, acc: 0.9402
loss: 0.1650, acc: 0.9407
> val_acc: 0.7705, val_f1: 0.6735
> best_val_acc: 0.7937, best_val_f1: 0.6920
>>>>>>>>>>>>>>>>>>>>>>>>>>>>>>>>>>>>>>>>>>>>>>>>>>>>>>>>>>>>>>>>>>>>>>>>>>>>>>>>>>>>>>>>>>>>>>>>>>>>
epoch: 13
loss: 0.2027, acc: 0.9062
loss: 0.2030, acc: 0.9062
loss: 0.1809, acc: 0.9233
loss: 0.1666, acc: 0.9395
loss: 0.1522, acc: 0.9479
loss: 0.1483, acc: 0.9495
loss: 0.1545, acc: 0.9456
loss: 0.1528, acc: 0.9453
loss: 0.1537, acc: 0.9428
loss: 0.1559, acc: 0.9436
loss: 0.1564, acc: 0.9430
loss: 0.1544, acc: 0.9431
loss: 0.1517, acc: 0.9452
loss: 0.1595, acc: 0.9427
loss: 0.1586, acc: 0.9437
loss: 0.1580, acc: 0.9441
loss: 0.1596, acc: 0.9433
loss: 0.1601, acc: 0.9415
loss: 0.1623, acc: 0.9396
loss: 0.1616, acc: 0.9395
loss: 0.1610, acc: 0.9400
loss: 0.1644, acc: 0.9387
loss: 0.1646, acc: 0.9381
> val_acc: 0.7777, val_f1: 0.6574
> best_val_acc: 0.7937, best_val_f1: 0.6920
>>>>>>>>>>>>>>>>>>>>>>>>>>>>>>>>>>>>>>>>>>>>>>>>>>>>>>>>>>>>>>>>>>>>>>>>>>>>>>>>>>>>>>>>>>>>>>>>>>>>
epoch: 14
loss: 0.0653, acc: 0.9896
loss: 0.0818, acc: 0.9844
loss: 0.0906, acc: 0.9832
loss: 0.1021, acc: 0.9740
loss: 0.1191, acc: 0.9674
loss: 0.1263, acc: 0.9632
loss: 0.1294, acc: 0.9602
loss: 0.1351, acc: 0.9556
loss: 0.1373, acc: 0.9535
loss: 0.1398, acc: 0.9518
loss: 0.1413, acc: 0.9517
loss: 0.1412, acc: 0.9515
loss: 0.1413, acc: 0.9514
loss: 0.1375, acc: 0.9527
loss: 0.1403, acc: 0.9508
loss: 0.1413, acc: 0.9499
loss: 0.1422, acc: 0.9492
loss: 0.1429, acc: 0.9482
loss: 0.1493, acc: 0.9459
loss: 0.1503, acc: 0.9455
loss: 0.1543, acc: 0.9427
loss: 0.1535, acc: 0.9427
loss: 0.1548, acc: 0.9418
> val_acc: 0.7812, val_f1: 0.6583
> best_val_acc: 0.7937, best_val_f1: 0.6920
>>>>>>>>>>>>>>>>>>>>>>>>>>>>>>>>>>>>>>>>>>>>>>>>>>>>>>>>>>>>>>>>>>>>>>>>>>>>>>>>>>>>>>>>>>>>>>>>>>>>
epoch: 15
loss: 0.0788, acc: 0.9750
loss: 0.0958, acc: 0.9625
loss: 0.0889, acc: 0.9688
loss: 0.1154, acc: 0.9609
loss: 0.1159, acc: 0.9625
loss: 0.1096, acc: 0.9646
loss: 0.1074, acc: 0.9652
loss: 0.1077, acc: 0.9641
loss: 0.1152, acc: 0.9604
loss: 0.1201, acc: 0.9575
loss: 0.1253, acc: 0.9574
loss: 0.1281, acc: 0.9552
loss: 0.1285, acc: 0.9563
loss: 0.1313, acc: 0.9554
loss: 0.1356, acc: 0.9521
loss: 0.1390, acc: 0.9523
loss: 0.1382, acc: 0.9533
loss: 0.1390, acc: 0.9521
loss: 0.1409, acc: 0.9513
loss: 0.1414, acc: 0.9503
loss: 0.1412, acc: 0.9497
loss: 0.1415, acc: 0.9494
> val_acc: 0.7741, val_f1: 0.6306
> best_val_acc: 0.7937, best_val_f1: 0.6920
>>>>>>>>>>>>>>>>>>>>>>>>>>>>>>>>>>>>>>>>>>>>>>>>>>>>>>>>>>>>>>>>>>>>>>>>>>>>>>>>>>>>>>>>>>>>>>>>>>>>
epoch: 16
loss: 0.0881, acc: 0.9844
loss: 0.1167, acc: 0.9554
loss: 0.1209, acc: 0.9557
loss: 0.1292, acc: 0.9522
loss: 0.1189, acc: 0.9560
loss: 0.1164, acc: 0.9583
loss: 0.1174, acc: 0.9590
loss: 0.1230, acc: 0.9561
loss: 0.1159, acc: 0.9606
loss: 0.1189, acc: 0.9608
loss: 0.1195, acc: 0.9603
loss: 0.1253, acc: 0.9578
loss: 0.1279, acc: 0.9551
loss: 0.1256, acc: 0.9562
loss: 0.1257, acc: 0.9562
loss: 0.1238, acc: 0.9566
loss: 0.1236, acc: 0.9569
loss: 0.1264, acc: 0.9569
loss: 0.1287, acc: 0.9558
loss: 0.1333, acc: 0.9536
loss: 0.1342, acc: 0.9528
loss: 0.1392, acc: 0.9521
loss: 0.1441, acc: 0.9503
> val_acc: 0.7786, val_f1: 0.6420
> best_val_acc: 0.7937, best_val_f1: 0.6920
>>>>>>>>>>>>>>>>>>>>>>>>>>>>>>>>>>>>>>>>>>>>>>>>>>>>>>>>>>>>>>>>>>>>>>>>>>>>>>>>>>>>>>>>>>>>>>>>>>>>
epoch: 17
loss: 0.1068, acc: 0.9766
loss: 0.1252, acc: 0.9549
loss: 0.1228, acc: 0.9576
loss: 0.1272, acc: 0.9589
loss: 0.1259, acc: 0.9557
loss: 0.1246, acc: 0.9569
loss: 0.1218, acc: 0.9550
loss: 0.1226, acc: 0.9567
loss: 0.1255, acc: 0.9545
loss: 0.1288, acc: 0.9534
loss: 0.1283, acc: 0.9525
loss: 0.1327, acc: 0.9502
loss: 0.1316, acc: 0.9512
loss: 0.1332, acc: 0.9515
loss: 0.1347, acc: 0.9514
loss: 0.1376, acc: 0.9498
loss: 0.1381, acc: 0.9501
loss: 0.1363, acc: 0.9505
loss: 0.1365, acc: 0.9508
loss: 0.1368, acc: 0.9508
loss: 0.1384, acc: 0.9501
loss: 0.1379, acc: 0.9495
> val_acc: 0.7705, val_f1: 0.6450
> best_val_acc: 0.7937, best_val_f1: 0.6920
>>>>>>>>>>>>>>>>>>>>>>>>>>>>>>>>>>>>>>>>>>>>>>>>>>>>>>>>>>>>>>>>>>>>>>>>>>>>>>>>>>>>>>>>>>>>>>>>>>>>
epoch: 18
loss: 0.1459, acc: 0.9688
loss: 0.1204, acc: 0.9583
loss: 0.1130, acc: 0.9602
loss: 0.1052, acc: 0.9648
loss: 0.1130, acc: 0.9613
loss: 0.1105, acc: 0.9639
loss: 0.1266, acc: 0.9546
loss: 0.1255, acc: 0.9566
loss: 0.1256, acc: 0.9566
loss: 0.1261, acc: 0.9558
loss: 0.1273, acc: 0.9540
loss: 0.1242, acc: 0.9554
loss: 0.1204, acc: 0.9580
loss: 0.1180, acc: 0.9593
loss: 0.1201, acc: 0.9595
loss: 0.1205, acc: 0.9593
loss: 0.1215, acc: 0.9591
loss: 0.1249, acc: 0.9575
loss: 0.1243, acc: 0.9581
loss: 0.1247, acc: 0.9577
loss: 0.1253, acc: 0.9576
loss: 0.1248, acc: 0.9584
loss: 0.1254, acc: 0.9575
> val_acc: 0.7830, val_f1: 0.6529
> best_val_acc: 0.7937, best_val_f1: 0.6920
>>>>>>>>>>>>>>>>>>>>>>>>>>>>>>>>>>>>>>>>>>>>>>>>>>>>>>>>>>>>>>>>>>>>>>>>>>>>>>>>>>>>>>>>>>>>>>>>>>>>
epoch: 19
loss: 0.1248, acc: 0.9688
loss: 0.1063, acc: 0.9648
loss: 0.1044, acc: 0.9639
loss: 0.0984, acc: 0.9653
loss: 0.0867, acc: 0.9701
loss: 0.1007, acc: 0.9665
loss: 0.1027, acc: 0.9640
loss: 0.1020, acc: 0.9622
loss: 0.1033, acc: 0.9622
loss: 0.1047, acc: 0.9609
loss: 0.1066, acc: 0.9611
loss: 0.1085, acc: 0.9607
loss: 0.1083, acc: 0.9608
loss: 0.1096, acc: 0.9614
loss: 0.1128, acc: 0.9606
loss: 0.1156, acc: 0.9591
loss: 0.1163, acc: 0.9593
loss: 0.1168, acc: 0.9581
loss: 0.1190, acc: 0.9567
loss: 0.1183, acc: 0.9570
loss: 0.1175, acc: 0.9572
loss: 0.1184, acc: 0.9566
loss: 0.1184, acc: 0.9570
> val_acc: 0.7768, val_f1: 0.6681
> best_val_acc: 0.7937, best_val_f1: 0.6920
>>>>>>>>>>>>>>>>>>>>>>>>>>>>>>>>>>>>>>>>>>>>>>>>>>>>>>>>>>>>>>>>>>>>>>>>>>>>>>>>>>>>>>>>>>>>>>>>>>>>
epoch: 20
loss: 0.1348, acc: 0.9563
loss: 0.1124, acc: 0.9656
loss: 0.0965, acc: 0.9708
loss: 0.1003, acc: 0.9688
loss: 0.1043, acc: 0.9663
loss: 0.1030, acc: 0.9667
loss: 0.1052, acc: 0.9643
loss: 0.1141, acc: 0.9609
loss: 0.1201, acc: 0.9604
loss: 0.1173, acc: 0.9625
loss: 0.1181, acc: 0.9619
loss: 0.1182, acc: 0.9625
loss: 0.1207, acc: 0.9606
loss: 0.1198, acc: 0.9603
loss: 0.1193, acc: 0.9604
loss: 0.1181, acc: 0.9605
loss: 0.1167, acc: 0.9610
loss: 0.1164, acc: 0.9611
loss: 0.1153, acc: 0.9618
loss: 0.1160, acc: 0.9616
loss: 0.1171, acc: 0.9610
loss: 0.1169, acc: 0.9608
> val_acc: 0.7759, val_f1: 0.6408
> best_val_acc: 0.7937, best_val_f1: 0.6920
>>>>>>>>>>>>>>>>>>>>>>>>>>>>>>>>>>>>>>>>>>>>>>>>>>>>>>>>>>>>>>>>>>>>>>>>>>>>>>>>>>>>>>>>>>>>>>>>>>>>
epoch: 21
loss: 0.1254, acc: 0.9844
loss: 0.1250, acc: 0.9688
loss: 0.1153, acc: 0.9688
loss: 0.1164, acc: 0.9632
loss: 0.1162, acc: 0.9645
loss: 0.1132, acc: 0.9606
loss: 0.1151, acc: 0.9590
loss: 0.1134, acc: 0.9603
loss: 0.1166, acc: 0.9576
loss: 0.1138, acc: 0.9588
loss: 0.1123, acc: 0.9603
loss: 0.1151, acc: 0.9600
loss: 0.1134, acc: 0.9607
loss: 0.1086, acc: 0.9632
loss: 0.1057, acc: 0.9644
loss: 0.1058, acc: 0.9639
loss: 0.1086, acc: 0.9634
loss: 0.1064, acc: 0.9644
loss: 0.1111, acc: 0.9623
loss: 0.1103, acc: 0.9620
loss: 0.1126, acc: 0.9605
loss: 0.1121, acc: 0.9614
loss: 0.1138, acc: 0.9607
> val_acc: 0.7696, val_f1: 0.6370
> best_val_acc: 0.7937, best_val_f1: 0.6920
>>>>>>>>>>>>>>>>>>>>>>>>>>>>>>>>>>>>>>>>>>>>>>>>>>>>>>>>>>>>>>>>>>>>>>>>>>>>>>>>>>>>>>>>>>>>>>>>>>>>
epoch: 22
loss: 0.1225, acc: 0.9453
loss: 0.0968, acc: 0.9653
loss: 0.1019, acc: 0.9598
loss: 0.0916, acc: 0.9688
loss: 0.0994, acc: 0.9648
loss: 0.0969, acc: 0.9644
loss: 0.0975, acc: 0.9632
loss: 0.0995, acc: 0.9631
loss: 0.1025, acc: 0.9638
loss: 0.1021, acc: 0.9643
loss: 0.1014, acc: 0.9647
loss: 0.0985, acc: 0.9661
loss: 0.1006, acc: 0.9648
loss: 0.1002, acc: 0.9651
loss: 0.1012, acc: 0.9645
loss: 0.1018, acc: 0.9652
loss: 0.1033, acc: 0.9647
loss: 0.1018, acc: 0.9652
loss: 0.1039, acc: 0.9648
loss: 0.1045, acc: 0.9643
loss: 0.1035, acc: 0.9648
loss: 0.1048, acc: 0.9636
> val_acc: 0.7741, val_f1: 0.6634
> best_val_acc: 0.7937, best_val_f1: 0.6920
>>>>>>>>>>>>>>>>>>>>>>>>>>>>>>>>>>>>>>>>>>>>>>>>>>>>>>>>>>>>>>>>>>>>>>>>>>>>>>>>>>>>>>>>>>>>>>>>>>>>
epoch: 23
loss: 0.1363, acc: 0.9375
loss: 0.0931, acc: 0.9635
loss: 0.0912, acc: 0.9631
loss: 0.0919, acc: 0.9648
loss: 0.0894, acc: 0.9673
loss: 0.0798, acc: 0.9736
loss: 0.0834, acc: 0.9718
loss: 0.0844, acc: 0.9705
loss: 0.0881, acc: 0.9672
loss: 0.0897, acc: 0.9674
loss: 0.0892, acc: 0.9669
loss: 0.0887, acc: 0.9671
loss: 0.0890, acc: 0.9693
loss: 0.0916, acc: 0.9673
loss: 0.0896, acc: 0.9696
loss: 0.0928, acc: 0.9683
loss: 0.0902, acc: 0.9695
loss: 0.0886, acc: 0.9706
loss: 0.0926, acc: 0.9681
loss: 0.0969, acc: 0.9661
loss: 0.0987, acc: 0.9647
loss: 0.0978, acc: 0.9655
loss: 0.0995, acc: 0.9645
> val_acc: 0.7705, val_f1: 0.6420
> best_val_acc: 0.7937, best_val_f1: 0.6920
>>>>>>>>>>>>>>>>>>>>>>>>>>>>>>>>>>>>>>>>>>>>>>>>>>>>>>>>>>>>>>>>>>>>>>>>>>>>>>>>>>>>>>>>>>>>>>>>>>>>
epoch: 24
loss: 0.0643, acc: 0.9792
loss: 0.0858, acc: 0.9766
loss: 0.0805, acc: 0.9736
loss: 0.0783, acc: 0.9740
loss: 0.0752, acc: 0.9769
loss: 0.0803, acc: 0.9754
loss: 0.0786, acc: 0.9773
loss: 0.0782, acc: 0.9770
loss: 0.0799, acc: 0.9753
loss: 0.0806, acc: 0.9746
loss: 0.0831, acc: 0.9723
loss: 0.0816, acc: 0.9731
loss: 0.0853, acc: 0.9712
loss: 0.0883, acc: 0.9706
loss: 0.0904, acc: 0.9696
loss: 0.0911, acc: 0.9692
loss: 0.0944, acc: 0.9661
loss: 0.0948, acc: 0.9659
loss: 0.0978, acc: 0.9651
loss: 0.0968, acc: 0.9652
loss: 0.0977, acc: 0.9654
loss: 0.0980, acc: 0.9653
loss: 0.1017, acc: 0.9640
> val_acc: 0.7696, val_f1: 0.6554
> best_val_acc: 0.7937, best_val_f1: 0.6920
>>>>>>>>>>>>>>>>>>>>>>>>>>>>>>>>>>>>>>>>>>>>>>>>>>>>>>>>>>>>>>>>>>>>>>>>>>>>>>>>>>>>>>>>>>>>>>>>>>>>
epoch: 25
loss: 0.0750, acc: 0.9750
loss: 0.0639, acc: 0.9812
loss: 0.0696, acc: 0.9812
loss: 0.0833, acc: 0.9734
loss: 0.0813, acc: 0.9750
loss: 0.0804, acc: 0.9729
loss: 0.0861, acc: 0.9696
loss: 0.0857, acc: 0.9703
loss: 0.0820, acc: 0.9722
loss: 0.0825, acc: 0.9725
loss: 0.0831, acc: 0.9705
loss: 0.0862, acc: 0.9698
loss: 0.0859, acc: 0.9697
loss: 0.0911, acc: 0.9670
loss: 0.0901, acc: 0.9679
loss: 0.0943, acc: 0.9672
loss: 0.0948, acc: 0.9669
loss: 0.0943, acc: 0.9663
loss: 0.0955, acc: 0.9655
loss: 0.0948, acc: 0.9663
loss: 0.0940, acc: 0.9664
loss: 0.0954, acc: 0.9656
> val_acc: 0.7661, val_f1: 0.6615
> best_val_acc: 0.7937, best_val_f1: 0.6920
>>>>>>>>>>>>>>>>>>>>>>>>>>>>>>>>>>>>>>>>>>>>>>>>>>>>>>>>>>>>>>>>>>>>>>>>>>>>>>>>>>>>>>>>>>>>>>>>>>>>
epoch: 26
loss: 0.0866, acc: 0.9844
loss: 0.1101, acc: 0.9643
loss: 0.0908, acc: 0.9688
loss: 0.0887, acc: 0.9706
loss: 0.0871, acc: 0.9702
loss: 0.0928, acc: 0.9699
loss: 0.0875, acc: 0.9697
loss: 0.0881, acc: 0.9704
loss: 0.0925, acc: 0.9702
loss: 0.0918, acc: 0.9714
loss: 0.0901, acc: 0.9724
loss: 0.0966, acc: 0.9698
loss: 0.0986, acc: 0.9682
loss: 0.1003, acc: 0.9674
loss: 0.0984, acc: 0.9683
loss: 0.0962, acc: 0.9692
loss: 0.0963, acc: 0.9695
loss: 0.0968, acc: 0.9695
loss: 0.1009, acc: 0.9684
loss: 0.1009, acc: 0.9681
loss: 0.1045, acc: 0.9663
loss: 0.1019, acc: 0.9670
loss: 0.1013, acc: 0.9676
> val_acc: 0.7580, val_f1: 0.6465
> best_val_acc: 0.7937, best_val_f1: 0.6920
>>>>>>>>>>>>>>>>>>>>>>>>>>>>>>>>>>>>>>>>>>>>>>>>>>>>>>>>>>>>>>>>>>>>>>>>>>>>>>>>>>>>>>>>>>>>>>>>>>>>
epoch: 27
loss: 0.0876, acc: 0.9688
loss: 0.0753, acc: 0.9722
loss: 0.0650, acc: 0.9799
loss: 0.0612, acc: 0.9836
loss: 0.0575, acc: 0.9844
loss: 0.0646, acc: 0.9795
loss: 0.0748, acc: 0.9724
loss: 0.0766, acc: 0.9696
loss: 0.0753, acc: 0.9702
loss: 0.0786, acc: 0.9700
loss: 0.0811, acc: 0.9693
loss: 0.0813, acc: 0.9698
loss: 0.0826, acc: 0.9688
loss: 0.0867, acc: 0.9678
loss: 0.0867, acc: 0.9666
loss: 0.0904, acc: 0.9652
loss: 0.0908, acc: 0.9654
loss: 0.0894, acc: 0.9659
loss: 0.0897, acc: 0.9664
loss: 0.0899, acc: 0.9675
loss: 0.0937, acc: 0.9651
loss: 0.0961, acc: 0.9644
> val_acc: 0.7768, val_f1: 0.6497
> best_val_acc: 0.7937, best_val_f1: 0.6920
>>>>>>>>>>>>>>>>>>>>>>>>>>>>>>>>>>>>>>>>>>>>>>>>>>>>>>>>>>>>>>>>>>>>>>>>>>>>>>>>>>>>>>>>>>>>>>>>>>>>
epoch: 28
loss: 0.0432, acc: 0.9688
loss: 0.0537, acc: 0.9844
loss: 0.0742, acc: 0.9744
loss: 0.0752, acc: 0.9766
loss: 0.0792, acc: 0.9762
loss: 0.0727, acc: 0.9784
loss: 0.0669, acc: 0.9808
loss: 0.0701, acc: 0.9792
loss: 0.0747, acc: 0.9756
loss: 0.0758, acc: 0.9728
loss: 0.0757, acc: 0.9718
loss: 0.0775, acc: 0.9721
loss: 0.0762, acc: 0.9728
loss: 0.0801, acc: 0.9716
loss: 0.0808, acc: 0.9723
loss: 0.0828, acc: 0.9716
loss: 0.0818, acc: 0.9718
loss: 0.0867, acc: 0.9706
loss: 0.0874, acc: 0.9694
loss: 0.0881, acc: 0.9688
loss: 0.0886, acc: 0.9691
loss: 0.0893, acc: 0.9688
loss: 0.0885, acc: 0.9690
> val_acc: 0.7750, val_f1: 0.6572
> best_val_acc: 0.7937, best_val_f1: 0.6920
>>>>>>>>>>>>>>>>>>>>>>>>>>>>>>>>>>>>>>>>>>>>>>>>>>>>>>>>>>>>>>>>>>>>>>>>>>>>>>>>>>>>>>>>>>>>>>>>>>>>
epoch: 29
loss: 0.0506, acc: 0.9792
loss: 0.0547, acc: 0.9766
loss: 0.0617, acc: 0.9784
loss: 0.0644, acc: 0.9757
loss: 0.0665, acc: 0.9742
loss: 0.0714, acc: 0.9710
loss: 0.0693, acc: 0.9744
loss: 0.0694, acc: 0.9753
loss: 0.0700, acc: 0.9738
loss: 0.0706, acc: 0.9733
loss: 0.0709, acc: 0.9729
loss: 0.0711, acc: 0.9725
loss: 0.0707, acc: 0.9737
loss: 0.0746, acc: 0.9715
loss: 0.0790, acc: 0.9700
loss: 0.0790, acc: 0.9700
loss: 0.0784, acc: 0.9706
loss: 0.0789, acc: 0.9705
loss: 0.0825, acc: 0.9691
loss: 0.0817, acc: 0.9697
loss: 0.0819, acc: 0.9697
loss: 0.0849, acc: 0.9682
loss: 0.0866, acc: 0.9681
> val_acc: 0.7777, val_f1: 0.6556
> best_val_acc: 0.7937, best_val_f1: 0.6920
>> test_acc: 0.7937, test_f1: 0.6717
