cuda memory allocated: 5820928
n_trainable_params: 1010203, n_nontrainable_params: 442532
> training arguments:
>>> model_name: igcn_embed
>>> model_ver: 3
>>> dataset: restaurant
>>> optimizer: <class 'torch.optim.adamax.Adamax'>
>>> initializer: <function xavier_uniform_ at 0x7f3422000e18>
>>> learning_rate: 0.002
>>> momentum: 0.95
>>> dropout: 0.35
>>> l2reg: 5e-05
>>> num_epoch: 30
>>> batch_size: 32
>>> log_step: 5
>>> embed_dim: 136
>>> hidden_dim: 300
>>> bert_dim: 768
>>> pretrained_bert_name: bert-base-uncased
>>> embeddings: d
>>> max_seq_len: 300
>>> polarities_dim: 3
>>> hops: 3
>>> device: cuda
>>> seed: 0
>>> valset_ratio: 0
>>> num_layers: 1
>>> in_channels: 100
>>> out_channels: 1
>>> downbot: 20
>>> kernel_size: 3
>>> position_dim: 100
>>> gating: GTU
>>> stanford_pos_model: C:/NLP_Programs/stanford-postagger-2018-10-16/models/english-bidirectional-distsim.tagger
>>> stanford_pos_jar: C:/NLP_Programs/stanford-postagger-2018-10-16/stanford-postagger.jar
>>> glove_path: ./embeddings/glove.840B.300d.txt
>>> embedding_matrix_path: gen_data/embeddings/100_restaurant_domain_embedding_matrix.dat
>>> model_class: <class 'models.igcn.IGCN'>
>>> dataset_file: {'train': './datasets/semeval14/Restaurants_Train.xml.seg', 'test': './datasets/semeval14/Restaurants_Test_Gold.xml.seg'}
>>> inputs_cols: ['text_raw_indices', 'aspect_indices', 'pos_indices', 'aspect_pos_indices', 'position_indices']
>>>>>>>>>>>>>>>>>>>>>>>>>>>>>>>>>>>>>>>>>>>>>>>>>>>>>>>>>>>>>>>>>>>>>>>>>>>>>>>>>>>>>>>>>>>>>>>>>>>>
epoch: 0
loss: 1.0817, acc: 0.4750
loss: 0.9987, acc: 0.5344
loss: 0.9444, acc: 0.5750
loss: 0.9187, acc: 0.5922
loss: 0.8898, acc: 0.6100
loss: 0.8826, acc: 0.6094
loss: 0.8653, acc: 0.6179
loss: 0.8569, acc: 0.6266
loss: 0.8507, acc: 0.6312
loss: 0.8461, acc: 0.6325
loss: 0.8452, acc: 0.6307
loss: 0.8432, acc: 0.6323
loss: 0.8414, acc: 0.6332
loss: 0.8386, acc: 0.6339
loss: 0.8340, acc: 0.6375
loss: 0.8324, acc: 0.6375
loss: 0.8318, acc: 0.6368
loss: 0.8258, acc: 0.6417
loss: 0.8194, acc: 0.6454
loss: 0.8149, acc: 0.6456
loss: 0.8062, acc: 0.6512
loss: 0.7983, acc: 0.6548
> val_acc: 0.7518, val_f1: 0.5837
> best_val_acc: 0.0000, best_val_f1: 0.0000
>> saved: state_dict/igcn_embed_restaurant_val_acc0.7518
>>>>>>>>>>>>>>>>>>>>>>>>>>>>>>>>>>>>>>>>>>>>>>>>>>>>>>>>>>>>>>>>>>>>>>>>>>>>>>>>>>>>>>>>>>>>>>>>>>>>
epoch: 1
loss: 0.7441, acc: 0.6719
loss: 0.6681, acc: 0.7366
loss: 0.6556, acc: 0.7292
loss: 0.6529, acc: 0.7316
loss: 0.6525, acc: 0.7372
loss: 0.6492, acc: 0.7384
loss: 0.6396, acc: 0.7480
loss: 0.6354, acc: 0.7475
loss: 0.6303, acc: 0.7515
loss: 0.6293, acc: 0.7480
loss: 0.6302, acc: 0.7476
loss: 0.6260, acc: 0.7484
loss: 0.6170, acc: 0.7510
loss: 0.6161, acc: 0.7523
loss: 0.6191, acc: 0.7517
loss: 0.6136, acc: 0.7541
loss: 0.6083, acc: 0.7557
loss: 0.6085, acc: 0.7557
loss: 0.6073, acc: 0.7568
loss: 0.6065, acc: 0.7577
loss: 0.6043, acc: 0.7580
loss: 0.6008, acc: 0.7599
loss: 0.6002, acc: 0.7595
> val_acc: 0.7589, val_f1: 0.6356
> best_val_acc: 0.7518, best_val_f1: 0.5837
>> saved: state_dict/igcn_embed_restaurant_val_acc0.7589
>>>>>>>>>>>>>>>>>>>>>>>>>>>>>>>>>>>>>>>>>>>>>>>>>>>>>>>>>>>>>>>>>>>>>>>>>>>>>>>>>>>>>>>>>>>>>>>>>>>>
epoch: 2
loss: 0.5385, acc: 0.8359
loss: 0.5627, acc: 0.7882
loss: 0.5373, acc: 0.8080
loss: 0.5254, acc: 0.8010
loss: 0.5259, acc: 0.8008
loss: 0.5192, acc: 0.8017
loss: 0.5198, acc: 0.8006
loss: 0.5126, acc: 0.8037
loss: 0.5035, acc: 0.8082
loss: 0.5132, acc: 0.8029
loss: 0.5114, acc: 0.8027
loss: 0.5184, acc: 0.8014
loss: 0.5131, acc: 0.8013
loss: 0.5153, acc: 0.7994
loss: 0.5129, acc: 0.8019
loss: 0.5088, acc: 0.8030
loss: 0.5052, acc: 0.8043
loss: 0.5048, acc: 0.8030
loss: 0.5063, acc: 0.8019
loss: 0.5129, acc: 0.7983
loss: 0.5119, acc: 0.7984
loss: 0.5107, acc: 0.7996
> val_acc: 0.7741, val_f1: 0.6238
> best_val_acc: 0.7589, best_val_f1: 0.6356
>> saved: state_dict/igcn_embed_restaurant_val_acc0.7741
>>>>>>>>>>>>>>>>>>>>>>>>>>>>>>>>>>>>>>>>>>>>>>>>>>>>>>>>>>>>>>>>>>>>>>>>>>>>>>>>>>>>>>>>>>>>>>>>>>>>
epoch: 3
loss: 0.3939, acc: 0.8750
loss: 0.4516, acc: 0.8385
loss: 0.4039, acc: 0.8665
loss: 0.3970, acc: 0.8574
loss: 0.4053, acc: 0.8542
loss: 0.4182, acc: 0.8462
loss: 0.4074, acc: 0.8518
loss: 0.4129, acc: 0.8490
loss: 0.4186, acc: 0.8445
loss: 0.4123, acc: 0.8485
loss: 0.4126, acc: 0.8474
loss: 0.4128, acc: 0.8465
loss: 0.4149, acc: 0.8448
loss: 0.4197, acc: 0.8423
loss: 0.4238, acc: 0.8385
loss: 0.4276, acc: 0.8376
loss: 0.4286, acc: 0.8360
loss: 0.4321, acc: 0.8347
loss: 0.4343, acc: 0.8338
loss: 0.4359, acc: 0.8327
loss: 0.4362, acc: 0.8317
loss: 0.4363, acc: 0.8320
loss: 0.4355, acc: 0.8333
> val_acc: 0.7839, val_f1: 0.6760
> best_val_acc: 0.7741, best_val_f1: 0.6356
>> saved: state_dict/igcn_embed_restaurant_val_acc0.7839
>>>>>>>>>>>>>>>>>>>>>>>>>>>>>>>>>>>>>>>>>>>>>>>>>>>>>>>>>>>>>>>>>>>>>>>>>>>>>>>>>>>>>>>>>>>>>>>>>>>>
epoch: 4
loss: 0.3437, acc: 0.8958
loss: 0.3281, acc: 0.9180
loss: 0.3062, acc: 0.9087
loss: 0.3127, acc: 0.9062
loss: 0.3124, acc: 0.9035
loss: 0.3229, acc: 0.8940
loss: 0.3225, acc: 0.8920
loss: 0.3267, acc: 0.8890
loss: 0.3303, acc: 0.8859
loss: 0.3347, acc: 0.8835
loss: 0.3428, acc: 0.8803
loss: 0.3384, acc: 0.8825
loss: 0.3451, acc: 0.8780
loss: 0.3484, acc: 0.8773
loss: 0.3511, acc: 0.8776
loss: 0.3501, acc: 0.8778
loss: 0.3498, acc: 0.8765
loss: 0.3546, acc: 0.8750
loss: 0.3545, acc: 0.8760
loss: 0.3569, acc: 0.8747
loss: 0.3584, acc: 0.8741
loss: 0.3562, acc: 0.8759
loss: 0.3583, acc: 0.8753
> val_acc: 0.7759, val_f1: 0.6385
> best_val_acc: 0.7839, best_val_f1: 0.6760
>>>>>>>>>>>>>>>>>>>>>>>>>>>>>>>>>>>>>>>>>>>>>>>>>>>>>>>>>>>>>>>>>>>>>>>>>>>>>>>>>>>>>>>>>>>>>>>>>>>>
epoch: 5
loss: 0.2720, acc: 0.9250
loss: 0.2935, acc: 0.9187
loss: 0.2804, acc: 0.9208
loss: 0.2790, acc: 0.9141
loss: 0.2814, acc: 0.9150
loss: 0.2910, acc: 0.9125
loss: 0.2878, acc: 0.9125
loss: 0.2839, acc: 0.9164
loss: 0.2767, acc: 0.9229
loss: 0.2904, acc: 0.9156
loss: 0.2950, acc: 0.9125
loss: 0.2899, acc: 0.9146
loss: 0.2949, acc: 0.9120
loss: 0.2945, acc: 0.9103
loss: 0.2905, acc: 0.9129
loss: 0.2891, acc: 0.9125
loss: 0.2874, acc: 0.9136
loss: 0.2908, acc: 0.9122
loss: 0.2897, acc: 0.9128
loss: 0.2888, acc: 0.9137
loss: 0.2885, acc: 0.9137
loss: 0.2901, acc: 0.9134
> val_acc: 0.7750, val_f1: 0.6409
> best_val_acc: 0.7839, best_val_f1: 0.6760
>>>>>>>>>>>>>>>>>>>>>>>>>>>>>>>>>>>>>>>>>>>>>>>>>>>>>>>>>>>>>>>>>>>>>>>>>>>>>>>>>>>>>>>>>>>>>>>>>>>>
epoch: 6
loss: 0.2555, acc: 0.9062
loss: 0.2224, acc: 0.9286
loss: 0.2327, acc: 0.9375
loss: 0.2253, acc: 0.9430
loss: 0.2110, acc: 0.9489
loss: 0.2212, acc: 0.9421
loss: 0.2198, acc: 0.9453
loss: 0.2189, acc: 0.9459
loss: 0.2225, acc: 0.9427
loss: 0.2179, acc: 0.9455
loss: 0.2196, acc: 0.9459
loss: 0.2242, acc: 0.9402
loss: 0.2231, acc: 0.9405
loss: 0.2221, acc: 0.9412
loss: 0.2228, acc: 0.9410
loss: 0.2264, acc: 0.9379
loss: 0.2271, acc: 0.9379
loss: 0.2272, acc: 0.9382
loss: 0.2301, acc: 0.9355
loss: 0.2313, acc: 0.9349
loss: 0.2315, acc: 0.9341
loss: 0.2344, acc: 0.9320
loss: 0.2337, acc: 0.9328
> val_acc: 0.7705, val_f1: 0.6494
> best_val_acc: 0.7839, best_val_f1: 0.6760
>>>>>>>>>>>>>>>>>>>>>>>>>>>>>>>>>>>>>>>>>>>>>>>>>>>>>>>>>>>>>>>>>>>>>>>>>>>>>>>>>>>>>>>>>>>>>>>>>>>>
epoch: 7
loss: 0.2156, acc: 0.9453
loss: 0.1933, acc: 0.9583
loss: 0.1992, acc: 0.9487
loss: 0.1950, acc: 0.9507
loss: 0.1909, acc: 0.9544
loss: 0.1840, acc: 0.9569
loss: 0.1875, acc: 0.9540
loss: 0.1840, acc: 0.9583
loss: 0.1829, acc: 0.9574
loss: 0.1821, acc: 0.9573
loss: 0.1782, acc: 0.9595
loss: 0.1761, acc: 0.9603
loss: 0.1747, acc: 0.9609
loss: 0.1763, acc: 0.9592
loss: 0.1790, acc: 0.9573
loss: 0.1782, acc: 0.9581
loss: 0.1803, acc: 0.9565
loss: 0.1806, acc: 0.9561
loss: 0.1805, acc: 0.9564
loss: 0.1801, acc: 0.9568
loss: 0.1793, acc: 0.9576
loss: 0.1793, acc: 0.9573
> val_acc: 0.7679, val_f1: 0.6590
> best_val_acc: 0.7839, best_val_f1: 0.6760
>>>>>>>>>>>>>>>>>>>>>>>>>>>>>>>>>>>>>>>>>>>>>>>>>>>>>>>>>>>>>>>>>>>>>>>>>>>>>>>>>>>>>>>>>>>>>>>>>>>>
epoch: 8
loss: 0.1049, acc: 1.0000
loss: 0.1342, acc: 0.9844
loss: 0.1303, acc: 0.9886
loss: 0.1239, acc: 0.9902
loss: 0.1257, acc: 0.9896
loss: 0.1238, acc: 0.9892
loss: 0.1214, acc: 0.9909
loss: 0.1227, acc: 0.9913
loss: 0.1221, acc: 0.9901
loss: 0.1288, acc: 0.9844
loss: 0.1287, acc: 0.9828
loss: 0.1314, acc: 0.9821
loss: 0.1340, acc: 0.9816
loss: 0.1355, acc: 0.9792
loss: 0.1373, acc: 0.9771
loss: 0.1381, acc: 0.9762
loss: 0.1366, acc: 0.9772
loss: 0.1347, acc: 0.9782
loss: 0.1351, acc: 0.9777
loss: 0.1353, acc: 0.9779
loss: 0.1352, acc: 0.9780
loss: 0.1347, acc: 0.9782
loss: 0.1326, acc: 0.9789
> val_acc: 0.7777, val_f1: 0.6486
> best_val_acc: 0.7839, best_val_f1: 0.6760
>>>>>>>>>>>>>>>>>>>>>>>>>>>>>>>>>>>>>>>>>>>>>>>>>>>>>>>>>>>>>>>>>>>>>>>>>>>>>>>>>>>>>>>>>>>>>>>>>>>>
epoch: 9
loss: 0.1034, acc: 0.9896
loss: 0.0936, acc: 0.9844
loss: 0.0890, acc: 0.9880
loss: 0.0905, acc: 0.9913
loss: 0.0935, acc: 0.9891
loss: 0.0952, acc: 0.9855
loss: 0.0897, acc: 0.9877
loss: 0.0880, acc: 0.9885
loss: 0.0890, acc: 0.9891
loss: 0.0894, acc: 0.9896
loss: 0.0897, acc: 0.9900
loss: 0.0905, acc: 0.9903
loss: 0.0906, acc: 0.9896
loss: 0.0914, acc: 0.9899
loss: 0.0904, acc: 0.9897
loss: 0.0904, acc: 0.9892
loss: 0.0911, acc: 0.9891
loss: 0.0917, acc: 0.9886
loss: 0.0931, acc: 0.9882
loss: 0.0922, acc: 0.9885
loss: 0.0921, acc: 0.9885
loss: 0.0931, acc: 0.9881
loss: 0.0938, acc: 0.9881
> val_acc: 0.7723, val_f1: 0.6306
> best_val_acc: 0.7839, best_val_f1: 0.6760
>>>>>>>>>>>>>>>>>>>>>>>>>>>>>>>>>>>>>>>>>>>>>>>>>>>>>>>>>>>>>>>>>>>>>>>>>>>>>>>>>>>>>>>>>>>>>>>>>>>>
epoch: 10
loss: 0.0639, acc: 0.9938
loss: 0.0698, acc: 0.9938
loss: 0.0639, acc: 0.9958
loss: 0.0658, acc: 0.9969
loss: 0.0663, acc: 0.9975
loss: 0.0654, acc: 0.9979
loss: 0.0651, acc: 0.9964
loss: 0.0642, acc: 0.9961
loss: 0.0637, acc: 0.9951
loss: 0.0631, acc: 0.9956
loss: 0.0644, acc: 0.9955
loss: 0.0636, acc: 0.9958
loss: 0.0630, acc: 0.9962
loss: 0.0634, acc: 0.9960
loss: 0.0653, acc: 0.9954
loss: 0.0654, acc: 0.9957
loss: 0.0653, acc: 0.9956
loss: 0.0654, acc: 0.9955
loss: 0.0664, acc: 0.9954
loss: 0.0668, acc: 0.9953
loss: 0.0674, acc: 0.9946
loss: 0.0675, acc: 0.9946
> val_acc: 0.7714, val_f1: 0.6575
> best_val_acc: 0.7839, best_val_f1: 0.6760
>>>>>>>>>>>>>>>>>>>>>>>>>>>>>>>>>>>>>>>>>>>>>>>>>>>>>>>>>>>>>>>>>>>>>>>>>>>>>>>>>>>>>>>>>>>>>>>>>>>>
epoch: 11
loss: 0.0336, acc: 1.0000
loss: 0.0423, acc: 1.0000
loss: 0.0390, acc: 1.0000
loss: 0.0395, acc: 1.0000
loss: 0.0413, acc: 1.0000
loss: 0.0403, acc: 1.0000
loss: 0.0419, acc: 1.0000
loss: 0.0431, acc: 0.9992
loss: 0.0453, acc: 0.9993
loss: 0.0458, acc: 0.9993
loss: 0.0469, acc: 0.9988
loss: 0.0471, acc: 0.9989
loss: 0.0470, acc: 0.9990
loss: 0.0462, acc: 0.9991
loss: 0.0468, acc: 0.9991
loss: 0.0469, acc: 0.9992
loss: 0.0473, acc: 0.9992
loss: 0.0475, acc: 0.9993
loss: 0.0478, acc: 0.9986
loss: 0.0478, acc: 0.9987
loss: 0.0477, acc: 0.9988
loss: 0.0491, acc: 0.9982
loss: 0.0486, acc: 0.9980
> val_acc: 0.7723, val_f1: 0.6361
> best_val_acc: 0.7839, best_val_f1: 0.6760
>>>>>>>>>>>>>>>>>>>>>>>>>>>>>>>>>>>>>>>>>>>>>>>>>>>>>>>>>>>>>>>>>>>>>>>>>>>>>>>>>>>>>>>>>>>>>>>>>>>>
epoch: 12
loss: 0.0399, acc: 1.0000
loss: 0.0275, acc: 1.0000
loss: 0.0305, acc: 1.0000
loss: 0.0324, acc: 0.9984
loss: 0.0349, acc: 0.9974
loss: 0.0354, acc: 0.9978
loss: 0.0349, acc: 0.9982
loss: 0.0347, acc: 0.9976
loss: 0.0347, acc: 0.9979
loss: 0.0347, acc: 0.9981
loss: 0.0352, acc: 0.9983
loss: 0.0362, acc: 0.9984
loss: 0.0357, acc: 0.9985
loss: 0.0350, acc: 0.9986
loss: 0.0350, acc: 0.9987
loss: 0.0356, acc: 0.9988
loss: 0.0358, acc: 0.9989
loss: 0.0358, acc: 0.9989
loss: 0.0360, acc: 0.9987
loss: 0.0368, acc: 0.9987
loss: 0.0367, acc: 0.9988
loss: 0.0365, acc: 0.9989
> val_acc: 0.7741, val_f1: 0.6444
> best_val_acc: 0.7839, best_val_f1: 0.6760
>>>>>>>>>>>>>>>>>>>>>>>>>>>>>>>>>>>>>>>>>>>>>>>>>>>>>>>>>>>>>>>>>>>>>>>>>>>>>>>>>>>>>>>>>>>>>>>>>>>>
epoch: 13
loss: 0.0225, acc: 1.0000
loss: 0.0250, acc: 1.0000
loss: 0.0249, acc: 1.0000
loss: 0.0241, acc: 1.0000
loss: 0.0239, acc: 1.0000
loss: 0.0260, acc: 1.0000
loss: 0.0260, acc: 1.0000
loss: 0.0266, acc: 0.9991
loss: 0.0270, acc: 0.9992
loss: 0.0273, acc: 0.9993
loss: 0.0278, acc: 0.9988
loss: 0.0275, acc: 0.9989
loss: 0.0282, acc: 0.9990
loss: 0.0289, acc: 0.9986
loss: 0.0287, acc: 0.9987
loss: 0.0286, acc: 0.9988
loss: 0.0281, acc: 0.9988
loss: 0.0277, acc: 0.9989
loss: 0.0280, acc: 0.9990
loss: 0.0284, acc: 0.9990
loss: 0.0286, acc: 0.9991
loss: 0.0286, acc: 0.9991
loss: 0.0288, acc: 0.9992
> val_acc: 0.7714, val_f1: 0.6489
> best_val_acc: 0.7839, best_val_f1: 0.6760
>>>>>>>>>>>>>>>>>>>>>>>>>>>>>>>>>>>>>>>>>>>>>>>>>>>>>>>>>>>>>>>>>>>>>>>>>>>>>>>>>>>>>>>>>>>>>>>>>>>>
epoch: 14
loss: 0.0138, acc: 1.0000
loss: 0.0224, acc: 1.0000
loss: 0.0265, acc: 0.9976
loss: 0.0254, acc: 0.9983
loss: 0.0249, acc: 0.9986
loss: 0.0245, acc: 0.9989
loss: 0.0243, acc: 0.9991
loss: 0.0241, acc: 0.9992
loss: 0.0243, acc: 0.9993
loss: 0.0241, acc: 0.9993
loss: 0.0234, acc: 0.9994
loss: 0.0235, acc: 0.9995
loss: 0.0231, acc: 0.9995
loss: 0.0230, acc: 0.9995
loss: 0.0227, acc: 0.9996
loss: 0.0224, acc: 0.9996
loss: 0.0223, acc: 0.9996
loss: 0.0222, acc: 0.9996
loss: 0.0224, acc: 0.9997
loss: 0.0228, acc: 0.9994
loss: 0.0231, acc: 0.9994
loss: 0.0231, acc: 0.9994
loss: 0.0233, acc: 0.9994
> val_acc: 0.7679, val_f1: 0.6560
> best_val_acc: 0.7839, best_val_f1: 0.6760
>>>>>>>>>>>>>>>>>>>>>>>>>>>>>>>>>>>>>>>>>>>>>>>>>>>>>>>>>>>>>>>>>>>>>>>>>>>>>>>>>>>>>>>>>>>>>>>>>>>>
epoch: 15
loss: 0.0160, acc: 1.0000
loss: 0.0158, acc: 1.0000
loss: 0.0175, acc: 1.0000
loss: 0.0177, acc: 1.0000
loss: 0.0176, acc: 1.0000
loss: 0.0170, acc: 1.0000
loss: 0.0178, acc: 1.0000
loss: 0.0178, acc: 1.0000
loss: 0.0182, acc: 1.0000
loss: 0.0178, acc: 1.0000
loss: 0.0181, acc: 0.9994
loss: 0.0179, acc: 0.9995
loss: 0.0178, acc: 0.9995
loss: 0.0179, acc: 0.9996
loss: 0.0178, acc: 0.9996
loss: 0.0184, acc: 0.9996
loss: 0.0189, acc: 0.9996
loss: 0.0194, acc: 0.9997
loss: 0.0193, acc: 0.9997
loss: 0.0193, acc: 0.9997
loss: 0.0196, acc: 0.9994
loss: 0.0194, acc: 0.9994
> val_acc: 0.7705, val_f1: 0.6525
> best_val_acc: 0.7839, best_val_f1: 0.6760
>>>>>>>>>>>>>>>>>>>>>>>>>>>>>>>>>>>>>>>>>>>>>>>>>>>>>>>>>>>>>>>>>>>>>>>>>>>>>>>>>>>>>>>>>>>>>>>>>>>>
epoch: 16
loss: 0.0199, acc: 1.0000
loss: 0.0168, acc: 1.0000
loss: 0.0178, acc: 1.0000
loss: 0.0186, acc: 1.0000
loss: 0.0182, acc: 1.0000
loss: 0.0175, acc: 1.0000
loss: 0.0172, acc: 1.0000
loss: 0.0169, acc: 1.0000
loss: 0.0163, acc: 1.0000
loss: 0.0159, acc: 1.0000
loss: 0.0157, acc: 1.0000
loss: 0.0154, acc: 1.0000
loss: 0.0166, acc: 0.9995
loss: 0.0163, acc: 0.9995
loss: 0.0160, acc: 0.9996
loss: 0.0161, acc: 0.9996
loss: 0.0160, acc: 0.9996
loss: 0.0160, acc: 0.9996
loss: 0.0162, acc: 0.9993
loss: 0.0166, acc: 0.9990
loss: 0.0165, acc: 0.9991
loss: 0.0164, acc: 0.9991
loss: 0.0165, acc: 0.9992
> val_acc: 0.7750, val_f1: 0.6635
> best_val_acc: 0.7839, best_val_f1: 0.6760
>>>>>>>>>>>>>>>>>>>>>>>>>>>>>>>>>>>>>>>>>>>>>>>>>>>>>>>>>>>>>>>>>>>>>>>>>>>>>>>>>>>>>>>>>>>>>>>>>>>>
epoch: 17
loss: 0.0132, acc: 1.0000
loss: 0.0129, acc: 1.0000
loss: 0.0118, acc: 1.0000
loss: 0.0124, acc: 1.0000
loss: 0.0125, acc: 1.0000
loss: 0.0123, acc: 1.0000
loss: 0.0119, acc: 1.0000
loss: 0.0120, acc: 1.0000
loss: 0.0115, acc: 1.0000
loss: 0.0118, acc: 1.0000
loss: 0.0115, acc: 1.0000
loss: 0.0114, acc: 1.0000
loss: 0.0112, acc: 1.0000
loss: 0.0112, acc: 1.0000
loss: 0.0116, acc: 1.0000
loss: 0.0114, acc: 1.0000
loss: 0.0113, acc: 1.0000
loss: 0.0112, acc: 1.0000
loss: 0.0114, acc: 1.0000
loss: 0.0114, acc: 1.0000
loss: 0.0114, acc: 1.0000
loss: 0.0115, acc: 1.0000
> val_acc: 0.7759, val_f1: 0.6455
> best_val_acc: 0.7839, best_val_f1: 0.6760
>>>>>>>>>>>>>>>>>>>>>>>>>>>>>>>>>>>>>>>>>>>>>>>>>>>>>>>>>>>>>>>>>>>>>>>>>>>>>>>>>>>>>>>>>>>>>>>>>>>>
epoch: 18
loss: 0.0059, acc: 1.0000
loss: 0.0093, acc: 1.0000
loss: 0.0090, acc: 1.0000
loss: 0.0086, acc: 1.0000
loss: 0.0084, acc: 1.0000
loss: 0.0086, acc: 1.0000
loss: 0.0087, acc: 1.0000
loss: 0.0088, acc: 1.0000
loss: 0.0092, acc: 1.0000
loss: 0.0090, acc: 1.0000
loss: 0.0089, acc: 1.0000
loss: 0.0092, acc: 1.0000
loss: 0.0092, acc: 1.0000
loss: 0.0092, acc: 1.0000
loss: 0.0098, acc: 0.9996
loss: 0.0097, acc: 0.9996
loss: 0.0100, acc: 0.9996
loss: 0.0099, acc: 0.9996
loss: 0.0104, acc: 0.9993
loss: 0.0104, acc: 0.9993
loss: 0.0106, acc: 0.9994
loss: 0.0105, acc: 0.9994
loss: 0.0106, acc: 0.9994
> val_acc: 0.7741, val_f1: 0.6465
> best_val_acc: 0.7839, best_val_f1: 0.6760
>>>>>>>>>>>>>>>>>>>>>>>>>>>>>>>>>>>>>>>>>>>>>>>>>>>>>>>>>>>>>>>>>>>>>>>>>>>>>>>>>>>>>>>>>>>>>>>>>>>>
epoch: 19
loss: 0.0081, acc: 1.0000
loss: 0.0082, acc: 1.0000
loss: 0.0076, acc: 1.0000
loss: 0.0072, acc: 1.0000
loss: 0.0071, acc: 1.0000
loss: 0.0067, acc: 1.0000
loss: 0.0069, acc: 1.0000
loss: 0.0069, acc: 1.0000
loss: 0.0070, acc: 1.0000
loss: 0.0070, acc: 1.0000
loss: 0.0073, acc: 1.0000
loss: 0.0074, acc: 1.0000
loss: 0.0074, acc: 1.0000
loss: 0.0073, acc: 1.0000
loss: 0.0072, acc: 1.0000
loss: 0.0076, acc: 1.0000
loss: 0.0076, acc: 1.0000
loss: 0.0075, acc: 1.0000
loss: 0.0080, acc: 1.0000
loss: 0.0080, acc: 1.0000
loss: 0.0082, acc: 1.0000
loss: 0.0082, acc: 1.0000
loss: 0.0082, acc: 1.0000
> val_acc: 0.7777, val_f1: 0.6642
> best_val_acc: 0.7839, best_val_f1: 0.6760
>>>>>>>>>>>>>>>>>>>>>>>>>>>>>>>>>>>>>>>>>>>>>>>>>>>>>>>>>>>>>>>>>>>>>>>>>>>>>>>>>>>>>>>>>>>>>>>>>>>>
epoch: 20
loss: 0.0047, acc: 1.0000
loss: 0.0069, acc: 1.0000
loss: 0.0069, acc: 1.0000
loss: 0.0067, acc: 1.0000
loss: 0.0067, acc: 1.0000
loss: 0.0067, acc: 1.0000
loss: 0.0068, acc: 1.0000
loss: 0.0068, acc: 1.0000
loss: 0.0067, acc: 1.0000
loss: 0.0068, acc: 1.0000
loss: 0.0066, acc: 1.0000
loss: 0.0068, acc: 1.0000
loss: 0.0068, acc: 1.0000
loss: 0.0069, acc: 1.0000
loss: 0.0072, acc: 1.0000
loss: 0.0072, acc: 1.0000
loss: 0.0071, acc: 1.0000
loss: 0.0072, acc: 1.0000
loss: 0.0077, acc: 1.0000
loss: 0.0077, acc: 1.0000
loss: 0.0077, acc: 1.0000
loss: 0.0078, acc: 1.0000
> val_acc: 0.7714, val_f1: 0.6378
> best_val_acc: 0.7839, best_val_f1: 0.6760
>>>>>>>>>>>>>>>>>>>>>>>>>>>>>>>>>>>>>>>>>>>>>>>>>>>>>>>>>>>>>>>>>>>>>>>>>>>>>>>>>>>>>>>>>>>>>>>>>>>>
epoch: 21
loss: 0.0056, acc: 1.0000
loss: 0.0050, acc: 1.0000
loss: 0.0054, acc: 1.0000
loss: 0.0056, acc: 1.0000
loss: 0.0056, acc: 1.0000
loss: 0.0059, acc: 1.0000
loss: 0.0061, acc: 1.0000
loss: 0.0062, acc: 1.0000
loss: 0.0064, acc: 1.0000
loss: 0.0066, acc: 1.0000
loss: 0.0064, acc: 1.0000
loss: 0.0062, acc: 1.0000
loss: 0.0062, acc: 1.0000
loss: 0.0062, acc: 1.0000
loss: 0.0062, acc: 1.0000
loss: 0.0062, acc: 1.0000
loss: 0.0064, acc: 1.0000
loss: 0.0064, acc: 1.0000
loss: 0.0065, acc: 1.0000
loss: 0.0067, acc: 1.0000
loss: 0.0065, acc: 1.0000
loss: 0.0065, acc: 1.0000
loss: 0.0066, acc: 1.0000
> val_acc: 0.7732, val_f1: 0.6515
> best_val_acc: 0.7839, best_val_f1: 0.6760
>>>>>>>>>>>>>>>>>>>>>>>>>>>>>>>>>>>>>>>>>>>>>>>>>>>>>>>>>>>>>>>>>>>>>>>>>>>>>>>>>>>>>>>>>>>>>>>>>>>>
epoch: 22
loss: 0.0070, acc: 1.0000
loss: 0.0058, acc: 1.0000
loss: 0.0054, acc: 1.0000
loss: 0.0049, acc: 1.0000
loss: 0.0051, acc: 1.0000
loss: 0.0050, acc: 1.0000
loss: 0.0051, acc: 1.0000
loss: 0.0053, acc: 1.0000
loss: 0.0052, acc: 1.0000
loss: 0.0052, acc: 1.0000
loss: 0.0051, acc: 1.0000
loss: 0.0053, acc: 1.0000
loss: 0.0052, acc: 1.0000
loss: 0.0053, acc: 1.0000
loss: 0.0053, acc: 1.0000
loss: 0.0052, acc: 1.0000
loss: 0.0053, acc: 1.0000
loss: 0.0052, acc: 1.0000
loss: 0.0052, acc: 1.0000
loss: 0.0058, acc: 0.9997
loss: 0.0058, acc: 0.9997
loss: 0.0058, acc: 0.9997
> val_acc: 0.7741, val_f1: 0.6623
> best_val_acc: 0.7839, best_val_f1: 0.6760
>>>>>>>>>>>>>>>>>>>>>>>>>>>>>>>>>>>>>>>>>>>>>>>>>>>>>>>>>>>>>>>>>>>>>>>>>>>>>>>>>>>>>>>>>>>>>>>>>>>>
epoch: 23
loss: 0.0023, acc: 1.0000
loss: 0.0048, acc: 1.0000
loss: 0.0042, acc: 1.0000
loss: 0.0042, acc: 1.0000
loss: 0.0042, acc: 1.0000
loss: 0.0043, acc: 1.0000
loss: 0.0044, acc: 1.0000
loss: 0.0043, acc: 1.0000
loss: 0.0044, acc: 1.0000
loss: 0.0046, acc: 1.0000
loss: 0.0047, acc: 1.0000
loss: 0.0048, acc: 1.0000
loss: 0.0048, acc: 1.0000
loss: 0.0048, acc: 1.0000
loss: 0.0047, acc: 1.0000
loss: 0.0047, acc: 1.0000
loss: 0.0047, acc: 1.0000
loss: 0.0046, acc: 1.0000
loss: 0.0048, acc: 1.0000
loss: 0.0048, acc: 1.0000
loss: 0.0049, acc: 1.0000
loss: 0.0049, acc: 1.0000
loss: 0.0049, acc: 1.0000
> val_acc: 0.7768, val_f1: 0.6445
> best_val_acc: 0.7839, best_val_f1: 0.6760
>>>>>>>>>>>>>>>>>>>>>>>>>>>>>>>>>>>>>>>>>>>>>>>>>>>>>>>>>>>>>>>>>>>>>>>>>>>>>>>>>>>>>>>>>>>>>>>>>>>>
epoch: 24
loss: 0.0050, acc: 1.0000
loss: 0.0041, acc: 1.0000
loss: 0.0039, acc: 1.0000
loss: 0.0039, acc: 1.0000
loss: 0.0040, acc: 1.0000
loss: 0.0044, acc: 1.0000
loss: 0.0043, acc: 1.0000
loss: 0.0047, acc: 1.0000
loss: 0.0045, acc: 1.0000
loss: 0.0044, acc: 1.0000
loss: 0.0044, acc: 1.0000
loss: 0.0043, acc: 1.0000
loss: 0.0045, acc: 1.0000
loss: 0.0045, acc: 1.0000
loss: 0.0045, acc: 1.0000
loss: 0.0043, acc: 1.0000
loss: 0.0045, acc: 1.0000
loss: 0.0044, acc: 1.0000
loss: 0.0043, acc: 1.0000
loss: 0.0043, acc: 1.0000
loss: 0.0045, acc: 1.0000
loss: 0.0045, acc: 1.0000
loss: 0.0045, acc: 1.0000
> val_acc: 0.7732, val_f1: 0.6587
> best_val_acc: 0.7839, best_val_f1: 0.6760
>>>>>>>>>>>>>>>>>>>>>>>>>>>>>>>>>>>>>>>>>>>>>>>>>>>>>>>>>>>>>>>>>>>>>>>>>>>>>>>>>>>>>>>>>>>>>>>>>>>>
epoch: 25
loss: 0.0033, acc: 1.0000
loss: 0.0026, acc: 1.0000
loss: 0.0027, acc: 1.0000
loss: 0.0028, acc: 1.0000
loss: 0.0029, acc: 1.0000
loss: 0.0030, acc: 1.0000
loss: 0.0031, acc: 1.0000
loss: 0.0030, acc: 1.0000
loss: 0.0032, acc: 1.0000
loss: 0.0033, acc: 1.0000
loss: 0.0032, acc: 1.0000
loss: 0.0033, acc: 1.0000
loss: 0.0034, acc: 1.0000
loss: 0.0035, acc: 1.0000
loss: 0.0034, acc: 1.0000
loss: 0.0035, acc: 1.0000
loss: 0.0035, acc: 1.0000
loss: 0.0036, acc: 1.0000
loss: 0.0036, acc: 1.0000
loss: 0.0037, acc: 1.0000
loss: 0.0036, acc: 1.0000
loss: 0.0036, acc: 1.0000
> val_acc: 0.7750, val_f1: 0.6617
> best_val_acc: 0.7839, best_val_f1: 0.6760
>>>>>>>>>>>>>>>>>>>>>>>>>>>>>>>>>>>>>>>>>>>>>>>>>>>>>>>>>>>>>>>>>>>>>>>>>>>>>>>>>>>>>>>>>>>>>>>>>>>>
epoch: 26
loss: 0.0039, acc: 1.0000
loss: 0.0049, acc: 1.0000
loss: 0.0039, acc: 1.0000
loss: 0.0038, acc: 1.0000
loss: 0.0037, acc: 1.0000
loss: 0.0038, acc: 1.0000
loss: 0.0035, acc: 1.0000
loss: 0.0037, acc: 1.0000
loss: 0.0035, acc: 1.0000
loss: 0.0035, acc: 1.0000
loss: 0.0034, acc: 1.0000
loss: 0.0033, acc: 1.0000
loss: 0.0033, acc: 1.0000
loss: 0.0033, acc: 1.0000
loss: 0.0032, acc: 1.0000
loss: 0.0031, acc: 1.0000
loss: 0.0032, acc: 1.0000
loss: 0.0032, acc: 1.0000
loss: 0.0032, acc: 1.0000
loss: 0.0033, acc: 1.0000
loss: 0.0032, acc: 1.0000
loss: 0.0033, acc: 1.0000
loss: 0.0033, acc: 1.0000
> val_acc: 0.7812, val_f1: 0.6666
> best_val_acc: 0.7839, best_val_f1: 0.6760
>>>>>>>>>>>>>>>>>>>>>>>>>>>>>>>>>>>>>>>>>>>>>>>>>>>>>>>>>>>>>>>>>>>>>>>>>>>>>>>>>>>>>>>>>>>>>>>>>>>>
epoch: 27
loss: 0.0020, acc: 1.0000
loss: 0.0024, acc: 1.0000
loss: 0.0022, acc: 1.0000
loss: 0.0026, acc: 1.0000
loss: 0.0026, acc: 1.0000
loss: 0.0027, acc: 1.0000
loss: 0.0029, acc: 1.0000
loss: 0.0030, acc: 1.0000
loss: 0.0028, acc: 1.0000
loss: 0.0029, acc: 1.0000
loss: 0.0029, acc: 1.0000
loss: 0.0032, acc: 1.0000
loss: 0.0034, acc: 1.0000
loss: 0.0034, acc: 1.0000
loss: 0.0033, acc: 1.0000
loss: 0.0035, acc: 1.0000
loss: 0.0035, acc: 1.0000
loss: 0.0036, acc: 1.0000
loss: 0.0036, acc: 1.0000
loss: 0.0036, acc: 1.0000
loss: 0.0036, acc: 1.0000
loss: 0.0036, acc: 1.0000
> val_acc: 0.7696, val_f1: 0.6553
> best_val_acc: 0.7839, best_val_f1: 0.6760
>>>>>>>>>>>>>>>>>>>>>>>>>>>>>>>>>>>>>>>>>>>>>>>>>>>>>>>>>>>>>>>>>>>>>>>>>>>>>>>>>>>>>>>>>>>>>>>>>>>>
epoch: 28
loss: 0.0025, acc: 1.0000
loss: 0.0019, acc: 1.0000
loss: 0.0029, acc: 1.0000
loss: 0.0028, acc: 1.0000
loss: 0.0029, acc: 1.0000
loss: 0.0027, acc: 1.0000
loss: 0.0028, acc: 1.0000
loss: 0.0028, acc: 1.0000
loss: 0.0027, acc: 1.0000
loss: 0.0028, acc: 1.0000
loss: 0.0028, acc: 1.0000
loss: 0.0028, acc: 1.0000
loss: 0.0029, acc: 1.0000
loss: 0.0030, acc: 1.0000
loss: 0.0029, acc: 1.0000
loss: 0.0029, acc: 1.0000
loss: 0.0029, acc: 1.0000
loss: 0.0030, acc: 1.0000
loss: 0.0030, acc: 1.0000
loss: 0.0030, acc: 1.0000
loss: 0.0030, acc: 1.0000
loss: 0.0030, acc: 1.0000
loss: 0.0030, acc: 1.0000
> val_acc: 0.7768, val_f1: 0.6619
> best_val_acc: 0.7839, best_val_f1: 0.6760
>>>>>>>>>>>>>>>>>>>>>>>>>>>>>>>>>>>>>>>>>>>>>>>>>>>>>>>>>>>>>>>>>>>>>>>>>>>>>>>>>>>>>>>>>>>>>>>>>>>>
epoch: 29
loss: 0.0048, acc: 1.0000
loss: 0.0028, acc: 1.0000
loss: 0.0025, acc: 1.0000
loss: 0.0029, acc: 1.0000
loss: 0.0029, acc: 1.0000
loss: 0.0027, acc: 1.0000
loss: 0.0026, acc: 1.0000
loss: 0.0025, acc: 1.0000
loss: 0.0029, acc: 1.0000
loss: 0.0029, acc: 1.0000
loss: 0.0030, acc: 1.0000
loss: 0.0030, acc: 1.0000
loss: 0.0030, acc: 1.0000
loss: 0.0030, acc: 1.0000
loss: 0.0030, acc: 1.0000
loss: 0.0030, acc: 1.0000
loss: 0.0030, acc: 1.0000
loss: 0.0031, acc: 1.0000
loss: 0.0031, acc: 1.0000
loss: 0.0034, acc: 1.0000
loss: 0.0033, acc: 1.0000
loss: 0.0033, acc: 1.0000
loss: 0.0033, acc: 1.0000
> val_acc: 0.7732, val_f1: 0.6417
> best_val_acc: 0.7839, best_val_f1: 0.6760
>> test_acc: 0.7839, test_f1: 0.6760
