n_trainable_params: 1258203, n_nontrainable_params: 1385732
> training arguments:
>>> model_name: igcn_embed
>>> model_ver: 3
>>> dataset: laptop
>>> optimizer: <class 'torch.optim.adamax.Adamax'>
>>> initializer: <function xavier_uniform_ at 0x7f0dfcab9e18>
>>> learning_rate: 0.002
>>> momentum: 0.95
>>> dropout: 0.35
>>> l2reg: 5e-05
>>> num_epoch: 30
>>> batch_size: 32
>>> log_step: 5
>>> embed_dim: 436
>>> hidden_dim: 300
>>> bert_dim: 768
>>> pretrained_bert_name: bert-base-uncased
>>> embeddings: gd
>>> max_seq_len: 180
>>> polarities_dim: 3
>>> hops: 3
>>> device: cpu
>>> seed: 0
>>> valset_ratio: 0
>>> num_layers: 1
>>> in_channels: 100
>>> out_channels: 1
>>> downbot: 20
>>> kernel_size: 3
>>> position_dim: 100
>>> stanford_pos_model: C:/NLP_Programs/stanford-postagger-2018-10-16/models/english-bidirectional-distsim.tagger
>>> stanford_pos_jar: C:/NLP_Programs/stanford-postagger-2018-10-16/stanford-postagger.jar
>>> glove_path: ./embeddings/glove.840B.300d.txt
>>> embedding_matrix_path: gen_data/embeddings/400_laptop_glove_domain_embedding_matrix.dat
>>> model_class: <class 'models.igcn.IGCN'>
>>> dataset_file: {'train': './datasets/semeval14/Laptops_Train.xml.seg', 'test': './datasets/semeval14/Laptops_Test_Gold.xml.seg'}
>>> inputs_cols: ['text_raw_indices', 'aspect_indices', 'pos_indices', 'aspect_pos_indices', 'position_indices']
>>>>>>>>>>>>>>>>>>>>>>>>>>>>>>>>>>>>>>>>>>>>>>>>>>>>>>>>>>>>>>>>>>>>>>>>>>>>>>>>>>>>>>>>>>>>>>>>>>>>
epoch: 0
loss: 1.1056, acc: 0.4000
loss: 1.0825, acc: 0.4156
loss: 1.0159, acc: 0.4646
loss: 0.9765, acc: 0.5016
loss: 0.9509, acc: 0.5288
loss: 0.9496, acc: 0.5302
loss: 0.9335, acc: 0.5411
loss: 0.9201, acc: 0.5555
loss: 0.9039, acc: 0.5681
loss: 0.8896, acc: 0.5825
loss: 0.8816, acc: 0.5881
loss: 0.8713, acc: 0.5969
loss: 0.8701, acc: 0.5976
loss: 0.8584, acc: 0.6067
> val_acc: 0.6520, val_f1: 0.5651
> best_val_acc: 0.0000, best_val_f1: 0.0000
>> saved: state_dict/igcn_embed_laptop_val_acc0.652
>>>>>>>>>>>>>>>>>>>>>>>>>>>>>>>>>>>>>>>>>>>>>>>>>>>>>>>>>>>>>>>>>>>>>>>>>>>>>>>>>>>>>>>>>>>>>>>>>>>>
epoch: 1
loss: 0.6293, acc: 0.7344
loss: 0.6151, acc: 0.7589
loss: 0.6087, acc: 0.7526
loss: 0.5913, acc: 0.7665
loss: 0.5977, acc: 0.7585
loss: 0.5921, acc: 0.7674
loss: 0.5854, acc: 0.7705
loss: 0.5933, acc: 0.7635
loss: 0.6077, acc: 0.7560
loss: 0.6065, acc: 0.7540
loss: 0.6018, acc: 0.7524
loss: 0.5939, acc: 0.7577
loss: 0.5903, acc: 0.7576
loss: 0.5892, acc: 0.7584
loss: 0.5884, acc: 0.7569
> val_acc: 0.6818, val_f1: 0.5920
> best_val_acc: 0.6520, best_val_f1: 0.5651
>> saved: state_dict/igcn_embed_laptop_val_acc0.6818
>>>>>>>>>>>>>>>>>>>>>>>>>>>>>>>>>>>>>>>>>>>>>>>>>>>>>>>>>>>>>>>>>>>>>>>>>>>>>>>>>>>>>>>>>>>>>>>>>>>>
epoch: 2
loss: 0.4761, acc: 0.8125
loss: 0.4919, acc: 0.8056
loss: 0.4764, acc: 0.8214
loss: 0.4660, acc: 0.8322
loss: 0.4658, acc: 0.8333
loss: 0.4582, acc: 0.8384
loss: 0.4573, acc: 0.8438
loss: 0.4524, acc: 0.8454
loss: 0.4552, acc: 0.8445
loss: 0.4550, acc: 0.8450
loss: 0.4480, acc: 0.8472
loss: 0.4366, acc: 0.8496
loss: 0.4433, acc: 0.8457
loss: 0.4417, acc: 0.8474
> val_acc: 0.6818, val_f1: 0.5925
> best_val_acc: 0.6818, best_val_f1: 0.5920
>>>>>>>>>>>>>>>>>>>>>>>>>>>>>>>>>>>>>>>>>>>>>>>>>>>>>>>>>>>>>>>>>>>>>>>>>>>>>>>>>>>>>>>>>>>>>>>>>>>>
epoch: 3
loss: 0.2645, acc: 0.9062
loss: 0.3443, acc: 0.8906
loss: 0.3391, acc: 0.8864
loss: 0.3337, acc: 0.8926
loss: 0.3331, acc: 0.8884
loss: 0.3331, acc: 0.8882
loss: 0.3352, acc: 0.8871
loss: 0.3331, acc: 0.8906
loss: 0.3319, acc: 0.8918
loss: 0.3325, acc: 0.8899
loss: 0.3290, acc: 0.8922
loss: 0.3267, acc: 0.8934
loss: 0.3259, acc: 0.8919
loss: 0.3274, acc: 0.8902
loss: 0.3302, acc: 0.8904
> val_acc: 0.6803, val_f1: 0.5791
> best_val_acc: 0.6818, best_val_f1: 0.5925
>>>>>>>>>>>>>>>>>>>>>>>>>>>>>>>>>>>>>>>>>>>>>>>>>>>>>>>>>>>>>>>>>>>>>>>>>>>>>>>>>>>>>>>>>>>>>>>>>>>>
epoch: 4
loss: 0.1903, acc: 0.9688
loss: 0.2157, acc: 0.9570
loss: 0.2218, acc: 0.9519
loss: 0.2202, acc: 0.9497
loss: 0.2274, acc: 0.9389
loss: 0.2361, acc: 0.9353
loss: 0.2444, acc: 0.9271
loss: 0.2434, acc: 0.9276
loss: 0.2460, acc: 0.9244
loss: 0.2455, acc: 0.9225
loss: 0.2450, acc: 0.9245
loss: 0.2444, acc: 0.9262
loss: 0.2424, acc: 0.9271
loss: 0.2429, acc: 0.9256
loss: 0.2463, acc: 0.9240
> val_acc: 0.7226, val_f1: 0.6596
> best_val_acc: 0.6818, best_val_f1: 0.5925
>> saved: state_dict/igcn_embed_laptop_val_acc0.7226
>>>>>>>>>>>>>>>>>>>>>>>>>>>>>>>>>>>>>>>>>>>>>>>>>>>>>>>>>>>>>>>>>>>>>>>>>>>>>>>>>>>>>>>>>>>>>>>>>>>>
epoch: 5
loss: 0.2006, acc: 0.9500
loss: 0.1900, acc: 0.9531
loss: 0.1949, acc: 0.9500
loss: 0.1850, acc: 0.9578
loss: 0.1816, acc: 0.9587
loss: 0.1782, acc: 0.9594
loss: 0.1827, acc: 0.9563
loss: 0.1817, acc: 0.9563
loss: 0.1766, acc: 0.9569
loss: 0.1750, acc: 0.9569
loss: 0.1728, acc: 0.9580
loss: 0.1766, acc: 0.9563
loss: 0.1816, acc: 0.9524
loss: 0.1829, acc: 0.9522
> val_acc: 0.7257, val_f1: 0.6474
> best_val_acc: 0.7226, best_val_f1: 0.6596
>> saved: state_dict/igcn_embed_laptop_val_acc0.7257
>>>>>>>>>>>>>>>>>>>>>>>>>>>>>>>>>>>>>>>>>>>>>>>>>>>>>>>>>>>>>>>>>>>>>>>>>>>>>>>>>>>>>>>>>>>>>>>>>>>>
epoch: 6
loss: 0.1369, acc: 0.9531
loss: 0.1321, acc: 0.9732
loss: 0.1243, acc: 0.9792
loss: 0.1243, acc: 0.9724
loss: 0.1227, acc: 0.9730
loss: 0.1243, acc: 0.9734
loss: 0.1278, acc: 0.9707
loss: 0.1265, acc: 0.9704
loss: 0.1276, acc: 0.9710
loss: 0.1263, acc: 0.9714
loss: 0.1250, acc: 0.9724
loss: 0.1256, acc: 0.9715
loss: 0.1252, acc: 0.9718
loss: 0.1274, acc: 0.9701
loss: 0.1298, acc: 0.9692
> val_acc: 0.7132, val_f1: 0.6349
> best_val_acc: 0.7257, best_val_f1: 0.6596
>>>>>>>>>>>>>>>>>>>>>>>>>>>>>>>>>>>>>>>>>>>>>>>>>>>>>>>>>>>>>>>>>>>>>>>>>>>>>>>>>>>>>>>>>>>>>>>>>>>>
epoch: 7
loss: 0.0995, acc: 0.9844
loss: 0.1045, acc: 0.9826
loss: 0.1002, acc: 0.9844
loss: 0.0978, acc: 0.9852
loss: 0.0935, acc: 0.9870
loss: 0.0935, acc: 0.9849
loss: 0.0914, acc: 0.9862
loss: 0.0912, acc: 0.9856
loss: 0.0931, acc: 0.9844
loss: 0.0902, acc: 0.9860
loss: 0.0908, acc: 0.9855
loss: 0.0892, acc: 0.9862
loss: 0.0897, acc: 0.9863
loss: 0.0914, acc: 0.9851
> val_acc: 0.7163, val_f1: 0.6400
> best_val_acc: 0.7257, best_val_f1: 0.6596
>>>>>>>>>>>>>>>>>>>>>>>>>>>>>>>>>>>>>>>>>>>>>>>>>>>>>>>>>>>>>>>>>>>>>>>>>>>>>>>>>>>>>>>>>>>>>>>>>>>>
epoch: 8
loss: 0.0374, acc: 1.0000
loss: 0.0621, acc: 0.9948
loss: 0.0639, acc: 0.9915
loss: 0.0639, acc: 0.9941
loss: 0.0614, acc: 0.9955
loss: 0.0588, acc: 0.9964
loss: 0.0575, acc: 0.9970
loss: 0.0568, acc: 0.9965
loss: 0.0578, acc: 0.9962
loss: 0.0584, acc: 0.9959
loss: 0.0599, acc: 0.9957
loss: 0.0624, acc: 0.9950
loss: 0.0629, acc: 0.9939
loss: 0.0642, acc: 0.9934
loss: 0.0637, acc: 0.9934
> val_acc: 0.7210, val_f1: 0.6487
> best_val_acc: 0.7257, best_val_f1: 0.6596
>>>>>>>>>>>>>>>>>>>>>>>>>>>>>>>>>>>>>>>>>>>>>>>>>>>>>>>>>>>>>>>>>>>>>>>>>>>>>>>>>>>>>>>>>>>>>>>>>>>>
epoch: 9
loss: 0.0489, acc: 1.0000
loss: 0.0428, acc: 1.0000
loss: 0.0426, acc: 1.0000
loss: 0.0389, acc: 1.0000
loss: 0.0427, acc: 1.0000
loss: 0.0458, acc: 0.9978
loss: 0.0480, acc: 0.9972
loss: 0.0472, acc: 0.9975
loss: 0.0489, acc: 0.9978
loss: 0.0481, acc: 0.9980
loss: 0.0485, acc: 0.9982
loss: 0.0476, acc: 0.9984
loss: 0.0478, acc: 0.9985
loss: 0.0475, acc: 0.9986
loss: 0.0476, acc: 0.9987
> val_acc: 0.7163, val_f1: 0.6420
> best_val_acc: 0.7257, best_val_f1: 0.6596
>>>>>>>>>>>>>>>>>>>>>>>>>>>>>>>>>>>>>>>>>>>>>>>>>>>>>>>>>>>>>>>>>>>>>>>>>>>>>>>>>>>>>>>>>>>>>>>>>>>>
epoch: 10
loss: 0.0349, acc: 1.0000
loss: 0.0312, acc: 1.0000
loss: 0.0348, acc: 1.0000
loss: 0.0336, acc: 0.9984
loss: 0.0364, acc: 0.9975
loss: 0.0359, acc: 0.9979
loss: 0.0335, acc: 0.9982
loss: 0.0331, acc: 0.9984
loss: 0.0333, acc: 0.9986
loss: 0.0330, acc: 0.9988
loss: 0.0339, acc: 0.9983
loss: 0.0341, acc: 0.9984
loss: 0.0337, acc: 0.9986
loss: 0.0339, acc: 0.9987
> val_acc: 0.7226, val_f1: 0.6537
> best_val_acc: 0.7257, best_val_f1: 0.6596
>>>>>>>>>>>>>>>>>>>>>>>>>>>>>>>>>>>>>>>>>>>>>>>>>>>>>>>>>>>>>>>>>>>>>>>>>>>>>>>>>>>>>>>>>>>>>>>>>>>>
epoch: 11
loss: 0.0375, acc: 1.0000
loss: 0.0305, acc: 1.0000
loss: 0.0271, acc: 1.0000
loss: 0.0247, acc: 1.0000
loss: 0.0232, acc: 1.0000
loss: 0.0238, acc: 1.0000
loss: 0.0228, acc: 1.0000
loss: 0.0233, acc: 1.0000
loss: 0.0238, acc: 1.0000
loss: 0.0244, acc: 1.0000
loss: 0.0242, acc: 1.0000
loss: 0.0240, acc: 1.0000
loss: 0.0240, acc: 1.0000
loss: 0.0247, acc: 1.0000
loss: 0.0244, acc: 1.0000
> val_acc: 0.7147, val_f1: 0.6509
> best_val_acc: 0.7257, best_val_f1: 0.6596
>>>>>>>>>>>>>>>>>>>>>>>>>>>>>>>>>>>>>>>>>>>>>>>>>>>>>>>>>>>>>>>>>>>>>>>>>>>>>>>>>>>>>>>>>>>>>>>>>>>>
epoch: 12
loss: 0.0166, acc: 1.0000
loss: 0.0182, acc: 1.0000
loss: 0.0174, acc: 1.0000
loss: 0.0173, acc: 1.0000
loss: 0.0161, acc: 1.0000
loss: 0.0160, acc: 1.0000
loss: 0.0162, acc: 1.0000
loss: 0.0166, acc: 1.0000
loss: 0.0170, acc: 1.0000
loss: 0.0172, acc: 1.0000
loss: 0.0170, acc: 1.0000
loss: 0.0174, acc: 1.0000
loss: 0.0176, acc: 1.0000
loss: 0.0182, acc: 1.0000
> val_acc: 0.7226, val_f1: 0.6572
> best_val_acc: 0.7257, best_val_f1: 0.6596
>>>>>>>>>>>>>>>>>>>>>>>>>>>>>>>>>>>>>>>>>>>>>>>>>>>>>>>>>>>>>>>>>>>>>>>>>>>>>>>>>>>>>>>>>>>>>>>>>>>>
epoch: 13
loss: 0.0138, acc: 1.0000
loss: 0.0152, acc: 1.0000
loss: 0.0137, acc: 1.0000
loss: 0.0135, acc: 1.0000
loss: 0.0160, acc: 0.9985
loss: 0.0160, acc: 0.9988
loss: 0.0157, acc: 0.9990
loss: 0.0156, acc: 0.9991
loss: 0.0150, acc: 0.9992
loss: 0.0149, acc: 0.9993
loss: 0.0149, acc: 0.9994
loss: 0.0149, acc: 0.9994
loss: 0.0148, acc: 0.9995
loss: 0.0149, acc: 0.9995
loss: 0.0150, acc: 0.9996
> val_acc: 0.7257, val_f1: 0.6554
> best_val_acc: 0.7257, best_val_f1: 0.6596
>>>>>>>>>>>>>>>>>>>>>>>>>>>>>>>>>>>>>>>>>>>>>>>>>>>>>>>>>>>>>>>>>>>>>>>>>>>>>>>>>>>>>>>>>>>>>>>>>>>>
epoch: 14
loss: 0.0117, acc: 1.0000
loss: 0.0131, acc: 1.0000
loss: 0.0126, acc: 1.0000
loss: 0.0122, acc: 1.0000
loss: 0.0114, acc: 1.0000
loss: 0.0109, acc: 1.0000
loss: 0.0105, acc: 1.0000
loss: 0.0105, acc: 1.0000
loss: 0.0106, acc: 1.0000
loss: 0.0108, acc: 1.0000
loss: 0.0111, acc: 1.0000
loss: 0.0113, acc: 1.0000
loss: 0.0111, acc: 1.0000
loss: 0.0108, acc: 1.0000
loss: 0.0111, acc: 1.0000
> val_acc: 0.7335, val_f1: 0.6682
> best_val_acc: 0.7257, best_val_f1: 0.6596
>> saved: state_dict/igcn_embed_laptop_val_acc0.7335
>>>>>>>>>>>>>>>>>>>>>>>>>>>>>>>>>>>>>>>>>>>>>>>>>>>>>>>>>>>>>>>>>>>>>>>>>>>>>>>>>>>>>>>>>>>>>>>>>>>>
epoch: 15
loss: 0.0092, acc: 1.0000
loss: 0.0095, acc: 1.0000
loss: 0.0093, acc: 1.0000
loss: 0.0092, acc: 1.0000
loss: 0.0088, acc: 1.0000
loss: 0.0090, acc: 1.0000
loss: 0.0089, acc: 1.0000
loss: 0.0091, acc: 1.0000
loss: 0.0091, acc: 1.0000
loss: 0.0092, acc: 1.0000
loss: 0.0091, acc: 1.0000
loss: 0.0089, acc: 1.0000
loss: 0.0089, acc: 1.0000
loss: 0.0088, acc: 1.0000
> val_acc: 0.7273, val_f1: 0.6638
> best_val_acc: 0.7335, best_val_f1: 0.6682
>>>>>>>>>>>>>>>>>>>>>>>>>>>>>>>>>>>>>>>>>>>>>>>>>>>>>>>>>>>>>>>>>>>>>>>>>>>>>>>>>>>>>>>>>>>>>>>>>>>>
epoch: 16
loss: 0.0047, acc: 1.0000
loss: 0.0061, acc: 1.0000
loss: 0.0066, acc: 1.0000
loss: 0.0072, acc: 1.0000
loss: 0.0076, acc: 1.0000
loss: 0.0078, acc: 1.0000
loss: 0.0077, acc: 1.0000
loss: 0.0077, acc: 1.0000
loss: 0.0075, acc: 1.0000
loss: 0.0076, acc: 1.0000
loss: 0.0078, acc: 1.0000
loss: 0.0078, acc: 1.0000
loss: 0.0077, acc: 1.0000
loss: 0.0078, acc: 1.0000
loss: 0.0077, acc: 1.0000
> val_acc: 0.7226, val_f1: 0.6567
> best_val_acc: 0.7335, best_val_f1: 0.6682
>>>>>>>>>>>>>>>>>>>>>>>>>>>>>>>>>>>>>>>>>>>>>>>>>>>>>>>>>>>>>>>>>>>>>>>>>>>>>>>>>>>>>>>>>>>>>>>>>>>>
epoch: 17
loss: 0.0051, acc: 1.0000
loss: 0.0051, acc: 1.0000
loss: 0.0053, acc: 1.0000
loss: 0.0058, acc: 1.0000
loss: 0.0062, acc: 1.0000
loss: 0.0061, acc: 1.0000
loss: 0.0060, acc: 1.0000
loss: 0.0059, acc: 1.0000
loss: 0.0059, acc: 1.0000
loss: 0.0059, acc: 1.0000
loss: 0.0060, acc: 1.0000
loss: 0.0059, acc: 1.0000
loss: 0.0059, acc: 1.0000
loss: 0.0060, acc: 1.0000
> val_acc: 0.7320, val_f1: 0.6673
> best_val_acc: 0.7335, best_val_f1: 0.6682
>>>>>>>>>>>>>>>>>>>>>>>>>>>>>>>>>>>>>>>>>>>>>>>>>>>>>>>>>>>>>>>>>>>>>>>>>>>>>>>>>>>>>>>>>>>>>>>>>>>>
epoch: 18
loss: 0.0074, acc: 1.0000
loss: 0.0075, acc: 1.0000
loss: 0.0065, acc: 1.0000
loss: 0.0058, acc: 1.0000
loss: 0.0058, acc: 1.0000
loss: 0.0055, acc: 1.0000
loss: 0.0055, acc: 1.0000
loss: 0.0056, acc: 1.0000
loss: 0.0057, acc: 1.0000
loss: 0.0056, acc: 1.0000
loss: 0.0055, acc: 1.0000
loss: 0.0055, acc: 1.0000
loss: 0.0055, acc: 1.0000
loss: 0.0055, acc: 1.0000
loss: 0.0055, acc: 1.0000
> val_acc: 0.7351, val_f1: 0.6723
> best_val_acc: 0.7335, best_val_f1: 0.6682
>> saved: state_dict/igcn_embed_laptop_val_acc0.7351
>>>>>>>>>>>>>>>>>>>>>>>>>>>>>>>>>>>>>>>>>>>>>>>>>>>>>>>>>>>>>>>>>>>>>>>>>>>>>>>>>>>>>>>>>>>>>>>>>>>>
epoch: 19
loss: 0.0035, acc: 1.0000
loss: 0.0045, acc: 1.0000
loss: 0.0046, acc: 1.0000
loss: 0.0044, acc: 1.0000
loss: 0.0044, acc: 1.0000
loss: 0.0046, acc: 1.0000
loss: 0.0048, acc: 1.0000
loss: 0.0048, acc: 1.0000
loss: 0.0047, acc: 1.0000
loss: 0.0047, acc: 1.0000
loss: 0.0047, acc: 1.0000
loss: 0.0046, acc: 1.0000
loss: 0.0047, acc: 1.0000
loss: 0.0047, acc: 1.0000
loss: 0.0048, acc: 1.0000
> val_acc: 0.7179, val_f1: 0.6561
> best_val_acc: 0.7351, best_val_f1: 0.6723
>>>>>>>>>>>>>>>>>>>>>>>>>>>>>>>>>>>>>>>>>>>>>>>>>>>>>>>>>>>>>>>>>>>>>>>>>>>>>>>>>>>>>>>>>>>>>>>>>>>>
epoch: 20
loss: 0.0053, acc: 1.0000
loss: 0.0046, acc: 1.0000
loss: 0.0046, acc: 1.0000
loss: 0.0045, acc: 1.0000
loss: 0.0045, acc: 1.0000
loss: 0.0043, acc: 1.0000
loss: 0.0043, acc: 1.0000
loss: 0.0044, acc: 1.0000
loss: 0.0043, acc: 1.0000
loss: 0.0042, acc: 1.0000
loss: 0.0042, acc: 1.0000
loss: 0.0042, acc: 1.0000
loss: 0.0042, acc: 1.0000
loss: 0.0041, acc: 1.0000
> val_acc: 0.7304, val_f1: 0.6661
> best_val_acc: 0.7351, best_val_f1: 0.6723
>>>>>>>>>>>>>>>>>>>>>>>>>>>>>>>>>>>>>>>>>>>>>>>>>>>>>>>>>>>>>>>>>>>>>>>>>>>>>>>>>>>>>>>>>>>>>>>>>>>>
epoch: 21
loss: 0.0036, acc: 1.0000
loss: 0.0032, acc: 1.0000
loss: 0.0048, acc: 1.0000
loss: 0.0047, acc: 1.0000
loss: 0.0043, acc: 1.0000
loss: 0.0043, acc: 1.0000
loss: 0.0043, acc: 1.0000
loss: 0.0041, acc: 1.0000
loss: 0.0041, acc: 1.0000
loss: 0.0040, acc: 1.0000
loss: 0.0042, acc: 1.0000
loss: 0.0044, acc: 1.0000
loss: 0.0044, acc: 1.0000
loss: 0.0045, acc: 1.0000
loss: 0.0046, acc: 1.0000
> val_acc: 0.7210, val_f1: 0.6611
> best_val_acc: 0.7351, best_val_f1: 0.6723
>>>>>>>>>>>>>>>>>>>>>>>>>>>>>>>>>>>>>>>>>>>>>>>>>>>>>>>>>>>>>>>>>>>>>>>>>>>>>>>>>>>>>>>>>>>>>>>>>>>>
epoch: 22
loss: 0.0026, acc: 1.0000
loss: 0.0030, acc: 1.0000
loss: 0.0029, acc: 1.0000
loss: 0.0030, acc: 1.0000
loss: 0.0032, acc: 1.0000
loss: 0.0033, acc: 1.0000
loss: 0.0032, acc: 1.0000
loss: 0.0032, acc: 1.0000
loss: 0.0032, acc: 1.0000
loss: 0.0033, acc: 1.0000
loss: 0.0033, acc: 1.0000
loss: 0.0034, acc: 1.0000
loss: 0.0034, acc: 1.0000
loss: 0.0035, acc: 1.0000
> val_acc: 0.7335, val_f1: 0.6719
> best_val_acc: 0.7351, best_val_f1: 0.6723
>>>>>>>>>>>>>>>>>>>>>>>>>>>>>>>>>>>>>>>>>>>>>>>>>>>>>>>>>>>>>>>>>>>>>>>>>>>>>>>>>>>>>>>>>>>>>>>>>>>>
epoch: 23
loss: 0.0027, acc: 1.0000
loss: 0.0026, acc: 1.0000
loss: 0.0036, acc: 1.0000
loss: 0.0034, acc: 1.0000
loss: 0.0033, acc: 1.0000
loss: 0.0033, acc: 1.0000
loss: 0.0034, acc: 1.0000
loss: 0.0033, acc: 1.0000
loss: 0.0032, acc: 1.0000
loss: 0.0032, acc: 1.0000
loss: 0.0032, acc: 1.0000
loss: 0.0032, acc: 1.0000
loss: 0.0031, acc: 1.0000
loss: 0.0031, acc: 1.0000
loss: 0.0031, acc: 1.0000
> val_acc: 0.7257, val_f1: 0.6585
> best_val_acc: 0.7351, best_val_f1: 0.6723
>>>>>>>>>>>>>>>>>>>>>>>>>>>>>>>>>>>>>>>>>>>>>>>>>>>>>>>>>>>>>>>>>>>>>>>>>>>>>>>>>>>>>>>>>>>>>>>>>>>>
epoch: 24
loss: 0.0026, acc: 1.0000
loss: 0.0026, acc: 1.0000
loss: 0.0033, acc: 1.0000
loss: 0.0029, acc: 1.0000
loss: 0.0028, acc: 1.0000
loss: 0.0028, acc: 1.0000
loss: 0.0027, acc: 1.0000
loss: 0.0027, acc: 1.0000
loss: 0.0029, acc: 1.0000
loss: 0.0029, acc: 1.0000
loss: 0.0029, acc: 1.0000
loss: 0.0029, acc: 1.0000
loss: 0.0029, acc: 1.0000
loss: 0.0030, acc: 1.0000
loss: 0.0030, acc: 1.0000
> val_acc: 0.7226, val_f1: 0.6516
> best_val_acc: 0.7351, best_val_f1: 0.6723
>>>>>>>>>>>>>>>>>>>>>>>>>>>>>>>>>>>>>>>>>>>>>>>>>>>>>>>>>>>>>>>>>>>>>>>>>>>>>>>>>>>>>>>>>>>>>>>>>>>>
epoch: 25
loss: 0.0096, acc: 0.9938
loss: 0.0061, acc: 0.9969
loss: 0.0049, acc: 0.9979
loss: 0.0043, acc: 0.9984
loss: 0.0041, acc: 0.9988
loss: 0.0039, acc: 0.9990
loss: 0.0044, acc: 0.9991
loss: 0.0042, acc: 0.9992
loss: 0.0040, acc: 0.9993
loss: 0.0039, acc: 0.9994
loss: 0.0038, acc: 0.9994
loss: 0.0037, acc: 0.9995
loss: 0.0036, acc: 0.9995
loss: 0.0035, acc: 0.9996
> val_acc: 0.7273, val_f1: 0.6617
> best_val_acc: 0.7351, best_val_f1: 0.6723
>>>>>>>>>>>>>>>>>>>>>>>>>>>>>>>>>>>>>>>>>>>>>>>>>>>>>>>>>>>>>>>>>>>>>>>>>>>>>>>>>>>>>>>>>>>>>>>>>>>>
epoch: 26
loss: 0.0020, acc: 1.0000
loss: 0.0037, acc: 1.0000
loss: 0.0032, acc: 1.0000
loss: 0.0031, acc: 1.0000
loss: 0.0031, acc: 1.0000
loss: 0.0030, acc: 1.0000
loss: 0.0029, acc: 1.0000
loss: 0.0028, acc: 1.0000
loss: 0.0029, acc: 1.0000
loss: 0.0029, acc: 1.0000
loss: 0.0029, acc: 1.0000
loss: 0.0028, acc: 1.0000
loss: 0.0028, acc: 1.0000
loss: 0.0027, acc: 1.0000
loss: 0.0027, acc: 1.0000
> val_acc: 0.7288, val_f1: 0.6669
> best_val_acc: 0.7351, best_val_f1: 0.6723
>>>>>>>>>>>>>>>>>>>>>>>>>>>>>>>>>>>>>>>>>>>>>>>>>>>>>>>>>>>>>>>>>>>>>>>>>>>>>>>>>>>>>>>>>>>>>>>>>>>>
epoch: 27
loss: 0.0013, acc: 1.0000
loss: 0.0019, acc: 1.0000
loss: 0.0018, acc: 1.0000
loss: 0.0017, acc: 1.0000
loss: 0.0018, acc: 1.0000
loss: 0.0018, acc: 1.0000
loss: 0.0018, acc: 1.0000
loss: 0.0018, acc: 1.0000
loss: 0.0018, acc: 1.0000
loss: 0.0019, acc: 1.0000
loss: 0.0019, acc: 1.0000
loss: 0.0020, acc: 1.0000
loss: 0.0020, acc: 1.0000
loss: 0.0020, acc: 1.0000
> val_acc: 0.7194, val_f1: 0.6500
> best_val_acc: 0.7351, best_val_f1: 0.6723
>>>>>>>>>>>>>>>>>>>>>>>>>>>>>>>>>>>>>>>>>>>>>>>>>>>>>>>>>>>>>>>>>>>>>>>>>>>>>>>>>>>>>>>>>>>>>>>>>>>>
epoch: 28
loss: 0.0026, acc: 1.0000
loss: 0.0022, acc: 1.0000
loss: 0.0020, acc: 1.0000
loss: 0.0023, acc: 1.0000
loss: 0.0021, acc: 1.0000
loss: 0.0023, acc: 1.0000
loss: 0.0024, acc: 1.0000
loss: 0.0025, acc: 1.0000
loss: 0.0024, acc: 1.0000
loss: 0.0024, acc: 1.0000
loss: 0.0025, acc: 1.0000
loss: 0.0025, acc: 1.0000
loss: 0.0025, acc: 1.0000
loss: 0.0026, acc: 1.0000
loss: 0.0026, acc: 1.0000
> val_acc: 0.7288, val_f1: 0.6691
> best_val_acc: 0.7351, best_val_f1: 0.6723
>>>>>>>>>>>>>>>>>>>>>>>>>>>>>>>>>>>>>>>>>>>>>>>>>>>>>>>>>>>>>>>>>>>>>>>>>>>>>>>>>>>>>>>>>>>>>>>>>>>>
epoch: 29
loss: 0.0013, acc: 1.0000
loss: 0.0016, acc: 1.0000
loss: 0.0019, acc: 1.0000
loss: 0.0019, acc: 1.0000
loss: 0.0021, acc: 1.0000
loss: 0.0020, acc: 1.0000
loss: 0.0023, acc: 1.0000
loss: 0.0026, acc: 1.0000
loss: 0.0026, acc: 1.0000
loss: 0.0027, acc: 1.0000
loss: 0.0028, acc: 1.0000
loss: 0.0027, acc: 1.0000
loss: 0.0027, acc: 1.0000
loss: 0.0029, acc: 1.0000
loss: 0.0029, acc: 1.0000
> val_acc: 0.7257, val_f1: 0.6550
> best_val_acc: 0.7351, best_val_f1: 0.6723
>> test_acc: 0.7351, test_f1: 0.6723
