cuda memory allocated: 6504448
n_trainable_params: 1274203, n_nontrainable_params: 347432
> training arguments:
>>> model_name: igcn_embed
>>> model_ver: 3
>>> dataset: laptop
>>> optimizer: <class 'torch.optim.adam.Adam'>
>>> initializer: <function xavier_uniform_ at 0x000002721EF33E18>
>>> learning_rate: 0.0003
>>> momentum: 0.95
>>> dropout: 0.35
>>> l2reg: 5e-05
>>> num_epoch: 30
>>> batch_size: 32
>>> log_step: 5
>>> embed_dim: 100
>>> hidden_dim: 300
>>> bert_dim: 768
>>> pretrained_bert_name: bert-base-uncased
>>> embeddings: d
>>> max_seq_len: 180
>>> polarities_dim: 3
>>> hops: 3
>>> device: cuda
>>> seed: 0
>>> valset_ratio: 0
>>> num_layers: 1
>>> in_channels: 100
>>> out_channels: 1
>>> downbot: 20
>>> kernel_size: 3
>>> position_dim: 100
>>> gating: GTU
>>> stanford_pos_model: C:/NLP_Programs/stanford-postagger-2018-10-16/models/english-bidirectional-distsim.tagger
>>> stanford_pos_jar: C:/NLP_Programs/stanford-postagger-2018-10-16/stanford-postagger.jar
>>> glove_path: ./embeddings/glove.840B.300d.txt
>>> embedding_matrix_path: gen_data/embeddings/100_laptop_domain_embedding_matrix.dat
>>> model_class: <class 'models.igcn.IGCN'>
>>> dataset_file: {'train': './datasets/semeval14/Laptops_Train.xml.seg', 'test': './datasets/semeval14/Laptops_Test_Gold.xml.seg'}
>>> inputs_cols: ['text_raw_indices', 'aspect_indices', 'pos_indices', 'aspect_pos_indices', 'position_indices']
>>>>>>>>>>>>>>>>>>>>>>>>>>>>>>>>>>>>>>>>>>>>>>>>>>>>>>>>>>>>>>>>>>>>>>>>>>>>>>>>>>>>>>>>>>>>>>>>>>>>
epoch: 0
loss: 1.1290, acc: 0.4000
loss: 1.1038, acc: 0.4000
loss: 1.0721, acc: 0.4354
loss: 1.0589, acc: 0.4250
loss: 1.0740, acc: 0.4163
loss: 1.0677, acc: 0.4250
loss: 1.0700, acc: 0.4295
loss: 1.0684, acc: 0.4398
loss: 1.0609, acc: 0.4562
loss: 1.0580, acc: 0.4619
loss: 1.0465, acc: 0.4739
loss: 1.0436, acc: 0.4818
loss: 1.0371, acc: 0.4880
loss: 1.0338, acc: 0.4933
> val_acc: 0.5956, val_f1: 0.4029
> best_val_acc: 0.0000, best_val_f1: 0.0000
>> saved: state_dict/igcn_embed_laptop_val_acc0.5956
>>>>>>>>>>>>>>>>>>>>>>>>>>>>>>>>>>>>>>>>>>>>>>>>>>>>>>>>>>>>>>>>>>>>>>>>>>>>>>>>>>>>>>>>>>>>>>>>>>>>
epoch: 1
loss: 0.9962, acc: 0.4844
loss: 0.9403, acc: 0.5759
loss: 0.9374, acc: 0.6042
loss: 0.9251, acc: 0.6158
loss: 0.9099, acc: 0.6222
loss: 0.9046, acc: 0.6308
loss: 0.9198, acc: 0.6094
loss: 0.9009, acc: 0.6233
loss: 0.9043, acc: 0.6168
loss: 0.9004, acc: 0.6210
loss: 0.8946, acc: 0.6250
loss: 0.8924, acc: 0.6255
loss: 0.8878, acc: 0.6255
loss: 0.8810, acc: 0.6297
loss: 0.8759, acc: 0.6306
> val_acc: 0.6348, val_f1: 0.4831
> best_val_acc: 0.5956, best_val_f1: 0.4029
>> saved: state_dict/igcn_embed_laptop_val_acc0.6348
>>>>>>>>>>>>>>>>>>>>>>>>>>>>>>>>>>>>>>>>>>>>>>>>>>>>>>>>>>>>>>>>>>>>>>>>>>>>>>>>>>>>>>>>>>>>>>>>>>>>
epoch: 2
loss: 0.8017, acc: 0.6562
loss: 0.7838, acc: 0.6528
loss: 0.8116, acc: 0.6362
loss: 0.8022, acc: 0.6398
loss: 0.7928, acc: 0.6549
loss: 0.7909, acc: 0.6584
loss: 0.7797, acc: 0.6590
loss: 0.7777, acc: 0.6643
loss: 0.7835, acc: 0.6598
loss: 0.7828, acc: 0.6645
loss: 0.7887, acc: 0.6644
loss: 0.7831, acc: 0.6663
loss: 0.7779, acc: 0.6675
loss: 0.7743, acc: 0.6689
> val_acc: 0.6567, val_f1: 0.5467
> best_val_acc: 0.6348, best_val_f1: 0.4831
>> saved: state_dict/igcn_embed_laptop_val_acc0.6567
>>>>>>>>>>>>>>>>>>>>>>>>>>>>>>>>>>>>>>>>>>>>>>>>>>>>>>>>>>>>>>>>>>>>>>>>>>>>>>>>>>>>>>>>>>>>>>>>>>>>
epoch: 3
loss: 0.9924, acc: 0.5312
loss: 0.7631, acc: 0.6562
loss: 0.7629, acc: 0.6705
loss: 0.7298, acc: 0.6914
loss: 0.7265, acc: 0.6920
loss: 0.7262, acc: 0.6899
loss: 0.7221, acc: 0.6905
loss: 0.7299, acc: 0.6884
loss: 0.7227, acc: 0.6936
loss: 0.7237, acc: 0.6950
loss: 0.7237, acc: 0.6961
loss: 0.7234, acc: 0.6975
loss: 0.7222, acc: 0.6972
loss: 0.7318, acc: 0.6908
loss: 0.7277, acc: 0.6915
> val_acc: 0.6567, val_f1: 0.5330
> best_val_acc: 0.6567, best_val_f1: 0.5467
>>>>>>>>>>>>>>>>>>>>>>>>>>>>>>>>>>>>>>>>>>>>>>>>>>>>>>>>>>>>>>>>>>>>>>>>>>>>>>>>>>>>>>>>>>>>>>>>>>>>
epoch: 4
loss: 0.7221, acc: 0.7083
loss: 0.7361, acc: 0.6797
loss: 0.7506, acc: 0.6827
loss: 0.7333, acc: 0.6910
loss: 0.7129, acc: 0.7065
loss: 0.7022, acc: 0.7143
loss: 0.6975, acc: 0.7169
loss: 0.6958, acc: 0.7130
loss: 0.6915, acc: 0.7151
loss: 0.6911, acc: 0.7129
loss: 0.6848, acc: 0.7182
loss: 0.6851, acc: 0.7139
loss: 0.6879, acc: 0.7148
loss: 0.6863, acc: 0.7155
loss: 0.6821, acc: 0.7182
> val_acc: 0.6803, val_f1: 0.5943
> best_val_acc: 0.6567, best_val_f1: 0.5467
>> saved: state_dict/igcn_embed_laptop_val_acc0.6803
>>>>>>>>>>>>>>>>>>>>>>>>>>>>>>>>>>>>>>>>>>>>>>>>>>>>>>>>>>>>>>>>>>>>>>>>>>>>>>>>>>>>>>>>>>>>>>>>>>>>
epoch: 5
loss: 0.6799, acc: 0.7188
loss: 0.6864, acc: 0.7125
loss: 0.6630, acc: 0.7250
loss: 0.6510, acc: 0.7281
loss: 0.6598, acc: 0.7225
loss: 0.6660, acc: 0.7188
loss: 0.6575, acc: 0.7286
loss: 0.6479, acc: 0.7359
loss: 0.6410, acc: 0.7354
loss: 0.6384, acc: 0.7344
loss: 0.6457, acc: 0.7324
loss: 0.6460, acc: 0.7354
loss: 0.6471, acc: 0.7337
loss: 0.6463, acc: 0.7348
> val_acc: 0.6944, val_f1: 0.6139
> best_val_acc: 0.6803, best_val_f1: 0.5943
>> saved: state_dict/igcn_embed_laptop_val_acc0.6944
>>>>>>>>>>>>>>>>>>>>>>>>>>>>>>>>>>>>>>>>>>>>>>>>>>>>>>>>>>>>>>>>>>>>>>>>>>>>>>>>>>>>>>>>>>>>>>>>>>>>
epoch: 6
loss: 0.7279, acc: 0.6875
loss: 0.6428, acc: 0.7500
loss: 0.6510, acc: 0.7292
loss: 0.6302, acc: 0.7463
loss: 0.6153, acc: 0.7628
loss: 0.6132, acc: 0.7639
loss: 0.6245, acc: 0.7539
loss: 0.6139, acc: 0.7542
loss: 0.6098, acc: 0.7626
loss: 0.6099, acc: 0.7613
loss: 0.6165, acc: 0.7566
loss: 0.6176, acc: 0.7549
loss: 0.6149, acc: 0.7581
loss: 0.6161, acc: 0.7551
loss: 0.6075, acc: 0.7578
> val_acc: 0.6912, val_f1: 0.6136
> best_val_acc: 0.6944, best_val_f1: 0.6139
>>>>>>>>>>>>>>>>>>>>>>>>>>>>>>>>>>>>>>>>>>>>>>>>>>>>>>>>>>>>>>>>>>>>>>>>>>>>>>>>>>>>>>>>>>>>>>>>>>>>
epoch: 7
loss: 0.5730, acc: 0.7891
loss: 0.6162, acc: 0.7396
loss: 0.6023, acc: 0.7522
loss: 0.5900, acc: 0.7549
loss: 0.5676, acc: 0.7708
loss: 0.5708, acc: 0.7716
loss: 0.5750, acc: 0.7693
loss: 0.5762, acc: 0.7660
loss: 0.5792, acc: 0.7635
loss: 0.5753, acc: 0.7653
loss: 0.5767, acc: 0.7662
loss: 0.5848, acc: 0.7611
loss: 0.5747, acc: 0.7656
loss: 0.5763, acc: 0.7663
> val_acc: 0.7085, val_f1: 0.6394
> best_val_acc: 0.6944, best_val_f1: 0.6139
>> saved: state_dict/igcn_embed_laptop_val_acc0.7085
>>>>>>>>>>>>>>>>>>>>>>>>>>>>>>>>>>>>>>>>>>>>>>>>>>>>>>>>>>>>>>>>>>>>>>>>>>>>>>>>>>>>>>>>>>>>>>>>>>>>
epoch: 8
loss: 0.4603, acc: 0.8125
loss: 0.5922, acc: 0.7708
loss: 0.5735, acc: 0.7784
loss: 0.5710, acc: 0.7832
loss: 0.5676, acc: 0.7827
loss: 0.5768, acc: 0.7764
loss: 0.5767, acc: 0.7782
loss: 0.5668, acc: 0.7752
loss: 0.5666, acc: 0.7744
loss: 0.5721, acc: 0.7738
loss: 0.5667, acc: 0.7794
loss: 0.5674, acc: 0.7779
loss: 0.5606, acc: 0.7812
loss: 0.5569, acc: 0.7817
loss: 0.5611, acc: 0.7790
> val_acc: 0.7398, val_f1: 0.6935
> best_val_acc: 0.7085, best_val_f1: 0.6394
>> saved: state_dict/igcn_embed_laptop_val_acc0.7398
>>>>>>>>>>>>>>>>>>>>>>>>>>>>>>>>>>>>>>>>>>>>>>>>>>>>>>>>>>>>>>>>>>>>>>>>>>>>>>>>>>>>>>>>>>>>>>>>>>>>
epoch: 9
loss: 0.6231, acc: 0.7083
loss: 0.6204, acc: 0.7148
loss: 0.5867, acc: 0.7404
loss: 0.5684, acc: 0.7569
loss: 0.5466, acc: 0.7690
loss: 0.5424, acc: 0.7690
loss: 0.5295, acc: 0.7812
loss: 0.5237, acc: 0.7895
loss: 0.5301, acc: 0.7863
loss: 0.5219, acc: 0.7897
loss: 0.5240, acc: 0.7877
loss: 0.5211, acc: 0.7909
loss: 0.5300, acc: 0.7862
loss: 0.5282, acc: 0.7863
loss: 0.5247, acc: 0.7878
> val_acc: 0.7210, val_f1: 0.6639
> best_val_acc: 0.7398, best_val_f1: 0.6935
>>>>>>>>>>>>>>>>>>>>>>>>>>>>>>>>>>>>>>>>>>>>>>>>>>>>>>>>>>>>>>>>>>>>>>>>>>>>>>>>>>>>>>>>>>>>>>>>>>>>
epoch: 10
loss: 0.5120, acc: 0.7937
loss: 0.4655, acc: 0.8344
loss: 0.4956, acc: 0.8187
loss: 0.4914, acc: 0.8187
loss: 0.4905, acc: 0.8200
loss: 0.4975, acc: 0.8167
loss: 0.5012, acc: 0.8116
loss: 0.5004, acc: 0.8102
loss: 0.5003, acc: 0.8111
loss: 0.5013, acc: 0.8081
loss: 0.5074, acc: 0.8045
loss: 0.4985, acc: 0.8078
loss: 0.5033, acc: 0.8029
loss: 0.4977, acc: 0.8049
> val_acc: 0.7414, val_f1: 0.6972
> best_val_acc: 0.7398, best_val_f1: 0.6935
>> saved: state_dict/igcn_embed_laptop_val_acc0.7414
>>>>>>>>>>>>>>>>>>>>>>>>>>>>>>>>>>>>>>>>>>>>>>>>>>>>>>>>>>>>>>>>>>>>>>>>>>>>>>>>>>>>>>>>>>>>>>>>>>>>
epoch: 11
loss: 0.4818, acc: 0.8125
loss: 0.4604, acc: 0.8125
loss: 0.4708, acc: 0.7995
loss: 0.4624, acc: 0.8051
loss: 0.4542, acc: 0.8097
loss: 0.4758, acc: 0.8032
loss: 0.4658, acc: 0.8066
loss: 0.4693, acc: 0.8074
loss: 0.4676, acc: 0.8095
loss: 0.4693, acc: 0.8105
loss: 0.4768, acc: 0.8071
loss: 0.4775, acc: 0.8070
loss: 0.4770, acc: 0.8080
loss: 0.4827, acc: 0.8055
loss: 0.4808, acc: 0.8073
> val_acc: 0.7429, val_f1: 0.6988
> best_val_acc: 0.7414, best_val_f1: 0.6972
>> saved: state_dict/igcn_embed_laptop_val_acc0.7429
>>>>>>>>>>>>>>>>>>>>>>>>>>>>>>>>>>>>>>>>>>>>>>>>>>>>>>>>>>>>>>>>>>>>>>>>>>>>>>>>>>>>>>>>>>>>>>>>>>>>
epoch: 12
loss: 0.4323, acc: 0.8438
loss: 0.4839, acc: 0.8125
loss: 0.4518, acc: 0.8326
loss: 0.4597, acc: 0.8355
loss: 0.4607, acc: 0.8359
loss: 0.4581, acc: 0.8351
loss: 0.4636, acc: 0.8300
loss: 0.4655, acc: 0.8301
loss: 0.4602, acc: 0.8324
loss: 0.4584, acc: 0.8304
loss: 0.4513, acc: 0.8339
loss: 0.4476, acc: 0.8347
loss: 0.4509, acc: 0.8311
loss: 0.4506, acc: 0.8320
> val_acc: 0.7335, val_f1: 0.6862
> best_val_acc: 0.7429, best_val_f1: 0.6988
>>>>>>>>>>>>>>>>>>>>>>>>>>>>>>>>>>>>>>>>>>>>>>>>>>>>>>>>>>>>>>>>>>>>>>>>>>>>>>>>>>>>>>>>>>>>>>>>>>>>
epoch: 13
loss: 0.5310, acc: 0.7188
loss: 0.5068, acc: 0.7760
loss: 0.4948, acc: 0.7955
loss: 0.4858, acc: 0.7988
loss: 0.4555, acc: 0.8125
loss: 0.4551, acc: 0.8137
loss: 0.4582, acc: 0.8155
loss: 0.4534, acc: 0.8212
loss: 0.4455, acc: 0.8285
loss: 0.4396, acc: 0.8322
loss: 0.4335, acc: 0.8358
loss: 0.4316, acc: 0.8320
loss: 0.4324, acc: 0.8315
loss: 0.4328, acc: 0.8319
loss: 0.4397, acc: 0.8297
> val_acc: 0.7414, val_f1: 0.6958
> best_val_acc: 0.7429, best_val_f1: 0.6988
>>>>>>>>>>>>>>>>>>>>>>>>>>>>>>>>>>>>>>>>>>>>>>>>>>>>>>>>>>>>>>>>>>>>>>>>>>>>>>>>>>>>>>>>>>>>>>>>>>>>
epoch: 14
loss: 0.3455, acc: 0.8646
loss: 0.3984, acc: 0.8398
loss: 0.4144, acc: 0.8221
loss: 0.4125, acc: 0.8351
loss: 0.4277, acc: 0.8302
loss: 0.4076, acc: 0.8426
loss: 0.4071, acc: 0.8438
loss: 0.4089, acc: 0.8429
loss: 0.4025, acc: 0.8510
loss: 0.3973, acc: 0.8529
loss: 0.3992, acc: 0.8532
loss: 0.4026, acc: 0.8518
loss: 0.4038, acc: 0.8517
loss: 0.4011, acc: 0.8525
loss: 0.4000, acc: 0.8535
> val_acc: 0.7085, val_f1: 0.6442
> best_val_acc: 0.7429, best_val_f1: 0.6988
>>>>>>>>>>>>>>>>>>>>>>>>>>>>>>>>>>>>>>>>>>>>>>>>>>>>>>>>>>>>>>>>>>>>>>>>>>>>>>>>>>>>>>>>>>>>>>>>>>>>
epoch: 15
loss: 0.4127, acc: 0.8625
loss: 0.4229, acc: 0.8531
loss: 0.3980, acc: 0.8667
loss: 0.3728, acc: 0.8750
loss: 0.3596, acc: 0.8812
loss: 0.3713, acc: 0.8729
loss: 0.3609, acc: 0.8732
loss: 0.3612, acc: 0.8703
loss: 0.3587, acc: 0.8701
loss: 0.3604, acc: 0.8688
loss: 0.3659, acc: 0.8665
loss: 0.3669, acc: 0.8651
loss: 0.3634, acc: 0.8668
loss: 0.3717, acc: 0.8643
> val_acc: 0.7179, val_f1: 0.6624
> best_val_acc: 0.7429, best_val_f1: 0.6988
>>>>>>>>>>>>>>>>>>>>>>>>>>>>>>>>>>>>>>>>>>>>>>>>>>>>>>>>>>>>>>>>>>>>>>>>>>>>>>>>>>>>>>>>>>>>>>>>>>>>
epoch: 16
loss: 0.2804, acc: 0.9062
loss: 0.2888, acc: 0.9152
loss: 0.3105, acc: 0.9062
loss: 0.3374, acc: 0.8860
loss: 0.3420, acc: 0.8849
loss: 0.3443, acc: 0.8854
loss: 0.3450, acc: 0.8867
loss: 0.3417, acc: 0.8851
loss: 0.3364, acc: 0.8876
loss: 0.3418, acc: 0.8816
loss: 0.3424, acc: 0.8798
loss: 0.3431, acc: 0.8788
loss: 0.3408, acc: 0.8800
loss: 0.3449, acc: 0.8783
loss: 0.3455, acc: 0.8772
> val_acc: 0.7445, val_f1: 0.7017
> best_val_acc: 0.7429, best_val_f1: 0.6988
>> saved: state_dict/igcn_embed_laptop_val_acc0.7445
>>>>>>>>>>>>>>>>>>>>>>>>>>>>>>>>>>>>>>>>>>>>>>>>>>>>>>>>>>>>>>>>>>>>>>>>>>>>>>>>>>>>>>>>>>>>>>>>>>>>
epoch: 17
loss: 0.3188, acc: 0.8906
loss: 0.3214, acc: 0.8924
loss: 0.3260, acc: 0.8906
loss: 0.3125, acc: 0.8964
loss: 0.3135, acc: 0.8945
loss: 0.3202, acc: 0.8901
loss: 0.3211, acc: 0.8869
loss: 0.3192, acc: 0.8862
loss: 0.3275, acc: 0.8814
loss: 0.3251, acc: 0.8833
loss: 0.3263, acc: 0.8825
loss: 0.3336, acc: 0.8808
loss: 0.3320, acc: 0.8818
loss: 0.3351, acc: 0.8795
> val_acc: 0.7288, val_f1: 0.6757
> best_val_acc: 0.7445, best_val_f1: 0.7017
>>>>>>>>>>>>>>>>>>>>>>>>>>>>>>>>>>>>>>>>>>>>>>>>>>>>>>>>>>>>>>>>>>>>>>>>>>>>>>>>>>>>>>>>>>>>>>>>>>>>
epoch: 18
loss: 0.2688, acc: 0.9062
loss: 0.2841, acc: 0.9167
loss: 0.2723, acc: 0.9205
loss: 0.2784, acc: 0.9141
loss: 0.2839, acc: 0.9077
loss: 0.2922, acc: 0.9038
loss: 0.2800, acc: 0.9073
loss: 0.2892, acc: 0.9002
loss: 0.2963, acc: 0.9002
loss: 0.2923, acc: 0.9042
loss: 0.2955, acc: 0.9001
loss: 0.3005, acc: 0.8973
loss: 0.3068, acc: 0.8955
loss: 0.3080, acc: 0.8949
loss: 0.3048, acc: 0.8961
> val_acc: 0.7367, val_f1: 0.6937
> best_val_acc: 0.7445, best_val_f1: 0.7017
>>>>>>>>>>>>>>>>>>>>>>>>>>>>>>>>>>>>>>>>>>>>>>>>>>>>>>>>>>>>>>>>>>>>>>>>>>>>>>>>>>>>>>>>>>>>>>>>>>>>
epoch: 19
loss: 0.3112, acc: 0.9271
loss: 0.3234, acc: 0.9141
loss: 0.3040, acc: 0.9111
loss: 0.2744, acc: 0.9253
loss: 0.2771, acc: 0.9226
loss: 0.2650, acc: 0.9286
loss: 0.2693, acc: 0.9271
loss: 0.2713, acc: 0.9235
loss: 0.2762, acc: 0.9179
loss: 0.2726, acc: 0.9186
loss: 0.2760, acc: 0.9163
loss: 0.2772, acc: 0.9143
loss: 0.2799, acc: 0.9122
loss: 0.2786, acc: 0.9131
loss: 0.2790, acc: 0.9115
> val_acc: 0.7194, val_f1: 0.6621
> best_val_acc: 0.7445, best_val_f1: 0.7017
>>>>>>>>>>>>>>>>>>>>>>>>>>>>>>>>>>>>>>>>>>>>>>>>>>>>>>>>>>>>>>>>>>>>>>>>>>>>>>>>>>>>>>>>>>>>>>>>>>>>
epoch: 20
loss: 0.2841, acc: 0.8812
loss: 0.2785, acc: 0.9062
loss: 0.2768, acc: 0.9104
loss: 0.2718, acc: 0.9172
loss: 0.2777, acc: 0.9125
loss: 0.2792, acc: 0.9094
loss: 0.2782, acc: 0.9054
loss: 0.2702, acc: 0.9078
loss: 0.2646, acc: 0.9125
loss: 0.2618, acc: 0.9131
loss: 0.2590, acc: 0.9153
loss: 0.2558, acc: 0.9161
loss: 0.2554, acc: 0.9159
loss: 0.2538, acc: 0.9147
> val_acc: 0.7351, val_f1: 0.6869
> best_val_acc: 0.7445, best_val_f1: 0.7017
>>>>>>>>>>>>>>>>>>>>>>>>>>>>>>>>>>>>>>>>>>>>>>>>>>>>>>>>>>>>>>>>>>>>>>>>>>>>>>>>>>>>>>>>>>>>>>>>>>>>
epoch: 21
loss: 0.2771, acc: 0.9375
loss: 0.2671, acc: 0.9330
loss: 0.2752, acc: 0.9193
loss: 0.2433, acc: 0.9338
loss: 0.2427, acc: 0.9332
loss: 0.2377, acc: 0.9363
loss: 0.2291, acc: 0.9404
loss: 0.2344, acc: 0.9383
loss: 0.2313, acc: 0.9390
loss: 0.2320, acc: 0.9382
loss: 0.2326, acc: 0.9381
loss: 0.2287, acc: 0.9386
loss: 0.2310, acc: 0.9360
loss: 0.2336, acc: 0.9333
loss: 0.2355, acc: 0.9310
> val_acc: 0.7335, val_f1: 0.6905
> best_val_acc: 0.7445, best_val_f1: 0.7017
>>>>>>>>>>>>>>>>>>>>>>>>>>>>>>>>>>>>>>>>>>>>>>>>>>>>>>>>>>>>>>>>>>>>>>>>>>>>>>>>>>>>>>>>>>>>>>>>>>>>
epoch: 22
loss: 0.1710, acc: 0.9375
loss: 0.1937, acc: 0.9306
loss: 0.2032, acc: 0.9330
loss: 0.2077, acc: 0.9309
loss: 0.2222, acc: 0.9258
loss: 0.2156, acc: 0.9289
loss: 0.2199, acc: 0.9283
loss: 0.2198, acc: 0.9303
loss: 0.2147, acc: 0.9347
loss: 0.2117, acc: 0.9356
loss: 0.2108, acc: 0.9346
loss: 0.2147, acc: 0.9327
loss: 0.2170, acc: 0.9312
loss: 0.2171, acc: 0.9316
> val_acc: 0.7382, val_f1: 0.6861
> best_val_acc: 0.7445, best_val_f1: 0.7017
>>>>>>>>>>>>>>>>>>>>>>>>>>>>>>>>>>>>>>>>>>>>>>>>>>>>>>>>>>>>>>>>>>>>>>>>>>>>>>>>>>>>>>>>>>>>>>>>>>>>
epoch: 23
loss: 0.1104, acc: 0.9375
loss: 0.2470, acc: 0.9375
loss: 0.2156, acc: 0.9517
loss: 0.1846, acc: 0.9609
loss: 0.1875, acc: 0.9583
loss: 0.1930, acc: 0.9543
loss: 0.1951, acc: 0.9526
loss: 0.1925, acc: 0.9523
loss: 0.1917, acc: 0.9512
loss: 0.1895, acc: 0.9518
loss: 0.1910, acc: 0.9504
loss: 0.1862, acc: 0.9509
loss: 0.1855, acc: 0.9518
loss: 0.1921, acc: 0.9470
loss: 0.1948, acc: 0.9463
> val_acc: 0.7335, val_f1: 0.6818
> best_val_acc: 0.7445, best_val_f1: 0.7017
>>>>>>>>>>>>>>>>>>>>>>>>>>>>>>>>>>>>>>>>>>>>>>>>>>>>>>>>>>>>>>>>>>>>>>>>>>>>>>>>>>>>>>>>>>>>>>>>>>>>
epoch: 24
loss: 0.1643, acc: 0.9583
loss: 0.2114, acc: 0.9219
loss: 0.2236, acc: 0.9207
loss: 0.2281, acc: 0.9236
loss: 0.2101, acc: 0.9348
loss: 0.2046, acc: 0.9319
loss: 0.1979, acc: 0.9356
loss: 0.1909, acc: 0.9391
loss: 0.1917, acc: 0.9397
loss: 0.1921, acc: 0.9408
loss: 0.1914, acc: 0.9416
loss: 0.1882, acc: 0.9434
loss: 0.1883, acc: 0.9435
loss: 0.1859, acc: 0.9453
loss: 0.1871, acc: 0.9442
> val_acc: 0.7367, val_f1: 0.6944
> best_val_acc: 0.7445, best_val_f1: 0.7017
>>>>>>>>>>>>>>>>>>>>>>>>>>>>>>>>>>>>>>>>>>>>>>>>>>>>>>>>>>>>>>>>>>>>>>>>>>>>>>>>>>>>>>>>>>>>>>>>>>>>
epoch: 25
loss: 0.1423, acc: 0.9750
loss: 0.1391, acc: 0.9688
loss: 0.1362, acc: 0.9688
loss: 0.1449, acc: 0.9625
loss: 0.1482, acc: 0.9637
loss: 0.1497, acc: 0.9646
loss: 0.1511, acc: 0.9643
loss: 0.1499, acc: 0.9641
loss: 0.1540, acc: 0.9618
loss: 0.1566, acc: 0.9587
loss: 0.1569, acc: 0.9568
loss: 0.1537, acc: 0.9578
loss: 0.1517, acc: 0.9587
loss: 0.1521, acc: 0.9589
> val_acc: 0.7320, val_f1: 0.6794
> best_val_acc: 0.7445, best_val_f1: 0.7017
>>>>>>>>>>>>>>>>>>>>>>>>>>>>>>>>>>>>>>>>>>>>>>>>>>>>>>>>>>>>>>>>>>>>>>>>>>>>>>>>>>>>>>>>>>>>>>>>>>>>
epoch: 26
loss: 0.2993, acc: 0.9062
loss: 0.1642, acc: 0.9598
loss: 0.1484, acc: 0.9635
loss: 0.1390, acc: 0.9688
loss: 0.1343, acc: 0.9702
loss: 0.1303, acc: 0.9699
loss: 0.1308, acc: 0.9697
loss: 0.1319, acc: 0.9696
loss: 0.1304, acc: 0.9702
loss: 0.1284, acc: 0.9707
loss: 0.1314, acc: 0.9688
loss: 0.1333, acc: 0.9677
loss: 0.1344, acc: 0.9662
loss: 0.1359, acc: 0.9655
loss: 0.1358, acc: 0.9661
> val_acc: 0.7382, val_f1: 0.6962
> best_val_acc: 0.7445, best_val_f1: 0.7017
>>>>>>>>>>>>>>>>>>>>>>>>>>>>>>>>>>>>>>>>>>>>>>>>>>>>>>>>>>>>>>>>>>>>>>>>>>>>>>>>>>>>>>>>>>>>>>>>>>>>
epoch: 27
loss: 0.1466, acc: 0.9453
loss: 0.1198, acc: 0.9583
loss: 0.1282, acc: 0.9509
loss: 0.1254, acc: 0.9556
loss: 0.1227, acc: 0.9596
loss: 0.1195, acc: 0.9644
loss: 0.1223, acc: 0.9614
loss: 0.1239, acc: 0.9615
loss: 0.1202, acc: 0.9645
loss: 0.1251, acc: 0.9630
loss: 0.1233, acc: 0.9653
loss: 0.1233, acc: 0.9661
loss: 0.1228, acc: 0.9658
loss: 0.1237, acc: 0.9665
> val_acc: 0.7429, val_f1: 0.7067
> best_val_acc: 0.7445, best_val_f1: 0.7017
>>>>>>>>>>>>>>>>>>>>>>>>>>>>>>>>>>>>>>>>>>>>>>>>>>>>>>>>>>>>>>>>>>>>>>>>>>>>>>>>>>>>>>>>>>>>>>>>>>>>
epoch: 28
loss: 0.0633, acc: 1.0000
loss: 0.0967, acc: 1.0000
loss: 0.0945, acc: 0.9886
loss: 0.1031, acc: 0.9824
loss: 0.1145, acc: 0.9792
loss: 0.1139, acc: 0.9796
loss: 0.1133, acc: 0.9788
loss: 0.1068, acc: 0.9809
loss: 0.1050, acc: 0.9817
loss: 0.1068, acc: 0.9789
loss: 0.1072, acc: 0.9773
loss: 0.1137, acc: 0.9760
loss: 0.1138, acc: 0.9764
loss: 0.1138, acc: 0.9754
loss: 0.1132, acc: 0.9758
> val_acc: 0.7414, val_f1: 0.6977
> best_val_acc: 0.7445, best_val_f1: 0.7067
>>>>>>>>>>>>>>>>>>>>>>>>>>>>>>>>>>>>>>>>>>>>>>>>>>>>>>>>>>>>>>>>>>>>>>>>>>>>>>>>>>>>>>>>>>>>>>>>>>>>
epoch: 29
loss: 0.1039, acc: 0.9896
loss: 0.1092, acc: 0.9805
loss: 0.0996, acc: 0.9784
loss: 0.0996, acc: 0.9792
loss: 0.0952, acc: 0.9810
loss: 0.0955, acc: 0.9810
loss: 0.0988, acc: 0.9782
loss: 0.0980, acc: 0.9786
loss: 0.0957, acc: 0.9789
loss: 0.0957, acc: 0.9792
loss: 0.0925, acc: 0.9805
loss: 0.0910, acc: 0.9806
loss: 0.0898, acc: 0.9816
loss: 0.0907, acc: 0.9802
loss: 0.0911, acc: 0.9802
> val_acc: 0.7367, val_f1: 0.6911
> best_val_acc: 0.7445, best_val_f1: 0.7067
>> test_acc: 0.7445, test_f1: 0.7017
