n_trainable_params: 1088203, n_nontrainable_params: 1385732
> training arguments:
>>> model_name: igcn_embed
>>> model_ver: 3
>>> dataset: laptop
>>> optimizer: <class 'torch.optim.adamax.Adamax'>
>>> initializer: <function xavier_uniform_ at 0x7f457e287e18>
>>> learning_rate: 0.002
>>> momentum: 0.95
>>> dropout: 0.35
>>> l2reg: 5e-05
>>> num_epoch: 30
>>> batch_size: 32
>>> log_step: 5
>>> embed_dim: 436
>>> hidden_dim: 300
>>> bert_dim: 768
>>> pretrained_bert_name: bert-base-uncased
>>> embeddings: gd
>>> max_seq_len: 180
>>> polarities_dim: 3
>>> hops: 3
>>> device: cpu
>>> seed: 0
>>> valset_ratio: 0
>>> num_layers: 1
>>> in_channels: 100
>>> out_channels: 1
>>> downbot: 20
>>> kernel_size: 3
>>> position_dim: 100
>>> stanford_pos_model: C:/NLP_Programs/stanford-postagger-2018-10-16/models/english-bidirectional-distsim.tagger
>>> stanford_pos_jar: C:/NLP_Programs/stanford-postagger-2018-10-16/stanford-postagger.jar
>>> glove_path: ./embeddings/glove.840B.300d.txt
>>> embedding_matrix_path: gen_data/embeddings/400_laptop_glove_domain_embedding_matrix.dat
>>> model_class: <class 'models.igcn.IGCN'>
>>> dataset_file: {'train': './datasets/semeval14/Laptops_Train.xml.seg', 'test': './datasets/semeval14/Laptops_Test_Gold.xml.seg'}
>>> inputs_cols: ['text_raw_indices', 'aspect_indices', 'pos_indices', 'aspect_pos_indices', 'position_indices']
>>>>>>>>>>>>>>>>>>>>>>>>>>>>>>>>>>>>>>>>>>>>>>>>>>>>>>>>>>>>>>>>>>>>>>>>>>>>>>>>>>>>>>>>>>>>>>>>>>>>
epoch: 0
loss: 1.0858, acc: 0.4625
loss: 1.0309, acc: 0.4875
loss: 1.0050, acc: 0.5021
loss: 0.9675, acc: 0.5219
loss: 0.9516, acc: 0.5312
loss: 0.9259, acc: 0.5563
loss: 0.9010, acc: 0.5741
loss: 0.8811, acc: 0.5898
loss: 0.8809, acc: 0.5889
loss: 0.8731, acc: 0.5950
loss: 0.8652, acc: 0.6017
loss: 0.8532, acc: 0.6094
loss: 0.8449, acc: 0.6188
loss: 0.8323, acc: 0.6263
> val_acc: 0.6818, val_f1: 0.5892
> best_val_acc: 0.0000, best_val_f1: 0.0000
>> saved: state_dict/igcn_embed_laptop_val_acc0.6818
>>>>>>>>>>>>>>>>>>>>>>>>>>>>>>>>>>>>>>>>>>>>>>>>>>>>>>>>>>>>>>>>>>>>>>>>>>>>>>>>>>>>>>>>>>>>>>>>>>>>
epoch: 1
loss: 0.7891, acc: 0.5938
loss: 0.6695, acc: 0.7054
loss: 0.6303, acc: 0.7552
loss: 0.6236, acc: 0.7500
loss: 0.6206, acc: 0.7472
loss: 0.6047, acc: 0.7604
loss: 0.5900, acc: 0.7705
loss: 0.5890, acc: 0.7736
loss: 0.5812, acc: 0.7775
loss: 0.5840, acc: 0.7806
loss: 0.5783, acc: 0.7812
loss: 0.5788, acc: 0.7785
loss: 0.5725, acc: 0.7807
loss: 0.5724, acc: 0.7799
loss: 0.5694, acc: 0.7821
> val_acc: 0.6661, val_f1: 0.5500
> best_val_acc: 0.6818, best_val_f1: 0.5892
>>>>>>>>>>>>>>>>>>>>>>>>>>>>>>>>>>>>>>>>>>>>>>>>>>>>>>>>>>>>>>>>>>>>>>>>>>>>>>>>>>>>>>>>>>>>>>>>>>>>
epoch: 2
loss: 0.4854, acc: 0.8203
loss: 0.4571, acc: 0.8403
loss: 0.4545, acc: 0.8415
loss: 0.4359, acc: 0.8602
loss: 0.4293, acc: 0.8581
loss: 0.4335, acc: 0.8567
loss: 0.4410, acc: 0.8511
loss: 0.4369, acc: 0.8502
loss: 0.4330, acc: 0.8523
loss: 0.4417, acc: 0.8463
loss: 0.4411, acc: 0.8449
loss: 0.4447, acc: 0.8395
loss: 0.4449, acc: 0.8394
loss: 0.4449, acc: 0.8374
> val_acc: 0.6803, val_f1: 0.5879
> best_val_acc: 0.6818, best_val_f1: 0.5892
>>>>>>>>>>>>>>>>>>>>>>>>>>>>>>>>>>>>>>>>>>>>>>>>>>>>>>>>>>>>>>>>>>>>>>>>>>>>>>>>>>>>>>>>>>>>>>>>>>>>
epoch: 3
loss: 0.3475, acc: 0.9062
loss: 0.3245, acc: 0.8958
loss: 0.3168, acc: 0.8977
loss: 0.2998, acc: 0.9102
loss: 0.3131, acc: 0.9018
loss: 0.3206, acc: 0.8942
loss: 0.3268, acc: 0.8921
loss: 0.3297, acc: 0.8906
loss: 0.3340, acc: 0.8849
loss: 0.3287, acc: 0.8865
loss: 0.3285, acc: 0.8860
loss: 0.3350, acc: 0.8828
loss: 0.3345, acc: 0.8806
loss: 0.3378, acc: 0.8774
loss: 0.3458, acc: 0.8724
> val_acc: 0.6912, val_f1: 0.5995
> best_val_acc: 0.6818, best_val_f1: 0.5892
>> saved: state_dict/igcn_embed_laptop_val_acc0.6912
>>>>>>>>>>>>>>>>>>>>>>>>>>>>>>>>>>>>>>>>>>>>>>>>>>>>>>>>>>>>>>>>>>>>>>>>>>>>>>>>>>>>>>>>>>>>>>>>>>>>
epoch: 4
loss: 0.2598, acc: 0.9479
loss: 0.2872, acc: 0.9180
loss: 0.2809, acc: 0.9038
loss: 0.2752, acc: 0.9115
loss: 0.2704, acc: 0.9171
loss: 0.2710, acc: 0.9152
loss: 0.2676, acc: 0.9157
loss: 0.2697, acc: 0.9153
loss: 0.2806, acc: 0.9099
loss: 0.2790, acc: 0.9095
loss: 0.2817, acc: 0.9092
loss: 0.2780, acc: 0.9100
loss: 0.2849, acc: 0.9058
loss: 0.2869, acc: 0.9053
loss: 0.2876, acc: 0.9038
> val_acc: 0.6928, val_f1: 0.6276
> best_val_acc: 0.6912, best_val_f1: 0.5995
>> saved: state_dict/igcn_embed_laptop_val_acc0.6928
>>>>>>>>>>>>>>>>>>>>>>>>>>>>>>>>>>>>>>>>>>>>>>>>>>>>>>>>>>>>>>>>>>>>>>>>>>>>>>>>>>>>>>>>>>>>>>>>>>>>
epoch: 5
loss: 0.1948, acc: 0.9625
loss: 0.1962, acc: 0.9563
loss: 0.2163, acc: 0.9375
loss: 0.2098, acc: 0.9406
loss: 0.2195, acc: 0.9325
loss: 0.2191, acc: 0.9333
loss: 0.2232, acc: 0.9304
loss: 0.2215, acc: 0.9289
loss: 0.2272, acc: 0.9264
loss: 0.2294, acc: 0.9237
loss: 0.2303, acc: 0.9233
loss: 0.2324, acc: 0.9208
loss: 0.2336, acc: 0.9197
loss: 0.2357, acc: 0.9187
> val_acc: 0.6928, val_f1: 0.6163
> best_val_acc: 0.6928, best_val_f1: 0.6276
>>>>>>>>>>>>>>>>>>>>>>>>>>>>>>>>>>>>>>>>>>>>>>>>>>>>>>>>>>>>>>>>>>>>>>>>>>>>>>>>>>>>>>>>>>>>>>>>>>>>
epoch: 6
loss: 0.1674, acc: 0.9375
loss: 0.1962, acc: 0.9196
loss: 0.1772, acc: 0.9401
loss: 0.1758, acc: 0.9412
loss: 0.1730, acc: 0.9432
loss: 0.1802, acc: 0.9375
loss: 0.1826, acc: 0.9365
loss: 0.1832, acc: 0.9383
loss: 0.1840, acc: 0.9390
loss: 0.1877, acc: 0.9368
loss: 0.1895, acc: 0.9345
loss: 0.1971, acc: 0.9309
loss: 0.2021, acc: 0.9274
loss: 0.2007, acc: 0.9282
loss: 0.2035, acc: 0.9266
> val_acc: 0.7053, val_f1: 0.6232
> best_val_acc: 0.6928, best_val_f1: 0.6276
>> saved: state_dict/igcn_embed_laptop_val_acc0.7053
>>>>>>>>>>>>>>>>>>>>>>>>>>>>>>>>>>>>>>>>>>>>>>>>>>>>>>>>>>>>>>>>>>>>>>>>>>>>>>>>>>>>>>>>>>>>>>>>>>>>
epoch: 7
loss: 0.0775, acc: 0.9922
loss: 0.1262, acc: 0.9653
loss: 0.1347, acc: 0.9688
loss: 0.1258, acc: 0.9737
loss: 0.1332, acc: 0.9688
loss: 0.1373, acc: 0.9644
loss: 0.1507, acc: 0.9540
loss: 0.1530, acc: 0.9527
loss: 0.1575, acc: 0.9503
loss: 0.1599, acc: 0.9496
loss: 0.1633, acc: 0.9473
loss: 0.1687, acc: 0.9449
loss: 0.1685, acc: 0.9463
loss: 0.1680, acc: 0.9457
> val_acc: 0.7038, val_f1: 0.6144
> best_val_acc: 0.7053, best_val_f1: 0.6276
>>>>>>>>>>>>>>>>>>>>>>>>>>>>>>>>>>>>>>>>>>>>>>>>>>>>>>>>>>>>>>>>>>>>>>>>>>>>>>>>>>>>>>>>>>>>>>>>>>>>
epoch: 8
loss: 0.1162, acc: 0.9688
loss: 0.1312, acc: 0.9479
loss: 0.1210, acc: 0.9574
loss: 0.1232, acc: 0.9531
loss: 0.1276, acc: 0.9539
loss: 0.1229, acc: 0.9591
loss: 0.1313, acc: 0.9546
loss: 0.1316, acc: 0.9557
loss: 0.1280, acc: 0.9596
loss: 0.1346, acc: 0.9558
loss: 0.1375, acc: 0.9528
loss: 0.1418, acc: 0.9509
loss: 0.1455, acc: 0.9488
loss: 0.1498, acc: 0.9474
loss: 0.1500, acc: 0.9472
> val_acc: 0.6959, val_f1: 0.6145
> best_val_acc: 0.7053, best_val_f1: 0.6276
>>>>>>>>>>>>>>>>>>>>>>>>>>>>>>>>>>>>>>>>>>>>>>>>>>>>>>>>>>>>>>>>>>>>>>>>>>>>>>>>>>>>>>>>>>>>>>>>>>>>
epoch: 9
loss: 0.1555, acc: 0.9479
loss: 0.1412, acc: 0.9531
loss: 0.1266, acc: 0.9591
loss: 0.1162, acc: 0.9670
loss: 0.1182, acc: 0.9660
loss: 0.1194, acc: 0.9643
loss: 0.1231, acc: 0.9621
loss: 0.1231, acc: 0.9613
loss: 0.1272, acc: 0.9600
loss: 0.1283, acc: 0.9609
loss: 0.1283, acc: 0.9611
loss: 0.1306, acc: 0.9612
loss: 0.1323, acc: 0.9598
loss: 0.1361, acc: 0.9573
loss: 0.1401, acc: 0.9558
> val_acc: 0.7085, val_f1: 0.6395
> best_val_acc: 0.7053, best_val_f1: 0.6276
>> saved: state_dict/igcn_embed_laptop_val_acc0.7085
>>>>>>>>>>>>>>>>>>>>>>>>>>>>>>>>>>>>>>>>>>>>>>>>>>>>>>>>>>>>>>>>>>>>>>>>>>>>>>>>>>>>>>>>>>>>>>>>>>>>
epoch: 10
loss: 0.1100, acc: 0.9812
loss: 0.1271, acc: 0.9656
loss: 0.1204, acc: 0.9646
loss: 0.1194, acc: 0.9656
loss: 0.1174, acc: 0.9675
loss: 0.1169, acc: 0.9677
loss: 0.1228, acc: 0.9652
loss: 0.1209, acc: 0.9672
loss: 0.1227, acc: 0.9660
loss: 0.1305, acc: 0.9594
loss: 0.1344, acc: 0.9597
loss: 0.1334, acc: 0.9589
loss: 0.1346, acc: 0.9582
loss: 0.1397, acc: 0.9549
> val_acc: 0.6991, val_f1: 0.6142
> best_val_acc: 0.7085, best_val_f1: 0.6395
>>>>>>>>>>>>>>>>>>>>>>>>>>>>>>>>>>>>>>>>>>>>>>>>>>>>>>>>>>>>>>>>>>>>>>>>>>>>>>>>>>>>>>>>>>>>>>>>>>>>
epoch: 11
loss: 0.0773, acc: 0.9844
loss: 0.0730, acc: 0.9821
loss: 0.0830, acc: 0.9792
loss: 0.0923, acc: 0.9743
loss: 0.1029, acc: 0.9659
loss: 0.1060, acc: 0.9641
loss: 0.1124, acc: 0.9619
loss: 0.1089, acc: 0.9654
loss: 0.1093, acc: 0.9643
loss: 0.1098, acc: 0.9648
loss: 0.1120, acc: 0.9645
loss: 0.1140, acc: 0.9627
loss: 0.1182, acc: 0.9617
loss: 0.1183, acc: 0.9618
loss: 0.1185, acc: 0.9609
> val_acc: 0.7038, val_f1: 0.6271
> best_val_acc: 0.7085, best_val_f1: 0.6395
>>>>>>>>>>>>>>>>>>>>>>>>>>>>>>>>>>>>>>>>>>>>>>>>>>>>>>>>>>>>>>>>>>>>>>>>>>>>>>>>>>>>>>>>>>>>>>>>>>>>
epoch: 12
loss: 0.0665, acc: 0.9844
loss: 0.0644, acc: 0.9861
loss: 0.0768, acc: 0.9777
loss: 0.0792, acc: 0.9770
loss: 0.0813, acc: 0.9766
loss: 0.0852, acc: 0.9752
loss: 0.0853, acc: 0.9770
loss: 0.0895, acc: 0.9728
loss: 0.0917, acc: 0.9716
loss: 0.0952, acc: 0.9700
loss: 0.0972, acc: 0.9688
loss: 0.0998, acc: 0.9677
loss: 0.1000, acc: 0.9673
loss: 0.0975, acc: 0.9683
> val_acc: 0.7100, val_f1: 0.6366
> best_val_acc: 0.7085, best_val_f1: 0.6395
>> saved: state_dict/igcn_embed_laptop_val_acc0.71
>>>>>>>>>>>>>>>>>>>>>>>>>>>>>>>>>>>>>>>>>>>>>>>>>>>>>>>>>>>>>>>>>>>>>>>>>>>>>>>>>>>>>>>>>>>>>>>>>>>>
epoch: 13
loss: 0.0984, acc: 0.9375
loss: 0.0822, acc: 0.9844
loss: 0.0894, acc: 0.9801
loss: 0.0974, acc: 0.9766
loss: 0.0949, acc: 0.9762
loss: 0.0955, acc: 0.9736
loss: 0.0977, acc: 0.9728
loss: 0.0936, acc: 0.9748
loss: 0.0926, acc: 0.9733
loss: 0.0911, acc: 0.9735
loss: 0.0898, acc: 0.9743
loss: 0.0893, acc: 0.9743
loss: 0.0917, acc: 0.9728
loss: 0.0932, acc: 0.9716
loss: 0.0971, acc: 0.9692
> val_acc: 0.6944, val_f1: 0.6088
> best_val_acc: 0.7100, best_val_f1: 0.6395
>>>>>>>>>>>>>>>>>>>>>>>>>>>>>>>>>>>>>>>>>>>>>>>>>>>>>>>>>>>>>>>>>>>>>>>>>>>>>>>>>>>>>>>>>>>>>>>>>>>>
epoch: 14
loss: 0.0818, acc: 0.9688
loss: 0.0624, acc: 0.9805
loss: 0.0683, acc: 0.9808
loss: 0.0791, acc: 0.9757
loss: 0.0841, acc: 0.9742
loss: 0.0883, acc: 0.9732
loss: 0.0859, acc: 0.9754
loss: 0.0890, acc: 0.9745
loss: 0.0865, acc: 0.9760
loss: 0.0875, acc: 0.9759
loss: 0.0892, acc: 0.9758
loss: 0.0883, acc: 0.9758
loss: 0.0926, acc: 0.9722
loss: 0.0922, acc: 0.9724
loss: 0.0929, acc: 0.9716
> val_acc: 0.7038, val_f1: 0.6223
> best_val_acc: 0.7100, best_val_f1: 0.6395
>>>>>>>>>>>>>>>>>>>>>>>>>>>>>>>>>>>>>>>>>>>>>>>>>>>>>>>>>>>>>>>>>>>>>>>>>>>>>>>>>>>>>>>>>>>>>>>>>>>>
epoch: 15
loss: 0.0797, acc: 0.9750
loss: 0.0819, acc: 0.9688
loss: 0.0860, acc: 0.9667
loss: 0.0825, acc: 0.9703
loss: 0.0825, acc: 0.9712
loss: 0.0794, acc: 0.9729
loss: 0.0883, acc: 0.9696
loss: 0.0915, acc: 0.9688
loss: 0.0904, acc: 0.9681
loss: 0.0910, acc: 0.9688
loss: 0.0914, acc: 0.9693
loss: 0.0920, acc: 0.9698
loss: 0.0946, acc: 0.9683
loss: 0.0982, acc: 0.9670
> val_acc: 0.6881, val_f1: 0.5964
> best_val_acc: 0.7100, best_val_f1: 0.6395
>>>>>>>>>>>>>>>>>>>>>>>>>>>>>>>>>>>>>>>>>>>>>>>>>>>>>>>>>>>>>>>>>>>>>>>>>>>>>>>>>>>>>>>>>>>>>>>>>>>>
epoch: 16
loss: 0.0509, acc: 0.9844
loss: 0.0630, acc: 0.9777
loss: 0.0786, acc: 0.9688
loss: 0.0702, acc: 0.9724
loss: 0.0721, acc: 0.9730
loss: 0.0740, acc: 0.9745
loss: 0.0800, acc: 0.9736
loss: 0.0784, acc: 0.9747
loss: 0.0819, acc: 0.9717
loss: 0.0843, acc: 0.9714
loss: 0.0853, acc: 0.9712
loss: 0.0850, acc: 0.9709
loss: 0.0882, acc: 0.9708
loss: 0.0884, acc: 0.9711
loss: 0.0883, acc: 0.9714
> val_acc: 0.7006, val_f1: 0.6406
> best_val_acc: 0.7100, best_val_f1: 0.6395
>>>>>>>>>>>>>>>>>>>>>>>>>>>>>>>>>>>>>>>>>>>>>>>>>>>>>>>>>>>>>>>>>>>>>>>>>>>>>>>>>>>>>>>>>>>>>>>>>>>>
epoch: 17
loss: 0.0756, acc: 0.9922
loss: 0.0684, acc: 0.9896
loss: 0.0691, acc: 0.9821
loss: 0.0717, acc: 0.9770
loss: 0.0675, acc: 0.9805
loss: 0.0685, acc: 0.9817
loss: 0.0721, acc: 0.9779
loss: 0.0711, acc: 0.9784
loss: 0.0689, acc: 0.9787
loss: 0.0689, acc: 0.9777
loss: 0.0727, acc: 0.9751
loss: 0.0747, acc: 0.9740
loss: 0.0734, acc: 0.9751
loss: 0.0752, acc: 0.9746
> val_acc: 0.7006, val_f1: 0.6285
> best_val_acc: 0.7100, best_val_f1: 0.6406
>>>>>>>>>>>>>>>>>>>>>>>>>>>>>>>>>>>>>>>>>>>>>>>>>>>>>>>>>>>>>>>>>>>>>>>>>>>>>>>>>>>>>>>>>>>>>>>>>>>>
epoch: 18
loss: 0.0663, acc: 1.0000
loss: 0.0666, acc: 0.9844
loss: 0.0669, acc: 0.9858
loss: 0.0680, acc: 0.9844
loss: 0.0680, acc: 0.9821
loss: 0.0717, acc: 0.9784
loss: 0.0682, acc: 0.9808
loss: 0.0680, acc: 0.9792
loss: 0.0693, acc: 0.9779
loss: 0.0712, acc: 0.9776
loss: 0.0728, acc: 0.9761
loss: 0.0748, acc: 0.9749
loss: 0.0726, acc: 0.9764
loss: 0.0746, acc: 0.9754
loss: 0.0769, acc: 0.9736
> val_acc: 0.6850, val_f1: 0.6070
> best_val_acc: 0.7100, best_val_f1: 0.6406
>>>>>>>>>>>>>>>>>>>>>>>>>>>>>>>>>>>>>>>>>>>>>>>>>>>>>>>>>>>>>>>>>>>>>>>>>>>>>>>>>>>>>>>>>>>>>>>>>>>>
epoch: 19
loss: 0.0812, acc: 0.9792
loss: 0.0736, acc: 0.9805
loss: 0.0729, acc: 0.9808
loss: 0.0736, acc: 0.9809
loss: 0.0739, acc: 0.9796
loss: 0.0729, acc: 0.9788
loss: 0.0690, acc: 0.9801
loss: 0.0699, acc: 0.9794
loss: 0.0677, acc: 0.9797
loss: 0.0681, acc: 0.9785
loss: 0.0686, acc: 0.9776
loss: 0.0706, acc: 0.9763
loss: 0.0738, acc: 0.9752
loss: 0.0733, acc: 0.9756
loss: 0.0732, acc: 0.9759
> val_acc: 0.6912, val_f1: 0.6090
> best_val_acc: 0.7100, best_val_f1: 0.6406
>>>>>>>>>>>>>>>>>>>>>>>>>>>>>>>>>>>>>>>>>>>>>>>>>>>>>>>>>>>>>>>>>>>>>>>>>>>>>>>>>>>>>>>>>>>>>>>>>>>>
epoch: 20
loss: 0.0622, acc: 0.9750
loss: 0.0703, acc: 0.9750
loss: 0.0779, acc: 0.9729
loss: 0.0748, acc: 0.9719
loss: 0.0710, acc: 0.9750
loss: 0.0743, acc: 0.9708
loss: 0.0764, acc: 0.9688
loss: 0.0735, acc: 0.9703
loss: 0.0740, acc: 0.9701
loss: 0.0771, acc: 0.9700
loss: 0.0750, acc: 0.9716
loss: 0.0783, acc: 0.9698
loss: 0.0783, acc: 0.9692
loss: 0.0761, acc: 0.9705
> val_acc: 0.6834, val_f1: 0.5925
> best_val_acc: 0.7100, best_val_f1: 0.6406
>>>>>>>>>>>>>>>>>>>>>>>>>>>>>>>>>>>>>>>>>>>>>>>>>>>>>>>>>>>>>>>>>>>>>>>>>>>>>>>>>>>>>>>>>>>>>>>>>>>>
epoch: 21
loss: 0.0610, acc: 0.9844
loss: 0.0588, acc: 0.9821
loss: 0.0535, acc: 0.9844
loss: 0.0576, acc: 0.9835
loss: 0.0596, acc: 0.9830
loss: 0.0601, acc: 0.9803
loss: 0.0629, acc: 0.9805
loss: 0.0633, acc: 0.9797
loss: 0.0618, acc: 0.9807
loss: 0.0646, acc: 0.9787
loss: 0.0605, acc: 0.9808
loss: 0.0604, acc: 0.9808
loss: 0.0675, acc: 0.9788
loss: 0.0678, acc: 0.9781
loss: 0.0702, acc: 0.9774
> val_acc: 0.6818, val_f1: 0.5923
> best_val_acc: 0.7100, best_val_f1: 0.6406
>>>>>>>>>>>>>>>>>>>>>>>>>>>>>>>>>>>>>>>>>>>>>>>>>>>>>>>>>>>>>>>>>>>>>>>>>>>>>>>>>>>>>>>>>>>>>>>>>>>>
epoch: 22
loss: 0.0650, acc: 0.9766
loss: 0.0629, acc: 0.9757
loss: 0.0565, acc: 0.9777
loss: 0.0531, acc: 0.9819
loss: 0.0554, acc: 0.9805
loss: 0.0584, acc: 0.9784
loss: 0.0618, acc: 0.9770
loss: 0.0605, acc: 0.9784
loss: 0.0600, acc: 0.9787
loss: 0.0617, acc: 0.9777
loss: 0.0592, acc: 0.9792
loss: 0.0611, acc: 0.9783
loss: 0.0616, acc: 0.9785
loss: 0.0625, acc: 0.9783
> val_acc: 0.7038, val_f1: 0.6322
> best_val_acc: 0.7100, best_val_f1: 0.6406
>>>>>>>>>>>>>>>>>>>>>>>>>>>>>>>>>>>>>>>>>>>>>>>>>>>>>>>>>>>>>>>>>>>>>>>>>>>>>>>>>>>>>>>>>>>>>>>>>>>>
epoch: 23
loss: 0.0138, acc: 1.0000
loss: 0.0405, acc: 0.9896
loss: 0.0511, acc: 0.9886
loss: 0.0454, acc: 0.9922
loss: 0.0433, acc: 0.9940
loss: 0.0541, acc: 0.9916
loss: 0.0488, acc: 0.9929
loss: 0.0529, acc: 0.9887
loss: 0.0551, acc: 0.9870
loss: 0.0541, acc: 0.9878
loss: 0.0526, acc: 0.9877
loss: 0.0549, acc: 0.9866
loss: 0.0532, acc: 0.9867
loss: 0.0586, acc: 0.9844
loss: 0.0613, acc: 0.9837
> val_acc: 0.6959, val_f1: 0.6193
> best_val_acc: 0.7100, best_val_f1: 0.6406
>>>>>>>>>>>>>>>>>>>>>>>>>>>>>>>>>>>>>>>>>>>>>>>>>>>>>>>>>>>>>>>>>>>>>>>>>>>>>>>>>>>>>>>>>>>>>>>>>>>>
epoch: 24
loss: 0.0553, acc: 0.9792
loss: 0.0514, acc: 0.9805
loss: 0.0567, acc: 0.9784
loss: 0.0614, acc: 0.9774
loss: 0.0651, acc: 0.9769
loss: 0.0633, acc: 0.9788
loss: 0.0622, acc: 0.9782
loss: 0.0589, acc: 0.9794
loss: 0.0581, acc: 0.9797
loss: 0.0581, acc: 0.9798
loss: 0.0578, acc: 0.9805
loss: 0.0579, acc: 0.9801
loss: 0.0580, acc: 0.9802
loss: 0.0601, acc: 0.9793
loss: 0.0593, acc: 0.9798
> val_acc: 0.6928, val_f1: 0.6198
> best_val_acc: 0.7100, best_val_f1: 0.6406
>>>>>>>>>>>>>>>>>>>>>>>>>>>>>>>>>>>>>>>>>>>>>>>>>>>>>>>>>>>>>>>>>>>>>>>>>>>>>>>>>>>>>>>>>>>>>>>>>>>>
epoch: 25
loss: 0.0589, acc: 0.9875
loss: 0.0436, acc: 0.9906
loss: 0.0397, acc: 0.9896
loss: 0.0458, acc: 0.9875
loss: 0.0446, acc: 0.9888
loss: 0.0439, acc: 0.9885
loss: 0.0478, acc: 0.9866
loss: 0.0469, acc: 0.9859
loss: 0.0479, acc: 0.9861
loss: 0.0479, acc: 0.9856
loss: 0.0478, acc: 0.9852
loss: 0.0490, acc: 0.9844
loss: 0.0525, acc: 0.9832
loss: 0.0544, acc: 0.9826
> val_acc: 0.7053, val_f1: 0.6385
> best_val_acc: 0.7100, best_val_f1: 0.6406
>>>>>>>>>>>>>>>>>>>>>>>>>>>>>>>>>>>>>>>>>>>>>>>>>>>>>>>>>>>>>>>>>>>>>>>>>>>>>>>>>>>>>>>>>>>>>>>>>>>>
epoch: 26
loss: 0.0597, acc: 1.0000
loss: 0.0589, acc: 0.9821
loss: 0.0731, acc: 0.9766
loss: 0.0629, acc: 0.9816
loss: 0.0687, acc: 0.9787
loss: 0.0713, acc: 0.9769
loss: 0.0741, acc: 0.9766
loss: 0.0725, acc: 0.9755
loss: 0.0675, acc: 0.9784
loss: 0.0669, acc: 0.9774
loss: 0.0649, acc: 0.9778
loss: 0.0626, acc: 0.9786
loss: 0.0620, acc: 0.9783
loss: 0.0620, acc: 0.9790
loss: 0.0605, acc: 0.9796
> val_acc: 0.6959, val_f1: 0.6216
> best_val_acc: 0.7100, best_val_f1: 0.6406
>>>>>>>>>>>>>>>>>>>>>>>>>>>>>>>>>>>>>>>>>>>>>>>>>>>>>>>>>>>>>>>>>>>>>>>>>>>>>>>>>>>>>>>>>>>>>>>>>>>>
epoch: 27
loss: 0.0257, acc: 1.0000
loss: 0.0302, acc: 0.9965
loss: 0.0314, acc: 0.9955
loss: 0.0408, acc: 0.9901
loss: 0.0438, acc: 0.9896
loss: 0.0447, acc: 0.9892
loss: 0.0460, acc: 0.9881
loss: 0.0444, acc: 0.9888
loss: 0.0456, acc: 0.9879
loss: 0.0455, acc: 0.9872
loss: 0.0469, acc: 0.9861
loss: 0.0460, acc: 0.9862
loss: 0.0455, acc: 0.9863
loss: 0.0494, acc: 0.9855
> val_acc: 0.6881, val_f1: 0.6195
> best_val_acc: 0.7100, best_val_f1: 0.6406
>>>>>>>>>>>>>>>>>>>>>>>>>>>>>>>>>>>>>>>>>>>>>>>>>>>>>>>>>>>>>>>>>>>>>>>>>>>>>>>>>>>>>>>>>>>>>>>>>>>>
epoch: 28
loss: 0.0110, acc: 1.0000
loss: 0.0255, acc: 0.9948
loss: 0.0400, acc: 0.9886
loss: 0.0346, acc: 0.9902
loss: 0.0330, acc: 0.9926
loss: 0.0337, acc: 0.9928
loss: 0.0345, acc: 0.9919
loss: 0.0348, acc: 0.9922
loss: 0.0378, acc: 0.9909
loss: 0.0412, acc: 0.9905
loss: 0.0430, acc: 0.9902
loss: 0.0430, acc: 0.9905
loss: 0.0457, acc: 0.9898
loss: 0.0482, acc: 0.9882
loss: 0.0481, acc: 0.9877
> val_acc: 0.6865, val_f1: 0.6100
> best_val_acc: 0.7100, best_val_f1: 0.6406
>>>>>>>>>>>>>>>>>>>>>>>>>>>>>>>>>>>>>>>>>>>>>>>>>>>>>>>>>>>>>>>>>>>>>>>>>>>>>>>>>>>>>>>>>>>>>>>>>>>>
epoch: 29
loss: 0.0296, acc: 0.9896
loss: 0.0304, acc: 0.9844
loss: 0.0298, acc: 0.9880
loss: 0.0281, acc: 0.9896
loss: 0.0321, acc: 0.9891
loss: 0.0329, acc: 0.9888
loss: 0.0376, acc: 0.9867
loss: 0.0429, acc: 0.9852
loss: 0.0422, acc: 0.9862
loss: 0.0424, acc: 0.9863
loss: 0.0416, acc: 0.9870
loss: 0.0403, acc: 0.9881
loss: 0.0396, acc: 0.9886
loss: 0.0412, acc: 0.9876
loss: 0.0416, acc: 0.9880
> val_acc: 0.6865, val_f1: 0.6077
> best_val_acc: 0.7100, best_val_f1: 0.6406
>> test_acc: 0.7100, test_f1: 0.6366
