cuda memory allocated: 4706816
n_trainable_params: 825503, n_nontrainable_params: 347432
> training arguments:
>>> model_name: igcn_embed
>>> model_ver: 3
>>> dataset: laptop
>>> optimizer: <class 'torch.optim.adam.Adam'>
>>> initializer: <function xavier_uniform_ at 0x000001D1DAC83D90>
>>> learning_rate: 0.0003
>>> momentum: 0.95
>>> dropout: 0.5
>>> l2reg: 5e-05
>>> num_epoch: 50
>>> batch_size: 32
>>> log_step: 5
>>> embed_dim: 136
>>> hidden_dim: 300
>>> bert_dim: 768
>>> pretrained_bert_name: bert-base-uncased
>>> embeddings: d
>>> max_seq_len: 180
>>> polarities_dim: 3
>>> hops: 3
>>> device: cuda
>>> seed: 0
>>> valset_ratio: 0
>>> num_layers: 1
>>> in_channels: 100
>>> out_channels: 1
>>> downbot: 20
>>> kernel_size: 3
>>> position_dim: 100
>>> gating: GTU
>>> stanford_pos_model: C:/NLP_Programs/stanford-postagger-2018-10-16/models/english-bidirectional-distsim.tagger
>>> stanford_pos_jar: C:/NLP_Programs/stanford-postagger-2018-10-16/stanford-postagger.jar
>>> glove_path: ./embeddings/glove.840B.300d.txt
>>> embedding_matrix_path: gen_data/embeddings/100_laptop_domain_embedding_matrix.dat
>>> model_class: <class 'models.igcn.IGCN_3'>
>>> dataset_file: {'train': './datasets/semeval14/Laptops_Train.xml.seg', 'test': './datasets/semeval14/Laptops_Test_Gold.xml.seg'}
>>> inputs_cols: ['text_raw_indices', 'aspect_indices', 'pos_indices', 'aspect_pos_indices', 'position_indices']
>>>>>>>>>>>>>>>>>>>>>>>>>>>>>>>>>>>>>>>>>>>>>>>>>>>>>>>>>>>>>>>>>>>>>>>>>>>>>>>>>>>>>>>>>>>>>>>>>>>>
epoch: 0
loss: 1.0999, acc: 0.3750
loss: 1.0917, acc: 0.3875
loss: 1.0820, acc: 0.3854
loss: 1.0833, acc: 0.3891
loss: 1.0769, acc: 0.3925
loss: 1.0722, acc: 0.4062
loss: 1.0723, acc: 0.4036
loss: 1.0766, acc: 0.4062
loss: 1.0667, acc: 0.4181
loss: 1.0647, acc: 0.4269
loss: 1.0620, acc: 0.4295
loss: 1.0634, acc: 0.4219
loss: 1.0626, acc: 0.4250
loss: 1.0607, acc: 0.4250
> val_acc: 0.5298, val_f1: 0.3634
> best_val_acc: 0.0000, best_val_f1: 0.0000
>> saved: state_dict/igcn_embed_laptop_val_acc0.5298
>>>>>>>>>>>>>>>>>>>>>>>>>>>>>>>>>>>>>>>>>>>>>>>>>>>>>>>>>>>>>>>>>>>>>>>>>>>>>>>>>>>>>>>>>>>>>>>>>>>>
epoch: 1
loss: 1.0155, acc: 0.5156
loss: 1.0210, acc: 0.5045
loss: 1.0339, acc: 0.4922
loss: 1.0281, acc: 0.4926
loss: 1.0372, acc: 0.4801
loss: 1.0437, acc: 0.4757
loss: 1.0409, acc: 0.4805
loss: 1.0361, acc: 0.4949
loss: 1.0334, acc: 0.5000
loss: 1.0358, acc: 0.4973
loss: 1.0318, acc: 0.5000
loss: 1.0286, acc: 0.5049
loss: 1.0289, acc: 0.5030
loss: 1.0259, acc: 0.5075
loss: 1.0280, acc: 0.5039
> val_acc: 0.5611, val_f1: 0.3803
> best_val_acc: 0.5298, best_val_f1: 0.3634
>> saved: state_dict/igcn_embed_laptop_val_acc0.5611
>>>>>>>>>>>>>>>>>>>>>>>>>>>>>>>>>>>>>>>>>>>>>>>>>>>>>>>>>>>>>>>>>>>>>>>>>>>>>>>>>>>>>>>>>>>>>>>>>>>>
epoch: 2
loss: 1.0269, acc: 0.5078
loss: 1.0064, acc: 0.5208
loss: 1.0041, acc: 0.5290
loss: 0.9998, acc: 0.5362
loss: 0.9915, acc: 0.5430
loss: 0.9863, acc: 0.5539
loss: 0.9813, acc: 0.5616
loss: 0.9843, acc: 0.5585
loss: 0.9759, acc: 0.5653
loss: 0.9698, acc: 0.5753
loss: 0.9658, acc: 0.5770
loss: 0.9583, acc: 0.5847
loss: 0.9572, acc: 0.5835
loss: 0.9562, acc: 0.5824
> val_acc: 0.5940, val_f1: 0.4165
> best_val_acc: 0.5611, best_val_f1: 0.3803
>> saved: state_dict/igcn_embed_laptop_val_acc0.594
>>>>>>>>>>>>>>>>>>>>>>>>>>>>>>>>>>>>>>>>>>>>>>>>>>>>>>>>>>>>>>>>>>>>>>>>>>>>>>>>>>>>>>>>>>>>>>>>>>>>
epoch: 3
loss: 0.7806, acc: 0.7500
loss: 0.8367, acc: 0.6719
loss: 0.8668, acc: 0.6392
loss: 0.8728, acc: 0.6387
loss: 0.8775, acc: 0.6399
loss: 0.8844, acc: 0.6250
loss: 0.8795, acc: 0.6250
loss: 0.8664, acc: 0.6337
loss: 0.8599, acc: 0.6387
loss: 0.8545, acc: 0.6447
loss: 0.8528, acc: 0.6422
loss: 0.8517, acc: 0.6412
loss: 0.8481, acc: 0.6414
loss: 0.8498, acc: 0.6411
loss: 0.8498, acc: 0.6400
> val_acc: 0.6238, val_f1: 0.4567
> best_val_acc: 0.5940, best_val_f1: 0.4165
>> saved: state_dict/igcn_embed_laptop_val_acc0.6238
>>>>>>>>>>>>>>>>>>>>>>>>>>>>>>>>>>>>>>>>>>>>>>>>>>>>>>>>>>>>>>>>>>>>>>>>>>>>>>>>>>>>>>>>>>>>>>>>>>>>
epoch: 4
loss: 0.7675, acc: 0.6979
loss: 0.7619, acc: 0.6914
loss: 0.7369, acc: 0.7115
loss: 0.7327, acc: 0.7066
loss: 0.7548, acc: 0.6889
loss: 0.7770, acc: 0.6730
loss: 0.7772, acc: 0.6714
loss: 0.7883, acc: 0.6637
loss: 0.7863, acc: 0.6606
loss: 0.7844, acc: 0.6634
loss: 0.7801, acc: 0.6657
loss: 0.7811, acc: 0.6659
loss: 0.7737, acc: 0.6716
loss: 0.7671, acc: 0.6751
loss: 0.7733, acc: 0.6718
> val_acc: 0.6332, val_f1: 0.4719
> best_val_acc: 0.6238, best_val_f1: 0.4567
>> saved: state_dict/igcn_embed_laptop_val_acc0.6332
>>>>>>>>>>>>>>>>>>>>>>>>>>>>>>>>>>>>>>>>>>>>>>>>>>>>>>>>>>>>>>>>>>>>>>>>>>>>>>>>>>>>>>>>>>>>>>>>>>>>
epoch: 5
loss: 0.7696, acc: 0.6687
loss: 0.7224, acc: 0.7000
loss: 0.7317, acc: 0.6813
loss: 0.7495, acc: 0.6844
loss: 0.7458, acc: 0.6850
loss: 0.7500, acc: 0.6833
loss: 0.7457, acc: 0.6875
loss: 0.7363, acc: 0.6945
loss: 0.7308, acc: 0.6979
loss: 0.7260, acc: 0.7006
loss: 0.7290, acc: 0.7000
loss: 0.7259, acc: 0.7010
loss: 0.7167, acc: 0.7072
loss: 0.7220, acc: 0.7036
> val_acc: 0.6442, val_f1: 0.4859
> best_val_acc: 0.6332, best_val_f1: 0.4719
>> saved: state_dict/igcn_embed_laptop_val_acc0.6442
>>>>>>>>>>>>>>>>>>>>>>>>>>>>>>>>>>>>>>>>>>>>>>>>>>>>>>>>>>>>>>>>>>>>>>>>>>>>>>>>>>>>>>>>>>>>>>>>>>>>
epoch: 6
loss: 0.7026, acc: 0.6875
loss: 0.7049, acc: 0.6920
loss: 0.7001, acc: 0.7031
loss: 0.7129, acc: 0.7022
loss: 0.7202, acc: 0.7003
loss: 0.7072, acc: 0.7118
loss: 0.6974, acc: 0.7139
loss: 0.6949, acc: 0.7137
loss: 0.6946, acc: 0.7121
loss: 0.6906, acc: 0.7181
loss: 0.6938, acc: 0.7151
loss: 0.6835, acc: 0.7188
loss: 0.6811, acc: 0.7193
loss: 0.6914, acc: 0.7127
loss: 0.6900, acc: 0.7157
> val_acc: 0.6755, val_f1: 0.5867
> best_val_acc: 0.6442, best_val_f1: 0.4859
>> saved: state_dict/igcn_embed_laptop_val_acc0.6755
>>>>>>>>>>>>>>>>>>>>>>>>>>>>>>>>>>>>>>>>>>>>>>>>>>>>>>>>>>>>>>>>>>>>>>>>>>>>>>>>>>>>>>>>>>>>>>>>>>>>
epoch: 7
loss: 0.6982, acc: 0.7031
loss: 0.6759, acc: 0.7465
loss: 0.6857, acc: 0.7388
loss: 0.6761, acc: 0.7418
loss: 0.6685, acc: 0.7422
loss: 0.6707, acc: 0.7360
loss: 0.6716, acc: 0.7335
loss: 0.6680, acc: 0.7356
loss: 0.6602, acc: 0.7401
loss: 0.6599, acc: 0.7430
loss: 0.6590, acc: 0.7384
loss: 0.6563, acc: 0.7405
loss: 0.6540, acc: 0.7417
loss: 0.6592, acc: 0.7387
> val_acc: 0.6614, val_f1: 0.5478
> best_val_acc: 0.6755, best_val_f1: 0.5867
>>>>>>>>>>>>>>>>>>>>>>>>>>>>>>>>>>>>>>>>>>>>>>>>>>>>>>>>>>>>>>>>>>>>>>>>>>>>>>>>>>>>>>>>>>>>>>>>>>>>
epoch: 8
loss: 0.5521, acc: 0.8125
loss: 0.6236, acc: 0.7500
loss: 0.6347, acc: 0.7557
loss: 0.6265, acc: 0.7578
loss: 0.6137, acc: 0.7649
loss: 0.5994, acc: 0.7680
loss: 0.5928, acc: 0.7702
loss: 0.5962, acc: 0.7682
loss: 0.6003, acc: 0.7660
loss: 0.6027, acc: 0.7643
loss: 0.6015, acc: 0.7647
loss: 0.6158, acc: 0.7595
loss: 0.6176, acc: 0.7572
loss: 0.6233, acc: 0.7538
loss: 0.6322, acc: 0.7487
> val_acc: 0.6959, val_f1: 0.6173
> best_val_acc: 0.6755, best_val_f1: 0.5867
>> saved: state_dict/igcn_embed_laptop_val_acc0.6959
>>>>>>>>>>>>>>>>>>>>>>>>>>>>>>>>>>>>>>>>>>>>>>>>>>>>>>>>>>>>>>>>>>>>>>>>>>>>>>>>>>>>>>>>>>>>>>>>>>>>
epoch: 9
loss: 0.5103, acc: 0.8958
loss: 0.6263, acc: 0.7891
loss: 0.6469, acc: 0.7572
loss: 0.6155, acc: 0.7726
loss: 0.6194, acc: 0.7636
loss: 0.6108, acc: 0.7634
loss: 0.6279, acc: 0.7604
loss: 0.6170, acc: 0.7656
loss: 0.6267, acc: 0.7565
loss: 0.6278, acc: 0.7559
loss: 0.6204, acc: 0.7600
loss: 0.6221, acc: 0.7608
loss: 0.6201, acc: 0.7609
loss: 0.6197, acc: 0.7619
loss: 0.6129, acc: 0.7629
> val_acc: 0.6661, val_f1: 0.5531
> best_val_acc: 0.6959, best_val_f1: 0.6173
>>>>>>>>>>>>>>>>>>>>>>>>>>>>>>>>>>>>>>>>>>>>>>>>>>>>>>>>>>>>>>>>>>>>>>>>>>>>>>>>>>>>>>>>>>>>>>>>>>>>
epoch: 10
loss: 0.6402, acc: 0.7750
loss: 0.5973, acc: 0.7937
loss: 0.6035, acc: 0.7792
loss: 0.5664, acc: 0.7953
loss: 0.5677, acc: 0.7913
loss: 0.5695, acc: 0.7865
loss: 0.5753, acc: 0.7830
loss: 0.5795, acc: 0.7789
loss: 0.5811, acc: 0.7778
loss: 0.5838, acc: 0.7756
loss: 0.5930, acc: 0.7705
loss: 0.5846, acc: 0.7724
loss: 0.5965, acc: 0.7654
loss: 0.5909, acc: 0.7674
> val_acc: 0.7022, val_f1: 0.6218
> best_val_acc: 0.6959, best_val_f1: 0.6173
>> saved: state_dict/igcn_embed_laptop_val_acc0.7022
>>>>>>>>>>>>>>>>>>>>>>>>>>>>>>>>>>>>>>>>>>>>>>>>>>>>>>>>>>>>>>>>>>>>>>>>>>>>>>>>>>>>>>>>>>>>>>>>>>>>
epoch: 11
loss: 0.4893, acc: 0.8281
loss: 0.5436, acc: 0.7902
loss: 0.5161, acc: 0.8047
loss: 0.5010, acc: 0.8125
loss: 0.5425, acc: 0.7898
loss: 0.5362, acc: 0.7951
loss: 0.5477, acc: 0.7891
loss: 0.5352, acc: 0.7956
loss: 0.5491, acc: 0.7850
loss: 0.5507, acc: 0.7819
loss: 0.5412, acc: 0.7867
loss: 0.5371, acc: 0.7878
loss: 0.5395, acc: 0.7868
loss: 0.5437, acc: 0.7836
loss: 0.5448, acc: 0.7865
> val_acc: 0.6975, val_f1: 0.6171
> best_val_acc: 0.7022, best_val_f1: 0.6218
>>>>>>>>>>>>>>>>>>>>>>>>>>>>>>>>>>>>>>>>>>>>>>>>>>>>>>>>>>>>>>>>>>>>>>>>>>>>>>>>>>>>>>>>>>>>>>>>>>>>
epoch: 12
loss: 0.4849, acc: 0.8047
loss: 0.4779, acc: 0.8021
loss: 0.5310, acc: 0.7902
loss: 0.5454, acc: 0.7812
loss: 0.5468, acc: 0.7812
loss: 0.5354, acc: 0.7866
loss: 0.5351, acc: 0.7877
loss: 0.5260, acc: 0.7893
loss: 0.5122, acc: 0.7912
loss: 0.5216, acc: 0.7902
loss: 0.5236, acc: 0.7865
loss: 0.5238, acc: 0.7876
loss: 0.5292, acc: 0.7881
loss: 0.5261, acc: 0.7899
> val_acc: 0.6928, val_f1: 0.6018
> best_val_acc: 0.7022, best_val_f1: 0.6218
>>>>>>>>>>>>>>>>>>>>>>>>>>>>>>>>>>>>>>>>>>>>>>>>>>>>>>>>>>>>>>>>>>>>>>>>>>>>>>>>>>>>>>>>>>>>>>>>>>>>
epoch: 13
loss: 0.5717, acc: 0.8125
loss: 0.5489, acc: 0.7552
loss: 0.5218, acc: 0.7869
loss: 0.4881, acc: 0.8066
loss: 0.4962, acc: 0.7946
loss: 0.4992, acc: 0.7957
loss: 0.4908, acc: 0.8024
loss: 0.4967, acc: 0.7986
loss: 0.4887, acc: 0.8049
loss: 0.4976, acc: 0.8037
loss: 0.4975, acc: 0.8015
loss: 0.5022, acc: 0.8008
loss: 0.5040, acc: 0.8002
loss: 0.5000, acc: 0.8021
loss: 0.4979, acc: 0.8033
> val_acc: 0.6881, val_f1: 0.5979
> best_val_acc: 0.7022, best_val_f1: 0.6218
>>>>>>>>>>>>>>>>>>>>>>>>>>>>>>>>>>>>>>>>>>>>>>>>>>>>>>>>>>>>>>>>>>>>>>>>>>>>>>>>>>>>>>>>>>>>>>>>>>>>
epoch: 14
loss: 0.5537, acc: 0.8021
loss: 0.5098, acc: 0.8086
loss: 0.5507, acc: 0.7812
loss: 0.5142, acc: 0.7986
loss: 0.5010, acc: 0.8057
loss: 0.4930, acc: 0.8036
loss: 0.5073, acc: 0.8002
loss: 0.5071, acc: 0.8002
loss: 0.5026, acc: 0.8023
loss: 0.5039, acc: 0.8040
loss: 0.4997, acc: 0.8090
loss: 0.4898, acc: 0.8130
loss: 0.4907, acc: 0.8125
loss: 0.4866, acc: 0.8139
loss: 0.4792, acc: 0.8174
> val_acc: 0.6991, val_f1: 0.6138
> best_val_acc: 0.7022, best_val_f1: 0.6218
>>>>>>>>>>>>>>>>>>>>>>>>>>>>>>>>>>>>>>>>>>>>>>>>>>>>>>>>>>>>>>>>>>>>>>>>>>>>>>>>>>>>>>>>>>>>>>>>>>>>
epoch: 15
loss: 0.4765, acc: 0.8063
loss: 0.4682, acc: 0.8313
loss: 0.4486, acc: 0.8354
loss: 0.4793, acc: 0.8141
loss: 0.4740, acc: 0.8175
loss: 0.4701, acc: 0.8208
loss: 0.4572, acc: 0.8268
loss: 0.4637, acc: 0.8234
loss: 0.4555, acc: 0.8243
loss: 0.4584, acc: 0.8225
loss: 0.4624, acc: 0.8210
loss: 0.4566, acc: 0.8234
loss: 0.4565, acc: 0.8236
loss: 0.4562, acc: 0.8228
> val_acc: 0.7179, val_f1: 0.6555
> best_val_acc: 0.7022, best_val_f1: 0.6218
>> saved: state_dict/igcn_embed_laptop_val_acc0.7179
>>>>>>>>>>>>>>>>>>>>>>>>>>>>>>>>>>>>>>>>>>>>>>>>>>>>>>>>>>>>>>>>>>>>>>>>>>>>>>>>>>>>>>>>>>>>>>>>>>>>
epoch: 16
loss: 0.3041, acc: 0.8594
loss: 0.3620, acc: 0.8661
loss: 0.3586, acc: 0.8750
loss: 0.4170, acc: 0.8474
loss: 0.4019, acc: 0.8523
loss: 0.4005, acc: 0.8495
loss: 0.3986, acc: 0.8486
loss: 0.4073, acc: 0.8429
loss: 0.4040, acc: 0.8460
loss: 0.4119, acc: 0.8391
loss: 0.4129, acc: 0.8431
loss: 0.4187, acc: 0.8405
loss: 0.4256, acc: 0.8372
loss: 0.4314, acc: 0.8335
loss: 0.4300, acc: 0.8351
> val_acc: 0.7210, val_f1: 0.6707
> best_val_acc: 0.7179, best_val_f1: 0.6555
>> saved: state_dict/igcn_embed_laptop_val_acc0.721
>>>>>>>>>>>>>>>>>>>>>>>>>>>>>>>>>>>>>>>>>>>>>>>>>>>>>>>>>>>>>>>>>>>>>>>>>>>>>>>>>>>>>>>>>>>>>>>>>>>>
epoch: 17
loss: 0.4134, acc: 0.8594
loss: 0.4016, acc: 0.8611
loss: 0.3885, acc: 0.8683
loss: 0.3834, acc: 0.8618
loss: 0.3741, acc: 0.8659
loss: 0.3927, acc: 0.8578
loss: 0.3927, acc: 0.8575
loss: 0.3993, acc: 0.8566
loss: 0.4062, acc: 0.8537
loss: 0.4087, acc: 0.8527
loss: 0.4071, acc: 0.8519
loss: 0.4034, acc: 0.8543
loss: 0.4073, acc: 0.8496
loss: 0.4010, acc: 0.8524
> val_acc: 0.6912, val_f1: 0.5942
> best_val_acc: 0.7210, best_val_f1: 0.6707
>>>>>>>>>>>>>>>>>>>>>>>>>>>>>>>>>>>>>>>>>>>>>>>>>>>>>>>>>>>>>>>>>>>>>>>>>>>>>>>>>>>>>>>>>>>>>>>>>>>>
epoch: 18
loss: 0.4214, acc: 0.9062
loss: 0.3773, acc: 0.8490
loss: 0.3826, acc: 0.8608
loss: 0.3802, acc: 0.8652
loss: 0.3730, acc: 0.8646
loss: 0.3727, acc: 0.8630
loss: 0.3700, acc: 0.8649
loss: 0.3680, acc: 0.8672
loss: 0.3767, acc: 0.8620
loss: 0.3802, acc: 0.8614
loss: 0.3798, acc: 0.8597
loss: 0.3774, acc: 0.8622
loss: 0.3827, acc: 0.8601
loss: 0.3844, acc: 0.8589
loss: 0.3874, acc: 0.8600
> val_acc: 0.7241, val_f1: 0.6615
> best_val_acc: 0.7210, best_val_f1: 0.6707
>> saved: state_dict/igcn_embed_laptop_val_acc0.7241
>>>>>>>>>>>>>>>>>>>>>>>>>>>>>>>>>>>>>>>>>>>>>>>>>>>>>>>>>>>>>>>>>>>>>>>>>>>>>>>>>>>>>>>>>>>>>>>>>>>>
epoch: 19
loss: 0.3637, acc: 0.8854
loss: 0.2994, acc: 0.9102
loss: 0.3308, acc: 0.8894
loss: 0.3343, acc: 0.8854
loss: 0.3629, acc: 0.8709
loss: 0.3685, acc: 0.8705
loss: 0.3735, acc: 0.8712
loss: 0.3821, acc: 0.8668
loss: 0.3862, acc: 0.8626
loss: 0.3830, acc: 0.8607
loss: 0.3838, acc: 0.8644
loss: 0.3839, acc: 0.8642
loss: 0.3769, acc: 0.8666
loss: 0.3736, acc: 0.8667
loss: 0.3721, acc: 0.8660
> val_acc: 0.7226, val_f1: 0.6595
> best_val_acc: 0.7241, best_val_f1: 0.6707
>>>>>>>>>>>>>>>>>>>>>>>>>>>>>>>>>>>>>>>>>>>>>>>>>>>>>>>>>>>>>>>>>>>>>>>>>>>>>>>>>>>>>>>>>>>>>>>>>>>>
epoch: 20
loss: 0.3848, acc: 0.8562
loss: 0.3464, acc: 0.8812
loss: 0.3625, acc: 0.8812
loss: 0.3460, acc: 0.8797
loss: 0.3510, acc: 0.8762
loss: 0.3544, acc: 0.8740
loss: 0.3483, acc: 0.8750
loss: 0.3512, acc: 0.8758
loss: 0.3513, acc: 0.8757
loss: 0.3431, acc: 0.8775
loss: 0.3371, acc: 0.8790
loss: 0.3348, acc: 0.8792
loss: 0.3338, acc: 0.8788
loss: 0.3298, acc: 0.8799
> val_acc: 0.7194, val_f1: 0.6549
> best_val_acc: 0.7241, best_val_f1: 0.6707
>>>>>>>>>>>>>>>>>>>>>>>>>>>>>>>>>>>>>>>>>>>>>>>>>>>>>>>>>>>>>>>>>>>>>>>>>>>>>>>>>>>>>>>>>>>>>>>>>>>>
epoch: 21
loss: 0.3579, acc: 0.8906
loss: 0.3757, acc: 0.8884
loss: 0.3429, acc: 0.9036
loss: 0.3139, acc: 0.9099
loss: 0.3145, acc: 0.9020
loss: 0.3069, acc: 0.9016
loss: 0.2938, acc: 0.9043
loss: 0.2944, acc: 0.9012
loss: 0.2972, acc: 0.9010
loss: 0.3000, acc: 0.8989
loss: 0.3050, acc: 0.8978
loss: 0.3137, acc: 0.8942
loss: 0.3178, acc: 0.8911
loss: 0.3217, acc: 0.8909
loss: 0.3249, acc: 0.8876
> val_acc: 0.7288, val_f1: 0.6828
> best_val_acc: 0.7241, best_val_f1: 0.6707
>> saved: state_dict/igcn_embed_laptop_val_acc0.7288
>>>>>>>>>>>>>>>>>>>>>>>>>>>>>>>>>>>>>>>>>>>>>>>>>>>>>>>>>>>>>>>>>>>>>>>>>>>>>>>>>>>>>>>>>>>>>>>>>>>>
epoch: 22
loss: 0.4322, acc: 0.8281
loss: 0.4271, acc: 0.8368
loss: 0.3797, acc: 0.8594
loss: 0.3783, acc: 0.8602
loss: 0.3565, acc: 0.8659
loss: 0.3452, acc: 0.8718
loss: 0.3645, acc: 0.8640
loss: 0.3573, acc: 0.8710
loss: 0.3509, acc: 0.8722
loss: 0.3480, acc: 0.8712
loss: 0.3415, acc: 0.8733
loss: 0.3363, acc: 0.8755
loss: 0.3256, acc: 0.8799
loss: 0.3282, acc: 0.8791
> val_acc: 0.7210, val_f1: 0.6568
> best_val_acc: 0.7288, best_val_f1: 0.6828
>>>>>>>>>>>>>>>>>>>>>>>>>>>>>>>>>>>>>>>>>>>>>>>>>>>>>>>>>>>>>>>>>>>>>>>>>>>>>>>>>>>>>>>>>>>>>>>>>>>>
epoch: 23
loss: 0.2970, acc: 0.9375
loss: 0.2386, acc: 0.9375
loss: 0.3053, acc: 0.9062
loss: 0.3018, acc: 0.9062
loss: 0.2906, acc: 0.9077
loss: 0.2708, acc: 0.9159
loss: 0.2683, acc: 0.9153
loss: 0.2748, acc: 0.9097
loss: 0.2720, acc: 0.9139
loss: 0.2696, acc: 0.9158
loss: 0.2711, acc: 0.9136
loss: 0.2820, acc: 0.9085
loss: 0.2912, acc: 0.9042
loss: 0.2850, acc: 0.9062
loss: 0.2872, acc: 0.9054
> val_acc: 0.7163, val_f1: 0.6467
> best_val_acc: 0.7288, best_val_f1: 0.6828
>>>>>>>>>>>>>>>>>>>>>>>>>>>>>>>>>>>>>>>>>>>>>>>>>>>>>>>>>>>>>>>>>>>>>>>>>>>>>>>>>>>>>>>>>>>>>>>>>>>>
epoch: 24
loss: 0.1619, acc: 0.9479
loss: 0.2028, acc: 0.9336
loss: 0.2383, acc: 0.9279
loss: 0.2639, acc: 0.9167
loss: 0.2607, acc: 0.9185
loss: 0.2506, acc: 0.9174
loss: 0.2632, acc: 0.9110
loss: 0.2666, acc: 0.9104
loss: 0.2670, acc: 0.9099
loss: 0.2653, acc: 0.9121
loss: 0.2656, acc: 0.9092
loss: 0.2607, acc: 0.9122
loss: 0.2583, acc: 0.9117
loss: 0.2596, acc: 0.9104
loss: 0.2628, acc: 0.9089
> val_acc: 0.7226, val_f1: 0.6661
> best_val_acc: 0.7288, best_val_f1: 0.6828
>>>>>>>>>>>>>>>>>>>>>>>>>>>>>>>>>>>>>>>>>>>>>>>>>>>>>>>>>>>>>>>>>>>>>>>>>>>>>>>>>>>>>>>>>>>>>>>>>>>>
epoch: 25
loss: 0.1461, acc: 0.9688
loss: 0.1912, acc: 0.9437
loss: 0.2020, acc: 0.9375
loss: 0.2126, acc: 0.9266
loss: 0.2314, acc: 0.9213
loss: 0.2316, acc: 0.9208
loss: 0.2361, acc: 0.9214
loss: 0.2307, acc: 0.9258
loss: 0.2310, acc: 0.9243
loss: 0.2316, acc: 0.9219
loss: 0.2322, acc: 0.9210
loss: 0.2295, acc: 0.9203
loss: 0.2320, acc: 0.9197
loss: 0.2354, acc: 0.9165
> val_acc: 0.7257, val_f1: 0.6666
> best_val_acc: 0.7288, best_val_f1: 0.6828
>>>>>>>>>>>>>>>>>>>>>>>>>>>>>>>>>>>>>>>>>>>>>>>>>>>>>>>>>>>>>>>>>>>>>>>>>>>>>>>>>>>>>>>>>>>>>>>>>>>>
epoch: 26
loss: 0.1429, acc: 0.9688
loss: 0.2039, acc: 0.9598
loss: 0.2139, acc: 0.9531
loss: 0.2066, acc: 0.9522
loss: 0.2078, acc: 0.9432
loss: 0.1971, acc: 0.9468
loss: 0.1893, acc: 0.9463
loss: 0.1907, acc: 0.9468
loss: 0.1899, acc: 0.9464
loss: 0.1910, acc: 0.9468
loss: 0.1953, acc: 0.9459
loss: 0.1990, acc: 0.9430
loss: 0.2006, acc: 0.9415
loss: 0.2033, acc: 0.9403
loss: 0.2039, acc: 0.9392
> val_acc: 0.7163, val_f1: 0.6517
> best_val_acc: 0.7288, best_val_f1: 0.6828
>>>>>>>>>>>>>>>>>>>>>>>>>>>>>>>>>>>>>>>>>>>>>>>>>>>>>>>>>>>>>>>>>>>>>>>>>>>>>>>>>>>>>>>>>>>>>>>>>>>>
epoch: 27
loss: 0.2433, acc: 0.9141
loss: 0.1995, acc: 0.9410
loss: 0.2025, acc: 0.9353
loss: 0.2147, acc: 0.9359
loss: 0.1932, acc: 0.9466
loss: 0.1855, acc: 0.9494
loss: 0.2006, acc: 0.9412
loss: 0.2079, acc: 0.9375
loss: 0.2009, acc: 0.9389
loss: 0.2061, acc: 0.9381
loss: 0.2069, acc: 0.9352
loss: 0.2042, acc: 0.9380
loss: 0.2013, acc: 0.9375
loss: 0.1992, acc: 0.9366
> val_acc: 0.7257, val_f1: 0.6683
> best_val_acc: 0.7288, best_val_f1: 0.6828
>>>>>>>>>>>>>>>>>>>>>>>>>>>>>>>>>>>>>>>>>>>>>>>>>>>>>>>>>>>>>>>>>>>>>>>>>>>>>>>>>>>>>>>>>>>>>>>>>>>>
epoch: 28
loss: 0.0898, acc: 1.0000
loss: 0.2113, acc: 0.9323
loss: 0.2224, acc: 0.9347
loss: 0.1932, acc: 0.9414
loss: 0.1924, acc: 0.9435
loss: 0.1915, acc: 0.9459
loss: 0.1873, acc: 0.9456
loss: 0.1877, acc: 0.9436
loss: 0.1926, acc: 0.9375
loss: 0.1847, acc: 0.9409
loss: 0.1896, acc: 0.9369
loss: 0.1870, acc: 0.9375
loss: 0.1874, acc: 0.9380
loss: 0.1850, acc: 0.9380
loss: 0.1842, acc: 0.9384
> val_acc: 0.7241, val_f1: 0.6641
> best_val_acc: 0.7288, best_val_f1: 0.6828
>>>>>>>>>>>>>>>>>>>>>>>>>>>>>>>>>>>>>>>>>>>>>>>>>>>>>>>>>>>>>>>>>>>>>>>>>>>>>>>>>>>>>>>>>>>>>>>>>>>>
epoch: 29
loss: 0.1261, acc: 0.9688
loss: 0.1139, acc: 0.9727
loss: 0.1263, acc: 0.9688
loss: 0.1322, acc: 0.9653
loss: 0.1374, acc: 0.9647
loss: 0.1512, acc: 0.9576
loss: 0.1552, acc: 0.9545
loss: 0.1641, acc: 0.9498
loss: 0.1634, acc: 0.9477
loss: 0.1693, acc: 0.9453
loss: 0.1689, acc: 0.9463
loss: 0.1670, acc: 0.9472
loss: 0.1718, acc: 0.9454
loss: 0.1669, acc: 0.9485
loss: 0.1659, acc: 0.9502
> val_acc: 0.7257, val_f1: 0.6632
> best_val_acc: 0.7288, best_val_f1: 0.6828
>>>>>>>>>>>>>>>>>>>>>>>>>>>>>>>>>>>>>>>>>>>>>>>>>>>>>>>>>>>>>>>>>>>>>>>>>>>>>>>>>>>>>>>>>>>>>>>>>>>>
epoch: 30
loss: 0.1843, acc: 0.9437
loss: 0.1763, acc: 0.9500
loss: 0.1646, acc: 0.9458
loss: 0.1691, acc: 0.9469
loss: 0.1637, acc: 0.9450
loss: 0.1550, acc: 0.9479
loss: 0.1600, acc: 0.9455
loss: 0.1550, acc: 0.9492
loss: 0.1549, acc: 0.9486
loss: 0.1556, acc: 0.9494
loss: 0.1580, acc: 0.9489
loss: 0.1558, acc: 0.9505
loss: 0.1591, acc: 0.9500
loss: 0.1582, acc: 0.9504
> val_acc: 0.7288, val_f1: 0.6655
> best_val_acc: 0.7288, best_val_f1: 0.6828
>>>>>>>>>>>>>>>>>>>>>>>>>>>>>>>>>>>>>>>>>>>>>>>>>>>>>>>>>>>>>>>>>>>>>>>>>>>>>>>>>>>>>>>>>>>>>>>>>>>>
epoch: 31
loss: 0.1980, acc: 0.9531
loss: 0.1805, acc: 0.9420
loss: 0.1509, acc: 0.9531
loss: 0.1345, acc: 0.9596
loss: 0.1360, acc: 0.9545
loss: 0.1304, acc: 0.9560
loss: 0.1259, acc: 0.9570
loss: 0.1294, acc: 0.9561
loss: 0.1342, acc: 0.9531
loss: 0.1386, acc: 0.9521
loss: 0.1402, acc: 0.9507
loss: 0.1359, acc: 0.9529
loss: 0.1353, acc: 0.9526
loss: 0.1405, acc: 0.9515
loss: 0.1454, acc: 0.9492
> val_acc: 0.7241, val_f1: 0.6698
> best_val_acc: 0.7288, best_val_f1: 0.6828
>>>>>>>>>>>>>>>>>>>>>>>>>>>>>>>>>>>>>>>>>>>>>>>>>>>>>>>>>>>>>>>>>>>>>>>>>>>>>>>>>>>>>>>>>>>>>>>>>>>>
epoch: 32
loss: 0.1397, acc: 0.9531
loss: 0.1155, acc: 0.9722
loss: 0.1119, acc: 0.9732
loss: 0.1145, acc: 0.9688
loss: 0.1103, acc: 0.9714
loss: 0.1042, acc: 0.9720
loss: 0.1053, acc: 0.9715
loss: 0.1077, acc: 0.9720
loss: 0.1113, acc: 0.9702
loss: 0.1132, acc: 0.9700
loss: 0.1135, acc: 0.9688
loss: 0.1193, acc: 0.9672
loss: 0.1209, acc: 0.9673
loss: 0.1194, acc: 0.9674
> val_acc: 0.7226, val_f1: 0.6647
> best_val_acc: 0.7288, best_val_f1: 0.6828
>>>>>>>>>>>>>>>>>>>>>>>>>>>>>>>>>>>>>>>>>>>>>>>>>>>>>>>>>>>>>>>>>>>>>>>>>>>>>>>>>>>>>>>>>>>>>>>>>>>>
epoch: 33
loss: 0.0694, acc: 1.0000
loss: 0.1020, acc: 0.9688
loss: 0.1022, acc: 0.9659
loss: 0.1053, acc: 0.9707
loss: 0.1067, acc: 0.9673
loss: 0.1063, acc: 0.9712
loss: 0.1152, acc: 0.9667
loss: 0.1161, acc: 0.9627
loss: 0.1190, acc: 0.9642
loss: 0.1228, acc: 0.9633
loss: 0.1190, acc: 0.9651
loss: 0.1151, acc: 0.9671
loss: 0.1156, acc: 0.9672
loss: 0.1192, acc: 0.9650
loss: 0.1173, acc: 0.9657
> val_acc: 0.7335, val_f1: 0.6824
> best_val_acc: 0.7288, best_val_f1: 0.6828
>> saved: state_dict/igcn_embed_laptop_val_acc0.7335
>>>>>>>>>>>>>>>>>>>>>>>>>>>>>>>>>>>>>>>>>>>>>>>>>>>>>>>>>>>>>>>>>>>>>>>>>>>>>>>>>>>>>>>>>>>>>>>>>>>>
epoch: 34
loss: 0.1187, acc: 0.9583
loss: 0.1226, acc: 0.9492
loss: 0.1090, acc: 0.9591
loss: 0.0985, acc: 0.9635
loss: 0.0963, acc: 0.9674
loss: 0.0997, acc: 0.9688
loss: 0.0994, acc: 0.9697
loss: 0.1026, acc: 0.9679
loss: 0.1038, acc: 0.9688
loss: 0.1048, acc: 0.9674
loss: 0.1032, acc: 0.9676
loss: 0.1022, acc: 0.9682
loss: 0.1006, acc: 0.9688
loss: 0.1002, acc: 0.9692
loss: 0.0994, acc: 0.9699
> val_acc: 0.7179, val_f1: 0.6616
> best_val_acc: 0.7335, best_val_f1: 0.6828
>>>>>>>>>>>>>>>>>>>>>>>>>>>>>>>>>>>>>>>>>>>>>>>>>>>>>>>>>>>>>>>>>>>>>>>>>>>>>>>>>>>>>>>>>>>>>>>>>>>>
epoch: 35
loss: 0.0837, acc: 0.9688
loss: 0.0901, acc: 0.9688
loss: 0.0814, acc: 0.9750
loss: 0.0849, acc: 0.9781
loss: 0.0939, acc: 0.9738
loss: 0.0952, acc: 0.9729
loss: 0.0962, acc: 0.9723
loss: 0.0988, acc: 0.9742
loss: 0.0965, acc: 0.9750
loss: 0.0985, acc: 0.9731
loss: 0.0978, acc: 0.9739
loss: 0.1013, acc: 0.9729
loss: 0.1036, acc: 0.9716
loss: 0.1037, acc: 0.9723
> val_acc: 0.7179, val_f1: 0.6564
> best_val_acc: 0.7335, best_val_f1: 0.6828
>>>>>>>>>>>>>>>>>>>>>>>>>>>>>>>>>>>>>>>>>>>>>>>>>>>>>>>>>>>>>>>>>>>>>>>>>>>>>>>>>>>>>>>>>>>>>>>>>>>>
epoch: 36
loss: 0.0529, acc: 0.9844
loss: 0.0690, acc: 0.9911
loss: 0.0778, acc: 0.9870
loss: 0.0704, acc: 0.9890
loss: 0.0665, acc: 0.9915
loss: 0.0753, acc: 0.9873
loss: 0.0754, acc: 0.9863
loss: 0.0752, acc: 0.9856
loss: 0.0767, acc: 0.9844
loss: 0.0772, acc: 0.9827
loss: 0.0776, acc: 0.9820
loss: 0.0765, acc: 0.9819
loss: 0.0815, acc: 0.9798
loss: 0.0831, acc: 0.9785
loss: 0.0893, acc: 0.9766
> val_acc: 0.7257, val_f1: 0.6712
> best_val_acc: 0.7335, best_val_f1: 0.6828
>>>>>>>>>>>>>>>>>>>>>>>>>>>>>>>>>>>>>>>>>>>>>>>>>>>>>>>>>>>>>>>>>>>>>>>>>>>>>>>>>>>>>>>>>>>>>>>>>>>>
epoch: 37
loss: 0.0811, acc: 0.9609
loss: 0.0818, acc: 0.9757
loss: 0.0707, acc: 0.9799
loss: 0.0685, acc: 0.9819
loss: 0.0681, acc: 0.9844
loss: 0.0655, acc: 0.9849
loss: 0.0649, acc: 0.9853
loss: 0.0631, acc: 0.9856
loss: 0.0636, acc: 0.9844
loss: 0.0625, acc: 0.9853
loss: 0.0718, acc: 0.9826
loss: 0.0738, acc: 0.9815
loss: 0.0761, acc: 0.9795
loss: 0.0780, acc: 0.9787
> val_acc: 0.7053, val_f1: 0.6311
> best_val_acc: 0.7335, best_val_f1: 0.6828
>>>>>>>>>>>>>>>>>>>>>>>>>>>>>>>>>>>>>>>>>>>>>>>>>>>>>>>>>>>>>>>>>>>>>>>>>>>>>>>>>>>>>>>>>>>>>>>>>>>>
epoch: 38
loss: 0.0985, acc: 0.9688
loss: 0.0570, acc: 0.9844
loss: 0.0816, acc: 0.9773
loss: 0.0753, acc: 0.9805
loss: 0.0837, acc: 0.9747
loss: 0.0939, acc: 0.9736
loss: 0.0882, acc: 0.9758
loss: 0.0815, acc: 0.9783
loss: 0.0790, acc: 0.9802
loss: 0.0743, acc: 0.9823
loss: 0.0792, acc: 0.9792
loss: 0.0785, acc: 0.9788
loss: 0.0792, acc: 0.9769
loss: 0.0787, acc: 0.9773
loss: 0.0801, acc: 0.9758
> val_acc: 0.7257, val_f1: 0.6640
> best_val_acc: 0.7335, best_val_f1: 0.6828
>>>>>>>>>>>>>>>>>>>>>>>>>>>>>>>>>>>>>>>>>>>>>>>>>>>>>>>>>>>>>>>>>>>>>>>>>>>>>>>>>>>>>>>>>>>>>>>>>>>>
epoch: 39
loss: 0.0496, acc: 0.9896
loss: 0.0525, acc: 0.9922
loss: 0.0563, acc: 0.9904
loss: 0.0508, acc: 0.9931
loss: 0.0478, acc: 0.9932
loss: 0.0553, acc: 0.9911
loss: 0.0553, acc: 0.9896
loss: 0.0541, acc: 0.9901
loss: 0.0582, acc: 0.9876
loss: 0.0615, acc: 0.9857
loss: 0.0618, acc: 0.9858
loss: 0.0606, acc: 0.9860
loss: 0.0610, acc: 0.9851
loss: 0.0610, acc: 0.9853
loss: 0.0638, acc: 0.9845
> val_acc: 0.7147, val_f1: 0.6708
> best_val_acc: 0.7335, best_val_f1: 0.6828
>>>>>>>>>>>>>>>>>>>>>>>>>>>>>>>>>>>>>>>>>>>>>>>>>>>>>>>>>>>>>>>>>>>>>>>>>>>>>>>>>>>>>>>>>>>>>>>>>>>>
epoch: 40
loss: 0.0423, acc: 0.9938
loss: 0.0666, acc: 0.9812
loss: 0.0557, acc: 0.9854
loss: 0.0551, acc: 0.9859
loss: 0.0613, acc: 0.9825
loss: 0.0599, acc: 0.9833
loss: 0.0601, acc: 0.9821
loss: 0.0580, acc: 0.9828
loss: 0.0580, acc: 0.9833
loss: 0.0590, acc: 0.9831
loss: 0.0604, acc: 0.9830
loss: 0.0615, acc: 0.9823
loss: 0.0645, acc: 0.9812
loss: 0.0634, acc: 0.9821
> val_acc: 0.7320, val_f1: 0.6838
> best_val_acc: 0.7335, best_val_f1: 0.6828
>>>>>>>>>>>>>>>>>>>>>>>>>>>>>>>>>>>>>>>>>>>>>>>>>>>>>>>>>>>>>>>>>>>>>>>>>>>>>>>>>>>>>>>>>>>>>>>>>>>>
epoch: 41
loss: 0.0389, acc: 1.0000
loss: 0.0348, acc: 1.0000
loss: 0.0439, acc: 0.9948
loss: 0.0462, acc: 0.9945
loss: 0.0465, acc: 0.9915
loss: 0.0450, acc: 0.9919
loss: 0.0439, acc: 0.9922
loss: 0.0458, acc: 0.9907
loss: 0.0459, acc: 0.9903
loss: 0.0468, acc: 0.9900
loss: 0.0487, acc: 0.9892
loss: 0.0484, acc: 0.9890
loss: 0.0496, acc: 0.9879
loss: 0.0506, acc: 0.9879
loss: 0.0503, acc: 0.9878
> val_acc: 0.7179, val_f1: 0.6591
> best_val_acc: 0.7335, best_val_f1: 0.6838
>>>>>>>>>>>>>>>>>>>>>>>>>>>>>>>>>>>>>>>>>>>>>>>>>>>>>>>>>>>>>>>>>>>>>>>>>>>>>>>>>>>>>>>>>>>>>>>>>>>>
epoch: 42
loss: 0.0355, acc: 0.9844
loss: 0.0460, acc: 0.9792
loss: 0.0402, acc: 0.9866
loss: 0.0474, acc: 0.9885
loss: 0.0504, acc: 0.9870
loss: 0.0559, acc: 0.9849
loss: 0.0551, acc: 0.9844
loss: 0.0581, acc: 0.9832
loss: 0.0636, acc: 0.9815
loss: 0.0617, acc: 0.9828
loss: 0.0649, acc: 0.9815
loss: 0.0625, acc: 0.9820
loss: 0.0617, acc: 0.9824
loss: 0.0604, acc: 0.9828
> val_acc: 0.7053, val_f1: 0.6404
> best_val_acc: 0.7335, best_val_f1: 0.6838
>>>>>>>>>>>>>>>>>>>>>>>>>>>>>>>>>>>>>>>>>>>>>>>>>>>>>>>>>>>>>>>>>>>>>>>>>>>>>>>>>>>>>>>>>>>>>>>>>>>>
epoch: 43
loss: 0.1123, acc: 0.9688
loss: 0.0544, acc: 0.9844
loss: 0.0405, acc: 0.9915
loss: 0.0456, acc: 0.9883
loss: 0.0501, acc: 0.9866
loss: 0.0474, acc: 0.9880
loss: 0.0475, acc: 0.9879
loss: 0.0495, acc: 0.9870
loss: 0.0531, acc: 0.9848
loss: 0.0523, acc: 0.9844
loss: 0.0495, acc: 0.9853
loss: 0.0504, acc: 0.9844
loss: 0.0529, acc: 0.9831
loss: 0.0537, acc: 0.9834
loss: 0.0525, acc: 0.9842
> val_acc: 0.7038, val_f1: 0.6450
> best_val_acc: 0.7335, best_val_f1: 0.6838
>>>>>>>>>>>>>>>>>>>>>>>>>>>>>>>>>>>>>>>>>>>>>>>>>>>>>>>>>>>>>>>>>>>>>>>>>>>>>>>>>>>>>>>>>>>>>>>>>>>>
epoch: 44
loss: 0.0314, acc: 1.0000
loss: 0.0300, acc: 0.9961
loss: 0.0329, acc: 0.9952
loss: 0.0329, acc: 0.9948
loss: 0.0338, acc: 0.9946
loss: 0.0350, acc: 0.9933
loss: 0.0395, acc: 0.9915
loss: 0.0383, acc: 0.9926
loss: 0.0383, acc: 0.9920
loss: 0.0382, acc: 0.9922
loss: 0.0391, acc: 0.9912
loss: 0.0382, acc: 0.9919
loss: 0.0375, acc: 0.9921
loss: 0.0398, acc: 0.9913
loss: 0.0412, acc: 0.9905
> val_acc: 0.7163, val_f1: 0.6642
> best_val_acc: 0.7335, best_val_f1: 0.6838
>>>>>>>>>>>>>>>>>>>>>>>>>>>>>>>>>>>>>>>>>>>>>>>>>>>>>>>>>>>>>>>>>>>>>>>>>>>>>>>>>>>>>>>>>>>>>>>>>>>>
epoch: 45
loss: 0.0315, acc: 0.9938
loss: 0.0506, acc: 0.9844
loss: 0.0443, acc: 0.9875
loss: 0.0529, acc: 0.9844
loss: 0.0486, acc: 0.9862
loss: 0.0448, acc: 0.9875
loss: 0.0455, acc: 0.9866
loss: 0.0453, acc: 0.9875
loss: 0.0456, acc: 0.9882
loss: 0.0445, acc: 0.9881
loss: 0.0431, acc: 0.9886
loss: 0.0437, acc: 0.9885
loss: 0.0432, acc: 0.9885
loss: 0.0426, acc: 0.9893
> val_acc: 0.7132, val_f1: 0.6432
> best_val_acc: 0.7335, best_val_f1: 0.6838
>>>>>>>>>>>>>>>>>>>>>>>>>>>>>>>>>>>>>>>>>>>>>>>>>>>>>>>>>>>>>>>>>>>>>>>>>>>>>>>>>>>>>>>>>>>>>>>>>>>>
epoch: 46
loss: 0.0311, acc: 1.0000
loss: 0.0489, acc: 0.9866
loss: 0.0499, acc: 0.9870
loss: 0.0415, acc: 0.9890
loss: 0.0434, acc: 0.9886
loss: 0.0416, acc: 0.9884
loss: 0.0427, acc: 0.9893
loss: 0.0423, acc: 0.9890
loss: 0.0396, acc: 0.9903
loss: 0.0382, acc: 0.9914
loss: 0.0368, acc: 0.9916
loss: 0.0372, acc: 0.9918
loss: 0.0365, acc: 0.9914
loss: 0.0359, acc: 0.9916
loss: 0.0380, acc: 0.9905
> val_acc: 0.7241, val_f1: 0.6684
> best_val_acc: 0.7335, best_val_f1: 0.6838
>>>>>>>>>>>>>>>>>>>>>>>>>>>>>>>>>>>>>>>>>>>>>>>>>>>>>>>>>>>>>>>>>>>>>>>>>>>>>>>>>>>>>>>>>>>>>>>>>>>>
epoch: 47
loss: 0.0326, acc: 0.9922
loss: 0.0692, acc: 0.9757
loss: 0.0690, acc: 0.9732
loss: 0.0678, acc: 0.9753
loss: 0.0620, acc: 0.9792
loss: 0.0600, acc: 0.9806
loss: 0.0553, acc: 0.9835
loss: 0.0510, acc: 0.9848
loss: 0.0509, acc: 0.9837
loss: 0.0530, acc: 0.9834
loss: 0.0512, acc: 0.9850
loss: 0.0524, acc: 0.9846
loss: 0.0533, acc: 0.9839
loss: 0.0528, acc: 0.9846
> val_acc: 0.7147, val_f1: 0.6642
> best_val_acc: 0.7335, best_val_f1: 0.6838
>>>>>>>>>>>>>>>>>>>>>>>>>>>>>>>>>>>>>>>>>>>>>>>>>>>>>>>>>>>>>>>>>>>>>>>>>>>>>>>>>>>>>>>>>>>>>>>>>>>>
epoch: 48
loss: 0.0464, acc: 1.0000
loss: 0.0924, acc: 0.9844
loss: 0.0790, acc: 0.9830
loss: 0.0666, acc: 0.9863
loss: 0.0643, acc: 0.9821
loss: 0.0635, acc: 0.9832
loss: 0.0586, acc: 0.9839
loss: 0.0536, acc: 0.9852
loss: 0.0512, acc: 0.9855
loss: 0.0496, acc: 0.9857
loss: 0.0474, acc: 0.9871
loss: 0.0461, acc: 0.9877
loss: 0.0444, acc: 0.9887
loss: 0.0438, acc: 0.9886
loss: 0.0426, acc: 0.9890
> val_acc: 0.7132, val_f1: 0.6486
> best_val_acc: 0.7335, best_val_f1: 0.6838
>>>>>>>>>>>>>>>>>>>>>>>>>>>>>>>>>>>>>>>>>>>>>>>>>>>>>>>>>>>>>>>>>>>>>>>>>>>>>>>>>>>>>>>>>>>>>>>>>>>>
epoch: 49
loss: 0.0118, acc: 1.0000
loss: 0.0236, acc: 0.9961
loss: 0.0362, acc: 0.9952
loss: 0.0310, acc: 0.9965
loss: 0.0273, acc: 0.9973
loss: 0.0247, acc: 0.9967
loss: 0.0289, acc: 0.9953
loss: 0.0311, acc: 0.9951
loss: 0.0315, acc: 0.9942
loss: 0.0317, acc: 0.9941
loss: 0.0318, acc: 0.9941
loss: 0.0308, acc: 0.9946
loss: 0.0302, acc: 0.9950
loss: 0.0292, acc: 0.9954
loss: 0.0287, acc: 0.9957
> val_acc: 0.7226, val_f1: 0.6675
> best_val_acc: 0.7335, best_val_f1: 0.6838
>> test_acc: 0.7335, test_f1: 0.6824
