cuda memory allocated: 4706816
n_trainable_params: 825503, n_nontrainable_params: 347432
> training arguments:
>>> model_name: igcn_embed
>>> model_ver: 4
>>> dataset: laptop
>>> optimizer: <class 'torch.optim.adam.Adam'>
>>> initializer: <function xavier_uniform_ at 0x000001FB8F523D90>
>>> learning_rate: 0.0003
>>> momentum: 0.95
>>> dropout: 0.5
>>> l2reg: 5e-05
>>> num_epoch: 50
>>> batch_size: 32
>>> log_step: 5
>>> embed_dim: 136
>>> hidden_dim: 300
>>> bert_dim: 768
>>> pretrained_bert_name: bert-base-uncased
>>> embeddings: d
>>> max_seq_len: 180
>>> polarities_dim: 3
>>> hops: 3
>>> device: cuda
>>> seed: 0
>>> valset_ratio: 0
>>> num_layers: 1
>>> in_channels: 100
>>> out_channels: 1
>>> downbot: 20
>>> kernel_size: 3
>>> position_dim: 100
>>> gating: GTU
>>> stanford_pos_model: C:/NLP_Programs/stanford-postagger-2018-10-16/models/english-bidirectional-distsim.tagger
>>> stanford_pos_jar: C:/NLP_Programs/stanford-postagger-2018-10-16/stanford-postagger.jar
>>> glove_path: ./embeddings/glove.840B.300d.txt
>>> embedding_matrix_path: gen_data/embeddings/100_laptop_domain_embedding_matrix.dat
>>> model_class: <class 'models.igcn.IGCN_4'>
>>> dataset_file: {'train': './datasets/semeval14/Laptops_Train.xml.seg', 'test': './datasets/semeval14/Laptops_Test_Gold.xml.seg'}
>>> inputs_cols: ['text_raw_indices', 'aspect_indices', 'pos_indices', 'aspect_pos_indices', 'position_indices']
>>>>>>>>>>>>>>>>>>>>>>>>>>>>>>>>>>>>>>>>>>>>>>>>>>>>>>>>>>>>>>>>>>>>>>>>>>>>>>>>>>>>>>>>>>>>>>>>>>>>
epoch: 0
loss: 1.1698, acc: 0.3250
loss: 1.1534, acc: 0.3625
loss: 1.1430, acc: 0.3708
loss: 1.1244, acc: 0.3953
loss: 1.1298, acc: 0.3912
loss: 1.1281, acc: 0.3844
loss: 1.1339, acc: 0.3804
loss: 1.1248, acc: 0.3891
loss: 1.1240, acc: 0.3903
loss: 1.1258, acc: 0.3906
loss: 1.1221, acc: 0.3932
loss: 1.1187, acc: 0.3958
loss: 1.1146, acc: 0.3995
loss: 1.1112, acc: 0.4022
> val_acc: 0.2931, val_f1: 0.2210
> best_val_acc: 0.0000, best_val_f1: 0.0000
>> saved: state_dict/igcn_embed_laptop_val_acc0.2931
>>>>>>>>>>>>>>>>>>>>>>>>>>>>>>>>>>>>>>>>>>>>>>>>>>>>>>>>>>>>>>>>>>>>>>>>>>>>>>>>>>>>>>>>>>>>>>>>>>>>
epoch: 1
loss: 1.1378, acc: 0.2969
loss: 1.0860, acc: 0.4375
loss: 1.0752, acc: 0.4427
loss: 1.0710, acc: 0.4540
loss: 1.0695, acc: 0.4588
loss: 1.0709, acc: 0.4491
loss: 1.0623, acc: 0.4561
loss: 1.0666, acc: 0.4493
loss: 1.0624, acc: 0.4554
loss: 1.0564, acc: 0.4614
loss: 1.0560, acc: 0.4603
loss: 1.0555, acc: 0.4627
loss: 1.0553, acc: 0.4612
loss: 1.0613, acc: 0.4594
loss: 1.0586, acc: 0.4583
> val_acc: 0.3809, val_f1: 0.2956
> best_val_acc: 0.2931, best_val_f1: 0.2210
>> saved: state_dict/igcn_embed_laptop_val_acc0.3809
>>>>>>>>>>>>>>>>>>>>>>>>>>>>>>>>>>>>>>>>>>>>>>>>>>>>>>>>>>>>>>>>>>>>>>>>>>>>>>>>>>>>>>>>>>>>>>>>>>>>
epoch: 2
loss: 1.0389, acc: 0.4688
loss: 1.0548, acc: 0.4549
loss: 1.0319, acc: 0.4777
loss: 1.0237, acc: 0.4885
loss: 1.0307, acc: 0.4857
loss: 1.0277, acc: 0.4860
loss: 1.0232, acc: 0.4917
loss: 1.0223, acc: 0.4968
loss: 1.0271, acc: 0.4865
loss: 1.0237, acc: 0.4815
loss: 1.0214, acc: 0.4867
loss: 1.0218, acc: 0.4894
loss: 1.0208, acc: 0.4888
loss: 1.0214, acc: 0.4887
> val_acc: 0.4404, val_f1: 0.3373
> best_val_acc: 0.3809, best_val_f1: 0.2956
>> saved: state_dict/igcn_embed_laptop_val_acc0.4404
>>>>>>>>>>>>>>>>>>>>>>>>>>>>>>>>>>>>>>>>>>>>>>>>>>>>>>>>>>>>>>>>>>>>>>>>>>>>>>>>>>>>>>>>>>>>>>>>>>>>
epoch: 3
loss: 1.1429, acc: 0.4375
loss: 0.9921, acc: 0.5156
loss: 1.0053, acc: 0.5085
loss: 0.9985, acc: 0.5059
loss: 0.9986, acc: 0.5060
loss: 1.0085, acc: 0.5012
loss: 1.0048, acc: 0.5030
loss: 1.0066, acc: 0.5061
loss: 1.0074, acc: 0.5069
loss: 1.0177, acc: 0.5000
loss: 1.0182, acc: 0.4994
loss: 1.0142, acc: 0.5073
loss: 1.0127, acc: 0.5067
loss: 1.0092, acc: 0.5047
loss: 1.0089, acc: 0.5018
> val_acc: 0.4624, val_f1: 0.3511
> best_val_acc: 0.4404, best_val_f1: 0.3373
>> saved: state_dict/igcn_embed_laptop_val_acc0.4624
>>>>>>>>>>>>>>>>>>>>>>>>>>>>>>>>>>>>>>>>>>>>>>>>>>>>>>>>>>>>>>>>>>>>>>>>>>>>>>>>>>>>>>>>>>>>>>>>>>>>
epoch: 4
loss: 1.0318, acc: 0.4583
loss: 0.9905, acc: 0.5078
loss: 1.0125, acc: 0.4928
loss: 0.9959, acc: 0.5035
loss: 0.9938, acc: 0.5095
loss: 0.9954, acc: 0.5112
loss: 0.9857, acc: 0.5180
loss: 0.9890, acc: 0.5173
loss: 0.9926, acc: 0.5145
loss: 0.9871, acc: 0.5215
loss: 0.9881, acc: 0.5212
loss: 0.9849, acc: 0.5264
loss: 0.9841, acc: 0.5288
loss: 0.9876, acc: 0.5253
loss: 0.9853, acc: 0.5258
> val_acc: 0.4781, val_f1: 0.3623
> best_val_acc: 0.4624, best_val_f1: 0.3511
>> saved: state_dict/igcn_embed_laptop_val_acc0.4781
>>>>>>>>>>>>>>>>>>>>>>>>>>>>>>>>>>>>>>>>>>>>>>>>>>>>>>>>>>>>>>>>>>>>>>>>>>>>>>>>>>>>>>>>>>>>>>>>>>>>
epoch: 5
loss: 0.9539, acc: 0.5625
loss: 0.9303, acc: 0.5594
loss: 0.9386, acc: 0.5583
loss: 0.9434, acc: 0.5578
loss: 0.9604, acc: 0.5400
loss: 0.9689, acc: 0.5333
loss: 0.9632, acc: 0.5384
loss: 0.9655, acc: 0.5406
loss: 0.9660, acc: 0.5382
loss: 0.9692, acc: 0.5375
loss: 0.9673, acc: 0.5386
loss: 0.9682, acc: 0.5391
loss: 0.9689, acc: 0.5370
loss: 0.9731, acc: 0.5348
> val_acc: 0.4765, val_f1: 0.3651
> best_val_acc: 0.4781, best_val_f1: 0.3623
>>>>>>>>>>>>>>>>>>>>>>>>>>>>>>>>>>>>>>>>>>>>>>>>>>>>>>>>>>>>>>>>>>>>>>>>>>>>>>>>>>>>>>>>>>>>>>>>>>>>
epoch: 6
loss: 0.9420, acc: 0.5781
loss: 0.9085, acc: 0.5714
loss: 0.9319, acc: 0.5547
loss: 0.9349, acc: 0.5570
loss: 0.9548, acc: 0.5412
loss: 0.9654, acc: 0.5324
loss: 0.9684, acc: 0.5264
loss: 0.9729, acc: 0.5287
loss: 0.9708, acc: 0.5342
loss: 0.9594, acc: 0.5426
loss: 0.9609, acc: 0.5403
loss: 0.9630, acc: 0.5356
loss: 0.9627, acc: 0.5338
loss: 0.9628, acc: 0.5336
loss: 0.9615, acc: 0.5334
> val_acc: 0.4796, val_f1: 0.3746
> best_val_acc: 0.4781, best_val_f1: 0.3651
>> saved: state_dict/igcn_embed_laptop_val_acc0.4796
>>>>>>>>>>>>>>>>>>>>>>>>>>>>>>>>>>>>>>>>>>>>>>>>>>>>>>>>>>>>>>>>>>>>>>>>>>>>>>>>>>>>>>>>>>>>>>>>>>>>
epoch: 7
loss: 0.9923, acc: 0.5234
loss: 0.9670, acc: 0.5590
loss: 0.9650, acc: 0.5424
loss: 0.9645, acc: 0.5493
loss: 0.9664, acc: 0.5495
loss: 0.9623, acc: 0.5496
loss: 0.9548, acc: 0.5607
loss: 0.9500, acc: 0.5617
loss: 0.9480, acc: 0.5575
loss: 0.9495, acc: 0.5561
loss: 0.9491, acc: 0.5567
loss: 0.9447, acc: 0.5583
loss: 0.9430, acc: 0.5601
loss: 0.9439, acc: 0.5598
> val_acc: 0.4828, val_f1: 0.3916
> best_val_acc: 0.4796, best_val_f1: 0.3746
>> saved: state_dict/igcn_embed_laptop_val_acc0.4828
>>>>>>>>>>>>>>>>>>>>>>>>>>>>>>>>>>>>>>>>>>>>>>>>>>>>>>>>>>>>>>>>>>>>>>>>>>>>>>>>>>>>>>>>>>>>>>>>>>>>
epoch: 8
loss: 0.7790, acc: 0.5625
loss: 0.9555, acc: 0.5365
loss: 0.9414, acc: 0.5597
loss: 0.9425, acc: 0.5605
loss: 0.9487, acc: 0.5506
loss: 0.9559, acc: 0.5421
loss: 0.9557, acc: 0.5383
loss: 0.9505, acc: 0.5417
loss: 0.9484, acc: 0.5412
loss: 0.9449, acc: 0.5476
loss: 0.9412, acc: 0.5490
loss: 0.9317, acc: 0.5592
loss: 0.9362, acc: 0.5528
loss: 0.9331, acc: 0.5526
loss: 0.9300, acc: 0.5550
> val_acc: 0.4796, val_f1: 0.3717
> best_val_acc: 0.4828, best_val_f1: 0.3916
>>>>>>>>>>>>>>>>>>>>>>>>>>>>>>>>>>>>>>>>>>>>>>>>>>>>>>>>>>>>>>>>>>>>>>>>>>>>>>>>>>>>>>>>>>>>>>>>>>>>
epoch: 9
loss: 0.9100, acc: 0.5833
loss: 0.9114, acc: 0.5703
loss: 0.9268, acc: 0.5505
loss: 0.9399, acc: 0.5608
loss: 0.9383, acc: 0.5584
loss: 0.9386, acc: 0.5569
loss: 0.9405, acc: 0.5511
loss: 0.9432, acc: 0.5510
loss: 0.9365, acc: 0.5552
loss: 0.9333, acc: 0.5586
loss: 0.9356, acc: 0.5537
loss: 0.9346, acc: 0.5550
loss: 0.9397, acc: 0.5536
loss: 0.9371, acc: 0.5565
loss: 0.9358, acc: 0.5537
> val_acc: 0.4906, val_f1: 0.4137
> best_val_acc: 0.4828, best_val_f1: 0.3916
>> saved: state_dict/igcn_embed_laptop_val_acc0.4906
>>>>>>>>>>>>>>>>>>>>>>>>>>>>>>>>>>>>>>>>>>>>>>>>>>>>>>>>>>>>>>>>>>>>>>>>>>>>>>>>>>>>>>>>>>>>>>>>>>>>
epoch: 10
loss: 0.8691, acc: 0.5938
loss: 0.9098, acc: 0.5719
loss: 0.9227, acc: 0.5750
loss: 0.9167, acc: 0.5781
loss: 0.9219, acc: 0.5750
loss: 0.9322, acc: 0.5656
loss: 0.9440, acc: 0.5571
loss: 0.9387, acc: 0.5641
loss: 0.9328, acc: 0.5674
loss: 0.9338, acc: 0.5663
loss: 0.9307, acc: 0.5699
loss: 0.9271, acc: 0.5703
loss: 0.9238, acc: 0.5692
loss: 0.9200, acc: 0.5683
> val_acc: 0.5110, val_f1: 0.4136
> best_val_acc: 0.4906, best_val_f1: 0.4137
>> saved: state_dict/igcn_embed_laptop_val_acc0.511
>>>>>>>>>>>>>>>>>>>>>>>>>>>>>>>>>>>>>>>>>>>>>>>>>>>>>>>>>>>>>>>>>>>>>>>>>>>>>>>>>>>>>>>>>>>>>>>>>>>>
epoch: 11
loss: 0.9049, acc: 0.5938
loss: 0.8826, acc: 0.5893
loss: 0.9190, acc: 0.5625
loss: 0.9316, acc: 0.5607
loss: 0.9240, acc: 0.5611
loss: 0.9185, acc: 0.5660
loss: 0.9208, acc: 0.5615
loss: 0.9218, acc: 0.5650
loss: 0.9231, acc: 0.5699
loss: 0.9194, acc: 0.5725
loss: 0.9232, acc: 0.5691
loss: 0.9210, acc: 0.5691
loss: 0.9156, acc: 0.5701
loss: 0.9144, acc: 0.5686
loss: 0.9140, acc: 0.5686
> val_acc: 0.5094, val_f1: 0.4360
> best_val_acc: 0.5110, best_val_f1: 0.4137
>>>>>>>>>>>>>>>>>>>>>>>>>>>>>>>>>>>>>>>>>>>>>>>>>>>>>>>>>>>>>>>>>>>>>>>>>>>>>>>>>>>>>>>>>>>>>>>>>>>>
epoch: 12
loss: 0.8741, acc: 0.5859
loss: 0.8766, acc: 0.5868
loss: 0.9042, acc: 0.5714
loss: 0.9097, acc: 0.5641
loss: 0.8951, acc: 0.5781
loss: 0.9044, acc: 0.5733
loss: 0.9110, acc: 0.5689
loss: 0.9158, acc: 0.5657
loss: 0.9170, acc: 0.5625
loss: 0.9134, acc: 0.5651
loss: 0.9135, acc: 0.5648
loss: 0.9155, acc: 0.5651
loss: 0.9142, acc: 0.5679
loss: 0.9060, acc: 0.5747
> val_acc: 0.5094, val_f1: 0.4289
> best_val_acc: 0.5110, best_val_f1: 0.4360
>>>>>>>>>>>>>>>>>>>>>>>>>>>>>>>>>>>>>>>>>>>>>>>>>>>>>>>>>>>>>>>>>>>>>>>>>>>>>>>>>>>>>>>>>>>>>>>>>>>>
epoch: 13
loss: 1.0510, acc: 0.5625
loss: 0.9708, acc: 0.5521
loss: 0.9155, acc: 0.5824
loss: 0.9175, acc: 0.5898
loss: 0.9176, acc: 0.5818
loss: 0.9282, acc: 0.5793
loss: 0.9198, acc: 0.5837
loss: 0.9128, acc: 0.5851
loss: 0.9068, acc: 0.5831
loss: 0.9121, acc: 0.5774
loss: 0.9166, acc: 0.5741
loss: 0.9114, acc: 0.5737
loss: 0.9078, acc: 0.5753
loss: 0.9065, acc: 0.5739
loss: 0.9039, acc: 0.5770
> val_acc: 0.5188, val_f1: 0.4421
> best_val_acc: 0.5110, best_val_f1: 0.4360
>> saved: state_dict/igcn_embed_laptop_val_acc0.5188
>>>>>>>>>>>>>>>>>>>>>>>>>>>>>>>>>>>>>>>>>>>>>>>>>>>>>>>>>>>>>>>>>>>>>>>>>>>>>>>>>>>>>>>>>>>>>>>>>>>>
epoch: 14
loss: 0.9171, acc: 0.6458
loss: 0.8840, acc: 0.6328
loss: 0.8912, acc: 0.6058
loss: 0.8895, acc: 0.6042
loss: 0.8792, acc: 0.6087
loss: 0.8836, acc: 0.6004
loss: 0.8898, acc: 0.5900
loss: 0.8850, acc: 0.5921
loss: 0.8890, acc: 0.5901
loss: 0.8903, acc: 0.5898
loss: 0.8838, acc: 0.5961
loss: 0.8832, acc: 0.5932
loss: 0.8829, acc: 0.5923
loss: 0.8855, acc: 0.5919
loss: 0.8899, acc: 0.5889
> val_acc: 0.5110, val_f1: 0.4288
> best_val_acc: 0.5188, best_val_f1: 0.4421
>>>>>>>>>>>>>>>>>>>>>>>>>>>>>>>>>>>>>>>>>>>>>>>>>>>>>>>>>>>>>>>>>>>>>>>>>>>>>>>>>>>>>>>>>>>>>>>>>>>>
epoch: 15
loss: 0.8790, acc: 0.5813
loss: 0.8648, acc: 0.5938
loss: 0.8913, acc: 0.5667
loss: 0.8966, acc: 0.5563
loss: 0.9021, acc: 0.5587
loss: 0.8961, acc: 0.5667
loss: 0.8930, acc: 0.5705
loss: 0.8858, acc: 0.5758
loss: 0.8911, acc: 0.5667
loss: 0.8921, acc: 0.5694
loss: 0.8962, acc: 0.5682
loss: 0.8943, acc: 0.5661
loss: 0.8949, acc: 0.5678
loss: 0.8928, acc: 0.5710
> val_acc: 0.5423, val_f1: 0.4705
> best_val_acc: 0.5188, best_val_f1: 0.4421
>> saved: state_dict/igcn_embed_laptop_val_acc0.5423
>>>>>>>>>>>>>>>>>>>>>>>>>>>>>>>>>>>>>>>>>>>>>>>>>>>>>>>>>>>>>>>>>>>>>>>>>>>>>>>>>>>>>>>>>>>>>>>>>>>>
epoch: 16
loss: 0.9023, acc: 0.5938
loss: 0.9032, acc: 0.5893
loss: 0.8816, acc: 0.5990
loss: 0.8837, acc: 0.5901
loss: 0.8843, acc: 0.5952
loss: 0.8790, acc: 0.5984
loss: 0.8789, acc: 0.5908
loss: 0.8784, acc: 0.5912
loss: 0.8798, acc: 0.5863
loss: 0.8877, acc: 0.5824
loss: 0.8958, acc: 0.5751
loss: 0.8930, acc: 0.5833
loss: 0.8934, acc: 0.5806
loss: 0.8915, acc: 0.5821
loss: 0.8921, acc: 0.5799
> val_acc: 0.4906, val_f1: 0.4256
> best_val_acc: 0.5423, best_val_f1: 0.4705
>>>>>>>>>>>>>>>>>>>>>>>>>>>>>>>>>>>>>>>>>>>>>>>>>>>>>>>>>>>>>>>>>>>>>>>>>>>>>>>>>>>>>>>>>>>>>>>>>>>>
epoch: 17
loss: 0.9072, acc: 0.5703
loss: 0.9020, acc: 0.5625
loss: 0.8841, acc: 0.5893
loss: 0.8848, acc: 0.6020
loss: 0.8815, acc: 0.6094
loss: 0.8879, acc: 0.6121
loss: 0.8874, acc: 0.6085
loss: 0.8843, acc: 0.6106
loss: 0.8896, acc: 0.6058
loss: 0.8932, acc: 0.6046
loss: 0.8920, acc: 0.6036
loss: 0.8857, acc: 0.6059
loss: 0.8901, acc: 0.5991
loss: 0.8806, acc: 0.6037
> val_acc: 0.5313, val_f1: 0.4603
> best_val_acc: 0.5423, best_val_f1: 0.4705
>>>>>>>>>>>>>>>>>>>>>>>>>>>>>>>>>>>>>>>>>>>>>>>>>>>>>>>>>>>>>>>>>>>>>>>>>>>>>>>>>>>>>>>>>>>>>>>>>>>>
epoch: 18
loss: 1.0052, acc: 0.5000
loss: 0.8798, acc: 0.6198
loss: 0.8523, acc: 0.6250
loss: 0.8342, acc: 0.6328
loss: 0.8568, acc: 0.6161
loss: 0.8698, acc: 0.6058
loss: 0.8872, acc: 0.5968
loss: 0.8776, acc: 0.5990
loss: 0.8818, acc: 0.5968
loss: 0.8919, acc: 0.5910
loss: 0.8882, acc: 0.5901
loss: 0.8823, acc: 0.5971
loss: 0.8808, acc: 0.6004
loss: 0.8821, acc: 0.6023
loss: 0.8762, acc: 0.6030
> val_acc: 0.5329, val_f1: 0.4551
> best_val_acc: 0.5423, best_val_f1: 0.4705
>>>>>>>>>>>>>>>>>>>>>>>>>>>>>>>>>>>>>>>>>>>>>>>>>>>>>>>>>>>>>>>>>>>>>>>>>>>>>>>>>>>>>>>>>>>>>>>>>>>>
epoch: 19
loss: 0.9433, acc: 0.5625
loss: 0.9356, acc: 0.5703
loss: 0.9057, acc: 0.5793
loss: 0.9022, acc: 0.5903
loss: 0.8828, acc: 0.5938
loss: 0.8953, acc: 0.5837
loss: 0.8939, acc: 0.5862
loss: 0.8913, acc: 0.5839
loss: 0.8925, acc: 0.5792
loss: 0.8832, acc: 0.5833
loss: 0.8788, acc: 0.5896
loss: 0.8773, acc: 0.5927
loss: 0.8756, acc: 0.5938
loss: 0.8716, acc: 0.5988
loss: 0.8713, acc: 0.5997
> val_acc: 0.5157, val_f1: 0.4260
> best_val_acc: 0.5423, best_val_f1: 0.4705
>>>>>>>>>>>>>>>>>>>>>>>>>>>>>>>>>>>>>>>>>>>>>>>>>>>>>>>>>>>>>>>>>>>>>>>>>>>>>>>>>>>>>>>>>>>>>>>>>>>>
epoch: 20
loss: 0.7803, acc: 0.6813
loss: 0.8130, acc: 0.6469
loss: 0.8311, acc: 0.6229
loss: 0.8450, acc: 0.6266
loss: 0.8543, acc: 0.6225
loss: 0.8626, acc: 0.6125
loss: 0.8692, acc: 0.6036
loss: 0.8766, acc: 0.5984
loss: 0.8747, acc: 0.6014
loss: 0.8696, acc: 0.6056
loss: 0.8689, acc: 0.6051
loss: 0.8671, acc: 0.6073
loss: 0.8687, acc: 0.6067
loss: 0.8651, acc: 0.6094
> val_acc: 0.5172, val_f1: 0.4225
> best_val_acc: 0.5423, best_val_f1: 0.4705
>>>>>>>>>>>>>>>>>>>>>>>>>>>>>>>>>>>>>>>>>>>>>>>>>>>>>>>>>>>>>>>>>>>>>>>>>>>>>>>>>>>>>>>>>>>>>>>>>>>>
epoch: 21
loss: 0.9037, acc: 0.5312
loss: 0.9144, acc: 0.5491
loss: 0.8681, acc: 0.6094
loss: 0.8617, acc: 0.6085
loss: 0.8692, acc: 0.6051
loss: 0.8648, acc: 0.5938
loss: 0.8647, acc: 0.5889
loss: 0.8597, acc: 0.5929
loss: 0.8624, acc: 0.5878
loss: 0.8591, acc: 0.5951
loss: 0.8577, acc: 0.5986
loss: 0.8616, acc: 0.5970
loss: 0.8602, acc: 0.5988
loss: 0.8593, acc: 0.5975
loss: 0.8563, acc: 0.5998
> val_acc: 0.5282, val_f1: 0.4520
> best_val_acc: 0.5423, best_val_f1: 0.4705
>>>>>>>>>>>>>>>>>>>>>>>>>>>>>>>>>>>>>>>>>>>>>>>>>>>>>>>>>>>>>>>>>>>>>>>>>>>>>>>>>>>>>>>>>>>>>>>>>>>>
epoch: 22
loss: 0.8180, acc: 0.6016
loss: 0.8402, acc: 0.5938
loss: 0.8661, acc: 0.5781
loss: 0.8676, acc: 0.5905
loss: 0.8726, acc: 0.5924
loss: 0.8658, acc: 0.6013
loss: 0.8713, acc: 0.5983
loss: 0.8778, acc: 0.5970
loss: 0.8730, acc: 0.6009
loss: 0.8808, acc: 0.5957
loss: 0.8767, acc: 0.5990
loss: 0.8697, acc: 0.6059
loss: 0.8668, acc: 0.6069
loss: 0.8693, acc: 0.6033
> val_acc: 0.5329, val_f1: 0.4612
> best_val_acc: 0.5423, best_val_f1: 0.4705
>>>>>>>>>>>>>>>>>>>>>>>>>>>>>>>>>>>>>>>>>>>>>>>>>>>>>>>>>>>>>>>>>>>>>>>>>>>>>>>>>>>>>>>>>>>>>>>>>>>>
epoch: 23
loss: 0.9253, acc: 0.5938
loss: 0.9232, acc: 0.5885
loss: 0.8920, acc: 0.5909
loss: 0.8929, acc: 0.5859
loss: 0.8802, acc: 0.5833
loss: 0.8723, acc: 0.5853
loss: 0.8616, acc: 0.5897
loss: 0.8667, acc: 0.5885
loss: 0.8651, acc: 0.5899
loss: 0.8605, acc: 0.5944
loss: 0.8626, acc: 0.5938
loss: 0.8625, acc: 0.5960
loss: 0.8647, acc: 0.5989
loss: 0.8635, acc: 0.5999
loss: 0.8620, acc: 0.5977
> val_acc: 0.5204, val_f1: 0.4507
> best_val_acc: 0.5423, best_val_f1: 0.4705
>>>>>>>>>>>>>>>>>>>>>>>>>>>>>>>>>>>>>>>>>>>>>>>>>>>>>>>>>>>>>>>>>>>>>>>>>>>>>>>>>>>>>>>>>>>>>>>>>>>>
epoch: 24
loss: 0.8806, acc: 0.5729
loss: 0.8838, acc: 0.5820
loss: 0.8579, acc: 0.6106
loss: 0.8607, acc: 0.6128
loss: 0.8651, acc: 0.6019
loss: 0.8637, acc: 0.6038
loss: 0.8666, acc: 0.6070
loss: 0.8719, acc: 0.6020
loss: 0.8731, acc: 0.5988
loss: 0.8678, acc: 0.6016
loss: 0.8679, acc: 0.6050
loss: 0.8671, acc: 0.6040
loss: 0.8652, acc: 0.6037
loss: 0.8630, acc: 0.6071
loss: 0.8584, acc: 0.6082
> val_acc: 0.5298, val_f1: 0.4569
> best_val_acc: 0.5423, best_val_f1: 0.4705
>>>>>>>>>>>>>>>>>>>>>>>>>>>>>>>>>>>>>>>>>>>>>>>>>>>>>>>>>>>>>>>>>>>>>>>>>>>>>>>>>>>>>>>>>>>>>>>>>>>>
epoch: 25
loss: 0.8148, acc: 0.6813
loss: 0.8494, acc: 0.6344
loss: 0.8477, acc: 0.6333
loss: 0.8404, acc: 0.6297
loss: 0.8436, acc: 0.6312
loss: 0.8480, acc: 0.6292
loss: 0.8449, acc: 0.6295
loss: 0.8419, acc: 0.6328
loss: 0.8370, acc: 0.6368
loss: 0.8403, acc: 0.6344
loss: 0.8372, acc: 0.6369
loss: 0.8386, acc: 0.6349
loss: 0.8415, acc: 0.6308
loss: 0.8415, acc: 0.6286
> val_acc: 0.5204, val_f1: 0.4539
> best_val_acc: 0.5423, best_val_f1: 0.4705
>>>>>>>>>>>>>>>>>>>>>>>>>>>>>>>>>>>>>>>>>>>>>>>>>>>>>>>>>>>>>>>>>>>>>>>>>>>>>>>>>>>>>>>>>>>>>>>>>>>>
epoch: 26
loss: 0.9514, acc: 0.5469
loss: 0.8136, acc: 0.6295
loss: 0.8377, acc: 0.6172
loss: 0.8322, acc: 0.6232
loss: 0.8258, acc: 0.6207
loss: 0.8391, acc: 0.6111
loss: 0.8344, acc: 0.6133
loss: 0.8409, acc: 0.6115
loss: 0.8497, acc: 0.6101
loss: 0.8467, acc: 0.6130
loss: 0.8400, acc: 0.6172
loss: 0.8493, acc: 0.6102
loss: 0.8514, acc: 0.6079
loss: 0.8501, acc: 0.6101
loss: 0.8509, acc: 0.6068
> val_acc: 0.5251, val_f1: 0.4572
> best_val_acc: 0.5423, best_val_f1: 0.4705
>>>>>>>>>>>>>>>>>>>>>>>>>>>>>>>>>>>>>>>>>>>>>>>>>>>>>>>>>>>>>>>>>>>>>>>>>>>>>>>>>>>>>>>>>>>>>>>>>>>>
epoch: 27
loss: 0.8789, acc: 0.6016
loss: 0.8637, acc: 0.6076
loss: 0.8573, acc: 0.6094
loss: 0.8731, acc: 0.6036
loss: 0.8596, acc: 0.6107
loss: 0.8391, acc: 0.6218
loss: 0.8274, acc: 0.6268
loss: 0.8300, acc: 0.6274
loss: 0.8364, acc: 0.6250
loss: 0.8382, acc: 0.6212
loss: 0.8379, acc: 0.6256
loss: 0.8448, acc: 0.6229
loss: 0.8386, acc: 0.6245
loss: 0.8385, acc: 0.6214
> val_acc: 0.5125, val_f1: 0.4478
> best_val_acc: 0.5423, best_val_f1: 0.4705
>>>>>>>>>>>>>>>>>>>>>>>>>>>>>>>>>>>>>>>>>>>>>>>>>>>>>>>>>>>>>>>>>>>>>>>>>>>>>>>>>>>>>>>>>>>>>>>>>>>>
epoch: 28
loss: 0.7262, acc: 0.7188
loss: 0.8235, acc: 0.6458
loss: 0.8064, acc: 0.6534
loss: 0.8003, acc: 0.6621
loss: 0.8165, acc: 0.6503
loss: 0.8095, acc: 0.6478
loss: 0.8088, acc: 0.6512
loss: 0.8155, acc: 0.6519
loss: 0.8226, acc: 0.6402
loss: 0.8261, acc: 0.6447
loss: 0.8260, acc: 0.6434
loss: 0.8281, acc: 0.6395
loss: 0.8282, acc: 0.6347
loss: 0.8319, acc: 0.6316
loss: 0.8338, acc: 0.6290
> val_acc: 0.5266, val_f1: 0.4551
> best_val_acc: 0.5423, best_val_f1: 0.4705
>>>>>>>>>>>>>>>>>>>>>>>>>>>>>>>>>>>>>>>>>>>>>>>>>>>>>>>>>>>>>>>>>>>>>>>>>>>>>>>>>>>>>>>>>>>>>>>>>>>>
epoch: 29
loss: 0.8398, acc: 0.6146
loss: 0.8031, acc: 0.6328
loss: 0.8190, acc: 0.6082
loss: 0.8147, acc: 0.6163
loss: 0.8215, acc: 0.6101
loss: 0.8207, acc: 0.6228
loss: 0.8244, acc: 0.6241
loss: 0.8241, acc: 0.6242
loss: 0.8301, acc: 0.6214
loss: 0.8331, acc: 0.6191
loss: 0.8329, acc: 0.6215
loss: 0.8383, acc: 0.6164
loss: 0.8373, acc: 0.6161
loss: 0.8294, acc: 0.6241
loss: 0.8297, acc: 0.6246
> val_acc: 0.5141, val_f1: 0.4521
> best_val_acc: 0.5423, best_val_f1: 0.4705
>>>>>>>>>>>>>>>>>>>>>>>>>>>>>>>>>>>>>>>>>>>>>>>>>>>>>>>>>>>>>>>>>>>>>>>>>>>>>>>>>>>>>>>>>>>>>>>>>>>>
epoch: 30
loss: 0.8332, acc: 0.6188
loss: 0.8107, acc: 0.6500
loss: 0.8193, acc: 0.6417
loss: 0.8219, acc: 0.6391
loss: 0.8160, acc: 0.6350
loss: 0.8288, acc: 0.6281
loss: 0.8291, acc: 0.6277
loss: 0.8278, acc: 0.6289
loss: 0.8357, acc: 0.6222
loss: 0.8312, acc: 0.6275
loss: 0.8296, acc: 0.6318
loss: 0.8249, acc: 0.6365
loss: 0.8312, acc: 0.6293
loss: 0.8321, acc: 0.6268
> val_acc: 0.5110, val_f1: 0.4502
> best_val_acc: 0.5423, best_val_f1: 0.4705
>>>>>>>>>>>>>>>>>>>>>>>>>>>>>>>>>>>>>>>>>>>>>>>>>>>>>>>>>>>>>>>>>>>>>>>>>>>>>>>>>>>>>>>>>>>>>>>>>>>>
epoch: 31
loss: 0.7555, acc: 0.6094
loss: 0.7954, acc: 0.6339
loss: 0.7936, acc: 0.6536
loss: 0.8067, acc: 0.6360
loss: 0.8131, acc: 0.6250
loss: 0.8073, acc: 0.6296
loss: 0.8221, acc: 0.6211
loss: 0.8273, acc: 0.6157
loss: 0.8229, acc: 0.6131
loss: 0.8200, acc: 0.6150
loss: 0.8250, acc: 0.6148
loss: 0.8260, acc: 0.6168
loss: 0.8249, acc: 0.6154
loss: 0.8269, acc: 0.6143
loss: 0.8286, acc: 0.6146
> val_acc: 0.5110, val_f1: 0.4451
> best_val_acc: 0.5423, best_val_f1: 0.4705
>>>>>>>>>>>>>>>>>>>>>>>>>>>>>>>>>>>>>>>>>>>>>>>>>>>>>>>>>>>>>>>>>>>>>>>>>>>>>>>>>>>>>>>>>>>>>>>>>>>>
epoch: 32
loss: 0.8724, acc: 0.5938
loss: 0.8171, acc: 0.6389
loss: 0.8402, acc: 0.6071
loss: 0.8254, acc: 0.6234
loss: 0.8231, acc: 0.6250
loss: 0.8260, acc: 0.6228
loss: 0.8290, acc: 0.6268
loss: 0.8209, acc: 0.6354
loss: 0.8194, acc: 0.6371
loss: 0.8209, acc: 0.6365
loss: 0.8276, acc: 0.6325
loss: 0.8303, acc: 0.6314
loss: 0.8252, acc: 0.6357
loss: 0.8208, acc: 0.6399
> val_acc: 0.5063, val_f1: 0.4436
> best_val_acc: 0.5423, best_val_f1: 0.4705
>>>>>>>>>>>>>>>>>>>>>>>>>>>>>>>>>>>>>>>>>>>>>>>>>>>>>>>>>>>>>>>>>>>>>>>>>>>>>>>>>>>>>>>>>>>>>>>>>>>>
epoch: 33
loss: 0.9167, acc: 0.6562
loss: 0.7915, acc: 0.6458
loss: 0.8214, acc: 0.6364
loss: 0.8200, acc: 0.6289
loss: 0.8207, acc: 0.6250
loss: 0.8239, acc: 0.6214
loss: 0.8282, acc: 0.6280
loss: 0.8259, acc: 0.6241
loss: 0.8160, acc: 0.6319
loss: 0.8179, acc: 0.6304
loss: 0.8211, acc: 0.6324
loss: 0.8247, acc: 0.6289
loss: 0.8237, acc: 0.6286
loss: 0.8238, acc: 0.6288
loss: 0.8221, acc: 0.6307
> val_acc: 0.5110, val_f1: 0.4500
> best_val_acc: 0.5423, best_val_f1: 0.4705
>>>>>>>>>>>>>>>>>>>>>>>>>>>>>>>>>>>>>>>>>>>>>>>>>>>>>>>>>>>>>>>>>>>>>>>>>>>>>>>>>>>>>>>>>>>>>>>>>>>>
epoch: 34
loss: 0.8566, acc: 0.6354
loss: 0.8851, acc: 0.6289
loss: 0.8802, acc: 0.6082
loss: 0.8767, acc: 0.5972
loss: 0.8520, acc: 0.6114
loss: 0.8444, acc: 0.6150
loss: 0.8297, acc: 0.6278
loss: 0.8277, acc: 0.6225
loss: 0.8229, acc: 0.6250
loss: 0.8192, acc: 0.6243
loss: 0.8209, acc: 0.6221
loss: 0.8221, acc: 0.6223
loss: 0.8226, acc: 0.6195
loss: 0.8224, acc: 0.6204
loss: 0.8249, acc: 0.6198
> val_acc: 0.5235, val_f1: 0.4545
> best_val_acc: 0.5423, best_val_f1: 0.4705
>>>>>>>>>>>>>>>>>>>>>>>>>>>>>>>>>>>>>>>>>>>>>>>>>>>>>>>>>>>>>>>>>>>>>>>>>>>>>>>>>>>>>>>>>>>>>>>>>>>>
epoch: 35
loss: 0.8102, acc: 0.6687
loss: 0.8191, acc: 0.6375
loss: 0.8053, acc: 0.6333
loss: 0.8056, acc: 0.6422
loss: 0.8235, acc: 0.6300
loss: 0.8165, acc: 0.6260
loss: 0.8158, acc: 0.6259
loss: 0.8078, acc: 0.6312
loss: 0.8105, acc: 0.6271
loss: 0.8101, acc: 0.6256
loss: 0.8109, acc: 0.6278
loss: 0.8108, acc: 0.6271
loss: 0.8117, acc: 0.6288
loss: 0.8158, acc: 0.6281
> val_acc: 0.5282, val_f1: 0.4633
> best_val_acc: 0.5423, best_val_f1: 0.4705
>>>>>>>>>>>>>>>>>>>>>>>>>>>>>>>>>>>>>>>>>>>>>>>>>>>>>>>>>>>>>>>>>>>>>>>>>>>>>>>>>>>>>>>>>>>>>>>>>>>>
epoch: 36
loss: 0.9062, acc: 0.6094
loss: 0.8067, acc: 0.6518
loss: 0.7984, acc: 0.6562
loss: 0.8032, acc: 0.6526
loss: 0.8061, acc: 0.6506
loss: 0.8008, acc: 0.6481
loss: 0.7960, acc: 0.6553
loss: 0.8034, acc: 0.6529
loss: 0.8103, acc: 0.6443
loss: 0.8119, acc: 0.6436
loss: 0.8103, acc: 0.6472
loss: 0.8099, acc: 0.6436
loss: 0.8124, acc: 0.6426
loss: 0.8129, acc: 0.6413
loss: 0.8119, acc: 0.6415
> val_acc: 0.5219, val_f1: 0.4580
> best_val_acc: 0.5423, best_val_f1: 0.4705
>>>>>>>>>>>>>>>>>>>>>>>>>>>>>>>>>>>>>>>>>>>>>>>>>>>>>>>>>>>>>>>>>>>>>>>>>>>>>>>>>>>>>>>>>>>>>>>>>>>>
epoch: 37
loss: 0.7826, acc: 0.6484
loss: 0.7922, acc: 0.6354
loss: 0.8021, acc: 0.6250
loss: 0.7805, acc: 0.6266
loss: 0.7772, acc: 0.6302
loss: 0.7869, acc: 0.6272
loss: 0.7780, acc: 0.6397
loss: 0.7984, acc: 0.6314
loss: 0.8001, acc: 0.6328
loss: 0.8002, acc: 0.6327
loss: 0.8084, acc: 0.6256
loss: 0.8059, acc: 0.6271
loss: 0.8024, acc: 0.6318
loss: 0.8040, acc: 0.6300
> val_acc: 0.5329, val_f1: 0.4600
> best_val_acc: 0.5423, best_val_f1: 0.4705
>>>>>>>>>>>>>>>>>>>>>>>>>>>>>>>>>>>>>>>>>>>>>>>>>>>>>>>>>>>>>>>>>>>>>>>>>>>>>>>>>>>>>>>>>>>>>>>>>>>>
epoch: 38
loss: 0.8860, acc: 0.5938
loss: 0.7916, acc: 0.6719
loss: 0.8136, acc: 0.6392
loss: 0.8030, acc: 0.6504
loss: 0.8089, acc: 0.6399
loss: 0.8191, acc: 0.6370
loss: 0.8173, acc: 0.6371
loss: 0.8158, acc: 0.6398
loss: 0.8247, acc: 0.6341
loss: 0.8268, acc: 0.6318
loss: 0.8184, acc: 0.6354
loss: 0.8084, acc: 0.6445
loss: 0.8087, acc: 0.6409
loss: 0.8109, acc: 0.6383
loss: 0.8061, acc: 0.6404
> val_acc: 0.5361, val_f1: 0.4707
> best_val_acc: 0.5423, best_val_f1: 0.4705
>>>>>>>>>>>>>>>>>>>>>>>>>>>>>>>>>>>>>>>>>>>>>>>>>>>>>>>>>>>>>>>>>>>>>>>>>>>>>>>>>>>>>>>>>>>>>>>>>>>>
epoch: 39
loss: 0.8371, acc: 0.6042
loss: 0.7932, acc: 0.6719
loss: 0.8102, acc: 0.6514
loss: 0.7903, acc: 0.6597
loss: 0.7931, acc: 0.6549
loss: 0.7852, acc: 0.6585
loss: 0.7872, acc: 0.6544
loss: 0.7947, acc: 0.6472
loss: 0.7937, acc: 0.6475
loss: 0.7927, acc: 0.6523
loss: 0.7957, acc: 0.6474
loss: 0.8051, acc: 0.6428
loss: 0.8028, acc: 0.6429
loss: 0.8027, acc: 0.6420
loss: 0.8051, acc: 0.6387
> val_acc: 0.5329, val_f1: 0.4692
> best_val_acc: 0.5423, best_val_f1: 0.4707
>>>>>>>>>>>>>>>>>>>>>>>>>>>>>>>>>>>>>>>>>>>>>>>>>>>>>>>>>>>>>>>>>>>>>>>>>>>>>>>>>>>>>>>>>>>>>>>>>>>>
epoch: 40
loss: 0.8680, acc: 0.5938
loss: 0.8426, acc: 0.6062
loss: 0.8173, acc: 0.6312
loss: 0.8168, acc: 0.6328
loss: 0.8226, acc: 0.6275
loss: 0.8241, acc: 0.6292
loss: 0.8125, acc: 0.6384
loss: 0.8210, acc: 0.6305
loss: 0.8151, acc: 0.6347
loss: 0.8214, acc: 0.6319
loss: 0.8235, acc: 0.6307
loss: 0.8181, acc: 0.6349
loss: 0.8147, acc: 0.6351
loss: 0.8121, acc: 0.6348
> val_acc: 0.5345, val_f1: 0.4660
> best_val_acc: 0.5423, best_val_f1: 0.4707
>>>>>>>>>>>>>>>>>>>>>>>>>>>>>>>>>>>>>>>>>>>>>>>>>>>>>>>>>>>>>>>>>>>>>>>>>>>>>>>>>>>>>>>>>>>>>>>>>>>>
epoch: 41
loss: 0.8699, acc: 0.5781
loss: 0.8313, acc: 0.6071
loss: 0.8358, acc: 0.6016
loss: 0.8452, acc: 0.6066
loss: 0.8193, acc: 0.6207
loss: 0.8073, acc: 0.6296
loss: 0.8002, acc: 0.6377
loss: 0.7937, acc: 0.6360
loss: 0.7936, acc: 0.6347
loss: 0.7941, acc: 0.6370
loss: 0.8001, acc: 0.6328
loss: 0.7924, acc: 0.6371
loss: 0.7985, acc: 0.6326
loss: 0.7992, acc: 0.6339
loss: 0.7998, acc: 0.6324
> val_acc: 0.5345, val_f1: 0.4668
> best_val_acc: 0.5423, best_val_f1: 0.4707
>>>>>>>>>>>>>>>>>>>>>>>>>>>>>>>>>>>>>>>>>>>>>>>>>>>>>>>>>>>>>>>>>>>>>>>>>>>>>>>>>>>>>>>>>>>>>>>>>>>>
epoch: 42
loss: 0.8108, acc: 0.6875
loss: 0.8283, acc: 0.6562
loss: 0.8027, acc: 0.6674
loss: 0.8074, acc: 0.6546
loss: 0.8048, acc: 0.6458
loss: 0.7976, acc: 0.6476
loss: 0.7973, acc: 0.6406
loss: 0.7979, acc: 0.6394
loss: 0.7985, acc: 0.6371
loss: 0.7925, acc: 0.6409
loss: 0.7952, acc: 0.6395
loss: 0.7988, acc: 0.6382
loss: 0.7977, acc: 0.6387
loss: 0.8034, acc: 0.6359
> val_acc: 0.5251, val_f1: 0.4649
> best_val_acc: 0.5423, best_val_f1: 0.4707
>>>>>>>>>>>>>>>>>>>>>>>>>>>>>>>>>>>>>>>>>>>>>>>>>>>>>>>>>>>>>>>>>>>>>>>>>>>>>>>>>>>>>>>>>>>>>>>>>>>>
epoch: 43
loss: 0.8751, acc: 0.5625
loss: 0.7574, acc: 0.6927
loss: 0.7379, acc: 0.6989
loss: 0.7540, acc: 0.6816
loss: 0.7625, acc: 0.6607
loss: 0.7739, acc: 0.6526
loss: 0.7791, acc: 0.6522
loss: 0.7858, acc: 0.6519
loss: 0.7968, acc: 0.6463
loss: 0.8018, acc: 0.6427
loss: 0.7952, acc: 0.6483
loss: 0.7982, acc: 0.6456
loss: 0.7967, acc: 0.6470
loss: 0.7933, acc: 0.6496
loss: 0.7919, acc: 0.6496
> val_acc: 0.5251, val_f1: 0.4582
> best_val_acc: 0.5423, best_val_f1: 0.4707
>>>>>>>>>>>>>>>>>>>>>>>>>>>>>>>>>>>>>>>>>>>>>>>>>>>>>>>>>>>>>>>>>>>>>>>>>>>>>>>>>>>>>>>>>>>>>>>>>>>>
epoch: 44
loss: 0.7333, acc: 0.6979
loss: 0.7433, acc: 0.6562
loss: 0.7569, acc: 0.6562
loss: 0.7761, acc: 0.6528
loss: 0.7688, acc: 0.6535
loss: 0.7758, acc: 0.6507
loss: 0.7703, acc: 0.6506
loss: 0.7798, acc: 0.6488
loss: 0.7786, acc: 0.6504
loss: 0.7827, acc: 0.6465
loss: 0.7835, acc: 0.6504
loss: 0.7891, acc: 0.6476
loss: 0.7849, acc: 0.6448
loss: 0.7870, acc: 0.6461
loss: 0.7900, acc: 0.6439
> val_acc: 0.5361, val_f1: 0.4663
> best_val_acc: 0.5423, best_val_f1: 0.4707
>>>>>>>>>>>>>>>>>>>>>>>>>>>>>>>>>>>>>>>>>>>>>>>>>>>>>>>>>>>>>>>>>>>>>>>>>>>>>>>>>>>>>>>>>>>>>>>>>>>>
epoch: 45
loss: 0.7292, acc: 0.7375
loss: 0.7483, acc: 0.6875
loss: 0.7415, acc: 0.6917
loss: 0.7833, acc: 0.6672
loss: 0.7993, acc: 0.6625
loss: 0.7945, acc: 0.6562
loss: 0.7784, acc: 0.6652
loss: 0.7881, acc: 0.6641
loss: 0.7859, acc: 0.6674
loss: 0.7922, acc: 0.6625
loss: 0.7997, acc: 0.6540
loss: 0.7956, acc: 0.6557
loss: 0.7986, acc: 0.6519
loss: 0.7953, acc: 0.6527
> val_acc: 0.5313, val_f1: 0.4695
> best_val_acc: 0.5423, best_val_f1: 0.4707
>>>>>>>>>>>>>>>>>>>>>>>>>>>>>>>>>>>>>>>>>>>>>>>>>>>>>>>>>>>>>>>>>>>>>>>>>>>>>>>>>>>>>>>>>>>>>>>>>>>>
epoch: 46
loss: 0.6423, acc: 0.7500
loss: 0.7098, acc: 0.7054
loss: 0.7288, acc: 0.6719
loss: 0.7574, acc: 0.6618
loss: 0.7610, acc: 0.6648
loss: 0.7693, acc: 0.6609
loss: 0.7681, acc: 0.6631
loss: 0.7850, acc: 0.6486
loss: 0.7900, acc: 0.6436
loss: 0.7889, acc: 0.6476
loss: 0.7917, acc: 0.6490
loss: 0.7861, acc: 0.6546
loss: 0.7908, acc: 0.6497
loss: 0.7920, acc: 0.6483
loss: 0.7963, acc: 0.6454
> val_acc: 0.5282, val_f1: 0.4642
> best_val_acc: 0.5423, best_val_f1: 0.4707
>>>>>>>>>>>>>>>>>>>>>>>>>>>>>>>>>>>>>>>>>>>>>>>>>>>>>>>>>>>>>>>>>>>>>>>>>>>>>>>>>>>>>>>>>>>>>>>>>>>>
epoch: 47
loss: 0.8023, acc: 0.6484
loss: 0.8331, acc: 0.6215
loss: 0.8085, acc: 0.6317
loss: 0.8070, acc: 0.6316
loss: 0.7983, acc: 0.6419
loss: 0.7979, acc: 0.6325
loss: 0.8021, acc: 0.6333
loss: 0.8027, acc: 0.6346
loss: 0.7925, acc: 0.6420
loss: 0.7912, acc: 0.6403
loss: 0.7992, acc: 0.6372
loss: 0.7971, acc: 0.6382
loss: 0.7954, acc: 0.6387
loss: 0.7903, acc: 0.6436
> val_acc: 0.5219, val_f1: 0.4544
> best_val_acc: 0.5423, best_val_f1: 0.4707
>>>>>>>>>>>>>>>>>>>>>>>>>>>>>>>>>>>>>>>>>>>>>>>>>>>>>>>>>>>>>>>>>>>>>>>>>>>>>>>>>>>>>>>>>>>>>>>>>>>>
epoch: 48
loss: 0.7301, acc: 0.6562
loss: 0.7846, acc: 0.6146
loss: 0.7583, acc: 0.6591
loss: 0.7762, acc: 0.6465
loss: 0.7761, acc: 0.6518
loss: 0.7794, acc: 0.6514
loss: 0.7857, acc: 0.6452
loss: 0.7926, acc: 0.6363
loss: 0.7909, acc: 0.6326
loss: 0.7889, acc: 0.6325
loss: 0.7903, acc: 0.6379
loss: 0.7854, acc: 0.6434
loss: 0.7900, acc: 0.6445
loss: 0.7959, acc: 0.6392
loss: 0.7900, acc: 0.6439
> val_acc: 0.5219, val_f1: 0.4559
> best_val_acc: 0.5423, best_val_f1: 0.4707
>>>>>>>>>>>>>>>>>>>>>>>>>>>>>>>>>>>>>>>>>>>>>>>>>>>>>>>>>>>>>>>>>>>>>>>>>>>>>>>>>>>>>>>>>>>>>>>>>>>>
epoch: 49
loss: 0.8033, acc: 0.6562
loss: 0.7537, acc: 0.6758
loss: 0.7574, acc: 0.6635
loss: 0.7596, acc: 0.6597
loss: 0.7621, acc: 0.6590
loss: 0.7732, acc: 0.6562
loss: 0.7819, acc: 0.6487
loss: 0.7747, acc: 0.6505
loss: 0.7801, acc: 0.6490
loss: 0.7767, acc: 0.6491
loss: 0.7798, acc: 0.6462
loss: 0.7778, acc: 0.6503
loss: 0.7890, acc: 0.6404
loss: 0.7891, acc: 0.6425
loss: 0.7798, acc: 0.6499
> val_acc: 0.5172, val_f1: 0.4503
> best_val_acc: 0.5423, best_val_f1: 0.4707
>> test_acc: 0.5423, test_f1: 0.4705
