cuda memory allocated: 7546368
n_trainable_params: 1439803, n_nontrainable_params: 442532
> training arguments:
>>> model_name: igcn_embed
>>> model_ver: 3
>>> dataset: restaurant
>>> optimizer: <class 'torch.optim.adam.Adam'>
>>> initializer: <function xavier_uniform_ at 0x0000020169AC3E18>
>>> learning_rate: 0.0003
>>> momentum: 0.95
>>> dropout: 0.35
>>> l2reg: 5e-05
>>> num_epoch: 30
>>> batch_size: 32
>>> log_step: 5
>>> embed_dim: 136
>>> hidden_dim: 300
>>> bert_dim: 768
>>> pretrained_bert_name: bert-base-uncased
>>> embeddings: d
>>> max_seq_len: 180
>>> polarities_dim: 3
>>> hops: 3
>>> device: cuda
>>> seed: 0
>>> valset_ratio: 0
>>> num_layers: 1
>>> in_channels: 100
>>> out_channels: 1
>>> downbot: 20
>>> kernel_size: 3
>>> position_dim: 100
>>> gating: GTU
>>> stanford_pos_model: C:/NLP_Programs/stanford-postagger-2018-10-16/models/english-bidirectional-distsim.tagger
>>> stanford_pos_jar: C:/NLP_Programs/stanford-postagger-2018-10-16/stanford-postagger.jar
>>> glove_path: ./embeddings/glove.840B.300d.txt
>>> embedding_matrix_path: gen_data/embeddings/100_restaurant_domain_embedding_matrix.dat
>>> model_class: <class 'models.igcn.IGCN'>
>>> dataset_file: {'train': './datasets/semeval14/Restaurants_Train.xml.seg', 'test': './datasets/semeval14/Restaurants_Test_Gold.xml.seg'}
>>> inputs_cols: ['text_raw_indices', 'aspect_indices', 'pos_indices', 'aspect_pos_indices', 'position_indices']
>>>>>>>>>>>>>>>>>>>>>>>>>>>>>>>>>>>>>>>>>>>>>>>>>>>>>>>>>>>>>>>>>>>>>>>>>>>>>>>>>>>>>>>>>>>>>>>>>>>>
epoch: 0
loss: 1.0257, acc: 0.5000
loss: 1.0271, acc: 0.5125
loss: 1.0051, acc: 0.5417
loss: 0.9953, acc: 0.5578
loss: 0.9835, acc: 0.5650
loss: 0.9716, acc: 0.5698
loss: 0.9555, acc: 0.5830
loss: 0.9501, acc: 0.5867
loss: 0.9519, acc: 0.5826
loss: 0.9431, acc: 0.5875
loss: 0.9468, acc: 0.5841
loss: 0.9474, acc: 0.5818
loss: 0.9400, acc: 0.5865
loss: 0.9326, acc: 0.5929
loss: 0.9331, acc: 0.5929
loss: 0.9344, acc: 0.5914
loss: 0.9302, acc: 0.5938
loss: 0.9269, acc: 0.5934
loss: 0.9230, acc: 0.5944
loss: 0.9192, acc: 0.5956
loss: 0.9153, acc: 0.5973
loss: 0.9108, acc: 0.5997
> val_acc: 0.6902, val_f1: 0.4106
> best_val_acc: 0.0000, best_val_f1: 0.0000
>> saved: state_dict/igcn_embed_restaurant_val_acc0.6902
>>>>>>>>>>>>>>>>>>>>>>>>>>>>>>>>>>>>>>>>>>>>>>>>>>>>>>>>>>>>>>>>>>>>>>>>>>>>>>>>>>>>>>>>>>>>>>>>>>>>
epoch: 1
loss: 0.7891, acc: 0.5938
loss: 0.8148, acc: 0.5938
loss: 0.8138, acc: 0.6146
loss: 0.8166, acc: 0.6121
loss: 0.7973, acc: 0.6236
loss: 0.7868, acc: 0.6354
loss: 0.7891, acc: 0.6367
loss: 0.7775, acc: 0.6470
loss: 0.7731, acc: 0.6481
loss: 0.7723, acc: 0.6503
loss: 0.7692, acc: 0.6575
loss: 0.7720, acc: 0.6552
loss: 0.7633, acc: 0.6608
loss: 0.7579, acc: 0.6656
loss: 0.7566, acc: 0.6667
loss: 0.7537, acc: 0.6692
loss: 0.7509, acc: 0.6719
loss: 0.7461, acc: 0.6739
loss: 0.7432, acc: 0.6743
loss: 0.7408, acc: 0.6762
loss: 0.7441, acc: 0.6752
loss: 0.7427, acc: 0.6755
loss: 0.7456, acc: 0.6727
> val_acc: 0.7759, val_f1: 0.6332
> best_val_acc: 0.6902, best_val_f1: 0.4106
>> saved: state_dict/igcn_embed_restaurant_val_acc0.7759
>>>>>>>>>>>>>>>>>>>>>>>>>>>>>>>>>>>>>>>>>>>>>>>>>>>>>>>>>>>>>>>>>>>>>>>>>>>>>>>>>>>>>>>>>>>>>>>>>>>>
epoch: 2
loss: 0.6523, acc: 0.7422
loss: 0.6721, acc: 0.7083
loss: 0.6517, acc: 0.7121
loss: 0.6707, acc: 0.7237
loss: 0.6731, acc: 0.7188
loss: 0.6725, acc: 0.7188
loss: 0.6642, acc: 0.7252
loss: 0.6638, acc: 0.7260
loss: 0.6578, acc: 0.7294
loss: 0.6613, acc: 0.7290
loss: 0.6578, acc: 0.7280
loss: 0.6545, acc: 0.7320
loss: 0.6601, acc: 0.7285
loss: 0.6513, acc: 0.7332
loss: 0.6564, acc: 0.7306
loss: 0.6558, acc: 0.7322
loss: 0.6545, acc: 0.7310
loss: 0.6564, acc: 0.7272
loss: 0.6527, acc: 0.7311
loss: 0.6565, acc: 0.7295
loss: 0.6524, acc: 0.7314
loss: 0.6535, acc: 0.7319
> val_acc: 0.7759, val_f1: 0.6367
> best_val_acc: 0.7759, best_val_f1: 0.6332
>>>>>>>>>>>>>>>>>>>>>>>>>>>>>>>>>>>>>>>>>>>>>>>>>>>>>>>>>>>>>>>>>>>>>>>>>>>>>>>>>>>>>>>>>>>>>>>>>>>>
epoch: 3
loss: 0.6549, acc: 0.7500
loss: 0.6299, acc: 0.7552
loss: 0.6113, acc: 0.7727
loss: 0.6073, acc: 0.7754
loss: 0.6059, acc: 0.7708
loss: 0.6062, acc: 0.7656
loss: 0.6088, acc: 0.7631
loss: 0.6122, acc: 0.7630
loss: 0.6155, acc: 0.7576
loss: 0.6196, acc: 0.7541
loss: 0.6124, acc: 0.7586
loss: 0.6038, acc: 0.7628
loss: 0.6017, acc: 0.7643
loss: 0.6068, acc: 0.7618
loss: 0.6071, acc: 0.7606
loss: 0.6102, acc: 0.7603
loss: 0.6133, acc: 0.7566
loss: 0.6066, acc: 0.7584
loss: 0.6083, acc: 0.7579
loss: 0.6074, acc: 0.7572
loss: 0.6036, acc: 0.7580
loss: 0.6046, acc: 0.7562
loss: 0.6014, acc: 0.7562
> val_acc: 0.7795, val_f1: 0.6469
> best_val_acc: 0.7759, best_val_f1: 0.6367
>> saved: state_dict/igcn_embed_restaurant_val_acc0.7795
>>>>>>>>>>>>>>>>>>>>>>>>>>>>>>>>>>>>>>>>>>>>>>>>>>>>>>>>>>>>>>>>>>>>>>>>>>>>>>>>>>>>>>>>>>>>>>>>>>>>
epoch: 4
loss: 0.5516, acc: 0.7604
loss: 0.5828, acc: 0.7617
loss: 0.5758, acc: 0.7692
loss: 0.5857, acc: 0.7656
loss: 0.5957, acc: 0.7541
loss: 0.6050, acc: 0.7489
loss: 0.6024, acc: 0.7472
loss: 0.5990, acc: 0.7467
loss: 0.6004, acc: 0.7471
loss: 0.5936, acc: 0.7487
loss: 0.6034, acc: 0.7429
loss: 0.5966, acc: 0.7478
loss: 0.5971, acc: 0.7490
loss: 0.5910, acc: 0.7509
loss: 0.5868, acc: 0.7543
loss: 0.5821, acc: 0.7564
loss: 0.5813, acc: 0.7572
loss: 0.5761, acc: 0.7607
loss: 0.5700, acc: 0.7634
loss: 0.5711, acc: 0.7650
loss: 0.5706, acc: 0.7643
loss: 0.5722, acc: 0.7633
loss: 0.5728, acc: 0.7627
> val_acc: 0.7955, val_f1: 0.6814
> best_val_acc: 0.7795, best_val_f1: 0.6469
>> saved: state_dict/igcn_embed_restaurant_val_acc0.7955
>>>>>>>>>>>>>>>>>>>>>>>>>>>>>>>>>>>>>>>>>>>>>>>>>>>>>>>>>>>>>>>>>>>>>>>>>>>>>>>>>>>>>>>>>>>>>>>>>>>>
epoch: 5
loss: 0.5986, acc: 0.7688
loss: 0.5629, acc: 0.7781
loss: 0.5288, acc: 0.7979
loss: 0.5196, acc: 0.7922
loss: 0.5286, acc: 0.7850
loss: 0.5245, acc: 0.7906
loss: 0.5273, acc: 0.7893
loss: 0.5224, acc: 0.7953
loss: 0.5309, acc: 0.7931
loss: 0.5349, acc: 0.7894
loss: 0.5372, acc: 0.7875
loss: 0.5347, acc: 0.7891
loss: 0.5390, acc: 0.7851
loss: 0.5398, acc: 0.7844
loss: 0.5532, acc: 0.7800
loss: 0.5468, acc: 0.7832
loss: 0.5475, acc: 0.7824
loss: 0.5479, acc: 0.7826
loss: 0.5477, acc: 0.7839
loss: 0.5483, acc: 0.7844
loss: 0.5505, acc: 0.7830
loss: 0.5524, acc: 0.7832
> val_acc: 0.8045, val_f1: 0.6905
> best_val_acc: 0.7955, best_val_f1: 0.6814
>> saved: state_dict/igcn_embed_restaurant_val_acc0.8045
>>>>>>>>>>>>>>>>>>>>>>>>>>>>>>>>>>>>>>>>>>>>>>>>>>>>>>>>>>>>>>>>>>>>>>>>>>>>>>>>>>>>>>>>>>>>>>>>>>>>
epoch: 6
loss: 0.5683, acc: 0.7969
loss: 0.4961, acc: 0.8170
loss: 0.5095, acc: 0.8047
loss: 0.5431, acc: 0.7849
loss: 0.5371, acc: 0.7827
loss: 0.5326, acc: 0.7870
loss: 0.5252, acc: 0.7930
loss: 0.5183, acc: 0.7948
loss: 0.5221, acc: 0.7946
loss: 0.5274, acc: 0.7886
loss: 0.5186, acc: 0.7915
loss: 0.5195, acc: 0.7933
loss: 0.5204, acc: 0.7913
loss: 0.5141, acc: 0.7962
loss: 0.5167, acc: 0.7930
loss: 0.5168, acc: 0.7942
loss: 0.5198, acc: 0.7927
loss: 0.5197, acc: 0.7924
loss: 0.5187, acc: 0.7945
loss: 0.5186, acc: 0.7954
loss: 0.5216, acc: 0.7926
loss: 0.5213, acc: 0.7923
loss: 0.5214, acc: 0.7932
> val_acc: 0.8045, val_f1: 0.6904
> best_val_acc: 0.8045, best_val_f1: 0.6905
>>>>>>>>>>>>>>>>>>>>>>>>>>>>>>>>>>>>>>>>>>>>>>>>>>>>>>>>>>>>>>>>>>>>>>>>>>>>>>>>>>>>>>>>>>>>>>>>>>>>
epoch: 7
loss: 0.5529, acc: 0.7812
loss: 0.4958, acc: 0.8056
loss: 0.4718, acc: 0.8147
loss: 0.4759, acc: 0.8191
loss: 0.4810, acc: 0.8138
loss: 0.4801, acc: 0.8168
loss: 0.4886, acc: 0.8125
loss: 0.4906, acc: 0.8101
loss: 0.4948, acc: 0.8082
loss: 0.4982, acc: 0.8080
loss: 0.4999, acc: 0.8067
loss: 0.4968, acc: 0.8072
loss: 0.4932, acc: 0.8081
loss: 0.4923, acc: 0.8071
loss: 0.4898, acc: 0.8079
loss: 0.4911, acc: 0.8058
loss: 0.4899, acc: 0.8080
loss: 0.4888, acc: 0.8086
loss: 0.4871, acc: 0.8075
loss: 0.4897, acc: 0.8046
loss: 0.4893, acc: 0.8053
loss: 0.4903, acc: 0.8048
> val_acc: 0.7920, val_f1: 0.6639
> best_val_acc: 0.8045, best_val_f1: 0.6905
>>>>>>>>>>>>>>>>>>>>>>>>>>>>>>>>>>>>>>>>>>>>>>>>>>>>>>>>>>>>>>>>>>>>>>>>>>>>>>>>>>>>>>>>>>>>>>>>>>>>
epoch: 8
loss: 0.6663, acc: 0.6562
loss: 0.4641, acc: 0.7865
loss: 0.4624, acc: 0.8210
loss: 0.4609, acc: 0.8242
loss: 0.4750, acc: 0.8170
loss: 0.4672, acc: 0.8149
loss: 0.4576, acc: 0.8185
loss: 0.4602, acc: 0.8186
loss: 0.4624, acc: 0.8163
loss: 0.4583, acc: 0.8166
loss: 0.4516, acc: 0.8205
loss: 0.4632, acc: 0.8125
loss: 0.4627, acc: 0.8120
loss: 0.4603, acc: 0.8125
loss: 0.4580, acc: 0.8134
loss: 0.4563, acc: 0.8146
loss: 0.4573, acc: 0.8148
loss: 0.4602, acc: 0.8140
loss: 0.4625, acc: 0.8125
loss: 0.4606, acc: 0.8135
loss: 0.4634, acc: 0.8144
loss: 0.4657, acc: 0.8125
loss: 0.4673, acc: 0.8122
> val_acc: 0.8036, val_f1: 0.6948
> best_val_acc: 0.8045, best_val_f1: 0.6905
>>>>>>>>>>>>>>>>>>>>>>>>>>>>>>>>>>>>>>>>>>>>>>>>>>>>>>>>>>>>>>>>>>>>>>>>>>>>>>>>>>>>>>>>>>>>>>>>>>>>
epoch: 9
loss: 0.3927, acc: 0.8646
loss: 0.3719, acc: 0.8828
loss: 0.4105, acc: 0.8582
loss: 0.4103, acc: 0.8611
loss: 0.4225, acc: 0.8478
loss: 0.4334, acc: 0.8482
loss: 0.4349, acc: 0.8409
loss: 0.4375, acc: 0.8380
loss: 0.4379, acc: 0.8350
loss: 0.4375, acc: 0.8366
loss: 0.4377, acc: 0.8337
loss: 0.4362, acc: 0.8346
loss: 0.4361, acc: 0.8343
loss: 0.4403, acc: 0.8304
loss: 0.4386, acc: 0.8309
loss: 0.4400, acc: 0.8317
loss: 0.4376, acc: 0.8325
loss: 0.4389, acc: 0.8320
loss: 0.4378, acc: 0.8330
loss: 0.4389, acc: 0.8342
loss: 0.4404, acc: 0.8331
loss: 0.4398, acc: 0.8330
loss: 0.4419, acc: 0.8309
> val_acc: 0.7982, val_f1: 0.7057
> best_val_acc: 0.8045, best_val_f1: 0.6948
>>>>>>>>>>>>>>>>>>>>>>>>>>>>>>>>>>>>>>>>>>>>>>>>>>>>>>>>>>>>>>>>>>>>>>>>>>>>>>>>>>>>>>>>>>>>>>>>>>>>
epoch: 10
loss: 0.3906, acc: 0.8500
loss: 0.3645, acc: 0.8750
loss: 0.3886, acc: 0.8667
loss: 0.4011, acc: 0.8578
loss: 0.3963, acc: 0.8612
loss: 0.3902, acc: 0.8677
loss: 0.4112, acc: 0.8554
loss: 0.4145, acc: 0.8539
loss: 0.4158, acc: 0.8528
loss: 0.4087, acc: 0.8569
loss: 0.4205, acc: 0.8489
loss: 0.4194, acc: 0.8479
loss: 0.4181, acc: 0.8490
loss: 0.4176, acc: 0.8496
loss: 0.4135, acc: 0.8521
loss: 0.4109, acc: 0.8535
loss: 0.4111, acc: 0.8515
loss: 0.4086, acc: 0.8514
loss: 0.4106, acc: 0.8507
loss: 0.4139, acc: 0.8478
loss: 0.4171, acc: 0.8464
loss: 0.4150, acc: 0.8480
> val_acc: 0.7991, val_f1: 0.6816
> best_val_acc: 0.8045, best_val_f1: 0.7057
>>>>>>>>>>>>>>>>>>>>>>>>>>>>>>>>>>>>>>>>>>>>>>>>>>>>>>>>>>>>>>>>>>>>>>>>>>>>>>>>>>>>>>>>>>>>>>>>>>>>
epoch: 11
loss: 0.3882, acc: 0.8438
loss: 0.4101, acc: 0.8348
loss: 0.3931, acc: 0.8438
loss: 0.3931, acc: 0.8401
loss: 0.3968, acc: 0.8395
loss: 0.3991, acc: 0.8449
loss: 0.4146, acc: 0.8389
loss: 0.4059, acc: 0.8429
loss: 0.4009, acc: 0.8452
loss: 0.4027, acc: 0.8438
loss: 0.4057, acc: 0.8431
loss: 0.4066, acc: 0.8421
loss: 0.3966, acc: 0.8483
loss: 0.4055, acc: 0.8447
loss: 0.4024, acc: 0.8451
loss: 0.4000, acc: 0.8458
loss: 0.3929, acc: 0.8479
loss: 0.3935, acc: 0.8452
loss: 0.3965, acc: 0.8448
loss: 0.3936, acc: 0.8466
loss: 0.3924, acc: 0.8477
loss: 0.3931, acc: 0.8475
loss: 0.3921, acc: 0.8479
> val_acc: 0.7973, val_f1: 0.7058
> best_val_acc: 0.8045, best_val_f1: 0.7057
>>>>>>>>>>>>>>>>>>>>>>>>>>>>>>>>>>>>>>>>>>>>>>>>>>>>>>>>>>>>>>>>>>>>>>>>>>>>>>>>>>>>>>>>>>>>>>>>>>>>
epoch: 12
loss: 0.3334, acc: 0.9141
loss: 0.3694, acc: 0.8785
loss: 0.3653, acc: 0.8795
loss: 0.3650, acc: 0.8816
loss: 0.3634, acc: 0.8789
loss: 0.3585, acc: 0.8761
loss: 0.3461, acc: 0.8860
loss: 0.3482, acc: 0.8862
loss: 0.3518, acc: 0.8793
loss: 0.3529, acc: 0.8769
loss: 0.3483, acc: 0.8785
loss: 0.3497, acc: 0.8766
loss: 0.3457, acc: 0.8794
loss: 0.3473, acc: 0.8786
loss: 0.3456, acc: 0.8771
loss: 0.3478, acc: 0.8746
loss: 0.3477, acc: 0.8735
loss: 0.3447, acc: 0.8739
loss: 0.3523, acc: 0.8717
loss: 0.3569, acc: 0.8684
loss: 0.3566, acc: 0.8690
loss: 0.3584, acc: 0.8681
> val_acc: 0.7937, val_f1: 0.6928
> best_val_acc: 0.8045, best_val_f1: 0.7058
>>>>>>>>>>>>>>>>>>>>>>>>>>>>>>>>>>>>>>>>>>>>>>>>>>>>>>>>>>>>>>>>>>>>>>>>>>>>>>>>>>>>>>>>>>>>>>>>>>>>
epoch: 13
loss: 0.5109, acc: 0.8750
loss: 0.3549, acc: 0.8542
loss: 0.3638, acc: 0.8551
loss: 0.3614, acc: 0.8574
loss: 0.3769, acc: 0.8557
loss: 0.3673, acc: 0.8606
loss: 0.3577, acc: 0.8639
loss: 0.3582, acc: 0.8628
loss: 0.3512, acc: 0.8666
loss: 0.3482, acc: 0.8709
loss: 0.3453, acc: 0.8701
loss: 0.3508, acc: 0.8683
loss: 0.3462, acc: 0.8714
loss: 0.3463, acc: 0.8712
loss: 0.3409, acc: 0.8732
loss: 0.3421, acc: 0.8758
loss: 0.3389, acc: 0.8773
loss: 0.3379, acc: 0.8779
loss: 0.3418, acc: 0.8747
loss: 0.3399, acc: 0.8773
loss: 0.3379, acc: 0.8778
loss: 0.3375, acc: 0.8777
loss: 0.3383, acc: 0.8761
> val_acc: 0.8018, val_f1: 0.6963
> best_val_acc: 0.8045, best_val_f1: 0.7058
>>>>>>>>>>>>>>>>>>>>>>>>>>>>>>>>>>>>>>>>>>>>>>>>>>>>>>>>>>>>>>>>>>>>>>>>>>>>>>>>>>>>>>>>>>>>>>>>>>>>
epoch: 14
loss: 0.2540, acc: 0.9479
loss: 0.2766, acc: 0.9258
loss: 0.2810, acc: 0.9207
loss: 0.2827, acc: 0.9097
loss: 0.3006, acc: 0.9062
loss: 0.2941, acc: 0.9107
loss: 0.2938, acc: 0.9091
loss: 0.2951, acc: 0.9071
loss: 0.2948, acc: 0.9048
loss: 0.2933, acc: 0.9043
loss: 0.2890, acc: 0.9051
loss: 0.2854, acc: 0.9041
loss: 0.2913, acc: 0.8998
loss: 0.2896, acc: 0.8998
loss: 0.2871, acc: 0.9015
loss: 0.2830, acc: 0.9038
loss: 0.2842, acc: 0.9021
loss: 0.2888, acc: 0.8991
loss: 0.2927, acc: 0.8962
loss: 0.2973, acc: 0.8935
loss: 0.2973, acc: 0.8926
loss: 0.2995, acc: 0.8915
loss: 0.2985, acc: 0.8911
> val_acc: 0.7964, val_f1: 0.6836
> best_val_acc: 0.8045, best_val_f1: 0.7058
>>>>>>>>>>>>>>>>>>>>>>>>>>>>>>>>>>>>>>>>>>>>>>>>>>>>>>>>>>>>>>>>>>>>>>>>>>>>>>>>>>>>>>>>>>>>>>>>>>>>
epoch: 15
loss: 0.2504, acc: 0.9187
loss: 0.2876, acc: 0.8969
loss: 0.2836, acc: 0.9021
loss: 0.2859, acc: 0.9047
loss: 0.2818, acc: 0.9062
loss: 0.2757, acc: 0.9104
loss: 0.2748, acc: 0.9089
loss: 0.2755, acc: 0.9086
loss: 0.2659, acc: 0.9139
loss: 0.2673, acc: 0.9144
loss: 0.2737, acc: 0.9097
loss: 0.2758, acc: 0.9068
loss: 0.2772, acc: 0.9062
loss: 0.2743, acc: 0.9085
loss: 0.2780, acc: 0.9054
loss: 0.2745, acc: 0.9062
loss: 0.2716, acc: 0.9077
loss: 0.2717, acc: 0.9073
loss: 0.2702, acc: 0.9069
loss: 0.2742, acc: 0.9047
loss: 0.2739, acc: 0.9051
loss: 0.2737, acc: 0.9057
> val_acc: 0.8018, val_f1: 0.6837
> best_val_acc: 0.8045, best_val_f1: 0.7058
>>>>>>>>>>>>>>>>>>>>>>>>>>>>>>>>>>>>>>>>>>>>>>>>>>>>>>>>>>>>>>>>>>>>>>>>>>>>>>>>>>>>>>>>>>>>>>>>>>>>
epoch: 16
loss: 0.3300, acc: 0.8281
loss: 0.2485, acc: 0.9196
loss: 0.2503, acc: 0.9245
loss: 0.2360, acc: 0.9283
loss: 0.2261, acc: 0.9318
loss: 0.2374, acc: 0.9282
loss: 0.2460, acc: 0.9277
loss: 0.2485, acc: 0.9248
loss: 0.2476, acc: 0.9226
loss: 0.2455, acc: 0.9235
loss: 0.2475, acc: 0.9207
loss: 0.2444, acc: 0.9221
loss: 0.2487, acc: 0.9189
loss: 0.2448, acc: 0.9202
loss: 0.2480, acc: 0.9184
loss: 0.2522, acc: 0.9168
loss: 0.2492, acc: 0.9169
loss: 0.2475, acc: 0.9177
loss: 0.2454, acc: 0.9185
loss: 0.2437, acc: 0.9198
loss: 0.2467, acc: 0.9188
loss: 0.2475, acc: 0.9191
loss: 0.2450, acc: 0.9205
> val_acc: 0.7920, val_f1: 0.6657
> best_val_acc: 0.8045, best_val_f1: 0.7058
>>>>>>>>>>>>>>>>>>>>>>>>>>>>>>>>>>>>>>>>>>>>>>>>>>>>>>>>>>>>>>>>>>>>>>>>>>>>>>>>>>>>>>>>>>>>>>>>>>>>
epoch: 17
loss: 0.1965, acc: 0.9453
loss: 0.2216, acc: 0.9201
loss: 0.2346, acc: 0.9219
loss: 0.2232, acc: 0.9260
loss: 0.2149, acc: 0.9310
loss: 0.2348, acc: 0.9256
loss: 0.2344, acc: 0.9274
loss: 0.2357, acc: 0.9287
loss: 0.2358, acc: 0.9261
loss: 0.2319, acc: 0.9260
loss: 0.2326, acc: 0.9248
loss: 0.2279, acc: 0.9264
loss: 0.2253, acc: 0.9287
loss: 0.2279, acc: 0.9284
loss: 0.2271, acc: 0.9274
loss: 0.2291, acc: 0.9264
loss: 0.2284, acc: 0.9256
loss: 0.2258, acc: 0.9273
loss: 0.2246, acc: 0.9279
loss: 0.2230, acc: 0.9290
loss: 0.2234, acc: 0.9276
loss: 0.2212, acc: 0.9283
> val_acc: 0.7964, val_f1: 0.6743
> best_val_acc: 0.8045, best_val_f1: 0.7058
>>>>>>>>>>>>>>>>>>>>>>>>>>>>>>>>>>>>>>>>>>>>>>>>>>>>>>>>>>>>>>>>>>>>>>>>>>>>>>>>>>>>>>>>>>>>>>>>>>>>
epoch: 18
loss: 0.1599, acc: 0.9062
loss: 0.1854, acc: 0.9375
loss: 0.1798, acc: 0.9403
loss: 0.1906, acc: 0.9355
loss: 0.2041, acc: 0.9301
loss: 0.2047, acc: 0.9303
loss: 0.1991, acc: 0.9335
loss: 0.1937, acc: 0.9340
loss: 0.1893, acc: 0.9360
loss: 0.1887, acc: 0.9368
loss: 0.1930, acc: 0.9369
loss: 0.1914, acc: 0.9386
loss: 0.1929, acc: 0.9380
loss: 0.1935, acc: 0.9370
loss: 0.1942, acc: 0.9375
loss: 0.1949, acc: 0.9371
loss: 0.1932, acc: 0.9367
loss: 0.1930, acc: 0.9382
loss: 0.1944, acc: 0.9375
loss: 0.1952, acc: 0.9368
loss: 0.1950, acc: 0.9363
loss: 0.1961, acc: 0.9360
loss: 0.1967, acc: 0.9358
> val_acc: 0.7920, val_f1: 0.6966
> best_val_acc: 0.8045, best_val_f1: 0.7058
>>>>>>>>>>>>>>>>>>>>>>>>>>>>>>>>>>>>>>>>>>>>>>>>>>>>>>>>>>>>>>>>>>>>>>>>>>>>>>>>>>>>>>>>>>>>>>>>>>>>
epoch: 19
loss: 0.1561, acc: 0.9375
loss: 0.1817, acc: 0.9414
loss: 0.1744, acc: 0.9423
loss: 0.1609, acc: 0.9531
loss: 0.1501, acc: 0.9565
loss: 0.1481, acc: 0.9554
loss: 0.1579, acc: 0.9517
loss: 0.1587, acc: 0.9539
loss: 0.1595, acc: 0.9520
loss: 0.1671, acc: 0.9486
loss: 0.1658, acc: 0.9499
loss: 0.1695, acc: 0.9494
loss: 0.1689, acc: 0.9499
loss: 0.1689, acc: 0.9494
loss: 0.1665, acc: 0.9503
loss: 0.1671, acc: 0.9495
loss: 0.1674, acc: 0.9499
loss: 0.1673, acc: 0.9506
loss: 0.1664, acc: 0.9516
loss: 0.1665, acc: 0.9518
loss: 0.1672, acc: 0.9521
loss: 0.1667, acc: 0.9517
loss: 0.1691, acc: 0.9512
> val_acc: 0.7929, val_f1: 0.6888
> best_val_acc: 0.8045, best_val_f1: 0.7058
>>>>>>>>>>>>>>>>>>>>>>>>>>>>>>>>>>>>>>>>>>>>>>>>>>>>>>>>>>>>>>>>>>>>>>>>>>>>>>>>>>>>>>>>>>>>>>>>>>>>
epoch: 20
loss: 0.1884, acc: 0.9250
loss: 0.1630, acc: 0.9531
loss: 0.1664, acc: 0.9521
loss: 0.1627, acc: 0.9547
loss: 0.1590, acc: 0.9537
loss: 0.1523, acc: 0.9563
loss: 0.1502, acc: 0.9563
loss: 0.1583, acc: 0.9555
loss: 0.1549, acc: 0.9563
loss: 0.1548, acc: 0.9563
loss: 0.1570, acc: 0.9563
loss: 0.1538, acc: 0.9578
loss: 0.1540, acc: 0.9582
loss: 0.1575, acc: 0.9554
loss: 0.1567, acc: 0.9558
loss: 0.1549, acc: 0.9570
loss: 0.1538, acc: 0.9566
loss: 0.1536, acc: 0.9563
loss: 0.1520, acc: 0.9563
loss: 0.1531, acc: 0.9556
loss: 0.1520, acc: 0.9560
loss: 0.1526, acc: 0.9543
> val_acc: 0.7839, val_f1: 0.6646
> best_val_acc: 0.8045, best_val_f1: 0.7058
>>>>>>>>>>>>>>>>>>>>>>>>>>>>>>>>>>>>>>>>>>>>>>>>>>>>>>>>>>>>>>>>>>>>>>>>>>>>>>>>>>>>>>>>>>>>>>>>>>>>
epoch: 21
loss: 0.1065, acc: 0.9531
loss: 0.1618, acc: 0.9420
loss: 0.1455, acc: 0.9505
loss: 0.1310, acc: 0.9632
loss: 0.1285, acc: 0.9659
loss: 0.1319, acc: 0.9630
loss: 0.1397, acc: 0.9600
loss: 0.1391, acc: 0.9578
loss: 0.1378, acc: 0.9576
loss: 0.1367, acc: 0.9574
loss: 0.1364, acc: 0.9579
loss: 0.1431, acc: 0.9578
loss: 0.1403, acc: 0.9592
loss: 0.1364, acc: 0.9604
loss: 0.1351, acc: 0.9614
loss: 0.1347, acc: 0.9619
loss: 0.1336, acc: 0.9619
loss: 0.1334, acc: 0.9612
loss: 0.1316, acc: 0.9613
loss: 0.1317, acc: 0.9610
loss: 0.1333, acc: 0.9605
loss: 0.1336, acc: 0.9609
loss: 0.1330, acc: 0.9618
> val_acc: 0.7875, val_f1: 0.6580
> best_val_acc: 0.8045, best_val_f1: 0.7058
>>>>>>>>>>>>>>>>>>>>>>>>>>>>>>>>>>>>>>>>>>>>>>>>>>>>>>>>>>>>>>>>>>>>>>>>>>>>>>>>>>>>>>>>>>>>>>>>>>>>
epoch: 22
loss: 0.1181, acc: 0.9844
loss: 0.1002, acc: 0.9826
loss: 0.1093, acc: 0.9754
loss: 0.1167, acc: 0.9737
loss: 0.1135, acc: 0.9740
loss: 0.1109, acc: 0.9774
loss: 0.1098, acc: 0.9770
loss: 0.1143, acc: 0.9752
loss: 0.1157, acc: 0.9723
loss: 0.1163, acc: 0.9707
loss: 0.1211, acc: 0.9676
loss: 0.1191, acc: 0.9688
loss: 0.1167, acc: 0.9697
loss: 0.1149, acc: 0.9706
loss: 0.1153, acc: 0.9709
loss: 0.1142, acc: 0.9715
loss: 0.1135, acc: 0.9717
loss: 0.1129, acc: 0.9716
loss: 0.1143, acc: 0.9701
loss: 0.1151, acc: 0.9706
loss: 0.1157, acc: 0.9703
loss: 0.1170, acc: 0.9696
> val_acc: 0.7929, val_f1: 0.6865
> best_val_acc: 0.8045, best_val_f1: 0.7058
>>>>>>>>>>>>>>>>>>>>>>>>>>>>>>>>>>>>>>>>>>>>>>>>>>>>>>>>>>>>>>>>>>>>>>>>>>>>>>>>>>>>>>>>>>>>>>>>>>>>
epoch: 23
loss: 0.2707, acc: 0.9688
loss: 0.1353, acc: 0.9688
loss: 0.1172, acc: 0.9716
loss: 0.1140, acc: 0.9727
loss: 0.1139, acc: 0.9702
loss: 0.1179, acc: 0.9700
loss: 0.1176, acc: 0.9708
loss: 0.1175, acc: 0.9705
loss: 0.1155, acc: 0.9710
loss: 0.1126, acc: 0.9715
loss: 0.1104, acc: 0.9724
loss: 0.1078, acc: 0.9732
loss: 0.1105, acc: 0.9718
loss: 0.1086, acc: 0.9725
loss: 0.1111, acc: 0.9705
loss: 0.1127, acc: 0.9708
loss: 0.1120, acc: 0.9703
loss: 0.1125, acc: 0.9691
loss: 0.1112, acc: 0.9694
loss: 0.1129, acc: 0.9674
loss: 0.1129, acc: 0.9672
loss: 0.1103, acc: 0.9685
loss: 0.1116, acc: 0.9679
> val_acc: 0.8009, val_f1: 0.7026
> best_val_acc: 0.8045, best_val_f1: 0.7058
>>>>>>>>>>>>>>>>>>>>>>>>>>>>>>>>>>>>>>>>>>>>>>>>>>>>>>>>>>>>>>>>>>>>>>>>>>>>>>>>>>>>>>>>>>>>>>>>>>>>
epoch: 24
loss: 0.0836, acc: 0.9896
loss: 0.0880, acc: 0.9805
loss: 0.0801, acc: 0.9832
loss: 0.0841, acc: 0.9844
loss: 0.0906, acc: 0.9837
loss: 0.0878, acc: 0.9855
loss: 0.0945, acc: 0.9830
loss: 0.0930, acc: 0.9827
loss: 0.0902, acc: 0.9833
loss: 0.0891, acc: 0.9824
loss: 0.0872, acc: 0.9823
loss: 0.0848, acc: 0.9833
loss: 0.0866, acc: 0.9802
loss: 0.0867, acc: 0.9802
loss: 0.0851, acc: 0.9816
loss: 0.0856, acc: 0.9808
loss: 0.0852, acc: 0.9804
loss: 0.0845, acc: 0.9805
loss: 0.0849, acc: 0.9805
loss: 0.0848, acc: 0.9809
loss: 0.0846, acc: 0.9809
loss: 0.0849, acc: 0.9803
loss: 0.0842, acc: 0.9806
> val_acc: 0.7884, val_f1: 0.6917
> best_val_acc: 0.8045, best_val_f1: 0.7058
>>>>>>>>>>>>>>>>>>>>>>>>>>>>>>>>>>>>>>>>>>>>>>>>>>>>>>>>>>>>>>>>>>>>>>>>>>>>>>>>>>>>>>>>>>>>>>>>>>>>
epoch: 25
loss: 0.0667, acc: 0.9938
loss: 0.0772, acc: 0.9875
loss: 0.0652, acc: 0.9896
loss: 0.0659, acc: 0.9875
loss: 0.0664, acc: 0.9862
loss: 0.0678, acc: 0.9865
loss: 0.0659, acc: 0.9866
loss: 0.0641, acc: 0.9883
loss: 0.0644, acc: 0.9882
loss: 0.0660, acc: 0.9881
loss: 0.0637, acc: 0.9886
loss: 0.0631, acc: 0.9896
loss: 0.0623, acc: 0.9899
loss: 0.0625, acc: 0.9897
loss: 0.0631, acc: 0.9888
loss: 0.0632, acc: 0.9891
loss: 0.0628, acc: 0.9893
loss: 0.0674, acc: 0.9882
loss: 0.0669, acc: 0.9875
loss: 0.0662, acc: 0.9881
loss: 0.0668, acc: 0.9878
loss: 0.0673, acc: 0.9875
> val_acc: 0.7875, val_f1: 0.6886
> best_val_acc: 0.8045, best_val_f1: 0.7058
>>>>>>>>>>>>>>>>>>>>>>>>>>>>>>>>>>>>>>>>>>>>>>>>>>>>>>>>>>>>>>>>>>>>>>>>>>>>>>>>>>>>>>>>>>>>>>>>>>>>
epoch: 26
loss: 0.0921, acc: 0.9531
loss: 0.0781, acc: 0.9777
loss: 0.0675, acc: 0.9844
loss: 0.0703, acc: 0.9835
loss: 0.0732, acc: 0.9801
loss: 0.0691, acc: 0.9838
loss: 0.0702, acc: 0.9834
loss: 0.0698, acc: 0.9831
loss: 0.0684, acc: 0.9836
loss: 0.0652, acc: 0.9847
loss: 0.0668, acc: 0.9844
loss: 0.0665, acc: 0.9852
loss: 0.0659, acc: 0.9859
loss: 0.0668, acc: 0.9860
loss: 0.0681, acc: 0.9848
loss: 0.0693, acc: 0.9850
loss: 0.0688, acc: 0.9851
loss: 0.0701, acc: 0.9842
loss: 0.0706, acc: 0.9830
loss: 0.0706, acc: 0.9832
loss: 0.0714, acc: 0.9828
loss: 0.0705, acc: 0.9831
loss: 0.0704, acc: 0.9827
> val_acc: 0.7893, val_f1: 0.7030
> best_val_acc: 0.8045, best_val_f1: 0.7058
>>>>>>>>>>>>>>>>>>>>>>>>>>>>>>>>>>>>>>>>>>>>>>>>>>>>>>>>>>>>>>>>>>>>>>>>>>>>>>>>>>>>>>>>>>>>>>>>>>>>
epoch: 27
loss: 0.0468, acc: 1.0000
loss: 0.0421, acc: 1.0000
loss: 0.0445, acc: 0.9978
loss: 0.0410, acc: 0.9984
loss: 0.0417, acc: 0.9948
loss: 0.0418, acc: 0.9935
loss: 0.0432, acc: 0.9936
loss: 0.0468, acc: 0.9928
loss: 0.0457, acc: 0.9936
loss: 0.0463, acc: 0.9936
loss: 0.0489, acc: 0.9919
loss: 0.0515, acc: 0.9899
loss: 0.0520, acc: 0.9897
loss: 0.0517, acc: 0.9896
loss: 0.0531, acc: 0.9890
loss: 0.0542, acc: 0.9889
loss: 0.0538, acc: 0.9888
loss: 0.0539, acc: 0.9888
loss: 0.0539, acc: 0.9887
loss: 0.0549, acc: 0.9883
loss: 0.0548, acc: 0.9880
loss: 0.0551, acc: 0.9877
> val_acc: 0.7795, val_f1: 0.6713
> best_val_acc: 0.8045, best_val_f1: 0.7058
>>>>>>>>>>>>>>>>>>>>>>>>>>>>>>>>>>>>>>>>>>>>>>>>>>>>>>>>>>>>>>>>>>>>>>>>>>>>>>>>>>>>>>>>>>>>>>>>>>>>
epoch: 28
loss: 0.0339, acc: 1.0000
loss: 0.0559, acc: 0.9844
loss: 0.0492, acc: 0.9858
loss: 0.0459, acc: 0.9863
loss: 0.0459, acc: 0.9881
loss: 0.0460, acc: 0.9904
loss: 0.0459, acc: 0.9889
loss: 0.0473, acc: 0.9887
loss: 0.0471, acc: 0.9886
loss: 0.0478, acc: 0.9871
loss: 0.0477, acc: 0.9871
loss: 0.0495, acc: 0.9872
loss: 0.0503, acc: 0.9872
loss: 0.0492, acc: 0.9882
loss: 0.0493, acc: 0.9886
loss: 0.0497, acc: 0.9881
loss: 0.0503, acc: 0.9877
loss: 0.0499, acc: 0.9876
loss: 0.0502, acc: 0.9880
loss: 0.0492, acc: 0.9886
loss: 0.0481, acc: 0.9892
loss: 0.0483, acc: 0.9891
loss: 0.0482, acc: 0.9887
> val_acc: 0.7902, val_f1: 0.6803
> best_val_acc: 0.8045, best_val_f1: 0.7058
>>>>>>>>>>>>>>>>>>>>>>>>>>>>>>>>>>>>>>>>>>>>>>>>>>>>>>>>>>>>>>>>>>>>>>>>>>>>>>>>>>>>>>>>>>>>>>>>>>>>
epoch: 29
loss: 0.0299, acc: 0.9896
loss: 0.0464, acc: 0.9844
loss: 0.0518, acc: 0.9856
loss: 0.0481, acc: 0.9878
loss: 0.0457, acc: 0.9905
loss: 0.0434, acc: 0.9911
loss: 0.0422, acc: 0.9915
loss: 0.0420, acc: 0.9926
loss: 0.0402, acc: 0.9935
loss: 0.0402, acc: 0.9935
loss: 0.0389, acc: 0.9941
loss: 0.0381, acc: 0.9946
loss: 0.0394, acc: 0.9945
loss: 0.0398, acc: 0.9940
loss: 0.0390, acc: 0.9944
loss: 0.0404, acc: 0.9936
loss: 0.0409, acc: 0.9925
loss: 0.0407, acc: 0.9929
loss: 0.0400, acc: 0.9933
loss: 0.0408, acc: 0.9933
loss: 0.0401, acc: 0.9936
loss: 0.0405, acc: 0.9933
loss: 0.0405, acc: 0.9933
> val_acc: 0.7777, val_f1: 0.6876
> best_val_acc: 0.8045, best_val_f1: 0.7058
>> test_acc: 0.8045, test_f1: 0.6905
