n_trainable_params: 1371403, n_nontrainable_params: 1766132
> training arguments:
>>> model_name: igcn_embed
>>> model_ver: 3
>>> dataset: restaurant
>>> optimizer: <class 'torch.optim.adamax.Adamax'>
>>> initializer: <function xavier_uniform_ at 0x7fa292d87e18>
>>> learning_rate: 0.002
>>> momentum: 0.95
>>> dropout: 0.35
>>> l2reg: 5e-05
>>> num_epoch: 30
>>> batch_size: 32
>>> log_step: 5
>>> embed_dim: 436
>>> hidden_dim: 300
>>> bert_dim: 768
>>> pretrained_bert_name: bert-base-uncased
>>> embeddings: gd
>>> max_seq_len: 80
>>> polarities_dim: 3
>>> hops: 3
>>> device: cpu
>>> seed: 0
>>> valset_ratio: 0
>>> num_layers: 1
>>> in_channels: 100
>>> out_channels: 1
>>> downbot: 20
>>> kernel_size: 3
>>> position_dim: 100
>>> stanford_pos_model: C:/NLP_Programs/stanford-postagger-2018-10-16/models/english-bidirectional-distsim.tagger
>>> stanford_pos_jar: C:/NLP_Programs/stanford-postagger-2018-10-16/stanford-postagger.jar
>>> glove_path: ./embeddings/glove.840B.300d.txt
>>> embedding_matrix_path: gen_data/embeddings/400_restaurant_glove_domain_embedding_matrix.dat
>>> model_class: <class 'models.igcn.IGCN'>
>>> dataset_file: {'train': './datasets/semeval14/Restaurants_Train.xml.seg', 'test': './datasets/semeval14/Restaurants_Test_Gold.xml.seg'}
>>> inputs_cols: ['text_raw_indices', 'aspect_indices', 'pos_indices', 'aspect_pos_indices', 'position_indices']
>>>>>>>>>>>>>>>>>>>>>>>>>>>>>>>>>>>>>>>>>>>>>>>>>>>>>>>>>>>>>>>>>>>>>>>>>>>>>>>>>>>>>>>>>>>>>>>>>>>>
epoch: 0
loss: 1.1396, acc: 0.5375
loss: 1.0601, acc: 0.5687
loss: 1.0212, acc: 0.5833
loss: 1.0151, acc: 0.5750
loss: 1.0065, acc: 0.5775
loss: 0.9992, acc: 0.5708
loss: 0.9952, acc: 0.5652
loss: 0.9833, acc: 0.5664
loss: 0.9750, acc: 0.5715
loss: 0.9603, acc: 0.5794
loss: 0.9488, acc: 0.5830
loss: 0.9301, acc: 0.5938
loss: 0.9223, acc: 0.5966
loss: 0.9186, acc: 0.5973
loss: 0.9113, acc: 0.6000
loss: 0.9071, acc: 0.6004
loss: 0.8973, acc: 0.6044
loss: 0.8927, acc: 0.6059
loss: 0.8846, acc: 0.6112
loss: 0.8784, acc: 0.6128
loss: 0.8708, acc: 0.6199
loss: 0.8654, acc: 0.6224
> val_acc: 0.7446, val_f1: 0.5814
> best_val_acc: 0.0000, best_val_f1: 0.0000
>> saved: state_dict/igcn_embed_restaurant_val_acc0.7446
>>>>>>>>>>>>>>>>>>>>>>>>>>>>>>>>>>>>>>>>>>>>>>>>>>>>>>>>>>>>>>>>>>>>>>>>>>>>>>>>>>>>>>>>>>>>>>>>>>>>
epoch: 1
loss: 0.6364, acc: 0.7031
loss: 0.6881, acc: 0.7054
loss: 0.7134, acc: 0.6953
loss: 0.7102, acc: 0.7004
loss: 0.7090, acc: 0.7045
loss: 0.7029, acc: 0.7049
loss: 0.7089, acc: 0.7002
loss: 0.6984, acc: 0.7010
loss: 0.6792, acc: 0.7150
loss: 0.6831, acc: 0.7128
loss: 0.6726, acc: 0.7157
loss: 0.6719, acc: 0.7149
loss: 0.6680, acc: 0.7167
loss: 0.6676, acc: 0.7183
loss: 0.6626, acc: 0.7192
loss: 0.6622, acc: 0.7204
loss: 0.6642, acc: 0.7214
loss: 0.6628, acc: 0.7209
loss: 0.6609, acc: 0.7201
loss: 0.6555, acc: 0.7239
loss: 0.6540, acc: 0.7267
loss: 0.6524, acc: 0.7255
loss: 0.6509, acc: 0.7271
> val_acc: 0.7804, val_f1: 0.6510
> best_val_acc: 0.7446, best_val_f1: 0.5814
>> saved: state_dict/igcn_embed_restaurant_val_acc0.7804
>>>>>>>>>>>>>>>>>>>>>>>>>>>>>>>>>>>>>>>>>>>>>>>>>>>>>>>>>>>>>>>>>>>>>>>>>>>>>>>>>>>>>>>>>>>>>>>>>>>>
epoch: 2
loss: 0.5800, acc: 0.7344
loss: 0.5891, acc: 0.7396
loss: 0.5828, acc: 0.7388
loss: 0.5772, acc: 0.7533
loss: 0.5680, acc: 0.7578
loss: 0.5704, acc: 0.7608
loss: 0.5735, acc: 0.7592
loss: 0.5777, acc: 0.7604
loss: 0.5725, acc: 0.7621
loss: 0.5778, acc: 0.7577
loss: 0.5756, acc: 0.7593
loss: 0.5656, acc: 0.7632
loss: 0.5707, acc: 0.7632
loss: 0.5776, acc: 0.7613
loss: 0.5789, acc: 0.7631
loss: 0.5808, acc: 0.7615
loss: 0.5835, acc: 0.7604
loss: 0.5857, acc: 0.7581
loss: 0.5866, acc: 0.7580
loss: 0.5880, acc: 0.7588
loss: 0.5861, acc: 0.7608
loss: 0.5821, acc: 0.7643
> val_acc: 0.7991, val_f1: 0.6775
> best_val_acc: 0.7804, best_val_f1: 0.6510
>> saved: state_dict/igcn_embed_restaurant_val_acc0.7991
>>>>>>>>>>>>>>>>>>>>>>>>>>>>>>>>>>>>>>>>>>>>>>>>>>>>>>>>>>>>>>>>>>>>>>>>>>>>>>>>>>>>>>>>>>>>>>>>>>>>
epoch: 3
loss: 0.4570, acc: 0.7500
loss: 0.4837, acc: 0.8021
loss: 0.4830, acc: 0.8125
loss: 0.4803, acc: 0.8125
loss: 0.5001, acc: 0.8006
loss: 0.5246, acc: 0.7873
loss: 0.5166, acc: 0.7933
loss: 0.5046, acc: 0.8003
loss: 0.5073, acc: 0.7980
loss: 0.5063, acc: 0.7989
loss: 0.5099, acc: 0.7978
loss: 0.5145, acc: 0.7958
loss: 0.5118, acc: 0.7961
loss: 0.5175, acc: 0.7926
loss: 0.5185, acc: 0.7927
loss: 0.5247, acc: 0.7895
loss: 0.5269, acc: 0.7874
loss: 0.5325, acc: 0.7812
loss: 0.5340, acc: 0.7819
loss: 0.5368, acc: 0.7809
loss: 0.5361, acc: 0.7800
loss: 0.5390, acc: 0.7795
loss: 0.5362, acc: 0.7807
> val_acc: 0.7732, val_f1: 0.6230
> best_val_acc: 0.7991, best_val_f1: 0.6775
>>>>>>>>>>>>>>>>>>>>>>>>>>>>>>>>>>>>>>>>>>>>>>>>>>>>>>>>>>>>>>>>>>>>>>>>>>>>>>>>>>>>>>>>>>>>>>>>>>>>
epoch: 4
loss: 0.4471, acc: 0.8125
loss: 0.4181, acc: 0.8164
loss: 0.4792, acc: 0.7957
loss: 0.4629, acc: 0.8108
loss: 0.4676, acc: 0.8057
loss: 0.4739, acc: 0.8114
loss: 0.4788, acc: 0.8087
loss: 0.4807, acc: 0.8067
loss: 0.4813, acc: 0.8074
loss: 0.4703, acc: 0.8151
loss: 0.4684, acc: 0.8143
loss: 0.4671, acc: 0.8168
loss: 0.4578, acc: 0.8209
loss: 0.4605, acc: 0.8203
loss: 0.4714, acc: 0.8159
loss: 0.4693, acc: 0.8165
loss: 0.4681, acc: 0.8166
loss: 0.4659, acc: 0.8175
loss: 0.4684, acc: 0.8162
loss: 0.4667, acc: 0.8166
loss: 0.4684, acc: 0.8167
loss: 0.4673, acc: 0.8174
loss: 0.4712, acc: 0.8151
> val_acc: 0.7875, val_f1: 0.6458
> best_val_acc: 0.7991, best_val_f1: 0.6775
>>>>>>>>>>>>>>>>>>>>>>>>>>>>>>>>>>>>>>>>>>>>>>>>>>>>>>>>>>>>>>>>>>>>>>>>>>>>>>>>>>>>>>>>>>>>>>>>>>>>
epoch: 5
loss: 0.3854, acc: 0.8125
loss: 0.3531, acc: 0.8469
loss: 0.4175, acc: 0.8187
loss: 0.4363, acc: 0.8109
loss: 0.4382, acc: 0.8163
loss: 0.4441, acc: 0.8177
loss: 0.4501, acc: 0.8170
loss: 0.4453, acc: 0.8211
loss: 0.4549, acc: 0.8174
loss: 0.4534, acc: 0.8169
loss: 0.4525, acc: 0.8159
loss: 0.4515, acc: 0.8172
loss: 0.4418, acc: 0.8212
loss: 0.4376, acc: 0.8210
loss: 0.4399, acc: 0.8192
loss: 0.4405, acc: 0.8160
loss: 0.4371, acc: 0.8187
loss: 0.4305, acc: 0.8226
loss: 0.4306, acc: 0.8234
loss: 0.4342, acc: 0.8213
loss: 0.4314, acc: 0.8232
loss: 0.4271, acc: 0.8259
> val_acc: 0.8018, val_f1: 0.6983
> best_val_acc: 0.7991, best_val_f1: 0.6775
>> saved: state_dict/igcn_embed_restaurant_val_acc0.8018
>>>>>>>>>>>>>>>>>>>>>>>>>>>>>>>>>>>>>>>>>>>>>>>>>>>>>>>>>>>>>>>>>>>>>>>>>>>>>>>>>>>>>>>>>>>>>>>>>>>>
epoch: 6
loss: 0.2796, acc: 0.8906
loss: 0.3752, acc: 0.8527
loss: 0.3892, acc: 0.8490
loss: 0.3610, acc: 0.8621
loss: 0.3620, acc: 0.8651
loss: 0.3404, acc: 0.8773
loss: 0.3374, acc: 0.8779
loss: 0.3513, acc: 0.8682
loss: 0.3572, acc: 0.8609
loss: 0.3604, acc: 0.8564
loss: 0.3612, acc: 0.8558
loss: 0.3699, acc: 0.8514
loss: 0.3696, acc: 0.8513
loss: 0.3721, acc: 0.8526
loss: 0.3718, acc: 0.8529
loss: 0.3710, acc: 0.8535
loss: 0.3724, acc: 0.8518
loss: 0.3734, acc: 0.8534
loss: 0.3743, acc: 0.8522
loss: 0.3745, acc: 0.8524
loss: 0.3767, acc: 0.8520
loss: 0.3767, acc: 0.8516
loss: 0.3758, acc: 0.8516
> val_acc: 0.7884, val_f1: 0.6521
> best_val_acc: 0.8018, best_val_f1: 0.6983
>>>>>>>>>>>>>>>>>>>>>>>>>>>>>>>>>>>>>>>>>>>>>>>>>>>>>>>>>>>>>>>>>>>>>>>>>>>>>>>>>>>>>>>>>>>>>>>>>>>>
epoch: 7
loss: 0.2956, acc: 0.9062
loss: 0.3063, acc: 0.8958
loss: 0.3151, acc: 0.8906
loss: 0.3062, acc: 0.8964
loss: 0.3100, acc: 0.8945
loss: 0.3108, acc: 0.8944
loss: 0.3179, acc: 0.8869
loss: 0.3153, acc: 0.8886
loss: 0.3077, acc: 0.8899
loss: 0.3103, acc: 0.8858
loss: 0.3119, acc: 0.8831
loss: 0.3142, acc: 0.8808
loss: 0.3100, acc: 0.8828
loss: 0.3093, acc: 0.8832
loss: 0.3071, acc: 0.8847
loss: 0.3112, acc: 0.8825
loss: 0.3107, acc: 0.8824
loss: 0.3131, acc: 0.8813
loss: 0.3111, acc: 0.8813
loss: 0.3138, acc: 0.8807
loss: 0.3143, acc: 0.8807
loss: 0.3136, acc: 0.8816
> val_acc: 0.7848, val_f1: 0.6725
> best_val_acc: 0.8018, best_val_f1: 0.6983
>>>>>>>>>>>>>>>>>>>>>>>>>>>>>>>>>>>>>>>>>>>>>>>>>>>>>>>>>>>>>>>>>>>>>>>>>>>>>>>>>>>>>>>>>>>>>>>>>>>>
epoch: 8
loss: 0.2871, acc: 0.9688
loss: 0.2725, acc: 0.9062
loss: 0.2822, acc: 0.8977
loss: 0.2981, acc: 0.8828
loss: 0.3059, acc: 0.8854
loss: 0.3100, acc: 0.8870
loss: 0.3006, acc: 0.8851
loss: 0.3022, acc: 0.8819
loss: 0.3013, acc: 0.8803
loss: 0.2900, acc: 0.8859
loss: 0.2859, acc: 0.8891
loss: 0.2894, acc: 0.8895
loss: 0.2863, acc: 0.8914
loss: 0.2836, acc: 0.8944
loss: 0.2843, acc: 0.8935
loss: 0.2818, acc: 0.8956
loss: 0.2799, acc: 0.8974
loss: 0.2785, acc: 0.8979
loss: 0.2744, acc: 0.8984
loss: 0.2718, acc: 0.8981
loss: 0.2730, acc: 0.8973
loss: 0.2770, acc: 0.8956
loss: 0.2777, acc: 0.8944
> val_acc: 0.7982, val_f1: 0.6835
> best_val_acc: 0.8018, best_val_f1: 0.6983
>>>>>>>>>>>>>>>>>>>>>>>>>>>>>>>>>>>>>>>>>>>>>>>>>>>>>>>>>>>>>>>>>>>>>>>>>>>>>>>>>>>>>>>>>>>>>>>>>>>>
epoch: 9
loss: 0.2480, acc: 0.9062
loss: 0.2153, acc: 0.9258
loss: 0.2147, acc: 0.9303
loss: 0.2272, acc: 0.9167
loss: 0.2183, acc: 0.9253
loss: 0.2104, acc: 0.9263
loss: 0.2086, acc: 0.9271
loss: 0.2132, acc: 0.9243
loss: 0.2143, acc: 0.9259
loss: 0.2191, acc: 0.9225
loss: 0.2205, acc: 0.9233
loss: 0.2259, acc: 0.9219
loss: 0.2307, acc: 0.9187
loss: 0.2326, acc: 0.9164
loss: 0.2294, acc: 0.9174
loss: 0.2308, acc: 0.9171
loss: 0.2304, acc: 0.9168
loss: 0.2288, acc: 0.9194
loss: 0.2292, acc: 0.9194
loss: 0.2317, acc: 0.9177
loss: 0.2319, acc: 0.9178
loss: 0.2298, acc: 0.9181
loss: 0.2333, acc: 0.9166
> val_acc: 0.7821, val_f1: 0.6644
> best_val_acc: 0.8018, best_val_f1: 0.6983
>>>>>>>>>>>>>>>>>>>>>>>>>>>>>>>>>>>>>>>>>>>>>>>>>>>>>>>>>>>>>>>>>>>>>>>>>>>>>>>>>>>>>>>>>>>>>>>>>>>>
epoch: 10
loss: 0.1605, acc: 0.9563
loss: 0.1650, acc: 0.9531
loss: 0.2011, acc: 0.9354
loss: 0.1951, acc: 0.9328
loss: 0.1970, acc: 0.9275
loss: 0.1964, acc: 0.9271
loss: 0.1923, acc: 0.9286
loss: 0.1911, acc: 0.9305
loss: 0.1882, acc: 0.9333
loss: 0.1868, acc: 0.9325
loss: 0.1893, acc: 0.9318
loss: 0.1882, acc: 0.9318
loss: 0.1922, acc: 0.9308
loss: 0.1926, acc: 0.9299
loss: 0.1942, acc: 0.9287
loss: 0.1912, acc: 0.9305
loss: 0.1896, acc: 0.9309
loss: 0.1922, acc: 0.9302
loss: 0.1901, acc: 0.9309
loss: 0.1877, acc: 0.9322
loss: 0.1864, acc: 0.9324
loss: 0.1897, acc: 0.9321
> val_acc: 0.7991, val_f1: 0.7123
> best_val_acc: 0.8018, best_val_f1: 0.6983
>>>>>>>>>>>>>>>>>>>>>>>>>>>>>>>>>>>>>>>>>>>>>>>>>>>>>>>>>>>>>>>>>>>>>>>>>>>>>>>>>>>>>>>>>>>>>>>>>>>>
epoch: 11
loss: 0.1650, acc: 0.9688
loss: 0.1819, acc: 0.9464
loss: 0.1753, acc: 0.9479
loss: 0.1723, acc: 0.9449
loss: 0.1803, acc: 0.9418
loss: 0.1752, acc: 0.9421
loss: 0.1730, acc: 0.9434
loss: 0.1693, acc: 0.9443
loss: 0.1724, acc: 0.9427
loss: 0.1769, acc: 0.9428
loss: 0.1686, acc: 0.9453
loss: 0.1664, acc: 0.9474
loss: 0.1659, acc: 0.9466
loss: 0.1616, acc: 0.9482
loss: 0.1616, acc: 0.9475
loss: 0.1620, acc: 0.9464
loss: 0.1617, acc: 0.9466
loss: 0.1647, acc: 0.9458
loss: 0.1652, acc: 0.9453
loss: 0.1669, acc: 0.9436
loss: 0.1668, acc: 0.9433
loss: 0.1654, acc: 0.9439
loss: 0.1663, acc: 0.9436
> val_acc: 0.7982, val_f1: 0.7019
> best_val_acc: 0.8018, best_val_f1: 0.7123
>>>>>>>>>>>>>>>>>>>>>>>>>>>>>>>>>>>>>>>>>>>>>>>>>>>>>>>>>>>>>>>>>>>>>>>>>>>>>>>>>>>>>>>>>>>>>>>>>>>>
epoch: 12
loss: 0.0840, acc: 0.9688
loss: 0.1059, acc: 0.9618
loss: 0.1256, acc: 0.9464
loss: 0.1179, acc: 0.9572
loss: 0.1209, acc: 0.9557
loss: 0.1186, acc: 0.9547
loss: 0.1214, acc: 0.9540
loss: 0.1223, acc: 0.9527
loss: 0.1247, acc: 0.9510
loss: 0.1272, acc: 0.9522
loss: 0.1255, acc: 0.9531
loss: 0.1269, acc: 0.9518
loss: 0.1256, acc: 0.9531
loss: 0.1227, acc: 0.9556
loss: 0.1225, acc: 0.9561
loss: 0.1238, acc: 0.9561
loss: 0.1228, acc: 0.9561
loss: 0.1247, acc: 0.9554
loss: 0.1258, acc: 0.9548
loss: 0.1303, acc: 0.9527
loss: 0.1281, acc: 0.9534
loss: 0.1315, acc: 0.9521
> val_acc: 0.7812, val_f1: 0.7029
> best_val_acc: 0.8018, best_val_f1: 0.7123
>>>>>>>>>>>>>>>>>>>>>>>>>>>>>>>>>>>>>>>>>>>>>>>>>>>>>>>>>>>>>>>>>>>>>>>>>>>>>>>>>>>>>>>>>>>>>>>>>>>>
epoch: 13
loss: 0.2937, acc: 0.9062
loss: 0.1472, acc: 0.9479
loss: 0.1478, acc: 0.9517
loss: 0.1319, acc: 0.9531
loss: 0.1286, acc: 0.9554
loss: 0.1155, acc: 0.9603
loss: 0.1108, acc: 0.9627
loss: 0.1125, acc: 0.9627
loss: 0.1103, acc: 0.9634
loss: 0.1103, acc: 0.9626
loss: 0.1058, acc: 0.9651
loss: 0.1064, acc: 0.9660
loss: 0.1098, acc: 0.9647
loss: 0.1100, acc: 0.9654
loss: 0.1104, acc: 0.9648
loss: 0.1090, acc: 0.9650
loss: 0.1082, acc: 0.9660
loss: 0.1080, acc: 0.9658
loss: 0.1092, acc: 0.9650
loss: 0.1095, acc: 0.9655
loss: 0.1111, acc: 0.9644
loss: 0.1083, acc: 0.9655
loss: 0.1109, acc: 0.9645
> val_acc: 0.7929, val_f1: 0.7047
> best_val_acc: 0.8018, best_val_f1: 0.7123
>>>>>>>>>>>>>>>>>>>>>>>>>>>>>>>>>>>>>>>>>>>>>>>>>>>>>>>>>>>>>>>>>>>>>>>>>>>>>>>>>>>>>>>>>>>>>>>>>>>>
epoch: 14
loss: 0.0721, acc: 0.9792
loss: 0.0794, acc: 0.9766
loss: 0.0795, acc: 0.9736
loss: 0.0860, acc: 0.9688
loss: 0.0853, acc: 0.9701
loss: 0.0817, acc: 0.9721
loss: 0.0844, acc: 0.9706
loss: 0.0867, acc: 0.9688
loss: 0.0860, acc: 0.9709
loss: 0.0850, acc: 0.9727
loss: 0.0870, acc: 0.9717
loss: 0.0877, acc: 0.9704
loss: 0.0850, acc: 0.9722
loss: 0.0855, acc: 0.9715
loss: 0.0885, acc: 0.9705
loss: 0.0899, acc: 0.9704
loss: 0.0898, acc: 0.9706
loss: 0.0905, acc: 0.9695
loss: 0.0930, acc: 0.9684
loss: 0.0927, acc: 0.9678
loss: 0.0941, acc: 0.9672
loss: 0.0935, acc: 0.9676
loss: 0.0936, acc: 0.9676
> val_acc: 0.7973, val_f1: 0.7054
> best_val_acc: 0.8018, best_val_f1: 0.7123
>>>>>>>>>>>>>>>>>>>>>>>>>>>>>>>>>>>>>>>>>>>>>>>>>>>>>>>>>>>>>>>>>>>>>>>>>>>>>>>>>>>>>>>>>>>>>>>>>>>>
epoch: 15
loss: 0.0797, acc: 0.9750
loss: 0.0721, acc: 0.9719
loss: 0.0815, acc: 0.9688
loss: 0.0862, acc: 0.9656
loss: 0.0892, acc: 0.9663
loss: 0.0831, acc: 0.9688
loss: 0.0837, acc: 0.9696
loss: 0.0836, acc: 0.9719
loss: 0.0814, acc: 0.9722
loss: 0.0801, acc: 0.9725
loss: 0.0822, acc: 0.9716
loss: 0.0804, acc: 0.9724
loss: 0.0781, acc: 0.9726
loss: 0.0784, acc: 0.9732
loss: 0.0783, acc: 0.9738
loss: 0.0813, acc: 0.9727
loss: 0.0807, acc: 0.9739
loss: 0.0834, acc: 0.9722
loss: 0.0827, acc: 0.9727
loss: 0.0809, acc: 0.9731
loss: 0.0814, acc: 0.9726
loss: 0.0814, acc: 0.9724
> val_acc: 0.7937, val_f1: 0.7006
> best_val_acc: 0.8018, best_val_f1: 0.7123
>>>>>>>>>>>>>>>>>>>>>>>>>>>>>>>>>>>>>>>>>>>>>>>>>>>>>>>>>>>>>>>>>>>>>>>>>>>>>>>>>>>>>>>>>>>>>>>>>>>>
epoch: 16
loss: 0.1315, acc: 0.9688
loss: 0.0981, acc: 0.9643
loss: 0.0855, acc: 0.9740
loss: 0.0778, acc: 0.9761
loss: 0.0797, acc: 0.9744
loss: 0.0711, acc: 0.9769
loss: 0.0658, acc: 0.9795
loss: 0.0654, acc: 0.9780
loss: 0.0649, acc: 0.9784
loss: 0.0648, acc: 0.9781
loss: 0.0632, acc: 0.9778
loss: 0.0651, acc: 0.9781
loss: 0.0673, acc: 0.9783
loss: 0.0654, acc: 0.9795
loss: 0.0689, acc: 0.9787
loss: 0.0675, acc: 0.9797
loss: 0.0673, acc: 0.9802
loss: 0.0660, acc: 0.9810
loss: 0.0658, acc: 0.9813
loss: 0.0675, acc: 0.9803
loss: 0.0686, acc: 0.9795
loss: 0.0672, acc: 0.9801
loss: 0.0676, acc: 0.9796
> val_acc: 0.8009, val_f1: 0.7068
> best_val_acc: 0.8018, best_val_f1: 0.7123
>>>>>>>>>>>>>>>>>>>>>>>>>>>>>>>>>>>>>>>>>>>>>>>>>>>>>>>>>>>>>>>>>>>>>>>>>>>>>>>>>>>>>>>>>>>>>>>>>>>>
epoch: 17
loss: 0.0616, acc: 0.9766
loss: 0.0608, acc: 0.9757
loss: 0.0642, acc: 0.9777
loss: 0.0674, acc: 0.9786
loss: 0.0601, acc: 0.9831
loss: 0.0571, acc: 0.9838
loss: 0.0549, acc: 0.9835
loss: 0.0543, acc: 0.9832
loss: 0.0561, acc: 0.9822
loss: 0.0541, acc: 0.9834
loss: 0.0523, acc: 0.9838
loss: 0.0523, acc: 0.9841
loss: 0.0517, acc: 0.9844
loss: 0.0531, acc: 0.9832
loss: 0.0543, acc: 0.9835
loss: 0.0539, acc: 0.9838
loss: 0.0532, acc: 0.9840
loss: 0.0524, acc: 0.9846
loss: 0.0526, acc: 0.9844
loss: 0.0531, acc: 0.9845
loss: 0.0528, acc: 0.9847
loss: 0.0529, acc: 0.9845
> val_acc: 0.7839, val_f1: 0.6912
> best_val_acc: 0.8018, best_val_f1: 0.7123
>>>>>>>>>>>>>>>>>>>>>>>>>>>>>>>>>>>>>>>>>>>>>>>>>>>>>>>>>>>>>>>>>>>>>>>>>>>>>>>>>>>>>>>>>>>>>>>>>>>>
epoch: 18
loss: 0.0209, acc: 1.0000
loss: 0.0183, acc: 1.0000
loss: 0.0299, acc: 0.9972
loss: 0.0345, acc: 0.9941
loss: 0.0389, acc: 0.9926
loss: 0.0390, acc: 0.9916
loss: 0.0390, acc: 0.9909
loss: 0.0381, acc: 0.9913
loss: 0.0395, acc: 0.9916
loss: 0.0428, acc: 0.9898
loss: 0.0430, acc: 0.9902
loss: 0.0424, acc: 0.9900
loss: 0.0417, acc: 0.9903
loss: 0.0407, acc: 0.9910
loss: 0.0414, acc: 0.9903
loss: 0.0439, acc: 0.9893
loss: 0.0456, acc: 0.9884
loss: 0.0492, acc: 0.9869
loss: 0.0503, acc: 0.9856
loss: 0.0491, acc: 0.9860
loss: 0.0487, acc: 0.9864
loss: 0.0481, acc: 0.9867
loss: 0.0471, acc: 0.9870
> val_acc: 0.7964, val_f1: 0.6945
> best_val_acc: 0.8018, best_val_f1: 0.7123
>>>>>>>>>>>>>>>>>>>>>>>>>>>>>>>>>>>>>>>>>>>>>>>>>>>>>>>>>>>>>>>>>>>>>>>>>>>>>>>>>>>>>>>>>>>>>>>>>>>>
epoch: 19
loss: 0.0493, acc: 0.9896
loss: 0.0533, acc: 0.9805
loss: 0.0495, acc: 0.9808
loss: 0.0514, acc: 0.9844
loss: 0.0480, acc: 0.9864
loss: 0.0448, acc: 0.9877
loss: 0.0422, acc: 0.9886
loss: 0.0461, acc: 0.9868
loss: 0.0433, acc: 0.9884
loss: 0.0418, acc: 0.9883
loss: 0.0409, acc: 0.9888
loss: 0.0409, acc: 0.9892
loss: 0.0406, acc: 0.9886
loss: 0.0401, acc: 0.9890
loss: 0.0387, acc: 0.9897
loss: 0.0390, acc: 0.9896
loss: 0.0384, acc: 0.9898
loss: 0.0406, acc: 0.9883
loss: 0.0407, acc: 0.9879
loss: 0.0403, acc: 0.9882
loss: 0.0412, acc: 0.9879
loss: 0.0412, acc: 0.9878
loss: 0.0406, acc: 0.9881
> val_acc: 0.7911, val_f1: 0.6938
> best_val_acc: 0.8018, best_val_f1: 0.7123
>>>>>>>>>>>>>>>>>>>>>>>>>>>>>>>>>>>>>>>>>>>>>>>>>>>>>>>>>>>>>>>>>>>>>>>>>>>>>>>>>>>>>>>>>>>>>>>>>>>>
epoch: 20
loss: 0.0355, acc: 0.9875
loss: 0.0321, acc: 0.9906
loss: 0.0304, acc: 0.9917
loss: 0.0300, acc: 0.9922
loss: 0.0315, acc: 0.9925
loss: 0.0311, acc: 0.9906
loss: 0.0341, acc: 0.9902
loss: 0.0341, acc: 0.9906
loss: 0.0330, acc: 0.9917
loss: 0.0344, acc: 0.9912
loss: 0.0342, acc: 0.9915
loss: 0.0332, acc: 0.9917
loss: 0.0334, acc: 0.9918
loss: 0.0341, acc: 0.9915
loss: 0.0327, acc: 0.9921
loss: 0.0334, acc: 0.9914
loss: 0.0335, acc: 0.9915
loss: 0.0327, acc: 0.9917
loss: 0.0330, acc: 0.9911
loss: 0.0330, acc: 0.9909
loss: 0.0333, acc: 0.9908
loss: 0.0329, acc: 0.9909
> val_acc: 0.7982, val_f1: 0.7058
> best_val_acc: 0.8018, best_val_f1: 0.7123
>>>>>>>>>>>>>>>>>>>>>>>>>>>>>>>>>>>>>>>>>>>>>>>>>>>>>>>>>>>>>>>>>>>>>>>>>>>>>>>>>>>>>>>>>>>>>>>>>>>>
epoch: 21
loss: 0.0139, acc: 1.0000
loss: 0.0193, acc: 0.9955
loss: 0.0179, acc: 0.9974
loss: 0.0185, acc: 0.9963
loss: 0.0176, acc: 0.9972
loss: 0.0185, acc: 0.9965
loss: 0.0184, acc: 0.9971
loss: 0.0210, acc: 0.9949
loss: 0.0200, acc: 0.9948
loss: 0.0194, acc: 0.9953
loss: 0.0217, acc: 0.9934
loss: 0.0239, acc: 0.9918
loss: 0.0238, acc: 0.9919
loss: 0.0244, acc: 0.9911
loss: 0.0298, acc: 0.9887
loss: 0.0301, acc: 0.9886
loss: 0.0346, acc: 0.9878
loss: 0.0344, acc: 0.9881
loss: 0.0335, acc: 0.9888
loss: 0.0333, acc: 0.9890
loss: 0.0330, acc: 0.9893
loss: 0.0346, acc: 0.9886
loss: 0.0351, acc: 0.9886
> val_acc: 0.7973, val_f1: 0.6979
> best_val_acc: 0.8018, best_val_f1: 0.7123
>>>>>>>>>>>>>>>>>>>>>>>>>>>>>>>>>>>>>>>>>>>>>>>>>>>>>>>>>>>>>>>>>>>>>>>>>>>>>>>>>>>>>>>>>>>>>>>>>>>>
epoch: 22
loss: 0.0292, acc: 0.9922
loss: 0.0339, acc: 0.9896
loss: 0.0279, acc: 0.9888
loss: 0.0315, acc: 0.9885
loss: 0.0328, acc: 0.9883
loss: 0.0321, acc: 0.9892
loss: 0.0312, acc: 0.9890
loss: 0.0303, acc: 0.9888
loss: 0.0304, acc: 0.9886
loss: 0.0292, acc: 0.9892
loss: 0.0295, acc: 0.9890
loss: 0.0308, acc: 0.9894
loss: 0.0300, acc: 0.9902
loss: 0.0287, acc: 0.9909
loss: 0.0276, acc: 0.9916
loss: 0.0276, acc: 0.9917
loss: 0.0267, acc: 0.9922
loss: 0.0263, acc: 0.9919
loss: 0.0259, acc: 0.9924
loss: 0.0267, acc: 0.9918
loss: 0.0268, acc: 0.9916
loss: 0.0265, acc: 0.9920
> val_acc: 0.7964, val_f1: 0.6900
> best_val_acc: 0.8018, best_val_f1: 0.7123
>>>>>>>>>>>>>>>>>>>>>>>>>>>>>>>>>>>>>>>>>>>>>>>>>>>>>>>>>>>>>>>>>>>>>>>>>>>>>>>>>>>>>>>>>>>>>>>>>>>>
epoch: 23
loss: 0.0010, acc: 1.0000
loss: 0.0064, acc: 1.0000
loss: 0.0241, acc: 0.9972
loss: 0.0303, acc: 0.9922
loss: 0.0400, acc: 0.9851
loss: 0.0411, acc: 0.9868
loss: 0.0431, acc: 0.9849
loss: 0.0400, acc: 0.9852
loss: 0.0386, acc: 0.9855
loss: 0.0409, acc: 0.9851
loss: 0.0391, acc: 0.9859
loss: 0.0399, acc: 0.9860
loss: 0.0378, acc: 0.9872
loss: 0.0358, acc: 0.9882
loss: 0.0360, acc: 0.9881
loss: 0.0358, acc: 0.9881
loss: 0.0373, acc: 0.9869
loss: 0.0375, acc: 0.9869
loss: 0.0373, acc: 0.9873
loss: 0.0364, acc: 0.9876
loss: 0.0378, acc: 0.9873
loss: 0.0376, acc: 0.9867
loss: 0.0364, acc: 0.9873
> val_acc: 0.7929, val_f1: 0.6961
> best_val_acc: 0.8018, best_val_f1: 0.7123
>>>>>>>>>>>>>>>>>>>>>>>>>>>>>>>>>>>>>>>>>>>>>>>>>>>>>>>>>>>>>>>>>>>>>>>>>>>>>>>>>>>>>>>>>>>>>>>>>>>>
epoch: 24
loss: 0.0116, acc: 1.0000
loss: 0.0132, acc: 0.9961
loss: 0.0123, acc: 0.9976
loss: 0.0118, acc: 0.9983
loss: 0.0133, acc: 0.9959
loss: 0.0153, acc: 0.9944
loss: 0.0154, acc: 0.9943
loss: 0.0153, acc: 0.9942
loss: 0.0154, acc: 0.9942
loss: 0.0145, acc: 0.9948
loss: 0.0144, acc: 0.9953
loss: 0.0144, acc: 0.9952
loss: 0.0173, acc: 0.9940
loss: 0.0180, acc: 0.9940
loss: 0.0187, acc: 0.9936
loss: 0.0190, acc: 0.9936
loss: 0.0188, acc: 0.9940
loss: 0.0181, acc: 0.9943
loss: 0.0178, acc: 0.9943
loss: 0.0197, acc: 0.9936
loss: 0.0193, acc: 0.9939
loss: 0.0194, acc: 0.9939
loss: 0.0192, acc: 0.9942
> val_acc: 0.7929, val_f1: 0.6890
> best_val_acc: 0.8018, best_val_f1: 0.7123
>>>>>>>>>>>>>>>>>>>>>>>>>>>>>>>>>>>>>>>>>>>>>>>>>>>>>>>>>>>>>>>>>>>>>>>>>>>>>>>>>>>>>>>>>>>>>>>>>>>>
epoch: 25
loss: 0.0279, acc: 0.9812
loss: 0.0244, acc: 0.9875
loss: 0.0216, acc: 0.9896
loss: 0.0180, acc: 0.9922
loss: 0.0228, acc: 0.9912
loss: 0.0202, acc: 0.9927
loss: 0.0239, acc: 0.9902
loss: 0.0331, acc: 0.9891
loss: 0.0326, acc: 0.9896
loss: 0.0315, acc: 0.9900
loss: 0.0299, acc: 0.9909
loss: 0.0303, acc: 0.9906
loss: 0.0300, acc: 0.9909
loss: 0.0301, acc: 0.9911
loss: 0.0308, acc: 0.9904
loss: 0.0318, acc: 0.9902
loss: 0.0318, acc: 0.9901
loss: 0.0319, acc: 0.9899
loss: 0.0328, acc: 0.9891
loss: 0.0315, acc: 0.9897
loss: 0.0306, acc: 0.9902
loss: 0.0300, acc: 0.9906
> val_acc: 0.7875, val_f1: 0.6849
> best_val_acc: 0.8018, best_val_f1: 0.7123
>>>>>>>>>>>>>>>>>>>>>>>>>>>>>>>>>>>>>>>>>>>>>>>>>>>>>>>>>>>>>>>>>>>>>>>>>>>>>>>>>>>>>>>>>>>>>>>>>>>>
epoch: 26
loss: 0.0163, acc: 1.0000
loss: 0.0098, acc: 1.0000
loss: 0.0112, acc: 1.0000
loss: 0.0098, acc: 1.0000
loss: 0.0110, acc: 1.0000
loss: 0.0111, acc: 1.0000
loss: 0.0125, acc: 0.9990
loss: 0.0131, acc: 0.9992
loss: 0.0129, acc: 0.9985
loss: 0.0155, acc: 0.9980
loss: 0.0150, acc: 0.9982
loss: 0.0149, acc: 0.9978
loss: 0.0148, acc: 0.9980
loss: 0.0176, acc: 0.9972
loss: 0.0170, acc: 0.9974
loss: 0.0174, acc: 0.9972
loss: 0.0172, acc: 0.9973
loss: 0.0170, acc: 0.9971
loss: 0.0166, acc: 0.9973
loss: 0.0163, acc: 0.9971
loss: 0.0166, acc: 0.9969
loss: 0.0161, acc: 0.9971
loss: 0.0167, acc: 0.9969
> val_acc: 0.7920, val_f1: 0.6829
> best_val_acc: 0.8018, best_val_f1: 0.7123
>>>>>>>>>>>>>>>>>>>>>>>>>>>>>>>>>>>>>>>>>>>>>>>>>>>>>>>>>>>>>>>>>>>>>>>>>>>>>>>>>>>>>>>>>>>>>>>>>>>>
epoch: 27
loss: 0.0034, acc: 1.0000
loss: 0.0275, acc: 0.9861
loss: 0.0208, acc: 0.9911
loss: 0.0228, acc: 0.9901
loss: 0.0201, acc: 0.9922
loss: 0.0249, acc: 0.9914
loss: 0.0228, acc: 0.9917
loss: 0.0216, acc: 0.9920
loss: 0.0217, acc: 0.9929
loss: 0.0201, acc: 0.9936
loss: 0.0198, acc: 0.9942
loss: 0.0184, acc: 0.9947
loss: 0.0177, acc: 0.9951
loss: 0.0170, acc: 0.9955
loss: 0.0169, acc: 0.9954
loss: 0.0163, acc: 0.9956
loss: 0.0162, acc: 0.9955
loss: 0.0157, acc: 0.9958
loss: 0.0159, acc: 0.9957
loss: 0.0162, acc: 0.9956
loss: 0.0159, acc: 0.9958
loss: 0.0159, acc: 0.9954
> val_acc: 0.7911, val_f1: 0.6875
> best_val_acc: 0.8018, best_val_f1: 0.7123
>>>>>>>>>>>>>>>>>>>>>>>>>>>>>>>>>>>>>>>>>>>>>>>>>>>>>>>>>>>>>>>>>>>>>>>>>>>>>>>>>>>>>>>>>>>>>>>>>>>>
epoch: 28
loss: 0.0059, acc: 1.0000
loss: 0.0226, acc: 0.9948
loss: 0.0208, acc: 0.9915
loss: 0.0181, acc: 0.9941
loss: 0.0160, acc: 0.9955
loss: 0.0206, acc: 0.9916
loss: 0.0180, acc: 0.9929
loss: 0.0169, acc: 0.9939
loss: 0.0171, acc: 0.9947
loss: 0.0170, acc: 0.9952
loss: 0.0164, acc: 0.9957
loss: 0.0156, acc: 0.9961
loss: 0.0174, acc: 0.9959
loss: 0.0167, acc: 0.9962
loss: 0.0165, acc: 0.9965
loss: 0.0168, acc: 0.9963
loss: 0.0170, acc: 0.9961
loss: 0.0167, acc: 0.9960
loss: 0.0169, acc: 0.9955
loss: 0.0168, acc: 0.9954
loss: 0.0165, acc: 0.9954
loss: 0.0166, acc: 0.9953
loss: 0.0166, acc: 0.9949
> val_acc: 0.7929, val_f1: 0.6988
> best_val_acc: 0.8018, best_val_f1: 0.7123
>>>>>>>>>>>>>>>>>>>>>>>>>>>>>>>>>>>>>>>>>>>>>>>>>>>>>>>>>>>>>>>>>>>>>>>>>>>>>>>>>>>>>>>>>>>>>>>>>>>>
epoch: 29
loss: 0.0073, acc: 1.0000
loss: 0.0046, acc: 1.0000
loss: 0.0134, acc: 0.9976
loss: 0.0135, acc: 0.9983
loss: 0.0143, acc: 0.9959
loss: 0.0130, acc: 0.9967
loss: 0.0135, acc: 0.9962
loss: 0.0136, acc: 0.9959
loss: 0.0142, acc: 0.9964
loss: 0.0137, acc: 0.9967
loss: 0.0131, acc: 0.9971
loss: 0.0129, acc: 0.9968
loss: 0.0122, acc: 0.9970
loss: 0.0144, acc: 0.9963
loss: 0.0140, acc: 0.9961
loss: 0.0139, acc: 0.9960
loss: 0.0138, acc: 0.9962
loss: 0.0156, acc: 0.9961
loss: 0.0152, acc: 0.9963
loss: 0.0147, acc: 0.9965
loss: 0.0148, acc: 0.9967
loss: 0.0149, acc: 0.9965
loss: 0.0146, acc: 0.9967
> val_acc: 0.7946, val_f1: 0.6942
> best_val_acc: 0.8018, best_val_f1: 0.7123
>> test_acc: 0.8018, test_f1: 0.6983
