cuda memory allocated: 5820928
n_trainable_params: 1010203, n_nontrainable_params: 442532
> training arguments:
>>> model_name: igcn_embed
>>> model_ver: 3
>>> dataset: restaurant
>>> optimizer: <class 'torch.optim.adamax.Adamax'>
>>> initializer: <function xavier_uniform_ at 0x7f2dcbe42e18>
>>> learning_rate: 0.002
>>> momentum: 0.95
>>> dropout: 0.35
>>> l2reg: 5e-05
>>> num_epoch: 30
>>> batch_size: 32
>>> log_step: 5
>>> embed_dim: 136
>>> hidden_dim: 300
>>> bert_dim: 768
>>> pretrained_bert_name: bert-base-uncased
>>> embeddings: d
>>> max_seq_len: 300
>>> polarities_dim: 3
>>> hops: 3
>>> device: cuda
>>> seed: 0
>>> valset_ratio: 0
>>> num_layers: 1
>>> in_channels: 100
>>> out_channels: 1
>>> downbot: 20
>>> kernel_size: 3
>>> position_dim: 100
>>> gating: GTU
>>> stanford_pos_model: C:/NLP_Programs/stanford-postagger-2018-10-16/models/english-bidirectional-distsim.tagger
>>> stanford_pos_jar: C:/NLP_Programs/stanford-postagger-2018-10-16/stanford-postagger.jar
>>> glove_path: ./embeddings/glove.840B.300d.txt
>>> embedding_matrix_path: gen_data/embeddings/100_restaurant_domain_embedding_matrix.dat
>>> model_class: <class 'models.igcn.IGCN'>
>>> dataset_file: {'train': './datasets/semeval14/Restaurants_Train.xml.seg', 'test': './datasets/semeval14/Restaurants_Test_Gold.xml.seg'}
>>> inputs_cols: ['text_raw_indices', 'aspect_indices', 'pos_indices', 'aspect_pos_indices', 'position_indices']
>>>>>>>>>>>>>>>>>>>>>>>>>>>>>>>>>>>>>>>>>>>>>>>>>>>>>>>>>>>>>>>>>>>>>>>>>>>>>>>>>>>>>>>>>>>>>>>>>>>>
epoch: 0
loss: 1.0822, acc: 0.4688
loss: 1.0021, acc: 0.5312
loss: 0.9452, acc: 0.5708
loss: 0.9191, acc: 0.5875
loss: 0.8910, acc: 0.6062
loss: 0.8857, acc: 0.6062
loss: 0.8678, acc: 0.6143
loss: 0.8608, acc: 0.6219
loss: 0.8532, acc: 0.6292
loss: 0.8489, acc: 0.6288
loss: 0.8462, acc: 0.6273
loss: 0.8439, acc: 0.6271
loss: 0.8422, acc: 0.6279
loss: 0.8384, acc: 0.6326
loss: 0.8334, acc: 0.6350
loss: 0.8324, acc: 0.6352
loss: 0.8309, acc: 0.6342
loss: 0.8249, acc: 0.6385
loss: 0.8182, acc: 0.6428
loss: 0.8143, acc: 0.6431
loss: 0.8062, acc: 0.6488
loss: 0.7982, acc: 0.6526
> val_acc: 0.7491, val_f1: 0.5771
> best_val_acc: 0.0000, best_val_f1: 0.0000
>> saved: state_dict/igcn_embed_restaurant_val_acc0.7491
>>>>>>>>>>>>>>>>>>>>>>>>>>>>>>>>>>>>>>>>>>>>>>>>>>>>>>>>>>>>>>>>>>>>>>>>>>>>>>>>>>>>>>>>>>>>>>>>>>>>
epoch: 1
loss: 0.7303, acc: 0.7188
loss: 0.6674, acc: 0.7321
loss: 0.6548, acc: 0.7370
loss: 0.6494, acc: 0.7390
loss: 0.6512, acc: 0.7386
loss: 0.6482, acc: 0.7407
loss: 0.6391, acc: 0.7490
loss: 0.6351, acc: 0.7492
loss: 0.6300, acc: 0.7515
loss: 0.6276, acc: 0.7467
loss: 0.6294, acc: 0.7458
loss: 0.6247, acc: 0.7456
loss: 0.6164, acc: 0.7490
loss: 0.6144, acc: 0.7486
loss: 0.6162, acc: 0.7491
loss: 0.6107, acc: 0.7524
loss: 0.6061, acc: 0.7538
loss: 0.6060, acc: 0.7532
loss: 0.6057, acc: 0.7524
loss: 0.6055, acc: 0.7529
loss: 0.6036, acc: 0.7543
loss: 0.6000, acc: 0.7561
loss: 0.6000, acc: 0.7559
> val_acc: 0.7696, val_f1: 0.6503
> best_val_acc: 0.7491, best_val_f1: 0.5771
>> saved: state_dict/igcn_embed_restaurant_val_acc0.7696
>>>>>>>>>>>>>>>>>>>>>>>>>>>>>>>>>>>>>>>>>>>>>>>>>>>>>>>>>>>>>>>>>>>>>>>>>>>>>>>>>>>>>>>>>>>>>>>>>>>>
epoch: 2
loss: 0.5349, acc: 0.8281
loss: 0.5556, acc: 0.7917
loss: 0.5358, acc: 0.7946
loss: 0.5249, acc: 0.7944
loss: 0.5228, acc: 0.7943
loss: 0.5148, acc: 0.8006
loss: 0.5154, acc: 0.7960
loss: 0.5096, acc: 0.7973
loss: 0.5006, acc: 0.8054
loss: 0.5112, acc: 0.7997
loss: 0.5089, acc: 0.8003
loss: 0.5157, acc: 0.7982
loss: 0.5105, acc: 0.7988
cuda memory allocated: 5820928
n_trainable_params: 1010203, n_nontrainable_params: 442532
> training arguments:
>>> model_name: igcn_embed
>>> model_ver: 3
>>> dataset: restaurant
>>> optimizer: <class 'torch.optim.adamax.Adamax'>
>>> initializer: <function xavier_uniform_ at 0x7f0f0ac67e18>
>>> learning_rate: 0.002
>>> momentum: 0.95
>>> dropout: 0.35
>>> l2reg: 5e-05
>>> num_epoch: 30
>>> batch_size: 32
>>> log_step: 5
>>> embed_dim: 136
>>> hidden_dim: 300
>>> bert_dim: 768
>>> pretrained_bert_name: bert-base-uncased
>>> embeddings: d
>>> max_seq_len: 300
>>> polarities_dim: 3
>>> hops: 3
>>> device: cuda
>>> seed: 0
>>> valset_ratio: 0
>>> num_layers: 1
>>> in_channels: 100
>>> out_channels: 1
>>> downbot: 20
>>> kernel_size: 3
>>> position_dim: 100
>>> gating: GLU
>>> stanford_pos_model: C:/NLP_Programs/stanford-postagger-2018-10-16/models/english-bidirectional-distsim.tagger
>>> stanford_pos_jar: C:/NLP_Programs/stanford-postagger-2018-10-16/stanford-postagger.jar
>>> glove_path: ./embeddings/glove.840B.300d.txt
>>> embedding_matrix_path: gen_data/embeddings/100_restaurant_domain_embedding_matrix.dat
>>> model_class: <class 'models.igcn.IGCN'>
>>> dataset_file: {'train': './datasets/semeval14/Restaurants_Train.xml.seg', 'test': './datasets/semeval14/Restaurants_Test_Gold.xml.seg'}
>>> inputs_cols: ['text_raw_indices', 'aspect_indices', 'pos_indices', 'aspect_pos_indices', 'position_indices']
>>>>>>>>>>>>>>>>>>>>>>>>>>>>>>>>>>>>>>>>>>>>>>>>>>>>>>>>>>>>>>>>>>>>>>>>>>>>>>>>>>>>>>>>>>>>>>>>>>>>
epoch: 0
loss: 0.5111, acc: 0.7985
loss: 0.5076, acc: 0.8028
loss: 1.1145, acc: 0.4813
loss: 0.5030, acc: 0.8042
loss: 1.0091, acc: 0.5437
loss: 0.5004, acc: 0.8039
loss: 0.9477, acc: 0.5896
loss: 0.5008, acc: 0.8020
loss: 0.9150, acc: 0.6016
loss: 0.5031, acc: 0.7995
loss: 0.8840, acc: 0.6175
loss: 0.5104, acc: 0.7961
loss: 0.8753, acc: 0.6198
loss: 0.5089, acc: 0.7975
loss: 0.8556, acc: 0.6304
loss: 0.5080, acc: 0.7982
loss: 0.8479, acc: 0.6383
loss: 0.8387, acc: 0.6465
> val_acc: 0.7741, val_f1: 0.6215
> best_val_acc: 0.7696, best_val_f1: 0.6503
>> saved: state_dict/igcn_embed_restaurant_val_acc0.7741
>>>>>>>>>>>>>>>>>>>>>>>>>>>>>>>>>>>>>>>>>>>>>>>>>>>>>>>>>>>>>>>>>>>>>>>>>>>>>>>>>>>>>>>>>>>>>>>>>>>>
epoch: 3
loss: 0.4091, acc: 0.8438
loss: 0.8322, acc: 0.6475
loss: 0.4461, acc: 0.8490
loss: 0.8285, acc: 0.6483
loss: 0.3964, acc: 0.8778
loss: 0.8257, acc: 0.6490
loss: 0.3926, acc: 0.8730
loss: 0.8229, acc: 0.6490
loss: 0.4029, acc: 0.8616
loss: 0.8181, acc: 0.6522
loss: 0.4164, acc: 0.8534
loss: 0.8128, acc: 0.6550
loss: 0.4039, acc: 0.8558
loss: 0.8110, acc: 0.6543
loss: 0.4112, acc: 0.8516
loss: 0.8080, acc: 0.6540
loss: 0.4178, acc: 0.8460
loss: 0.8022, acc: 0.6576
loss: 0.4131, acc: 0.8465
loss: 0.7949, acc: 0.6622
loss: 0.4147, acc: 0.8450
loss: 0.7912, acc: 0.6631
loss: 0.4129, acc: 0.8443
loss: 0.7829, acc: 0.6676
loss: 0.4134, acc: 0.8432
loss: 0.7745, acc: 0.6707
loss: 0.4181, acc: 0.8419
loss: 0.4218, acc: 0.8389
> val_acc: 0.7562, val_f1: 0.5976
> best_val_acc: 0.0000, best_val_f1: 0.0000
>> saved: state_dict/igcn_embed_restaurant_val_acc0.7562
>>>>>>>>>>>>>>>>>>>>>>>>>>>>>>>>>>>>>>>>>>>>>>>>>>>>>>>>>>>>>>>>>>>>>>>>>>>>>>>>>>>>>>>>>>>>>>>>>>>>
epoch: 1
loss: 0.6804, acc: 0.7500
loss: 0.4246, acc: 0.8380
loss: 0.6121, acc: 0.7634
loss: 0.4264, acc: 0.8356
loss: 0.5998, acc: 0.7578
loss: 0.4291, acc: 0.8347
loss: 0.5996, acc: 0.7574
loss: 0.4315, acc: 0.8328
loss: 0.6025, acc: 0.7557
loss: 0.4323, acc: 0.8340
loss: 0.5984, acc: 0.7604
loss: 0.4329, acc: 0.8320
loss: 0.5876, acc: 0.7686
loss: 0.4334, acc: 0.8317
loss: 0.5864, acc: 0.7711
loss: 0.4319, acc: 0.8336
loss: 0.5828, acc: 0.7716
loss: 0.5815, acc: 0.7693
> val_acc: 0.7857, val_f1: 0.6806
> best_val_acc: 0.7741, best_val_f1: 0.6503
>> saved: state_dict/igcn_embed_restaurant_val_acc0.7857
>>>>>>>>>>>>>>>>>>>>>>>>>>>>>>>>>>>>>>>>>>>>>>>>>>>>>>>>>>>>>>>>>>>>>>>>>>>>>>>>>>>>>>>>>>>>>>>>>>>>
epoch: 4
loss: 0.3173, acc: 0.9062
loss: 0.5833, acc: 0.7644
loss: 0.3379, acc: 0.8828
loss: 0.5794, acc: 0.7632
loss: 0.3158, acc: 0.8870
loss: 0.5705, acc: 0.7661
loss: 0.3208, acc: 0.8924
loss: 0.5691, acc: 0.7659
loss: 0.3203, acc: 0.8913
loss: 0.5712, acc: 0.7652
loss: 0.3303, acc: 0.8806
loss: 0.5660, acc: 0.7695
loss: 0.3295, acc: 0.8797
loss: 0.5608, acc: 0.7710
loss: 0.3339, acc: 0.8775
loss: 0.5615, acc: 0.7705
loss: 0.3368, acc: 0.8750
loss: 0.5622, acc: 0.7700
loss: 0.3406, acc: 0.8730
loss: 0.5630, acc: 0.7690
loss: 0.3456, acc: 0.8721
loss: 0.5624, acc: 0.7687
loss: 0.3404, acc: 0.8750
loss: 0.5594, acc: 0.7696
loss: 0.3488, acc: 0.8710
loss: 0.5597, acc: 0.7684
loss: 0.3510, acc: 0.8695
> val_acc: 0.7688, val_f1: 0.6581
> best_val_acc: 0.7562, best_val_f1: 0.5976
loss: 0.3544, acc: 0.8711
>> saved: state_dict/igcn_embed_restaurant_val_acc0.7688
>>>>>>>>>>>>>>>>>>>>>>>>>>>>>>>>>>>>>>>>>>>>>>>>>>>>>>>>>>>>>>>>>>>>>>>>>>>>>>>>>>>>>>>>>>>>>>>>>>>>
epoch: 2
loss: 0.4763, acc: 0.8281
loss: 0.3525, acc: 0.8718
loss: 0.5024, acc: 0.8056
loss: 0.3518, acc: 0.8724
loss: 0.4820, acc: 0.8192
loss: 0.3562, acc: 0.8714
loss: 0.4708, acc: 0.8191
loss: 0.3574, acc: 0.8723
loss: 0.4675, acc: 0.8164
loss: 0.3596, acc: 0.8709
loss: 0.4585, acc: 0.8276
loss: 0.3603, acc: 0.8714
loss: 0.4627, acc: 0.8208
loss: 0.3582, acc: 0.8733
loss: 0.4537, acc: 0.8245
loss: 0.3599, acc: 0.8725
loss: 0.4454, acc: 0.8288
> val_acc: 0.7804, val_f1: 0.6532
> best_val_acc: 0.7857, best_val_f1: 0.6806
>>>>>>>>>>>>>>>>>>>>>>>>>>>>>>>>>>>>>>>>>>>>>>>>>>>>>>>>>>>>>>>>>>>>>>>>>>>>>>>>>>>>>>>>>>>>>>>>>>>>
epoch: 5
loss: 0.4544, acc: 0.8259
loss: 0.2626, acc: 0.9187
loss: 0.4535, acc: 0.8241
loss: 0.2878, acc: 0.9094
loss: 0.4613, acc: 0.8236
loss: 0.2779, acc: 0.9042
loss: 0.4582, acc: 0.8223
loss: 0.2832, acc: 0.9016
loss: 0.4583, acc: 0.8225
loss: 0.2842, acc: 0.9062
loss: 0.4554, acc: 0.8247
loss: 0.2919, acc: 0.9094
loss: 0.4511, acc: 0.8256
loss: 0.2874, acc: 0.9134
loss: 0.4496, acc: 0.8251
loss: 0.2858, acc: 0.9148
loss: 0.4508, acc: 0.8234
loss: 0.2789, acc: 0.9194
loss: 0.4536, acc: 0.8218
loss: 0.2904, acc: 0.9106
loss: 0.4615, acc: 0.8169
loss: 0.2953, acc: 0.9080
loss: 0.4607, acc: 0.8182
loss: 0.2904, acc: 0.9104
loss: 0.4606, acc: 0.8188
loss: 0.2948, acc: 0.9087
loss: 0.2959, acc: 0.9071
> val_acc: 0.7759, val_f1: 0.6356
> best_val_acc: 0.7688, best_val_f1: 0.6581
>> saved: state_dict/igcn_embed_restaurant_val_acc0.7759
>>>>>>>>>>>>>>>>>>>>>>>>>>>>>>>>>>>>>>>>>>>>>>>>>>>>>>>>>>>>>>>>>>>>>>>>>>>>>>>>>>>>>>>>>>>>>>>>>>>>
epoch: 3
loss: 0.3128, acc: 0.9062
loss: 0.2928, acc: 0.9087
loss: 0.3847, acc: 0.8906
loss: 0.2907, acc: 0.9094
loss: 0.3379, acc: 0.9091
loss: 0.2883, acc: 0.9110
loss: 0.3307, acc: 0.9121
loss: 0.2910, acc: 0.9094
loss: 0.3425, acc: 0.8988
loss: 0.2898, acc: 0.9095
loss: 0.3547, acc: 0.8894
loss: 0.2896, acc: 0.9103
loss: 0.3490, acc: 0.8861
loss: 0.2893, acc: 0.9104
loss: 0.3573, acc: 0.8793
loss: 0.2929, acc: 0.9071
loss: 0.3624, acc: 0.8750
loss: 0.3598, acc: 0.8743
> val_acc: 0.7768, val_f1: 0.6474
> best_val_acc: 0.7857, best_val_f1: 0.6806
>>>>>>>>>>>>>>>>>>>>>>>>>>>>>>>>>>>>>>>>>>>>>>>>>>>>>>>>>>>>>>>>>>>>>>>>>>>>>>>>>>>>>>>>>>>>>>>>>>>>
epoch: 6
loss: 0.2318, acc: 0.9219
loss: 0.3586, acc: 0.8744
loss: 0.2153, acc: 0.9464
loss: 0.3570, acc: 0.8728
loss: 0.2157, acc: 0.9479
loss: 0.3596, acc: 0.8730
loss: 0.2160, acc: 0.9467
loss: 0.3638, acc: 0.8717
loss: 0.2055, acc: 0.9517
loss: 0.3674, acc: 0.8693
loss: 0.2161, acc: 0.9421
loss: 0.3709, acc: 0.8664
loss: 0.2138, acc: 0.9434
loss: 0.3739, acc: 0.8638
loss: 0.2144, acc: 0.9443
loss: 0.3771, acc: 0.8623
loss: 0.2184, acc: 0.9427
loss: 0.3785, acc: 0.8623
loss: 0.2152, acc: 0.9475
loss: 0.3796, acc: 0.8620
loss: 0.2161, acc: 0.9465
loss: 0.3794, acc: 0.8608
loss: 0.2228, acc: 0.9391
loss: 0.3809, acc: 0.8600
loss: 0.2212, acc: 0.9400
loss: 0.3806, acc: 0.8598
loss: 0.2208, acc: 0.9394
loss: 0.2232, acc: 0.9384
> val_acc: 0.7786, val_f1: 0.6696
> best_val_acc: 0.7759, best_val_f1: 0.6581
>> saved: state_dict/igcn_embed_restaurant_val_acc0.7786
>>>>>>>>>>>>>>>>>>>>>>>>>>>>>>>>>>>>>>>>>>>>>>>>>>>>>>>>>>>>>>>>>>>>>>>>>>>>>>>>>>>>>>>>>>>>>>>>>>>>
epoch: 4
loss: 0.2475, acc: 0.9271
loss: 0.2267, acc: 0.9363
loss: 0.2761, acc: 0.9023
loss: 0.2276, acc: 0.9352
loss: 0.2602, acc: 0.9159
loss: 0.2290, acc: 0.9332
loss: 0.2674, acc: 0.9184
loss: 0.2306, acc: 0.9321
loss: 0.2665, acc: 0.9212
loss: 0.2318, acc: 0.9311
loss: 0.2759, acc: 0.9152
loss: 0.2326, acc: 0.9298
loss: 0.2741, acc: 0.9157
loss: 0.2354, acc: 0.9293
loss: 0.2815, acc: 0.9095
loss: 0.2347, acc: 0.9297
loss: 0.2841, acc: 0.9092
> val_acc: 0.7786, val_f1: 0.6519
> best_val_acc: 0.7857, best_val_f1: 0.6806
>>>>>>>>>>>>>>>>>>>>>>>>>>>>>>>>>>>>>>>>>>>>>>>>>>>>>>>>>>>>>>>>>>>>>>>>>>>>>>>>>>>>>>>>>>>>>>>>>>>>
epoch: 7
loss: 0.2887, acc: 0.9069
loss: 0.2000, acc: 0.9453
loss: 0.2936, acc: 0.9062
loss: 0.1906, acc: 0.9514
loss: 0.2890, acc: 0.9068
loss: 0.1876, acc: 0.9531
loss: 0.2943, acc: 0.9023
loss: 0.1873, acc: 0.9556
loss: 0.2973, acc: 0.9003
loss: 0.1821, acc: 0.9583
loss: 0.3001, acc: 0.8998
loss: 0.1766, acc: 0.9612
loss: 0.2997, acc: 0.8990
loss: 0.1801, acc: 0.9605
loss: 0.2995, acc: 0.8987
loss: 0.1760, acc: 0.9639
loss: 0.3036, acc: 0.8977
loss: 0.1776, acc: 0.9624
loss: 0.3059, acc: 0.8962
loss: 0.1760, acc: 0.9617
loss: 0.3066, acc: 0.8957
loss: 0.1718, acc: 0.9635
loss: 0.3082, acc: 0.8962
loss: 0.1710, acc: 0.9635
loss: 0.3069, acc: 0.8964
loss: 0.1708, acc: 0.9639
loss: 0.3098, acc: 0.8947
loss: 0.1733, acc: 0.9633
> val_acc: 0.7723, val_f1: 0.6620
> best_val_acc: 0.7786, best_val_f1: 0.6696
>>>>>>>>>>>>>>>>>>>>>>>>>>>>>>>>>>>>>>>>>>>>>>>>>>>>>>>>>>>>>>>>>>>>>>>>>>>>>>>>>>>>>>>>>>>>>>>>>>>>
epoch: 5
loss: 0.1759, acc: 0.9633
loss: 0.2294, acc: 0.9375
loss: 0.1748, acc: 0.9632
loss: 0.1776, acc: 0.9617
loss: 0.2402, acc: 0.9375
loss: 0.1777, acc: 0.9614
loss: 0.2422, acc: 0.9271
loss: 0.1769, acc: 0.9618
loss: 0.2435, acc: 0.9187
loss: 0.2475, acc: 0.9200
loss: 0.1760, acc: 0.9624
loss: 0.1761, acc: 0.9627
loss: 0.2508, acc: 0.9208
loss: 0.1766, acc: 0.9627
loss: 0.2466, acc: 0.9223
loss: 0.2437, acc: 0.9242
loss: 0.2380, acc: 0.9285
> val_acc: 0.7911, val_f1: 0.6952
> best_val_acc: 0.7857, best_val_f1: 0.6806
>> saved: state_dict/igcn_embed_restaurant_val_acc0.7911
>>>>>>>>>>>>>>>>>>>>>>>>>>>>>>>>>>>>>>>>>>>>>>>>>>>>>>>>>>>>>>>>>>>>>>>>>>>>>>>>>>>>>>>>>>>>>>>>>>>>
epoch: 8
loss: 0.0981, acc: 0.9688
loss: 0.2470, acc: 0.9219
loss: 0.1195, acc: 0.9896
loss: 0.2507, acc: 0.9199
loss: 0.1242, acc: 0.9915
loss: 0.2470, acc: 0.9219
loss: 0.1210, acc: 0.9902
loss: 0.2496, acc: 0.9187
loss: 0.1265, acc: 0.9881
loss: 0.2502, acc: 0.9183
loss: 0.1271, acc: 0.9844
loss: 0.2479, acc: 0.9187
loss: 0.1252, acc: 0.9859
loss: 0.2458, acc: 0.9207
loss: 0.1244, acc: 0.9852
loss: 0.2442, acc: 0.9232
loss: 0.1231, acc: 0.9848
loss: 0.2467, acc: 0.9240
loss: 0.1274, acc: 0.9830
loss: 0.2454, acc: 0.9247
loss: 0.1275, acc: 0.9804
loss: 0.2444, acc: 0.9256
loss: 0.1286, acc: 0.9805
loss: 0.2436, acc: 0.9265
loss: 0.1327, acc: 0.9780
loss: 0.2455, acc: 0.9261
loss: 0.1343, acc: 0.9759
loss: 0.1373, acc: 0.9732
> val_acc: 0.7786, val_f1: 0.6594
> best_val_acc: 0.7786, best_val_f1: 0.6696
>>>>>>>>>>>>>>>>>>>>>>>>>>>>>>>>>>>>>>>>>>>>>>>>>>>>>>>>>>>>>>>>>>>>>>>>>>>>>>>>>>>>>>>>>>>>>>>>>>>>
epoch: 6
loss: 0.1385, acc: 0.9725
loss: 0.1907, acc: 0.9531
loss: 0.1378, acc: 0.9730
loss: 0.1793, acc: 0.9509
loss: 0.1716, acc: 0.9635
loss: 0.1369, acc: 0.9727
loss: 0.1740, acc: 0.9614
loss: 0.1376, acc: 0.9729
loss: 0.1653, acc: 0.9659
loss: 0.1391, acc: 0.9723
loss: 0.1740, acc: 0.9595
loss: 0.1391, acc: 0.9725
loss: 0.1382, acc: 0.9732
loss: 0.1762, acc: 0.9600
loss: 0.1362, acc: 0.9741
loss: 0.1768, acc: 0.9595
loss: 0.1785, acc: 0.9568
> val_acc: 0.7902, val_f1: 0.6771
> best_val_acc: 0.7911, best_val_f1: 0.6952
>>>>>>>>>>>>>>>>>>>>>>>>>>>>>>>>>>>>>>>>>>>>>>>>>>>>>>>>>>>>>>>>>>>>>>>>>>>>>>>>>>>>>>>>>>>>>>>>>>>>
epoch: 9
loss: 0.1771, acc: 0.9594
loss: 0.1013, acc: 0.9792
loss: 0.1802, acc: 0.9573
loss: 0.0912, acc: 0.9883
loss: 0.1837, acc: 0.9539
loss: 0.0890, acc: 0.9856
loss: 0.1831, acc: 0.9551
loss: 0.0881, acc: 0.9878
loss: 0.1826, acc: 0.9543
loss: 0.0916, acc: 0.9864
loss: 0.1830, acc: 0.9544
loss: 0.0941, acc: 0.9833
loss: 0.1856, acc: 0.9533
loss: 0.0911, acc: 0.9858
loss: 0.1867, acc: 0.9524
loss: 0.0891, acc: 0.9877
loss: 0.1873, acc: 0.9515
loss: 0.0906, acc: 0.9862
loss: 0.1899, acc: 0.9494
loss: 0.0917, acc: 0.9876
loss: 0.1913, acc: 0.9485
loss: 0.0934, acc: 0.9870
loss: 0.1924, acc: 0.9476
loss: 0.0941, acc: 0.9871
loss: 0.1944, acc: 0.9460
loss: 0.0941, acc: 0.9871
loss: 0.1952, acc: 0.9461
loss: 0.0952, acc: 0.9867
loss: 0.0953, acc: 0.9867
> val_acc: 0.7688, val_f1: 0.6522
> best_val_acc: 0.7786, best_val_f1: 0.6696
>>>>>>>>>>>>>>>>>>>>>>>>>>>>>>>>>>>>>>>>>>>>>>>>>>>>>>>>>>>>>>>>>>>>>>>>>>>>>>>>>>>>>>>>>>>>>>>>>>>>
epoch: 7
loss: 0.1586, acc: 0.9609
loss: 0.0947, acc: 0.9872
loss: 0.1544, acc: 0.9688
loss: 0.0947, acc: 0.9872
loss: 0.1510, acc: 0.9665
loss: 0.0956, acc: 0.9865
loss: 0.1525, acc: 0.9622
loss: 0.0960, acc: 0.9862
loss: 0.1486, acc: 0.9661
loss: 0.0952, acc: 0.9863
loss: 0.1467, acc: 0.9655
loss: 0.0962, acc: 0.9857
loss: 0.1514, acc: 0.9651
loss: 0.0971, acc: 0.9852
loss: 0.1478, acc: 0.9696
loss: 0.0980, acc: 0.9853
loss: 0.1490, acc: 0.9680
> val_acc: 0.7777, val_f1: 0.6434
> best_val_acc: 0.7911, best_val_f1: 0.6952
>>>>>>>>>>>>>>>>>>>>>>>>>>>>>>>>>>>>>>>>>>>>>>>>>>>>>>>>>>>>>>>>>>>>>>>>>>>>>>>>>>>>>>>>>>>>>>>>>>>>
epoch: 10
loss: 0.1485, acc: 0.9675
loss: 0.0594, acc: 1.0000
loss: 0.1453, acc: 0.9682
loss: 0.0642, acc: 1.0000
loss: 0.1449, acc: 0.9677
loss: 0.0621, acc: 1.0000
loss: 0.1433, acc: 0.9692
loss: 0.0684, acc: 0.9984
loss: 0.1435, acc: 0.9701
loss: 0.0721, acc: 0.9962
loss: 0.1456, acc: 0.9696
loss: 0.0712, acc: 0.9969
loss: 0.1446, acc: 0.9707
loss: 0.0726, acc: 0.9946
loss: 0.1462, acc: 0.9691
loss: 0.0700, acc: 0.9953
loss: 0.1461, acc: 0.9688
loss: 0.0689, acc: 0.9951
loss: 0.1458, acc: 0.9691
loss: 0.0687, acc: 0.9950
loss: 0.1457, acc: 0.9684
loss: 0.0696, acc: 0.9943
loss: 0.1456, acc: 0.9681
loss: 0.0688, acc: 0.9948
loss: 0.1468, acc: 0.9682
loss: 0.0684, acc: 0.9952
loss: 0.0686, acc: 0.9951
> val_acc: 0.7714, val_f1: 0.6778
> best_val_acc: 0.7786, best_val_f1: 0.6696
>>>>>>>>>>>>>>>>>>>>>>>>>>>>>>>>>>>>>>>>>>>>>>>>>>>>>>>>>>>>>>>>>>>>>>>>>>>>>>>>>>>>>>>>>>>>>>>>>>>>
epoch: 8
loss: 0.0855, acc: 1.0000
loss: 0.0697, acc: 0.9942
loss: 0.1046, acc: 1.0000
loss: 0.0694, acc: 0.9941
loss: 0.1069, acc: 0.9972
loss: 0.0694, acc: 0.9938
loss: 0.0706, acc: 0.9934
loss: 0.1025, acc: 0.9941
loss: 0.0716, acc: 0.9934
loss: 0.1056, acc: 0.9851
loss: 0.0712, acc: 0.9938
loss: 0.1076, acc: 0.9820
loss: 0.0711, acc: 0.9938
loss: 0.1067, acc: 0.9819
loss: 0.1060, acc: 0.9826
loss: 0.0709, acc: 0.9940
loss: 0.1058, acc: 0.9825
> val_acc: 0.7839, val_f1: 0.6778
> best_val_acc: 0.7911, best_val_f1: 0.6952
>>>>>>>>>>>>>>>>>>>>>>>>>>>>>>>>>>>>>>>>>>>>>>>>>>>>>>>>>>>>>>>>>>>>>>>>>>>>>>>>>>>>>>>>>>>>>>>>>>>>
epoch: 11
loss: 0.1105, acc: 0.9796
loss: 0.0436, acc: 1.0000
loss: 0.1112, acc: 0.9786
loss: 0.0547, acc: 0.9955
loss: 0.1103, acc: 0.9805
loss: 0.0553, acc: 0.9896
loss: 0.1112, acc: 0.9805
loss: 0.0512, acc: 0.9926
loss: 0.1132, acc: 0.9787
loss: 0.0505, acc: 0.9943
loss: 0.1142, acc: 0.9784
loss: 0.0480, acc: 0.9954
loss: 0.1162, acc: 0.9770
loss: 0.0480, acc: 0.9961
loss: 0.1163, acc: 0.9765
loss: 0.0491, acc: 0.9958
loss: 0.1156, acc: 0.9767
loss: 0.0501, acc: 0.9955
loss: 0.1158, acc: 0.9770
loss: 0.0503, acc: 0.9960
loss: 0.1169, acc: 0.9766
loss: 0.0509, acc: 0.9958
loss: 0.1170, acc: 0.9774
loss: 0.0518, acc: 0.9962
loss: 0.1165, acc: 0.9776
loss: 0.0514, acc: 0.9965
loss: 0.1161, acc: 0.9778
loss: 0.0512, acc: 0.9963
loss: 0.0511, acc: 0.9965
> val_acc: 0.7839, val_f1: 0.6639
> best_val_acc: 0.7786, best_val_f1: 0.6778
>> saved: state_dict/igcn_embed_restaurant_val_acc0.7839
>>>>>>>>>>>>>>>>>>>>>>>>>>>>>>>>>>>>>>>>>>>>>>>>>>>>>>>>>>>>>>>>>>>>>>>>>>>>>>>>>>>>>>>>>>>>>>>>>>>>
epoch: 9
loss: 0.0940, acc: 0.9896
loss: 0.0514, acc: 0.9968
loss: 0.0839, acc: 0.9883
loss: 0.0507, acc: 0.9970
loss: 0.0782, acc: 0.9904
loss: 0.0509, acc: 0.9964
loss: 0.0805, acc: 0.9861
loss: 0.0512, acc: 0.9966
loss: 0.0793, acc: 0.9878
loss: 0.0509, acc: 0.9968
loss: 0.0804, acc: 0.9900
loss: 0.0505, acc: 0.9969
loss: 0.0779, acc: 0.9905
loss: 0.0514, acc: 0.9971
loss: 0.0760, acc: 0.9910
loss: 0.0509, acc: 0.9969
loss: 0.0765, acc: 0.9913
> val_acc: 0.7804, val_f1: 0.6722
> best_val_acc: 0.7911, best_val_f1: 0.6952
>>>>>>>>>>>>>>>>>>>>>>>>>>>>>>>>>>>>>>>>>>>>>>>>>>>>>>>>>>>>>>>>>>>>>>>>>>>>>>>>>>>>>>>>>>>>>>>>>>>>
epoch: 12
loss: 0.0775, acc: 0.9915
loss: 0.0355, acc: 1.0000
loss: 0.0774, acc: 0.9917
loss: 0.0343, acc: 1.0000
loss: 0.0772, acc: 0.9919
loss: 0.0328, acc: 1.0000
loss: 0.0782, acc: 0.9921
loss: 0.0319, acc: 1.0000
loss: 0.0788, acc: 0.9922
loss: 0.0331, acc: 1.0000
loss: 0.0789, acc: 0.9927
loss: 0.0338, acc: 0.9989
loss: 0.0797, acc: 0.9924
loss: 0.0338, acc: 0.9991
loss: 0.0810, acc: 0.9917
loss: 0.0340, acc: 0.9992
loss: 0.0828, acc: 0.9904
loss: 0.0356, acc: 0.9993
loss: 0.0850, acc: 0.9892
loss: 0.0355, acc: 0.9994
loss: 0.0841, acc: 0.9895
loss: 0.0362, acc: 0.9994
loss: 0.0845, acc: 0.9894
loss: 0.0376, acc: 0.9995
loss: 0.0855, acc: 0.9890
loss: 0.0379, acc: 0.9995
loss: 0.0871, acc: 0.9881
loss: 0.0380, acc: 0.9991
> val_acc: 0.7768, val_f1: 0.6526
> best_val_acc: 0.7839, best_val_f1: 0.6778
>>>>>>>>>>>>>>>>>>>>>>>>>>>>>>>>>>>>>>>>>>>>>>>>>>>>>>>>>>>>>>>>>>>>>>>>>>>>>>>>>>>>>>>>>>>>>>>>>>>>
epoch: 10
loss: 0.0381, acc: 0.9987
loss: 0.0546, acc: 1.0000
loss: 0.0381, acc: 0.9988
loss: 0.0616, acc: 0.9969
loss: 0.0383, acc: 0.9989
loss: 0.0385, acc: 0.9986
loss: 0.0562, acc: 0.9979
loss: 0.0385, acc: 0.9987
loss: 0.0600, acc: 0.9953
loss: 0.0631, acc: 0.9962
loss: 0.0387, acc: 0.9987
loss: 0.0388, acc: 0.9988
loss: 0.0631, acc: 0.9969
loss: 0.0628, acc: 0.9955
loss: 0.0392, acc: 0.9983
loss: 0.0609, acc: 0.9961
loss: 0.0601, acc: 0.9958
> val_acc: 0.7804, val_f1: 0.6636
> best_val_acc: 0.7911, best_val_f1: 0.6952
>>>>>>>>>>>>>>>>>>>>>>>>>>>>>>>>>>>>>>>>>>>>>>>>>>>>>>>>>>>>>>>>>>>>>>>>>>>>>>>>>>>>>>>>>>>>>>>>>>>>
epoch: 13
loss: 0.0181, acc: 1.0000
loss: 0.0601, acc: 0.9950
loss: 0.0302, acc: 0.9948
loss: 0.0610, acc: 0.9943
loss: 0.0277, acc: 0.9972
loss: 0.0597, acc: 0.9948
loss: 0.0291, acc: 0.9980
loss: 0.0601, acc: 0.9947
loss: 0.0286, acc: 0.9985
loss: 0.0600, acc: 0.9946
loss: 0.0275, acc: 0.9988
loss: 0.0618, acc: 0.9938
loss: 0.0281, acc: 0.9990
loss: 0.0615, acc: 0.9938
loss: 0.0288, acc: 0.9991
loss: 0.0623, acc: 0.9930
loss: 0.0285, acc: 0.9992
loss: 0.0635, acc: 0.9924
loss: 0.0285, acc: 0.9993
loss: 0.0646, acc: 0.9921
loss: 0.0284, acc: 0.9994
loss: 0.0644, acc: 0.9925
loss: 0.0286, acc: 0.9994
loss: 0.0637, acc: 0.9926
loss: 0.0291, acc: 0.9995
loss: 0.0640, acc: 0.9926
loss: 0.0294, acc: 0.9995
loss: 0.0293, acc: 0.9996
> val_acc: 0.7714, val_f1: 0.6471
> best_val_acc: 0.7839, best_val_f1: 0.6778
>>>>>>>>>>>>>>>>>>>>>>>>>>>>>>>>>>>>>>>>>>>>>>>>>>>>>>>>>>>>>>>>>>>>>>>>>>>>>>>>>>>>>>>>>>>>>>>>>>>>
epoch: 11
loss: 0.0377, acc: 1.0000
loss: 0.0293, acc: 0.9996
loss: 0.0290, acc: 0.9992
loss: 0.0501, acc: 0.9911
loss: 0.0289, acc: 0.9993
loss: 0.0534, acc: 0.9896
loss: 0.0482, acc: 0.9926
loss: 0.0289, acc: 0.9993
loss: 0.0507, acc: 0.9915
loss: 0.0299, acc: 0.9987
loss: 0.0313, acc: 0.9981
loss: 0.0469, acc: 0.9931
loss: 0.0311, acc: 0.9982
loss: 0.0469, acc: 0.9941
loss: 0.0313, acc: 0.9983
loss: 0.0471, acc: 0.9941
loss: 0.0493, acc: 0.9933
> val_acc: 0.7795, val_f1: 0.6641
> best_val_acc: 0.7911, best_val_f1: 0.6952
>>>>>>>>>>>>>>>>>>>>>>>>>>>>>>>>>>>>>>>>>>>>>>>>>>>>>>>>>>>>>>>>>>>>>>>>>>>>>>>>>>>>>>>>>>>>>>>>>>>>
epoch: 14
loss: 0.0494, acc: 0.9940
loss: 0.0232, acc: 1.0000
loss: 0.0503, acc: 0.9928
loss: 0.0259, acc: 0.9961
loss: 0.0504, acc: 0.9934
loss: 0.0258, acc: 0.9976
loss: 0.0494, acc: 0.9940
loss: 0.0246, acc: 0.9983
loss: 0.0487, acc: 0.9944
loss: 0.0262, acc: 0.9986
loss: 0.0492, acc: 0.9944
loss: 0.0275, acc: 0.9989
loss: 0.0501, acc: 0.9939
loss: 0.0262, acc: 0.9991
loss: 0.0494, acc: 0.9943
loss: 0.0268, acc: 0.9992
loss: 0.0489, acc: 0.9946
loss: 0.0271, acc: 0.9985
loss: 0.0488, acc: 0.9949
loss: 0.0266, acc: 0.9987
loss: 0.0480, acc: 0.9952
loss: 0.0264, acc: 0.9982
loss: 0.0479, acc: 0.9954
loss: 0.0258, acc: 0.9984
loss: 0.0482, acc: 0.9956
loss: 0.0258, acc: 0.9985
loss: 0.0480, acc: 0.9955
loss: 0.0256, acc: 0.9986
loss: 0.0253, acc: 0.9987
> val_acc: 0.7750, val_f1: 0.6713
> best_val_acc: 0.7839, best_val_f1: 0.6778
>>>>>>>>>>>>>>>>>>>>>>>>>>>>>>>>>>>>>>>>>>>>>>>>>>>>>>>>>>>>>>>>>>>>>>>>>>>>>>>>>>>>>>>>>>>>>>>>>>>>
epoch: 12
loss: 0.0247, acc: 0.9988
loss: 0.0355, acc: 1.0000
loss: 0.0344, acc: 1.0000
loss: 0.0247, acc: 0.9985
loss: 0.0242, acc: 0.9986
loss: 0.0344, acc: 1.0000
loss: 0.0240, acc: 0.9987
loss: 0.0353, acc: 1.0000
loss: 0.0238, acc: 0.9987
loss: 0.0374, acc: 0.9987
loss: 0.0372, acc: 0.9989
loss: 0.0237, acc: 0.9988
loss: 0.0238, acc: 0.9988
loss: 0.0380, acc: 0.9991
loss: 0.0238, acc: 0.9989
loss: 0.0390, acc: 0.9976
loss: 0.0402, acc: 0.9972
> val_acc: 0.7848, val_f1: 0.6764
> best_val_acc: 0.7911, best_val_f1: 0.6952
>>>>>>>>>>>>>>>>>>>>>>>>>>>>>>>>>>>>>>>>>>>>>>>>>>>>>>>>>>>>>>>>>>>>>>>>>>>>>>>>>>>>>>>>>>>>>>>>>>>>
epoch: 15
loss: 0.0400, acc: 0.9974
loss: 0.0154, acc: 1.0000
loss: 0.0407, acc: 0.9971
loss: 0.0151, acc: 1.0000
loss: 0.0412, acc: 0.9974
loss: 0.0172, acc: 1.0000
loss: 0.0415, acc: 0.9976
loss: 0.0170, acc: 1.0000
loss: 0.0413, acc: 0.9977
loss: 0.0174, acc: 1.0000
loss: 0.0417, acc: 0.9970
loss: 0.0171, acc: 1.0000
loss: 0.0414, acc: 0.9972
loss: 0.0175, acc: 1.0000
loss: 0.0415, acc: 0.9970
loss: 0.0175, acc: 1.0000
loss: 0.0423, acc: 0.9965
loss: 0.0172, acc: 1.0000
loss: 0.0423, acc: 0.9967
loss: 0.0166, acc: 1.0000
loss: 0.0431, acc: 0.9962
loss: 0.0163, acc: 1.0000
loss: 0.0429, acc: 0.9961
loss: 0.0164, acc: 0.9995
loss: 0.0433, acc: 0.9960
loss: 0.0167, acc: 0.9995
loss: 0.0170, acc: 0.9996
> val_acc: 0.7759, val_f1: 0.6601
> best_val_acc: 0.7839, best_val_f1: 0.6778
>>>>>>>>>>>>>>>>>>>>>>>>>>>>>>>>>>>>>>>>>>>>>>>>>>>>>>>>>>>>>>>>>>>>>>>>>>>>>>>>>>>>>>>>>>>>>>>>>>>>
epoch: 13
loss: 0.0220, acc: 1.0000
loss: 0.0167, acc: 0.9996
loss: 0.0317, acc: 1.0000
loss: 0.0168, acc: 0.9996
loss: 0.0298, acc: 1.0000
loss: 0.0169, acc: 0.9996
loss: 0.0298, acc: 1.0000
loss: 0.0169, acc: 0.9997
loss: 0.0306, acc: 1.0000
loss: 0.0167, acc: 0.9997
loss: 0.0307, acc: 1.0000
loss: 0.0166, acc: 0.9997
loss: 0.0305, acc: 1.0000
loss: 0.0167, acc: 0.9997
loss: 0.0319, acc: 0.9991
loss: 0.0167, acc: 0.9997
loss: 0.0313, acc: 0.9992
loss: 0.0310, acc: 0.9993
> val_acc: 0.7830, val_f1: 0.6653
> best_val_acc: 0.7911, best_val_f1: 0.6952
>>>>>>>>>>>>>>>>>>>>>>>>>>>>>>>>>>>>>>>>>>>>>>>>>>>>>>>>>>>>>>>>>>>>>>>>>>>>>>>>>>>>>>>>>>>>>>>>>>>>
epoch: 16
loss: 0.0131, acc: 1.0000
loss: 0.0315, acc: 0.9982
loss: 0.0111, acc: 1.0000
loss: 0.0310, acc: 0.9983
loss: 0.0146, acc: 1.0000
loss: 0.0313, acc: 0.9985
loss: 0.0147, acc: 1.0000
loss: 0.0316, acc: 0.9986
loss: 0.0141, acc: 1.0000
loss: 0.0317, acc: 0.9987
loss: 0.0144, acc: 1.0000
loss: 0.0315, acc: 0.9988
loss: 0.0135, acc: 1.0000
loss: 0.0312, acc: 0.9985
loss: 0.0130, acc: 1.0000
loss: 0.0315, acc: 0.9985
loss: 0.0129, acc: 1.0000
loss: 0.0314, acc: 0.9986
loss: 0.0126, acc: 1.0000
loss: 0.0321, acc: 0.9984
loss: 0.0125, acc: 1.0000
loss: 0.0326, acc: 0.9978
loss: 0.0132, acc: 1.0000
loss: 0.0326, acc: 0.9979
loss: 0.0139, acc: 1.0000
loss: 0.0327, acc: 0.9980
loss: 0.0140, acc: 1.0000
loss: 0.0138, acc: 1.0000
> val_acc: 0.7759, val_f1: 0.6620
> best_val_acc: 0.7839, best_val_f1: 0.6778
>>>>>>>>>>>>>>>>>>>>>>>>>>>>>>>>>>>>>>>>>>>>>>>>>>>>>>>>>>>>>>>>>>>>>>>>>>>>>>>>>>>>>>>>>>>>>>>>>>>>
epoch: 14
loss: 0.0138, acc: 1.0000
loss: 0.0272, acc: 1.0000
loss: 0.0139, acc: 1.0000
loss: 0.0266, acc: 1.0000
loss: 0.0141, acc: 0.9996
loss: 0.0279, acc: 1.0000
loss: 0.0149, acc: 0.9990
loss: 0.0267, acc: 1.0000
loss: 0.0151, acc: 0.9990
loss: 0.0276, acc: 1.0000
loss: 0.0155, acc: 0.9988
loss: 0.0282, acc: 1.0000
loss: 0.0155, acc: 0.9988
loss: 0.0267, acc: 1.0000
loss: 0.0153, acc: 0.9989
loss: 0.0276, acc: 0.9992
loss: 0.0275, acc: 0.9993
> val_acc: 0.7768, val_f1: 0.6520
> best_val_acc: 0.7911, best_val_f1: 0.6952
>>>>>>>>>>>>>>>>>>>>>>>>>>>>>>>>>>>>>>>>>>>>>>>>>>>>>>>>>>>>>>>>>>>>>>>>>>>>>>>>>>>>>>>>>>>>>>>>>>>>
epoch: 17
loss: 0.0275, acc: 0.9993
loss: 0.0177, acc: 1.0000
loss: 0.0276, acc: 0.9994
loss: 0.0228, acc: 0.9965
loss: 0.0274, acc: 0.9995
loss: 0.0213, acc: 0.9978
loss: 0.0272, acc: 0.9995
loss: 0.0192, acc: 0.9984
loss: 0.0276, acc: 0.9995
loss: 0.0188, acc: 0.9987
loss: 0.0276, acc: 0.9996
loss: 0.0175, acc: 0.9989
loss: 0.0276, acc: 0.9996
loss: 0.0168, acc: 0.9991
loss: 0.0282, acc: 0.9992
loss: 0.0166, acc: 0.9992
loss: 0.0279, acc: 0.9993
loss: 0.0161, acc: 0.9993
loss: 0.0287, acc: 0.9990
loss: 0.0161, acc: 0.9987
loss: 0.0289, acc: 0.9987
loss: 0.0155, acc: 0.9988
loss: 0.0290, acc: 0.9985
loss: 0.0152, acc: 0.9989
loss: 0.0292, acc: 0.9986
loss: 0.0147, acc: 0.9990
loss: 0.0289, acc: 0.9986
loss: 0.0147, acc: 0.9991
loss: 0.0145, acc: 0.9992
> val_acc: 0.7839, val_f1: 0.6818
> best_val_acc: 0.7839, best_val_f1: 0.6778
>>>>>>>>>>>>>>>>>>>>>>>>>>>>>>>>>>>>>>>>>>>>>>>>>>>>>>>>>>>>>>>>>>>>>>>>>>>>>>>>>>>>>>>>>>>>>>>>>>>>
epoch: 15
loss: 0.0144, acc: 0.9992
loss: 0.0242, acc: 1.0000
loss: 0.0142, acc: 0.9993
loss: 0.0208, acc: 1.0000
loss: 0.0140, acc: 0.9993
loss: 0.0227, acc: 0.9979
loss: 0.0141, acc: 0.9993
loss: 0.0218, acc: 0.9984
loss: 0.0142, acc: 0.9994
loss: 0.0223, acc: 0.9988
loss: 0.0141, acc: 0.9994
loss: 0.0227, acc: 0.9990
loss: 0.0141, acc: 0.9994
loss: 0.0229, acc: 0.9991
loss: 0.0227, acc: 0.9992
loss: 0.0237, acc: 0.9986
> val_acc: 0.7777, val_f1: 0.6544
> best_val_acc: 0.7911, best_val_f1: 0.6952
>>>>>>>>>>>>>>>>>>>>>>>>>>>>>>>>>>>>>>>>>>>>>>>>>>>>>>>>>>>>>>>>>>>>>>>>>>>>>>>>>>>>>>>>>>>>>>>>>>>>
epoch: 18
loss: 0.0082, acc: 1.0000
loss: 0.0231, acc: 0.9988
loss: 0.0093, acc: 1.0000
loss: 0.0230, acc: 0.9983
loss: 0.0089, acc: 1.0000
loss: 0.0231, acc: 0.9984
loss: 0.0104, acc: 1.0000
loss: 0.0233, acc: 0.9986
loss: 0.0098, acc: 1.0000
loss: 0.0237, acc: 0.9982
loss: 0.0098, acc: 1.0000
loss: 0.0239, acc: 0.9983
loss: 0.0096, acc: 1.0000
loss: 0.0237, acc: 0.9984
loss: 0.0094, acc: 1.0000
loss: 0.0242, acc: 0.9982
loss: 0.0098, acc: 1.0000
loss: 0.0244, acc: 0.9979
loss: 0.0099, acc: 1.0000
loss: 0.0245, acc: 0.9980
loss: 0.0099, acc: 1.0000
loss: 0.0243, acc: 0.9981
loss: 0.0104, acc: 1.0000
loss: 0.0241, acc: 0.9982
loss: 0.0105, acc: 1.0000
loss: 0.0242, acc: 0.9983
loss: 0.0105, acc: 1.0000
loss: 0.0106, acc: 1.0000
> val_acc: 0.7679, val_f1: 0.6220
> best_val_acc: 0.7839, best_val_f1: 0.6818
>>>>>>>>>>>>>>>>>>>>>>>>>>>>>>>>>>>>>>>>>>>>>>>>>>>>>>>>>>>>>>>>>>>>>>>>>>>>>>>>>>>>>>>>>>>>>>>>>>>>
epoch: 16
loss: 0.0105, acc: 1.0000
loss: 0.0306, acc: 1.0000
loss: 0.0107, acc: 1.0000
loss: 0.0229, acc: 1.0000
loss: 0.0107, acc: 1.0000
loss: 0.0240, acc: 1.0000
loss: 0.0110, acc: 1.0000
loss: 0.0249, acc: 0.9982
loss: 0.0109, acc: 1.0000
loss: 0.0227, acc: 0.9986
loss: 0.0110, acc: 1.0000
loss: 0.0217, acc: 0.9988
loss: 0.0111, acc: 1.0000
loss: 0.0209, acc: 0.9990
loss: 0.0110, acc: 1.0000
loss: 0.0209, acc: 0.9992
loss: 0.0208, acc: 0.9993
> val_acc: 0.7759, val_f1: 0.6672
> best_val_acc: 0.7911, best_val_f1: 0.6952
>>>>>>>>>>>>>>>>>>>>>>>>>>>>>>>>>>>>>>>>>>>>>>>>>>>>>>>>>>>>>>>>>>>>>>>>>>>>>>>>>>>>>>>>>>>>>>>>>>>>
epoch: 19
loss: 0.0199, acc: 0.9993
loss: 0.0074, acc: 1.0000
loss: 0.0196, acc: 0.9994
loss: 0.0082, acc: 1.0000
loss: 0.0195, acc: 0.9995
loss: 0.0076, acc: 1.0000
loss: 0.0206, acc: 0.9985
loss: 0.0101, acc: 1.0000
loss: 0.0208, acc: 0.9981
loss: 0.0099, acc: 1.0000
loss: 0.0203, acc: 0.9983
loss: 0.0101, acc: 1.0000
loss: 0.0200, acc: 0.9984
loss: 0.0095, acc: 1.0000
loss: 0.0202, acc: 0.9985
loss: 0.0092, acc: 1.0000
loss: 0.0203, acc: 0.9986
loss: 0.0094, acc: 1.0000
loss: 0.0206, acc: 0.9986
loss: 0.0094, acc: 1.0000
loss: 0.0207, acc: 0.9984
loss: 0.0101, acc: 0.9994
loss: 0.0208, acc: 0.9985
loss: 0.0101, acc: 0.9995
loss: 0.0209, acc: 0.9985
loss: 0.0101, acc: 0.9995
loss: 0.0209, acc: 0.9986
loss: 0.0099, acc: 0.9995
loss: 0.0099, acc: 0.9996
> val_acc: 0.7759, val_f1: 0.6492
> best_val_acc: 0.7839, best_val_f1: 0.6818
>>>>>>>>>>>>>>>>>>>>>>>>>>>>>>>>>>>>>>>>>>>>>>>>>>>>>>>>>>>>>>>>>>>>>>>>>>>>>>>>>>>>>>>>>>>>>>>>>>>>
epoch: 17
loss: 0.0099, acc: 0.9992
loss: 0.0235, acc: 1.0000
loss: 0.0099, acc: 0.9992
loss: 0.0248, acc: 1.0000
loss: 0.0099, acc: 0.9993
loss: 0.0231, acc: 1.0000
loss: 0.0101, acc: 0.9993
loss: 0.0206, acc: 1.0000
loss: 0.0100, acc: 0.9994
loss: 0.0194, acc: 1.0000
loss: 0.0101, acc: 0.9994
loss: 0.0191, acc: 1.0000
loss: 0.0102, acc: 0.9994
loss: 0.0182, acc: 1.0000
loss: 0.0101, acc: 0.9994
loss: 0.0184, acc: 1.0000
loss: 0.0184, acc: 0.9993
> val_acc: 0.7812, val_f1: 0.6574
> best_val_acc: 0.7911, best_val_f1: 0.6952
>>>>>>>>>>>>>>>>>>>>>>>>>>>>>>>>>>>>>>>>>>>>>>>>>>>>>>>>>>>>>>>>>>>>>>>>>>>>>>>>>>>>>>>>>>>>>>>>>>>>
epoch: 20
loss: 0.0193, acc: 0.9987
loss: 0.0056, acc: 1.0000
loss: 0.0189, acc: 0.9988
loss: 0.0067, acc: 1.0000
loss: 0.0183, acc: 0.9989
loss: 0.0071, acc: 1.0000
loss: 0.0179, acc: 0.9990
loss: 0.0076, acc: 1.0000
loss: 0.0179, acc: 0.9991
loss: 0.0081, acc: 1.0000
loss: 0.0175, acc: 0.9992
loss: 0.0082, acc: 1.0000
loss: 0.0174, acc: 0.9992
loss: 0.0078, acc: 1.0000
loss: 0.0170, acc: 0.9993
loss: 0.0076, acc: 1.0000
loss: 0.0170, acc: 0.9993
loss: 0.0075, acc: 1.0000
loss: 0.0170, acc: 0.9993
loss: 0.0074, acc: 1.0000
loss: 0.0171, acc: 0.9994
loss: 0.0074, acc: 1.0000
loss: 0.0168, acc: 0.9994
loss: 0.0077, acc: 0.9995
loss: 0.0171, acc: 0.9994
loss: 0.0078, acc: 0.9995
loss: 0.0077, acc: 0.9996
loss: 0.0078, acc: 0.9996
> val_acc: 0.7705, val_f1: 0.6476
> best_val_acc: 0.7839, best_val_f1: 0.6818
>>>>>>>>>>>>>>>>>>>>>>>>>>>>>>>>>>>>>>>>>>>>>>>>>>>>>>>>>>>>>>>>>>>>>>>>>>>>>>>>>>>>>>>>>>>>>>>>>>>>
epoch: 18
loss: 0.0099, acc: 1.0000
loss: 0.0076, acc: 0.9996
loss: 0.0177, acc: 0.9948
loss: 0.0076, acc: 0.9996
loss: 0.0174, acc: 0.9943
loss: 0.0077, acc: 0.9997
loss: 0.0169, acc: 0.9961
loss: 0.0076, acc: 0.9997
loss: 0.0163, acc: 0.9970
loss: 0.0077, acc: 0.9997
loss: 0.0162, acc: 0.9976
loss: 0.0076, acc: 0.9997
loss: 0.0153, acc: 0.9980
loss: 0.0075, acc: 0.9997
loss: 0.0153, acc: 0.9983
loss: 0.0150, acc: 0.9985
> val_acc: 0.7768, val_f1: 0.6512
> best_val_acc: 0.7911, best_val_f1: 0.6952
>>>>>>>>>>>>>>>>>>>>>>>>>>>>>>>>>>>>>>>>>>>>>>>>>>>>>>>>>>>>>>>>>>>>>>>>>>>>>>>>>>>>>>>>>>>>>>>>>>>>
epoch: 21
loss: 0.0149, acc: 0.9986
loss: 0.0063, acc: 1.0000
loss: 0.0145, acc: 0.9988
loss: 0.0052, acc: 1.0000
loss: 0.0154, acc: 0.9983
loss: 0.0048, acc: 1.0000
loss: 0.0162, acc: 0.9985
loss: 0.0053, acc: 1.0000
loss: 0.0162, acc: 0.9986
loss: 0.0065, acc: 1.0000
loss: 0.0161, acc: 0.9987
loss: 0.0066, acc: 1.0000
loss: 0.0160, acc: 0.9988
loss: 0.0068, acc: 1.0000
loss: 0.0159, acc: 0.9988
loss: 0.0067, acc: 1.0000
loss: 0.0158, acc: 0.9989
loss: 0.0065, acc: 1.0000
loss: 0.0159, acc: 0.9990
loss: 0.0062, acc: 1.0000
loss: 0.0157, acc: 0.9990
loss: 0.0061, acc: 1.0000
loss: 0.0154, acc: 0.9991
loss: 0.0059, acc: 1.0000
loss: 0.0154, acc: 0.9991
loss: 0.0060, acc: 1.0000
loss: 0.0153, acc: 0.9992
loss: 0.0059, acc: 1.0000
loss: 0.0058, acc: 1.0000
loss: 0.0059, acc: 1.0000
> val_acc: 0.7705, val_f1: 0.6542
> best_val_acc: 0.7839, best_val_f1: 0.6818
>>>>>>>>>>>>>>>>>>>>>>>>>>>>>>>>>>>>>>>>>>>>>>>>>>>>>>>>>>>>>>>>>>>>>>>>>>>>>>>>>>>>>>>>>>>>>>>>>>>>
epoch: 19
loss: 0.0142, acc: 1.0000
loss: 0.0059, acc: 1.0000
loss: 0.0143, acc: 1.0000
loss: 0.0058, acc: 1.0000
loss: 0.0118, acc: 1.0000
loss: 0.0061, acc: 1.0000
loss: 0.0113, acc: 1.0000
loss: 0.0063, acc: 1.0000
loss: 0.0112, acc: 1.0000
loss: 0.0064, acc: 1.0000
loss: 0.0111, acc: 1.0000
loss: 0.0063, acc: 1.0000
loss: 0.0104, acc: 1.0000
loss: 0.0065, acc: 1.0000
loss: 0.0100, acc: 1.0000
> val_acc: 0.7723, val_f1: 0.6423
> best_val_acc: 0.7911, best_val_f1: 0.6952
>>>>>>>>>>>>>>>>>>>>>>>>>>>>>>>>>>>>>>>>>>>>>>>>>>>>>>>>>>>>>>>>>>>>>>>>>>>>>>>>>>>>>>>>>>>>>>>>>>>>
epoch: 22
loss: 0.0098, acc: 1.0000
loss: 0.0056, acc: 1.0000
loss: 0.0097, acc: 1.0000
loss: 0.0058, acc: 1.0000
loss: 0.0102, acc: 1.0000
loss: 0.0062, acc: 1.0000
loss: 0.0102, acc: 1.0000
loss: 0.0058, acc: 1.0000
loss: 0.0105, acc: 0.9995
loss: 0.0059, acc: 1.0000
loss: 0.0107, acc: 0.9995
loss: 0.0056, acc: 1.0000
loss: 0.0109, acc: 0.9996
loss: 0.0055, acc: 1.0000
loss: 0.0108, acc: 0.9996
loss: 0.0054, acc: 1.0000
loss: 0.0111, acc: 0.9996
loss: 0.0056, acc: 1.0000
loss: 0.0112, acc: 0.9996
loss: 0.0055, acc: 1.0000
loss: 0.0113, acc: 0.9997
loss: 0.0053, acc: 1.0000
loss: 0.0114, acc: 0.9994
loss: 0.0052, acc: 1.0000
loss: 0.0115, acc: 0.9994
loss: 0.0052, acc: 1.0000
loss: 0.0115, acc: 0.9994
loss: 0.0052, acc: 1.0000
loss: 0.0114, acc: 0.9994
loss: 0.0052, acc: 1.0000
> val_acc: 0.7741, val_f1: 0.6484
> best_val_acc: 0.7839, best_val_f1: 0.6818
>>>>>>>>>>>>>>>>>>>>>>>>>>>>>>>>>>>>>>>>>>>>>>>>>>>>>>>>>>>>>>>>>>>>>>>>>>>>>>>>>>>>>>>>>>>>>>>>>>>>
epoch: 20
loss: 0.0051, acc: 1.0000
loss: 0.0119, acc: 0.9938
loss: 0.0051, acc: 1.0000
loss: 0.0104, acc: 0.9969
loss: 0.0052, acc: 1.0000
loss: 0.0114, acc: 0.9979
loss: 0.0052, acc: 1.0000
loss: 0.0114, acc: 0.9984
loss: 0.0052, acc: 1.0000
loss: 0.0123, acc: 0.9988
loss: 0.0052, acc: 1.0000
loss: 0.0121, acc: 0.9990
loss: 0.0052, acc: 1.0000
loss: 0.0123, acc: 0.9991
loss: 0.0122, acc: 0.9992
> val_acc: 0.7821, val_f1: 0.6632
> best_val_acc: 0.7911, best_val_f1: 0.6952
>>>>>>>>>>>>>>>>>>>>>>>>>>>>>>>>>>>>>>>>>>>>>>>>>>>>>>>>>>>>>>>>>>>>>>>>>>>>>>>>>>>>>>>>>>>>>>>>>>>>
epoch: 23
loss: 0.0026, acc: 1.0000
loss: 0.0118, acc: 0.9993
loss: 0.0057, acc: 1.0000
loss: 0.0115, acc: 0.9994
loss: 0.0047, acc: 1.0000
loss: 0.0111, acc: 0.9994
loss: 0.0043, acc: 1.0000
loss: 0.0109, acc: 0.9995
loss: 0.0043, acc: 1.0000
loss: 0.0110, acc: 0.9995
loss: 0.0041, acc: 1.0000
loss: 0.0107, acc: 0.9996
loss: 0.0040, acc: 1.0000
loss: 0.0109, acc: 0.9996
loss: 0.0038, acc: 1.0000
loss: 0.0106, acc: 0.9996
loss: 0.0039, acc: 1.0000
loss: 0.0105, acc: 0.9996
loss: 0.0040, acc: 1.0000
loss: 0.0106, acc: 0.9997
loss: 0.0040, acc: 1.0000
loss: 0.0103, acc: 0.9997
loss: 0.0041, acc: 1.0000
loss: 0.0104, acc: 0.9997
loss: 0.0042, acc: 1.0000
loss: 0.0102, acc: 0.9997
loss: 0.0042, acc: 1.0000
loss: 0.0103, acc: 0.9997
loss: 0.0041, acc: 1.0000
loss: 0.0043, acc: 1.0000
> val_acc: 0.7741, val_f1: 0.6783
> best_val_acc: 0.7839, best_val_f1: 0.6818
>>>>>>>>>>>>>>>>>>>>>>>>>>>>>>>>>>>>>>>>>>>>>>>>>>>>>>>>>>>>>>>>>>>>>>>>>>>>>>>>>>>>>>>>>>>>>>>>>>>>
epoch: 21
loss: 0.0127, acc: 1.0000
loss: 0.0043, acc: 1.0000
loss: 0.0107, acc: 1.0000
loss: 0.0044, acc: 1.0000
loss: 0.0092, acc: 1.0000
loss: 0.0043, acc: 1.0000
loss: 0.0101, acc: 1.0000
loss: 0.0043, acc: 1.0000
loss: 0.0104, acc: 1.0000
loss: 0.0043, acc: 1.0000
loss: 0.0099, acc: 1.0000
loss: 0.0044, acc: 1.0000
loss: 0.0095, acc: 1.0000
loss: 0.0048, acc: 0.9997
loss: 0.0091, acc: 1.0000
loss: 0.0089, acc: 1.0000
> val_acc: 0.7839, val_f1: 0.6604
> best_val_acc: 0.7911, best_val_f1: 0.6952
>>>>>>>>>>>>>>>>>>>>>>>>>>>>>>>>>>>>>>>>>>>>>>>>>>>>>>>>>>>>>>>>>>>>>>>>>>>>>>>>>>>>>>>>>>>>>>>>>>>>
epoch: 24
loss: 0.0027, acc: 1.0000
loss: 0.0087, acc: 1.0000
loss: 0.0034, acc: 1.0000
loss: 0.0083, acc: 1.0000
loss: 0.0037, acc: 1.0000
loss: 0.0080, acc: 1.0000
loss: 0.0037, acc: 1.0000
loss: 0.0083, acc: 1.0000
loss: 0.0035, acc: 1.0000
loss: 0.0084, acc: 1.0000
loss: 0.0037, acc: 1.0000
loss: 0.0082, acc: 1.0000
loss: 0.0035, acc: 1.0000
loss: 0.0085, acc: 1.0000
loss: 0.0038, acc: 1.0000
loss: 0.0089, acc: 1.0000
loss: 0.0039, acc: 1.0000
loss: 0.0087, acc: 1.0000
loss: 0.0039, acc: 1.0000
loss: 0.0094, acc: 1.0000
loss: 0.0039, acc: 1.0000
loss: 0.0093, acc: 1.0000
loss: 0.0040, acc: 1.0000
loss: 0.0096, acc: 0.9997
loss: 0.0040, acc: 1.0000
loss: 0.0094, acc: 0.9997
loss: 0.0040, acc: 1.0000
loss: 0.0093, acc: 0.9997
loss: 0.0040, acc: 1.0000
> val_acc: 0.7652, val_f1: 0.6391
> best_val_acc: 0.7839, best_val_f1: 0.6818
>>>>>>>>>>>>>>>>>>>>>>>>>>>>>>>>>>>>>>>>>>>>>>>>>>>>>>>>>>>>>>>>>>>>>>>>>>>>>>>>>>>>>>>>>>>>>>>>>>>>
epoch: 22
loss: 0.0040, acc: 1.0000
loss: 0.0053, acc: 1.0000
loss: 0.0040, acc: 1.0000
loss: 0.0075, acc: 1.0000
loss: 0.0041, acc: 1.0000
loss: 0.0071, acc: 1.0000
loss: 0.0042, acc: 1.0000
loss: 0.0080, acc: 1.0000
loss: 0.0042, acc: 1.0000
loss: 0.0079, acc: 1.0000
loss: 0.0043, acc: 1.0000
loss: 0.0079, acc: 1.0000
loss: 0.0043, acc: 1.0000
loss: 0.0078, acc: 1.0000
loss: 0.0043, acc: 1.0000
loss: 0.0083, acc: 1.0000
> val_acc: 0.7821, val_f1: 0.6627
> best_val_acc: 0.7911, best_val_f1: 0.6952
>>>>>>>>>>>>>>>>>>>>>>>>>>>>>>>>>>>>>>>>>>>>>>>>>>>>>>>>>>>>>>>>>>>>>>>>>>>>>>>>>>>>>>>>>>>>>>>>>>>>
epoch: 25
loss: 0.0087, acc: 1.0000
loss: 0.0042, acc: 1.0000
loss: 0.0088, acc: 1.0000
loss: 0.0039, acc: 1.0000
loss: 0.0085, acc: 1.0000
loss: 0.0036, acc: 1.0000
loss: 0.0084, acc: 1.0000
loss: 0.0033, acc: 1.0000
loss: 0.0083, acc: 1.0000
loss: 0.0034, acc: 1.0000
loss: 0.0083, acc: 1.0000
loss: 0.0033, acc: 1.0000
loss: 0.0087, acc: 0.9996
loss: 0.0033, acc: 1.0000
loss: 0.0085, acc: 0.9996
loss: 0.0032, acc: 1.0000
loss: 0.0085, acc: 0.9996
loss: 0.0033, acc: 1.0000
loss: 0.0083, acc: 0.9996
loss: 0.0033, acc: 1.0000
loss: 0.0082, acc: 0.9997
loss: 0.0032, acc: 1.0000
loss: 0.0083, acc: 0.9997
loss: 0.0035, acc: 1.0000
loss: 0.0082, acc: 0.9997
loss: 0.0034, acc: 1.0000
loss: 0.0085, acc: 0.9997
loss: 0.0034, acc: 1.0000
loss: 0.0035, acc: 1.0000
> val_acc: 0.7750, val_f1: 0.6525
> best_val_acc: 0.7839, best_val_f1: 0.6818
>>>>>>>>>>>>>>>>>>>>>>>>>>>>>>>>>>>>>>>>>>>>>>>>>>>>>>>>>>>>>>>>>>>>>>>>>>>>>>>>>>>>>>>>>>>>>>>>>>>>
epoch: 23
loss: 0.0014, acc: 1.0000
loss: 0.0035, acc: 1.0000
loss: 0.0044, acc: 1.0000
loss: 0.0036, acc: 1.0000
loss: 0.0076, acc: 1.0000
loss: 0.0036, acc: 1.0000
loss: 0.0076, acc: 1.0000
loss: 0.0038, acc: 1.0000
loss: 0.0078, acc: 1.0000
loss: 0.0038, acc: 1.0000
loss: 0.0075, acc: 1.0000
loss: 0.0038, acc: 1.0000
loss: 0.0070, acc: 1.0000
loss: 0.0037, acc: 1.0000
loss: 0.0067, acc: 1.0000
loss: 0.0068, acc: 1.0000
> val_acc: 0.7812, val_f1: 0.6699
> best_val_acc: 0.7911, best_val_f1: 0.6952
>>>>>>>>>>>>>>>>>>>>>>>>>>>>>>>>>>>>>>>>>>>>>>>>>>>>>>>>>>>>>>>>>>>>>>>>>>>>>>>>>>>>>>>>>>>>>>>>>>>>
epoch: 26
loss: 0.0032, acc: 1.0000
loss: 0.0066, acc: 1.0000
loss: 0.0033, acc: 1.0000
loss: 0.0068, acc: 1.0000
loss: 0.0031, acc: 1.0000
loss: 0.0068, acc: 1.0000
loss: 0.0030, acc: 1.0000
loss: 0.0067, acc: 1.0000
loss: 0.0030, acc: 1.0000
loss: 0.0066, acc: 1.0000
loss: 0.0030, acc: 1.0000
loss: 0.0065, acc: 1.0000
loss: 0.0029, acc: 1.0000
loss: 0.0064, acc: 1.0000
loss: 0.0030, acc: 1.0000
loss: 0.0067, acc: 1.0000
loss: 0.0031, acc: 1.0000
loss: 0.0066, acc: 1.0000
loss: 0.0031, acc: 1.0000
loss: 0.0066, acc: 1.0000
loss: 0.0033, acc: 1.0000
loss: 0.0068, acc: 1.0000
loss: 0.0032, acc: 1.0000
loss: 0.0069, acc: 1.0000
loss: 0.0032, acc: 1.0000
loss: 0.0071, acc: 1.0000
loss: 0.0033, acc: 1.0000
loss: 0.0071, acc: 1.0000
loss: 0.0033, acc: 1.0000
loss: 0.0033, acc: 1.0000
> val_acc: 0.7723, val_f1: 0.6533
> best_val_acc: 0.7839, best_val_f1: 0.6818
>>>>>>>>>>>>>>>>>>>>>>>>>>>>>>>>>>>>>>>>>>>>>>>>>>>>>>>>>>>>>>>>>>>>>>>>>>>>>>>>>>>>>>>>>>>>>>>>>>>>
epoch: 24
loss: 0.0031, acc: 1.0000
loss: 0.0035, acc: 1.0000
loss: 0.0054, acc: 1.0000
loss: 0.0036, acc: 1.0000
loss: 0.0055, acc: 1.0000
loss: 0.0035, acc: 1.0000
loss: 0.0051, acc: 1.0000
loss: 0.0036, acc: 1.0000
loss: 0.0049, acc: 1.0000
loss: 0.0036, acc: 1.0000
loss: 0.0051, acc: 1.0000
loss: 0.0037, acc: 1.0000
loss: 0.0054, acc: 1.0000
loss: 0.0037, acc: 1.0000
loss: 0.0052, acc: 1.0000
> val_acc: 0.7812, val_f1: 0.6681
> best_val_acc: 0.7911, best_val_f1: 0.6952
>>>>>>>>>>>>>>>>>>>>>>>>>>>>>>>>>>>>>>>>>>>>>>>>>>>>>>>>>>>>>>>>>>>>>>>>>>>>>>>>>>>>>>>>>>>>>>>>>>>>
epoch: 27
loss: 0.0052, acc: 1.0000
loss: 0.0029, acc: 1.0000
loss: 0.0060, acc: 0.9993
loss: 0.0034, acc: 1.0000
loss: 0.0060, acc: 0.9994
loss: 0.0038, acc: 1.0000
loss: 0.0059, acc: 0.9995
loss: 0.0036, acc: 1.0000
loss: 0.0060, acc: 0.9995
loss: 0.0035, acc: 1.0000
loss: 0.0059, acc: 0.9995
loss: 0.0037, acc: 1.0000
loss: 0.0059, acc: 0.9996
loss: 0.0040, acc: 1.0000
loss: 0.0060, acc: 0.9996
loss: 0.0046, acc: 1.0000
loss: 0.0059, acc: 0.9996
loss: 0.0045, acc: 1.0000
loss: 0.0058, acc: 0.9996
loss: 0.0046, acc: 1.0000
loss: 0.0060, acc: 0.9997
loss: 0.0046, acc: 1.0000
loss: 0.0059, acc: 0.9997
loss: 0.0045, acc: 1.0000
loss: 0.0059, acc: 0.9997
loss: 0.0044, acc: 1.0000
loss: 0.0060, acc: 0.9997
loss: 0.0044, acc: 1.0000
loss: 0.0060, acc: 0.9997
loss: 0.0044, acc: 1.0000
loss: 0.0044, acc: 1.0000
> val_acc: 0.7759, val_f1: 0.6610
> best_val_acc: 0.7839, best_val_f1: 0.6818
>>>>>>>>>>>>>>>>>>>>>>>>>>>>>>>>>>>>>>>>>>>>>>>>>>>>>>>>>>>>>>>>>>>>>>>>>>>>>>>>>>>>>>>>>>>>>>>>>>>>
epoch: 25
loss: 0.0044, acc: 1.0000
loss: 0.0080, acc: 1.0000
loss: 0.0063, acc: 0.9996
loss: 0.0093, acc: 1.0000
loss: 0.0062, acc: 0.9997
loss: 0.0076, acc: 1.0000
loss: 0.0061, acc: 0.9997
loss: 0.0068, acc: 1.0000
loss: 0.0059, acc: 0.9997
loss: 0.0065, acc: 1.0000
loss: 0.0058, acc: 0.9997
loss: 0.0063, acc: 1.0000
loss: 0.0064, acc: 1.0000
loss: 0.0060, acc: 1.0000
> val_acc: 0.7795, val_f1: 0.6652
> best_val_acc: 0.7911, best_val_f1: 0.6952
>>>>>>>>>>>>>>>>>>>>>>>>>>>>>>>>>>>>>>>>>>>>>>>>>>>>>>>>>>>>>>>>>>>>>>>>>>>>>>>>>>>>>>>>>>>>>>>>>>>>
epoch: 28
loss: 0.0048, acc: 1.0000
loss: 0.0058, acc: 1.0000
loss: 0.0050, acc: 1.0000
loss: 0.0057, acc: 1.0000
loss: 0.0041, acc: 1.0000
loss: 0.0057, acc: 1.0000
loss: 0.0034, acc: 1.0000
loss: 0.0057, acc: 1.0000
loss: 0.0031, acc: 1.0000
loss: 0.0056, acc: 1.0000
loss: 0.0033, acc: 1.0000
loss: 0.0056, acc: 1.0000
loss: 0.0033, acc: 1.0000
loss: 0.0055, acc: 1.0000
loss: 0.0033, acc: 1.0000
loss: 0.0056, acc: 1.0000
loss: 0.0032, acc: 1.0000
loss: 0.0059, acc: 1.0000
loss: 0.0031, acc: 1.0000
loss: 0.0059, acc: 1.0000
loss: 0.0032, acc: 1.0000
loss: 0.0059, acc: 1.0000
loss: 0.0032, acc: 1.0000
loss: 0.0059, acc: 1.0000
loss: 0.0032, acc: 1.0000
loss: 0.0059, acc: 1.0000
loss: 0.0031, acc: 1.0000
loss: 0.0057, acc: 1.0000
loss: 0.0031, acc: 1.0000
loss: 0.0032, acc: 1.0000
> val_acc: 0.7714, val_f1: 0.6581
> best_val_acc: 0.7839, best_val_f1: 0.6818
>>>>>>>>>>>>>>>>>>>>>>>>>>>>>>>>>>>>>>>>>>>>>>>>>>>>>>>>>>>>>>>>>>>>>>>>>>>>>>>>>>>>>>>>>>>>>>>>>>>>
epoch: 26
loss: 0.0079, acc: 1.0000
loss: 0.0031, acc: 1.0000
loss: 0.0057, acc: 1.0000
loss: 0.0032, acc: 1.0000
loss: 0.0048, acc: 1.0000
loss: 0.0032, acc: 1.0000
loss: 0.0052, acc: 1.0000
loss: 0.0032, acc: 1.0000
loss: 0.0057, acc: 1.0000
loss: 0.0033, acc: 1.0000
loss: 0.0057, acc: 1.0000
loss: 0.0032, acc: 1.0000
loss: 0.0053, acc: 1.0000
loss: 0.0033, acc: 1.0000
loss: 0.0054, acc: 1.0000
> val_acc: 0.7884, val_f1: 0.6765
> best_val_acc: 0.7911, best_val_f1: 0.6952
>>>>>>>>>>>>>>>>>>>>>>>>>>>>>>>>>>>>>>>>>>>>>>>>>>>>>>>>>>>>>>>>>>>>>>>>>>>>>>>>>>>>>>>>>>>>>>>>>>>>
epoch: 29
loss: 0.0057, acc: 1.0000
loss: 0.0042, acc: 1.0000
loss: 0.0059, acc: 1.0000
loss: 0.0042, acc: 1.0000
loss: 0.0059, acc: 1.0000
loss: 0.0035, acc: 1.0000
loss: 0.0057, acc: 1.0000
loss: 0.0038, acc: 1.0000
loss: 0.0056, acc: 1.0000
loss: 0.0036, acc: 1.0000
loss: 0.0055, acc: 1.0000
loss: 0.0039, acc: 1.0000
loss: 0.0057, acc: 1.0000
loss: 0.0037, acc: 1.0000
loss: 0.0057, acc: 1.0000
loss: 0.0037, acc: 1.0000
loss: 0.0060, acc: 0.9996
loss: 0.0037, acc: 1.0000
loss: 0.0060, acc: 0.9996
loss: 0.0036, acc: 1.0000
loss: 0.0061, acc: 0.9997
loss: 0.0036, acc: 1.0000
loss: 0.0064, acc: 0.9997
loss: 0.0036, acc: 1.0000
loss: 0.0063, acc: 0.9997
loss: 0.0036, acc: 1.0000
loss: 0.0064, acc: 0.9997
loss: 0.0043, acc: 0.9995
loss: 0.0063, acc: 0.9997
loss: 0.0044, acc: 0.9996
loss: 0.0044, acc: 0.9996
> val_acc: 0.7688, val_f1: 0.6667
> best_val_acc: 0.7839, best_val_f1: 0.6818
>>>>>>>>>>>>>>>>>>>>>>>>>>>>>>>>>>>>>>>>>>>>>>>>>>>>>>>>>>>>>>>>>>>>>>>>>>>>>>>>>>>>>>>>>>>>>>>>>>>>
epoch: 27
loss: 0.0064, acc: 1.0000
loss: 0.0044, acc: 0.9996
loss: 0.0053, acc: 1.0000
loss: 0.0043, acc: 0.9996
loss: 0.0052, acc: 1.0000
loss: 0.0042, acc: 0.9997
loss: 0.0047, acc: 1.0000
loss: 0.0044, acc: 0.9997
loss: 0.0055, acc: 1.0000
loss: 0.0043, acc: 0.9997
loss: 0.0060, acc: 1.0000
loss: 0.0044, acc: 0.9997
loss: 0.0059, acc: 1.0000
loss: 0.0044, acc: 0.9997
loss: 0.0074, acc: 0.9992
> val_acc: 0.7723, val_f1: 0.6620
> best_val_acc: 0.7911, best_val_f1: 0.6952
loss: 0.0073, acc: 0.9993
loss: 0.0076, acc: 0.9987
>> test_acc: 0.7911, test_f1: 0.6952
loss: 0.0074, acc: 0.9988
loss: 0.0073, acc: 0.9989
loss: 0.0075, acc: 0.9990
loss: 0.0074, acc: 0.9991
loss: 0.0073, acc: 0.9992
loss: 0.0071, acc: 0.9992
loss: 0.0070, acc: 0.9993
loss: 0.0073, acc: 0.9989
loss: 0.0073, acc: 0.9990
loss: 0.0071, acc: 0.9991
loss: 0.0076, acc: 0.9988
loss: 0.0079, acc: 0.9986
> val_acc: 0.7723, val_f1: 0.6593
> best_val_acc: 0.7839, best_val_f1: 0.6818
>>>>>>>>>>>>>>>>>>>>>>>>>>>>>>>>>>>>>>>>>>>>>>>>>>>>>>>>>>>>>>>>>>>>>>>>>>>>>>>>>>>>>>>>>>>>>>>>>>>>
epoch: 28
loss: 0.0121, acc: 1.0000
loss: 0.0067, acc: 1.0000
loss: 0.0064, acc: 1.0000
loss: 0.0054, acc: 1.0000
loss: 0.0050, acc: 1.0000
loss: 0.0048, acc: 1.0000
loss: 0.0046, acc: 1.0000
loss: 0.0046, acc: 1.0000
loss: 0.0045, acc: 1.0000
loss: 0.0045, acc: 1.0000
loss: 0.0044, acc: 1.0000
loss: 0.0045, acc: 1.0000
loss: 0.0051, acc: 1.0000
loss: 0.0051, acc: 1.0000
loss: 0.0052, acc: 1.0000
loss: 0.0052, acc: 1.0000
loss: 0.0052, acc: 1.0000
loss: 0.0054, acc: 1.0000
loss: 0.0054, acc: 1.0000
loss: 0.0054, acc: 1.0000
loss: 0.0054, acc: 1.0000
loss: 0.0054, acc: 1.0000
loss: 0.0055, acc: 1.0000
> val_acc: 0.7759, val_f1: 0.6636
> best_val_acc: 0.7839, best_val_f1: 0.6818
>>>>>>>>>>>>>>>>>>>>>>>>>>>>>>>>>>>>>>>>>>>>>>>>>>>>>>>>>>>>>>>>>>>>>>>>>>>>>>>>>>>>>>>>>>>>>>>>>>>>
epoch: 29
loss: 0.0039, acc: 1.0000
loss: 0.0041, acc: 1.0000
loss: 0.0038, acc: 1.0000
loss: 0.0038, acc: 1.0000
loss: 0.0037, acc: 1.0000
loss: 0.0036, acc: 1.0000
loss: 0.0034, acc: 1.0000
loss: 0.0034, acc: 1.0000
loss: 0.0033, acc: 1.0000
loss: 0.0039, acc: 1.0000
loss: 0.0039, acc: 1.0000
loss: 0.0043, acc: 1.0000
loss: 0.0042, acc: 1.0000
loss: 0.0042, acc: 1.0000
loss: 0.0042, acc: 1.0000
loss: 0.0042, acc: 1.0000
loss: 0.0041, acc: 1.0000
loss: 0.0041, acc: 1.0000
loss: 0.0044, acc: 1.0000
loss: 0.0045, acc: 1.0000
loss: 0.0047, acc: 1.0000
loss: 0.0047, acc: 1.0000
loss: 0.0047, acc: 1.0000
> val_acc: 0.7804, val_f1: 0.6663
> best_val_acc: 0.7839, best_val_f1: 0.6818
>> test_acc: 0.7839, test_f1: 0.6639
