cuda memory allocated: 5087232
n_trainable_params: 825503, n_nontrainable_params: 442532
> training arguments:
>>> model_name: igcn_embed
>>> model_ver: 4
>>> dataset: restaurant
>>> optimizer: <class 'torch.optim.adam.Adam'>
>>> initializer: <function xavier_uniform_ at 0x0000028D897C3D90>
>>> learning_rate: 0.0003
>>> momentum: 0.95
>>> dropout: 0.5
>>> l2reg: 5e-05
>>> num_epoch: 50
>>> batch_size: 32
>>> log_step: 5
>>> embed_dim: 136
>>> hidden_dim: 300
>>> bert_dim: 768
>>> pretrained_bert_name: bert-base-uncased
>>> embeddings: d
>>> max_seq_len: 180
>>> polarities_dim: 3
>>> hops: 3
>>> device: cuda
>>> seed: 0
>>> valset_ratio: 0
>>> num_layers: 1
>>> in_channels: 100
>>> out_channels: 1
>>> downbot: 20
>>> kernel_size: 3
>>> position_dim: 100
>>> gating: GTU
>>> stanford_pos_model: C:/NLP_Programs/stanford-postagger-2018-10-16/models/english-bidirectional-distsim.tagger
>>> stanford_pos_jar: C:/NLP_Programs/stanford-postagger-2018-10-16/stanford-postagger.jar
>>> glove_path: ./embeddings/glove.840B.300d.txt
>>> embedding_matrix_path: gen_data/embeddings/100_restaurant_domain_embedding_matrix.dat
>>> model_class: <class 'models.igcn.IGCN_4'>
>>> dataset_file: {'train': './datasets/semeval14/Restaurants_Train.xml.seg', 'test': './datasets/semeval14/Restaurants_Test_Gold.xml.seg'}
>>> inputs_cols: ['text_raw_indices', 'aspect_indices', 'pos_indices', 'aspect_pos_indices', 'position_indices']
>>>>>>>>>>>>>>>>>>>>>>>>>>>>>>>>>>>>>>>>>>>>>>>>>>>>>>>>>>>>>>>>>>>>>>>>>>>>>>>>>>>>>>>>>>>>>>>>>>>>
epoch: 0
loss: 1.0653, acc: 0.4125
loss: 1.0310, acc: 0.4813
loss: 1.0017, acc: 0.5229
loss: 1.0263, acc: 0.5234
loss: 1.0237, acc: 0.5350
loss: 1.0267, acc: 0.5375
loss: 1.0151, acc: 0.5482
loss: 1.0058, acc: 0.5617
loss: 0.9992, acc: 0.5653
loss: 1.0046, acc: 0.5631
loss: 0.9997, acc: 0.5665
loss: 1.0024, acc: 0.5635
loss: 1.0066, acc: 0.5620
loss: 1.0034, acc: 0.5638
loss: 1.0065, acc: 0.5637
loss: 1.0072, acc: 0.5629
loss: 1.0031, acc: 0.5662
loss: 1.0043, acc: 0.5642
loss: 1.0001, acc: 0.5655
loss: 1.0012, acc: 0.5647
loss: 0.9989, acc: 0.5661
loss: 0.9972, acc: 0.5682
> val_acc: 0.6464, val_f1: 0.2964
> best_val_acc: 0.0000, best_val_f1: 0.0000
>> saved: state_dict/igcn_embed_restaurant_val_acc0.6464
>>>>>>>>>>>>>>>>>>>>>>>>>>>>>>>>>>>>>>>>>>>>>>>>>>>>>>>>>>>>>>>>>>>>>>>>>>>>>>>>>>>>>>>>>>>>>>>>>>>>
epoch: 1
loss: 1.0640, acc: 0.5000
loss: 0.9918, acc: 0.5670
loss: 0.9550, acc: 0.5781
loss: 0.9551, acc: 0.5919
loss: 0.9612, acc: 0.5966
loss: 0.9696, acc: 0.5880
loss: 0.9672, acc: 0.5889
loss: 0.9699, acc: 0.5912
loss: 0.9695, acc: 0.5908
loss: 0.9687, acc: 0.5904
loss: 0.9782, acc: 0.5829
loss: 0.9794, acc: 0.5795
loss: 0.9760, acc: 0.5806
loss: 0.9712, acc: 0.5844
loss: 0.9661, acc: 0.5885
loss: 0.9672, acc: 0.5864
loss: 0.9615, acc: 0.5915
loss: 0.9647, acc: 0.5880
loss: 0.9600, acc: 0.5921
loss: 0.9587, acc: 0.5934
loss: 0.9578, acc: 0.5947
loss: 0.9583, acc: 0.5932
loss: 0.9575, acc: 0.5912
> val_acc: 0.6464, val_f1: 0.3249
> best_val_acc: 0.6464, best_val_f1: 0.2964
>>>>>>>>>>>>>>>>>>>>>>>>>>>>>>>>>>>>>>>>>>>>>>>>>>>>>>>>>>>>>>>>>>>>>>>>>>>>>>>>>>>>>>>>>>>>>>>>>>>>
epoch: 2
loss: 0.9209, acc: 0.6328
loss: 0.9278, acc: 0.6111
loss: 0.9690, acc: 0.5915
loss: 0.9692, acc: 0.5855
loss: 0.9655, acc: 0.5872
loss: 0.9610, acc: 0.5873
loss: 0.9503, acc: 0.5910
loss: 0.9592, acc: 0.5817
loss: 0.9483, acc: 0.5874
loss: 0.9529, acc: 0.5855
loss: 0.9420, acc: 0.5938
loss: 0.9357, acc: 0.6006
loss: 0.9394, acc: 0.5981
loss: 0.9363, acc: 0.6001
loss: 0.9390, acc: 0.5963
loss: 0.9434, acc: 0.5910
loss: 0.9438, acc: 0.5911
loss: 0.9423, acc: 0.5916
loss: 0.9411, acc: 0.5947
loss: 0.9379, acc: 0.5963
loss: 0.9347, acc: 0.5986
loss: 0.9325, acc: 0.5995
> val_acc: 0.6580, val_f1: 0.3530
> best_val_acc: 0.6464, best_val_f1: 0.3249
>> saved: state_dict/igcn_embed_restaurant_val_acc0.658
>>>>>>>>>>>>>>>>>>>>>>>>>>>>>>>>>>>>>>>>>>>>>>>>>>>>>>>>>>>>>>>>>>>>>>>>>>>>>>>>>>>>>>>>>>>>>>>>>>>>
epoch: 3
loss: 0.9204, acc: 0.6250
loss: 1.0007, acc: 0.5677
loss: 0.9545, acc: 0.5824
loss: 0.9454, acc: 0.5898
loss: 0.9423, acc: 0.5952
loss: 0.9325, acc: 0.5986
loss: 0.9260, acc: 0.6058
loss: 0.9337, acc: 0.6042
loss: 0.9346, acc: 0.5983
loss: 0.9367, acc: 0.5944
loss: 0.9338, acc: 0.5938
loss: 0.9293, acc: 0.5954
loss: 0.9303, acc: 0.5943
loss: 0.9301, acc: 0.5956
loss: 0.9306, acc: 0.5960
loss: 0.9263, acc: 0.5979
loss: 0.9248, acc: 0.5999
loss: 0.9271, acc: 0.6007
loss: 0.9286, acc: 0.5986
loss: 0.9286, acc: 0.5986
loss: 0.9242, acc: 0.6002
loss: 0.9232, acc: 0.6017
loss: 0.9260, acc: 0.6011
> val_acc: 0.6562, val_f1: 0.4038
> best_val_acc: 0.6580, best_val_f1: 0.3530
>>>>>>>>>>>>>>>>>>>>>>>>>>>>>>>>>>>>>>>>>>>>>>>>>>>>>>>>>>>>>>>>>>>>>>>>>>>>>>>>>>>>>>>>>>>>>>>>>>>>
epoch: 4
loss: 0.8899, acc: 0.5938
loss: 0.8703, acc: 0.6289
loss: 0.8648, acc: 0.6322
loss: 0.8817, acc: 0.6198
loss: 0.8987, acc: 0.6141
loss: 0.9025, acc: 0.6138
loss: 0.9090, acc: 0.6051
loss: 0.9104, acc: 0.6044
loss: 0.9190, acc: 0.5988
loss: 0.9156, acc: 0.6022
loss: 0.9171, acc: 0.6026
loss: 0.9208, acc: 0.5991
loss: 0.9191, acc: 0.6022
loss: 0.9066, acc: 0.6112
loss: 0.9076, acc: 0.6104
loss: 0.9064, acc: 0.6126
loss: 0.9056, acc: 0.6145
loss: 0.9072, acc: 0.6122
loss: 0.9100, acc: 0.6095
loss: 0.9163, acc: 0.6046
loss: 0.9172, acc: 0.6029
loss: 0.9199, acc: 0.6001
loss: 0.9181, acc: 0.6028
> val_acc: 0.6429, val_f1: 0.4225
> best_val_acc: 0.6580, best_val_f1: 0.4038
>>>>>>>>>>>>>>>>>>>>>>>>>>>>>>>>>>>>>>>>>>>>>>>>>>>>>>>>>>>>>>>>>>>>>>>>>>>>>>>>>>>>>>>>>>>>>>>>>>>>
epoch: 5
loss: 0.9107, acc: 0.6188
loss: 0.8937, acc: 0.6094
loss: 0.8977, acc: 0.6229
loss: 0.9170, acc: 0.5906
loss: 0.9167, acc: 0.5925
loss: 0.9014, acc: 0.6062
loss: 0.8938, acc: 0.6107
loss: 0.9025, acc: 0.6016
loss: 0.9049, acc: 0.6021
loss: 0.9113, acc: 0.5956
loss: 0.9181, acc: 0.5943
loss: 0.9157, acc: 0.5958
loss: 0.9118, acc: 0.5990
loss: 0.9067, acc: 0.6045
loss: 0.9075, acc: 0.6042
loss: 0.9106, acc: 0.6012
loss: 0.9096, acc: 0.6029
loss: 0.9118, acc: 0.6010
loss: 0.9097, acc: 0.6016
loss: 0.9101, acc: 0.6034
loss: 0.9077, acc: 0.6039
loss: 0.9044, acc: 0.6071
> val_acc: 0.6589, val_f1: 0.4124
> best_val_acc: 0.6580, best_val_f1: 0.4225
>> saved: state_dict/igcn_embed_restaurant_val_acc0.6589
>>>>>>>>>>>>>>>>>>>>>>>>>>>>>>>>>>>>>>>>>>>>>>>>>>>>>>>>>>>>>>>>>>>>>>>>>>>>>>>>>>>>>>>>>>>>>>>>>>>>
epoch: 6
loss: 0.8813, acc: 0.6406
loss: 0.9324, acc: 0.5848
loss: 0.9249, acc: 0.5938
loss: 0.9009, acc: 0.6140
loss: 0.9038, acc: 0.6108
loss: 0.8985, acc: 0.6123
loss: 0.8947, acc: 0.6123
loss: 0.8953, acc: 0.6106
loss: 0.8933, acc: 0.6101
loss: 0.8953, acc: 0.6117
loss: 0.8850, acc: 0.6154
loss: 0.8895, acc: 0.6124
loss: 0.8916, acc: 0.6109
loss: 0.8917, acc: 0.6115
loss: 0.8959, acc: 0.6102
loss: 0.8952, acc: 0.6100
loss: 0.8977, acc: 0.6090
loss: 0.9052, acc: 0.6031
loss: 0.9010, acc: 0.6067
loss: 0.9003, acc: 0.6089
loss: 0.8984, acc: 0.6100
loss: 0.8986, acc: 0.6101
loss: 0.9022, acc: 0.6074
> val_acc: 0.6438, val_f1: 0.4266
> best_val_acc: 0.6589, best_val_f1: 0.4225
>>>>>>>>>>>>>>>>>>>>>>>>>>>>>>>>>>>>>>>>>>>>>>>>>>>>>>>>>>>>>>>>>>>>>>>>>>>>>>>>>>>>>>>>>>>>>>>>>>>>
epoch: 7
loss: 0.8838, acc: 0.6016
loss: 0.8876, acc: 0.6285
loss: 0.8583, acc: 0.6496
loss: 0.8653, acc: 0.6447
loss: 0.8666, acc: 0.6432
loss: 0.8633, acc: 0.6455
loss: 0.8746, acc: 0.6342
loss: 0.8733, acc: 0.6322
loss: 0.8780, acc: 0.6257
loss: 0.8871, acc: 0.6193
loss: 0.8833, acc: 0.6192
loss: 0.8844, acc: 0.6192
loss: 0.8853, acc: 0.6162
loss: 0.8908, acc: 0.6114
loss: 0.8941, acc: 0.6102
loss: 0.8934, acc: 0.6116
loss: 0.8933, acc: 0.6105
loss: 0.8962, acc: 0.6103
loss: 0.8902, acc: 0.6150
loss: 0.8878, acc: 0.6181
loss: 0.8901, acc: 0.6163
loss: 0.8913, acc: 0.6138
> val_acc: 0.6375, val_f1: 0.4228
> best_val_acc: 0.6589, best_val_f1: 0.4266
>>>>>>>>>>>>>>>>>>>>>>>>>>>>>>>>>>>>>>>>>>>>>>>>>>>>>>>>>>>>>>>>>>>>>>>>>>>>>>>>>>>>>>>>>>>>>>>>>>>>
epoch: 8
loss: 1.1364, acc: 0.5000
loss: 0.8860, acc: 0.6510
loss: 0.8969, acc: 0.6250
loss: 0.8947, acc: 0.6152
loss: 0.9013, acc: 0.5967
loss: 0.8986, acc: 0.5974
loss: 0.8935, acc: 0.6028
loss: 0.8784, acc: 0.6128
loss: 0.8756, acc: 0.6143
loss: 0.8814, acc: 0.6114
loss: 0.8773, acc: 0.6146
loss: 0.8722, acc: 0.6194
loss: 0.8748, acc: 0.6178
loss: 0.8689, acc: 0.6250
loss: 0.8694, acc: 0.6268
loss: 0.8709, acc: 0.6229
loss: 0.8706, acc: 0.6254
loss: 0.8704, acc: 0.6279
loss: 0.8740, acc: 0.6271
loss: 0.8762, acc: 0.6257
loss: 0.8779, acc: 0.6238
loss: 0.8831, acc: 0.6200
loss: 0.8833, acc: 0.6202
> val_acc: 0.6366, val_f1: 0.4516
> best_val_acc: 0.6589, best_val_f1: 0.4266
>>>>>>>>>>>>>>>>>>>>>>>>>>>>>>>>>>>>>>>>>>>>>>>>>>>>>>>>>>>>>>>>>>>>>>>>>>>>>>>>>>>>>>>>>>>>>>>>>>>>
epoch: 9
loss: 0.8053, acc: 0.6562
loss: 0.8769, acc: 0.6133
loss: 0.8888, acc: 0.6034
loss: 0.8862, acc: 0.6076
loss: 0.9005, acc: 0.6046
loss: 0.8946, acc: 0.6049
loss: 0.8828, acc: 0.6174
loss: 0.8792, acc: 0.6209
loss: 0.8827, acc: 0.6192
loss: 0.8763, acc: 0.6237
loss: 0.8723, acc: 0.6262
loss: 0.8760, acc: 0.6239
loss: 0.8775, acc: 0.6220
loss: 0.8721, acc: 0.6259
loss: 0.8736, acc: 0.6254
loss: 0.8736, acc: 0.6238
loss: 0.8750, acc: 0.6227
loss: 0.8731, acc: 0.6225
loss: 0.8763, acc: 0.6210
loss: 0.8808, acc: 0.6180
loss: 0.8806, acc: 0.6183
loss: 0.8821, acc: 0.6152
loss: 0.8807, acc: 0.6161
> val_acc: 0.6330, val_f1: 0.4514
> best_val_acc: 0.6589, best_val_f1: 0.4516
>>>>>>>>>>>>>>>>>>>>>>>>>>>>>>>>>>>>>>>>>>>>>>>>>>>>>>>>>>>>>>>>>>>>>>>>>>>>>>>>>>>>>>>>>>>>>>>>>>>>
epoch: 10
loss: 0.8296, acc: 0.6687
loss: 0.8492, acc: 0.6594
loss: 0.8615, acc: 0.6417
loss: 0.8925, acc: 0.6219
loss: 0.8852, acc: 0.6250
loss: 0.8912, acc: 0.6198
loss: 0.8855, acc: 0.6250
loss: 0.8866, acc: 0.6242
loss: 0.8919, acc: 0.6167
loss: 0.8881, acc: 0.6181
loss: 0.8866, acc: 0.6159
loss: 0.8886, acc: 0.6135
loss: 0.8822, acc: 0.6173
loss: 0.8773, acc: 0.6210
loss: 0.8807, acc: 0.6183
loss: 0.8806, acc: 0.6188
loss: 0.8792, acc: 0.6176
loss: 0.8759, acc: 0.6208
loss: 0.8751, acc: 0.6227
loss: 0.8744, acc: 0.6228
loss: 0.8700, acc: 0.6238
loss: 0.8724, acc: 0.6222
> val_acc: 0.6420, val_f1: 0.4258
> best_val_acc: 0.6589, best_val_f1: 0.4516
>>>>>>>>>>>>>>>>>>>>>>>>>>>>>>>>>>>>>>>>>>>>>>>>>>>>>>>>>>>>>>>>>>>>>>>>>>>>>>>>>>>>>>>>>>>>>>>>>>>>
epoch: 11
loss: 0.8056, acc: 0.7188
loss: 0.8843, acc: 0.6250
loss: 0.8808, acc: 0.6302
loss: 0.8702, acc: 0.6360
loss: 0.8679, acc: 0.6364
loss: 0.8593, acc: 0.6412
loss: 0.8615, acc: 0.6426
loss: 0.8649, acc: 0.6410
loss: 0.8636, acc: 0.6384
loss: 0.8576, acc: 0.6430
loss: 0.8596, acc: 0.6382
loss: 0.8614, acc: 0.6327
loss: 0.8627, acc: 0.6316
loss: 0.8568, acc: 0.6325
loss: 0.8605, acc: 0.6302
loss: 0.8604, acc: 0.6307
loss: 0.8642, acc: 0.6273
loss: 0.8648, acc: 0.6264
loss: 0.8653, acc: 0.6267
loss: 0.8628, acc: 0.6273
loss: 0.8607, acc: 0.6284
loss: 0.8629, acc: 0.6276
loss: 0.8669, acc: 0.6242
> val_acc: 0.6411, val_f1: 0.4445
> best_val_acc: 0.6589, best_val_f1: 0.4516
>>>>>>>>>>>>>>>>>>>>>>>>>>>>>>>>>>>>>>>>>>>>>>>>>>>>>>>>>>>>>>>>>>>>>>>>>>>>>>>>>>>>>>>>>>>>>>>>>>>>
epoch: 12
loss: 0.8867, acc: 0.6016
loss: 0.8824, acc: 0.6181
loss: 0.8829, acc: 0.6272
loss: 0.8730, acc: 0.6382
loss: 0.8611, acc: 0.6406
loss: 0.8681, acc: 0.6315
loss: 0.8529, acc: 0.6397
loss: 0.8525, acc: 0.6362
loss: 0.8492, acc: 0.6392
loss: 0.8553, acc: 0.6339
loss: 0.8555, acc: 0.6319
loss: 0.8567, acc: 0.6303
loss: 0.8582, acc: 0.6338
loss: 0.8635, acc: 0.6318
loss: 0.8595, acc: 0.6334
loss: 0.8618, acc: 0.6313
loss: 0.8647, acc: 0.6283
loss: 0.8669, acc: 0.6275
loss: 0.8679, acc: 0.6270
loss: 0.8688, acc: 0.6256
loss: 0.8684, acc: 0.6232
loss: 0.8721, acc: 0.6210
> val_acc: 0.6277, val_f1: 0.4352
> best_val_acc: 0.6589, best_val_f1: 0.4516
>>>>>>>>>>>>>>>>>>>>>>>>>>>>>>>>>>>>>>>>>>>>>>>>>>>>>>>>>>>>>>>>>>>>>>>>>>>>>>>>>>>>>>>>>>>>>>>>>>>>
epoch: 13
loss: 0.9800, acc: 0.5625
loss: 0.8042, acc: 0.6719
loss: 0.8263, acc: 0.6619
loss: 0.8229, acc: 0.6660
loss: 0.8081, acc: 0.6860
loss: 0.8274, acc: 0.6695
loss: 0.8302, acc: 0.6613
loss: 0.8343, acc: 0.6545
loss: 0.8454, acc: 0.6486
loss: 0.8445, acc: 0.6495
loss: 0.8493, acc: 0.6458
loss: 0.8496, acc: 0.6445
loss: 0.8535, acc: 0.6388
loss: 0.8525, acc: 0.6397
loss: 0.8485, acc: 0.6422
loss: 0.8517, acc: 0.6390
loss: 0.8559, acc: 0.6343
loss: 0.8558, acc: 0.6323
loss: 0.8542, acc: 0.6322
loss: 0.8595, acc: 0.6296
loss: 0.8634, acc: 0.6272
loss: 0.8661, acc: 0.6238
loss: 0.8648, acc: 0.6239
> val_acc: 0.6330, val_f1: 0.4467
> best_val_acc: 0.6589, best_val_f1: 0.4516
>>>>>>>>>>>>>>>>>>>>>>>>>>>>>>>>>>>>>>>>>>>>>>>>>>>>>>>>>>>>>>>>>>>>>>>>>>>>>>>>>>>>>>>>>>>>>>>>>>>>
epoch: 14
loss: 0.8411, acc: 0.5938
loss: 0.8284, acc: 0.6406
loss: 0.8568, acc: 0.6298
loss: 0.8688, acc: 0.6250
loss: 0.8843, acc: 0.6101
loss: 0.8703, acc: 0.6172
loss: 0.8734, acc: 0.6136
loss: 0.8657, acc: 0.6184
loss: 0.8698, acc: 0.6177
loss: 0.8704, acc: 0.6185
loss: 0.8686, acc: 0.6132
loss: 0.8649, acc: 0.6180
loss: 0.8593, acc: 0.6240
loss: 0.8655, acc: 0.6172
loss: 0.8645, acc: 0.6194
loss: 0.8644, acc: 0.6174
loss: 0.8612, acc: 0.6194
loss: 0.8636, acc: 0.6183
loss: 0.8623, acc: 0.6216
loss: 0.8608, acc: 0.6231
loss: 0.8631, acc: 0.6217
loss: 0.8644, acc: 0.6207
loss: 0.8644, acc: 0.6208
> val_acc: 0.6357, val_f1: 0.4363
> best_val_acc: 0.6589, best_val_f1: 0.4516
>>>>>>>>>>>>>>>>>>>>>>>>>>>>>>>>>>>>>>>>>>>>>>>>>>>>>>>>>>>>>>>>>>>>>>>>>>>>>>>>>>>>>>>>>>>>>>>>>>>>
epoch: 15
loss: 0.8088, acc: 0.6438
loss: 0.8459, acc: 0.6125
loss: 0.8432, acc: 0.6188
loss: 0.8537, acc: 0.6172
loss: 0.8603, acc: 0.6100
loss: 0.8603, acc: 0.6125
loss: 0.8535, acc: 0.6143
loss: 0.8612, acc: 0.6086
loss: 0.8554, acc: 0.6160
loss: 0.8592, acc: 0.6169
loss: 0.8597, acc: 0.6165
loss: 0.8635, acc: 0.6109
loss: 0.8607, acc: 0.6163
loss: 0.8614, acc: 0.6147
loss: 0.8648, acc: 0.6133
loss: 0.8650, acc: 0.6160
loss: 0.8648, acc: 0.6165
loss: 0.8650, acc: 0.6163
loss: 0.8642, acc: 0.6181
loss: 0.8609, acc: 0.6191
loss: 0.8614, acc: 0.6217
loss: 0.8603, acc: 0.6216
> val_acc: 0.6375, val_f1: 0.4341
> best_val_acc: 0.6589, best_val_f1: 0.4516
>>>>>>>>>>>>>>>>>>>>>>>>>>>>>>>>>>>>>>>>>>>>>>>>>>>>>>>>>>>>>>>>>>>>>>>>>>>>>>>>>>>>>>>>>>>>>>>>>>>>
epoch: 16
loss: 0.8594, acc: 0.6094
loss: 0.8518, acc: 0.6473
loss: 0.8701, acc: 0.6276
loss: 0.8444, acc: 0.6268
loss: 0.8694, acc: 0.6165
loss: 0.8779, acc: 0.6123
loss: 0.8759, acc: 0.6113
loss: 0.8727, acc: 0.6166
loss: 0.8741, acc: 0.6138
loss: 0.8683, acc: 0.6177
loss: 0.8688, acc: 0.6160
loss: 0.8682, acc: 0.6151
loss: 0.8667, acc: 0.6184
loss: 0.8633, acc: 0.6227
loss: 0.8644, acc: 0.6250
loss: 0.8646, acc: 0.6238
loss: 0.8671, acc: 0.6200
loss: 0.8599, acc: 0.6250
loss: 0.8645, acc: 0.6213
loss: 0.8635, acc: 0.6215
loss: 0.8595, acc: 0.6232
loss: 0.8573, acc: 0.6241
loss: 0.8599, acc: 0.6228
> val_acc: 0.6348, val_f1: 0.4430
> best_val_acc: 0.6589, best_val_f1: 0.4516
>>>>>>>>>>>>>>>>>>>>>>>>>>>>>>>>>>>>>>>>>>>>>>>>>>>>>>>>>>>>>>>>>>>>>>>>>>>>>>>>>>>>>>>>>>>>>>>>>>>>
epoch: 17
loss: 0.8249, acc: 0.6406
loss: 0.8652, acc: 0.6146
loss: 0.8556, acc: 0.6183
loss: 0.8408, acc: 0.6332
loss: 0.8295, acc: 0.6458
loss: 0.8323, acc: 0.6433
loss: 0.8428, acc: 0.6379
loss: 0.8512, acc: 0.6306
loss: 0.8556, acc: 0.6250
loss: 0.8477, acc: 0.6320
loss: 0.8557, acc: 0.6279
loss: 0.8514, acc: 0.6319
loss: 0.8483, acc: 0.6318
loss: 0.8462, acc: 0.6322
loss: 0.8515, acc: 0.6305
loss: 0.8534, acc: 0.6301
loss: 0.8527, acc: 0.6280
loss: 0.8497, acc: 0.6282
loss: 0.8488, acc: 0.6307
loss: 0.8464, acc: 0.6338
loss: 0.8485, acc: 0.6322
loss: 0.8468, acc: 0.6345
> val_acc: 0.6366, val_f1: 0.4441
> best_val_acc: 0.6589, best_val_f1: 0.4516
>>>>>>>>>>>>>>>>>>>>>>>>>>>>>>>>>>>>>>>>>>>>>>>>>>>>>>>>>>>>>>>>>>>>>>>>>>>>>>>>>>>>>>>>>>>>>>>>>>>>
epoch: 18
loss: 0.9983, acc: 0.5312
loss: 0.8144, acc: 0.6510
loss: 0.8009, acc: 0.6733
loss: 0.8177, acc: 0.6699
loss: 0.8276, acc: 0.6533
loss: 0.8259, acc: 0.6575
loss: 0.8549, acc: 0.6351
loss: 0.8507, acc: 0.6328
loss: 0.8515, acc: 0.6326
loss: 0.8560, acc: 0.6291
loss: 0.8560, acc: 0.6268
loss: 0.8548, acc: 0.6278
loss: 0.8546, acc: 0.6311
loss: 0.8549, acc: 0.6307
loss: 0.8514, acc: 0.6312
loss: 0.8461, acc: 0.6353
loss: 0.8526, acc: 0.6285
loss: 0.8546, acc: 0.6268
loss: 0.8514, acc: 0.6288
loss: 0.8515, acc: 0.6276
loss: 0.8516, acc: 0.6281
loss: 0.8511, acc: 0.6306
loss: 0.8521, acc: 0.6281
> val_acc: 0.6411, val_f1: 0.4406
> best_val_acc: 0.6589, best_val_f1: 0.4516
>>>>>>>>>>>>>>>>>>>>>>>>>>>>>>>>>>>>>>>>>>>>>>>>>>>>>>>>>>>>>>>>>>>>>>>>>>>>>>>>>>>>>>>>>>>>>>>>>>>>
epoch: 19
loss: 0.9152, acc: 0.5833
loss: 0.8913, acc: 0.6055
loss: 0.8859, acc: 0.6010
loss: 0.8622, acc: 0.6128
loss: 0.8444, acc: 0.6291
loss: 0.8416, acc: 0.6317
loss: 0.8423, acc: 0.6364
loss: 0.8402, acc: 0.6365
loss: 0.8438, acc: 0.6374
loss: 0.8486, acc: 0.6348
loss: 0.8483, acc: 0.6344
loss: 0.8453, acc: 0.6347
loss: 0.8469, acc: 0.6349
loss: 0.8448, acc: 0.6342
loss: 0.8416, acc: 0.6344
loss: 0.8417, acc: 0.6346
loss: 0.8445, acc: 0.6329
loss: 0.8424, acc: 0.6339
loss: 0.8407, acc: 0.6341
loss: 0.8471, acc: 0.6295
loss: 0.8423, acc: 0.6320
loss: 0.8421, acc: 0.6314
loss: 0.8416, acc: 0.6330
> val_acc: 0.6411, val_f1: 0.4439
> best_val_acc: 0.6589, best_val_f1: 0.4516
>>>>>>>>>>>>>>>>>>>>>>>>>>>>>>>>>>>>>>>>>>>>>>>>>>>>>>>>>>>>>>>>>>>>>>>>>>>>>>>>>>>>>>>>>>>>>>>>>>>>
epoch: 20
loss: 0.8839, acc: 0.6125
loss: 0.8629, acc: 0.6312
loss: 0.8542, acc: 0.6458
loss: 0.8432, acc: 0.6547
loss: 0.8579, acc: 0.6362
loss: 0.8609, acc: 0.6375
loss: 0.8691, acc: 0.6321
loss: 0.8548, acc: 0.6414
loss: 0.8544, acc: 0.6438
loss: 0.8564, acc: 0.6406
loss: 0.8506, acc: 0.6409
loss: 0.8522, acc: 0.6391
loss: 0.8526, acc: 0.6361
loss: 0.8515, acc: 0.6371
loss: 0.8521, acc: 0.6367
loss: 0.8486, acc: 0.6367
loss: 0.8470, acc: 0.6364
loss: 0.8472, acc: 0.6354
loss: 0.8503, acc: 0.6342
loss: 0.8519, acc: 0.6341
loss: 0.8504, acc: 0.6351
loss: 0.8517, acc: 0.6332
> val_acc: 0.6250, val_f1: 0.4454
> best_val_acc: 0.6589, best_val_f1: 0.4516
>>>>>>>>>>>>>>>>>>>>>>>>>>>>>>>>>>>>>>>>>>>>>>>>>>>>>>>>>>>>>>>>>>>>>>>>>>>>>>>>>>>>>>>>>>>>>>>>>>>>
epoch: 21
loss: 0.7851, acc: 0.6719
loss: 0.8073, acc: 0.6518
loss: 0.8257, acc: 0.6276
loss: 0.8195, acc: 0.6379
loss: 0.8366, acc: 0.6307
loss: 0.8366, acc: 0.6296
loss: 0.8339, acc: 0.6279
loss: 0.8303, acc: 0.6301
loss: 0.8295, acc: 0.6302
loss: 0.8329, acc: 0.6290
loss: 0.8290, acc: 0.6328
loss: 0.8251, acc: 0.6343
loss: 0.8311, acc: 0.6295
loss: 0.8329, acc: 0.6315
loss: 0.8400, acc: 0.6259
loss: 0.8416, acc: 0.6250
loss: 0.8418, acc: 0.6258
loss: 0.8387, acc: 0.6268
loss: 0.8377, acc: 0.6260
loss: 0.8416, acc: 0.6247
loss: 0.8429, acc: 0.6247
loss: 0.8379, acc: 0.6273
loss: 0.8347, acc: 0.6300
> val_acc: 0.6402, val_f1: 0.4395
> best_val_acc: 0.6589, best_val_f1: 0.4516
>>>>>>>>>>>>>>>>>>>>>>>>>>>>>>>>>>>>>>>>>>>>>>>>>>>>>>>>>>>>>>>>>>>>>>>>>>>>>>>>>>>>>>>>>>>>>>>>>>>>
epoch: 22
loss: 0.8105, acc: 0.6328
loss: 0.8084, acc: 0.6493
loss: 0.8130, acc: 0.6540
loss: 0.8334, acc: 0.6414
loss: 0.8327, acc: 0.6484
loss: 0.8310, acc: 0.6476
loss: 0.8274, acc: 0.6507
loss: 0.8226, acc: 0.6514
loss: 0.8260, acc: 0.6456
loss: 0.8191, acc: 0.6499
loss: 0.8299, acc: 0.6429
loss: 0.8285, acc: 0.6457
loss: 0.8306, acc: 0.6406
loss: 0.8312, acc: 0.6390
loss: 0.8251, acc: 0.6415
loss: 0.8263, acc: 0.6408
loss: 0.8304, acc: 0.6384
loss: 0.8327, acc: 0.6373
loss: 0.8349, acc: 0.6370
loss: 0.8362, acc: 0.6367
loss: 0.8364, acc: 0.6355
loss: 0.8344, acc: 0.6365
> val_acc: 0.6250, val_f1: 0.4453
> best_val_acc: 0.6589, best_val_f1: 0.4516
>>>>>>>>>>>>>>>>>>>>>>>>>>>>>>>>>>>>>>>>>>>>>>>>>>>>>>>>>>>>>>>>>>>>>>>>>>>>>>>>>>>>>>>>>>>>>>>>>>>>
epoch: 23
loss: 0.7678, acc: 0.6875
loss: 0.8407, acc: 0.6562
loss: 0.7895, acc: 0.6790
loss: 0.7926, acc: 0.6660
loss: 0.8122, acc: 0.6548
loss: 0.8128, acc: 0.6502
loss: 0.8314, acc: 0.6431
loss: 0.8326, acc: 0.6441
loss: 0.8352, acc: 0.6402
loss: 0.8327, acc: 0.6386
loss: 0.8298, acc: 0.6385
loss: 0.8331, acc: 0.6334
loss: 0.8338, acc: 0.6322
loss: 0.8328, acc: 0.6335
loss: 0.8337, acc: 0.6338
loss: 0.8326, acc: 0.6336
loss: 0.8345, acc: 0.6308
loss: 0.8341, acc: 0.6312
loss: 0.8350, acc: 0.6319
loss: 0.8310, acc: 0.6341
loss: 0.8287, acc: 0.6358
loss: 0.8285, acc: 0.6341
loss: 0.8321, acc: 0.6306
> val_acc: 0.6375, val_f1: 0.4448
> best_val_acc: 0.6589, best_val_f1: 0.4516
>>>>>>>>>>>>>>>>>>>>>>>>>>>>>>>>>>>>>>>>>>>>>>>>>>>>>>>>>>>>>>>>>>>>>>>>>>>>>>>>>>>>>>>>>>>>>>>>>>>>
epoch: 24
loss: 0.9213, acc: 0.6146
loss: 0.8854, acc: 0.6133
loss: 0.8613, acc: 0.6418
loss: 0.8273, acc: 0.6597
loss: 0.8562, acc: 0.6427
loss: 0.8579, acc: 0.6328
loss: 0.8601, acc: 0.6269
loss: 0.8681, acc: 0.6184
loss: 0.8511, acc: 0.6294
loss: 0.8597, acc: 0.6243
loss: 0.8618, acc: 0.6209
loss: 0.8565, acc: 0.6250
loss: 0.8483, acc: 0.6324
loss: 0.8445, acc: 0.6374
loss: 0.8396, acc: 0.6396
loss: 0.8407, acc: 0.6386
loss: 0.8385, acc: 0.6412
loss: 0.8375, acc: 0.6406
loss: 0.8410, acc: 0.6364
loss: 0.8396, acc: 0.6368
loss: 0.8366, acc: 0.6396
loss: 0.8347, acc: 0.6403
loss: 0.8364, acc: 0.6400
> val_acc: 0.6438, val_f1: 0.4459
> best_val_acc: 0.6589, best_val_f1: 0.4516
>>>>>>>>>>>>>>>>>>>>>>>>>>>>>>>>>>>>>>>>>>>>>>>>>>>>>>>>>>>>>>>>>>>>>>>>>>>>>>>>>>>>>>>>>>>>>>>>>>>>
epoch: 25
loss: 0.7957, acc: 0.6937
loss: 0.8026, acc: 0.6719
loss: 0.8306, acc: 0.6417
loss: 0.8248, acc: 0.6500
loss: 0.8187, acc: 0.6475
loss: 0.8168, acc: 0.6469
loss: 0.8348, acc: 0.6429
loss: 0.8272, acc: 0.6477
loss: 0.8217, acc: 0.6528
loss: 0.8153, acc: 0.6581
loss: 0.8160, acc: 0.6568
loss: 0.8226, acc: 0.6500
loss: 0.8234, acc: 0.6514
loss: 0.8241, acc: 0.6509
loss: 0.8242, acc: 0.6521
loss: 0.8293, acc: 0.6469
loss: 0.8285, acc: 0.6452
loss: 0.8283, acc: 0.6448
loss: 0.8269, acc: 0.6467
loss: 0.8306, acc: 0.6453
loss: 0.8291, acc: 0.6455
loss: 0.8317, acc: 0.6429
> val_acc: 0.6286, val_f1: 0.4436
> best_val_acc: 0.6589, best_val_f1: 0.4516
>>>>>>>>>>>>>>>>>>>>>>>>>>>>>>>>>>>>>>>>>>>>>>>>>>>>>>>>>>>>>>>>>>>>>>>>>>>>>>>>>>>>>>>>>>>>>>>>>>>>
epoch: 26
loss: 0.9203, acc: 0.5469
loss: 0.8748, acc: 0.5848
loss: 0.8432, acc: 0.6224
loss: 0.8076, acc: 0.6452
loss: 0.8024, acc: 0.6506
loss: 0.8033, acc: 0.6562
loss: 0.7980, acc: 0.6572
loss: 0.8032, acc: 0.6537
loss: 0.7924, acc: 0.6592
loss: 0.7944, acc: 0.6589
loss: 0.7960, acc: 0.6593
loss: 0.8018, acc: 0.6557
loss: 0.8044, acc: 0.6583
loss: 0.8067, acc: 0.6544
loss: 0.8098, acc: 0.6541
loss: 0.8179, acc: 0.6457
loss: 0.8173, acc: 0.6433
loss: 0.8173, acc: 0.6426
loss: 0.8165, acc: 0.6433
loss: 0.8205, acc: 0.6414
loss: 0.8247, acc: 0.6388
loss: 0.8261, acc: 0.6376
loss: 0.8274, acc: 0.6362
> val_acc: 0.6250, val_f1: 0.4473
> best_val_acc: 0.6589, best_val_f1: 0.4516
>>>>>>>>>>>>>>>>>>>>>>>>>>>>>>>>>>>>>>>>>>>>>>>>>>>>>>>>>>>>>>>>>>>>>>>>>>>>>>>>>>>>>>>>>>>>>>>>>>>>
epoch: 27
loss: 0.9208, acc: 0.5391
loss: 0.8677, acc: 0.5938
loss: 0.8683, acc: 0.5938
loss: 0.8489, acc: 0.6151
loss: 0.8433, acc: 0.6198
loss: 0.8369, acc: 0.6325
loss: 0.8233, acc: 0.6452
loss: 0.8270, acc: 0.6450
loss: 0.8354, acc: 0.6364
loss: 0.8296, acc: 0.6346
loss: 0.8341, acc: 0.6372
loss: 0.8365, acc: 0.6372
loss: 0.8336, acc: 0.6377
loss: 0.8312, acc: 0.6395
loss: 0.8285, acc: 0.6394
loss: 0.8275, acc: 0.6388
loss: 0.8286, acc: 0.6365
loss: 0.8311, acc: 0.6376
loss: 0.8305, acc: 0.6386
loss: 0.8302, acc: 0.6386
loss: 0.8254, acc: 0.6418
loss: 0.8237, acc: 0.6419
> val_acc: 0.6482, val_f1: 0.4425
> best_val_acc: 0.6589, best_val_f1: 0.4516
>>>>>>>>>>>>>>>>>>>>>>>>>>>>>>>>>>>>>>>>>>>>>>>>>>>>>>>>>>>>>>>>>>>>>>>>>>>>>>>>>>>>>>>>>>>>>>>>>>>>
epoch: 28
loss: 0.9927, acc: 0.5000
loss: 0.9387, acc: 0.5729
loss: 0.9042, acc: 0.5909
loss: 0.8378, acc: 0.6348
loss: 0.8216, acc: 0.6399
loss: 0.8212, acc: 0.6370
loss: 0.8109, acc: 0.6381
loss: 0.8247, acc: 0.6302
loss: 0.8242, acc: 0.6319
loss: 0.8256, acc: 0.6352
loss: 0.8172, acc: 0.6434
loss: 0.8159, acc: 0.6412
loss: 0.8224, acc: 0.6393
loss: 0.8246, acc: 0.6378
loss: 0.8233, acc: 0.6391
loss: 0.8241, acc: 0.6365
loss: 0.8178, acc: 0.6400
loss: 0.8217, acc: 0.6370
loss: 0.8204, acc: 0.6363
loss: 0.8256, acc: 0.6335
loss: 0.8251, acc: 0.6324
loss: 0.8232, acc: 0.6335
loss: 0.8230, acc: 0.6340
> val_acc: 0.6420, val_f1: 0.4456
> best_val_acc: 0.6589, best_val_f1: 0.4516
>>>>>>>>>>>>>>>>>>>>>>>>>>>>>>>>>>>>>>>>>>>>>>>>>>>>>>>>>>>>>>>>>>>>>>>>>>>>>>>>>>>>>>>>>>>>>>>>>>>>
epoch: 29
loss: 0.8506, acc: 0.5833
loss: 0.7811, acc: 0.6523
loss: 0.8077, acc: 0.6514
loss: 0.8342, acc: 0.6285
loss: 0.8322, acc: 0.6318
loss: 0.8271, acc: 0.6362
loss: 0.8194, acc: 0.6373
loss: 0.8134, acc: 0.6414
loss: 0.8185, acc: 0.6388
loss: 0.8108, acc: 0.6452
loss: 0.8050, acc: 0.6468
loss: 0.8032, acc: 0.6471
loss: 0.8017, acc: 0.6483
loss: 0.8028, acc: 0.6461
loss: 0.8074, acc: 0.6447
loss: 0.8071, acc: 0.6470
loss: 0.8076, acc: 0.6480
loss: 0.8111, acc: 0.6456
loss: 0.8099, acc: 0.6472
loss: 0.8077, acc: 0.6486
loss: 0.8115, acc: 0.6453
loss: 0.8107, acc: 0.6484
loss: 0.8101, acc: 0.6494
> val_acc: 0.6464, val_f1: 0.4468
> best_val_acc: 0.6589, best_val_f1: 0.4516
>>>>>>>>>>>>>>>>>>>>>>>>>>>>>>>>>>>>>>>>>>>>>>>>>>>>>>>>>>>>>>>>>>>>>>>>>>>>>>>>>>>>>>>>>>>>>>>>>>>>
epoch: 30
loss: 0.8136, acc: 0.6375
loss: 0.8438, acc: 0.5938
loss: 0.8486, acc: 0.6104
loss: 0.8365, acc: 0.6297
loss: 0.8363, acc: 0.6338
loss: 0.8378, acc: 0.6323
loss: 0.8260, acc: 0.6411
loss: 0.8273, acc: 0.6383
loss: 0.8183, acc: 0.6444
loss: 0.8113, acc: 0.6481
loss: 0.8106, acc: 0.6528
loss: 0.8117, acc: 0.6505
loss: 0.8103, acc: 0.6519
loss: 0.8090, acc: 0.6513
loss: 0.8107, acc: 0.6496
loss: 0.8124, acc: 0.6492
loss: 0.8142, acc: 0.6482
loss: 0.8158, acc: 0.6469
loss: 0.8143, acc: 0.6474
loss: 0.8127, acc: 0.6472
loss: 0.8143, acc: 0.6455
loss: 0.8192, acc: 0.6418
> val_acc: 0.6304, val_f1: 0.4395
> best_val_acc: 0.6589, best_val_f1: 0.4516
>>>>>>>>>>>>>>>>>>>>>>>>>>>>>>>>>>>>>>>>>>>>>>>>>>>>>>>>>>>>>>>>>>>>>>>>>>>>>>>>>>>>>>>>>>>>>>>>>>>>
epoch: 31
loss: 0.7954, acc: 0.6719
loss: 0.8273, acc: 0.6384
loss: 0.7943, acc: 0.6536
loss: 0.7936, acc: 0.6544
loss: 0.7920, acc: 0.6548
loss: 0.7927, acc: 0.6632
loss: 0.8040, acc: 0.6504
loss: 0.8021, acc: 0.6529
loss: 0.8077, acc: 0.6473
loss: 0.8040, acc: 0.6476
loss: 0.7987, acc: 0.6520
loss: 0.7952, acc: 0.6546
loss: 0.8011, acc: 0.6512
loss: 0.8033, acc: 0.6497
loss: 0.8059, acc: 0.6497
loss: 0.8065, acc: 0.6481
loss: 0.8080, acc: 0.6471
loss: 0.8069, acc: 0.6491
loss: 0.8108, acc: 0.6471
loss: 0.8128, acc: 0.6459
loss: 0.8139, acc: 0.6446
loss: 0.8165, acc: 0.6419
loss: 0.8153, acc: 0.6448
> val_acc: 0.6304, val_f1: 0.4409
> best_val_acc: 0.6589, best_val_f1: 0.4516
>>>>>>>>>>>>>>>>>>>>>>>>>>>>>>>>>>>>>>>>>>>>>>>>>>>>>>>>>>>>>>>>>>>>>>>>>>>>>>>>>>>>>>>>>>>>>>>>>>>>
epoch: 32
loss: 0.8164, acc: 0.6328
loss: 0.8170, acc: 0.6285
loss: 0.8363, acc: 0.6205
loss: 0.8193, acc: 0.6266
loss: 0.8231, acc: 0.6237
loss: 0.8211, acc: 0.6261
loss: 0.8228, acc: 0.6268
loss: 0.8254, acc: 0.6242
loss: 0.8226, acc: 0.6300
loss: 0.8286, acc: 0.6269
loss: 0.8273, acc: 0.6279
loss: 0.8260, acc: 0.6329
loss: 0.8195, acc: 0.6382
loss: 0.8211, acc: 0.6399
loss: 0.8252, acc: 0.6398
loss: 0.8203, acc: 0.6416
loss: 0.8200, acc: 0.6406
loss: 0.8174, acc: 0.6415
loss: 0.8201, acc: 0.6393
loss: 0.8189, acc: 0.6402
loss: 0.8154, acc: 0.6427
loss: 0.8164, acc: 0.6422
> val_acc: 0.6420, val_f1: 0.4448
> best_val_acc: 0.6589, best_val_f1: 0.4516
>>>>>>>>>>>>>>>>>>>>>>>>>>>>>>>>>>>>>>>>>>>>>>>>>>>>>>>>>>>>>>>>>>>>>>>>>>>>>>>>>>>>>>>>>>>>>>>>>>>>
epoch: 33
loss: 0.8982, acc: 0.5625
loss: 0.8329, acc: 0.6510
loss: 0.8701, acc: 0.6136
loss: 0.8370, acc: 0.6406
loss: 0.8394, acc: 0.6399
loss: 0.8339, acc: 0.6382
loss: 0.8293, acc: 0.6351
loss: 0.8211, acc: 0.6363
loss: 0.8156, acc: 0.6410
loss: 0.8108, acc: 0.6474
loss: 0.8146, acc: 0.6446
loss: 0.8139, acc: 0.6445
loss: 0.8186, acc: 0.6429
loss: 0.8187, acc: 0.6411
loss: 0.8164, acc: 0.6422
loss: 0.8212, acc: 0.6398
loss: 0.8168, acc: 0.6427
loss: 0.8235, acc: 0.6392
loss: 0.8172, acc: 0.6435
loss: 0.8167, acc: 0.6432
loss: 0.8151, acc: 0.6436
loss: 0.8133, acc: 0.6453
loss: 0.8167, acc: 0.6425
> val_acc: 0.6375, val_f1: 0.4419
> best_val_acc: 0.6589, best_val_f1: 0.4516
>>>>>>>>>>>>>>>>>>>>>>>>>>>>>>>>>>>>>>>>>>>>>>>>>>>>>>>>>>>>>>>>>>>>>>>>>>>>>>>>>>>>>>>>>>>>>>>>>>>>
epoch: 34
loss: 0.8188, acc: 0.6250
loss: 0.8197, acc: 0.6367
loss: 0.8533, acc: 0.6202
loss: 0.8434, acc: 0.6319
loss: 0.8343, acc: 0.6413
loss: 0.8169, acc: 0.6496
loss: 0.8235, acc: 0.6477
loss: 0.8295, acc: 0.6423
loss: 0.8410, acc: 0.6330
loss: 0.8378, acc: 0.6341
loss: 0.8272, acc: 0.6415
loss: 0.8232, acc: 0.6417
loss: 0.8197, acc: 0.6414
loss: 0.8156, acc: 0.6429
loss: 0.8069, acc: 0.6473
loss: 0.8055, acc: 0.6494
loss: 0.8057, acc: 0.6498
loss: 0.8108, acc: 0.6474
loss: 0.8125, acc: 0.6452
loss: 0.8108, acc: 0.6448
loss: 0.8107, acc: 0.6429
loss: 0.8123, acc: 0.6429
loss: 0.8143, acc: 0.6425
> val_acc: 0.6286, val_f1: 0.4429
> best_val_acc: 0.6589, best_val_f1: 0.4516
>>>>>>>>>>>>>>>>>>>>>>>>>>>>>>>>>>>>>>>>>>>>>>>>>>>>>>>>>>>>>>>>>>>>>>>>>>>>>>>>>>>>>>>>>>>>>>>>>>>>
epoch: 35
loss: 0.7655, acc: 0.6937
loss: 0.8218, acc: 0.6531
loss: 0.8168, acc: 0.6583
loss: 0.8129, acc: 0.6578
loss: 0.8128, acc: 0.6562
loss: 0.8224, acc: 0.6448
loss: 0.8273, acc: 0.6384
loss: 0.8300, acc: 0.6328
loss: 0.8232, acc: 0.6382
loss: 0.8203, acc: 0.6369
loss: 0.8161, acc: 0.6375
loss: 0.8136, acc: 0.6411
loss: 0.8137, acc: 0.6413
loss: 0.8085, acc: 0.6455
loss: 0.8126, acc: 0.6446
loss: 0.8062, acc: 0.6477
loss: 0.8045, acc: 0.6478
loss: 0.8031, acc: 0.6483
loss: 0.8038, acc: 0.6484
loss: 0.8105, acc: 0.6422
loss: 0.8094, acc: 0.6432
loss: 0.8061, acc: 0.6460
> val_acc: 0.6357, val_f1: 0.4411
> best_val_acc: 0.6589, best_val_f1: 0.4516
>>>>>>>>>>>>>>>>>>>>>>>>>>>>>>>>>>>>>>>>>>>>>>>>>>>>>>>>>>>>>>>>>>>>>>>>>>>>>>>>>>>>>>>>>>>>>>>>>>>>
epoch: 36
loss: 0.7398, acc: 0.6875
loss: 0.8390, acc: 0.6250
loss: 0.8253, acc: 0.6224
loss: 0.8376, acc: 0.6158
loss: 0.8215, acc: 0.6321
loss: 0.8074, acc: 0.6481
loss: 0.8095, acc: 0.6436
loss: 0.8064, acc: 0.6512
loss: 0.8135, acc: 0.6548
loss: 0.8046, acc: 0.6569
loss: 0.8035, acc: 0.6562
loss: 0.8049, acc: 0.6562
loss: 0.8009, acc: 0.6568
loss: 0.7974, acc: 0.6572
loss: 0.7986, acc: 0.6576
loss: 0.7968, acc: 0.6571
loss: 0.7948, acc: 0.6582
loss: 0.7991, acc: 0.6559
loss: 0.7981, acc: 0.6569
loss: 0.8006, acc: 0.6550
loss: 0.8022, acc: 0.6569
loss: 0.8044, acc: 0.6554
loss: 0.8046, acc: 0.6540
> val_acc: 0.6339, val_f1: 0.4411
> best_val_acc: 0.6589, best_val_f1: 0.4516
>>>>>>>>>>>>>>>>>>>>>>>>>>>>>>>>>>>>>>>>>>>>>>>>>>>>>>>>>>>>>>>>>>>>>>>>>>>>>>>>>>>>>>>>>>>>>>>>>>>>
epoch: 37
loss: 0.7672, acc: 0.6641
loss: 0.8336, acc: 0.6250
loss: 0.8339, acc: 0.6362
loss: 0.8348, acc: 0.6283
loss: 0.8202, acc: 0.6406
loss: 0.8131, acc: 0.6466
loss: 0.8195, acc: 0.6388
loss: 0.8134, acc: 0.6434
loss: 0.8076, acc: 0.6449
loss: 0.8123, acc: 0.6454
loss: 0.8118, acc: 0.6458
loss: 0.8059, acc: 0.6478
loss: 0.8157, acc: 0.6440
loss: 0.8143, acc: 0.6422
loss: 0.8157, acc: 0.6398
loss: 0.8143, acc: 0.6400
loss: 0.8118, acc: 0.6414
loss: 0.8089, acc: 0.6412
loss: 0.8060, acc: 0.6436
loss: 0.8070, acc: 0.6439
loss: 0.8067, acc: 0.6439
loss: 0.8057, acc: 0.6439
> val_acc: 0.6357, val_f1: 0.4451
> best_val_acc: 0.6589, best_val_f1: 0.4516
>>>>>>>>>>>>>>>>>>>>>>>>>>>>>>>>>>>>>>>>>>>>>>>>>>>>>>>>>>>>>>>>>>>>>>>>>>>>>>>>>>>>>>>>>>>>>>>>>>>>
epoch: 38
loss: 0.7364, acc: 0.7500
loss: 0.7674, acc: 0.6823
loss: 0.7835, acc: 0.6733
loss: 0.8243, acc: 0.6309
loss: 0.8102, acc: 0.6488
loss: 0.7955, acc: 0.6611
loss: 0.7951, acc: 0.6593
loss: 0.7927, acc: 0.6649
loss: 0.7877, acc: 0.6692
loss: 0.7964, acc: 0.6658
loss: 0.8006, acc: 0.6636
loss: 0.8124, acc: 0.6551
loss: 0.8127, acc: 0.6557
loss: 0.8137, acc: 0.6515
loss: 0.8168, acc: 0.6501
loss: 0.8147, acc: 0.6517
loss: 0.8183, acc: 0.6470
loss: 0.8161, acc: 0.6479
loss: 0.8120, acc: 0.6511
loss: 0.8099, acc: 0.6530
loss: 0.8029, acc: 0.6575
loss: 0.8036, acc: 0.6557
loss: 0.8020, acc: 0.6554
> val_acc: 0.6446, val_f1: 0.4434
> best_val_acc: 0.6589, best_val_f1: 0.4516
>>>>>>>>>>>>>>>>>>>>>>>>>>>>>>>>>>>>>>>>>>>>>>>>>>>>>>>>>>>>>>>>>>>>>>>>>>>>>>>>>>>>>>>>>>>>>>>>>>>>
epoch: 39
loss: 0.7739, acc: 0.6667
loss: 0.7770, acc: 0.6641
loss: 0.8026, acc: 0.6466
loss: 0.7970, acc: 0.6458
loss: 0.7897, acc: 0.6508
loss: 0.7875, acc: 0.6585
loss: 0.7995, acc: 0.6458
loss: 0.8025, acc: 0.6439
loss: 0.7943, acc: 0.6490
loss: 0.7961, acc: 0.6484
loss: 0.8029, acc: 0.6480
loss: 0.8034, acc: 0.6482
loss: 0.8088, acc: 0.6463
loss: 0.8071, acc: 0.6471
loss: 0.8028, acc: 0.6507
loss: 0.7988, acc: 0.6522
loss: 0.7958, acc: 0.6540
loss: 0.7970, acc: 0.6538
loss: 0.8012, acc: 0.6515
loss: 0.8028, acc: 0.6518
loss: 0.8041, acc: 0.6505
loss: 0.8004, acc: 0.6525
loss: 0.8007, acc: 0.6522
> val_acc: 0.6286, val_f1: 0.4523
> best_val_acc: 0.6589, best_val_f1: 0.4516
>>>>>>>>>>>>>>>>>>>>>>>>>>>>>>>>>>>>>>>>>>>>>>>>>>>>>>>>>>>>>>>>>>>>>>>>>>>>>>>>>>>>>>>>>>>>>>>>>>>>
epoch: 40
loss: 0.8100, acc: 0.6375
loss: 0.7992, acc: 0.6687
loss: 0.7961, acc: 0.6813
loss: 0.8003, acc: 0.6672
loss: 0.7989, acc: 0.6637
loss: 0.7946, acc: 0.6635
loss: 0.8045, acc: 0.6509
loss: 0.8050, acc: 0.6492
loss: 0.8017, acc: 0.6486
loss: 0.8019, acc: 0.6488
loss: 0.8064, acc: 0.6455
loss: 0.8033, acc: 0.6469
loss: 0.8052, acc: 0.6442
loss: 0.8060, acc: 0.6442
loss: 0.8008, acc: 0.6454
loss: 0.7976, acc: 0.6484
loss: 0.7975, acc: 0.6496
loss: 0.7980, acc: 0.6507
loss: 0.7988, acc: 0.6490
loss: 0.7980, acc: 0.6488
loss: 0.7987, acc: 0.6488
loss: 0.8043, acc: 0.6440
> val_acc: 0.6295, val_f1: 0.4448
> best_val_acc: 0.6589, best_val_f1: 0.4523
>>>>>>>>>>>>>>>>>>>>>>>>>>>>>>>>>>>>>>>>>>>>>>>>>>>>>>>>>>>>>>>>>>>>>>>>>>>>>>>>>>>>>>>>>>>>>>>>>>>>
epoch: 41
loss: 0.7514, acc: 0.6875
loss: 0.8255, acc: 0.6473
loss: 0.8306, acc: 0.6250
loss: 0.8168, acc: 0.6232
loss: 0.8214, acc: 0.6236
loss: 0.8172, acc: 0.6308
loss: 0.8166, acc: 0.6387
loss: 0.8100, acc: 0.6453
loss: 0.8006, acc: 0.6525
loss: 0.8032, acc: 0.6503
loss: 0.7964, acc: 0.6520
loss: 0.7951, acc: 0.6508
loss: 0.7888, acc: 0.6562
loss: 0.7997, acc: 0.6479
loss: 0.7963, acc: 0.6510
loss: 0.7968, acc: 0.6502
loss: 0.7944, acc: 0.6521
loss: 0.7931, acc: 0.6516
loss: 0.7915, acc: 0.6539
loss: 0.7892, acc: 0.6550
loss: 0.7904, acc: 0.6532
loss: 0.7936, acc: 0.6492
loss: 0.7939, acc: 0.6490
> val_acc: 0.6312, val_f1: 0.4425
> best_val_acc: 0.6589, best_val_f1: 0.4523
>>>>>>>>>>>>>>>>>>>>>>>>>>>>>>>>>>>>>>>>>>>>>>>>>>>>>>>>>>>>>>>>>>>>>>>>>>>>>>>>>>>>>>>>>>>>>>>>>>>>
epoch: 42
loss: 0.7947, acc: 0.6406
loss: 0.8218, acc: 0.6354
loss: 0.8125, acc: 0.6518
loss: 0.8164, acc: 0.6447
loss: 0.8038, acc: 0.6536
loss: 0.8069, acc: 0.6487
loss: 0.8114, acc: 0.6461
loss: 0.7992, acc: 0.6474
loss: 0.7961, acc: 0.6506
loss: 0.7937, acc: 0.6486
loss: 0.7908, acc: 0.6516
loss: 0.7943, acc: 0.6531
loss: 0.7930, acc: 0.6504
loss: 0.7883, acc: 0.6522
loss: 0.7861, acc: 0.6537
loss: 0.7851, acc: 0.6574
loss: 0.7841, acc: 0.6589
loss: 0.7832, acc: 0.6601
loss: 0.7901, acc: 0.6576
loss: 0.7886, acc: 0.6604
loss: 0.7902, acc: 0.6605
loss: 0.7928, acc: 0.6580
> val_acc: 0.6321, val_f1: 0.4353
> best_val_acc: 0.6589, best_val_f1: 0.4523
>>>>>>>>>>>>>>>>>>>>>>>>>>>>>>>>>>>>>>>>>>>>>>>>>>>>>>>>>>>>>>>>>>>>>>>>>>>>>>>>>>>>>>>>>>>>>>>>>>>>
epoch: 43
loss: 1.1140, acc: 0.4062
loss: 0.8613, acc: 0.6198
loss: 0.8236, acc: 0.6307
loss: 0.8329, acc: 0.6152
loss: 0.8187, acc: 0.6295
loss: 0.8057, acc: 0.6358
loss: 0.7988, acc: 0.6421
loss: 0.8091, acc: 0.6319
loss: 0.8063, acc: 0.6395
loss: 0.8048, acc: 0.6420
loss: 0.8043, acc: 0.6440
loss: 0.8026, acc: 0.6434
loss: 0.8026, acc: 0.6434
loss: 0.7957, acc: 0.6496
loss: 0.7950, acc: 0.6496
loss: 0.7874, acc: 0.6525
loss: 0.7940, acc: 0.6516
loss: 0.7903, acc: 0.6548
loss: 0.7882, acc: 0.6542
loss: 0.7917, acc: 0.6510
loss: 0.7935, acc: 0.6488
loss: 0.7936, acc: 0.6501
loss: 0.7907, acc: 0.6512
> val_acc: 0.6277, val_f1: 0.4436
> best_val_acc: 0.6589, best_val_f1: 0.4523
>>>>>>>>>>>>>>>>>>>>>>>>>>>>>>>>>>>>>>>>>>>>>>>>>>>>>>>>>>>>>>>>>>>>>>>>>>>>>>>>>>>>>>>>>>>>>>>>>>>>
epoch: 44
loss: 0.8136, acc: 0.6458
loss: 0.7891, acc: 0.6367
loss: 0.7770, acc: 0.6442
loss: 0.7741, acc: 0.6493
loss: 0.7735, acc: 0.6535
loss: 0.7840, acc: 0.6496
loss: 0.7976, acc: 0.6420
loss: 0.7967, acc: 0.6431
loss: 0.8003, acc: 0.6395
loss: 0.7977, acc: 0.6426
loss: 0.7912, acc: 0.6468
loss: 0.7915, acc: 0.6492
loss: 0.7903, acc: 0.6483
loss: 0.7879, acc: 0.6494
loss: 0.7875, acc: 0.6498
loss: 0.7887, acc: 0.6498
loss: 0.7870, acc: 0.6498
loss: 0.7878, acc: 0.6502
loss: 0.7882, acc: 0.6489
loss: 0.7843, acc: 0.6502
loss: 0.7849, acc: 0.6496
loss: 0.7843, acc: 0.6513
loss: 0.7841, acc: 0.6513
> val_acc: 0.6330, val_f1: 0.4449
> best_val_acc: 0.6589, best_val_f1: 0.4523
>>>>>>>>>>>>>>>>>>>>>>>>>>>>>>>>>>>>>>>>>>>>>>>>>>>>>>>>>>>>>>>>>>>>>>>>>>>>>>>>>>>>>>>>>>>>>>>>>>>>
epoch: 45
loss: 0.8501, acc: 0.5938
loss: 0.8073, acc: 0.6156
loss: 0.8189, acc: 0.6104
loss: 0.8134, acc: 0.6125
loss: 0.8070, acc: 0.6212
loss: 0.7985, acc: 0.6396
loss: 0.7925, acc: 0.6438
loss: 0.7900, acc: 0.6461
loss: 0.7937, acc: 0.6424
loss: 0.7972, acc: 0.6425
loss: 0.7919, acc: 0.6438
loss: 0.7878, acc: 0.6448
loss: 0.7829, acc: 0.6486
loss: 0.7882, acc: 0.6455
loss: 0.7852, acc: 0.6488
loss: 0.7836, acc: 0.6492
loss: 0.7894, acc: 0.6471
loss: 0.7905, acc: 0.6458
loss: 0.7920, acc: 0.6451
loss: 0.7900, acc: 0.6469
loss: 0.7901, acc: 0.6473
loss: 0.7861, acc: 0.6506
> val_acc: 0.6277, val_f1: 0.4396
> best_val_acc: 0.6589, best_val_f1: 0.4523
>>>>>>>>>>>>>>>>>>>>>>>>>>>>>>>>>>>>>>>>>>>>>>>>>>>>>>>>>>>>>>>>>>>>>>>>>>>>>>>>>>>>>>>>>>>>>>>>>>>>
epoch: 46
loss: 0.8031, acc: 0.6562
loss: 0.8185, acc: 0.6473
loss: 0.8092, acc: 0.6380
loss: 0.7791, acc: 0.6618
loss: 0.7853, acc: 0.6591
loss: 0.7850, acc: 0.6632
loss: 0.7858, acc: 0.6592
loss: 0.7735, acc: 0.6706
loss: 0.7709, acc: 0.6704
loss: 0.7738, acc: 0.6689
loss: 0.7649, acc: 0.6767
loss: 0.7581, acc: 0.6765
loss: 0.7584, acc: 0.6784
loss: 0.7618, acc: 0.6740
loss: 0.7649, acc: 0.6723
loss: 0.7632, acc: 0.6717
loss: 0.7708, acc: 0.6665
loss: 0.7724, acc: 0.6659
loss: 0.7763, acc: 0.6624
loss: 0.7807, acc: 0.6601
loss: 0.7831, acc: 0.6590
loss: 0.7807, acc: 0.6618
loss: 0.7821, acc: 0.6593
> val_acc: 0.6339, val_f1: 0.4413
> best_val_acc: 0.6589, best_val_f1: 0.4523
>>>>>>>>>>>>>>>>>>>>>>>>>>>>>>>>>>>>>>>>>>>>>>>>>>>>>>>>>>>>>>>>>>>>>>>>>>>>>>>>>>>>>>>>>>>>>>>>>>>>
epoch: 47
loss: 0.7502, acc: 0.6641
loss: 0.7607, acc: 0.6840
loss: 0.7808, acc: 0.6629
loss: 0.7792, acc: 0.6661
loss: 0.7692, acc: 0.6732
loss: 0.7727, acc: 0.6649
loss: 0.7595, acc: 0.6774
loss: 0.7584, acc: 0.6723
loss: 0.7668, acc: 0.6669
loss: 0.7650, acc: 0.6671
loss: 0.7672, acc: 0.6690
loss: 0.7759, acc: 0.6642
loss: 0.7797, acc: 0.6597
loss: 0.7806, acc: 0.6572
loss: 0.7862, acc: 0.6520
loss: 0.7878, acc: 0.6511
loss: 0.7852, acc: 0.6544
loss: 0.7850, acc: 0.6531
loss: 0.7828, acc: 0.6562
loss: 0.7804, acc: 0.6594
loss: 0.7809, acc: 0.6581
loss: 0.7819, acc: 0.6565
> val_acc: 0.6330, val_f1: 0.4483
> best_val_acc: 0.6589, best_val_f1: 0.4523
>>>>>>>>>>>>>>>>>>>>>>>>>>>>>>>>>>>>>>>>>>>>>>>>>>>>>>>>>>>>>>>>>>>>>>>>>>>>>>>>>>>>>>>>>>>>>>>>>>>>
epoch: 48
loss: 0.7169, acc: 0.5938
loss: 0.7187, acc: 0.6823
loss: 0.7224, acc: 0.7017
loss: 0.7735, acc: 0.6660
loss: 0.7649, acc: 0.6696
loss: 0.7566, acc: 0.6743
loss: 0.7653, acc: 0.6623
loss: 0.7799, acc: 0.6484
loss: 0.7758, acc: 0.6570
loss: 0.7774, acc: 0.6590
loss: 0.7798, acc: 0.6599
loss: 0.7814, acc: 0.6574
loss: 0.7781, acc: 0.6614
loss: 0.7776, acc: 0.6619
loss: 0.7825, acc: 0.6593
loss: 0.7850, acc: 0.6583
loss: 0.7846, acc: 0.6593
loss: 0.7842, acc: 0.6584
loss: 0.7847, acc: 0.6587
loss: 0.7859, acc: 0.6582
loss: 0.7846, acc: 0.6578
loss: 0.7875, acc: 0.6560
loss: 0.7865, acc: 0.6574
> val_acc: 0.6357, val_f1: 0.4477
> best_val_acc: 0.6589, best_val_f1: 0.4523
>>>>>>>>>>>>>>>>>>>>>>>>>>>>>>>>>>>>>>>>>>>>>>>>>>>>>>>>>>>>>>>>>>>>>>>>>>>>>>>>>>>>>>>>>>>>>>>>>>>>
epoch: 49
loss: 0.7361, acc: 0.6458
loss: 0.7571, acc: 0.6680
loss: 0.7821, acc: 0.6562
loss: 0.7652, acc: 0.6649
loss: 0.7648, acc: 0.6590
loss: 0.7684, acc: 0.6551
loss: 0.7673, acc: 0.6629
loss: 0.7645, acc: 0.6645
loss: 0.7668, acc: 0.6635
loss: 0.7590, acc: 0.6667
loss: 0.7678, acc: 0.6616
loss: 0.7630, acc: 0.6627
loss: 0.7606, acc: 0.6642
loss: 0.7654, acc: 0.6631
loss: 0.7687, acc: 0.6610
loss: 0.7704, acc: 0.6595
loss: 0.7682, acc: 0.6593
loss: 0.7736, acc: 0.6552
loss: 0.7755, acc: 0.6542
loss: 0.7791, acc: 0.6547
loss: 0.7771, acc: 0.6547
loss: 0.7769, acc: 0.6557
loss: 0.7768, acc: 0.6558
> val_acc: 0.6330, val_f1: 0.4471
> best_val_acc: 0.6589, best_val_f1: 0.4523
>> test_acc: 0.6589, test_f1: 0.4124
