n_trainable_params: 528203, n_nontrainable_params: 442532
> training arguments:
>>> model_name: igcn_embed
>>> model_ver: 3
>>> dataset: restaurant
>>> optimizer: <class 'torch.optim.adamax.Adamax'>
>>> initializer: <function xavier_uniform_ at 0x7f07b466fe18>
>>> learning_rate: 0.002
>>> momentum: 0.95
>>> dropout: 0.35
>>> l2reg: 5e-05
>>> num_epoch: 30
>>> batch_size: 32
>>> log_step: 5
>>> embed_dim: 136
>>> hidden_dim: 300
>>> bert_dim: 768
>>> pretrained_bert_name: bert-base-uncased
>>> embeddings: d
>>> max_seq_len: 80
>>> polarities_dim: 3
>>> hops: 3
>>> device: cpu
>>> seed: 0
>>> valset_ratio: 0
>>> num_layers: 1
>>> in_channels: 100
>>> out_channels: 1
>>> downbot: 20
>>> kernel_size: 3
>>> position_dim: 100
>>> stanford_pos_model: C:/NLP_Programs/stanford-postagger-2018-10-16/models/english-bidirectional-distsim.tagger
>>> stanford_pos_jar: C:/NLP_Programs/stanford-postagger-2018-10-16/stanford-postagger.jar
>>> glove_path: ./embeddings/glove.840B.300d.txt
>>> embedding_matrix_path: gen_data/embeddings/100_restaurant_domain_embedding_matrix.dat
>>> model_class: <class 'models.igcn.IGCN'>
>>> dataset_file: {'train': './datasets/semeval14/Restaurants_Train.xml.seg', 'test': './datasets/semeval14/Restaurants_Test_Gold.xml.seg'}
>>> inputs_cols: ['text_raw_indices', 'aspect_indices', 'pos_indices', 'aspect_pos_indices', 'position_indices']
>>>>>>>>>>>>>>>>>>>>>>>>>>>>>>>>>>>>>>>>>>>>>>>>>>>>>>>>>>>>>>>>>>>>>>>>>>>>>>>>>>>>>>>>>>>>>>>>>>>>
epoch: 0
loss: 1.0256, acc: 0.5312
loss: 1.0098, acc: 0.5531
loss: 0.9914, acc: 0.5563
loss: 0.9621, acc: 0.5781
loss: 0.9454, acc: 0.5900
loss: 0.9306, acc: 0.5927
loss: 0.9210, acc: 0.5964
loss: 0.9085, acc: 0.6023
loss: 0.9009, acc: 0.6028
loss: 0.8965, acc: 0.6006
loss: 0.8873, acc: 0.6080
loss: 0.8740, acc: 0.6167
loss: 0.8691, acc: 0.6163
loss: 0.8630, acc: 0.6214
loss: 0.8583, acc: 0.6233
loss: 0.8489, acc: 0.6309
loss: 0.8497, acc: 0.6287
loss: 0.8424, acc: 0.6340
loss: 0.8352, acc: 0.6382
loss: 0.8275, acc: 0.6425
loss: 0.8212, acc: 0.6446
loss: 0.8158, acc: 0.6474
> val_acc: 0.7688, val_f1: 0.6195
> best_val_acc: 0.0000, best_val_f1: 0.0000
>> saved: state_dict/igcn_embed_restaurant_val_acc0.7688
>>>>>>>>>>>>>>>>>>>>>>>>>>>>>>>>>>>>>>>>>>>>>>>>>>>>>>>>>>>>>>>>>>>>>>>>>>>>>>>>>>>>>>>>>>>>>>>>>>>>
epoch: 1
loss: 0.6246, acc: 0.7812
loss: 0.6172, acc: 0.7812
loss: 0.6203, acc: 0.7630
loss: 0.6147, acc: 0.7702
loss: 0.6257, acc: 0.7628
loss: 0.6382, acc: 0.7465
loss: 0.6463, acc: 0.7441
loss: 0.6519, acc: 0.7340
loss: 0.6543, acc: 0.7321
loss: 0.6519, acc: 0.7320
loss: 0.6401, acc: 0.7404
loss: 0.6412, acc: 0.7401
loss: 0.6367, acc: 0.7424
loss: 0.6346, acc: 0.7430
loss: 0.6317, acc: 0.7448
loss: 0.6269, acc: 0.7480
loss: 0.6195, acc: 0.7500
loss: 0.6169, acc: 0.7514
loss: 0.6127, acc: 0.7531
loss: 0.6078, acc: 0.7552
loss: 0.6078, acc: 0.7531
loss: 0.6047, acc: 0.7538
loss: 0.6014, acc: 0.7561
> val_acc: 0.7848, val_f1: 0.6532
> best_val_acc: 0.7688, best_val_f1: 0.6195
>> saved: state_dict/igcn_embed_restaurant_val_acc0.7848
>>>>>>>>>>>>>>>>>>>>>>>>>>>>>>>>>>>>>>>>>>>>>>>>>>>>>>>>>>>>>>>>>>>>>>>>>>>>>>>>>>>>>>>>>>>>>>>>>>>>
epoch: 2
loss: 0.5496, acc: 0.7656
loss: 0.5303, acc: 0.7847
loss: 0.5102, acc: 0.7924
loss: 0.5440, acc: 0.7714
loss: 0.5351, acc: 0.7812
loss: 0.5314, acc: 0.7856
loss: 0.5226, acc: 0.7886
loss: 0.5224, acc: 0.7893
loss: 0.5198, acc: 0.7891
loss: 0.5122, acc: 0.7953
loss: 0.5180, acc: 0.7928
loss: 0.5147, acc: 0.7940
loss: 0.5188, acc: 0.7925
loss: 0.5119, acc: 0.7948
loss: 0.5085, acc: 0.7973
loss: 0.5022, acc: 0.8002
loss: 0.4986, acc: 0.8032
loss: 0.4994, acc: 0.8023
loss: 0.5014, acc: 0.8002
loss: 0.5032, acc: 0.7999
loss: 0.5008, acc: 0.8011
loss: 0.4986, acc: 0.8028
> val_acc: 0.8027, val_f1: 0.6752
> best_val_acc: 0.7848, best_val_f1: 0.6532
>> saved: state_dict/igcn_embed_restaurant_val_acc0.8027
>>>>>>>>>>>>>>>>>>>>>>>>>>>>>>>>>>>>>>>>>>>>>>>>>>>>>>>>>>>>>>>>>>>>>>>>>>>>>>>>>>>>>>>>>>>>>>>>>>>>
epoch: 3
loss: 0.3105, acc: 0.8750
loss: 0.4439, acc: 0.8438
loss: 0.4709, acc: 0.8295
loss: 0.4550, acc: 0.8320
loss: 0.4345, acc: 0.8438
loss: 0.4315, acc: 0.8413
loss: 0.4294, acc: 0.8377
loss: 0.4264, acc: 0.8377
loss: 0.4294, acc: 0.8338
loss: 0.4280, acc: 0.8349
loss: 0.4272, acc: 0.8364
loss: 0.4253, acc: 0.8393
loss: 0.4315, acc: 0.8335
loss: 0.4318, acc: 0.8319
loss: 0.4338, acc: 0.8292
loss: 0.4313, acc: 0.8310
loss: 0.4286, acc: 0.8337
loss: 0.4250, acc: 0.8361
loss: 0.4225, acc: 0.8362
loss: 0.4212, acc: 0.8372
loss: 0.4187, acc: 0.8394
loss: 0.4214, acc: 0.8384
loss: 0.4207, acc: 0.8381
> val_acc: 0.7929, val_f1: 0.6880
> best_val_acc: 0.8027, best_val_f1: 0.6752
>>>>>>>>>>>>>>>>>>>>>>>>>>>>>>>>>>>>>>>>>>>>>>>>>>>>>>>>>>>>>>>>>>>>>>>>>>>>>>>>>>>>>>>>>>>>>>>>>>>>
epoch: 4
loss: 0.3469, acc: 0.8333
loss: 0.3458, acc: 0.8555
loss: 0.3306, acc: 0.8654
loss: 0.3280, acc: 0.8750
loss: 0.3319, acc: 0.8777
loss: 0.3343, acc: 0.8761
loss: 0.3457, acc: 0.8759
loss: 0.3504, acc: 0.8717
loss: 0.3480, acc: 0.8699
loss: 0.3516, acc: 0.8678
loss: 0.3524, acc: 0.8685
loss: 0.3547, acc: 0.8685
loss: 0.3496, acc: 0.8715
loss: 0.3511, acc: 0.8699
loss: 0.3553, acc: 0.8699
loss: 0.3601, acc: 0.8670
loss: 0.3622, acc: 0.8660
loss: 0.3612, acc: 0.8672
loss: 0.3583, acc: 0.8686
loss: 0.3552, acc: 0.8693
loss: 0.3583, acc: 0.8668
loss: 0.3590, acc: 0.8672
loss: 0.3584, acc: 0.8678
> val_acc: 0.7929, val_f1: 0.6713
> best_val_acc: 0.8027, best_val_f1: 0.6880
>>>>>>>>>>>>>>>>>>>>>>>>>>>>>>>>>>>>>>>>>>>>>>>>>>>>>>>>>>>>>>>>>>>>>>>>>>>>>>>>>>>>>>>>>>>>>>>>>>>>
epoch: 5
loss: 0.3759, acc: 0.8562
loss: 0.3435, acc: 0.8844
loss: 0.3031, acc: 0.9062
loss: 0.2998, acc: 0.9000
loss: 0.2857, acc: 0.9087
loss: 0.2850, acc: 0.9042
loss: 0.2842, acc: 0.9098
loss: 0.2753, acc: 0.9133
loss: 0.2737, acc: 0.9139
loss: 0.2785, acc: 0.9113
loss: 0.2756, acc: 0.9136
loss: 0.2798, acc: 0.9125
loss: 0.2830, acc: 0.9082
loss: 0.2809, acc: 0.9103
loss: 0.2824, acc: 0.9104
loss: 0.2796, acc: 0.9094
loss: 0.2786, acc: 0.9099
loss: 0.2785, acc: 0.9101
loss: 0.2773, acc: 0.9122
loss: 0.2772, acc: 0.9134
loss: 0.2771, acc: 0.9131
loss: 0.2765, acc: 0.9142
> val_acc: 0.8080, val_f1: 0.7142
> best_val_acc: 0.8027, best_val_f1: 0.6880
>> saved: state_dict/igcn_embed_restaurant_val_acc0.808
>>>>>>>>>>>>>>>>>>>>>>>>>>>>>>>>>>>>>>>>>>>>>>>>>>>>>>>>>>>>>>>>>>>>>>>>>>>>>>>>>>>>>>>>>>>>>>>>>>>>
epoch: 6
loss: 0.2019, acc: 0.9688
loss: 0.2079, acc: 0.9688
loss: 0.2025, acc: 0.9609
loss: 0.2025, acc: 0.9577
loss: 0.2087, acc: 0.9545
loss: 0.2070, acc: 0.9560
loss: 0.2086, acc: 0.9541
loss: 0.2156, acc: 0.9485
loss: 0.2163, acc: 0.9472
loss: 0.2203, acc: 0.9468
loss: 0.2222, acc: 0.9459
loss: 0.2231, acc: 0.9457
loss: 0.2217, acc: 0.9451
loss: 0.2188, acc: 0.9450
loss: 0.2208, acc: 0.9444
loss: 0.2197, acc: 0.9452
loss: 0.2198, acc: 0.9451
loss: 0.2180, acc: 0.9454
loss: 0.2160, acc: 0.9460
loss: 0.2139, acc: 0.9459
loss: 0.2145, acc: 0.9449
loss: 0.2138, acc: 0.9448
loss: 0.2137, acc: 0.9453
> val_acc: 0.8080, val_f1: 0.7027
> best_val_acc: 0.8080, best_val_f1: 0.7142
>>>>>>>>>>>>>>>>>>>>>>>>>>>>>>>>>>>>>>>>>>>>>>>>>>>>>>>>>>>>>>>>>>>>>>>>>>>>>>>>>>>>>>>>>>>>>>>>>>>>
epoch: 7
loss: 0.1857, acc: 0.9453
loss: 0.1611, acc: 0.9549
loss: 0.1579, acc: 0.9621
loss: 0.1617, acc: 0.9655
loss: 0.1615, acc: 0.9688
loss: 0.1605, acc: 0.9720
loss: 0.1582, acc: 0.9724
loss: 0.1565, acc: 0.9728
loss: 0.1564, acc: 0.9730
loss: 0.1551, acc: 0.9719
loss: 0.1564, acc: 0.9705
loss: 0.1573, acc: 0.9682
loss: 0.1589, acc: 0.9673
loss: 0.1598, acc: 0.9656
loss: 0.1596, acc: 0.9662
loss: 0.1595, acc: 0.9672
loss: 0.1609, acc: 0.9665
loss: 0.1613, acc: 0.9659
loss: 0.1602, acc: 0.9664
loss: 0.1595, acc: 0.9665
loss: 0.1599, acc: 0.9660
loss: 0.1602, acc: 0.9653
> val_acc: 0.8009, val_f1: 0.6902
> best_val_acc: 0.8080, best_val_f1: 0.7142
>>>>>>>>>>>>>>>>>>>>>>>>>>>>>>>>>>>>>>>>>>>>>>>>>>>>>>>>>>>>>>>>>>>>>>>>>>>>>>>>>>>>>>>>>>>>>>>>>>>>
epoch: 8
loss: 0.2168, acc: 0.9375
loss: 0.1212, acc: 0.9844
loss: 0.1088, acc: 0.9858
loss: 0.1100, acc: 0.9883
loss: 0.1130, acc: 0.9866
loss: 0.1093, acc: 0.9880
loss: 0.1083, acc: 0.9849
loss: 0.1068, acc: 0.9852
loss: 0.1111, acc: 0.9832
loss: 0.1135, acc: 0.9817
loss: 0.1156, acc: 0.9816
loss: 0.1146, acc: 0.9816
loss: 0.1156, acc: 0.9810
loss: 0.1150, acc: 0.9820
loss: 0.1149, acc: 0.9820
loss: 0.1148, acc: 0.9815
loss: 0.1157, acc: 0.9807
loss: 0.1158, acc: 0.9807
loss: 0.1167, acc: 0.9797
loss: 0.1185, acc: 0.9795
loss: 0.1198, acc: 0.9796
loss: 0.1203, acc: 0.9791
loss: 0.1206, acc: 0.9789
> val_acc: 0.8036, val_f1: 0.7016
> best_val_acc: 0.8080, best_val_f1: 0.7142
>>>>>>>>>>>>>>>>>>>>>>>>>>>>>>>>>>>>>>>>>>>>>>>>>>>>>>>>>>>>>>>>>>>>>>>>>>>>>>>>>>>>>>>>>>>>>>>>>>>>
epoch: 9
loss: 0.0899, acc: 0.9792
loss: 0.0952, acc: 0.9844
loss: 0.0887, acc: 0.9856
loss: 0.0860, acc: 0.9878
loss: 0.0859, acc: 0.9891
loss: 0.0860, acc: 0.9888
loss: 0.0837, acc: 0.9896
loss: 0.0825, acc: 0.9910
loss: 0.0832, acc: 0.9920
loss: 0.0821, acc: 0.9922
loss: 0.0843, acc: 0.9906
loss: 0.0851, acc: 0.9903
loss: 0.0849, acc: 0.9906
loss: 0.0837, acc: 0.9913
loss: 0.0834, acc: 0.9910
loss: 0.0836, acc: 0.9904
loss: 0.0830, acc: 0.9910
loss: 0.0834, acc: 0.9908
loss: 0.0828, acc: 0.9903
loss: 0.0830, acc: 0.9904
loss: 0.0840, acc: 0.9909
loss: 0.0842, acc: 0.9899
loss: 0.0842, acc: 0.9900
> val_acc: 0.7991, val_f1: 0.7150
> best_val_acc: 0.8080, best_val_f1: 0.7142
>>>>>>>>>>>>>>>>>>>>>>>>>>>>>>>>>>>>>>>>>>>>>>>>>>>>>>>>>>>>>>>>>>>>>>>>>>>>>>>>>>>>>>>>>>>>>>>>>>>>
epoch: 10
loss: 0.0645, acc: 0.9938
loss: 0.0604, acc: 0.9969
loss: 0.0650, acc: 0.9938
loss: 0.0729, acc: 0.9922
loss: 0.0723, acc: 0.9938
loss: 0.0703, acc: 0.9927
loss: 0.0692, acc: 0.9929
loss: 0.0689, acc: 0.9938
loss: 0.0689, acc: 0.9938
loss: 0.0687, acc: 0.9938
loss: 0.0686, acc: 0.9938
loss: 0.0678, acc: 0.9938
loss: 0.0671, acc: 0.9938
loss: 0.0662, acc: 0.9938
loss: 0.0659, acc: 0.9933
loss: 0.0658, acc: 0.9934
loss: 0.0674, acc: 0.9926
loss: 0.0680, acc: 0.9924
loss: 0.0683, acc: 0.9924
loss: 0.0690, acc: 0.9922
loss: 0.0696, acc: 0.9920
loss: 0.0695, acc: 0.9918
> val_acc: 0.7982, val_f1: 0.6916
> best_val_acc: 0.8080, best_val_f1: 0.7150
>>>>>>>>>>>>>>>>>>>>>>>>>>>>>>>>>>>>>>>>>>>>>>>>>>>>>>>>>>>>>>>>>>>>>>>>>>>>>>>>>>>>>>>>>>>>>>>>>>>>
epoch: 11
loss: 0.0426, acc: 1.0000
loss: 0.0390, acc: 1.0000
loss: 0.0388, acc: 1.0000
loss: 0.0418, acc: 0.9982
loss: 0.0420, acc: 0.9986
loss: 0.0406, acc: 0.9988
loss: 0.0412, acc: 0.9980
loss: 0.0417, acc: 0.9983
loss: 0.0427, acc: 0.9978
loss: 0.0427, acc: 0.9980
loss: 0.0435, acc: 0.9976
loss: 0.0440, acc: 0.9973
loss: 0.0446, acc: 0.9975
loss: 0.0453, acc: 0.9972
loss: 0.0456, acc: 0.9965
loss: 0.0457, acc: 0.9963
loss: 0.0458, acc: 0.9966
loss: 0.0460, acc: 0.9968
loss: 0.0462, acc: 0.9966
loss: 0.0466, acc: 0.9965
loss: 0.0474, acc: 0.9963
loss: 0.0479, acc: 0.9959
loss: 0.0476, acc: 0.9961
> val_acc: 0.7929, val_f1: 0.6803
> best_val_acc: 0.8080, best_val_f1: 0.7150
>>>>>>>>>>>>>>>>>>>>>>>>>>>>>>>>>>>>>>>>>>>>>>>>>>>>>>>>>>>>>>>>>>>>>>>>>>>>>>>>>>>>>>>>>>>>>>>>>>>>
epoch: 12
loss: 0.0333, acc: 1.0000
loss: 0.0352, acc: 1.0000
loss: 0.0345, acc: 1.0000
loss: 0.0358, acc: 0.9984
loss: 0.0350, acc: 0.9987
loss: 0.0344, acc: 0.9989
loss: 0.0330, acc: 0.9991
loss: 0.0333, acc: 0.9984
loss: 0.0337, acc: 0.9986
loss: 0.0339, acc: 0.9987
loss: 0.0339, acc: 0.9988
loss: 0.0344, acc: 0.9979
loss: 0.0346, acc: 0.9976
loss: 0.0338, acc: 0.9977
loss: 0.0342, acc: 0.9979
loss: 0.0344, acc: 0.9980
loss: 0.0346, acc: 0.9978
loss: 0.0341, acc: 0.9979
loss: 0.0351, acc: 0.9977
loss: 0.0354, acc: 0.9975
loss: 0.0355, acc: 0.9976
loss: 0.0357, acc: 0.9977
> val_acc: 0.7982, val_f1: 0.6904
> best_val_acc: 0.8080, best_val_f1: 0.7150
>>>>>>>>>>>>>>>>>>>>>>>>>>>>>>>>>>>>>>>>>>>>>>>>>>>>>>>>>>>>>>>>>>>>>>>>>>>>>>>>>>>>>>>>>>>>>>>>>>>>
epoch: 13
loss: 0.0296, acc: 1.0000
loss: 0.0257, acc: 1.0000
loss: 0.0223, acc: 1.0000
loss: 0.0235, acc: 0.9980
loss: 0.0236, acc: 0.9985
loss: 0.0264, acc: 0.9988
loss: 0.0261, acc: 0.9990
loss: 0.0254, acc: 0.9991
loss: 0.0250, acc: 0.9992
loss: 0.0245, acc: 0.9993
loss: 0.0248, acc: 0.9994
loss: 0.0245, acc: 0.9994
loss: 0.0247, acc: 0.9995
loss: 0.0253, acc: 0.9995
loss: 0.0257, acc: 0.9996
loss: 0.0254, acc: 0.9996
loss: 0.0253, acc: 0.9996
loss: 0.0257, acc: 0.9993
loss: 0.0254, acc: 0.9993
loss: 0.0254, acc: 0.9993
loss: 0.0256, acc: 0.9991
loss: 0.0257, acc: 0.9991
loss: 0.0258, acc: 0.9989
> val_acc: 0.8071, val_f1: 0.7133
> best_val_acc: 0.8080, best_val_f1: 0.7150
>>>>>>>>>>>>>>>>>>>>>>>>>>>>>>>>>>>>>>>>>>>>>>>>>>>>>>>>>>>>>>>>>>>>>>>>>>>>>>>>>>>>>>>>>>>>>>>>>>>>
epoch: 14
loss: 0.0150, acc: 1.0000
loss: 0.0188, acc: 1.0000
loss: 0.0199, acc: 1.0000
loss: 0.0188, acc: 1.0000
loss: 0.0191, acc: 1.0000
loss: 0.0181, acc: 1.0000
loss: 0.0182, acc: 1.0000
loss: 0.0182, acc: 1.0000
loss: 0.0176, acc: 1.0000
loss: 0.0185, acc: 1.0000
loss: 0.0193, acc: 1.0000
loss: 0.0192, acc: 1.0000
loss: 0.0188, acc: 1.0000
loss: 0.0190, acc: 1.0000
loss: 0.0189, acc: 1.0000
loss: 0.0186, acc: 1.0000
loss: 0.0186, acc: 1.0000
loss: 0.0184, acc: 1.0000
loss: 0.0182, acc: 1.0000
loss: 0.0183, acc: 1.0000
loss: 0.0186, acc: 1.0000
loss: 0.0188, acc: 1.0000
loss: 0.0191, acc: 1.0000
> val_acc: 0.8018, val_f1: 0.7021
> best_val_acc: 0.8080, best_val_f1: 0.7150
>>>>>>>>>>>>>>>>>>>>>>>>>>>>>>>>>>>>>>>>>>>>>>>>>>>>>>>>>>>>>>>>>>>>>>>>>>>>>>>>>>>>>>>>>>>>>>>>>>>>
epoch: 15
loss: 0.0151, acc: 1.0000
loss: 0.0167, acc: 1.0000
loss: 0.0184, acc: 0.9979
loss: 0.0172, acc: 0.9984
loss: 0.0166, acc: 0.9988
loss: 0.0159, acc: 0.9990
loss: 0.0158, acc: 0.9991
loss: 0.0152, acc: 0.9992
loss: 0.0150, acc: 0.9993
loss: 0.0157, acc: 0.9988
loss: 0.0156, acc: 0.9989
loss: 0.0155, acc: 0.9990
loss: 0.0151, acc: 0.9990
loss: 0.0154, acc: 0.9991
loss: 0.0154, acc: 0.9992
loss: 0.0154, acc: 0.9992
loss: 0.0154, acc: 0.9993
loss: 0.0153, acc: 0.9993
loss: 0.0155, acc: 0.9993
loss: 0.0157, acc: 0.9994
loss: 0.0156, acc: 0.9994
loss: 0.0155, acc: 0.9994
> val_acc: 0.7991, val_f1: 0.7005
> best_val_acc: 0.8080, best_val_f1: 0.7150
>>>>>>>>>>>>>>>>>>>>>>>>>>>>>>>>>>>>>>>>>>>>>>>>>>>>>>>>>>>>>>>>>>>>>>>>>>>>>>>>>>>>>>>>>>>>>>>>>>>>
epoch: 16
loss: 0.0113, acc: 1.0000
loss: 0.0126, acc: 1.0000
loss: 0.0120, acc: 1.0000
loss: 0.0117, acc: 1.0000
loss: 0.0128, acc: 1.0000
loss: 0.0118, acc: 1.0000
loss: 0.0123, acc: 1.0000
loss: 0.0120, acc: 1.0000
loss: 0.0122, acc: 1.0000
loss: 0.0121, acc: 1.0000
loss: 0.0122, acc: 1.0000
loss: 0.0126, acc: 1.0000
loss: 0.0123, acc: 1.0000
loss: 0.0123, acc: 1.0000
loss: 0.0123, acc: 1.0000
loss: 0.0125, acc: 1.0000
loss: 0.0123, acc: 1.0000
loss: 0.0123, acc: 1.0000
loss: 0.0122, acc: 1.0000
loss: 0.0123, acc: 1.0000
loss: 0.0122, acc: 1.0000
loss: 0.0125, acc: 1.0000
loss: 0.0125, acc: 1.0000
> val_acc: 0.7982, val_f1: 0.7059
> best_val_acc: 0.8080, best_val_f1: 0.7150
>>>>>>>>>>>>>>>>>>>>>>>>>>>>>>>>>>>>>>>>>>>>>>>>>>>>>>>>>>>>>>>>>>>>>>>>>>>>>>>>>>>>>>>>>>>>>>>>>>>>
epoch: 17
loss: 0.0155, acc: 1.0000
loss: 0.0123, acc: 1.0000
loss: 0.0113, acc: 1.0000
loss: 0.0110, acc: 1.0000
loss: 0.0102, acc: 1.0000
loss: 0.0104, acc: 1.0000
loss: 0.0101, acc: 1.0000
loss: 0.0103, acc: 1.0000
loss: 0.0103, acc: 1.0000
loss: 0.0104, acc: 1.0000
loss: 0.0103, acc: 1.0000
loss: 0.0102, acc: 1.0000
loss: 0.0102, acc: 1.0000
loss: 0.0101, acc: 1.0000
loss: 0.0103, acc: 1.0000
loss: 0.0102, acc: 1.0000
loss: 0.0101, acc: 1.0000
loss: 0.0100, acc: 1.0000
loss: 0.0101, acc: 1.0000
loss: 0.0101, acc: 1.0000
loss: 0.0103, acc: 0.9997
loss: 0.0103, acc: 0.9997
> val_acc: 0.7955, val_f1: 0.6822
> best_val_acc: 0.8080, best_val_f1: 0.7150
>>>>>>>>>>>>>>>>>>>>>>>>>>>>>>>>>>>>>>>>>>>>>>>>>>>>>>>>>>>>>>>>>>>>>>>>>>>>>>>>>>>>>>>>>>>>>>>>>>>>
epoch: 18
loss: 0.0075, acc: 1.0000
loss: 0.0093, acc: 1.0000
loss: 0.0109, acc: 1.0000
loss: 0.0093, acc: 1.0000
loss: 0.0099, acc: 1.0000
loss: 0.0099, acc: 1.0000
loss: 0.0095, acc: 1.0000
loss: 0.0096, acc: 1.0000
loss: 0.0098, acc: 1.0000
loss: 0.0095, acc: 1.0000
loss: 0.0093, acc: 1.0000
loss: 0.0091, acc: 1.0000
loss: 0.0095, acc: 1.0000
loss: 0.0093, acc: 1.0000
loss: 0.0092, acc: 1.0000
loss: 0.0094, acc: 1.0000
loss: 0.0092, acc: 1.0000
loss: 0.0093, acc: 1.0000
loss: 0.0092, acc: 1.0000
loss: 0.0092, acc: 1.0000
loss: 0.0092, acc: 1.0000
loss: 0.0091, acc: 1.0000
loss: 0.0091, acc: 1.0000
> val_acc: 0.7946, val_f1: 0.6817
> best_val_acc: 0.8080, best_val_f1: 0.7150
>>>>>>>>>>>>>>>>>>>>>>>>>>>>>>>>>>>>>>>>>>>>>>>>>>>>>>>>>>>>>>>>>>>>>>>>>>>>>>>>>>>>>>>>>>>>>>>>>>>>
epoch: 19
loss: 0.0083, acc: 1.0000
loss: 0.0066, acc: 1.0000
loss: 0.0065, acc: 1.0000
loss: 0.0064, acc: 1.0000
loss: 0.0060, acc: 1.0000
loss: 0.0066, acc: 1.0000
loss: 0.0067, acc: 1.0000
loss: 0.0068, acc: 1.0000
loss: 0.0070, acc: 1.0000
loss: 0.0069, acc: 1.0000
loss: 0.0068, acc: 1.0000
loss: 0.0067, acc: 1.0000
loss: 0.0068, acc: 1.0000
loss: 0.0070, acc: 1.0000
loss: 0.0070, acc: 1.0000
loss: 0.0069, acc: 1.0000
loss: 0.0070, acc: 1.0000
loss: 0.0069, acc: 1.0000
loss: 0.0069, acc: 1.0000
loss: 0.0069, acc: 1.0000
loss: 0.0069, acc: 1.0000
loss: 0.0069, acc: 1.0000
loss: 0.0069, acc: 1.0000
> val_acc: 0.7911, val_f1: 0.6831
> best_val_acc: 0.8080, best_val_f1: 0.7150
>>>>>>>>>>>>>>>>>>>>>>>>>>>>>>>>>>>>>>>>>>>>>>>>>>>>>>>>>>>>>>>>>>>>>>>>>>>>>>>>>>>>>>>>>>>>>>>>>>>>
epoch: 20
loss: 0.0080, acc: 1.0000
loss: 0.0061, acc: 1.0000
loss: 0.0057, acc: 1.0000
loss: 0.0056, acc: 1.0000
loss: 0.0059, acc: 1.0000
loss: 0.0058, acc: 1.0000
loss: 0.0057, acc: 1.0000
loss: 0.0056, acc: 1.0000
loss: 0.0057, acc: 1.0000
loss: 0.0056, acc: 1.0000
loss: 0.0057, acc: 1.0000
loss: 0.0056, acc: 1.0000
loss: 0.0057, acc: 1.0000
loss: 0.0056, acc: 1.0000
loss: 0.0057, acc: 1.0000
loss: 0.0059, acc: 1.0000
loss: 0.0061, acc: 0.9996
loss: 0.0062, acc: 0.9997
loss: 0.0064, acc: 0.9997
loss: 0.0064, acc: 0.9997
loss: 0.0066, acc: 0.9997
loss: 0.0066, acc: 0.9997
> val_acc: 0.7964, val_f1: 0.7017
> best_val_acc: 0.8080, best_val_f1: 0.7150
>>>>>>>>>>>>>>>>>>>>>>>>>>>>>>>>>>>>>>>>>>>>>>>>>>>>>>>>>>>>>>>>>>>>>>>>>>>>>>>>>>>>>>>>>>>>>>>>>>>>
epoch: 21
loss: 0.0053, acc: 1.0000
loss: 0.0080, acc: 1.0000
loss: 0.0081, acc: 1.0000
loss: 0.0075, acc: 1.0000
loss: 0.0071, acc: 1.0000
loss: 0.0069, acc: 1.0000
loss: 0.0068, acc: 1.0000
loss: 0.0067, acc: 1.0000
loss: 0.0067, acc: 1.0000
loss: 0.0066, acc: 1.0000
loss: 0.0066, acc: 1.0000
loss: 0.0066, acc: 1.0000
loss: 0.0065, acc: 1.0000
loss: 0.0064, acc: 1.0000
loss: 0.0065, acc: 1.0000
loss: 0.0065, acc: 1.0000
loss: 0.0063, acc: 1.0000
loss: 0.0063, acc: 1.0000
loss: 0.0062, acc: 1.0000
loss: 0.0062, acc: 1.0000
loss: 0.0061, acc: 1.0000
loss: 0.0061, acc: 1.0000
loss: 0.0060, acc: 1.0000
> val_acc: 0.7964, val_f1: 0.6921
> best_val_acc: 0.8080, best_val_f1: 0.7150
>>>>>>>>>>>>>>>>>>>>>>>>>>>>>>>>>>>>>>>>>>>>>>>>>>>>>>>>>>>>>>>>>>>>>>>>>>>>>>>>>>>>>>>>>>>>>>>>>>>>
epoch: 22
loss: 0.0054, acc: 1.0000
loss: 0.0056, acc: 1.0000
loss: 0.0058, acc: 1.0000
loss: 0.0053, acc: 1.0000
loss: 0.0049, acc: 1.0000
loss: 0.0051, acc: 1.0000
loss: 0.0055, acc: 1.0000
loss: 0.0053, acc: 1.0000
loss: 0.0053, acc: 1.0000
loss: 0.0053, acc: 1.0000
loss: 0.0055, acc: 1.0000
loss: 0.0053, acc: 1.0000
loss: 0.0054, acc: 1.0000
loss: 0.0052, acc: 1.0000
loss: 0.0051, acc: 1.0000
loss: 0.0051, acc: 1.0000
loss: 0.0050, acc: 1.0000
loss: 0.0049, acc: 1.0000
loss: 0.0049, acc: 1.0000
loss: 0.0049, acc: 1.0000
loss: 0.0049, acc: 1.0000
loss: 0.0049, acc: 1.0000
> val_acc: 0.7920, val_f1: 0.6876
> best_val_acc: 0.8080, best_val_f1: 0.7150
>>>>>>>>>>>>>>>>>>>>>>>>>>>>>>>>>>>>>>>>>>>>>>>>>>>>>>>>>>>>>>>>>>>>>>>>>>>>>>>>>>>>>>>>>>>>>>>>>>>>
epoch: 23
loss: 0.0021, acc: 1.0000
loss: 0.0056, acc: 1.0000
loss: 0.0051, acc: 1.0000
loss: 0.0047, acc: 1.0000
loss: 0.0047, acc: 1.0000
loss: 0.0046, acc: 1.0000
loss: 0.0044, acc: 1.0000
loss: 0.0044, acc: 1.0000
loss: 0.0043, acc: 1.0000
loss: 0.0043, acc: 1.0000
loss: 0.0042, acc: 1.0000
loss: 0.0042, acc: 1.0000
loss: 0.0042, acc: 1.0000
loss: 0.0043, acc: 1.0000
loss: 0.0042, acc: 1.0000
loss: 0.0042, acc: 1.0000
loss: 0.0042, acc: 1.0000
loss: 0.0042, acc: 1.0000
loss: 0.0042, acc: 1.0000
loss: 0.0043, acc: 1.0000
loss: 0.0043, acc: 1.0000
loss: 0.0043, acc: 1.0000
loss: 0.0043, acc: 1.0000
> val_acc: 0.7946, val_f1: 0.6960
> best_val_acc: 0.8080, best_val_f1: 0.7150
>>>>>>>>>>>>>>>>>>>>>>>>>>>>>>>>>>>>>>>>>>>>>>>>>>>>>>>>>>>>>>>>>>>>>>>>>>>>>>>>>>>>>>>>>>>>>>>>>>>>
epoch: 24
loss: 0.0048, acc: 1.0000
loss: 0.0034, acc: 1.0000
loss: 0.0029, acc: 1.0000
loss: 0.0035, acc: 1.0000
loss: 0.0032, acc: 1.0000
loss: 0.0035, acc: 1.0000
loss: 0.0036, acc: 1.0000
loss: 0.0037, acc: 1.0000
loss: 0.0038, acc: 1.0000
loss: 0.0038, acc: 1.0000
loss: 0.0037, acc: 1.0000
loss: 0.0037, acc: 1.0000
loss: 0.0036, acc: 1.0000
loss: 0.0036, acc: 1.0000
loss: 0.0037, acc: 1.0000
loss: 0.0037, acc: 1.0000
loss: 0.0037, acc: 1.0000
loss: 0.0038, acc: 1.0000
loss: 0.0039, acc: 1.0000
loss: 0.0040, acc: 1.0000
loss: 0.0040, acc: 1.0000
loss: 0.0040, acc: 1.0000
loss: 0.0041, acc: 1.0000
> val_acc: 0.7911, val_f1: 0.6988
> best_val_acc: 0.8080, best_val_f1: 0.7150
>>>>>>>>>>>>>>>>>>>>>>>>>>>>>>>>>>>>>>>>>>>>>>>>>>>>>>>>>>>>>>>>>>>>>>>>>>>>>>>>>>>>>>>>>>>>>>>>>>>>
epoch: 25
loss: 0.0045, acc: 1.0000
loss: 0.0046, acc: 1.0000
loss: 0.0053, acc: 1.0000
loss: 0.0051, acc: 1.0000
loss: 0.0050, acc: 1.0000
loss: 0.0046, acc: 1.0000
loss: 0.0046, acc: 1.0000
loss: 0.0046, acc: 1.0000
loss: 0.0045, acc: 1.0000
loss: 0.0046, acc: 1.0000
loss: 0.0045, acc: 1.0000
loss: 0.0044, acc: 1.0000
loss: 0.0044, acc: 1.0000
loss: 0.0043, acc: 1.0000
loss: 0.0043, acc: 1.0000
loss: 0.0042, acc: 1.0000
loss: 0.0041, acc: 1.0000
loss: 0.0041, acc: 1.0000
loss: 0.0041, acc: 1.0000
loss: 0.0041, acc: 1.0000
loss: 0.0041, acc: 1.0000
loss: 0.0041, acc: 1.0000
> val_acc: 0.7929, val_f1: 0.6812
> best_val_acc: 0.8080, best_val_f1: 0.7150
>>>>>>>>>>>>>>>>>>>>>>>>>>>>>>>>>>>>>>>>>>>>>>>>>>>>>>>>>>>>>>>>>>>>>>>>>>>>>>>>>>>>>>>>>>>>>>>>>>>>
epoch: 26
loss: 0.0037, acc: 1.0000
loss: 0.0024, acc: 1.0000
loss: 0.0024, acc: 1.0000
loss: 0.0024, acc: 1.0000
loss: 0.0023, acc: 1.0000
loss: 0.0024, acc: 1.0000
loss: 0.0023, acc: 1.0000
loss: 0.0023, acc: 1.0000
loss: 0.0024, acc: 1.0000
loss: 0.0024, acc: 1.0000
loss: 0.0025, acc: 1.0000
loss: 0.0024, acc: 1.0000
loss: 0.0025, acc: 1.0000
loss: 0.0026, acc: 1.0000
loss: 0.0028, acc: 1.0000
loss: 0.0028, acc: 1.0000
loss: 0.0028, acc: 1.0000
loss: 0.0028, acc: 1.0000
loss: 0.0028, acc: 1.0000
loss: 0.0030, acc: 1.0000
loss: 0.0030, acc: 1.0000
loss: 0.0030, acc: 1.0000
loss: 0.0031, acc: 1.0000
> val_acc: 0.7964, val_f1: 0.7055
> best_val_acc: 0.8080, best_val_f1: 0.7150
>>>>>>>>>>>>>>>>>>>>>>>>>>>>>>>>>>>>>>>>>>>>>>>>>>>>>>>>>>>>>>>>>>>>>>>>>>>>>>>>>>>>>>>>>>>>>>>>>>>>
epoch: 27
loss: 0.0033, acc: 1.0000
loss: 0.0028, acc: 1.0000
loss: 0.0027, acc: 1.0000
loss: 0.0026, acc: 1.0000
loss: 0.0027, acc: 1.0000
loss: 0.0028, acc: 1.0000
loss: 0.0029, acc: 1.0000
loss: 0.0032, acc: 1.0000
loss: 0.0033, acc: 1.0000
loss: 0.0032, acc: 1.0000
loss: 0.0032, acc: 1.0000
loss: 0.0032, acc: 1.0000
loss: 0.0032, acc: 1.0000
loss: 0.0032, acc: 1.0000
loss: 0.0032, acc: 1.0000
loss: 0.0032, acc: 1.0000
loss: 0.0032, acc: 1.0000
loss: 0.0032, acc: 1.0000
loss: 0.0032, acc: 1.0000
loss: 0.0031, acc: 1.0000
loss: 0.0031, acc: 1.0000
loss: 0.0031, acc: 1.0000
> val_acc: 0.8009, val_f1: 0.7065
> best_val_acc: 0.8080, best_val_f1: 0.7150
>>>>>>>>>>>>>>>>>>>>>>>>>>>>>>>>>>>>>>>>>>>>>>>>>>>>>>>>>>>>>>>>>>>>>>>>>>>>>>>>>>>>>>>>>>>>>>>>>>>>
epoch: 28
loss: 0.0043, acc: 1.0000
loss: 0.0029, acc: 1.0000
loss: 0.0029, acc: 1.0000
loss: 0.0025, acc: 1.0000
loss: 0.0023, acc: 1.0000
loss: 0.0022, acc: 1.0000
loss: 0.0022, acc: 1.0000
loss: 0.0022, acc: 1.0000
loss: 0.0023, acc: 1.0000
loss: 0.0024, acc: 1.0000
loss: 0.0024, acc: 1.0000
loss: 0.0024, acc: 1.0000
loss: 0.0024, acc: 1.0000
loss: 0.0024, acc: 1.0000
loss: 0.0024, acc: 1.0000
loss: 0.0025, acc: 1.0000
loss: 0.0025, acc: 1.0000
loss: 0.0025, acc: 1.0000
loss: 0.0026, acc: 1.0000
loss: 0.0026, acc: 1.0000
loss: 0.0027, acc: 1.0000
loss: 0.0029, acc: 1.0000
loss: 0.0030, acc: 1.0000
> val_acc: 0.7964, val_f1: 0.6931
> best_val_acc: 0.8080, best_val_f1: 0.7150
>>>>>>>>>>>>>>>>>>>>>>>>>>>>>>>>>>>>>>>>>>>>>>>>>>>>>>>>>>>>>>>>>>>>>>>>>>>>>>>>>>>>>>>>>>>>>>>>>>>>
epoch: 29
loss: 0.0019, acc: 1.0000
loss: 0.0045, acc: 1.0000
loss: 0.0048, acc: 1.0000
loss: 0.0040, acc: 1.0000
loss: 0.0036, acc: 1.0000
loss: 0.0037, acc: 1.0000
loss: 0.0035, acc: 1.0000
loss: 0.0033, acc: 1.0000
loss: 0.0032, acc: 1.0000
loss: 0.0034, acc: 1.0000
loss: 0.0033, acc: 1.0000
loss: 0.0032, acc: 1.0000
loss: 0.0032, acc: 1.0000
loss: 0.0033, acc: 1.0000
loss: 0.0033, acc: 1.0000
loss: 0.0036, acc: 1.0000
loss: 0.0039, acc: 1.0000
loss: 0.0039, acc: 1.0000
loss: 0.0039, acc: 1.0000
loss: 0.0039, acc: 1.0000
loss: 0.0038, acc: 1.0000
loss: 0.0038, acc: 1.0000
loss: 0.0038, acc: 1.0000
> val_acc: 0.7973, val_f1: 0.6903
> best_val_acc: 0.8080, best_val_f1: 0.7150
>> test_acc: 0.8080, test_f1: 0.7142
