cuda memory allocated: 5846016
n_trainable_params: 1109803, n_nontrainable_params: 347432
> training arguments:
>>> model_name: igcn_embed
>>> model_ver: 3
>>> dataset: laptop
>>> optimizer: <class 'torch.optim.adam.Adam'>
>>> initializer: <function xavier_uniform_ at 0x0000021682592E18>
>>> learning_rate: 0.0003
>>> momentum: 0.95
>>> dropout: 0.35
>>> l2reg: 5e-05
>>> num_epoch: 30
>>> batch_size: 32
>>> log_step: 5
>>> embed_dim: 136
>>> hidden_dim: 300
>>> bert_dim: 768
>>> pretrained_bert_name: bert-base-uncased
>>> embeddings: d
>>> max_seq_len: 180
>>> polarities_dim: 3
>>> hops: 3
>>> device: cuda
>>> seed: 0
>>> valset_ratio: 0
>>> num_layers: 1
>>> in_channels: 100
>>> out_channels: 1
>>> downbot: 20
>>> kernel_size: 3
>>> position_dim: 0
>>> gating: GTU
>>> stanford_pos_model: C:/NLP_Programs/stanford-postagger-2018-10-16/models/english-bidirectional-distsim.tagger
>>> stanford_pos_jar: C:/NLP_Programs/stanford-postagger-2018-10-16/stanford-postagger.jar
>>> glove_path: ./embeddings/glove.840B.300d.txt
>>> embedding_matrix_path: gen_data/embeddings/100_laptop_domain_embedding_matrix.dat
>>> model_class: <class 'models.igcn.IGCN'>
>>> dataset_file: {'train': './datasets/semeval14/Laptops_Train.xml.seg', 'test': './datasets/semeval14/Laptops_Test_Gold.xml.seg'}
>>> inputs_cols: ['text_raw_indices', 'aspect_indices', 'pos_indices', 'aspect_pos_indices', 'position_indices']
>>>>>>>>>>>>>>>>>>>>>>>>>>>>>>>>>>>>>>>>>>>>>>>>>>>>>>>>>>>>>>>>>>>>>>>>>>>>>>>>>>>>>>>>>>>>>>>>>>>>
epoch: 0
loss: 1.1416, acc: 0.4000
loss: 1.1205, acc: 0.4094
loss: 1.0867, acc: 0.4188
loss: 1.0828, acc: 0.4281
loss: 1.0786, acc: 0.4462
loss: 1.0756, acc: 0.4479
loss: 1.0670, acc: 0.4589
loss: 1.0593, acc: 0.4688
loss: 1.0544, acc: 0.4743
loss: 1.0529, acc: 0.4788
loss: 1.0424, acc: 0.4909
loss: 1.0377, acc: 0.4906
loss: 1.0321, acc: 0.4928
loss: 1.0271, acc: 0.4987
> val_acc: 0.6097, val_f1: 0.4201
> best_val_acc: 0.0000, best_val_f1: 0.0000
>> saved: state_dict/igcn_embed_laptop_val_acc0.6097
>>>>>>>>>>>>>>>>>>>>>>>>>>>>>>>>>>>>>>>>>>>>>>>>>>>>>>>>>>>>>>>>>>>>>>>>>>>>>>>>>>>>>>>>>>>>>>>>>>>>
epoch: 1
loss: 0.8988, acc: 0.6250
loss: 0.8961, acc: 0.6250
loss: 0.9321, acc: 0.5781
loss: 0.9079, acc: 0.6011
loss: 0.9105, acc: 0.5966
loss: 0.9035, acc: 0.6100
loss: 0.8958, acc: 0.6162
loss: 0.8933, acc: 0.6191
loss: 0.8913, acc: 0.6198
loss: 0.8858, acc: 0.6210
loss: 0.8821, acc: 0.6214
loss: 0.8752, acc: 0.6288
loss: 0.8733, acc: 0.6280
loss: 0.8677, acc: 0.6306
loss: 0.8612, acc: 0.6319
> val_acc: 0.6191, val_f1: 0.4606
> best_val_acc: 0.6097, best_val_f1: 0.4201
>> saved: state_dict/igcn_embed_laptop_val_acc0.6191
>>>>>>>>>>>>>>>>>>>>>>>>>>>>>>>>>>>>>>>>>>>>>>>>>>>>>>>>>>>>>>>>>>>>>>>>>>>>>>>>>>>>>>>>>>>>>>>>>>>>
epoch: 2
loss: 0.8575, acc: 0.5938
loss: 0.8367, acc: 0.6111
loss: 0.8255, acc: 0.6228
loss: 0.8198, acc: 0.6349
loss: 0.8052, acc: 0.6497
loss: 0.7926, acc: 0.6552
loss: 0.7949, acc: 0.6572
loss: 0.7848, acc: 0.6611
loss: 0.7929, acc: 0.6513
loss: 0.7954, acc: 0.6518
loss: 0.7920, acc: 0.6557
loss: 0.7903, acc: 0.6573
loss: 0.7899, acc: 0.6582
loss: 0.7859, acc: 0.6603
> val_acc: 0.6614, val_f1: 0.5419
> best_val_acc: 0.6191, best_val_f1: 0.4606
>> saved: state_dict/igcn_embed_laptop_val_acc0.6614
>>>>>>>>>>>>>>>>>>>>>>>>>>>>>>>>>>>>>>>>>>>>>>>>>>>>>>>>>>>>>>>>>>>>>>>>>>>>>>>>>>>>>>>>>>>>>>>>>>>>
epoch: 3
loss: 0.6236, acc: 0.8438
loss: 0.7585, acc: 0.6927
loss: 0.7162, acc: 0.7188
loss: 0.7038, acc: 0.7129
loss: 0.7251, acc: 0.6935
loss: 0.7267, acc: 0.6983
loss: 0.7260, acc: 0.6946
loss: 0.7263, acc: 0.6988
loss: 0.7180, acc: 0.7066
loss: 0.7268, acc: 0.6970
loss: 0.7286, acc: 0.6942
loss: 0.7191, acc: 0.6987
loss: 0.7239, acc: 0.6977
loss: 0.7247, acc: 0.6974
loss: 0.7233, acc: 0.6989
> val_acc: 0.6552, val_f1: 0.5492
> best_val_acc: 0.6614, best_val_f1: 0.5419
>>>>>>>>>>>>>>>>>>>>>>>>>>>>>>>>>>>>>>>>>>>>>>>>>>>>>>>>>>>>>>>>>>>>>>>>>>>>>>>>>>>>>>>>>>>>>>>>>>>>
epoch: 4
loss: 0.6881, acc: 0.6875
loss: 0.6741, acc: 0.7148
loss: 0.6825, acc: 0.7163
loss: 0.6940, acc: 0.7031
loss: 0.7051, acc: 0.6984
loss: 0.7077, acc: 0.6920
loss: 0.6848, acc: 0.7093
loss: 0.6817, acc: 0.7146
loss: 0.6865, acc: 0.7122
loss: 0.6863, acc: 0.7103
loss: 0.6838, acc: 0.7111
loss: 0.6841, acc: 0.7128
loss: 0.6855, acc: 0.7113
loss: 0.6808, acc: 0.7151
loss: 0.6802, acc: 0.7139
> val_acc: 0.6881, val_f1: 0.6020
> best_val_acc: 0.6614, best_val_f1: 0.5492
>> saved: state_dict/igcn_embed_laptop_val_acc0.6881
>>>>>>>>>>>>>>>>>>>>>>>>>>>>>>>>>>>>>>>>>>>>>>>>>>>>>>>>>>>>>>>>>>>>>>>>>>>>>>>>>>>>>>>>>>>>>>>>>>>>
epoch: 5
loss: 0.6830, acc: 0.7375
loss: 0.6883, acc: 0.7250
loss: 0.6737, acc: 0.7292
loss: 0.6708, acc: 0.7312
loss: 0.6592, acc: 0.7388
loss: 0.6668, acc: 0.7333
loss: 0.6594, acc: 0.7357
loss: 0.6570, acc: 0.7391
loss: 0.6617, acc: 0.7354
loss: 0.6597, acc: 0.7356
loss: 0.6577, acc: 0.7347
loss: 0.6570, acc: 0.7333
loss: 0.6509, acc: 0.7394
loss: 0.6449, acc: 0.7420
> val_acc: 0.7132, val_f1: 0.6434
> best_val_acc: 0.6881, best_val_f1: 0.6020
>> saved: state_dict/igcn_embed_laptop_val_acc0.7132
>>>>>>>>>>>>>>>>>>>>>>>>>>>>>>>>>>>>>>>>>>>>>>>>>>>>>>>>>>>>>>>>>>>>>>>>>>>>>>>>>>>>>>>>>>>>>>>>>>>>
epoch: 6
loss: 0.7317, acc: 0.6875
loss: 0.6299, acc: 0.7500
loss: 0.6208, acc: 0.7604
loss: 0.6146, acc: 0.7610
loss: 0.6209, acc: 0.7528
loss: 0.6201, acc: 0.7535
loss: 0.6178, acc: 0.7510
loss: 0.6165, acc: 0.7542
loss: 0.6060, acc: 0.7567
loss: 0.6103, acc: 0.7533
loss: 0.6106, acc: 0.7548
loss: 0.6190, acc: 0.7511
loss: 0.6229, acc: 0.7480
loss: 0.6222, acc: 0.7463
loss: 0.6216, acc: 0.7465
> val_acc: 0.7288, val_f1: 0.6719
> best_val_acc: 0.7132, best_val_f1: 0.6434
>> saved: state_dict/igcn_embed_laptop_val_acc0.7288
>>>>>>>>>>>>>>>>>>>>>>>>>>>>>>>>>>>>>>>>>>>>>>>>>>>>>>>>>>>>>>>>>>>>>>>>>>>>>>>>>>>>>>>>>>>>>>>>>>>>
epoch: 7
loss: 0.6353, acc: 0.7109
loss: 0.6005, acc: 0.7361
loss: 0.6080, acc: 0.7455
loss: 0.6171, acc: 0.7451
loss: 0.6255, acc: 0.7448
loss: 0.6314, acc: 0.7414
loss: 0.6120, acc: 0.7518
loss: 0.6141, acc: 0.7508
loss: 0.6047, acc: 0.7536
loss: 0.6045, acc: 0.7557
loss: 0.6010, acc: 0.7581
loss: 0.5948, acc: 0.7606
loss: 0.5924, acc: 0.7617
loss: 0.5874, acc: 0.7631
> val_acc: 0.7100, val_f1: 0.6344
> best_val_acc: 0.7288, best_val_f1: 0.6719
>>>>>>>>>>>>>>>>>>>>>>>>>>>>>>>>>>>>>>>>>>>>>>>>>>>>>>>>>>>>>>>>>>>>>>>>>>>>>>>>>>>>>>>>>>>>>>>>>>>>
epoch: 8
loss: 0.5680, acc: 0.7812
loss: 0.6101, acc: 0.7708
loss: 0.6037, acc: 0.7585
loss: 0.5854, acc: 0.7695
loss: 0.5762, acc: 0.7738
loss: 0.5892, acc: 0.7596
loss: 0.5801, acc: 0.7681
loss: 0.5783, acc: 0.7682
loss: 0.5804, acc: 0.7698
loss: 0.5732, acc: 0.7724
loss: 0.5669, acc: 0.7751
loss: 0.5637, acc: 0.7773
loss: 0.5606, acc: 0.7766
loss: 0.5538, acc: 0.7803
loss: 0.5592, acc: 0.7782
> val_acc: 0.7179, val_f1: 0.6546
> best_val_acc: 0.7288, best_val_f1: 0.6719
>>>>>>>>>>>>>>>>>>>>>>>>>>>>>>>>>>>>>>>>>>>>>>>>>>>>>>>>>>>>>>>>>>>>>>>>>>>>>>>>>>>>>>>>>>>>>>>>>>>>
epoch: 9
loss: 0.5557, acc: 0.7812
loss: 0.5705, acc: 0.7812
loss: 0.5823, acc: 0.7812
loss: 0.5852, acc: 0.7743
loss: 0.5684, acc: 0.7840
loss: 0.5598, acc: 0.7879
loss: 0.5645, acc: 0.7869
loss: 0.5549, acc: 0.7862
loss: 0.5585, acc: 0.7849
loss: 0.5496, acc: 0.7884
loss: 0.5493, acc: 0.7871
loss: 0.5491, acc: 0.7877
loss: 0.5403, acc: 0.7897
loss: 0.5433, acc: 0.7872
loss: 0.5413, acc: 0.7882
> val_acc: 0.7335, val_f1: 0.6809
> best_val_acc: 0.7288, best_val_f1: 0.6719
>> saved: state_dict/igcn_embed_laptop_val_acc0.7335
>>>>>>>>>>>>>>>>>>>>>>>>>>>>>>>>>>>>>>>>>>>>>>>>>>>>>>>>>>>>>>>>>>>>>>>>>>>>>>>>>>>>>>>>>>>>>>>>>>>>
epoch: 10
loss: 0.5674, acc: 0.7812
loss: 0.5496, acc: 0.7969
loss: 0.5414, acc: 0.7896
loss: 0.5239, acc: 0.8000
loss: 0.5185, acc: 0.7975
loss: 0.5120, acc: 0.8052
loss: 0.5086, acc: 0.8089
loss: 0.5024, acc: 0.8117
loss: 0.5091, acc: 0.8063
loss: 0.5055, acc: 0.8094
loss: 0.5144, acc: 0.8017
loss: 0.5140, acc: 0.7990
loss: 0.5129, acc: 0.8000
loss: 0.5127, acc: 0.8000
> val_acc: 0.7163, val_f1: 0.6453
> best_val_acc: 0.7335, best_val_f1: 0.6809
>>>>>>>>>>>>>>>>>>>>>>>>>>>>>>>>>>>>>>>>>>>>>>>>>>>>>>>>>>>>>>>>>>>>>>>>>>>>>>>>>>>>>>>>>>>>>>>>>>>>
epoch: 11
loss: 0.6294, acc: 0.7812
loss: 0.5533, acc: 0.7991
loss: 0.5212, acc: 0.8125
loss: 0.4942, acc: 0.8235
loss: 0.4825, acc: 0.8253
loss: 0.4792, acc: 0.8218
loss: 0.4799, acc: 0.8203
loss: 0.4901, acc: 0.8117
loss: 0.4960, acc: 0.8088
loss: 0.4981, acc: 0.8065
loss: 0.5009, acc: 0.8035
loss: 0.5060, acc: 0.7993
loss: 0.5023, acc: 0.8019
loss: 0.5034, acc: 0.8032
loss: 0.4994, acc: 0.8064
> val_acc: 0.7241, val_f1: 0.6665
> best_val_acc: 0.7335, best_val_f1: 0.6809
>>>>>>>>>>>>>>>>>>>>>>>>>>>>>>>>>>>>>>>>>>>>>>>>>>>>>>>>>>>>>>>>>>>>>>>>>>>>>>>>>>>>>>>>>>>>>>>>>>>>
epoch: 12
loss: 0.4886, acc: 0.8047
loss: 0.4499, acc: 0.8368
loss: 0.4485, acc: 0.8460
loss: 0.4432, acc: 0.8520
loss: 0.4569, acc: 0.8424
loss: 0.4588, acc: 0.8394
loss: 0.4487, acc: 0.8410
loss: 0.4575, acc: 0.8357
loss: 0.4702, acc: 0.8267
loss: 0.4781, acc: 0.8189
loss: 0.4735, acc: 0.8194
loss: 0.4762, acc: 0.8151
loss: 0.4756, acc: 0.8184
loss: 0.4766, acc: 0.8166
> val_acc: 0.7414, val_f1: 0.6847
> best_val_acc: 0.7335, best_val_f1: 0.6809
>> saved: state_dict/igcn_embed_laptop_val_acc0.7414
>>>>>>>>>>>>>>>>>>>>>>>>>>>>>>>>>>>>>>>>>>>>>>>>>>>>>>>>>>>>>>>>>>>>>>>>>>>>>>>>>>>>>>>>>>>>>>>>>>>>
epoch: 13
loss: 0.4626, acc: 0.8750
loss: 0.4434, acc: 0.8333
loss: 0.4465, acc: 0.8466
loss: 0.4486, acc: 0.8457
loss: 0.4519, acc: 0.8467
loss: 0.4497, acc: 0.8462
loss: 0.4440, acc: 0.8417
loss: 0.4468, acc: 0.8377
loss: 0.4471, acc: 0.8392
loss: 0.4394, acc: 0.8438
loss: 0.4486, acc: 0.8364
loss: 0.4427, acc: 0.8376
loss: 0.4465, acc: 0.8376
loss: 0.4538, acc: 0.8329
loss: 0.4500, acc: 0.8358
> val_acc: 0.7273, val_f1: 0.6791
> best_val_acc: 0.7414, best_val_f1: 0.6847
>>>>>>>>>>>>>>>>>>>>>>>>>>>>>>>>>>>>>>>>>>>>>>>>>>>>>>>>>>>>>>>>>>>>>>>>>>>>>>>>>>>>>>>>>>>>>>>>>>>>
epoch: 14
loss: 0.3943, acc: 0.8542
loss: 0.4507, acc: 0.8359
loss: 0.4684, acc: 0.8197
loss: 0.4550, acc: 0.8247
loss: 0.4477, acc: 0.8288
loss: 0.4506, acc: 0.8281
loss: 0.4428, acc: 0.8305
loss: 0.4360, acc: 0.8339
loss: 0.4302, acc: 0.8372
loss: 0.4295, acc: 0.8372
loss: 0.4329, acc: 0.8367
loss: 0.4377, acc: 0.8346
loss: 0.4345, acc: 0.8338
loss: 0.4319, acc: 0.8373
loss: 0.4324, acc: 0.8368
> val_acc: 0.7351, val_f1: 0.6862
> best_val_acc: 0.7414, best_val_f1: 0.6847
>>>>>>>>>>>>>>>>>>>>>>>>>>>>>>>>>>>>>>>>>>>>>>>>>>>>>>>>>>>>>>>>>>>>>>>>>>>>>>>>>>>>>>>>>>>>>>>>>>>>
epoch: 15
loss: 0.4070, acc: 0.8187
loss: 0.4163, acc: 0.8094
loss: 0.4183, acc: 0.8187
loss: 0.4243, acc: 0.8156
loss: 0.4306, acc: 0.8187
loss: 0.4225, acc: 0.8271
loss: 0.4304, acc: 0.8241
loss: 0.4230, acc: 0.8289
loss: 0.4171, acc: 0.8340
loss: 0.4142, acc: 0.8394
loss: 0.4128, acc: 0.8398
loss: 0.4129, acc: 0.8401
loss: 0.4101, acc: 0.8404
loss: 0.4077, acc: 0.8411
> val_acc: 0.7257, val_f1: 0.6796
> best_val_acc: 0.7414, best_val_f1: 0.6862
>>>>>>>>>>>>>>>>>>>>>>>>>>>>>>>>>>>>>>>>>>>>>>>>>>>>>>>>>>>>>>>>>>>>>>>>>>>>>>>>>>>>>>>>>>>>>>>>>>>>
epoch: 16
loss: 0.3877, acc: 0.8594
loss: 0.3792, acc: 0.8750
loss: 0.4103, acc: 0.8490
loss: 0.4019, acc: 0.8566
loss: 0.3905, acc: 0.8565
loss: 0.3844, acc: 0.8623
loss: 0.3769, acc: 0.8623
loss: 0.3711, acc: 0.8657
loss: 0.3708, acc: 0.8690
loss: 0.3729, acc: 0.8664
loss: 0.3756, acc: 0.8630
loss: 0.3738, acc: 0.8635
loss: 0.3692, acc: 0.8654
loss: 0.3759, acc: 0.8629
loss: 0.3815, acc: 0.8572
> val_acc: 0.7273, val_f1: 0.6824
> best_val_acc: 0.7414, best_val_f1: 0.6862
>>>>>>>>>>>>>>>>>>>>>>>>>>>>>>>>>>>>>>>>>>>>>>>>>>>>>>>>>>>>>>>>>>>>>>>>>>>>>>>>>>>>>>>>>>>>>>>>>>>>
epoch: 17
loss: 0.4028, acc: 0.8359
loss: 0.4004, acc: 0.8472
loss: 0.3837, acc: 0.8527
loss: 0.3716, acc: 0.8635
loss: 0.3701, acc: 0.8646
loss: 0.3670, acc: 0.8664
loss: 0.3576, acc: 0.8741
loss: 0.3627, acc: 0.8718
loss: 0.3708, acc: 0.8658
loss: 0.3750, acc: 0.8603
loss: 0.3771, acc: 0.8565
loss: 0.3765, acc: 0.8581
loss: 0.3808, acc: 0.8574
loss: 0.3778, acc: 0.8610
> val_acc: 0.7288, val_f1: 0.6781
> best_val_acc: 0.7414, best_val_f1: 0.6862
>>>>>>>>>>>>>>>>>>>>>>>>>>>>>>>>>>>>>>>>>>>>>>>>>>>>>>>>>>>>>>>>>>>>>>>>>>>>>>>>>>>>>>>>>>>>>>>>>>>>
epoch: 18
loss: 0.4594, acc: 0.8125
loss: 0.3437, acc: 0.8594
loss: 0.3456, acc: 0.8636
loss: 0.3591, acc: 0.8555
loss: 0.3525, acc: 0.8616
loss: 0.3597, acc: 0.8570
loss: 0.3550, acc: 0.8649
loss: 0.3552, acc: 0.8672
loss: 0.3479, acc: 0.8727
loss: 0.3485, acc: 0.8723
loss: 0.3469, acc: 0.8744
loss: 0.3512, acc: 0.8728
loss: 0.3475, acc: 0.8745
loss: 0.3470, acc: 0.8755
loss: 0.3508, acc: 0.8750
> val_acc: 0.7304, val_f1: 0.6768
> best_val_acc: 0.7414, best_val_f1: 0.6862
>>>>>>>>>>>>>>>>>>>>>>>>>>>>>>>>>>>>>>>>>>>>>>>>>>>>>>>>>>>>>>>>>>>>>>>>>>>>>>>>>>>>>>>>>>>>>>>>>>>>
epoch: 19
loss: 0.3530, acc: 0.8750
loss: 0.3085, acc: 0.8906
loss: 0.3137, acc: 0.8918
loss: 0.3055, acc: 0.8924
loss: 0.3240, acc: 0.8818
loss: 0.3168, acc: 0.8850
loss: 0.3150, acc: 0.8835
loss: 0.3182, acc: 0.8816
loss: 0.3160, acc: 0.8852
loss: 0.3162, acc: 0.8848
loss: 0.3169, acc: 0.8827
loss: 0.3243, acc: 0.8788
loss: 0.3235, acc: 0.8775
loss: 0.3256, acc: 0.8759
loss: 0.3269, acc: 0.8759
> val_acc: 0.7273, val_f1: 0.6733
> best_val_acc: 0.7414, best_val_f1: 0.6862
>>>>>>>>>>>>>>>>>>>>>>>>>>>>>>>>>>>>>>>>>>>>>>>>>>>>>>>>>>>>>>>>>>>>>>>>>>>>>>>>>>>>>>>>>>>>>>>>>>>>
epoch: 20
loss: 0.3048, acc: 0.8938
loss: 0.2936, acc: 0.9031
loss: 0.2789, acc: 0.9083
loss: 0.2928, acc: 0.8953
loss: 0.2937, acc: 0.8950
loss: 0.2951, acc: 0.8938
loss: 0.2942, acc: 0.8973
loss: 0.3039, acc: 0.8906
loss: 0.3035, acc: 0.8938
loss: 0.3088, acc: 0.8912
loss: 0.3209, acc: 0.8841
loss: 0.3218, acc: 0.8844
loss: 0.3298, acc: 0.8817
loss: 0.3284, acc: 0.8808
> val_acc: 0.7210, val_f1: 0.6609
> best_val_acc: 0.7414, best_val_f1: 0.6862
>>>>>>>>>>>>>>>>>>>>>>>>>>>>>>>>>>>>>>>>>>>>>>>>>>>>>>>>>>>>>>>>>>>>>>>>>>>>>>>>>>>>>>>>>>>>>>>>>>>>
epoch: 21
loss: 0.3396, acc: 0.8906
loss: 0.3145, acc: 0.8795
loss: 0.2886, acc: 0.9010
loss: 0.2814, acc: 0.9007
loss: 0.2842, acc: 0.9048
loss: 0.2890, acc: 0.8993
loss: 0.2888, acc: 0.9004
loss: 0.2847, acc: 0.9020
loss: 0.3051, acc: 0.8921
loss: 0.3031, acc: 0.8936
loss: 0.3073, acc: 0.8918
loss: 0.3013, acc: 0.8953
loss: 0.3057, acc: 0.8926
loss: 0.3057, acc: 0.8923
loss: 0.3118, acc: 0.8880
> val_acc: 0.7257, val_f1: 0.6754
> best_val_acc: 0.7414, best_val_f1: 0.6862
>>>>>>>>>>>>>>>>>>>>>>>>>>>>>>>>>>>>>>>>>>>>>>>>>>>>>>>>>>>>>>>>>>>>>>>>>>>>>>>>>>>>>>>>>>>>>>>>>>>>
epoch: 22
loss: 0.2734, acc: 0.9062
loss: 0.2861, acc: 0.8889
loss: 0.2833, acc: 0.8862
loss: 0.2950, acc: 0.8832
loss: 0.2892, acc: 0.8854
loss: 0.2877, acc: 0.8869
loss: 0.2861, acc: 0.8879
loss: 0.2813, acc: 0.8926
loss: 0.2798, acc: 0.8970
loss: 0.2754, acc: 0.8980
loss: 0.2740, acc: 0.8999
loss: 0.2797, acc: 0.8957
loss: 0.2825, acc: 0.8970
loss: 0.2850, acc: 0.8967
> val_acc: 0.7085, val_f1: 0.6435
> best_val_acc: 0.7414, best_val_f1: 0.6862
>>>>>>>>>>>>>>>>>>>>>>>>>>>>>>>>>>>>>>>>>>>>>>>>>>>>>>>>>>>>>>>>>>>>>>>>>>>>>>>>>>>>>>>>>>>>>>>>>>>>
epoch: 23
loss: 0.3578, acc: 0.8438
loss: 0.3130, acc: 0.8906
loss: 0.3028, acc: 0.9062
loss: 0.2857, acc: 0.9102
loss: 0.2824, acc: 0.9077
loss: 0.2882, acc: 0.8966
loss: 0.2850, acc: 0.8972
loss: 0.2854, acc: 0.9002
loss: 0.2838, acc: 0.8986
loss: 0.2837, acc: 0.8981
loss: 0.2753, acc: 0.9032
loss: 0.2820, acc: 0.9018
loss: 0.2833, acc: 0.9022
loss: 0.2793, acc: 0.9039
loss: 0.2788, acc: 0.9040
> val_acc: 0.7288, val_f1: 0.6753
> best_val_acc: 0.7414, best_val_f1: 0.6862
>>>>>>>>>>>>>>>>>>>>>>>>>>>>>>>>>>>>>>>>>>>>>>>>>>>>>>>>>>>>>>>>>>>>>>>>>>>>>>>>>>>>>>>>>>>>>>>>>>>>
epoch: 24
loss: 0.3071, acc: 0.8750
loss: 0.2995, acc: 0.8867
loss: 0.2653, acc: 0.9087
loss: 0.2827, acc: 0.8941
loss: 0.2695, acc: 0.8995
loss: 0.2761, acc: 0.9018
loss: 0.2660, acc: 0.9081
loss: 0.2684, acc: 0.9062
loss: 0.2648, acc: 0.9070
loss: 0.2609, acc: 0.9089
loss: 0.2611, acc: 0.9092
loss: 0.2610, acc: 0.9073
loss: 0.2671, acc: 0.9048
loss: 0.2648, acc: 0.9044
loss: 0.2639, acc: 0.9051
> val_acc: 0.7226, val_f1: 0.6744
> best_val_acc: 0.7414, best_val_f1: 0.6862
>>>>>>>>>>>>>>>>>>>>>>>>>>>>>>>>>>>>>>>>>>>>>>>>>>>>>>>>>>>>>>>>>>>>>>>>>>>>>>>>>>>>>>>>>>>>>>>>>>>>
epoch: 25
loss: 0.2318, acc: 0.9125
loss: 0.2308, acc: 0.9125
loss: 0.2264, acc: 0.9187
loss: 0.2297, acc: 0.9203
loss: 0.2324, acc: 0.9213
loss: 0.2405, acc: 0.9187
loss: 0.2415, acc: 0.9187
loss: 0.2425, acc: 0.9164
loss: 0.2466, acc: 0.9139
loss: 0.2475, acc: 0.9113
loss: 0.2494, acc: 0.9102
loss: 0.2542, acc: 0.9068
loss: 0.2548, acc: 0.9077
loss: 0.2547, acc: 0.9058
> val_acc: 0.7147, val_f1: 0.6519
> best_val_acc: 0.7414, best_val_f1: 0.6862
>>>>>>>>>>>>>>>>>>>>>>>>>>>>>>>>>>>>>>>>>>>>>>>>>>>>>>>>>>>>>>>>>>>>>>>>>>>>>>>>>>>>>>>>>>>>>>>>>>>>
epoch: 26
loss: 0.2339, acc: 0.9375
loss: 0.2159, acc: 0.9286
loss: 0.2055, acc: 0.9349
loss: 0.2023, acc: 0.9320
loss: 0.2086, acc: 0.9261
loss: 0.2098, acc: 0.9248
loss: 0.2044, acc: 0.9316
loss: 0.2204, acc: 0.9248
loss: 0.2317, acc: 0.9167
loss: 0.2298, acc: 0.9156
loss: 0.2259, acc: 0.9189
loss: 0.2326, acc: 0.9134
loss: 0.2327, acc: 0.9148
loss: 0.2310, acc: 0.9165
loss: 0.2331, acc: 0.9154
> val_acc: 0.7132, val_f1: 0.6513
> best_val_acc: 0.7414, best_val_f1: 0.6862
>>>>>>>>>>>>>>>>>>>>>>>>>>>>>>>>>>>>>>>>>>>>>>>>>>>>>>>>>>>>>>>>>>>>>>>>>>>>>>>>>>>>>>>>>>>>>>>>>>>>
epoch: 27
loss: 0.1811, acc: 0.9375
loss: 0.2098, acc: 0.9132
loss: 0.2212, acc: 0.9196
loss: 0.2253, acc: 0.9243
loss: 0.2194, acc: 0.9297
loss: 0.2202, acc: 0.9300
loss: 0.2136, acc: 0.9311
loss: 0.2160, acc: 0.9295
loss: 0.2182, acc: 0.9297
loss: 0.2185, acc: 0.9292
loss: 0.2198, acc: 0.9265
loss: 0.2258, acc: 0.9227
loss: 0.2292, acc: 0.9204
loss: 0.2278, acc: 0.9198
> val_acc: 0.7100, val_f1: 0.6467
> best_val_acc: 0.7414, best_val_f1: 0.6862
>>>>>>>>>>>>>>>>>>>>>>>>>>>>>>>>>>>>>>>>>>>>>>>>>>>>>>>>>>>>>>>>>>>>>>>>>>>>>>>>>>>>>>>>>>>>>>>>>>>>
epoch: 28
loss: 0.1180, acc: 0.9688
loss: 0.1674, acc: 0.9531
loss: 0.1978, acc: 0.9375
loss: 0.1993, acc: 0.9375
loss: 0.2119, acc: 0.9286
loss: 0.2142, acc: 0.9267
loss: 0.2181, acc: 0.9194
loss: 0.2163, acc: 0.9210
loss: 0.2139, acc: 0.9245
loss: 0.2154, acc: 0.9239
loss: 0.2225, acc: 0.9191
loss: 0.2239, acc: 0.9185
loss: 0.2273, acc: 0.9170
loss: 0.2240, acc: 0.9195
loss: 0.2283, acc: 0.9164
> val_acc: 0.7132, val_f1: 0.6515
> best_val_acc: 0.7414, best_val_f1: 0.6862
>>>>>>>>>>>>>>>>>>>>>>>>>>>>>>>>>>>>>>>>>>>>>>>>>>>>>>>>>>>>>>>>>>>>>>>>>>>>>>>>>>>>>>>>>>>>>>>>>>>>
epoch: 29
loss: 0.1879, acc: 0.9583
loss: 0.1722, acc: 0.9453
loss: 0.1713, acc: 0.9399
loss: 0.1715, acc: 0.9444
loss: 0.1718, acc: 0.9470
loss: 0.1791, acc: 0.9420
loss: 0.1843, acc: 0.9375
loss: 0.1898, acc: 0.9326
loss: 0.1956, acc: 0.9295
loss: 0.1997, acc: 0.9258
loss: 0.2005, acc: 0.9245
loss: 0.1984, acc: 0.9262
loss: 0.2051, acc: 0.9226
loss: 0.2080, acc: 0.9223
loss: 0.2069, acc: 0.9240
> val_acc: 0.6928, val_f1: 0.6271
> best_val_acc: 0.7414, best_val_f1: 0.6862
>> test_acc: 0.7414, test_f1: 0.6847
