cuda memory allocated: 5440512
n_trainable_params: 1010203, n_nontrainable_params: 347432
> training arguments:
>>> model_name: igcn_embed
>>> model_ver: 3
>>> dataset: laptop
>>> optimizer: <class 'torch.optim.adamax.Adamax'>
>>> initializer: <function xavier_uniform_ at 0x7f2fed773e18>
>>> learning_rate: 0.002
>>> momentum: 0.95
>>> dropout: 0.35
>>> l2reg: 5e-05
>>> num_epoch: 30
>>> batch_size: 32
>>> log_step: 5
>>> embed_dim: 136
>>> hidden_dim: 300
>>> bert_dim: 768
>>> pretrained_bert_name: bert-base-uncased
>>> embeddings: d
>>> max_seq_len: 300
>>> polarities_dim: 3
>>> hops: 3
>>> device: cuda
>>> seed: 0
>>> valset_ratio: 0
>>> num_layers: 1
>>> in_channels: 100
>>> out_channels: 1
>>> downbot: 20
>>> kernel_size: 3
>>> position_dim: 100
>>> gating: GTU
>>> stanford_pos_model: C:/NLP_Programs/stanford-postagger-2018-10-16/models/english-bidirectional-distsim.tagger
>>> stanford_pos_jar: C:/NLP_Programs/stanford-postagger-2018-10-16/stanford-postagger.jar
>>> glove_path: ./embeddings/glove.840B.300d.txt
>>> embedding_matrix_path: gen_data/embeddings/100_laptop_domain_embedding_matrix.dat
>>> model_class: <class 'models.igcn.IGCN'>
>>> dataset_file: {'train': './datasets/semeval14/Laptops_Train.xml.seg', 'test': './datasets/semeval14/Laptops_Test_Gold.xml.seg'}
>>> inputs_cols: ['text_raw_indices', 'aspect_indices', 'pos_indices', 'aspect_pos_indices', 'position_indices']
>>>>>>>>>>>>>>>>>>>>>>>>>>>>>>>>>>>>>>>>>>>>>>>>>>>>>>>>>>>>>>>>>>>>>>>>>>>>>>>>>>>>>>>>>>>>>>>>>>>>
epoch: 0
loss: 1.1339, acc: 0.4313
loss: 1.0756, acc: 0.4938
loss: 1.0455, acc: 0.5229
loss: 1.0195, acc: 0.5281
loss: 1.0162, acc: 0.5288
loss: 0.9901, acc: 0.5479
loss: 0.9754, acc: 0.5643
loss: 0.9620, acc: 0.5734
loss: 0.9565, acc: 0.5771
loss: 0.9529, acc: 0.5794
loss: 0.9417, acc: 0.5841
loss: 0.9317, acc: 0.5911
loss: 0.9236, acc: 0.5971
loss: 0.9170, acc: 0.6022
> val_acc: 0.6238, val_f1: 0.5353
> best_val_acc: 0.0000, best_val_f1: 0.0000
>> saved: state_dict/igcn_embed_laptop_val_acc0.6238
>>>>>>>>>>>>>>>>>>>>>>>>>>>>>>>>>>>>>>>>>>>>>>>>>>>>>>>>>>>>>>>>>>>>>>>>>>>>>>>>>>>>>>>>>>>>>>>>>>>>
epoch: 1
loss: 0.7220, acc: 0.7500
loss: 0.6934, acc: 0.7455
loss: 0.7094, acc: 0.7188
loss: 0.7018, acc: 0.7224
loss: 0.6972, acc: 0.7273
loss: 0.6981, acc: 0.7257
loss: 0.7012, acc: 0.7227
loss: 0.6994, acc: 0.7221
loss: 0.6859, acc: 0.7292
loss: 0.6966, acc: 0.7188
loss: 0.6931, acc: 0.7188
loss: 0.6972, acc: 0.7182
loss: 0.6957, acc: 0.7177
loss: 0.6892, acc: 0.7211
loss: 0.6839, acc: 0.7244
> val_acc: 0.6442, val_f1: 0.5238
> best_val_acc: 0.6238, best_val_f1: 0.5353
>> saved: state_dict/igcn_embed_laptop_val_acc0.6442
>>>>>>>>>>>>>>>>>>>>>>>>>>>>>>>>>>>>>>>>>>>>>>>>>>>>>>>>>>>>>>>>>>>>>>>>>>>>>>>>>>>>>>>>>>>>>>>>>>>>
epoch: 2
loss: 0.6121, acc: 0.7266
loss: 0.6060, acc: 0.7535
loss: 0.5908, acc: 0.7723
loss: 0.5761, acc: 0.7845
loss: 0.5710, acc: 0.7839
loss: 0.5660, acc: 0.7888
loss: 0.5615, acc: 0.7941
loss: 0.5598, acc: 0.7941
loss: 0.5644, acc: 0.7898
loss: 0.5672, acc: 0.7864
loss: 0.5693, acc: 0.7836
loss: 0.5717, acc: 0.7839
loss: 0.5660, acc: 0.7856
loss: 0.5662, acc: 0.7853
> val_acc: 0.6646, val_f1: 0.5646
> best_val_acc: 0.6442, best_val_f1: 0.5353
>> saved: state_dict/igcn_embed_laptop_val_acc0.6646
>>>>>>>>>>>>>>>>>>>>>>>>>>>>>>>>>>>>>>>>>>>>>>>>>>>>>>>>>>>>>>>>>>>>>>>>>>>>>>>>>>>>>>>>>>>>>>>>>>>>
epoch: 3
loss: 0.6484, acc: 0.7188
loss: 0.4728, acc: 0.8385
cuda memory allocated: 5440512
n_trainable_params: 1010203, n_nontrainable_params: 347432
> training arguments:
>>> model_name: igcn_embed
>>> model_ver: 3
>>> dataset: laptop
>>> optimizer: <class 'torch.optim.adamax.Adamax'>
>>> initializer: <function xavier_uniform_ at 0x7fd3fe52ce18>
>>> learning_rate: 0.002
>>> momentum: 0.95
>>> dropout: 0.35
>>> l2reg: 5e-05
>>> num_epoch: 30
>>> batch_size: 32
>>> log_step: 5
>>> embed_dim: 136
>>> hidden_dim: 300
>>> bert_dim: 768
>>> pretrained_bert_name: bert-base-uncased
>>> embeddings: d
>>> max_seq_len: 300
>>> polarities_dim: 3
>>> hops: 3
>>> device: cuda
>>> seed: 0
>>> valset_ratio: 0
>>> num_layers: 1
>>> in_channels: 100
>>> out_channels: 1
>>> downbot: 20
>>> kernel_size: 3
>>> position_dim: 100
>>> gating: GLU
>>> stanford_pos_model: C:/NLP_Programs/stanford-postagger-2018-10-16/models/english-bidirectional-distsim.tagger
>>> stanford_pos_jar: C:/NLP_Programs/stanford-postagger-2018-10-16/stanford-postagger.jar
>>> glove_path: ./embeddings/glove.840B.300d.txt
>>> embedding_matrix_path: gen_data/embeddings/100_laptop_domain_embedding_matrix.dat
>>> model_class: <class 'models.igcn.IGCN'>
>>> dataset_file: {'train': './datasets/semeval14/Laptops_Train.xml.seg', 'test': './datasets/semeval14/Laptops_Test_Gold.xml.seg'}
>>> inputs_cols: ['text_raw_indices', 'aspect_indices', 'pos_indices', 'aspect_pos_indices', 'position_indices']
>>>>>>>>>>>>>>>>>>>>>>>>>>>>>>>>>>>>>>>>>>>>>>>>>>>>>>>>>>>>>>>>>>>>>>>>>>>>>>>>>>>>>>>>>>>>>>>>>>>>
epoch: 0
loss: 0.4869, acc: 0.8239
loss: 1.1473, acc: 0.4250
loss: 0.4893, acc: 0.8281
loss: 1.0752, acc: 0.4969
loss: 0.5037, acc: 0.8095
loss: 1.0429, acc: 0.5062
loss: 0.4924, acc: 0.8161
loss: 1.0115, acc: 0.5156
loss: 0.4867, acc: 0.8185
loss: 1.0066, acc: 0.5275
loss: 0.4910, acc: 0.8160
loss: 0.9748, acc: 0.5542
loss: 0.4894, acc: 0.8171
loss: 0.9601, acc: 0.5714
loss: 0.4845, acc: 0.8179
loss: 0.9448, acc: 0.5789
loss: 0.4745, acc: 0.8248
loss: 0.9388, acc: 0.5847
loss: 0.4687, acc: 0.8292
loss: 0.9344, acc: 0.5900
loss: 0.4669, acc: 0.8315
loss: 0.9234, acc: 0.5949
loss: 0.4700, acc: 0.8295
loss: 0.9127, acc: 0.6000
loss: 0.4724, acc: 0.8288
loss: 0.9043, acc: 0.6053
> val_acc: 0.6489, val_f1: 0.5501
> best_val_acc: 0.6646, best_val_f1: 0.5646
>>>>>>>>>>>>>>>>>>>>>>>>>>>>>>>>>>>>>>>>>>>>>>>>>>>>>>>>>>>>>>>>>>>>>>>>>>>>>>>>>>>>>>>>>>>>>>>>>>>>
epoch: 4
loss: 0.3415, acc: 0.9167
loss: 0.8968, acc: 0.6103
loss: 0.4019, acc: 0.8633
> val_acc: 0.6332, val_f1: 0.5577
> best_val_acc: 0.0000, best_val_f1: 0.0000
>> saved: state_dict/igcn_embed_laptop_val_acc0.6332
>>>>>>>>>>>>>>>>>>>>>>>>>>>>>>>>>>>>>>>>>>>>>>>>>>>>>>>>>>>>>>>>>>>>>>>>>>>>>>>>>>>>>>>>>>>>>>>>>>>>
epoch: 1
loss: 0.6749, acc: 0.8125
loss: 0.3968, acc: 0.8870
loss: 0.6376, acc: 0.7768
loss: 0.3882, acc: 0.8889
loss: 0.6531, acc: 0.7500
loss: 0.3779, acc: 0.8832
loss: 0.6437, acc: 0.7555
loss: 0.3812, acc: 0.8839
loss: 0.6380, acc: 0.7599
loss: 0.3809, acc: 0.8854
loss: 0.6403, acc: 0.7535
loss: 0.3868, acc: 0.8799
loss: 0.6433, acc: 0.7510
loss: 0.3792, acc: 0.8866
loss: 0.6430, acc: 0.7508
loss: 0.3779, acc: 0.8854
loss: 0.6291, acc: 0.7597
loss: 0.3794, acc: 0.8844
loss: 0.6407, acc: 0.7513
loss: 0.3778, acc: 0.8858
loss: 0.6372, acc: 0.7524
loss: 0.3818, acc: 0.8819
loss: 0.6399, acc: 0.7511
loss: 0.3818, acc: 0.8801
loss: 0.6375, acc: 0.7520
loss: 0.3817, acc: 0.8789
> val_acc: 0.7038, val_f1: 0.6321
> best_val_acc: 0.6646, best_val_f1: 0.5646
>> saved: state_dict/igcn_embed_laptop_val_acc0.7038
>>>>>>>>>>>>>>>>>>>>>>>>>>>>>>>>>>>>>>>>>>>>>>>>>>>>>>>>>>>>>>>>>>>>>>>>>>>>>>>>>>>>>>>>>>>>>>>>>>>>
epoch: 5
loss: 0.6298, acc: 0.7551
loss: 0.3078, acc: 0.9187
loss: 0.6254, acc: 0.7574
loss: 0.2753, acc: 0.9187
> val_acc: 0.6379, val_f1: 0.5219
> best_val_acc: 0.6332, best_val_f1: 0.5577
>> saved: state_dict/igcn_embed_laptop_val_acc0.6379
>>>>>>>>>>>>>>>>>>>>>>>>>>>>>>>>>>>>>>>>>>>>>>>>>>>>>>>>>>>>>>>>>>>>>>>>>>>>>>>>>>>>>>>>>>>>>>>>>>>>
epoch: 2
loss: 0.5367, acc: 0.7734
loss: 0.3054, acc: 0.8958
loss: 0.5389, acc: 0.7778
loss: 0.2977, acc: 0.9078
loss: 0.5200, acc: 0.8013
loss: 0.2949, acc: 0.9113
loss: 0.5021, acc: 0.8125
loss: 0.2945, acc: 0.9125
loss: 0.5001, acc: 0.8099
loss: 0.2942, acc: 0.9179
loss: 0.4932, acc: 0.8147
loss: 0.2990, acc: 0.9172
loss: 0.4902, acc: 0.8180
loss: 0.3066, acc: 0.9118
loss: 0.4887, acc: 0.8173
loss: 0.3115, acc: 0.9075
loss: 0.4937, acc: 0.8153
loss: 0.3105, acc: 0.9085
loss: 0.4947, acc: 0.8106
loss: 0.3076, acc: 0.9094
loss: 0.4979, acc: 0.8084
loss: 0.3080, acc: 0.9091
loss: 0.5005, acc: 0.8093
loss: 0.3116, acc: 0.9058
loss: 0.4952, acc: 0.8091
> val_acc: 0.6865, val_f1: 0.6083
> best_val_acc: 0.7038, best_val_f1: 0.6321
>>>>>>>>>>>>>>>>>>>>>>>>>>>>>>>>>>>>>>>>>>>>>>>>>>>>>>>>>>>>>>>>>>>>>>>>>>>>>>>>>>>>>>>>>>>>>>>>>>>>
epoch: 6
loss: 0.2132, acc: 0.9844
loss: 0.4974, acc: 0.8080
loss: 0.2351, acc: 0.9688
> val_acc: 0.6708, val_f1: 0.5706
> best_val_acc: 0.6379, best_val_f1: 0.5577
>> saved: state_dict/igcn_embed_laptop_val_acc0.6708
>>>>>>>>>>>>>>>>>>>>>>>>>>>>>>>>>>>>>>>>>>>>>>>>>>>>>>>>>>>>>>>>>>>>>>>>>>>>>>>>>>>>>>>>>>>>>>>>>>>>
epoch: 3
loss: 0.5708, acc: 0.8125
loss: 0.2250, acc: 0.9688
loss: 0.3961, acc: 0.8854
loss: 0.2231, acc: 0.9669
loss: 0.4082, acc: 0.8580
loss: 0.2260, acc: 0.9688
loss: 0.4125, acc: 0.8574
loss: 0.2236, acc: 0.9664
loss: 0.4298, acc: 0.8452
loss: 0.2273, acc: 0.9648
loss: 0.4161, acc: 0.8534
loss: 0.2243, acc: 0.9637
loss: 0.4161, acc: 0.8548
loss: 0.2251, acc: 0.9598
loss: 0.4141, acc: 0.8550
loss: 0.2273, acc: 0.9574
loss: 0.4155, acc: 0.8506
loss: 0.2273, acc: 0.9531
loss: 0.4114, acc: 0.8526
loss: 0.2288, acc: 0.9534
loss: 0.4025, acc: 0.8572
loss: 0.2323, acc: 0.9511
loss: 0.3982, acc: 0.8599
loss: 0.2332, acc: 0.9510
loss: 0.3948, acc: 0.8637
loss: 0.2334, acc: 0.9501
loss: 0.3980, acc: 0.8613
> val_acc: 0.6850, val_f1: 0.6178
> best_val_acc: 0.7038, best_val_f1: 0.6321
>>>>>>>>>>>>>>>>>>>>>>>>>>>>>>>>>>>>>>>>>>>>>>>>>>>>>>>>>>>>>>>>>>>>>>>>>>>>>>>>>>>>>>>>>>>>>>>>>>>>
epoch: 7
loss: 0.1928, acc: 0.9531
loss: 0.4020, acc: 0.8592
loss: 0.2008, acc: 0.9618
> val_acc: 0.6661, val_f1: 0.5801
> best_val_acc: 0.6708, best_val_f1: 0.5706
>>>>>>>>>>>>>>>>>>>>>>>>>>>>>>>>>>>>>>>>>>>>>>>>>>>>>>>>>>>>>>>>>>>>>>>>>>>>>>>>>>>>>>>>>>>>>>>>>>>>
epoch: 4
loss: 0.2849, acc: 0.9375
loss: 0.1873, acc: 0.9688
loss: 0.3128, acc: 0.9219
loss: 0.1870, acc: 0.9704
loss: 0.3066, acc: 0.9351
loss: 0.1835, acc: 0.9701
loss: 0.3025, acc: 0.9253
loss: 0.1801, acc: 0.9731
loss: 0.2935, acc: 0.9253
loss: 0.1794, acc: 0.9697
loss: 0.3000, acc: 0.9252
loss: 0.1807, acc: 0.9712
loss: 0.3040, acc: 0.9195
loss: 0.1816, acc: 0.9695
loss: 0.3102, acc: 0.9095
loss: 0.1796, acc: 0.9700
loss: 0.3047, acc: 0.9128
loss: 0.1820, acc: 0.9676
loss: 0.3036, acc: 0.9115
loss: 0.1806, acc: 0.9682
loss: 0.3065, acc: 0.9110
loss: 0.1803, acc: 0.9673
loss: 0.3067, acc: 0.9122
loss: 0.1795, acc: 0.9660
loss: 0.3125, acc: 0.9097
> val_acc: 0.6818, val_f1: 0.6234
> best_val_acc: 0.7038, best_val_f1: 0.6321
>>>>>>>>>>>>>>>>>>>>>>>>>>>>>>>>>>>>>>>>>>>>>>>>>>>>>>>>>>>>>>>>>>>>>>>>>>>>>>>>>>>>>>>>>>>>>>>>>>>>
epoch: 8
loss: 0.1207, acc: 1.0000
loss: 0.3111, acc: 0.9076
loss: 0.1515, acc: 0.9844
loss: 0.3109, acc: 0.9072
> val_acc: 0.6912, val_f1: 0.6290
> best_val_acc: 0.6708, best_val_f1: 0.5801
>> saved: state_dict/igcn_embed_laptop_val_acc0.6912
>>>>>>>>>>>>>>>>>>>>>>>>>>>>>>>>>>>>>>>>>>>>>>>>>>>>>>>>>>>>>>>>>>>>>>>>>>>>>>>>>>>>>>>>>>>>>>>>>>>>
epoch: 5
loss: 0.1378, acc: 0.9858
loss: 0.2244, acc: 0.9563
loss: 0.1362, acc: 0.9902
loss: 0.2059, acc: 0.9437
loss: 0.1335, acc: 0.9896
loss: 0.2285, acc: 0.9271
loss: 0.1391, acc: 0.9868
loss: 0.2236, acc: 0.9359
loss: 0.1381, acc: 0.9859
loss: 0.2243, acc: 0.9387
loss: 0.1399, acc: 0.9844
loss: 0.2249, acc: 0.9354
loss: 0.1386, acc: 0.9848
loss: 0.2256, acc: 0.9366
loss: 0.1375, acc: 0.9857
loss: 0.2327, acc: 0.9344
loss: 0.1375, acc: 0.9847
loss: 0.2386, acc: 0.9306
loss: 0.1403, acc: 0.9816
loss: 0.2433, acc: 0.9300
loss: 0.1390, acc: 0.9816
loss: 0.2423, acc: 0.9307
loss: 0.1400, acc: 0.9806
loss: 0.2391, acc: 0.9313
loss: 0.1400, acc: 0.9806
loss: 0.2428, acc: 0.9288
> val_acc: 0.6928, val_f1: 0.6156
> best_val_acc: 0.7038, best_val_f1: 0.6321
>>>>>>>>>>>>>>>>>>>>>>>>>>>>>>>>>>>>>>>>>>>>>>>>>>>>>>>>>>>>>>>>>>>>>>>>>>>>>>>>>>>>>>>>>>>>>>>>>>>>
epoch: 9
loss: 0.0995, acc: 0.9896
loss: 0.2449, acc: 0.9272
loss: 0.1029, acc: 0.9922
> val_acc: 0.6944, val_f1: 0.6369
> best_val_acc: 0.6912, best_val_f1: 0.6290
>> saved: state_dict/igcn_embed_laptop_val_acc0.6944
>>>>>>>>>>>>>>>>>>>>>>>>>>>>>>>>>>>>>>>>>>>>>>>>>>>>>>>>>>>>>>>>>>>>>>>>>>>>>>>>>>>>>>>>>>>>>>>>>>>>
epoch: 6
loss: 0.1009, acc: 0.9928
loss: 0.1618, acc: 0.9688
loss: 0.0978, acc: 0.9948
loss: 0.1652, acc: 0.9777
loss: 0.0956, acc: 0.9959
loss: 0.1623, acc: 0.9818
loss: 0.1647, acc: 0.9779
loss: 0.0958, acc: 0.9955
loss: 0.1684, acc: 0.9773
loss: 0.0938, acc: 0.9962
loss: 0.1637, acc: 0.9780
loss: 0.0936, acc: 0.9967
loss: 0.1682, acc: 0.9766
loss: 0.0936, acc: 0.9971
loss: 0.1655, acc: 0.9764
loss: 0.0929, acc: 0.9967
loss: 0.0932, acc: 0.9953
loss: 0.1667, acc: 0.9754
loss: 0.0945, acc: 0.9952
loss: 0.1688, acc: 0.9734
loss: 0.0990, acc: 0.9931
loss: 0.1690, acc: 0.9730
loss: 0.0993, acc: 0.9931
loss: 0.1712, acc: 0.9726
loss: 0.0980, acc: 0.9931
loss: 0.1736, acc: 0.9708
> val_acc: 0.6818, val_f1: 0.6057
> best_val_acc: 0.7038, best_val_f1: 0.6321
>>>>>>>>>>>>>>>>>>>>>>>>>>>>>>>>>>>>>>>>>>>>>>>>>>>>>>>>>>>>>>>>>>>>>>>>>>>>>>>>>>>>>>>>>>>>>>>>>>>>
epoch: 10
loss: 0.1736, acc: 0.9715
loss: 0.0832, acc: 0.9938
loss: 0.1736, acc: 0.9714
loss: 0.0824, acc: 0.9969
> val_acc: 0.6583, val_f1: 0.5760
> best_val_acc: 0.6944, best_val_f1: 0.6369
>>>>>>>>>>>>>>>>>>>>>>>>>>>>>>>>>>>>>>>>>>>>>>>>>>>>>>>>>>>>>>>>>>>>>>>>>>>>>>>>>>>>>>>>>>>>>>>>>>>>
epoch: 7
loss: 0.0812, acc: 0.9979
loss: 0.1431, acc: 0.9844
loss: 0.0808, acc: 0.9969
loss: 0.1513, acc: 0.9861
loss: 0.0745, acc: 0.9975
loss: 0.1391, acc: 0.9821
loss: 0.0753, acc: 0.9969
loss: 0.1360, acc: 0.9819
loss: 0.0726, acc: 0.9973
loss: 0.1351, acc: 0.9805
loss: 0.0730, acc: 0.9977
loss: 0.1333, acc: 0.9838
loss: 0.0741, acc: 0.9972
loss: 0.1337, acc: 0.9835
loss: 0.0724, acc: 0.9975
loss: 0.1344, acc: 0.9832
loss: 0.0738, acc: 0.9966
loss: 0.1339, acc: 0.9844
loss: 0.0736, acc: 0.9964
loss: 0.1336, acc: 0.9834
loss: 0.0744, acc: 0.9962
loss: 0.1343, acc: 0.9826
loss: 0.0740, acc: 0.9960
loss: 0.1328, acc: 0.9836
loss: 0.1326, acc: 0.9829
> val_acc: 0.6944, val_f1: 0.6407
> best_val_acc: 0.7038, best_val_f1: 0.6321
>>>>>>>>>>>>>>>>>>>>>>>>>>>>>>>>>>>>>>>>>>>>>>>>>>>>>>>>>>>>>>>>>>>>>>>>>>>>>>>>>>>>>>>>>>>>>>>>>>>>
epoch: 11
loss: 0.0886, acc: 0.9688
loss: 0.1326, acc: 0.9828
loss: 0.0715, acc: 0.9911
> val_acc: 0.6850, val_f1: 0.6382
> best_val_acc: 0.6944, best_val_f1: 0.6369
>>>>>>>>>>>>>>>>>>>>>>>>>>>>>>>>>>>>>>>>>>>>>>>>>>>>>>>>>>>>>>>>>>>>>>>>>>>>>>>>>>>>>>>>>>>>>>>>>>>>
epoch: 8
loss: 0.0655, acc: 0.9948
loss: 0.0873, acc: 1.0000
loss: 0.0641, acc: 0.9963
loss: 0.1177, acc: 0.9844
loss: 0.0609, acc: 0.9972
loss: 0.1025, acc: 0.9915
loss: 0.0613, acc: 0.9965
loss: 0.0996, acc: 0.9922
loss: 0.0590, acc: 0.9971
loss: 0.0999, acc: 0.9911
loss: 0.0586, acc: 0.9975
loss: 0.1017, acc: 0.9904
loss: 0.0593, acc: 0.9970
loss: 0.1015, acc: 0.9889
loss: 0.0594, acc: 0.9973
loss: 0.1020, acc: 0.9878
loss: 0.0607, acc: 0.9970
loss: 0.0997, acc: 0.9893
loss: 0.0603, acc: 0.9967
loss: 0.1007, acc: 0.9871
loss: 0.0596, acc: 0.9970
loss: 0.1005, acc: 0.9853
loss: 0.0596, acc: 0.9972
loss: 0.1029, acc: 0.9855
loss: 0.0596, acc: 0.9974
loss: 0.1020, acc: 0.9867
> val_acc: 0.6850, val_f1: 0.6084
> best_val_acc: 0.7038, best_val_f1: 0.6407
>>>>>>>>>>>>>>>>>>>>>>>>>>>>>>>>>>>>>>>>>>>>>>>>>>>>>>>>>>>>>>>>>>>>>>>>>>>>>>>>>>>>>>>>>>>>>>>>>>>>
epoch: 12
loss: 0.1032, acc: 0.9863
loss: 0.0385, acc: 1.0000
loss: 0.1036, acc: 0.9868
loss: 0.0409, acc: 1.0000
> val_acc: 0.6850, val_f1: 0.6153
> best_val_acc: 0.6944, best_val_f1: 0.6382
>>>>>>>>>>>>>>>>>>>>>>>>>>>>>>>>>>>>>>>>>>>>>>>>>>>>>>>>>>>>>>>>>>>>>>>>>>>>>>>>>>>>>>>>>>>>>>>>>>>>
epoch: 9
loss: 0.0443, acc: 1.0000
loss: 0.0732, acc: 1.0000
loss: 0.0444, acc: 0.9984
loss: 0.0813, acc: 0.9961
loss: 0.0450, acc: 0.9974
loss: 0.0841, acc: 0.9952
loss: 0.0455, acc: 0.9957
loss: 0.0801, acc: 0.9948
loss: 0.0432, acc: 0.9963
loss: 0.0772, acc: 0.9959
loss: 0.0435, acc: 0.9960
loss: 0.0782, acc: 0.9944
loss: 0.0443, acc: 0.9964
loss: 0.0773, acc: 0.9943
loss: 0.0436, acc: 0.9968
loss: 0.0772, acc: 0.9951
loss: 0.0430, acc: 0.9971
loss: 0.0757, acc: 0.9956
loss: 0.0423, acc: 0.9974
loss: 0.0748, acc: 0.9961
loss: 0.0419, acc: 0.9976
loss: 0.0752, acc: 0.9947
loss: 0.0421, acc: 0.9977
loss: 0.0759, acc: 0.9941
loss: 0.0780, acc: 0.9926
> val_acc: 0.6928, val_f1: 0.6229
> best_val_acc: 0.7038, best_val_f1: 0.6407
>>>>>>>>>>>>>>>>>>>>>>>>>>>>>>>>>>>>>>>>>>>>>>>>>>>>>>>>>>>>>>>>>>>>>>>>>>>>>>>>>>>>>>>>>>>>>>>>>>>>
epoch: 13
loss: 0.0294, acc: 1.0000
loss: 0.0778, acc: 0.9922
loss: 0.0257, acc: 1.0000
loss: 0.0765, acc: 0.9927
loss: 0.0251, acc: 1.0000
> val_acc: 0.6677, val_f1: 0.5849
> best_val_acc: 0.6944, best_val_f1: 0.6382
>>>>>>>>>>>>>>>>>>>>>>>>>>>>>>>>>>>>>>>>>>>>>>>>>>>>>>>>>>>>>>>>>>>>>>>>>>>>>>>>>>>>>>>>>>>>>>>>>>>>
epoch: 10
loss: 0.0250, acc: 1.0000
loss: 0.0602, acc: 1.0000
loss: 0.0594, acc: 1.0000
loss: 0.0271, acc: 1.0000
loss: 0.0273, acc: 1.0000
loss: 0.0578, acc: 1.0000
loss: 0.0288, acc: 1.0000
loss: 0.0592, acc: 0.9984
loss: 0.0297, acc: 0.9991
loss: 0.0554, acc: 0.9988
loss: 0.0300, acc: 0.9992
loss: 0.0566, acc: 0.9979
loss: 0.0551, acc: 0.9982
loss: 0.0298, acc: 0.9993
loss: 0.0567, acc: 0.9977
loss: 0.0303, acc: 0.9994
loss: 0.0303, acc: 0.9994
loss: 0.0591, acc: 0.9951
loss: 0.0311, acc: 0.9995
loss: 0.0577, acc: 0.9956
loss: 0.0317, acc: 0.9995
loss: 0.0584, acc: 0.9955
loss: 0.0324, acc: 0.9991
loss: 0.0583, acc: 0.9958
loss: 0.0587, acc: 0.9962
> val_acc: 0.6897, val_f1: 0.6210
> best_val_acc: 0.7038, best_val_f1: 0.6407
>>>>>>>>>>>>>>>>>>>>>>>>>>>>>>>>>>>>>>>>>>>>>>>>>>>>>>>>>>>>>>>>>>>>>>>>>>>>>>>>>>>>>>>>>>>>>>>>>>>>
epoch: 14
loss: 0.0246, acc: 1.0000
loss: 0.0581, acc: 0.9960
loss: 0.0257, acc: 0.9961
> val_acc: 0.6912, val_f1: 0.6376
> best_val_acc: 0.6944, best_val_f1: 0.6382
>>>>>>>>>>>>>>>>>>>>>>>>>>>>>>>>>>>>>>>>>>>>>>>>>>>>>>>>>>>>>>>>>>>>>>>>>>>>>>>>>>>>>>>>>>>>>>>>>>>>
epoch: 11
loss: 0.0259, acc: 0.9976
loss: 0.0587, acc: 1.0000
loss: 0.0252, acc: 0.9983
loss: 0.0679, acc: 0.9866
loss: 0.0581, acc: 0.9896
loss: 0.0260, acc: 0.9986
loss: 0.0257, acc: 0.9989
loss: 0.0588, acc: 0.9926
loss: 0.0546, acc: 0.9943
loss: 0.0258, acc: 0.9991
loss: 0.0553, acc: 0.9919
loss: 0.0260, acc: 0.9992
loss: 0.0264, acc: 0.9993
loss: 0.0528, acc: 0.9932
loss: 0.0513, acc: 0.9941
loss: 0.0265, acc: 0.9993
loss: 0.0265, acc: 0.9994
loss: 0.0520, acc: 0.9948
loss: 0.0262, acc: 0.9995
loss: 0.0510, acc: 0.9953
loss: 0.0267, acc: 0.9995
loss: 0.0532, acc: 0.9952
loss: 0.0266, acc: 0.9995
loss: 0.0529, acc: 0.9951
loss: 0.0265, acc: 0.9996
loss: 0.0524, acc: 0.9955
> val_acc: 0.6959, val_f1: 0.6232
> best_val_acc: 0.7038, best_val_f1: 0.6407
>>>>>>>>>>>>>>>>>>>>>>>>>>>>>>>>>>>>>>>>>>>>>>>>>>>>>>>>>>>>>>>>>>>>>>>>>>>>>>>>>>>>>>>>>>>>>>>>>>>>
epoch: 15
loss: 0.0528, acc: 0.9953
loss: 0.0202, acc: 1.0000
loss: 0.0523, acc: 0.9957
loss: 0.0205, acc: 1.0000
> val_acc: 0.6708, val_f1: 0.6021
> best_val_acc: 0.6944, best_val_f1: 0.6382
>>>>>>>>>>>>>>>>>>>>>>>>>>>>>>>>>>>>>>>>>>>>>>>>>>>>>>>>>>>>>>>>>>>>>>>>>>>>>>>>>>>>>>>>>>>>>>>>>>>>
epoch: 12
loss: 0.0209, acc: 1.0000
loss: 0.0284, acc: 1.0000
loss: 0.0213, acc: 1.0000
loss: 0.0335, acc: 1.0000
loss: 0.0213, acc: 1.0000
loss: 0.0363, acc: 1.0000
loss: 0.0211, acc: 1.0000
loss: 0.0386, acc: 0.9984
loss: 0.0210, acc: 1.0000
loss: 0.0404, acc: 0.9974
loss: 0.0205, acc: 1.0000
loss: 0.0408, acc: 0.9968
loss: 0.0203, acc: 1.0000
loss: 0.0388, acc: 0.9972
loss: 0.0200, acc: 1.0000
loss: 0.0392, acc: 0.9976
loss: 0.0199, acc: 1.0000
loss: 0.0395, acc: 0.9972
loss: 0.0198, acc: 1.0000
loss: 0.0383, acc: 0.9974
loss: 0.0199, acc: 1.0000
loss: 0.0372, acc: 0.9977
loss: 0.0200, acc: 1.0000
loss: 0.0366, acc: 0.9979
loss: 0.0363, acc: 0.9980
> val_acc: 0.6912, val_f1: 0.6194
> best_val_acc: 0.7038, best_val_f1: 0.6407
>>>>>>>>>>>>>>>>>>>>>>>>>>>>>>>>>>>>>>>>>>>>>>>>>>>>>>>>>>>>>>>>>>>>>>>>>>>>>>>>>>>>>>>>>>>>>>>>>>>>
epoch: 16
loss: 0.0113, acc: 1.0000
loss: 0.0362, acc: 0.9982
loss: 0.0151, acc: 1.0000
> val_acc: 0.6755, val_f1: 0.6050
> best_val_acc: 0.6944, best_val_f1: 0.6382
>>>>>>>>>>>>>>>>>>>>>>>>>>>>>>>>>>>>>>>>>>>>>>>>>>>>>>>>>>>>>>>>>>>>>>>>>>>>>>>>>>>>>>>>>>>>>>>>>>>>
epoch: 13
loss: 0.0258, acc: 1.0000
loss: 0.0164, acc: 1.0000
loss: 0.0163, acc: 1.0000
loss: 0.0241, acc: 1.0000
loss: 0.0235, acc: 1.0000
loss: 0.0158, acc: 1.0000
loss: 0.0156, acc: 1.0000
loss: 0.0232, acc: 1.0000
loss: 0.0150, acc: 1.0000
loss: 0.0241, acc: 1.0000
loss: 0.0156, acc: 1.0000
loss: 0.0240, acc: 1.0000
loss: 0.0154, acc: 1.0000
loss: 0.0253, acc: 1.0000
loss: 0.0155, acc: 1.0000
loss: 0.0259, acc: 1.0000
loss: 0.0155, acc: 1.0000
loss: 0.0268, acc: 0.9992
loss: 0.0156, acc: 1.0000
loss: 0.0274, acc: 0.9993
loss: 0.0154, acc: 1.0000
loss: 0.0279, acc: 0.9994
loss: 0.0155, acc: 1.0000
loss: 0.0281, acc: 0.9994
loss: 0.0158, acc: 1.0000
loss: 0.0288, acc: 0.9995
> val_acc: 0.6944, val_f1: 0.6183
> best_val_acc: 0.7038, best_val_f1: 0.6407
>>>>>>>>>>>>>>>>>>>>>>>>>>>>>>>>>>>>>>>>>>>>>>>>>>>>>>>>>>>>>>>>>>>>>>>>>>>>>>>>>>>>>>>>>>>>>>>>>>>>
epoch: 17
loss: 0.0295, acc: 0.9995
loss: 0.0124, acc: 1.0000
loss: 0.0302, acc: 0.9991
loss: 0.0126, acc: 1.0000
> val_acc: 0.6834, val_f1: 0.6192
> best_val_acc: 0.6944, best_val_f1: 0.6382
>>>>>>>>>>>>>>>>>>>>>>>>>>>>>>>>>>>>>>>>>>>>>>>>>>>>>>>>>>>>>>>>>>>>>>>>>>>>>>>>>>>>>>>>>>>>>>>>>>>>
epoch: 14
loss: 0.0252, acc: 1.0000
loss: 0.0122, acc: 1.0000
loss: 0.0290, acc: 1.0000
loss: 0.0124, acc: 1.0000
loss: 0.0254, acc: 1.0000
loss: 0.0117, acc: 1.0000
loss: 0.0255, acc: 1.0000
loss: 0.0118, acc: 1.0000
loss: 0.0258, acc: 1.0000
loss: 0.0119, acc: 1.0000
loss: 0.0261, acc: 1.0000
loss: 0.0122, acc: 1.0000
loss: 0.0263, acc: 1.0000
loss: 0.0124, acc: 1.0000
loss: 0.0255, acc: 1.0000
loss: 0.0131, acc: 0.9994
loss: 0.0252, acc: 1.0000
loss: 0.0134, acc: 0.9994
loss: 0.0248, acc: 1.0000
loss: 0.0132, acc: 0.9995
loss: 0.0246, acc: 1.0000
loss: 0.0132, acc: 0.9995
loss: 0.0243, acc: 1.0000
loss: 0.0133, acc: 0.9995
loss: 0.0246, acc: 1.0000
> val_acc: 0.6897, val_f1: 0.6151
> best_val_acc: 0.7038, best_val_f1: 0.6407
>>>>>>>>>>>>>>>>>>>>>>>>>>>>>>>>>>>>>>>>>>>>>>>>>>>>>>>>>>>>>>>>>>>>>>>>>>>>>>>>>>>>>>>>>>>>>>>>>>>>
epoch: 18
loss: 0.0108, acc: 1.0000
loss: 0.0247, acc: 1.0000
loss: 0.0102, acc: 1.0000
loss: 0.0249, acc: 1.0000
loss: 0.0107, acc: 1.0000
> val_acc: 0.6771, val_f1: 0.6061
> best_val_acc: 0.6944, best_val_f1: 0.6382
>>>>>>>>>>>>>>>>>>>>>>>>>>>>>>>>>>>>>>>>>>>>>>>>>>>>>>>>>>>>>>>>>>>>>>>>>>>>>>>>>>>>>>>>>>>>>>>>>>>>
epoch: 15
loss: 0.0109, acc: 1.0000
loss: 0.0207, acc: 1.0000
loss: 0.0105, acc: 1.0000
loss: 0.0195, acc: 1.0000
loss: 0.0110, acc: 1.0000
loss: 0.0201, acc: 1.0000
loss: 0.0111, acc: 1.0000
loss: 0.0208, acc: 1.0000
loss: 0.0108, acc: 1.0000
loss: 0.0200, acc: 1.0000
loss: 0.0111, acc: 1.0000
loss: 0.0197, acc: 1.0000
loss: 0.0111, acc: 1.0000
loss: 0.0199, acc: 1.0000
loss: 0.0109, acc: 1.0000
loss: 0.0192, acc: 1.0000
loss: 0.0110, acc: 1.0000
loss: 0.0192, acc: 1.0000
loss: 0.0110, acc: 1.0000
loss: 0.0192, acc: 1.0000
loss: 0.0110, acc: 1.0000
loss: 0.0193, acc: 1.0000
loss: 0.0111, acc: 1.0000
loss: 0.0194, acc: 1.0000
loss: 0.0196, acc: 1.0000
> val_acc: 0.6818, val_f1: 0.6038
> best_val_acc: 0.7038, best_val_f1: 0.6407
>>>>>>>>>>>>>>>>>>>>>>>>>>>>>>>>>>>>>>>>>>>>>>>>>>>>>>>>>>>>>>>>>>>>>>>>>>>>>>>>>>>>>>>>>>>>>>>>>>>>
epoch: 19
loss: 0.0107, acc: 1.0000
loss: 0.0204, acc: 0.9996
loss: 0.0092, acc: 1.0000
> val_acc: 0.6646, val_f1: 0.5881
> best_val_acc: 0.6944, best_val_f1: 0.6382
>>>>>>>>>>>>>>>>>>>>>>>>>>>>>>>>>>>>>>>>>>>>>>>>>>>>>>>>>>>>>>>>>>>>>>>>>>>>>>>>>>>>>>>>>>>>>>>>>>>>
epoch: 16
loss: 0.0110, acc: 1.0000
loss: 0.0087, acc: 1.0000
loss: 0.0150, acc: 1.0000
loss: 0.0083, acc: 1.0000
loss: 0.0085, acc: 1.0000
loss: 0.0157, acc: 1.0000
loss: 0.0083, acc: 1.0000
loss: 0.0172, acc: 1.0000
loss: 0.0086, acc: 1.0000
loss: 0.0166, acc: 1.0000
loss: 0.0085, acc: 1.0000
loss: 0.0163, acc: 1.0000
loss: 0.0090, acc: 1.0000
loss: 0.0158, acc: 1.0000
loss: 0.0090, acc: 1.0000
loss: 0.0166, acc: 0.9992
loss: 0.0164, acc: 0.9993
loss: 0.0090, acc: 1.0000
loss: 0.0090, acc: 1.0000
loss: 0.0167, acc: 0.9993
loss: 0.0089, acc: 1.0000
loss: 0.0166, acc: 0.9994
loss: 0.0169, acc: 0.9995
loss: 0.0089, acc: 1.0000
loss: 0.0091, acc: 1.0000
loss: 0.0167, acc: 0.9995
> val_acc: 0.6834, val_f1: 0.6071
> best_val_acc: 0.7038, best_val_f1: 0.6407
>>>>>>>>>>>>>>>>>>>>>>>>>>>>>>>>>>>>>>>>>>>>>>>>>>>>>>>>>>>>>>>>>>>>>>>>>>>>>>>>>>>>>>>>>>>>>>>>>>>>
epoch: 20
loss: 0.0170, acc: 0.9991
loss: 0.0097, acc: 1.0000
loss: 0.0172, acc: 0.9991
loss: 0.0087, acc: 1.0000
> val_acc: 0.6755, val_f1: 0.6073
> best_val_acc: 0.6944, best_val_f1: 0.6382
>>>>>>>>>>>>>>>>>>>>>>>>>>>>>>>>>>>>>>>>>>>>>>>>>>>>>>>>>>>>>>>>>>>>>>>>>>>>>>>>>>>>>>>>>>>>>>>>>>>>
epoch: 17
loss: 0.0128, acc: 1.0000
loss: 0.0085, acc: 1.0000
loss: 0.0143, acc: 1.0000
loss: 0.0087, acc: 1.0000
loss: 0.0139, acc: 1.0000
loss: 0.0086, acc: 1.0000
loss: 0.0140, acc: 1.0000
loss: 0.0086, acc: 1.0000
loss: 0.0132, acc: 1.0000
loss: 0.0086, acc: 1.0000
loss: 0.0132, acc: 1.0000
loss: 0.0083, acc: 1.0000
loss: 0.0128, acc: 1.0000
loss: 0.0080, acc: 1.0000
loss: 0.0130, acc: 1.0000
loss: 0.0081, acc: 1.0000
loss: 0.0130, acc: 1.0000
loss: 0.0080, acc: 1.0000
loss: 0.0137, acc: 0.9994
loss: 0.0081, acc: 1.0000
loss: 0.0139, acc: 0.9994
loss: 0.0081, acc: 1.0000
loss: 0.0138, acc: 0.9995
loss: 0.0080, acc: 1.0000
loss: 0.0138, acc: 0.9995
> val_acc: 0.6850, val_f1: 0.6109
> best_val_acc: 0.7038, best_val_f1: 0.6407
>>>>>>>>>>>>>>>>>>>>>>>>>>>>>>>>>>>>>>>>>>>>>>>>>>>>>>>>>>>>>>>>>>>>>>>>>>>>>>>>>>>>>>>>>>>>>>>>>>>>
epoch: 21
loss: 0.0066, acc: 1.0000
loss: 0.0139, acc: 0.9995
loss: 0.0068, acc: 1.0000
> val_acc: 0.6693, val_f1: 0.5981
> best_val_acc: 0.6944, best_val_f1: 0.6382
>>>>>>>>>>>>>>>>>>>>>>>>>>>>>>>>>>>>>>>>>>>>>>>>>>>>>>>>>>>>>>>>>>>>>>>>>>>>>>>>>>>>>>>>>>>>>>>>>>>>
epoch: 18
loss: 0.0065, acc: 1.0000
loss: 0.0114, acc: 1.0000
loss: 0.0111, acc: 1.0000
loss: 0.0063, acc: 1.0000
loss: 0.0125, acc: 1.0000
loss: 0.0064, acc: 1.0000
loss: 0.0065, acc: 1.0000
loss: 0.0126, acc: 1.0000
loss: 0.0120, acc: 1.0000
loss: 0.0067, acc: 1.0000
loss: 0.0068, acc: 1.0000
loss: 0.0122, acc: 1.0000
loss: 0.0066, acc: 1.0000
loss: 0.0126, acc: 1.0000
loss: 0.0121, acc: 1.0000
loss: 0.0066, acc: 1.0000
loss: 0.0121, acc: 1.0000
loss: 0.0067, acc: 1.0000
loss: 0.0119, acc: 1.0000
loss: 0.0066, acc: 1.0000
loss: 0.0117, acc: 1.0000
loss: 0.0067, acc: 1.0000
loss: 0.0119, acc: 1.0000
loss: 0.0067, acc: 1.0000
loss: 0.0066, acc: 1.0000
loss: 0.0118, acc: 1.0000
> val_acc: 0.6865, val_f1: 0.6167
> best_val_acc: 0.7038, best_val_f1: 0.6407
>>>>>>>>>>>>>>>>>>>>>>>>>>>>>>>>>>>>>>>>>>>>>>>>>>>>>>>>>>>>>>>>>>>>>>>>>>>>>>>>>>>>>>>>>>>>>>>>>>>>
epoch: 22
loss: 0.0120, acc: 1.0000
loss: 0.0068, acc: 1.0000
loss: 0.0122, acc: 1.0000
loss: 0.0059, acc: 1.0000
> val_acc: 0.6740, val_f1: 0.6054
> best_val_acc: 0.6944, best_val_f1: 0.6382
>>>>>>>>>>>>>>>>>>>>>>>>>>>>>>>>>>>>>>>>>>>>>>>>>>>>>>>>>>>>>>>>>>>>>>>>>>>>>>>>>>>>>>>>>>>>>>>>>>>>
epoch: 19
loss: 0.0055, acc: 1.0000
loss: 0.0093, acc: 1.0000
loss: 0.0058, acc: 1.0000
loss: 0.0090, acc: 1.0000
loss: 0.0057, acc: 1.0000
loss: 0.0090, acc: 1.0000
loss: 0.0056, acc: 1.0000
loss: 0.0090, acc: 1.0000
loss: 0.0091, acc: 1.0000
loss: 0.0056, acc: 1.0000
loss: 0.0091, acc: 1.0000
loss: 0.0056, acc: 1.0000
loss: 0.0095, acc: 1.0000
loss: 0.0056, acc: 1.0000
loss: 0.0055, acc: 1.0000
loss: 0.0096, acc: 1.0000
loss: 0.0099, acc: 1.0000
loss: 0.0058, acc: 1.0000
loss: 0.0059, acc: 1.0000
loss: 0.0101, acc: 1.0000
loss: 0.0060, acc: 1.0000
loss: 0.0102, acc: 1.0000
loss: 0.0061, acc: 1.0000
loss: 0.0103, acc: 1.0000
loss: 0.0101, acc: 1.0000
> val_acc: 0.6912, val_f1: 0.6240
> best_val_acc: 0.7038, best_val_f1: 0.6407
>>>>>>>>>>>>>>>>>>>>>>>>>>>>>>>>>>>>>>>>>>>>>>>>>>>>>>>>>>>>>>>>>>>>>>>>>>>>>>>>>>>>>>>>>>>>>>>>>>>>
epoch: 23
loss: 0.0034, acc: 1.0000
loss: 0.0099, acc: 1.0000
loss: 0.0049, acc: 1.0000
loss: 0.0103, acc: 1.0000
> val_acc: 0.6724, val_f1: 0.6045
> best_val_acc: 0.6944, best_val_f1: 0.6382
>>>>>>>>>>>>>>>>>>>>>>>>>>>>>>>>>>>>>>>>>>>>>>>>>>>>>>>>>>>>>>>>>>>>>>>>>>>>>>>>>>>>>>>>>>>>>>>>>>>>
epoch: 20
loss: 0.0047, acc: 1.0000
loss: 0.0085, acc: 1.0000
loss: 0.0047, acc: 1.0000
loss: 0.0104, acc: 1.0000
loss: 0.0050, acc: 1.0000
loss: 0.0098, acc: 1.0000
loss: 0.0053, acc: 1.0000
loss: 0.0094, acc: 1.0000
loss: 0.0052, acc: 1.0000
loss: 0.0094, acc: 1.0000
loss: 0.0050, acc: 1.0000
loss: 0.0052, acc: 1.0000
loss: 0.0093, acc: 1.0000
loss: 0.0053, acc: 1.0000
loss: 0.0094, acc: 1.0000
loss: 0.0053, acc: 1.0000
loss: 0.0090, acc: 1.0000
loss: 0.0053, acc: 1.0000
loss: 0.0089, acc: 1.0000
loss: 0.0055, acc: 1.0000
loss: 0.0092, acc: 1.0000
loss: 0.0054, acc: 1.0000
loss: 0.0092, acc: 1.0000
loss: 0.0055, acc: 1.0000
loss: 0.0093, acc: 1.0000
loss: 0.0096, acc: 1.0000
> val_acc: 0.6897, val_f1: 0.6161
> best_val_acc: 0.7038, best_val_f1: 0.6407
>>>>>>>>>>>>>>>>>>>>>>>>>>>>>>>>>>>>>>>>>>>>>>>>>>>>>>>>>>>>>>>>>>>>>>>>>>>>>>>>>>>>>>>>>>>>>>>>>>>>
epoch: 24
loss: 0.0041, acc: 1.0000
loss: 0.0095, acc: 1.0000
loss: 0.0041, acc: 1.0000
> val_acc: 0.6693, val_f1: 0.6045
> best_val_acc: 0.6944, best_val_f1: 0.6382
>>>>>>>>>>>>>>>>>>>>>>>>>>>>>>>>>>>>>>>>>>>>>>>>>>>>>>>>>>>>>>>>>>>>>>>>>>>>>>>>>>>>>>>>>>>>>>>>>>>>
epoch: 21
loss: 0.0065, acc: 1.0000
loss: 0.0047, acc: 1.0000
loss: 0.0071, acc: 1.0000
loss: 0.0050, acc: 1.0000
loss: 0.0071, acc: 1.0000
loss: 0.0052, acc: 1.0000
loss: 0.0051, acc: 1.0000
loss: 0.0067, acc: 1.0000
loss: 0.0051, acc: 1.0000
loss: 0.0072, acc: 1.0000
loss: 0.0051, acc: 1.0000
loss: 0.0076, acc: 1.0000
loss: 0.0049, acc: 1.0000
loss: 0.0081, acc: 1.0000
loss: 0.0077, acc: 1.0000
loss: 0.0049, acc: 1.0000
loss: 0.0049, acc: 1.0000
loss: 0.0075, acc: 1.0000
loss: 0.0075, acc: 1.0000
loss: 0.0049, acc: 1.0000
loss: 0.0078, acc: 1.0000
loss: 0.0049, acc: 1.0000
loss: 0.0078, acc: 1.0000
loss: 0.0050, acc: 1.0000
loss: 0.0051, acc: 1.0000
loss: 0.0078, acc: 1.0000
> val_acc: 0.6928, val_f1: 0.6194
> best_val_acc: 0.7038, best_val_f1: 0.6407
>>>>>>>>>>>>>>>>>>>>>>>>>>>>>>>>>>>>>>>>>>>>>>>>>>>>>>>>>>>>>>>>>>>>>>>>>>>>>>>>>>>>>>>>>>>>>>>>>>>>
epoch: 25
loss: 0.0079, acc: 1.0000
loss: 0.0036, acc: 1.0000
loss: 0.0078, acc: 1.0000
loss: 0.0032, acc: 1.0000
> val_acc: 0.6834, val_f1: 0.6159
> best_val_acc: 0.6944, best_val_f1: 0.6382
>>>>>>>>>>>>>>>>>>>>>>>>>>>>>>>>>>>>>>>>>>>>>>>>>>>>>>>>>>>>>>>>>>>>>>>>>>>>>>>>>>>>>>>>>>>>>>>>>>>>
epoch: 22
loss: 0.0033, acc: 1.0000
loss: 0.0092, acc: 1.0000
loss: 0.0074, acc: 1.0000
loss: 0.0032, acc: 1.0000
loss: 0.0067, acc: 1.0000
loss: 0.0036, acc: 1.0000
loss: 0.0068, acc: 1.0000
loss: 0.0038, acc: 1.0000
loss: 0.0067, acc: 1.0000
loss: 0.0038, acc: 1.0000
loss: 0.0066, acc: 1.0000
loss: 0.0039, acc: 1.0000
loss: 0.0067, acc: 1.0000
loss: 0.0040, acc: 1.0000
loss: 0.0065, acc: 1.0000
loss: 0.0040, acc: 1.0000
loss: 0.0066, acc: 1.0000
loss: 0.0042, acc: 1.0000
loss: 0.0067, acc: 1.0000
loss: 0.0043, acc: 1.0000
loss: 0.0068, acc: 1.0000
loss: 0.0043, acc: 1.0000
loss: 0.0072, acc: 1.0000
loss: 0.0044, acc: 1.0000
loss: 0.0074, acc: 1.0000
> val_acc: 0.6834, val_f1: 0.6127
> best_val_acc: 0.7038, best_val_f1: 0.6407
>>>>>>>>>>>>>>>>>>>>>>>>>>>>>>>>>>>>>>>>>>>>>>>>>>>>>>>>>>>>>>>>>>>>>>>>>>>>>>>>>>>>>>>>>>>>>>>>>>>>
epoch: 26
loss: 0.0037, acc: 1.0000
loss: 0.0076, acc: 1.0000
loss: 0.0038, acc: 1.0000
> val_acc: 0.6740, val_f1: 0.6080
> best_val_acc: 0.6944, best_val_f1: 0.6382
>>>>>>>>>>>>>>>>>>>>>>>>>>>>>>>>>>>>>>>>>>>>>>>>>>>>>>>>>>>>>>>>>>>>>>>>>>>>>>>>>>>>>>>>>>>>>>>>>>>>
epoch: 23
loss: 0.0053, acc: 1.0000
loss: 0.0037, acc: 1.0000
loss: 0.0061, acc: 1.0000
loss: 0.0036, acc: 1.0000
loss: 0.0056, acc: 1.0000
loss: 0.0036, acc: 1.0000
loss: 0.0061, acc: 1.0000
loss: 0.0038, acc: 1.0000
loss: 0.0041, acc: 1.0000
loss: 0.0062, acc: 1.0000
loss: 0.0041, acc: 1.0000
loss: 0.0063, acc: 1.0000
loss: 0.0041, acc: 1.0000
loss: 0.0062, acc: 1.0000
loss: 0.0042, acc: 1.0000
loss: 0.0059, acc: 1.0000
loss: 0.0061, acc: 1.0000
loss: 0.0043, acc: 1.0000
loss: 0.0043, acc: 1.0000
loss: 0.0063, acc: 1.0000
loss: 0.0044, acc: 1.0000
loss: 0.0062, acc: 1.0000
loss: 0.0062, acc: 1.0000
loss: 0.0044, acc: 1.0000
loss: 0.0043, acc: 1.0000
loss: 0.0063, acc: 1.0000
> val_acc: 0.6881, val_f1: 0.6060
> best_val_acc: 0.7038, best_val_f1: 0.6407
>>>>>>>>>>>>>>>>>>>>>>>>>>>>>>>>>>>>>>>>>>>>>>>>>>>>>>>>>>>>>>>>>>>>>>>>>>>>>>>>>>>>>>>>>>>>>>>>>>>>
epoch: 27
loss: 0.0065, acc: 1.0000
loss: 0.0046, acc: 1.0000
loss: 0.0066, acc: 1.0000
loss: 0.0052, acc: 1.0000
> val_acc: 0.6740, val_f1: 0.6021
> best_val_acc: 0.6944, best_val_f1: 0.6382
>>>>>>>>>>>>>>>>>>>>>>>>>>>>>>>>>>>>>>>>>>>>>>>>>>>>>>>>>>>>>>>>>>>>>>>>>>>>>>>>>>>>>>>>>>>>>>>>>>>>
epoch: 24
loss: 0.0049, acc: 1.0000
loss: 0.0045, acc: 1.0000
loss: 0.0052, acc: 1.0000
loss: 0.0044, acc: 1.0000
loss: 0.0058, acc: 1.0000
loss: 0.0046, acc: 1.0000
loss: 0.0060, acc: 1.0000
loss: 0.0046, acc: 1.0000
loss: 0.0048, acc: 1.0000
loss: 0.0061, acc: 1.0000
loss: 0.0059, acc: 1.0000
loss: 0.0049, acc: 1.0000
loss: 0.0058, acc: 1.0000
loss: 0.0049, acc: 1.0000
loss: 0.0057, acc: 1.0000
loss: 0.0048, acc: 1.0000
loss: 0.0056, acc: 1.0000
loss: 0.0049, acc: 1.0000
loss: 0.0048, acc: 1.0000
loss: 0.0055, acc: 1.0000
loss: 0.0047, acc: 1.0000
loss: 0.0055, acc: 1.0000
loss: 0.0046, acc: 1.0000
loss: 0.0055, acc: 1.0000
loss: 0.0055, acc: 1.0000
> val_acc: 0.6928, val_f1: 0.6194
> best_val_acc: 0.7038, best_val_f1: 0.6407
>>>>>>>>>>>>>>>>>>>>>>>>>>>>>>>>>>>>>>>>>>>>>>>>>>>>>>>>>>>>>>>>>>>>>>>>>>>>>>>>>>>>>>>>>>>>>>>>>>>>
epoch: 28
loss: 0.0024, acc: 1.0000
loss: 0.0056, acc: 1.0000
loss: 0.0046, acc: 1.0000
loss: 0.0056, acc: 1.0000
loss: 0.0043, acc: 1.0000
> val_acc: 0.6740, val_f1: 0.6004
> best_val_acc: 0.6944, best_val_f1: 0.6382
>>>>>>>>>>>>>>>>>>>>>>>>>>>>>>>>>>>>>>>>>>>>>>>>>>>>>>>>>>>>>>>>>>>>>>>>>>>>>>>>>>>>>>>>>>>>>>>>>>>>
epoch: 25
loss: 0.0043, acc: 1.0000
loss: 0.0046, acc: 1.0000
loss: 0.0042, acc: 1.0000
loss: 0.0045, acc: 1.0000
loss: 0.0042, acc: 1.0000
loss: 0.0045, acc: 1.0000
loss: 0.0043, acc: 1.0000
loss: 0.0041, acc: 1.0000
loss: 0.0041, acc: 1.0000
loss: 0.0042, acc: 1.0000
loss: 0.0041, acc: 1.0000
loss: 0.0043, acc: 1.0000
loss: 0.0040, acc: 1.0000
loss: 0.0044, acc: 1.0000
loss: 0.0039, acc: 1.0000
loss: 0.0044, acc: 1.0000
loss: 0.0038, acc: 1.0000
loss: 0.0044, acc: 1.0000
loss: 0.0044, acc: 1.0000
loss: 0.0038, acc: 1.0000
loss: 0.0038, acc: 1.0000
loss: 0.0046, acc: 1.0000
loss: 0.0038, acc: 1.0000
loss: 0.0045, acc: 1.0000
loss: 0.0047, acc: 1.0000
> val_acc: 0.6865, val_f1: 0.6142
> best_val_acc: 0.7038, best_val_f1: 0.6407
>>>>>>>>>>>>>>>>>>>>>>>>>>>>>>>>>>>>>>>>>>>>>>>>>>>>>>>>>>>>>>>>>>>>>>>>>>>>>>>>>>>>>>>>>>>>>>>>>>>>
epoch: 29
loss: 0.0032, acc: 1.0000
loss: 0.0047, acc: 1.0000
loss: 0.0040, acc: 1.0000
> val_acc: 0.6724, val_f1: 0.5989
> best_val_acc: 0.6944, best_val_f1: 0.6382
>>>>>>>>>>>>>>>>>>>>>>>>>>>>>>>>>>>>>>>>>>>>>>>>>>>>>>>>>>>>>>>>>>>>>>>>>>>>>>>>>>>>>>>>>>>>>>>>>>>>
epoch: 26
loss: 0.0059, acc: 1.0000
loss: 0.0035, acc: 1.0000
loss: 0.0050, acc: 1.0000
loss: 0.0032, acc: 1.0000
loss: 0.0056, acc: 1.0000
loss: 0.0033, acc: 1.0000
loss: 0.0049, acc: 1.0000
loss: 0.0032, acc: 1.0000
loss: 0.0048, acc: 1.0000
loss: 0.0032, acc: 1.0000
loss: 0.0050, acc: 1.0000
loss: 0.0033, acc: 1.0000
loss: 0.0051, acc: 1.0000
loss: 0.0033, acc: 1.0000
loss: 0.0050, acc: 1.0000
loss: 0.0033, acc: 1.0000
loss: 0.0050, acc: 1.0000
loss: 0.0034, acc: 1.0000
loss: 0.0051, acc: 1.0000
loss: 0.0034, acc: 1.0000
loss: 0.0051, acc: 1.0000
loss: 0.0035, acc: 1.0000
loss: 0.0051, acc: 1.0000
loss: 0.0035, acc: 1.0000
loss: 0.0053, acc: 1.0000
loss: 0.0034, acc: 1.0000
> val_acc: 0.6850, val_f1: 0.6040
> best_val_acc: 0.7038, best_val_f1: 0.6407
loss: 0.0052, acc: 1.0000
>> test_acc: 0.7038, test_f1: 0.6321
loss: 0.0051, acc: 1.0000
> val_acc: 0.6818, val_f1: 0.6027
> best_val_acc: 0.6944, best_val_f1: 0.6382
>>>>>>>>>>>>>>>>>>>>>>>>>>>>>>>>>>>>>>>>>>>>>>>>>>>>>>>>>>>>>>>>>>>>>>>>>>>>>>>>>>>>>>>>>>>>>>>>>>>>
epoch: 27
loss: 0.0038, acc: 1.0000
loss: 0.0048, acc: 1.0000
loss: 0.0044, acc: 1.0000
loss: 0.0044, acc: 1.0000
loss: 0.0052, acc: 1.0000
loss: 0.0053, acc: 1.0000
loss: 0.0060, acc: 1.0000
loss: 0.0061, acc: 1.0000
loss: 0.0061, acc: 1.0000
loss: 0.0059, acc: 1.0000
loss: 0.0059, acc: 1.0000
loss: 0.0058, acc: 1.0000
loss: 0.0057, acc: 1.0000
loss: 0.0057, acc: 1.0000
> val_acc: 0.6787, val_f1: 0.6040
> best_val_acc: 0.6944, best_val_f1: 0.6382
>>>>>>>>>>>>>>>>>>>>>>>>>>>>>>>>>>>>>>>>>>>>>>>>>>>>>>>>>>>>>>>>>>>>>>>>>>>>>>>>>>>>>>>>>>>>>>>>>>>>
epoch: 28
loss: 0.0035, acc: 1.0000
loss: 0.0065, acc: 1.0000
loss: 0.0062, acc: 1.0000
loss: 0.0070, acc: 1.0000
loss: 0.0069, acc: 1.0000
loss: 0.0064, acc: 1.0000
loss: 0.0062, acc: 1.0000
loss: 0.0060, acc: 1.0000
loss: 0.0059, acc: 1.0000
loss: 0.0057, acc: 1.0000
loss: 0.0056, acc: 1.0000
loss: 0.0054, acc: 1.0000
loss: 0.0053, acc: 1.0000
loss: 0.0053, acc: 1.0000
loss: 0.0053, acc: 1.0000
> val_acc: 0.6787, val_f1: 0.6135
> best_val_acc: 0.6944, best_val_f1: 0.6382
>>>>>>>>>>>>>>>>>>>>>>>>>>>>>>>>>>>>>>>>>>>>>>>>>>>>>>>>>>>>>>>>>>>>>>>>>>>>>>>>>>>>>>>>>>>>>>>>>>>>
epoch: 29
loss: 0.0063, acc: 1.0000
loss: 0.0066, acc: 1.0000
loss: 0.0054, acc: 1.0000
loss: 0.0052, acc: 1.0000
loss: 0.0049, acc: 1.0000
loss: 0.0048, acc: 1.0000
loss: 0.0046, acc: 1.0000
loss: 0.0046, acc: 1.0000
loss: 0.0046, acc: 1.0000
loss: 0.0044, acc: 1.0000
loss: 0.0044, acc: 1.0000
loss: 0.0043, acc: 1.0000
loss: 0.0043, acc: 1.0000
loss: 0.0043, acc: 1.0000
loss: 0.0042, acc: 1.0000
> val_acc: 0.6630, val_f1: 0.5774
> best_val_acc: 0.6944, best_val_f1: 0.6382
>> test_acc: 0.6944, test_f1: 0.6369
