cuda memory allocated: 7165952
n_trainable_params: 1439803, n_nontrainable_params: 347432
> training arguments:
>>> model_name: igcn_embed
>>> model_ver: 1
>>> dataset: laptop
>>> optimizer: <class 'torch.optim.adamax.Adamax'>
>>> initializer: <function xavier_uniform_ at 0x000001EBD41F3D90>
>>> learning_rate: 0.02
>>> momentum: 0.95
>>> dropout: 0.5
>>> l2reg: 5e-05
>>> num_epoch: 30
>>> batch_size: 32
>>> log_step: 5
>>> embed_dim: 136
>>> hidden_dim: 300
>>> bert_dim: 768
>>> pretrained_bert_name: bert-base-uncased
>>> embeddings: d
>>> max_seq_len: 180
>>> polarities_dim: 3
>>> hops: 3
>>> device: cuda
>>> seed: 0
>>> valset_ratio: 0
>>> num_layers: 1
>>> in_channels: 100
>>> out_channels: 1
>>> downbot: 20
>>> kernel_size: 3
>>> position_dim: 100
>>> gating: GTU
>>> stanford_pos_model: C:/NLP_Programs/stanford-postagger-2018-10-16/models/english-bidirectional-distsim.tagger
>>> stanford_pos_jar: C:/NLP_Programs/stanford-postagger-2018-10-16/stanford-postagger.jar
>>> glove_path: ./embeddings/glove.840B.300d.txt
>>> embedding_matrix_path: gen_data/embeddings/100_laptop_domain_embedding_matrix.dat
>>> model_class: <class 'models.igcn.IGCN'>
>>> dataset_file: {'train': './datasets/semeval14/Laptops_Train.xml.seg', 'test': './datasets/semeval14/Laptops_Test_Gold.xml.seg'}
>>> inputs_cols: ['text_raw_indices', 'aspect_indices', 'pos_indices', 'aspect_pos_indices', 'position_indices']
>>>>>>>>>>>>>>>>>>>>>>>>>>>>>>>>>>>>>>>>>>>>>>>>>>>>>>>>>>>>>>>>>>>>>>>>>>>>>>>>>>>>>>>>>>>>>>>>>>>>
epoch: 0
loss: 3.3527, acc: 0.3187
loss: 2.3514, acc: 0.2969
loss: 1.9366, acc: 0.3333
loss: 1.7523, acc: 0.3469
loss: 1.6113, acc: 0.3688
loss: 1.5253, acc: 0.3802
loss: 1.4550, acc: 0.3929
loss: 1.3985, acc: 0.4109
loss: 1.3469, acc: 0.4306
loss: 1.3118, acc: 0.4394
loss: 1.2689, acc: 0.4642
loss: 1.2406, acc: 0.4698
loss: 1.2108, acc: 0.4822
loss: 1.1839, acc: 0.4964
> val_acc: 0.6019, val_f1: 0.4398
> best_val_acc: 0.0000, best_val_f1: 0.0000
>> saved: state_dict/igcn_embed_laptop_val_acc0.6019
>>>>>>>>>>>>>>>>>>>>>>>>>>>>>>>>>>>>>>>>>>>>>>>>>>>>>>>>>>>>>>>>>>>>>>>>>>>>>>>>>>>>>>>>>>>>>>>>>>>>
epoch: 1
loss: 0.7985, acc: 0.6094
loss: 0.7436, acc: 0.6786
loss: 0.7593, acc: 0.6615
loss: 0.7656, acc: 0.6544
loss: 0.7885, acc: 0.6520
loss: 0.7811, acc: 0.6562
loss: 0.7945, acc: 0.6523
loss: 0.7797, acc: 0.6596
loss: 0.7649, acc: 0.6652
loss: 0.7688, acc: 0.6629
loss: 0.7671, acc: 0.6641
loss: 0.7725, acc: 0.6617
loss: 0.7691, acc: 0.6658
loss: 0.7696, acc: 0.6660
loss: 0.7726, acc: 0.6619
> val_acc: 0.6771, val_f1: 0.5692
> best_val_acc: 0.6019, best_val_f1: 0.4398
>> saved: state_dict/igcn_embed_laptop_val_acc0.6771
>>>>>>>>>>>>>>>>>>>>>>>>>>>>>>>>>>>>>>>>>>>>>>>>>>>>>>>>>>>>>>>>>>>>>>>>>>>>>>>>>>>>>>>>>>>>>>>>>>>>
epoch: 2
loss: 0.7303, acc: 0.7266
loss: 0.7105, acc: 0.6979
loss: 0.6957, acc: 0.7098
loss: 0.7006, acc: 0.7089
loss: 0.6995, acc: 0.7122
loss: 0.6893, acc: 0.7112
loss: 0.6843, acc: 0.7169
loss: 0.6797, acc: 0.7196
loss: 0.6771, acc: 0.7166
loss: 0.6818, acc: 0.7149
loss: 0.6740, acc: 0.7176
loss: 0.6677, acc: 0.7193
loss: 0.6604, acc: 0.7222
loss: 0.6592, acc: 0.7215
> val_acc: 0.6991, val_f1: 0.6258
> best_val_acc: 0.6771, best_val_f1: 0.5692
>> saved: state_dict/igcn_embed_laptop_val_acc0.6991
>>>>>>>>>>>>>>>>>>>>>>>>>>>>>>>>>>>>>>>>>>>>>>>>>>>>>>>>>>>>>>>>>>>>>>>>>>>>>>>>>>>>>>>>>>>>>>>>>>>>
epoch: 3
loss: 0.5706, acc: 0.7812
loss: 0.5927, acc: 0.7760
loss: 0.6103, acc: 0.7642
loss: 0.6104, acc: 0.7578
loss: 0.6300, acc: 0.7426
loss: 0.6209, acc: 0.7476
loss: 0.6112, acc: 0.7530
loss: 0.6118, acc: 0.7491
loss: 0.6064, acc: 0.7523
loss: 0.6019, acc: 0.7541
loss: 0.5914, acc: 0.7555
loss: 0.5934, acc: 0.7517
loss: 0.5997, acc: 0.7520
loss: 0.5967, acc: 0.7547
loss: 0.5932, acc: 0.7575
> val_acc: 0.6771, val_f1: 0.5819
> best_val_acc: 0.6991, best_val_f1: 0.6258
>>>>>>>>>>>>>>>>>>>>>>>>>>>>>>>>>>>>>>>>>>>>>>>>>>>>>>>>>>>>>>>>>>>>>>>>>>>>>>>>>>>>>>>>>>>>>>>>>>>>
epoch: 4
loss: 0.5303, acc: 0.8021
loss: 0.4730, acc: 0.8281
loss: 0.5131, acc: 0.8053
loss: 0.5382, acc: 0.7795
loss: 0.5442, acc: 0.7745
loss: 0.5386, acc: 0.7779
loss: 0.5261, acc: 0.7860
loss: 0.5187, acc: 0.7870
loss: 0.5233, acc: 0.7885
loss: 0.5241, acc: 0.7884
loss: 0.5191, acc: 0.7919
loss: 0.5214, acc: 0.7909
loss: 0.5310, acc: 0.7877
loss: 0.5288, acc: 0.7877
loss: 0.5330, acc: 0.7882
> val_acc: 0.6897, val_f1: 0.5985
> best_val_acc: 0.6991, best_val_f1: 0.6258
>>>>>>>>>>>>>>>>>>>>>>>>>>>>>>>>>>>>>>>>>>>>>>>>>>>>>>>>>>>>>>>>>>>>>>>>>>>>>>>>>>>>>>>>>>>>>>>>>>>>
epoch: 5
loss: 0.4793, acc: 0.8125
loss: 0.4877, acc: 0.8031
loss: 0.4912, acc: 0.8146
loss: 0.4701, acc: 0.8234
loss: 0.4643, acc: 0.8175
loss: 0.4750, acc: 0.8094
loss: 0.4684, acc: 0.8143
loss: 0.4615, acc: 0.8172
loss: 0.4711, acc: 0.8153
loss: 0.4812, acc: 0.8137
loss: 0.4862, acc: 0.8102
loss: 0.4834, acc: 0.8104
loss: 0.4885, acc: 0.8072
loss: 0.4926, acc: 0.8049
> val_acc: 0.7085, val_f1: 0.6531
> best_val_acc: 0.6991, best_val_f1: 0.6258
>> saved: state_dict/igcn_embed_laptop_val_acc0.7085
>>>>>>>>>>>>>>>>>>>>>>>>>>>>>>>>>>>>>>>>>>>>>>>>>>>>>>>>>>>>>>>>>>>>>>>>>>>>>>>>>>>>>>>>>>>>>>>>>>>>
epoch: 6
loss: 0.3246, acc: 0.8906
loss: 0.3738, acc: 0.8527
loss: 0.4039, acc: 0.8307
loss: 0.3915, acc: 0.8511
loss: 0.4033, acc: 0.8423
loss: 0.4054, acc: 0.8414
loss: 0.4021, acc: 0.8408
loss: 0.3967, acc: 0.8412
loss: 0.3992, acc: 0.8415
loss: 0.4069, acc: 0.8331
loss: 0.4029, acc: 0.8365
loss: 0.3989, acc: 0.8377
loss: 0.4089, acc: 0.8342
loss: 0.4091, acc: 0.8344
loss: 0.4152, acc: 0.8294
> val_acc: 0.6677, val_f1: 0.5643
> best_val_acc: 0.7085, best_val_f1: 0.6531
>>>>>>>>>>>>>>>>>>>>>>>>>>>>>>>>>>>>>>>>>>>>>>>>>>>>>>>>>>>>>>>>>>>>>>>>>>>>>>>>>>>>>>>>>>>>>>>>>>>>
epoch: 7
loss: 0.3870, acc: 0.8672
loss: 0.3807, acc: 0.8611
loss: 0.3508, acc: 0.8772
loss: 0.3473, acc: 0.8750
loss: 0.3561, acc: 0.8646
loss: 0.3600, acc: 0.8621
loss: 0.3548, acc: 0.8631
loss: 0.3608, acc: 0.8606
loss: 0.3813, acc: 0.8494
loss: 0.3970, acc: 0.8431
loss: 0.3998, acc: 0.8391
loss: 0.4012, acc: 0.8374
loss: 0.3913, acc: 0.8418
loss: 0.3949, acc: 0.8419
> val_acc: 0.6975, val_f1: 0.6253
> best_val_acc: 0.7085, best_val_f1: 0.6531
>>>>>>>>>>>>>>>>>>>>>>>>>>>>>>>>>>>>>>>>>>>>>>>>>>>>>>>>>>>>>>>>>>>>>>>>>>>>>>>>>>>>>>>>>>>>>>>>>>>>
epoch: 8
loss: 0.2390, acc: 0.9688
loss: 0.2857, acc: 0.9219
loss: 0.3086, acc: 0.8920
loss: 0.3189, acc: 0.8887
loss: 0.3179, acc: 0.8869
loss: 0.3136, acc: 0.8834
loss: 0.3095, acc: 0.8841
loss: 0.3106, acc: 0.8845
loss: 0.3177, acc: 0.8811
loss: 0.3251, acc: 0.8764
loss: 0.3280, acc: 0.8744
loss: 0.3309, acc: 0.8728
loss: 0.3220, acc: 0.8760
loss: 0.3205, acc: 0.8774
loss: 0.3239, acc: 0.8746
> val_acc: 0.6912, val_f1: 0.6191
> best_val_acc: 0.7085, best_val_f1: 0.6531
>>>>>>>>>>>>>>>>>>>>>>>>>>>>>>>>>>>>>>>>>>>>>>>>>>>>>>>>>>>>>>>>>>>>>>>>>>>>>>>>>>>>>>>>>>>>>>>>>>>>
epoch: 9
loss: 0.1893, acc: 0.9271
loss: 0.2566, acc: 0.8984
loss: 0.2839, acc: 0.8990
loss: 0.2974, acc: 0.8993
loss: 0.2945, acc: 0.8981
loss: 0.3069, acc: 0.8917
loss: 0.3228, acc: 0.8854
loss: 0.3197, acc: 0.8857
loss: 0.3160, acc: 0.8866
loss: 0.3141, acc: 0.8854
loss: 0.3105, acc: 0.8844
loss: 0.3166, acc: 0.8809
loss: 0.3162, acc: 0.8819
loss: 0.3184, acc: 0.8787
loss: 0.3201, acc: 0.8784
> val_acc: 0.6975, val_f1: 0.6251
> best_val_acc: 0.7085, best_val_f1: 0.6531
>>>>>>>>>>>>>>>>>>>>>>>>>>>>>>>>>>>>>>>>>>>>>>>>>>>>>>>>>>>>>>>>>>>>>>>>>>>>>>>>>>>>>>>>>>>>>>>>>>>>
epoch: 10
loss: 0.2258, acc: 0.9250
loss: 0.2130, acc: 0.9250
loss: 0.2048, acc: 0.9333
loss: 0.2241, acc: 0.9203
loss: 0.2255, acc: 0.9163
loss: 0.2399, acc: 0.9104
loss: 0.2380, acc: 0.9134
loss: 0.2421, acc: 0.9086
loss: 0.2526, acc: 0.9062
loss: 0.2501, acc: 0.9044
loss: 0.2510, acc: 0.9028
loss: 0.2625, acc: 0.8979
loss: 0.2650, acc: 0.8966
loss: 0.2689, acc: 0.8955
> val_acc: 0.6567, val_f1: 0.5680
> best_val_acc: 0.7085, best_val_f1: 0.6531
>>>>>>>>>>>>>>>>>>>>>>>>>>>>>>>>>>>>>>>>>>>>>>>>>>>>>>>>>>>>>>>>>>>>>>>>>>>>>>>>>>>>>>>>>>>>>>>>>>>>
epoch: 11
loss: 0.1623, acc: 0.9375
loss: 0.1964, acc: 0.9464
loss: 0.2101, acc: 0.9427
loss: 0.1899, acc: 0.9449
loss: 0.1865, acc: 0.9418
loss: 0.1941, acc: 0.9363
loss: 0.2132, acc: 0.9287
loss: 0.2076, acc: 0.9307
loss: 0.2074, acc: 0.9271
loss: 0.2119, acc: 0.9255
loss: 0.2133, acc: 0.9243
loss: 0.2184, acc: 0.9238
loss: 0.2209, acc: 0.9239
loss: 0.2237, acc: 0.9202
loss: 0.2221, acc: 0.9188
> val_acc: 0.6834, val_f1: 0.6026
> best_val_acc: 0.7085, best_val_f1: 0.6531
>>>>>>>>>>>>>>>>>>>>>>>>>>>>>>>>>>>>>>>>>>>>>>>>>>>>>>>>>>>>>>>>>>>>>>>>>>>>>>>>>>>>>>>>>>>>>>>>>>>>
epoch: 12
loss: 0.2342, acc: 0.9141
loss: 0.2302, acc: 0.9132
loss: 0.2221, acc: 0.9152
loss: 0.2314, acc: 0.9079
loss: 0.2259, acc: 0.9115
loss: 0.2121, acc: 0.9170
loss: 0.2027, acc: 0.9219
loss: 0.2104, acc: 0.9207
loss: 0.2176, acc: 0.9155
loss: 0.2146, acc: 0.9145
loss: 0.2069, acc: 0.9184
loss: 0.2112, acc: 0.9142
loss: 0.2110, acc: 0.9146
loss: 0.2094, acc: 0.9158
> val_acc: 0.7022, val_f1: 0.6150
> best_val_acc: 0.7085, best_val_f1: 0.6531
>>>>>>>>>>>>>>>>>>>>>>>>>>>>>>>>>>>>>>>>>>>>>>>>>>>>>>>>>>>>>>>>>>>>>>>>>>>>>>>>>>>>>>>>>>>>>>>>>>>>
epoch: 13
loss: 0.1173, acc: 0.9375
loss: 0.1858, acc: 0.9219
loss: 0.1690, acc: 0.9375
loss: 0.2069, acc: 0.9316
loss: 0.1940, acc: 0.9345
loss: 0.1897, acc: 0.9351
loss: 0.1868, acc: 0.9345
loss: 0.1824, acc: 0.9375
loss: 0.1802, acc: 0.9390
loss: 0.1754, acc: 0.9423
loss: 0.1709, acc: 0.9430
loss: 0.1697, acc: 0.9431
loss: 0.1769, acc: 0.9401
loss: 0.1803, acc: 0.9366
loss: 0.1770, acc: 0.9371
> val_acc: 0.6693, val_f1: 0.5696
> best_val_acc: 0.7085, best_val_f1: 0.6531
>>>>>>>>>>>>>>>>>>>>>>>>>>>>>>>>>>>>>>>>>>>>>>>>>>>>>>>>>>>>>>>>>>>>>>>>>>>>>>>>>>>>>>>>>>>>>>>>>>>>
epoch: 14
loss: 0.1675, acc: 0.9271
loss: 0.1468, acc: 0.9492
loss: 0.1721, acc: 0.9447
loss: 0.1750, acc: 0.9444
loss: 0.1641, acc: 0.9497
loss: 0.1585, acc: 0.9509
loss: 0.1657, acc: 0.9460
loss: 0.1619, acc: 0.9457
loss: 0.1539, acc: 0.9484
loss: 0.1578, acc: 0.9447
loss: 0.1604, acc: 0.9428
loss: 0.1635, acc: 0.9423
loss: 0.1619, acc: 0.9430
loss: 0.1659, acc: 0.9412
loss: 0.1653, acc: 0.9412
> val_acc: 0.6646, val_f1: 0.5538
> best_val_acc: 0.7085, best_val_f1: 0.6531
>>>>>>>>>>>>>>>>>>>>>>>>>>>>>>>>>>>>>>>>>>>>>>>>>>>>>>>>>>>>>>>>>>>>>>>>>>>>>>>>>>>>>>>>>>>>>>>>>>>>
epoch: 15
loss: 0.0944, acc: 0.9563
loss: 0.1442, acc: 0.9375
loss: 0.1390, acc: 0.9396
loss: 0.1380, acc: 0.9437
loss: 0.1357, acc: 0.9437
loss: 0.1317, acc: 0.9490
loss: 0.1402, acc: 0.9455
loss: 0.1433, acc: 0.9430
loss: 0.1417, acc: 0.9465
loss: 0.1433, acc: 0.9431
loss: 0.1452, acc: 0.9420
loss: 0.1473, acc: 0.9401
loss: 0.1472, acc: 0.9399
loss: 0.1507, acc: 0.9406
> val_acc: 0.6881, val_f1: 0.6336
> best_val_acc: 0.7085, best_val_f1: 0.6531
>>>>>>>>>>>>>>>>>>>>>>>>>>>>>>>>>>>>>>>>>>>>>>>>>>>>>>>>>>>>>>>>>>>>>>>>>>>>>>>>>>>>>>>>>>>>>>>>>>>>
epoch: 16
loss: 0.1506, acc: 0.9844
loss: 0.1209, acc: 0.9732
loss: 0.1237, acc: 0.9688
loss: 0.1223, acc: 0.9651
loss: 0.1045, acc: 0.9730
loss: 0.1117, acc: 0.9699
loss: 0.1080, acc: 0.9707
loss: 0.1059, acc: 0.9704
loss: 0.1120, acc: 0.9650
loss: 0.1124, acc: 0.9628
loss: 0.1152, acc: 0.9615
loss: 0.1223, acc: 0.9572
loss: 0.1187, acc: 0.9577
loss: 0.1235, acc: 0.9566
loss: 0.1250, acc: 0.9570
> val_acc: 0.7053, val_f1: 0.6405
> best_val_acc: 0.7085, best_val_f1: 0.6531
>>>>>>>>>>>>>>>>>>>>>>>>>>>>>>>>>>>>>>>>>>>>>>>>>>>>>>>>>>>>>>>>>>>>>>>>>>>>>>>>>>>>>>>>>>>>>>>>>>>>
epoch: 17
loss: 0.0908, acc: 0.9688
loss: 0.1096, acc: 0.9583
loss: 0.1053, acc: 0.9621
loss: 0.1193, acc: 0.9589
loss: 0.1394, acc: 0.9518
loss: 0.1410, acc: 0.9504
loss: 0.1480, acc: 0.9449
loss: 0.1410, acc: 0.9471
loss: 0.1397, acc: 0.9467
loss: 0.1369, acc: 0.9490
loss: 0.1407, acc: 0.9479
loss: 0.1385, acc: 0.9481
loss: 0.1391, acc: 0.9478
loss: 0.1432, acc: 0.9452
> val_acc: 0.6646, val_f1: 0.5871
> best_val_acc: 0.7085, best_val_f1: 0.6531
>>>>>>>>>>>>>>>>>>>>>>>>>>>>>>>>>>>>>>>>>>>>>>>>>>>>>>>>>>>>>>>>>>>>>>>>>>>>>>>>>>>>>>>>>>>>>>>>>>>>
epoch: 18
loss: 0.0487, acc: 0.9688
loss: 0.1036, acc: 0.9583
loss: 0.1087, acc: 0.9574
loss: 0.1068, acc: 0.9551
loss: 0.1041, acc: 0.9583
loss: 0.1061, acc: 0.9579
loss: 0.1167, acc: 0.9536
loss: 0.1160, acc: 0.9540
loss: 0.1163, acc: 0.9527
loss: 0.1276, acc: 0.9477
loss: 0.1263, acc: 0.9491
loss: 0.1222, acc: 0.9509
loss: 0.1206, acc: 0.9518
loss: 0.1187, acc: 0.9531
loss: 0.1191, acc: 0.9529
> val_acc: 0.7100, val_f1: 0.6474
> best_val_acc: 0.7085, best_val_f1: 0.6531
>> saved: state_dict/igcn_embed_laptop_val_acc0.71
>>>>>>>>>>>>>>>>>>>>>>>>>>>>>>>>>>>>>>>>>>>>>>>>>>>>>>>>>>>>>>>>>>>>>>>>>>>>>>>>>>>>>>>>>>>>>>>>>>>>
epoch: 19
loss: 0.0909, acc: 0.9688
loss: 0.1029, acc: 0.9648
loss: 0.1220, acc: 0.9543
loss: 0.1207, acc: 0.9583
loss: 0.1194, acc: 0.9579
loss: 0.1229, acc: 0.9598
loss: 0.1146, acc: 0.9621
loss: 0.1081, acc: 0.9630
loss: 0.1130, acc: 0.9600
loss: 0.1120, acc: 0.9596
loss: 0.1177, acc: 0.9599
loss: 0.1174, acc: 0.9591
loss: 0.1226, acc: 0.9554
loss: 0.1188, acc: 0.9568
loss: 0.1171, acc: 0.9575
> val_acc: 0.6975, val_f1: 0.6327
> best_val_acc: 0.7100, best_val_f1: 0.6531
>>>>>>>>>>>>>>>>>>>>>>>>>>>>>>>>>>>>>>>>>>>>>>>>>>>>>>>>>>>>>>>>>>>>>>>>>>>>>>>>>>>>>>>>>>>>>>>>>>>>
epoch: 20
loss: 0.1009, acc: 0.9688
loss: 0.0889, acc: 0.9719
loss: 0.0747, acc: 0.9771
loss: 0.0738, acc: 0.9750
loss: 0.0760, acc: 0.9738
loss: 0.0837, acc: 0.9698
loss: 0.0912, acc: 0.9688
loss: 0.0890, acc: 0.9703
loss: 0.0962, acc: 0.9674
loss: 0.1052, acc: 0.9650
loss: 0.1061, acc: 0.9631
loss: 0.1054, acc: 0.9630
loss: 0.1061, acc: 0.9639
loss: 0.1135, acc: 0.9616
> val_acc: 0.6740, val_f1: 0.6037
> best_val_acc: 0.7100, best_val_f1: 0.6531
>>>>>>>>>>>>>>>>>>>>>>>>>>>>>>>>>>>>>>>>>>>>>>>>>>>>>>>>>>>>>>>>>>>>>>>>>>>>>>>>>>>>>>>>>>>>>>>>>>>>
epoch: 21
loss: 0.1684, acc: 0.9219
loss: 0.1271, acc: 0.9509
loss: 0.0967, acc: 0.9635
loss: 0.1033, acc: 0.9596
loss: 0.0893, acc: 0.9659
loss: 0.0834, acc: 0.9688
loss: 0.0796, acc: 0.9707
loss: 0.0850, acc: 0.9671
loss: 0.0911, acc: 0.9643
loss: 0.0971, acc: 0.9634
loss: 0.0955, acc: 0.9639
loss: 0.0949, acc: 0.9644
loss: 0.0930, acc: 0.9652
loss: 0.0911, acc: 0.9664
loss: 0.0936, acc: 0.9670
> val_acc: 0.6740, val_f1: 0.5785
> best_val_acc: 0.7100, best_val_f1: 0.6531
>>>>>>>>>>>>>>>>>>>>>>>>>>>>>>>>>>>>>>>>>>>>>>>>>>>>>>>>>>>>>>>>>>>>>>>>>>>>>>>>>>>>>>>>>>>>>>>>>>>>
epoch: 22
loss: 0.0592, acc: 0.9766
loss: 0.0626, acc: 0.9688
loss: 0.0702, acc: 0.9732
loss: 0.0709, acc: 0.9704
loss: 0.0697, acc: 0.9674
loss: 0.0688, acc: 0.9698
loss: 0.0668, acc: 0.9706
loss: 0.0725, acc: 0.9679
loss: 0.0707, acc: 0.9702
loss: 0.0667, acc: 0.9719
loss: 0.0661, acc: 0.9734
loss: 0.0673, acc: 0.9735
loss: 0.0672, acc: 0.9736
loss: 0.0752, acc: 0.9728
> val_acc: 0.6991, val_f1: 0.6298
> best_val_acc: 0.7100, best_val_f1: 0.6531
>>>>>>>>>>>>>>>>>>>>>>>>>>>>>>>>>>>>>>>>>>>>>>>>>>>>>>>>>>>>>>>>>>>>>>>>>>>>>>>>>>>>>>>>>>>>>>>>>>>>
epoch: 23
loss: 0.0294, acc: 1.0000
loss: 0.0757, acc: 0.9792
loss: 0.0713, acc: 0.9801
loss: 0.0641, acc: 0.9805
loss: 0.0661, acc: 0.9792
loss: 0.0672, acc: 0.9784
loss: 0.0619, acc: 0.9808
loss: 0.0617, acc: 0.9809
loss: 0.0614, acc: 0.9809
loss: 0.0698, acc: 0.9789
loss: 0.0701, acc: 0.9773
loss: 0.0706, acc: 0.9760
loss: 0.0705, acc: 0.9759
loss: 0.0706, acc: 0.9754
loss: 0.0727, acc: 0.9736
> val_acc: 0.6850, val_f1: 0.6106
> best_val_acc: 0.7100, best_val_f1: 0.6531
>>>>>>>>>>>>>>>>>>>>>>>>>>>>>>>>>>>>>>>>>>>>>>>>>>>>>>>>>>>>>>>>>>>>>>>>>>>>>>>>>>>>>>>>>>>>>>>>>>>>
epoch: 24
loss: 0.0415, acc: 0.9896
loss: 0.0594, acc: 0.9805
loss: 0.0623, acc: 0.9784
loss: 0.0646, acc: 0.9722
loss: 0.0800, acc: 0.9688
loss: 0.0772, acc: 0.9688
loss: 0.0777, acc: 0.9678
loss: 0.0823, acc: 0.9655
loss: 0.0805, acc: 0.9673
loss: 0.0796, acc: 0.9674
loss: 0.0788, acc: 0.9676
loss: 0.0813, acc: 0.9671
loss: 0.0784, acc: 0.9683
loss: 0.0790, acc: 0.9683
loss: 0.0796, acc: 0.9691
> val_acc: 0.6599, val_f1: 0.5657
> best_val_acc: 0.7100, best_val_f1: 0.6531
>>>>>>>>>>>>>>>>>>>>>>>>>>>>>>>>>>>>>>>>>>>>>>>>>>>>>>>>>>>>>>>>>>>>>>>>>>>>>>>>>>>>>>>>>>>>>>>>>>>>
epoch: 25
loss: 0.0485, acc: 0.9812
loss: 0.0660, acc: 0.9781
loss: 0.0670, acc: 0.9792
loss: 0.0606, acc: 0.9812
loss: 0.0568, acc: 0.9812
loss: 0.0599, acc: 0.9802
loss: 0.0586, acc: 0.9812
loss: 0.0604, acc: 0.9805
loss: 0.0599, acc: 0.9799
loss: 0.0583, acc: 0.9800
loss: 0.0629, acc: 0.9784
loss: 0.0610, acc: 0.9792
loss: 0.0690, acc: 0.9774
loss: 0.0724, acc: 0.9759
> val_acc: 0.6803, val_f1: 0.6087
> best_val_acc: 0.7100, best_val_f1: 0.6531
>>>>>>>>>>>>>>>>>>>>>>>>>>>>>>>>>>>>>>>>>>>>>>>>>>>>>>>>>>>>>>>>>>>>>>>>>>>>>>>>>>>>>>>>>>>>>>>>>>>>
epoch: 26
loss: 0.1035, acc: 0.9375
loss: 0.0605, acc: 0.9688
loss: 0.0564, acc: 0.9714
loss: 0.0582, acc: 0.9743
loss: 0.0553, acc: 0.9759
loss: 0.0604, acc: 0.9757
loss: 0.0673, acc: 0.9736
loss: 0.0726, acc: 0.9713
loss: 0.0668, acc: 0.9740
loss: 0.0668, acc: 0.9727
loss: 0.0681, acc: 0.9730
loss: 0.0697, acc: 0.9720
loss: 0.0726, acc: 0.9698
loss: 0.0737, acc: 0.9701
loss: 0.0752, acc: 0.9701
> val_acc: 0.6787, val_f1: 0.5943
> best_val_acc: 0.7100, best_val_f1: 0.6531
>>>>>>>>>>>>>>>>>>>>>>>>>>>>>>>>>>>>>>>>>>>>>>>>>>>>>>>>>>>>>>>>>>>>>>>>>>>>>>>>>>>>>>>>>>>>>>>>>>>>
epoch: 27
loss: 0.0341, acc: 0.9922
loss: 0.0704, acc: 0.9826
loss: 0.0592, acc: 0.9844
loss: 0.0526, acc: 0.9836
loss: 0.0633, acc: 0.9805
loss: 0.0585, acc: 0.9828
loss: 0.0630, acc: 0.9816
loss: 0.0675, acc: 0.9792
loss: 0.0675, acc: 0.9794
loss: 0.0642, acc: 0.9796
loss: 0.0702, acc: 0.9769
loss: 0.0738, acc: 0.9746
loss: 0.0724, acc: 0.9746
loss: 0.0700, acc: 0.9755
> val_acc: 0.6787, val_f1: 0.5944
> best_val_acc: 0.7100, best_val_f1: 0.6531
>>>>>>>>>>>>>>>>>>>>>>>>>>>>>>>>>>>>>>>>>>>>>>>>>>>>>>>>>>>>>>>>>>>>>>>>>>>>>>>>>>>>>>>>>>>>>>>>>>>>
epoch: 28
loss: 0.0254, acc: 1.0000
loss: 0.0314, acc: 0.9948
loss: 0.0293, acc: 0.9943
loss: 0.0480, acc: 0.9824
loss: 0.0503, acc: 0.9821
loss: 0.0559, acc: 0.9784
loss: 0.0535, acc: 0.9788
loss: 0.0548, acc: 0.9783
loss: 0.0565, acc: 0.9771
loss: 0.0559, acc: 0.9783
loss: 0.0601, acc: 0.9773
loss: 0.0602, acc: 0.9777
loss: 0.0652, acc: 0.9759
loss: 0.0640, acc: 0.9763
loss: 0.0658, acc: 0.9754
> val_acc: 0.6944, val_f1: 0.6306
> best_val_acc: 0.7100, best_val_f1: 0.6531
>>>>>>>>>>>>>>>>>>>>>>>>>>>>>>>>>>>>>>>>>>>>>>>>>>>>>>>>>>>>>>>>>>>>>>>>>>>>>>>>>>>>>>>>>>>>>>>>>>>>
epoch: 29
loss: 0.0214, acc: 1.0000
loss: 0.0502, acc: 0.9844
loss: 0.0431, acc: 0.9880
loss: 0.0451, acc: 0.9861
loss: 0.0515, acc: 0.9851
loss: 0.0582, acc: 0.9810
loss: 0.0514, acc: 0.9839
loss: 0.0484, acc: 0.9844
loss: 0.0456, acc: 0.9855
loss: 0.0518, acc: 0.9844
loss: 0.0538, acc: 0.9829
loss: 0.0600, acc: 0.9811
loss: 0.0605, acc: 0.9807
loss: 0.0579, acc: 0.9816
loss: 0.0589, acc: 0.9811
> val_acc: 0.6803, val_f1: 0.5961
> best_val_acc: 0.7100, best_val_f1: 0.6531
>> test_acc: 0.7100, test_f1: 0.6474
