cuda memory allocated: 5440512
n_trainable_params: 1010203, n_nontrainable_params: 347432
> training arguments:
>>> model_name: igcn_embed
>>> model_ver: 3
>>> dataset: laptop
>>> optimizer: <class 'torch.optim.adamax.Adamax'>
>>> initializer: <function xavier_uniform_ at 0x7fb4add57e18>
>>> learning_rate: 0.002
>>> momentum: 0.95
>>> dropout: 0.35
>>> l2reg: 5e-05
>>> num_epoch: 30
>>> batch_size: 32
>>> log_step: 5
>>> embed_dim: 136
>>> hidden_dim: 300
>>> bert_dim: 768
>>> pretrained_bert_name: bert-base-uncased
>>> embeddings: d
>>> max_seq_len: 300
>>> polarities_dim: 3
>>> hops: 3
>>> device: cuda
>>> seed: 0
>>> valset_ratio: 0
>>> num_layers: 1
>>> in_channels: 100
>>> out_channels: 1
>>> downbot: 20
>>> kernel_size: 3
>>> position_dim: 100
>>> gating: GTU
>>> stanford_pos_model: C:/NLP_Programs/stanford-postagger-2018-10-16/models/english-bidirectional-distsim.tagger
>>> stanford_pos_jar: C:/NLP_Programs/stanford-postagger-2018-10-16/stanford-postagger.jar
>>> glove_path: ./embeddings/glove.840B.300d.txt
>>> embedding_matrix_path: gen_data/embeddings/100_laptop_domain_embedding_matrix.dat
>>> model_class: <class 'models.igcn.IGCN'>
>>> dataset_file: {'train': './datasets/semeval14/Laptops_Train.xml.seg', 'test': './datasets/semeval14/Laptops_Test_Gold.xml.seg'}
>>> inputs_cols: ['text_raw_indices', 'aspect_indices', 'pos_indices', 'aspect_pos_indices', 'position_indices']
>>>>>>>>>>>>>>>>>>>>>>>>>>>>>>>>>>>>>>>>>>>>>>>>>>>>>>>>>>>>>>>>>>>>>>>>>>>>>>>>>>>>>>>>>>>>>>>>>>>>
epoch: 0
loss: 1.1342, acc: 0.4250
loss: 1.0705, acc: 0.4906
loss: 1.0367, acc: 0.5167
loss: 1.0132, acc: 0.5250
loss: 1.0109, acc: 0.5275
loss: 0.9881, acc: 0.5479
loss: 0.9711, acc: 0.5670
loss: 0.9596, acc: 0.5719
loss: 0.9547, acc: 0.5764
loss: 0.9504, acc: 0.5806
loss: 0.9399, acc: 0.5835
loss: 0.9297, acc: 0.5906
loss: 0.9224, acc: 0.5962
loss: 0.9169, acc: 0.6004
> val_acc: 0.6207, val_f1: 0.5369
> best_val_acc: 0.0000, best_val_f1: 0.0000
>> saved: state_dict/igcn_embed_laptop_val_acc0.6207
>>>>>>>>>>>>>>>>>>>>>>>>>>>>>>>>>>>>>>>>>>>>>>>>>>>>>>>>>>>>>>>>>>>>>>>>>>>>>>>>>>>>>>>>>>>>>>>>>>>>
epoch: 1
loss: 0.6995, acc: 0.7969
loss: 0.6907, acc: 0.7634
loss: 0.7069, acc: 0.7318
loss: 0.6963, acc: 0.7353
loss: 0.6933, acc: 0.7457
loss: 0.6952, acc: 0.7419
loss: 0.6982, acc: 0.7363
loss: 0.6964, acc: 0.7365
loss: 0.6827, acc: 0.7418
loss: 0.6955, acc: 0.7281
loss: 0.6906, acc: 0.7302
loss: 0.6946, acc: 0.7270
loss: 0.6948, acc: 0.7233
loss: 0.6883, acc: 0.7253
loss: 0.6832, acc: 0.7283
> val_acc: 0.6473, val_f1: 0.5236
> best_val_acc: 0.6207, best_val_f1: 0.5369
>> saved: state_dict/igcn_embed_laptop_val_acc0.6473
>>>>>>>>>>>>>>>>>>>>>>>>>>>>>>>>>>>>>>>>>>>>>>>>>>>>>>>>>>>>>>>>>>>>>>>>>>>>>>>>>>>>>>>>>>>>>>>>>>>>
epoch: 2
loss: 0.6191, acc: 0.7422
loss: 0.6099, acc: 0.7569
loss: 0.5955, acc: 0.7812
loss: 0.5812, acc: 0.7911
loss: 0.5792, acc: 0.7891
loss: 0.5727, acc: 0.7953
loss: 0.5682, acc: 0.7987
loss: 0.5670, acc: 0.7957
loss: 0.5686, acc: 0.7940
loss: 0.5711, acc: 0.7889
loss: 0.5737, acc: 0.7882
loss: 0.5745, acc: 0.7903
loss: 0.5686, acc: 0.7905
loss: 0.5667, acc: 0.7917
> val_acc: 0.6536, val_f1: 0.5416
> best_val_acc: 0.6473, best_val_f1: 0.5369
>> saved: state_dict/igcn_embed_laptop_val_acc0.6536
>>>>>>>>>>>>>>>>>>>>>>>>>>>>>>>>>>>>>>>>>>>>>>>>>>>>>>>>>>>>>>>>>>>>>>>>>>>>>>>>>>>>>>>>>>>>>>>>>>>>
epoch: 3
loss: 0.6164, acc: 0.7188
loss: 0.4676, acc: 0.8385
loss: 0.4991, acc: 0.8125
loss: 0.4931, acc: 0.8223
loss: 0.5045, acc: 0.8140
loss: 0.4949, acc: 0.8245
loss: 0.4929, acc: 0.8246
loss: 0.4940, acc: 0.8220
loss: 0.4924, acc: 0.8216
loss: 0.4887, acc: 0.8240
loss: 0.4795, acc: 0.8284
loss: 0.4733, acc: 0.8304
loss: 0.4723, acc: 0.8315
loss: 0.4743, acc: 0.8291
loss: 0.4785, acc: 0.8275
> val_acc: 0.6771, val_f1: 0.5920
> best_val_acc: 0.6536, best_val_f1: 0.5416
>> saved: state_dict/igcn_embed_laptop_val_acc0.6771
>>>>>>>>>>>>>>>>>>>>>>>>>>>>>>>>>>>>>>>>>>>>>>>>>>>>>>>>>>>>>>>>>>>>>>>>>>>>>>>>>>>>>>>>>>>>>>>>>>>>
epoch: 4
loss: 0.3496, acc: 0.8958
loss: 0.3985, acc: 0.8633
loss: 0.3882, acc: 0.8918
loss: 0.3816, acc: 0.8924
loss: 0.3763, acc: 0.8818
cuda memory allocated: 5440512
n_trainable_params: 1010203, n_nontrainable_params: 347432
> training arguments:
>>> model_name: igcn_embed
>>> model_ver: 3
>>> dataset: laptop
>>> optimizer: <class 'torch.optim.adamax.Adamax'>
>>> initializer: <function xavier_uniform_ at 0x7fcfb4111e18>
>>> learning_rate: 0.002
>>> momentum: 0.95
>>> dropout: 0.35
>>> l2reg: 5e-05
>>> num_epoch: 30
>>> batch_size: 32
>>> log_step: 5
>>> embed_dim: 136
>>> hidden_dim: 300
>>> bert_dim: 768
>>> pretrained_bert_name: bert-base-uncased
>>> embeddings: d
>>> max_seq_len: 300
>>> polarities_dim: 3
>>> hops: 3
>>> device: cuda
>>> seed: 0
>>> valset_ratio: 0
>>> num_layers: 1
>>> in_channels: 100
>>> out_channels: 1
>>> downbot: 20
>>> kernel_size: 3
>>> position_dim: 100
>>> gating: GLU
>>> stanford_pos_model: C:/NLP_Programs/stanford-postagger-2018-10-16/models/english-bidirectional-distsim.tagger
>>> stanford_pos_jar: C:/NLP_Programs/stanford-postagger-2018-10-16/stanford-postagger.jar
>>> glove_path: ./embeddings/glove.840B.300d.txt
>>> embedding_matrix_path: gen_data/embeddings/100_laptop_domain_embedding_matrix.dat
>>> model_class: <class 'models.igcn.IGCN'>
>>> dataset_file: {'train': './datasets/semeval14/Laptops_Train.xml.seg', 'test': './datasets/semeval14/Laptops_Test_Gold.xml.seg'}
>>> inputs_cols: ['text_raw_indices', 'aspect_indices', 'pos_indices', 'aspect_pos_indices', 'position_indices']
>>>>>>>>>>>>>>>>>>>>>>>>>>>>>>>>>>>>>>>>>>>>>>>>>>>>>>>>>>>>>>>>>>>>>>>>>>>>>>>>>>>>>>>>>>>>>>>>>>>>
epoch: 0
loss: 0.3776, acc: 0.8817
loss: 0.3783, acc: 0.8845
loss: 1.1486, acc: 0.4125
loss: 0.3825, acc: 0.8783
loss: 1.0685, acc: 0.5062
loss: 0.3774, acc: 0.8837
loss: 1.0333, acc: 0.5208
loss: 0.3755, acc: 0.8828
loss: 1.0044, acc: 0.5312
loss: 0.3775, acc: 0.8803
loss: 1.0005, acc: 0.5375
loss: 0.3755, acc: 0.8831
loss: 0.9717, acc: 0.5635
loss: 0.3818, acc: 0.8810
loss: 0.9543, acc: 0.5821
loss: 0.3830, acc: 0.8791
loss: 0.9406, acc: 0.5875
loss: 0.3831, acc: 0.8776
loss: 0.9361, acc: 0.5910
> val_acc: 0.6897, val_f1: 0.6159
> best_val_acc: 0.6771, best_val_f1: 0.5920
>> saved: state_dict/igcn_embed_laptop_val_acc0.6897
>>>>>>>>>>>>>>>>>>>>>>>>>>>>>>>>>>>>>>>>>>>>>>>>>>>>>>>>>>>>>>>>>>>>>>>>>>>>>>>>>>>>>>>>>>>>>>>>>>>>
epoch: 5
loss: 0.9314, acc: 0.5944
loss: 0.3013, acc: 0.9313
loss: 0.9206, acc: 0.6006
loss: 0.2766, acc: 0.9344
loss: 0.9096, acc: 0.6052
loss: 0.3005, acc: 0.9146
loss: 0.9027, acc: 0.6091
loss: 0.2941, acc: 0.9187
loss: 0.8962, acc: 0.6129
loss: 0.2952, acc: 0.9200
> val_acc: 0.6458, val_f1: 0.5775
> best_val_acc: 0.0000, best_val_f1: 0.0000
loss: 0.2966, acc: 0.9198
>> saved: state_dict/igcn_embed_laptop_val_acc0.6458
>>>>>>>>>>>>>>>>>>>>>>>>>>>>>>>>>>>>>>>>>>>>>>>>>>>>>>>>>>>>>>>>>>>>>>>>>>>>>>>>>>>>>>>>>>>>>>>>>>>>
epoch: 1
loss: 0.6398, acc: 0.8125
loss: 0.2954, acc: 0.9196
loss: 0.6291, acc: 0.7812
loss: 0.3038, acc: 0.9141
loss: 0.6458, acc: 0.7526
loss: 0.3095, acc: 0.9097
loss: 0.6360, acc: 0.7518
loss: 0.3129, acc: 0.9075
loss: 0.6329, acc: 0.7585
loss: 0.3135, acc: 0.9074
loss: 0.6368, acc: 0.7558
loss: 0.3103, acc: 0.9089
loss: 0.6392, acc: 0.7510
loss: 0.3097, acc: 0.9101
loss: 0.6377, acc: 0.7542
loss: 0.3128, acc: 0.9076
loss: 0.6238, acc: 0.7604
> val_acc: 0.6912, val_f1: 0.6172
> best_val_acc: 0.6897, best_val_f1: 0.6159
>> saved: state_dict/igcn_embed_laptop_val_acc0.6912
>>>>>>>>>>>>>>>>>>>>>>>>>>>>>>>>>>>>>>>>>>>>>>>>>>>>>>>>>>>>>>>>>>>>>>>>>>>>>>>>>>>>>>>>>>>>>>>>>>>>
epoch: 6
loss: 0.6368, acc: 0.7507
loss: 0.2244, acc: 0.9688
loss: 0.6326, acc: 0.7512
loss: 0.2388, acc: 0.9598
loss: 0.6347, acc: 0.7505
loss: 0.2373, acc: 0.9583
loss: 0.6341, acc: 0.7470
loss: 0.2413, acc: 0.9522
loss: 0.6265, acc: 0.7491
loss: 0.2401, acc: 0.9531
loss: 0.6226, acc: 0.7504
loss: 0.2345, acc: 0.9549
> val_acc: 0.6473, val_f1: 0.5380
> best_val_acc: 0.6458, best_val_f1: 0.5775
>> saved: state_dict/igcn_embed_laptop_val_acc0.6473
>>>>>>>>>>>>>>>>>>>>>>>>>>>>>>>>>>>>>>>>>>>>>>>>>>>>>>>>>>>>>>>>>>>>>>>>>>>>>>>>>>>>>>>>>>>>>>>>>>>>
epoch: 2
loss: 0.2382, acc: 0.9492
loss: 0.5219, acc: 0.7891
loss: 0.2353, acc: 0.9493
loss: 0.5312, acc: 0.7847
loss: 0.2361, acc: 0.9464
loss: 0.5168, acc: 0.8103
loss: 0.2350, acc: 0.9468
loss: 0.5004, acc: 0.8174
loss: 0.2359, acc: 0.9465
loss: 0.5036, acc: 0.8112
loss: 0.2367, acc: 0.9479
loss: 0.4967, acc: 0.8179
loss: 0.2397, acc: 0.9451
loss: 0.4941, acc: 0.8189
loss: 0.2403, acc: 0.9459
loss: 0.4933, acc: 0.8197
loss: 0.2413, acc: 0.9453
loss: 0.4949, acc: 0.8189
> val_acc: 0.6865, val_f1: 0.6184
> best_val_acc: 0.6912, best_val_f1: 0.6172
>>>>>>>>>>>>>>>>>>>>>>>>>>>>>>>>>>>>>>>>>>>>>>>>>>>>>>>>>>>>>>>>>>>>>>>>>>>>>>>>>>>>>>>>>>>>>>>>>>>>
epoch: 7
loss: 0.4972, acc: 0.8131
loss: 0.1966, acc: 0.9766
loss: 0.5005, acc: 0.8108
loss: 0.1949, acc: 0.9792
loss: 0.5031, acc: 0.8125
loss: 0.1824, acc: 0.9777
loss: 0.4972, acc: 0.8115
loss: 0.1787, acc: 0.9737
loss: 0.4972, acc: 0.8102
loss: 0.1781, acc: 0.9740
loss: 0.1743, acc: 0.9774
> val_acc: 0.6740, val_f1: 0.5738
> best_val_acc: 0.6473, best_val_f1: 0.5775
>> saved: state_dict/igcn_embed_laptop_val_acc0.674
>>>>>>>>>>>>>>>>>>>>>>>>>>>>>>>>>>>>>>>>>>>>>>>>>>>>>>>>>>>>>>>>>>>>>>>>>>>>>>>>>>>>>>>>>>>>>>>>>>>>
epoch: 3
loss: 0.5261, acc: 0.8438
loss: 0.1740, acc: 0.9761
loss: 0.3922, acc: 0.8958
loss: 0.1739, acc: 0.9784
loss: 0.4230, acc: 0.8551
loss: 0.1744, acc: 0.9773
loss: 0.4189, acc: 0.8594
loss: 0.1732, acc: 0.9764
loss: 0.4318, acc: 0.8497
loss: 0.1761, acc: 0.9751
loss: 0.4189, acc: 0.8570
loss: 0.1763, acc: 0.9751
loss: 0.4205, acc: 0.8548
loss: 0.1762, acc: 0.9731
loss: 0.4165, acc: 0.8559
loss: 0.1751, acc: 0.9733
loss: 0.4157, acc: 0.8590
loss: 0.4131, acc: 0.8573
> val_acc: 0.6928, val_f1: 0.6337
> best_val_acc: 0.6912, best_val_f1: 0.6184
>> saved: state_dict/igcn_embed_laptop_val_acc0.6928
>>>>>>>>>>>>>>>>>>>>>>>>>>>>>>>>>>>>>>>>>>>>>>>>>>>>>>>>>>>>>>>>>>>>>>>>>>>>>>>>>>>>>>>>>>>>>>>>>>>>
epoch: 8
loss: 0.1042, acc: 1.0000
loss: 0.4045, acc: 0.8609
loss: 0.1636, acc: 0.9740
loss: 0.3997, acc: 0.8633
loss: 0.1452, acc: 0.9801
loss: 0.3987, acc: 0.8632
loss: 0.1492, acc: 0.9766
loss: 0.4011, acc: 0.8627
loss: 0.1445, acc: 0.9747
loss: 0.4076, acc: 0.8596
loss: 0.1491, acc: 0.9760
> val_acc: 0.6881, val_f1: 0.6188
> best_val_acc: 0.6740, best_val_f1: 0.5775
>> saved: state_dict/igcn_embed_laptop_val_acc0.6881
>>>>>>>>>>>>>>>>>>>>>>>>>>>>>>>>>>>>>>>>>>>>>>>>>>>>>>>>>>>>>>>>>>>>>>>>>>>>>>>>>>>>>>>>>>>>>>>>>>>>
epoch: 4
loss: 0.1477, acc: 0.9778
loss: 0.2831, acc: 0.9271
loss: 0.1492, acc: 0.9783
loss: 0.3166, acc: 0.9023
loss: 0.1469, acc: 0.9802
loss: 0.3072, acc: 0.9255
loss: 0.1465, acc: 0.9789
loss: 0.3012, acc: 0.9201
loss: 0.1454, acc: 0.9792
loss: 0.2981, acc: 0.9185
loss: 0.1476, acc: 0.9782
loss: 0.3007, acc: 0.9163
loss: 0.1466, acc: 0.9775
loss: 0.3032, acc: 0.9148
loss: 0.1465, acc: 0.9787
loss: 0.3076, acc: 0.9079
loss: 0.1466, acc: 0.9776
loss: 0.3037, acc: 0.9113
> val_acc: 0.6865, val_f1: 0.6112
> best_val_acc: 0.6928, best_val_f1: 0.6337
>>>>>>>>>>>>>>>>>>>>>>>>>>>>>>>>>>>>>>>>>>>>>>>>>>>>>>>>>>>>>>>>>>>>>>>>>>>>>>>>>>>>>>>>>>>>>>>>>>>>
epoch: 9
loss: 0.3017, acc: 0.9121
loss: 0.0872, acc: 1.0000
loss: 0.3025, acc: 0.9121
loss: 0.1043, acc: 0.9922
loss: 0.3003, acc: 0.9143
loss: 0.1007, acc: 0.9880
loss: 0.3059, acc: 0.9087
loss: 0.0981, acc: 0.9913
loss: 0.3050, acc: 0.9076
loss: 0.0953, acc: 0.9932
loss: 0.3053, acc: 0.9072
loss: 0.0956, acc: 0.9933
> val_acc: 0.6897, val_f1: 0.6276
> best_val_acc: 0.6881, best_val_f1: 0.6188
>> saved: state_dict/igcn_embed_laptop_val_acc0.6897
>>>>>>>>>>>>>>>>>>>>>>>>>>>>>>>>>>>>>>>>>>>>>>>>>>>>>>>>>>>>>>>>>>>>>>>>>>>>>>>>>>>>>>>>>>>>>>>>>>>>
epoch: 5
loss: 0.0953, acc: 0.9934
loss: 0.2232, acc: 0.9625
loss: 0.0958, acc: 0.9926
loss: 0.2111, acc: 0.9594
loss: 0.0970, acc: 0.9920
loss: 0.2286, acc: 0.9437
loss: 0.0964, acc: 0.9928
loss: 0.2216, acc: 0.9500
loss: 0.0959, acc: 0.9935
loss: 0.2230, acc: 0.9500
loss: 0.0972, acc: 0.9930
loss: 0.2236, acc: 0.9510
loss: 0.0999, acc: 0.9926
loss: 0.2232, acc: 0.9518
loss: 0.1003, acc: 0.9926
loss: 0.2328, acc: 0.9477
loss: 0.0984, acc: 0.9931
loss: 0.2379, acc: 0.9437
> val_acc: 0.6850, val_f1: 0.6093
> best_val_acc: 0.6928, best_val_f1: 0.6337
>>>>>>>>>>>>>>>>>>>>>>>>>>>>>>>>>>>>>>>>>>>>>>>>>>>>>>>>>>>>>>>>>>>>>>>>>>>>>>>>>>>>>>>>>>>>>>>>>>>>
epoch: 10
loss: 0.2408, acc: 0.9413
loss: 0.0698, acc: 1.0000
loss: 0.2410, acc: 0.9415
loss: 0.0761, acc: 0.9969
loss: 0.2382, acc: 0.9427
loss: 0.0764, acc: 0.9958
loss: 0.2402, acc: 0.9423
loss: 0.0775, acc: 0.9969
loss: 0.2424, acc: 0.9397
loss: 0.0719, acc: 0.9975
> val_acc: 0.6928, val_f1: 0.6363
> best_val_acc: 0.6897, best_val_f1: 0.6276
loss: 0.0731, acc: 0.9969
>> saved: state_dict/igcn_embed_laptop_val_acc0.6928
>>>>>>>>>>>>>>>>>>>>>>>>>>>>>>>>>>>>>>>>>>>>>>>>>>>>>>>>>>>>>>>>>>>>>>>>>>>>>>>>>>>>>>>>>>>>>>>>>>>>
epoch: 6
loss: 0.1773, acc: 0.9688
loss: 0.0707, acc: 0.9973
loss: 0.1802, acc: 0.9732
loss: 0.0714, acc: 0.9977
loss: 0.1790, acc: 0.9661
loss: 0.0716, acc: 0.9979
loss: 0.1797, acc: 0.9651
loss: 0.0710, acc: 0.9981
loss: 0.1818, acc: 0.9659
loss: 0.0724, acc: 0.9983
loss: 0.1757, acc: 0.9688
loss: 0.0728, acc: 0.9984
loss: 0.1792, acc: 0.9658
loss: 0.0728, acc: 0.9986
loss: 0.1753, acc: 0.9662
loss: 0.0728, acc: 0.9987
loss: 0.1758, acc: 0.9650
> val_acc: 0.7038, val_f1: 0.6474
> best_val_acc: 0.6928, best_val_f1: 0.6337
loss: 0.1759, acc: 0.9661
>> saved: state_dict/igcn_embed_laptop_val_acc0.7038
>>>>>>>>>>>>>>>>>>>>>>>>>>>>>>>>>>>>>>>>>>>>>>>>>>>>>>>>>>>>>>>>>>>>>>>>>>>>>>>>>>>>>>>>>>>>>>>>>>>>
epoch: 11
loss: 0.0825, acc: 0.9844
loss: 0.1775, acc: 0.9651
loss: 0.0647, acc: 0.9955
loss: 0.1780, acc: 0.9655
loss: 0.0632, acc: 0.9974
loss: 0.1794, acc: 0.9642
loss: 0.0608, acc: 0.9982
loss: 0.1797, acc: 0.9641
loss: 0.0593, acc: 0.9986
loss: 0.1798, acc: 0.9640
loss: 0.0591, acc: 0.9977
> val_acc: 0.6693, val_f1: 0.5885
> best_val_acc: 0.6928, best_val_f1: 0.6363
>>>>>>>>>>>>>>>>>>>>>>>>>>>>>>>>>>>>>>>>>>>>>>>>>>>>>>>>>>>>>>>>>>>>>>>>>>>>>>>>>>>>>>>>>>>>>>>>>>>>
epoch: 7
loss: 0.0568, acc: 0.9980
loss: 0.1482, acc: 0.9844
loss: 0.0565, acc: 0.9983
loss: 0.1491, acc: 0.9896
loss: 0.0571, acc: 0.9985
loss: 0.1377, acc: 0.9888
loss: 0.0575, acc: 0.9987
loss: 0.1330, acc: 0.9901
loss: 0.0581, acc: 0.9988
loss: 0.1318, acc: 0.9896
loss: 0.0580, acc: 0.9989
loss: 0.1300, acc: 0.9881
loss: 0.0577, acc: 0.9990
loss: 0.1329, acc: 0.9862
loss: 0.0583, acc: 0.9991
loss: 0.1322, acc: 0.9872
loss: 0.0587, acc: 0.9987
loss: 0.1322, acc: 0.9865
> val_acc: 0.6928, val_f1: 0.6231
> best_val_acc: 0.7038, best_val_f1: 0.6474
>>>>>>>>>>>>>>>>>>>>>>>>>>>>>>>>>>>>>>>>>>>>>>>>>>>>>>>>>>>>>>>>>>>>>>>>>>>>>>>>>>>>>>>>>>>>>>>>>>>>
epoch: 12
loss: 0.1313, acc: 0.9866
loss: 0.0358, acc: 1.0000
loss: 0.1338, acc: 0.9850
loss: 0.0377, acc: 1.0000
loss: 0.1329, acc: 0.9846
loss: 0.0394, acc: 1.0000
loss: 0.1326, acc: 0.9829
loss: 0.0407, acc: 1.0000
loss: 0.1314, acc: 0.9828
loss: 0.0412, acc: 1.0000
> val_acc: 0.6787, val_f1: 0.6304
> best_val_acc: 0.6928, best_val_f1: 0.6363
>>>>>>>>>>>>>>>>>>>>>>>>>>>>>>>>>>>>>>>>>>>>>>>>>>>>>>>>>>>>>>>>>>>>>>>>>>>>>>>>>>>>>>>>>>>>>>>>>>>>
epoch: 8
loss: 0.0414, acc: 1.0000
loss: 0.0777, acc: 1.0000
loss: 0.0400, acc: 1.0000
loss: 0.1180, acc: 0.9844
loss: 0.0404, acc: 1.0000
loss: 0.1029, acc: 0.9886
loss: 0.0422, acc: 1.0000
loss: 0.1107, acc: 0.9805
loss: 0.0418, acc: 1.0000
loss: 0.1090, acc: 0.9836
loss: 0.0414, acc: 1.0000
loss: 0.1113, acc: 0.9844
loss: 0.0414, acc: 1.0000
loss: 0.1097, acc: 0.9849
loss: 0.0416, acc: 1.0000
loss: 0.1107, acc: 0.9852
loss: 0.0411, acc: 1.0000
loss: 0.1126, acc: 0.9848
loss: 0.1124, acc: 0.9857
> val_acc: 0.6897, val_f1: 0.6208
> best_val_acc: 0.7038, best_val_f1: 0.6474
>>>>>>>>>>>>>>>>>>>>>>>>>>>>>>>>>>>>>>>>>>>>>>>>>>>>>>>>>>>>>>>>>>>>>>>>>>>>>>>>>>>>>>>>>>>>>>>>>>>>
epoch: 13
loss: 0.0246, acc: 1.0000
loss: 0.1112, acc: 0.9859
loss: 0.0280, acc: 1.0000
loss: 0.1130, acc: 0.9855
loss: 0.0271, acc: 1.0000
loss: 0.1128, acc: 0.9857
loss: 0.0269, acc: 1.0000
loss: 0.1130, acc: 0.9858
loss: 0.0272, acc: 1.0000
loss: 0.1134, acc: 0.9842
loss: 0.0273, acc: 1.0000
> val_acc: 0.6865, val_f1: 0.6253
> best_val_acc: 0.6928, best_val_f1: 0.6363
>>>>>>>>>>>>>>>>>>>>>>>>>>>>>>>>>>>>>>>>>>>>>>>>>>>>>>>>>>>>>>>>>>>>>>>>>>>>>>>>>>>>>>>>>>>>>>>>>>>>
epoch: 9
loss: 0.0285, acc: 1.0000
loss: 0.0669, acc: 1.0000
loss: 0.0286, acc: 1.0000
loss: 0.0835, acc: 0.9922
loss: 0.0295, acc: 1.0000
loss: 0.0769, acc: 0.9952
loss: 0.0294, acc: 1.0000
loss: 0.0766, acc: 0.9965
loss: 0.0296, acc: 1.0000
loss: 0.0739, acc: 0.9973
loss: 0.0289, acc: 1.0000
loss: 0.0739, acc: 0.9967
loss: 0.0295, acc: 1.0000
loss: 0.0741, acc: 0.9962
loss: 0.0301, acc: 0.9995
loss: 0.0746, acc: 0.9959
loss: 0.0307, acc: 0.9991
loss: 0.0760, acc: 0.9956
loss: 0.0758, acc: 0.9961
> val_acc: 0.6897, val_f1: 0.6220
> best_val_acc: 0.7038, best_val_f1: 0.6474
>>>>>>>>>>>>>>>>>>>>>>>>>>>>>>>>>>>>>>>>>>>>>>>>>>>>>>>>>>>>>>>>>>>>>>>>>>>>>>>>>>>>>>>>>>>>>>>>>>>>
epoch: 14
loss: 0.0259, acc: 1.0000
loss: 0.0758, acc: 0.9959
loss: 0.0277, acc: 1.0000
loss: 0.0772, acc: 0.9952
loss: 0.0246, acc: 1.0000
loss: 0.0799, acc: 0.9931
loss: 0.0249, acc: 1.0000
loss: 0.0801, acc: 0.9931
loss: 0.0256, acc: 1.0000
loss: 0.0788, acc: 0.9936
loss: 0.0255, acc: 1.0000
> val_acc: 0.6677, val_f1: 0.6008
> best_val_acc: 0.6928, best_val_f1: 0.6363
>>>>>>>>>>>>>>>>>>>>>>>>>>>>>>>>>>>>>>>>>>>>>>>>>>>>>>>>>>>>>>>>>>>>>>>>>>>>>>>>>>>>>>>>>>>>>>>>>>>>
epoch: 10
loss: 0.0249, acc: 1.0000
loss: 0.0545, acc: 1.0000
loss: 0.0250, acc: 1.0000
loss: 0.0603, acc: 0.9969
loss: 0.0249, acc: 1.0000
loss: 0.0611, acc: 0.9979
loss: 0.0249, acc: 1.0000
loss: 0.0634, acc: 0.9969
loss: 0.0247, acc: 1.0000
loss: 0.0577, acc: 0.9975
loss: 0.0246, acc: 1.0000
loss: 0.0589, acc: 0.9979
loss: 0.0245, acc: 1.0000
loss: 0.0566, acc: 0.9982
loss: 0.0246, acc: 1.0000
loss: 0.0564, acc: 0.9984
loss: 0.0245, acc: 1.0000
loss: 0.0560, acc: 0.9979
> val_acc: 0.6928, val_f1: 0.6204
> best_val_acc: 0.7038, best_val_f1: 0.6474
>>>>>>>>>>>>>>>>>>>>>>>>>>>>>>>>>>>>>>>>>>>>>>>>>>>>>>>>>>>>>>>>>>>>>>>>>>>>>>>>>>>>>>>>>>>>>>>>>>>>
epoch: 15
loss: 0.0559, acc: 0.9975
loss: 0.0207, acc: 1.0000
loss: 0.0568, acc: 0.9972
loss: 0.0198, acc: 1.0000
loss: 0.0573, acc: 0.9964
loss: 0.0194, acc: 1.0000
loss: 0.0575, acc: 0.9962
loss: 0.0203, acc: 1.0000
loss: 0.0573, acc: 0.9964
loss: 0.0210, acc: 1.0000
> val_acc: 0.6740, val_f1: 0.6192
> best_val_acc: 0.6928, best_val_f1: 0.6363
>>>>>>>>>>>>>>>>>>>>>>>>>>>>>>>>>>>>>>>>>>>>>>>>>>>>>>>>>>>>>>>>>>>>>>>>>>>>>>>>>>>>>>>>>>>>>>>>>>>>
epoch: 11
loss: 0.0212, acc: 1.0000
loss: 0.0645, acc: 1.0000
loss: 0.0212, acc: 1.0000
loss: 0.0548, acc: 1.0000
loss: 0.0208, acc: 1.0000
loss: 0.0552, acc: 1.0000
loss: 0.0204, acc: 1.0000
loss: 0.0527, acc: 1.0000
loss: 0.0201, acc: 1.0000
loss: 0.0509, acc: 1.0000
loss: 0.0197, acc: 1.0000
loss: 0.0500, acc: 0.9988
loss: 0.0198, acc: 1.0000
loss: 0.0493, acc: 0.9980
loss: 0.0196, acc: 1.0000
loss: 0.0485, acc: 0.9983
loss: 0.0197, acc: 1.0000
loss: 0.0489, acc: 0.9985
loss: 0.0484, acc: 0.9987
> val_acc: 0.6881, val_f1: 0.6210
> best_val_acc: 0.7038, best_val_f1: 0.6474
>>>>>>>>>>>>>>>>>>>>>>>>>>>>>>>>>>>>>>>>>>>>>>>>>>>>>>>>>>>>>>>>>>>>>>>>>>>>>>>>>>>>>>>>>>>>>>>>>>>>
epoch: 16
loss: 0.0129, acc: 1.0000
loss: 0.0484, acc: 0.9988
loss: 0.0146, acc: 1.0000
loss: 0.0484, acc: 0.9989
loss: 0.0139, acc: 1.0000
loss: 0.0482, acc: 0.9990
loss: 0.0147, acc: 1.0000
loss: 0.0490, acc: 0.9981
loss: 0.0150, acc: 1.0000
loss: 0.0493, acc: 0.9978
loss: 0.0145, acc: 1.0000
> val_acc: 0.6740, val_f1: 0.6102
> best_val_acc: 0.6928, best_val_f1: 0.6363
>>>>>>>>>>>>>>>>>>>>>>>>>>>>>>>>>>>>>>>>>>>>>>>>>>>>>>>>>>>>>>>>>>>>>>>>>>>>>>>>>>>>>>>>>>>>>>>>>>>>
epoch: 12
loss: 0.0144, acc: 1.0000
loss: 0.0391, acc: 1.0000
loss: 0.0150, acc: 1.0000
loss: 0.0367, acc: 1.0000
loss: 0.0149, acc: 1.0000
loss: 0.0375, acc: 1.0000
loss: 0.0150, acc: 1.0000
loss: 0.0365, acc: 1.0000
loss: 0.0152, acc: 1.0000
loss: 0.0381, acc: 1.0000
loss: 0.0153, acc: 1.0000
loss: 0.0379, acc: 1.0000
loss: 0.0154, acc: 1.0000
loss: 0.0358, acc: 1.0000
loss: 0.0152, acc: 1.0000
loss: 0.0361, acc: 1.0000
loss: 0.0157, acc: 1.0000
loss: 0.0371, acc: 0.9993
> val_acc: 0.6975, val_f1: 0.6294
> best_val_acc: 0.7038, best_val_f1: 0.6474
>>>>>>>>>>>>>>>>>>>>>>>>>>>>>>>>>>>>>>>>>>>>>>>>>>>>>>>>>>>>>>>>>>>>>>>>>>>>>>>>>>>>>>>>>>>>>>>>>>>>
epoch: 17
loss: 0.0368, acc: 0.9994
loss: 0.0130, acc: 1.0000
loss: 0.0361, acc: 0.9994
loss: 0.0123, acc: 1.0000
loss: 0.0362, acc: 0.9995
loss: 0.0140, acc: 1.0000
loss: 0.0366, acc: 0.9990
loss: 0.0142, acc: 1.0000
loss: 0.0363, acc: 0.9991
loss: 0.0135, acc: 1.0000
> val_acc: 0.6708, val_f1: 0.6124
> best_val_acc: 0.6928, best_val_f1: 0.6363
>>>>>>>>>>>>>>>>>>>>>>>>>>>>>>>>>>>>>>>>>>>>>>>>>>>>>>>>>>>>>>>>>>>>>>>>>>>>>>>>>>>>>>>>>>>>>>>>>>>>
epoch: 13
loss: 0.0130, acc: 1.0000
loss: 0.0229, acc: 1.0000
loss: 0.0129, acc: 1.0000
loss: 0.0257, acc: 1.0000
loss: 0.0129, acc: 1.0000
loss: 0.0242, acc: 1.0000
loss: 0.0130, acc: 1.0000
loss: 0.0243, acc: 1.0000
loss: 0.0129, acc: 1.0000
loss: 0.0245, acc: 1.0000
loss: 0.0133, acc: 1.0000
loss: 0.0254, acc: 1.0000
loss: 0.0131, acc: 1.0000
loss: 0.0258, acc: 1.0000
loss: 0.0134, acc: 1.0000
loss: 0.0255, acc: 1.0000
loss: 0.0134, acc: 1.0000
loss: 0.0268, acc: 1.0000
loss: 0.0276, acc: 1.0000
> val_acc: 0.6897, val_f1: 0.6217
> best_val_acc: 0.7038, best_val_f1: 0.6474
>>>>>>>>>>>>>>>>>>>>>>>>>>>>>>>>>>>>>>>>>>>>>>>>>>>>>>>>>>>>>>>>>>>>>>>>>>>>>>>>>>>>>>>>>>>>>>>>>>>>
epoch: 18
loss: 0.0080, acc: 1.0000
loss: 0.0274, acc: 1.0000
loss: 0.0103, acc: 1.0000
loss: 0.0264, acc: 1.0000
loss: 0.0105, acc: 1.0000
loss: 0.0270, acc: 1.0000
loss: 0.0119, acc: 1.0000
loss: 0.0272, acc: 1.0000
loss: 0.0115, acc: 1.0000
loss: 0.0279, acc: 0.9996
loss: 0.0113, acc: 1.0000
> val_acc: 0.6646, val_f1: 0.5968
> best_val_acc: 0.6928, best_val_f1: 0.6363
>>>>>>>>>>>>>>>>>>>>>>>>>>>>>>>>>>>>>>>>>>>>>>>>>>>>>>>>>>>>>>>>>>>>>>>>>>>>>>>>>>>>>>>>>>>>>>>>>>>>
epoch: 14
loss: 0.0115, acc: 1.0000
loss: 0.0253, acc: 1.0000
loss: 0.0116, acc: 1.0000
loss: 0.0235, acc: 1.0000
loss: 0.0115, acc: 1.0000
loss: 0.0220, acc: 1.0000
loss: 0.0113, acc: 1.0000
loss: 0.0234, acc: 0.9983
loss: 0.0110, acc: 1.0000
loss: 0.0237, acc: 0.9986
loss: 0.0111, acc: 1.0000
loss: 0.0236, acc: 0.9989
loss: 0.0112, acc: 1.0000
loss: 0.0232, acc: 0.9991
loss: 0.0112, acc: 1.0000
loss: 0.0234, acc: 0.9992
loss: 0.0114, acc: 1.0000
loss: 0.0236, acc: 0.9993
loss: 0.0234, acc: 0.9993
> val_acc: 0.6912, val_f1: 0.6234
> best_val_acc: 0.7038, best_val_f1: 0.6474
>>>>>>>>>>>>>>>>>>>>>>>>>>>>>>>>>>>>>>>>>>>>>>>>>>>>>>>>>>>>>>>>>>>>>>>>>>>>>>>>>>>>>>>>>>>>>>>>>>>>
epoch: 19
loss: 0.0074, acc: 1.0000
loss: 0.0231, acc: 0.9994
loss: 0.0082, acc: 1.0000
loss: 0.0242, acc: 0.9989
loss: 0.0086, acc: 1.0000
loss: 0.0237, acc: 0.9990
loss: 0.0081, acc: 1.0000
loss: 0.0237, acc: 0.9991
loss: 0.0083, acc: 1.0000
loss: 0.0236, acc: 0.9991
> val_acc: 0.6787, val_f1: 0.6117
> best_val_acc: 0.6928, best_val_f1: 0.6363
>>>>>>>>>>>>>>>>>>>>>>>>>>>>>>>>>>>>>>>>>>>>>>>>>>>>>>>>>>>>>>>>>>>>>>>>>>>>>>>>>>>>>>>>>>>>>>>>>>>>
epoch: 15
loss: 0.0090, acc: 1.0000
loss: 0.0201, acc: 1.0000
loss: 0.0090, acc: 1.0000
loss: 0.0211, acc: 1.0000
loss: 0.0092, acc: 1.0000
loss: 0.0221, acc: 1.0000
loss: 0.0092, acc: 1.0000
loss: 0.0231, acc: 1.0000
loss: 0.0092, acc: 1.0000
loss: 0.0227, acc: 1.0000
loss: 0.0092, acc: 1.0000
loss: 0.0231, acc: 1.0000
loss: 0.0093, acc: 1.0000
loss: 0.0223, acc: 1.0000
loss: 0.0094, acc: 1.0000
loss: 0.0219, acc: 1.0000
loss: 0.0093, acc: 1.0000
loss: 0.0216, acc: 1.0000
loss: 0.0093, acc: 1.0000
> val_acc: 0.6865, val_f1: 0.6157
> best_val_acc: 0.7038, best_val_f1: 0.6474
>>>>>>>>>>>>>>>>>>>>>>>>>>>>>>>>>>>>>>>>>>>>>>>>>>>>>>>>>>>>>>>>>>>>>>>>>>>>>>>>>>>>>>>>>>>>>>>>>>>>
epoch: 20
loss: 0.0215, acc: 1.0000
loss: 0.0082, acc: 1.0000
loss: 0.0213, acc: 1.0000
loss: 0.0080, acc: 1.0000
loss: 0.0213, acc: 1.0000
loss: 0.0083, acc: 1.0000
loss: 0.0210, acc: 1.0000
loss: 0.0081, acc: 1.0000
loss: 0.0208, acc: 1.0000
loss: 0.0081, acc: 1.0000
> val_acc: 0.6755, val_f1: 0.6123
> best_val_acc: 0.6928, best_val_f1: 0.6363
>>>>>>>>>>>>>>>>>>>>>>>>>>>>>>>>>>>>>>>>>>>>>>>>>>>>>>>>>>>>>>>>>>>>>>>>>>>>>>>>>>>>>>>>>>>>>>>>>>>>
epoch: 16
loss: 0.0348, acc: 0.9844
loss: 0.0080, acc: 1.0000
loss: 0.0242, acc: 0.9911
loss: 0.0077, acc: 1.0000
loss: 0.0204, acc: 0.9948
loss: 0.0076, acc: 1.0000
loss: 0.0197, acc: 0.9963
loss: 0.0075, acc: 1.0000
loss: 0.0187, acc: 0.9972
loss: 0.0076, acc: 1.0000
loss: 0.0184, acc: 0.9977
loss: 0.0077, acc: 1.0000
loss: 0.0180, acc: 0.9980
loss: 0.0077, acc: 1.0000
loss: 0.0185, acc: 0.9983
loss: 0.0077, acc: 1.0000
loss: 0.0189, acc: 0.9985
loss: 0.0078, acc: 1.0000
loss: 0.0188, acc: 0.9987
> val_acc: 0.6850, val_f1: 0.6107
> best_val_acc: 0.7038, best_val_f1: 0.6474
>>>>>>>>>>>>>>>>>>>>>>>>>>>>>>>>>>>>>>>>>>>>>>>>>>>>>>>>>>>>>>>>>>>>>>>>>>>>>>>>>>>>>>>>>>>>>>>>>>>>
epoch: 21
loss: 0.0042, acc: 1.0000
loss: 0.0192, acc: 0.9982
loss: 0.0065, acc: 1.0000
loss: 0.0188, acc: 0.9984
loss: 0.0066, acc: 1.0000
loss: 0.0192, acc: 0.9980
loss: 0.0069, acc: 1.0000
loss: 0.0188, acc: 0.9981
loss: 0.0071, acc: 1.0000
loss: 0.0190, acc: 0.9983
loss: 0.0070, acc: 1.0000
> val_acc: 0.6708, val_f1: 0.6100
> best_val_acc: 0.6928, best_val_f1: 0.6363
>>>>>>>>>>>>>>>>>>>>>>>>>>>>>>>>>>>>>>>>>>>>>>>>>>>>>>>>>>>>>>>>>>>>>>>>>>>>>>>>>>>>>>>>>>>>>>>>>>>>
epoch: 17
loss: 0.0175, acc: 1.0000
loss: 0.0071, acc: 1.0000
loss: 0.0148, acc: 1.0000
loss: 0.0070, acc: 1.0000
loss: 0.0161, acc: 1.0000
loss: 0.0068, acc: 1.0000
loss: 0.0160, acc: 1.0000
loss: 0.0068, acc: 1.0000
loss: 0.0152, acc: 1.0000
loss: 0.0067, acc: 1.0000
loss: 0.0148, acc: 1.0000
loss: 0.0068, acc: 1.0000
loss: 0.0149, acc: 1.0000
loss: 0.0068, acc: 1.0000
loss: 0.0147, acc: 1.0000
loss: 0.0068, acc: 1.0000
loss: 0.0144, acc: 1.0000
loss: 0.0070, acc: 1.0000
> val_acc: 0.6928, val_f1: 0.6222
> best_val_acc: 0.7038, best_val_f1: 0.6474
>>>>>>>>>>>>>>>>>>>>>>>>>>>>>>>>>>>>>>>>>>>>>>>>>>>>>>>>>>>>>>>>>>>>>>>>>>>>>>>>>>>>>>>>>>>>>>>>>>>>
epoch: 22
loss: 0.0145, acc: 1.0000
loss: 0.0073, acc: 1.0000
loss: 0.0145, acc: 1.0000
loss: 0.0064, acc: 1.0000
loss: 0.0144, acc: 1.0000
loss: 0.0061, acc: 1.0000
loss: 0.0146, acc: 1.0000
loss: 0.0065, acc: 1.0000
loss: 0.0146, acc: 1.0000
loss: 0.0065, acc: 1.0000
> val_acc: 0.6677, val_f1: 0.6021
> best_val_acc: 0.6928, best_val_f1: 0.6363
>>>>>>>>>>>>>>>>>>>>>>>>>>>>>>>>>>>>>>>>>>>>>>>>>>>>>>>>>>>>>>>>>>>>>>>>>>>>>>>>>>>>>>>>>>>>>>>>>>>>
epoch: 18
loss: 0.0107, acc: 1.0000
loss: 0.0064, acc: 1.0000
loss: 0.0114, acc: 1.0000
loss: 0.0062, acc: 1.0000
loss: 0.0117, acc: 1.0000
loss: 0.0061, acc: 1.0000
loss: 0.0131, acc: 1.0000
loss: 0.0063, acc: 1.0000
loss: 0.0126, acc: 1.0000
loss: 0.0062, acc: 1.0000
loss: 0.0126, acc: 1.0000
loss: 0.0063, acc: 1.0000
loss: 0.0126, acc: 1.0000
loss: 0.0064, acc: 1.0000
loss: 0.0129, acc: 1.0000
loss: 0.0064, acc: 1.0000
loss: 0.0131, acc: 1.0000
loss: 0.0066, acc: 1.0000
loss: 0.0129, acc: 1.0000
> val_acc: 0.6897, val_f1: 0.6278
> best_val_acc: 0.7038, best_val_f1: 0.6474
>>>>>>>>>>>>>>>>>>>>>>>>>>>>>>>>>>>>>>>>>>>>>>>>>>>>>>>>>>>>>>>>>>>>>>>>>>>>>>>>>>>>>>>>>>>>>>>>>>>>
epoch: 23
loss: 0.0046, acc: 1.0000
loss: 0.0126, acc: 1.0000
loss: 0.0061, acc: 1.0000
loss: 0.0128, acc: 1.0000
loss: 0.0057, acc: 1.0000
loss: 0.0129, acc: 1.0000
loss: 0.0052, acc: 1.0000
loss: 0.0129, acc: 1.0000
loss: 0.0055, acc: 1.0000
loss: 0.0131, acc: 1.0000
loss: 0.0055, acc: 1.0000
> val_acc: 0.6583, val_f1: 0.5889
> best_val_acc: 0.6928, best_val_f1: 0.6363
>>>>>>>>>>>>>>>>>>>>>>>>>>>>>>>>>>>>>>>>>>>>>>>>>>>>>>>>>>>>>>>>>>>>>>>>>>>>>>>>>>>>>>>>>>>>>>>>>>>>
epoch: 19
loss: 0.0090, acc: 1.0000
loss: 0.0056, acc: 1.0000
loss: 0.0100, acc: 1.0000
loss: 0.0053, acc: 1.0000
loss: 0.0103, acc: 1.0000
loss: 0.0052, acc: 1.0000
loss: 0.0097, acc: 1.0000
loss: 0.0053, acc: 1.0000
loss: 0.0107, acc: 1.0000
loss: 0.0055, acc: 1.0000
loss: 0.0112, acc: 1.0000
loss: 0.0055, acc: 1.0000
loss: 0.0111, acc: 1.0000
loss: 0.0056, acc: 1.0000
loss: 0.0113, acc: 1.0000
loss: 0.0056, acc: 1.0000
loss: 0.0113, acc: 1.0000
loss: 0.0056, acc: 1.0000
loss: 0.0113, acc: 1.0000
> val_acc: 0.6865, val_f1: 0.6086
> best_val_acc: 0.7038, best_val_f1: 0.6474
>>>>>>>>>>>>>>>>>>>>>>>>>>>>>>>>>>>>>>>>>>>>>>>>>>>>>>>>>>>>>>>>>>>>>>>>>>>>>>>>>>>>>>>>>>>>>>>>>>>>
epoch: 24
loss: 0.0059, acc: 1.0000
loss: 0.0112, acc: 1.0000
loss: 0.0053, acc: 1.0000
loss: 0.0111, acc: 1.0000
loss: 0.0053, acc: 1.0000
loss: 0.0113, acc: 1.0000
loss: 0.0055, acc: 1.0000
loss: 0.0111, acc: 1.0000
loss: 0.0052, acc: 1.0000
loss: 0.0112, acc: 1.0000
> val_acc: 0.6693, val_f1: 0.5987
> best_val_acc: 0.6928, best_val_f1: 0.6363
>>>>>>>>>>>>>>>>>>>>>>>>>>>>>>>>>>>>>>>>>>>>>>>>>>>>>>>>>>>>>>>>>>>>>>>>>>>>>>>>>>>>>>>>>>>>>>>>>>>>
epoch: 20
loss: 0.0052, acc: 1.0000
loss: 0.0074, acc: 1.0000
loss: 0.0051, acc: 1.0000
loss: 0.0081, acc: 1.0000
loss: 0.0050, acc: 1.0000
loss: 0.0097, acc: 1.0000
loss: 0.0049, acc: 1.0000
loss: 0.0100, acc: 1.0000
loss: 0.0048, acc: 1.0000
loss: 0.0097, acc: 1.0000
loss: 0.0048, acc: 1.0000
loss: 0.0094, acc: 1.0000
loss: 0.0048, acc: 1.0000
loss: 0.0091, acc: 1.0000
loss: 0.0048, acc: 1.0000
loss: 0.0089, acc: 1.0000
loss: 0.0049, acc: 1.0000
loss: 0.0086, acc: 1.0000
loss: 0.0049, acc: 1.0000
> val_acc: 0.6881, val_f1: 0.6170
> best_val_acc: 0.7038, best_val_f1: 0.6474
>>>>>>>>>>>>>>>>>>>>>>>>>>>>>>>>>>>>>>>>>>>>>>>>>>>>>>>>>>>>>>>>>>>>>>>>>>>>>>>>>>>>>>>>>>>>>>>>>>>>
epoch: 25
loss: 0.0086, acc: 1.0000
loss: 0.0036, acc: 1.0000
loss: 0.0089, acc: 1.0000
loss: 0.0037, acc: 1.0000
loss: 0.0089, acc: 1.0000
loss: 0.0039, acc: 1.0000
loss: 0.0089, acc: 1.0000
loss: 0.0038, acc: 1.0000
loss: 0.0089, acc: 1.0000
loss: 0.0040, acc: 1.0000
> val_acc: 0.6740, val_f1: 0.6111
> best_val_acc: 0.6928, best_val_f1: 0.6363
>>>>>>>>>>>>>>>>>>>>>>>>>>>>>>>>>>>>>>>>>>>>>>>>>>>>>>>>>>>>>>>>>>>>>>>>>>>>>>>>>>>>>>>>>>>>>>>>>>>>
epoch: 21
loss: 0.0054, acc: 1.0000
loss: 0.0043, acc: 1.0000
loss: 0.0086, acc: 1.0000
loss: 0.0044, acc: 1.0000
loss: 0.0085, acc: 1.0000
loss: 0.0044, acc: 1.0000
loss: 0.0090, acc: 1.0000
loss: 0.0043, acc: 1.0000
loss: 0.0086, acc: 1.0000
loss: 0.0044, acc: 1.0000
loss: 0.0086, acc: 1.0000
loss: 0.0043, acc: 1.0000
loss: 0.0087, acc: 1.0000
loss: 0.0043, acc: 1.0000
loss: 0.0089, acc: 1.0000
loss: 0.0042, acc: 1.0000
loss: 0.0090, acc: 1.0000
loss: 0.0043, acc: 1.0000
loss: 0.0089, acc: 1.0000
> val_acc: 0.6818, val_f1: 0.6060
> best_val_acc: 0.7038, best_val_f1: 0.6474
>>>>>>>>>>>>>>>>>>>>>>>>>>>>>>>>>>>>>>>>>>>>>>>>>>>>>>>>>>>>>>>>>>>>>>>>>>>>>>>>>>>>>>>>>>>>>>>>>>>>
epoch: 26
loss: 0.0035, acc: 1.0000
loss: 0.0090, acc: 1.0000
loss: 0.0034, acc: 1.0000
loss: 0.0091, acc: 1.0000
loss: 0.0033, acc: 1.0000
loss: 0.0090, acc: 1.0000
loss: 0.0034, acc: 1.0000
loss: 0.0091, acc: 1.0000
loss: 0.0033, acc: 1.0000
loss: 0.0093, acc: 1.0000
loss: 0.0034, acc: 1.0000
> val_acc: 0.6740, val_f1: 0.6127
> best_val_acc: 0.6928, best_val_f1: 0.6363
>>>>>>>>>>>>>>>>>>>>>>>>>>>>>>>>>>>>>>>>>>>>>>>>>>>>>>>>>>>>>>>>>>>>>>>>>>>>>>>>>>>>>>>>>>>>>>>>>>>>
epoch: 22
loss: 0.0080, acc: 1.0000
loss: 0.0035, acc: 1.0000
loss: 0.0105, acc: 0.9965
loss: 0.0034, acc: 1.0000
loss: 0.0095, acc: 0.9978
loss: 0.0036, acc: 1.0000
loss: 0.0095, acc: 0.9984
loss: 0.0036, acc: 1.0000
loss: 0.0098, acc: 0.9974
loss: 0.0037, acc: 1.0000
loss: 0.0094, acc: 0.9978
loss: 0.0037, acc: 1.0000
loss: 0.0092, acc: 0.9982
loss: 0.0038, acc: 1.0000
loss: 0.0089, acc: 0.9984
loss: 0.0038, acc: 1.0000
loss: 0.0087, acc: 0.9986
loss: 0.0038, acc: 1.0000
> val_acc: 0.6881, val_f1: 0.6106
> best_val_acc: 0.7038, best_val_f1: 0.6474
>>>>>>>>>>>>>>>>>>>>>>>>>>>>>>>>>>>>>>>>>>>>>>>>>>>>>>>>>>>>>>>>>>>>>>>>>>>>>>>>>>>>>>>>>>>>>>>>>>>>
epoch: 27
loss: 0.0087, acc: 0.9987
loss: 0.0035, acc: 1.0000
loss: 0.0087, acc: 0.9988
loss: 0.0042, acc: 1.0000
loss: 0.0087, acc: 0.9989
loss: 0.0039, acc: 1.0000
loss: 0.0087, acc: 0.9990
loss: 0.0037, acc: 1.0000
loss: 0.0088, acc: 0.9991
loss: 0.0040, acc: 1.0000
> val_acc: 0.6740, val_f1: 0.6209
> best_val_acc: 0.6928, best_val_f1: 0.6363
>>>>>>>>>>>>>>>>>>>>>>>>>>>>>>>>>>>>>>>>>>>>>>>>>>>>>>>>>>>>>>>>>>>>>>>>>>>>>>>>>>>>>>>>>>>>>>>>>>>>
epoch: 23
loss: 0.0048, acc: 1.0000
loss: 0.0039, acc: 1.0000
loss: 0.0096, acc: 1.0000
loss: 0.0039, acc: 1.0000
loss: 0.0085, acc: 1.0000
loss: 0.0040, acc: 1.0000
loss: 0.0077, acc: 1.0000
loss: 0.0039, acc: 1.0000
loss: 0.0077, acc: 1.0000
loss: 0.0039, acc: 1.0000
loss: 0.0076, acc: 1.0000
loss: 0.0039, acc: 1.0000
loss: 0.0075, acc: 1.0000
loss: 0.0039, acc: 1.0000
loss: 0.0071, acc: 1.0000
loss: 0.0038, acc: 1.0000
loss: 0.0068, acc: 1.0000
loss: 0.0038, acc: 1.0000
loss: 0.0069, acc: 1.0000
> val_acc: 0.6928, val_f1: 0.6252
> best_val_acc: 0.7038, best_val_f1: 0.6474
>>>>>>>>>>>>>>>>>>>>>>>>>>>>>>>>>>>>>>>>>>>>>>>>>>>>>>>>>>>>>>>>>>>>>>>>>>>>>>>>>>>>>>>>>>>>>>>>>>>>
epoch: 28
loss: 0.0018, acc: 1.0000
loss: 0.0071, acc: 1.0000
loss: 0.0047, acc: 1.0000
loss: 0.0074, acc: 1.0000
loss: 0.0044, acc: 1.0000
loss: 0.0074, acc: 1.0000
loss: 0.0039, acc: 1.0000
loss: 0.0074, acc: 1.0000
loss: 0.0038, acc: 1.0000
loss: 0.0074, acc: 1.0000
loss: 0.0038, acc: 1.0000
> val_acc: 0.6630, val_f1: 0.6016
> best_val_acc: 0.6928, best_val_f1: 0.6363
>>>>>>>>>>>>>>>>>>>>>>>>>>>>>>>>>>>>>>>>>>>>>>>>>>>>>>>>>>>>>>>>>>>>>>>>>>>>>>>>>>>>>>>>>>>>>>>>>>>>
epoch: 24
loss: 0.0075, acc: 1.0000
loss: 0.0037, acc: 1.0000
loss: 0.0060, acc: 1.0000
loss: 0.0039, acc: 1.0000
loss: 0.0062, acc: 1.0000
loss: 0.0038, acc: 1.0000
loss: 0.0061, acc: 1.0000
loss: 0.0039, acc: 1.0000
loss: 0.0062, acc: 1.0000
loss: 0.0039, acc: 1.0000
loss: 0.0062, acc: 1.0000
loss: 0.0038, acc: 1.0000
loss: 0.0061, acc: 1.0000
loss: 0.0039, acc: 1.0000
loss: 0.0060, acc: 1.0000
loss: 0.0038, acc: 1.0000
loss: 0.0059, acc: 1.0000
loss: 0.0039, acc: 1.0000
loss: 0.0058, acc: 1.0000
> val_acc: 0.6881, val_f1: 0.6196
> best_val_acc: 0.7038, best_val_f1: 0.6474
>>>>>>>>>>>>>>>>>>>>>>>>>>>>>>>>>>>>>>>>>>>>>>>>>>>>>>>>>>>>>>>>>>>>>>>>>>>>>>>>>>>>>>>>>>>>>>>>>>>>
epoch: 29
loss: 0.0036, acc: 1.0000
loss: 0.0057, acc: 1.0000
loss: 0.0032, acc: 1.0000
loss: 0.0055, acc: 1.0000
loss: 0.0029, acc: 1.0000
loss: 0.0055, acc: 1.0000
loss: 0.0031, acc: 1.0000
loss: 0.0054, acc: 1.0000
loss: 0.0031, acc: 1.0000
loss: 0.0055, acc: 1.0000
> val_acc: 0.6708, val_f1: 0.6083
> best_val_acc: 0.6928, best_val_f1: 0.6363
>>>>>>>>>>>>>>>>>>>>>>>>>>>>>>>>>>>>>>>>>>>>>>>>>>>>>>>>>>>>>>>>>>>>>>>>>>>>>>>>>>>>>>>>>>>>>>>>>>>>
epoch: 25
loss: 0.0032, acc: 1.0000
loss: 0.0039, acc: 1.0000
loss: 0.0031, acc: 1.0000
loss: 0.0043, acc: 1.0000
loss: 0.0035, acc: 1.0000
loss: 0.0045, acc: 1.0000
loss: 0.0034, acc: 1.0000
loss: 0.0043, acc: 1.0000
loss: 0.0035, acc: 1.0000
loss: 0.0050, acc: 1.0000
loss: 0.0034, acc: 1.0000
loss: 0.0051, acc: 1.0000
loss: 0.0035, acc: 1.0000
loss: 0.0053, acc: 1.0000
loss: 0.0035, acc: 1.0000
loss: 0.0051, acc: 1.0000
loss: 0.0035, acc: 1.0000
loss: 0.0050, acc: 1.0000
loss: 0.0034, acc: 1.0000
> val_acc: 0.6881, val_f1: 0.6188
> best_val_acc: 0.7038, best_val_f1: 0.6474
loss: 0.0052, acc: 1.0000
>> test_acc: 0.7038, test_f1: 0.6474
loss: 0.0052, acc: 1.0000
loss: 0.0053, acc: 1.0000
loss: 0.0055, acc: 1.0000
loss: 0.0057, acc: 1.0000
> val_acc: 0.6693, val_f1: 0.6026
> best_val_acc: 0.6928, best_val_f1: 0.6363
>>>>>>>>>>>>>>>>>>>>>>>>>>>>>>>>>>>>>>>>>>>>>>>>>>>>>>>>>>>>>>>>>>>>>>>>>>>>>>>>>>>>>>>>>>>>>>>>>>>>
epoch: 26
loss: 0.0043, acc: 1.0000
loss: 0.0042, acc: 1.0000
loss: 0.0041, acc: 1.0000
loss: 0.0043, acc: 1.0000
loss: 0.0043, acc: 1.0000
loss: 0.0044, acc: 1.0000
loss: 0.0045, acc: 1.0000
loss: 0.0047, acc: 1.0000
loss: 0.0047, acc: 1.0000
loss: 0.0050, acc: 1.0000
loss: 0.0049, acc: 1.0000
loss: 0.0050, acc: 1.0000
loss: 0.0050, acc: 1.0000
loss: 0.0049, acc: 1.0000
loss: 0.0048, acc: 1.0000
> val_acc: 0.6708, val_f1: 0.5967
> best_val_acc: 0.6928, best_val_f1: 0.6363
>>>>>>>>>>>>>>>>>>>>>>>>>>>>>>>>>>>>>>>>>>>>>>>>>>>>>>>>>>>>>>>>>>>>>>>>>>>>>>>>>>>>>>>>>>>>>>>>>>>>
epoch: 27
loss: 0.0075, acc: 1.0000
loss: 0.0058, acc: 1.0000
loss: 0.0051, acc: 1.0000
loss: 0.0048, acc: 1.0000
loss: 0.0049, acc: 1.0000
loss: 0.0052, acc: 1.0000
loss: 0.0052, acc: 1.0000
loss: 0.0051, acc: 1.0000
loss: 0.0050, acc: 1.0000
loss: 0.0049, acc: 1.0000
loss: 0.0051, acc: 1.0000
loss: 0.0051, acc: 1.0000
loss: 0.0050, acc: 1.0000
loss: 0.0049, acc: 1.0000
> val_acc: 0.6693, val_f1: 0.6042
> best_val_acc: 0.6928, best_val_f1: 0.6363
>>>>>>>>>>>>>>>>>>>>>>>>>>>>>>>>>>>>>>>>>>>>>>>>>>>>>>>>>>>>>>>>>>>>>>>>>>>>>>>>>>>>>>>>>>>>>>>>>>>>
epoch: 28
loss: 0.0034, acc: 1.0000
loss: 0.0040, acc: 1.0000
loss: 0.0041, acc: 1.0000
loss: 0.0040, acc: 1.0000
loss: 0.0043, acc: 1.0000
loss: 0.0045, acc: 1.0000
loss: 0.0046, acc: 1.0000
loss: 0.0047, acc: 1.0000
loss: 0.0047, acc: 1.0000
loss: 0.0048, acc: 1.0000
loss: 0.0048, acc: 1.0000
loss: 0.0047, acc: 1.0000
loss: 0.0048, acc: 1.0000
loss: 0.0047, acc: 1.0000
loss: 0.0048, acc: 1.0000
> val_acc: 0.6661, val_f1: 0.5987
> best_val_acc: 0.6928, best_val_f1: 0.6363
>>>>>>>>>>>>>>>>>>>>>>>>>>>>>>>>>>>>>>>>>>>>>>>>>>>>>>>>>>>>>>>>>>>>>>>>>>>>>>>>>>>>>>>>>>>>>>>>>>>>
epoch: 29
loss: 0.0057, acc: 1.0000
loss: 0.0041, acc: 1.0000
loss: 0.0039, acc: 1.0000
loss: 0.0036, acc: 1.0000
loss: 0.0035, acc: 1.0000
loss: 0.0037, acc: 1.0000
loss: 0.0036, acc: 1.0000
loss: 0.0038, acc: 1.0000
loss: 0.0038, acc: 1.0000
loss: 0.0039, acc: 1.0000
loss: 0.0038, acc: 1.0000
loss: 0.0039, acc: 1.0000
loss: 0.0042, acc: 1.0000
loss: 0.0041, acc: 1.0000
loss: 0.0041, acc: 1.0000
> val_acc: 0.6693, val_f1: 0.6057
> best_val_acc: 0.6928, best_val_f1: 0.6363
>> test_acc: 0.6928, test_f1: 0.6363
