cuda memory allocated: 7161344
n_trainable_params: 1438603, n_nontrainable_params: 347432
> training arguments:
>>> model_name: igcn_embed
>>> model_ver: 3
>>> dataset: laptop
>>> optimizer: <class 'torch.optim.adamax.Adamax'>
>>> initializer: <function xavier_uniform_ at 0x00000209657F3D90>
>>> learning_rate: 0.02
>>> momentum: 0.95
>>> dropout: 0.5
>>> l2reg: 5e-05
>>> num_epoch: 30
>>> batch_size: 32
>>> log_step: 5
>>> embed_dim: 136
>>> hidden_dim: 300
>>> bert_dim: 768
>>> pretrained_bert_name: bert-base-uncased
>>> embeddings: d
>>> max_seq_len: 180
>>> polarities_dim: 3
>>> hops: 3
>>> device: cuda
>>> seed: 0
>>> valset_ratio: 0
>>> num_layers: 1
>>> in_channels: 100
>>> out_channels: 1
>>> downbot: 20
>>> kernel_size: 3
>>> position_dim: 100
>>> gating: GTU
>>> stanford_pos_model: C:/NLP_Programs/stanford-postagger-2018-10-16/models/english-bidirectional-distsim.tagger
>>> stanford_pos_jar: C:/NLP_Programs/stanford-postagger-2018-10-16/stanford-postagger.jar
>>> glove_path: ./embeddings/glove.840B.300d.txt
>>> embedding_matrix_path: gen_data/embeddings/100_laptop_domain_embedding_matrix.dat
>>> model_class: <class 'models.igcn.IGCN_3'>
>>> dataset_file: {'train': './datasets/semeval14/Laptops_Train.xml.seg', 'test': './datasets/semeval14/Laptops_Test_Gold.xml.seg'}
>>> inputs_cols: ['text_raw_indices', 'aspect_indices', 'pos_indices', 'aspect_pos_indices', 'position_indices']
>>>>>>>>>>>>>>>>>>>>>>>>>>>>>>>>>>>>>>>>>>>>>>>>>>>>>>>>>>>>>>>>>>>>>>>>>>>>>>>>>>>>>>>>>>>>>>>>>>>>
epoch: 0
loss: 1.4409, acc: 0.4000
loss: 1.2966, acc: 0.3875
loss: 1.2197, acc: 0.4062
loss: 1.1656, acc: 0.4281
loss: 1.1382, acc: 0.4325
loss: 1.1116, acc: 0.4510
loss: 1.0933, acc: 0.4562
loss: 1.0795, acc: 0.4680
loss: 1.0649, acc: 0.4785
loss: 1.0500, acc: 0.4900
loss: 1.0406, acc: 0.4932
loss: 1.0288, acc: 0.5042
loss: 1.0231, acc: 0.5077
loss: 1.0139, acc: 0.5156
> val_acc: 0.6614, val_f1: 0.5770
> best_val_acc: 0.0000, best_val_f1: 0.0000
>> saved: state_dict/igcn_embed_laptop_val_acc0.6614
>>>>>>>>>>>>>>>>>>>>>>>>>>>>>>>>>>>>>>>>>>>>>>>>>>>>>>>>>>>>>>>>>>>>>>>>>>>>>>>>>>>>>>>>>>>>>>>>>>>>
epoch: 1
loss: 0.7624, acc: 0.5938
loss: 0.8610, acc: 0.5893
loss: 0.8106, acc: 0.6328
loss: 0.8140, acc: 0.6415
loss: 0.8004, acc: 0.6520
loss: 0.7959, acc: 0.6528
loss: 0.7915, acc: 0.6592
loss: 0.8088, acc: 0.6520
loss: 0.8045, acc: 0.6540
loss: 0.7988, acc: 0.6596
loss: 0.7933, acc: 0.6629
loss: 0.7792, acc: 0.6721
loss: 0.7886, acc: 0.6689
loss: 0.7881, acc: 0.6674
loss: 0.7911, acc: 0.6623
> val_acc: 0.6708, val_f1: 0.6246
> best_val_acc: 0.6614, best_val_f1: 0.5770
>> saved: state_dict/igcn_embed_laptop_val_acc0.6708
>>>>>>>>>>>>>>>>>>>>>>>>>>>>>>>>>>>>>>>>>>>>>>>>>>>>>>>>>>>>>>>>>>>>>>>>>>>>>>>>>>>>>>>>>>>>>>>>>>>>
epoch: 2
loss: 0.7438, acc: 0.7266
loss: 0.7514, acc: 0.7118
loss: 0.7543, acc: 0.6964
loss: 0.7417, acc: 0.6957
loss: 0.7438, acc: 0.6914
loss: 0.7399, acc: 0.6983
loss: 0.7155, acc: 0.7077
loss: 0.6971, acc: 0.7139
loss: 0.6854, acc: 0.7209
loss: 0.6916, acc: 0.7175
loss: 0.6817, acc: 0.7228
loss: 0.6652, acc: 0.7309
loss: 0.6643, acc: 0.7305
loss: 0.6657, acc: 0.7310
> val_acc: 0.6912, val_f1: 0.6233
> best_val_acc: 0.6708, best_val_f1: 0.6246
>> saved: state_dict/igcn_embed_laptop_val_acc0.6912
>>>>>>>>>>>>>>>>>>>>>>>>>>>>>>>>>>>>>>>>>>>>>>>>>>>>>>>>>>>>>>>>>>>>>>>>>>>>>>>>>>>>>>>>>>>>>>>>>>>>
epoch: 3
loss: 0.4157, acc: 0.9688
loss: 0.6144, acc: 0.7604
loss: 0.6243, acc: 0.7301
loss: 0.6212, acc: 0.7305
loss: 0.5934, acc: 0.7470
loss: 0.6012, acc: 0.7392
loss: 0.5874, acc: 0.7450
loss: 0.5929, acc: 0.7413
loss: 0.5892, acc: 0.7439
loss: 0.5887, acc: 0.7446
loss: 0.5934, acc: 0.7420
loss: 0.5969, acc: 0.7422
loss: 0.6004, acc: 0.7423
loss: 0.6040, acc: 0.7438
loss: 0.6042, acc: 0.7434
> val_acc: 0.6787, val_f1: 0.6113
> best_val_acc: 0.6912, best_val_f1: 0.6246
>>>>>>>>>>>>>>>>>>>>>>>>>>>>>>>>>>>>>>>>>>>>>>>>>>>>>>>>>>>>>>>>>>>>>>>>>>>>>>>>>>>>>>>>>>>>>>>>>>>>
epoch: 4
loss: 0.6155, acc: 0.7396
loss: 0.5400, acc: 0.8047
loss: 0.5561, acc: 0.7861
loss: 0.5566, acc: 0.7743
loss: 0.5579, acc: 0.7717
loss: 0.5444, acc: 0.7790
loss: 0.5472, acc: 0.7765
loss: 0.5626, acc: 0.7681
loss: 0.5636, acc: 0.7667
loss: 0.5588, acc: 0.7702
loss: 0.5593, acc: 0.7712
loss: 0.5499, acc: 0.7759
loss: 0.5521, acc: 0.7758
loss: 0.5531, acc: 0.7744
loss: 0.5560, acc: 0.7732
> val_acc: 0.6677, val_f1: 0.6268
> best_val_acc: 0.6912, best_val_f1: 0.6246
>>>>>>>>>>>>>>>>>>>>>>>>>>>>>>>>>>>>>>>>>>>>>>>>>>>>>>>>>>>>>>>>>>>>>>>>>>>>>>>>>>>>>>>>>>>>>>>>>>>>
epoch: 5
loss: 0.7297, acc: 0.7125
loss: 0.5897, acc: 0.7562
loss: 0.5735, acc: 0.7604
loss: 0.5430, acc: 0.7703
loss: 0.5549, acc: 0.7650
loss: 0.5523, acc: 0.7688
loss: 0.5401, acc: 0.7777
loss: 0.5403, acc: 0.7828
loss: 0.5328, acc: 0.7847
loss: 0.5373, acc: 0.7819
loss: 0.5354, acc: 0.7847
loss: 0.5352, acc: 0.7870
loss: 0.5310, acc: 0.7904
loss: 0.5325, acc: 0.7897
> val_acc: 0.6787, val_f1: 0.5836
> best_val_acc: 0.6912, best_val_f1: 0.6268
>>>>>>>>>>>>>>>>>>>>>>>>>>>>>>>>>>>>>>>>>>>>>>>>>>>>>>>>>>>>>>>>>>>>>>>>>>>>>>>>>>>>>>>>>>>>>>>>>>>>
epoch: 6
loss: 0.3947, acc: 0.8281
loss: 0.4726, acc: 0.7991
loss: 0.4695, acc: 0.8047
loss: 0.4584, acc: 0.8070
loss: 0.4536, acc: 0.8111
loss: 0.4598, acc: 0.8079
loss: 0.4582, acc: 0.8135
loss: 0.4617, acc: 0.8125
loss: 0.4544, acc: 0.8132
loss: 0.4540, acc: 0.8158
loss: 0.4538, acc: 0.8155
loss: 0.4516, acc: 0.8147
loss: 0.4624, acc: 0.8080
loss: 0.4651, acc: 0.8074
loss: 0.4691, acc: 0.8069
> val_acc: 0.7006, val_f1: 0.6436
> best_val_acc: 0.6912, best_val_f1: 0.6268
>> saved: state_dict/igcn_embed_laptop_val_acc0.7006
>>>>>>>>>>>>>>>>>>>>>>>>>>>>>>>>>>>>>>>>>>>>>>>>>>>>>>>>>>>>>>>>>>>>>>>>>>>>>>>>>>>>>>>>>>>>>>>>>>>>
epoch: 7
loss: 0.3711, acc: 0.8906
loss: 0.3471, acc: 0.8681
loss: 0.3837, acc: 0.8482
loss: 0.4012, acc: 0.8388
loss: 0.4061, acc: 0.8385
loss: 0.4061, acc: 0.8405
loss: 0.3970, acc: 0.8474
loss: 0.3951, acc: 0.8494
loss: 0.3998, acc: 0.8494
loss: 0.4037, acc: 0.8495
loss: 0.4163, acc: 0.8414
loss: 0.4174, acc: 0.8411
loss: 0.4224, acc: 0.8398
loss: 0.4218, acc: 0.8392
> val_acc: 0.7006, val_f1: 0.6225
> best_val_acc: 0.7006, best_val_f1: 0.6436
>>>>>>>>>>>>>>>>>>>>>>>>>>>>>>>>>>>>>>>>>>>>>>>>>>>>>>>>>>>>>>>>>>>>>>>>>>>>>>>>>>>>>>>>>>>>>>>>>>>>
epoch: 8
loss: 0.4182, acc: 0.7812
loss: 0.3472, acc: 0.8698
loss: 0.3860, acc: 0.8352
loss: 0.3853, acc: 0.8418
loss: 0.3857, acc: 0.8452
loss: 0.3747, acc: 0.8462
loss: 0.3689, acc: 0.8478
loss: 0.3799, acc: 0.8429
loss: 0.3778, acc: 0.8468
loss: 0.3872, acc: 0.8444
loss: 0.3923, acc: 0.8431
loss: 0.3925, acc: 0.8432
loss: 0.3957, acc: 0.8407
loss: 0.3950, acc: 0.8395
loss: 0.3995, acc: 0.8385
> val_acc: 0.6944, val_f1: 0.6303
> best_val_acc: 0.7006, best_val_f1: 0.6436
>>>>>>>>>>>>>>>>>>>>>>>>>>>>>>>>>>>>>>>>>>>>>>>>>>>>>>>>>>>>>>>>>>>>>>>>>>>>>>>>>>>>>>>>>>>>>>>>>>>>
epoch: 9
loss: 0.3260, acc: 0.8750
loss: 0.2932, acc: 0.8828
loss: 0.3276, acc: 0.8630
loss: 0.3443, acc: 0.8594
loss: 0.3350, acc: 0.8696
loss: 0.3378, acc: 0.8672
loss: 0.3309, acc: 0.8693
loss: 0.3334, acc: 0.8692
loss: 0.3326, acc: 0.8721
loss: 0.3388, acc: 0.8691
loss: 0.3425, acc: 0.8715
loss: 0.3406, acc: 0.8734
loss: 0.3489, acc: 0.8720
loss: 0.3499, acc: 0.8709
loss: 0.3583, acc: 0.8673
> val_acc: 0.6755, val_f1: 0.5951
> best_val_acc: 0.7006, best_val_f1: 0.6436
>>>>>>>>>>>>>>>>>>>>>>>>>>>>>>>>>>>>>>>>>>>>>>>>>>>>>>>>>>>>>>>>>>>>>>>>>>>>>>>>>>>>>>>>>>>>>>>>>>>>
epoch: 10
loss: 0.3384, acc: 0.8688
loss: 0.3308, acc: 0.8656
loss: 0.3222, acc: 0.8688
loss: 0.3072, acc: 0.8766
loss: 0.3168, acc: 0.8775
loss: 0.3172, acc: 0.8750
loss: 0.3069, acc: 0.8795
loss: 0.3104, acc: 0.8758
loss: 0.3140, acc: 0.8764
loss: 0.3165, acc: 0.8750
loss: 0.3159, acc: 0.8761
loss: 0.3189, acc: 0.8750
loss: 0.3218, acc: 0.8760
loss: 0.3213, acc: 0.8772
> val_acc: 0.6771, val_f1: 0.6127
> best_val_acc: 0.7006, best_val_f1: 0.6436
>>>>>>>>>>>>>>>>>>>>>>>>>>>>>>>>>>>>>>>>>>>>>>>>>>>>>>>>>>>>>>>>>>>>>>>>>>>>>>>>>>>>>>>>>>>>>>>>>>>>
epoch: 11
loss: 0.3058, acc: 0.8594
loss: 0.2525, acc: 0.8795
loss: 0.2730, acc: 0.8828
loss: 0.2651, acc: 0.8934
loss: 0.2719, acc: 0.8991
loss: 0.2704, acc: 0.9005
loss: 0.2594, acc: 0.9023
loss: 0.2517, acc: 0.9062
loss: 0.2648, acc: 0.9018
loss: 0.2691, acc: 0.9016
loss: 0.2726, acc: 0.8990
loss: 0.2776, acc: 0.8975
loss: 0.2799, acc: 0.8972
loss: 0.2850, acc: 0.8941
loss: 0.2830, acc: 0.8945
> val_acc: 0.6771, val_f1: 0.6033
> best_val_acc: 0.7006, best_val_f1: 0.6436
>>>>>>>>>>>>>>>>>>>>>>>>>>>>>>>>>>>>>>>>>>>>>>>>>>>>>>>>>>>>>>>>>>>>>>>>>>>>>>>>>>>>>>>>>>>>>>>>>>>>
epoch: 12
loss: 0.1818, acc: 0.9297
loss: 0.2292, acc: 0.9167
loss: 0.2388, acc: 0.9107
loss: 0.2405, acc: 0.9013
loss: 0.2616, acc: 0.8984
loss: 0.2744, acc: 0.8912
loss: 0.2655, acc: 0.8925
loss: 0.2609, acc: 0.8958
loss: 0.2586, acc: 0.8949
loss: 0.2546, acc: 0.8973
loss: 0.2556, acc: 0.8970
loss: 0.2562, acc: 0.8988
loss: 0.2579, acc: 0.8989
loss: 0.2659, acc: 0.8981
> val_acc: 0.7038, val_f1: 0.6442
> best_val_acc: 0.7006, best_val_f1: 0.6436
>> saved: state_dict/igcn_embed_laptop_val_acc0.7038
>>>>>>>>>>>>>>>>>>>>>>>>>>>>>>>>>>>>>>>>>>>>>>>>>>>>>>>>>>>>>>>>>>>>>>>>>>>>>>>>>>>>>>>>>>>>>>>>>>>>
epoch: 13
loss: 0.2141, acc: 0.9062
loss: 0.2194, acc: 0.9167
loss: 0.2254, acc: 0.9091
loss: 0.2233, acc: 0.9238
loss: 0.2241, acc: 0.9211
loss: 0.2153, acc: 0.9267
loss: 0.2278, acc: 0.9204
loss: 0.2344, acc: 0.9184
loss: 0.2279, acc: 0.9184
loss: 0.2363, acc: 0.9130
loss: 0.2346, acc: 0.9142
loss: 0.2409, acc: 0.9118
loss: 0.2461, acc: 0.9078
loss: 0.2388, acc: 0.9110
loss: 0.2442, acc: 0.9085
> val_acc: 0.6536, val_f1: 0.5685
> best_val_acc: 0.7038, best_val_f1: 0.6442
>>>>>>>>>>>>>>>>>>>>>>>>>>>>>>>>>>>>>>>>>>>>>>>>>>>>>>>>>>>>>>>>>>>>>>>>>>>>>>>>>>>>>>>>>>>>>>>>>>>>
epoch: 14
loss: 0.1665, acc: 0.9479
loss: 0.1945, acc: 0.9219
loss: 0.1831, acc: 0.9279
loss: 0.1730, acc: 0.9306
loss: 0.1714, acc: 0.9293
loss: 0.1924, acc: 0.9196
loss: 0.1885, acc: 0.9252
loss: 0.1990, acc: 0.9219
loss: 0.2037, acc: 0.9193
loss: 0.2025, acc: 0.9199
loss: 0.2047, acc: 0.9198
loss: 0.2066, acc: 0.9208
loss: 0.2154, acc: 0.9182
loss: 0.2163, acc: 0.9187
loss: 0.2226, acc: 0.9167
> val_acc: 0.6850, val_f1: 0.5956
> best_val_acc: 0.7038, best_val_f1: 0.6442
>>>>>>>>>>>>>>>>>>>>>>>>>>>>>>>>>>>>>>>>>>>>>>>>>>>>>>>>>>>>>>>>>>>>>>>>>>>>>>>>>>>>>>>>>>>>>>>>>>>>
epoch: 15
loss: 0.2201, acc: 0.9250
loss: 0.2249, acc: 0.9156
loss: 0.1987, acc: 0.9313
loss: 0.2012, acc: 0.9344
loss: 0.2069, acc: 0.9300
loss: 0.2053, acc: 0.9250
loss: 0.2007, acc: 0.9277
loss: 0.1990, acc: 0.9281
loss: 0.1940, acc: 0.9299
loss: 0.1912, acc: 0.9300
loss: 0.1913, acc: 0.9301
loss: 0.1932, acc: 0.9302
loss: 0.1893, acc: 0.9327
loss: 0.1956, acc: 0.9299
> val_acc: 0.6646, val_f1: 0.5766
> best_val_acc: 0.7038, best_val_f1: 0.6442
>>>>>>>>>>>>>>>>>>>>>>>>>>>>>>>>>>>>>>>>>>>>>>>>>>>>>>>>>>>>>>>>>>>>>>>>>>>>>>>>>>>>>>>>>>>>>>>>>>>>
epoch: 16
loss: 0.2390, acc: 0.8906
loss: 0.2076, acc: 0.8884
loss: 0.1889, acc: 0.9062
loss: 0.1960, acc: 0.9154
loss: 0.1941, acc: 0.9219
loss: 0.1876, acc: 0.9282
loss: 0.1861, acc: 0.9287
loss: 0.1805, acc: 0.9316
loss: 0.1783, acc: 0.9345
loss: 0.1731, acc: 0.9362
loss: 0.1767, acc: 0.9351
loss: 0.1850, acc: 0.9304
loss: 0.1898, acc: 0.9269
loss: 0.1905, acc: 0.9268
loss: 0.1981, acc: 0.9227
> val_acc: 0.7022, val_f1: 0.6445
> best_val_acc: 0.7038, best_val_f1: 0.6442
>>>>>>>>>>>>>>>>>>>>>>>>>>>>>>>>>>>>>>>>>>>>>>>>>>>>>>>>>>>>>>>>>>>>>>>>>>>>>>>>>>>>>>>>>>>>>>>>>>>>
epoch: 17
loss: 0.1873, acc: 0.9609
loss: 0.1903, acc: 0.9444
loss: 0.1822, acc: 0.9420
loss: 0.1683, acc: 0.9441
loss: 0.1831, acc: 0.9414
loss: 0.1833, acc: 0.9397
loss: 0.1762, acc: 0.9430
loss: 0.1691, acc: 0.9447
loss: 0.1686, acc: 0.9446
loss: 0.1720, acc: 0.9413
loss: 0.1749, acc: 0.9398
loss: 0.1759, acc: 0.9401
loss: 0.1761, acc: 0.9365
loss: 0.1751, acc: 0.9366
> val_acc: 0.6787, val_f1: 0.6122
> best_val_acc: 0.7038, best_val_f1: 0.6445
>>>>>>>>>>>>>>>>>>>>>>>>>>>>>>>>>>>>>>>>>>>>>>>>>>>>>>>>>>>>>>>>>>>>>>>>>>>>>>>>>>>>>>>>>>>>>>>>>>>>
epoch: 18
loss: 0.1597, acc: 0.9062
loss: 0.1582, acc: 0.9427
loss: 0.1509, acc: 0.9460
loss: 0.1680, acc: 0.9316
loss: 0.1766, acc: 0.9256
loss: 0.1679, acc: 0.9339
loss: 0.1641, acc: 0.9355
loss: 0.1554, acc: 0.9401
loss: 0.1552, acc: 0.9405
loss: 0.1615, acc: 0.9382
loss: 0.1586, acc: 0.9400
loss: 0.1569, acc: 0.9397
loss: 0.1586, acc: 0.9390
loss: 0.1601, acc: 0.9389
loss: 0.1686, acc: 0.9349
> val_acc: 0.6897, val_f1: 0.6239
> best_val_acc: 0.7038, best_val_f1: 0.6445
>>>>>>>>>>>>>>>>>>>>>>>>>>>>>>>>>>>>>>>>>>>>>>>>>>>>>>>>>>>>>>>>>>>>>>>>>>>>>>>>>>>>>>>>>>>>>>>>>>>>
epoch: 19
loss: 0.2019, acc: 0.9062
loss: 0.1905, acc: 0.9180
loss: 0.1693, acc: 0.9279
loss: 0.1760, acc: 0.9323
loss: 0.1648, acc: 0.9361
loss: 0.1615, acc: 0.9397
loss: 0.1622, acc: 0.9413
loss: 0.1703, acc: 0.9375
loss: 0.1698, acc: 0.9375
loss: 0.1606, acc: 0.9408
loss: 0.1574, acc: 0.9434
loss: 0.1662, acc: 0.9429
loss: 0.1609, acc: 0.9449
loss: 0.1614, acc: 0.9439
loss: 0.1601, acc: 0.9424
> val_acc: 0.6850, val_f1: 0.6124
> best_val_acc: 0.7038, best_val_f1: 0.6445
>>>>>>>>>>>>>>>>>>>>>>>>>>>>>>>>>>>>>>>>>>>>>>>>>>>>>>>>>>>>>>>>>>>>>>>>>>>>>>>>>>>>>>>>>>>>>>>>>>>>
epoch: 20
loss: 0.1520, acc: 0.9500
loss: 0.1330, acc: 0.9563
loss: 0.1317, acc: 0.9563
loss: 0.1386, acc: 0.9484
loss: 0.1337, acc: 0.9450
loss: 0.1310, acc: 0.9448
loss: 0.1280, acc: 0.9473
loss: 0.1382, acc: 0.9430
loss: 0.1318, acc: 0.9451
loss: 0.1345, acc: 0.9425
loss: 0.1425, acc: 0.9403
loss: 0.1459, acc: 0.9396
loss: 0.1449, acc: 0.9394
loss: 0.1519, acc: 0.9371
> val_acc: 0.6803, val_f1: 0.6071
> best_val_acc: 0.7038, best_val_f1: 0.6445
>>>>>>>>>>>>>>>>>>>>>>>>>>>>>>>>>>>>>>>>>>>>>>>>>>>>>>>>>>>>>>>>>>>>>>>>>>>>>>>>>>>>>>>>>>>>>>>>>>>>
epoch: 21
loss: 0.1339, acc: 0.9375
loss: 0.1103, acc: 0.9464
loss: 0.1303, acc: 0.9505
loss: 0.1357, acc: 0.9449
loss: 0.1434, acc: 0.9418
loss: 0.1495, acc: 0.9433
loss: 0.1552, acc: 0.9434
loss: 0.1548, acc: 0.9434
loss: 0.1541, acc: 0.9442
loss: 0.1527, acc: 0.9448
loss: 0.1465, acc: 0.9453
loss: 0.1510, acc: 0.9430
loss: 0.1490, acc: 0.9441
loss: 0.1487, acc: 0.9450
loss: 0.1513, acc: 0.9436
> val_acc: 0.6740, val_f1: 0.5968
> best_val_acc: 0.7038, best_val_f1: 0.6445
>>>>>>>>>>>>>>>>>>>>>>>>>>>>>>>>>>>>>>>>>>>>>>>>>>>>>>>>>>>>>>>>>>>>>>>>>>>>>>>>>>>>>>>>>>>>>>>>>>>>
epoch: 22
loss: 0.1278, acc: 0.9453
loss: 0.1350, acc: 0.9479
loss: 0.1399, acc: 0.9464
loss: 0.1425, acc: 0.9523
loss: 0.1279, acc: 0.9583
loss: 0.1239, acc: 0.9569
loss: 0.1207, acc: 0.9586
loss: 0.1232, acc: 0.9575
loss: 0.1240, acc: 0.9567
loss: 0.1216, acc: 0.9573
loss: 0.1250, acc: 0.9554
loss: 0.1270, acc: 0.9550
loss: 0.1260, acc: 0.9546
loss: 0.1251, acc: 0.9552
> val_acc: 0.6850, val_f1: 0.6293
> best_val_acc: 0.7038, best_val_f1: 0.6445
>>>>>>>>>>>>>>>>>>>>>>>>>>>>>>>>>>>>>>>>>>>>>>>>>>>>>>>>>>>>>>>>>>>>>>>>>>>>>>>>>>>>>>>>>>>>>>>>>>>>
epoch: 23
loss: 0.0417, acc: 1.0000
loss: 0.0814, acc: 0.9792
loss: 0.0928, acc: 0.9659
loss: 0.0963, acc: 0.9648
loss: 0.1126, acc: 0.9613
loss: 0.1154, acc: 0.9603
loss: 0.1132, acc: 0.9607
loss: 0.1192, acc: 0.9592
loss: 0.1196, acc: 0.9588
loss: 0.1245, acc: 0.9565
loss: 0.1256, acc: 0.9565
loss: 0.1195, acc: 0.9581
loss: 0.1246, acc: 0.9554
loss: 0.1273, acc: 0.9536
loss: 0.1306, acc: 0.9525
> val_acc: 0.6881, val_f1: 0.6099
> best_val_acc: 0.7038, best_val_f1: 0.6445
>>>>>>>>>>>>>>>>>>>>>>>>>>>>>>>>>>>>>>>>>>>>>>>>>>>>>>>>>>>>>>>>>>>>>>>>>>>>>>>>>>>>>>>>>>>>>>>>>>>>
epoch: 24
loss: 0.0522, acc: 0.9896
loss: 0.0899, acc: 0.9727
loss: 0.1100, acc: 0.9639
loss: 0.1096, acc: 0.9635
loss: 0.1142, acc: 0.9592
loss: 0.1092, acc: 0.9609
loss: 0.1238, acc: 0.9545
loss: 0.1186, acc: 0.9581
loss: 0.1116, acc: 0.9615
loss: 0.1097, acc: 0.9616
loss: 0.1071, acc: 0.9634
loss: 0.1090, acc: 0.9612
loss: 0.1125, acc: 0.9598
loss: 0.1111, acc: 0.9596
loss: 0.1070, acc: 0.9609
> val_acc: 0.6803, val_f1: 0.6061
> best_val_acc: 0.7038, best_val_f1: 0.6445
>>>>>>>>>>>>>>>>>>>>>>>>>>>>>>>>>>>>>>>>>>>>>>>>>>>>>>>>>>>>>>>>>>>>>>>>>>>>>>>>>>>>>>>>>>>>>>>>>>>>
epoch: 25
loss: 0.0997, acc: 0.9563
loss: 0.0955, acc: 0.9656
loss: 0.1353, acc: 0.9542
loss: 0.1164, acc: 0.9625
loss: 0.1123, acc: 0.9625
loss: 0.1085, acc: 0.9625
loss: 0.1027, acc: 0.9634
loss: 0.0983, acc: 0.9633
loss: 0.1037, acc: 0.9604
loss: 0.1068, acc: 0.9594
loss: 0.1022, acc: 0.9614
loss: 0.0982, acc: 0.9635
loss: 0.0965, acc: 0.9639
loss: 0.0976, acc: 0.9625
> val_acc: 0.6693, val_f1: 0.5794
> best_val_acc: 0.7038, best_val_f1: 0.6445
>>>>>>>>>>>>>>>>>>>>>>>>>>>>>>>>>>>>>>>>>>>>>>>>>>>>>>>>>>>>>>>>>>>>>>>>>>>>>>>>>>>>>>>>>>>>>>>>>>>>
epoch: 26
loss: 0.2029, acc: 0.9219
loss: 0.1308, acc: 0.9509
loss: 0.1088, acc: 0.9583
loss: 0.1089, acc: 0.9577
loss: 0.1125, acc: 0.9602
loss: 0.1101, acc: 0.9606
loss: 0.1015, acc: 0.9629
loss: 0.1008, acc: 0.9645
loss: 0.1037, acc: 0.9635
loss: 0.1020, acc: 0.9634
loss: 0.0995, acc: 0.9633
loss: 0.1001, acc: 0.9644
loss: 0.1008, acc: 0.9642
loss: 0.1009, acc: 0.9650
loss: 0.1001, acc: 0.9644
> val_acc: 0.6724, val_f1: 0.6022
> best_val_acc: 0.7038, best_val_f1: 0.6445
>>>>>>>>>>>>>>>>>>>>>>>>>>>>>>>>>>>>>>>>>>>>>>>>>>>>>>>>>>>>>>>>>>>>>>>>>>>>>>>>>>>>>>>>>>>>>>>>>>>>
epoch: 27
loss: 0.0585, acc: 0.9688
loss: 0.0586, acc: 0.9653
loss: 0.0888, acc: 0.9531
loss: 0.0857, acc: 0.9605
loss: 0.0869, acc: 0.9609
loss: 0.0850, acc: 0.9623
loss: 0.0879, acc: 0.9632
loss: 0.0877, acc: 0.9639
loss: 0.0828, acc: 0.9659
loss: 0.0853, acc: 0.9643
loss: 0.0876, acc: 0.9630
loss: 0.0899, acc: 0.9624
loss: 0.0875, acc: 0.9634
loss: 0.0891, acc: 0.9624
> val_acc: 0.6834, val_f1: 0.6262
> best_val_acc: 0.7038, best_val_f1: 0.6445
>>>>>>>>>>>>>>>>>>>>>>>>>>>>>>>>>>>>>>>>>>>>>>>>>>>>>>>>>>>>>>>>>>>>>>>>>>>>>>>>>>>>>>>>>>>>>>>>>>>>
epoch: 28
loss: 0.0248, acc: 1.0000
loss: 0.0978, acc: 0.9583
loss: 0.0893, acc: 0.9688
loss: 0.0872, acc: 0.9648
loss: 0.0886, acc: 0.9673
loss: 0.0959, acc: 0.9663
loss: 0.0944, acc: 0.9657
loss: 0.0942, acc: 0.9653
loss: 0.1074, acc: 0.9611
loss: 0.1060, acc: 0.9613
loss: 0.1106, acc: 0.9620
loss: 0.1116, acc: 0.9626
loss: 0.1123, acc: 0.9626
loss: 0.1137, acc: 0.9607
loss: 0.1135, acc: 0.9608
> val_acc: 0.6912, val_f1: 0.6448
> best_val_acc: 0.7038, best_val_f1: 0.6445
>>>>>>>>>>>>>>>>>>>>>>>>>>>>>>>>>>>>>>>>>>>>>>>>>>>>>>>>>>>>>>>>>>>>>>>>>>>>>>>>>>>>>>>>>>>>>>>>>>>>
epoch: 29
loss: 0.1029, acc: 0.9583
loss: 0.1150, acc: 0.9531
loss: 0.1209, acc: 0.9567
loss: 0.1128, acc: 0.9618
loss: 0.0946, acc: 0.9688
loss: 0.0961, acc: 0.9665
loss: 0.1020, acc: 0.9621
loss: 0.0987, acc: 0.9622
loss: 0.0942, acc: 0.9644
loss: 0.0918, acc: 0.9655
loss: 0.0880, acc: 0.9676
loss: 0.0959, acc: 0.9655
loss: 0.0943, acc: 0.9668
loss: 0.0979, acc: 0.9655
loss: 0.0980, acc: 0.9652
> val_acc: 0.6818, val_f1: 0.6245
> best_val_acc: 0.7038, best_val_f1: 0.6448
>> test_acc: 0.7038, test_f1: 0.6442
