cuda memory allocated: 6884864
n_trainable_params: 1274203, n_nontrainable_params: 442532
> training arguments:
>>> model_name: igcn_embed
>>> model_ver: 3
>>> dataset: restaurant
>>> optimizer: <class 'torch.optim.adam.Adam'>
>>> initializer: <function xavier_uniform_ at 0x000001ADFEE53E18>
>>> learning_rate: 0.0003
>>> momentum: 0.95
>>> dropout: 0.35
>>> l2reg: 5e-05
>>> num_epoch: 30
>>> batch_size: 32
>>> log_step: 5
>>> embed_dim: 100
>>> hidden_dim: 300
>>> bert_dim: 768
>>> pretrained_bert_name: bert-base-uncased
>>> embeddings: d
>>> max_seq_len: 180
>>> polarities_dim: 3
>>> hops: 3
>>> device: cuda
>>> seed: 0
>>> valset_ratio: 0
>>> num_layers: 1
>>> in_channels: 100
>>> out_channels: 1
>>> downbot: 20
>>> kernel_size: 3
>>> position_dim: 100
>>> gating: GTU
>>> stanford_pos_model: C:/NLP_Programs/stanford-postagger-2018-10-16/models/english-bidirectional-distsim.tagger
>>> stanford_pos_jar: C:/NLP_Programs/stanford-postagger-2018-10-16/stanford-postagger.jar
>>> glove_path: ./embeddings/glove.840B.300d.txt
>>> embedding_matrix_path: gen_data/embeddings/100_restaurant_domain_embedding_matrix.dat
>>> model_class: <class 'models.igcn.IGCN'>
>>> dataset_file: {'train': './datasets/semeval14/Restaurants_Train.xml.seg', 'test': './datasets/semeval14/Restaurants_Test_Gold.xml.seg'}
>>> inputs_cols: ['text_raw_indices', 'aspect_indices', 'pos_indices', 'aspect_pos_indices', 'position_indices']
>>>>>>>>>>>>>>>>>>>>>>>>>>>>>>>>>>>>>>>>>>>>>>>>>>>>>>>>>>>>>>>>>>>>>>>>>>>>>>>>>>>>>>>>>>>>>>>>>>>>
epoch: 0
loss: 0.9237, acc: 0.6438
loss: 0.9236, acc: 0.6438
loss: 0.9697, acc: 0.6021
loss: 0.9848, acc: 0.5891
loss: 0.9793, acc: 0.5938
loss: 0.9766, acc: 0.5917
loss: 0.9708, acc: 0.5946
loss: 0.9606, acc: 0.6000
loss: 0.9555, acc: 0.5993
loss: 0.9495, acc: 0.6019
loss: 0.9492, acc: 0.6028
loss: 0.9469, acc: 0.6016
loss: 0.9421, acc: 0.6034
loss: 0.9421, acc: 0.6022
loss: 0.9445, acc: 0.5983
loss: 0.9380, acc: 0.6016
loss: 0.9355, acc: 0.6007
loss: 0.9324, acc: 0.6003
loss: 0.9311, acc: 0.5984
loss: 0.9245, acc: 0.6022
loss: 0.9213, acc: 0.6036
loss: 0.9171, acc: 0.6034
> val_acc: 0.6830, val_f1: 0.3702
> best_val_acc: 0.0000, best_val_f1: 0.0000
>> saved: state_dict/igcn_embed_restaurant_val_acc0.683
>>>>>>>>>>>>>>>>>>>>>>>>>>>>>>>>>>>>>>>>>>>>>>>>>>>>>>>>>>>>>>>>>>>>>>>>>>>>>>>>>>>>>>>>>>>>>>>>>>>>
epoch: 1
loss: 0.7921, acc: 0.6250
loss: 0.7978, acc: 0.6652
loss: 0.8210, acc: 0.6406
loss: 0.8110, acc: 0.6397
loss: 0.8115, acc: 0.6420
loss: 0.8010, acc: 0.6493
loss: 0.7853, acc: 0.6553
loss: 0.7867, acc: 0.6546
loss: 0.7880, acc: 0.6555
loss: 0.7822, acc: 0.6616
loss: 0.7810, acc: 0.6569
loss: 0.7828, acc: 0.6541
loss: 0.7790, acc: 0.6578
loss: 0.7802, acc: 0.6572
loss: 0.7721, acc: 0.6649
loss: 0.7775, acc: 0.6619
loss: 0.7750, acc: 0.6635
loss: 0.7705, acc: 0.6656
loss: 0.7674, acc: 0.6651
loss: 0.7623, acc: 0.6669
loss: 0.7620, acc: 0.6670
loss: 0.7577, acc: 0.6697
loss: 0.7560, acc: 0.6713
> val_acc: 0.7589, val_f1: 0.5945
> best_val_acc: 0.6830, best_val_f1: 0.3702
>> saved: state_dict/igcn_embed_restaurant_val_acc0.7589
>>>>>>>>>>>>>>>>>>>>>>>>>>>>>>>>>>>>>>>>>>>>>>>>>>>>>>>>>>>>>>>>>>>>>>>>>>>>>>>>>>>>>>>>>>>>>>>>>>>>
epoch: 2
loss: 0.7245, acc: 0.6875
loss: 0.7214, acc: 0.6910
loss: 0.6994, acc: 0.7165
loss: 0.6949, acc: 0.7253
loss: 0.6896, acc: 0.7266
loss: 0.6819, acc: 0.7317
loss: 0.6814, acc: 0.7307
loss: 0.6764, acc: 0.7300
loss: 0.6659, acc: 0.7337
loss: 0.6620, acc: 0.7334
loss: 0.6586, acc: 0.7338
loss: 0.6564, acc: 0.7336
loss: 0.6554, acc: 0.7310
loss: 0.6616, acc: 0.7264
loss: 0.6620, acc: 0.7264
loss: 0.6637, acc: 0.7239
loss: 0.6675, acc: 0.7217
loss: 0.6678, acc: 0.7216
loss: 0.6669, acc: 0.7221
loss: 0.6625, acc: 0.7238
loss: 0.6664, acc: 0.7215
loss: 0.6668, acc: 0.7208
> val_acc: 0.7830, val_f1: 0.6529
> best_val_acc: 0.7589, best_val_f1: 0.5945
>> saved: state_dict/igcn_embed_restaurant_val_acc0.783
>>>>>>>>>>>>>>>>>>>>>>>>>>>>>>>>>>>>>>>>>>>>>>>>>>>>>>>>>>>>>>>>>>>>>>>>>>>>>>>>>>>>>>>>>>>>>>>>>>>>
epoch: 3
loss: 0.4185, acc: 0.8750
loss: 0.6713, acc: 0.7188
loss: 0.6194, acc: 0.7301
loss: 0.6048, acc: 0.7480
loss: 0.6435, acc: 0.7307
loss: 0.6425, acc: 0.7344
loss: 0.6398, acc: 0.7339
loss: 0.6433, acc: 0.7387
loss: 0.6416, acc: 0.7348
loss: 0.6302, acc: 0.7405
loss: 0.6218, acc: 0.7420
loss: 0.6221, acc: 0.7427
loss: 0.6253, acc: 0.7418
loss: 0.6240, acc: 0.7415
loss: 0.6212, acc: 0.7438
loss: 0.6183, acc: 0.7438
loss: 0.6164, acc: 0.7454
loss: 0.6124, acc: 0.7464
loss: 0.6198, acc: 0.7445
loss: 0.6178, acc: 0.7458
loss: 0.6246, acc: 0.7441
loss: 0.6230, acc: 0.7453
loss: 0.6239, acc: 0.7447
> val_acc: 0.7804, val_f1: 0.6470
> best_val_acc: 0.7830, best_val_f1: 0.6529
>>>>>>>>>>>>>>>>>>>>>>>>>>>>>>>>>>>>>>>>>>>>>>>>>>>>>>>>>>>>>>>>>>>>>>>>>>>>>>>>>>>>>>>>>>>>>>>>>>>>
epoch: 4
loss: 0.5330, acc: 0.7396
loss: 0.5452, acc: 0.7734
loss: 0.5360, acc: 0.7837
loss: 0.5632, acc: 0.7691
loss: 0.5612, acc: 0.7690
loss: 0.5659, acc: 0.7690
loss: 0.5654, acc: 0.7756
loss: 0.5730, acc: 0.7697
loss: 0.5715, acc: 0.7667
loss: 0.5736, acc: 0.7624
loss: 0.5755, acc: 0.7588
loss: 0.5797, acc: 0.7575
loss: 0.5780, acc: 0.7569
loss: 0.5812, acc: 0.7574
loss: 0.5801, acc: 0.7568
loss: 0.5875, acc: 0.7540
loss: 0.5825, acc: 0.7575
loss: 0.5798, acc: 0.7596
loss: 0.5803, acc: 0.7571
loss: 0.5783, acc: 0.7583
loss: 0.5802, acc: 0.7582
loss: 0.5786, acc: 0.7595
loss: 0.5786, acc: 0.7597
> val_acc: 0.7875, val_f1: 0.6418
> best_val_acc: 0.7830, best_val_f1: 0.6529
>> saved: state_dict/igcn_embed_restaurant_val_acc0.7875
>>>>>>>>>>>>>>>>>>>>>>>>>>>>>>>>>>>>>>>>>>>>>>>>>>>>>>>>>>>>>>>>>>>>>>>>>>>>>>>>>>>>>>>>>>>>>>>>>>>>
epoch: 5
loss: 0.4754, acc: 0.8063
loss: 0.4941, acc: 0.8031
loss: 0.5192, acc: 0.7875
loss: 0.5504, acc: 0.7703
loss: 0.5431, acc: 0.7800
loss: 0.5532, acc: 0.7750
loss: 0.5453, acc: 0.7795
loss: 0.5655, acc: 0.7664
loss: 0.5581, acc: 0.7722
loss: 0.5494, acc: 0.7750
loss: 0.5479, acc: 0.7767
loss: 0.5535, acc: 0.7729
loss: 0.5511, acc: 0.7764
loss: 0.5534, acc: 0.7732
loss: 0.5574, acc: 0.7712
loss: 0.5568, acc: 0.7730
loss: 0.5547, acc: 0.7732
loss: 0.5537, acc: 0.7747
loss: 0.5595, acc: 0.7727
loss: 0.5623, acc: 0.7712
loss: 0.5606, acc: 0.7726
loss: 0.5600, acc: 0.7736
> val_acc: 0.8018, val_f1: 0.6846
> best_val_acc: 0.7875, best_val_f1: 0.6529
>> saved: state_dict/igcn_embed_restaurant_val_acc0.8018
>>>>>>>>>>>>>>>>>>>>>>>>>>>>>>>>>>>>>>>>>>>>>>>>>>>>>>>>>>>>>>>>>>>>>>>>>>>>>>>>>>>>>>>>>>>>>>>>>>>>
epoch: 6
loss: 0.4885, acc: 0.7969
loss: 0.4973, acc: 0.7946
loss: 0.5195, acc: 0.7917
loss: 0.5114, acc: 0.7941
loss: 0.5096, acc: 0.7955
loss: 0.5198, acc: 0.7928
loss: 0.5154, acc: 0.7930
loss: 0.5206, acc: 0.7872
loss: 0.5312, acc: 0.7842
loss: 0.5393, acc: 0.7819
loss: 0.5348, acc: 0.7819
loss: 0.5335, acc: 0.7818
loss: 0.5368, acc: 0.7823
loss: 0.5297, acc: 0.7873
loss: 0.5374, acc: 0.7843
loss: 0.5390, acc: 0.7825
loss: 0.5378, acc: 0.7839
loss: 0.5396, acc: 0.7820
loss: 0.5338, acc: 0.7843
loss: 0.5325, acc: 0.7848
loss: 0.5310, acc: 0.7865
loss: 0.5325, acc: 0.7848
loss: 0.5333, acc: 0.7840
> val_acc: 0.7991, val_f1: 0.6714
> best_val_acc: 0.8018, best_val_f1: 0.6846
>>>>>>>>>>>>>>>>>>>>>>>>>>>>>>>>>>>>>>>>>>>>>>>>>>>>>>>>>>>>>>>>>>>>>>>>>>>>>>>>>>>>>>>>>>>>>>>>>>>>
epoch: 7
loss: 0.5615, acc: 0.7656
loss: 0.5950, acc: 0.7674
loss: 0.5779, acc: 0.7746
loss: 0.5687, acc: 0.7747
loss: 0.5694, acc: 0.7721
loss: 0.5650, acc: 0.7705
loss: 0.5659, acc: 0.7702
loss: 0.5572, acc: 0.7756
loss: 0.5496, acc: 0.7798
loss: 0.5408, acc: 0.7838
loss: 0.5428, acc: 0.7847
loss: 0.5371, acc: 0.7881
loss: 0.5311, acc: 0.7886
loss: 0.5259, acc: 0.7903
loss: 0.5237, acc: 0.7905
loss: 0.5277, acc: 0.7888
loss: 0.5314, acc: 0.7883
loss: 0.5278, acc: 0.7904
loss: 0.5247, acc: 0.7916
loss: 0.5251, acc: 0.7920
loss: 0.5244, acc: 0.7930
loss: 0.5199, acc: 0.7942
> val_acc: 0.7875, val_f1: 0.6484
> best_val_acc: 0.8018, best_val_f1: 0.6846
>>>>>>>>>>>>>>>>>>>>>>>>>>>>>>>>>>>>>>>>>>>>>>>>>>>>>>>>>>>>>>>>>>>>>>>>>>>>>>>>>>>>>>>>>>>>>>>>>>>>
epoch: 8
loss: 0.5823, acc: 0.7188
loss: 0.4982, acc: 0.7865
loss: 0.5202, acc: 0.7898
loss: 0.5243, acc: 0.7812
loss: 0.5030, acc: 0.7932
loss: 0.5344, acc: 0.7788
loss: 0.5312, acc: 0.7883
loss: 0.5340, acc: 0.7847
loss: 0.5309, acc: 0.7835
loss: 0.5217, acc: 0.7874
loss: 0.5183, acc: 0.7886
loss: 0.5109, acc: 0.7891
loss: 0.5100, acc: 0.7925
loss: 0.5073, acc: 0.7964
loss: 0.5057, acc: 0.7953
loss: 0.5045, acc: 0.7965
loss: 0.5022, acc: 0.7975
loss: 0.4951, acc: 0.8016
loss: 0.4961, acc: 0.7995
loss: 0.4926, acc: 0.8021
loss: 0.4924, acc: 0.8026
loss: 0.4935, acc: 0.8022
loss: 0.4921, acc: 0.8029
> val_acc: 0.8098, val_f1: 0.7058
> best_val_acc: 0.8018, best_val_f1: 0.6846
>> saved: state_dict/igcn_embed_restaurant_val_acc0.8098
>>>>>>>>>>>>>>>>>>>>>>>>>>>>>>>>>>>>>>>>>>>>>>>>>>>>>>>>>>>>>>>>>>>>>>>>>>>>>>>>>>>>>>>>>>>>>>>>>>>>
epoch: 9
loss: 0.3942, acc: 0.8542
loss: 0.3949, acc: 0.8438
loss: 0.4227, acc: 0.8389
loss: 0.4727, acc: 0.8194
loss: 0.4828, acc: 0.8125
loss: 0.4890, acc: 0.8114
loss: 0.4850, acc: 0.8106
loss: 0.4749, acc: 0.8092
loss: 0.4757, acc: 0.8074
loss: 0.4815, acc: 0.8073
loss: 0.4763, acc: 0.8137
loss: 0.4736, acc: 0.8130
loss: 0.4696, acc: 0.8155
loss: 0.4758, acc: 0.8084
loss: 0.4744, acc: 0.8091
loss: 0.4768, acc: 0.8089
loss: 0.4755, acc: 0.8095
loss: 0.4729, acc: 0.8114
loss: 0.4717, acc: 0.8132
loss: 0.4703, acc: 0.8151
loss: 0.4710, acc: 0.8146
loss: 0.4690, acc: 0.8177
loss: 0.4720, acc: 0.8157
> val_acc: 0.8045, val_f1: 0.6952
> best_val_acc: 0.8098, best_val_f1: 0.7058
>>>>>>>>>>>>>>>>>>>>>>>>>>>>>>>>>>>>>>>>>>>>>>>>>>>>>>>>>>>>>>>>>>>>>>>>>>>>>>>>>>>>>>>>>>>>>>>>>>>>
epoch: 10
loss: 0.4608, acc: 0.8250
loss: 0.4451, acc: 0.8375
loss: 0.4225, acc: 0.8417
loss: 0.4278, acc: 0.8422
loss: 0.4249, acc: 0.8475
loss: 0.4349, acc: 0.8396
loss: 0.4330, acc: 0.8402
loss: 0.4224, acc: 0.8438
loss: 0.4162, acc: 0.8431
loss: 0.4324, acc: 0.8331
loss: 0.4354, acc: 0.8347
loss: 0.4345, acc: 0.8328
loss: 0.4346, acc: 0.8332
loss: 0.4371, acc: 0.8313
loss: 0.4367, acc: 0.8313
loss: 0.4374, acc: 0.8313
loss: 0.4486, acc: 0.8254
loss: 0.4490, acc: 0.8226
loss: 0.4501, acc: 0.8217
loss: 0.4458, acc: 0.8244
loss: 0.4480, acc: 0.8232
loss: 0.4504, acc: 0.8222
> val_acc: 0.8063, val_f1: 0.7016
> best_val_acc: 0.8098, best_val_f1: 0.7058
>>>>>>>>>>>>>>>>>>>>>>>>>>>>>>>>>>>>>>>>>>>>>>>>>>>>>>>>>>>>>>>>>>>>>>>>>>>>>>>>>>>>>>>>>>>>>>>>>>>>
epoch: 11
loss: 0.4410, acc: 0.8750
loss: 0.3785, acc: 0.8795
loss: 0.3932, acc: 0.8568
loss: 0.4158, acc: 0.8493
loss: 0.4401, acc: 0.8310
loss: 0.4335, acc: 0.8345
loss: 0.4356, acc: 0.8359
loss: 0.4279, acc: 0.8429
loss: 0.4294, acc: 0.8423
loss: 0.4280, acc: 0.8444
loss: 0.4231, acc: 0.8462
loss: 0.4222, acc: 0.8454
loss: 0.4294, acc: 0.8412
loss: 0.4283, acc: 0.8419
loss: 0.4252, acc: 0.8416
loss: 0.4227, acc: 0.8421
loss: 0.4214, acc: 0.8438
loss: 0.4205, acc: 0.8434
loss: 0.4207, acc: 0.8431
loss: 0.4191, acc: 0.8438
loss: 0.4146, acc: 0.8441
loss: 0.4138, acc: 0.8449
loss: 0.4165, acc: 0.8443
> val_acc: 0.8063, val_f1: 0.7110
> best_val_acc: 0.8098, best_val_f1: 0.7058
>>>>>>>>>>>>>>>>>>>>>>>>>>>>>>>>>>>>>>>>>>>>>>>>>>>>>>>>>>>>>>>>>>>>>>>>>>>>>>>>>>>>>>>>>>>>>>>>>>>>
epoch: 12
loss: 0.3990, acc: 0.8438
loss: 0.3599, acc: 0.8542
loss: 0.3509, acc: 0.8549
loss: 0.3702, acc: 0.8503
loss: 0.3654, acc: 0.8529
loss: 0.3636, acc: 0.8567
loss: 0.3791, acc: 0.8511
loss: 0.3776, acc: 0.8542
loss: 0.3895, acc: 0.8487
loss: 0.3929, acc: 0.8495
loss: 0.3962, acc: 0.8484
loss: 0.3950, acc: 0.8496
loss: 0.3952, acc: 0.8486
loss: 0.3929, acc: 0.8496
loss: 0.3928, acc: 0.8526
loss: 0.3904, acc: 0.8528
loss: 0.3868, acc: 0.8538
loss: 0.3894, acc: 0.8522
loss: 0.3908, acc: 0.8514
loss: 0.3936, acc: 0.8510
loss: 0.3956, acc: 0.8516
loss: 0.3924, acc: 0.8549
> val_acc: 0.8018, val_f1: 0.7042
> best_val_acc: 0.8098, best_val_f1: 0.7110
>>>>>>>>>>>>>>>>>>>>>>>>>>>>>>>>>>>>>>>>>>>>>>>>>>>>>>>>>>>>>>>>>>>>>>>>>>>>>>>>>>>>>>>>>>>>>>>>>>>>
epoch: 13
loss: 0.2978, acc: 0.9062
loss: 0.3891, acc: 0.8542
loss: 0.3498, acc: 0.8750
loss: 0.3775, acc: 0.8672
loss: 0.3662, acc: 0.8676
loss: 0.3769, acc: 0.8654
loss: 0.3728, acc: 0.8629
loss: 0.3659, acc: 0.8663
loss: 0.3654, acc: 0.8666
loss: 0.3673, acc: 0.8641
loss: 0.3686, acc: 0.8621
loss: 0.3738, acc: 0.8594
loss: 0.3694, acc: 0.8617
loss: 0.3688, acc: 0.8608
loss: 0.3635, acc: 0.8631
loss: 0.3653, acc: 0.8623
loss: 0.3673, acc: 0.8611
loss: 0.3657, acc: 0.8634
loss: 0.3705, acc: 0.8630
loss: 0.3673, acc: 0.8646
loss: 0.3690, acc: 0.8639
loss: 0.3697, acc: 0.8626
loss: 0.3687, acc: 0.8632
> val_acc: 0.7991, val_f1: 0.6968
> best_val_acc: 0.8098, best_val_f1: 0.7110
>>>>>>>>>>>>>>>>>>>>>>>>>>>>>>>>>>>>>>>>>>>>>>>>>>>>>>>>>>>>>>>>>>>>>>>>>>>>>>>>>>>>>>>>>>>>>>>>>>>>
epoch: 14
loss: 0.3552, acc: 0.8542
loss: 0.2864, acc: 0.8984
loss: 0.3106, acc: 0.8846
loss: 0.3092, acc: 0.8854
loss: 0.3106, acc: 0.8886
loss: 0.3275, acc: 0.8783
loss: 0.3384, acc: 0.8759
loss: 0.3324, acc: 0.8775
loss: 0.3336, acc: 0.8801
loss: 0.3387, acc: 0.8789
loss: 0.3422, acc: 0.8779
loss: 0.3442, acc: 0.8788
loss: 0.3400, acc: 0.8790
loss: 0.3385, acc: 0.8801
loss: 0.3380, acc: 0.8797
loss: 0.3404, acc: 0.8794
loss: 0.3396, acc: 0.8799
loss: 0.3400, acc: 0.8786
loss: 0.3386, acc: 0.8784
loss: 0.3395, acc: 0.8779
loss: 0.3403, acc: 0.8774
loss: 0.3396, acc: 0.8779
loss: 0.3437, acc: 0.8761
> val_acc: 0.7991, val_f1: 0.6916
> best_val_acc: 0.8098, best_val_f1: 0.7110
>>>>>>>>>>>>>>>>>>>>>>>>>>>>>>>>>>>>>>>>>>>>>>>>>>>>>>>>>>>>>>>>>>>>>>>>>>>>>>>>>>>>>>>>>>>>>>>>>>>>
epoch: 15
loss: 0.3200, acc: 0.8750
loss: 0.3368, acc: 0.8688
loss: 0.3092, acc: 0.8917
loss: 0.2966, acc: 0.9016
loss: 0.2857, acc: 0.9050
loss: 0.2948, acc: 0.9052
loss: 0.2912, acc: 0.9062
loss: 0.3007, acc: 0.9055
loss: 0.2999, acc: 0.9035
loss: 0.3086, acc: 0.8994
loss: 0.3122, acc: 0.8977
loss: 0.3094, acc: 0.8979
loss: 0.3109, acc: 0.8957
loss: 0.3132, acc: 0.8942
loss: 0.3127, acc: 0.8950
loss: 0.3175, acc: 0.8918
loss: 0.3203, acc: 0.8897
loss: 0.3166, acc: 0.8917
loss: 0.3138, acc: 0.8921
loss: 0.3171, acc: 0.8916
loss: 0.3181, acc: 0.8890
loss: 0.3221, acc: 0.8866
> val_acc: 0.8018, val_f1: 0.7083
> best_val_acc: 0.8098, best_val_f1: 0.7110
>>>>>>>>>>>>>>>>>>>>>>>>>>>>>>>>>>>>>>>>>>>>>>>>>>>>>>>>>>>>>>>>>>>>>>>>>>>>>>>>>>>>>>>>>>>>>>>>>>>>
epoch: 16
loss: 0.2580, acc: 0.9062
loss: 0.3182, acc: 0.8795
loss: 0.3057, acc: 0.8906
loss: 0.3195, acc: 0.8879
loss: 0.3158, acc: 0.8892
loss: 0.3126, acc: 0.8935
loss: 0.3088, acc: 0.8945
loss: 0.3062, acc: 0.8970
loss: 0.3006, acc: 0.8988
loss: 0.3084, acc: 0.8943
loss: 0.3088, acc: 0.8930
loss: 0.3184, acc: 0.8871
loss: 0.3148, acc: 0.8876
loss: 0.3116, acc: 0.8904
loss: 0.3045, acc: 0.8941
loss: 0.3013, acc: 0.8961
loss: 0.2981, acc: 0.8963
loss: 0.2991, acc: 0.8951
loss: 0.2981, acc: 0.8950
loss: 0.2987, acc: 0.8947
loss: 0.2952, acc: 0.8961
loss: 0.2921, acc: 0.8972
loss: 0.2884, acc: 0.8990
> val_acc: 0.8063, val_f1: 0.7116
> best_val_acc: 0.8098, best_val_f1: 0.7110
>>>>>>>>>>>>>>>>>>>>>>>>>>>>>>>>>>>>>>>>>>>>>>>>>>>>>>>>>>>>>>>>>>>>>>>>>>>>>>>>>>>>>>>>>>>>>>>>>>>>
epoch: 17
loss: 0.2471, acc: 0.9062
loss: 0.2599, acc: 0.9028
loss: 0.2661, acc: 0.9018
loss: 0.2664, acc: 0.9079
loss: 0.2852, acc: 0.8997
loss: 0.2899, acc: 0.8998
loss: 0.2787, acc: 0.9053
loss: 0.2763, acc: 0.9079
loss: 0.2771, acc: 0.9055
loss: 0.2777, acc: 0.9043
loss: 0.2719, acc: 0.9091
loss: 0.2682, acc: 0.9137
loss: 0.2675, acc: 0.9126
loss: 0.2712, acc: 0.9112
loss: 0.2699, acc: 0.9105
loss: 0.2723, acc: 0.9082
loss: 0.2697, acc: 0.9081
loss: 0.2690, acc: 0.9091
loss: 0.2676, acc: 0.9089
loss: 0.2654, acc: 0.9107
loss: 0.2666, acc: 0.9087
loss: 0.2661, acc: 0.9091
> val_acc: 0.7991, val_f1: 0.6940
> best_val_acc: 0.8098, best_val_f1: 0.7116
>>>>>>>>>>>>>>>>>>>>>>>>>>>>>>>>>>>>>>>>>>>>>>>>>>>>>>>>>>>>>>>>>>>>>>>>>>>>>>>>>>>>>>>>>>>>>>>>>>>>
epoch: 18
loss: 0.1688, acc: 0.9688
loss: 0.2051, acc: 0.9167
loss: 0.2043, acc: 0.9205
loss: 0.2149, acc: 0.9180
loss: 0.2270, acc: 0.9211
loss: 0.2275, acc: 0.9219
loss: 0.2303, acc: 0.9204
loss: 0.2273, acc: 0.9193
loss: 0.2301, acc: 0.9184
loss: 0.2334, acc: 0.9171
loss: 0.2274, acc: 0.9185
loss: 0.2267, acc: 0.9174
loss: 0.2335, acc: 0.9155
loss: 0.2342, acc: 0.9157
loss: 0.2382, acc: 0.9146
loss: 0.2419, acc: 0.9137
loss: 0.2425, acc: 0.9140
loss: 0.2423, acc: 0.9142
loss: 0.2419, acc: 0.9152
loss: 0.2387, acc: 0.9173
loss: 0.2384, acc: 0.9171
loss: 0.2399, acc: 0.9177
loss: 0.2416, acc: 0.9175
> val_acc: 0.7946, val_f1: 0.6795
> best_val_acc: 0.8098, best_val_f1: 0.7116
>>>>>>>>>>>>>>>>>>>>>>>>>>>>>>>>>>>>>>>>>>>>>>>>>>>>>>>>>>>>>>>>>>>>>>>>>>>>>>>>>>>>>>>>>>>>>>>>>>>>
epoch: 19
loss: 0.2210, acc: 0.9375
loss: 0.1993, acc: 0.9453
loss: 0.2234, acc: 0.9303
loss: 0.2238, acc: 0.9253
loss: 0.2207, acc: 0.9280
loss: 0.2242, acc: 0.9263
loss: 0.2253, acc: 0.9261
loss: 0.2262, acc: 0.9252
loss: 0.2309, acc: 0.9222
loss: 0.2355, acc: 0.9173
loss: 0.2326, acc: 0.9186
loss: 0.2291, acc: 0.9219
loss: 0.2269, acc: 0.9226
loss: 0.2250, acc: 0.9223
loss: 0.2230, acc: 0.9234
loss: 0.2244, acc: 0.9227
loss: 0.2211, acc: 0.9251
loss: 0.2204, acc: 0.9258
loss: 0.2181, acc: 0.9267
loss: 0.2213, acc: 0.9270
loss: 0.2229, acc: 0.9269
loss: 0.2240, acc: 0.9271
loss: 0.2247, acc: 0.9266
> val_acc: 0.8080, val_f1: 0.7179
> best_val_acc: 0.8098, best_val_f1: 0.7116
>>>>>>>>>>>>>>>>>>>>>>>>>>>>>>>>>>>>>>>>>>>>>>>>>>>>>>>>>>>>>>>>>>>>>>>>>>>>>>>>>>>>>>>>>>>>>>>>>>>>
epoch: 20
loss: 0.1674, acc: 0.9625
loss: 0.1670, acc: 0.9531
loss: 0.1731, acc: 0.9458
loss: 0.1837, acc: 0.9406
loss: 0.1943, acc: 0.9363
loss: 0.2015, acc: 0.9385
loss: 0.2035, acc: 0.9357
loss: 0.1920, acc: 0.9414
loss: 0.1930, acc: 0.9417
loss: 0.1899, acc: 0.9431
loss: 0.1910, acc: 0.9409
loss: 0.1906, acc: 0.9411
loss: 0.1892, acc: 0.9394
loss: 0.1903, acc: 0.9402
loss: 0.1897, acc: 0.9413
loss: 0.1858, acc: 0.9437
loss: 0.1862, acc: 0.9434
loss: 0.1869, acc: 0.9434
loss: 0.1856, acc: 0.9437
loss: 0.1867, acc: 0.9441
loss: 0.1885, acc: 0.9432
loss: 0.1899, acc: 0.9423
> val_acc: 0.7982, val_f1: 0.6943
> best_val_acc: 0.8098, best_val_f1: 0.7179
>>>>>>>>>>>>>>>>>>>>>>>>>>>>>>>>>>>>>>>>>>>>>>>>>>>>>>>>>>>>>>>>>>>>>>>>>>>>>>>>>>>>>>>>>>>>>>>>>>>>
epoch: 21
loss: 0.1840, acc: 0.9219
loss: 0.2180, acc: 0.9196
loss: 0.2248, acc: 0.9297
loss: 0.2040, acc: 0.9357
loss: 0.2038, acc: 0.9389
loss: 0.2006, acc: 0.9410
loss: 0.1999, acc: 0.9404
loss: 0.1954, acc: 0.9400
loss: 0.1922, acc: 0.9420
loss: 0.1894, acc: 0.9428
loss: 0.1837, acc: 0.9453
loss: 0.1824, acc: 0.9463
loss: 0.1817, acc: 0.9456
loss: 0.1805, acc: 0.9459
loss: 0.1812, acc: 0.9453
loss: 0.1841, acc: 0.9440
loss: 0.1830, acc: 0.9440
loss: 0.1827, acc: 0.9432
loss: 0.1819, acc: 0.9443
loss: 0.1802, acc: 0.9449
loss: 0.1816, acc: 0.9439
loss: 0.1789, acc: 0.9451
loss: 0.1778, acc: 0.9448
> val_acc: 0.7955, val_f1: 0.7006
> best_val_acc: 0.8098, best_val_f1: 0.7179
>>>>>>>>>>>>>>>>>>>>>>>>>>>>>>>>>>>>>>>>>>>>>>>>>>>>>>>>>>>>>>>>>>>>>>>>>>>>>>>>>>>>>>>>>>>>>>>>>>>>
epoch: 22
loss: 0.1315, acc: 0.9531
loss: 0.1534, acc: 0.9410
loss: 0.1610, acc: 0.9420
loss: 0.1480, acc: 0.9523
loss: 0.1472, acc: 0.9505
loss: 0.1498, acc: 0.9537
loss: 0.1443, acc: 0.9577
loss: 0.1466, acc: 0.9583
loss: 0.1580, acc: 0.9531
loss: 0.1585, acc: 0.9509
loss: 0.1559, acc: 0.9531
loss: 0.1596, acc: 0.9507
loss: 0.1568, acc: 0.9536
loss: 0.1590, acc: 0.9529
loss: 0.1578, acc: 0.9523
loss: 0.1560, acc: 0.9529
loss: 0.1568, acc: 0.9528
loss: 0.1574, acc: 0.9529
loss: 0.1590, acc: 0.9521
loss: 0.1596, acc: 0.9514
loss: 0.1585, acc: 0.9516
loss: 0.1604, acc: 0.9515
> val_acc: 0.7937, val_f1: 0.6959
> best_val_acc: 0.8098, best_val_f1: 0.7179
>>>>>>>>>>>>>>>>>>>>>>>>>>>>>>>>>>>>>>>>>>>>>>>>>>>>>>>>>>>>>>>>>>>>>>>>>>>>>>>>>>>>>>>>>>>>>>>>>>>>
epoch: 23
loss: 0.1960, acc: 0.9375
loss: 0.1587, acc: 0.9531
loss: 0.1333, acc: 0.9602
loss: 0.1330, acc: 0.9648
loss: 0.1359, acc: 0.9628
loss: 0.1419, acc: 0.9603
loss: 0.1415, acc: 0.9607
loss: 0.1343, acc: 0.9635
loss: 0.1346, acc: 0.9619
loss: 0.1289, acc: 0.9654
loss: 0.1285, acc: 0.9675
loss: 0.1324, acc: 0.9660
loss: 0.1307, acc: 0.9667
loss: 0.1307, acc: 0.9650
loss: 0.1285, acc: 0.9670
loss: 0.1270, acc: 0.9667
loss: 0.1279, acc: 0.9664
loss: 0.1324, acc: 0.9637
loss: 0.1311, acc: 0.9643
loss: 0.1331, acc: 0.9642
loss: 0.1338, acc: 0.9641
loss: 0.1346, acc: 0.9631
loss: 0.1342, acc: 0.9623
> val_acc: 0.7955, val_f1: 0.7048
> best_val_acc: 0.8098, best_val_f1: 0.7179
>>>>>>>>>>>>>>>>>>>>>>>>>>>>>>>>>>>>>>>>>>>>>>>>>>>>>>>>>>>>>>>>>>>>>>>>>>>>>>>>>>>>>>>>>>>>>>>>>>>>
epoch: 24
loss: 0.1545, acc: 0.9896
loss: 0.1361, acc: 0.9727
loss: 0.1371, acc: 0.9688
loss: 0.1322, acc: 0.9722
loss: 0.1236, acc: 0.9769
loss: 0.1182, acc: 0.9754
loss: 0.1196, acc: 0.9744
loss: 0.1185, acc: 0.9753
loss: 0.1195, acc: 0.9753
loss: 0.1190, acc: 0.9733
loss: 0.1210, acc: 0.9723
loss: 0.1164, acc: 0.9741
loss: 0.1191, acc: 0.9707
loss: 0.1205, acc: 0.9701
loss: 0.1191, acc: 0.9705
loss: 0.1204, acc: 0.9700
loss: 0.1194, acc: 0.9710
loss: 0.1188, acc: 0.9712
loss: 0.1195, acc: 0.9701
loss: 0.1205, acc: 0.9691
loss: 0.1216, acc: 0.9675
loss: 0.1204, acc: 0.9676
loss: 0.1200, acc: 0.9678
> val_acc: 0.7937, val_f1: 0.6998
> best_val_acc: 0.8098, best_val_f1: 0.7179
>>>>>>>>>>>>>>>>>>>>>>>>>>>>>>>>>>>>>>>>>>>>>>>>>>>>>>>>>>>>>>>>>>>>>>>>>>>>>>>>>>>>>>>>>>>>>>>>>>>>
epoch: 25
loss: 0.1127, acc: 0.9750
loss: 0.0864, acc: 0.9875
loss: 0.1001, acc: 0.9771
loss: 0.0938, acc: 0.9766
loss: 0.0927, acc: 0.9775
loss: 0.0960, acc: 0.9760
loss: 0.0963, acc: 0.9759
loss: 0.0996, acc: 0.9742
loss: 0.1040, acc: 0.9729
loss: 0.1035, acc: 0.9744
loss: 0.1061, acc: 0.9744
loss: 0.1071, acc: 0.9750
loss: 0.1088, acc: 0.9726
loss: 0.1076, acc: 0.9723
loss: 0.1046, acc: 0.9738
loss: 0.1039, acc: 0.9738
loss: 0.1040, acc: 0.9732
loss: 0.1051, acc: 0.9726
loss: 0.1097, acc: 0.9707
loss: 0.1087, acc: 0.9716
loss: 0.1073, acc: 0.9729
loss: 0.1076, acc: 0.9730
> val_acc: 0.7839, val_f1: 0.6824
> best_val_acc: 0.8098, best_val_f1: 0.7179
>>>>>>>>>>>>>>>>>>>>>>>>>>>>>>>>>>>>>>>>>>>>>>>>>>>>>>>>>>>>>>>>>>>>>>>>>>>>>>>>>>>>>>>>>>>>>>>>>>>>
epoch: 26
loss: 0.0820, acc: 0.9844
loss: 0.0810, acc: 0.9821
loss: 0.0753, acc: 0.9870
loss: 0.0892, acc: 0.9816
loss: 0.0853, acc: 0.9830
loss: 0.0885, acc: 0.9815
loss: 0.0915, acc: 0.9775
loss: 0.0990, acc: 0.9780
loss: 0.0970, acc: 0.9792
loss: 0.0972, acc: 0.9794
loss: 0.0941, acc: 0.9808
loss: 0.0940, acc: 0.9808
loss: 0.0941, acc: 0.9808
loss: 0.0949, acc: 0.9804
loss: 0.0958, acc: 0.9787
loss: 0.0950, acc: 0.9793
loss: 0.0940, acc: 0.9790
loss: 0.0937, acc: 0.9792
loss: 0.0954, acc: 0.9786
loss: 0.0961, acc: 0.9771
loss: 0.0960, acc: 0.9773
loss: 0.0974, acc: 0.9766
loss: 0.0981, acc: 0.9760
> val_acc: 0.7875, val_f1: 0.7008
> best_val_acc: 0.8098, best_val_f1: 0.7179
>>>>>>>>>>>>>>>>>>>>>>>>>>>>>>>>>>>>>>>>>>>>>>>>>>>>>>>>>>>>>>>>>>>>>>>>>>>>>>>>>>>>>>>>>>>>>>>>>>>>
epoch: 27
loss: 0.0765, acc: 0.9922
loss: 0.0732, acc: 0.9861
loss: 0.0799, acc: 0.9821
loss: 0.0805, acc: 0.9836
loss: 0.0754, acc: 0.9857
loss: 0.0732, acc: 0.9860
loss: 0.0732, acc: 0.9862
loss: 0.0769, acc: 0.9832
loss: 0.0765, acc: 0.9822
loss: 0.0773, acc: 0.9815
loss: 0.0748, acc: 0.9821
loss: 0.0738, acc: 0.9825
loss: 0.0741, acc: 0.9824
loss: 0.0757, acc: 0.9814
loss: 0.0758, acc: 0.9818
loss: 0.0787, acc: 0.9810
loss: 0.0786, acc: 0.9814
loss: 0.0797, acc: 0.9800
loss: 0.0806, acc: 0.9797
loss: 0.0812, acc: 0.9795
loss: 0.0821, acc: 0.9790
loss: 0.0830, acc: 0.9788
> val_acc: 0.7857, val_f1: 0.6856
> best_val_acc: 0.8098, best_val_f1: 0.7179
>>>>>>>>>>>>>>>>>>>>>>>>>>>>>>>>>>>>>>>>>>>>>>>>>>>>>>>>>>>>>>>>>>>>>>>>>>>>>>>>>>>>>>>>>>>>>>>>>>>>
epoch: 28
loss: 0.0321, acc: 1.0000
loss: 0.0583, acc: 0.9948
loss: 0.0548, acc: 0.9943
loss: 0.0595, acc: 0.9922
loss: 0.0593, acc: 0.9911
loss: 0.0607, acc: 0.9904
loss: 0.0651, acc: 0.9879
loss: 0.0651, acc: 0.9878
loss: 0.0675, acc: 0.9855
loss: 0.0681, acc: 0.9837
loss: 0.0672, acc: 0.9847
loss: 0.0738, acc: 0.9816
loss: 0.0738, acc: 0.9821
loss: 0.0728, acc: 0.9830
loss: 0.0727, acc: 0.9824
loss: 0.0734, acc: 0.9815
loss: 0.0725, acc: 0.9823
loss: 0.0710, acc: 0.9826
loss: 0.0710, acc: 0.9828
loss: 0.0709, acc: 0.9827
loss: 0.0707, acc: 0.9833
loss: 0.0707, acc: 0.9832
loss: 0.0700, acc: 0.9834
> val_acc: 0.7929, val_f1: 0.6950
> best_val_acc: 0.8098, best_val_f1: 0.7179
>>>>>>>>>>>>>>>>>>>>>>>>>>>>>>>>>>>>>>>>>>>>>>>>>>>>>>>>>>>>>>>>>>>>>>>>>>>>>>>>>>>>>>>>>>>>>>>>>>>>
epoch: 29
loss: 0.0758, acc: 0.9792
loss: 0.0613, acc: 0.9883
loss: 0.0641, acc: 0.9856
loss: 0.0661, acc: 0.9809
loss: 0.0641, acc: 0.9823
loss: 0.0635, acc: 0.9821
loss: 0.0614, acc: 0.9839
loss: 0.0593, acc: 0.9860
loss: 0.0597, acc: 0.9855
loss: 0.0617, acc: 0.9863
loss: 0.0599, acc: 0.9876
loss: 0.0585, acc: 0.9887
loss: 0.0589, acc: 0.9891
loss: 0.0597, acc: 0.9890
loss: 0.0591, acc: 0.9897
loss: 0.0600, acc: 0.9896
loss: 0.0604, acc: 0.9895
loss: 0.0598, acc: 0.9897
loss: 0.0600, acc: 0.9899
loss: 0.0594, acc: 0.9901
loss: 0.0604, acc: 0.9888
loss: 0.0626, acc: 0.9876
loss: 0.0629, acc: 0.9873
> val_acc: 0.7661, val_f1: 0.6815
> best_val_acc: 0.8098, best_val_f1: 0.7179
>> test_acc: 0.8098, test_f1: 0.7058
