cuda memory allocated: 7161344
n_trainable_params: 1438603, n_nontrainable_params: 347432
> training arguments:
>>> model_name: igcn_embed
>>> model_ver: 2
>>> dataset: laptop
>>> optimizer: <class 'torch.optim.adamax.Adamax'>
>>> initializer: <function xavier_uniform_ at 0x000002227A682D90>
>>> learning_rate: 0.02
>>> momentum: 0.95
>>> dropout: 0.5
>>> l2reg: 5e-05
>>> num_epoch: 30
>>> batch_size: 32
>>> log_step: 5
>>> embed_dim: 136
>>> hidden_dim: 300
>>> bert_dim: 768
>>> pretrained_bert_name: bert-base-uncased
>>> embeddings: d
>>> max_seq_len: 180
>>> polarities_dim: 3
>>> hops: 3
>>> device: cuda
>>> seed: 0
>>> valset_ratio: 0
>>> num_layers: 1
>>> in_channels: 100
>>> out_channels: 1
>>> downbot: 20
>>> kernel_size: 3
>>> position_dim: 100
>>> gating: GTU
>>> stanford_pos_model: C:/NLP_Programs/stanford-postagger-2018-10-16/models/english-bidirectional-distsim.tagger
>>> stanford_pos_jar: C:/NLP_Programs/stanford-postagger-2018-10-16/stanford-postagger.jar
>>> glove_path: ./embeddings/glove.840B.300d.txt
>>> embedding_matrix_path: gen_data/embeddings/100_laptop_domain_embedding_matrix.dat
>>> model_class: <class 'models.igcn.IGCN_2'>
>>> dataset_file: {'train': './datasets/semeval14/Laptops_Train.xml.seg', 'test': './datasets/semeval14/Laptops_Test_Gold.xml.seg'}
>>> inputs_cols: ['text_raw_indices', 'aspect_indices', 'pos_indices', 'aspect_pos_indices', 'position_indices']
>>>>>>>>>>>>>>>>>>>>>>>>>>>>>>>>>>>>>>>>>>>>>>>>>>>>>>>>>>>>>>>>>>>>>>>>>>>>>>>>>>>>>>>>>>>>>>>>>>>>
epoch: 0
loss: 2.7836, acc: 0.3438
loss: 2.1372, acc: 0.3750
loss: 1.8055, acc: 0.3854
loss: 1.6146, acc: 0.3937
loss: 1.5079, acc: 0.4062
loss: 1.4299, acc: 0.4125
loss: 1.3703, acc: 0.4250
loss: 1.3162, acc: 0.4406
loss: 1.2764, acc: 0.4500
loss: 1.2407, acc: 0.4606
loss: 1.2145, acc: 0.4716
loss: 1.1907, acc: 0.4870
loss: 1.1651, acc: 0.4966
loss: 1.1445, acc: 0.5022
> val_acc: 0.6113, val_f1: 0.4348
> best_val_acc: 0.0000, best_val_f1: 0.0000
>> saved: state_dict/igcn_embed_laptop_val_acc0.6113
>>>>>>>>>>>>>>>>>>>>>>>>>>>>>>>>>>>>>>>>>>>>>>>>>>>>>>>>>>>>>>>>>>>>>>>>>>>>>>>>>>>>>>>>>>>>>>>>>>>>
epoch: 1
loss: 0.8418, acc: 0.6094
loss: 0.8364, acc: 0.6116
loss: 0.8051, acc: 0.6484
loss: 0.8128, acc: 0.6415
loss: 0.8042, acc: 0.6548
loss: 0.7931, acc: 0.6632
loss: 0.7853, acc: 0.6650
loss: 0.7853, acc: 0.6630
loss: 0.7794, acc: 0.6659
loss: 0.7811, acc: 0.6662
loss: 0.7751, acc: 0.6701
loss: 0.7678, acc: 0.6727
loss: 0.7774, acc: 0.6689
loss: 0.7766, acc: 0.6670
loss: 0.7747, acc: 0.6684
> val_acc: 0.6411, val_f1: 0.5649
> best_val_acc: 0.6113, best_val_f1: 0.4348
>> saved: state_dict/igcn_embed_laptop_val_acc0.6411
>>>>>>>>>>>>>>>>>>>>>>>>>>>>>>>>>>>>>>>>>>>>>>>>>>>>>>>>>>>>>>>>>>>>>>>>>>>>>>>>>>>>>>>>>>>>>>>>>>>>
epoch: 2
loss: 0.7276, acc: 0.7031
loss: 0.7341, acc: 0.7153
loss: 0.7299, acc: 0.7076
loss: 0.7313, acc: 0.7056
loss: 0.7336, acc: 0.6979
loss: 0.7333, acc: 0.6961
loss: 0.7161, acc: 0.7031
loss: 0.6968, acc: 0.7123
loss: 0.6853, acc: 0.7138
loss: 0.6933, acc: 0.7111
loss: 0.6854, acc: 0.7130
loss: 0.6728, acc: 0.7193
loss: 0.6685, acc: 0.7246
loss: 0.6722, acc: 0.7242
> val_acc: 0.7069, val_f1: 0.6309
> best_val_acc: 0.6411, best_val_f1: 0.5649
>> saved: state_dict/igcn_embed_laptop_val_acc0.7069
>>>>>>>>>>>>>>>>>>>>>>>>>>>>>>>>>>>>>>>>>>>>>>>>>>>>>>>>>>>>>>>>>>>>>>>>>>>>>>>>>>>>>>>>>>>>>>>>>>>>
epoch: 3
loss: 0.5153, acc: 0.9062
loss: 0.6261, acc: 0.7708
loss: 0.5956, acc: 0.7642
loss: 0.6019, acc: 0.7500
loss: 0.6016, acc: 0.7530
loss: 0.6115, acc: 0.7404
loss: 0.5997, acc: 0.7419
loss: 0.6004, acc: 0.7439
loss: 0.5960, acc: 0.7492
loss: 0.5961, acc: 0.7507
loss: 0.5986, acc: 0.7475
loss: 0.6001, acc: 0.7472
loss: 0.6026, acc: 0.7485
loss: 0.6061, acc: 0.7462
loss: 0.6065, acc: 0.7460
> val_acc: 0.6755, val_f1: 0.6233
> best_val_acc: 0.7069, best_val_f1: 0.6309
>>>>>>>>>>>>>>>>>>>>>>>>>>>>>>>>>>>>>>>>>>>>>>>>>>>>>>>>>>>>>>>>>>>>>>>>>>>>>>>>>>>>>>>>>>>>>>>>>>>>
epoch: 4
loss: 0.6778, acc: 0.7292
loss: 0.5870, acc: 0.7773
loss: 0.6079, acc: 0.7620
loss: 0.6009, acc: 0.7691
loss: 0.6005, acc: 0.7622
loss: 0.5714, acc: 0.7801
loss: 0.5831, acc: 0.7727
loss: 0.5922, acc: 0.7714
loss: 0.5931, acc: 0.7674
loss: 0.5871, acc: 0.7695
loss: 0.5790, acc: 0.7712
loss: 0.5688, acc: 0.7742
loss: 0.5713, acc: 0.7723
loss: 0.5716, acc: 0.7730
loss: 0.5729, acc: 0.7689
> val_acc: 0.6975, val_f1: 0.6585
> best_val_acc: 0.7069, best_val_f1: 0.6309
>>>>>>>>>>>>>>>>>>>>>>>>>>>>>>>>>>>>>>>>>>>>>>>>>>>>>>>>>>>>>>>>>>>>>>>>>>>>>>>>>>>>>>>>>>>>>>>>>>>>
epoch: 5
loss: 0.6229, acc: 0.7188
loss: 0.5285, acc: 0.7781
loss: 0.5136, acc: 0.7833
loss: 0.4911, acc: 0.7969
loss: 0.4912, acc: 0.7925
loss: 0.5109, acc: 0.7875
loss: 0.4966, acc: 0.7964
loss: 0.4961, acc: 0.8008
loss: 0.4899, acc: 0.8035
loss: 0.4951, acc: 0.8006
loss: 0.5002, acc: 0.7972
loss: 0.5011, acc: 0.7958
loss: 0.4981, acc: 0.7962
loss: 0.5046, acc: 0.7915
> val_acc: 0.6912, val_f1: 0.5863
> best_val_acc: 0.7069, best_val_f1: 0.6585
>>>>>>>>>>>>>>>>>>>>>>>>>>>>>>>>>>>>>>>>>>>>>>>>>>>>>>>>>>>>>>>>>>>>>>>>>>>>>>>>>>>>>>>>>>>>>>>>>>>>
epoch: 6
loss: 0.5018, acc: 0.7656
loss: 0.4693, acc: 0.7991
loss: 0.4821, acc: 0.8021
loss: 0.4755, acc: 0.7996
loss: 0.4634, acc: 0.8040
loss: 0.4741, acc: 0.8009
loss: 0.4674, acc: 0.8057
loss: 0.4727, acc: 0.8041
loss: 0.4619, acc: 0.8080
loss: 0.4674, acc: 0.8059
loss: 0.4687, acc: 0.8029
loss: 0.4672, acc: 0.8054
loss: 0.4800, acc: 0.7994
loss: 0.4825, acc: 0.8013
loss: 0.4770, acc: 0.8056
> val_acc: 0.7132, val_f1: 0.6662
> best_val_acc: 0.7069, best_val_f1: 0.6585
>> saved: state_dict/igcn_embed_laptop_val_acc0.7132
>>>>>>>>>>>>>>>>>>>>>>>>>>>>>>>>>>>>>>>>>>>>>>>>>>>>>>>>>>>>>>>>>>>>>>>>>>>>>>>>>>>>>>>>>>>>>>>>>>>>
epoch: 7
loss: 0.4342, acc: 0.8516
loss: 0.3992, acc: 0.8542
loss: 0.3934, acc: 0.8571
loss: 0.4109, acc: 0.8470
loss: 0.4128, acc: 0.8411
loss: 0.4130, acc: 0.8373
loss: 0.4030, acc: 0.8465
loss: 0.3904, acc: 0.8542
loss: 0.4024, acc: 0.8473
loss: 0.4047, acc: 0.8469
loss: 0.4196, acc: 0.8403
loss: 0.4278, acc: 0.8342
loss: 0.4297, acc: 0.8315
loss: 0.4314, acc: 0.8297
> val_acc: 0.7022, val_f1: 0.6374
> best_val_acc: 0.7132, best_val_f1: 0.6662
>>>>>>>>>>>>>>>>>>>>>>>>>>>>>>>>>>>>>>>>>>>>>>>>>>>>>>>>>>>>>>>>>>>>>>>>>>>>>>>>>>>>>>>>>>>>>>>>>>>>
epoch: 8
loss: 0.4542, acc: 0.8438
loss: 0.4147, acc: 0.8594
loss: 0.4079, acc: 0.8608
loss: 0.3720, acc: 0.8691
loss: 0.3809, acc: 0.8646
loss: 0.3838, acc: 0.8642
loss: 0.3680, acc: 0.8690
loss: 0.3781, acc: 0.8620
loss: 0.3686, acc: 0.8659
loss: 0.3742, acc: 0.8621
loss: 0.3750, acc: 0.8585
loss: 0.3800, acc: 0.8566
loss: 0.3800, acc: 0.8560
loss: 0.3834, acc: 0.8542
loss: 0.3835, acc: 0.8534
> val_acc: 0.7194, val_f1: 0.6587
> best_val_acc: 0.7132, best_val_f1: 0.6662
>> saved: state_dict/igcn_embed_laptop_val_acc0.7194
>>>>>>>>>>>>>>>>>>>>>>>>>>>>>>>>>>>>>>>>>>>>>>>>>>>>>>>>>>>>>>>>>>>>>>>>>>>>>>>>>>>>>>>>>>>>>>>>>>>>
epoch: 9
loss: 0.2641, acc: 0.9271
loss: 0.2606, acc: 0.9023
loss: 0.3098, acc: 0.8726
loss: 0.3233, acc: 0.8646
loss: 0.3140, acc: 0.8655
loss: 0.3242, acc: 0.8594
loss: 0.3224, acc: 0.8627
loss: 0.3251, acc: 0.8651
loss: 0.3214, acc: 0.8670
loss: 0.3207, acc: 0.8678
loss: 0.3263, acc: 0.8656
loss: 0.3284, acc: 0.8631
loss: 0.3358, acc: 0.8596
loss: 0.3384, acc: 0.8617
loss: 0.3516, acc: 0.8565
> val_acc: 0.7241, val_f1: 0.6783
> best_val_acc: 0.7194, best_val_f1: 0.6662
>> saved: state_dict/igcn_embed_laptop_val_acc0.7241
>>>>>>>>>>>>>>>>>>>>>>>>>>>>>>>>>>>>>>>>>>>>>>>>>>>>>>>>>>>>>>>>>>>>>>>>>>>>>>>>>>>>>>>>>>>>>>>>>>>>
epoch: 10
loss: 0.3332, acc: 0.8625
loss: 0.3094, acc: 0.8844
loss: 0.3125, acc: 0.8896
loss: 0.3006, acc: 0.8906
loss: 0.3172, acc: 0.8875
loss: 0.3092, acc: 0.8885
loss: 0.2985, acc: 0.8929
loss: 0.3047, acc: 0.8883
loss: 0.3032, acc: 0.8882
loss: 0.2990, acc: 0.8925
loss: 0.3039, acc: 0.8920
loss: 0.3018, acc: 0.8932
loss: 0.3003, acc: 0.8928
loss: 0.3041, acc: 0.8911
> val_acc: 0.6865, val_f1: 0.6177
> best_val_acc: 0.7241, best_val_f1: 0.6783
>>>>>>>>>>>>>>>>>>>>>>>>>>>>>>>>>>>>>>>>>>>>>>>>>>>>>>>>>>>>>>>>>>>>>>>>>>>>>>>>>>>>>>>>>>>>>>>>>>>>
epoch: 11
loss: 0.3776, acc: 0.8281
loss: 0.2610, acc: 0.9062
loss: 0.2526, acc: 0.9062
loss: 0.2495, acc: 0.9062
loss: 0.2567, acc: 0.9006
loss: 0.2599, acc: 0.8981
loss: 0.2501, acc: 0.9004
loss: 0.2470, acc: 0.9012
loss: 0.2593, acc: 0.8973
loss: 0.2611, acc: 0.8943
loss: 0.2659, acc: 0.8912
loss: 0.2672, acc: 0.8914
loss: 0.2691, acc: 0.8901
loss: 0.2728, acc: 0.8895
loss: 0.2763, acc: 0.8885
> val_acc: 0.6818, val_f1: 0.6121
> best_val_acc: 0.7241, best_val_f1: 0.6783
>>>>>>>>>>>>>>>>>>>>>>>>>>>>>>>>>>>>>>>>>>>>>>>>>>>>>>>>>>>>>>>>>>>>>>>>>>>>>>>>>>>>>>>>>>>>>>>>>>>>
epoch: 12
loss: 0.2313, acc: 0.9219
loss: 0.1987, acc: 0.9201
loss: 0.2118, acc: 0.9196
loss: 0.2295, acc: 0.9194
loss: 0.2351, acc: 0.9154
loss: 0.2364, acc: 0.9159
loss: 0.2365, acc: 0.9154
loss: 0.2450, acc: 0.9119
loss: 0.2431, acc: 0.9134
loss: 0.2431, acc: 0.9139
loss: 0.2415, acc: 0.9120
loss: 0.2465, acc: 0.9078
loss: 0.2476, acc: 0.9082
loss: 0.2571, acc: 0.9031
> val_acc: 0.7163, val_f1: 0.6708
> best_val_acc: 0.7241, best_val_f1: 0.6783
>>>>>>>>>>>>>>>>>>>>>>>>>>>>>>>>>>>>>>>>>>>>>>>>>>>>>>>>>>>>>>>>>>>>>>>>>>>>>>>>>>>>>>>>>>>>>>>>>>>>
epoch: 13
loss: 0.1041, acc: 0.9688
loss: 0.1698, acc: 0.9375
loss: 0.2005, acc: 0.9261
loss: 0.2107, acc: 0.9238
loss: 0.2146, acc: 0.9196
loss: 0.2072, acc: 0.9195
loss: 0.2113, acc: 0.9163
loss: 0.2151, acc: 0.9141
loss: 0.2107, acc: 0.9177
loss: 0.2222, acc: 0.9130
loss: 0.2203, acc: 0.9130
loss: 0.2245, acc: 0.9118
loss: 0.2333, acc: 0.9078
loss: 0.2303, acc: 0.9086
loss: 0.2304, acc: 0.9098
> val_acc: 0.7022, val_f1: 0.6432
> best_val_acc: 0.7241, best_val_f1: 0.6783
>>>>>>>>>>>>>>>>>>>>>>>>>>>>>>>>>>>>>>>>>>>>>>>>>>>>>>>>>>>>>>>>>>>>>>>>>>>>>>>>>>>>>>>>>>>>>>>>>>>>
epoch: 14
loss: 0.1198, acc: 0.9583
loss: 0.2043, acc: 0.9297
loss: 0.1840, acc: 0.9351
loss: 0.1739, acc: 0.9358
loss: 0.1649, acc: 0.9402
loss: 0.1807, acc: 0.9319
loss: 0.1750, acc: 0.9309
loss: 0.1823, acc: 0.9293
loss: 0.1985, acc: 0.9273
loss: 0.1989, acc: 0.9271
loss: 0.2013, acc: 0.9257
loss: 0.1987, acc: 0.9273
loss: 0.1992, acc: 0.9256
loss: 0.1979, acc: 0.9260
loss: 0.2017, acc: 0.9235
> val_acc: 0.7006, val_f1: 0.6181
> best_val_acc: 0.7241, best_val_f1: 0.6783
>>>>>>>>>>>>>>>>>>>>>>>>>>>>>>>>>>>>>>>>>>>>>>>>>>>>>>>>>>>>>>>>>>>>>>>>>>>>>>>>>>>>>>>>>>>>>>>>>>>>
epoch: 15
loss: 0.2526, acc: 0.9187
loss: 0.2498, acc: 0.9156
loss: 0.2173, acc: 0.9250
loss: 0.2258, acc: 0.9172
loss: 0.2142, acc: 0.9187
loss: 0.2055, acc: 0.9208
loss: 0.1975, acc: 0.9241
loss: 0.1953, acc: 0.9258
loss: 0.1942, acc: 0.9257
loss: 0.1884, acc: 0.9281
loss: 0.1919, acc: 0.9261
loss: 0.1928, acc: 0.9250
loss: 0.1911, acc: 0.9269
loss: 0.1979, acc: 0.9241
> val_acc: 0.6818, val_f1: 0.6144
> best_val_acc: 0.7241, best_val_f1: 0.6783
>>>>>>>>>>>>>>>>>>>>>>>>>>>>>>>>>>>>>>>>>>>>>>>>>>>>>>>>>>>>>>>>>>>>>>>>>>>>>>>>>>>>>>>>>>>>>>>>>>>>
epoch: 16
loss: 0.1395, acc: 0.9375
loss: 0.1672, acc: 0.9241
loss: 0.1658, acc: 0.9271
loss: 0.1584, acc: 0.9301
loss: 0.1485, acc: 0.9375
loss: 0.1610, acc: 0.9317
loss: 0.1619, acc: 0.9316
loss: 0.1567, acc: 0.9367
loss: 0.1562, acc: 0.9353
loss: 0.1526, acc: 0.9368
loss: 0.1564, acc: 0.9357
loss: 0.1594, acc: 0.9353
loss: 0.1600, acc: 0.9360
loss: 0.1677, acc: 0.9347
loss: 0.1696, acc: 0.9332
> val_acc: 0.7163, val_f1: 0.6563
> best_val_acc: 0.7241, best_val_f1: 0.6783
>>>>>>>>>>>>>>>>>>>>>>>>>>>>>>>>>>>>>>>>>>>>>>>>>>>>>>>>>>>>>>>>>>>>>>>>>>>>>>>>>>>>>>>>>>>>>>>>>>>>
epoch: 17
loss: 0.1723, acc: 0.9453
loss: 0.1896, acc: 0.9410
loss: 0.1646, acc: 0.9487
loss: 0.1549, acc: 0.9523
loss: 0.1580, acc: 0.9505
loss: 0.1519, acc: 0.9526
loss: 0.1418, acc: 0.9559
loss: 0.1362, acc: 0.9575
loss: 0.1388, acc: 0.9560
loss: 0.1395, acc: 0.9541
loss: 0.1348, acc: 0.9554
loss: 0.1372, acc: 0.9560
loss: 0.1438, acc: 0.9521
loss: 0.1459, acc: 0.9511
> val_acc: 0.6959, val_f1: 0.6220
> best_val_acc: 0.7241, best_val_f1: 0.6783
>>>>>>>>>>>>>>>>>>>>>>>>>>>>>>>>>>>>>>>>>>>>>>>>>>>>>>>>>>>>>>>>>>>>>>>>>>>>>>>>>>>>>>>>>>>>>>>>>>>>
epoch: 18
loss: 0.1234, acc: 0.9688
loss: 0.1236, acc: 0.9531
loss: 0.1297, acc: 0.9460
loss: 0.1268, acc: 0.9512
loss: 0.1222, acc: 0.9583
loss: 0.1215, acc: 0.9603
loss: 0.1211, acc: 0.9587
loss: 0.1190, acc: 0.9609
loss: 0.1249, acc: 0.9573
loss: 0.1286, acc: 0.9552
loss: 0.1267, acc: 0.9559
loss: 0.1242, acc: 0.9565
loss: 0.1253, acc: 0.9554
loss: 0.1257, acc: 0.9550
loss: 0.1288, acc: 0.9551
> val_acc: 0.6897, val_f1: 0.6157
> best_val_acc: 0.7241, best_val_f1: 0.6783
>>>>>>>>>>>>>>>>>>>>>>>>>>>>>>>>>>>>>>>>>>>>>>>>>>>>>>>>>>>>>>>>>>>>>>>>>>>>>>>>>>>>>>>>>>>>>>>>>>>>
epoch: 19
loss: 0.1882, acc: 0.9583
loss: 0.1347, acc: 0.9609
loss: 0.1376, acc: 0.9543
loss: 0.1245, acc: 0.9601
loss: 0.1310, acc: 0.9579
loss: 0.1220, acc: 0.9621
loss: 0.1236, acc: 0.9593
loss: 0.1277, acc: 0.9572
loss: 0.1205, acc: 0.9600
loss: 0.1188, acc: 0.9603
loss: 0.1160, acc: 0.9599
loss: 0.1216, acc: 0.9564
loss: 0.1172, acc: 0.9578
loss: 0.1226, acc: 0.9559
loss: 0.1261, acc: 0.9545
> val_acc: 0.6975, val_f1: 0.6150
> best_val_acc: 0.7241, best_val_f1: 0.6783
>>>>>>>>>>>>>>>>>>>>>>>>>>>>>>>>>>>>>>>>>>>>>>>>>>>>>>>>>>>>>>>>>>>>>>>>>>>>>>>>>>>>>>>>>>>>>>>>>>>>
epoch: 20
loss: 0.1163, acc: 0.9625
loss: 0.1363, acc: 0.9500
loss: 0.1080, acc: 0.9625
loss: 0.1034, acc: 0.9656
loss: 0.1150, acc: 0.9575
loss: 0.1186, acc: 0.9542
loss: 0.1141, acc: 0.9554
loss: 0.1180, acc: 0.9516
loss: 0.1156, acc: 0.9528
loss: 0.1124, acc: 0.9531
loss: 0.1090, acc: 0.9563
loss: 0.1095, acc: 0.9557
loss: 0.1086, acc: 0.9563
loss: 0.1113, acc: 0.9554
> val_acc: 0.6850, val_f1: 0.5936
> best_val_acc: 0.7241, best_val_f1: 0.6783
>>>>>>>>>>>>>>>>>>>>>>>>>>>>>>>>>>>>>>>>>>>>>>>>>>>>>>>>>>>>>>>>>>>>>>>>>>>>>>>>>>>>>>>>>>>>>>>>>>>>
epoch: 21
loss: 0.0972, acc: 0.9531
loss: 0.1201, acc: 0.9509
loss: 0.1112, acc: 0.9531
loss: 0.1027, acc: 0.9577
loss: 0.1009, acc: 0.9574
loss: 0.0923, acc: 0.9618
loss: 0.1015, acc: 0.9609
loss: 0.1004, acc: 0.9628
loss: 0.1002, acc: 0.9635
loss: 0.1002, acc: 0.9634
loss: 0.0990, acc: 0.9633
loss: 0.1029, acc: 0.9633
loss: 0.1084, acc: 0.9627
loss: 0.1122, acc: 0.9608
loss: 0.1118, acc: 0.9614
> val_acc: 0.7038, val_f1: 0.6321
> best_val_acc: 0.7241, best_val_f1: 0.6783
>>>>>>>>>>>>>>>>>>>>>>>>>>>>>>>>>>>>>>>>>>>>>>>>>>>>>>>>>>>>>>>>>>>>>>>>>>>>>>>>>>>>>>>>>>>>>>>>>>>>
epoch: 22
loss: 0.1003, acc: 0.9453
loss: 0.0847, acc: 0.9618
loss: 0.0845, acc: 0.9688
loss: 0.0755, acc: 0.9737
loss: 0.0771, acc: 0.9766
loss: 0.0800, acc: 0.9752
loss: 0.0872, acc: 0.9724
loss: 0.0914, acc: 0.9696
loss: 0.0947, acc: 0.9673
loss: 0.0964, acc: 0.9662
loss: 0.0983, acc: 0.9653
loss: 0.1024, acc: 0.9629
loss: 0.1048, acc: 0.9634
loss: 0.1030, acc: 0.9647
> val_acc: 0.7100, val_f1: 0.6447
> best_val_acc: 0.7241, best_val_f1: 0.6783
>>>>>>>>>>>>>>>>>>>>>>>>>>>>>>>>>>>>>>>>>>>>>>>>>>>>>>>>>>>>>>>>>>>>>>>>>>>>>>>>>>>>>>>>>>>>>>>>>>>>
epoch: 23
loss: 0.0195, acc: 1.0000
loss: 0.1190, acc: 0.9635
loss: 0.0888, acc: 0.9744
loss: 0.0920, acc: 0.9707
loss: 0.0871, acc: 0.9747
loss: 0.0931, acc: 0.9724
loss: 0.0946, acc: 0.9698
loss: 0.0902, acc: 0.9714
loss: 0.0904, acc: 0.9710
loss: 0.0932, acc: 0.9715
loss: 0.0966, acc: 0.9688
loss: 0.0987, acc: 0.9682
loss: 0.0988, acc: 0.9682
loss: 0.0998, acc: 0.9673
loss: 0.1010, acc: 0.9665
> val_acc: 0.6708, val_f1: 0.5918
> best_val_acc: 0.7241, best_val_f1: 0.6783
>>>>>>>>>>>>>>>>>>>>>>>>>>>>>>>>>>>>>>>>>>>>>>>>>>>>>>>>>>>>>>>>>>>>>>>>>>>>>>>>>>>>>>>>>>>>>>>>>>>>
epoch: 24
loss: 0.0795, acc: 0.9583
loss: 0.0651, acc: 0.9727
loss: 0.0898, acc: 0.9688
loss: 0.0885, acc: 0.9670
loss: 0.0937, acc: 0.9674
loss: 0.0928, acc: 0.9688
loss: 0.0897, acc: 0.9688
loss: 0.0876, acc: 0.9712
loss: 0.0919, acc: 0.9666
loss: 0.0930, acc: 0.9661
loss: 0.0906, acc: 0.9676
loss: 0.0915, acc: 0.9666
loss: 0.0935, acc: 0.9668
loss: 0.0933, acc: 0.9669
loss: 0.0913, acc: 0.9674
> val_acc: 0.6912, val_f1: 0.6289
> best_val_acc: 0.7241, best_val_f1: 0.6783
>>>>>>>>>>>>>>>>>>>>>>>>>>>>>>>>>>>>>>>>>>>>>>>>>>>>>>>>>>>>>>>>>>>>>>>>>>>>>>>>>>>>>>>>>>>>>>>>>>>>
epoch: 25
loss: 0.0900, acc: 0.9563
loss: 0.0673, acc: 0.9625
loss: 0.0607, acc: 0.9708
loss: 0.0641, acc: 0.9688
loss: 0.0696, acc: 0.9663
loss: 0.0758, acc: 0.9625
loss: 0.0811, acc: 0.9607
loss: 0.0816, acc: 0.9633
loss: 0.0793, acc: 0.9660
loss: 0.0812, acc: 0.9656
loss: 0.0861, acc: 0.9648
loss: 0.0889, acc: 0.9641
loss: 0.0883, acc: 0.9649
loss: 0.0900, acc: 0.9647
> val_acc: 0.7085, val_f1: 0.6437
> best_val_acc: 0.7241, best_val_f1: 0.6783
>>>>>>>>>>>>>>>>>>>>>>>>>>>>>>>>>>>>>>>>>>>>>>>>>>>>>>>>>>>>>>>>>>>>>>>>>>>>>>>>>>>>>>>>>>>>>>>>>>>>
epoch: 26
loss: 0.0383, acc: 1.0000
loss: 0.0561, acc: 0.9821
loss: 0.0680, acc: 0.9792
loss: 0.0677, acc: 0.9816
loss: 0.0694, acc: 0.9815
loss: 0.0739, acc: 0.9745
loss: 0.0742, acc: 0.9736
loss: 0.0762, acc: 0.9738
loss: 0.0747, acc: 0.9754
loss: 0.0746, acc: 0.9747
loss: 0.0727, acc: 0.9754
loss: 0.0743, acc: 0.9764
loss: 0.0755, acc: 0.9758
loss: 0.0745, acc: 0.9757
loss: 0.0748, acc: 0.9753
> val_acc: 0.7053, val_f1: 0.6315
> best_val_acc: 0.7241, best_val_f1: 0.6783
>>>>>>>>>>>>>>>>>>>>>>>>>>>>>>>>>>>>>>>>>>>>>>>>>>>>>>>>>>>>>>>>>>>>>>>>>>>>>>>>>>>>>>>>>>>>>>>>>>>>
epoch: 27
loss: 0.0621, acc: 0.9609
loss: 0.0687, acc: 0.9722
loss: 0.0983, acc: 0.9710
loss: 0.1132, acc: 0.9638
loss: 0.1040, acc: 0.9688
loss: 0.1075, acc: 0.9666
loss: 0.1055, acc: 0.9660
loss: 0.0990, acc: 0.9679
loss: 0.0971, acc: 0.9702
loss: 0.1025, acc: 0.9694
loss: 0.1072, acc: 0.9676
loss: 0.1110, acc: 0.9650
loss: 0.1074, acc: 0.9658
loss: 0.1086, acc: 0.9647
> val_acc: 0.7038, val_f1: 0.6478
> best_val_acc: 0.7241, best_val_f1: 0.6783
>>>>>>>>>>>>>>>>>>>>>>>>>>>>>>>>>>>>>>>>>>>>>>>>>>>>>>>>>>>>>>>>>>>>>>>>>>>>>>>>>>>>>>>>>>>>>>>>>>>>
epoch: 28
loss: 0.2181, acc: 0.9375
loss: 0.0866, acc: 0.9688
loss: 0.0996, acc: 0.9631
loss: 0.0826, acc: 0.9727
loss: 0.0832, acc: 0.9747
loss: 0.0809, acc: 0.9736
loss: 0.0773, acc: 0.9728
loss: 0.0702, acc: 0.9766
loss: 0.0674, acc: 0.9764
loss: 0.0684, acc: 0.9755
loss: 0.0690, acc: 0.9755
loss: 0.0683, acc: 0.9760
loss: 0.0697, acc: 0.9754
loss: 0.0694, acc: 0.9754
loss: 0.0716, acc: 0.9749
> val_acc: 0.6928, val_f1: 0.6305
> best_val_acc: 0.7241, best_val_f1: 0.6783
>>>>>>>>>>>>>>>>>>>>>>>>>>>>>>>>>>>>>>>>>>>>>>>>>>>>>>>>>>>>>>>>>>>>>>>>>>>>>>>>>>>>>>>>>>>>>>>>>>>>
epoch: 29
loss: 0.1484, acc: 0.9688
loss: 0.1010, acc: 0.9688
loss: 0.0844, acc: 0.9736
loss: 0.0772, acc: 0.9757
loss: 0.0667, acc: 0.9810
loss: 0.0630, acc: 0.9810
loss: 0.0670, acc: 0.9801
loss: 0.0703, acc: 0.9786
loss: 0.0681, acc: 0.9789
loss: 0.0662, acc: 0.9792
loss: 0.0682, acc: 0.9776
loss: 0.0667, acc: 0.9774
loss: 0.0657, acc: 0.9782
loss: 0.0664, acc: 0.9784
loss: 0.0668, acc: 0.9777
> val_acc: 0.7132, val_f1: 0.6517
> best_val_acc: 0.7241, best_val_f1: 0.6783
>> test_acc: 0.7241, test_f1: 0.6783
