cuda memory allocated: 12407808
n_trainable_params: 2166603, n_nontrainable_params: 934800
> training arguments:
>>> model_name: tc_lstm
>>> dataset: laptop
>>> optimizer: <class 'torch.optim.adam.Adam'>
>>> initializer: <function xavier_uniform_ at 0x00000115AEEA67B8>
>>> learning_rate: 0.001
>>> dropout: 0.1
>>> l2reg: 0.01
>>> num_epoch: 50
>>> batch_size: 64
>>> log_step: 5
>>> embed_dim: 300
>>> hidden_dim: 300
>>> bert_dim: 768
>>> pretrained_bert_name: bert-base-uncased
>>> max_seq_len: 80
>>> polarities_dim: 3
>>> hops: 3
>>> device: cuda
>>> seed: None
>>> valset_ratio: 0
>>> glove_path: ./glove/glove.840B.300d.txt
>>> model_class: <class 'models.tc_lstm.TC_LSTM'>
>>> dataset_file: {'train': './datasets/semeval14/Laptops_Train.xml.seg', 'test': './datasets/semeval14/Laptops_Test_Gold.xml.seg'}
>>> inputs_cols: ['text_left_with_aspect_indices', 'text_right_with_aspect_indices', 'aspect_indices']
>>>>>>>>>>>>>>>>>>>>>>>>>>>>>>>>>>>>>>>>>>>>>>>>>>>>>>>>>>>>>>>>>>>>>>>>>>>>>>>>>>>>>>>>>>>>>>>>>>>>
epoch: 0
loss: 1.1182, acc: 0.3969
loss: 1.0742, acc: 0.4391
loss: 1.0391, acc: 0.4677
loss: 1.0021, acc: 0.5016
loss: 0.9945, acc: 0.5144
loss: 0.9800, acc: 0.5240
loss: 0.9680, acc: 0.5366
> val_acc: 0.5455, val_f1: 0.3938
>> saved: state_dict/tc_lstm_laptop_val_acc0.5455
>>>>>>>>>>>>>>>>>>>>>>>>>>>>>>>>>>>>>>>>>>>>>>>>>>>>>>>>>>>>>>>>>>>>>>>>>>>>>>>>>>>>>>>>>>>>>>>>>>>>
epoch: 1
loss: 0.8334, acc: 0.6146
loss: 0.8232, acc: 0.6367
loss: 0.8139, acc: 0.6635
loss: 0.8414, acc: 0.6432
loss: 0.8509, acc: 0.6345
loss: 0.8612, acc: 0.6317
loss: 0.8592, acc: 0.6302
> val_acc: 0.6066, val_f1: 0.4927
>> saved: state_dict/tc_lstm_laptop_val_acc0.6066
>>>>>>>>>>>>>>>>>>>>>>>>>>>>>>>>>>>>>>>>>>>>>>>>>>>>>>>>>>>>>>>>>>>>>>>>>>>>>>>>>>>>>>>>>>>>>>>>>>>>
epoch: 2
loss: 0.7123, acc: 0.6719
loss: 0.7178, acc: 0.7005
loss: 0.7592, acc: 0.6648
loss: 0.7585, acc: 0.6709
loss: 0.7679, acc: 0.6674
loss: 0.7793, acc: 0.6617
loss: 0.7774, acc: 0.6628
loss: 0.7848, acc: 0.6580
> val_acc: 0.5846, val_f1: 0.5182
>>>>>>>>>>>>>>>>>>>>>>>>>>>>>>>>>>>>>>>>>>>>>>>>>>>>>>>>>>>>>>>>>>>>>>>>>>>>>>>>>>>>>>>>>>>>>>>>>>>>
epoch: 3
loss: 0.7060, acc: 0.7109
loss: 0.7141, acc: 0.7031
loss: 0.7271, acc: 0.7054
loss: 0.7328, acc: 0.6998
loss: 0.7351, acc: 0.6908
loss: 0.7364, acc: 0.6859
loss: 0.7432, acc: 0.6801
> val_acc: 0.5909, val_f1: 0.4669
>>>>>>>>>>>>>>>>>>>>>>>>>>>>>>>>>>>>>>>>>>>>>>>>>>>>>>>>>>>>>>>>>>>>>>>>>>>>>>>>>>>>>>>>>>>>>>>>>>>>
epoch: 4
loss: 0.7104, acc: 0.7031
loss: 0.7206, acc: 0.6897
loss: 0.7051, acc: 0.7018
loss: 0.7137, acc: 0.6949
loss: 0.7275, acc: 0.6882
loss: 0.7297, acc: 0.6881
loss: 0.7303, acc: 0.6880
loss: 0.7233, acc: 0.6894
> val_acc: 0.5643, val_f1: 0.4572
>>>>>>>>>>>>>>>>>>>>>>>>>>>>>>>>>>>>>>>>>>>>>>>>>>>>>>>>>>>>>>>>>>>>>>>>>>>>>>>>>>>>>>>>>>>>>>>>>>>>
epoch: 5
loss: 0.6462, acc: 0.7406
loss: 0.6620, acc: 0.7344
loss: 0.6641, acc: 0.7333
loss: 0.6793, acc: 0.7266
loss: 0.6833, acc: 0.7250
loss: 0.6940, acc: 0.7177
loss: 0.6943, acc: 0.7183
> val_acc: 0.6113, val_f1: 0.5126
>> saved: state_dict/tc_lstm_laptop_val_acc0.6113
>>>>>>>>>>>>>>>>>>>>>>>>>>>>>>>>>>>>>>>>>>>>>>>>>>>>>>>>>>>>>>>>>>>>>>>>>>>>>>>>>>>>>>>>>>>>>>>>>>>>
epoch: 6
loss: 0.5924, acc: 0.7656
loss: 0.6240, acc: 0.7305
loss: 0.6552, acc: 0.7091
loss: 0.6553, acc: 0.7153
loss: 0.6690, acc: 0.7099
loss: 0.6691, acc: 0.7154
loss: 0.6654, acc: 0.7154
> val_acc: 0.6003, val_f1: 0.4546
>>>>>>>>>>>>>>>>>>>>>>>>>>>>>>>>>>>>>>>>>>>>>>>>>>>>>>>>>>>>>>>>>>>>>>>>>>>>>>>>>>>>>>>>>>>>>>>>>>>>
epoch: 7
loss: 0.7044, acc: 0.7031
loss: 0.6390, acc: 0.7240
loss: 0.6351, acc: 0.7330
loss: 0.6142, acc: 0.7480
loss: 0.6178, acc: 0.7455
loss: 0.6189, acc: 0.7422
loss: 0.6428, acc: 0.7298
loss: 0.6535, acc: 0.7257
> val_acc: 0.5878, val_f1: 0.4813
>>>>>>>>>>>>>>>>>>>>>>>>>>>>>>>>>>>>>>>>>>>>>>>>>>>>>>>>>>>>>>>>>>>>>>>>>>>>>>>>>>>>>>>>>>>>>>>>>>>>
epoch: 8
loss: 0.7118, acc: 0.7031
loss: 0.6604, acc: 0.7309
loss: 0.6356, acc: 0.7522
loss: 0.6438, acc: 0.7426
loss: 0.6429, acc: 0.7350
loss: 0.6431, acc: 0.7355
loss: 0.6317, acc: 0.7431
> val_acc: 0.6254, val_f1: 0.5325
>> saved: state_dict/tc_lstm_laptop_val_acc0.6254
>>>>>>>>>>>>>>>>>>>>>>>>>>>>>>>>>>>>>>>>>>>>>>>>>>>>>>>>>>>>>>>>>>>>>>>>>>>>>>>>>>>>>>>>>>>>>>>>>>>>
epoch: 9
loss: 0.5860, acc: 0.7734
loss: 0.6173, acc: 0.7411
loss: 0.6225, acc: 0.7422
loss: 0.6358, acc: 0.7316
loss: 0.6380, acc: 0.7401
loss: 0.6407, acc: 0.7361
loss: 0.6316, acc: 0.7412
loss: 0.6355, acc: 0.7354
> val_acc: 0.6270, val_f1: 0.5696
>> saved: state_dict/tc_lstm_laptop_val_acc0.627
>>>>>>>>>>>>>>>>>>>>>>>>>>>>>>>>>>>>>>>>>>>>>>>>>>>>>>>>>>>>>>>>>>>>>>>>>>>>>>>>>>>>>>>>>>>>>>>>>>>>
epoch: 10
loss: 0.5997, acc: 0.7531
loss: 0.5944, acc: 0.7531
loss: 0.5802, acc: 0.7583
loss: 0.5574, acc: 0.7695
loss: 0.5599, acc: 0.7700
loss: 0.5720, acc: 0.7656
loss: 0.5817, acc: 0.7625
> val_acc: 0.6129, val_f1: 0.5462
>>>>>>>>>>>>>>>>>>>>>>>>>>>>>>>>>>>>>>>>>>>>>>>>>>>>>>>>>>>>>>>>>>>>>>>>>>>>>>>>>>>>>>>>>>>>>>>>>>>>
epoch: 11
loss: 0.5543, acc: 0.7865
loss: 0.5458, acc: 0.7852
loss: 0.5386, acc: 0.7873
loss: 0.5410, acc: 0.7847
loss: 0.5475, acc: 0.7812
loss: 0.5536, acc: 0.7773
loss: 0.5617, acc: 0.7708
> val_acc: 0.6270, val_f1: 0.5629
>>>>>>>>>>>>>>>>>>>>>>>>>>>>>>>>>>>>>>>>>>>>>>>>>>>>>>>>>>>>>>>>>>>>>>>>>>>>>>>>>>>>>>>>>>>>>>>>>>>>
epoch: 12
loss: 0.4594, acc: 0.8125
loss: 0.5067, acc: 0.7943
loss: 0.5163, acc: 0.7997
loss: 0.5240, acc: 0.7949
loss: 0.5363, acc: 0.7865
loss: 0.5443, acc: 0.7776
loss: 0.5422, acc: 0.7787
loss: 0.5520, acc: 0.7739
> val_acc: 0.6317, val_f1: 0.5339
>> saved: state_dict/tc_lstm_laptop_val_acc0.6317
>>>>>>>>>>>>>>>>>>>>>>>>>>>>>>>>>>>>>>>>>>>>>>>>>>>>>>>>>>>>>>>>>>>>>>>>>>>>>>>>>>>>>>>>>>>>>>>>>>>>
epoch: 13
loss: 0.5036, acc: 0.8164
loss: 0.5219, acc: 0.8177
loss: 0.5321, acc: 0.7946
loss: 0.5263, acc: 0.7985
loss: 0.5220, acc: 0.8014
loss: 0.5187, acc: 0.8060
loss: 0.5277, acc: 0.7996
> val_acc: 0.6270, val_f1: 0.5372
>>>>>>>>>>>>>>>>>>>>>>>>>>>>>>>>>>>>>>>>>>>>>>>>>>>>>>>>>>>>>>>>>>>>>>>>>>>>>>>>>>>>>>>>>>>>>>>>>>>>
epoch: 14
loss: 0.4887, acc: 0.8203
loss: 0.4516, acc: 0.8304
loss: 0.4524, acc: 0.8229
loss: 0.4506, acc: 0.8217
loss: 0.4853, acc: 0.8026
loss: 0.5019, acc: 0.7957
loss: 0.5138, acc: 0.7871
loss: 0.5236, acc: 0.7831
> val_acc: 0.6473, val_f1: 0.5870
>> saved: state_dict/tc_lstm_laptop_val_acc0.6473
>>>>>>>>>>>>>>>>>>>>>>>>>>>>>>>>>>>>>>>>>>>>>>>>>>>>>>>>>>>>>>>>>>>>>>>>>>>>>>>>>>>>>>>>>>>>>>>>>>>>
epoch: 15
loss: 0.5285, acc: 0.7937
loss: 0.5116, acc: 0.7953
loss: 0.5122, acc: 0.7854
loss: 0.5044, acc: 0.7977
loss: 0.4959, acc: 0.8050
loss: 0.4997, acc: 0.8036
loss: 0.5103, acc: 0.7982
> val_acc: 0.6426, val_f1: 0.5550
>>>>>>>>>>>>>>>>>>>>>>>>>>>>>>>>>>>>>>>>>>>>>>>>>>>>>>>>>>>>>>>>>>>>>>>>>>>>>>>>>>>>>>>>>>>>>>>>>>>>
epoch: 16
loss: 0.4220, acc: 0.8854
loss: 0.4425, acc: 0.8438
loss: 0.4281, acc: 0.8510
loss: 0.4487, acc: 0.8411
loss: 0.4470, acc: 0.8410
loss: 0.4569, acc: 0.8320
loss: 0.4593, acc: 0.8253
> val_acc: 0.6426, val_f1: 0.5580
>>>>>>>>>>>>>>>>>>>>>>>>>>>>>>>>>>>>>>>>>>>>>>>>>>>>>>>>>>>>>>>>>>>>>>>>>>>>>>>>>>>>>>>>>>>>>>>>>>>>
epoch: 17
loss: 0.4842, acc: 0.7812
loss: 0.4317, acc: 0.8203
loss: 0.4228, acc: 0.8366
loss: 0.4376, acc: 0.8330
loss: 0.4262, acc: 0.8385
loss: 0.4429, acc: 0.8311
loss: 0.4512, acc: 0.8261
loss: 0.4506, acc: 0.8255
> val_acc: 0.6567, val_f1: 0.5892
>> saved: state_dict/tc_lstm_laptop_val_acc0.6567
>>>>>>>>>>>>>>>>>>>>>>>>>>>>>>>>>>>>>>>>>>>>>>>>>>>>>>>>>>>>>>>>>>>>>>>>>>>>>>>>>>>>>>>>>>>>>>>>>>>>
epoch: 18
loss: 0.4166, acc: 0.8359
loss: 0.4293, acc: 0.8368
loss: 0.4314, acc: 0.8348
loss: 0.4288, acc: 0.8372
loss: 0.4243, acc: 0.8424
loss: 0.4317, acc: 0.8389
loss: 0.4301, acc: 0.8364
> val_acc: 0.6442, val_f1: 0.5574
>>>>>>>>>>>>>>>>>>>>>>>>>>>>>>>>>>>>>>>>>>>>>>>>>>>>>>>>>>>>>>>>>>>>>>>>>>>>>>>>>>>>>>>>>>>>>>>>>>>>
epoch: 19
loss: 0.4848, acc: 0.7422
loss: 0.4096, acc: 0.8237
loss: 0.3928, acc: 0.8385
loss: 0.4117, acc: 0.8392
loss: 0.4147, acc: 0.8430
loss: 0.4265, acc: 0.8385
loss: 0.4248, acc: 0.8389
loss: 0.4255, acc: 0.8376
> val_acc: 0.6270, val_f1: 0.5231
>>>>>>>>>>>>>>>>>>>>>>>>>>>>>>>>>>>>>>>>>>>>>>>>>>>>>>>>>>>>>>>>>>>>>>>>>>>>>>>>>>>>>>>>>>>>>>>>>>>>
epoch: 20
loss: 0.3874, acc: 0.8531
loss: 0.3772, acc: 0.8594
loss: 0.3781, acc: 0.8583
loss: 0.3709, acc: 0.8617
loss: 0.3867, acc: 0.8562
loss: 0.3876, acc: 0.8531
loss: 0.3945, acc: 0.8496
> val_acc: 0.6630, val_f1: 0.5940
>> saved: state_dict/tc_lstm_laptop_val_acc0.663
>>>>>>>>>>>>>>>>>>>>>>>>>>>>>>>>>>>>>>>>>>>>>>>>>>>>>>>>>>>>>>>>>>>>>>>>>>>>>>>>>>>>>>>>>>>>>>>>>>>>
epoch: 21
loss: 0.3927, acc: 0.8542
loss: 0.3770, acc: 0.8535
loss: 0.3570, acc: 0.8642
loss: 0.3725, acc: 0.8568
loss: 0.3854, acc: 0.8478
loss: 0.3867, acc: 0.8488
loss: 0.3950, acc: 0.8485
> val_acc: 0.6379, val_f1: 0.5809
>>>>>>>>>>>>>>>>>>>>>>>>>>>>>>>>>>>>>>>>>>>>>>>>>>>>>>>>>>>>>>>>>>>>>>>>>>>>>>>>>>>>>>>>>>>>>>>>>>>>
epoch: 22
loss: 0.3247, acc: 0.9062
loss: 0.3122, acc: 0.9062
loss: 0.3788, acc: 0.8764
loss: 0.3888, acc: 0.8613
loss: 0.3754, acc: 0.8653
loss: 0.3789, acc: 0.8630
loss: 0.3777, acc: 0.8619
loss: 0.3777, acc: 0.8611
> val_acc: 0.6364, val_f1: 0.5695
>>>>>>>>>>>>>>>>>>>>>>>>>>>>>>>>>>>>>>>>>>>>>>>>>>>>>>>>>>>>>>>>>>>>>>>>>>>>>>>>>>>>>>>>>>>>>>>>>>>>
epoch: 23
loss: 0.3230, acc: 0.8945
loss: 0.3487, acc: 0.8767
loss: 0.3606, acc: 0.8750
loss: 0.3615, acc: 0.8734
loss: 0.3543, acc: 0.8757
loss: 0.3578, acc: 0.8712
loss: 0.3614, acc: 0.8695
> val_acc: 0.6270, val_f1: 0.5684
>>>>>>>>>>>>>>>>>>>>>>>>>>>>>>>>>>>>>>>>>>>>>>>>>>>>>>>>>>>>>>>>>>>>>>>>>>>>>>>>>>>>>>>>>>>>>>>>>>>>
epoch: 24
loss: 0.2813, acc: 0.9062
loss: 0.3009, acc: 0.8839
loss: 0.3291, acc: 0.8789
loss: 0.3416, acc: 0.8741
loss: 0.3483, acc: 0.8714
loss: 0.3555, acc: 0.8657
loss: 0.3604, acc: 0.8599
loss: 0.3555, acc: 0.8621
> val_acc: 0.6395, val_f1: 0.5409
>>>>>>>>>>>>>>>>>>>>>>>>>>>>>>>>>>>>>>>>>>>>>>>>>>>>>>>>>>>>>>>>>>>>>>>>>>>>>>>>>>>>>>>>>>>>>>>>>>>>
epoch: 25
loss: 0.3160, acc: 0.8844
loss: 0.3014, acc: 0.8891
loss: 0.3227, acc: 0.8729
loss: 0.3316, acc: 0.8680
loss: 0.3463, acc: 0.8606
loss: 0.3466, acc: 0.8630
loss: 0.3454, acc: 0.8661
> val_acc: 0.6458, val_f1: 0.5879
>>>>>>>>>>>>>>>>>>>>>>>>>>>>>>>>>>>>>>>>>>>>>>>>>>>>>>>>>>>>>>>>>>>>>>>>>>>>>>>>>>>>>>>>>>>>>>>>>>>>
epoch: 26
loss: 0.2895, acc: 0.9167
loss: 0.3012, acc: 0.8926
loss: 0.2969, acc: 0.8954
loss: 0.3009, acc: 0.8950
loss: 0.3216, acc: 0.8811
loss: 0.3314, acc: 0.8761
loss: 0.3333, acc: 0.8764
> val_acc: 0.6254, val_f1: 0.5272
>>>>>>>>>>>>>>>>>>>>>>>>>>>>>>>>>>>>>>>>>>>>>>>>>>>>>>>>>>>>>>>>>>>>>>>>>>>>>>>>>>>>>>>>>>>>>>>>>>>>
epoch: 27
loss: 0.3936, acc: 0.8594
loss: 0.3230, acc: 0.8802
loss: 0.3153, acc: 0.8878
loss: 0.3123, acc: 0.8906
loss: 0.3244, acc: 0.8839
loss: 0.3338, acc: 0.8756
loss: 0.3456, acc: 0.8654
loss: 0.3498, acc: 0.8659
> val_acc: 0.6254, val_f1: 0.5576
>>>>>>>>>>>>>>>>>>>>>>>>>>>>>>>>>>>>>>>>>>>>>>>>>>>>>>>>>>>>>>>>>>>>>>>>>>>>>>>>>>>>>>>>>>>>>>>>>>>>
epoch: 28
loss: 0.3110, acc: 0.8906
loss: 0.3076, acc: 0.8941
loss: 0.3219, acc: 0.8828
loss: 0.3297, acc: 0.8832
loss: 0.3313, acc: 0.8841
loss: 0.3346, acc: 0.8777
loss: 0.3302, acc: 0.8796
> val_acc: 0.6348, val_f1: 0.5631
>>>>>>>>>>>>>>>>>>>>>>>>>>>>>>>>>>>>>>>>>>>>>>>>>>>>>>>>>>>>>>>>>>>>>>>>>>>>>>>>>>>>>>>>>>>>>>>>>>>>
epoch: 29
loss: 0.2584, acc: 0.9219
loss: 0.2699, acc: 0.9241
loss: 0.2685, acc: 0.9180
loss: 0.2576, acc: 0.9228
loss: 0.2722, acc: 0.9162
loss: 0.2815, acc: 0.9097
loss: 0.2786, acc: 0.9077
loss: 0.2870, acc: 0.8999
> val_acc: 0.6379, val_f1: 0.5545
>>>>>>>>>>>>>>>>>>>>>>>>>>>>>>>>>>>>>>>>>>>>>>>>>>>>>>>>>>>>>>>>>>>>>>>>>>>>>>>>>>>>>>>>>>>>>>>>>>>>
epoch: 30
loss: 0.2510, acc: 0.9031
loss: 0.2709, acc: 0.9000
loss: 0.2614, acc: 0.9010
loss: 0.2791, acc: 0.8945
loss: 0.2715, acc: 0.9031
loss: 0.2704, acc: 0.9047
loss: 0.2709, acc: 0.9036
> val_acc: 0.6379, val_f1: 0.5760
>>>>>>>>>>>>>>>>>>>>>>>>>>>>>>>>>>>>>>>>>>>>>>>>>>>>>>>>>>>>>>>>>>>>>>>>>>>>>>>>>>>>>>>>>>>>>>>>>>>>
epoch: 31
loss: 0.2450, acc: 0.9323
loss: 0.2700, acc: 0.9180
loss: 0.2541, acc: 0.9231
loss: 0.2478, acc: 0.9236
loss: 0.2451, acc: 0.9232
loss: 0.2558, acc: 0.9196
loss: 0.2556, acc: 0.9162
> val_acc: 0.6285, val_f1: 0.5577
>>>>>>>>>>>>>>>>>>>>>>>>>>>>>>>>>>>>>>>>>>>>>>>>>>>>>>>>>>>>>>>>>>>>>>>>>>>>>>>>>>>>>>>>>>>>>>>>>>>>
epoch: 32
loss: 0.2863, acc: 0.9219
loss: 0.2488, acc: 0.9297
loss: 0.2378, acc: 0.9290
loss: 0.2445, acc: 0.9199
loss: 0.2561, acc: 0.9152
loss: 0.2579, acc: 0.9129
loss: 0.2612, acc: 0.9138
loss: 0.2627, acc: 0.9141
> val_acc: 0.6285, val_f1: 0.5472
>>>>>>>>>>>>>>>>>>>>>>>>>>>>>>>>>>>>>>>>>>>>>>>>>>>>>>>>>>>>>>>>>>>>>>>>>>>>>>>>>>>>>>>>>>>>>>>>>>>>
epoch: 33
loss: 0.2581, acc: 0.9141
loss: 0.2418, acc: 0.9236
loss: 0.2574, acc: 0.9196
loss: 0.2742, acc: 0.9087
loss: 0.2797, acc: 0.9043
loss: 0.2859, acc: 0.9003
loss: 0.2892, acc: 0.9026
> val_acc: 0.6364, val_f1: 0.5669
>>>>>>>>>>>>>>>>>>>>>>>>>>>>>>>>>>>>>>>>>>>>>>>>>>>>>>>>>>>>>>>>>>>>>>>>>>>>>>>>>>>>>>>>>>>>>>>>>>>>
epoch: 34
loss: 0.2767, acc: 0.9375
loss: 0.2484, acc: 0.9219
loss: 0.2428, acc: 0.9193
loss: 0.2474, acc: 0.9090
loss: 0.2554, acc: 0.9070
loss: 0.2540, acc: 0.9103
loss: 0.2629, acc: 0.9087
loss: 0.2639, acc: 0.9081
> val_acc: 0.6207, val_f1: 0.5680
>>>>>>>>>>>>>>>>>>>>>>>>>>>>>>>>>>>>>>>>>>>>>>>>>>>>>>>>>>>>>>>>>>>>>>>>>>>>>>>>>>>>>>>>>>>>>>>>>>>>
epoch: 35
loss: 0.2945, acc: 0.8906
loss: 0.2679, acc: 0.9047
loss: 0.2547, acc: 0.9104
loss: 0.2541, acc: 0.9156
loss: 0.2609, acc: 0.9119
loss: 0.2628, acc: 0.9115
loss: 0.2561, acc: 0.9134
> val_acc: 0.6332, val_f1: 0.5583
>>>>>>>>>>>>>>>>>>>>>>>>>>>>>>>>>>>>>>>>>>>>>>>>>>>>>>>>>>>>>>>>>>>>>>>>>>>>>>>>>>>>>>>>>>>>>>>>>>>>
epoch: 36
loss: 0.1940, acc: 0.9531
loss: 0.2191, acc: 0.9316
loss: 0.2266, acc: 0.9315
loss: 0.2296, acc: 0.9236
loss: 0.2356, acc: 0.9185
loss: 0.2456, acc: 0.9129
loss: 0.2493, acc: 0.9115
> val_acc: 0.5940, val_f1: 0.5358
>>>>>>>>>>>>>>>>>>>>>>>>>>>>>>>>>>>>>>>>>>>>>>>>>>>>>>>>>>>>>>>>>>>>>>>>>>>>>>>>>>>>>>>>>>>>>>>>>>>>
epoch: 37
loss: 0.2888, acc: 0.8594
loss: 0.2238, acc: 0.9062
loss: 0.2396, acc: 0.9134
loss: 0.2283, acc: 0.9258
loss: 0.2253, acc: 0.9278
loss: 0.2241, acc: 0.9291
loss: 0.2235, acc: 0.9274
loss: 0.2341, acc: 0.9249
> val_acc: 0.6364, val_f1: 0.5747
>>>>>>>>>>>>>>>>>>>>>>>>>>>>>>>>>>>>>>>>>>>>>>>>>>>>>>>>>>>>>>>>>>>>>>>>>>>>>>>>>>>>>>>>>>>>>>>>>>>>
epoch: 38
loss: 0.2293, acc: 0.9258
loss: 0.2028, acc: 0.9392
loss: 0.2018, acc: 0.9408
loss: 0.2251, acc: 0.9301
loss: 0.2343, acc: 0.9271
loss: 0.2405, acc: 0.9230
loss: 0.2459, acc: 0.9168
> val_acc: 0.6505, val_f1: 0.5794
>>>>>>>>>>>>>>>>>>>>>>>>>>>>>>>>>>>>>>>>>>>>>>>>>>>>>>>>>>>>>>>>>>>>>>>>>>>>>>>>>>>>>>>>>>>>>>>>>>>>
epoch: 39
loss: 0.1696, acc: 0.9531
loss: 0.1914, acc: 0.9487
loss: 0.2142, acc: 0.9336
loss: 0.2145, acc: 0.9292
loss: 0.2236, acc: 0.9261
loss: 0.2277, acc: 0.9253
loss: 0.2415, acc: 0.9185
loss: 0.2482, acc: 0.9149
> val_acc: 0.6426, val_f1: 0.5774
>>>>>>>>>>>>>>>>>>>>>>>>>>>>>>>>>>>>>>>>>>>>>>>>>>>>>>>>>>>>>>>>>>>>>>>>>>>>>>>>>>>>>>>>>>>>>>>>>>>>
epoch: 40
loss: 0.2205, acc: 0.9219
loss: 0.2216, acc: 0.9219
loss: 0.2346, acc: 0.9208
loss: 0.2318, acc: 0.9211
loss: 0.2349, acc: 0.9213
loss: 0.2448, acc: 0.9167
loss: 0.2399, acc: 0.9183
> val_acc: 0.6458, val_f1: 0.5874
>>>>>>>>>>>>>>>>>>>>>>>>>>>>>>>>>>>>>>>>>>>>>>>>>>>>>>>>>>>>>>>>>>>>>>>>>>>>>>>>>>>>>>>>>>>>>>>>>>>>
epoch: 41
loss: 0.2235, acc: 0.9219
loss: 0.2231, acc: 0.9336
loss: 0.2281, acc: 0.9291
loss: 0.2308, acc: 0.9280
loss: 0.2342, acc: 0.9280
loss: 0.2332, acc: 0.9286
loss: 0.2363, acc: 0.9247
> val_acc: 0.6082, val_f1: 0.5610
>>>>>>>>>>>>>>>>>>>>>>>>>>>>>>>>>>>>>>>>>>>>>>>>>>>>>>>>>>>>>>>>>>>>>>>>>>>>>>>>>>>>>>>>>>>>>>>>>>>>
epoch: 42
loss: 0.1680, acc: 0.9531
loss: 0.2289, acc: 0.9245
loss: 0.2300, acc: 0.9205
loss: 0.2385, acc: 0.9189
loss: 0.2364, acc: 0.9211
loss: 0.2468, acc: 0.9177
loss: 0.2510, acc: 0.9133
loss: 0.2525, acc: 0.9119
> val_acc: 0.6144, val_f1: 0.5532
>>>>>>>>>>>>>>>>>>>>>>>>>>>>>>>>>>>>>>>>>>>>>>>>>>>>>>>>>>>>>>>>>>>>>>>>>>>>>>>>>>>>>>>>>>>>>>>>>>>>
epoch: 43
loss: 0.2319, acc: 0.9258
loss: 0.2305, acc: 0.9288
loss: 0.2359, acc: 0.9275
loss: 0.2297, acc: 0.9276
loss: 0.2360, acc: 0.9232
loss: 0.2447, acc: 0.9170
loss: 0.2526, acc: 0.9136
> val_acc: 0.5940, val_f1: 0.5363
>>>>>>>>>>>>>>>>>>>>>>>>>>>>>>>>>>>>>>>>>>>>>>>>>>>>>>>>>>>>>>>>>>>>>>>>>>>>>>>>>>>>>>>>>>>>>>>>>>>>
epoch: 44
loss: 0.2171, acc: 0.9297
loss: 0.2035, acc: 0.9420
loss: 0.2389, acc: 0.9245
loss: 0.2337, acc: 0.9210
loss: 0.2421, acc: 0.9155
loss: 0.2482, acc: 0.9155
loss: 0.2544, acc: 0.9136
loss: 0.2491, acc: 0.9167
> val_acc: 0.6348, val_f1: 0.5668
>>>>>>>>>>>>>>>>>>>>>>>>>>>>>>>>>>>>>>>>>>>>>>>>>>>>>>>>>>>>>>>>>>>>>>>>>>>>>>>>>>>>>>>>>>>>>>>>>>>>
epoch: 45
loss: 0.2291, acc: 0.9281
loss: 0.1986, acc: 0.9453
loss: 0.2009, acc: 0.9417
loss: 0.1992, acc: 0.9367
loss: 0.2013, acc: 0.9337
loss: 0.2036, acc: 0.9339
loss: 0.2018, acc: 0.9366
> val_acc: 0.6332, val_f1: 0.5701
>>>>>>>>>>>>>>>>>>>>>>>>>>>>>>>>>>>>>>>>>>>>>>>>>>>>>>>>>>>>>>>>>>>>>>>>>>>>>>>>>>>>>>>>>>>>>>>>>>>>
epoch: 46
loss: 0.1590, acc: 0.9688
loss: 0.1774, acc: 0.9492
loss: 0.1872, acc: 0.9447
loss: 0.1807, acc: 0.9470
loss: 0.1827, acc: 0.9429
loss: 0.1799, acc: 0.9448
loss: 0.1830, acc: 0.9432
> val_acc: 0.6270, val_f1: 0.5602
>>>>>>>>>>>>>>>>>>>>>>>>>>>>>>>>>>>>>>>>>>>>>>>>>>>>>>>>>>>>>>>>>>>>>>>>>>>>>>>>>>>>>>>>>>>>>>>>>>>>
epoch: 47
loss: 0.0860, acc: 0.9844
loss: 0.1776, acc: 0.9557
loss: 0.1879, acc: 0.9474
loss: 0.1874, acc: 0.9434
loss: 0.1882, acc: 0.9449
loss: 0.1830, acc: 0.9465
loss: 0.1901, acc: 0.9425
loss: 0.1900, acc: 0.9431
> val_acc: 0.6317, val_f1: 0.5689
>>>>>>>>>>>>>>>>>>>>>>>>>>>>>>>>>>>>>>>>>>>>>>>>>>>>>>>>>>>>>>>>>>>>>>>>>>>>>>>>>>>>>>>>>>>>>>>>>>>>
epoch: 48
loss: 0.1328, acc: 0.9805
loss: 0.1502, acc: 0.9653
loss: 0.1551, acc: 0.9598
loss: 0.1567, acc: 0.9589
loss: 0.1611, acc: 0.9570
loss: 0.1664, acc: 0.9537
loss: 0.1706, acc: 0.9513
> val_acc: 0.6254, val_f1: 0.5605
>>>>>>>>>>>>>>>>>>>>>>>>>>>>>>>>>>>>>>>>>>>>>>>>>>>>>>>>>>>>>>>>>>>>>>>>>>>>>>>>>>>>>>>>>>>>>>>>>>>>
epoch: 49
loss: 0.1309, acc: 0.9844
loss: 0.1549, acc: 0.9598
loss: 0.1530, acc: 0.9570
loss: 0.1565, acc: 0.9568
loss: 0.1683, acc: 0.9489
loss: 0.1722, acc: 0.9473
loss: 0.1830, acc: 0.9409
loss: 0.1865, acc: 0.9394
> val_acc: 0.6458, val_f1: 0.5826
>> test_acc: 0.6630, test_f1: 0.5940
