cuda memory allocated: 13962752
n_trainable_params: 2166603, n_nontrainable_params: 1323600
> training arguments:
>>> model_name: tc_lstm
>>> dataset: restaurant
>>> optimizer: <class 'torch.optim.adam.Adam'>
>>> initializer: <function xavier_uniform_ at 0x0000024C6D9457B8>
>>> learning_rate: 0.001
>>> dropout: 0.1
>>> l2reg: 0.01
>>> num_epoch: 50
>>> batch_size: 64
>>> log_step: 5
>>> embed_dim: 300
>>> hidden_dim: 300
>>> bert_dim: 768
>>> pretrained_bert_name: bert-base-uncased
>>> max_seq_len: 80
>>> polarities_dim: 3
>>> hops: 3
>>> device: cuda
>>> seed: None
>>> valset_ratio: 0
>>> glove_path: ./glove/glove.840B.300d.txt
>>> model_class: <class 'models.tc_lstm.TC_LSTM'>
>>> dataset_file: {'train': './datasets/semeval14/Restaurants_Train.xml.seg', 'test': './datasets/semeval14/Restaurants_Test_Gold.xml.seg'}
>>> inputs_cols: ['text_left_with_aspect_indices', 'text_right_with_aspect_indices', 'aspect_indices']
>>>>>>>>>>>>>>>>>>>>>>>>>>>>>>>>>>>>>>>>>>>>>>>>>>>>>>>>>>>>>>>>>>>>>>>>>>>>>>>>>>>>>>>>>>>>>>>>>>>>
epoch: 0
loss: 1.1202, acc: 0.5094
loss: 1.0012, acc: 0.5687
loss: 0.9730, acc: 0.5729
loss: 0.9593, acc: 0.5805
loss: 0.9487, acc: 0.5869
loss: 0.9349, acc: 0.5964
loss: 0.9253, acc: 0.6022
loss: 0.9214, acc: 0.6027
loss: 0.9112, acc: 0.6049
loss: 0.9056, acc: 0.6059
loss: 0.9032, acc: 0.6057
> val_acc: 0.6937, val_f1: 0.5081
>> saved: state_dict/tc_lstm_restaurant_val_acc0.6937
>>>>>>>>>>>>>>>>>>>>>>>>>>>>>>>>>>>>>>>>>>>>>>>>>>>>>>>>>>>>>>>>>>>>>>>>>>>>>>>>>>>>>>>>>>>>>>>>>>>>
epoch: 1
loss: 0.7524, acc: 0.6979
loss: 0.7863, acc: 0.6621
loss: 0.7812, acc: 0.6575
loss: 0.8026, acc: 0.6476
loss: 0.8046, acc: 0.6433
loss: 0.8012, acc: 0.6473
loss: 0.7879, acc: 0.6586
loss: 0.7887, acc: 0.6587
loss: 0.7873, acc: 0.6581
loss: 0.7849, acc: 0.6585
loss: 0.7791, acc: 0.6630
> val_acc: 0.7009, val_f1: 0.5334
>> saved: state_dict/tc_lstm_restaurant_val_acc0.7009
>>>>>>>>>>>>>>>>>>>>>>>>>>>>>>>>>>>>>>>>>>>>>>>>>>>>>>>>>>>>>>>>>>>>>>>>>>>>>>>>>>>>>>>>>>>>>>>>>>>>
epoch: 2
loss: 0.6539, acc: 0.7656
loss: 0.7063, acc: 0.7188
loss: 0.7035, acc: 0.7060
loss: 0.7108, acc: 0.7012
loss: 0.7330, acc: 0.6964
loss: 0.7313, acc: 0.6953
loss: 0.7433, acc: 0.6875
loss: 0.7427, acc: 0.6866
loss: 0.7343, acc: 0.6898
loss: 0.7409, acc: 0.6868
loss: 0.7440, acc: 0.6844
loss: 0.7384, acc: 0.6900
> val_acc: 0.7214, val_f1: 0.5211
>> saved: state_dict/tc_lstm_restaurant_val_acc0.7214
>>>>>>>>>>>>>>>>>>>>>>>>>>>>>>>>>>>>>>>>>>>>>>>>>>>>>>>>>>>>>>>>>>>>>>>>>>>>>>>>>>>>>>>>>>>>>>>>>>>>
epoch: 3
loss: 0.6628, acc: 0.7148
loss: 0.6665, acc: 0.7118
loss: 0.6751, acc: 0.7109
loss: 0.6786, acc: 0.7081
loss: 0.6746, acc: 0.7103
loss: 0.6783, acc: 0.7085
loss: 0.6728, acc: 0.7132
loss: 0.6810, acc: 0.7095
loss: 0.6840, acc: 0.7141
loss: 0.6878, acc: 0.7114
loss: 0.6929, acc: 0.7080
> val_acc: 0.7045, val_f1: 0.4692
>>>>>>>>>>>>>>>>>>>>>>>>>>>>>>>>>>>>>>>>>>>>>>>>>>>>>>>>>>>>>>>>>>>>>>>>>>>>>>>>>>>>>>>>>>>>>>>>>>>>
epoch: 4
loss: 0.7337, acc: 0.6953
loss: 0.6564, acc: 0.7210
loss: 0.6400, acc: 0.7266
loss: 0.6452, acc: 0.7252
loss: 0.6467, acc: 0.7237
loss: 0.6564, acc: 0.7251
loss: 0.6473, acc: 0.7319
loss: 0.6526, acc: 0.7293
loss: 0.6541, acc: 0.7310
loss: 0.6538, acc: 0.7287
loss: 0.6572, acc: 0.7257
loss: 0.6600, acc: 0.7231
> val_acc: 0.7214, val_f1: 0.5359
>>>>>>>>>>>>>>>>>>>>>>>>>>>>>>>>>>>>>>>>>>>>>>>>>>>>>>>>>>>>>>>>>>>>>>>>>>>>>>>>>>>>>>>>>>>>>>>>>>>>
epoch: 5
loss: 0.6329, acc: 0.7250
loss: 0.6033, acc: 0.7484
loss: 0.6228, acc: 0.7406
loss: 0.6172, acc: 0.7531
loss: 0.6196, acc: 0.7494
loss: 0.6053, acc: 0.7578
loss: 0.6065, acc: 0.7527
loss: 0.6091, acc: 0.7496
loss: 0.6074, acc: 0.7514
loss: 0.6236, acc: 0.7397
loss: 0.6279, acc: 0.7366
> val_acc: 0.7339, val_f1: 0.5882
>> saved: state_dict/tc_lstm_restaurant_val_acc0.7339
>>>>>>>>>>>>>>>>>>>>>>>>>>>>>>>>>>>>>>>>>>>>>>>>>>>>>>>>>>>>>>>>>>>>>>>>>>>>>>>>>>>>>>>>>>>>>>>>>>>>
epoch: 6
loss: 0.5732, acc: 0.7656
loss: 0.5988, acc: 0.7637
loss: 0.6046, acc: 0.7656
loss: 0.6035, acc: 0.7674
loss: 0.6098, acc: 0.7622
loss: 0.6091, acc: 0.7606
loss: 0.6082, acc: 0.7595
loss: 0.6014, acc: 0.7640
loss: 0.6113, acc: 0.7573
loss: 0.6125, acc: 0.7552
loss: 0.6174, acc: 0.7527
> val_acc: 0.7500, val_f1: 0.6115
>> saved: state_dict/tc_lstm_restaurant_val_acc0.75
>>>>>>>>>>>>>>>>>>>>>>>>>>>>>>>>>>>>>>>>>>>>>>>>>>>>>>>>>>>>>>>>>>>>>>>>>>>>>>>>>>>>>>>>>>>>>>>>>>>>
epoch: 7
loss: 0.5604, acc: 0.7812
loss: 0.5889, acc: 0.7396
loss: 0.5595, acc: 0.7656
loss: 0.5485, acc: 0.7676
loss: 0.5787, acc: 0.7560
loss: 0.5824, acc: 0.7560
loss: 0.5875, acc: 0.7540
loss: 0.5969, acc: 0.7474
loss: 0.6022, acc: 0.7462
loss: 0.6027, acc: 0.7476
loss: 0.6057, acc: 0.7463
loss: 0.6028, acc: 0.7511
> val_acc: 0.7295, val_f1: 0.5562
>>>>>>>>>>>>>>>>>>>>>>>>>>>>>>>>>>>>>>>>>>>>>>>>>>>>>>>>>>>>>>>>>>>>>>>>>>>>>>>>>>>>>>>>>>>>>>>>>>>>
epoch: 8
loss: 0.5348, acc: 0.7812
loss: 0.5453, acc: 0.7951
loss: 0.5651, acc: 0.7679
loss: 0.5825, acc: 0.7590
loss: 0.5899, acc: 0.7513
loss: 0.5813, acc: 0.7581
loss: 0.5841, acc: 0.7574
loss: 0.5809, acc: 0.7592
loss: 0.5839, acc: 0.7560
loss: 0.5861, acc: 0.7554
loss: 0.5881, acc: 0.7535
> val_acc: 0.7411, val_f1: 0.5745
>>>>>>>>>>>>>>>>>>>>>>>>>>>>>>>>>>>>>>>>>>>>>>>>>>>>>>>>>>>>>>>>>>>>>>>>>>>>>>>>>>>>>>>>>>>>>>>>>>>>
epoch: 9
loss: 0.5213, acc: 0.7891
loss: 0.5434, acc: 0.7991
loss: 0.5386, acc: 0.7995
loss: 0.5415, acc: 0.7877
loss: 0.5532, acc: 0.7820
loss: 0.5520, acc: 0.7801
loss: 0.5648, acc: 0.7749
loss: 0.5604, acc: 0.7762
loss: 0.5687, acc: 0.7716
loss: 0.5722, acc: 0.7673
loss: 0.5725, acc: 0.7701
loss: 0.5706, acc: 0.7694
> val_acc: 0.7366, val_f1: 0.5668
>>>>>>>>>>>>>>>>>>>>>>>>>>>>>>>>>>>>>>>>>>>>>>>>>>>>>>>>>>>>>>>>>>>>>>>>>>>>>>>>>>>>>>>>>>>>>>>>>>>>
epoch: 10
loss: 0.6028, acc: 0.7375
loss: 0.5983, acc: 0.7344
loss: 0.5691, acc: 0.7542
loss: 0.5746, acc: 0.7594
loss: 0.5627, acc: 0.7619
loss: 0.5647, acc: 0.7594
loss: 0.5642, acc: 0.7638
loss: 0.5593, acc: 0.7648
loss: 0.5639, acc: 0.7635
loss: 0.5601, acc: 0.7656
loss: 0.5584, acc: 0.7682
> val_acc: 0.7491, val_f1: 0.6103
>>>>>>>>>>>>>>>>>>>>>>>>>>>>>>>>>>>>>>>>>>>>>>>>>>>>>>>>>>>>>>>>>>>>>>>>>>>>>>>>>>>>>>>>>>>>>>>>>>>>
epoch: 11
loss: 0.4051, acc: 0.8281
loss: 0.4824, acc: 0.7969
loss: 0.4985, acc: 0.8053
loss: 0.5224, acc: 0.7908
loss: 0.5092, acc: 0.7989
loss: 0.5199, acc: 0.7919
loss: 0.5326, acc: 0.7855
loss: 0.5386, acc: 0.7821
loss: 0.5348, acc: 0.7834
loss: 0.5363, acc: 0.7806
loss: 0.5370, acc: 0.7795
> val_acc: 0.7464, val_f1: 0.5944
>>>>>>>>>>>>>>>>>>>>>>>>>>>>>>>>>>>>>>>>>>>>>>>>>>>>>>>>>>>>>>>>>>>>>>>>>>>>>>>>>>>>>>>>>>>>>>>>>>>>
epoch: 12
loss: 0.6050, acc: 0.7188
loss: 0.5319, acc: 0.7839
loss: 0.5018, acc: 0.7983
loss: 0.5267, acc: 0.7881
loss: 0.5285, acc: 0.7857
loss: 0.5306, acc: 0.7861
loss: 0.5274, acc: 0.7939
loss: 0.5380, acc: 0.7873
loss: 0.5388, acc: 0.7870
loss: 0.5352, acc: 0.7880
loss: 0.5346, acc: 0.7892
loss: 0.5361, acc: 0.7882
> val_acc: 0.7429, val_f1: 0.5794
>>>>>>>>>>>>>>>>>>>>>>>>>>>>>>>>>>>>>>>>>>>>>>>>>>>>>>>>>>>>>>>>>>>>>>>>>>>>>>>>>>>>>>>>>>>>>>>>>>>>
epoch: 13
loss: 0.5071, acc: 0.7852
loss: 0.5026, acc: 0.8021
loss: 0.5031, acc: 0.8058
loss: 0.4973, acc: 0.8100
loss: 0.4990, acc: 0.8047
loss: 0.5055, acc: 0.8033
loss: 0.5154, acc: 0.7996
loss: 0.5162, acc: 0.7961
loss: 0.5215, acc: 0.7908
loss: 0.5247, acc: 0.7889
loss: 0.5251, acc: 0.7888
> val_acc: 0.7464, val_f1: 0.5950
>>>>>>>>>>>>>>>>>>>>>>>>>>>>>>>>>>>>>>>>>>>>>>>>>>>>>>>>>>>>>>>>>>>>>>>>>>>>>>>>>>>>>>>>>>>>>>>>>>>>
epoch: 14
loss: 0.4580, acc: 0.8438
loss: 0.5051, acc: 0.8170
loss: 0.4871, acc: 0.8229
loss: 0.4650, acc: 0.8281
loss: 0.4691, acc: 0.8246
loss: 0.4700, acc: 0.8258
loss: 0.4781, acc: 0.8213
loss: 0.4886, acc: 0.8176
loss: 0.4941, acc: 0.8136
loss: 0.4890, acc: 0.8148
loss: 0.4996, acc: 0.8080
loss: 0.5002, acc: 0.8068
> val_acc: 0.7500, val_f1: 0.5904
>>>>>>>>>>>>>>>>>>>>>>>>>>>>>>>>>>>>>>>>>>>>>>>>>>>>>>>>>>>>>>>>>>>>>>>>>>>>>>>>>>>>>>>>>>>>>>>>>>>>
epoch: 15
loss: 0.5024, acc: 0.7906
loss: 0.5280, acc: 0.7750
loss: 0.5307, acc: 0.7812
loss: 0.4966, acc: 0.8047
loss: 0.4888, acc: 0.8031
loss: 0.4909, acc: 0.8010
loss: 0.4862, acc: 0.8009
loss: 0.4940, acc: 0.7965
loss: 0.4926, acc: 0.8000
loss: 0.4907, acc: 0.8003
loss: 0.4982, acc: 0.7983
> val_acc: 0.7420, val_f1: 0.5875
>>>>>>>>>>>>>>>>>>>>>>>>>>>>>>>>>>>>>>>>>>>>>>>>>>>>>>>>>>>>>>>>>>>>>>>>>>>>>>>>>>>>>>>>>>>>>>>>>>>>
epoch: 16
loss: 0.4902, acc: 0.7917
loss: 0.4176, acc: 0.8457
loss: 0.4320, acc: 0.8401
loss: 0.4496, acc: 0.8307
loss: 0.4600, acc: 0.8261
loss: 0.4625, acc: 0.8242
loss: 0.4666, acc: 0.8163
loss: 0.4675, acc: 0.8178
loss: 0.4674, acc: 0.8183
loss: 0.4697, acc: 0.8154
loss: 0.4781, acc: 0.8101
> val_acc: 0.7527, val_f1: 0.6067
>> saved: state_dict/tc_lstm_restaurant_val_acc0.7527
>>>>>>>>>>>>>>>>>>>>>>>>>>>>>>>>>>>>>>>>>>>>>>>>>>>>>>>>>>>>>>>>>>>>>>>>>>>>>>>>>>>>>>>>>>>>>>>>>>>>
epoch: 17
loss: 0.3577, acc: 0.8438
loss: 0.4311, acc: 0.8255
loss: 0.4571, acc: 0.8168
loss: 0.4723, acc: 0.8086
loss: 0.4667, acc: 0.8103
loss: 0.4734, acc: 0.8053
loss: 0.4614, acc: 0.8105
loss: 0.4497, acc: 0.8186
loss: 0.4477, acc: 0.8197
loss: 0.4454, acc: 0.8186
loss: 0.4466, acc: 0.8180
loss: 0.4546, acc: 0.8147
> val_acc: 0.7348, val_f1: 0.6182
>>>>>>>>>>>>>>>>>>>>>>>>>>>>>>>>>>>>>>>>>>>>>>>>>>>>>>>>>>>>>>>>>>>>>>>>>>>>>>>>>>>>>>>>>>>>>>>>>>>>
epoch: 18
loss: 0.4312, acc: 0.8438
loss: 0.4257, acc: 0.8455
loss: 0.4415, acc: 0.8371
loss: 0.4469, acc: 0.8314
loss: 0.4518, acc: 0.8255
loss: 0.4488, acc: 0.8254
loss: 0.4594, acc: 0.8143
loss: 0.4593, acc: 0.8141
loss: 0.4627, acc: 0.8111
loss: 0.4720, acc: 0.8055
loss: 0.4744, acc: 0.8041
> val_acc: 0.7464, val_f1: 0.6060
>>>>>>>>>>>>>>>>>>>>>>>>>>>>>>>>>>>>>>>>>>>>>>>>>>>>>>>>>>>>>>>>>>>>>>>>>>>>>>>>>>>>>>>>>>>>>>>>>>>>
epoch: 19
loss: 0.4309, acc: 0.8125
loss: 0.4183, acc: 0.8304
loss: 0.4274, acc: 0.8294
loss: 0.4212, acc: 0.8290
loss: 0.4187, acc: 0.8324
loss: 0.4233, acc: 0.8339
loss: 0.4326, acc: 0.8276
loss: 0.4342, acc: 0.8252
loss: 0.4352, acc: 0.8244
loss: 0.4386, acc: 0.8258
loss: 0.4393, acc: 0.8269
loss: 0.4433, acc: 0.8226
> val_acc: 0.7384, val_f1: 0.5884
>>>>>>>>>>>>>>>>>>>>>>>>>>>>>>>>>>>>>>>>>>>>>>>>>>>>>>>>>>>>>>>>>>>>>>>>>>>>>>>>>>>>>>>>>>>>>>>>>>>>
epoch: 20
loss: 0.3951, acc: 0.8688
loss: 0.3854, acc: 0.8609
loss: 0.4046, acc: 0.8396
loss: 0.4188, acc: 0.8391
loss: 0.4185, acc: 0.8356
loss: 0.4172, acc: 0.8344
loss: 0.4071, acc: 0.8406
loss: 0.4083, acc: 0.8410
loss: 0.4114, acc: 0.8385
loss: 0.4185, acc: 0.8356
loss: 0.4246, acc: 0.8324
> val_acc: 0.7339, val_f1: 0.6043
>>>>>>>>>>>>>>>>>>>>>>>>>>>>>>>>>>>>>>>>>>>>>>>>>>>>>>>>>>>>>>>>>>>>>>>>>>>>>>>>>>>>>>>>>>>>>>>>>>>>
epoch: 21
loss: 0.4440, acc: 0.8073
loss: 0.4145, acc: 0.8320
loss: 0.4125, acc: 0.8377
loss: 0.4017, acc: 0.8455
loss: 0.4089, acc: 0.8410
loss: 0.4076, acc: 0.8421
loss: 0.4148, acc: 0.8404
loss: 0.4158, acc: 0.8388
loss: 0.4148, acc: 0.8387
loss: 0.4137, acc: 0.8398
loss: 0.4112, acc: 0.8405
> val_acc: 0.7536, val_f1: 0.6146
>> saved: state_dict/tc_lstm_restaurant_val_acc0.7536
>>>>>>>>>>>>>>>>>>>>>>>>>>>>>>>>>>>>>>>>>>>>>>>>>>>>>>>>>>>>>>>>>>>>>>>>>>>>>>>>>>>>>>>>>>>>>>>>>>>>
epoch: 22
loss: 0.3106, acc: 0.9062
loss: 0.3971, acc: 0.8203
loss: 0.3841, acc: 0.8338
loss: 0.3985, acc: 0.8398
loss: 0.4083, acc: 0.8393
loss: 0.4008, acc: 0.8401
loss: 0.4186, acc: 0.8291
loss: 0.4213, acc: 0.8294
loss: 0.4374, acc: 0.8197
loss: 0.4390, acc: 0.8210
loss: 0.4520, acc: 0.8159
loss: 0.4497, acc: 0.8147
> val_acc: 0.7429, val_f1: 0.5961
>>>>>>>>>>>>>>>>>>>>>>>>>>>>>>>>>>>>>>>>>>>>>>>>>>>>>>>>>>>>>>>>>>>>>>>>>>>>>>>>>>>>>>>>>>>>>>>>>>>>
epoch: 23
loss: 0.4221, acc: 0.8164
loss: 0.4267, acc: 0.8403
loss: 0.4236, acc: 0.8415
loss: 0.4190, acc: 0.8429
loss: 0.4133, acc: 0.8444
loss: 0.4069, acc: 0.8464
loss: 0.4072, acc: 0.8424
loss: 0.4029, acc: 0.8421
loss: 0.4058, acc: 0.8395
loss: 0.4148, acc: 0.8361
loss: 0.4198, acc: 0.8351
> val_acc: 0.7464, val_f1: 0.5938
>>>>>>>>>>>>>>>>>>>>>>>>>>>>>>>>>>>>>>>>>>>>>>>>>>>>>>>>>>>>>>>>>>>>>>>>>>>>>>>>>>>>>>>>>>>>>>>>>>>>
epoch: 24
loss: 0.3525, acc: 0.8672
loss: 0.4151, acc: 0.8348
loss: 0.4001, acc: 0.8451
loss: 0.3927, acc: 0.8447
loss: 0.3907, acc: 0.8473
loss: 0.3901, acc: 0.8513
loss: 0.3992, acc: 0.8467
loss: 0.3932, acc: 0.8467
loss: 0.3897, acc: 0.8490
loss: 0.3951, acc: 0.8451
loss: 0.3930, acc: 0.8465
loss: 0.3984, acc: 0.8440
> val_acc: 0.7321, val_f1: 0.6046
>>>>>>>>>>>>>>>>>>>>>>>>>>>>>>>>>>>>>>>>>>>>>>>>>>>>>>>>>>>>>>>>>>>>>>>>>>>>>>>>>>>>>>>>>>>>>>>>>>>>
epoch: 25
loss: 0.3551, acc: 0.9000
loss: 0.3790, acc: 0.8703
loss: 0.3891, acc: 0.8594
loss: 0.3820, acc: 0.8562
loss: 0.3870, acc: 0.8506
loss: 0.3890, acc: 0.8479
loss: 0.3922, acc: 0.8446
loss: 0.3937, acc: 0.8441
loss: 0.3952, acc: 0.8424
loss: 0.4000, acc: 0.8400
loss: 0.3984, acc: 0.8426
> val_acc: 0.7339, val_f1: 0.5614
>>>>>>>>>>>>>>>>>>>>>>>>>>>>>>>>>>>>>>>>>>>>>>>>>>>>>>>>>>>>>>>>>>>>>>>>>>>>>>>>>>>>>>>>>>>>>>>>>>>>
epoch: 26
loss: 0.3642, acc: 0.8698
loss: 0.3514, acc: 0.8691
loss: 0.3722, acc: 0.8618
loss: 0.3762, acc: 0.8594
loss: 0.3782, acc: 0.8553
loss: 0.3767, acc: 0.8560
loss: 0.3825, acc: 0.8513
loss: 0.3827, acc: 0.8516
loss: 0.3900, acc: 0.8474
loss: 0.3911, acc: 0.8421
loss: 0.3957, acc: 0.8414
> val_acc: 0.7473, val_f1: 0.6276
>>>>>>>>>>>>>>>>>>>>>>>>>>>>>>>>>>>>>>>>>>>>>>>>>>>>>>>>>>>>>>>>>>>>>>>>>>>>>>>>>>>>>>>>>>>>>>>>>>>>
epoch: 27
loss: 0.5462, acc: 0.7812
loss: 0.4063, acc: 0.8411
loss: 0.3945, acc: 0.8494
loss: 0.3868, acc: 0.8545
loss: 0.3907, acc: 0.8534
loss: 0.3961, acc: 0.8528
loss: 0.3877, acc: 0.8528
loss: 0.3907, acc: 0.8511
loss: 0.3905, acc: 0.8483
loss: 0.3866, acc: 0.8488
loss: 0.3879, acc: 0.8496
loss: 0.3859, acc: 0.8513
> val_acc: 0.7455, val_f1: 0.5958
>>>>>>>>>>>>>>>>>>>>>>>>>>>>>>>>>>>>>>>>>>>>>>>>>>>>>>>>>>>>>>>>>>>>>>>>>>>>>>>>>>>>>>>>>>>>>>>>>>>>
epoch: 28
loss: 0.3486, acc: 0.8633
loss: 0.3582, acc: 0.8576
loss: 0.3639, acc: 0.8594
loss: 0.3511, acc: 0.8668
loss: 0.3508, acc: 0.8665
loss: 0.3608, acc: 0.8615
loss: 0.3612, acc: 0.8626
loss: 0.3693, acc: 0.8598
loss: 0.3714, acc: 0.8572
loss: 0.3742, acc: 0.8549
loss: 0.3744, acc: 0.8582
> val_acc: 0.7330, val_f1: 0.5885
>>>>>>>>>>>>>>>>>>>>>>>>>>>>>>>>>>>>>>>>>>>>>>>>>>>>>>>>>>>>>>>>>>>>>>>>>>>>>>>>>>>>>>>>>>>>>>>>>>>>
epoch: 29
loss: 0.3737, acc: 0.8750
loss: 0.3802, acc: 0.8415
loss: 0.3890, acc: 0.8451
loss: 0.3824, acc: 0.8511
loss: 0.3894, acc: 0.8445
loss: 0.3904, acc: 0.8438
loss: 0.3861, acc: 0.8467
loss: 0.3834, acc: 0.8484
loss: 0.3902, acc: 0.8449
loss: 0.3887, acc: 0.8451
loss: 0.3839, acc: 0.8465
loss: 0.3771, acc: 0.8506
> val_acc: 0.7339, val_f1: 0.5848
>>>>>>>>>>>>>>>>>>>>>>>>>>>>>>>>>>>>>>>>>>>>>>>>>>>>>>>>>>>>>>>>>>>>>>>>>>>>>>>>>>>>>>>>>>>>>>>>>>>>
epoch: 30
loss: 0.3403, acc: 0.8812
loss: 0.3487, acc: 0.8766
loss: 0.3517, acc: 0.8750
loss: 0.3449, acc: 0.8781
loss: 0.3397, acc: 0.8800
loss: 0.3416, acc: 0.8771
loss: 0.3411, acc: 0.8728
loss: 0.3382, acc: 0.8738
loss: 0.3498, acc: 0.8684
loss: 0.3529, acc: 0.8662
loss: 0.3638, acc: 0.8611
> val_acc: 0.7446, val_f1: 0.6183
>>>>>>>>>>>>>>>>>>>>>>>>>>>>>>>>>>>>>>>>>>>>>>>>>>>>>>>>>>>>>>>>>>>>>>>>>>>>>>>>>>>>>>>>>>>>>>>>>>>>
epoch: 31
loss: 0.2815, acc: 0.9010
loss: 0.3275, acc: 0.8730
loss: 0.3338, acc: 0.8714
loss: 0.3433, acc: 0.8698
loss: 0.3463, acc: 0.8709
loss: 0.3470, acc: 0.8683
loss: 0.3527, acc: 0.8660
loss: 0.3509, acc: 0.8668
loss: 0.3456, acc: 0.8695
loss: 0.3507, acc: 0.8662
loss: 0.3542, acc: 0.8635
> val_acc: 0.7295, val_f1: 0.5821
>>>>>>>>>>>>>>>>>>>>>>>>>>>>>>>>>>>>>>>>>>>>>>>>>>>>>>>>>>>>>>>>>>>>>>>>>>>>>>>>>>>>>>>>>>>>>>>>>>>>
epoch: 32
loss: 0.3288, acc: 0.8906
loss: 0.3255, acc: 0.9010
loss: 0.3151, acc: 0.8963
loss: 0.3247, acc: 0.8848
loss: 0.3435, acc: 0.8705
loss: 0.3425, acc: 0.8726
loss: 0.3394, acc: 0.8725
loss: 0.3403, acc: 0.8720
loss: 0.3500, acc: 0.8685
loss: 0.3483, acc: 0.8682
loss: 0.3509, acc: 0.8658
loss: 0.3530, acc: 0.8647
> val_acc: 0.7357, val_f1: 0.6067
>>>>>>>>>>>>>>>>>>>>>>>>>>>>>>>>>>>>>>>>>>>>>>>>>>>>>>>>>>>>>>>>>>>>>>>>>>>>>>>>>>>>>>>>>>>>>>>>>>>>
epoch: 33
loss: 0.3558, acc: 0.8711
loss: 0.3674, acc: 0.8715
loss: 0.3575, acc: 0.8750
loss: 0.3609, acc: 0.8701
loss: 0.3489, acc: 0.8737
loss: 0.3511, acc: 0.8718
loss: 0.3541, acc: 0.8695
loss: 0.3508, acc: 0.8698
loss: 0.3445, acc: 0.8736
loss: 0.3480, acc: 0.8721
loss: 0.3507, acc: 0.8709
> val_acc: 0.7455, val_f1: 0.6050
>>>>>>>>>>>>>>>>>>>>>>>>>>>>>>>>>>>>>>>>>>>>>>>>>>>>>>>>>>>>>>>>>>>>>>>>>>>>>>>>>>>>>>>>>>>>>>>>>>>>
epoch: 34
loss: 0.2728, acc: 0.9062
loss: 0.2557, acc: 0.9152
loss: 0.2956, acc: 0.8958
loss: 0.2959, acc: 0.8943
loss: 0.3003, acc: 0.8913
loss: 0.3124, acc: 0.8848
loss: 0.3301, acc: 0.8755
loss: 0.3446, acc: 0.8687
loss: 0.3504, acc: 0.8657
loss: 0.3483, acc: 0.8677
loss: 0.3500, acc: 0.8651
loss: 0.3492, acc: 0.8653
> val_acc: 0.7232, val_f1: 0.6095
>>>>>>>>>>>>>>>>>>>>>>>>>>>>>>>>>>>>>>>>>>>>>>>>>>>>>>>>>>>>>>>>>>>>>>>>>>>>>>>>>>>>>>>>>>>>>>>>>>>>
epoch: 35
loss: 0.3736, acc: 0.8750
loss: 0.3780, acc: 0.8594
loss: 0.3683, acc: 0.8656
loss: 0.3572, acc: 0.8719
loss: 0.3461, acc: 0.8750
loss: 0.3429, acc: 0.8750
loss: 0.3491, acc: 0.8719
loss: 0.3573, acc: 0.8680
loss: 0.3644, acc: 0.8632
loss: 0.3625, acc: 0.8631
loss: 0.3661, acc: 0.8619
> val_acc: 0.7482, val_f1: 0.6351
>>>>>>>>>>>>>>>>>>>>>>>>>>>>>>>>>>>>>>>>>>>>>>>>>>>>>>>>>>>>>>>>>>>>>>>>>>>>>>>>>>>>>>>>>>>>>>>>>>>>
epoch: 36
loss: 0.3809, acc: 0.8802
loss: 0.3631, acc: 0.8672
loss: 0.3521, acc: 0.8774
loss: 0.3588, acc: 0.8698
loss: 0.3653, acc: 0.8648
loss: 0.3605, acc: 0.8689
loss: 0.3590, acc: 0.8693
loss: 0.3574, acc: 0.8684
loss: 0.3579, acc: 0.8692
loss: 0.3595, acc: 0.8669
loss: 0.3561, acc: 0.8673
> val_acc: 0.7321, val_f1: 0.6022
>>>>>>>>>>>>>>>>>>>>>>>>>>>>>>>>>>>>>>>>>>>>>>>>>>>>>>>>>>>>>>>>>>>>>>>>>>>>>>>>>>>>>>>>>>>>>>>>>>>>
epoch: 37
loss: 0.3234, acc: 0.8906
loss: 0.2821, acc: 0.8932
loss: 0.2709, acc: 0.9119
loss: 0.2800, acc: 0.9053
loss: 0.2835, acc: 0.9040
loss: 0.2976, acc: 0.8972
loss: 0.2984, acc: 0.8977
loss: 0.3019, acc: 0.8950
loss: 0.3028, acc: 0.8933
loss: 0.3078, acc: 0.8920
loss: 0.3162, acc: 0.8863
loss: 0.3203, acc: 0.8828
> val_acc: 0.7348, val_f1: 0.6055
>>>>>>>>>>>>>>>>>>>>>>>>>>>>>>>>>>>>>>>>>>>>>>>>>>>>>>>>>>>>>>>>>>>>>>>>>>>>>>>>>>>>>>>>>>>>>>>>>>>>
epoch: 38
loss: 0.2916, acc: 0.8906
loss: 0.3320, acc: 0.8785
loss: 0.3110, acc: 0.8806
loss: 0.3205, acc: 0.8816
loss: 0.3146, acc: 0.8848
loss: 0.3143, acc: 0.8858
loss: 0.3276, acc: 0.8810
loss: 0.3281, acc: 0.8790
loss: 0.3226, acc: 0.8828
loss: 0.3225, acc: 0.8836
loss: 0.3197, acc: 0.8854
> val_acc: 0.7393, val_f1: 0.5946
>>>>>>>>>>>>>>>>>>>>>>>>>>>>>>>>>>>>>>>>>>>>>>>>>>>>>>>>>>>>>>>>>>>>>>>>>>>>>>>>>>>>>>>>>>>>>>>>>>>>
epoch: 39
loss: 0.3449, acc: 0.8906
loss: 0.3376, acc: 0.8750
loss: 0.3197, acc: 0.8815
loss: 0.3114, acc: 0.8851
loss: 0.3094, acc: 0.8885
loss: 0.3095, acc: 0.8906
loss: 0.3143, acc: 0.8911
loss: 0.3121, acc: 0.8919
loss: 0.3221, acc: 0.8862
loss: 0.3216, acc: 0.8853
loss: 0.3278, acc: 0.8810
loss: 0.3246, acc: 0.8814
> val_acc: 0.7286, val_f1: 0.5803
>>>>>>>>>>>>>>>>>>>>>>>>>>>>>>>>>>>>>>>>>>>>>>>>>>>>>>>>>>>>>>>>>>>>>>>>>>>>>>>>>>>>>>>>>>>>>>>>>>>>
epoch: 40
loss: 0.3037, acc: 0.8906
loss: 0.3238, acc: 0.8875
loss: 0.3289, acc: 0.8771
loss: 0.3197, acc: 0.8812
loss: 0.3246, acc: 0.8819
loss: 0.3159, acc: 0.8859
loss: 0.3153, acc: 0.8857
loss: 0.3169, acc: 0.8828
loss: 0.3171, acc: 0.8826
loss: 0.3236, acc: 0.8788
loss: 0.3299, acc: 0.8781
> val_acc: 0.7286, val_f1: 0.5996
>>>>>>>>>>>>>>>>>>>>>>>>>>>>>>>>>>>>>>>>>>>>>>>>>>>>>>>>>>>>>>>>>>>>>>>>>>>>>>>>>>>>>>>>>>>>>>>>>>>>
epoch: 41
loss: 0.3118, acc: 0.8854
loss: 0.2632, acc: 0.9141
loss: 0.2699, acc: 0.9099
loss: 0.2810, acc: 0.8984
loss: 0.3047, acc: 0.8927
loss: 0.3170, acc: 0.8834
loss: 0.3233, acc: 0.8793
loss: 0.3284, acc: 0.8754
loss: 0.3224, acc: 0.8786
loss: 0.3209, acc: 0.8799
loss: 0.3242, acc: 0.8791
> val_acc: 0.7232, val_f1: 0.5932
>>>>>>>>>>>>>>>>>>>>>>>>>>>>>>>>>>>>>>>>>>>>>>>>>>>>>>>>>>>>>>>>>>>>>>>>>>>>>>>>>>>>>>>>>>>>>>>>>>>>
epoch: 42
loss: 0.2883, acc: 0.9219
loss: 0.2919, acc: 0.8932
loss: 0.2850, acc: 0.8949
loss: 0.3003, acc: 0.8887
loss: 0.2998, acc: 0.8891
loss: 0.3026, acc: 0.8876
loss: 0.2987, acc: 0.8911
loss: 0.2924, acc: 0.8941
loss: 0.2922, acc: 0.8914
loss: 0.2951, acc: 0.8899
loss: 0.2998, acc: 0.8879
loss: 0.3056, acc: 0.8856
> val_acc: 0.7125, val_f1: 0.6171
>>>>>>>>>>>>>>>>>>>>>>>>>>>>>>>>>>>>>>>>>>>>>>>>>>>>>>>>>>>>>>>>>>>>>>>>>>>>>>>>>>>>>>>>>>>>>>>>>>>>
epoch: 43
loss: 0.2620, acc: 0.9023
loss: 0.2719, acc: 0.8993
loss: 0.2684, acc: 0.9007
loss: 0.2676, acc: 0.9030
loss: 0.2850, acc: 0.8958
loss: 0.2847, acc: 0.8971
loss: 0.2896, acc: 0.8961
loss: 0.2921, acc: 0.8930
loss: 0.2974, acc: 0.8896
loss: 0.3050, acc: 0.8868
loss: 0.3149, acc: 0.8825
> val_acc: 0.7241, val_f1: 0.5946
>>>>>>>>>>>>>>>>>>>>>>>>>>>>>>>>>>>>>>>>>>>>>>>>>>>>>>>>>>>>>>>>>>>>>>>>>>>>>>>>>>>>>>>>>>>>>>>>>>>>
epoch: 44
loss: 0.3613, acc: 0.8672
loss: 0.3465, acc: 0.8728
loss: 0.3137, acc: 0.8971
loss: 0.3003, acc: 0.8989
loss: 0.2934, acc: 0.9013
loss: 0.3044, acc: 0.8953
loss: 0.3101, acc: 0.8931
loss: 0.3139, acc: 0.8885
loss: 0.3252, acc: 0.8828
loss: 0.3320, acc: 0.8787
loss: 0.3297, acc: 0.8798
loss: 0.3317, acc: 0.8786
> val_acc: 0.7357, val_f1: 0.6081
>>>>>>>>>>>>>>>>>>>>>>>>>>>>>>>>>>>>>>>>>>>>>>>>>>>>>>>>>>>>>>>>>>>>>>>>>>>>>>>>>>>>>>>>>>>>>>>>>>>>
epoch: 45
loss: 0.2341, acc: 0.9344
loss: 0.2517, acc: 0.9187
loss: 0.2675, acc: 0.9156
loss: 0.2618, acc: 0.9125
loss: 0.2644, acc: 0.9119
loss: 0.2697, acc: 0.9094
loss: 0.2685, acc: 0.9098
loss: 0.2800, acc: 0.9047
loss: 0.2799, acc: 0.9038
loss: 0.2792, acc: 0.9047
loss: 0.2859, acc: 0.9026
> val_acc: 0.7295, val_f1: 0.5850
>>>>>>>>>>>>>>>>>>>>>>>>>>>>>>>>>>>>>>>>>>>>>>>>>>>>>>>>>>>>>>>>>>>>>>>>>>>>>>>>>>>>>>>>>>>>>>>>>>>>
epoch: 46
loss: 0.2775, acc: 0.9062
loss: 0.2645, acc: 0.9121
loss: 0.2680, acc: 0.9026
loss: 0.2681, acc: 0.9054
loss: 0.2650, acc: 0.9049
loss: 0.2638, acc: 0.9090
loss: 0.2647, acc: 0.9067
loss: 0.2635, acc: 0.9062
loss: 0.2635, acc: 0.9073
loss: 0.2674, acc: 0.9062
loss: 0.2702, acc: 0.9048
> val_acc: 0.7339, val_f1: 0.5792
>>>>>>>>>>>>>>>>>>>>>>>>>>>>>>>>>>>>>>>>>>>>>>>>>>>>>>>>>>>>>>>>>>>>>>>>>>>>>>>>>>>>>>>>>>>>>>>>>>>>
epoch: 47
loss: 0.2269, acc: 0.9531
loss: 0.2845, acc: 0.9193
loss: 0.2783, acc: 0.9119
loss: 0.2828, acc: 0.9102
loss: 0.2812, acc: 0.9122
loss: 0.2868, acc: 0.9075
loss: 0.2816, acc: 0.9047
loss: 0.2815, acc: 0.9028
loss: 0.2822, acc: 0.9017
loss: 0.2830, acc: 0.9005
loss: 0.2836, acc: 0.8998
loss: 0.2855, acc: 0.8987
> val_acc: 0.7295, val_f1: 0.5718
>>>>>>>>>>>>>>>>>>>>>>>>>>>>>>>>>>>>>>>>>>>>>>>>>>>>>>>>>>>>>>>>>>>>>>>>>>>>>>>>>>>>>>>>>>>>>>>>>>>>
epoch: 48
loss: 0.2249, acc: 0.9414
loss: 0.2528, acc: 0.9201
loss: 0.2681, acc: 0.9129
loss: 0.2637, acc: 0.9087
loss: 0.2596, acc: 0.9115
loss: 0.2650, acc: 0.9106
loss: 0.2717, acc: 0.9062
loss: 0.2723, acc: 0.9050
loss: 0.2710, acc: 0.9045
loss: 0.2711, acc: 0.9037
loss: 0.2763, acc: 0.9005
> val_acc: 0.7339, val_f1: 0.5788
>>>>>>>>>>>>>>>>>>>>>>>>>>>>>>>>>>>>>>>>>>>>>>>>>>>>>>>>>>>>>>>>>>>>>>>>>>>>>>>>>>>>>>>>>>>>>>>>>>>>
epoch: 49
loss: 0.2173, acc: 0.9375
loss: 0.2419, acc: 0.9174
loss: 0.2476, acc: 0.9167
loss: 0.2433, acc: 0.9219
loss: 0.2518, acc: 0.9169
loss: 0.2528, acc: 0.9184
loss: 0.2597, acc: 0.9170
loss: 0.2586, acc: 0.9164
loss: 0.2577, acc: 0.9152
loss: 0.2579, acc: 0.9149
loss: 0.2609, acc: 0.9135
loss: 0.2600, acc: 0.9130
> val_acc: 0.7339, val_f1: 0.5569
>> test_acc: 0.7536, test_f1: 0.6146
